Name base = V1V2_200_sq_9_3_ni
Iters = 200
Soft coverage = 1.31203964383
Energy = -129.984808899
Hard Covereage = 0.0368019545157
Num epitopes = 65
Initial seq = VKLTPLCVTLQCTNVTNNITD-------------------------------------DMRGELKN----CSFNM-T-TE--LRD-KK-QKV-YSLF-YRLDVVQINENQGNRSNNS------------------------------------------NKEYRLI---NCNTSAI-T---QA
-------START OF DATA------
1.331473, -130.1717, 161, POINT, N, VKLTPLCVTLQCTNVTNNITD-------------------------------------DMRGELKN----CSFNM-T-TE--LRD-KK-QKV-YSLF-YRLDVVQINENQGNRSNNS------------------------------------------NKNYRLI---NCNTSAI-T---QA, 0.0000, 1
1.341339, -130.3418, 93, POINT, N, VKLTPLCVTLQCTNVTNNITD-------------------------------------DMRGELKN----CSFNM-T-TE--LRD-KK-QKV-NSLF-YRLDVVQINENQGNRSNNS------------------------------------------NKNYRLI---NCNTSAI-T---QA, 0.0303, 1
1.390495, -130.2088, [10], CHUNK, ['N'], VKLTPLCVTLNCTNVTNNITD-------------------------------------DMRGELKN----CSFNM-T-TE--LRD-KK-QKV-NSLF-YRLDVVQINENQGNRSNNS------------------------------------------NKNYRLI---NCNTSAI-T---QA, 0.0303, 1
1.398183, -128.6371, 104, POINT, K, VKLTPLCVTLNCTNVTNNITD-------------------------------------DMRGELKN----CSFNM-T-TE--LRD-KK-QKV-NSLF-YRLDVVKINENQGNRSNNS------------------------------------------NKNYRLI---NCNTSAI-T---QA, 0.0303, 1
1.410036, -127.8774, 107, POINT, S, VKLTPLCVTLNCTNVTNNITD-------------------------------------DMRGELKN----CSFNM-T-TE--LRD-KK-QKV-NSLF-YRLDVVKINSNQGNRSNNS------------------------------------------NKNYRLI---NCNTSAI-T---QA, 0.0343, 1
1.423470, -125.5480, 95, POINT, T, VKLTPLCVTLNCTNVTNNITD-------------------------------------DMRGELKN----CSFNM-T-TE--LRD-KK-QKV-NSTF-YRLDVVKINSNQGNRSNNS------------------------------------------NKNYRLI---NCNTSAI-T---QA, 0.0343, 1
1.434888, -126.4583, 107, POINT, N, VKLTPLCVTLNCTNVTNNITD-------------------------------------DMRGELKN----CSFNM-T-TE--LRD-KK-QKV-NSTF-YRLDVVKINNNQGNRSNNS------------------------------------------NKNYRLI---NCNTSAI-T---QA, 0.0343, 1
1.474091, -87.9108, [74, 79], CHUNK, ['I', 'N'], VKLTPLCVTLNCTNVTNNITD-------------------------------------DMRGELKN----CSFNI-T-TN--LRD-KK-QKV-NSTF-YRLDVVKINNNQGNRSNNS------------------------------------------NKNYRLI---NCNTSAI-T---QA, 0.7198, 0
1.455018, -124.9106, 18, POINT, T, VKLTPLCVTLNCTNVTNNTTD-------------------------------------DMRGELKN----CSFNM-T-TE--LRD-KK-QKV-NSTF-YRLDVVKINNNQGNRSNNS------------------------------------------NKNYRLI---NCNTSAI-T---QA, 0.0343, 1
1.472184, -84.9313, [74], CHUNK, ['I'], VKLTPLCVTLNCTNVTNNTTD-------------------------------------DMRGELKN----CSFNI-T-TE--LRD-KK-QKV-NSTF-YRLDVVKINNNQGNRSNNS------------------------------------------NKNYRLI---NCNTSAI-T---QA, 0.5191, 0
1.494027, -124.5830, 109, POINT, N, VKLTPLCVTLNCTNVTNNTTD-------------------------------------DMRGELKN----CSFNM-T-TE--LRD-KK-QKV-NSTF-YRLDVVKINNNNGNRSNNS------------------------------------------NKNYRLI---NCNTSAI-T---QA, 0.0343, 1
1.511192, -94.9957, [74], CHUNK, ['I'], VKLTPLCVTLNCTNVTNNTTD-------------------------------------DMRGELKN----CSFNI-T-TE--LRD-KK-QKV-NSTF-YRLDVVKINNNNGNRSNNS------------------------------------------NKNYRLI---NCNTSAI-T---QA, 0.3648, 0
1.513526, -123.8583, 79, POINT, N, VKLTPLCVTLNCTNVTNNTTD-------------------------------------DMRGELKN----CSFNM-T-TN--LRD-KK-QKV-NSTF-YRLDVVKINNNNGNRSNNS------------------------------------------NKNYRLI---NCNTSAI-T---QA, 0.0343, 0
1.531316, -124.9211, [160, 161, 163], CHUNK, ['T', 'S', 'T'], VKLTPLCVTLNCTNVTNNTTD-------------------------------------DMRGELKN----CSFNM-T-TE--LRD-KK-QKV-NSTF-YRLDVVKINNNNGNRSNNS------------------------------------------NTSYTLI---NCNTSAI-T---QA, 0.0343, 1
1.542791, -122.3201, 98, POINT, N, VKLTPLCVTLNCTNVTNNTTD-------------------------------------DMRGELKN----CSFNM-T-TE--LRD-KK-QKV-NSTF-NRLDVVKINNNNGNRSNNS------------------------------------------NTSYTLI---NCNTSAI-T---QA, 0.0343, 1
1.562291, -121.5954, 79, POINT, N, VKLTPLCVTLNCTNVTNNTTD-------------------------------------DMRGELKN----CSFNM-T-TN--LRD-KK-QKV-NSTF-NRLDVVKINNNNGNRSNNS------------------------------------------NTSYTLI---NCNTSAI-T---QA, 0.0343, 1
1.572490, -122.1043, [98, 99, 102, 104, 105], CHUNK, ['Y', 'K', 'I', 'S', 'T'], VKLTPLCVTLNCTNVTNNTTD-------------------------------------DMRGELKN----CSFNM-T-TN--LRD-KK-QKV-NSTF-YKLDIVSTNNNNGNRSNNS------------------------------------------NTSYTLI---NCNTSAI-T---QA, 0.0343, 0
1.577406, -119.2983, 174, POINT, T, VKLTPLCVTLNCTNVTNNTTD-------------------------------------DMRGELKN----CSFNM-T-TN--LRD-KK-QKV-NSTF-NRLDVVKINNNNGNRSNNS------------------------------------------NTSYTLI---NCNTSTI-T---QA, 0.0350, 1
1.600758, 14.0412, [74, 82], CHUNK, ['V', 'I'], VKLTPLCVTLNCTNVTNNTTD-------------------------------------DMRGELKN----CSFNV-T-TN--IRD-KK-QKV-NSTF-NRLDVVKINNNNGNRSNNS------------------------------------------NTSYTLI---NCNTSTI-T---QA, 0.3625, 0
1.589308, -118.0295, 165, POINT, T, VKLTPLCVTLNCTNVTNNTTD-------------------------------------DMRGELKN----CSFNM-T-TN--LRD-KK-QKV-NSTF-NRLDVVKINNNNGNRSNNS------------------------------------------NTSYTLT---NCNTSTI-T---QA, 0.0505, 0
1.597109, -71.2707, [74], CHUNK, ['I'], VKLTPLCVTLNCTNVTNNTTD-------------------------------------DMRGELKN----CSFNI-T-TN--LRD-KK-QKV-NSTF-NRLDVVKINNNNGNRSNNS------------------------------------------NTSYTLI---NCNTSTI-T---QA, 1.0658, 0
1.579267, -113.3647, 60, POINT, I, VKLTPLCVTLNCTNVTNNTTD-------------------------------------DMIGELKN----CSFNM-T-TN--LRD-KK-QKV-NSTF-NRLDVVKINNNNGNRSNNS------------------------------------------NTSYTLI---NCNTSTI-T---QA, 0.0527, 0
1.565717, -121.0085, 64, POINT, T, VKLTPLCVTLNCTNVTNNTTD-------------------------------------DMRGELTN----CSFNM-T-TN--LRD-KK-QKV-NSTF-NRLDVVKINNNNGNRSNNS------------------------------------------NTSYTLI---NCNTSAI-T---QA, 0.0343, 1
1.570400, -121.5519, 59, POINT, E, VKLTPLCVTLNCTNVTNNTTD-------------------------------------DERGELTN----CSFNM-T-TN--LRD-KK-QKV-NSTF-NRLDVVKINNNNGNRSNNS------------------------------------------NTSYTLI---NCNTSAI-T---QA, 0.0343, 1
1.587901, -98.7906, [74], CHUNK, ['V'], VKLTPLCVTLNCTNVTNNTTD-------------------------------------DERGELTN----CSFNV-T-TN--LRD-KK-QKV-NSTF-NRLDVVKINNNNGNRSNNS------------------------------------------NTSYTLI---NCNTSAI-T---QA, 0.4585, 0
1.593690, -118.4003, 20, POINT, T, VKLTPLCVTLNCTNVTNNTTT-------------------------------------DERGELTN----CSFNM-T-TN--LRD-KK-QKV-NSTF-NRLDVVKINNNNGNRSNNS------------------------------------------NTSYTLI---NCNTSAI-T---QA, 0.0343, 0
1.593690, -118.4003, 20, POINT, T, VKLTPLCVTLNCTNVTNNTTT-------------------------------------DERGELTN----CSFNM-T-TN--LRD-KK-QKV-NSTF-NRLDVVKINNNNGNRSNNS------------------------------------------NTSYTLI---NCNTSAI-T---QA, 0.0343, 1
1.628384, -114.0947, [74], CHUNK, ['T'], VKLTPLCVTLNCTNVTNNTTT-------------------------------------DERGELTN----CSFNT-T-TN--LRD-KK-QKV-NSTF-NRLDVVKINNNNGNRSNNS------------------------------------------NTSYTLI---NCNTSAI-T---QA, 0.0343, 1
1.637702, -112.5066, [87, 89, 91], CHUNK, ['T', 'R', 'E'], VKLTPLCVTLNCTNVTNNTTT-------------------------------------DERGELTN----CSFNT-T-TN--LRD-KT-RKE-NSTF-NRLDVVKINNNNGNRSNNS------------------------------------------NTSYTLI---NCNTSAI-T---QA, 0.0549, 0
1.632701, -113.1003, [60, 63, 64], CHUNK, ['K', 'I', 'K'], VKLTPLCVTLNCTNVTNNTTT-------------------------------------DEKGEIKN----CSFNT-T-TN--LRD-KK-QKV-NSTF-NRLDVVKINNNNGNRSNNS------------------------------------------NTSYTLI---NCNTSAI-T---QA, 0.0455, 0
1.650568, -109.6967, 60, POINT, T, VKLTPLCVTLNCTNVTNNTTT-------------------------------------DETGELTN----CSFNT-T-TN--LRD-KK-QKV-NSTF-NRLDVVKINNNNGNRSNNS------------------------------------------NTSYTLI---NCNTSAI-T---QA, 0.0308, 0
1.630535, -112.5835, 62, POINT, S, VKLTPLCVTLNCTNVTNNTTT-------------------------------------DERGSLTN----CSFNT-T-TN--LRD-KK-QKV-NSTF-NRLDVVKINNNNGNRSNNS------------------------------------------NTSYTLI---NCNTSAI-T---QA, 0.0343, 0
1.612773, -63.6605, [74], CHUNK, ['I'], VKLTPLCVTLNCTNVTNNTTT-------------------------------------DERGELTN----CSFNI-T-TN--LRD-KK-QKV-NSTF-NRLDVVKINNNNGNRSNNS------------------------------------------NTSYTLI---NCNTSAI-T---QA, 0.3811, 0
1.628384, -114.1774, 74, POINT, T, VKLTPLCVTLNCTNVTNNTTT-------------------------------------DERGELTN----CSFNT-T-TN--LRD-KK-QKV-NSTF-NRLDVVKINNNNGNRSNNS------------------------------------------NTSYTLI---NCNTSAI-T---QA, 0.0388, 0
1.612773, -76.5505, [74], CHUNK, ['I'], VKLTPLCVTLNCTNVTNNTTT-------------------------------------DERGELTN----CSFNI-T-TN--LRD-KK-QKV-NSTF-NRLDVVKINNNNGNRSNNS------------------------------------------NTSYTLI---NCNTSAI-T---QA, 0.3803, 0
1.602846, -115.7121, 84, POINT, T, VKLTPLCVTLNCTNVTNNTTT-------------------------------------DERGELTN----CSFNM-T-TN--LRT-KK-QKV-NSTF-NRLDVVKINNNNGNRSNNS------------------------------------------NTSYTLI---NCNTSAI-T---QA, 0.0343, 0
1.589585, -101.7445, 61, POINT, T, VKLTPLCVTLNCTNVTNNTTD-------------------------------------DERTELTN----CSFNM-T-TN--LRD-KK-QKV-NSTF-NRLDVVKINNNNGNRSNNS------------------------------------------NTSYTLI---NCNTSAI-T---QA, 0.0343, 0
1.605095, -117.3589, [74], CHUNK, ['T'], VKLTPLCVTLNCTNVTNNTTD-------------------------------------DERGELTN----CSFNT-T-TN--LRD-KK-QKV-NSTF-NRLDVVKINNNNGNRSNNS------------------------------------------NTSYTLI---NCNTSAI-T---QA, 0.0443, 0
1.577896, -88.7787, 61, POINT, K, VKLTPLCVTLNCTNVTNNTTD-------------------------------------DERKELTN----CSFNM-T-TN--LRD-KK-QKV-NSTF-NRLDVVKINNNNGNRSNNS------------------------------------------NTSYTLI---NCNTSAI-T---QA, 0.0343, 0
1.589585, -101.7445, 61, POINT, T, VKLTPLCVTLNCTNVTNNTTD-------------------------------------DERTELTN----CSFNM-T-TN--LRD-KK-QKV-NSTF-NRLDVVKINNNNGNRSNNS------------------------------------------NTSYTLI---NCNTSAI-T---QA, 0.0343, 1
1.608668, -60.2061, [74], CHUNK, ['I'], VKLTPLCVTLNCTNVTNNTTD-------------------------------------DERTELTN----CSFNI-T-TN--LRD-KK-QKV-NSTF-NRLDVVKINNNNGNRSNNS------------------------------------------NTSYTLI---NCNTSAI-T---QA, 0.4164, 0
1.605486, -100.6625, 62, POINT, T, VKLTPLCVTLNCTNVTNNTTD-------------------------------------DERTTLTN----CSFNM-T-TN--LRD-KK-QKV-NSTF-NRLDVVKINNNNGNRSNNS------------------------------------------NTSYTLI---NCNTSAI-T---QA, 0.0343, 0
1.599628, -102.7262, [98, 99, 102, 103, 104], CHUNK, ['Y', 'T', 'I', 'T', 'Q'], VKLTPLCVTLNCTNVTNNTTD-------------------------------------DERTELTN----CSFNM-T-TN--LRD-KK-QKV-NSTF-YTLDITQINNNNGNRSNNS------------------------------------------NTSYTLI---NCNTSAI-T---QA, 0.0343, 0
1.594566, -99.4217, 99, POINT, K, VKLTPLCVTLNCTNVTNNTTD-------------------------------------DERTELTN----CSFNM-T-TN--LRD-KK-QKV-NSTF-NKLDVVKINNNNGNRSNNS------------------------------------------NTSYTLI---NCNTSAI-T---QA, 0.0343, 0
1.578028, -121.0907, 89, POINT, K, VKLTPLCVTLNCTNVTNNTTD-------------------------------------DERGELTN----CSFNM-T-TN--LRD-KK-KKV-NSTF-NRLDVVKINNNNGNRSNNS------------------------------------------NTSYTLI---NCNTSAI-T---QA, 0.0343, 1
1.597111, -81.3270, [74], CHUNK, ['I'], VKLTPLCVTLNCTNVTNNTTD-------------------------------------DERGELTN----CSFNI-T-TN--LRD-KK-KKV-NSTF-NRLDVVKINNNNGNRSNNS------------------------------------------NTSYTLI---NCNTSAI-T---QA, 0.4719, 0
1.595528, -108.6308, 74, POINT, V, VKLTPLCVTLNCTNVTNNTTD-------------------------------------DERGELTN----CSFNV-T-TN--LRD-KK-KKV-NSTF-NRLDVVKINNNNGNRSNNS------------------------------------------NTSYTLI---NCNTSAI-T---QA, 0.0776, 0
1.602949, -89.3459, [58, 59, 60, 61, 63, 64], CHUNK, ['N', 'N', 'W', 'E', 'M', 'K'], VKLTPLCVTLNCTNVTNNTTD-------------------------------------NNWEEMKN----CSFNM-T-TN--LRD-KK-KKV-NSTF-NRLDVVKINNNNGNRSNNS------------------------------------------NTSYTLI---NCNTSAI-T---QA, 0.1645, 0
1.589428, -121.0787, 90, POINT, T, VKLTPLCVTLNCTNVTNNTTD-------------------------------------DERGELTN----CSFNM-T-TN--LRD-KK-KTV-NSTF-NRLDVVKINNNNGNRSNNS------------------------------------------NTSYTLI---NCNTSAI-T---QA, 0.0359, 0
1.605095, -117.2739, [74], CHUNK, ['T'], VKLTPLCVTLNCTNVTNNTTD-------------------------------------DERGELTN----CSFNT-T-TN--LRD-KK-QKV-NSTF-NRLDVVKINNNNGNRSNNS------------------------------------------NTSYTLI---NCNTSAI-T---QA, 0.0374, 1
1.610095, -32.2981, [82], CHUNK, ['I'], VKLTPLCVTLNCTNVTNNTTD-------------------------------------DERGELTN----CSFNT-T-TN--IRD-KK-QKV-NSTF-NRLDVVKINNNNGNRSNNS------------------------------------------NTSYTLI---NCNTSAI-T---QA, 0.2214, 0
1.614638, -118.2342, 161, POINT, N, VKLTPLCVTLNCTNVTNNTTD-------------------------------------DERGELTN----CSFNT-T-TN--LRD-KK-QKV-NSTF-NRLDVVKINNNNGNRSNNS------------------------------------------NTNYTLI---NCNTSAI-T---QA, 0.0374, 1
1.618945, -118.4012, 63, POINT, I, VKLTPLCVTLNCTNVTNNTTD-------------------------------------DERGEITN----CSFNT-T-TN--LRD-KK-QKV-NSTF-NRLDVVKINNNNGNRSNNS------------------------------------------NTNYTLI---NCNTSAI-T---QA, 0.0372, 0
1.627278, -117.0820, 62, POINT, T, VKLTPLCVTLNCTNVTNNTTD-------------------------------------DERGTLTN----CSFNT-T-TN--LRD-KK-QKV-NSTF-NRLDVVKINNNNGNRSNNS------------------------------------------NTNYTLI---NCNTSAI-T---QA, 0.0374, 1
1.635878, -112.8265, 58, POINT, I, VKLTPLCVTLNCTNVTNNTTD-------------------------------------IERGTLTN----CSFNT-T-TN--LRD-KK-QKV-NSTF-NRLDVVKINNNNGNRSNNS------------------------------------------NTNYTLI---NCNTSAI-T---QA, 0.0374, 0
1.634394, -97.0591, 174, POINT, V, VKLTPLCVTLNCTNVTNNTTD-------------------------------------DERGTLTN----CSFNT-T-TN--LRD-KK-QKV-NSTF-NRLDVVKINNNNGNRSNNS------------------------------------------NTNYTLI---NCNTSVI-T---QA, 0.2659, 0
1.642393, -114.5762, [174], CHUNK, ['T'], VKLTPLCVTLNCTNVTNNTTD-------------------------------------DERGTLTN----CSFNT-T-TN--LRD-KK-QKV-NSTF-NRLDVVKINNNNGNRSNNS------------------------------------------NTNYTLI---NCNTSTI-T---QA, 0.0374, 0
1.644173, -114.7997, 99, POINT, N, VKLTPLCVTLNCTNVTNNTTD-------------------------------------DERGTLTN----CSFNT-T-TN--LRD-KK-QKV-NSTF-NNLDVVKINNNNGNRSNNS------------------------------------------NTNYTLI---NCNTSAI-T---QA, 0.0741, 0
1.637072, -113.5057, 60, POINT, T, VKLTPLCVTLNCTNVTNNTTD-------------------------------------DETGELTN----CSFNT-T-TN--LRD-KK-QKV-NSTF-NRLDVVKINNNNGNRSNNS------------------------------------------NTNYTLI---NCNTSAI-T---QA, 0.0374, 0
1.622008, -108.0582, [174, 175], CHUNK, ['T', 'L'], VKLTPLCVTLNCTNVTNNTTD-------------------------------------DERGELTN----CSFNT-T-TN--LRD-KK-QKV-NSTF-NRLDVVKINNNNGNRSNNS------------------------------------------NTNYTLI---NCNTSTL-T---QA, 0.1369, 0
1.634717, -115.6734, 58, POINT, T, VKLTPLCVTLNCTNVTNNTTD-------------------------------------TERGELTN----CSFNT-T-TN--LRD-KK-QKV-NSTF-NRLDVVKINNNNGNRSNNS------------------------------------------NTNYTLI---NCNTSAI-T---QA, 0.0374, 0
1.629753, -115.7283, [174], CHUNK, ['T'], VKLTPLCVTLNCTNVTNNTTD-------------------------------------DERGELTN----CSFNT-T-TN--LRD-KK-QKV-NSTF-NRLDVVKINNNNGNRSNNS------------------------------------------NTNYTLI---NCNTSTI-T---QA, 0.0374, 1
1.643378, -12.8753, [82, 83, 87], CHUNK, ['I', 'N', 'R'], VKLTPLCVTLNCTNVTNNTTD-------------------------------------DERGELTN----CSFNT-T-TN--IND-KR-QKV-NSTF-NRLDVVKINNNNGNRSNNS------------------------------------------NTNYTLI---NCNTSTI-T---QA, 0.2342, 0
1.656955, -116.1065, 58, POINT, N, VKLTPLCVTLNCTNVTNNTTD-------------------------------------NERGELTN----CSFNT-T-TN--LRD-KK-QKV-NSTF-NRLDVVKINNNNGNRSNNS------------------------------------------NTNYTLI---NCNTSTI-T---QA, 0.0374, 0
1.639910, -115.5587, [63, 64], CHUNK, ['T', 'K'], VKLTPLCVTLNCTNVTNNTTD-------------------------------------DERGETKN----CSFNT-T-TN--LRD-KK-QKV-NSTF-NRLDVVKINNNNGNRSNNS------------------------------------------NTNYTLI---NCNTSTI-T---QA, 0.0690, 1
1.662885, -112.7245, 20, POINT, T, VKLTPLCVTLNCTNVTNNTTT-------------------------------------DERGETKN----CSFNT-T-TN--LRD-KK-QKV-NSTF-NRLDVVKINNNNGNRSNNS------------------------------------------NTNYTLI---NCNTSTI-T---QA, 0.0669, 0
1.641254, -109.1607, [87, 91], CHUNK, ['L', 'E'], VKLTPLCVTLNCTNVTNNTTD-------------------------------------DERGETKN----CSFNT-T-TN--LRD-KL-QKE-NSTF-NRLDVVKINNNNGNRSNNS------------------------------------------NTNYTLI---NCNTSTI-T---QA, 0.0798, 0
1.651603, -88.4127, [14, 15, 17, 18, 20], CHUNK, ['Y', 'N', 'T', 'N', 'T'], VKLTPLCVTLNCTNYNNTNTT-------------------------------------DERGETKN----CSFNT-T-TN--LRD-KK-QKV-NSTF-NRLDVVKINNNNGNRSNNS------------------------------------------NTNYTLI---NCNTSTI-T---QA, 0.4383, 0
1.644910, -58.8398, [82], CHUNK, ['I'], VKLTPLCVTLNCTNVTNNTTD-------------------------------------DERGETKN----CSFNT-T-TN--IRD-KK-QKV-NSTF-NRLDVVKINNNNGNRSNNS------------------------------------------NTNYTLI---NCNTSTI-T---QA, 0.3279, 0
1.658163, -45.1096, [82, 87, 90], CHUNK, ['I', 'T', 'T'], VKLTPLCVTLNCTNVTNNTTD-------------------------------------DERGELTN----CSFNT-T-TN--IRD-KT-QTV-NSTF-NRLDVVKINNNNGNRSNNS------------------------------------------NTNYTLI---NCNTSTI-T---QA, 0.1635, 0
1.634753, -10.9685, [82], CHUNK, ['I'], VKLTPLCVTLNCTNVTNNTTD-------------------------------------DERGELTN----CSFNT-T-TN--IRD-KK-QKV-NSTF-NRLDVVKINNNNGNRSNNS------------------------------------------NTNYTLI---NCNTSTI-T---QA, 0.3034, 0
1.636308, -115.8675, 104, POINT, L, VKLTPLCVTLNCTNVTNNTTD-------------------------------------DERGELTN----CSFNT-T-TN--LRD-KK-QKV-NSTF-NRLDVVLINNNNGNRSNNS------------------------------------------NTNYTLI---NCNTSTI-T---QA, 0.0374, 0
1.640110, -116.4601, 84, POINT, N, VKLTPLCVTLNCTNVTNNTTD-------------------------------------DERGELTN----CSFNT-T-TN--LRN-KK-QKV-NSTF-NRLDVVKINNNNGNRSNNS------------------------------------------NTNYTLI---NCNTSTI-T---QA, 0.0566, 0
1.621754, -100.0699, [174], CHUNK, ['V'], VKLTPLCVTLNCTNVTNNTTD-------------------------------------DERGELTN----CSFNT-T-TN--LRD-KK-QKV-NSTF-NRLDVVKINNNNGNRSNNS------------------------------------------NTNYTLI---NCNTSVI-T---QA, 0.3328, 0
1.619638, 0.7994, 82, POINT, I, VKLTPLCVTLNCTNVTNNTTD-------------------------------------DERGELTN----CSFNT-T-TN--IRD-KK-QKV-NSTF-NRLDVVKINNNNGNRSNNS------------------------------------------NTNYTLI---NCNTSAI-T---QA, 0.1882, 0
1.620607, -115.9804, 60, POINT, K, VKLTPLCVTLNCTNVTNNTTD-------------------------------------DEKGELTN----CSFNT-T-TN--LRD-KK-QKV-NSTF-NRLDVVKINNNNGNRSNNS------------------------------------------NTNYTLI---NCNTSAI-T---QA, 0.0374, 0
1.627331, -118.8171, [18, 20], CHUNK, ['S', 'N'], VKLTPLCVTLNCTNVTNNSTN-------------------------------------DERGELTN----CSFNT-T-TN--LRD-KK-QKV-NSTF-NRLDVVKINNNNGNRSNNS------------------------------------------NTNYTLI---NCNTSAI-T---QA, 0.0374, 0
1.620210, -114.7681, [174], CHUNK, ['T'], VKLTPLCVTLNCTNVTNNTTD-------------------------------------DERGELTN----CSFNT-T-TN--LRD-KK-QKV-NSTF-NRLDVVKINNNNGNRSNNS------------------------------------------NTSYTLI---NCNTSTI-T---QA, 0.0374, 0
1.628384, -114.1799, 20, POINT, T, VKLTPLCVTLNCTNVTNNTTT-------------------------------------DERGELTN----CSFNT-T-TN--LRD-KK-QKV-NSTF-NRLDVVKINNNNGNRSNNS------------------------------------------NTSYTLI---NCNTSAI-T---QA, 0.0420, 0
1.617022, -115.0101, 165, POINT, T, VKLTPLCVTLNCTNVTNNTTD-------------------------------------DERGELTN----CSFNT-T-TN--LRD-KK-QKV-NSTF-NRLDVVKINNNNGNRSNNS------------------------------------------NTSYTLT---NCNTSAI-T---QA, 0.0374, 0
1.616908, 13.0183, [82, 87, 89], CHUNK, ['I', 'I', 'K'], VKLTPLCVTLNCTNVTNNTTD-------------------------------------DERGELTN----CSFNT-T-TN--IRD-KI-KKV-NSTF-NRLDVVKINNNNGNRSNNS------------------------------------------NTSYTLI---NCNTSAI-T---QA, 0.3401, 0
1.603504, -123.1008, 110, POINT, N, VKLTPLCVTLNCTNVTNNTTD-------------------------------------DERGELTN----CSFNM-T-TN--LRD-KK-QKV-NSTF-NRLDVVKINNNNNNRSNNS------------------------------------------NTSYTLI---NCNTSAI-T---QA, 0.0343, 1
1.611797, -119.2745, 72, POINT, S, VKLTPLCVTLNCTNVTNNTTD-------------------------------------DERGELTN----CSSNM-T-TN--LRD-KK-QKV-NSTF-NRLDVVKINNNNNNRSNNS------------------------------------------NTSYTLI---NCNTSAI-T---QA, 0.0343, 1
1.628020, -5.8319, [82, 83, 84, 87], CHUNK, ['I', 'K', 'T', 'V'], VKLTPLCVTLNCTNVTNNTTD-------------------------------------DERGELTN----CSSNM-T-TN--IKT-KV-QKV-NSTF-NRLDVVKINNNNNNRSNNS------------------------------------------NTSYTLI---NCNTSAI-T---QA, 0.2419, 0
1.618493, -119.0950, 71, POINT, T, VKLTPLCVTLNCTNVTNNTTD-------------------------------------DERGELTN----CTSNM-T-TN--LRD-KK-QKV-NSTF-NRLDVVKINNNNNNRSNNS------------------------------------------NTSYTLI---NCNTSAI-T---QA, 0.0343, 1
1.641782, -114.4010, 60, POINT, T, VKLTPLCVTLNCTNVTNNTTD-------------------------------------DETGELTN----CTSNM-T-TN--LRD-KK-QKV-NSTF-NRLDVVKINNNNNNRSNNS------------------------------------------NTSYTLI---NCNTSAI-T---QA, 0.0343, 0
1.638198, -117.7085, [71, 72, 74], CHUNK, ['S', 'F', 'T'], VKLTPLCVTLNCTNVTNNTTD-------------------------------------DERGELTN----CSFNT-T-TN--LRD-KK-QKV-NSTF-NRLDVVKINNNNNNRSNNS------------------------------------------NTSYTLI---NCNTSAI-T---QA, 0.0541, 0
1.638572, -116.4464, 58, POINT, T, VKLTPLCVTLNCTNVTNNTTD-------------------------------------TERGELTN----CTSNM-T-TN--LRD-KK-QKV-NSTF-NRLDVVKINNNNNNRSNNS------------------------------------------NTSYTLI---NCNTSAI-T---QA, 0.0343, 1
1.658922, -106.2125, [74], CHUNK, ['I'], VKLTPLCVTLNCTNVTNNTTD-------------------------------------TERGELTN----CTSNI-T-TN--LRD-KK-QKV-NSTF-NRLDVVKINNNNNNRSNNS------------------------------------------NTSYTLI---NCNTSAI-T---QA, 0.1662, 1
1.666037, -97.8689, [174], CHUNK, ['V'], VKLTPLCVTLNCTNVTNNTTD-------------------------------------TERGELTN----CTSNI-T-TN--LRD-KK-QKV-NSTF-NRLDVVKINNNNNNRSNNS------------------------------------------NTSYTLI---NCNTSVI-T---QA, 0.4844, 0
1.676174, 15.9052, [82, 87], CHUNK, ['I', 'T'], VKLTPLCVTLNCTNVTNNTTD-------------------------------------TERGELTN----CTSNI-T-TN--IRD-KT-QKV-NSTF-NRLDVVKINNNNNNRSNNS------------------------------------------NTSYTLI---NCNTSAI-T---QA, 0.1977, 0
1.676279, -105.7461, 100, POINT, T, VKLTPLCVTLNCTNVTNNTTD-------------------------------------TERGELTN----CTSNI-T-TN--LRD-KK-QKV-NSTF-NRTDVVKINNNNNNRSNNS------------------------------------------NTSYTLI---NCNTSAI-T---QA, 0.1919, 0
1.685722, -104.9139, 14, POINT, N, VKLTPLCVTLNCTNNTNNTTD-------------------------------------TERGELTN----CTSNI-T-TN--LRD-KK-QKV-NSTF-NRLDVVKINNNNNNRSNNS------------------------------------------NTSYTLI---NCNTSAI-T---QA, 0.2468, 0
1.650480, -63.6136, [82, 83, 84, 87], CHUNK, ['T', 'G', 'N', 'P'], VKLTPLCVTLNCTNVTNNTTD-------------------------------------TERGELTN----CTSNM-T-TN--TGN-KP-QKV-NSTF-NRLDVVKINNNNNNRSNNS------------------------------------------NTSYTLI---NCNTSAI-T---QA, 0.0343, 0
1.665739, -117.1725, 20, POINT, N, VKLTPLCVTLNCTNVTNNTTN-------------------------------------TERGELTN----CTSNM-T-TN--LRD-KK-QKV-NSTF-NRLDVVKINNNNNNRSNNS------------------------------------------NTSYTLI---NCNTSAI-T---QA, 0.0586, 0
1.661146, -116.8561, 83, POINT, T, VKLTPLCVTLNCTNVTNNTTD-------------------------------------TERGELTN----CTSNM-T-TN--LTD-KK-QKV-NSTF-NRLDVVKINNNNNNRSNNS------------------------------------------NTSYTLI---NCNTSAI-T---QA, 0.0405, 0
1.644975, -116.0103, 63, POINT, I, VKLTPLCVTLNCTNVTNNTTD-------------------------------------TERGEITN----CTSNM-T-TN--LRD-KK-QKV-NSTF-NRLDVVKINNNNNNRSNNS------------------------------------------NTSYTLI---NCNTSAI-T---QA, 0.0343, 0
1.633608, -117.1841, [174], CHUNK, ['T'], VKLTPLCVTLNCTNVTNNTTD-------------------------------------DERGELTN----CTSNM-T-TN--LRD-KK-QKV-NSTF-NRLDVVKINNNNNNRSNNS------------------------------------------NTSYTLI---NCNTSTI-T---QA, 0.0487, 0
1.624053, -115.6918, [58, 59, 60, 63, 64], CHUNK, ['S', 'L', 'K', 'M', 'K'], VKLTPLCVTLNCTNVTNNTTD-------------------------------------SLKGEMKN----CTSNM-T-TN--LRD-KK-QKV-NSTF-NRLDVVKINNNNNNRSNNS------------------------------------------NTSYTLI---NCNTSAI-T---QA, 0.0785, 0
1.634222, -114.3785, 82, POINT, T, VKLTPLCVTLNCTNVTNNTTD-------------------------------------DERGELTN----CTSNM-T-TN--TRD-KK-QKV-NSTF-NRLDVVKINNNNNNRSNNS------------------------------------------NTSYTLI---NCNTSAI-T---QA, 0.0343, 0
1.633608, -116.4999, [174], CHUNK, ['T'], VKLTPLCVTLNCTNVTNNTTD-------------------------------------DERGELTN----CTSNM-T-TN--LRD-KK-QKV-NSTF-NRLDVVKINNNNNNRSNNS------------------------------------------NTSYTLI---NCNTSTI-T---QA, 0.0343, 0
1.618913, -97.7847, [174], CHUNK, ['V'], VKLTPLCVTLNCTNVTNNTTD-------------------------------------DERGELTN----CSSNM-T-TN--LRD-KK-QKV-NSTF-NRLDVVKINNNNNNRSNNS------------------------------------------NTSYTLI---NCNTSVI-T---QA, 0.3849, 0
1.637884, -117.0573, 14, POINT, N, VKLTPLCVTLNCTNNTNNTTD-------------------------------------DERGELTN----CSSNM-T-TN--LRD-KK-QKV-NSTF-NRLDVVKINNNNNNRSNNS------------------------------------------NTSYTLI---NCNTSAI-T---QA, 0.0343, 0
1.626912, -116.6794, [174], CHUNK, ['T'], VKLTPLCVTLNCTNVTNNTTD-------------------------------------DERGELTN----CSSNM-T-TN--LRD-KK-QKV-NSTF-NRLDVVKINNNNNNRSNNS------------------------------------------NTSYTLI---NCNTSTI-T---QA, 0.0343, 0
1.624970, -16.4116, [82, 89], CHUNK, ['I', 'K'], VKLTPLCVTLNCTNVTNNTTD-------------------------------------DERGELTN----CSSNM-T-TN--IRD-KK-KKV-NSTF-NRLDVVKINNNNNNRSNNS------------------------------------------NTSYTLI---NCNTSAI-T---QA, 0.1185, 0
1.638198, -118.7953, 74, POINT, T, VKLTPLCVTLNCTNVTNNTTD-------------------------------------DERGELTN----CSFNT-T-TN--LRD-KK-QKV-NSTF-NRLDVVKINNNNNNRSNNS------------------------------------------NTSYTLI---NCNTSAI-T---QA, 0.0343, 0
1.638198, -118.7953, [74], CHUNK, ['T'], VKLTPLCVTLNCTNVTNNTTD-------------------------------------DERGELTN----CSFNT-T-TN--LRD-KK-QKV-NSTF-NRLDVVKINNNNNNRSNNS------------------------------------------NTSYTLI---NCNTSAI-T---QA, 0.0343, 0
1.613001, -99.7650, [72, 74], CHUNK, ['Y', 'V'], VKLTPLCVTLNCTNVTNNTTD-------------------------------------DERGELTN----CSYNV-T-TN--LRD-KK-QKV-NSTF-NRLDVVKINNNNNNRSNNS------------------------------------------NTSYTLI---NCNTSAI-T---QA, 0.4510, 0
1.630706, -123.4397, 58, POINT, N, VKLTPLCVTLNCTNVTNNTTD-------------------------------------NERGELTN----CSFNM-T-TN--LRD-KK-QKV-NSTF-NRLDVVKINNNNNNRSNNS------------------------------------------NTSYTLI---NCNTSAI-T---QA, 0.0343, 0
