Name base = V1V2_200_exp_3_10_ni
Iters = 200
Soft coverage = 0.284621885725
Energy = -128.717377515
Hard Covereage = 0.0368019545157
Num epitopes = 65
Initial seq = VKLTPLCVTLQCTNVTNNITD-------------------------------------DMRGELKN----CSFNM-T-TE--LRD-KK-QKV-YSLF-YRLDVVQINENQGNRSNNS------------------------------------------NKEYRLI---NCNTSAI-T---QA
-------START OF DATA------
0.289705, -130.8811, 160, POINT, T, VKLTPLCVTLQCTNVTNNITD-------------------------------------DMRGELKN----CSFNM-T-TE--LRD-KK-QKV-YSLF-YRLDVVQINENQGNRSNNS------------------------------------------NTEYRLI---NCNTSAI-T---QA, 0.0631, 1
0.313371, -130.7959, [10], CHUNK, ['N'], VKLTPLCVTLNCTNVTNNITD-------------------------------------DMRGELKN----CSFNM-T-TE--LRD-KK-QKV-YSLF-YRLDVVQINENQGNRSNNS------------------------------------------NTEYRLI---NCNTSAI-T---QA, 0.0631, 1
0.321753, -130.9722, 94, POINT, A, VKLTPLCVTLNCTNVTNNITD-------------------------------------DMRGELKN----CSFNM-T-TE--LRD-KK-QKV-YALF-YRLDVVQINENQGNRSNNS------------------------------------------NTEYRLI---NCNTSAI-T---QA, 0.0631, 1
0.323928, -128.7812, 18, POINT, N, VKLTPLCVTLNCTNVTNNNTD-------------------------------------DMRGELKN----CSFNM-T-TE--LRD-KK-QKV-YALF-YRLDVVQINENQGNRSNNS------------------------------------------NTEYRLI---NCNTSAI-T---QA, 0.0712, 1
0.326225, -126.6940, 63, POINT, M, VKLTPLCVTLNCTNVTNNNTD-------------------------------------DMRGEMKN----CSFNM-T-TE--LRD-KK-QKV-YALF-YRLDVVQINENQGNRSNNS------------------------------------------NTEYRLI---NCNTSAI-T---QA, 0.0731, 1
0.333029, -124.9347, 99, POINT, K, VKLTPLCVTLNCTNVTNNNTD-------------------------------------DMRGEMKN----CSFNM-T-TE--LRD-KK-QKV-YALF-YKLDVVQINENQGNRSNNS------------------------------------------NTEYRLI---NCNTSAI-T---QA, 0.0707, 0
0.336660, -84.0491, [74], CHUNK, ['I'], VKLTPLCVTLNCTNVTNNNTD-------------------------------------DMRGEMKN----CSFNI-T-TE--LRD-KK-QKV-YALF-YRLDVVQINENQGNRSNNS------------------------------------------NTEYRLI---NCNTSAI-T---QA, 0.7501, 0
0.333507, -109.9816, 174, POINT, V, VKLTPLCVTLNCTNVTNNNTD-------------------------------------DMRGEMKN----CSFNM-T-TE--LRD-KK-QKV-YALF-YRLDVVQINENQGNRSNNS------------------------------------------NTEYRLI---NCNTSVI-T---QA, 0.1827, 1
0.343942, -58.8976, [74], CHUNK, ['I'], VKLTPLCVTLNCTNVTNNNTD-------------------------------------DMRGEMKN----CSFNI-T-TE--LRD-KK-QKV-YALF-YRLDVVQINENQGNRSNNS------------------------------------------NTEYRLI---NCNTSVI-T---QA, 0.4455, 0
0.343942, -73.2328, [74], CHUNK, ['I'], VKLTPLCVTLNCTNVTNNNTD-------------------------------------DMRGEMKN----CSFNI-T-TE--LRD-KK-QKV-YALF-YRLDVVQINENQGNRSNNS------------------------------------------NTEYRLI---NCNTSVI-T---QA, 0.5454, 0
0.343942, -77.4393, [74], CHUNK, ['I'], VKLTPLCVTLNCTNVTNNNTD-------------------------------------DMRGEMKN----CSFNI-T-TE--LRD-KK-QKV-YALF-YRLDVVQINENQGNRSNNS------------------------------------------NTEYRLI---NCNTSVI-T---QA, 0.5278, 0
0.340311, -108.3054, [99], CHUNK, ['K'], VKLTPLCVTLNCTNVTNNNTD-------------------------------------DMRGEMKN----CSFNM-T-TE--LRD-KK-QKV-YALF-YKLDVVQINENQGNRSNNS------------------------------------------NTEYRLI---NCNTSVI-T---QA, 0.1819, 0
0.336660, -79.8651, [74], CHUNK, ['I'], VKLTPLCVTLNCTNVTNNNTD-------------------------------------DMRGEMKN----CSFNI-T-TE--LRD-KK-QKV-YALF-YRLDVVQINENQGNRSNNS------------------------------------------NTEYRLI---NCNTSAI-T---QA, 0.2876, 0
0.333029, -124.8367, 99, POINT, K, VKLTPLCVTLNCTNVTNNNTD-------------------------------------DMRGEMKN----CSFNM-T-TE--LRD-KK-QKV-YALF-YKLDVVQINENQGNRSNNS------------------------------------------NTEYRLI---NCNTSAI-T---QA, 0.0731, 0
0.336660, -89.9884, [74], CHUNK, ['I'], VKLTPLCVTLNCTNVTNNNTD-------------------------------------DMRGEMKN----CSFNI-T-TE--LRD-KK-QKV-YALF-YRLDVVQINENQGNRSNNS------------------------------------------NTEYRLI---NCNTSAI-T---QA, 0.3438, 0
0.336660, -78.0983, [74], CHUNK, ['I'], VKLTPLCVTLNCTNVTNNNTD-------------------------------------DMRGEMKN----CSFNI-T-TE--LRD-KK-QKV-YALF-YRLDVVQINENQGNRSNNS------------------------------------------NTEYRLI---NCNTSAI-T---QA, 0.4112, 0
0.326622, -128.2093, 112, POINT, S, VKLTPLCVTLNCTNVTNNNTD-------------------------------------DMRGELKN----CSFNM-T-TE--LRD-KK-QKV-YALF-YRLDVVQINENQGNSSNNS------------------------------------------NTEYRLI---NCNTSAI-T---QA, 0.0712, 1
0.335703, -123.9294, [60, 63], CHUNK, ['K', 'I'], VKLTPLCVTLNCTNVTNNNTD-------------------------------------DMKGEIKN----CSFNM-T-TE--LRD-KK-QKV-YALF-YRLDVVQINENQGNSSNNS------------------------------------------NTEYRLI---NCNTSAI-T---QA, 0.0700, 1
0.347096, -74.6938, 74, POINT, I, VKLTPLCVTLNCTNVTNNNTD-------------------------------------DMKGEIKN----CSFNI-T-TE--LRD-KK-QKV-YALF-YRLDVVQINENQGNSSNNS------------------------------------------NTEYRLI---NCNTSAI-T---QA, 0.2116, 0
0.342571, -123.5691, [161], CHUNK, ['S'], VKLTPLCVTLNCTNVTNNNTD-------------------------------------DMKGEIKN----CSFNM-T-TE--LRD-KK-QKV-YALF-YRLDVVQINENQGNSSNNS------------------------------------------NTSYRLI---NCNTSAI-T---QA, 0.0861, 1
0.355433, -120.3675, [91, 99], CHUNK, ['E', 'K'], VKLTPLCVTLNCTNVTNNNTD-------------------------------------DMKGEIKN----CSFNM-T-TE--LRD-KK-QKE-YALF-YKLDVVQINENQGNSSNNS------------------------------------------NTSYRLI---NCNTSAI-T---QA, 0.0861, 1
0.366825, -113.9944, 74, POINT, I, VKLTPLCVTLNCTNVTNNNTD-------------------------------------DMKGEIKN----CSFNI-T-TE--LRD-KK-QKE-YALF-YKLDVVQINENQGNSSNNS------------------------------------------NTSYRLI---NCNTSAI-T---QA, 0.0905, 0
0.356916, -120.7562, 59, POINT, E, VKLTPLCVTLNCTNVTNNNTD-------------------------------------DEKGEIKN----CSFNM-T-TE--LRD-KK-QKE-YALF-YKLDVVQINENQGNSSNNS------------------------------------------NTSYRLI---NCNTSAI-T---QA, 0.0861, 0
0.355944, -117.4242, 60, POINT, T, VKLTPLCVTLNCTNVTNNNTD-------------------------------------DMTGEIKN----CSFNM-T-TE--LRD-KK-QKE-YALF-YKLDVVQINENQGNSSNNS------------------------------------------NTSYRLI---NCNTSAI-T---QA, 0.0861, 0
0.358202, -0.5940, [79, 82], CHUNK, ['N', 'I'], VKLTPLCVTLNCTNVTNNNTD-------------------------------------DMKGEIKN----CSFNM-T-TN--IRD-KK-QKE-YALF-YKLDVVQINENQGNSSNNS------------------------------------------NTSYRLI---NCNTSAI-T---QA, 0.1965, 0
0.346177, -120.3137, 20, POINT, T, VKLTPLCVTLNCTNVTNNNTT-------------------------------------DMKGEIKN----CSFNM-T-TE--LRD-KK-QKV-YALF-YRLDVVQINENQGNSSNNS------------------------------------------NTSYRLI---NCNTSAI-T---QA, 0.0861, 0
0.353812, -122.3892, [99, 104], CHUNK, ['K', 'P'], VKLTPLCVTLNCTNVTNNNTD-------------------------------------DMKGEIKN----CSFNM-T-TE--LRD-KK-QKV-YALF-YKLDVVPINENQGNSSNNS------------------------------------------NTSYRLI---NCNTSAI-T---QA, 0.0948, 0
0.347215, -105.9319, 74, POINT, V, VKLTPLCVTLNCTNVTNNNTD-------------------------------------DMKGEIKN----CSFNV-T-TE--LRD-KK-QKV-YALF-YRLDVVQINENQGNSSNNS------------------------------------------NTSYRLI---NCNTSAI-T---QA, 0.1974, 0
0.349853, -103.7459, [174], CHUNK, ['V'], VKLTPLCVTLNCTNVTNNNTD-------------------------------------DMKGEIKN----CSFNM-T-TE--LRD-KK-QKV-YALF-YRLDVVQINENQGNSSNNS------------------------------------------NTSYRLI---NCNTSVI-T---QA, 0.3047, 0
0.339125, -124.3490, 58, POINT, N, VKLTPLCVTLNCTNVTNNNTD-------------------------------------NMKGEIKN----CSFNM-T-TE--LRD-KK-QKV-YALF-YRLDVVQINENQGNSSNNS------------------------------------------NTEYRLI---NCNTSAI-T---QA, 0.0700, 0
0.347096, -82.3922, [74], CHUNK, ['I'], VKLTPLCVTLNCTNVTNNNTD-------------------------------------DMKGEIKN----CSFNI-T-TE--LRD-KK-QKV-YALF-YRLDVVQINENQGNSSNNS------------------------------------------NTEYRLI---NCNTSAI-T---QA, 0.6182, 0
0.337872, -121.2942, 174, POINT, T, VKLTPLCVTLNCTNVTNNNTD-------------------------------------DMKGEIKN----CSFNM-T-TE--LRD-KK-QKV-YALF-YRLDVVQINENQGNSSNNS------------------------------------------NTEYRLI---NCNTSTI-T---QA, 0.0700, 1
0.347480, -80.7194, [74, 79], CHUNK, ['I', 'S'], VKLTPLCVTLNCTNVTNNNTD-------------------------------------DMKGEIKN----CSFNI-T-TS--LRD-KK-QKV-YALF-YRLDVVQINENQGNSSNNS------------------------------------------NTEYRLI---NCNTSTI-T---QA, 0.3602, 0
0.349265, -93.9968, [74], CHUNK, ['I'], VKLTPLCVTLNCTNVTNNNTD-------------------------------------DMKGEIKN----CSFNI-T-TE--LRD-KK-QKV-YALF-YRLDVVQINENQGNSSNNS------------------------------------------NTEYRLI---NCNTSTI-T---QA, 0.3613, 0
0.342842, -119.8191, 91, POINT, E, VKLTPLCVTLNCTNVTNNNTD-------------------------------------DMKGEIKN----CSFNM-T-TE--LRD-KK-QKE-YALF-YRLDVVQINENQGNSSNNS------------------------------------------NTEYRLI---NCNTSTI-T---QA, 0.0699, 1
0.354235, -112.9340, [74], CHUNK, ['I'], VKLTPLCVTLNCTNVTNNNTD-------------------------------------DMKGEIKN----CSFNI-T-TE--LRD-KK-QKE-YALF-YRLDVVQINENQGNSSNNS------------------------------------------NTEYRLI---NCNTSTI-T---QA, 0.1514, 0
0.349710, -120.2052, [161], CHUNK, ['S'], VKLTPLCVTLNCTNVTNNNTD-------------------------------------DMKGEIKN----CSFNM-T-TE--LRD-KK-QKE-YALF-YRLDVVQINENQGNSSNNS------------------------------------------NTSYRLI---NCNTSTI-T---QA, 0.0705, 1
0.350369, -119.6840, 58, POINT, E, VKLTPLCVTLNCTNVTNNNTD-------------------------------------EMKGEIKN----CSFNM-T-TE--LRD-KK-QKE-YALF-YRLDVVQINENQGNSSNNS------------------------------------------NTSYRLI---NCNTSTI-T---QA, 0.0705, 0
0.350200, -120.8720, 59, POINT, D, VKLTPLCVTLNCTNVTNNNTD-------------------------------------DDKGEIKN----CSFNM-T-TE--LRD-KK-QKE-YALF-YRLDVVQINENQGNSSNNS------------------------------------------NTSYRLI---NCNTSTI-T---QA, 0.0730, 1
0.361593, -111.9167, [74], CHUNK, ['I'], VKLTPLCVTLNCTNVTNNNTD-------------------------------------DDKGEIKN----CSFNI-T-TE--LRD-KK-QKE-YALF-YRLDVVQINENQGNSSNNS------------------------------------------NTSYRLI---NCNTSTI-T---QA, 0.1405, 0
0.355619, -119.4220, [99, 102], CHUNK, ['K', 'I'], VKLTPLCVTLNCTNVTNNNTD-------------------------------------DDKGEIKN----CSFNM-T-TE--LRD-KK-QKE-YALF-YKLDIVQINENQGNSSNNS------------------------------------------NTSYRLI---NCNTSTI-T---QA, 0.0796, 0
0.353962, -121.3049, 104, POINT, P, VKLTPLCVTLNCTNVTNNNTD-------------------------------------DDKGEIKN----CSFNM-T-TE--LRD-KK-QKE-YALF-YRLDVVPINENQGNSSNNS------------------------------------------NTSYRLI---NCNTSTI-T---QA, 0.0730, 0
0.361593, -111.2416, [74], CHUNK, ['I'], VKLTPLCVTLNCTNVTNNNTD-------------------------------------DDKGEIKN----CSFNI-T-TE--LRD-KK-QKE-YALF-YRLDVVQINENQGNSSNNS------------------------------------------NTSYRLI---NCNTSTI-T---QA, 0.1384, 0
0.353472, -120.7521, 104, POINT, P, VKLTPLCVTLNCTNVTNNNTD-------------------------------------DMKGEIKN----CSFNM-T-TE--LRD-KK-QKE-YALF-YRLDVVPINENQGNSSNNS------------------------------------------NTSYRLI---NCNTSTI-T---QA, 0.1016, 0
0.353199, -120.5204, 107, POINT, N, VKLTPLCVTLNCTNVTNNNTD-------------------------------------DMKGEIKN----CSFNM-T-TE--LRD-KK-QKE-YALF-YRLDVVQINNNQGNSSNNS------------------------------------------NTSYRLI---NCNTSTI-T---QA, 0.0706, 1
0.354761, -119.7060, 58, POINT, S, VKLTPLCVTLNCTNVTNNNTD-------------------------------------SMKGEIKN----CSFNM-T-TE--LRD-KK-QKE-YALF-YRLDVVQINNNQGNSSNNS------------------------------------------NTSYRLI---NCNTSTI-T---QA, 0.0706, 1
0.367791, -118.2393, [99, 104, 106], CHUNK, ['K', 'P', 'D'], VKLTPLCVTLNCTNVTNNNTD-------------------------------------SMKGEIKN----CSFNM-T-TE--LRD-KK-QKE-YALF-YKLDVVPIDNNQGNSSNNS------------------------------------------NTSYRLI---NCNTSTI-T---QA, 0.0706, 0
0.366153, -96.0641, [74], CHUNK, ['I'], VKLTPLCVTLNCTNVTNNNTD-------------------------------------SMKGEIKN----CSFNI-T-TE--LRD-KK-QKE-YALF-YRLDVVQINNNQGNSSNNS------------------------------------------NTSYRLI---NCNTSTI-T---QA, 0.4383, 0
0.359874, -103.3449, [174], CHUNK, ['V'], VKLTPLCVTLNCTNVTNNNTD-------------------------------------SMKGEIKN----CSFNM-T-TE--LRD-KK-QKE-YALF-YRLDVVQINNNQGNSSNNS------------------------------------------NTSYRLI---NCNTSVI-T---QA, 0.4259, 0
0.366153, -110.5317, [74], CHUNK, ['I'], VKLTPLCVTLNCTNVTNNNTD-------------------------------------SMKGEIKN----CSFNI-T-TE--LRD-KK-QKE-YALF-YRLDVVQINNNQGNSSNNS------------------------------------------NTSYRLI---NCNTSTI-T---QA, 0.1779, 0
0.368847, -5.3820, [74, 79, 82], CHUNK, ['I', 'S', 'I'], VKLTPLCVTLNCTNVTNNNTD-------------------------------------DMKGEIKN----CSFNI-T-TS--IRD-KK-QKE-YALF-YRLDVVQINNNQGNSSNNS------------------------------------------NTSYRLI---NCNTSTI-T---QA, 0.6847, 0
0.364591, -113.1222, [74], CHUNK, ['I'], VKLTPLCVTLNCTNVTNNNTD-------------------------------------DMKGEIKN----CSFNI-T-TE--LRD-KK-QKE-YALF-YRLDVVQINNNQGNSSNNS------------------------------------------NTSYRLI---NCNTSTI-T---QA, 0.0711, 0
0.358479, -118.8238, [99, 102], CHUNK, ['K', 'I'], VKLTPLCVTLNCTNVTNNNTD-------------------------------------DMKGEIKN----CSFNM-T-TE--LRD-KK-QKE-YALF-YKLDIVQINNNQGNSSNNS------------------------------------------NTSYRLI---NCNTSTI-T---QA, 0.0673, 0
0.361195, -118.7833, 99, POINT, K, VKLTPLCVTLNCTNVTNNNTD-------------------------------------DMKGEIKN----CSFNM-T-TE--LRD-KK-QKE-YALF-YKLDVVQINNNQGNSSNNS------------------------------------------NTSYRLI---NCNTSTI-T---QA, 0.0706, 0
0.361103, -109.9108, [74], CHUNK, ['I'], VKLTPLCVTLNCTNVTNNNTD-------------------------------------DMKGEIKN----CSFNI-T-TE--LRD-KK-QKE-YALF-YRLDVVQINENQGNSSNNS------------------------------------------NTSYRLI---NCNTSTI-T---QA, 0.1078, 0
0.350116, -118.7962, 58, POINT, L, VKLTPLCVTLNCTNVTNNNTD-------------------------------------LMKGEIKN----CSFNM-T-TE--LRD-KK-QKE-YALF-YRLDVVQINENQGNSSNNS------------------------------------------NTSYRLI---NCNTSTI-T---QA, 0.0705, 0
0.361062, -108.3956, [74, 79], CHUNK, ['I', 'N'], VKLTPLCVTLNCTNVTNNNTD-------------------------------------DMKGEIKN----CSFNI-T-TN--LRD-KK-QKE-YALF-YRLDVVQINENQGNSSNNS------------------------------------------NTSYRLI---NCNTSTI-T---QA, 0.1559, 0
0.351873, -11.7895, 82, POINT, I, VKLTPLCVTLNCTNVTNNNTD-------------------------------------DMKGEIKN----CSFNM-T-TE--IRD-KK-QKE-YALF-YRLDVVQINENQGNSSNNS------------------------------------------NTSYRLI---NCNTSTI-T---QA, 0.4268, 0
0.354194, -113.5053, [74, 79], CHUNK, ['I', 'N'], VKLTPLCVTLNCTNVTNNNTD-------------------------------------DMKGEIKN----CSFNI-T-TN--LRD-KK-QKE-YALF-YRLDVVQINENQGNSSNNS------------------------------------------NTEYRLI---NCNTSTI-T---QA, 0.0583, 0
0.354235, -113.2050, [74], CHUNK, ['I'], VKLTPLCVTLNCTNVTNNNTD-------------------------------------DMKGEIKN----CSFNI-T-TE--LRD-KK-QKE-YALF-YRLDVVQINENQGNSSNNS------------------------------------------NTEYRLI---NCNTSTI-T---QA, 0.1671, 0
0.354235, -110.4898, 74, POINT, I, VKLTPLCVTLNCTNVTNNNTD-------------------------------------DMKGEIKN----CSFNI-T-TE--LRD-KK-QKE-YALF-YRLDVVQINENQGNSSNNS------------------------------------------NTEYRLI---NCNTSTI-T---QA, 0.1038, 0
0.346449, -116.5641, 20, POINT, T, VKLTPLCVTLNCTNVTNNNTT-------------------------------------DMKGEIKN----CSFNM-T-TE--LRD-KK-QKE-YALF-YRLDVVQINENQGNSSNNS------------------------------------------NTEYRLI---NCNTSTI-T---QA, 0.0699, 0
0.341634, -121.9936, 104, POINT, P, VKLTPLCVTLNCTNVTNNNTD-------------------------------------DMKGEIKN----CSFNM-T-TE--LRD-KK-QKV-YALF-YRLDVVPINENQGNSSNNS------------------------------------------NTEYRLI---NCNTSTI-T---QA, 0.0518, 0
0.344829, -121.3308, [104, 106, 107, 108, 109], CHUNK, ['P', 'D', 'T', 'E', 'N'], VKLTPLCVTLNCTNVTNNNTD-------------------------------------DMKGEIKN----CSFNM-T-TE--LRD-KK-QKV-YALF-YRLDVVPIDTENGNSSNNS------------------------------------------NTEYRLI---NCNTSTI-T---QA, 0.0650, 1
0.348251, -122.1186, 58, POINT, N, VKLTPLCVTLNCTNVTNNNTD-------------------------------------NMKGEIKN----CSFNM-T-TE--LRD-KK-QKV-YALF-YRLDVVPIDTENGNSSNNS------------------------------------------NTEYRLI---NCNTSTI-T---QA, 0.0591, 1
0.349923, -3.2130, 82, POINT, I, VKLTPLCVTLNCTNVTNNNTD-------------------------------------NMKGEIKN----CSFNM-T-TE--IRD-KK-QKV-YALF-YRLDVVPIDTENGNSSNNS------------------------------------------NTEYRLI---NCNTSTI-T---QA, 0.1510, 0
0.349923, -0.2341, 82, POINT, I, VKLTPLCVTLNCTNVTNNNTD-------------------------------------NMKGEIKN----CSFNM-T-TE--IRD-KK-QKV-YALF-YRLDVVPIDTENGNSSNNS------------------------------------------NTEYRLI---NCNTSTI-T---QA, 0.1007, 0
0.349781, -122.5069, 59, POINT, E, VKLTPLCVTLNCTNVTNNNTD-------------------------------------NEKGEIKN----CSFNM-T-TE--LRD-KK-QKV-YALF-YRLDVVPIDTENGNSSNNS------------------------------------------NTEYRLI---NCNTSTI-T---QA, 0.0591, 1
0.360988, -71.5837, [74, 79], CHUNK, ['I', 'N'], VKLTPLCVTLNCTNVTNNNTD-------------------------------------NEKGEIKN----CSFNI-T-TN--LRD-KK-QKV-YALF-YRLDVVPIDTENGNSSNNS------------------------------------------NTEYRLI---NCNTSTI-T---QA, 0.4163, 0
0.354895, -102.4864, [174], CHUNK, ['V'], VKLTPLCVTLNCTNVTNNNTD-------------------------------------NEKGEIKN----CSFNM-T-TE--LRD-KK-QKV-YALF-YRLDVVPIDTENGNSSNNS------------------------------------------NTEYRLI---NCNTSVI-T---QA, 0.2716, 0
0.361174, -83.2075, [74], CHUNK, ['I'], VKLTPLCVTLNCTNVTNNNTD-------------------------------------NEKGEIKN----CSFNI-T-TE--LRD-KK-QKV-YALF-YRLDVVPIDTENGNSSNNS------------------------------------------NTEYRLI---NCNTSTI-T---QA, 0.3269, 0
0.359113, -83.1106, [74, 79, 82], CHUNK, ['I', 'S', 'T'], VKLTPLCVTLNCTNVTNNNTD-------------------------------------NEKGEIKN----CSFNI-T-TS--TRD-KK-QKV-YALF-YRLDVVPIDTENGNSSNNS------------------------------------------NTEYRLI---NCNTSTI-T---QA, 0.4594, 0
0.359643, -78.3669, [74], CHUNK, ['I'], VKLTPLCVTLNCTNVTNNNTD-------------------------------------NMKGEIKN----CSFNI-T-TE--LRD-KK-QKV-YALF-YRLDVVPIDTENGNSSNNS------------------------------------------NTEYRLI---NCNTSTI-T---QA, 0.3055, 0
0.352372, -118.8965, 20, POINT, T, VKLTPLCVTLNCTNVTNNNTT-------------------------------------NMKGEIKN----CSFNM-T-TE--LRD-KK-QKV-YALF-YRLDVVPIDTENGNSSNNS------------------------------------------NTEYRLI---NCNTSTI-T---QA, 0.0591, 0
0.359643, -76.8033, 74, POINT, I, VKLTPLCVTLNCTNVTNNNTD-------------------------------------NMKGEIKN----CSFNI-T-TE--LRD-KK-QKV-YALF-YRLDVVPIDTENGNSSNNS------------------------------------------NTEYRLI---NCNTSTI-T---QA, 0.3491, 0
0.357859, -74.5611, [74, 79], CHUNK, ['I', 'S'], VKLTPLCVTLNCTNVTNNNTD-------------------------------------NMKGEIKN----CSFNI-T-TS--LRD-KK-QKV-YALF-YRLDVVPIDTENGNSSNNS------------------------------------------NTEYRLI---NCNTSTI-T---QA, 0.5221, 0
0.351697, -120.9195, 161, POINT, S, VKLTPLCVTLNCTNVTNNNTD-------------------------------------DMKGEIKN----CSFNM-T-TE--LRD-KK-QKV-YALF-YRLDVVPIDTENGNSSNNS------------------------------------------NTSYRLI---NCNTSTI-T---QA, 0.0650, 0
0.356221, -101.7223, [74], CHUNK, ['I'], VKLTPLCVTLNCTNVTNNNTD-------------------------------------DMKGEIKN----CSFNI-T-TE--LRD-KK-QKV-YALF-YRLDVVPIDTENGNSSNNS------------------------------------------NTEYRLI---NCNTSTI-T---QA, 0.3441, 1
0.363089, -103.4111, [161], CHUNK, ['S'], VKLTPLCVTLNCTNVTNNNTD-------------------------------------DMKGEIKN----CSFNI-T-TE--LRD-KK-QKV-YALF-YRLDVVPIDTENGNSSNNS------------------------------------------NTSYRLI---NCNTSTI-T---QA, 0.4499, 0
0.364267, -103.5884, [99], CHUNK, ['K'], VKLTPLCVTLNCTNVTNNNTD-------------------------------------DMKGEIKN----CSFNI-T-TE--LRD-KK-QKV-YALF-YKLDVVPIDTENGNSSNNS------------------------------------------NTEYRLI---NCNTSTI-T---QA, 0.3848, 1
0.370324, -109.1617, 91, POINT, E, VKLTPLCVTLNCTNVTNNNTD-------------------------------------DMKGEIKN----CSFNI-T-TE--LRD-KK-QKE-YALF-YKLDVVPIDTENGNSSNNS------------------------------------------NTEYRLI---NCNTSTI-T---QA, 0.3841, 0
0.370658, -108.2084, [87, 91], CHUNK, ['V', 'E'], VKLTPLCVTLNCTNVTNNNTD-------------------------------------DMKGEIKN----CSFNI-T-TE--LRD-KV-QKE-YALF-YKLDVVPIDTENGNSSNNS------------------------------------------NTEYRLI---NCNTSTI-T---QA, 0.3848, 0
0.366282, -102.7883, 20, POINT, S, VKLTPLCVTLNCTNVTNNNTS-------------------------------------DMKGEIKN----CSFNI-T-TE--LRD-KK-QKV-YALF-YKLDVVPIDTENGNSSNNS------------------------------------------NTEYRLI---NCNTSTI-T---QA, 0.3848, 0
0.364518, -104.3618, 18, POINT, T, VKLTPLCVTLNCTNVTNNTTD-------------------------------------DMKGEIKN----CSFNI-T-TE--LRD-KK-QKV-YALF-YKLDVVPIDTENGNSSNNS------------------------------------------NTEYRLI---NCNTSTI-T---QA, 0.3816, 0
0.357968, -102.4945, 161, POINT, N, VKLTPLCVTLNCTNVTNNNTD-------------------------------------DMKGEIKN----CSFNI-T-TE--LRD-KK-QKV-YALF-YRLDVVPIDTENGNSSNNS------------------------------------------NTNYRLI---NCNTSTI-T---QA, 0.3912, 1
0.358628, -101.9711, 58, POINT, E, VKLTPLCVTLNCTNVTNNNTD-------------------------------------EMKGEIKN----CSFNI-T-TE--LRD-KK-QKV-YALF-YRLDVVPIDTENGNSSNNS------------------------------------------NTNYRLI---NCNTSTI-T---QA, 0.3912, 0
0.363089, -103.3310, 161, POINT, S, VKLTPLCVTLNCTNVTNNNTD-------------------------------------DMKGEIKN----CSFNI-T-TE--LRD-KK-QKV-YALF-YRLDVVPIDTENGNSSNNS------------------------------------------NTSYRLI---NCNTSTI-T---QA, 0.4965, 0
0.360495, -104.0518, 59, POINT, T, VKLTPLCVTLNCTNVTNNNTD-------------------------------------DTKGEIKN----CSFNI-T-TE--LRD-KK-QKV-YALF-YRLDVVPIDTENGNSSNNS------------------------------------------NTNYRLI---NCNTSTI-T---QA, 0.4073, 1
0.363794, 9.8521, 82, POINT, I, VKLTPLCVTLNCTNVTNNNTD-------------------------------------DTKGEIKN----CSFNI-T-TE--IRD-KK-QKV-YALF-YRLDVVPIDTENGNSSNNS------------------------------------------NTNYRLI---NCNTSTI-T---QA, 0.3972, 0
0.365616, -104.3819, [161], CHUNK, ['S'], VKLTPLCVTLNCTNVTNNNTD-------------------------------------DTKGEIKN----CSFNI-T-TE--LRD-KK-QKV-YALF-YRLDVVPIDTENGNSSNNS------------------------------------------NTSYRLI---NCNTSTI-T---QA, 0.4027, 0
0.360957, -106.4037, 59, POINT, N, VKLTPLCVTLNCTNVTNNNTD-------------------------------------DNKGEIKN----CSFNI-T-TE--LRD-KK-QKV-YALF-YRLDVVPIDTENGNSSNNS------------------------------------------NTNYRLI---NCNTSTI-T---QA, 0.3912, 0
0.368541, -103.1096, 99, POINT, K, VKLTPLCVTLNCTNVTNNNTD-------------------------------------DTKGEIKN----CSFNI-T-TE--LRD-KK-QKV-YALF-YKLDVVPIDTENGNSSNNS------------------------------------------NTNYRLI---NCNTSTI-T---QA, 0.4073, 0
0.363424, -88.6459, [169, 174], CHUNK, ['S', 'V'], VKLTPLCVTLNCTNVTNNNTD-------------------------------------DMKGEIKN----CSFNI-T-TE--LRD-KK-QKV-YALF-YRLDVVPIDTENGNSSNNS------------------------------------------NTNYRLI---SCNTSVI-T---QA, 0.4480, 0
0.363089, -101.6751, [161], CHUNK, ['S'], VKLTPLCVTLNCTNVTNNNTD-------------------------------------DMKGEIKN----CSFNI-T-TE--LRD-KK-QKV-YALF-YRLDVVPIDTENGNSSNNS------------------------------------------NTSYRLI---NCNTSTI-T---QA, 0.3912, 0
0.361420, -107.1297, [87, 89, 91], CHUNK, ['T', 'K', 'E'], VKLTPLCVTLNCTNVTNNNTD-------------------------------------DMKGEIKN----CSFNI-T-TE--LRD-KT-KKE-YALF-YRLDVVPIDTENGNSSNNS------------------------------------------NTNYRLI---NCNTSTI-T---QA, 0.4500, 0
0.366014, -102.4034, 99, POINT, K, VKLTPLCVTLNCTNVTNNNTD-------------------------------------DMKGEIKN----CSFNI-T-TE--LRD-KK-QKV-YALF-YKLDVVPIDTENGNSSNNS------------------------------------------NTNYRLI---NCNTSTI-T---QA, 0.4457, 1
0.371469, -85.6598, [169, 174], CHUNK, ['S', 'V'], VKLTPLCVTLNCTNVTNNNTD-------------------------------------DMKGEIKN----CSFNI-T-TE--LRD-KK-QKV-YALF-YKLDVVPIDTENGNSSNNS------------------------------------------NTNYRLI---SCNTSVI-T---QA, 0.6992, 0
0.369312, -1.3429, 82, POINT, I, VKLTPLCVTLNCTNVTNNNTD-------------------------------------DMKGEIKN----CSFNI-T-TE--IRD-KK-QKV-YALF-YKLDVVPIDTENGNSSNNS------------------------------------------NTNYRLI---NCNTSTI-T---QA, 0.5698, 0
0.372071, -108.0835, [91], CHUNK, ['E'], VKLTPLCVTLNCTNVTNNNTD-------------------------------------DMKGEIKN----CSFNI-T-TE--LRD-KK-QKE-YALF-YKLDVVPIDTENGNSSNNS------------------------------------------NTNYRLI---NCNTSTI-T---QA, 0.4784, 0
0.371135, -101.5829, [161], CHUNK, ['S'], VKLTPLCVTLNCTNVTNNNTD-------------------------------------DMKGEIKN----CSFNI-T-TE--LRD-KK-QKV-YALF-YKLDVVPIDTENGNSSNNS------------------------------------------NTSYRLI---NCNTSTI-T---QA, 0.4457, 0
0.363089, -102.3998, 161, POINT, S, VKLTPLCVTLNCTNVTNNNTD-------------------------------------DMKGEIKN----CSFNI-T-TE--LRD-KK-QKV-YALF-YRLDVVPIDTENGNSSNNS------------------------------------------NTSYRLI---NCNTSTI-T---QA, 0.4903, 0
0.363424, -89.1460, [169, 174], CHUNK, ['S', 'V'], VKLTPLCVTLNCTNVTNNNTD-------------------------------------DMKGEIKN----CSFNI-T-TE--LRD-KK-QKV-YALF-YRLDVVPIDTENGNSSNNS------------------------------------------NTNYRLI---SCNTSVI-T---QA, 0.4376, 0
0.358219, -103.9724, 18, POINT, T, VKLTPLCVTLNCTNVTNNTTD-------------------------------------DMKGEIKN----CSFNI-T-TE--LRD-KK-QKV-YALF-YRLDVVPIDTENGNSSNNS------------------------------------------NTNYRLI---NCNTSTI-T---QA, 0.3719, 0
0.360791, -103.8350, 20, POINT, N, VKLTPLCVTLNCTNVTNNNTN-------------------------------------DMKGEIKN----CSFNI-T-TE--LRD-KK-QKV-YALF-YRLDVVPIDTENGNSSNNS------------------------------------------NTNYRLI---NCNTSTI-T---QA, 0.6342, 0
0.361180, -105.5881, 110, POINT, N, VKLTPLCVTLNCTNVTNNNTD-------------------------------------DMKGEIKN----CSFNI-T-TE--LRD-KK-QKV-YALF-YRLDVVPIDTENNNSSNNS------------------------------------------NTEYRLI---NCNTSTI-T---QA, 0.3548, 0
0.361850, -13.2674, [79, 82], CHUNK, ['N', 'I'], VKLTPLCVTLNCTNVTNNNTD-------------------------------------DMKGEIKN----CSFNI-T-TN--IRD-KK-QKV-YALF-YRLDVVPIDTENGNSSNNS------------------------------------------NTEYRLI---NCNTSTI-T---QA, 0.6482, 0
0.357705, -105.6146, 59, POINT, E, VKLTPLCVTLNCTNVTNNNTD-------------------------------------DEKGEIKN----CSFNI-T-TE--LRD-KK-QKV-YALF-YRLDVVPIDTENGNSSNNS------------------------------------------NTEYRLI---NCNTSTI-T---QA, 0.3534, 0
0.359044, -102.5378, 20, POINT, N, VKLTPLCVTLNCTNVTNNNTN-------------------------------------DMKGEIKN----CSFNI-T-TE--LRD-KK-QKV-YALF-YRLDVVPIDTENGNSSNNS------------------------------------------NTEYRLI---NCNTSTI-T---QA, 0.3712, 0
0.351697, -120.9195, 161, POINT, S, VKLTPLCVTLNCTNVTNNNTD-------------------------------------DMKGEIKN----CSFNM-T-TE--LRD-KK-QKV-YALF-YRLDVVPIDTENGNSSNNS------------------------------------------NTSYRLI---NCNTSTI-T---QA, 0.0650, 0
0.348901, -117.0822, 74, POINT, T, VKLTPLCVTLNCTNVTNNNTD-------------------------------------DMKGEIKN----CSFNT-T-TE--LRD-KK-QKV-YALF-YRLDVVPIDTENGNSSNNS------------------------------------------NTEYRLI---NCNTSTI-T---QA, 0.0650, 1
0.349152, -117.4317, 18, POINT, T, VKLTPLCVTLNCTNVTNNTTD-------------------------------------DMKGEIKN----CSFNT-T-TE--LRD-KK-QKV-YALF-YRLDVVPIDTENGNSSNNS------------------------------------------NTEYRLI---NCNTSTI-T---QA, 0.0650, 0
0.349232, -117.1057, 159, POINT, T, VKLTPLCVTLNCTNVTNNNTD-------------------------------------DMKGEIKN----CSFNT-T-TE--LRD-KK-QKV-YALF-YRLDVVPIDTENGNSSNNS------------------------------------------TTEYRLI---NCNTSTI-T---QA, 0.0650, 0
0.355769, -117.4095, [161], CHUNK, ['S'], VKLTPLCVTLNCTNVTNNNTD-------------------------------------DMKGEIKN----CSFNT-T-TE--LRD-KK-QKV-YALF-YRLDVVPIDTENGNSSNNS------------------------------------------NTSYRLI---NCNTSTI-T---QA, 0.0892, 0
0.351140, -118.0188, 107, POINT, N, VKLTPLCVTLNCTNVTNNNTD-------------------------------------DMKGEIKN----CSFNT-T-TE--LRD-KK-QKV-YALF-YRLDVVPIDNENGNSSNNS------------------------------------------NTEYRLI---NCNTSTI-T---QA, 0.0534, 1
0.359419, -117.3839, [99], CHUNK, ['K'], VKLTPLCVTLNCTNVTNNNTD-------------------------------------DMKGEIKN----CSFNT-T-TE--LRD-KK-QKV-YALF-YKLDVVPIDNENGNSSNNS------------------------------------------NTEYRLI---NCNTSTI-T---QA, 0.0848, 0
0.354562, -118.4384, 58, POINT, N, VKLTPLCVTLNCTNVTNNNTD-------------------------------------NMKGEIKN----CSFNT-T-TE--LRD-KK-QKV-YALF-YRLDVVPIDNENGNSSNNS------------------------------------------NTEYRLI---NCNTSTI-T---QA, 0.0534, 0
0.359419, -116.4033, 99, POINT, K, VKLTPLCVTLNCTNVTNNNTD-------------------------------------DMKGEIKN----CSFNT-T-TE--LRD-KK-QKV-YALF-YKLDVVPIDNENGNSSNNS------------------------------------------NTEYRLI---NCNTSTI-T---QA, 0.0756, 0
0.358460, -79.4753, [74], CHUNK, ['I'], VKLTPLCVTLNCTNVTNNNTD-------------------------------------DMKGEIKN----CSFNI-T-TE--LRD-KK-QKV-YALF-YRLDVVPIDNENGNSSNNS------------------------------------------NTEYRLI---NCNTSTI-T---QA, 0.2983, 0
0.350858, -118.2983, 161, POINT, T, VKLTPLCVTLNCTNVTNNNTD-------------------------------------DMKGEIKN----CSFNT-T-TE--LRD-KK-QKV-YALF-YRLDVVPIDTENGNSSNNS------------------------------------------NTTYRLI---NCNTSTI-T---QA, 0.0510, 1
0.352873, -117.4973, 20, POINT, S, VKLTPLCVTLNCTNVTNNNTS-------------------------------------DMKGEIKN----CSFNT-T-TE--LRD-KK-QKV-YALF-YRLDVVPIDTENGNSSNNS------------------------------------------NTTYRLI---NCNTSTI-T---QA, 0.0510, 1
0.357986, -99.7599, [174], CHUNK, ['V'], VKLTPLCVTLNCTNVTNNNTS-------------------------------------DMKGEIKN----CSFNT-T-TE--LRD-KK-QKV-YALF-YRLDVVPIDTENGNSSNNS------------------------------------------NTTYRLI---NCNTSVI-T---QA, 0.2252, 0
0.360008, -75.4379, [74, 79], CHUNK, ['I', 'N'], VKLTPLCVTLNCTNVTNNNTS-------------------------------------DMKGEIKN----CSFNI-T-TN--LRD-KK-QKV-YALF-YRLDVVPIDTENGNSSNNS------------------------------------------NTTYRLI---NCNTSTI-T---QA, 0.4563, 0
0.360194, -76.2534, [74], CHUNK, ['I'], VKLTPLCVTLNCTNVTNNNTS-------------------------------------DMKGEIKN----CSFNI-T-TE--LRD-KK-QKV-YALF-YRLDVVPIDTENGNSSNNS------------------------------------------NTTYRLI---NCNTSTI-T---QA, 0.6144, 0
0.357784, -116.9783, 161, POINT, S, VKLTPLCVTLNCTNVTNNNTS-------------------------------------DMKGEIKN----CSFNT-T-TE--LRD-KK-QKV-YALF-YRLDVVPIDTENGNSSNNS------------------------------------------NTSYRLI---NCNTSTI-T---QA, 0.0499, 0
0.352654, -116.3175, 14, POINT, N, VKLTPLCVTLNCTNNTNNNTD-------------------------------------DMKGEIKN----CSFNT-T-TE--LRD-KK-QKV-YALF-YRLDVVPIDTENGNSSNNS------------------------------------------NTTYRLI---NCNTSTI-T---QA, 0.0510, 0
0.358178, -73.2968, [74], CHUNK, ['I'], VKLTPLCVTLNCTNVTNNNTD-------------------------------------DMKGEIKN----CSFNI-T-TE--LRD-KK-QKV-YALF-YRLDVVPIDTENGNSSNNS------------------------------------------NTTYRLI---NCNTSTI-T---QA, 0.3669, 0
0.358178, -100.7084, 74, POINT, I, VKLTPLCVTLNCTNVTNNNTD-------------------------------------DMKGEIKN----CSFNI-T-TE--LRD-KK-QKV-YALF-YRLDVVPIDTENGNSSNNS------------------------------------------NTTYRLI---NCNTSTI-T---QA, 0.2281, 0
0.358178, -80.4924, [74], CHUNK, ['I'], VKLTPLCVTLNCTNVTNNNTD-------------------------------------DMKGEIKN----CSFNI-T-TE--LRD-KK-QKV-YALF-YRLDVVPIDTENGNSSNNS------------------------------------------NTTYRLI---NCNTSTI-T---QA, 0.3927, 0
0.355769, -116.9791, 161, POINT, S, VKLTPLCVTLNCTNVTNNNTD-------------------------------------DMKGEIKN----CSFNT-T-TE--LRD-KK-QKV-YALF-YRLDVVPIDTENGNSSNNS------------------------------------------NTSYRLI---NCNTSTI-T---QA, 0.1646, 0
0.354099, -116.2106, [87, 91], CHUNK, ['V', 'E'], VKLTPLCVTLNCTNVTNNNTD-------------------------------------DMKGEIKN----CSFNT-T-TE--LRD-KV-QKE-YALF-YRLDVVPIDTENGNSSNNS------------------------------------------NTEYRLI---NCNTSTI-T---QA, 0.0650, 0
0.356221, -74.4031, [74], CHUNK, ['I'], VKLTPLCVTLNCTNVTNNNTD-------------------------------------DMKGEIKN----CSFNI-T-TE--LRD-KK-QKV-YALF-YRLDVVPIDTENGNSSNNS------------------------------------------NTEYRLI---NCNTSTI-T---QA, 0.4299, 0
0.350648, -117.8925, 161, POINT, N, VKLTPLCVTLNCTNVTNNNTD-------------------------------------DMKGEIKN----CSFNT-T-TE--LRD-KK-QKV-YALF-YRLDVVPIDTENGNSSNNS------------------------------------------NTNYRLI---NCNTSTI-T---QA, 0.0574, 0
0.351697, -120.9195, [161], CHUNK, ['S'], VKLTPLCVTLNCTNVTNNNTD-------------------------------------DMKGEIKN----CSFNM-T-TE--LRD-KK-QKV-YALF-YRLDVVPIDTENGNSSNNS------------------------------------------NTSYRLI---NCNTSTI-T---QA, 0.0650, 0
0.358932, -118.1096, [91, 99], CHUNK, ['E', 'K'], VKLTPLCVTLNCTNVTNNNTD-------------------------------------DMKGEIKN----CSFNM-T-TE--LRD-KK-QKE-YALF-YKLDVVPIDTENGNSSNNS------------------------------------------NTEYRLI---NCNTSTI-T---QA, 0.0930, 0
0.347067, -121.9706, 107, POINT, N, VKLTPLCVTLNCTNVTNNNTD-------------------------------------DMKGEIKN----CSFNM-T-TE--LRD-KK-QKV-YALF-YRLDVVPIDNENGNSSNNS------------------------------------------NTEYRLI---NCNTSTI-T---QA, 0.0809, 0
0.361850, 29.2234, [74, 79, 82], CHUNK, ['I', 'N', 'I'], VKLTPLCVTLNCTNVTNNNTD-------------------------------------DMKGEIKN----CSFNI-T-TN--IRD-KK-QKV-YALF-YRLDVVPIDTENGNSSNNS------------------------------------------NTEYRLI---NCNTSTI-T---QA, 0.2816, 0
0.342985, -105.8662, 174, POINT, V, VKLTPLCVTLNCTNVTNNNTD-------------------------------------DMKGEIKN----CSFNM-T-TE--LRD-KK-QKV-YALF-YRLDVVQINENQGNSSNNS------------------------------------------NTEYRLI---NCNTSVI-T---QA, 0.1879, 0
0.338123, -121.6423, 18, POINT, T, VKLTPLCVTLNCTNVTNNTTD-------------------------------------DMKGEIKN----CSFNM-T-TE--LRD-KK-QKV-YALF-YRLDVVQINENQGNSSNNS------------------------------------------NTEYRLI---NCNTSTI-T---QA, 0.0700, 1
0.349515, -75.9968, [74], CHUNK, ['I'], VKLTPLCVTLNCTNVTNNTTD-------------------------------------DMKGEIKN----CSFNI-T-TE--LRD-KK-QKV-YALF-YRLDVVQINENQGNSSNNS------------------------------------------NTEYRLI---NCNTSTI-T---QA, 0.4276, 0
0.353075, -13.2684, [74, 79, 82], CHUNK, ['I', 'S', 'I'], VKLTPLCVTLNCTNVTNNTTD-------------------------------------DMKGEIKN----CSFNI-T-TS--IRD-KK-QKV-YALF-YRLDVVQINENQGNSSNNS------------------------------------------NTEYRLI---NCNTSTI-T---QA, 0.4587, 0
0.350985, -118.3371, [91, 99], CHUNK, ['E', 'K'], VKLTPLCVTLNCTNVTNNTTD-------------------------------------DMKGEIKN----CSFNM-T-TE--LRD-KK-QKE-YALF-YKLDVVQINENQGNSSNNS------------------------------------------NTEYRLI---NCNTSTI-T---QA, 0.0700, 1
0.357853, -119.0212, 161, POINT, S, VKLTPLCVTLNCTNVTNNTTD-------------------------------------DMKGEIKN----CSFNM-T-TE--LRD-KK-QKE-YALF-YKLDVVQINENQGNSSNNS------------------------------------------NTSYRLI---NCNTSTI-T---QA, 0.0725, 0
0.362377, -112.7000, [74], CHUNK, ['I'], VKLTPLCVTLNCTNVTNNTTD-------------------------------------DMKGEIKN----CSFNI-T-TE--LRD-KK-QKE-YALF-YKLDVVQINENQGNSSNNS------------------------------------------NTEYRLI---NCNTSTI-T---QA, 0.1202, 1
0.365971, -114.5944, 107, POINT, N, VKLTPLCVTLNCTNVTNNTTD-------------------------------------DMKGEIKN----CSFNI-T-TE--LRD-KK-QKE-YALF-YKLDVVQINNNQGNSSNNS------------------------------------------NTEYRLI---NCNTSTI-T---QA, 0.1378, 0
0.365058, -110.7587, 20, POINT, T, VKLTPLCVTLNCTNVTNNTTT-------------------------------------DMKGEIKN----CSFNI-T-TE--LRD-KK-QKE-YALF-YKLDVVQINENQGNSSNNS------------------------------------------NTEYRLI---NCNTSTI-T---QA, 0.1295, 0
0.365116, -112.7764, 59, POINT, T, VKLTPLCVTLNCTNVTNNTTD-------------------------------------DTKGEIKN----CSFNI-T-TE--LRD-KK-QKE-YALF-YKLDVVQINENQGNSSNNS------------------------------------------NTEYRLI---NCNTSTI-T---QA, 0.1268, 1
0.370230, -96.4227, [174], CHUNK, ['V'], VKLTPLCVTLNCTNVTNNTTD-------------------------------------DTKGEIKN----CSFNI-T-TE--LRD-KK-QKE-YALF-YKLDVVQINENQGNSSNNS------------------------------------------NTEYRLI---NCNTSVI-T---QA, 0.2185, 0
0.365814, -111.9016, 104, POINT, S, VKLTPLCVTLNCTNVTNNTTD-------------------------------------DTKGEIKN----CSFNI-T-TE--LRD-KK-QKE-YALF-YKLDVVSINENQGNSSNNS------------------------------------------NTEYRLI---NCNTSTI-T---QA, 0.1268, 1
0.372087, -33.3353, [79, 82], CHUNK, ['N', 'I'], VKLTPLCVTLNCTNVTNNTTD-------------------------------------DTKGEIKN----CSFNI-T-TN--IRD-KK-QKE-YALF-YKLDVVSINENQGNSSNNS------------------------------------------NTEYRLI---NCNTSTI-T---QA, 0.4408, 0
0.372682, -112.1688, 161, POINT, S, VKLTPLCVTLNCTNVTNNTTD-------------------------------------DTKGEIKN----CSFNI-T-TE--LRD-KK-QKE-YALF-YKLDVVSINENQGNSSNNS------------------------------------------NTSYRLI---NCNTSTI-T---QA, 0.1671, 0
0.370927, -93.0580, [174], CHUNK, ['V'], VKLTPLCVTLNCTNVTNNTTD-------------------------------------DTKGEIKN----CSFNI-T-TE--LRD-KK-QKE-YALF-YKLDVVSINENQGNSSNNS------------------------------------------NTEYRLI---NCNTSVI-T---QA, 0.3625, 0
0.370927, -96.7709, [174], CHUNK, ['V'], VKLTPLCVTLNCTNVTNNTTD-------------------------------------DTKGEIKN----CSFNI-T-TE--LRD-KK-QKE-YALF-YKLDVVSINENQGNSSNNS------------------------------------------NTEYRLI---NCNTSVI-T---QA, 0.3475, 0
0.368905, -45.7543, 82, POINT, I, VKLTPLCVTLNCTNVTNNTTD-------------------------------------DTKGEIKN----CSFNI-T-TE--IRD-KK-QKE-YALF-YKLDVVQINENQGNSSNNS------------------------------------------NTEYRLI---NCNTSTI-T---QA, 0.2999, 0
0.369981, -89.5134, [169, 174], CHUNK, ['S', 'V'], VKLTPLCVTLNCTNVTNNTTD-------------------------------------DTKGEIKN----CSFNI-T-TE--LRD-KK-QKE-YALF-YKLDVVQINENQGNSSNNS------------------------------------------NTEYRLI---SCNTSVI-T---QA, 0.3998, 0
0.370230, -102.5325, [174], CHUNK, ['V'], VKLTPLCVTLNCTNVTNNTTD-------------------------------------DTKGEIKN----CSFNI-T-TE--LRD-KK-QKE-YALF-YKLDVVQINENQGNSSNNS------------------------------------------NTEYRLI---NCNTSVI-T---QA, 0.3141, 0
0.369981, -96.1598, [169, 174], CHUNK, ['S', 'V'], VKLTPLCVTLNCTNVTNNTTD-------------------------------------DTKGEIKN----CSFNI-T-TE--LRD-KK-QKE-YALF-YKLDVVQINENQGNSSNNS------------------------------------------NTEYRLI---SCNTSVI-T---QA, 0.4467, 0
0.369245, -113.8319, 161, POINT, S, VKLTPLCVTLNCTNVTNNTTD-------------------------------------DMKGEIKN----CSFNI-T-TE--LRD-KK-QKE-YALF-YKLDVVQINENQGNSSNNS------------------------------------------NTSYRLI---NCNTSTI-T---QA, 0.1348, 0
0.364001, -112.5822, 58, POINT, S, VKLTPLCVTLNCTNVTNNTTD-------------------------------------SMKGEIKN----CSFNI-T-TE--LRD-KK-QKE-YALF-YKLDVVQINENQGNSSNNS------------------------------------------NTEYRLI---NCNTSTI-T---QA, 0.1333, 0
0.363826, -113.4347, 59, POINT, E, VKLTPLCVTLNCTNVTNNTTD-------------------------------------DEKGEIKN----CSFNI-T-TE--LRD-KK-QKE-YALF-YKLDVVQINENQGNSSNNS------------------------------------------NTEYRLI---NCNTSTI-T---QA, 0.2258, 0
0.367491, -104.6371, [174], CHUNK, ['V'], VKLTPLCVTLNCTNVTNNTTD-------------------------------------DMKGEIKN----CSFNI-T-TE--LRD-KK-QKE-YALF-YKLDVVQINENQGNSSNNS------------------------------------------NTEYRLI---NCNTSVI-T---QA, 0.5560, 0
0.356098, -109.1090, 174, POINT, V, VKLTPLCVTLNCTNVTNNTTD-------------------------------------DMKGEIKN----CSFNM-T-TE--LRD-KK-QKE-YALF-YKLDVVQINENQGNSSNNS------------------------------------------NTEYRLI---NCNTSVI-T---QA, 0.3799, 0
0.360757, -110.6843, [74, 79], CHUNK, ['I', 'S'], VKLTPLCVTLNCTNVTNNTTD-------------------------------------DMKGEIKN----CSFNI-T-TS--LRD-KK-QKE-YALF-YKLDVVQINENQGNSSNNS------------------------------------------NTEYRLI---NCNTSTI-T---QA, 0.1055, 0
0.351677, -118.3247, 107, POINT, D, VKLTPLCVTLNCTNVTNNTTD-------------------------------------DMKGEIKN----CSFNM-T-TE--LRD-KK-QKE-YALF-YKLDVVQINDNQGNSSNNS------------------------------------------NTEYRLI---NCNTSTI-T---QA, 0.0700, 0
0.354448, -25.5171, [82, 87], CHUNK, ['I', 'V'], VKLTPLCVTLNCTNVTNNTTD-------------------------------------DMKGEIKN----CSFNM-T-TE--IRD-KV-QKE-YALF-YKLDVVQINENQGNSSNNS------------------------------------------NTEYRLI---NCNTSTI-T---QA, 0.3739, 0
0.341563, -122.0544, 58, POINT, N, VKLTPLCVTLNCTNVTNNTTD-------------------------------------NMKGEIKN----CSFNM-T-TE--LRD-KK-QKV-YALF-YRLDVVQINENQGNSSNNS------------------------------------------NTEYRLI---NCNTSTI-T---QA, 0.0700, 1
0.346676, -101.1437, 174, POINT, V, VKLTPLCVTLNCTNVTNNTTD-------------------------------------NMKGEIKN----CSFNM-T-TE--LRD-KK-QKV-YALF-YRLDVVQINENQGNSSNNS------------------------------------------NTEYRLI---NCNTSVI-T---QA, 0.2452, 0
0.354425, -119.0327, [91, 99], CHUNK, ['E', 'K'], VKLTPLCVTLNCTNVTNNTTD-------------------------------------NMKGEIKN----CSFNM-T-TE--LRD-KK-QKE-YALF-YKLDVVQINENQGNSSNNS------------------------------------------NTEYRLI---NCNTSTI-T---QA, 0.0730, 1
0.365817, -110.7240, 74, POINT, I, VKLTPLCVTLNCTNVTNNTTD-------------------------------------NMKGEIKN----CSFNI-T-TE--LRD-KK-QKE-YALF-YKLDVVQINENQGNSSNNS------------------------------------------NTEYRLI---NCNTSTI-T---QA, 0.1452, 0
0.361292, -118.6213, 161, POINT, S, VKLTPLCVTLNCTNVTNNTTD-------------------------------------NMKGEIKN----CSFNM-T-TE--LRD-KK-QKE-YALF-YKLDVVQINENQGNSSNNS------------------------------------------NTSYRLI---NCNTSTI-T---QA, 0.0730, 0
0.365817, -107.5125, 74, POINT, I, VKLTPLCVTLNCTNVTNNTTD-------------------------------------NMKGEIKN----CSFNI-T-TE--LRD-KK-QKE-YALF-YKLDVVQINENQGNSSNNS------------------------------------------NTEYRLI---NCNTSTI-T---QA, 0.1206, 0
0.361292, -118.6213, 161, POINT, S, VKLTPLCVTLNCTNVTNNTTD-------------------------------------NMKGEIKN----CSFNM-T-TE--LRD-KK-QKE-YALF-YKLDVVQINENQGNSSNNS------------------------------------------NTSYRLI---NCNTSTI-T---QA, 0.0730, 0
0.352955, -83.5326, [74], CHUNK, ['I'], VKLTPLCVTLNCTNVTNNTTD-------------------------------------NMKGEIKN----CSFNI-T-TE--LRD-KK-QKV-YALF-YRLDVVQINENQGNSSNNS------------------------------------------NTEYRLI---NCNTSTI-T---QA, 0.2853, 0
0.352955, -78.4534, [74], CHUNK, ['I'], VKLTPLCVTLNCTNVTNNTTD-------------------------------------NMKGEIKN----CSFNI-T-TE--LRD-KK-QKV-YALF-YRLDVVQINENQGNSSNNS------------------------------------------NTEYRLI---NCNTSTI-T---QA, 0.3739, 0
0.344674, -122.4518, 20, POINT, N, VKLTPLCVTLNCTNVTNNTTN-------------------------------------NMKGEIKN----CSFNM-T-TE--LRD-KK-QKV-YALF-YRLDVVQINENQGNSSNNS------------------------------------------NTEYRLI---NCNTSTI-T---QA, 0.0700, 0
0.345051, -122.1670, 107, POINT, N, VKLTPLCVTLNCTNVTNNTTD-------------------------------------NMKGEIKN----CSFNM-T-TE--LRD-KK-QKV-YALF-YRLDVVQINNNQGNSSNNS------------------------------------------NTEYRLI---NCNTSTI-T---QA, 0.0700, 0
0.343236, -98.7345, [174], CHUNK, ['V'], VKLTPLCVTLNCTNVTNNTTD-------------------------------------DMKGEIKN----CSFNM-T-TE--LRD-KK-QKV-YALF-YRLDVVQINENQGNSSNNS------------------------------------------NTEYRLI---NCNTSVI-T---QA, 0.1903, 0
0.341885, -122.0801, 104, POINT, P, VKLTPLCVTLNCTNVTNNTTD-------------------------------------DMKGEIKN----CSFNM-T-TE--LRD-KK-QKV-YALF-YRLDVVPINENQGNSSNNS------------------------------------------NTEYRLI---NCNTSTI-T---QA, 0.0700, 0
0.350985, -119.1003, [91, 99], CHUNK, ['E', 'K'], VKLTPLCVTLNCTNVTNNTTD-------------------------------------DMKGEIKN----CSFNM-T-TE--LRD-KK-QKE-YALF-YKLDVVQINENQGNSSNNS------------------------------------------NTEYRLI---NCNTSTI-T---QA, 0.0544, 0
0.349515, -69.9745, 74, POINT, I, VKLTPLCVTLNCTNVTNNTTD-------------------------------------DMKGEIKN----CSFNI-T-TE--LRD-KK-QKV-YALF-YRLDVVQINENQGNSSNNS------------------------------------------NTEYRLI---NCNTSTI-T---QA, 0.4366, 0
