Name base = v1v2_6_4.0
Iters = 30
Soft coverage = 1.31203964383
Energy = -130.993788602
Hard Covereage = 0.0368019545157
Num epitopes = 65
Initial seq = VKLTPLCVTLQCTNVTNNITD-------------------------------------DMRGELKN----CSFNM-T-TE--LRD-KK-QKV-YSLF-YRLDVVQINENQGNRSNNS------------------------------------------NKEYRLI---NCNTSAI-T---QA
-------START OF DATA------
1.324478, -131.4291, [10], CHUNK, ['D'], VKLTPLCVTLDCTNVTNNITD-------------------------------------DMRGELKN----CSFNM-T-TE--LRD-KK-QKV-YSLF-YRLDVVQINENQGNRSNNS------------------------------------------NKEYRLI---NCNTSAI-T---QA, 0.0531, 1
1.342174, -128.6009, 58, POINT, T, VKLTPLCVTLDCTNVTNNITD-------------------------------------TMRGELKN----CSFNM-T-TE--LRD-KK-QKV-YSLF-YRLDVVQINENQGNRSNNS------------------------------------------NKEYRLI---NCNTSAI-T---QA, 0.0531, 1
1.378892, -128.4947, 10, POINT, N, VKLTPLCVTLNCTNVTNNITD-------------------------------------TMRGELKN----CSFNM-T-TE--LRD-KK-QKV-YSLF-YRLDVVQINENQGNRSNNS------------------------------------------NKEYRLI---NCNTSAI-T---QA, 0.0279, 1
1.396057, -75.6198, 74, POINT, I, VKLTPLCVTLNCTNVTNNITD-------------------------------------TMRGELKN----CSFNI-T-TE--LRD-KK-QKV-YSLF-YRLDVVQINENQGNRSNNS------------------------------------------NKEYRLI---NCNTSAI-T---QA, 0.0803, 0
1.398392, -127.9098, 79, POINT, N, VKLTPLCVTLNCTNVTNNITD-------------------------------------TMRGELKN----CSFNM-T-TN--LRD-KK-QKV-YSLF-YRLDVVQINENQGNRSNNS------------------------------------------NKEYRLI---NCNTSAI-T---QA, 0.0481, 1
1.404385, -7.4903, 82, POINT, I, VKLTPLCVTLNCTNVTNNITD-------------------------------------TMRGELKN----CSFNM-T-TN--IRD-KK-QKV-YSLF-YRLDVVQINENQGNRSNNS------------------------------------------NKEYRLI---NCNTSAI-T---QA, 0.0558, 0
1.418095, -74.7931, 74, POINT, I, VKLTPLCVTLNCTNVTNNITD-------------------------------------TMRGELKN----CSFNI-T-TN--LRD-KK-QKV-YSLF-YRLDVVQINENQGNRSNNS------------------------------------------NKEYRLI---NCNTSAI-T---QA, 0.0843, 0
1.421017, -124.8041, 20, POINT, T, VKLTPLCVTLNCTNVTNNITT-------------------------------------TMRGELKN----CSFNM-T-TN--LRD-KK-QKV-YSLF-YRLDVVQINENQGNRSNNS------------------------------------------NKEYRLI---NCNTSAI-T---QA, 0.0370, 0
1.421418, -127.3336, 160, POINT, T, VKLTPLCVTLNCTNVTNNITD-------------------------------------TMRGELKN----CSFNM-T-TN--LRD-KK-QKV-YSLF-YRLDVVQINENQGNRSNNS------------------------------------------NTEYRLI---NCNTSAI-T---QA, 0.0481, 0
1.401891, -128.9236, 20, POINT, N, VKLTPLCVTLNCTNVTNNITN-------------------------------------TMRGELKN----CSFNM-T-TE--LRD-KK-QKV-YSLF-YRLDVVQINENQGNRSNNS------------------------------------------NKEYRLI---NCNTSAI-T---QA, 0.0279, 1
1.417078, -128.2654, 161, POINT, S, VKLTPLCVTLNCTNVTNNITN-------------------------------------TMRGELKN----CSFNM-T-TE--LRD-KK-QKV-YSLF-YRLDVVQINENQGNRSNNS------------------------------------------NKSYRLI---NCNTSAI-T---QA, 0.0339, 1
1.444827, -128.1690, [160], CHUNK, ['T'], VKLTPLCVTLNCTNVTNNITN-------------------------------------TMRGELKN----CSFNM-T-TE--LRD-KK-QKV-YSLF-YRLDVVQINENQGNRSNNS------------------------------------------NTSYRLI---NCNTSAI-T---QA, 0.0339, 1
1.456232, -125.8426, 60, POINT, S, VKLTPLCVTLNCTNVTNNITN-------------------------------------TMSGELKN----CSFNM-T-TE--LRD-KK-QKV-YSLF-YRLDVVQINENQGNRSNNS------------------------------------------NTSYRLI---NCNTSAI-T---QA, 0.0339, 1
1.479507, -125.9554, 107, POINT, N, VKLTPLCVTLNCTNVTNNITN-------------------------------------TMSGELKN----CSFNM-T-TE--LRD-KK-QKV-YSLF-YRLDVVQINNNQGNRSNNS------------------------------------------NTSYRLI---NCNTSAI-T---QA, 0.0339, 0
1.461383, -4.6323, [82], CHUNK, ['I'], VKLTPLCVTLNCTNVTNNITN-------------------------------------TMSGELKN----CSFNM-T-TE--IRD-KK-QKV-YSLF-YRLDVVQINENQGNRSNNS------------------------------------------NTSYRLI---NCNTSAI-T---QA, 0.0504, 0
1.473398, -72.1453, [74], CHUNK, ['I'], VKLTPLCVTLNCTNVTNNITN-------------------------------------TMSGELKN----CSFNI-T-TE--LRD-KK-QKV-YSLF-YRLDVVQINENQGNRSNNS------------------------------------------NTSYRLI---NCNTSAI-T---QA, 0.0498, 0
1.462401, -126.1034, [59], CHUNK, ['E'], VKLTPLCVTLNCTNVTNNITN-------------------------------------TESGELKN----CSFNM-T-TE--LRD-KK-QKV-YSLF-YRLDVVQINENQGNRSNNS------------------------------------------NTSYRLI---NCNTSAI-T---QA, 0.0339, 0
1.451342, -126.3304, 99, POINT, K, VKLTPLCVTLNCTNVTNNITN-------------------------------------TMRGELKN----CSFNM-T-TE--LRD-KK-QKV-YSLF-YKLDVVQINENQGNRSNNS------------------------------------------NTSYRLI---NCNTSAI-T---QA, 0.0339, 1
1.463640, -126.4864, 62, POINT, T, VKLTPLCVTLNCTNVTNNITN-------------------------------------TMRGTLKN----CSFNM-T-TE--LRD-KK-QKV-YSLF-YKLDVVQINENQGNRSNNS------------------------------------------NTSYRLI---NCNTSAI-T---QA, 0.0339, 0
1.466044, -124.3797, 174, POINT, T, VKLTPLCVTLNCTNVTNNITN-------------------------------------TMRGELKN----CSFNM-T-TE--LRD-KK-QKV-YSLF-YKLDVVQINENQGNRSNNS------------------------------------------NTSYRLI---NCNTSTI-T---QA, 0.0294, 0
1.468507, -74.4650, [74], CHUNK, ['I'], VKLTPLCVTLNCTNVTNNITN-------------------------------------TMRGELKN----CSFNI-T-TE--LRD-KK-QKV-YSLF-YKLDVVQINENQGNRSNNS------------------------------------------NTSYRLI---NCNTSAI-T---QA, 0.0339, 0
1.473954, -124.5278, 18, POINT, N, VKLTPLCVTLNCTNVTNNNTN-------------------------------------TMRGELKN----CSFNM-T-TE--LRD-KK-QKV-YSLF-YKLDVVQINENQGNRSNNS------------------------------------------NTSYRLI---NCNTSAI-T---QA, 0.0433, 0
1.467438, -126.0542, 18, POINT, N, VKLTPLCVTLNCTNVTNNNTN-------------------------------------TMRGELKN----CSFNM-T-TE--LRD-KK-QKV-YSLF-YRLDVVQINENQGNRSNNS------------------------------------------NTSYRLI---NCNTSAI-T---QA, 0.0319, 0
1.452312, -127.9082, 89, POINT, K, VKLTPLCVTLNCTNVTNNITN-------------------------------------TMRGELKN----CSFNM-T-TE--LRD-KK-KKV-YSLF-YRLDVVQINENQGNRSNNS------------------------------------------NTSYRLI---NCNTSAI-T---QA, 0.0339, 0
1.454756, -126.1519, 165, POINT, T, VKLTPLCVTLNCTNVTNNITN-------------------------------------TMRGELKN----CSFNM-T-TE--LRD-KK-QKV-YSLF-YRLDVVQINENQGNRSNNS------------------------------------------NTSYRLT---NCNTSAI-T---QA, 0.0339, 0
1.450655, -126.5118, 63, POINT, I, VKLTPLCVTLNCTNVTNNITN-------------------------------------TMRGEIKN----CSFNM-T-TE--LRD-KK-QKV-YSLF-YRLDVVQINENQGNRSNNS------------------------------------------NTSYRLI---NCNTSAI-T---QA, 0.0339, 0
1.436772, -108.4935, 61, POINT, T, VKLTPLCVTLNCTNVTNNITN-------------------------------------TMRTELKN----CSFNM-T-TE--LRD-KK-QKV-YSLF-YRLDVVQINENQGNRSNNS------------------------------------------NKSYRLI---NCNTSAI-T---QA, 0.0293, 0
1.444327, -125.9023, 14, POINT, N, VKLTPLCVTLNCTNNTNNITN-------------------------------------TMRGELKN----CSFNM-T-TE--LRD-KK-QKV-YSLF-YRLDVVQINENQGNRSNNS------------------------------------------NKSYRLI---NCNTSAI-T---QA, 0.0339, 1
1.449180, -126.3077, 90, POINT, N, VKLTPLCVTLNCTNNTNNITN-------------------------------------TMRGELKN----CSFNM-T-TE--LRD-KK-QNV-YSLF-YRLDVVQINENQGNRSNNS------------------------------------------NKSYRLI---NCNTSAI-T---QA, 0.0339, 1
1.485200, -126.3601, [112, 113], CHUNK, ['T', 'N'], VKLTPLCVTLNCTNNTNNITN-------------------------------------TMRGELKN----CSFNM-T-TE--LRD-KK-QNV-YSLF-YRLDVVQINENQGNTNNNS------------------------------------------NKSYRLI---NCNTSAI-T---QA, 0.0339, 0
------END OF DATA------
Best coverage = 1.45623244554
Best sequence = VKLTPLCVTLNCTNVTNNITN-------------------------------------TMSGELKN----CSFNM-T-TE--LRD-KK-QKV-YSLF-YRLDVVQINENQGNRSNNS------------------------------------------NTSYRLI---NCNTSAI-T---QA
Best energy = -125.842643442
Best RMSD = 0.033935751766
Hard Covereage = 0.0648394544484
Num epitopes = 68
