Name base = V1V2_200_sq_9_3_ni
Iters = 200
Soft coverage = 1.31203964383
Energy = -128.717377515
Hard Covereage = 0.0368019545157
Num epitopes = 65
Initial seq = VKLTPLCVTLQCTNVTNNITD-------------------------------------DMRGELKN----CSFNM-T-TE--LRD-KK-QKV-YSLF-YRLDVVQINENQGNRSNNS------------------------------------------NKEYRLI---NCNTSAI-T---QA
-------START OF DATA------
1.364905, -125.8007, [160, 161, 165], CHUNK, ['T', 'S', 'T'], VKLTPLCVTLQCTNVTNNITD-------------------------------------DMRGELKN----CSFNM-T-TE--LRD-KK-QKV-YSLF-YRLDVVQINENQGNRSNNS------------------------------------------NTSYRLT---NCNTSAI-T---QA, 0.0000, 1
1.414061, -125.7172, [10], CHUNK, ['N'], VKLTPLCVTLNCTNVTNNITD-------------------------------------DMRGELKN----CSFNM-T-TE--LRD-KK-QKV-YSLF-YRLDVVQINENQGNRSNNS------------------------------------------NTSYRLT---NCNTSAI-T---QA, 0.0000, 1
1.447519, -122.5738, [18, 20], CHUNK, ['N', 'S'], VKLTPLCVTLNCTNVTNNNTS-------------------------------------DMRGELKN----CSFNM-T-TE--LRD-KK-QKV-YSLF-YRLDVVQINENQGNRSNNS------------------------------------------NTSYRLT---NCNTSAI-T---QA, 0.0000, 0
1.431897, -105.9264, 61, POINT, T, VKLTPLCVTLNCTNVTNNITD-------------------------------------DMRTELKN----CSFNM-T-TE--LRD-KK-QKV-YSLF-YRLDVVQINENQGNRSNNS------------------------------------------NTSYRLT---NCNTSAI-T---QA, 0.1375, 0
1.453264, -80.6710, [74, 79], CHUNK, ['I', 'N'], VKLTPLCVTLNCTNVTNNITD-------------------------------------DMRGELKN----CSFNI-T-TN--LRD-KK-QKV-YSLF-YRLDVVQINENQGNRSNNS------------------------------------------NTSYRLT---NCNTSAI-T---QA, 0.6713, 0
1.429792, -94.4703, 74, POINT, V, VKLTPLCVTLNCTNVTNNITD-------------------------------------DMRGELKN----CSFNV-T-TE--LRD-KK-QKV-YSLF-YRLDVVQINENQGNRSNNS------------------------------------------NTSYRLT---NCNTSAI-T---QA, 0.5269, 0
1.414061, -125.7172, [10], CHUNK, ['N'], VKLTPLCVTLNCTNVTNNITD-------------------------------------DMRGELKN----CSFNM-T-TE--LRD-KK-QKV-YSLF-YRLDVVQINENQGNRSNNS------------------------------------------NTSYRLT---NCNTSAI-T---QA, 0.0000, 1
1.416821, -125.2189, 58, POINT, E, VKLTPLCVTLNCTNVTNNITD-------------------------------------EMRGELKN----CSFNM-T-TE--LRD-KK-QKV-YSLF-YRLDVVQINENQGNRSNNS------------------------------------------NTSYRLT---NCNTSAI-T---QA, 0.0000, 1
1.456024, -68.6876, [74, 79], CHUNK, ['I', 'N'], VKLTPLCVTLNCTNVTNNITD-------------------------------------EMRGELKN----CSFNI-T-TN--LRD-KK-QKV-YSLF-YRLDVVQINENQGNRSNNS------------------------------------------NTSYRLT---NCNTSAI-T---QA, 0.7401, 0
1.433458, -122.8347, 18, POINT, N, VKLTPLCVTLNCTNVTNNNTD-------------------------------------EMRGELKN----CSFNM-T-TE--LRD-KK-QKV-YSLF-YRLDVVQINENQGNRSNNS------------------------------------------NTSYRLT---NCNTSAI-T---QA, 0.0000, 1
1.465744, -13.8945, [74, 79, 82], CHUNK, ['I', 'S', 'I'], VKLTPLCVTLNCTNVTNNNTD-------------------------------------EMRGELKN----CSFNI-T-TS--IRD-KK-QKV-YSLF-YRLDVVQINENQGNRSNNS------------------------------------------NTSYRLT---NCNTSAI-T---QA, 0.4921, 0
1.465181, -118.5659, [74], CHUNK, ['T'], VKLTPLCVTLNCTNVTNNNTD-------------------------------------EMRGELKN----CSFNT-T-TE--LRD-KK-QKV-YSLF-YRLDVVQINENQGNRSNNS------------------------------------------NTSYRLT---NCNTSAI-T---QA, 0.0000, 1
1.492621, -49.0226, [79, 82], CHUNK, ['N', 'I'], VKLTPLCVTLNCTNVTNNNTD-------------------------------------EMRGELKN----CSFNT-T-TN--IRD-KK-QKV-YSLF-YRLDVVQINENQGNRSNNS------------------------------------------NTSYRLT---NCNTSAI-T---QA, 1.0499, 0
1.486520, -119.3563, 20, POINT, N, VKLTPLCVTLNCTNVTNNNTN-------------------------------------EMRGELKN----CSFNT-T-TE--LRD-KK-QKV-YSLF-YRLDVVQINENQGNRSNNS------------------------------------------NTSYRLT---NCNTSAI-T---QA, 0.1089, 0
1.488554, -117.6206, 59, POINT, T, VKLTPLCVTLNCTNVTNNNTD-------------------------------------ETRGELKN----CSFNT-T-TE--LRD-KK-QKV-YSLF-YRLDVVQINENQGNRSNNS------------------------------------------NTSYRLT---NCNTSAI-T---QA, 0.0000, 0
1.471696, -116.6226, 99, POINT, K, VKLTPLCVTLNCTNVTNNNTD-------------------------------------EMRGELKN----CSFNT-T-TE--LRD-KK-QKV-YSLF-YKLDVVQINENQGNRSNNS------------------------------------------NTSYRLT---NCNTSAI-T---QA, 0.0000, 1
1.490160, -114.2958, 58, POINT, T, VKLTPLCVTLNCTNVTNNNTD-------------------------------------TMRGELKN----CSFNT-T-TE--LRD-KK-QKV-YSLF-YKLDVVQINENQGNRSNNS------------------------------------------NTSYRLT---NCNTSAI-T---QA, 0.0000, 0
1.499136, -50.7574, [79, 82], CHUNK, ['N', 'I'], VKLTPLCVTLNCTNVTNNNTD-------------------------------------EMRGELKN----CSFNT-T-TN--IRD-KK-QKV-YSLF-YKLDVVQINENQGNRSNNS------------------------------------------NTSYRLT---NCNTSAI-T---QA, 0.3395, 0
1.493613, -116.4089, [79], CHUNK, ['N'], VKLTPLCVTLNCTNVTNNNTD-------------------------------------EMRGELKN----CSFNT-T-TN--LRD-KK-QKV-YSLF-YKLDVVQINENQGNRSNNS------------------------------------------NTSYRLT---NCNTSAI-T---QA, 0.2425, 0
1.501177, -106.8009, [59, 60, 63], CHUNK, ['T', 'I', 'I'], VKLTPLCVTLNCTNVTNNNTD-------------------------------------ETIGEIKN----CSFNT-T-TE--LRD-KK-QKV-YSLF-YKLDVVQINENQGNRSNNS------------------------------------------NTSYRLT---NCNTSAI-T---QA, 0.0000, 0
1.485433, -67.6094, [58, 59, 60, 61, 63], CHUNK, ['I', 'D', 'K', 'E', 'I'], VKLTPLCVTLNCTNVTNNNTD-------------------------------------IDKEEIKN----CSFNT-T-TE--LRD-KK-QKV-YSLF-YRLDVVQINENQGNRSNNS------------------------------------------NTSYRLT---NCNTSAI-T---QA, 0.3296, 0
1.486121, -119.0759, 110, POINT, S, VKLTPLCVTLNCTNVTNNNTD-------------------------------------EMRGELKN----CSFNT-T-TE--LRD-KK-QKV-YSLF-YRLDVVQINENQSNRSNNS------------------------------------------NTSYRLT---NCNTSAI-T---QA, 0.0000, 0
1.482584, -116.0199, [98, 99, 104], CHUNK, ['N', 'K', 'P'], VKLTPLCVTLNCTNVTNNNTD-------------------------------------EMRGELKN----CSFNT-T-TE--LRD-KK-QKV-YSLF-NKLDVVPINENQGNRSNNS------------------------------------------NTSYRLT---NCNTSAI-T---QA, 0.0601, 0
1.485978, -57.9506, [59, 60, 61, 63], CHUNK, ['L', 'T', 'E', 'V'], VKLTPLCVTLNCTNVTNNNTD-------------------------------------ELTEEVKN----CSFNT-T-TE--LRD-KK-QKV-YSLF-YRLDVVQINENQGNRSNNS------------------------------------------NTSYRLT---NCNTSAI-T---QA, 0.5767, 0
1.454797, -123.2289, 20, POINT, N, VKLTPLCVTLNCTNVTNNNTN-------------------------------------EMRGELKN----CSFNM-T-TE--LRD-KK-QKV-YSLF-YRLDVVQINENQGNRSNNS------------------------------------------NTSYRLT---NCNTSAI-T---QA, 0.0000, 1
1.489844, -83.0835, [58, 59, 60, 61, 63], CHUNK, ['N', 'A', 'S', 'E', 'M'], VKLTPLCVTLNCTNVTNNNTN-------------------------------------NASEEMKN----CSFNM-T-TE--LRD-KK-QKV-YSLF-YRLDVVQINENQGNRSNNS------------------------------------------NTSYRLT---NCNTSAI-T---QA, 0.3455, 0
1.500430, 2.5419, [74, 79, 82], CHUNK, ['I', 'N', 'I'], VKLTPLCVTLNCTNVTNNNTN-------------------------------------EMRGELKN----CSFNI-T-TN--IRD-KK-QKV-YSLF-YRLDVVQINENQGNRSNNS------------------------------------------NTSYRLT---NCNTSAI-T---QA, 0.5154, 0
1.474622, -115.2169, [58, 59, 60, 63], CHUNK, ['I', 'E', 'K', 'I'], VKLTPLCVTLNCTNVTNNNTN-------------------------------------IEKGEIKN----CSFNM-T-TE--LRD-KK-QKV-YSLF-YRLDVVQINENQGNRSNNS------------------------------------------NTSYRLT---NCNTSAI-T---QA, 0.1467, 1
1.505807, -110.7752, 74, POINT, T, VKLTPLCVTLNCTNVTNNNTN-------------------------------------IEKGEIKN----CSFNT-T-TE--LRD-KK-QKV-YSLF-YRLDVVQINENQGNRSNNS------------------------------------------NTSYRLT---NCNTSAI-T---QA, 0.1467, 0
1.502504, -73.2067, [74, 79], CHUNK, ['I', 'S'], VKLTPLCVTLNCTNVTNNNTN-------------------------------------IEKGEIKN----CSFNI-T-TS--LRD-KK-QKV-YSLF-YRLDVVQINENQGNRSNNS------------------------------------------NTSYRLT---NCNTSAI-T---QA, 0.7348, 0
1.507025, -109.4660, [71, 74], CHUNK, ['T', 'T'], VKLTPLCVTLNCTNVTNNNTN-------------------------------------IEKGEIKN----CTFNT-T-TE--LRD-KK-QKV-YSLF-YRLDVVQINENQGNRSNNS------------------------------------------NTSYRLT---NCNTSAI-T---QA, 0.1467, 0
1.481729, -114.3580, 59, POINT, I, VKLTPLCVTLNCTNVTNNNTN-------------------------------------IIKGEIKN----CSFNM-T-TE--LRD-KK-QKV-YSLF-YRLDVVQINENQGNRSNNS------------------------------------------NTSYRLT---NCNTSAI-T---QA, 0.1467, 0
1.474296, -122.5043, 79, POINT, N, VKLTPLCVTLNCTNVTNNNTN-------------------------------------EMRGELKN----CSFNM-T-TN--LRD-KK-QKV-YSLF-YRLDVVQINENQGNRSNNS------------------------------------------NTSYRLT---NCNTSAI-T---QA, 0.0000, 0
1.475505, -123.5031, 14, POINT, T, VKLTPLCVTLNCTNTTNNNTN-------------------------------------EMRGELKN----CSFNM-T-TE--LRD-KK-QKV-YSLF-YRLDVVQINENQGNRSNNS------------------------------------------NTSYRLT---NCNTSAI-T---QA, 0.0000, 1
1.488919, -125.1557, 59, POINT, I, VKLTPLCVTLNCTNTTNNNTN-------------------------------------EIRGELKN----CSFNM-T-TE--LRD-KK-QKV-YSLF-YRLDVVQINENQGNRSNNS------------------------------------------NTSYRLT---NCNTSAI-T---QA, 0.0658, 1
1.497361, -125.7732, 84, POINT, N, VKLTPLCVTLNCTNTTNNNTN-------------------------------------EIRGELKN----CSFNM-T-TE--LRN-KK-QKV-YSLF-YRLDVVQINENQGNRSNNS------------------------------------------NTSYRLT---NCNTSAI-T---QA, 0.0658, 1
1.534584, -99.0134, [74, 79], CHUNK, ['V', 'N'], VKLTPLCVTLNCTNTTNNNTN-------------------------------------EIRGELKN----CSFNV-T-TN--LRN-KK-QKV-YSLF-YRLDVVQINENQGNRSNNS------------------------------------------NTSYRLT---NCNTSAI-T---QA, 0.6126, 0
1.524026, -71.7638, [74, 79], CHUNK, ['I', 'S'], VKLTPLCVTLNCTNTTNNNTN-------------------------------------EIRGELKN----CSFNI-T-TS--LRN-KK-QKV-YSLF-YRLDVVQINENQGNRSNNS------------------------------------------NTSYRLT---NCNTSAI-T---QA, 0.5876, 0
1.524026, -91.3739, [74, 79], CHUNK, ['I', 'S'], VKLTPLCVTLNCTNTTNNNTN-------------------------------------EIRGELKN----CSFNI-T-TS--LRN-KK-QKV-YSLF-YRLDVVQINENQGNRSNNS------------------------------------------NTSYRLT---NCNTSAI-T---QA, 0.3044, 0
1.540231, -35.7496, [74, 79, 82], CHUNK, ['V', 'N', 'I'], VKLTPLCVTLNCTNTTNNNTN-------------------------------------EIRGELKN----CSFNV-T-TN--IRN-KK-QKV-YSLF-YRLDVVQINENQGNRSNNS------------------------------------------NTSYRLT---NCNTSAI-T---QA, 0.8157, 0
1.503971, -124.1891, 104, POINT, S, VKLTPLCVTLNCTNTTNNNTN-------------------------------------EIRGELKN----CSFNM-T-TE--LRD-KK-QKV-YSLF-YRLDVVSINENQGNRSNNS------------------------------------------NTSYRLT---NCNTSAI-T---QA, 0.0658, 1
1.521336, -123.1322, [89, 90, 91, 94], CHUNK, ['K', 'N', 'E', 'A'], VKLTPLCVTLNCTNTTNNNTN-------------------------------------EIRGELKN----CSFNM-T-TE--LRD-KK-KNE-YALF-YRLDVVSINENQGNRSNNS------------------------------------------NTSYRLT---NCNTSAI-T---QA, 0.0658, 0
1.529463, -27.1834, [79, 82], CHUNK, ['N', 'I'], VKLTPLCVTLNCTNTTNNNTN-------------------------------------EIRGELKN----CSFNM-T-TN--IRD-KK-QKV-YSLF-YRLDVVSINENQGNRSNNS------------------------------------------NTSYRLT---NCNTSAI-T---QA, 0.8846, 0
1.521136, -62.8746, [74], CHUNK, ['I'], VKLTPLCVTLNCTNTTNNNTN-------------------------------------EIRGELKN----CSFNI-T-TE--LRD-KK-QKV-YSLF-YRLDVVSINENQGNRSNNS------------------------------------------NTSYRLT---NCNTSAI-T---QA, 0.6836, 0
1.522619, -79.9072, [71, 74], CHUNK, ['T', 'I'], VKLTPLCVTLNCTNTTNNNTN-------------------------------------EIRGELKN----CTFNI-T-TE--LRD-KK-QKV-YSLF-YRLDVVSINENQGNRSNNS------------------------------------------NTSYRLT---NCNTSAI-T---QA, 0.2729, 0
1.534552, 23.6281, [74, 79, 82], CHUNK, ['I', 'N', 'I'], VKLTPLCVTLNCTNTTNNNTN-------------------------------------EIRGELKN----CSFNI-T-TN--IRD-KK-QKV-YSLF-YRLDVVQINENQGNRSNNS------------------------------------------NTSYRLT---NCNTSAI-T---QA, 0.3923, 0
1.520642, -120.8768, [74], CHUNK, ['T'], VKLTPLCVTLNCTNTTNNNTN-------------------------------------EIRGELKN----CSFNT-T-TE--LRD-KK-QKV-YSLF-YRLDVVQINENQGNRSNNS------------------------------------------NTSYRLT---NCNTSAI-T---QA, 0.0658, 0
1.504650, -107.3526, 74, POINT, V, VKLTPLCVTLNCTNTTNNNTN-------------------------------------EIRGELKN----CSFNV-T-TE--LRD-KK-QKV-YSLF-YRLDVVQINENQGNRSNNS------------------------------------------NTSYRLT---NCNTSAI-T---QA, 0.3492, 0
1.514412, -21.9869, [79, 82], CHUNK, ['N', 'I'], VKLTPLCVTLNCTNTTNNNTN-------------------------------------EIRGELKN----CSFNM-T-TN--IRD-KK-QKV-YSLF-YRLDVVQINENQGNRSNNS------------------------------------------NTSYRLT---NCNTSAI-T---QA, 0.3975, 0
1.492751, -111.7777, [58, 59, 60, 63], CHUNK, ['V', 'E', 'K', 'I'], VKLTPLCVTLNCTNTTNNNTN-------------------------------------VEKGEIKN----CSFNM-T-TE--LRD-KK-QKV-YSLF-YRLDVVQINENQGNRSNNS------------------------------------------NTSYRLT---NCNTSAI-T---QA, 0.0000, 0
1.524318, -118.9875, [74, 79], CHUNK, ['T', 'T'], VKLTPLCVTLNCTNTTNNNTN-------------------------------------EMRGELKN----CSFNT-T-TT--LRD-KK-QKV-YSLF-YRLDVVQINENQGNRSNNS------------------------------------------NTSYRLT---NCNTSAI-T---QA, 0.0000, 1
1.529145, -117.0613, 63, POINT, I, VKLTPLCVTLNCTNTTNNNTN-------------------------------------EMRGEIKN----CSFNT-T-TT--LRD-KK-QKV-YSLF-YRLDVVQINENQGNRSNNS------------------------------------------NTSYRLT---NCNTSAI-T---QA, 0.0000, 0
1.539369, -118.0195, 104, POINT, S, VKLTPLCVTLNCTNTTNNNTN-------------------------------------EMRGELKN----CSFNT-T-TT--LRD-KK-QKV-YSLF-YRLDVVSINENQGNRSNNS------------------------------------------NTSYRLT---NCNTSAI-T---QA, 0.0000, 0
1.541498, -115.2087, [58, 59, 60, 63], CHUNK, ['K', 'E', 'K', 'I'], VKLTPLCVTLNCTNTTNNNTN-------------------------------------KEKGEIKN----CSFNT-T-TT--LRD-KK-QKV-YSLF-YRLDVVQINENQGNRSNNS------------------------------------------NTSYRLT---NCNTSAI-T---QA, 0.0000, 0
1.547592, -119.1003, 107, POINT, N, VKLTPLCVTLNCTNTTNNNTN-------------------------------------EMRGELKN----CSFNT-T-TT--LRD-KK-QKV-YSLF-YRLDVVQINNNQGNRSNNS------------------------------------------NTSYRLT---NCNTSAI-T---QA, 0.0000, 0
1.498264, -121.5087, 58, POINT, T, VKLTPLCVTLNCTNTTNNNTN-------------------------------------TMRGELKN----CSFNM-T-TE--LRD-KK-QKV-YSLF-YRLDVVQINENQGNRSNNS------------------------------------------NTSYRLT---NCNTSAI-T---QA, 0.1306, 0
1.501115, -116.8840, [87, 89, 91, 94], CHUNK, ['N', 'S', 'E', 'A'], VKLTPLCVTLNCTNTTNNNTN-------------------------------------EMRGELKN----CSFNM-T-TE--LRD-KN-SKE-YALF-YRLDVVQINENQGNRSNNS------------------------------------------NTSYRLT---NCNTSAI-T---QA, 0.0000, 0
1.492670, -89.0662, 74, POINT, I, VKLTPLCVTLNCTNTTNNNTN-------------------------------------EMRGELKN----CSFNI-T-TE--LRD-KK-QKV-YSLF-YRLDVVQINENQGNRSNNS------------------------------------------NTSYRLT---NCNTSAI-T---QA, 0.6328, 0
1.492670, -80.0525, 74, POINT, I, VKLTPLCVTLNCTNTTNNNTN-------------------------------------EMRGELKN----CSFNI-T-TE--LRD-KK-QKV-YSLF-YRLDVVQINENQGNRSNNS------------------------------------------NTSYRLT---NCNTSAI-T---QA, 0.7852, 0
1.484784, -41.3455, [74, 79, 82], CHUNK, ['V', 'S', 'I'], VKLTPLCVTLNCTNVTNNNTN-------------------------------------EMRGELKN----CSFNV-T-TS--IRD-KK-QKV-YSLF-YRLDVVQINENQGNRSNNS------------------------------------------NTSYRLT---NCNTSAI-T---QA, 0.6918, 0
1.470528, -93.4178, 74, POINT, V, VKLTPLCVTLNCTNVTNNNTN-------------------------------------EMRGELKN----CSFNV-T-TE--LRD-KK-QKV-YSLF-YRLDVVQINENQGNRSNNS------------------------------------------NTSYRLT---NCNTSAI-T---QA, 0.3638, 0
1.494000, -67.4274, [74, 79], CHUNK, ['I', 'N'], VKLTPLCVTLNCTNVTNNNTN-------------------------------------EMRGELKN----CSFNI-T-TN--LRD-KK-QKV-YSLF-YRLDVVQINENQGNRSNNS------------------------------------------NTSYRLT---NCNTSAI-T---QA, 0.9342, 0
1.488573, -119.4930, [104, 105, 107, 108, 109, 110, 111, 112], CHUNK, ['P', 'L', 'G', 'D', 'S', 'N', 'S', 'S'], VKLTPLCVTLNCTNVTNNNTN-------------------------------------EMRGELKN----CSFNM-T-TE--LRD-KK-QKV-YSLF-YRLDVVPLNGDSNSSSNNS------------------------------------------NTSYRLT---NCNTSAI-T---QA, 0.0000, 0
1.456732, -122.9475, 107, POINT, N, VKLTPLCVTLNCTNVTNNNTD-------------------------------------EMRGELKN----CSFNM-T-TE--LRD-KK-QKV-YSLF-YRLDVVQINNNQGNRSNNS------------------------------------------NTSYRLT---NCNTSAI-T---QA, 0.0000, 1
1.478071, -124.2883, 20, POINT, N, VKLTPLCVTLNCTNVTNNNTN-------------------------------------EMRGELKN----CSFNM-T-TE--LRD-KK-QKV-YSLF-YRLDVVQINNNQGNRSNNS------------------------------------------NTSYRLT---NCNTSAI-T---QA, 0.1109, 1
1.485333, -120.6660, 20, POINT, T, VKLTPLCVTLNCTNVTNNNTT-------------------------------------EMRGELKN----CSFNM-T-TE--LRD-KK-QKV-YSLF-YRLDVVQINNNQGNRSNNS------------------------------------------NTSYRLT---NCNTSAI-T---QA, 0.1109, 0
1.487938, -122.5218, 93, POINT, N, VKLTPLCVTLNCTNVTNNNTN-------------------------------------EMRGELKN----CSFNM-T-TE--LRD-KK-QKV-NSLF-YRLDVVQINNNQGNRSNNS------------------------------------------NTSYRLT---NCNTSAI-T---QA, 0.1109, 0
1.519583, 4.4984, [79, 82, 83, 84], CHUNK, ['S', 'I', 'N', 'T'], VKLTPLCVTLNCTNVTNNNTN-------------------------------------EMRGELKN----CSFNM-T-TS--INT-KK-QKV-YSLF-YRLDVVQINNNQGNRSNNS------------------------------------------NTSYRLT---NCNTSAI-T---QA, 0.1109, 0
1.493802, -104.4071, 74, POINT, V, VKLTPLCVTLNCTNVTNNNTN-------------------------------------EMRGELKN----CSFNV-T-TE--LRD-KK-QKV-YSLF-YRLDVVQINNNQGNRSNNS------------------------------------------NTSYRLT---NCNTSAI-T---QA, 0.4291, 1
1.516373, -102.3824, 58, POINT, T, VKLTPLCVTLNCTNVTNNNTN-------------------------------------TMRGELKN----CSFNV-T-TE--LRD-KK-QKV-YSLF-YRLDVVQINNNQGNRSNNS------------------------------------------NTSYRLT---NCNTSAI-T---QA, 0.4291, 0
1.500575, -85.2982, 174, POINT, V, VKLTPLCVTLNCTNVTNNNTN-------------------------------------EMRGELKN----CSFNV-T-TE--LRD-KK-QKV-YSLF-YRLDVVQINNNQGNRSNNS------------------------------------------NTSYRLT---NCNTSVI-T---QA, 0.4006, 0
1.508479, -103.9994, [174], CHUNK, ['T'], VKLTPLCVTLNCTNVTNNNTN-------------------------------------EMRGELKN----CSFNV-T-TE--LRD-KK-QKV-YSLF-YRLDVVQINNNQGNRSNNS------------------------------------------NTSYRLT---NCNTSTI-T---QA, 0.4776, 0
1.517274, -31.4418, [74, 79], CHUNK, ['I', 'N'], VKLTPLCVTLNCTNVTNNNTN-------------------------------------EMRGELKN----CSFNI-T-TN--LRD-KK-QKV-YSLF-YRLDVVQINNNQGNRSNNS------------------------------------------NTSYRLT---NCNTSAI-T---QA, 0.7097, 0
1.499057, -119.2561, 60, POINT, T, VKLTPLCVTLNCTNVTNNNTN-------------------------------------EMTGELKN----CSFNM-T-TE--LRD-KK-QKV-YSLF-YRLDVVQINNNQGNRSNNS------------------------------------------NTSYRLT---NCNTSAI-T---QA, 0.1109, 1
1.518556, -118.5339, 79, POINT, N, VKLTPLCVTLNCTNVTNNNTN-------------------------------------EMTGELKN----CSFNM-T-TN--LRD-KK-QKV-YSLF-YRLDVVQINNNQGNRSNNS------------------------------------------NTSYRLT---NCNTSAI-T---QA, 0.1109, 1
1.551659, -99.8340, [58, 59, 60, 61, 63], CHUNK, ['G', 'N', 'Y', 'T', 'I'], VKLTPLCVTLNCTNVTNNNTN-------------------------------------GNYTEIKN----CSFNM-T-TN--LRD-KK-QKV-YSLF-YRLDVVQINNNQGNRSNNS------------------------------------------NTSYRLT---NCNTSAI-T---QA, 0.1109, 0
1.538338, -115.5224, [99, 102, 104], CHUNK, ['K', 'I', 'S'], VKLTPLCVTLNCTNVTNNNTN-------------------------------------EMTGELKN----CSFNM-T-TN--LRD-KK-QKV-YSLF-YKLDIVSINNNQGNRSNNS------------------------------------------NTSYRLT---NCNTSAI-T---QA, 0.1109, 1
1.565622, -113.1966, 14, POINT, N, VKLTPLCVTLNCTNNTNNNTN-------------------------------------EMTGELKN----CSFNM-T-TN--LRD-KK-QKV-YSLF-YKLDIVSINNNQGNRSNNS------------------------------------------NTSYRLT---NCNTSAI-T---QA, 0.1109, 0
1.558042, -62.6243, [74], CHUNK, ['I'], VKLTPLCVTLNCTNVTNNNTN-------------------------------------EMTGELKN----CSFNI-T-TN--LRD-KK-QKV-YSLF-YKLDIVSINNNQGNRSNNS------------------------------------------NTSYRLT---NCNTSAI-T---QA, 0.7530, 0
1.556128, -103.4247, 74, POINT, V, VKLTPLCVTLNCTNVTNNNTN-------------------------------------EMTGELKN----CSFNV-T-TN--LRD-KK-QKV-YSLF-YKLDIVSINNNQGNRSNNS------------------------------------------NTSYRLT---NCNTSAI-T---QA, 0.1828, 0
1.572478, -111.0918, 74, POINT, T, VKLTPLCVTLNCTNVTNNNTN-------------------------------------EMTGELKN----CSFNT-T-TN--LRD-KK-QKV-YSLF-YKLDIVSINNNQGNRSNNS------------------------------------------NTSYRLT---NCNTSAI-T---QA, 0.1109, 0
1.525272, -118.0601, 89, POINT, K, VKLTPLCVTLNCTNVTNNNTN-------------------------------------EMTGELKN----CSFNM-T-TN--LRD-KK-KKV-YSLF-YRLDVVQINNNQGNRSNNS------------------------------------------NTSYRLT---NCNTSAI-T---QA, 0.1109, 0
1.529539, 0.4395, [82, 87, 89], CHUNK, ['I', 'I', 'K'], VKLTPLCVTLNCTNVTNNNTN-------------------------------------EMTGELKN----CSFNM-T-TN--IRD-KI-KKV-YSLF-YRLDVVQINNNQGNRSNNS------------------------------------------NTSYRLT---NCNTSAI-T---QA, 0.2788, 0
1.536346, -100.3404, 74, POINT, V, VKLTPLCVTLNCTNVTNNNTN-------------------------------------EMTGELKN----CSFNV-T-TN--LRD-KK-QKV-YSLF-YRLDVVQINNNQGNRSNNS------------------------------------------NTSYRLT---NCNTSAI-T---QA, 0.6855, 0
1.525285, -114.8309, 63, POINT, I, VKLTPLCVTLNCTNVTNNNTN-------------------------------------EMTGEIKN----CSFNM-T-TN--LRD-KK-QKV-YSLF-YRLDVVQINNNQGNRSNNS------------------------------------------NTSYRLT---NCNTSAI-T---QA, 0.1109, 0
1.539200, -116.6189, [58, 63], CHUNK, ['N', 'I'], VKLTPLCVTLNCTNVTNNNTN-------------------------------------NMTGEIKN----CSFNM-T-TE--LRD-KK-QKV-YSLF-YRLDVVQINNNQGNRSNNS------------------------------------------NTSYRLT---NCNTSAI-T---QA, 0.1109, 0
1.524549, -24.9917, [79, 82], CHUNK, ['N', 'I'], VKLTPLCVTLNCTNVTNNNTN-------------------------------------EMTGELKN----CSFNM-T-TN--IRD-KK-QKV-YSLF-YRLDVVQINNNQGNRSNNS------------------------------------------NTSYRLT---NCNTSAI-T---QA, 0.5536, 0
1.531805, -119.6273, 59, POINT, N, VKLTPLCVTLNCTNVTNNNTN-------------------------------------ENTGELKN----CSFNM-T-TE--LRD-KK-QKV-YSLF-YRLDVVQINNNQGNRSNNS------------------------------------------NTSYRLT---NCNTSAI-T---QA, 0.1109, 0
1.538260, -77.5524, [74, 79], CHUNK, ['I', 'N'], VKLTPLCVTLNCTNVTNNNTN-------------------------------------EMTGELKN----CSFNI-T-TN--LRD-KK-QKV-YSLF-YRLDVVQINNNQGNRSNNS------------------------------------------NTSYRLT---NCNTSAI-T---QA, 0.6055, 0
1.507404, -79.8912, [58, 59, 60, 61, 63], CHUNK, ['T', 'G', 'I', 'K', 'M'], VKLTPLCVTLNCTNVTNNNTN-------------------------------------TGIKEMKN----CSFNM-T-TE--LRD-KK-QKV-YSLF-YRLDVVQINNNQGNRSNNS------------------------------------------NTSYRLT---NCNTSAI-T---QA, 0.1109, 0
1.509542, -123.3092, 109, POINT, S, VKLTPLCVTLNCTNVTNNNTN-------------------------------------EMRGELKN----CSFNM-T-TE--LRD-KK-QKV-YSLF-YRLDVVQINNNSGNRSNNS------------------------------------------NTSYRLT---NCNTSAI-T---QA, 0.1109, 0
1.495236, -76.7438, [74], CHUNK, ['I'], VKLTPLCVTLNCTNVTNNNTN-------------------------------------EMRGELKN----CSFNI-T-TE--LRD-KK-QKV-YSLF-YRLDVVQINNNQGNRSNNS------------------------------------------NTSYRLT---NCNTSAI-T---QA, 0.5545, 0
1.495236, -79.3828, [74], CHUNK, ['I'], VKLTPLCVTLNCTNVTNNNTN-------------------------------------EMRGELKN----CSFNI-T-TE--LRD-KK-QKV-YSLF-YRLDVVQINNNQGNRSNNS------------------------------------------NTSYRLT---NCNTSAI-T---QA, 0.4789, 0
1.466599, -123.9667, 93, POINT, N, VKLTPLCVTLNCTNVTNNNTD-------------------------------------EMRGELKN----CSFNM-T-TE--LRD-KK-QKV-NSLF-YRLDVVQINNNQGNRSNNS------------------------------------------NTSYRLT---NCNTSAI-T---QA, 0.0664, 1
1.485942, -121.9246, 99, POINT, T, VKLTPLCVTLNCTNVTNNNTD-------------------------------------EMRGELKN----CSFNM-T-TE--LRD-KK-QKV-NSLF-YTLDVVQINNNQGNRSNNS------------------------------------------NTSYRLT---NCNTSAI-T---QA, 0.0664, 1
1.525145, -55.7434, [74, 79], CHUNK, ['I', 'N'], VKLTPLCVTLNCTNVTNNNTD-------------------------------------EMRGELKN----CSFNI-T-TN--LRD-KK-QKV-NSLF-YTLDVVQINNNQGNRSNNS------------------------------------------NTSYRLT---NCNTSAI-T---QA, 0.6779, 0
1.501525, -119.2673, 98, POINT, N, VKLTPLCVTLNCTNVTNNNTD-------------------------------------EMRGELKN----CSFNM-T-TE--LRD-KK-QKV-NSLF-NTLDVVQINNNQGNRSNNS------------------------------------------NTSYRLT---NCNTSAI-T---QA, 0.0664, 0
1.523792, -121.5665, 109, POINT, N, VKLTPLCVTLNCTNVTNNNTD-------------------------------------EMRGELKN----CSFNM-T-TE--LRD-KK-QKV-NSLF-YTLDVVQINNNNGNRSNNS------------------------------------------NTSYRLT---NCNTSAI-T---QA, 0.0664, 0
1.513361, -70.1361, [74, 79], CHUNK, ['I', 'S'], VKLTPLCVTLNCTNVTNNNTD-------------------------------------EMRGELKN----CSFNI-T-TS--LRD-KK-QKV-NSLF-YTLDVVQINNNQGNRSNNS------------------------------------------NTSYRLT---NCNTSAI-T---QA, 0.7777, 0
1.471244, -122.2265, 63, POINT, I, VKLTPLCVTLNCTNVTNNNTD-------------------------------------EMRGEIKN----CSFNM-T-TE--LRD-KK-QKV-NSLF-YRLDVVQINNNQGNRSNNS------------------------------------------NTSYRLT---NCNTSAI-T---QA, 0.0664, 1
1.510909, -90.0878, [74, 79], CHUNK, ['I', 'N'], VKLTPLCVTLNCTNVTNNNTD-------------------------------------EMRGEIKN----CSFNI-T-TN--LRD-KK-QKV-NSLF-YRLDVVQINNNQGNRSNNS------------------------------------------NTSYRLT---NCNTSAI-T---QA, 0.4337, 0
1.510909, -81.2383, [74, 79], CHUNK, ['I', 'N'], VKLTPLCVTLNCTNVTNNNTD-------------------------------------EMRGEIKN----CSFNI-T-TN--LRD-KK-QKV-NSLF-YRLDVVQINNNQGNRSNNS------------------------------------------NTSYRLT---NCNTSAI-T---QA, 0.8398, 0
1.499265, -119.0178, 20, POINT, T, VKLTPLCVTLNCTNVTNNNTT-------------------------------------EMRGEIKN----CSFNM-T-TE--LRD-KK-QKV-NSLF-YRLDVVQINNNQGNRSNNS------------------------------------------NTSYRLT---NCNTSAI-T---QA, 0.0664, 0
1.499125, -76.0251, [74, 79], CHUNK, ['I', 'S'], VKLTPLCVTLNCTNVTNNNTD-------------------------------------EMRGEIKN----CSFNI-T-TS--LRD-KK-QKV-NSLF-YRLDVVQINNNQGNRSNNS------------------------------------------NTSYRLT---NCNTSAI-T---QA, 0.7625, 0
1.483764, -83.1783, [74], CHUNK, ['I'], VKLTPLCVTLNCTNVTNNNTD-------------------------------------EMRGELKN----CSFNI-T-TE--LRD-KK-QKV-NSLF-YRLDVVQINNNQGNRSNNS------------------------------------------NTSYRLT---NCNTSAI-T---QA, 0.7814, 0
1.498322, -119.6719, [74], CHUNK, ['T'], VKLTPLCVTLNCTNVTNNNTD-------------------------------------EMRGELKN----CSFNT-T-TE--LRD-KK-QKV-NSLF-YRLDVVQINNNQGNRSNNS------------------------------------------NTSYRLT---NCNTSAI-T---QA, 0.0664, 1
1.541983, -118.2199, 109, POINT, T, VKLTPLCVTLNCTNVTNNNTD-------------------------------------EMRGELKN----CSFNT-T-TE--LRD-KK-QKV-NSLF-YRLDVVQINNNTGNRSNNS------------------------------------------NTSYRLT---NCNTSAI-T---QA, 0.0664, 0
1.519661, -120.0492, [20], CHUNK, ['N'], VKLTPLCVTLNCTNVTNNNTN-------------------------------------EMRGELKN----CSFNT-T-TE--LRD-KK-QKV-NSLF-YRLDVVQINNNQGNRSNNS------------------------------------------NTSYRLT---NCNTSAI-T---QA, 0.0664, 0
1.506990, -27.9140, [79, 82], CHUNK, ['S', 'V'], VKLTPLCVTLNCTNVTNNNTD-------------------------------------EMRGELKN----CSFNT-T-TS--VRD-KK-QKV-NSLF-YRLDVVQINNNQGNRSNNS------------------------------------------NTSYRLT---NCNTSAI-T---QA, 0.0664, 0
1.514106, -121.2417, [163], CHUNK, ['T'], VKLTPLCVTLNCTNVTNNNTD-------------------------------------EMRGELKN----CSFNT-T-TE--LRD-KK-QKV-NSLF-YRLDVVQINNNQGNRSNNS------------------------------------------NTSYTLT---NCNTSAI-T---QA, 0.0664, 0
1.490803, 0.5283, [82, 83, 89], CHUNK, ['I', 'N', 'K'], VKLTPLCVTLNCTNVTNNNTD-------------------------------------EMRGELKN----CSFNM-T-TE--IND-KK-KKV-NSLF-YRLDVVQINNNQGNRSNNS------------------------------------------NTSYRLT---NCNTSAI-T---QA, 0.2698, 0
1.485062, -121.6403, 58, POINT, T, VKLTPLCVTLNCTNVTNNNTD-------------------------------------TMRGELKN----CSFNM-T-TE--LRD-KK-QKV-NSLF-YRLDVVQINNNQGNRSNNS------------------------------------------NTSYRLT---NCNTSAI-T---QA, 0.0664, 0
1.498322, -119.6719, [74], CHUNK, ['T'], VKLTPLCVTLNCTNVTNNNTD-------------------------------------EMRGELKN----CSFNT-T-TE--LRD-KK-QKV-NSLF-YRLDVVQINNNQGNRSNNS------------------------------------------NTSYRLT---NCNTSAI-T---QA, 0.0664, 0
1.475971, -124.5839, 84, POINT, N, VKLTPLCVTLNCTNVTNNNTD-------------------------------------EMRGELKN----CSFNM-T-TE--LRN-KK-QKV-NSLF-YRLDVVQINNNQGNRSNNS------------------------------------------NTSYRLT---NCNTSAI-T---QA, 0.0664, 1
1.482129, -122.6607, 99, POINT, K, VKLTPLCVTLNCTNVTNNNTD-------------------------------------EMRGELKN----CSFNM-T-TE--LRN-KK-QKV-NSLF-YKLDVVQINNNQGNRSNNS------------------------------------------NTSYRLT---NCNTSAI-T---QA, 0.0664, 1
1.514146, -118.3659, [74], CHUNK, ['T'], VKLTPLCVTLNCTNVTNNNTD-------------------------------------EMRGELKN----CSFNT-T-TE--LRN-KK-QKV-NSLF-YKLDVVQINNNQGNRSNNS------------------------------------------NTSYRLT---NCNTSAI-T---QA, 0.0664, 1
1.528698, -117.8349, 59, POINT, S, VKLTPLCVTLNCTNVTNNNTD-------------------------------------ESRGELKN----CSFNT-T-TE--LRN-KK-QKV-NSLF-YKLDVVQINNNQGNRSNNS------------------------------------------NTSYRLT---NCNTSAI-T---QA, 0.0664, 1
1.553952, -67.3957, [58, 59, 60, 61, 62, 63], CHUNK, ['T', 'T', 'K', 'E', 'D', 'M'], VKLTPLCVTLNCTNVTNNNTD-------------------------------------TTKEDMKN----CSFNT-T-TE--LRN-KK-QKV-NSLF-YKLDVVQINNNQGNRSNNS------------------------------------------NTSYRLT---NCNTSAI-T---QA, 0.2610, 0
1.536247, -117.2870, 174, POINT, S, VKLTPLCVTLNCTNVTNNNTD-------------------------------------ESRGELKN----CSFNT-T-TE--LRN-KK-QKV-NSLF-YKLDVVQINNNQGNRSNNS------------------------------------------NTSYRLT---NCNTSSI-T---QA, 0.0664, 1
1.540489, -117.2471, 83, POINT, K, VKLTPLCVTLNCTNVTNNNTD-------------------------------------ESRGELKN----CSFNT-T-TE--LKN-KK-QKV-NSLF-YKLDVVQINNNQGNRSNNS------------------------------------------NTSYRLT---NCNTSSI-T---QA, 0.0664, 0
1.555066, -117.7078, 83, POINT, T, VKLTPLCVTLNCTNVTNNNTD-------------------------------------ESRGELKN----CSFNT-T-TE--LTN-KK-QKV-NSLF-YKLDVVQINNNQGNRSNNS------------------------------------------NTSYRLT---NCNTSSI-T---QA, 0.0664, 0
1.545816, -113.1856, [60, 63], CHUNK, ['K', 'I'], VKLTPLCVTLNCTNVTNNNTD-------------------------------------ESKGEIKN----CSFNT-T-TE--LRN-KK-QKV-NSLF-YKLDVVQINNNQGNRSNNS------------------------------------------NTSYRLT---NCNTSSI-T---QA, 0.0664, 0
1.550073, -116.9206, 58, POINT, S, VKLTPLCVTLNCTNVTNNNTD-------------------------------------SSRGELKN----CSFNT-T-TE--LRN-KK-QKV-NSLF-YKLDVVQINNNQGNRSNNS------------------------------------------NTSYRLT---NCNTSSI-T---QA, 0.0664, 0
1.557407, -118.1685, 20, POINT, N, VKLTPLCVTLNCTNVTNNNTN-------------------------------------ESRGELKN----CSFNT-T-TE--LRN-KK-QKV-NSLF-YKLDVVQINNNQGNRSNNS------------------------------------------NTSYRLT---NCNTSAI-T---QA, 0.0664, 0
1.550406, -117.3230, [110, 111, 112, 113, 116], CHUNK, ['N', 'T', 'G', 'K', 'T'], VKLTPLCVTLNCTNVTNNNTD-------------------------------------ESRGELKN----CSFNT-T-TE--LRN-KK-QKV-NSLF-YKLDVVQINNNQNTGKNNT------------------------------------------NTSYRLT---NCNTSAI-T---QA, 0.0664, 1
1.564232, -116.9566, 58, POINT, S, VKLTPLCVTLNCTNVTNNNTD-------------------------------------SSRGELKN----CSFNT-T-TE--LRN-KK-QKV-NSLF-YKLDVVQINNNQNTGKNNT------------------------------------------NTSYRLT---NCNTSAI-T---QA, 0.0664, 0
1.572739, -113.9079, [19, 20], CHUNK, ['N', 'T'], VKLTPLCVTLNCTNVTNNNNT-------------------------------------ESRGELKN----CSFNT-T-TE--LRN-KK-QKV-NSLF-YKLDVVQINNNQNTGKNNT------------------------------------------NTSYRLT---NCNTSAI-T---QA, 0.0711, 0
1.563591, -117.2041, 99, POINT, T, VKLTPLCVTLNCTNVTNNNTD-------------------------------------ESRGELKN----CSFNT-T-TE--LRN-KK-QKV-NSLF-YTLDVVQINNNQNTGKNNT------------------------------------------NTSYRLT---NCNTSAI-T---QA, 0.0664, 0
1.577201, -4.4968, [79, 82], CHUNK, ['N', 'I'], VKLTPLCVTLNCTNVTNNNTD-------------------------------------ESRGELKN----CSFNT-T-TN--IRN-KK-QKV-NSLF-YKLDVVQINNNQNTGKNNT------------------------------------------NTSYRLT---NCNTSAI-T---QA, 0.2187, 0
1.532414, -118.0988, 16, POINT, T, VKLTPLCVTLNCTNVTTNNTD-------------------------------------ESRGELKN----CSFNT-T-TE--LRN-KK-QKV-NSLF-YKLDVVQINNNQGNRSNNS------------------------------------------NTSYRLT---NCNTSAI-T---QA, 0.0664, 1
1.547091, -116.1846, [174], CHUNK, ['T'], VKLTPLCVTLNCTNVTTNNTD-------------------------------------ESRGELKN----CSFNT-T-TE--LRN-KK-QKV-NSLF-YKLDVVQINNNQGNRSNNS------------------------------------------NTSYRLT---NCNTSTI-T---QA, 0.0664, 0
1.549665, -5.3940, [79, 82, 84], CHUNK, ['N', 'I', 'D'], VKLTPLCVTLNCTNVTTNNTD-------------------------------------ESRGELKN----CSFNT-T-TN--IRD-KK-QKV-NSLF-YKLDVVQINNNQGNRSNNS------------------------------------------NTSYRLT---NCNTSAI-T---QA, 0.2167, 0
1.537541, -118.2114, 104, POINT, P, VKLTPLCVTLNCTNVTTNNTD-------------------------------------ESRGELKN----CSFNT-T-TE--LRN-KK-QKV-NSLF-YKLDVVPINNNQGNRSNNS------------------------------------------NTSYRLT---NCNTSAI-T---QA, 0.0664, 0
1.547091, -116.1846, [174], CHUNK, ['T'], VKLTPLCVTLNCTNVTTNNTD-------------------------------------ESRGELKN----CSFNT-T-TE--LRN-KK-QKV-NSLF-YKLDVVQINNNQGNRSNNS------------------------------------------NTSYRLT---NCNTSTI-T---QA, 0.0664, 0
1.550931, -117.1104, 79, POINT, N, VKLTPLCVTLNCTNVTNNNTD-------------------------------------ESRGELKN----CSFNT-T-TN--LRN-KK-QKV-NSLF-YKLDVVQINNNQGNRSNNS------------------------------------------NTSYRLT---NCNTSAI-T---QA, 0.0664, 0
1.549823, -113.4852, [58, 59, 60, 63], CHUNK, ['T', 'G', 'N', 'M'], VKLTPLCVTLNCTNVTNNNTD-------------------------------------TGNGEMKN----CSFNT-T-TE--LRN-KK-QKV-NSLF-YKLDVVQINNNQGNRSNNS------------------------------------------NTSYRLT---NCNTSAI-T---QA, 0.0664, 0
1.545948, -54.4873, [79, 82, 84], CHUNK, ['N', 'I', 'D'], VKLTPLCVTLNCTNVTNNNTD-------------------------------------ESRGELKN----CSFNT-T-TN--IRD-KK-QKV-NSLF-YKLDVVQINNNQGNRSNNS------------------------------------------NTSYRLT---NCNTSAI-T---QA, 0.5010, 0
1.543987, -8.6602, [79, 82, 84, 87], CHUNK, ['N', 'I', 'D', 'I'], VKLTPLCVTLNCTNVTNNNTD-------------------------------------ESRGELKN----CSFNT-T-TN--IRD-KI-QKV-NSLF-YKLDVVQINNNQGNRSNNS------------------------------------------NTSYRLT---NCNTSAI-T---QA, 0.4819, 0
1.531396, -43.8756, [79, 82, 84], CHUNK, ['N', 'I', 'D'], VKLTPLCVTLNCTNVTNNNTD-------------------------------------EMRGELKN----CSFNT-T-TN--IRD-KK-QKV-NSLF-YKLDVVQINNNQGNRSNNS------------------------------------------NTSYRLT---NCNTSAI-T---QA, 0.5760, 0
1.520863, -93.5203, [61, 63], CHUNK, ['D', 'I'], VKLTPLCVTLNCTNVTNNNTD-------------------------------------EMRDEIKN----CSFNT-T-TE--LRN-KK-QKV-NSLF-YKLDVVQINNNQGNRSNNS------------------------------------------NTSYRLT---NCNTSAI-T---QA, 0.0664, 0
1.529376, -117.8957, [116], CHUNK, ['T'], VKLTPLCVTLNCTNVTNNNTD-------------------------------------EMRGELKN----CSFNT-T-TE--LRN-KK-QKV-NSLF-YKLDVVQINNNQGNRSNNT------------------------------------------NTSYRLT---NCNTSAI-T---QA, 0.0664, 0
1.535485, -118.7432, 20, POINT, N, VKLTPLCVTLNCTNVTNNNTN-------------------------------------EMRGELKN----CSFNT-T-TE--LRN-KK-QKV-NSLF-YKLDVVQINNNQGNRSNNS------------------------------------------NTSYRLT---NCNTSAI-T---QA, 0.0664, 0
1.503468, -123.0380, 20, POINT, N, VKLTPLCVTLNCTNVTNNNTN-------------------------------------EMRGELKN----CSFNM-T-TE--LRN-KK-QKV-NSLF-YKLDVVQINNNQGNRSNNS------------------------------------------NTSYRLT---NCNTSAI-T---QA, 0.0664, 0
1.499840, -117.2907, 60, POINT, T, VKLTPLCVTLNCTNVTNNNTD-------------------------------------EMTGELKN----CSFNM-T-TE--LRN-KK-QKV-NSLF-YKLDVVQINNNQGNRSNNS------------------------------------------NTSYRLT---NCNTSAI-T---QA, 0.0664, 0
1.499136, -90.2757, 74, POINT, I, VKLTPLCVTLNCTNVTNNNTD-------------------------------------EMRGELKN----CSFNI-T-TE--LRN-KK-QKV-NSLF-YKLDVVQINNNQGNRSNNS------------------------------------------NTSYRLT---NCNTSAI-T---QA, 0.3959, 0
1.501946, -121.9362, 79, POINT, N, VKLTPLCVTLNCTNVTNNNTD-------------------------------------EMRGELKN----CSFNM-T-TN--LRN-KK-QKV-NSLF-YKLDVVQINNNQGNRSNNS------------------------------------------NTSYRLT---NCNTSAI-T---QA, 0.0664, 0
1.506539, -14.2844, [74, 79, 82], CHUNK, ['I', 'S', 'I'], VKLTPLCVTLNCTNVTNNNTD-------------------------------------EMRGELKN----CSFNI-T-TS--IRN-KK-QKV-NSLF-YRLDVVQINNNQGNRSNNS------------------------------------------NTSYRLT---NCNTSAI-T---QA, 0.3817, 0
1.505348, -93.8920, [59, 60, 61, 63], CHUNK, ['S', 'T', 'D', 'M'], VKLTPLCVTLNCTNVTNNNTD-------------------------------------ESTDEMKN----CSFNM-T-TE--LRN-KK-QKV-NSLF-YRLDVVQINNNQGNRSNNS------------------------------------------NTSYRLT---NCNTSAI-T---QA, 0.0664, 0
1.492978, -85.3308, [74], CHUNK, ['I'], VKLTPLCVTLNCTNVTNNNTD-------------------------------------EMRGELKN----CSFNI-T-TE--LRN-KK-QKV-NSLF-YRLDVVQINNNQGNRSNNS------------------------------------------NTSYRLT---NCNTSAI-T---QA, 0.8058, 0
1.518468, -119.4387, [74, 79], CHUNK, ['T', 'S'], VKLTPLCVTLNCTNVTNNNTD-------------------------------------EMRGELKN----CSFNT-T-TS--LRN-KK-QKV-NSLF-YRLDVVQINNNQGNRSNNS------------------------------------------NTSYRLT---NCNTSAI-T---QA, 0.0664, 0
------END OF DATA------
Best coverage = 1.55040645847
Best sequence = VKLTPLCVTLNCTNVTNNNTD-------------------------------------ESRGELKN----CSFNT-T-TE--LRN-KK-QKV-NSLF-YKLDVVQINNNQNTGKNNT------------------------------------------NTSYRLT---NCNTSAI-T---QA
Best energy = -117.323040968
Best RMSD = 0.0663692504168
Hard Covereage = 0.0523396247943
Num epitopes = 56
