Name base = V1V2_200_sq_6_5_ni
Iters = 200
Soft coverage = 1.31203964383
Energy = -128.717377515
Hard Covereage = 0.0368019545157
Num epitopes = 65
Initial seq = VKLTPLCVTLQCTNVTNNITD-------------------------------------DMRGELKN----CSFNM-T-TE--LRD-KK-QKV-YSLF-YRLDVVQINENQGNRSNNS------------------------------------------NKEYRLI---NCNTSAI-T---QA
-------START OF DATA------
1.361196, -128.6274, [10], CHUNK, ['N'], VKLTPLCVTLNCTNVTNNITD-------------------------------------DMRGELKN----CSFNM-T-TE--LRD-KK-QKV-YSLF-YRLDVVQINENQGNRSNNS------------------------------------------NKEYRLI---NCNTSAI-T---QA, 0.0000, 1
1.378361, -48.9263, 74, POINT, I, VKLTPLCVTLNCTNVTNNITD-------------------------------------DMRGELKN----CSFNI-T-TE--LRD-KK-QKV-YSLF-YRLDVVQINENQGNRSNNS------------------------------------------NKEYRLI---NCNTSAI-T---QA, 0.5686, 0
1.380695, -127.9028, 79, POINT, N, VKLTPLCVTLNCTNVTNNITD-------------------------------------DMRGELKN----CSFNM-T-TN--LRD-KK-QKV-YSLF-YRLDVVQINENQGNRSNNS------------------------------------------NKEYRLI---NCNTSAI-T---QA, 0.0000, 1
1.414835, -123.6340, [74], CHUNK, ['T'], VKLTPLCVTLNCTNVTNNITD-------------------------------------DMRGELKN----CSFNT-T-TN--LRD-KK-QKV-YSLF-YRLDVVQINENQGNRSNNS------------------------------------------NKEYRLI---NCNTSAI-T---QA, 0.0000, 0
1.395882, -127.1028, 161, POINT, S, VKLTPLCVTLNCTNVTNNITD-------------------------------------DMRGELKN----CSFNM-T-TN--LRD-KK-QKV-YSLF-YRLDVVQINENQGNRSNNS------------------------------------------NKSYRLI---NCNTSAI-T---QA, 0.0000, 1
1.423631, -127.0152, [160], CHUNK, ['T'], VKLTPLCVTLNCTNVTNNITD-------------------------------------DMRGELKN----CSFNM-T-TN--LRD-KK-QKV-YSLF-YRLDVVQINENQGNRSNNS------------------------------------------NTSYRLI---NCNTSAI-T---QA, 0.0000, 1
1.453697, -122.3753, [18, 20], CHUNK, ['S', 'T'], VKLTPLCVTLNCTNVTNNSTT-------------------------------------DMRGELKN----CSFNM-T-TN--LRD-KK-QKV-YSLF-YRLDVVQINENQGNRSNNS------------------------------------------NTSYRLI---NCNTSAI-T---QA, 0.0000, 0
1.443335, -104.8641, [74], CHUNK, ['I'], VKLTPLCVTLNCTNVTNNITD-------------------------------------DMRGELKN----CSFNI-T-TN--LRD-KK-QKV-YSLF-YRLDVVQINENQGNRSNNS------------------------------------------NTSYRLI---NCNTSAI-T---QA, 0.3734, 0
1.457771, -122.7464, [74], CHUNK, ['T'], VKLTPLCVTLNCTNVTNNITD-------------------------------------DMRGELKN----CSFNT-T-TN--LRD-KK-QKV-YSLF-YRLDVVQINENQGNRSNNS------------------------------------------NTSYRLI---NCNTSAI-T---QA, 0.0000, 0
1.443335, -94.8013, 74, POINT, I, VKLTPLCVTLNCTNVTNNITD-------------------------------------DMRGELKN----CSFNI-T-TN--LRD-KK-QKV-YSLF-YRLDVVQINENQGNRSNNS------------------------------------------NTSYRLI---NCNTSAI-T---QA, 0.5406, 0
1.430022, -122.8340, 74, POINT, T, VKLTPLCVTLNCTNVTNNITD-------------------------------------DMRGELKN----CSFNT-T-TN--LRD-KK-QKV-YSLF-YRLDVVQINENQGNRSNNS------------------------------------------NKSYRLI---NCNTSAI-T---QA, 0.0000, 0
1.419156, -127.2156, 107, POINT, N, VKLTPLCVTLNCTNVTNNITD-------------------------------------DMRGELKN----CSFNM-T-TN--LRD-KK-QKV-YSLF-YRLDVVQINNNQGNRSNNS------------------------------------------NKSYRLI---NCNTSAI-T---QA, 0.0000, 1
1.438860, -100.8812, 74, POINT, I, VKLTPLCVTLNCTNVTNNITD-------------------------------------DMRGELKN----CSFNI-T-TN--LRD-KK-QKV-YSLF-YRLDVVQINNNQGNRSNNS------------------------------------------NKSYRLI---NCNTSAI-T---QA, 0.8083, 0
1.439287, -125.6621, 18, POINT, T, VKLTPLCVTLNCTNVTNNTTD-------------------------------------DMRGELKN----CSFNM-T-TN--LRD-KK-QKV-YSLF-YRLDVVQINNNQGNRSNNS------------------------------------------NKSYRLI---NCNTSAI-T---QA, 0.0000, 1
1.456736, -123.4934, 99, POINT, T, VKLTPLCVTLNCTNVTNNTTD-------------------------------------DMRGELKN----CSFNM-T-TN--LRD-KK-QKV-YSLF-YTLDVVQINNNQGNRSNNS------------------------------------------NKSYRLI---NCNTSAI-T---QA, 0.0000, 1
1.494414, -121.5514, [160, 165], CHUNK, ['T', 'T'], VKLTPLCVTLNCTNVTNNTTD-------------------------------------DMRGELKN----CSFNM-T-TN--LRD-KK-QKV-YSLF-YTLDVVQINNNQGNRSNNS------------------------------------------NTSYRLT---NCNTSAI-T---QA, 0.1012, 1
1.499396, -122.5504, 59, POINT, E, VKLTPLCVTLNCTNVTNNTTD-------------------------------------DERGELKN----CSFNM-T-TN--LRD-KK-QKV-YSLF-YTLDVVQINNNQGNRSNNS------------------------------------------NTSYRLT---NCNTSAI-T---QA, 0.1090, 1
1.514179, -14.5829, [82, 83], CHUNK, ['I', 'S'], VKLTPLCVTLNCTNVTNNTTD-------------------------------------DERGELKN----CSFNM-T-TN--ISD-KK-QKV-YSLF-YTLDVVQINNNQGNRSNNS------------------------------------------NTSYRLT---NCNTSAI-T---QA, 0.9013, 0
1.512122, -119.8790, 98, POINT, N, VKLTPLCVTLNCTNVTNNTTD-------------------------------------DERGELKN----CSFNM-T-TN--LRD-KK-QKV-YSLF-NTLDVVQINNNQGNRSNNS------------------------------------------NTSYRLT---NCNTSAI-T---QA, 0.1090, 1
1.535500, -116.7253, 20, POINT, T, VKLTPLCVTLNCTNVTNNTTT-------------------------------------DERGELKN----CSFNM-T-TN--LRD-KK-QKV-YSLF-NTLDVVQINNNQGNRSNNS------------------------------------------NTSYRLT---NCNTSAI-T---QA, 0.1090, 1
1.569640, -112.3422, [74], CHUNK, ['T'], VKLTPLCVTLNCTNVTNNTTT-------------------------------------DERGELKN----CSFNT-T-TN--LRD-KK-QKV-YSLF-NTLDVVQINNNQGNRSNNS------------------------------------------NTSYRLT---NCNTSAI-T---QA, 0.1090, 0
1.569640, -112.3422, [74], CHUNK, ['T'], VKLTPLCVTLNCTNVTNNTTT-------------------------------------DERGELKN----CSFNT-T-TN--LRD-KK-QKV-YSLF-NTLDVVQINNNQGNRSNNS------------------------------------------NTSYRLT---NCNTSAI-T---QA, 0.1090, 0
1.556847, -115.6186, 59, POINT, T, VKLTPLCVTLNCTNVTNNTTT-------------------------------------DTRGELKN----CSFNM-T-TN--LRD-KK-QKV-YSLF-NTLDVVQINNNQGNRSNNS------------------------------------------NTSYRLT---NCNTSAI-T---QA, 0.1090, 1
1.571055, -115.4784, 104, POINT, L, VKLTPLCVTLNCTNVTNNTTT-------------------------------------DTRGELKN----CSFNM-T-TN--LRD-KK-QKV-YSLF-NTLDVVLINNNQGNRSNNS------------------------------------------NTSYRLT---NCNTSAI-T---QA, 0.1090, 0
1.590987, -111.2356, 74, POINT, T, VKLTPLCVTLNCTNVTNNTTT-------------------------------------DTRGELKN----CSFNT-T-TN--LRD-KK-QKV-YSLF-NTLDVVQINNNQGNRSNNS------------------------------------------NTSYRLT---NCNTSAI-T---QA, 0.1090, 0
1.562841, -6.7301, 82, POINT, I, VKLTPLCVTLNCTNVTNNTTT-------------------------------------DTRGELKN----CSFNM-T-TN--IRD-KK-QKV-YSLF-NTLDVVQINNNQGNRSNNS------------------------------------------NTSYRLT---NCNTSAI-T---QA, 0.1011, 0
1.601783, -113.7046, [109, 110, 111, 112, 113, 114], CHUNK, ['N', 'K', 'T', 'T', 'N', 'G'], VKLTPLCVTLNCTNVTNNTTT-------------------------------------DTRGELKN----CSFNM-T-TN--LRD-KK-QKV-YSLF-NTLDVVQINNNNKTTNGNS------------------------------------------NTSYRLT---NCNTSAI-T---QA, 0.1090, 1
1.621487, -31.1406, 74, POINT, I, VKLTPLCVTLNCTNVTNNTTT-------------------------------------DTRGELKN----CSFNI-T-TN--LRD-KK-QKV-YSLF-NTLDVVQINNNNKTTNGNS------------------------------------------NTSYRLT---NCNTSAI-T---QA, 0.8106, 0
1.635923, -109.3215, [74], CHUNK, ['T'], VKLTPLCVTLNCTNVTNNTTT-------------------------------------DTRGELKN----CSFNT-T-TN--LRD-KK-QKV-YSLF-NTLDVVQINNNNKTTNGNS------------------------------------------NTSYRLT---NCNTSAI-T---QA, 0.1090, 0
1.602922, -113.7687, 102, POINT, I, VKLTPLCVTLNCTNVTNNTTT-------------------------------------DTRGELKN----CSFNM-T-TN--LRD-KK-QKV-YSLF-NTLDIVQINNNNKTTNGNS------------------------------------------NTSYRLT---NCNTSAI-T---QA, 0.1090, 0
1.610542, -114.3219, 84, POINT, N, VKLTPLCVTLNCTNVTNNTTT-------------------------------------DTRGELKN----CSFNM-T-TN--LRN-KK-QKV-YSLF-NTLDVVQINNNNKTTNGNS------------------------------------------NTSYRLT---NCNTSAI-T---QA, 0.1090, 0
1.572673, -114.6573, 104, POINT, S, VKLTPLCVTLNCTNVTNNTTT-------------------------------------DTRGELKN----CSFNM-T-TN--LRD-KK-QKV-YSLF-NTLDVVSINNNQGNRSNNS------------------------------------------NTSYRLT---NCNTSAI-T---QA, 0.1090, 0
1.576551, -89.5861, [74], CHUNK, ['I'], VKLTPLCVTLNCTNVTNNTTT-------------------------------------DTRGELKN----CSFNI-T-TN--LRD-KK-QKV-YSLF-NTLDVVQINNNQGNRSNNS------------------------------------------NTSYRLT---NCNTSAI-T---QA, 0.5485, 0
1.574637, -87.9680, 74, POINT, V, VKLTPLCVTLNCTNVTNNTTT-------------------------------------DTRGELKN----CSFNV-T-TN--LRD-KK-QKV-YSLF-NTLDVVQINNNQGNRSNNS------------------------------------------NTSYRLT---NCNTSAI-T---QA, 0.5702, 0
1.576551, -56.2214, [74], CHUNK, ['I'], VKLTPLCVTLNCTNVTNNTTT-------------------------------------DTRGELKN----CSFNI-T-TN--LRD-KK-QKV-YSLF-NTLDVVQINNNQGNRSNNS------------------------------------------NTSYRLT---NCNTSAI-T---QA, 1.1579, 0
1.575205, -90.8510, [58, 59, 60, 61, 63], CHUNK, ['T', 'N', 'I', 'A', 'M'], VKLTPLCVTLNCTNVTNNTTT-------------------------------------TNIAEMKN----CSFNM-T-TN--LRD-KK-QKV-YSLF-NTLDVVQINNNQGNRSNNS------------------------------------------NTSYRLT---NCNTSAI-T---QA, 0.1090, 0
1.577039, -96.3493, [59, 60, 61, 63], CHUNK, ['N', 'S', 'S', 'M'], VKLTPLCVTLNCTNVTNNTTT-------------------------------------DNSSEMKN----CSFNM-T-TN--LRD-KK-QKV-YSLF-NTLDVVQINNNQGNRSNNS------------------------------------------NTSYRLT---NCNTSAI-T---QA, 0.1090, 0
1.560975, -114.1665, [105, 107, 109, 110], CHUNK, ['L', 'D', 'S', 'S'], VKLTPLCVTLNCTNVTNNTTT-------------------------------------DERGELKN----CSFNM-T-TN--LRD-KK-QKV-YSLF-NTLDVVQLNDNSSNRSNNS------------------------------------------NTSYRLT---NCNTSAI-T---QA, 0.1090, 0
1.551284, -117.8365, 163, POINT, T, VKLTPLCVTLNCTNVTNNTTT-------------------------------------DERGELKN----CSFNM-T-TN--LRD-KK-QKV-YSLF-NTLDVVQINNNQGNRSNNS------------------------------------------NTSYTLT---NCNTSAI-T---QA, 0.1090, 0
1.535500, -116.7253, 20, POINT, T, VKLTPLCVTLNCTNVTNNTTT-------------------------------------DERGELKN----CSFNM-T-TN--LRD-KK-QKV-YSLF-NTLDVVQINNNQGNRSNNS------------------------------------------NTSYRLT---NCNTSAI-T---QA, 0.1090, 0
1.535500, -116.7253, 20, POINT, T, VKLTPLCVTLNCTNVTNNTTT-------------------------------------DERGELKN----CSFNM-T-TN--LRD-KK-QKV-YSLF-NTLDVVQINNNQGNRSNNS------------------------------------------NTSYRLT---NCNTSAI-T---QA, 0.1090, 1
1.555204, -44.3226, [74], CHUNK, ['I'], VKLTPLCVTLNCTNVTNNTTT-------------------------------------DERGELKN----CSFNI-T-TN--LRD-KK-QKV-YSLF-NTLDVVQINNNQGNRSNNS------------------------------------------NTSYRLT---NCNTSAI-T---QA, 1.5709, 0
1.556969, -98.1651, [61, 63], CHUNK, ['N', 'I'], VKLTPLCVTLNCTNVTNNTTT-------------------------------------DERNEIKN----CSFNM-T-TN--LRD-KK-QKV-YSLF-NTLDVVQINNNQGNRSNNS------------------------------------------NTSYRLT---NCNTSAI-T---QA, 0.1090, 0
1.551326, -115.7640, 104, POINT, S, VKLTPLCVTLNCTNVTNNTTT-------------------------------------DERGELKN----CSFNM-T-TN--LRD-KK-QKV-YSLF-NTLDVVSINNNQGNRSNNS------------------------------------------NTSYRLT---NCNTSAI-T---QA, 0.1090, 0
1.569644, -110.3544, [71, 74], CHUNK, ['T', 'T'], VKLTPLCVTLNCTNVTNNTTT-------------------------------------DERGELKN----CTFNT-T-TN--LRD-KK-QKV-YSLF-NTLDVVQINNNQGNRSNNS------------------------------------------NTSYRLT---NCNTSAI-T---QA, 0.1356, 0
1.545264, -114.7924, [58, 59, 60, 63], CHUNK, ['E', 'T', 'K', 'I'], VKLTPLCVTLNCTNVTNNTTD-------------------------------------ETKGEIKN----CSFNM-T-TN--LRD-KK-QKV-YSLF-NTLDVVQINNNQGNRSNNS------------------------------------------NTSYRLT---NCNTSAI-T---QA, 0.1090, 0
1.546262, -115.4959, [74], CHUNK, ['T'], VKLTPLCVTLNCTNVTNNTTD-------------------------------------DERGELKN----CSFNT-T-TN--LRD-KK-QKV-YSLF-NTLDVVQINNNQGNRSNNS------------------------------------------NTSYRLT---NCNTSAI-T---QA, 0.1090, 0
1.522467, -78.8893, [60, 61, 63], CHUNK, ['K', 'E', 'I'], VKLTPLCVTLNCTNVTNNTTD-------------------------------------DEKEEIKN----CSFNM-T-TN--LRD-KK-QKV-YSLF-NTLDVVQINNNQGNRSNNS------------------------------------------NTSYRLT---NCNTSAI-T---QA, 0.2264, 0
1.535424, -115.3700, [74, 79], CHUNK, ['T', 'S'], VKLTPLCVTLNCTNVTNNTTD-------------------------------------DERGELKN----CSFNT-T-TS--LRD-KK-QKV-YSLF-NTLDVVQINNNQGNRSNNS------------------------------------------NTSYRLT---NCNTSAI-T---QA, 0.1090, 1
1.543125, -114.6033, 59, POINT, I, VKLTPLCVTLNCTNVTNNTTD-------------------------------------DIRGELKN----CSFNT-T-TS--LRD-KK-QKV-YSLF-NTLDVVQINNNQGNRSNNS------------------------------------------NTSYRLT---NCNTSAI-T---QA, 0.1090, 0
1.557974, -115.8189, 20, POINT, N, VKLTPLCVTLNCTNVTNNTTN-------------------------------------DERGELKN----CSFNT-T-TS--LRD-KK-QKV-YSLF-NTLDVVQINNNQGNRSNNS------------------------------------------NTSYRLT---NCNTSAI-T---QA, 0.1090, 0
1.550101, -112.9429, [174], CHUNK, ['T'], VKLTPLCVTLNCTNVTNNTTD-------------------------------------DERGELKN----CSFNT-T-TS--LRD-KK-QKV-YSLF-NTLDVVQINNNQGNRSNNS------------------------------------------NTSYRLT---NCNTSTI-T---QA, 0.1090, 0
1.545597, -111.8677, [60, 63], CHUNK, ['K', 'I'], VKLTPLCVTLNCTNVTNNTTD-------------------------------------DEKGEIKN----CSFNT-T-TS--LRD-KK-QKV-YSLF-NTLDVVQINNNQGNRSNNS------------------------------------------NTSYRLT---NCNTSAI-T---QA, 0.1090, 0
1.520882, -120.4963, 84, POINT, N, VKLTPLCVTLNCTNVTNNTTD-------------------------------------DERGELKN----CSFNM-T-TN--LRN-KK-QKV-YSLF-NTLDVVQINNNQGNRSNNS------------------------------------------NTSYRLT---NCNTSAI-T---QA, 0.1090, 0
1.528894, -119.3795, 103, POINT, T, VKLTPLCVTLNCTNVTNNTTD-------------------------------------DERGELKN----CSFNM-T-TN--LRD-KK-QKV-YSLF-NTLDVTQINNNQGNRSNNS------------------------------------------NTSYRLT---NCNTSAI-T---QA, 0.1090, 1
1.536053, -118.9153, 89, POINT, K, VKLTPLCVTLNCTNVTNNTTD-------------------------------------DERGELKN----CSFNM-T-TN--LRD-KK-KKV-YSLF-NTLDVTQINNNQGNRSNNS------------------------------------------NTSYRLT---NCNTSAI-T---QA, 0.1090, 0
1.546684, -95.5932, 74, POINT, V, VKLTPLCVTLNCTNVTNNTTD-------------------------------------DERGELKN----CSFNV-T-TN--LRD-KK-QKV-YSLF-NTLDVTQINNNQGNRSNNS------------------------------------------NTSYRLT---NCNTSAI-T---QA, 0.4538, 0
1.550715, -119.6999, 14, POINT, T, VKLTPLCVTLNCTNTTNNTTD-------------------------------------DERGELKN----CSFNM-T-TN--LRD-KK-QKV-YSLF-NTLDVTQINNNQGNRSNNS------------------------------------------NTSYRLT---NCNTSAI-T---QA, 0.1090, 0
1.537654, -119.9968, 84, POINT, N, VKLTPLCVTLNCTNVTNNTTD-------------------------------------DERGELKN----CSFNM-T-TN--LRN-KK-QKV-YSLF-NTLDVTQINNNQGNRSNNS------------------------------------------NTSYRLT---NCNTSAI-T---QA, 0.1090, 0
1.546262, -116.9962, 74, POINT, T, VKLTPLCVTLNCTNVTNNTTD-------------------------------------DERGELKN----CSFNT-T-TN--LRD-KK-QKV-YSLF-NTLDVVQINNNQGNRSNNS------------------------------------------NTSYRLT---NCNTSAI-T---QA, 0.1122, 0
1.532768, -117.0567, 58, POINT, T, VKLTPLCVTLNCTNVTNNTTD-------------------------------------TERGELKN----CSFNM-T-TN--LRD-KK-QKV-YSLF-NTLDVVQINNNQGNRSNNS------------------------------------------NTSYRLT---NCNTSAI-T---QA, 0.1090, 0
1.531826, -71.8200, [74], CHUNK, ['I'], VKLTPLCVTLNCTNVTNNTTD-------------------------------------DERGELKN----CSFNI-T-TN--LRD-KK-QKV-YSLF-NTLDVVQINNNQGNRSNNS------------------------------------------NTSYRLT---NCNTSAI-T---QA, 0.5112, 0
1.565838, -75.0094, [58, 59, 60, 61, 63], CHUNK, ['N', 'M', 'T', 'E', 'I'], VKLTPLCVTLNCTNVTNNTTD-------------------------------------NMTEEIKN----CSFNM-T-TN--LRD-KK-QKV-YSLF-NTLDVVQINNNQGNRSNNS------------------------------------------NTSYRLT---NCNTSAI-T---QA, 0.1958, 0
1.519100, -72.3944, [74], CHUNK, ['I'], VKLTPLCVTLNCTNVTNNTTD-------------------------------------DERGELKN----CSFNI-T-TN--LRD-KK-QKV-YSLF-YTLDVVQINNNQGNRSNNS------------------------------------------NTSYRLT---NCNTSAI-T---QA, 0.5443, 0
1.517186, -85.3609, [74], CHUNK, ['V'], VKLTPLCVTLNCTNVTNNTTD-------------------------------------DERGELKN----CSFNV-T-TN--LRD-KK-QKV-YSLF-YTLDVVQINNNQGNRSNNS------------------------------------------NTSYRLT---NCNTSAI-T---QA, 0.4509, 0
1.514073, -120.1233, 174, POINT, T, VKLTPLCVTLNCTNVTNNTTD-------------------------------------DERGELKN----CSFNM-T-TN--LRD-KK-QKV-YSLF-YTLDVVQINNNQGNRSNNS------------------------------------------NTSYRLT---NCNTSTI-T---QA, 0.1090, 0
1.533536, -118.1673, [74], CHUNK, ['T'], VKLTPLCVTLNCTNVTNNTTD-------------------------------------DERGELKN----CSFNT-T-TN--LRD-KK-QKV-YSLF-YTLDVVQINNNQGNRSNNS------------------------------------------NTSYRLT---NCNTSAI-T---QA, 0.1090, 1
1.554181, -115.3451, 58, POINT, T, VKLTPLCVTLNCTNVTNNTTD-------------------------------------TERGELKN----CSFNT-T-TN--LRD-KK-QKV-YSLF-YTLDVVQINNNQGNRSNNS------------------------------------------NTSYRLT---NCNTSAI-T---QA, 0.1090, 0
1.559622, -115.6948, 14, POINT, N, VKLTPLCVTLNCTNNTNNTTD-------------------------------------DERGELKN----CSFNT-T-TN--LRD-KK-QKV-YSLF-YTLDVVQINNNQGNRSNNS------------------------------------------NTSYRLT---NCNTSAI-T---QA, 0.1090, 0
1.548212, -115.7402, [174], CHUNK, ['T'], VKLTPLCVTLNCTNVTNNTTD-------------------------------------DERGELKN----CSFNT-T-TN--LRD-KK-QKV-YSLF-YTLDVVQINNNQGNRSNNS------------------------------------------NTSYRLT---NCNTSTI-T---QA, 0.1090, 0
1.548212, -115.7402, [174], CHUNK, ['T'], VKLTPLCVTLNCTNVTNNTTD-------------------------------------DERGELKN----CSFNT-T-TN--LRD-KK-QKV-YSLF-YTLDVVQINNNQGNRSNNS------------------------------------------NTSYRLT---NCNTSTI-T---QA, 0.1090, 0
1.519100, -75.7830, [74], CHUNK, ['I'], VKLTPLCVTLNCTNVTNNTTD-------------------------------------DERGELKN----CSFNI-T-TN--LRD-KK-QKV-YSLF-YTLDVVQINNNQGNRSNNS------------------------------------------NTSYRLT---NCNTSAI-T---QA, 1.1606, 0
1.517186, -101.3192, 74, POINT, V, VKLTPLCVTLNCTNVTNNTTD-------------------------------------DERGELKN----CSFNV-T-TN--LRD-KK-QKV-YSLF-YTLDVVQINNNQGNRSNNS------------------------------------------NTSYRLT---NCNTSAI-T---QA, 0.3728, 0
1.519100, -76.8045, [74], CHUNK, ['I'], VKLTPLCVTLNCTNVTNNTTD-------------------------------------DERGELKN----CSFNI-T-TN--LRD-KK-QKV-YSLF-YTLDVVQINNNQGNRSNNS------------------------------------------NTSYRLT---NCNTSAI-T---QA, 0.5680, 0
1.544785, -121.3576, [107, 108, 109, 110, 112], CHUNK, ['G', 'S', 'S', 'N', 'S'], VKLTPLCVTLNCTNVTNNTTD-------------------------------------DERGELKN----CSFNM-T-TN--LRD-KK-QKV-YSLF-YTLDVVQINGSSNNSSNNS------------------------------------------NTSYRLT---NCNTSAI-T---QA, 0.1090, 0
------END OF DATA------
Best coverage = 1.60178286799
Best sequence = VKLTPLCVTLNCTNVTNNTTT-------------------------------------DTRGELKN----CSFNM-T-TN--LRD-KK-QKV-YSLF-NTLDVVQINNNNKTTNGNS------------------------------------------NTSYRLT---NCNTSAI-T---QA
Best energy = -113.704594853
Best RMSD = 0.108969636261
Hard Covereage = 0.0509132467827
Num epitopes = 52
