Name base = V1V2_200_exp_9_8_ni
Iters = 200
Soft coverage = 0.284621885725
Energy = -130.486419178
Hard Covereage = 0.0368019545157
Num epitopes = 65
Initial seq = VKLTPLCVTLQCTNVTNNITD-------------------------------------DMRGELKN----CSFNM-T-TE--LRD-KK-QKV-YSLF-YRLDVVQINENQGNRSNNS------------------------------------------NKEYRLI---NCNTSAI-T---QA
-------START OF DATA------
0.305088, -129.5336, [10, 16], CHUNK, ['N', 'V'], VKLTPLCVTLNCTNVTVNITD-------------------------------------DMRGELKN----CSFNM-T-TE--LRD-KK-QKV-YSLF-YRLDVVQINENQGNRSNNS------------------------------------------NKEYRLI---NCNTSAI-T---QA, 0.0000, 1
0.312669, -129.7435, [94, 102], CHUNK, ['A', 'I'], VKLTPLCVTLNCTNVTVNITD-------------------------------------DMRGELKN----CSFNM-T-TE--LRD-KK-QKV-YALF-YRLDIVQINENQGNRSNNS------------------------------------------NKEYRLI---NCNTSAI-T---QA, 0.0000, 1
0.315160, -126.8740, 20, POINT, T, VKLTPLCVTLNCTNVTVNITT-------------------------------------DMRGELKN----CSFNM-T-TE--LRD-KK-QKV-YALF-YRLDIVQINENQGNRSNNS------------------------------------------NKEYRLI---NCNTSAI-T---QA, 0.0837, 0
0.322976, -124.5663, [58, 59, 60, 63], CHUNK, ['M', 'E', 'K', 'I'], VKLTPLCVTLNCTNVTVNITD-------------------------------------MEKGEIKN----CSFNM-T-TE--LRD-KK-QKV-YALF-YRLDIVQINENQGNRSNNS------------------------------------------NKEYRLI---NCNTSAI-T---QA, 0.0000, 0
0.314838, -127.6869, 174, POINT, T, VKLTPLCVTLNCTNVTVNITD-------------------------------------DMRGELKN----CSFNM-T-TE--LRD-KK-QKV-YALF-YRLDIVQINENQGNRSNNS------------------------------------------NKEYRLI---NCNTSTI-T---QA, 0.0582, 1
0.324810, -91.6315, [74], CHUNK, ['I'], VKLTPLCVTLNCTNVTVNITD-------------------------------------DMRGELKN----CSFNI-T-TE--LRD-KK-QKV-YALF-YRLDIVQINENQGNRSNNS------------------------------------------NKEYRLI---NCNTSTI-T---QA, 0.4328, 0
0.319330, -108.8966, 74, POINT, V, VKLTPLCVTLNCTNVTVNITD-------------------------------------DMRGELKN----CSFNV-T-TE--LRD-KK-QKV-YALF-YRLDIVQINENQGNRSNNS------------------------------------------NKEYRLI---NCNTSTI-T---QA, 0.2315, 0
0.326945, -127.1191, [160, 161], CHUNK, ['T', 'S'], VKLTPLCVTLNCTNVTVNITD-------------------------------------DMRGELKN----CSFNM-T-TE--LRD-KK-QKV-YALF-YRLDIVQINENQGNRSNNS------------------------------------------NTSYRLI---NCNTSTI-T---QA, 0.0951, 0
0.316325, -125.3445, 18, POINT, N, VKLTPLCVTLNCTNVTVNNTD-------------------------------------DMRGELKN----CSFNM-T-TE--LRD-KK-QKV-YALF-YRLDIVQINENQGNRSNNS------------------------------------------NKEYRLI---NCNTSTI-T---QA, 0.0582, 0
0.324697, -128.5935, [99, 102, 104], CHUNK, ['K', 'V', 'P'], VKLTPLCVTLNCTNVTVNITD-------------------------------------DMRGELKN----CSFNM-T-TE--LRD-KK-QKV-YALF-YKLDVVPINENQGNRSNNS------------------------------------------NKEYRLI---NCNTSAI-T---QA, 0.0088, 1
0.333764, -125.2309, [60, 63], CHUNK, ['K', 'I'], VKLTPLCVTLNCTNVTVNITD-------------------------------------DMKGEIKN----CSFNM-T-TE--LRD-KK-QKV-YALF-YKLDVVPINENQGNRSNNS------------------------------------------NKEYRLI---NCNTSAI-T---QA, 0.0244, 0
0.338228, 29.5591, [74, 79, 82], CHUNK, ['I', 'S', 'I'], VKLTPLCVTLNCTNVTVNITD-------------------------------------DMRGELKN----CSFNI-T-TS--IRD-KK-QKV-YALF-YKLDVVPINENQGNRSNNS------------------------------------------NKEYRLI---NCNTSAI-T---QA, 0.5830, 0
0.326215, -127.6537, 58, POINT, S, VKLTPLCVTLNCTNVTVNITD-------------------------------------SMRGELKN----CSFNM-T-TE--LRD-KK-QKV-YALF-YKLDVVPINENQGNRSNNS------------------------------------------NKEYRLI---NCNTSAI-T---QA, 0.0088, 1
0.338322, -126.7664, [160, 161], CHUNK, ['T', 'S'], VKLTPLCVTLNCTNVTVNITD-------------------------------------SMRGELKN----CSFNM-T-TE--LRD-KK-QKV-YALF-YKLDVVPINENQGNRSNNS------------------------------------------NTSYRLI---NCNTSAI-T---QA, 0.0088, 1
0.348472, -128.6630, [106, 107, 108, 109, 110], CHUNK, ['D', 'N', 'E', 'N', 'N'], VKLTPLCVTLNCTNVTVNITD-------------------------------------SMRGELKN----CSFNM-T-TE--LRD-KK-QKV-YALF-YKLDVVPIDNENNNRSNNS------------------------------------------NTSYRLI---NCNTSAI-T---QA, 0.0088, 1
0.352344, -128.0285, 108, POINT, N, VKLTPLCVTLNCTNVTVNITD-------------------------------------SMRGELKN----CSFNM-T-TE--LRD-KK-QKV-YALF-YKLDVVPIDNNNNNRSNNS------------------------------------------NTSYRLI---NCNTSAI-T---QA, 0.0242, 1
0.361063, -112.2392, [169, 174], CHUNK, ['S', 'V'], VKLTPLCVTLNCTNVTVNITD-------------------------------------SMRGELKN----CSFNM-T-TE--LRD-KK-QKV-YALF-YKLDVVPIDNNNNNRSNNS------------------------------------------NTSYRLI---SCNTSVI-T---QA, 0.4968, 0
0.359606, -126.6291, 63, POINT, I, VKLTPLCVTLNCTNVTVNITD-------------------------------------SMRGEIKN----CSFNM-T-TE--LRD-KK-QKV-YALF-YKLDVVPIDNNNNNRSNNS------------------------------------------NTSYRLI---NCNTSAI-T---QA, 0.0237, 1
0.361776, -124.3053, 174, POINT, T, VKLTPLCVTLNCTNVTVNITD-------------------------------------SMRGEIKN----CSFNM-T-TE--LRD-KK-QKV-YALF-YKLDVVPIDNNNNNRSNNS------------------------------------------NTSYRLI---NCNTSTI-T---QA, 0.0283, 1
0.373168, -82.2112, [74], CHUNK, ['I'], VKLTPLCVTLNCTNVTVNITD-------------------------------------SMRGEIKN----CSFNI-T-TE--LRD-KK-QKV-YALF-YKLDVVPIDNNNNNRSNNS------------------------------------------NTSYRLI---NCNTSTI-T---QA, 0.2867, 0
0.371384, -71.6748, [74, 79], CHUNK, ['I', 'S'], VKLTPLCVTLNCTNVTVNITD-------------------------------------SMRGEIKN----CSFNI-T-TS--LRD-KK-QKV-YALF-YKLDVVPIDNNNNNRSNNS------------------------------------------NTSYRLI---NCNTSTI-T---QA, 0.4070, 0
0.366420, -105.3964, 74, POINT, V, VKLTPLCVTLNCTNVTVNITD-------------------------------------SMRGEIKN----CSFNV-T-TE--LRD-KK-QKV-YALF-YKLDVVPIDNNNNNRSNNS------------------------------------------NTSYRLI---NCNTSTI-T---QA, 0.2837, 0
0.367833, -123.5129, [91], CHUNK, ['E'], VKLTPLCVTLNCTNVTVNITD-------------------------------------SMRGEIKN----CSFNM-T-TE--LRD-KK-QKE-YALF-YKLDVVPIDNNNNNRSNNS------------------------------------------NTSYRLI---NCNTSTI-T---QA, 0.1268, 0
0.365664, -125.0567, 91, POINT, E, VKLTPLCVTLNCTNVTVNITD-------------------------------------SMRGEIKN----CSFNM-T-TE--LRD-KK-QKE-YALF-YKLDVVPIDNNNNNRSNNS------------------------------------------NTSYRLI---NCNTSAI-T---QA, 0.0237, 0
0.361279, -5.9149, 82, POINT, I, VKLTPLCVTLNCTNVTVNITD-------------------------------------SMRGEIKN----CSFNM-T-TE--IRD-KK-QKV-YALF-YKLDVVPIDNNNNNRSNNS------------------------------------------NTSYRLI---NCNTSAI-T---QA, 0.1431, 0
0.360259, -124.8407, 58, POINT, T, VKLTPLCVTLNCTNVTVNITD-------------------------------------TMRGEIKN----CSFNM-T-TE--LRD-KK-QKV-YALF-YKLDVVPIDNNNNNRSNNS------------------------------------------NTSYRLI---NCNTSAI-T---QA, 0.0237, 0
0.361869, -127.0719, 20, POINT, N, VKLTPLCVTLNCTNVTVNITN-------------------------------------SMRGEIKN----CSFNM-T-TE--LRD-KK-QKV-YALF-YKLDVVPIDNNNNNRSNNS------------------------------------------NTSYRLI---NCNTSAI-T---QA, 0.0277, 1
0.367926, -125.7752, [91], CHUNK, ['E'], VKLTPLCVTLNCTNVTVNITN-------------------------------------SMRGEIKN----CSFNM-T-TE--LRD-KK-QKE-YALF-YKLDVVPIDNNNNNRSNNS------------------------------------------NTSYRLI---NCNTSAI-T---QA, 0.0323, 1
0.368207, -125.3197, 87, POINT, V, VKLTPLCVTLNCTNVTVNITN-------------------------------------SMRGEIKN----CSFNM-T-TE--LRD-KV-QKE-YALF-YKLDVVPIDNNNNNRSNNS------------------------------------------NTSYRLI---NCNTSAI-T---QA, 0.0323, 0
0.368770, -124.0147, 58, POINT, T, VKLTPLCVTLNCTNVTVNITN-------------------------------------TMRGEIKN----CSFNM-T-TE--LRD-KK-QKE-YALF-YKLDVVPIDNNNNNRSNNS------------------------------------------NTSYRLI---NCNTSAI-T---QA, 0.0323, 0
0.379319, -113.1951, [74], CHUNK, ['I'], VKLTPLCVTLNCTNVTVNITN-------------------------------------SMRGEIKN----CSFNI-T-TE--LRD-KK-QKE-YALF-YKLDVVPIDNNNNNRSNNS------------------------------------------NTSYRLI---NCNTSAI-T---QA, 0.2688, 0
0.375209, -108.4106, 174, POINT, V, VKLTPLCVTLNCTNVTVNITN-------------------------------------SMRGEIKN----CSFNM-T-TE--LRD-KK-QKE-YALF-YKLDVVPIDNNNNNRSNNS------------------------------------------NTSYRLI---NCNTSVI-T---QA, 0.4101, 0
0.370588, -109.4472, [169, 174], CHUNK, ['S', 'V'], VKLTPLCVTLNCTNVTVNITN-------------------------------------SMRGEIKN----CSFNM-T-TE--LRD-KK-QKV-YALF-YKLDVVPIDNNNNNRSNNS------------------------------------------NTSYRLI---SCNTSVI-T---QA, 0.4834, 0
0.362290, -125.7664, 18, POINT, S, VKLTPLCVTLNCTNVTVNSTN-------------------------------------SMRGEIKN----CSFNM-T-TE--LRD-KK-QKV-YALF-YKLDVVPIDNNNNNRSNNS------------------------------------------NTSYRLI---NCNTSAI-T---QA, 0.0277, 1
0.369572, -107.8879, 174, POINT, V, VKLTPLCVTLNCTNVTVNSTN-------------------------------------SMRGEIKN----CSFNM-T-TE--LRD-KK-QKV-YALF-YKLDVVPIDNNNNNRSNNS------------------------------------------NTSYRLI---NCNTSVI-T---QA, 0.4115, 0
0.373683, -78.1008, [74], CHUNK, ['I'], VKLTPLCVTLNCTNVTVNSTN-------------------------------------SMRGEIKN----CSFNI-T-TE--LRD-KK-QKV-YALF-YKLDVVPIDNNNNNRSNNS------------------------------------------NTSYRLI---NCNTSAI-T---QA, 0.2446, 0
0.363962, -5.8938, 82, POINT, I, VKLTPLCVTLNCTNVTVNSTN-------------------------------------SMRGEIKN----CSFNM-T-TE--IRD-KK-QKV-YALF-YKLDVVPIDNNNNNRSNNS------------------------------------------NTSYRLI---NCNTSAI-T---QA, 0.1447, 0
0.362638, -124.6714, 59, POINT, Y, VKLTPLCVTLNCTNVTVNSTN-------------------------------------SYRGEIKN----CSFNM-T-TE--LRD-KK-QKV-YALF-YKLDVVPIDNNNNNRSNNS------------------------------------------NTSYRLI---NCNTSAI-T---QA, 0.0261, 0
0.365590, -128.3050, 16, POINT, N, VKLTPLCVTLNCTNVTNNITN-------------------------------------SMRGEIKN----CSFNM-T-TE--LRD-KK-QKV-YALF-YKLDVVPIDNNNNNRSNNS------------------------------------------NTSYRLI---NCNTSAI-T---QA, 0.0324, 1
0.372872, -111.7133, 174, POINT, V, VKLTPLCVTLNCTNVTNNITN-------------------------------------SMRGEIKN----CSFNM-T-TE--LRD-KK-QKV-YALF-YKLDVVPIDNNNNNRSNNS------------------------------------------NTSYRLI---NCNTSVI-T---QA, 0.2415, 0
0.374309, -102.1917, [169, 174], CHUNK, ['S', 'V'], VKLTPLCVTLNCTNVTNNITN-------------------------------------SMRGEIKN----CSFNM-T-TE--LRD-KK-QKV-YALF-YKLDVVPIDNNNNNRSNNS------------------------------------------NTSYRLI---SCNTSVI-T---QA, 0.4057, 0
0.375198, -90.4519, [74, 79], CHUNK, ['I', 'S'], VKLTPLCVTLNCTNVTNNITN-------------------------------------SMRGEIKN----CSFNI-T-TS--LRD-KK-QKV-YALF-YKLDVVPIDNNNNNRSNNS------------------------------------------NTSYRLI---NCNTSAI-T---QA, 0.7204, 0
0.368438, -125.9560, 18, POINT, N, VKLTPLCVTLNCTNVTNNNTN-------------------------------------SMRGEIKN----CSFNM-T-TE--LRD-KK-QKV-YALF-YKLDVVPIDNNNNNRSNNS------------------------------------------NTSYRLI---NCNTSAI-T---QA, 0.0324, 0
0.373075, -73.0186, [74, 79], CHUNK, ['I', 'N'], VKLTPLCVTLNCTNVTVNITN-------------------------------------SMRGEIKN----CSFNI-T-TN--LRD-KK-QKV-YALF-YKLDVVPIDNNNNNRSNNS------------------------------------------NTSYRLI---NCNTSAI-T---QA, 0.5051, 0
0.373261, -86.6545, [74], CHUNK, ['I'], VKLTPLCVTLNCTNVTVNITN-------------------------------------SMRGEIKN----CSFNI-T-TE--LRD-KK-QKV-YALF-YKLDVVPIDNNNNNRSNNS------------------------------------------NTSYRLI---NCNTSAI-T---QA, 0.4430, 0
0.369151, -111.8616, 174, POINT, V, VKLTPLCVTLNCTNVTVNITN-------------------------------------SMRGEIKN----CSFNM-T-TE--LRD-KK-QKV-YALF-YKLDVVPIDNNNNNRSNNS------------------------------------------NTSYRLI---NCNTSVI-T---QA, 0.2898, 0
0.369151, -103.3846, 174, POINT, V, VKLTPLCVTLNCTNVTVNITN-------------------------------------SMRGEIKN----CSFNM-T-TE--LRD-KK-QKV-YALF-YKLDVVPIDNNNNNRSNNS------------------------------------------NTSYRLI---NCNTSVI-T---QA, 0.3897, 0
0.370999, -78.6162, [74], CHUNK, ['I'], VKLTPLCVTLNCTNVTVNITD-------------------------------------SMRGEIKN----CSFNI-T-TE--LRD-KK-QKV-YALF-YKLDVVPIDNNNNNRSNNS------------------------------------------NTSYRLI---NCNTSAI-T---QA, 0.4733, 0
0.370999, -88.5412, [74], CHUNK, ['I'], VKLTPLCVTLNCTNVTVNITD-------------------------------------SMRGEIKN----CSFNI-T-TE--LRD-KK-QKV-YALF-YKLDVVPIDNNNNNRSNNS------------------------------------------NTSYRLI---NCNTSAI-T---QA, 0.2592, 0
0.361159, -124.9066, 18, POINT, N, VKLTPLCVTLNCTNVTVNNTD-------------------------------------SMRGEIKN----CSFNM-T-TE--LRD-KK-QKV-YALF-YKLDVVPIDNNNNNRSNNS------------------------------------------NTSYRLI---NCNTSAI-T---QA, 0.0221, 0
0.368326, -103.8833, [169, 174], CHUNK, ['S', 'V'], VKLTPLCVTLNCTNVTVNITD-------------------------------------SMRGEIKN----CSFNM-T-TE--LRD-KK-QKV-YALF-YKLDVVPIDNNNNNRSNNS------------------------------------------NTSYRLI---SCNTSVI-T---QA, 0.2336, 0
0.362316, -79.9286, [74], CHUNK, ['I'], VKLTPLCVTLNCTNVTVNITD-------------------------------------SMRGELKN----CSFNI-T-TE--LRD-KK-QKV-YALF-YKLDVVPIDNNNNNRSNNS------------------------------------------NTSYRLI---NCNTSAI-T---QA, 0.3619, 0
0.362316, -83.8310, [74], CHUNK, ['I'], VKLTPLCVTLNCTNVTVNITD-------------------------------------SMRGELKN----CSFNI-T-TE--LRD-KK-QKV-YALF-YKLDVVPIDNNNNNRSNNS------------------------------------------NTSYRLI---NCNTSAI-T---QA, 0.3194, 0
0.362316, -80.4363, [74], CHUNK, ['I'], VKLTPLCVTLNCTNVTVNITD-------------------------------------SMRGELKN----CSFNI-T-TE--LRD-KK-QKV-YALF-YKLDVVPIDNNNNNRSNNS------------------------------------------NTSYRLI---NCNTSAI-T---QA, 0.3083, 0
0.358401, -126.4555, 91, POINT, E, VKLTPLCVTLNCTNVTVNITD-------------------------------------SMRGELKN----CSFNM-T-TE--LRD-KK-QKE-YALF-YKLDVVPIDNNNNNRSNNS------------------------------------------NTSYRLI---NCNTSAI-T---QA, 0.0242, 1
0.368373, -111.2199, [74], CHUNK, ['I'], VKLTPLCVTLNCTNVTVNITD-------------------------------------SMRGELKN----CSFNI-T-TE--LRD-KK-QKE-YALF-YKLDVVPIDNNNNNRSNNS------------------------------------------NTSYRLI---NCNTSAI-T---QA, 0.1870, 0
0.365664, -125.0096, 63, POINT, I, VKLTPLCVTLNCTNVTVNITD-------------------------------------SMRGEIKN----CSFNM-T-TE--LRD-KK-QKE-YALF-YKLDVVPIDNNNNNRSNNS------------------------------------------NTSYRLI---NCNTSAI-T---QA, 0.0242, 1
0.366953, -123.4545, 18, POINT, T, VKLTPLCVTLNCTNVTVNTTD-------------------------------------SMRGEIKN----CSFNM-T-TE--LRD-KK-QKE-YALF-YKLDVVPIDNNNNNRSNNS------------------------------------------NTSYRLI---NCNTSAI-T---QA, 0.0242, 1
0.369122, -121.3787, 174, POINT, T, VKLTPLCVTLNCTNVTVNTTD-------------------------------------SMRGEIKN----CSFNM-T-TE--LRD-KK-QKE-YALF-YKLDVVPIDNNNNNRSNNS------------------------------------------NTSYRLI---NCNTSTI-T---QA, 0.0180, 0
0.371597, -118.6646, 74, POINT, V, VKLTPLCVTLNCTNVTVNTTD-------------------------------------SMRGEIKN----CSFNV-T-TE--LRD-KK-QKE-YALF-YKLDVVPIDNNNNNRSNNS------------------------------------------NTSYRLI---NCNTSAI-T---QA, 0.0882, 0
0.374235, -114.8052, 174, POINT, V, VKLTPLCVTLNCTNVTVNTTD-------------------------------------SMRGEIKN----CSFNM-T-TE--LRD-KK-QKE-YALF-YKLDVVPIDNNNNNRSNNS------------------------------------------NTSYRLI---NCNTSVI-T---QA, 0.5679, 0
0.378346, -115.7591, 74, POINT, I, VKLTPLCVTLNCTNVTVNTTD-------------------------------------SMRGEIKN----CSFNI-T-TE--LRD-KK-QKE-YALF-YKLDVVPIDNNNNNRSNNS------------------------------------------NTSYRLI---NCNTSAI-T---QA, 0.1189, 0
0.366953, -123.4545, 18, POINT, T, VKLTPLCVTLNCTNVTVNTTD-------------------------------------SMRGEIKN----CSFNM-T-TE--LRD-KK-QKE-YALF-YKLDVVPIDNNNNNRSNNS------------------------------------------NTSYRLI---NCNTSAI-T---QA, 0.0242, 0
0.366976, -123.0006, 14, POINT, N, VKLTPLCVTLNCTNNTVNITD-------------------------------------SMRGEIKN----CSFNM-T-TE--LRD-KK-QKE-YALF-YKLDVVPIDNNNNNRSNNS------------------------------------------NTSYRLI---NCNTSAI-T---QA, 0.0401, 0
0.372946, -102.0209, 174, POINT, V, VKLTPLCVTLNCTNVTVNITD-------------------------------------SMRGEIKN----CSFNM-T-TE--LRD-KK-QKE-YALF-YKLDVVPIDNNNNNRSNNS------------------------------------------NTSYRLI---NCNTSVI-T---QA, 0.4624, 0
0.367260, -122.8004, 60, POINT, K, VKLTPLCVTLNCTNVTVNITD-------------------------------------SMKGEIKN----CSFNM-T-TE--LRD-KK-QKE-YALF-YKLDVVPIDNNNNNRSNNS------------------------------------------NTSYRLI---NCNTSAI-T---QA, 0.0242, 1
0.378652, -116.5736, [74], CHUNK, ['I'], VKLTPLCVTLNCTNVTVNITD-------------------------------------SMKGEIKN----CSFNI-T-TE--LRD-KK-QKE-YALF-YKLDVVPIDNNNNNRSNNS------------------------------------------NTSYRLI---NCNTSAI-T---QA, 0.1526, 0
0.372532, -0.7593, [79, 82, 87], CHUNK, ['N', 'I', 'V'], VKLTPLCVTLNCTNVTVNITD-------------------------------------SMKGEIKN----CSFNM-T-TN--IRD-KV-QKE-YALF-YKLDVVPIDNNNNNRSNNS------------------------------------------NTSYRLI---NCNTSAI-T---QA, 0.2194, 0
0.374542, -103.8564, [174], CHUNK, ['V'], VKLTPLCVTLNCTNVTVNITD-------------------------------------SMKGEIKN----CSFNM-T-TE--LRD-KK-QKE-YALF-YKLDVVPIDNNNNNRSNNS------------------------------------------NTSYRLI---NCNTSVI-T---QA, 0.3475, 0
0.378652, -112.9947, [74], CHUNK, ['I'], VKLTPLCVTLNCTNVTVNITD-------------------------------------SMKGEIKN----CSFNI-T-TE--LRD-KK-QKE-YALF-YKLDVVPIDNNNNNRSNNS------------------------------------------NTSYRLI---NCNTSAI-T---QA, 0.2045, 0
0.377057, -119.0273, 74, POINT, I, VKLTPLCVTLNCTNVTVNITD-------------------------------------SMRGEIKN----CSFNI-T-TE--LRD-KK-QKE-YALF-YKLDVVPIDNNNNNRSNNS------------------------------------------NTSYRLI---NCNTSAI-T---QA, 0.0946, 1
0.384339, -101.9322, [174], CHUNK, ['V'], VKLTPLCVTLNCTNVTVNITD-------------------------------------SMRGEIKN----CSFNI-T-TE--LRD-KK-QKE-YALF-YKLDVVPIDNNNNNRSNNS------------------------------------------NTSYRLI---NCNTSVI-T---QA, 0.3109, 0
0.384339, -99.0011, [174], CHUNK, ['V'], VKLTPLCVTLNCTNVTVNITD-------------------------------------SMRGEIKN----CSFNI-T-TE--LRD-KK-QKE-YALF-YKLDVVPIDNNNNNRSNNS------------------------------------------NTSYRLI---NCNTSVI-T---QA, 0.3097, 0
0.377658, -118.3737, 20, POINT, S, VKLTPLCVTLNCTNVTVNITS-------------------------------------SMRGEIKN----CSFNI-T-TE--LRD-KK-QKE-YALF-YKLDVVPIDNNNNNRSNNS------------------------------------------NTSYRLI---NCNTSAI-T---QA, 0.0946, 0
0.379226, -116.9007, 174, POINT, T, VKLTPLCVTLNCTNVTVNITD-------------------------------------SMRGEIKN----CSFNI-T-TE--LRD-KK-QKE-YALF-YKLDVVPIDNNNNNRSNNS------------------------------------------NTSYRLI---NCNTSTI-T---QA, 0.0946, 0
0.372946, -111.9070, 174, POINT, V, VKLTPLCVTLNCTNVTVNITD-------------------------------------SMRGEIKN----CSFNM-T-TE--LRD-KK-QKE-YALF-YKLDVVPIDNNNNNRSNNS------------------------------------------NTSYRLI---NCNTSVI-T---QA, 0.3451, 0
0.372946, -102.4113, [174], CHUNK, ['V'], VKLTPLCVTLNCTNVTVNITD-------------------------------------SMRGEIKN----CSFNM-T-TE--LRD-KK-QKE-YALF-YKLDVVPIDNNNNNRSNNS------------------------------------------NTSYRLI---NCNTSVI-T---QA, 0.3104, 0
0.365945, -124.5566, 87, POINT, V, VKLTPLCVTLNCTNVTVNITD-------------------------------------SMRGEIKN----CSFNM-T-TE--LRD-KV-QKE-YALF-YKLDVVPIDNNNNNRSNNS------------------------------------------NTSYRLI---NCNTSAI-T---QA, 0.0242, 0
0.377057, -116.7118, [74], CHUNK, ['I'], VKLTPLCVTLNCTNVTVNITD-------------------------------------SMRGEIKN----CSFNI-T-TE--LRD-KK-QKE-YALF-YKLDVVPIDNNNNNRSNNS------------------------------------------NTSYRLI---NCNTSAI-T---QA, 0.3688, 0
0.368373, -119.0032, [74], CHUNK, ['I'], VKLTPLCVTLNCTNVTVNITD-------------------------------------SMRGELKN----CSFNI-T-TE--LRD-KK-QKE-YALF-YKLDVVPIDNNNNNRSNNS------------------------------------------NTSYRLI---NCNTSAI-T---QA, 0.1377, 0
0.360564, -40.8142, 82, POINT, I, VKLTPLCVTLNCTNVTVNITD-------------------------------------SMRGELKN----CSFNM-T-TE--IRD-KK-QKE-YALF-YKLDVVPIDNNNNNRSNNS------------------------------------------NTSYRLI---NCNTSAI-T---QA, 0.3653, 0
0.360169, -125.8239, 59, POINT, S, VKLTPLCVTLNCTNVTVNITD-------------------------------------SSRGELKN----CSFNM-T-TE--LRD-KK-QKE-YALF-YKLDVVPIDNNNNNRSNNS------------------------------------------NTSYRLI---NCNTSAI-T---QA, 0.0906, 0
0.365684, -106.8961, 174, POINT, V, VKLTPLCVTLNCTNVTVNITD-------------------------------------SMRGELKN----CSFNM-T-TE--LRD-KK-QKE-YALF-YKLDVVPIDNNNNNRSNNS------------------------------------------NTSYRLI---NCNTSVI-T---QA, 0.4021, 0
0.361063, -105.8141, [169, 174], CHUNK, ['S', 'V'], VKLTPLCVTLNCTNVTVNITD-------------------------------------SMRGELKN----CSFNM-T-TE--LRD-KK-QKV-YALF-YKLDVVPIDNNNNNRSNNS------------------------------------------NTSYRLI---SCNTSVI-T---QA, 0.4049, 0
0.367944, 20.5023, [74, 79, 82], CHUNK, ['I', 'N', 'I'], VKLTPLCVTLNCTNVTVNITD-------------------------------------SMRGELKN----CSFNI-T-TN--IRD-KK-QKV-YALF-YKLDVVPIDNNNNNRSNNS------------------------------------------NTSYRLI---NCNTSAI-T---QA, 0.2258, 0
0.362316, -90.7148, [74], CHUNK, ['I'], VKLTPLCVTLNCTNVTVNITD-------------------------------------SMRGELKN----CSFNI-T-TE--LRD-KK-QKV-YALF-YKLDVVPIDNNNNNRSNNS------------------------------------------NTSYRLI---NCNTSAI-T---QA, 0.3218, 0
0.361063, -110.3953, [169, 174], CHUNK, ['S', 'V'], VKLTPLCVTLNCTNVTVNITD-------------------------------------SMRGELKN----CSFNM-T-TE--LRD-KK-QKV-YALF-YKLDVVPIDNNNNNRSNNS------------------------------------------NTSYRLI---SCNTSVI-T---QA, 0.3320, 0
0.358444, -85.8418, [74], CHUNK, ['I'], VKLTPLCVTLNCTNVTVNITD-------------------------------------SMRGELKN----CSFNI-T-TE--LRD-KK-QKV-YALF-YKLDVVPIDNENNNRSNNS------------------------------------------NTSYRLI---NCNTSAI-T---QA, 0.3121, 0
0.358444, -100.2631, [74], CHUNK, ['I'], VKLTPLCVTLNCTNVTVNITD-------------------------------------SMRGELKN----CSFNI-T-TE--LRD-KK-QKV-YALF-YKLDVVPIDNENNNRSNNS------------------------------------------NTSYRLI---NCNTSAI-T---QA, 0.4510, 0
0.355755, -115.1688, 174, POINT, V, VKLTPLCVTLNCTNVTVNITD-------------------------------------SMRGELKN----CSFNM-T-TE--LRD-KK-QKV-YALF-YKLDVVPIDNENNNRSNNS------------------------------------------NTSYRLI---NCNTSVI-T---QA, 0.6013, 0
0.357192, -104.6928, [169, 174], CHUNK, ['S', 'V'], VKLTPLCVTLNCTNVTVNITD-------------------------------------SMRGELKN----CSFNM-T-TE--LRD-KK-QKV-YALF-YKLDVVPIDNENNNRSNNS------------------------------------------NTSYRLI---SCNTSVI-T---QA, 0.3423, 0
