Name base = V1V2_200_exp_3_5_ni
Iters = 200
Soft coverage = 0.284621885725
Energy = -130.243710003
Hard Covereage = 0.0368019545157
Num epitopes = 65
Initial seq = VKLTPLCVTLQCTNVTNNITD-------------------------------------DMRGELKN----CSFNM-T-TE--LRD-KK-QKV-YSLF-YRLDVVQINENQGNRSNNS------------------------------------------NKEYRLI---NCNTSAI-T---QA
-------START OF DATA------
0.298872, -130.2678, [10, 12], CHUNK, ['N', 'S'], VKLTPLCVTLNCSNVTNNITD-------------------------------------DMRGELKN----CSFNM-T-TE--LRD-KK-QKV-YSLF-YRLDVVQINENQGNRSNNS------------------------------------------NKEYRLI---NCNTSAI-T---QA, 0.0410, 1
0.306154, -113.8349, [174], CHUNK, ['V'], VKLTPLCVTLNCSNVTNNITD-------------------------------------DMRGELKN----CSFNM-T-TE--LRD-KK-QKV-YSLF-YRLDVVQINENQGNRSNNS------------------------------------------NKEYRLI---NCNTSVI-T---QA, 0.2226, 0
0.308289, -131.0224, 12, POINT, T, VKLTPLCVTLNCTNVTNNITD-------------------------------------DMRGELKN----CSFNM-T-TE--LRD-KK-QKV-YSLF-YRLDVVQINENQGNRSNNS------------------------------------------NKEYRLI---NCNTSAI-T---QA, 0.0410, 1
0.318261, -95.0743, [74], CHUNK, ['I'], VKLTPLCVTLNCTNVTNNITD-------------------------------------DMRGELKN----CSFNI-T-TE--LRD-KK-QKV-YSLF-YRLDVVQINENQGNRSNNS------------------------------------------NKEYRLI---NCNTSAI-T---QA, 0.3678, 0
0.318261, -93.7487, [74], CHUNK, ['I'], VKLTPLCVTLNCTNVTNNITD-------------------------------------DMRGELKN----CSFNI-T-TE--LRD-KK-QKV-YSLF-YRLDVVQINENQGNRSNNS------------------------------------------NKEYRLI---NCNTSAI-T---QA, 0.2997, 0
0.309961, -11.1210, 82, POINT, I, VKLTPLCVTLNCTNVTNNITD-------------------------------------DMRGELKN----CSFNM-T-TE--IRD-KK-QKV-YSLF-YRLDVVQINENQGNRSNNS------------------------------------------NKEYRLI---NCNTSAI-T---QA, 0.1000, 0
0.316670, -131.1974, 94, POINT, A, VKLTPLCVTLNCTNVTNNITD-------------------------------------DMRGELKN----CSFNM-T-TE--LRD-KK-QKV-YALF-YRLDVVQINENQGNRSNNS------------------------------------------NKEYRLI---NCNTSAI-T---QA, 0.0410, 1
0.323952, -108.0842, [174], CHUNK, ['V'], VKLTPLCVTLNCTNVTNNITD-------------------------------------DMRGELKN----CSFNM-T-TE--LRD-KK-QKV-YALF-YRLDVVQINENQGNRSNNS------------------------------------------NKEYRLI---NCNTSVI-T---QA, 0.2762, 0
0.320418, -131.4390, 104, POINT, P, VKLTPLCVTLNCTNVTNNITD-------------------------------------DMRGELKN----CSFNM-T-TE--LRD-KK-QKV-YALF-YRLDVVPINENQGNRSNNS------------------------------------------NKEYRLI---NCNTSAI-T---QA, 0.0410, 1
0.325501, -131.0420, 160, POINT, T, VKLTPLCVTLNCTNVTNNITD-------------------------------------DMRGELKN----CSFNM-T-TE--LRD-KK-QKV-YALF-YRLDVVPINENQGNRSNNS------------------------------------------NTEYRLI---NCNTSAI-T---QA, 0.1021, 1
0.328917, -131.3575, 58, POINT, N, VKLTPLCVTLNCTNVTNNITD-------------------------------------NMRGELKN----CSFNM-T-TE--LRD-KK-QKV-YALF-YRLDVVPINENQGNRSNNS------------------------------------------NTEYRLI---NCNTSAI-T---QA, 0.1021, 1
0.333409, -113.2765, 74, POINT, V, VKLTPLCVTLNCTNVTNNITD-------------------------------------NMRGELKN----CSFNV-T-TE--LRD-KK-QKV-YALF-YRLDVVPINENQGNRSNNS------------------------------------------NTEYRLI---NCNTSAI-T---QA, 0.2958, 0
0.331118, -129.2933, [63], CHUNK, ['M'], VKLTPLCVTLNCTNVTNNITD-------------------------------------NMRGEMKN----CSFNM-T-TE--LRD-KK-QKV-YALF-YRLDVVPINENQGNRSNNS------------------------------------------NTEYRLI---NCNTSAI-T---QA, 0.1021, 1
0.341553, -102.0645, [74], CHUNK, ['I'], VKLTPLCVTLNCTNVTNNITD-------------------------------------NMRGEMKN----CSFNI-T-TE--LRD-KK-QKV-YALF-YRLDVVPINENQGNRSNNS------------------------------------------NTEYRLI---NCNTSAI-T---QA, 0.5210, 0
0.341553, -97.4707, [74], CHUNK, ['I'], VKLTPLCVTLNCTNVTNNITD-------------------------------------NMRGEMKN----CSFNI-T-TE--LRD-KK-QKV-YALF-YRLDVVPINENQGNRSNNS------------------------------------------NTEYRLI---NCNTSAI-T---QA, 0.2066, 0
0.341553, -87.1579, [74], CHUNK, ['I'], VKLTPLCVTLNCTNVTNNITD-------------------------------------NMRGEMKN----CSFNI-T-TE--LRD-KK-QKV-YALF-YRLDVVPINENQGNRSNNS------------------------------------------NTEYRLI---NCNTSAI-T---QA, 0.4204, 0
0.338597, -127.3264, [99], CHUNK, ['K'], VKLTPLCVTLNCTNVTNNITD-------------------------------------NMRGEMKN----CSFNM-T-TE--LRD-KK-QKV-YALF-YKLDVVPINENQGNRSNNS------------------------------------------NTEYRLI---NCNTSAI-T---QA, 0.1021, 0
0.336396, -129.3905, 99, POINT, K, VKLTPLCVTLNCTNVTNNITD-------------------------------------NMRGELKN----CSFNM-T-TE--LRD-KK-QKV-YALF-YKLDVVPINENQGNRSNNS------------------------------------------NTEYRLI---NCNTSAI-T---QA, 0.1021, 0
0.338889, -87.4515, [74], CHUNK, ['I'], VKLTPLCVTLNCTNVTNNITD-------------------------------------NMRGELKN----CSFNI-T-TE--LRD-KK-QKV-YALF-YRLDVVPINENQGNRSNNS------------------------------------------NTEYRLI---NCNTSAI-T---QA, 0.4711, 0
0.331383, -129.8154, 18, POINT, T, VKLTPLCVTLNCTNVTNNTTD-------------------------------------NMRGELKN----CSFNM-T-TE--LRD-KK-QKV-YALF-YRLDVVPINENQGNRSNNS------------------------------------------NTEYRLI---NCNTSAI-T---QA, 0.1021, 0
0.328977, -124.8078, 60, POINT, I, VKLTPLCVTLNCTNVTNNITD-------------------------------------NMIGELKN----CSFNM-T-TE--LRD-KK-QKV-YALF-YRLDVVPINENQGNRSNNS------------------------------------------NTEYRLI---NCNTSAI-T---QA, 0.1021, 1
0.336413, -121.3737, 63, POINT, I, VKLTPLCVTLNCTNVTNNITD-------------------------------------NMIGEIKN----CSFNM-T-TE--LRD-KK-QKV-YALF-YRLDVVPINENQGNRSNNS------------------------------------------NTEYRLI---NCNTSAI-T---QA, 0.1021, 1
0.341384, -119.8553, 91, POINT, E, VKLTPLCVTLNCTNVTNNITD-------------------------------------NMIGEIKN----CSFNM-T-TE--LRD-KK-QKE-YALF-YRLDVVPINENQGNRSNNS------------------------------------------NTEYRLI---NCNTSAI-T---QA, 0.1021, 1
0.349950, -117.8676, [99], CHUNK, ['K'], VKLTPLCVTLNCTNVTNNITD-------------------------------------NMIGEIKN----CSFNM-T-TE--LRD-KK-QKE-YALF-YKLDVVPINENQGNRSNNS------------------------------------------NTEYRLI---NCNTSAI-T---QA, 0.1021, 0
0.352776, -109.9371, [74], CHUNK, ['I'], VKLTPLCVTLNCTNVTNNITD-------------------------------------NMIGEIKN----CSFNI-T-TE--LRD-KK-QKE-YALF-YRLDVVPINENQGNRSNNS------------------------------------------NTEYRLI---NCNTSAI-T---QA, 0.2261, 0
0.345456, -117.0429, 74, POINT, T, VKLTPLCVTLNCTNVTNNITD-------------------------------------NMIGEIKN----CSFNT-T-TE--LRD-KK-QKE-YALF-YRLDVVPINENQGNRSNNS------------------------------------------NTEYRLI---NCNTSAI-T---QA, 0.1438, 0
0.345071, -120.3382, 107, POINT, N, VKLTPLCVTLNCTNVTNNITD-------------------------------------NMIGEIKN----CSFNM-T-TE--LRD-KK-QKE-YALF-YRLDVVPINNNQGNRSNNS------------------------------------------NTEYRLI---NCNTSAI-T---QA, 0.1123, 1
0.352094, -119.9268, 161, POINT, S, VKLTPLCVTLNCTNVTNNITD-------------------------------------NMIGEIKN----CSFNM-T-TE--LRD-KK-QKE-YALF-YRLDVVPINNNQGNRSNNS------------------------------------------NTSYRLI---NCNTSAI-T---QA, 0.1123, 0
0.345125, -121.1998, 89, POINT, K, VKLTPLCVTLNCTNVTNNITD-------------------------------------NMIGEIKN----CSFNM-T-TE--LRD-KK-KKE-YALF-YRLDVVPINNNQGNRSNNS------------------------------------------NTEYRLI---NCNTSAI-T---QA, 0.1722, 1
0.347621, -121.6172, 20, POINT, N, VKLTPLCVTLNCTNVTNNITN-------------------------------------NMIGEIKN----CSFNM-T-TE--LRD-KK-KKE-YALF-YRLDVVPINNNQGNRSNNS------------------------------------------NTEYRLI---NCNTSAI-T---QA, 0.1722, 0
0.356518, -111.1648, [74], CHUNK, ['I'], VKLTPLCVTLNCTNVTNNITD-------------------------------------NMIGEIKN----CSFNI-T-TE--LRD-KK-KKE-YALF-YRLDVVPINNNQGNRSNNS------------------------------------------NTEYRLI---NCNTSAI-T---QA, 0.2334, 0
0.350620, -120.8956, 109, POINT, N, VKLTPLCVTLNCTNVTNNITD-------------------------------------NMIGEIKN----CSFNM-T-TE--LRD-KK-KKE-YALF-YRLDVVPINNNNGNRSNNS------------------------------------------NTEYRLI---NCNTSAI-T---QA, 0.1722, 0
0.349769, -111.8028, 74, POINT, V, VKLTPLCVTLNCTNVTNNITD-------------------------------------NMIGEIKN----CSFNV-T-TE--LRD-KK-KKE-YALF-YRLDVVPINNNQGNRSNNS------------------------------------------NTEYRLI---NCNTSAI-T---QA, 0.2077, 0
0.349715, -112.8879, [74], CHUNK, ['V'], VKLTPLCVTLNCTNVTNNITD-------------------------------------NMIGEIKN----CSFNV-T-TE--LRD-KK-QKE-YALF-YRLDVVPINNNQGNRSNNS------------------------------------------NTEYRLI---NCNTSAI-T---QA, 0.1859, 0
0.356463, -115.1958, [74], CHUNK, ['I'], VKLTPLCVTLNCTNVTNNITD-------------------------------------NMIGEIKN----CSFNI-T-TE--LRD-KK-QKE-YALF-YRLDVVPINNNQGNRSNNS------------------------------------------NTEYRLI---NCNTSAI-T---QA, 0.1626, 0
0.356463, -113.1244, [74], CHUNK, ['I'], VKLTPLCVTLNCTNVTNNITD-------------------------------------NMIGEIKN----CSFNI-T-TE--LRD-KK-QKE-YALF-YRLDVVPINNNQGNRSNNS------------------------------------------NTEYRLI---NCNTSAI-T---QA, 0.1855, 0
0.349715, -113.8977, 74, POINT, V, VKLTPLCVTLNCTNVTNNITD-------------------------------------NMIGEIKN----CSFNV-T-TE--LRD-KK-QKE-YALF-YRLDVVPINNNQGNRSNNS------------------------------------------NTEYRLI---NCNTSAI-T---QA, 0.1601, 0
0.348407, -119.4439, [161], CHUNK, ['S'], VKLTPLCVTLNCTNVTNNITD-------------------------------------NMIGEIKN----CSFNM-T-TE--LRD-KK-QKE-YALF-YRLDVVPINENQGNRSNNS------------------------------------------NTSYRLI---NCNTSAI-T---QA, 0.1021, 0
0.343546, -40.2881, [82], CHUNK, ['I'], VKLTPLCVTLNCTNVTNNITD-------------------------------------NMIGEIKN----CSFNM-T-TE--IRD-KK-QKE-YALF-YRLDVVPINENQGNRSNNS------------------------------------------NTEYRLI---NCNTSAI-T---QA, 0.2749, 0
0.342845, -124.7922, 60, POINT, K, VKLTPLCVTLNCTNVTNNITD-------------------------------------NMKGEIKN----CSFNM-T-TE--LRD-KK-QKE-YALF-YRLDVVPINENQGNRSNNS------------------------------------------NTEYRLI---NCNTSAI-T---QA, 0.1106, 0
0.349950, -117.8676, [99], CHUNK, ['K'], VKLTPLCVTLNCTNVTNNITD-------------------------------------NMIGEIKN----CSFNM-T-TE--LRD-KK-QKE-YALF-YKLDVVPINENQGNRSNNS------------------------------------------NTEYRLI---NCNTSAI-T---QA, 0.1021, 0
0.343696, -102.0357, 174, POINT, V, VKLTPLCVTLNCTNVTNNITD-------------------------------------NMIGEIKN----CSFNM-T-TE--LRD-KK-QKV-YALF-YRLDVVPINENQGNRSNNS------------------------------------------NTEYRLI---NCNTSVI-T---QA, 0.2029, 0
0.338765, -121.5137, [160, 161], CHUNK, ['S', 'S'], VKLTPLCVTLNCTNVTNNITD-------------------------------------NMIGEIKN----CSFNM-T-TE--LRD-KK-QKV-YALF-YRLDVVPINENQGNRSNNS------------------------------------------NSSYRLI---NCNTSAI-T---QA, 0.0858, 0
0.338836, 108.7432, [109, 110, 111], CHUNK, ['N', 'S', 'P'], VKLTPLCVTLNCTNVTNNITD-------------------------------------NMIGEIKN----CSFNM-T-TE--LRD-KK-QKV-YALF-YRLDVVPINENNSPRSNNS------------------------------------------NTEYRLI---NCNTSAI-T---QA, 0.2202, 0
0.340100, -122.1087, 107, POINT, N, VKLTPLCVTLNCTNVTNNITD-------------------------------------NMIGEIKN----CSFNM-T-TE--LRD-KK-QKV-YALF-YRLDVVPINNNQGNRSNNS------------------------------------------NTEYRLI---NCNTSAI-T---QA, 0.0975, 0
0.336456, -123.0439, [99], CHUNK, ['K'], VKLTPLCVTLNCTNVTNNITD-------------------------------------NMIGELKN----CSFNM-T-TE--LRD-KK-QKV-YALF-YKLDVVPINENQGNRSNNS------------------------------------------NTEYRLI---NCNTSAI-T---QA, 0.1042, 1
0.346428, -70.3248, [74], CHUNK, ['I'], VKLTPLCVTLNCTNVTNNITD-------------------------------------NMIGELKN----CSFNI-T-TE--LRD-KK-QKV-YALF-YKLDVVPINENQGNRSNNS------------------------------------------NTEYRLI---NCNTSAI-T---QA, 0.4089, 0
0.346428, -87.0677, 74, POINT, I, VKLTPLCVTLNCTNVTNNITD-------------------------------------NMIGELKN----CSFNI-T-TE--LRD-KK-QKV-YALF-YKLDVVPINENQGNRSNNS------------------------------------------NTEYRLI---NCNTSAI-T---QA, 0.3224, 0
0.343480, -122.6387, [161], CHUNK, ['S'], VKLTPLCVTLNCTNVTNNITD-------------------------------------NMIGELKN----CSFNM-T-TE--LRD-KK-QKV-YALF-YKLDVVPINENQGNRSNNS------------------------------------------NTSYRLI---NCNTSAI-T---QA, 0.0994, 0
0.340948, -105.9848, [74], CHUNK, ['V'], VKLTPLCVTLNCTNVTNNITD-------------------------------------NMIGELKN----CSFNV-T-TE--LRD-KK-QKV-YALF-YKLDVVPINENQGNRSNNS------------------------------------------NTEYRLI---NCNTSAI-T---QA, 0.2319, 0
0.338949, -80.5226, 74, POINT, I, VKLTPLCVTLNCTNVTNNITD-------------------------------------NMIGELKN----CSFNI-T-TE--LRD-KK-QKV-YALF-YRLDVVPINENQGNRSNNS------------------------------------------NTEYRLI---NCNTSAI-T---QA, 0.3902, 0
0.336260, -103.3384, 174, POINT, V, VKLTPLCVTLNCTNVTNNITD-------------------------------------NMIGELKN----CSFNM-T-TE--LRD-KK-QKV-YALF-YRLDVVPINENQGNRSNNS------------------------------------------NTEYRLI---NCNTSVI-T---QA, 0.2158, 0
0.336456, -123.5441, [99], CHUNK, ['K'], VKLTPLCVTLNCTNVTNNITD-------------------------------------NMIGELKN----CSFNM-T-TE--LRD-KK-QKV-YALF-YKLDVVPINENQGNRSNNS------------------------------------------NTEYRLI---NCNTSAI-T---QA, 0.0994, 0
0.338949, -83.9551, [74], CHUNK, ['I'], VKLTPLCVTLNCTNVTNNITD-------------------------------------NMIGELKN----CSFNI-T-TE--LRD-KK-QKV-YALF-YRLDVVPINENQGNRSNNS------------------------------------------NTEYRLI---NCNTSAI-T---QA, 0.3878, 0
