Name base = v1v2_6_2.2
Iters = 70
Soft coverage = 0.284621885725
Energy = -130.035740887
Hard Covereage = 0.0368019545157
Num epitopes = 65
Initial seq = VKLTPLCVTLQCTNVTNNITD-------------------------------------DMRGELKN----CSFNM-T-TE--LRD-KK-QKV-YSLF-YRLDVVQINENQGNRSNNS------------------------------------------NKEYRLI---NCNTSAI-T---QA
-------START OF DATA------
0.291893, -127.5401, 63, POINT, I, VKLTPLCVTLQCTNVTNNITD-------------------------------------DMRGEIKN----CSFNM-T-TE--LRD-KK-QKV-YSLF-YRLDVVQINENQGNRSNNS------------------------------------------NKEYRLI---NCNTSAI-T---QA, 0.0000, 1
0.315560, -128.1003, 10, POINT, N, VKLTPLCVTLNCTNVTNNITD-------------------------------------DMRGEIKN----CSFNM-T-TE--LRD-KK-QKV-YSLF-YRLDVVQINENQGNRSNNS------------------------------------------NKEYRLI---NCNTSAI-T---QA, 0.0122, 0
0.296511, -125.5774, 99, POINT, K, VKLTPLCVTLQCTNVTNNITD-------------------------------------DMRGEIKN----CSFNM-T-TE--LRD-KK-QKV-YSLF-YKLDVVQINENQGNRSNNS------------------------------------------NKEYRLI---NCNTSAI-T---QA, 0.0000, 0
0.296104, -127.5260, [161], CHUNK, ['S'], VKLTPLCVTLQCTNVTNNITD-------------------------------------DMRGEIKN----CSFNM-T-TE--LRD-KK-QKV-YSLF-YRLDVVQINENQGNRSNNS------------------------------------------NKSYRLI---NCNTSAI-T---QA, 0.0903, 0
0.292910, -127.0801, 104, POINT, S, VKLTPLCVTLQCTNVTNNITD-------------------------------------DMRGEIKN----CSFNM-T-TE--LRD-KK-QKV-YSLF-YRLDVVSINENQGNRSNNS------------------------------------------NKEYRLI---NCNTSAI-T---QA, 0.0386, 0
0.295399, -128.8981, 107, POINT, N, VKLTPLCVTLQCTNVTNNITD-------------------------------------DMRGEIKN----CSFNM-T-TE--LRD-KK-QKV-YSLF-YRLDVVQINNNQGNRSNNS------------------------------------------NKEYRLI---NCNTSAI-T---QA, 0.1013, 1
0.302682, -110.6722, 174, POINT, V, VKLTPLCVTLQCTNVTNNITD-------------------------------------DMRGEIKN----CSFNM-T-TE--LRD-KK-QKV-YSLF-YRLDVVQINNNQGNRSNNS------------------------------------------NKEYRLI---NCNTSVI-T---QA, 0.5411, 0
0.295704, -122.4258, 60, POINT, I, VKLTPLCVTLQCTNVTNNITD-------------------------------------DMIGEIKN----CSFNM-T-TE--LRD-KK-QKV-YSLF-YRLDVVQINNNQGNRSNNS------------------------------------------NKEYRLI---NCNTSAI-T---QA, 0.0953, 0
0.300043, -111.5754, 74, POINT, V, VKLTPLCVTLQCTNVTNNITD-------------------------------------DMRGEIKN----CSFNV-T-TE--LRD-KK-QKV-YSLF-YRLDVVQINNNQGNRSNNS------------------------------------------NKEYRLI---NCNTSAI-T---QA, 0.2156, 0
0.297568, -126.3545, [174], CHUNK, ['T'], VKLTPLCVTLQCTNVTNNITD-------------------------------------DMRGEIKN----CSFNM-T-TE--LRD-KK-QKV-YSLF-YRLDVVQINNNQGNRSNNS------------------------------------------NKEYRLI---NCNTSTI-T---QA, 0.0991, 1
0.300388, -126.3560, 59, POINT, N, VKLTPLCVTLQCTNVTNNITD-------------------------------------DNRGEIKN----CSFNM-T-TE--LRD-KK-QKV-YSLF-YRLDVVQINNNQGNRSNNS------------------------------------------NKEYRLI---NCNTSTI-T---QA, 0.0991, 1
0.311781, -89.5374, [74], CHUNK, ['I'], VKLTPLCVTLQCTNVTNNITD-------------------------------------DNRGEIKN----CSFNI-T-TE--LRD-KK-QKV-YSLF-YRLDVVQINNNQGNRSNNS------------------------------------------NKEYRLI---NCNTSTI-T---QA, 0.4257, 0
0.311781, -110.8080, 74, POINT, I, VKLTPLCVTLQCTNVTNNITD-------------------------------------DNRGEIKN----CSFNI-T-TE--LRD-KK-QKV-YSLF-YRLDVVQINNNQGNRSNNS------------------------------------------NKEYRLI---NCNTSTI-T---QA, 0.3460, 0
0.303123, -126.6964, 20, POINT, N, VKLTPLCVTLQCTNVTNNITN-------------------------------------DNRGEIKN----CSFNM-T-TE--LRD-KK-QKV-YSLF-YRLDVVQINNNQGNRSNNS------------------------------------------NKEYRLI---NCNTSTI-T---QA, 0.0991, 1
0.304796, -8.3414, 82, POINT, I, VKLTPLCVTLQCTNVTNNITN-------------------------------------DNRGEIKN----CSFNM-T-TE--IRD-KK-QKV-YSLF-YRLDVVQINNNQGNRSNNS------------------------------------------NKEYRLI---NCNTSTI-T---QA, 0.1561, 0
0.314516, -86.2142, [74], CHUNK, ['I'], VKLTPLCVTLQCTNVTNNITN-------------------------------------DNRGEIKN----CSFNI-T-TE--LRD-KK-QKV-YSLF-YRLDVVQINNNQGNRSNNS------------------------------------------NKEYRLI---NCNTSTI-T---QA, 0.3632, 0
0.308944, -128.5550, [109, 110], CHUNK, ['K', 'N'], VKLTPLCVTLQCTNVTNNITN-------------------------------------DNRGEIKN----CSFNM-T-TE--LRD-KK-QKV-YSLF-YRLDVVQINNNKNNRSNNS------------------------------------------NKEYRLI---NCNTSTI-T---QA, 0.1088, 0
0.303980, -126.7403, 10, POINT, H, VKLTPLCVTLHCTNVTNNITN-------------------------------------DNRGEIKN----CSFNM-T-TE--LRD-KK-QKV-YSLF-YRLDVVQINNNQGNRSNNS------------------------------------------NKEYRLI---NCNTSTI-T---QA, 0.0991, 0
0.306016, -125.1626, 18, POINT, N, VKLTPLCVTLQCTNVTNNNTN-------------------------------------DNRGEIKN----CSFNM-T-TE--LRD-KK-QKV-YSLF-YRLDVVQINNNQGNRSNNS------------------------------------------NKEYRLI---NCNTSTI-T---QA, 0.0991, 1
0.311253, -124.8048, 109, POINT, N, VKLTPLCVTLQCTNVTNNNTN-------------------------------------DNRGEIKN----CSFNM-T-TE--LRD-KK-QKV-YSLF-YRLDVVQINNNNGNRSNNS------------------------------------------NKEYRLI---NCNTSTI-T---QA, 0.0991, 0
0.311130, -108.1081, 174, POINT, V, VKLTPLCVTLQCTNVTNNNTN-------------------------------------DNRGEIKN----CSFNM-T-TE--LRD-KK-QKV-YSLF-YRLDVVQINNNQGNRSNNS------------------------------------------NKEYRLI---NCNTSVI-T---QA, 0.3295, 0
0.306330, -125.3852, 18, POINT, T, VKLTPLCVTLQCTNVTNNTTN-------------------------------------DNRGEIKN----CSFNM-T-TE--LRD-KK-QKV-YSLF-YRLDVVQINNNQGNRSNNS------------------------------------------NKEYRLI---NCNTSTI-T---QA, 0.0991, 0
0.311099, -124.7243, 160, POINT, T, VKLTPLCVTLQCTNVTNNNTN-------------------------------------DNRGEIKN----CSFNM-T-TE--LRD-KK-QKV-YSLF-YRLDVVQINNNQGNRSNNS------------------------------------------NTEYRLI---NCNTSTI-T---QA, 0.0949, 0
0.310740, -124.3047, 99, POINT, K, VKLTPLCVTLQCTNVTNNNTN-------------------------------------DNRGEIKN----CSFNM-T-TE--LRD-KK-QKV-YSLF-YKLDVVQINNNQGNRSNNS------------------------------------------NKEYRLI---NCNTSTI-T---QA, 0.1412, 1
0.334517, -124.2420, [10], CHUNK, ['N'], VKLTPLCVTLNCTNVTNNNTN-------------------------------------DNRGEIKN----CSFNM-T-TE--LRD-KK-QKV-YSLF-YKLDVVQINNNQGNRSNNS------------------------------------------NKEYRLI---NCNTSTI-T---QA, 0.1412, 0
0.315853, -103.0253, [174], CHUNK, ['V'], VKLTPLCVTLQCTNVTNNNTN-------------------------------------DNRGEIKN----CSFNM-T-TE--LRD-KK-QKV-YSLF-YKLDVVQINNNQGNRSNNS------------------------------------------NKEYRLI---NCNTSVI-T---QA, 0.3914, 0
0.321307, -124.5152, 94, POINT, A, VKLTPLCVTLQCTNVTNNNTN-------------------------------------DNRGEIKN----CSFNM-T-TE--LRD-KK-QKV-YALF-YKLDVVQINNNQGNRSNNS------------------------------------------NKEYRLI---NCNTSTI-T---QA, 0.1412, 0
0.313452, -123.4323, 160, POINT, S, VKLTPLCVTLQCTNVTNNNTN-------------------------------------DNRGEIKN----CSFNM-T-TE--LRD-KK-QKV-YSLF-YKLDVVQINNNQGNRSNNS------------------------------------------NSEYRLI---NCNTSTI-T---QA, 0.1412, 0
0.312383, -121.9417, 60, POINT, K, VKLTPLCVTLQCTNVTNNNTN-------------------------------------DNKGEIKN----CSFNM-T-TE--LRD-KK-QKV-YSLF-YKLDVVQINNNQGNRSNNS------------------------------------------NKEYRLI---NCNTSTI-T---QA, 0.1412, 0
0.311110, -122.9410, 58, POINT, L, VKLTPLCVTLQCTNVTNNNTN-------------------------------------LNRGEIKN----CSFNM-T-TE--LRD-KK-QKV-YSLF-YKLDVVQINNNQGNRSNNS------------------------------------------NKEYRLI---NCNTSTI-T---QA, 0.1412, 0
0.322132, -80.1926, 74, POINT, I, VKLTPLCVTLQCTNVTNNNTN-------------------------------------DNRGEIKN----CSFNI-T-TE--LRD-KK-QKV-YSLF-YKLDVVQINNNQGNRSNNS------------------------------------------NKEYRLI---NCNTSTI-T---QA, 0.2977, 0
0.315384, -109.5229, 74, POINT, V, VKLTPLCVTLQCTNVTNNNTN-------------------------------------DNRGEIKN----CSFNV-T-TE--LRD-KK-QKV-YSLF-YKLDVVQINNNQGNRSNNS------------------------------------------NKEYRLI---NCNTSTI-T---QA, 0.3443, 0
0.321307, -124.5152, [94], CHUNK, ['A'], VKLTPLCVTLQCTNVTNNNTN-------------------------------------DNRGEIKN----CSFNM-T-TE--LRD-KK-QKV-YALF-YKLDVVQINNNQGNRSNNS------------------------------------------NKEYRLI---NCNTSTI-T---QA, 0.1412, 0
0.315379, -124.4327, [104], CHUNK, ['P'], VKLTPLCVTLQCTNVTNNNTN-------------------------------------DNRGEIKN----CSFNM-T-TE--LRD-KK-QKV-YSLF-YKLDVVPINNNQGNRSNNS------------------------------------------NKEYRLI---NCNTSTI-T---QA, 0.1517, 1
0.320024, -109.3972, 74, POINT, V, VKLTPLCVTLQCTNVTNNNTN-------------------------------------DNRGEIKN----CSFNV-T-TE--LRD-KK-QKV-YSLF-YKLDVVPINNNQGNRSNNS------------------------------------------NKEYRLI---NCNTSTI-T---QA, 0.2078, 0
0.320875, -124.1230, 109, POINT, N, VKLTPLCVTLQCTNVTNNNTN-------------------------------------DNRGEIKN----CSFNM-T-TE--LRD-KK-QKV-YSLF-YKLDVVPINNNNGNRSNNS------------------------------------------NKEYRLI---NCNTSTI-T---QA, 0.1517, 0
0.320493, -104.9045, [174], CHUNK, ['V'], VKLTPLCVTLQCTNVTNNNTN-------------------------------------DNRGEIKN----CSFNM-T-TE--LRD-KK-QKV-YSLF-YKLDVVPINNNQGNRSNNS------------------------------------------NKEYRLI---NCNTSVI-T---QA, 0.4370, 0
0.320493, -106.4888, 174, POINT, V, VKLTPLCVTLQCTNVTNNNTN-------------------------------------DNRGEIKN----CSFNM-T-TE--LRD-KK-QKV-YSLF-YKLDVVPINNNQGNRSNNS------------------------------------------NKEYRLI---NCNTSVI-T---QA, 0.3818, 0
0.326772, -85.6744, 74, POINT, I, VKLTPLCVTLQCTNVTNNNTN-------------------------------------DNRGEIKN----CSFNI-T-TE--LRD-KK-QKV-YSLF-YKLDVVPINNNQGNRSNNS------------------------------------------NKEYRLI---NCNTSTI-T---QA, 0.3861, 0
0.327486, -123.5460, [160, 161], CHUNK, ['T', 'S'], VKLTPLCVTLQCTNVTNNNTN-------------------------------------DNRGEIKN----CSFNM-T-TE--LRD-KK-QKV-YSLF-YKLDVVPINNNQGNRSNNS------------------------------------------NTSYRLI---NCNTSTI-T---QA, 0.1517, 0
0.339157, -124.5889, [10], CHUNK, ['N'], VKLTPLCVTLNCTNVTNNNTN-------------------------------------DNRGEIKN----CSFNM-T-TE--LRD-KK-QKV-YSLF-YKLDVVPINNNQGNRSNNS------------------------------------------NKEYRLI---NCNTSTI-T---QA, 0.1533, 1
0.350549, -91.6618, 74, POINT, I, VKLTPLCVTLNCTNVTNNNTN-------------------------------------DNRGEIKN----CSFNI-T-TE--LRD-KK-QKV-YSLF-YKLDVVPINNNQGNRSNNS------------------------------------------NKEYRLI---NCNTSTI-T---QA, 0.4329, 0
0.344270, -105.8244, 174, POINT, V, VKLTPLCVTLNCTNVTNNNTN-------------------------------------DNRGEIKN----CSFNM-T-TE--LRD-KK-QKV-YSLF-YKLDVVPINNNQGNRSNNS------------------------------------------NKEYRLI---NCNTSVI-T---QA, 0.5268, 0
0.344270, -105.9728, 174, POINT, V, VKLTPLCVTLNCTNVTNNNTN-------------------------------------DNRGEIKN----CSFNM-T-TE--LRD-KK-QKV-YSLF-YKLDVVPINNNQGNRSNNS------------------------------------------NKEYRLI---NCNTSVI-T---QA, 0.4894, 0
0.349724, -124.7990, 94, POINT, A, VKLTPLCVTLNCTNVTNNNTN-------------------------------------DNRGEIKN----CSFNM-T-TE--LRD-KK-QKV-YALF-YKLDVVPINNNQGNRSNNS------------------------------------------NKEYRLI---NCNTSTI-T---QA, 0.1533, 1
0.350048, -125.0206, 18, POINT, T, VKLTPLCVTLNCTNVTNNTTN-------------------------------------DNRGEIKN----CSFNM-T-TE--LRD-KK-QKV-YALF-YKLDVVPINNNQGNRSNNS------------------------------------------NKEYRLI---NCNTSTI-T---QA, 0.1533, 1
0.354259, -124.2207, [161], CHUNK, ['S'], VKLTPLCVTLNCTNVTNNTTN-------------------------------------DNRGEIKN----CSFNM-T-TE--LRD-KK-QKV-YALF-YKLDVVPINNNQGNRSNNS------------------------------------------NKSYRLI---NCNTSTI-T---QA, 0.1533, 1
0.354644, -124.4959, [106], CHUNK, ['D'], VKLTPLCVTLNCTNVTNNTTN-------------------------------------DNRGEIKN----CSFNM-T-TE--LRD-KK-QKV-YALF-YKLDVVPIDNNQGNRSNNS------------------------------------------NKSYRLI---NCNTSTI-T---QA, 0.1711, 0
0.360317, -122.6922, 91, POINT, E, VKLTPLCVTLNCTNVTNNTTN-------------------------------------DNRGEIKN----CSFNM-T-TE--LRD-KK-QKE-YALF-YKLDVVPINNNQGNRSNNS------------------------------------------NKSYRLI---NCNTSTI-T---QA, 0.1533, 1
0.360981, -116.0084, 60, POINT, I, VKLTPLCVTLNCTNVTNNTTN-------------------------------------DNIGEIKN----CSFNM-T-TE--LRD-KK-QKE-YALF-YKLDVVPINNNQGNRSNNS------------------------------------------NKSYRLI---NCNTSTI-T---QA, 0.1533, 0
0.365432, -122.9446, [109, 110], CHUNK, ['S', 'D'], VKLTPLCVTLNCTNVTNNTTN-------------------------------------DNRGEIKN----CSFNM-T-TE--LRD-KK-QKE-YALF-YKLDVVPINNNSDNRSNNS------------------------------------------NKSYRLI---NCNTSTI-T---QA, 0.1533, 0
0.363540, -122.4641, 160, POINT, S, VKLTPLCVTLNCTNVTNNTTN-------------------------------------DNRGEIKN----CSFNM-T-TE--LRD-KK-QKE-YALF-YKLDVVPINNNQGNRSNNS------------------------------------------NSSYRLI---NCNTSTI-T---QA, 0.1533, 0
0.362551, -120.7112, 14, POINT, N, VKLTPLCVTLNCTNNTNNTTN-------------------------------------DNRGEIKN----CSFNM-T-TE--LRD-KK-QKE-YALF-YKLDVVPINNNQGNRSNNS------------------------------------------NKSYRLI---NCNTSTI-T---QA, 0.1533, 0
0.362480, -39.9378, 82, POINT, I, VKLTPLCVTLNCTNVTNNTTN-------------------------------------DNRGEIKN----CSFNM-T-TE--IRD-KK-QKE-YALF-YKLDVVPINNNQGNRSNNS------------------------------------------NKSYRLI---NCNTSTI-T---QA, 0.5387, 0
0.363540, -122.4641, [160], CHUNK, ['S'], VKLTPLCVTLNCTNVTNNTTN-------------------------------------DNRGEIKN----CSFNM-T-TE--LRD-KK-QKE-YALF-YKLDVVPINNNQGNRSNNS------------------------------------------NSSYRLI---NCNTSTI-T---QA, 0.1533, 0
0.371710, -115.1803, 74, POINT, I, VKLTPLCVTLNCTNVTNNTTN-------------------------------------DNRGEIKN----CSFNI-T-TE--LRD-KK-QKE-YALF-YKLDVVPINNNQGNRSNNS------------------------------------------NKSYRLI---NCNTSTI-T---QA, 0.3223, 0
0.360981, -116.0084, 60, POINT, I, VKLTPLCVTLNCTNVTNNTTN-------------------------------------DNIGEIKN----CSFNM-T-TE--LRD-KK-QKE-YALF-YKLDVVPINNNQGNRSNNS------------------------------------------NKSYRLI---NCNTSTI-T---QA, 0.1533, 0
0.365430, -101.1007, 174, POINT, V, VKLTPLCVTLNCTNVTNNTTN-------------------------------------DNRGEIKN----CSFNM-T-TE--LRD-KK-QKE-YALF-YKLDVVPINNNQGNRSNNS------------------------------------------NKSYRLI---NCNTSVI-T---QA, 0.3499, 0
0.360598, -122.1256, 87, POINT, V, VKLTPLCVTLNCTNVTNNTTN-------------------------------------DNRGEIKN----CSFNM-T-TE--LRD-KV-QKE-YALF-YKLDVVPINNNQGNRSNNS------------------------------------------NKSYRLI---NCNTSTI-T---QA, 0.1533, 0
0.368212, -122.6048, 160, POINT, T, VKLTPLCVTLNCTNVTNNTTN-------------------------------------DNRGEIKN----CSFNM-T-TE--LRD-KK-QKE-YALF-YKLDVVPINNNQGNRSNNS------------------------------------------NTSYRLI---NCNTSTI-T---QA, 0.1533, 0
0.360702, -122.6297, [106], CHUNK, ['D'], VKLTPLCVTLNCTNVTNNTTN-------------------------------------DNRGEIKN----CSFNM-T-TE--LRD-KK-QKE-YALF-YKLDVVPIDNNQGNRSNNS------------------------------------------NKSYRLI---NCNTSTI-T---QA, 0.1533, 0
0.364124, -122.5275, 160, POINT, N, VKLTPLCVTLNCTNVTNNTTN-------------------------------------DNRGEIKN----CSFNM-T-TE--LRD-KK-QKE-YALF-YKLDVVPINNNQGNRSNNS------------------------------------------NNSYRLI---NCNTSTI-T---QA, 0.1533, 0
0.365430, -101.9521, [174], CHUNK, ['V'], VKLTPLCVTLNCTNVTNNTTN-------------------------------------DNRGEIKN----CSFNM-T-TE--LRD-KK-QKE-YALF-YKLDVVPINNNQGNRSNNS------------------------------------------NKSYRLI---NCNTSVI-T---QA, 0.4713, 0
0.365430, -107.7891, [174], CHUNK, ['V'], VKLTPLCVTLNCTNVTNNTTN-------------------------------------DNRGEIKN----CSFNM-T-TE--LRD-KK-QKE-YALF-YKLDVVPINNNQGNRSNNS------------------------------------------NKSYRLI---NCNTSVI-T---QA, 0.2684, 0
0.371710, -113.9153, [74], CHUNK, ['I'], VKLTPLCVTLNCTNVTNNTTN-------------------------------------DNRGEIKN----CSFNI-T-TE--LRD-KK-QKE-YALF-YKLDVVPINNNQGNRSNNS------------------------------------------NKSYRLI---NCNTSTI-T---QA, 0.2466, 1
0.375499, 2.9035, 82, POINT, I, VKLTPLCVTLNCTNVTNNTTN-------------------------------------DNRGEIKN----CSFNI-T-TE--IRD-KK-QKE-YALF-YKLDVVPINNNQGNRSNNS------------------------------------------NKSYRLI---NCNTSTI-T---QA, 0.3004, 0
0.375314, -109.2958, 60, POINT, T, VKLTPLCVTLNCTNVTNNTTN-------------------------------------DNTGEIKN----CSFNI-T-TE--LRD-KK-QKE-YALF-YKLDVVPINNNQGNRSNNS------------------------------------------NKSYRLI---NCNTSTI-T---QA, 0.2665, 0
0.374266, -114.7939, [160, 161], CHUNK, ['T', 'N'], VKLTPLCVTLNCTNVTNNTTN-------------------------------------DNRGEIKN----CSFNI-T-TE--LRD-KK-QKE-YALF-YKLDVVPINNNQGNRSNNS------------------------------------------NTNYRLI---NCNTSTI-T---QA, 0.2085, 0
0.372755, -113.8022, [159, 160], CHUNK, ['S', 'S'], VKLTPLCVTLNCTNVTNNTTN-------------------------------------DNRGEIKN----CSFNI-T-TE--LRD-KK-QKE-YALF-YKLDVVPINNNQGNRSNNS------------------------------------------SSSYRLI---NCNTSTI-T---QA, 0.2331, 0
0.373420, -111.7006, [60], CHUNK, ['K'], VKLTPLCVTLNCTNVTNNTTN-------------------------------------DNKGEIKN----CSFNI-T-TE--LRD-KK-QKE-YALF-YKLDVVPINNNQGNRSNNS------------------------------------------NKSYRLI---NCNTSTI-T---QA, 0.2466, 0
------END OF DATA------
Best coverage = 0.371709607396
Best sequence = VKLTPLCVTLNCTNVTNNTTN-------------------------------------DNKGEIKN----CSFNI-T-TE--LRD-KK-QKE-YALF-YKLDVVPINNNQGNRSNNS------------------------------------------NKSYRLI---NCNTSTI-T---QA
Hard Covereage = 0.089573928939
Num epitopes = 63
