Name base = V1V2_200_sq_1_11_ni
Iters = 200
Soft coverage = 1.31203964383
Energy = -130.190873899
Hard Covereage = 0.0368019545157
Num epitopes = 65
Initial seq = VKLTPLCVTLQCTNVTNNITD-------------------------------------DMRGELKN----CSFNM-T-TE--LRD-KK-QKV-YSLF-YRLDVVQINENQGNRSNNS------------------------------------------NKEYRLI---NCNTSAI-T---QA
-------START OF DATA------
1.368762, -130.7558, [160, 161, 163], CHUNK, ['T', 'S', 'T'], VKLTPLCVTLQCTNVTNNITD-------------------------------------DMRGELKN----CSFNM-T-TE--LRD-KK-QKV-YSLF-YRLDVVQINENQGNRSNNS------------------------------------------NTSYTLI---NCNTSAI-T---QA, 0.0708, 1
1.378312, -130.1725, 79, POINT, S, VKLTPLCVTLQCTNVTNNITD-------------------------------------DMRGELKN----CSFNM-T-TS--LRD-KK-QKV-YSLF-YRLDVVQINENQGNRSNNS------------------------------------------NTSYTLI---NCNTSAI-T---QA, 0.0977, 1
1.379035, -130.3033, 182, POINT, T, VKLTPLCVTLQCTNVTNNITD-------------------------------------DMRGELKN----CSFNM-T-TS--LRD-KK-QKV-YSLF-YRLDVVQINENQGNRSNNS------------------------------------------NTSYTLI---NCNTSAI-T---QT, 0.1076, 1
1.440329, -129.2923, [108, 109, 110, 111, 112, 113, 114, 115, 116], CHUNK, ['D', 'N', 'N', 'E', 'N', 'N', 'S', 'T', 'N'], VKLTPLCVTLQCTNVTNNITD-------------------------------------DMRGELKN----CSFNM-T-TS--LRD-KK-QKV-YSLF-YRLDVVQINEDNNENNSTN------------------------------------------NTSYTLI---NCNTSAI-T---QT, 0.1059, 1
1.464173, -128.2908, 59, POINT, T, VKLTPLCVTLQCTNVTNNITD-------------------------------------DTRGELKN----CSFNM-T-TS--LRD-KK-QKV-YSLF-YRLDVVQINEDNNENNSTN------------------------------------------NTSYTLI---NCNTSAI-T---QT, 0.1059, 1
1.497423, -123.8914, [74], CHUNK, ['T'], VKLTPLCVTLQCTNVTNNITD-------------------------------------DTRGELKN----CSFNT-T-TS--LRD-KK-QKV-YSLF-YRLDVVQINEDNNENNSTN------------------------------------------NTSYTLI---NCNTSAI-T---QT, 0.1059, 0
1.468425, -91.9666, 61, POINT, I, VKLTPLCVTLQCTNVTNNITD-------------------------------------DTRIELKN----CSFNM-T-TS--LRD-KK-QKV-YSLF-YRLDVVQINEDNNENNSTN------------------------------------------NTSYTLI---NCNTSAI-T---QT, 0.1814, 0
1.502542, -126.1837, [10, 14], CHUNK, ['N', 'A'], VKLTPLCVTLNCTNATNNITD-------------------------------------DTRGELKN----CSFNM-T-TS--LRD-KK-QKV-YSLF-YRLDVVQINEDNNENNSTN------------------------------------------NTSYTLI---NCNTSAI-T---QT, 0.1059, 0
1.486345, -124.2730, [74, 79], CHUNK, ['T', 'E'], VKLTPLCVTLQCTNVTNNITD-------------------------------------DTRGELKN----CSFNT-T-TE--LRD-KK-QKV-YSLF-YRLDVVQINEDNNENNSTN------------------------------------------NTSYTLI---NCNTSAI-T---QT, 0.1374, 0
1.489485, -129.2034, [10], CHUNK, ['N'], VKLTPLCVTLNCTNVTNNITD-------------------------------------DMRGELKN----CSFNM-T-TS--LRD-KK-QKV-YSLF-YRLDVVQINEDNNENNSTN------------------------------------------NTSYTLI---NCNTSAI-T---QT, 0.1059, 1
1.523625, -96.6283, [58, 59, 60, 61, 64], CHUNK, ['T', 'S', 'S', 'E', 'R'], VKLTPLCVTLNCTNVTNNITD-------------------------------------TSSEELRN----CSFNM-T-TS--LRD-KK-QKV-YSLF-YRLDVVQINEDNNENNSTN------------------------------------------NTSYTLI---NCNTSAI-T---QT, 0.2522, 0
1.496001, -127.4484, 99, POINT, K, VKLTPLCVTLNCTNVTNNITD-------------------------------------DMRGELKN----CSFNM-T-TS--LRD-KK-QKV-YSLF-YKLDVVQINEDNNENNSTN------------------------------------------NTSYTLI---NCNTSAI-T---QT, 0.1059, 1
1.512666, -127.7029, 60, POINT, N, VKLTPLCVTLNCTNVTNNITD-------------------------------------DMNGELKN----CSFNM-T-TS--LRD-KK-QKV-YSLF-YKLDVVQINEDNNENNSTN------------------------------------------NTSYTLI---NCNTSAI-T---QT, 0.1050, 0
1.503846, -128.0391, 84, POINT, N, VKLTPLCVTLNCTNVTNNITD-------------------------------------DMRGELKN----CSFNM-T-TS--LRN-KK-QKV-YSLF-YKLDVVQINEDNNENNSTN------------------------------------------NTSYTLI---NCNTSAI-T---QT, 0.1059, 0
1.509193, -125.4515, 165, POINT, T, VKLTPLCVTLNCTNVTNNITD-------------------------------------DMRGELKN----CSFNM-T-TS--LRD-KK-QKV-YSLF-YKLDVVQINEDNNENNSTN------------------------------------------NTSYTLT---NCNTSAI-T---QT, 0.1048, 1
1.521474, -124.9286, 103, POINT, T, VKLTPLCVTLNCTNVTNNITD-------------------------------------DMRGELKN----CSFNM-T-TS--LRD-KK-QKV-YSLF-YKLDVTQINEDNNENNSTN------------------------------------------NTSYTLT---NCNTSAI-T---QT, 0.1048, 1
1.524733, -123.9545, 175, POINT, T, VKLTPLCVTLNCTNVTNNITD-------------------------------------DMRGELKN----CSFNM-T-TS--LRD-KK-QKV-YSLF-YKLDVTQINEDNNENNSTN------------------------------------------NTSYTLT---NCNTSAT-T---QT, 0.1048, 0
1.554725, -120.5478, [74], CHUNK, ['T'], VKLTPLCVTLNCTNVTNNITD-------------------------------------DMRGELKN----CSFNT-T-TS--LRD-KK-QKV-YSLF-YKLDVTQINEDNNENNSTN------------------------------------------NTSYTLT---NCNTSAI-T---QT, 0.1048, 0
1.534744, -120.8523, [87], CHUNK, ['N'], VKLTPLCVTLNCTNVTNNITD-------------------------------------DMRGELKN----CSFNM-T-TS--LRD-KN-QKV-YSLF-YKLDVTQINEDNNENNSTN------------------------------------------NTSYTLT---NCNTSAI-T---QT, 0.1118, 0
1.554725, -120.5478, [74], CHUNK, ['T'], VKLTPLCVTLNCTNVTNNITD-------------------------------------DMRGELKN----CSFNT-T-TS--LRD-KK-QKV-YSLF-YKLDVTQINEDNNENNSTN------------------------------------------NTSYTLT---NCNTSAI-T---QT, 0.1048, 0
1.524898, -123.5465, 174, POINT, T, VKLTPLCVTLNCTNVTNNITD-------------------------------------DMRGELKN----CSFNM-T-TS--LRD-KK-QKV-YSLF-YKLDVVQINEDNNENNSTN------------------------------------------NTSYTLT---NCNTSTI-T---QT, 0.1064, 1
1.544442, -86.4343, [71, 74], CHUNK, ['T', 'I'], VKLTPLCVTLNCTNVTNNITD-------------------------------------DMRGELKN----CTFNI-T-TS--LRD-KK-QKV-YSLF-YKLDVVQINEDNNENNSTN------------------------------------------NTSYTLT---NCNTSTI-T---QT, 0.4019, 0
1.542767, -86.9247, [74], CHUNK, ['I'], VKLTPLCVTLNCTNVTNNITD-------------------------------------DMRGELKN----CSFNI-T-TS--LRD-KK-QKV-YSLF-YKLDVVQINEDNNENNSTN------------------------------------------NTSYTLT---NCNTSTI-T---QT, 0.5118, 0
1.543788, -91.1094, [58, 59, 61], CHUNK, ['T', 'G', 'E'], VKLTPLCVTLNCTNVTNNITD-------------------------------------TGREELKN----CSFNM-T-TS--LRD-KK-QKV-YSLF-YKLDVVQINEDNNENNSTN------------------------------------------NTSYTLT---NCNTSTI-T---QT, 0.1064, 0
1.542767, -101.5181, 74, POINT, I, VKLTPLCVTLNCTNVTNNITD-------------------------------------DMRGELKN----CSFNI-T-TS--LRD-KK-QKV-YSLF-YKLDVVQINEDNNENNSTN------------------------------------------NTSYTLT---NCNTSTI-T---QT, 0.5043, 0
1.531365, -121.3988, [74, 79], CHUNK, ['T', 'E'], VKLTPLCVTLNCTNVTNNITD-------------------------------------DMRGELKN----CSFNT-T-TE--LRD-KK-QKV-YSLF-YKLDVVQINEDNNENNSTN------------------------------------------NTSYTLT---NCNTSAI-T---QT, 0.1048, 1
1.547070, -119.0469, 174, POINT, T, VKLTPLCVTLNCTNVTNNITD-------------------------------------DMRGELKN----CSFNT-T-TE--LRD-KK-QKV-YSLF-YKLDVVQINEDNNENNSTN------------------------------------------NTSYTLT---NCNTSTI-T---QT, 0.1048, 0
1.545086, -115.3986, [79, 82, 83], CHUNK, ['S', 'T', 'Q'], VKLTPLCVTLNCTNVTNNITD-------------------------------------DMRGELKN----CSFNT-T-TS--TQD-KK-QKV-YSLF-YKLDVVQINEDNNENNSTN------------------------------------------NTSYTLT---NCNTSAI-T---QT, 0.2030, 0
1.557077, -121.7174, 58, POINT, N, VKLTPLCVTLNCTNVTNNITD-------------------------------------NMRGELKN----CSFNT-T-TE--LRD-KK-QKV-YSLF-YKLDVVQINEDNNENNSTN------------------------------------------NTSYTLT---NCNTSAI-T---QT, 0.1048, 1
1.577378, -120.6210, 18, POINT, T, VKLTPLCVTLNCTNVTNNTTD-------------------------------------NMRGELKN----CSFNT-T-TE--LRD-KK-QKV-YSLF-YKLDVVQINEDNNENNSTN------------------------------------------NTSYTLT---NCNTSAI-T---QT, 0.1049, 0
1.564531, -121.8915, 89, POINT, K, VKLTPLCVTLNCTNVTNNITD-------------------------------------NMRGELKN----CSFNT-T-TE--LRD-KK-KKV-YSLF-YKLDVVQINEDNNENNSTN------------------------------------------NTSYTLT---NCNTSAI-T---QT, 0.1056, 1
1.578354, -116.1256, [79, 82, 83], CHUNK, ['S', 'T', 'Q'], VKLTPLCVTLNCTNVTNNITD-------------------------------------NMRGELKN----CSFNT-T-TS--TQD-KK-KKV-YSLF-YKLDVVQINEDNNENNSTN------------------------------------------NTSYTLT---NCNTSAI-T---QT, 0.1078, 0
1.585679, -120.9508, 79, POINT, N, VKLTPLCVTLNCTNVTNNITD-------------------------------------NMRGELKN----CSFNT-T-TN--LRD-KK-KKV-YSLF-YKLDVVQINEDNNENNSTN------------------------------------------NTSYTLT---NCNTSAI-T---QT, 0.1056, 1
1.605939, -117.6337, [174, 175], CHUNK, ['T', 'T'], VKLTPLCVTLNCTNVTNNITD-------------------------------------NMRGELKN----CSFNT-T-TN--LRD-KK-KKV-YSLF-YKLDVVQINEDNNENNSTN------------------------------------------NTSYTLT---NCNTSTT-T---QT, 0.1056, 0
1.611499, -119.7303, [102, 104, 105], CHUNK, ['I', 'S', 'T'], VKLTPLCVTLNCTNVTNNITD-------------------------------------NMRGELKN----CSFNT-T-TN--LRD-KK-KKV-YSLF-YKLDIVSTNEDNNENNSTN------------------------------------------NTSYTLT---NCNTSAI-T---QT, 0.1109, 0
1.593910, -121.3613, 59, POINT, K, VKLTPLCVTLNCTNVTNNITD-------------------------------------NKRGELKN----CSFNT-T-TN--LRD-KK-KKV-YSLF-YKLDVVQINEDNNENNSTN------------------------------------------NTSYTLT---NCNTSAI-T---QT, 0.1056, 1
1.615168, -118.0683, 20, POINT, T, VKLTPLCVTLNCTNVTNNITT-------------------------------------NKRGELKN----CSFNT-T-TN--LRD-KK-KKV-YSLF-YKLDVVQINEDNNENNSTN------------------------------------------NTSYTLT---NCNTSAI-T---QT, 0.1131, 0
1.599944, -121.3617, [91, 94], CHUNK, ['E', 'A'], VKLTPLCVTLNCTNVTNNITD-------------------------------------NKRGELKN----CSFNT-T-TN--LRD-KK-KKE-YALF-YKLDVVQINEDNNENNSTN------------------------------------------NTSYTLT---NCNTSAI-T---QT, 0.1056, 1
1.602569, -120.7224, [99], CHUNK, ['N'], VKLTPLCVTLNCTNVTNNITD-------------------------------------NKRGELKN----CSFNT-T-TN--LRD-KK-KKE-YALF-YNLDVVQINEDNNENNSTN------------------------------------------NTSYTLT---NCNTSAI-T---QT, 0.1071, 0
1.606662, -102.2951, [174], CHUNK, ['V'], VKLTPLCVTLNCTNVTNNITD-------------------------------------NKRGELKN----CSFNT-T-TN--LRD-KK-KKE-YALF-YKLDVVQINEDNNENNSTN------------------------------------------NTSYTLT---NCNTSVI-T---QT, 0.2876, 0
1.606296, -121.5975, 104, POINT, P, VKLTPLCVTLNCTNVTNNITD-------------------------------------NKRGELKN----CSFNT-T-TN--LRD-KK-KKE-YALF-YKLDVVPINEDNNENNSTN------------------------------------------NTSYTLT---NCNTSAI-T---QT, 0.1056, 1
1.609733, -121.8973, 101, POINT, N, VKLTPLCVTLNCTNVTNNITD-------------------------------------NKRGELKN----CSFNT-T-TN--LRD-KK-KKE-YALF-YKLNVVPINEDNNENNSTN------------------------------------------NTSYTLT---NCNTSAI-T---QT, 0.1046, 1
1.616635, -119.2753, 98, POINT, N, VKLTPLCVTLNCTNVTNNITD-------------------------------------NKRGELKN----CSFNT-T-TN--LRD-KK-KKE-YALF-NKLNVVPINEDNNENNSTN------------------------------------------NTSYTLT---NCNTSAI-T---QT, 0.1046, 0
1.625438, -120.0592, 174, POINT, T, VKLTPLCVTLNCTNVTNNITD-------------------------------------NKRGELKN----CSFNT-T-TN--LRD-KK-KKE-YALF-YKLNVVPINEDNNENNSTN------------------------------------------NTSYTLT---NCNTSTI-T---QT, 0.1185, 1
1.636736, -118.8383, 104, POINT, S, VKLTPLCVTLNCTNVTNNITD-------------------------------------NKRGELKN----CSFNT-T-TN--LRD-KK-KKE-YALF-YKLNVVSINEDNNENNSTN------------------------------------------NTSYTLT---NCNTSTI-T---QT, 0.1185, 0
1.638815, -117.6592, [102, 105, 108, 110], CHUNK, ['I', 'L', 'N', 'S'], VKLTPLCVTLNCTNVTNNITD-------------------------------------NKRGELKN----CSFNT-T-TN--LRD-KK-KKE-YALF-YKLNIVPLNENNSENNSTN------------------------------------------NTSYTLT---NCNTSTI-T---QT, 0.1162, 0
1.633366, -118.8845, 18, POINT, S, VKLTPLCVTLNCTNVTNNSTD-------------------------------------NKRGELKN----CSFNT-T-TN--LRD-KK-KKE-YALF-YKLNVVPINEDNNENNSTN------------------------------------------NTSYTLT---NCNTSTI-T---QT, 0.1329, 0
1.628986, -120.6139, [4], CHUNK, ['T'], VKLTTLCVTLNCTNVTNNITD-------------------------------------NKRGELKN----CSFNT-T-TN--LRD-KK-KKE-YALF-YKLNVVPINEDNNENNSTN------------------------------------------NTSYTLT---NCNTSTI-T---QT, 0.1185, 1
1.637242, -116.7703, [60, 63], CHUNK, ['K', 'I'], VKLTTLCVTLNCTNVTNNITD-------------------------------------NKKGEIKN----CSFNT-T-TN--LRD-KK-KKE-YALF-YKLNVVPINEDNNENNSTN------------------------------------------NTSYTLT---NCNTSTI-T---QT, 0.1185, 0
1.632213, -119.2539, [63], CHUNK, ['I'], VKLTTLCVTLNCTNVTNNITD-------------------------------------NKRGEIKN----CSFNT-T-TN--LRD-KK-KKE-YALF-YKLNVVPINEDNNENNSTN------------------------------------------NTSYTLT---NCNTSTI-T---QT, 0.1483, 0
1.638596, -120.3269, 62, POINT, T, VKLTTLCVTLNCTNVTNNITD-------------------------------------NKRGTLKN----CSFNT-T-TN--LRD-KK-KKE-YALF-YKLNVVPINEDNNENNSTN------------------------------------------NTSYTLT---NCNTSTI-T---QT, 0.1185, 1
1.665238, -120.3529, 107, POINT, N, VKLTTLCVTLNCTNVTNNITD-------------------------------------NKRGTLKN----CSFNT-T-TN--LRD-KK-KKE-YALF-YKLNVVPINNDNNENNSTN------------------------------------------NTSYTLT---NCNTSTI-T---QT, 0.1185, 0
1.658078, -115.2790, [13, 14, 16, 17, 18, 19, 20], CHUNK, ['T', 'T', 'T', 'S', 'S', 'N', 'T'], VKLTTLCVTLNCTTTTTSSNT-------------------------------------NKRGTLKN----CSFNT-T-TN--LRD-KK-KKE-YALF-YKLNVVPINEDNNENNSTN------------------------------------------NTSYTLT---NCNTSTI-T---QT, 0.1185, 0
1.642991, -14.6162, [82, 87], CHUNK, ['I', 'I'], VKLTTLCVTLNCTNVTNNITD-------------------------------------NKRGTLKN----CSFNT-T-TN--IRD-KI-KKE-YALF-YKLNVVPINEDNNENNSTN------------------------------------------NTSYTLT---NCNTSTI-T---QT, 0.3269, 0
1.659784, -119.6810, 18, POINT, T, VKLTTLCVTLNCTNVTNNTTD-------------------------------------NKRGTLKN----CSFNT-T-TN--LRD-KK-KKE-YALF-YKLNVVPINEDNNENNSTN------------------------------------------NTSYTLT---NCNTSTI-T---QT, 0.1105, 0
1.637462, -121.2053, 84, POINT, N, VKLTTLCVTLNCTNVTNNITD-------------------------------------NKRGELKN----CSFNT-T-TN--LRN-KK-KKE-YALF-YKLNVVPINEDNNENNSTN------------------------------------------NTSYTLT---NCNTSTI-T---QT, 0.1185, 0
1.665492, -93.2672, [59, 60, 61, 62, 63], CHUNK, ['C', 'N', 'T', 'D', 'M'], VKLTTLCVTLNCTNVTNNITD-------------------------------------NCNTDMKN----CSFNT-T-TN--LRD-KK-KKE-YALF-YKLNVVPINEDNNENNSTN------------------------------------------NTSYTLT---NCNTSTI-T---QT, 0.1185, 0
1.633381, -17.3055, [82, 87], CHUNK, ['I', 'I'], VKLTTLCVTLNCTNVTNNITD-------------------------------------NKRGELKN----CSFNT-T-TN--IRD-KI-KKE-YALF-YKLNVVPINEDNNENNSTN------------------------------------------NTSYTLT---NCNTSTI-T---QT, 0.4369, 0
1.649712, -119.2327, 18, POINT, T, VKLTTLCVTLNCTNVTNNTTD-------------------------------------NKRGELKN----CSFNT-T-TN--LRD-KK-KKE-YALF-YKLNVVPINEDNNENNSTN------------------------------------------NTSYTLT---NCNTSTI-T---QT, 0.1185, 0
1.650034, -120.3115, 108, POINT, N, VKLTPLCVTLNCTNVTNNITD-------------------------------------NKRGELKN----CSFNT-T-TN--LRD-KK-KKE-YALF-YKLNVVPINENNNENNSTN------------------------------------------NTSYTLT---NCNTSTI-T---QT, 0.1185, 1
1.661902, -11.5585, [82, 87, 89], CHUNK, ['I', 'N', 'Q'], VKLTPLCVTLNCTNVTNNITD-------------------------------------NKRGELKN----CSFNT-T-TN--IRD-KN-QKE-YALF-YKLNVVPINENNNENNSTN------------------------------------------NTSYTLT---NCNTSTI-T---QT, 0.3440, 0
1.653261, -118.6606, [63], CHUNK, ['I'], VKLTPLCVTLNCTNVTNNITD-------------------------------------NKRGEIKN----CSFNT-T-TN--LRD-KK-KKE-YALF-YKLNVVPINENNNENNSTN------------------------------------------NTSYTLT---NCNTSTI-T---QT, 0.1185, 0
1.662080, -120.4152, 99, POINT, T, VKLTPLCVTLNCTNVTNNITD-------------------------------------NKRGELKN----CSFNT-T-TN--LRD-KK-KKE-YALF-YTLNVVPINENNNENNSTN------------------------------------------NTSYTLT---NCNTSTI-T---QT, 0.1185, 0
1.658066, -119.5724, [87, 89], CHUNK, ['V', 'T'], VKLTPLCVTLNCTNVTNNITD-------------------------------------NKRGELKN----CSFNT-T-TN--LRD-KV-TKE-YALF-YKLNVVPINENNNENNSTN------------------------------------------NTSYTLT---NCNTSTI-T---QT, 0.1185, 0
1.632340, -117.4377, [98], CHUNK, ['N'], VKLTPLCVTLNCTNVTNNITD-------------------------------------NKRGELKN----CSFNT-T-TN--LRD-KK-KKE-YALF-NKLNVVPINEDNNENNSTN------------------------------------------NTSYTLT---NCNTSTI-T---QT, 0.1185, 0
1.632566, -119.4864, 87, POINT, T, VKLTPLCVTLNCTNVTNNITD-------------------------------------NKRGELKN----CSFNT-T-TN--LRD-KT-KKE-YALF-YKLNVVPINEDNNENNSTN------------------------------------------NTSYTLT---NCNTSTI-T---QT, 0.1185, 0
1.628665, -118.5329, [63], CHUNK, ['I'], VKLTPLCVTLNCTNVTNNITD-------------------------------------NKRGEIKN----CSFNT-T-TN--LRD-KK-KKE-YALF-YKLNVVPINEDNNENNSTN------------------------------------------NTSYTLT---NCNTSTI-T---QT, 0.1164, 0
1.643133, -118.3897, 18, POINT, N, VKLTPLCVTLNCTNVTNNNTD-------------------------------------NKRGELKN----CSFNT-T-TN--LRD-KK-KKE-YALF-YKLNVVPINEDNNENNSTN------------------------------------------NTSYTLT---NCNTSTI-T---QT, 0.1185, 0
1.636375, -121.9484, 107, POINT, N, VKLTPLCVTLNCTNVTNNITD-------------------------------------NKRGELKN----CSFNT-T-TN--LRD-KK-KKE-YALF-YKLNVVPINNDNNENNSTN------------------------------------------NTSYTLT---NCNTSAI-T---QT, 0.1037, 1
1.643094, -103.3432, [174], CHUNK, ['V'], VKLTPLCVTLNCTNVTNNITD-------------------------------------NKRGELKN----CSFNT-T-TN--LRD-KK-KKE-YALF-YKLNVVPINNDNNENNSTN------------------------------------------NTSYTLT---NCNTSVI-T---QT, 0.4285, 0
1.645399, -119.8586, [174, 175], CHUNK, ['T', 'V'], VKLTPLCVTLNCTNVTNNITD-------------------------------------NKRGELKN----CSFNT-T-TN--LRD-KK-KKE-YALF-YKLNVVPINNDNNENNSTN------------------------------------------NTSYTLT---NCNTSTV-T---QT, 0.1037, 0
1.636982, -93.7524, 61, POINT, E, VKLTPLCVTLNCTNVTNNITD-------------------------------------NKREELKN----CSFNT-T-TN--LRD-KK-KKE-YALF-YKLNVVPINNDNNENNSTN------------------------------------------NTSYTLT---NCNTSAI-T---QT, 0.1037, 0
1.652080, -119.7921, [174], CHUNK, ['T'], VKLTPLCVTLNCTNVTNNITD-------------------------------------NKRGELKN----CSFNT-T-TN--LRD-KK-KKE-YALF-YKLNVVPINNDNNENNSTN------------------------------------------NTSYTLT---NCNTSTI-T---QT, 0.1037, 0
1.631608, -100.1538, 61, POINT, T, VKLTPLCVTLNCTNVTNNITD-------------------------------------NKRTELKN----CSFNT-T-TN--LRD-KK-KKE-YALF-YKLNVVPINEDNNENNSTN------------------------------------------NTSYTLT---NCNTSAI-T---QT, 0.1046, 1
1.636532, -98.1907, 60, POINT, K, VKLTPLCVTLNCTNVTNNITD-------------------------------------NKKTELKN----CSFNT-T-TN--LRD-KK-KKE-YALF-YKLNVVPINEDNNENNSTN------------------------------------------NTSYTLT---NCNTSAI-T---QT, 0.1092, 0
1.646135, -98.6039, [101, 102, 105, 107, 108], CHUNK, ['D', 'I', 'L', 'N', 'R'], VKLTPLCVTLNCTNVTNNITD-------------------------------------NKRTELKN----CSFNT-T-TN--LRD-KK-KKE-YALF-YKLDIVPLNNRNNENNSTN------------------------------------------NTSYTLT---NCNTSAI-T---QT, 0.1046, 0
1.647313, -98.0125, 174, POINT, T, VKLTPLCVTLNCTNVTNNITD-------------------------------------NKRTELKN----CSFNT-T-TN--LRD-KK-KKE-YALF-YKLNVVPINEDNNENNSTN------------------------------------------NTSYTLT---NCNTSTI-T---QT, 0.1058, 0
1.638326, -81.3680, [174], CHUNK, ['V'], VKLTPLCVTLNCTNVTNNITD-------------------------------------NKRTELKN----CSFNT-T-TN--LRD-KK-KKE-YALF-YKLNVVPINEDNNENNSTN------------------------------------------NTSYTLT---NCNTSVI-T---QT, 0.3145, 0
1.625438, -119.7178, [174], CHUNK, ['T'], VKLTPLCVTLNCTNVTNNITD-------------------------------------NKRGELKN----CSFNT-T-TN--LRD-KK-KKE-YALF-YKLNVVPINEDNNENNSTN------------------------------------------NTSYTLT---NCNTSTI-T---QT, 0.1046, 1
1.628665, -118.0642, [63], CHUNK, ['I'], VKLTPLCVTLNCTNVTNNITD-------------------------------------NKRGEIKN----CSFNT-T-TN--LRD-KK-KKE-YALF-YKLNVVPINEDNNENNSTN------------------------------------------NTSYTLT---NCNTSTI-T---QT, 0.1046, 0
1.633694, -116.2004, [60, 63], CHUNK, ['K', 'I'], VKLTPLCVTLNCTNVTNNITD-------------------------------------NKKGEIKN----CSFNT-T-TN--LRD-KK-KKE-YALF-YKLNVVPINEDNNENNSTN------------------------------------------NTSYTLT---NCNTSTI-T---QT, 0.1040, 0
1.631843, -16.7916, [82], CHUNK, ['I'], VKLTPLCVTLNCTNVTNNITD-------------------------------------NKRGELKN----CSFNT-T-TN--IRD-KK-KKE-YALF-YKLNVVPINEDNNENNSTN------------------------------------------NTSYTLT---NCNTSTI-T---QT, 0.2560, 0
1.631843, -59.1394, [82], CHUNK, ['I'], VKLTPLCVTLNCTNVTNNITD-------------------------------------NKRGELKN----CSFNT-T-TN--IRD-KK-KKE-YALF-YKLNVVPINEDNNENNSTN------------------------------------------NTSYTLT---NCNTSTI-T---QT, 0.4031, 0
1.627380, -97.3216, [59, 60, 61, 63], CHUNK, ['I', 'A', 'T', 'V'], VKLTPLCVTLNCTNVTNNITD-------------------------------------NIATEVKN----CSFNT-T-TN--LRD-KK-KKE-YALF-YKLNVVPINEDNNENNSTN------------------------------------------NTSYTLT---NCNTSAI-T---QT, 0.1046, 0
1.616452, -104.1844, [174], CHUNK, ['V'], VKLTPLCVTLNCTNVTNNITD-------------------------------------NKRGELKN----CSFNT-T-TN--LRD-KK-KKE-YALF-YKLNVVPINEDNNENNSTN------------------------------------------NTSYTLT---NCNTSVI-T---QT, 0.5116, 0
1.625744, -117.9957, [98, 99, 101, 103], CHUNK, ['N', 'S', 'D', 'T'], VKLTPLCVTLNCTNVTNNITD-------------------------------------NKRGELKN----CSFNT-T-TN--LRD-KK-KKE-YALF-NSLDVTPINEDNNENNSTN------------------------------------------NTSYTLT---NCNTSAI-T---QT, 0.1046, 0
1.611631, -120.0187, 105, POINT, L, VKLTPLCVTLNCTNVTNNITD-------------------------------------NKRGELKN----CSFNT-T-TN--LRD-KK-KKE-YALF-YKLNVVPLNEDNNENNSTN------------------------------------------NTSYTLT---NCNTSAI-T---QT, 0.1046, 0
1.618445, -122.5250, 161, POINT, T, VKLTPLCVTLNCTNVTNNITD-------------------------------------NKRGELKN----CSFNT-T-TN--LRD-KK-KKE-YALF-YKLDVVPINEDNNENNSTN------------------------------------------NTTYTLT---NCNTSAI-T---QT, 0.1056, 1
1.625164, -98.3588, 174, POINT, V, VKLTPLCVTLNCTNVTNNITD-------------------------------------NKRGELKN----CSFNT-T-TN--LRD-KK-KKE-YALF-YKLDVVPINEDNNENNSTN------------------------------------------NTTYTLT---NCNTSVI-T---QT, 0.3752, 0
1.625164, -103.1423, [174], CHUNK, ['V'], VKLTPLCVTLNCTNVTNNITD-------------------------------------NKRGELKN----CSFNT-T-TN--LRD-KK-KKE-YALF-YKLDVVPINEDNNENNSTN------------------------------------------NTTYTLT---NCNTSVI-T---QT, 0.3498, 0
1.629245, -103.7715, [174, 175], CHUNK, ['V', 'T'], VKLTPLCVTLNCTNVTNNITD-------------------------------------NKRGELKN----CSFNT-T-TN--LRD-KK-KKE-YALF-YKLDVVPINEDNNENNSTN------------------------------------------NTTYTLT---NCNTSVT-T---QT, 0.3192, 0
1.637553, -122.7679, 20, POINT, N, VKLTPLCVTLNCTNVTNNITN-------------------------------------NKRGELKN----CSFNT-T-TN--LRD-KK-KKE-YALF-YKLDVVPINEDNNENNSTN------------------------------------------NTTYTLT---NCNTSAI-T---QT, 0.1056, 0
1.613015, -104.2469, [174], CHUNK, ['V'], VKLTPLCVTLNCTNVTNNITD-------------------------------------NKRGELKN----CSFNT-T-TN--LRD-KK-KKE-YALF-YKLDVVPINEDNNENNSTN------------------------------------------NTSYTLT---NCNTSVI-T---QT, 0.2601, 0
1.627022, -120.2167, 18, POINT, T, VKLTPLCVTLNCTNVTNNTTD-------------------------------------NKRGELKN----CSFNT-T-TN--LRD-KK-KKE-YALF-YKLDVVPINEDNNENNSTN------------------------------------------NTSYTLT---NCNTSAI-T---QT, 0.1056, 0
1.613015, -103.9574, [174], CHUNK, ['V'], VKLTPLCVTLNCTNVTNNITD-------------------------------------NKRGELKN----CSFNT-T-TN--LRD-KK-KKE-YALF-YKLDVVPINEDNNENNSTN------------------------------------------NTSYTLT---NCNTSVI-T---QT, 0.2710, 0
1.617051, -0.0722, [79, 82, 83, 84], CHUNK, ['T', 'I', 'K', 'N'], VKLTPLCVTLNCTNVTNNITD-------------------------------------NKRGELKN----CSFNT-T-TT--IKN-KK-KKE-YALF-YKLDVVPINEDNNENNSTN------------------------------------------NTSYTLT---NCNTSAI-T---QT, 0.2771, 0
