Name base = V1V2_200_sq_3_8_ni
Iters = 200
Soft coverage = 1.31203964383
Energy = -129.888728897
Hard Covereage = 0.0368019545157
Num epitopes = 65
Initial seq = VKLTPLCVTLQCTNVTNNITD-------------------------------------DMRGELKN----CSFNM-T-TE--LRD-KK-QKV-YSLF-YRLDVVQINENQGNRSNNS------------------------------------------NKEYRLI---NCNTSAI-T---QA
-------START OF DATA------
1.342792, -130.4136, 112, POINT, N, VKLTPLCVTLQCTNVTNNITD-------------------------------------DMRGELKN----CSFNM-T-TE--LRD-KK-QKV-YSLF-YRLDVVQINENQGNNSNNS------------------------------------------NKEYRLI---NCNTSAI-T---QA, 0.0481, 1
1.391948, -130.5791, [10], CHUNK, ['N'], VKLTPLCVTLNCTNVTNNITD-------------------------------------DMRGELKN----CSFNM-T-TE--LRD-KK-QKV-YSLF-YRLDVVQINENQGNNSNNS------------------------------------------NKEYRLI---NCNTSAI-T---QA, 0.0548, 1
1.407100, -129.8305, 161, POINT, S, VKLTPLCVTLNCTNVTNNITD-------------------------------------DMRGELKN----CSFNM-T-TE--LRD-KK-QKV-YSLF-YRLDVVQINENQGNNSNNS------------------------------------------NKSYRLI---NCNTSAI-T---QA, 0.0585, 1
1.426635, -127.9755, [99, 104, 106, 107], CHUNK, ['K', 'P', 'D', 'N'], VKLTPLCVTLNCTNVTNNITD-------------------------------------DMRGELKN----CSFNM-T-TE--LRD-KK-QKV-YSLF-YKLDVVPIDNNQGNNSNNS------------------------------------------NKSYRLI---NCNTSAI-T---QA, 0.0585, 1
1.435598, -126.6150, 18, POINT, S, VKLTPLCVTLNCTNVTNNSTD-------------------------------------DMRGELKN----CSFNM-T-TE--LRD-KK-QKV-YSLF-YKLDVVPIDNNQGNNSNNS------------------------------------------NKSYRLI---NCNTSAI-T---QA, 0.0585, 1
1.462592, -95.9389, [160, 163], CHUNK, ['T', 'I'], VKLTPLCVTLNCTNVTNNSTD-------------------------------------DMRGELKN----CSFNM-T-TE--LRD-KK-QKV-YSLF-YKLDVVPIDNNQGNNSNNS------------------------------------------NTSYILI---NCNTSAI-T---QA, 0.4552, 0
1.448205, -126.1353, [116], CHUNK, ['T'], VKLTPLCVTLNCTNVTNNSTD-------------------------------------DMRGELKN----CSFNM-T-TE--LRD-KK-QKV-YSLF-YKLDVVPIDNNQGNNSNNT------------------------------------------NKSYRLI---NCNTSAI-T---QA, 0.0585, 0
1.439146, -126.7123, 4, POINT, T, VKLTTLCVTLNCTNVTNNSTD-------------------------------------DMRGELKN----CSFNM-T-TE--LRD-KK-QKV-YSLF-YKLDVVPIDNNQGNNSNNS------------------------------------------NKSYRLI---NCNTSAI-T---QA, 0.0585, 0
1.463850, -126.5697, [160], CHUNK, ['T'], VKLTPLCVTLNCTNVTNNSTD-------------------------------------DMRGELKN----CSFNM-T-TE--LRD-KK-QKV-YSLF-YKLDVVPIDNNQGNNSNNS------------------------------------------NTSYRLI---NCNTSAI-T---QA, 0.0949, 1
1.472293, -127.1871, 84, POINT, N, VKLTPLCVTLNCTNVTNNSTD-------------------------------------DMRGELKN----CSFNM-T-TE--LRN-KK-QKV-YSLF-YKLDVVPIDNNQGNNSNNS------------------------------------------NTSYRLI---NCNTSAI-T---QA, 0.0949, 1
1.488894, -127.2911, 106, POINT, N, VKLTPLCVTLNCTNVTNNSTD-------------------------------------DMRGELKN----CSFNM-T-TE--LRN-KK-QKV-YSLF-YKLDVVPINNNQGNNSNNS------------------------------------------NTSYRLI---NCNTSAI-T---QA, 0.0905, 0
1.477108, -127.7010, 59, POINT, E, VKLTPLCVTLNCTNVTNNSTD-------------------------------------DERGELKN----CSFNM-T-TE--LRN-KK-QKV-YSLF-YKLDVVPIDNNQGNNSNNS------------------------------------------NTSYRLI---NCNTSAI-T---QA, 0.1061, 0
1.492502, -124.6890, 58, POINT, T, VKLTPLCVTLNCTNVTNNSTD-------------------------------------TMRGELKN----CSFNM-T-TE--LRN-KK-QKV-YSLF-YKLDVVPIDNNQGNNSNNS------------------------------------------NTSYRLI---NCNTSAI-T---QA, 0.0949, 0
1.504309, -122.8618, 74, POINT, T, VKLTPLCVTLNCTNVTNNSTD-------------------------------------DMRGELKN----CSFNT-T-TE--LRN-KK-QKV-YSLF-YKLDVVPIDNNQGNNSNNS------------------------------------------NTSYRLI---NCNTSAI-T---QA, 0.0949, 1
1.524519, -120.3637, 58, POINT, T, VKLTPLCVTLNCTNVTNNSTD-------------------------------------TMRGELKN----CSFNT-T-TE--LRN-KK-QKV-YSLF-YKLDVVPIDNNQGNNSNNS------------------------------------------NTSYRLI---NCNTSAI-T---QA, 0.0949, 0
1.516934, -122.3750, [89, 91, 94], CHUNK, ['K', 'E', 'A'], VKLTPLCVTLNCTNVTNNSTD-------------------------------------DMRGELKN----CSFNT-T-TE--LRN-KK-KKE-YALF-YKLDVVPIDNNQGNNSNNS------------------------------------------NTSYRLI---NCNTSAI-T---QA, 0.0949, 0
1.518095, -124.3105, [163], CHUNK, ['T'], VKLTPLCVTLNCTNVTNNSTD-------------------------------------DMRGELKN----CSFNT-T-TE--LRN-KK-QKV-YSLF-YKLDVVPIDNNQGNNSNNS------------------------------------------NTSYTLI---NCNTSAI-T---QA, 0.1037, 0
1.514238, -121.0369, 165, POINT, T, VKLTPLCVTLNCTNVTNNSTD-------------------------------------DMRGELKN----CSFNT-T-TE--LRN-KK-QKV-YSLF-YKLDVVPIDNNQGNNSNNS------------------------------------------NTSYRLT---NCNTSAI-T---QA, 0.0949, 1
1.528241, -18.7785, [79, 82], CHUNK, ['S', 'I'], VKLTPLCVTLNCTNVTNNSTD-------------------------------------DMRGELKN----CSFNT-T-TS--IRN-KK-QKV-YSLF-YKLDVVPIDNNQGNNSNNS------------------------------------------NTSYRLT---NCNTSAI-T---QA, 0.2207, 0
1.536472, -120.3148, 79, POINT, N, VKLTPLCVTLNCTNVTNNSTD-------------------------------------DMRGELKN----CSFNT-T-TN--LRN-KK-QKV-YSLF-YKLDVVPIDNNQGNNSNNS------------------------------------------NTSYRLT---NCNTSAI-T---QA, 0.0949, 0
1.521011, -105.5875, [174], CHUNK, ['V'], VKLTPLCVTLNCTNVTNNSTD-------------------------------------DMRGELKN----CSFNT-T-TE--LRN-KK-QKV-YSLF-YKLDVVPIDNNQGNNSNNS------------------------------------------NTSYRLT---NCNTSVI-T---QA, 0.3112, 0
1.530022, -122.5635, 163, POINT, T, VKLTPLCVTLNCTNVTNNSTD-------------------------------------DMRGELKN----CSFNT-T-TE--LRN-KK-QKV-YSLF-YKLDVVPIDNNQGNNSNNS------------------------------------------NTSYTLT---NCNTSAI-T---QA, 0.0861, 1
1.538279, -79.9113, [58, 59, 60, 61, 63], CHUNK, ['G', 'I', 'K', 'E', 'M'], VKLTPLCVTLNCTNVTNNSTD-------------------------------------GIKEEMKN----CSFNT-T-TE--LRN-KK-QKV-YSLF-YKLDVVPIDNNQGNNSNNS------------------------------------------NTSYTLT---NCNTSAI-T---QA, 0.2796, 0
1.550998, -122.1508, [99, 102, 103], CHUNK, ['T', 'I', 'T'], VKLTPLCVTLNCTNVTNNSTD-------------------------------------DMRGELKN----CSFNT-T-TE--LRN-KK-QKV-YSLF-YTLDITPIDNNQGNNSNNS------------------------------------------NTSYTLT---NCNTSAI-T---QA, 0.0861, 1
1.559657, -122.4282, 62, POINT, T, VKLTPLCVTLNCTNVTNNSTD-------------------------------------DMRGTLKN----CSFNT-T-TE--LRN-KK-QKV-YSLF-YTLDITPIDNNQGNNSNNS------------------------------------------NTSYTLT---NCNTSAI-T---QA, 0.0818, 0
1.556348, -118.9016, [59, 63], CHUNK, ['G', 'I'], VKLTPLCVTLNCTNVTNNSTD-------------------------------------DGRGEIKN----CSFNT-T-TE--LRN-KK-QKV-YSLF-YTLDITPIDNNQGNNSNNS------------------------------------------NTSYTLT---NCNTSAI-T---QA, 0.0861, 1
1.563223, -100.5101, [174], CHUNK, ['V'], VKLTPLCVTLNCTNVTNNSTD-------------------------------------DGRGEIKN----CSFNT-T-TE--LRN-KK-QKV-YSLF-YTLDITPIDNNQGNNSNNS------------------------------------------NTSYTLT---NCNTSVI-T---QA, 0.2987, 0
1.559896, -119.2317, 4, POINT, T, VKLTTLCVTLNCTNVTNNSTD-------------------------------------DGRGEIKN----CSFNT-T-TE--LRN-KK-QKV-YSLF-YTLDITPIDNNQGNNSNNS------------------------------------------NTSYTLT---NCNTSAI-T---QA, 0.0997, 0
1.563313, -115.4879, 58, POINT, I, VKLTPLCVTLNCTNVTNNSTD-------------------------------------IGRGEIKN----CSFNT-T-TE--LRN-KK-QKV-YSLF-YTLDITPIDNNQGNNSNNS------------------------------------------NTSYTLT---NCNTSAI-T---QA, 0.0965, 0
1.564824, -118.6316, 89, POINT, K, VKLTPLCVTLNCTNVTNNSTD-------------------------------------DGRGEIKN----CSFNT-T-TE--LRN-KK-KKV-YSLF-YTLDITPIDNNQGNNSNNS------------------------------------------NTSYTLT---NCNTSAI-T---QA, 0.0861, 1
1.571698, -99.4581, [174], CHUNK, ['V'], VKLTPLCVTLNCTNVTNNSTD-------------------------------------DGRGEIKN----CSFNT-T-TE--LRN-KK-KKV-YSLF-YTLDITPIDNNQGNNSNNS------------------------------------------NTSYTLT---NCNTSVI-T---QA, 0.6005, 0
1.581124, -43.4764, [79, 82, 83, 84], CHUNK, ['S', 'I', 'K', 'T'], VKLTPLCVTLNCTNVTNNSTD-------------------------------------DGRGEIKN----CSFNT-T-TS--IKT-KK-KKV-YSLF-YTLDITPIDNNQGNNSNNS------------------------------------------NTSYTLT---NCNTSAI-T---QA, 0.5520, 0
1.602300, -118.8264, 109, POINT, N, VKLTPLCVTLNCTNVTNNSTD-------------------------------------DGRGEIKN----CSFNT-T-TE--LRN-KK-KKV-YSLF-YTLDITPIDNNNGNNSNNS------------------------------------------NTSYTLT---NCNTSAI-T---QA, 0.0854, 0
1.571789, -114.9170, 58, POINT, I, VKLTPLCVTLNCTNVTNNSTD-------------------------------------IGRGEIKN----CSFNT-T-TE--LRN-KK-KKV-YSLF-YTLDITPIDNNQGNNSNNS------------------------------------------NTSYTLT---NCNTSAI-T---QA, 0.1112, 0
1.558160, -119.3043, 102, POINT, V, VKLTPLCVTLNCTNVTNNSTD-------------------------------------DGRGEIKN----CSFNT-T-TE--LRN-KK-QKV-YSLF-YTLDVTPIDNNQGNNSNNS------------------------------------------NTSYTLT---NCNTSAI-T---QA, 0.1500, 0
1.564938, -118.2644, 162, POINT, S, VKLTPLCVTLNCTNVTNNSTD-------------------------------------DGRGEIKN----CSFNT-T-TE--LRN-KK-QKV-YSLF-YTLDITPIDNNQGNNSNNS------------------------------------------NTSSTLT---NCNTSAI-T---QA, 0.0861, 0
1.565410, -119.8961, 161, POINT, T, VKLTPLCVTLNCTNVTNNSTD-------------------------------------DGRGEIKN----CSFNT-T-TE--LRN-KK-QKV-YSLF-YTLDITPIDNNQGNNSNNS------------------------------------------NTTYTLT---NCNTSAI-T---QA, 0.1029, 1
1.580043, -119.6897, [116], CHUNK, ['N'], VKLTPLCVTLNCTNVTNNSTD-------------------------------------DGRGEIKN----CSFNT-T-TE--LRN-KK-QKV-YSLF-YTLDITPIDNNQGNNSNNN------------------------------------------NTTYTLT---NCNTSAI-T---QA, 0.1074, 0
1.581547, -114.8724, [87, 89, 91], CHUNK, ['N', 'K', 'A'], VKLTPLCVTLNCTNVTNNSTD-------------------------------------DGRGEIKN----CSFNT-T-TE--LRN-KN-KKA-YSLF-YTLDITPIDNNQGNNSNNS------------------------------------------NTTYTLT---NCNTSAI-T---QA, 0.0980, 1
1.596638, -112.7514, [174], CHUNK, ['T'], VKLTPLCVTLNCTNVTNNSTD-------------------------------------DGRGEIKN----CSFNT-T-TE--LRN-KN-KKA-YSLF-YTLDITPIDNNQGNNSNNS------------------------------------------NTTYTLT---NCNTSTI-T---QA, 0.0980, 0
1.611859, -114.5447, 109, POINT, S, VKLTPLCVTLNCTNVTNNSTD-------------------------------------DGRGEIKN----CSFNT-T-TE--LRN-KN-KKA-YSLF-YTLDITPIDNNSGNNSNNS------------------------------------------NTTYTLT---NCNTSAI-T---QA, 0.1551, 0
1.607462, -115.2852, 58, POINT, N, VKLTPLCVTLNCTNVTNNSTD-------------------------------------NGRGEIKN----CSFNT-T-TE--LRN-KN-KKA-YSLF-YTLDITPIDNNQGNNSNNS------------------------------------------NTTYTLT---NCNTSAI-T---QA, 0.0980, 0
1.590880, -111.4761, [74, 79], CHUNK, ['I', 'N'], VKLTPLCVTLNCTNVTNNSTD-------------------------------------DGRGEIKN----CSFNI-T-TN--LRN-KN-KKA-YSLF-YTLDITPIDNNQGNNSNNS------------------------------------------NTTYTLT---NCNTSAI-T---QA, 0.1007, 1
1.605971, -109.9209, [174], CHUNK, ['T'], VKLTPLCVTLNCTNVTNNSTD-------------------------------------DGRGEIKN----CSFNI-T-TN--LRN-KN-KKA-YSLF-YTLDITPIDNNQGNNSNNS------------------------------------------NTTYTLT---NCNTSTI-T---QA, 0.1160, 0
1.605230, -112.1658, [116], CHUNK, ['T'], VKLTPLCVTLNCTNVTNNSTD-------------------------------------DGRGEIKN----CSFNI-T-TN--LRN-KN-KKA-YSLF-YTLDITPIDNNQGNNSNNT------------------------------------------NTTYTLT---NCNTSAI-T---QA, 0.1660, 0
1.602577, -110.7404, 162, POINT, S, VKLTPLCVTLNCTNVTNNSTD-------------------------------------DGRGEIKN----CSFNI-T-TN--LRN-KN-KKA-YSLF-YTLDITPIDNNQGNNSNNS------------------------------------------NTTSTLT---NCNTSAI-T---QA, 0.1007, 0
1.602794, -111.3684, 18, POINT, T, VKLTPLCVTLNCTNVTNNTTD-------------------------------------DGRGEIKN----CSFNI-T-TN--LRN-KN-KKA-YSLF-YTLDITPIDNNQGNNSNNS------------------------------------------NTTYTLT---NCNTSAI-T---QA, 0.1007, 0
1.596638, -112.7514, 174, POINT, T, VKLTPLCVTLNCTNVTNNSTD-------------------------------------DGRGEIKN----CSFNT-T-TE--LRN-KN-KKA-YSLF-YTLDITPIDNNQGNNSNNS------------------------------------------NTTYTLT---NCNTSTI-T---QA, 0.0980, 0
1.589331, -115.3387, 59, POINT, V, VKLTPLCVTLNCTNVTNNSTD-------------------------------------DVRGEIKN----CSFNT-T-TE--LRN-KN-KKA-YSLF-YTLDITPIDNNQGNNSNNS------------------------------------------NTTYTLT---NCNTSAI-T---QA, 0.0980, 0
1.589159, -115.6745, 91, POINT, V, VKLTPLCVTLNCTNVTNNSTD-------------------------------------DGRGEIKN----CSFNT-T-TE--LRN-KN-KKV-YSLF-YTLDITPIDNNQGNNSNNS------------------------------------------NTTYTLT---NCNTSAI-T---QA, 0.0980, 0
1.586208, -112.8508, 60, POINT, K, VKLTPLCVTLNCTNVTNNSTD-------------------------------------DGKGEIKN----CSFNT-T-TE--LRN-KN-KKA-YSLF-YTLDITPIDNNQGNNSNNS------------------------------------------NTTYTLT---NCNTSAI-T---QA, 0.1122, 0
1.568992, -118.9937, [174, 175], CHUNK, ['T', 'M'], VKLTPLCVTLNCTNVTNNSTD-------------------------------------DGRGEIKN----CSFNT-T-TE--LRN-KK-QKV-YSLF-YTLDITPIDNNQGNNSNNS------------------------------------------NTTYTLT---NCNTSTM-T---QA, 0.1186, 0
1.580501, -118.2588, 174, POINT, T, VKLTPLCVTLNCTNVTNNSTD-------------------------------------DGRGEIKN----CSFNT-T-TE--LRN-KK-QKV-YSLF-YTLDITPIDNNQGNNSNNS------------------------------------------NTTYTLT---NCNTSTI-T---QA, 0.1054, 0
1.575963, -119.1899, 20, POINT, S, VKLTPLCVTLNCTNVTNNSTS-------------------------------------DGRGEIKN----CSFNT-T-TE--LRN-KK-QKV-YSLF-YTLDITPIDNNQGNNSNNS------------------------------------------NTTYTLT---NCNTSAI-T---QA, 0.1029, 0
1.579747, -24.5414, [74, 79, 82], CHUNK, ['I', 'N', 'I'], VKLTPLCVTLNCTNVTNNSTD-------------------------------------DGRGEIKN----CSFNI-T-TN--IRN-KK-QKV-YSLF-YTLDITPIDNNQGNNSNNS------------------------------------------NTTYTLT---NCNTSAI-T---QA, 0.4873, 0
1.568261, -118.7346, 18, POINT, T, VKLTPLCVTLNCTNVTNNTTD-------------------------------------DGRGEIKN----CSFNT-T-TE--LRN-KK-QKV-YSLF-YTLDITPIDNNQGNNSNNS------------------------------------------NTSYTLT---NCNTSAI-T---QA, 0.0861, 0
1.568261, -118.7346, 18, POINT, T, VKLTPLCVTLNCTNVTNNTTD-------------------------------------DGRGEIKN----CSFNT-T-TE--LRN-KK-QKV-YSLF-YTLDITPIDNNQGNNSNNS------------------------------------------NTSYTLT---NCNTSAI-T---QA, 0.0861, 0
1.565539, -117.0209, 60, POINT, S, VKLTPLCVTLNCTNVTNNSTD-------------------------------------DGSGEIKN----CSFNT-T-TE--LRN-KK-QKV-YSLF-YTLDITPIDNNQGNNSNNS------------------------------------------NTSYTLT---NCNTSAI-T---QA, 0.0864, 0
1.571803, -118.4304, [116], CHUNK, ['T'], VKLTPLCVTLNCTNVTNNSTD-------------------------------------DGRGEIKN----CSFNT-T-TE--LRN-KK-QKV-YSLF-YTLDITPIDNNQGNNSNNT------------------------------------------NTSYTLT---NCNTSAI-T---QA, 0.0861, 1
1.586893, -116.9563, [174], CHUNK, ['T'], VKLTPLCVTLNCTNVTNNSTD-------------------------------------DGRGEIKN----CSFNT-T-TE--LRN-KK-QKV-YSLF-YTLDITPIDNNQGNNSNNT------------------------------------------NTSYTLT---NCNTSTI-T---QA, 0.0896, 0
1.588398, -113.8423, [79, 82, 83], CHUNK, ['S', 'T', 'Q'], VKLTPLCVTLNCTNVTNNSTD-------------------------------------DGRGEIKN----CSFNT-T-TS--TQN-KK-QKV-YSLF-YTLDITPIDNNQGNNSNNT------------------------------------------NTSYTLT---NCNTSAI-T---QA, 0.0854, 0
1.586893, -116.2810, [174], CHUNK, ['T'], VKLTPLCVTLNCTNVTNNSTD-------------------------------------DGRGEIKN----CSFNT-T-TE--LRN-KK-QKV-YSLF-YTLDITPIDNNQGNNSNNT------------------------------------------NTSYTLT---NCNTSTI-T---QA, 0.0861, 1
1.594165, -114.6389, [84, 87, 89, 91], CHUNK, ['D', 'T', 'K', 'E'], VKLTPLCVTLNCTNVTNNSTD-------------------------------------DGRGEIKN----CSFNT-T-TE--LRD-KT-KKE-YSLF-YTLDITPIDNNQGNNSNNT------------------------------------------NTSYTLT---NCNTSTI-T---QA, 0.0961, 0
1.622893, -114.9579, [59, 60], CHUNK, ['T', 'S'], VKLTPLCVTLNCTNVTNNSTD-------------------------------------DTSGEIKN----CSFNT-T-TE--LRN-KK-QKV-YSLF-YTLDITPIDNNQGNNSNNT------------------------------------------NTSYTLT---NCNTSTI-T---QA, 0.0960, 0
1.600331, -112.5043, [58, 59, 60], CHUNK, ['V', 'E', 'K'], VKLTPLCVTLNCTNVTNNSTD-------------------------------------VEKGEIKN----CSFNT-T-TE--LRN-KK-QKV-YSLF-YTLDITPIDNNQGNNSNNT------------------------------------------NTSYTLT---NCNTSTI-T---QA, 0.0861, 0
1.600896, 3.8270, [79, 82], CHUNK, ['S', 'I'], VKLTPLCVTLNCTNVTNNSTD-------------------------------------DGRGEIKN----CSFNT-T-TS--IRN-KK-QKV-YSLF-YTLDITPIDNNQGNNSNNT------------------------------------------NTSYTLT---NCNTSTI-T---QA, 0.1338, 0
1.586893, -116.5312, 174, POINT, T, VKLTPLCVTLNCTNVTNNSTD-------------------------------------DGRGEIKN----CSFNT-T-TE--LRN-KK-QKV-YSLF-YTLDITPIDNNQGNNSNNT------------------------------------------NTSYTLT---NCNTSTI-T---QA, 0.0950, 0
1.586893, -116.4962, [174], CHUNK, ['T'], VKLTPLCVTLNCTNVTNNSTD-------------------------------------DGRGEIKN----CSFNT-T-TE--LRN-KK-QKV-YSLF-YTLDITPIDNNQGNNSNNT------------------------------------------NTSYTLT---NCNTSTI-T---QA, 0.1038, 0
1.591034, -117.6344, 106, POINT, T, VKLTPLCVTLNCTNVTNNSTD-------------------------------------DGRGEIKN----CSFNT-T-TE--LRN-KK-QKV-YSLF-YTLDITPITNNQGNNSNNT------------------------------------------NTSYTLT---NCNTSAI-T---QA, 0.0861, 1
1.625600, -119.0004, 110, POINT, N, VKLTPLCVTLNCTNVTNNSTD-------------------------------------DGRGEIKN----CSFNT-T-TE--LRN-KK-QKV-YSLF-YTLDITPITNNQNNNSNNT------------------------------------------NTSYTLT---NCNTSAI-T---QA, 0.0861, 0
1.597909, -97.3596, 174, POINT, V, VKLTPLCVTLNCTNVTNNSTD-------------------------------------DGRGEIKN----CSFNT-T-TE--LRN-KK-QKV-YSLF-YTLDITPITNNQGNNSNNT------------------------------------------NTSYTLT---NCNTSVI-T---QA, 0.4493, 0
1.612149, -115.1365, 58, POINT, T, VKLTPLCVTLNCTNVTNNSTD-------------------------------------TGRGEIKN----CSFNT-T-TE--LRN-KK-QKV-YSLF-YTLDITPITNNQGNNSNNT------------------------------------------NTSYTLT---NCNTSAI-T---QA, 0.0861, 1
1.621303, -113.9107, [106, 107, 109, 110, 112], CHUNK, ['N', 'S', 'S', 'I', 'S'], VKLTPLCVTLNCTNVTNNSTD-------------------------------------TGRGEIKN----CSFNT-T-TE--LRN-KK-QKV-YSLF-YTLDITPINSNSINSSNNT------------------------------------------NTSYTLT---NCNTSAI-T---QA, 0.0800, 0
1.625349, -113.7094, [87, 89, 91, 94], CHUNK, ['T', 'R', 'E', 'A'], VKLTPLCVTLNCTNVTNNSTD-------------------------------------TGRGEIKN----CSFNT-T-TE--LRN-KT-RKE-YALF-YTLDITPITNNQGNNSNNT------------------------------------------NTSYTLT---NCNTSAI-T---QA, 0.0861, 0
1.621422, -114.7195, 18, POINT, N, VKLTPLCVTLNCTNVTNNNTD-------------------------------------TGRGEIKN----CSFNT-T-TE--LRN-KK-QKV-YSLF-YTLDITPITNNQGNNSNNT------------------------------------------NTSYTLT---NCNTSAI-T---QA, 0.0861, 0
1.630853, -4.0028, [79, 82, 84], CHUNK, ['N', 'I', 'D'], VKLTPLCVTLNCTNVTNNSTD-------------------------------------TGRGEIKN----CSFNT-T-TN--IRD-KK-QKV-YSLF-YTLDITPITNNQGNNSNNT------------------------------------------NTSYTLT---NCNTSAI-T---QA, 0.2382, 0
1.613268, -116.9123, 79, POINT, N, VKLTPLCVTLNCTNVTNNSTD-------------------------------------DGRGEIKN----CSFNT-T-TN--LRN-KK-QKV-YSLF-YTLDITPITNNQGNNSNNT------------------------------------------NTSYTLT---NCNTSAI-T---QA, 0.0861, 0
1.602948, -117.4674, 18, POINT, T, VKLTPLCVTLNCTNVTNNTTD-------------------------------------DGRGEIKN----CSFNT-T-TE--LRN-KK-QKV-YSLF-YTLDITPITNNQGNNSNNT------------------------------------------NTSYTLT---NCNTSAI-T---QA, 0.0861, 0
1.599380, -80.7672, [74, 79], CHUNK, ['I', 'N'], VKLTPLCVTLNCTNVTNNSTD-------------------------------------DGRGEIKN----CSFNI-T-TN--LRN-KK-QKV-YSLF-YTLDITPITNNQGNNSNNT------------------------------------------NTSYTLT---NCNTSAI-T---QA, 0.3412, 0
1.600318, -117.3672, 18, POINT, N, VKLTPLCVTLNCTNVTNNNTD-------------------------------------DGRGEIKN----CSFNT-T-TE--LRN-KK-QKV-YSLF-YTLDITPITNNQGNNSNNT------------------------------------------NTSYTLT---NCNTSAI-T---QA, 0.0904, 0
1.580279, -118.6312, 89, POINT, K, VKLTPLCVTLNCTNVTNNSTD-------------------------------------DGRGEIKN----CSFNT-T-TE--LRN-KK-KKV-YSLF-YTLDITPIDNNQGNNSNNT------------------------------------------NTSYTLT---NCNTSAI-T---QA, 0.1226, 1
1.607046, -117.2930, [104, 106, 107, 108, 109, 110, 111, 112], CHUNK, ['E', 'N', 'D', 'K', 'N', 'N', 'S', 'S'], VKLTPLCVTLNCTNVTNNSTD-------------------------------------DGRGEIKN----CSFNT-T-TE--LRN-KK-KKV-YSLF-YTLDITEINDKNNSSSNNT------------------------------------------NTSYTLT---NCNTSAI-T---QA, 0.1226, 1
1.628066, -114.1587, [20], CHUNK, ['T'], VKLTPLCVTLNCTNVTNNSTT-------------------------------------DGRGEIKN----CSFNT-T-TE--LRN-KK-KKV-YSLF-YTLDITEINDKNNSSSNNT------------------------------------------NTSYTLT---NCNTSAI-T---QA, 0.1813, 1
1.632205, -81.1895, 61, POINT, K, VKLTPLCVTLNCTNVTNNSTT-------------------------------------DGRKEIKN----CSFNT-T-TE--LRN-KK-KKV-YSLF-YTLDITEINDKNNSSSNNT------------------------------------------NTSYTLT---NCNTSAI-T---QA, 0.1813, 0
1.641722, -12.5892, [79, 82], CHUNK, ['S', 'I'], VKLTPLCVTLNCTNVTNNSTT-------------------------------------DGRGEIKN----CSFNT-T-TS--IRN-KK-KKV-YSLF-YTLDITEINDKNNSSSNNT------------------------------------------NTSYTLT---NCNTSAI-T---QA, 0.2657, 0
1.638345, -115.1967, 161, POINT, N, VKLTPLCVTLNCTNVTNNSTT-------------------------------------DGRGEIKN----CSFNT-T-TE--LRN-KK-KKV-YSLF-YTLDITEINDKNNSSSNNT------------------------------------------NTNYTLT---NCNTSAI-T---QA, 0.1813, 0
1.634271, -114.2264, [60, 63], CHUNK, ['N', 'M'], VKLTPLCVTLNCTNVTNNSTT-------------------------------------DGNGEMKN----CSFNT-T-TE--LRN-KK-KKV-YSLF-YTLDITEINDKNNSSSNNT------------------------------------------NTSYTLT---NCNTSAI-T---QA, 0.1813, 0
1.635869, -79.8271, [58, 59, 60, 61, 62, 63], CHUNK, ['N', 'D', 'T', 'M', 'D', 'M'], VKLTPLCVTLNCTNVTNNSTD-------------------------------------NDTMDMKN----CSFNT-T-TE--LRN-KK-KKV-YSLF-YTLDITEINDKNNSSSNNT------------------------------------------NTSYTLT---NCNTSAI-T---QA, 0.1439, 0
1.622137, -115.6662, [174], CHUNK, ['T'], VKLTPLCVTLNCTNVTNNSTD-------------------------------------DGRGEIKN----CSFNT-T-TE--LRN-KK-KKV-YSLF-YTLDITEINDKNNSSSNNT------------------------------------------NTSYTLT---NCNTSTI-T---QA, 0.1226, 0
1.628161, -114.8896, 58, POINT, T, VKLTPLCVTLNCTNVTNNSTD-------------------------------------TGRGEIKN----CSFNT-T-TE--LRN-KK-KKV-YSLF-YTLDITEINDKNNSSSNNT------------------------------------------NTSYTLT---NCNTSAI-T---QA, 0.1237, 1
1.645333, 0.7874, [79, 82, 84], CHUNK, ['N', 'I', 'D'], VKLTPLCVTLNCTNVTNNSTD-------------------------------------TGRGEIKN----CSFNT-T-TN--IRD-KK-KKV-YSLF-YTLDITEINDKNNSSSNNT------------------------------------------NTSYTLT---NCNTSAI-T---QA, 0.1725, 0
1.635938, -112.6696, [174, 175], CHUNK, ['T', 'L'], VKLTPLCVTLNCTNVTNNSTD-------------------------------------TGRGEIKN----CSFNT-T-TE--LRN-KK-KKV-YSLF-YTLDITEINDKNNSSSNNT------------------------------------------NTSYTLT---NCNTSTL-T---QA, 0.1237, 1
1.640141, -0.8676, 82, POINT, I, VKLTPLCVTLNCTNVTNNSTD-------------------------------------TGRGEIKN----CSFNT-T-TE--IRN-KK-KKV-YSLF-YTLDITEINDKNNSSSNNT------------------------------------------NTSYTLT---NCNTSTL-T---QA, 0.2655, 0
1.657872, -112.8365, 107, POINT, N, VKLTPLCVTLNCTNVTNNSTD-------------------------------------TGRGEIKN----CSFNT-T-TE--LRN-KK-KKV-YSLF-YTLDITEINNKNNSSSNNT------------------------------------------NTSYTLT---NCNTSTL-T---QA, 0.1191, 0
1.643251, -114.1722, [175], CHUNK, ['I'], VKLTPLCVTLNCTNVTNNSTD-------------------------------------TGRGEIKN----CSFNT-T-TE--LRN-KK-KKV-YSLF-YTLDITEINDKNNSSSNNT------------------------------------------NTSYTLT---NCNTSTI-T---QA, 0.1557, 0
1.647284, -112.3979, 18, POINT, T, VKLTPLCVTLNCTNVTNNTTD-------------------------------------TGRGEIKN----CSFNT-T-TE--LRN-KK-KKV-YSLF-YTLDITEINDKNNSSSNNT------------------------------------------NTSYTLT---NCNTSTL-T---QA, 0.1237, 0
1.635035, -97.7803, 174, POINT, V, VKLTPLCVTLNCTNVTNNSTD-------------------------------------TGRGEIKN----CSFNT-T-TE--LRN-KK-KKV-YSLF-YTLDITEINDKNNSSSNNT------------------------------------------NTSYTLT---NCNTSVI-T---QA, 0.4608, 0
1.636293, -113.3885, [174, 175], CHUNK, ['T', 'V'], VKLTPLCVTLNCTNVTNNSTD-------------------------------------TGRGEIKN----CSFNT-T-TE--LRN-KK-KKV-YSLF-YTLDITEINDKNNSSSNNT------------------------------------------NTSYTLT---NCNTSTV-T---QA, 0.1237, 0
1.638334, -113.7833, 79, POINT, S, VKLTPLCVTLNCTNVTNNSTD-------------------------------------TGRGEIKN----CSFNT-T-TS--LRN-KK-KKV-YSLF-YTLDITEINDKNNSSSNNT------------------------------------------NTSYTLT---NCNTSAI-T---QA, 0.1237, 0
1.648451, -115.2898, 14, POINT, T, VKLTPLCVTLNCTNTTNNSTD-------------------------------------TGRGEIKN----CSFNT-T-TE--LRN-KK-KKV-YSLF-YTLDITEINDKNNSSSNNT------------------------------------------NTSYTLT---NCNTSAI-T---QA, 0.1237, 0
1.611270, -117.2527, 83, POINT, K, VKLTPLCVTLNCTNVTNNSTD-------------------------------------DGRGEIKN----CSFNT-T-TE--LKN-KK-KKV-YSLF-YTLDITEINDKNNSSSNNT------------------------------------------NTSYTLT---NCNTSAI-T---QA, 0.1226, 0
1.642993, -93.2589, [59, 60, 61, 64], CHUNK, ['N', 'I', 'N', 'R'], VKLTPLCVTLNCTNVTNNSTD-------------------------------------DNINEIRN----CSFNT-T-TE--LRN-KK-KKV-YSLF-YTLDITEINDKNNSSSNNT------------------------------------------NTSYTLT---NCNTSAI-T---QA, 0.1485, 0
1.622137, -116.2254, [174], CHUNK, ['T'], VKLTPLCVTLNCTNVTNNSTD-------------------------------------DGRGEIKN----CSFNT-T-TE--LRN-KK-KKV-YSLF-YTLDITEINDKNNSSSNNT------------------------------------------NTSYTLT---NCNTSTI-T---QA, 0.1202, 0
1.613921, -100.0531, [174], CHUNK, ['V'], VKLTPLCVTLNCTNVTNNSTD-------------------------------------DGRGEIKN----CSFNT-T-TE--LRN-KK-KKV-YSLF-YTLDITEINDKNNSSSNNT------------------------------------------NTSYTLT---NCNTSVI-T---QA, 0.4577, 0
1.598941, -118.8620, 101, POINT, N, VKLTPLCVTLNCTNVTNNSTD-------------------------------------DGRGEIKN----CSFNT-T-TE--LRN-KK-KKV-YSLF-YTLNITPIDNNQGNNSNNT------------------------------------------NTSYTLT---NCNTSAI-T---QA, 0.1226, 0
1.598000, -119.1105, 60, POINT, N, VKLTPLCVTLNCTNVTNNSTD-------------------------------------DGNGEIKN----CSFNT-T-TE--LRN-KK-KKV-YSLF-YTLDITPIDNNQGNNSNNT------------------------------------------NTSYTLT---NCNTSAI-T---QA, 0.1226, 0
1.581614, -118.2846, [59, 60, 63], CHUNK, ['E', 'K', 'V'], VKLTPLCVTLNCTNVTNNSTD-------------------------------------DEKGEVKN----CSFNT-T-TE--LRN-KK-KKV-YSLF-YTLDITPIDNNQGNNSNNT------------------------------------------NTSYTLT---NCNTSAI-T---QA, 0.1358, 0
1.583826, -118.6985, 4, POINT, T, VKLTTLCVTLNCTNVTNNSTD-------------------------------------DGRGEIKN----CSFNT-T-TE--LRN-KK-KKV-YSLF-YTLDITPIDNNQGNNSNNT------------------------------------------NTSYTLT---NCNTSAI-T---QA, 0.1226, 0
1.580279, -118.1605, 89, POINT, K, VKLTPLCVTLNCTNVTNNSTD-------------------------------------DGRGEIKN----CSFNT-T-TE--LRN-KK-KKV-YSLF-YTLDITPIDNNQGNNSNNT------------------------------------------NTSYTLT---NCNTSAI-T---QA, 0.0861, 0
1.583716, -118.9492, 18, POINT, T, VKLTPLCVTLNCTNVTNNTTD-------------------------------------DGRGEIKN----CSFNT-T-TE--LRN-KK-QKV-YSLF-YTLDITPIDNNQGNNSNNT------------------------------------------NTSYTLT---NCNTSAI-T---QA, 0.0871, 1
1.617872, -120.5786, 110, POINT, N, VKLTPLCVTLNCTNVTNNTTD-------------------------------------DGRGEIKN----CSFNT-T-TE--LRN-KK-QKV-YSLF-YTLDITPIDNNQNNNSNNT------------------------------------------NTSYTLT---NCNTSAI-T---QA, 0.0985, 0
1.602677, -119.1735, 106, POINT, N, VKLTPLCVTLNCTNVTNNTTD-------------------------------------DGRGEIKN----CSFNT-T-TE--LRN-KK-QKV-YSLF-YTLDITPINNNQGNNSNNT------------------------------------------NTSYTLT---NCNTSAI-T---QA, 0.0965, 0
1.598807, -117.1826, [174], CHUNK, ['T'], VKLTPLCVTLNCTNVTNNTTD-------------------------------------DGRGEIKN----CSFNT-T-TE--LRN-KK-QKV-YSLF-YTLDITPIDNNQGNNSNNT------------------------------------------NTSYTLT---NCNTSTI-T---QA, 0.0982, 1
1.607152, -78.8529, [74, 79], CHUNK, ['I', 'N'], VKLTPLCVTLNCTNVTNNTTD-------------------------------------DGRGEIKN----CSFNI-T-TN--LRN-KK-QKV-YSLF-YTLDITPIDNNQGNNSNNT------------------------------------------NTSYTLT---NCNTSTI-T---QA, 0.2394, 0
1.600016, -116.8398, 91, POINT, E, VKLTPLCVTLNCTNVTNNTTD-------------------------------------DGRGEIKN----CSFNT-T-TE--LRN-KK-QKE-YSLF-YTLDITPIDNNQGNNSNNT------------------------------------------NTSYTLT---NCNTSTI-T---QA, 0.0995, 0
1.607865, -117.1846, [59, 60], CHUNK, ['E', 'K'], VKLTPLCVTLNCTNVTNNTTD-------------------------------------DEKGEIKN----CSFNT-T-TE--LRN-KK-QKV-YSLF-YTLDITPIDNNQGNNSNNT------------------------------------------NTSYTLT---NCNTSTI-T---QA, 0.1088, 1
1.609677, -117.1241, 102, POINT, V, VKLTPLCVTLNCTNVTNNTTD-------------------------------------DEKGEIKN----CSFNT-T-TE--LRN-KK-QKV-YSLF-YTLDVTPIDNNQGNNSNNT------------------------------------------NTSYTLT---NCNTSTI-T---QA, 0.1088, 1
1.615207, -81.1519, [61], CHUNK, ['L'], VKLTPLCVTLNCTNVTNNTTD-------------------------------------DEKLEIKN----CSFNT-T-TE--LRN-KK-QKV-YSLF-YTLDVTPIDNNQGNNSNNT------------------------------------------NTSYTLT---NCNTSTI-T---QA, 0.3428, 0
1.624014, 82.2238, [74, 79, 82], CHUNK, ['I', 'N', 'I'], VKLTPLCVTLNCTNVTNNTTD-------------------------------------DEKGEIKN----CSFNI-T-TN--IRN-KK-QKV-YSLF-YTLDVTPIDNNQGNNSNNT------------------------------------------NTSYTLT---NCNTSTI-T---QA, 0.2741, 0
1.619701, -117.1649, [89, 91, 94], CHUNK, ['K', 'E', 'A'], VKLTPLCVTLNCTNVTNNTTD-------------------------------------DEKGEIKN----CSFNT-T-TE--LRN-KK-KKE-YALF-YTLDVTPIDNNQGNNSNNT------------------------------------------NTSYTLT---NCNTSTI-T---QA, 0.1089, 0
1.628203, -117.1817, 106, POINT, N, VKLTPLCVTLNCTNVTNNTTD-------------------------------------DEKGEIKN----CSFNT-T-TE--LRN-KK-QKV-YSLF-YTLDVTPINNNQGNNSNNT------------------------------------------NTSYTLT---NCNTSTI-T---QA, 0.1088, 0
1.616617, -116.5901, 162, POINT, S, VKLTPLCVTLNCTNVTNNTTD-------------------------------------DEKGEIKN----CSFNT-T-TE--LRN-KK-QKV-YSLF-YTLDITPIDNNQGNNSNNT------------------------------------------NTSSTLT---NCNTSTI-T---QA, 0.1088, 1
1.620859, -1.0849, 82, POINT, I, VKLTPLCVTLNCTNVTNNTTD-------------------------------------DEKGEIKN----CSFNT-T-TE--IRN-KK-QKV-YSLF-YTLDITPIDNNQGNNSNNT------------------------------------------NTSSTLT---NCNTSTI-T---QA, 0.2304, 0
1.630366, -116.0421, 87, POINT, T, VKLTPLCVTLNCTNVTNNTTD-------------------------------------DEKGEIKN----CSFNT-T-TE--LRN-KT-QKV-YSLF-YTLDITPIDNNQGNNSNNT------------------------------------------NTSSTLT---NCNTSTI-T---QA, 0.1088, 0
1.633168, 2.9484, [82, 83, 84, 87], CHUNK, ['I', 'N', 'T', 'V'], VKLTPLCVTLNCTNVTNNTTD-------------------------------------DEKGEIKN----CSFNT-T-TE--INT-KV-QKV-YSLF-YTLDITPIDNNQGNNSNNT------------------------------------------NTSSTLT---NCNTSTI-T---QA, 0.2282, 0
1.620623, -116.2437, 109, POINT, A, VKLTPLCVTLNCTNVTNNTTD-------------------------------------DEKGEIKN----CSFNT-T-TE--LRN-KK-QKV-YSLF-YTLDITPIDNNAGNNSNNT------------------------------------------NTSSTLT---NCNTSTI-T---QA, 0.1088, 0
1.637934, -115.2142, [83, 84, 89, 90, 91], CHUNK, ['N', 'D', 'T', 'T', 'E'], VKLTPLCVTLNCTNVTNNTTD-------------------------------------DEKGEIKN----CSFNT-T-TE--LND-KK-TTE-YSLF-YTLDITPIDNNQGNNSNNT------------------------------------------NTSYTLT---NCNTSTI-T---QA, 0.1112, 0
1.617355, -116.7472, [89, 91, 94], CHUNK, ['K', 'E', 'A'], VKLTPLCVTLNCTNVTNNTTD-------------------------------------DEKGEIKN----CSFNT-T-TE--LRN-KK-KKE-YALF-YTLDITPIDNNQGNNSNNT------------------------------------------NTSYTLT---NCNTSTI-T---QA, 0.1088, 0
1.608506, -116.9967, [91, 94], CHUNK, ['E', 'A'], VKLTPLCVTLNCTNVTNNTTD-------------------------------------DEKGEIKN----CSFNT-T-TE--LRN-KK-QKE-YALF-YTLDITPIDNNQGNNSNNT------------------------------------------NTSYTLT---NCNTSTI-T---QA, 0.1088, 0
1.668475, -116.9032, [109, 110, 112, 113, 115, 116], CHUNK, ['N', 'N', 'S', 'T', 'S', 'N'], VKLTPLCVTLNCTNVTNNTTD-------------------------------------DEKGEIKN----CSFNT-T-TE--LRN-KK-QKV-YSLF-YTLDITPIDNNNNNSTNSN------------------------------------------NTSYTLT---NCNTSTI-T---QA, 0.1075, 1
1.678956, -116.2891, 79, POINT, S, VKLTPLCVTLNCTNVTNNTTD-------------------------------------DEKGEIKN----CSFNT-T-TS--LRN-KK-QKV-YSLF-YTLDITPIDNNNNNSTNSN------------------------------------------NTSYTLT---NCNTSTI-T---QA, 0.1093, 1
1.686910, -83.3571, 61, POINT, K, VKLTPLCVTLNCTNVTNNTTD-------------------------------------DEKKEIKN----CSFNT-T-TS--LRN-KK-QKV-YSLF-YTLDITPIDNNNNNSTNSN------------------------------------------NTSYTLT---NCNTSTI-T---QA, 0.1093, 0
1.688653, -115.8643, 106, POINT, S, VKLTPLCVTLNCTNVTNNTTD-------------------------------------DEKGEIKN----CSFNT-T-TS--LRN-KK-QKV-YSLF-YTLDITPISNNNNNSTNSN------------------------------------------NTSYTLT---NCNTSTI-T---QA, 0.1093, 0
1.686910, -83.3571, 61, POINT, K, VKLTPLCVTLNCTNVTNNTTD-------------------------------------DEKKEIKN----CSFNT-T-TS--LRN-KK-QKV-YSLF-YTLDITPIDNNNNNSTNSN------------------------------------------NTSYTLT---NCNTSTI-T---QA, 0.1093, 0
1.694358, -115.7418, 87, POINT, T, VKLTPLCVTLNCTNVTNNTTD-------------------------------------DEKGEIKN----CSFNT-T-TS--LRN-KT-QKV-YSLF-YTLDITPIDNNNNNSTNSN------------------------------------------NTSYTLT---NCNTSTI-T---QA, 0.1093, 0
1.687178, -117.1371, 101, POINT, N, VKLTPLCVTLNCTNVTNNTTD-------------------------------------DEKGEIKN----CSFNT-T-TE--LRN-KK-QKV-YSLF-YTLNITPIDNNNNNSTNSN------------------------------------------NTSYTLT---NCNTSTI-T---QA, 0.1075, 0
1.672717, -0.5230, 82, POINT, I, VKLTPLCVTLNCTNVTNNTTD-------------------------------------DEKGEIKN----CSFNT-T-TE--IRN-KK-QKV-YSLF-YTLDITPIDNNNNNSTNSN------------------------------------------NTSYTLT---NCNTSTI-T---QA, 0.2516, 0
1.682852, -114.8320, 98, POINT, N, VKLTPLCVTLNCTNVTNNTTD-------------------------------------DEKGEIKN----CSFNT-T-TE--LRN-KK-QKV-YSLF-NTLDITPIDNNNNNSTNSN------------------------------------------NTSYTLT---NCNTSTI-T---QA, 0.1075, 0
1.668551, -4.8630, [74, 79, 82], CHUNK, ['I', 'S', 'I'], VKLTPLCVTLNCTNVTNNTTD-------------------------------------DEKGEIKN----CSFNI-T-TS--IRN-KK-QKV-YSLF-YTLDITPIDNNNNNSTNSN------------------------------------------NTSYTLT---NCNTSTI-T---QA, 0.6030, 0
1.630099, -116.6315, 79, POINT, N, VKLTPLCVTLNCTNVTNNTTD-------------------------------------DEKGEIKN----CSFNT-T-TN--LRN-KK-QKV-YSLF-YTLDITPIDNNQGNNSNNT------------------------------------------NTSYTLT---NCNTSTI-T---QA, 0.1112, 1
1.638054, -84.2656, 61, POINT, K, VKLTPLCVTLNCTNVTNNTTD-------------------------------------DEKKEIKN----CSFNT-T-TN--LRN-KK-QKV-YSLF-YTLDITPIDNNQGNNSNNT------------------------------------------NTSYTLT---NCNTSTI-T---QA, 0.1901, 0
1.654196, -116.8621, [89, 90, 91, 94], CHUNK, ['K', 'T', 'T', 'A'], VKLTPLCVTLNCTNVTNNTTD-------------------------------------DEKGEIKN----CSFNT-T-TN--LRN-KK-KTT-YALF-YTLDITPIDNNQGNNSNNT------------------------------------------NTSYTLT---NCNTSTI-T---QA, 0.1112, 0
1.653209, -115.8805, [102, 103, 104, 109], CHUNK, ['V', 'V', 'Q', 'T'], VKLTPLCVTLNCTNVTNNTTD-------------------------------------DEKGEIKN----CSFNT-T-TN--LRN-KK-QKV-YSLF-YTLDVVQIDNNTGNNSNNT------------------------------------------NTSYTLT---NCNTSTI-T---QA, 0.1127, 0
1.639106, -116.0501, [89, 91, 94], CHUNK, ['K', 'E', 'A'], VKLTPLCVTLNCTNVTNNTTD-------------------------------------DEKGEIKN----CSFNT-T-TN--LRN-KK-KKE-YALF-YTLDITPIDNNQGNNSNNT------------------------------------------NTSYTLT---NCNTSTI-T---QA, 0.1363, 0
1.624358, -79.3400, [59, 60, 61, 63], CHUNK, ['S', 'T', 'I', 'M'], VKLTPLCVTLNCTNVTNNTTD-------------------------------------DSTIEMKN----CSFNT-T-TE--LRN-KK-QKV-YSLF-YTLDITPIDNNQGNNSNNT------------------------------------------NTSYTLT---NCNTSTI-T---QA, 0.1678, 0
1.618772, -116.5830, 105, POINT, T, VKLTPLCVTLNCTNVTNNTTD-------------------------------------DEKGEIKN----CSFNT-T-TE--LRN-KK-QKV-YSLF-YTLDITPTDNNQGNNSNNT------------------------------------------NTSYTLT---NCNTSTI-T---QA, 0.1088, 0
1.633952, -115.7349, 14, POINT, N, VKLTPLCVTLNCTNNTNNTTD-------------------------------------DEKGEIKN----CSFNT-T-TE--LRN-KK-QKV-YSLF-YTLDITPIDNNQGNNSNNT------------------------------------------NTSYTLT---NCNTSTI-T---QA, 0.1073, 0
1.619997, -116.5442, 58, POINT, S, VKLTPLCVTLNCTNVTNNTTD-------------------------------------SEKGEIKN----CSFNT-T-TE--LRN-KK-QKV-YSLF-YTLDITPIDNNQGNNSNNT------------------------------------------NTSYTLT---NCNTSTI-T---QA, 0.1305, 0
1.613705, -112.6041, 82, POINT, T, VKLTPLCVTLNCTNVTNNTTD-------------------------------------DGRGEIKN----CSFNT-T-TE--TRN-KK-QKV-YSLF-YTLDITPIDNNQGNNSNNT------------------------------------------NTSYTLT---NCNTSTI-T---QA, 0.1368, 0
1.603332, -118.5408, [58, 59, 60], CHUNK, ['E', 'E', 'E'], VKLTPLCVTLNCTNVTNNTTD-------------------------------------EEEGEIKN----CSFNT-T-TE--LRN-KK-QKV-YSLF-YTLDITPIDNNQGNNSNNT------------------------------------------NTSYTLT---NCNTSTI-T---QA, 0.0982, 0
1.640235, -101.5058, [58, 59, 60, 61], CHUNK, ['N', 'M', 'E', 'N'], VKLTPLCVTLNCTNVTNNTTD-------------------------------------NMENEIKN----CSFNT-T-TE--LRN-KK-QKV-YSLF-YTLDITPIDNNQGNNSNNT------------------------------------------NTSYTLT---NCNTSTI-T---QA, 0.0982, 0
1.604068, -116.8584, 58, POINT, K, VKLTPLCVTLNCTNVTNNTTD-------------------------------------KGRGEIKN----CSFNT-T-TE--LRN-KK-QKV-YSLF-YTLDITPIDNNQGNNSNNT------------------------------------------NTSYTLT---NCNTSTI-T---QA, 0.0982, 0
1.587750, -118.9087, 83, POINT, K, VKLTPLCVTLNCTNVTNNTTD-------------------------------------DGRGEIKN----CSFNT-T-TE--LKN-KK-QKV-YSLF-YTLDITPIDNNQGNNSNNT------------------------------------------NTSYTLT---NCNTSAI-T---QA, 0.0871, 0
1.621975, -118.8831, 109, POINT, N, VKLTPLCVTLNCTNVTNNTTD-------------------------------------DGRGEIKN----CSFNT-T-TE--LRN-KK-QKV-YSLF-YTLDITPIDNNNGNNSNNT------------------------------------------NTSYTLT---NCNTSAI-T---QA, 0.0871, 0
1.598093, -116.9884, 98, POINT, N, VKLTPLCVTLNCTNVTNNTTD-------------------------------------DGRGEIKN----CSFNT-T-TE--LRN-KK-QKV-YSLF-NTLDITPIDNNQGNNSNNT------------------------------------------NTSYTLT---NCNTSAI-T---QA, 0.0985, 1
1.606744, -116.6632, 89, POINT, K, VKLTPLCVTLNCTNVTNNTTD-------------------------------------DGRGEIKN----CSFNT-T-TE--LRN-KK-KKV-YSLF-NTLDITPIDNNQGNNSNNT------------------------------------------NTSYTLT---NCNTSAI-T---QA, 0.0985, 0
1.617527, -117.0457, 106, POINT, N, VKLTPLCVTLNCTNVTNNTTD-------------------------------------DGRGEIKN----CSFNT-T-TE--LRN-KK-QKV-YSLF-NTLDITPINNNQGNNSNNT------------------------------------------NTSYTLT---NCNTSAI-T---QA, 0.0985, 0
1.613767, -115.1987, [93], CHUNK, ['N'], VKLTPLCVTLNCTNVTNNTTD-------------------------------------DGRGEIKN----CSFNT-T-TE--LRN-KK-QKV-NSLF-NTLDITPIDNNQGNNSNNT------------------------------------------NTSYTLT---NCNTSAI-T---QA, 0.0985, 0
1.634466, -117.3139, 110, POINT, T, VKLTPLCVTLNCTNVTNNTTD-------------------------------------DGRGEIKN----CSFNT-T-TE--LRN-KK-QKV-YSLF-NTLDITPIDNNQTNNSNNT------------------------------------------NTSYTLT---NCNTSAI-T---QA, 0.0985, 0
1.606969, -119.3497, 59, POINT, T, VKLTPLCVTLNCTNVTNNTTD-------------------------------------DTRGEIKN----CSFNT-T-TE--LRN-KK-QKV-YSLF-YTLDITPIDNNQGNNSNNT------------------------------------------NTSYTLT---NCNTSAI-T---QA, 0.0871, 0
1.587075, -82.2629, 61, POINT, I, VKLTPLCVTLNCTNVTNNTTD-------------------------------------DGRIEIKN----CSFNT-T-TE--LRN-KK-QKV-YSLF-YTLDITPIDNNQGNNSNNT------------------------------------------NTSYTLT---NCNTSAI-T---QA, 0.1858, 0
1.598807, -116.7970, 174, POINT, T, VKLTPLCVTLNCTNVTNNTTD-------------------------------------DGRGEIKN----CSFNT-T-TE--LRN-KK-QKV-YSLF-YTLDITPIDNNQGNNSNNT------------------------------------------NTSYTLT---NCNTSTI-T---QA, 0.0871, 0
1.598807, -116.7970, [174], CHUNK, ['T'], VKLTPLCVTLNCTNVTNNTTD-------------------------------------DGRGEIKN----CSFNT-T-TE--LRN-KK-QKV-YSLF-YTLDITPIDNNQGNNSNNT------------------------------------------NTSYTLT---NCNTSTI-T---QA, 0.0871, 0
