Name base = v1v2_6_0.0
Iters = 10
Soft coverage = 0.284621885725
Energy = -131.200491455
Hard Covereage = 0.0368019545157
Num epitopes = 65
Initial seq = VKLTPLCVTLQCTNVTNNITD-------------------------------------DMRGELKN----CSFNM-T-TE--LRD-KK-QKV-YSLF-YRLDVVQINENQGNRSNNS------------------------------------------NKEYRLI---NCNTSAI-T---QA
-------START OF DATA------
0.288370, -131.4129, 104, POINT, P, VKLTPLCVTLQCTNVTNNITD-------------------------------------DMRGELKN----CSFNM-T-TE--LRD-KK-QKV-YSLF-YRLDVVPINENQGNRSNNS------------------------------------------NKEYRLI---NCNTSAI-T---QA, 0.0000, 1
0.312037, -131.3196, 10, POINT, N, VKLTPLCVTLNCTNVTNNITD-------------------------------------DMRGELKN----CSFNM-T-TE--LRD-KK-QKV-YSLF-YRLDVVPINENQGNRSNNS------------------------------------------NKEYRLI---NCNTSAI-T---QA, 0.0000, 1
0.317330, -129.4798, 99, POINT, K, VKLTPLCVTLNCTNVTNNITD-------------------------------------DMRGELKN----CSFNM-T-TE--LRD-KK-QKV-YSLF-YKLDVVPINENQGNRSNNS------------------------------------------NKEYRLI---NCNTSAI-T---QA, 0.0000, 1
0.322413, -128.9293, 160, POINT, T, VKLTPLCVTLNCTNVTNNITD-------------------------------------DMRGELKN----CSFNM-T-TE--LRD-KK-QKV-YSLF-YKLDVVPINENQGNRSNNS------------------------------------------NTEYRLI---NCNTSAI-T---QA, 0.0000, 0
0.321158, -129.5919, 107, POINT, N, VKLTPLCVTLNCTNVTNNITD-------------------------------------DMRGELKN----CSFNM-T-TE--LRD-KK-QKV-YSLF-YKLDVVPINNNQGNRSNNS------------------------------------------NKEYRLI---NCNTSAI-T---QA, 0.0000, 1
0.325333, -131.0860, 110, POINT, N, VKLTPLCVTLNCTNVTNNITD-------------------------------------DMRGELKN----CSFNM-T-TE--LRD-KK-QKV-YSLF-YKLDVVPINNNQNNRSNNS------------------------------------------NKEYRLI---NCNTSAI-T---QA, 0.0000, 1
0.335305, -84.5539, [74], CHUNK, ['I'], VKLTPLCVTLNCTNVTNNITD-------------------------------------DMRGELKN----CSFNI-T-TE--LRD-KK-QKV-YSLF-YKLDVVPINNNQNNRSNNS------------------------------------------NKEYRLI---NCNTSAI-T---QA, 0.2348, 0
0.328121, -130.3294, 59, POINT, T, VKLTPLCVTLNCTNVTNNITD-------------------------------------DTRGELKN----CSFNM-T-TE--LRD-KK-QKV-YSLF-YKLDVVPINNNQNNRSNNS------------------------------------------NKEYRLI---NCNTSAI-T---QA, 0.0311, 1
0.332332, -129.7344, 161, POINT, S, VKLTPLCVTLNCTNVTNNITD-------------------------------------DTRGELKN----CSFNM-T-TE--LRD-KK-QKV-YSLF-YKLDVVPINNNQNNRSNNS------------------------------------------NKSYRLI---NCNTSAI-T---QA, 0.0249, 1
0.336824, -114.3302, 74, POINT, V, VKLTPLCVTLNCTNVTNNITD-------------------------------------DTRGELKN----CSFNV-T-TE--LRD-KK-QKV-YSLF-YKLDVVPINNNQNNRSNNS------------------------------------------NKSYRLI---NCNTSAI-T---QA, 0.0891, 0
------END OF DATA------
Best coverage = 0.332332354923
Best sequence = VKLTPLCVTLNCTNVTNNITD-------------------------------------DTRGELKN----CSFNV-T-TE--LRD-KK-QKV-YSLF-YKLDVVPINNNQNNRSNNS------------------------------------------NKSYRLI---NCNTSAI-T---QA
Hard Covereage = 0.0668313794031
Num epitopes = 60
