Name base = V1V2_200_exp_3_8_ni
Iters = 200
Soft coverage = 0.284621885725
Energy = -129.370818051
Hard Covereage = 0.0368019545157
Num epitopes = 65
Initial seq = VKLTPLCVTLQCTNVTNNITD-------------------------------------DMRGELKN----CSFNM-T-TE--LRD-KK-QKV-YSLF-YRLDVVQINENQGNRSNNS------------------------------------------NKEYRLI---NCNTSAI-T---QA
-------START OF DATA------
0.308289, -129.3150, [10], CHUNK, ['N'], VKLTPLCVTLNCTNVTNNITD-------------------------------------DMRGELKN----CSFNM-T-TE--LRD-KK-QKV-YSLF-YRLDVVQINENQGNRSNNS------------------------------------------NKEYRLI---NCNTSAI-T---QA, 0.0000, 1
0.316307, -128.7875, [160, 161], CHUNK, ['N', 'S'], VKLTPLCVTLNCTNVTNNITD-------------------------------------DMRGELKN----CSFNM-T-TE--LRD-KK-QKV-YSLF-YRLDVVQINENQGNRSNNS------------------------------------------NNSYRLI---NCNTSAI-T---QA, 0.0454, 1
0.326279, -89.7504, [74], CHUNK, ['I'], VKLTPLCVTLNCTNVTNNITD-------------------------------------DMRGELKN----CSFNI-T-TE--LRD-KK-QKV-YSLF-YRLDVVQINENQGNRSNNS------------------------------------------NNSYRLI---NCNTSAI-T---QA, 0.4281, 0
0.324495, -92.3182, [74, 79], CHUNK, ['I', 'S'], VKLTPLCVTLNCTNVTNNITD-------------------------------------DMRGELKN----CSFNI-T-TS--LRD-KK-QKV-YSLF-YRLDVVQINENQGNRSNNS------------------------------------------NNSYRLI---NCNTSAI-T---QA, 0.6324, 0
0.326279, -84.1198, [74], CHUNK, ['I'], VKLTPLCVTLNCTNVTNNITD-------------------------------------DMRGELKN----CSFNI-T-TE--LRD-KK-QKV-YSLF-YRLDVVQINENQGNRSNNS------------------------------------------NNSYRLI---NCNTSAI-T---QA, 0.4497, 0
0.324873, -127.6819, [99, 104, 106], CHUNK, ['K', 'P', 'D'], VKLTPLCVTLNCTNVTNNITD-------------------------------------DMRGELKN----CSFNM-T-TE--LRD-KK-QKV-YSLF-YKLDVVPIDENQGNRSNNS------------------------------------------NNSYRLI---NCNTSAI-T---QA, 0.0524, 1
0.327933, -127.7166, 59, POINT, N, VKLTPLCVTLNCTNVTNNITD-------------------------------------DNRGELKN----CSFNM-T-TE--LRD-KK-QKV-YSLF-YKLDVVPIDENQGNRSNNS------------------------------------------NNSYRLI---NCNTSAI-T---QA, 0.0524, 1
0.332021, -128.1542, 160, POINT, T, VKLTPLCVTLNCTNVTNNITD-------------------------------------DNRGELKN----CSFNM-T-TE--LRD-KK-QKV-YSLF-YKLDVVPIDENQGNRSNNS------------------------------------------NTSYRLI---NCNTSAI-T---QA, 0.0708, 1
0.341993, -95.6839, [74], CHUNK, ['I'], VKLTPLCVTLNCTNVTNNITD-------------------------------------DNRGELKN----CSFNI-T-TE--LRD-KK-QKV-YSLF-YKLDVVPIDENQGNRSNNS------------------------------------------NTSYRLI---NCNTSAI-T---QA, 0.3613, 0
0.332893, -127.3036, 20, POINT, S, VKLTPLCVTLNCTNVTNNITS-------------------------------------DNRGELKN----CSFNM-T-TE--LRD-KK-QKV-YSLF-YKLDVVPIDENQGNRSNNS------------------------------------------NTSYRLI---NCNTSAI-T---QA, 0.0544, 1
0.336934, -123.2952, 74, POINT, T, VKLTPLCVTLNCTNVTNNITS-------------------------------------DNRGELKN----CSFNT-T-TE--LRD-KK-QKV-YSLF-YKLDVVPIDENQGNRSNNS------------------------------------------NTSYRLI---NCNTSAI-T---QA, 0.0565, 1
0.347501, -123.5033, 94, POINT, A, VKLTPLCVTLNCTNVTNNITS-------------------------------------DNRGELKN----CSFNT-T-TE--LRD-KK-QKV-YALF-YKLDVVPIDENQGNRSNNS------------------------------------------NTSYRLI---NCNTSAI-T---QA, 0.0565, 1
0.354655, -121.2172, 63, POINT, I, VKLTPLCVTLNCTNVTNNITS-------------------------------------DNRGEIKN----CSFNT-T-TE--LRD-KK-QKV-YALF-YKLDVVPIDENQGNRSNNS------------------------------------------NTSYRLI---NCNTSAI-T---QA, 0.0565, 1
0.361937, -103.4494, 174, POINT, V, VKLTPLCVTLNCTNVTNNITS-------------------------------------DNRGEIKN----CSFNT-T-TE--LRD-KK-QKV-YALF-YKLDVVPIDENQGNRSNNS------------------------------------------NTSYRLI---NCNTSVI-T---QA, 0.2607, 0
0.358738, -119.6590, 18, POINT, N, VKLTPLCVTLNCTNVTNNNTS-------------------------------------DNRGEIKN----CSFNT-T-TE--LRD-KK-QKV-YALF-YKLDVVPIDENQGNRSNNS------------------------------------------NTSYRLI---NCNTSAI-T---QA, 0.0565, 0
0.363374, -99.1187, [169, 174], CHUNK, ['S', 'V'], VKLTPLCVTLNCTNVTNNITS-------------------------------------DNRGEIKN----CSFNT-T-TE--LRD-KK-QKV-YALF-YKLDVVPIDENQGNRSNNS------------------------------------------NTSYRLI---SCNTSVI-T---QA, 0.2624, 0
0.362712, -120.7836, [107, 108, 109, 110, 111, 112, 113, 115], CHUNK, ['N', 'E', 'N', 'N', 'I', 'G', 'N', 'T'], VKLTPLCVTLNCTNVTNNITS-------------------------------------DNRGEIKN----CSFNT-T-TE--LRD-KK-QKV-YALF-YKLDVVPIDNENNIGNNTS------------------------------------------NTSYRLI---NCNTSAI-T---QA, 0.0565, 1
0.370032, -84.3380, 74, POINT, I, VKLTPLCVTLNCTNVTNNITS-------------------------------------DNRGEIKN----CSFNI-T-TE--LRD-KK-QKV-YALF-YKLDVVPIDNENNIGNNTS------------------------------------------NTSYRLI---NCNTSAI-T---QA, 0.3321, 0
0.365247, -35.3486, 82, POINT, I, VKLTPLCVTLNCTNVTNNITS-------------------------------------DNRGEIKN----CSFNT-T-TE--IRD-KK-QKV-YALF-YKLDVVPIDNENNIGNNTS------------------------------------------NTSYRLI---NCNTSAI-T---QA, 0.2035, 0
0.368769, -121.5836, 91, POINT, E, VKLTPLCVTLNCTNVTNNITS-------------------------------------DNRGEIKN----CSFNT-T-TE--LRD-KK-QKE-YALF-YKLDVVPIDNENNIGNNTS------------------------------------------NTSYRLI---NCNTSAI-T---QA, 0.0728, 1
0.369215, -122.0673, 16, POINT, T, VKLTPLCVTLNCTNVTTNITS-------------------------------------DNRGEIKN----CSFNT-T-TE--LRD-KK-QKE-YALF-YKLDVVPIDNENNIGNNTS------------------------------------------NTSYRLI---NCNTSAI-T---QA, 0.0784, 0
0.372871, -121.2765, 108, POINT, N, VKLTPLCVTLNCTNVTNNITS-------------------------------------DNRGEIKN----CSFNT-T-TE--LRD-KK-QKE-YALF-YKLDVVPIDNNNNIGNNTS------------------------------------------NTSYRLI---NCNTSAI-T---QA, 0.0728, 0
0.376090, -119.3335, [74], CHUNK, ['I'], VKLTPLCVTLNCTNVTNNITS-------------------------------------DNRGEIKN----CSFNI-T-TE--LRD-KK-QKE-YALF-YKLDVVPIDNENNIGNNTS------------------------------------------NTSYRLI---NCNTSAI-T---QA, 0.0728, 1
0.383372, -100.8978, [174], CHUNK, ['V'], VKLTPLCVTLNCTNVTNNITS-------------------------------------DNRGEIKN----CSFNI-T-TE--LRD-KK-QKE-YALF-YKLDVVPIDNENNIGNNTS------------------------------------------NTSYRLI---NCNTSVI-T---QA, 0.3306, 0
0.384809, -100.2915, [169, 174], CHUNK, ['S', 'V'], VKLTPLCVTLNCTNVTNNITS-------------------------------------DNRGEIKN----CSFNI-T-TE--LRD-KK-QKE-YALF-YKLDVVPIDNENNIGNNTS------------------------------------------NTSYRLI---SCNTSVI-T---QA, 0.4244, 0
0.383372, -93.3078, [174], CHUNK, ['V'], VKLTPLCVTLNCTNVTNNITS-------------------------------------DNRGEIKN----CSFNI-T-TE--LRD-KK-QKE-YALF-YKLDVVPIDNENNIGNNTS------------------------------------------NTSYRLI---NCNTSVI-T---QA, 0.5203, 0
0.378254, -117.0059, 20, POINT, T, VKLTPLCVTLNCTNVTNNITT-------------------------------------DNRGEIKN----CSFNI-T-TE--LRD-KK-QKE-YALF-YKLDVVPIDNENNIGNNTS------------------------------------------NTSYRLI---NCNTSAI-T---QA, 0.1266, 0
0.371795, -25.8040, 82, POINT, I, VKLTPLCVTLNCTNVTNNITS-------------------------------------DNRGEIKN----CSFNT-T-TE--IRD-KK-QKE-YALF-YKLDVVPIDNENNIGNNTS------------------------------------------NTSYRLI---NCNTSAI-T---QA, 0.1467, 0
0.370934, -118.8029, 20, POINT, T, VKLTPLCVTLNCTNVTNNITT-------------------------------------DNRGEIKN----CSFNT-T-TE--LRD-KK-QKE-YALF-YKLDVVPIDNENNIGNNTS------------------------------------------NTSYRLI---NCNTSAI-T---QA, 0.0728, 0
0.370894, -25.8049, [79, 82], CHUNK, ['S', 'I'], VKLTPLCVTLNCTNVTNNITS-------------------------------------DNRGEIKN----CSFNT-T-TS--IRD-KK-QKE-YALF-YKLDVVPIDNENNIGNNTS------------------------------------------NTSYRLI---NCNTSAI-T---QA, 0.2394, 0
0.370894, -45.8537, [79, 82], CHUNK, ['S', 'I'], VKLTPLCVTLNCTNVTNNITS-------------------------------------DNRGEIKN----CSFNT-T-TS--IRD-KK-QKE-YALF-YKLDVVPIDNENNIGNNTS------------------------------------------NTSYRLI---NCNTSAI-T---QA, 0.1522, 0
0.366813, -121.2746, 108, POINT, N, VKLTPLCVTLNCTNVTNNITS-------------------------------------DNRGEIKN----CSFNT-T-TE--LRD-KK-QKV-YALF-YKLDVVPIDNNNNIGNNTS------------------------------------------NTSYRLI---NCNTSAI-T---QA, 0.1108, 1
0.372871, -120.8746, 91, POINT, E, VKLTPLCVTLNCTNVTNNITS-------------------------------------DNRGEIKN----CSFNT-T-TE--LRD-KK-QKE-YALF-YKLDVVPIDNNNNIGNNTS------------------------------------------NTSYRLI---NCNTSAI-T---QA, 0.1108, 1
0.381590, -95.5997, [169, 174], CHUNK, ['S', 'V'], VKLTPLCVTLNCTNVTNNITS-------------------------------------DNRGEIKN----CSFNT-T-TE--LRD-KK-QKE-YALF-YKLDVVPIDNNNNIGNNTS------------------------------------------NTSYRLI---SCNTSVI-T---QA, 0.3206, 0
0.381590, -93.9411, [169, 174], CHUNK, ['S', 'V'], VKLTPLCVTLNCTNVTNNITS-------------------------------------DNRGEIKN----CSFNT-T-TE--LRD-KK-QKE-YALF-YKLDVVPIDNNNNIGNNTS------------------------------------------NTSYRLI---SCNTSVI-T---QA, 0.2799, 0
0.380191, -118.8506, [74], CHUNK, ['I'], VKLTPLCVTLNCTNVTNNITS-------------------------------------DNRGEIKN----CSFNI-T-TE--LRD-KK-QKE-YALF-YKLDVVPIDNNNNIGNNTS------------------------------------------NTSYRLI---NCNTSAI-T---QA, 0.0936, 1
0.383849, -119.1915, 58, POINT, N, VKLTPLCVTLNCTNVTNNITS-------------------------------------NNRGEIKN----CSFNI-T-TE--LRD-KK-QKE-YALF-YKLDVVPIDNNNNIGNNTS------------------------------------------NTSYRLI---NCNTSAI-T---QA, 0.0936, 0
0.383980, -18.9564, 82, POINT, I, VKLTPLCVTLNCTNVTNNITS-------------------------------------DNRGEIKN----CSFNI-T-TE--IRD-KK-QKE-YALF-YKLDVVPIDNNNNIGNNTS------------------------------------------NTSYRLI---NCNTSAI-T---QA, 0.1074, 0
0.383720, -119.5411, 111, POINT, N, VKLTPLCVTLNCTNVTNNITS-------------------------------------DNRGEIKN----CSFNI-T-TE--LRD-KK-QKE-YALF-YKLDVVPIDNNNNNGNNTS------------------------------------------NTSYRLI---NCNTSAI-T---QA, 0.0936, 0
0.387474, -96.7953, 174, POINT, V, VKLTPLCVTLNCTNVTNNITS-------------------------------------DNRGEIKN----CSFNI-T-TE--LRD-KK-QKE-YALF-YKLDVVPIDNNNNIGNNTS------------------------------------------NTSYRLI---NCNTSVI-T---QA, 0.2293, 0
0.380191, -118.5684, [74], CHUNK, ['I'], VKLTPLCVTLNCTNVTNNITS-------------------------------------DNRGEIKN----CSFNI-T-TE--LRD-KK-QKE-YALF-YKLDVVPIDNNNNIGNNTS------------------------------------------NTSYRLI---NCNTSAI-T---QA, 0.1283, 0
0.381590, -96.5403, [169, 174], CHUNK, ['S', 'V'], VKLTPLCVTLNCTNVTNNITS-------------------------------------DNRGEIKN----CSFNT-T-TE--LRD-KK-QKE-YALF-YKLDVVPIDNNNNIGNNTS------------------------------------------NTSYRLI---SCNTSVI-T---QA, 0.3302, 0
0.380191, -118.4115, [74], CHUNK, ['I'], VKLTPLCVTLNCTNVTNNITS-------------------------------------DNRGEIKN----CSFNI-T-TE--LRD-KK-QKE-YALF-YKLDVVPIDNNNNIGNNTS------------------------------------------NTSYRLI---NCNTSAI-T---QA, 0.1108, 0
0.373419, -115.0643, 60, POINT, I, VKLTPLCVTLNCTNVTNNITS-------------------------------------DNIGEIKN----CSFNT-T-TE--LRD-KK-QKE-YALF-YKLDVVPIDNNNNIGNNTS------------------------------------------NTSYRLI---NCNTSAI-T---QA, 0.1069, 0
0.377693, -17.9828, [74, 79, 82], CHUNK, ['I', 'S', 'I'], VKLTPLCVTLNCTNVTNNITS-------------------------------------DNRGEIKN----CSFNI-T-TS--IRD-KK-QKV-YALF-YKLDVVPIDNNNNIGNNTS------------------------------------------NTSYRLI---NCNTSAI-T---QA, 0.5198, 0
0.368585, -122.8598, 20, POINT, N, VKLTPLCVTLNCTNVTNNITN-------------------------------------DNRGEIKN----CSFNT-T-TE--LRD-KK-QKV-YALF-YKLDVVPIDNNNNIGNNTS------------------------------------------NTSYRLI---NCNTSAI-T---QA, 0.1451, 0
0.374134, -70.9639, [74], CHUNK, ['I'], VKLTPLCVTLNCTNVTNNITS-------------------------------------DNRGEIKN----CSFNI-T-TE--LRD-KK-QKV-YALF-YKLDVVPIDNNNNIGNNTS------------------------------------------NTSYRLI---NCNTSAI-T---QA, 0.4562, 0
0.374095, -100.2098, [174], CHUNK, ['V'], VKLTPLCVTLNCTNVTNNITS-------------------------------------DNRGEIKN----CSFNT-T-TE--LRD-KK-QKV-YALF-YKLDVVPIDNNNNIGNNTS------------------------------------------NTSYRLI---NCNTSVI-T---QA, 0.3321, 0
0.365937, -120.2789, 18, POINT, T, VKLTPLCVTLNCTNVTNNTTS-------------------------------------DNRGEIKN----CSFNT-T-TE--LRD-KK-QKV-YALF-YKLDVVPIDNENNIGNNTS------------------------------------------NTSYRLI---NCNTSAI-T---QA, 0.0911, 0
0.371431, -103.9917, [169, 174], CHUNK, ['S', 'V'], VKLTPLCVTLNCTNVTNNITS-------------------------------------DNRGEIKN----CSFNT-T-TE--LRD-KK-QKV-YALF-YKLDVVPIDNENNIGNNTS------------------------------------------NTSYRLI---SCNTSVI-T---QA, 0.3633, 0
0.366795, -120.2505, 18, POINT, N, VKLTPLCVTLNCTNVTNNNTS-------------------------------------DNRGEIKN----CSFNT-T-TE--LRD-KK-QKV-YALF-YKLDVVPIDNENNIGNNTS------------------------------------------NTSYRLI---NCNTSAI-T---QA, 0.0903, 0
0.370032, -89.2879, 74, POINT, I, VKLTPLCVTLNCTNVTNNITS-------------------------------------DNRGEIKN----CSFNI-T-TE--LRD-KK-QKV-YALF-YKLDVVPIDNENNIGNNTS------------------------------------------NTSYRLI---NCNTSAI-T---QA, 0.3732, 0
0.363374, -100.0492, [169, 174], CHUNK, ['S', 'V'], VKLTPLCVTLNCTNVTNNITS-------------------------------------DNRGEIKN----CSFNT-T-TE--LRD-KK-QKV-YALF-YKLDVVPIDENQGNRSNNS------------------------------------------NTSYRLI---SCNTSVI-T---QA, 0.2795, 0
0.361975, -89.4752, 74, POINT, I, VKLTPLCVTLNCTNVTNNITS-------------------------------------DNRGEIKN----CSFNI-T-TE--LRD-KK-QKV-YALF-YKLDVVPIDENQGNRSNNS------------------------------------------NTSYRLI---NCNTSAI-T---QA, 0.4318, 0
0.358837, -121.5891, 112, POINT, N, VKLTPLCVTLNCTNVTNNITS-------------------------------------DNRGEIKN----CSFNT-T-TE--LRD-KK-QKV-YALF-YKLDVVPIDENQGNNSNNS------------------------------------------NTSYRLI---NCNTSAI-T---QA, 0.0565, 0
0.360712, -120.7961, 91, POINT, E, VKLTPLCVTLNCTNVTNNITS-------------------------------------DNRGEIKN----CSFNT-T-TE--LRD-KK-QKE-YALF-YKLDVVPIDENQGNRSNNS------------------------------------------NTSYRLI---NCNTSAI-T---QA, 0.0565, 0
