Name base = V1V2_200_sq_6_3_ni
Iters = 200
Soft coverage = 1.31203964383
Energy = -128.717377515
Hard Covereage = 0.0368019545157
Num epitopes = 65
Initial seq = VKLTPLCVTLQCTNVTNNITD-------------------------------------DMRGELKN----CSFNM-T-TE--LRD-KK-QKV-YSLF-YRLDVVQINENQGNRSNNS------------------------------------------NKEYRLI---NCNTSAI-T---QA
-------START OF DATA------
1.354976, -129.1662, [160, 161], CHUNK, ['T', 'S'], VKLTPLCVTLQCTNVTNNITD-------------------------------------DMRGELKN----CSFNM-T-TE--LRD-KK-QKV-YSLF-YRLDVVQINENQGNRSNNS------------------------------------------NTSYRLI---NCNTSAI-T---QA, 0.0965, 1
1.374397, -129.5544, 20, POINT, N, VKLTPLCVTLQCTNVTNNITN-------------------------------------DMRGELKN----CSFNM-T-TE--LRD-KK-QKV-YSLF-YRLDVVQINENQGNRSNNS------------------------------------------NTSYRLI---NCNTSAI-T---QA, 0.0965, 1
1.423553, -129.4788, [10], CHUNK, ['N'], VKLTPLCVTLNCTNVTNNITN-------------------------------------DMRGELKN----CSFNM-T-TE--LRD-KK-QKV-YSLF-YRLDVVQINENQGNRSNNS------------------------------------------NTSYRLI---NCNTSAI-T---QA, 0.0965, 1
1.449046, -15.5893, [79, 82], CHUNK, ['N', 'I'], VKLTPLCVTLNCTNVTNNITN-------------------------------------DMRGELKN----CSFNM-T-TN--IRD-KK-QKV-YSLF-YRLDVVQINENQGNRSNNS------------------------------------------NTSYRLI---NCNTSAI-T---QA, 0.2029, 0
1.443758, -124.4693, 60, POINT, T, VKLTPLCVTLNCTNVTNNITN-------------------------------------DMTGELKN----CSFNM-T-TE--LRD-KK-QKV-YSLF-YRLDVVQINENQGNRSNNS------------------------------------------NTSYRLI---NCNTSAI-T---QA, 0.0965, 1
1.465850, -122.1546, 18, POINT, N, VKLTPLCVTLNCTNVTNNNTN-------------------------------------DMTGELKN----CSFNM-T-TE--LRD-KK-QKV-YSLF-YRLDVVQINENQGNRSNNS------------------------------------------NTSYRLI---NCNTSAI-T---QA, 0.0965, 0
1.458460, -122.6148, [174], CHUNK, ['T'], VKLTPLCVTLNCTNVTNNITN-------------------------------------DMTGELKN----CSFNM-T-TE--LRD-KK-QKV-YSLF-YRLDVVQINENQGNRSNNS------------------------------------------NTSYRLI---NCNTSTI-T---QA, 0.0965, 1
1.463831, -118.2445, 9, POINT, N, VKLTPLCVTNNCTNVTNNITN-------------------------------------DMTGELKN----CSFNM-T-TE--LRD-KK-QKV-YSLF-YRLDVVQINENQGNRSNNS------------------------------------------NTSYRLI---NCNTSTI-T---QA, 0.0646, 1
1.481514, -116.6524, [99, 103], CHUNK, ['K', 'T'], VKLTPLCVTNNCTNVTNNITN-------------------------------------DMTGELKN----CSFNM-T-TE--LRD-KK-QKV-YSLF-YKLDVTQINENQGNRSNNS------------------------------------------NTSYRLI---NCNTSTI-T---QA, 0.0567, 0
1.469549, -118.2868, 4, POINT, T, VKLTTLCVTNNCTNVTNNITN-------------------------------------DMTGELKN----CSFNM-T-TE--LRD-KK-QKV-YSLF-YRLDVVQINENQGNRSNNS------------------------------------------NTSYRLI---NCNTSTI-T---QA, 0.0658, 1
1.486861, -115.5251, [16, 17, 18], CHUNK, ['T', 'T', 'N'], VKLTTLCVTNNCTNVTTTNTN-------------------------------------DMTGELKN----CSFNM-T-TE--LRD-KK-QKV-YSLF-YRLDVVQINENQGNRSNNS------------------------------------------NTSYRLI---NCNTSTI-T---QA, 0.0658, 0
1.489049, -117.5635, [79], CHUNK, ['N'], VKLTTLCVTNNCTNVTNNITN-------------------------------------DMTGELKN----CSFNM-T-TN--LRD-KK-QKV-YSLF-YRLDVVQINENQGNRSNNS------------------------------------------NTSYRLI---NCNTSTI-T---QA, 0.0658, 1
1.506838, -104.3118, [74], CHUNK, ['V'], VKLTTLCVTNNCTNVTNNITN-------------------------------------DMTGELKN----CSFNV-T-TN--LRD-KK-QKV-YSLF-YRLDVVQINENQGNRSNNS------------------------------------------NTSYRLI---NCNTSTI-T---QA, 0.2755, 0
1.508753, -69.6874, [74], CHUNK, ['I'], VKLTTLCVTNNCTNVTNNITN-------------------------------------DMTGELKN----CSFNI-T-TN--LRD-KK-QKV-YSLF-YRLDVVQINENQGNRSNNS------------------------------------------NTSYRLI---NCNTSTI-T---QA, 0.4132, 0
1.491952, -114.9261, 14, POINT, I, VKLTTLCVTNNCTNITNNITN-------------------------------------DMTGELKN----CSFNM-T-TN--LRD-KK-QKV-YSLF-YRLDVVQINENQGNRSNNS------------------------------------------NTSYRLI---NCNTSTI-T---QA, 0.0650, 0
1.497808, -118.2028, 84, POINT, N, VKLTTLCVTNNCTNVTNNITN-------------------------------------DMTGELKN----CSFNM-T-TN--LRN-KK-QKV-YSLF-YRLDVVQINENQGNRSNNS------------------------------------------NTSYRLI---NCNTSTI-T---QA, 0.0658, 0
1.483196, -116.9407, 18, POINT, S, VKLTTLCVTNNCTNVTNNSTN-------------------------------------DMTGELKN----CSFNM-T-TE--LRD-KK-QKV-YSLF-YRLDVVQINENQGNRSNNS------------------------------------------NTSYRLI---NCNTSTI-T---QA, 0.0658, 1
1.493704, -113.6384, 99, POINT, N, VKLTTLCVTNNCTNVTNNSTN-------------------------------------DMTGELKN----CSFNM-T-TE--LRD-KK-QKV-YSLF-YNLDVVQINENQGNRSNNS------------------------------------------NTSYRLI---NCNTSTI-T---QA, 0.0669, 0
1.500361, -79.1775, 74, POINT, I, VKLTTLCVTNNCTNVTNNSTN-------------------------------------DMTGELKN----CSFNI-T-TE--LRD-KK-QKV-YSLF-YRLDVVQINENQGNRSNNS------------------------------------------NTSYRLI---NCNTSTI-T---QA, 0.3003, 0
1.524403, -116.1149, [109, 110, 111], CHUNK, ['N', 'S', 'S'], VKLTTLCVTNNCTNVTNNSTN-------------------------------------DMTGELKN----CSFNM-T-TE--LRD-KK-QKV-YSLF-YRLDVVQINENNSSRSNNS------------------------------------------NTSYRLI---NCNTSTI-T---QA, 0.0658, 0
1.508564, -114.5652, 58, POINT, T, VKLTTLCVTNNCTNVTNNSTN-------------------------------------TMTGELKN----CSFNM-T-TE--LRD-KK-QKV-YSLF-YRLDVVQINENQGNRSNNS------------------------------------------NTSYRLI---NCNTSTI-T---QA, 0.0658, 0
1.501272, -114.0347, [74], CHUNK, ['T'], VKLTTLCVTNNCTNVTNNITN-------------------------------------DMTGELKN----CSFNT-T-TE--LRD-KK-QKV-YSLF-YRLDVVQINENQGNRSNNS------------------------------------------NTSYRLI---NCNTSTI-T---QA, 0.0658, 0
1.486736, -116.3341, [99], CHUNK, ['T'], VKLTTLCVTNNCTNVTNNITN-------------------------------------DMTGELKN----CSFNM-T-TE--LRD-KK-QKV-YSLF-YTLDVVQINENQGNRSNNS------------------------------------------NTSYRLI---NCNTSTI-T---QA, 0.0658, 1
1.506236, -115.6108, 79, POINT, N, VKLTTLCVTNNCTNVTNNITN-------------------------------------DMTGELKN----CSFNM-T-TN--LRD-KK-QKV-YSLF-YTLDVVQINENQGNRSNNS------------------------------------------NTSYRLI---NCNTSTI-T---QA, 0.0658, 1
1.507574, -115.5832, 182, POINT, T, VKLTTLCVTNNCTNVTNNITN-------------------------------------DMTGELKN----CSFNM-T-TN--LRD-KK-QKV-YSLF-YTLDVVQINENQGNRSNNS------------------------------------------NTSYRLI---NCNTSTI-T---QT, 0.0751, 1
1.556581, -114.7297, [107, 108, 109, 112], CHUNK, ['D', 'S', 'N', 'S'], VKLTTLCVTNNCTNVTNNITN-------------------------------------DMTGELKN----CSFNM-T-TN--LRD-KK-QKV-YSLF-YTLDVVQINDSNGNSSNNS------------------------------------------NTSYRLI---NCNTSTI-T---QT, 0.0751, 1
1.572994, -114.2594, [116], CHUNK, ['T'], VKLTTLCVTNNCTNVTNNITN-------------------------------------DMTGELKN----CSFNM-T-TN--LRD-KK-QKV-YSLF-YTLDVVQINDSNGNSSNNT------------------------------------------NTSYRLI---NCNTSTI-T---QT, 0.0751, 0
1.559712, -114.2962, [91, 94], CHUNK, ['E', 'A'], VKLTTLCVTNNCTNVTNNITN-------------------------------------DMTGELKN----CSFNM-T-TN--LRD-KK-QKE-YALF-YTLDVVQINDSNGNSSNNS------------------------------------------NTSYRLI---NCNTSTI-T---QT, 0.1418, 0
1.567253, -114.4402, 59, POINT, V, VKLTTLCVTNNCTNVTNNITN-------------------------------------DVTGELKN----CSFNM-T-TN--LRD-KK-QKV-YSLF-YTLDVVQINDSNGNSSNNS------------------------------------------NTSYRLI---NCNTSTI-T---QT, 0.0855, 0
1.590720, -110.3928, [74], CHUNK, ['T'], VKLTTLCVTNNCTNVTNNITN-------------------------------------DMTGELKN----CSFNT-T-TN--LRD-KK-QKV-YSLF-YTLDVVQINDSNGNSSNNS------------------------------------------NTSYRLI---NCNTSTI-T---QT, 0.0751, 0
1.529796, -116.0335, [113, 116], CHUNK, ['N', 'T'], VKLTTLCVTNNCTNVTNNITN-------------------------------------DMTGELKN----CSFNM-T-TN--LRD-KK-QKV-YSLF-YTLDVVQINENQGNRNNNT------------------------------------------NTSYRLI---NCNTSTI-T---QT, 0.0751, 0
1.527277, -68.8751, [74], CHUNK, ['I'], VKLTTLCVTNNCTNVTNNITN-------------------------------------DMTGELKN----CSFNI-T-TN--LRD-KK-QKV-YSLF-YTLDVVQINENQGNRSNNS------------------------------------------NTSYRLI---NCNTSTI-T---QT, 0.5915, 0
1.511713, -115.8492, 104, POINT, P, VKLTTLCVTNNCTNVTNNITN-------------------------------------DMTGELKN----CSFNM-T-TN--LRD-KK-QKV-YSLF-YTLDVVPINENQGNRSNNS------------------------------------------NTSYRLI---NCNTSTI-T---QT, 0.0751, 0
1.512671, -115.5683, 107, POINT, D, VKLTTLCVTNNCTNVTNNITN-------------------------------------DMTGELKN----CSFNM-T-TN--LRD-KK-QKV-YSLF-YTLDVVQINDNQGNRSNNS------------------------------------------NTSYRLI---NCNTSTI-T---QT, 0.0751, 0
1.525939, -83.0686, 74, POINT, I, VKLTTLCVTNNCTNVTNNITN-------------------------------------DMTGELKN----CSFNI-T-TN--LRD-KK-QKV-YSLF-YTLDVVQINENQGNRSNNS------------------------------------------NTSYRLI---NCNTSTI-T---QA, 0.4198, 0
1.515724, -115.8257, 101, POINT, N, VKLTTLCVTNNCTNVTNNITN-------------------------------------DMTGELKN----CSFNM-T-TN--LRD-KK-QKV-YSLF-YTLNVVQINENQGNRSNNS------------------------------------------NTSYRLI---NCNTSTI-T---QA, 0.0658, 0
1.513849, -31.1647, [82, 83, 84], CHUNK, ['I', 'G', 'N'], VKLTTLCVTNNCTNVTNNITN-------------------------------------DMTGELKN----CSFNM-T-TN--IGN-KK-QKV-YSLF-YTLDVVQINENQGNRSNNS------------------------------------------NTSYRLI---NCNTSTI-T---QA, 0.2703, 0
1.527112, -25.0481, [82, 83], CHUNK, ['V', 'T'], VKLTTLCVTNNCTNVTNNITN-------------------------------------DMTGELKN----CSFNM-T-TN--VTD-KK-QKV-YSLF-YTLDVVQINENQGNRSNNS------------------------------------------NTSYRLI---NCNTSTI-T---QA, 0.0658, 0
1.518459, -112.0820, [74], CHUNK, ['T'], VKLTTLCVTNNCTNVTNNITN-------------------------------------DMTGELKN----CSFNT-T-TE--LRD-KK-QKV-YSLF-YTLDVVQINENQGNRSNNS------------------------------------------NTSYRLI---NCNTSTI-T---QA, 0.0658, 0
1.500936, -117.7669, 163, POINT, T, VKLTTLCVTNNCTNVTNNITN-------------------------------------DMTGELKN----CSFNM-T-TE--LRD-KK-QKV-YSLF-YTLDVVQINENQGNRSNNS------------------------------------------NTSYTLI---NCNTSTI-T---QA, 0.0658, 0
1.521419, -116.1187, 109, POINT, N, VKLTTLCVTNNCTNVTNNITN-------------------------------------DMTGELKN----CSFNM-T-TE--LRD-KK-QKV-YSLF-YTLDVVQINENNGNRSNNS------------------------------------------NTSYRLI---NCNTSTI-T---QA, 0.0665, 0
1.499463, -113.6710, 98, POINT, N, VKLTTLCVTNNCTNVTNNITN-------------------------------------DMTGELKN----CSFNM-T-TE--LRD-KK-QKV-YSLF-NTLDVVQINENQGNRSNNS------------------------------------------NTSYRLI---NCNTSTI-T---QA, 0.0658, 0
1.489049, -117.5635, 79, POINT, N, VKLTTLCVTNNCTNVTNNITN-------------------------------------DMTGELKN----CSFNM-T-TN--LRD-KK-QKV-YSLF-YRLDVVQINENQGNRSNNS------------------------------------------NTSYRLI---NCNTSTI-T---QA, 0.0658, 0
1.482267, -117.6656, 58, POINT, S, VKLTTLCVTNNCTNVTNNITN-------------------------------------SMTGELKN----CSFNM-T-TE--LRD-KK-QKV-YSLF-YRLDVVQINENQGNRSNNS------------------------------------------NTSYRLI---NCNTSTI-T---QA, 0.0705, 1
1.513989, -113.4486, [74], CHUNK, ['T'], VKLTTLCVTNNCTNVTNNITN-------------------------------------SMTGELKN----CSFNT-T-TE--LRD-KK-QKV-YSLF-YRLDVVQINENQGNRSNNS------------------------------------------NTSYRLI---NCNTSTI-T---QA, 0.0705, 1
1.522725, -114.0879, 84, POINT, N, VKLTTLCVTNNCTNVTNNITN-------------------------------------SMTGELKN----CSFNT-T-TE--LRN-KK-QKV-YSLF-YRLDVVQINENQGNRSNNS------------------------------------------NTSYRLI---NCNTSTI-T---QA, 0.0705, 0
1.526783, -109.2682, [87], CHUNK, ['N'], VKLTTLCVTNNCTNVTNNITN-------------------------------------SMTGELKN----CSFNT-T-TE--LRD-KN-QKV-YSLF-YRLDVVQINENQGNRSNNS------------------------------------------NTSYRLI---NCNTSTI-T---QA, 0.0705, 0
1.537264, -113.5532, 107, POINT, N, VKLTTLCVTNNCTNVTNNITN-------------------------------------SMTGELKN----CSFNT-T-TE--LRD-KK-QKV-YSLF-YRLDVVQINNNQGNRSNNS------------------------------------------NTSYRLI---NCNTSTI-T---QA, 0.0705, 0
1.526939, -112.5756, 62, POINT, T, VKLTTLCVTNNCTNVTNNITN-------------------------------------SMTGTLKN----CSFNT-T-TE--LRD-KK-QKV-YSLF-YRLDVVQINENQGNRSNNS------------------------------------------NTSYRLI---NCNTSTI-T---QA, 0.0705, 0
1.492404, -115.9961, 58, POINT, T, VKLTTLCVTNNCTNVTNNITN-------------------------------------TMTGELKN----CSFNM-T-TE--LRD-KK-QKV-YSLF-YRLDVVQINENQGNRSNNS------------------------------------------NTSYRLI---NCNTSTI-T---QA, 0.0705, 1
1.509569, -72.5120, [74], CHUNK, ['I'], VKLTTLCVTNNCTNVTNNITN-------------------------------------TMTGELKN----CSFNI-T-TE--LRD-KK-QKV-YSLF-YRLDVVQINENQGNRSNNS------------------------------------------NTSYRLI---NCNTSTI-T---QA, 0.3407, 0
1.500846, -116.6353, 84, POINT, N, VKLTTLCVTNNCTNVTNNITN-------------------------------------TMTGELKN----CSFNM-T-TE--LRN-KK-QKV-YSLF-YRLDVVQINENQGNRSNNS------------------------------------------NTSYRLI---NCNTSTI-T---QA, 0.0705, 0
1.508564, -114.6465, 18, POINT, S, VKLTTLCVTNNCTNVTNNSTN-------------------------------------TMTGELKN----CSFNM-T-TE--LRD-KK-QKV-YSLF-YRLDVVQINENQGNRSNNS------------------------------------------NTSYRLI---NCNTSTI-T---QA, 0.0705, 0
1.498920, -113.8847, [99], CHUNK, ['K'], VKLTTLCVTNNCTNVTNNITN-------------------------------------TMTGELKN----CSFNM-T-TE--LRD-KK-QKV-YSLF-YKLDVVQINENQGNRSNNS------------------------------------------NTSYRLI---NCNTSTI-T---QA, 0.0705, 1
1.530642, -109.6677, [74], CHUNK, ['T'], VKLTTLCVTNNCTNVTNNITN-------------------------------------TMTGELKN----CSFNT-T-TE--LRD-KK-QKV-YSLF-YKLDVVQINENQGNRSNNS------------------------------------------NTSYRLI---NCNTSTI-T---QA, 0.0705, 0
1.516085, -73.2489, [74], CHUNK, ['I'], VKLTTLCVTNNCTNVTNNITN-------------------------------------TMTGELKN----CSFNI-T-TE--LRD-KK-QKV-YSLF-YKLDVVQINENQGNRSNNS------------------------------------------NTSYRLI---NCNTSTI-T---QA, 0.4178, 0
1.504820, -114.1472, 59, POINT, E, VKLTTLCVTNNCTNVTNNITN-------------------------------------TETGELKN----CSFNM-T-TE--LRD-KK-QKV-YSLF-YKLDVVQINENQGNRSNNS------------------------------------------NTSYRLI---NCNTSTI-T---QA, 0.0742, 0
1.514650, -100.1850, [74], CHUNK, ['V'], VKLTTLCVTNNCTNVTNNITN-------------------------------------TMTGELKN----CSFNV-T-TE--LRD-KK-QKV-YSLF-YKLDVVQINENQGNRSNNS------------------------------------------NTSYRLI---NCNTSTI-T---QA, 0.2360, 0
1.508135, -100.4502, [74], CHUNK, ['V'], VKLTTLCVTNNCTNVTNNITN-------------------------------------TMTGELKN----CSFNV-T-TE--LRD-KK-QKV-YSLF-YRLDVVQINENQGNRSNNS------------------------------------------NTSYRLI---NCNTSTI-T---QA, 0.2445, 0
1.508135, -94.8378, 74, POINT, V, VKLTTLCVTNNCTNVTNNITN-------------------------------------TMTGELKN----CSFNV-T-TE--LRD-KK-QKV-YSLF-YRLDVVQINENQGNRSNNS------------------------------------------NTSYRLI---NCNTSTI-T---QA, 0.2998, 0
1.507455, -115.0991, 104, POINT, S, VKLTTLCVTNNCTNVTNNITN-------------------------------------TMTGELKN----CSFNM-T-TE--LRD-KK-QKV-YSLF-YRLDVVSINENQGNRSNNS------------------------------------------NTSYRLI---NCNTSTI-T---QA, 0.0705, 1
1.524978, -113.1600, 99, POINT, T, VKLTTLCVTNNCTNVTNNITN-------------------------------------TMTGELKN----CSFNM-T-TE--LRD-KK-QKV-YSLF-YTLDVVSINENQGNRSNNS------------------------------------------NTSYRLI---NCNTSTI-T---QA, 0.0705, 0
1.523615, -113.9351, 18, POINT, S, VKLTTLCVTNNCTNVTNNSTN-------------------------------------TMTGELKN----CSFNM-T-TE--LRD-KK-QKV-YSLF-YRLDVVSINENQGNRSNNS------------------------------------------NTSYRLI---NCNTSTI-T---QA, 0.0913, 1
1.540780, -79.5654, 74, POINT, I, VKLTTLCVTNNCTNVTNNSTN-------------------------------------TMTGELKN----CSFNI-T-TE--LRD-KK-QKV-YSLF-YRLDVVSINENQGNRSNNS------------------------------------------NTSYRLI---NCNTSTI-T---QA, 0.4409, 0
1.569878, -114.0219, [106, 107, 108, 109, 110], CHUNK, ['D', 'N', 'D', 'N', 'T'], VKLTTLCVTNNCTNVTNNSTN-------------------------------------TMTGELKN----CSFNM-T-TE--LRD-KK-QKV-YSLF-YRLDVVSIDNDNTNRSNNS------------------------------------------NTSYRLI---NCNTSTI-T---QA, 0.0906, 0
1.529499, -111.2771, 98, POINT, N, VKLTTLCVTNNCTNVTNNSTN-------------------------------------TMTGELKN----CSFNM-T-TE--LRD-KK-QKV-YSLF-NRLDVVSINENQGNRSNNS------------------------------------------NTSYRLI---NCNTSTI-T---QA, 0.0913, 1
1.531563, -110.6131, 162, POINT, S, VKLTTLCVTNNCTNVTNNSTN-------------------------------------TMTGELKN----CSFNM-T-TE--LRD-KK-QKV-YSLF-NRLDVVSINENQGNRSNNS------------------------------------------NTSSRLI---NCNTSTI-T---QA, 0.0913, 0
1.564638, -110.9870, 109, POINT, N, VKLTTLCVTNNCTNVTNNSTN-------------------------------------TMTGELKN----CSFNM-T-TE--LRD-KK-QKV-YSLF-NRLDVVSINENNGNRSNNS------------------------------------------NTSYRLI---NCNTSTI-T---QA, 0.0913, 0
1.546664, -81.2179, 74, POINT, I, VKLTTLCVTNNCTNVTNNSTN-------------------------------------TMTGELKN----CSFNI-T-TE--LRD-KK-QKV-YSLF-NRLDVVSINENQGNRSNNS------------------------------------------NTSYRLI---NCNTSTI-T---QA, 0.4228, 0
1.543630, -110.3200, 62, POINT, T, VKLTTLCVTNNCTNVTNNSTN-------------------------------------TMTGTLKN----CSFNM-T-TE--LRD-KK-QKV-YSLF-NRLDVVSINENQGNRSNNS------------------------------------------NTSYRLI---NCNTSTI-T---QA, 0.0789, 0
1.525053, -114.1196, 94, POINT, A, VKLTTLCVTNNCTNVTNNSTN-------------------------------------TMTGELKN----CSFNM-T-TE--LRD-KK-QKV-YALF-YRLDVVSINENQGNRSNNS------------------------------------------NTSYRLI---NCNTSTI-T---QA, 0.0921, 0
1.551034, -85.8371, [74, 79], CHUNK, ['I', 'S'], VKLTTLCVTNNCTNVTNNSTN-------------------------------------TMTGELKN----CSFNI-T-TS--LRD-KK-QKV-YSLF-YRLDVVSINENQGNRSNNS------------------------------------------NTSYRLI---NCNTSTI-T---QA, 0.4143, 0
1.530808, -112.4693, 63, POINT, I, VKLTTLCVTNNCTNVTNNSTN-------------------------------------TMTGEIKN----CSFNM-T-TE--LRD-KK-QKV-YSLF-YRLDVVSINENQGNRSNNS------------------------------------------NTSYRLI---NCNTSTI-T---QA, 0.0878, 0
1.554320, -115.3837, 110, POINT, N, VKLTTLCVTNNCTNVTNNSTN-------------------------------------TMTGELKN----CSFNM-T-TE--LRD-KK-QKV-YSLF-YRLDVVSINENQNNRSNNS------------------------------------------NTSYRLI---NCNTSTI-T---QA, 0.0913, 1
1.563870, -114.8338, [79], CHUNK, ['S'], VKLTTLCVTNNCTNVTNNSTN-------------------------------------TMTGELKN----CSFNM-T-TS--LRD-KK-QKV-YSLF-YRLDVVSINENQNNRSNNS------------------------------------------NTSYRLI---NCNTSTI-T---QA, 0.0935, 0
1.556571, -113.8753, 91, POINT, E, VKLTTLCVTNNCTNVTNNSTN-------------------------------------TMTGELKN----CSFNM-T-TE--LRD-KK-QKE-YSLF-YRLDVVSINENQNNRSNNS------------------------------------------NTSYRLI---NCNTSTI-T---QA, 0.0913, 0
1.570461, -113.1513, [87, 89, 91], CHUNK, ['T', 'K', 'E'], VKLTTLCVTNNCTNVTNNSTN-------------------------------------TMTGELKN----CSFNM-T-TE--LRD-KT-KKE-YSLF-YRLDVVSINENQNNRSNNS------------------------------------------NTSYRLI---NCNTSTI-T---QA, 0.0913, 0
1.559095, -114.5757, 86, POINT, T, VKLTTLCVTNNCTNVTNNSTN-------------------------------------TMTGELKN----CSFNM-T-TE--LRD-TK-QKV-YSLF-YRLDVVSINENQNNRSNNS------------------------------------------NTSYRLI---NCNTSTI-T---QA, 0.0972, 0
1.555338, -109.7800, [74], CHUNK, ['T'], VKLTTLCVTNNCTNVTNNSTN-------------------------------------TMTGELKN----CSFNT-T-TE--LRD-KK-QKV-YSLF-YRLDVVSINENQGNRSNNS------------------------------------------NTSYRLI---NCNTSTI-T---QA, 0.0967, 0
1.540780, -70.1947, 74, POINT, I, VKLTTLCVTNNCTNVTNNSTN-------------------------------------TMTGELKN----CSFNI-T-TE--LRD-KK-QKV-YSLF-YRLDVVSINENQGNRSNNS------------------------------------------NTSYRLI---NCNTSTI-T---QA, 0.2206, 0
1.525730, -110.2171, [94, 95, 99], CHUNK, ['A', 'N', 'K'], VKLTTLCVTNNCTNVTNNSTN-------------------------------------TMTGELKN----CSFNM-T-TE--LRD-KK-QKV-YANF-YKLDVVSINENQGNRSNNS------------------------------------------NTSYRLI---NCNTSTI-T---QA, 0.1017, 0
1.537814, -115.2887, 163, POINT, T, VKLTTLCVTNNCTNVTNNSTN-------------------------------------TMTGELKN----CSFNM-T-TE--LRD-KK-QKV-YSLF-YRLDVVSINENQGNRSNNS------------------------------------------NTSYTLI---NCNTSTI-T---QA, 0.0913, 0
1.526955, -114.3758, [79], CHUNK, ['N'], VKLTTLCVTNNCTNVTNNITN-------------------------------------TMTGELKN----CSFNM-T-TN--LRD-KK-QKV-YSLF-YRLDVVSINENQGNRSNNS------------------------------------------NTSYRLI---NCNTSTI-T---QA, 0.0705, 0
1.524681, -113.5498, [94, 99], CHUNK, ['A', 'T'], VKLTTLCVTNNCTNVTNNITN-------------------------------------TMTGELKN----CSFNM-T-TE--LRD-KK-QKV-YALF-YTLDVVSINENQGNRSNNS------------------------------------------NTSYRLI---NCNTSTI-T---QA, 0.0987, 0
1.526955, -114.3758, 79, POINT, N, VKLTTLCVTNNCTNVTNNITN-------------------------------------TMTGELKN----CSFNM-T-TN--LRD-KK-QKV-YSLF-YRLDVVSINENQGNRSNNS------------------------------------------NTSYRLI---NCNTSTI-T---QA, 0.0705, 0
1.543079, -113.5692, [105, 106, 107, 109], CHUNK, ['T', 'D', 'S', 'N'], VKLTTLCVTNNCTNVTNNITN-------------------------------------TMTGELKN----CSFNM-T-TE--LRD-KK-QKV-YSLF-YRLDVVSTDSNNGNRSNNS------------------------------------------NTSYRLI---NCNTSTI-T---QA, 0.0705, 1
1.557459, -114.2864, 107, POINT, N, VKLTTLCVTNNCTNVTNNITN-------------------------------------TMTGELKN----CSFNM-T-TE--LRD-KK-QKV-YSLF-YRLDVVSTDNNNGNRSNNS------------------------------------------NTSYRLI---NCNTSTI-T---QA, 0.0705, 0
1.581760, -112.6057, 59, POINT, T, VKLTTLCVTNNCTNVTNNITN-------------------------------------TTTGELKN----CSFNM-T-TE--LRD-KK-QKV-YSLF-YRLDVVSTDSNNGNRSNNS------------------------------------------NTSYRLI---NCNTSTI-T---QA, 0.0705, 0
1.564834, -114.5025, 110, POINT, S, VKLTTLCVTNNCTNVTNNITN-------------------------------------TMTGELKN----CSFNM-T-TE--LRD-KK-QKV-YSLF-YRLDVVSTDSNNSNRSNNS------------------------------------------NTSYRLI---NCNTSTI-T---QA, 0.1020, 1
1.590327, -7.1867, [79, 82], CHUNK, ['N', 'I'], VKLTTLCVTNNCTNVTNNITN-------------------------------------TMTGELKN----CSFNM-T-TN--IRD-KK-QKV-YSLF-YRLDVVSTDSNNSNRSNNS------------------------------------------NTSYRLI---NCNTSTI-T---QA, 0.2540, 0
1.581999, -85.3664, [74], CHUNK, ['I'], VKLTTLCVTNNCTNVTNNITN-------------------------------------TMTGELKN----CSFNI-T-TE--LRD-KK-QKV-YSLF-YRLDVVSTDSNNSNRSNNS------------------------------------------NTSYRLI---NCNTSTI-T---QA, 0.5358, 0
1.581999, -87.0039, [74], CHUNK, ['I'], VKLTTLCVTNNCTNVTNNITN-------------------------------------TMTGELKN----CSFNI-T-TE--LRD-KK-QKV-YSLF-YRLDVVSTDSNNSNRSNNS------------------------------------------NTSYRLI---NCNTSTI-T---QA, 0.6726, 0
1.574739, -112.3350, 165, POINT, T, VKLTTLCVTNNCTNVTNNITN-------------------------------------TMTGELKN----CSFNM-T-TE--LRD-KK-QKV-YSLF-YRLDVVSTDSNNSNRSNNS------------------------------------------NTSYRLT---NCNTSTI-T---QA, 0.1020, 0
1.551521, -114.2085, 84, POINT, N, VKLTTLCVTNNCTNVTNNITN-------------------------------------TMTGELKN----CSFNM-T-TE--LRN-KK-QKV-YSLF-YRLDVVSTDSNNGNRSNNS------------------------------------------NTSYRLI---NCNTSTI-T---QA, 0.0705, 0
1.550271, -112.1737, [63], CHUNK, ['I'], VKLTTLCVTNNCTNVTNNITN-------------------------------------TMTGEIKN----CSFNM-T-TE--LRD-KK-QKV-YSLF-YRLDVVSTDSNNGNRSNNS------------------------------------------NTSYRLI---NCNTSTI-T---QA, 0.0703, 0
1.571301, -113.6258, 106, POINT, N, VKLTTLCVTNNCTNVTNNITN-------------------------------------TMTGELKN----CSFNM-T-TE--LRD-KK-QKV-YSLF-YRLDVVSTNSNNGNRSNNS------------------------------------------NTSYRLI---NCNTSTI-T---QA, 0.0705, 0
1.560244, -72.8228, 74, POINT, I, VKLTTLCVTNNCTNVTNNITN-------------------------------------TMTGELKN----CSFNI-T-TE--LRD-KK-QKV-YSLF-YRLDVVSTDSNNGNRSNNS------------------------------------------NTSYRLI---NCNTSTI-T---QA, 0.4314, 0
1.515898, -115.7384, 84, POINT, N, VKLTTLCVTNNCTNVTNNITN-------------------------------------TMTGELKN----CSFNM-T-TE--LRN-KK-QKV-YSLF-YRLDVVSINENQGNRSNNS------------------------------------------NTSYRLI---NCNTSTI-T---QA, 0.0705, 0
1.530997, -115.2037, 107, POINT, N, VKLTTLCVTNNCTNVTNNITN-------------------------------------TMTGELKN----CSFNM-T-TE--LRD-KK-QKV-YSLF-YRLDVVSINNNQGNRSNNS------------------------------------------NTSYRLI---NCNTSTI-T---QA, 0.0705, 0
1.511894, -112.6237, 99, POINT, S, VKLTTLCVTNNCTNVTNNITN-------------------------------------TMTGELKN----CSFNM-T-TE--LRD-KK-QKV-YSLF-YSLDVVSINENQGNRSNNS------------------------------------------NTSYRLI---NCNTSTI-T---QA, 0.0705, 0
1.530997, -115.2037, 107, POINT, N, VKLTTLCVTNNCTNVTNNITN-------------------------------------TMTGELKN----CSFNM-T-TE--LRD-KK-QKV-YSLF-YRLDVVSINNNQGNRSNNS------------------------------------------NTSYRLI---NCNTSTI-T---QA, 0.0705, 0
1.519739, -114.4761, 18, POINT, T, VKLTTLCVTNNCTNVTNNTTN-------------------------------------TMTGELKN----CSFNM-T-TE--LRD-KK-QKV-YSLF-YRLDVVQINENQGNRSNNS------------------------------------------NTSYRLI---NCNTSTI-T---QA, 0.0705, 0
1.509569, -80.7217, 74, POINT, I, VKLTTLCVTNNCTNVTNNITN-------------------------------------TMTGELKN----CSFNI-T-TE--LRD-KK-QKV-YSLF-YRLDVVQINENQGNRSNNS------------------------------------------NTSYRLI---NCNTSTI-T---QA, 0.3469, 0
1.509569, -80.5949, [74], CHUNK, ['I'], VKLTTLCVTNNCTNVTNNITN-------------------------------------TMTGELKN----CSFNI-T-TE--LRD-KK-QKV-YSLF-YRLDVVQINENQGNRSNNS------------------------------------------NTSYRLI---NCNTSTI-T---QA, 0.4573, 0
1.509569, -66.8833, 74, POINT, I, VKLTTLCVTNNCTNVTNNITN-------------------------------------TMTGELKN----CSFNI-T-TE--LRD-KK-QKV-YSLF-YRLDVVQINENQGNRSNNS------------------------------------------NTSYRLI---NCNTSTI-T---QA, 0.3074, 0
1.516949, -117.3085, 109, POINT, N, VKLTTLCVTNNCTNVTNNITN-------------------------------------SMTGELKN----CSFNM-T-TE--LRD-KK-QKV-YSLF-YRLDVVQINENNGNRSNNS------------------------------------------NTSYRLI---NCNTSTI-T---QA, 0.0705, 0
1.499432, -86.9077, [74], CHUNK, ['I'], VKLTTLCVTNNCTNVTNNITN-------------------------------------SMTGELKN----CSFNI-T-TE--LRD-KK-QKV-YSLF-YRLDVVQINENQGNRSNNS------------------------------------------NTSYRLI---NCNTSTI-T---QA, 0.8021, 0
1.507760, -4.4027, [79, 82], CHUNK, ['N', 'I'], VKLTTLCVTNNCTNVTNNITN-------------------------------------SMTGELKN----CSFNM-T-TN--IRD-KK-QKV-YSLF-YRLDVVQINENQGNRSNNS------------------------------------------NTSYRLI---NCNTSTI-T---QA, 0.1790, 0
1.501766, -116.9423, 79, POINT, N, VKLTTLCVTNNCTNVTNNITN-------------------------------------SMTGELKN----CSFNM-T-TN--LRD-KK-QKV-YSLF-YRLDVVQINENQGNRSNNS------------------------------------------NTSYRLI---NCNTSTI-T---QA, 0.0705, 0
