Name base = V1V2_200_sq_3_7_ni
Iters = 200
Soft coverage = 1.31203964383
Energy = -128.811820797
Hard Covereage = 0.0368019545157
Num epitopes = 65
Initial seq = VKLTPLCVTLQCTNVTNNITD-------------------------------------DMRGELKN----CSFNM-T-TE--LRD-KK-QKV-YSLF-YRLDVVQINENQGNRSNNS------------------------------------------NKEYRLI---NCNTSAI-T---QA
-------START OF DATA------
1.351243, -81.5495, [74, 79], CHUNK, ['I', 'N'], VKLTPLCVTLQCTNVTNNITD-------------------------------------DMRGELKN----CSFNI-T-TN--LRD-KK-QKV-YSLF-YRLDVVQINENQGNRSNNS------------------------------------------NKEYRLI---NCNTSAI-T---QA, 0.2913, 0
1.357672, -9.3743, [74, 79, 82], CHUNK, ['I', 'N', 'I'], VKLTPLCVTLQCTNVTNNITD-------------------------------------DMRGELKN----CSFNI-T-TN--IRD-KK-QKV-YSLF-YRLDVVQINENQGNRSNNS------------------------------------------NKEYRLI---NCNTSAI-T---QA, 0.3735, 0
1.335067, -128.4057, 160, POINT, T, VKLTPLCVTLQCTNVTNNITD-------------------------------------DMRGELKN----CSFNM-T-TE--LRD-KK-QKV-YSLF-YRLDVVQINENQGNRSNNS------------------------------------------NTEYRLI---NCNTSAI-T---QA, 0.1476, 1
1.366789, -124.8796, [74], CHUNK, ['T'], VKLTPLCVTLQCTNVTNNITD-------------------------------------DMRGELKN----CSFNT-T-TE--LRD-KK-QKV-YSLF-YRLDVVQINENQGNRSNNS------------------------------------------NTEYRLI---NCNTSAI-T---QA, 0.1364, 0
1.384223, -129.1831, [10], CHUNK, ['N'], VKLTPLCVTLNCTNVTNNITD-------------------------------------DMRGELKN----CSFNM-T-TE--LRD-KK-QKV-YSLF-YRLDVVQINENQGNRSNNS------------------------------------------NTEYRLI---NCNTSAI-T---QA, 0.1432, 1
1.429585, -127.7686, [106, 107, 109], CHUNK, ['D', 'N', 'T'], VKLTPLCVTLNCTNVTNNITD-------------------------------------DMRGELKN----CSFNM-T-TE--LRD-KK-QKV-YSLF-YRLDVVQIDNNTGNRSNNS------------------------------------------NTEYRLI---NCNTSAI-T---QA, 0.1432, 0
1.415945, -125.4340, [74], CHUNK, ['T'], VKLTPLCVTLNCTNVTNNITD-------------------------------------DMRGELKN----CSFNT-T-TE--LRD-KK-QKV-YSLF-YRLDVVQINENQGNRSNNS------------------------------------------NTEYRLI---NCNTSAI-T---QA, 0.1425, 0
1.398924, -126.4789, 174, POINT, T, VKLTPLCVTLNCTNVTNNITD-------------------------------------DMRGELKN----CSFNM-T-TE--LRD-KK-QKV-YSLF-YRLDVVQINENQGNRSNNS------------------------------------------NTEYRLI---NCNTSTI-T---QA, 0.1394, 0
1.401388, -87.9618, 74, POINT, I, VKLTPLCVTLNCTNVTNNITD-------------------------------------DMRGELKN----CSFNI-T-TE--LRD-KK-QKV-YSLF-YRLDVVQINENQGNRSNNS------------------------------------------NTEYRLI---NCNTSAI-T---QA, 0.2525, 0
1.358341, -129.2505, 107, POINT, N, VKLTPLCVTLQCTNVTNNITD-------------------------------------DMRGELKN----CSFNM-T-TE--LRD-KK-QKV-YSLF-YRLDVVQINNNQGNRSNNS------------------------------------------NTEYRLI---NCNTSAI-T---QA, 0.1472, 1
1.383201, -41.9461, [74, 79, 82], CHUNK, ['I', 'S', 'V'], VKLTPLCVTLQCTNVTNNITD-------------------------------------DMRGELKN----CSFNI-T-TS--VRD-KK-QKV-YSLF-YRLDVVQINNNQGNRSNNS------------------------------------------NTEYRLI---NCNTSAI-T---QA, 0.5100, 0
1.383804, -112.6204, [74, 79], CHUNK, ['V', 'S'], VKLTPLCVTLQCTNVTNNITD-------------------------------------DMRGELKN----CSFNV-T-TS--LRD-KK-QKV-YSLF-YRLDVVQINNNQGNRSNNS------------------------------------------NTEYRLI---NCNTSAI-T---QA, 0.2368, 0
1.407497, -129.5983, 10, POINT, N, VKLTPLCVTLNCTNVTNNITD-------------------------------------DMRGELKN----CSFNM-T-TE--LRD-KK-QKV-YSLF-YRLDVVQINNNQGNRSNNS------------------------------------------NTEYRLI---NCNTSAI-T---QA, 0.1406, 1
1.426918, -129.9862, 20, POINT, N, VKLTPLCVTLNCTNVTNNITN-------------------------------------DMRGELKN----CSFNM-T-TE--LRD-KK-QKV-YSLF-YRLDVVQINNNQGNRSNNS------------------------------------------NTEYRLI---NCNTSAI-T---QA, 0.1406, 1
1.435226, -128.5671, 165, POINT, T, VKLTPLCVTLNCTNVTNNITN-------------------------------------DMRGELKN----CSFNM-T-TE--LRD-KK-QKV-YSLF-YRLDVVQINNNQGNRSNNS------------------------------------------NTEYRLT---NCNTSAI-T---QA, 0.1396, 1
1.460719, -7.8928, [79, 82], CHUNK, ['N', 'I'], VKLTPLCVTLNCTNVTNNITN-------------------------------------DMRGELKN----CSFNM-T-TN--IRD-KK-QKV-YSLF-YRLDVVQINNNQGNRSNNS------------------------------------------NTEYRLT---NCNTSAI-T---QA, 0.1536, 0
1.466765, -113.8567, [74, 79], CHUNK, ['V', 'T'], VKLTPLCVTLNCTNVTNNITN-------------------------------------DMRGELKN----CSFNV-T-TT--LRD-KK-QKV-YSLF-YRLDVVQINNNQGNRSNNS------------------------------------------NTEYRLT---NCNTSAI-T---QA, 0.1602, 0
1.440823, -128.7634, 101, POINT, N, VKLTPLCVTLNCTNVTNNITN-------------------------------------DMRGELKN----CSFNM-T-TE--LRD-KK-QKV-YSLF-YRLNVVQINNNQGNRSNNS------------------------------------------NTEYRLT---NCNTSAI-T---QA, 0.1396, 1
1.470810, 5.4505, [74, 79, 82], CHUNK, ['V', 'S', 'I'], VKLTPLCVTLNCTNVTNNITN-------------------------------------DMRGELKN----CSFNV-T-TS--IRD-KK-QKV-YSLF-YRLNVVQINNNQGNRSNNS------------------------------------------NTEYRLT---NCNTSAI-T---QA, 0.2871, 0
1.460323, -128.1451, 79, POINT, N, VKLTPLCVTLNCTNVTNNITN-------------------------------------DMRGELKN----CSFNM-T-TN--LRD-KK-QKV-YSLF-YRLNVVQINNNQGNRSNNS------------------------------------------NTEYRLT---NCNTSAI-T---QA, 0.1353, 1
1.482625, -127.6126, 103, POINT, T, VKLTPLCVTLNCTNVTNNITN-------------------------------------DMRGELKN----CSFNM-T-TN--LRD-KK-QKV-YSLF-YRLNVTQINNNQGNRSNNS------------------------------------------NTEYRLT---NCNTSAI-T---QA, 0.1334, 1
1.504155, -127.1621, 161, POINT, S, VKLTPLCVTLNCTNVTNNITN-------------------------------------DMRGELKN----CSFNM-T-TN--LRD-KK-QKV-YSLF-YRLNVTQINNNQGNRSNNS------------------------------------------NTSYRLT---NCNTSAI-T---QA, 0.1334, 1
1.527173, -126.0031, 18, POINT, T, VKLTPLCVTLNCTNVTNNTTN-------------------------------------DMRGELKN----CSFNM-T-TN--LRD-KK-QKV-YSLF-YRLNVTQINNNQGNRSNNS------------------------------------------NTSYRLT---NCNTSAI-T---QA, 0.1461, 1
1.541850, -123.3532, [174], CHUNK, ['T'], VKLTPLCVTLNCTNVTNNTTN-------------------------------------DMRGELKN----CSFNM-T-TN--LRD-KK-QKV-YSLF-YRLNVTQINNNQGNRSNNS------------------------------------------NTSYRLT---NCNTSTI-T---QA, 0.1461, 0
1.535093, -77.7374, [74, 79], CHUNK, ['I', 'S'], VKLTPLCVTLNCTNVTNNTTN-------------------------------------DMRGELKN----CSFNI-T-TS--LRD-KK-QKV-YSLF-YRLNVTQINNNQGNRSNNS------------------------------------------NTSYRLT---NCNTSAI-T---QA, 0.2373, 0
1.533387, -126.3030, 59, POINT, D, VKLTPLCVTLNCTNVTNNTTN-------------------------------------DDRGELKN----CSFNM-T-TN--LRD-KK-QKV-YSLF-YRLNVTQINNNQGNRSNNS------------------------------------------NTSYRLT---NCNTSAI-T---QA, 0.1461, 1
1.539327, -125.1151, 74, POINT, A, VKLTPLCVTLNCTNVTNNTTN-------------------------------------DDRGELKN----CSFNA-T-TN--LRD-KK-QKV-YSLF-YRLNVTQINNNQGNRSNNS------------------------------------------NTSYRLT---NCNTSAI-T---QA, 0.1461, 1
1.571332, -126.6073, 110, POINT, N, VKLTPLCVTLNCTNVTNNTTN-------------------------------------DDRGELKN----CSFNA-T-TN--LRD-KK-QKV-YSLF-YRLNVTQINNNQNNRSNNS------------------------------------------NTSYRLT---NCNTSAI-T---QA, 0.1461, 1
1.587117, -127.8771, 163, POINT, T, VKLTPLCVTLNCTNVTNNTTN-------------------------------------DDRGELKN----CSFNA-T-TN--LRD-KK-QKV-YSLF-YRLNVTQINNNQNNRSNNS------------------------------------------NTSYTLT---NCNTSAI-T---QA, 0.1461, 1
1.602207, -125.5972, 174, POINT, T, VKLTPLCVTLNCTNVTNNTTN-------------------------------------DDRGELKN----CSFNA-T-TN--LRD-KK-QKV-YSLF-YRLNVTQINNNQNNRSNNS------------------------------------------NTSYTLT---NCNTSTI-T---QA, 0.1498, 1
1.616990, -124.8268, 58, POINT, S, VKLTPLCVTLNCTNVTNNTTN-------------------------------------SDRGELKN----CSFNA-T-TN--LRD-KK-QKV-YSLF-YRLNVTQINNNQNNRSNNS------------------------------------------NTSYTLT---NCNTSTI-T---QA, 0.1295, 1
1.630753, -78.9657, [74], CHUNK, ['I'], VKLTPLCVTLNCTNVTNNTTN-------------------------------------SDRGELKN----CSFNI-T-TN--LRD-KK-QKV-YSLF-YRLNVTQINNNQNNRSNNS------------------------------------------NTSYTLT---NCNTSTI-T---QA, 0.3443, 0
1.623062, -123.2608, 63, POINT, I, VKLTPLCVTLNCTNVTNNTTN-------------------------------------SDRGEIKN----CSFNA-T-TN--LRD-KK-QKV-YSLF-YRLNVTQINNNQNNRSNNS------------------------------------------NTSYTLT---NCNTSTI-T---QA, 0.1295, 0
1.619064, -117.6221, 96, POINT, L, VKLTPLCVTLNCTNVTNNTTN-------------------------------------SDRGELKN----CSFNA-T-TN--LRD-KK-QKV-YSLL-YRLNVTQINNNQNNRSNNS------------------------------------------NTSYTLT---NCNTSTI-T---QA, 0.1302, 0
1.630753, -75.7792, [74], CHUNK, ['I'], VKLTPLCVTLNCTNVTNNTTN-------------------------------------SDRGELKN----CSFNI-T-TN--LRD-KK-QKV-YSLF-YRLNVTQINNNQNNRSNNS------------------------------------------NTSYTLT---NCNTSTI-T---QA, 0.2878, 0
1.649871, -124.6664, 109, POINT, T, VKLTPLCVTLNCTNVTNNTTN-------------------------------------DDRGELKN----CSFNA-T-TN--LRD-KK-QKV-YSLF-YRLNVTQINNNTNNRSNNS------------------------------------------NTSYTLT---NCNTSTI-T---QA, 0.1434, 1
1.663635, -77.4917, 74, POINT, I, VKLTPLCVTLNCTNVTNNTTN-------------------------------------DDRGELKN----CSFNI-T-TN--LRD-KK-QKV-YSLF-YRLNVTQINNNTNNRSNNS------------------------------------------NTSYTLT---NCNTSTI-T---QA, 0.3679, 0
1.676547, -124.8956, 58, POINT, N, VKLTPLCVTLNCTNVTNNTTN-------------------------------------NDRGELKN----CSFNA-T-TN--LRD-KK-QKV-YSLF-YRLNVTQINNNTNNRSNNS------------------------------------------NTSYTLT---NCNTSTI-T---QA, 0.1434, 0
1.681544, -104.8737, [59, 60, 61], CHUNK, ['L', 'K', 'N'], VKLTPLCVTLNCTNVTNNTTN-------------------------------------DLKNELKN----CSFNA-T-TN--LRD-KK-QKV-YSLF-YRLNVTQINNNTNNRSNNS------------------------------------------NTSYTLT---NCNTSTI-T---QA, 0.1450, 0
1.681350, -114.5627, [58, 59, 60, 63], CHUNK, ['S', 'S', 'I', 'V'], VKLTPLCVTLNCTNVTNNTTN-------------------------------------SSIGEVKN----CSFNA-T-TN--LRD-KK-QKV-YSLF-YRLNVTQINNNTNNRSNNS------------------------------------------NTSYTLT---NCNTSTI-T---QA, 0.1434, 0
1.617669, -125.1362, 89, POINT, T, VKLTPLCVTLNCTNVTNNTTN-------------------------------------DDRGELKN----CSFNA-T-TN--LRD-KK-TKV-YSLF-YRLNVTQINNNQNNRSNNS------------------------------------------NTSYTLT---NCNTSTI-T---QA, 0.1483, 0
1.615970, -78.7794, [74], CHUNK, ['I'], VKLTPLCVTLNCTNVTNNTTN-------------------------------------DDRGELKN----CSFNI-T-TN--LRD-KK-QKV-YSLF-YRLNVTQINNNQNNRSNNS------------------------------------------NTSYTLT---NCNTSTI-T---QA, 0.1842, 0
1.626122, -80.3263, [58, 59, 60, 61, 63], CHUNK, ['T', 'G', 'I', 'K', 'M'], VKLTPLCVTLNCTNVTNNTTN-------------------------------------TGIKEMKN----CSFNA-T-TN--LRD-KK-QKV-YSLF-YRLNVTQINNNQNNRSNNS------------------------------------------NTSYTLT---NCNTSTI-T---QA, 0.1498, 0
1.607779, -124.0337, 58, POINT, L, VKLTPLCVTLNCTNVTNNTTN-------------------------------------LDRGELKN----CSFNA-T-TN--LRD-KK-QKV-YSLF-YRLNVTQINNNQNNRSNNS------------------------------------------NTSYTLT---NCNTSTI-T---QA, 0.1550, 1
1.608963, -122.6861, 173, POINT, T, VKLTPLCVTLNCTNVTNNTTN-------------------------------------LDRGELKN----CSFNA-T-TN--LRD-KK-QKV-YSLF-YRLNVTQINNNQNNRSNNS------------------------------------------NTSYTLT---NCNTTTI-T---QA, 0.1550, 1
1.635505, -121.6966, 162, POINT, N, VKLTPLCVTLNCTNVTNNTTN-------------------------------------LDRGELKN----CSFNA-T-TN--LRD-KK-QKV-YSLF-YRLNVTQINNNQNNRSNNS------------------------------------------NTSNTLT---NCNTTTI-T---QA, 0.1550, 1
1.649268, -73.4460, [74], CHUNK, ['I'], VKLTPLCVTLNCTNVTNNTTN-------------------------------------LDRGELKN----CSFNI-T-TN--LRD-KK-QKV-YSLF-YRLNVTQINNNQNNRSNNS------------------------------------------NTSNTLT---NCNTTTI-T---QA, 0.5543, 0
1.647354, -107.5657, 74, POINT, V, VKLTPLCVTLNCTNVTNNTTN-------------------------------------LDRGELKN----CSFNV-T-TN--LRD-KK-QKV-YSLF-YRLNVTQINNNQNNRSNNS------------------------------------------NTSNTLT---NCNTTTI-T---QA, 0.2356, 0
1.651105, -116.9800, 82, POINT, T, VKLTPLCVTLNCTNVTNNTTN-------------------------------------LDRGELKN----CSFNA-T-TN--TRD-KK-QKV-YSLF-YRLNVTQINNNQNNRSNNS------------------------------------------NTSNTLT---NCNTTTI-T---QA, 0.1550, 0
1.647354, -106.0447, [74], CHUNK, ['V'], VKLTPLCVTLNCTNVTNNTTN-------------------------------------LDRGELKN----CSFNV-T-TN--LRD-KK-QKV-YSLF-YRLNVTQINNNQNNRSNNS------------------------------------------NTSNTLT---NCNTTTI-T---QA, 0.4383, 0
1.616982, -107.5036, [87, 89, 91, 94], CHUNK, ['I', 'K', 'E', 'A'], VKLTPLCVTLNCTNVTNNTTN-------------------------------------LDRGELKN----CSFNA-T-TN--LRD-KI-KKE-YALF-YRLNVTQINNNQNNRSNNS------------------------------------------NTSYTLT---NCNTTTI-T---QA, 0.2572, 0
1.617427, -119.0055, [59, 60, 63], CHUNK, ['E', 'K', 'I'], VKLTPLCVTLNCTNVTNNTTN-------------------------------------LEKGEIKN----CSFNA-T-TN--LRD-KK-QKV-YSLF-YRLNVTQINNNQNNRSNNS------------------------------------------NTSYTLT---NCNTTTI-T---QA, 0.1550, 0
1.620812, -109.4688, [74], CHUNK, ['V'], VKLTPLCVTLNCTNVTNNTTN-------------------------------------LDRGELKN----CSFNV-T-TN--LRD-KK-QKV-YSLF-YRLNVTQINNNQNNRSNNS------------------------------------------NTSYTLT---NCNTTTI-T---QA, 0.2573, 0
1.636296, -85.4650, [60, 61, 63], CHUNK, ['N', 'E', 'I'], VKLTPLCVTLNCTNVTNNTTN-------------------------------------LDNEEIKN----CSFNA-T-TN--LRD-KK-QKV-YSLF-YRLNVTQINNNQNNRSNNS------------------------------------------NTSYTLT---NCNTTTI-T---QA, 0.3311, 0
1.621542, -79.9794, 74, POINT, I, VKLTPLCVTLNCTNVTNNTTN-------------------------------------LDRGELKN----CSFNI-T-TN--LRD-KK-QKV-YSLF-YRLNVTQINNNQNNRSNNS------------------------------------------NTSYTLT---NCNTSTI-T---QA, 0.4856, 0
1.621542, -78.0521, [74], CHUNK, ['I'], VKLTPLCVTLNCTNVTNNTTN-------------------------------------LDRGELKN----CSFNI-T-TN--LRD-KK-QKV-YSLF-YRLNVTQINNNQNNRSNNS------------------------------------------NTSYTLT---NCNTSTI-T---QA, 0.6306, 0
1.621542, -98.4940, 74, POINT, I, VKLTPLCVTLNCTNVTNNTTN-------------------------------------LDRGELKN----CSFNI-T-TN--LRD-KK-QKV-YSLF-YRLNVTQINNNQNNRSNNS------------------------------------------NTSYTLT---NCNTSTI-T---QA, 0.6520, 0
1.611326, -124.1545, 4, POINT, T, VKLTTLCVTLNCTNVTNNTTN-------------------------------------LDRGELKN----CSFNA-T-TN--LRD-KK-QKV-YSLF-YRLNVTQINNNQNNRSNNS------------------------------------------NTSYTLT---NCNTSTI-T---QA, 0.1550, 0
1.615970, -106.8304, [74], CHUNK, ['I'], VKLTPLCVTLNCTNVTNNTTN-------------------------------------DDRGELKN----CSFNI-T-TN--LRD-KK-QKV-YSLF-YRLNVTQINNNQNNRSNNS------------------------------------------NTSYTLT---NCNTSTI-T---QA, 0.3539, 0
1.614056, -111.4728, 74, POINT, V, VKLTPLCVTLNCTNVTNNTTN-------------------------------------DDRGELKN----CSFNV-T-TN--LRD-KK-QKV-YSLF-YRLNVTQINNNQNNRSNNS------------------------------------------NTSYTLT---NCNTSTI-T---QA, 0.2619, 0
1.615970, -104.8686, [74], CHUNK, ['I'], VKLTPLCVTLNCTNVTNNTTN-------------------------------------DDRGELKN----CSFNI-T-TN--LRD-KK-QKV-YSLF-YRLNVTQINNNQNNRSNNS------------------------------------------NTSYTLT---NCNTSTI-T---QA, 0.4390, 0
1.608923, -125.4072, 89, POINT, K, VKLTPLCVTLNCTNVTNNTTN-------------------------------------DDRGELKN----CSFNA-T-TN--LRD-KK-KKV-YSLF-YRLNVTQINNNQNNRSNNS------------------------------------------NTSYTLT---NCNTSTI-T---QA, 0.1479, 1
1.626377, -124.9166, [116], CHUNK, ['T'], VKLTPLCVTLNCTNVTNNTTN-------------------------------------DDRGELKN----CSFNA-T-TN--LRD-KK-KKV-YSLF-YRLNVTQINNNQNNRSNNT------------------------------------------NTSYTLT---NCNTSTI-T---QA, 0.1479, 1
1.634663, -125.5750, 84, POINT, N, VKLTPLCVTLNCTNVTNNTTN-------------------------------------DDRGELKN----CSFNA-T-TN--LRN-KK-KKV-YSLF-YRLNVTQINNNQNNRSNNT------------------------------------------NTSYTLT---NCNTSTI-T---QA, 0.1540, 1
1.649446, -124.6710, 58, POINT, S, VKLTPLCVTLNCTNVTNNTTN-------------------------------------SDRGELKN----CSFNA-T-TN--LRN-KK-KKV-YSLF-YRLNVTQINNNQNNRSNNT------------------------------------------NTSYTLT---NCNTSTI-T---QA, 0.1545, 0
1.656966, -125.0031, 104, POINT, S, VKLTPLCVTLNCTNVTNNTTN-------------------------------------DDRGELKN----CSFNA-T-TN--LRN-KK-KKV-YSLF-YRLNVTSINNNQNNRSNNT------------------------------------------NTSYTLT---NCNTSTI-T---QA, 0.1471, 0
1.669632, -119.4800, [91, 94, 98, 99], CHUNK, ['D', 'A', 'N', 'T'], VKLTPLCVTLNCTNVTNNTTN-------------------------------------DDRGELKN----CSFNA-T-TN--LRN-KK-KKD-YALF-NTLNVTQINNNQNNRSNNT------------------------------------------NTSYTLT---NCNTSTI-T---QA, 0.1563, 1
1.684433, -112.1209, [74], CHUNK, ['I'], VKLTPLCVTLNCTNVTNNTTN-------------------------------------DDRGELKN----CSFNI-T-TN--LRN-KK-KKD-YALF-NTLNVTQINNNQNNRSNNT------------------------------------------NTSYTLT---NCNTSTI-T---QA, 0.1982, 0
1.676067, -115.9443, 72, POINT, S, VKLTPLCVTLNCTNVTNNTTN-------------------------------------DDRGELKN----CSSNA-T-TN--LRN-KK-KKD-YALF-NTLNVTQINNNQNNRSNNT------------------------------------------NTSYTLT---NCNTSTI-T---QA, 0.1563, 0
1.679130, -120.5387, 161, POINT, N, VKLTPLCVTLNCTNVTNNTTN-------------------------------------DDRGELKN----CSFNA-T-TN--LRN-KK-KKD-YALF-NTLNVTQINNNQNNRSNNT------------------------------------------NTNYTLT---NCNTSTI-T---QA, 0.1563, 0
1.696307, -119.7093, 58, POINT, N, VKLTPLCVTLNCTNVTNNTTN-------------------------------------NDRGELKN----CSFNA-T-TN--LRN-KK-KKD-YALF-NTLNVTQINNNQNNRSNNT------------------------------------------NTSYTLT---NCNTSTI-T---QA, 0.1563, 0
1.643232, -117.8804, 58, POINT, I, VKLTPLCVTLNCTNVTNNTTN-------------------------------------IDRGELKN----CSFNA-T-TN--LRN-KK-KKV-YSLF-YRLNVTQINNNQNNRSNNT------------------------------------------NTSYTLT---NCNTSTI-T---QA, 0.1894, 0
1.653968, -77.9564, [58, 59, 60, 61, 63], CHUNK, ['S', 'I', 'K', 'E', 'M'], VKLTPLCVTLNCTNVTNNTTN-------------------------------------SIKEEMKN----CSFNA-T-TN--LRN-KK-KKV-YSLF-YRLNVTQINNNQNNRSNNT------------------------------------------NTSYTLT---NCNTSTI-T---QA, 0.2624, 0
1.650017, -125.1880, 59, POINT, S, VKLTPLCVTLNCTNVTNNTTN-------------------------------------DSRGELKN----CSFNA-T-TN--LRN-KK-KKV-YSLF-YRLNVTQINNNQNNRSNNT------------------------------------------NTSYTLT---NCNTSTI-T---QA, 0.1498, 1
1.664818, -93.9090, [74], CHUNK, ['I'], VKLTPLCVTLNCTNVTNNTTN-------------------------------------DSRGELKN----CSFNI-T-TN--LRN-KK-KKV-YSLF-YRLNVTQINNNQNNRSNNT------------------------------------------NTSYTLT---NCNTSTI-T---QA, 0.2391, 0
1.670124, -77.1641, [58, 59, 60, 61, 63], CHUNK, ['S', 'L', 'T', 'E', 'V'], VKLTPLCVTLNCTNVTNNTTN-------------------------------------SLTEEVKN----CSFNA-T-TN--LRN-KK-KKV-YSLF-YRLNVTQINNNQNNRSNNT------------------------------------------NTSYTLT---NCNTSTI-T---QA, 0.2553, 0
1.655462, -5.0471, 82, POINT, I, VKLTPLCVTLNCTNVTNNTTN-------------------------------------DSRGELKN----CSFNA-T-TN--IRN-KK-KKV-YSLF-YRLNVTQINNNQNNRSNNT------------------------------------------NTSYTLT---NCNTSTI-T---QA, 0.2737, 0
1.662678, -108.0413, 74, POINT, V, VKLTPLCVTLNCTNVTNNTTN-------------------------------------DSRGELKN----CSFNV-T-TN--LRN-KK-KKV-YSLF-YRLNVTQINNNQNNRSNNT------------------------------------------NTSYTLT---NCNTSTI-T---QA, 0.2646, 0
1.637049, -125.5355, 83, POINT, K, VKLTPLCVTLNCTNVTNNTTN-------------------------------------DDRGELKN----CSFNA-T-TN--LKN-KK-KKV-YSLF-YRLNVTQINNNQNNRSNNT------------------------------------------NTSYTLT---NCNTSTI-T---QA, 0.1540, 1
1.647118, -121.9503, [91, 94, 98], CHUNK, ['E', 'A', 'N'], VKLTPLCVTLNCTNVTNNTTN-------------------------------------DDRGELKN----CSFNA-T-TN--LKN-KK-KKE-YALF-NRLNVTQINNNQNNRSNNT------------------------------------------NTSYTLT---NCNTSTI-T---QA, 0.1540, 0
1.646950, -125.2348, 91, POINT, T, VKLTPLCVTLNCTNVTNNTTN-------------------------------------DDRGELKN----CSFNA-T-TN--LKN-KK-KKT-YSLF-YRLNVTQINNNQNNRSNNT------------------------------------------NTSYTLT---NCNTSTI-T---QA, 0.1540, 0
1.643878, -101.3613, [59, 60, 61, 63], CHUNK, ['S', 'G', 'D', 'M'], VKLTPLCVTLNCTNVTNNTTN-------------------------------------DSGDEMKN----CSFNA-T-TN--LKN-KK-KKV-YSLF-YRLNVTQINNNQNNRSNNT------------------------------------------NTSYTLT---NCNTSTI-T---QA, 0.1561, 0
1.642621, -123.9139, 58, POINT, L, VKLTPLCVTLNCTNVTNNTTN-------------------------------------LDRGELKN----CSFNA-T-TN--LKN-KK-KKV-YSLF-YRLNVTQINNNQNNRSNNT------------------------------------------NTSYTLT---NCNTSTI-T---QA, 0.1501, 1
1.648924, -122.2106, 63, POINT, I, VKLTPLCVTLNCTNVTNNTTN-------------------------------------LDRGEIKN----CSFNA-T-TN--LKN-KK-KKV-YSLF-YRLNVTQINNNQNNRSNNT------------------------------------------NTSYTLT---NCNTSTI-T---QA, 0.1501, 1
1.664287, -73.7968, [74], CHUNK, ['I'], VKLTPLCVTLNCTNVTNNTTN-------------------------------------LDRGEIKN----CSFNI-T-TN--LKN-KK-KKV-YSLF-YRLNVTQINNNQNNRSNNT------------------------------------------NTSYTLT---NCNTSTI-T---QA, 0.3568, 0
1.648991, -112.5103, [87, 90, 91, 94], CHUNK, ['I', 'T', 'D', 'A'], VKLTPLCVTLNCTNVTNNTTN-------------------------------------LDRGEIKN----CSFNA-T-TN--LKN-KI-KTD-YALF-YRLNVTQINNNQNNRSNNT------------------------------------------NTSYTLT---NCNTSTI-T---QA, 0.1485, 0
1.695398, -123.0775, [58, 59, 60], CHUNK, ['N', 'T', 'A'], VKLTPLCVTLNCTNVTNNTTN-------------------------------------NTAGEIKN----CSFNA-T-TN--LKN-KK-KKV-YSLF-YRLNVTQINNNQNNRSNNT------------------------------------------NTSYTLT---NCNTSTI-T---QA, 0.1501, 1
1.718494, -120.4461, [91, 94, 99], CHUNK, ['E', 'A', 'T'], VKLTPLCVTLNCTNVTNNTTN-------------------------------------NTAGEIKN----CSFNA-T-TN--LKN-KK-KKE-YALF-YTLNVTQINNNQNNRSNNT------------------------------------------NTSYTLT---NCNTSTI-T---QA, 0.1501, 0
1.710761, -86.3671, [74], CHUNK, ['I'], VKLTPLCVTLNCTNVTNNTTN-------------------------------------NTAGEIKN----CSFNI-T-TN--LKN-KK-KKV-YSLF-YRLNVTQINNNQNNRSNNT------------------------------------------NTSYTLT---NCNTSTI-T---QA, 0.4578, 0
1.710761, -83.4761, [74], CHUNK, ['I'], VKLTPLCVTLNCTNVTNNTTN-------------------------------------NTAGEIKN----CSFNI-T-TN--LKN-KK-KKV-YSLF-YRLNVTQINNNQNNRSNNT------------------------------------------NTSYTLT---NCNTSTI-T---QA, 0.4521, 0
1.702023, -122.1057, 64, POINT, T, VKLTPLCVTLNCTNVTNNTTN-------------------------------------NTAGEITN----CSFNA-T-TN--LKN-KK-KKV-YSLF-YRLNVTQINNNQNNRSNNT------------------------------------------NTSYTLT---NCNTSTI-T---QA, 0.1501, 0
1.660931, -107.4467, 74, POINT, V, VKLTPLCVTLNCTNVTNNTTN-------------------------------------LDRGEIKN----CSFNV-T-TN--LKN-KK-KKV-YSLF-YRLNVTQINNNQNNRSNNT------------------------------------------NTSYTLT---NCNTSTI-T---QA, 0.2150, 0
1.656577, -121.1731, 94, POINT, T, VKLTPLCVTLNCTNVTNNTTN-------------------------------------LDRGEIKN----CSFNA-T-TN--LKN-KK-KKV-YTLF-YRLNVTQINNNQNNRSNNT------------------------------------------NTSYTLT---NCNTSTI-T---QA, 0.1501, 1
1.675878, -104.0934, 61, POINT, N, VKLTPLCVTLNCTNVTNNTTN-------------------------------------LDRNEIKN----CSFNA-T-TN--LKN-KK-KKV-YTLF-YRLNVTQINNNQNNRSNNT------------------------------------------NTSYTLT---NCNTSTI-T---QA, 0.1372, 0
1.684269, -120.1851, 162, POINT, N, VKLTPLCVTLNCTNVTNNTTN-------------------------------------LDRGEIKN----CSFNA-T-TN--LKN-KK-KKV-YTLF-YRLNVTQINNNQNNRSNNT------------------------------------------NTSNTLT---NCNTSTI-T---QA, 0.1501, 1
1.690558, -4.7320, 82, POINT, I, VKLTPLCVTLNCTNVTNNTTN-------------------------------------LDRGEIKN----CSFNA-T-TN--IKN-KK-KKV-YTLF-YRLNVTQINNNQNNRSNNT------------------------------------------NTSNTLT---NCNTSTI-T---QA, 0.3759, 0
1.697300, -118.3230, 98, POINT, N, VKLTPLCVTLNCTNVTNNTTN-------------------------------------LDRGEIKN----CSFNA-T-TN--LKN-KK-KKV-YTLF-NRLNVTQINNNQNNRSNNT------------------------------------------NTSNTLT---NCNTSTI-T---QA, 0.1338, 0
1.688631, -112.9977, 96, POINT, L, VKLTPLCVTLNCTNVTNNTTN-------------------------------------LDRGEIKN----CSFNA-T-TN--LKN-KK-KKV-YTLL-YRLNVTQINNNQNNRSNNT------------------------------------------NTSNTLT---NCNTSTI-T---QA, 0.1496, 0
1.706427, -7.5724, [74, 82], CHUNK, ['I', 'I'], VKLTPLCVTLNCTNVTNNTTN-------------------------------------LDRGEIKN----CSFNI-T-TN--IKN-KK-KKV-YTLF-YRLNVTQINNNQNNRSNNT------------------------------------------NTSNTLT---NCNTSTI-T---QA, 0.2214, 0
1.668623, -123.1204, [58, 59, 60], CHUNK, ['N', 'M', 'E'], VKLTPLCVTLNCTNVTNNTTN-------------------------------------NMEGEIKN----CSFNA-T-TN--LKN-KK-KKV-YTLF-YRLNVTQINNNQNNRSNNT------------------------------------------NTSYTLT---NCNTSTI-T---QA, 0.1459, 0
1.672665, -82.3413, [60, 61, 64], CHUNK, ['T', 'K', 'R'], VKLTPLCVTLNCTNVTNNTTN-------------------------------------LDTKEIRN----CSFNA-T-TN--LKN-KK-KKV-YTLF-YRLNVTQINNNQNNRSNNT------------------------------------------NTSYTLT---NCNTSTI-T---QA, 0.1501, 0
1.767019, -99.7437, [58, 59, 60, 61, 62, 63], CHUNK, ['N', 'N', 'T', 'N', 'T', 'M'], VKLTPLCVTLNCTNVTNNTTN-------------------------------------NNTNTMKN----CSFNA-T-TN--LKN-KK-KKV-YTLF-YRLNVTQINNNQNNRSNNT------------------------------------------NTSYTLT---NCNTSTI-T---QA, 0.1835, 0
1.671939, -75.1235, 74, POINT, I, VKLTPLCVTLNCTNVTNNTTN-------------------------------------LDRGEIKN----CSFNI-T-TN--LKN-KK-KKV-YTLF-YRLNVTQINNNQNNRSNNT------------------------------------------NTSYTLT---NCNTSTI-T---QA, 0.2080, 0
1.652472, -122.9434, 4, POINT, T, VKLTTLCVTLNCTNVTNNTTN-------------------------------------LDRGEIKN----CSFNA-T-TN--LKN-KK-KKV-YSLF-YRLNVTQINNNQNNRSNNT------------------------------------------NTSYTLT---NCNTSTI-T---QA, 0.1426, 1
1.673984, -124.8464, 58, POINT, N, VKLTTLCVTLNCTNVTNNTTN-------------------------------------NDRGEIKN----CSFNA-T-TN--LKN-KK-KKV-YSLF-YRLNVTQINNNQNNRSNNT------------------------------------------NTSYTLT---NCNTSTI-T---QA, 0.1426, 1
1.696287, -123.8293, 104, POINT, S, VKLTTLCVTLNCTNVTNNTTN-------------------------------------NDRGEIKN----CSFNA-T-TN--LKN-KK-KKV-YSLF-YRLNVTSINNNQNNRSNNT------------------------------------------NTSYTLT---NCNTSTI-T---QA, 0.1426, 1
1.697489, -123.0972, [91, 94], CHUNK, ['E', 'A'], VKLTTLCVTLNCTNVTNNTTN-------------------------------------NDRGEIKN----CSFNA-T-TN--LKN-KK-KKE-YALF-YRLNVTSINNNQNNRSNNT------------------------------------------NTSYTLT---NCNTSTI-T---QA, 0.1442, 0
1.708295, -105.5579, 74, POINT, V, VKLTTLCVTLNCTNVTNNTTN-------------------------------------NDRGEIKN----CSFNV-T-TN--LKN-KK-KKV-YSLF-YRLNVTSINNNQNNRSNNT------------------------------------------NTSYTLT---NCNTSTI-T---QA, 0.4554, 1
1.709679, -103.7956, [71], CHUNK, ['T'], VKLTTLCVTLNCTNVTNNTTN-------------------------------------NDRGEIKN----CTFNV-T-TN--LKN-KK-KKV-YSLF-YRLNVTSINNNQNNRSNNT------------------------------------------NTSYTLT---NCNTSTI-T---QA, 0.4039, 0
1.711095, -98.9697, 60, POINT, I, VKLTTLCVTLNCTNVTNNTTN-------------------------------------NDIGEIKN----CSFNV-T-TN--LKN-KK-KKV-YSLF-YRLNVTSINNNQNNRSNNT------------------------------------------NTSYTLT---NCNTSTI-T---QA, 0.4554, 0
1.711650, -93.1481, [74], CHUNK, ['I'], VKLTTLCVTLNCTNVTNNTTN-------------------------------------NDRGEIKN----CSFNI-T-TN--LKN-KK-KKV-YSLF-YRLNVTSINNNQNNRSNNT------------------------------------------NTSYTLT---NCNTSTI-T---QA, 0.4348, 0
1.711650, -80.1490, [74], CHUNK, ['I'], VKLTTLCVTLNCTNVTNNTTN-------------------------------------NDRGEIKN----CSFNI-T-TN--LKN-KK-KKV-YSLF-YRLNVTSINNNQNNRSNNT------------------------------------------NTSYTLT---NCNTSTI-T---QA, 0.7912, 0
1.711650, -102.4448, [74], CHUNK, ['I'], VKLTTLCVTLNCTNVTNNTTN-------------------------------------NDRGEIKN----CSFNI-T-TN--LKN-KK-KKV-YSLF-YRLNVTSINNNQNNRSNNT------------------------------------------NTSYTLT---NCNTSTI-T---QA, 0.2814, 0
1.708433, -106.4030, [61, 63], CHUNK, ['N', 'V'], VKLTTLCVTLNCTNVTNNTTN-------------------------------------NDRNEVKN----CSFNA-T-TN--LKN-KK-KKV-YSLF-YRLNVTSINNNQNNRSNNT------------------------------------------NTSYTLT---NCNTSTI-T---QA, 0.1426, 0
1.712845, -123.2417, 59, POINT, S, VKLTTLCVTLNCTNVTNNTTN-------------------------------------NSRGEIKN----CSFNA-T-TN--LKN-KK-KKV-YSLF-YRLNVTSINNNQNNRSNNT------------------------------------------NTSYTLT---NCNTSTI-T---QA, 0.1426, 0
1.711650, -109.5295, [74], CHUNK, ['I'], VKLTTLCVTLNCTNVTNNTTN-------------------------------------NDRGEIKN----CSFNI-T-TN--LKN-KK-KKV-YSLF-YRLNVTSINNNQNNRSNNT------------------------------------------NTSYTLT---NCNTSTI-T---QA, 0.4204, 0
1.689347, -106.6403, [74], CHUNK, ['I'], VKLTTLCVTLNCTNVTNNTTN-------------------------------------NDRGEIKN----CSFNI-T-TN--LKN-KK-KKV-YSLF-YRLNVTQINNNQNNRSNNT------------------------------------------NTSYTLT---NCNTSTI-T---QA, 0.3832, 0
1.683482, -126.0587, 161, POINT, N, VKLTTLCVTLNCTNVTNNTTN-------------------------------------NDRGEIKN----CSFNA-T-TN--LKN-KK-KKV-YSLF-YRLNVTQINNNQNNRSNNT------------------------------------------NTNYTLT---NCNTSTI-T---QA, 0.1564, 1
1.699733, -122.6053, [94, 98, 99], CHUNK, ['A', 'N', 'K'], VKLTTLCVTLNCTNVTNNTTN-------------------------------------NDRGEIKN----CSFNA-T-TN--LKN-KK-KKV-YALF-NKLNVTQINNNQNNRSNNT------------------------------------------NTNYTLT---NCNTSTI-T---QA, 0.1543, 0
1.696821, -0.3977, [74, 82], CHUNK, ['I', 'V'], VKLTTLCVTLNCTNVTNNTTN-------------------------------------NDRGEIKN----CSFNI-T-TN--VKN-KK-KKV-YSLF-YRLNVTQINNNQNNRSNNT------------------------------------------NTNYTLT---NCNTSTI-T---QA, 0.3942, 0
1.691081, -124.4452, [93, 94], CHUNK, ['N', 'A'], VKLTTLCVTLNCTNVTNNTTN-------------------------------------NDRGEIKN----CSFNA-T-TN--LKN-KK-KKV-NALF-YRLNVTQINNNQNNRSNNT------------------------------------------NTNYTLT---NCNTSTI-T---QA, 0.1564, 0
1.698845, -93.9430, [74], CHUNK, ['I'], VKLTTLCVTLNCTNVTNNTTN-------------------------------------NDRGEIKN----CSFNI-T-TN--LKN-KK-KKV-YSLF-YRLNVTQINNNQNNRSNNT------------------------------------------NTNYTLT---NCNTSTI-T---QA, 0.3292, 0
1.676438, -117.5987, 96, POINT, L, VKLTTLCVTLNCTNVTNNTTN-------------------------------------NDRGEIKN----CSFNA-T-TN--LKN-KK-KKV-YSLL-YRLNVTQINNNQNNRSNNT------------------------------------------NTSYTLT---NCNTSTI-T---QA, 0.1426, 1
1.688445, -104.2482, [74], CHUNK, ['V'], VKLTTLCVTLNCTNVTNNTTN-------------------------------------NDRGEIKN----CSFNV-T-TN--LKN-KK-KKV-YSLL-YRLNVTQINNNQNNRSNNT------------------------------------------NTSYTLT---NCNTSTI-T---QA, 0.1609, 0
1.706115, -116.7937, 59, POINT, T, VKLTTLCVTLNCTNVTNNTTN-------------------------------------NTRGEIKN----CSFNA-T-TN--LKN-KK-KKV-YSLL-YRLNVTQINNNQNNRSNNT------------------------------------------NTSYTLT---NCNTSTI-T---QA, 0.1426, 0
1.688445, -103.1870, 74, POINT, V, VKLTTLCVTLNCTNVTNNTTN-------------------------------------NDRGEIKN----CSFNV-T-TN--LKN-KK-KKV-YSLL-YRLNVTQINNNQNNRSNNT------------------------------------------NTSYTLT---NCNTSTI-T---QA, 0.1465, 0
1.691801, -98.4940, 74, POINT, I, VKLTTLCVTLNCTNVTNNTTN-------------------------------------NDRGEIKN----CSFNI-T-TN--LKN-KK-KKV-YSLL-YRLNVTQINNNQNNRSNNT------------------------------------------NTSYTLT---NCNTSTI-T---QA, 0.3608, 0
1.674069, -120.9669, [20], CHUNK, ['T'], VKLTTLCVTLNCTNVTNNTTT-------------------------------------NDRGEIKN----CSFNA-T-TN--LKN-KK-KKV-YSLF-YRLNVTQINNNQNNRSNNT------------------------------------------NTSYTLT---NCNTSTI-T---QA, 0.1426, 0
1.704028, -121.7311, [74], CHUNK, ['T'], VKLTTLCVTLNCTNVTNNTTN-------------------------------------NDRGEIKN----CSFNT-T-TN--LKN-KK-KKV-YSLF-YRLNVTQINNNQNNRSNNT------------------------------------------NTSYTLT---NCNTSTI-T---QA, 0.1426, 1
1.721354, -119.7139, 60, POINT, S, VKLTTLCVTLNCTNVTNNTTN-------------------------------------NDSGEIKN----CSFNT-T-TN--LKN-KK-KKV-YSLF-YRLNVTQINNNQNNRSNNT------------------------------------------NTSYTLT---NCNTSTI-T---QA, 0.1312, 0
1.705230, -121.5395, [91, 94], CHUNK, ['E', 'A'], VKLTTLCVTLNCTNVTNNTTN-------------------------------------NDRGEIKN----CSFNT-T-TN--LKN-KK-KKE-YALF-YRLNVTQINNNQNNRSNNT------------------------------------------NTSYTLT---NCNTSTI-T---QA, 0.1426, 0
1.709918, -11.6726, 82, POINT, I, VKLTTLCVTLNCTNVTNNTTN-------------------------------------NDRGEIKN----CSFNT-T-TN--IKN-KK-KKV-YSLF-YRLNVTQINNNQNNRSNNT------------------------------------------NTSYTLT---NCNTSTI-T---QA, 0.3068, 0
1.705230, -121.5395, [91, 94], CHUNK, ['E', 'A'], VKLTTLCVTLNCTNVTNNTTN-------------------------------------NDRGEIKN----CSFNT-T-TN--LKN-KK-KKE-YALF-YRLNVTQINNNQNNRSNNT------------------------------------------NTSYTLT---NCNTSTI-T---QA, 0.1426, 0
1.685296, -122.8493, 98, POINT, N, VKLTTLCVTLNCTNVTNNTTN-------------------------------------NDRGEIKN----CSFNA-T-TN--LKN-KK-KKV-YSLF-NRLNVTQINNNQNNRSNNT------------------------------------------NTSYTLT---NCNTSTI-T---QA, 0.1426, 0
1.689347, -89.9166, 74, POINT, I, VKLTTLCVTLNCTNVTNNTTN-------------------------------------NDRGEIKN----CSFNI-T-TN--LKN-KK-KKV-YSLF-YRLNVTQINNNQNNRSNNT------------------------------------------NTSYTLT---NCNTSTI-T---QA, 0.7122, 0
1.694024, -124.1304, [14, 15], CHUNK, ['T', 'N'], VKLTTLCVTLNCTNTNNNTTN-------------------------------------NDRGEIKN----CSFNA-T-TN--LKN-KK-KKV-YSLF-YRLNVTQINNNQNNRSNNT------------------------------------------NTSYTLT---NCNTSTI-T---QA, 0.1426, 0
1.679082, -123.2779, [94, 99], CHUNK, ['A', 'K'], VKLTTLCVTLNCTNVTNNTTN-------------------------------------NDRGEIKN----CSFNA-T-TN--LKN-KK-KKV-YALF-YKLNVTQINNNQNNRSNNT------------------------------------------NTSYTLT---NCNTSTI-T---QA, 0.1426, 1
1.701240, 1.8385, [74, 82], CHUNK, ['I', 'I'], VKLTTLCVTLNCTNVTNNTTN-------------------------------------NDRGEIKN----CSFNI-T-TN--IKN-KK-KKV-YALF-YKLNVTQINNNQNNRSNNT------------------------------------------NTSYTLT---NCNTSTI-T---QA, 0.4278, 0
1.691089, -110.0027, [74], CHUNK, ['V'], VKLTTLCVTLNCTNVTNNTTN-------------------------------------NDRGEIKN----CSFNV-T-TN--LKN-KK-KKV-YALF-YKLNVTQINNNQNNRSNNT------------------------------------------NTSYTLT---NCNTSTI-T---QA, 0.1488, 0
1.695719, -121.2485, [89, 91], CHUNK, ['N', 'E'], VKLTTLCVTLNCTNVTNNTTN-------------------------------------NDRGEIKN----CSFNA-T-TN--LKN-KK-NKE-YALF-YKLNVTQINNNQNNRSNNT------------------------------------------NTSYTLT---NCNTSTI-T---QA, 0.1426, 1
1.707726, -102.6858, 74, POINT, V, VKLTTLCVTLNCTNVTNNTTN-------------------------------------NDRGEIKN----CSFNV-T-TN--LKN-KK-NKE-YALF-YKLNVTQINNNQNNRSNNT------------------------------------------NTSYTLT---NCNTSTI-T---QA, 0.3889, 0
1.711082, -109.5408, [74], CHUNK, ['I'], VKLTTLCVTLNCTNVTNNTTN-------------------------------------NDRGEIKN----CSFNI-T-TN--LKN-KK-NKE-YALF-YKLNVTQINNNQNNRSNNT------------------------------------------NTSYTLT---NCNTSTI-T---QA, 0.2779, 0
1.708122, -120.9938, [91], CHUNK, ['N'], VKLTTLCVTLNCTNVTNNTTN-------------------------------------NDRGEIKN----CSFNA-T-TN--LKN-KK-NKN-YALF-YKLNVTQINNNQNNRSNNT------------------------------------------NTSYTLT---NCNTSTI-T---QA, 0.1426, 0
1.706232, -105.8758, 61, POINT, S, VKLTTLCVTLNCTNVTNNTTN-------------------------------------NDRSEIKN----CSFNA-T-TN--LKN-KK-NKE-YALF-YKLNVTQINNNQNNRSNNT------------------------------------------NTSYTLT---NCNTSTI-T---QA, 0.1426, 0
1.681882, -116.5971, 60, POINT, I, VKLTTLCVTLNCTNVTNNTTN-------------------------------------NDIGEIKN----CSFNA-T-TN--LKN-KK-KKV-YALF-YKLNVTQINNNQNNRSNNT------------------------------------------NTSYTLT---NCNTSTI-T---QA, 0.1394, 1
1.697245, -78.2682, [74], CHUNK, ['I'], VKLTTLCVTLNCTNVTNNTTN-------------------------------------NDIGEIKN----CSFNI-T-TN--LKN-KK-KKV-YALF-YKLNVTQINNNQNNRSNNT------------------------------------------NTSYTLT---NCNTSTI-T---QA, 0.7723, 0
1.684023, -113.7714, 71, POINT, T, VKLTTLCVTLNCTNVTNNTTN-------------------------------------NDIGEIKN----CTFNA-T-TN--LKN-KK-KKV-YALF-YKLNVTQINNNQNNRSNNT------------------------------------------NTSYTLT---NCNTSTI-T---QA, 0.1456, 1
1.697245, -96.8494, [71, 74], CHUNK, ['S', 'I'], VKLTTLCVTLNCTNVTNNTTN-------------------------------------NDIGEIKN----CSFNI-T-TN--LKN-KK-KKV-YALF-YKLNVTQINNNQNNRSNNT------------------------------------------NTSYTLT---NCNTSTI-T---QA, 0.3303, 0
1.713126, -110.6421, 74, POINT, T, VKLTTLCVTLNCTNVTNNTTN-------------------------------------NDIGEIKN----CTFNT-T-TN--LKN-KK-KKV-YALF-YKLNVTQINNNQNNRSNNT------------------------------------------NTSYTLT---NCNTSTI-T---QA, 0.1456, 0
1.693889, -105.3557, [71, 74], CHUNK, ['S', 'V'], VKLTTLCVTLNCTNVTNNTTN-------------------------------------NDIGEIKN----CSFNV-T-TN--LKN-KK-KKV-YALF-YKLNVTQINNNQNNRSNNT------------------------------------------NTSYTLT---NCNTSTI-T---QA, 0.1977, 0
1.689828, -113.9868, 104, POINT, P, VKLTTLCVTLNCTNVTNNTTN-------------------------------------NDIGEIKN----CTFNA-T-TN--LKN-KK-KKV-YALF-YKLNVTPINNNQNNRSNNT------------------------------------------NTSYTLT---NCNTSTI-T---QA, 0.1456, 0
1.693889, -105.4971, [74], CHUNK, ['V'], VKLTTLCVTLNCTNVTNNTTN-------------------------------------NDIGEIKN----CSFNV-T-TN--LKN-KK-KKV-YALF-YKLNVTQINNNQNNRSNNT------------------------------------------NTSYTLT---NCNTSTI-T---QA, 0.2455, 0
1.684668, -93.4847, 61, POINT, D, VKLTTLCVTLNCTNVTNNTTN-------------------------------------NDIDEIKN----CSFNA-T-TN--LKN-KK-KKV-YALF-YKLNVTQINNNQNNRSNNT------------------------------------------NTSYTLT---NCNTSTI-T---QA, 0.1394, 0
1.697245, -72.5457, 74, POINT, I, VKLTTLCVTLNCTNVTNNTTN-------------------------------------NDIGEIKN----CSFNI-T-TN--LKN-KK-KKV-YALF-YKLNVTQINNNQNNRSNNT------------------------------------------NTSYTLT---NCNTSTI-T---QA, 0.1989, 0
1.684781, -85.7220, 61, POINT, I, VKLTTLCVTLNCTNVTNNTTN-------------------------------------NDIIEIKN----CSFNA-T-TN--LKN-KK-KKV-YALF-YKLNVTQINNNQNNRSNNT------------------------------------------NTSYTLT---NCNTSTI-T---QA, 0.2210, 0
1.688580, -124.3467, 161, POINT, N, VKLTTLCVTLNCTNVTNNTTN-------------------------------------NDRGEIKN----CSFNA-T-TN--LKN-KK-KKV-YALF-YKLNVTQINNNQNNRSNNT------------------------------------------NTNYTLT---NCNTSTI-T---QA, 0.1426, 1
1.703943, -65.6019, [74], CHUNK, ['I'], VKLTTLCVTLNCTNVTNNTTN-------------------------------------NDRGEIKN----CSFNI-T-TN--LKN-KK-KKV-YALF-YKLNVTQINNNQNNRSNNT------------------------------------------NTNYTLT---NCNTSTI-T---QA, 0.3182, 0
1.703943, -83.1221, [74], CHUNK, ['I'], VKLTTLCVTLNCTNVTNNTTN-------------------------------------NDRGEIKN----CSFNI-T-TN--LKN-KK-KKV-YALF-YKLNVTQINNNQNNRSNNT------------------------------------------NTNYTLT---NCNTSTI-T---QA, 0.2672, 0
1.689764, -123.1593, 173, POINT, T, VKLTTLCVTLNCTNVTNNTTN-------------------------------------NDRGEIKN----CSFNA-T-TN--LKN-KK-KKV-YALF-YKLNVTQINNNQNNRSNNT------------------------------------------NTNYTLT---NCNTTTI-T---QA, 0.1426, 0
1.720320, -118.8641, 60, POINT, T, VKLTTLCVTLNCTNVTNNTTN-------------------------------------NDTGEIKN----CSFNA-T-TN--LKN-KK-KKV-YALF-YKLNVTQINNNQNNRSNNT------------------------------------------NTNYTLT---NCNTSTI-T---QA, 0.1426, 0
1.691089, -108.8687, 74, POINT, V, VKLTTLCVTLNCTNVTNNTTN-------------------------------------NDRGEIKN----CSFNV-T-TN--LKN-KK-KKV-YALF-YKLNVTQINNNQNNRSNNT------------------------------------------NTSYTLT---NCNTSTI-T---QA, 0.2786, 0
1.701240, 25.2786, [74, 82], CHUNK, ['I', 'I'], VKLTTLCVTLNCTNVTNNTTN-------------------------------------NDRGEIKN----CSFNI-T-TN--IKN-KK-KKV-YALF-YKLNVTQINNNQNNRSNNT------------------------------------------NTSYTLT---NCNTSTI-T---QA, 0.3761, 0
1.685371, -4.5162, 82, POINT, I, VKLTTLCVTLNCTNVTNNTTN-------------------------------------NDRGEIKN----CSFNA-T-TN--IKN-KK-KKV-YALF-YKLNVTQINNNQNNRSNNT------------------------------------------NTSYTLT---NCNTSTI-T---QA, 0.2394, 0
1.691089, -112.2321, [74], CHUNK, ['V'], VKLTTLCVTLNCTNVTNNTTN-------------------------------------NDRGEIKN----CSFNV-T-TN--LKN-KK-KKV-YALF-YKLNVTQINNNQNNRSNNT------------------------------------------NTSYTLT---NCNTSTI-T---QA, 0.2050, 0
1.689347, -76.1726, [74], CHUNK, ['I'], VKLTTLCVTLNCTNVTNNTTN-------------------------------------NDRGEIKN----CSFNI-T-TN--LKN-KK-KKV-YSLF-YRLNVTQINNNQNNRSNNT------------------------------------------NTSYTLT---NCNTSTI-T---QA, 0.5401, 0
1.685992, -111.5701, [74], CHUNK, ['V'], VKLTTLCVTLNCTNVTNNTTN-------------------------------------NDRGEIKN----CSFNV-T-TN--LKN-KK-KKV-YSLF-YRLNVTQINNNQNNRSNNT------------------------------------------NTSYTLT---NCNTSTI-T---QA, 0.1603, 0
1.689347, -99.1660, [74], CHUNK, ['I'], VKLTTLCVTLNCTNVTNNTTN-------------------------------------NDRGEIKN----CSFNI-T-TN--LKN-KK-KKV-YSLF-YRLNVTQINNNQNNRSNNT------------------------------------------NTSYTLT---NCNTSTI-T---QA, 0.2018, 0
1.697820, -122.9237, 99, POINT, T, VKLTTLCVTLNCTNVTNNTTN-------------------------------------NDRGEIKN----CSFNA-T-TN--LKN-KK-KKV-YSLF-YTLNVTQINNNQNNRSNNT------------------------------------------NTSYTLT---NCNTSTI-T---QA, 0.1426, 0
1.671440, -122.2010, 58, POINT, T, VKLTTLCVTLNCTNVTNNTTN-------------------------------------TDRGEIKN----CSFNA-T-TN--LKN-KK-KKV-YSLF-YRLNVTQINNNQNNRSNNT------------------------------------------NTSYTLT---NCNTSTI-T---QA, 0.1413, 1
1.683448, -108.1171, 74, POINT, V, VKLTTLCVTLNCTNVTNNTTN-------------------------------------TDRGEIKN----CSFNV-T-TN--LKN-KK-KKV-YSLF-YRLNVTQINNNQNNRSNNT------------------------------------------NTSYTLT---NCNTSTI-T---QA, 0.3292, 0
1.675405, -121.4250, 64, POINT, T, VKLTTLCVTLNCTNVTNNTTN-------------------------------------TDRGEITN----CSFNA-T-TN--LKN-KK-KKV-YSLF-YRLNVTQINNNQNNRSNNT------------------------------------------NTSYTLT---NCNTSTI-T---QA, 0.1413, 0
1.683192, -117.5513, [99, 101, 103, 104, 105], CHUNK, ['N', 'D', 'V', 'L', 'T'], VKLTTLCVTLNCTNVTNNTTN-------------------------------------TDRGEIKN----CSFNA-T-TN--LKN-KK-KKV-YSLF-YNLDVVLTNNNQNNRSNNT------------------------------------------NTSYTLT---NCNTSTI-T---QA, 0.1499, 0
1.686803, -85.8461, [74], CHUNK, ['I'], VKLTTLCVTLNCTNVTNNTTN-------------------------------------TDRGEIKN----CSFNI-T-TN--LKN-KK-KKV-YSLF-YRLNVTQINNNQNNRSNNT------------------------------------------NTSYTLT---NCNTSTI-T---QA, 0.3429, 0
1.662330, -113.2987, [87, 89, 91, 94], CHUNK, ['I', 'T', 'E', 'A'], VKLTTLCVTLNCTNVTNNTTN-------------------------------------LDRGEIKN----CSFNA-T-TN--LKN-KI-TKE-YALF-YRLNVTQINNNQNNRSNNT------------------------------------------NTSYTLT---NCNTSTI-T---QA, 0.1507, 0
1.680480, -120.0017, [58, 59, 60, 63], CHUNK, ['S', 'T', 'K', 'M'], VKLTTLCVTLNCTNVTNNTTN-------------------------------------STKGEMKN----CSFNA-T-TN--LKN-KK-KKV-YSLF-YRLNVTQINNNQNNRSNNT------------------------------------------NTSYTLT---NCNTSTI-T---QA, 0.1490, 1
1.686362, -118.3038, 99, POINT, K, VKLTTLCVTLNCTNVTNNTTN-------------------------------------STKGEMKN----CSFNA-T-TN--LKN-KK-KKV-YSLF-YKLNVTQINNNQNNRSNNT------------------------------------------NTSYTLT---NCNTSTI-T---QA, 0.1490, 0
1.692403, -118.7811, 62, POINT, N, VKLTTLCVTLNCTNVTNNTTN-------------------------------------STKGNMKN----CSFNA-T-TN--LKN-KK-KKV-YSLF-YRLNVTQINNNQNNRSNNT------------------------------------------NTSYTLT---NCNTSTI-T---QA, 0.1490, 0
1.695329, -107.4397, [74], CHUNK, ['I'], VKLTTLCVTLNCTNVTNNTTN-------------------------------------STKGEMKN----CSFNI-T-TN--LKN-KK-KKV-YSLF-YRLNVTQINNNQNNRSNNT------------------------------------------NTSYTLT---NCNTSTI-T---QA, 0.3640, 0
1.695329, -105.6893, [74], CHUNK, ['I'], VKLTTLCVTLNCTNVTNNTTN-------------------------------------STKGEMKN----CSFNI-T-TN--LKN-KK-KKV-YSLF-YRLNVTQINNNQNNRSNNT------------------------------------------NTSYTLT---NCNTSTI-T---QA, 0.2192, 0
1.655186, -120.9855, [94, 99, 101], CHUNK, ['A', 'T', 'D'], VKLTTLCVTLNCTNVTNNTTN-------------------------------------LDRGEIKN----CSFNA-T-TN--LKN-KK-KKV-YALF-YTLDVTQINNNQNNRSNNT------------------------------------------NTSYTLT---NCNTSTI-T---QA, 0.1426, 0
1.658761, -5.5742, 82, POINT, I, VKLTTLCVTLNCTNVTNNTTN-------------------------------------LDRGEIKN----CSFNA-T-TN--IKN-KK-KKV-YSLF-YRLNVTQINNNQNNRSNNT------------------------------------------NTSYTLT---NCNTSTI-T---QA, 0.1826, 0
1.667835, -77.8717, 74, POINT, I, VKLTTLCVTLNCTNVTNNTTN-------------------------------------LDRGEIKN----CSFNI-T-TN--LKN-KK-KKV-YSLF-YRLNVTQINNNQNNRSNNT------------------------------------------NTSYTLT---NCNTSTI-T---QA, 0.2716, 0
1.683366, -117.5287, [71, 74], CHUNK, ['T', 'T'], VKLTTLCVTLNCTNVTNNTTN-------------------------------------LDRGEIKN----CTFNT-T-TN--LKN-KK-KKV-YSLF-YRLNVTQINNNQNNRSNNT------------------------------------------NTSYTLT---NCNTSTI-T---QA, 0.1682, 0
