Name base = V1V2_200_sq_9_4_ni
Iters = 200
Soft coverage = 1.31203964383
Energy = -130.445212287
Hard Covereage = 0.0368019545157
Num epitopes = 65
Initial seq = VKLTPLCVTLQCTNVTNNITD-------------------------------------DMRGELKN----CSFNM-T-TE--LRD-KK-QKV-YSLF-YRLDVVQINENQGNRSNNS------------------------------------------NKEYRLI---NCNTSAI-T---QA
-------START OF DATA------
1.353100, -129.5077, [10, 12], CHUNK, ['N', 'N'], VKLTPLCVTLNCNNVTNNITD-------------------------------------DMRGELKN----CSFNM-T-TE--LRD-KK-QKV-YSLF-YRLDVVQINENQGNRSNNS------------------------------------------NKEYRLI---NCNTSAI-T---QA, 0.0000, 1
1.358250, -32.4581, 82, POINT, I, VKLTPLCVTLNCNNVTNNITD-------------------------------------DMRGELKN----CSFNM-T-TE--IRD-KK-QKV-YSLF-YRLDVVQINENQGNRSNNS------------------------------------------NKEYRLI---NCNTSAI-T---QA, 0.2234, 0
1.409822, -129.9539, [160, 161, 163], CHUNK, ['T', 'S', 'T'], VKLTPLCVTLNCNNVTNNITD-------------------------------------DMRGELKN----CSFNM-T-TE--LRD-KK-QKV-YSLF-YRLDVVQINENQGNRSNNS------------------------------------------NTSYTLI---NCNTSAI-T---QA, 0.0000, 1
1.431726, -129.0555, 162, POINT, N, VKLTPLCVTLNCNNVTNNITD-------------------------------------DMRGELKN----CSFNM-T-TE--LRD-KK-QKV-YSLF-YRLDVVQINENQGNRSNNS------------------------------------------NTSNTLI---NCNTSAI-T---QA, 0.0000, 1
1.478372, -124.1399, [12, 18, 19, 20], CHUNK, ['T', 'N', 'N', 'T'], VKLTPLCVTLNCTNVTNNNNT-------------------------------------DMRGELKN----CSFNM-T-TE--LRD-KK-QKV-YSLF-YRLDVVQINENQGNRSNNS------------------------------------------NTSNTLI---NCNTSAI-T---QA, 0.0505, 0
1.455000, -129.1688, 107, POINT, N, VKLTPLCVTLNCNNVTNNITD-------------------------------------DMRGELKN----CSFNM-T-TE--LRD-KK-QKV-YSLF-YRLDVVQINNNQGNRSNNS------------------------------------------NTSNTLI---NCNTSAI-T---QA, 0.0000, 1
1.474420, -129.5564, 20, POINT, N, VKLTPLCVTLNCNNVTNNITN-------------------------------------DMRGELKN----CSFNM-T-TE--LRD-KK-QKV-YSLF-YRLDVVQINNNQGNRSNNS------------------------------------------NTSNTLI---NCNTSAI-T---QA, 0.0000, 1
1.513623, -107.2828, [74, 79], CHUNK, ['I', 'N'], VKLTPLCVTLNCNNVTNNITN-------------------------------------DMRGELKN----CSFNI-T-TN--LRD-KK-QKV-YSLF-YRLDVVQINNNQGNRSNNS------------------------------------------NTSNTLI---NCNTSAI-T---QA, 0.2928, 0
1.491585, -87.7651, 74, POINT, I, VKLTPLCVTLNCNNVTNNITN-------------------------------------DMRGELKN----CSFNI-T-TE--LRD-KK-QKV-YSLF-YRLDVVQINNNQGNRSNNS------------------------------------------NTSNTLI---NCNTSAI-T---QA, 0.3217, 0
1.499784, -26.7170, [82, 89], CHUNK, ['I', 'N'], VKLTPLCVTLNCNNVTNNITN-------------------------------------DMRGELKN----CSFNM-T-TE--IRD-KK-NKV-YSLF-YRLDVVQINNNQGNRSNNS------------------------------------------NTSNTLI---NCNTSAI-T---QA, 0.1854, 0
1.496526, -88.9488, [74, 76, 79], CHUNK, ['I', 'S', 'N'], VKLTPLCVTLNCNNVTNNITN-------------------------------------DMRGELKN----CSFNI-S-TN--LRD-KK-QKV-YSLF-YRLDVVQINNNQGNRSNNS------------------------------------------NTSNTLI---NCNTSAI-T---QA, 0.3029, 0
1.474499, -128.4443, 79, POINT, N, VKLTPLCVTLNCNNVTNNITD-------------------------------------DMRGELKN----CSFNM-T-TN--LRD-KK-QKV-YSLF-YRLDVVQINNNQGNRSNNS------------------------------------------NTSNTLI---NCNTSAI-T---QA, 0.0000, 1
1.495968, -94.5507, [71, 74], CHUNK, ['T', 'I'], VKLTPLCVTLNCNNVTNNITD-------------------------------------DMRGELKN----CTFNI-T-TN--LRD-KK-QKV-YSLF-YRLDVVQINNNQGNRSNNS------------------------------------------NTSNTLI---NCNTSAI-T---QA, 0.3316, 0
1.494203, -106.2480, [74], CHUNK, ['I'], VKLTPLCVTLNCNNVTNNITD-------------------------------------DMRGELKN----CSFNI-T-TN--LRD-KK-QKV-YSLF-YRLDVVQINNNQGNRSNNS------------------------------------------NTSNTLI---NCNTSAI-T---QA, 0.3335, 0
1.492289, -114.2817, [74], CHUNK, ['V'], VKLTPLCVTLNCNNVTNNITD-------------------------------------DMRGELKN----CSFNV-T-TN--LRD-KK-QKV-YSLF-YRLDVVQINNNQGNRSNNS------------------------------------------NTSNTLI---NCNTSAI-T---QA, 0.1275, 0
1.488923, -124.0606, [59, 60, 63], CHUNK, ['E', 'K', 'I'], VKLTPLCVTLNCNNVTNNITD-------------------------------------DEKGEIKN----CSFNM-T-TN--LRD-KK-QKV-YSLF-YRLDVVQINNNQGNRSNNS------------------------------------------NTSNTLI---NCNTSAI-T---QA, 0.0000, 1
1.505936, -106.4290, [74], CHUNK, ['V'], VKLTPLCVTLNCNNVTNNITD-------------------------------------DEKGEIKN----CSFNV-T-TN--LRD-KK-QKV-YSLF-YRLDVVQINNNQGNRSNNS------------------------------------------NTSNTLI---NCNTSAI-T---QA, 0.3157, 0
1.509089, -83.4177, [74], CHUNK, ['I'], VKLTPLCVTLNCNNVTNNITD-------------------------------------DEKGEIKN----CSFNI-T-TN--LRD-KK-QKV-YSLF-YRLDVVQINNNQGNRSNNS------------------------------------------NTSNTLI---NCNTSAI-T---QA, 0.2098, 0
1.505936, -108.5387, 74, POINT, V, VKLTPLCVTLNCNNVTNNITD-------------------------------------DEKGEIKN----CSFNV-T-TN--LRD-KK-QKV-YSLF-YRLDVVQINNNQGNRSNNS------------------------------------------NTSNTLI---NCNTSAI-T---QA, 0.1338, 0
1.506495, -120.8882, [83, 87, 91], CHUNK, ['K', 'V', 'N'], VKLTPLCVTLNCNNVTNNITD-------------------------------------DEKGEIKN----CSFNM-T-TN--LKD-KV-QKN-YSLF-YRLDVVQINNNQGNRSNNS------------------------------------------NTSNTLI---NCNTSAI-T---QA, 0.0249, 0
1.494203, -76.6970, 74, POINT, I, VKLTPLCVTLNCNNVTNNITD-------------------------------------DMRGELKN----CSFNI-T-TN--LRD-KK-QKV-YSLF-YRLDVVQINNNQGNRSNNS------------------------------------------NTSNTLI---NCNTSAI-T---QA, 0.1886, 0
1.482595, -129.2796, 12, POINT, T, VKLTPLCVTLNCTNVTNNITD-------------------------------------DMRGELKN----CSFNM-T-TN--LRD-KK-QKV-YSLF-YRLDVVQINNNQGNRSNNS------------------------------------------NTSNTLI---NCNTSAI-T---QA, 0.0000, 1
1.513966, -130.7751, 110, POINT, N, VKLTPLCVTLNCTNVTNNITD-------------------------------------DMRGELKN----CSFNM-T-TN--LRD-KK-QKV-YSLF-YRLDVVQINNNQNNRSNNS------------------------------------------NTSNTLI---NCNTSAI-T---QA, 0.0000, 1
1.519679, -128.2783, 98, POINT, N, VKLTPLCVTLNCTNVTNNITD-------------------------------------DMRGELKN----CSFNM-T-TN--LRD-KK-QKV-YSLF-NRLDVVQINNNQNNRSNNS------------------------------------------NTSNTLI---NCNTSAI-T---QA, 0.0617, 1
1.558229, -122.7388, [18, 19, 20], CHUNK, ['N', 'N', 'T'], VKLTPLCVTLNCTNVTNNNNT-------------------------------------DMRGELKN----CSFNM-T-TN--LRD-KK-QKV-YSLF-NRLDVVQINNNQNNRSNNS------------------------------------------NTSNTLI---NCNTSAI-T---QA, 0.0570, 1
1.566988, -123.3557, 84, POINT, N, VKLTPLCVTLNCTNVTNNNNT-------------------------------------DMRGELKN----CSFNM-T-TN--LRN-KK-QKV-YSLF-NRLDVVQINNNQNNRSNNS------------------------------------------NTSNTLI---NCNTSAI-T---QA, 0.0570, 0
1.565345, -106.0123, 174, POINT, V, VKLTPLCVTLNCTNVTNNNNT-------------------------------------DMRGELKN----CSFNM-T-TN--LRD-KK-QKV-YSLF-NRLDVVQINNNQNNRSNNS------------------------------------------NTSNTLI---NCNTSVI-T---QA, 0.4816, 0
1.577933, -80.9495, [74], CHUNK, ['I'], VKLTPLCVTLNCTNVTNNNNT-------------------------------------DMRGELKN----CSFNI-T-TN--LRD-KK-QKV-YSLF-NRLDVVQINNNQNNRSNNS------------------------------------------NTSNTLI---NCNTSAI-T---QA, 0.4075, 0
1.577933, -105.7604, [74], CHUNK, ['I'], VKLTPLCVTLNCTNVTNNNNT-------------------------------------DMRGELKN----CSFNI-T-TN--LRD-KK-QKV-YSLF-NRLDVVQINNNQNNRSNNS------------------------------------------NTSNTLI---NCNTSAI-T---QA, 0.2906, 0
1.526570, -127.8500, 89, POINT, K, VKLTPLCVTLNCTNVTNNITD-------------------------------------DMRGELKN----CSFNM-T-TN--LRD-KK-KKV-YSLF-NRLDVVQINNNQNNRSNNS------------------------------------------NTSNTLI---NCNTSAI-T---QA, 0.0617, 1
1.544360, -112.8093, 74, POINT, V, VKLTPLCVTLNCTNVTNNITD-------------------------------------DMRGELKN----CSFNV-T-TN--LRD-KK-KKV-YSLF-NRLDVVQINNNQNNRSNNS------------------------------------------NTSNTLI---NCNTSAI-T---QA, 0.1955, 0
1.541685, -125.7412, 174, POINT, T, VKLTPLCVTLNCTNVTNNITD-------------------------------------DMRGELKN----CSFNM-T-TN--LRD-KK-KKV-YSLF-NRLDVVQINNNQNNRSNNS------------------------------------------NTSNTLI---NCNTSTI-T---QA, 0.0617, 1
1.561389, -77.1756, [74], CHUNK, ['I'], VKLTPLCVTLNCTNVTNNITD-------------------------------------DMRGELKN----CSFNI-T-TN--LRD-KK-KKV-YSLF-NRLDVVQINNNQNNRSNNS------------------------------------------NTSNTLI---NCNTSTI-T---QA, 0.6804, 0
1.563154, -86.0534, [71, 74], CHUNK, ['T', 'I'], VKLTPLCVTLNCTNVTNNITD-------------------------------------DMRGELKN----CTFNI-T-TN--LRD-KK-KKV-YSLF-NRLDVVQINNNQNNRSNNS------------------------------------------NTSNTLI---NCNTSTI-T---QA, 0.6397, 0
1.545307, -122.4614, 58, POINT, V, VKLTPLCVTLNCTNVTNNITD-------------------------------------VMRGELKN----CSFNM-T-TN--LRD-KK-KKV-YSLF-NRLDVVQINNNQNNRSNNS------------------------------------------NTSNTLI---NCNTSTI-T---QA, 0.1601, 0
1.559474, -113.4003, [74], CHUNK, ['V'], VKLTPLCVTLNCTNVTNNITD-------------------------------------DMRGELKN----CSFNV-T-TN--LRD-KK-KKV-YSLF-NRLDVVQINNNQNNRSNNS------------------------------------------NTSNTLI---NCNTSTI-T---QA, 0.0989, 0
1.560710, -123.5443, 74, POINT, T, VKLTPLCVTLNCTNVTNNITD-------------------------------------DMRGELKN----CSFNT-T-TN--LRD-KK-KKV-YSLF-NRLDVVQINNNQNNRSNNS------------------------------------------NTSNTLI---NCNTSAI-T---QA, 0.0617, 0
1.544360, -113.1968, 74, POINT, V, VKLTPLCVTLNCTNVTNNITD-------------------------------------DMRGELKN----CSFNV-T-TN--LRD-KK-KKV-YSLF-NRLDVVQINNNQNNRSNNS------------------------------------------NTSNTLI---NCNTSAI-T---QA, 0.1917, 0
1.546274, -79.8285, [74], CHUNK, ['I'], VKLTPLCVTLNCTNVTNNITD-------------------------------------DMRGELKN----CSFNI-T-TN--LRD-KK-KKV-YSLF-NRLDVVQINNNQNNRSNNS------------------------------------------NTSNTLI---NCNTSAI-T---QA, 0.2860, 0
1.541685, -125.7412, [174], CHUNK, ['T'], VKLTPLCVTLNCTNVTNNITD-------------------------------------DMRGELKN----CSFNM-T-TN--LRD-KK-KKV-YSLF-NRLDVVQINNNQNNRSNNS------------------------------------------NTSNTLI---NCNTSTI-T---QA, 0.0617, 1
1.559474, -103.8329, [74], CHUNK, ['V'], VKLTPLCVTLNCTNVTNNITD-------------------------------------DMRGELKN----CSFNV-T-TN--LRD-KK-KKV-YSLF-NRLDVVQINNNQNNRSNNS------------------------------------------NTSNTLI---NCNTSTI-T---QA, 0.4610, 0
1.547639, -16.9012, 82, POINT, I, VKLTPLCVTLNCTNVTNNITD-------------------------------------DMRGELKN----CSFNM-T-TN--IRD-KK-KKV-YSLF-NRLDVVQINNNQNNRSNNS------------------------------------------NTSNTLI---NCNTSTI-T---QA, 0.3102, 0
1.559474, -114.4965, 74, POINT, V, VKLTPLCVTLNCTNVTNNITD-------------------------------------DMRGELKN----CSFNV-T-TN--LRD-KK-KKV-YSLF-NRLDVVQINNNQNNRSNNS------------------------------------------NTSNTLI---NCNTSTI-T---QA, 0.2218, 0
1.561389, -99.6998, [74], CHUNK, ['I'], VKLTPLCVTLNCTNVTNNITD-------------------------------------DMRGELKN----CSFNI-T-TN--LRD-KK-KKV-YSLF-NRLDVVQINNNQNNRSNNS------------------------------------------NTSNTLI---NCNTSTI-T---QA, 0.3645, 0
1.546700, -126.2997, 18, POINT, T, VKLTPLCVTLNCTNVTNNTTD-------------------------------------DMRGELKN----CSFNM-T-TN--LRD-KK-KKV-YSLF-NRLDVVQINNNQNNRSNNS------------------------------------------NTSNTLI---NCNTSAI-T---QA, 0.0617, 0
1.560710, -123.6638, [74], CHUNK, ['T'], VKLTPLCVTLNCTNVTNNITD-------------------------------------DMRGELKN----CSFNT-T-TN--LRD-KK-KKV-YSLF-NRLDVVQINNNQNNRSNNS------------------------------------------NTSNTLI---NCNTSAI-T---QA, 0.0966, 1
1.569294, -14.2834, [82, 83, 84], CHUNK, ['I', 'G', 'N'], VKLTPLCVTLNCTNVTNNITD-------------------------------------DMRGELKN----CSFNT-T-TN--IGN-KK-KKV-YSLF-NRLDVVQINNNQNNRSNNS------------------------------------------NTSNTLI---NCNTSAI-T---QA, 0.2624, 0
1.567825, -101.5415, [174], CHUNK, ['V'], VKLTPLCVTLNCTNVTNNITD-------------------------------------DMRGELKN----CSFNT-T-TN--LRD-KK-KKV-YSLF-NRLDVVQINNNQNNRSNNS------------------------------------------NTSNTLI---NCNTSVI-T---QA, 0.2849, 0
1.570070, -120.9757, 84, POINT, T, VKLTPLCVTLNCTNVTNNITD-------------------------------------DMRGELKN----CSFNT-T-TN--LRT-KK-KKV-YSLF-NRLDVVQINNNQNNRSNNS------------------------------------------NTSNTLI---NCNTSAI-T---QA, 0.0966, 1
1.580607, -22.4683, [82, 84, 89], CHUNK, ['I', 'D', 'N'], VKLTPLCVTLNCTNVTNNITD-------------------------------------DMRGELKN----CSFNT-T-TN--IRD-KK-NKV-YSLF-NRLDVVQINNNQNNRSNNS------------------------------------------NTSNTLI---NCNTSAI-T---QA, 0.3153, 0
1.587731, -118.6385, 18, POINT, N, VKLTPLCVTLNCTNVTNNNTD-------------------------------------DMRGELKN----CSFNT-T-TN--LRT-KK-KKV-YSLF-NRLDVVQINNNQNNRSNNS------------------------------------------NTSNTLI---NCNTSAI-T---QA, 0.0971, 0
1.587731, -119.0828, 18, POINT, N, VKLTPLCVTLNCTNVTNNNTD-------------------------------------DMRGELKN----CSFNT-T-TN--LRT-KK-KKV-YSLF-NRLDVVQINNNQNNRSNNS------------------------------------------NTSNTLI---NCNTSAI-T---QA, 0.0943, 0
1.577472, -119.7818, [94, 99], CHUNK, ['A', 'K'], VKLTPLCVTLNCTNVTNNITD-------------------------------------DMRGELKN----CSFNT-T-TN--LRT-KK-KKV-YALF-NKLDVVQINNNQNNRSNNS------------------------------------------NTSNTLI---NCNTSAI-T---QA, 0.0923, 0
1.578370, -121.3169, 18, POINT, N, VKLTPLCVTLNCTNVTNNNTD-------------------------------------DMRGELKN----CSFNT-T-TN--LRD-KK-KKV-YSLF-NRLDVVQINNNQNNRSNNS------------------------------------------NTSNTLI---NCNTSAI-T---QA, 0.0976, 1
1.582426, -120.5559, 63, POINT, I, VKLTPLCVTLNCTNVTNNNTD-------------------------------------DMRGEIKN----CSFNT-T-TN--LRD-KK-KKV-YSLF-NRLDVVQINNNQNNRSNNS------------------------------------------NTSNTLI---NCNTSAI-T---QA, 0.1357, 1
1.612529, -116.8277, [58, 59, 60], CHUNK, ['E', 'T', 'K'], VKLTPLCVTLNCTNVTNNNTD-------------------------------------ETKGEIKN----CSFNT-T-TN--LRD-KK-KKV-YSLF-NRLDVVQINNNQNNRSNNS------------------------------------------NTSNTLI---NCNTSAI-T---QA, 0.1357, 0
1.590957, -119.0199, 99, POINT, S, VKLTPLCVTLNCTNVTNNNTD-------------------------------------DMRGEIKN----CSFNT-T-TN--LRD-KK-KKV-YSLF-NSLDVVQINNNQNNRSNNS------------------------------------------NTSNTLI---NCNTSAI-T---QA, 0.1567, 1
1.599539, -74.9227, [61, 63], CHUNK, ['E', 'T'], VKLTPLCVTLNCTNVTNNNTD-------------------------------------DMREETKN----CSFNT-T-TN--LRD-KK-KKV-YSLF-NSLDVVQINNNQNNRSNNS------------------------------------------NTSNTLI---NCNTSAI-T---QA, 0.2975, 0
1.631664, -77.7544, [58, 59, 60, 61, 62, 63, 65], CHUNK, ['N', 'S', 'T', 'D', 'T', 'M', 'I'], VKLTPLCVTLNCTNVTNNNTD-------------------------------------NSTDTMKI----CSFNT-T-TN--LRD-KK-KKV-YSLF-NSLDVVQINNNQNNRSNNS------------------------------------------NTSNTLI---NCNTSAI-T---QA, 0.2404, 0
1.598073, -100.8225, [174], CHUNK, ['V'], VKLTPLCVTLNCTNVTNNNTD-------------------------------------DMRGEIKN----CSFNT-T-TN--LRD-KK-KKV-YSLF-NSLDVVQINNNQNNRSNNS------------------------------------------NTSNTLI---NCNTSVI-T---QA, 0.4715, 0
1.613546, -119.3953, 20, POINT, N, VKLTPLCVTLNCTNVTNNNTN-------------------------------------DMRGEIKN----CSFNT-T-TN--LRD-KK-KKV-YSLF-NSLDVVQINNNQNNRSNNS------------------------------------------NTSNTLI---NCNTSAI-T---QA, 0.1567, 0
1.597541, -118.5060, [174], CHUNK, ['T'], VKLTPLCVTLNCTNVTNNNTD-------------------------------------DMRGEIKN----CSFNT-T-TN--LRD-KK-KKV-YSLF-NRLDVVQINNNQNNRSNNS------------------------------------------NTSNTLI---NCNTSTI-T---QA, 0.1429, 0
1.590957, -119.0364, 99, POINT, S, VKLTPLCVTLNCTNVTNNNTD-------------------------------------DMRGEIKN----CSFNT-T-TN--LRD-KK-KKV-YSLF-NSLDVVQINNNQNNRSNNS------------------------------------------NTSNTLI---NCNTSAI-T---QA, 0.1352, 0
1.591297, -120.4571, [93, 94, 98, 99], CHUNK, ['N', 'A', 'Y', 'K'], VKLTPLCVTLNCTNVTNNNTD-------------------------------------DMRGEIKN----CSFNT-T-TN--LRD-KK-KKV-NALF-YKLDVVQINNNQNNRSNNS------------------------------------------NTSNTLI---NCNTSAI-T---QA, 0.1325, 0
1.604921, -77.1865, [58, 59, 60, 61, 63], CHUNK, ['T', 'G', 'I', 'K', 'M'], VKLTPLCVTLNCTNVTNNNTD-------------------------------------TGIKEMKN----CSFNT-T-TN--LRD-KK-KKV-YSLF-NRLDVVQINNNQNNRSNNS------------------------------------------NTSNTLI---NCNTSAI-T---QA, 0.1357, 0
1.583853, -121.7057, 59, POINT, E, VKLTPLCVTLNCTNVTNNNTD-------------------------------------DERGELKN----CSFNT-T-TN--LRD-KK-KKV-YSLF-NRLDVVQINNNQNNRSNNS------------------------------------------NTSNTLI---NCNTSAI-T---QA, 0.0976, 0
1.602858, -120.5918, 59, POINT, T, VKLTPLCVTLNCTNVTNNNTD-------------------------------------DTRGELKN----CSFNT-T-TN--LRD-KK-KKV-YSLF-NRLDVVQINNNQNNRSNNS------------------------------------------NTSNTLI---NCNTSAI-T---QA, 0.1266, 0
1.582426, -120.1825, [63], CHUNK, ['I'], VKLTPLCVTLNCTNVTNNNTD-------------------------------------DMRGEIKN----CSFNT-T-TN--LRD-KK-KKV-YSLF-NRLDVVQINNNQNNRSNNS------------------------------------------NTSNTLI---NCNTSAI-T---QA, 0.0926, 0
1.588147, -122.2002, 84, POINT, N, VKLTPLCVTLNCTNVTNNNTD-------------------------------------DMRGELKN----CSFNT-T-TN--LRN-KK-KKV-YSLF-NRLDVVQINNNQNNRSNNS------------------------------------------NTSNTLI---NCNTSAI-T---QA, 0.1394, 0
1.568698, -121.8589, 99, POINT, K, VKLTPLCVTLNCTNVTNNITD-------------------------------------DMRGELKN----CSFNT-T-TN--LRD-KK-KKV-YSLF-NKLDVVQINNNQNNRSNNS------------------------------------------NTSNTLI---NCNTSAI-T---QA, 0.0966, 1
1.588829, -120.7968, 18, POINT, T, VKLTPLCVTLNCTNVTNNTTD-------------------------------------DMRGELKN----CSFNT-T-TN--LRD-KK-KKV-YSLF-NKLDVVQINNNQNNRSNNS------------------------------------------NTSNTLI---NCNTSAI-T---QA, 0.1123, 1
1.605254, -120.4091, 83, POINT, N, VKLTPLCVTLNCTNVTNNTTD-------------------------------------DMRGELKN----CSFNT-T-TN--LND-KK-KKV-YSLF-NKLDVVQINNNQNNRSNNS------------------------------------------NTSNTLI---NCNTSAI-T---QA, 0.1282, 0
1.595944, -106.9414, 174, POINT, V, VKLTPLCVTLNCTNVTNNTTD-------------------------------------DMRGELKN----CSFNT-T-TN--LRD-KK-KKV-YSLF-NKLDVVQINNNQNNRSNNS------------------------------------------NTSNTLI---NCNTSVI-T---QA, 0.4762, 0
1.593630, -121.0842, 104, POINT, P, VKLTPLCVTLNCTNVTNNTTD-------------------------------------DMRGELKN----CSFNT-T-TN--LRD-KK-KKV-YSLF-NKLDVVPINNNQNNRSNNS------------------------------------------NTSNTLI---NCNTSAI-T---QA, 0.1169, 0
1.601577, -119.2519, 93, POINT, N, VKLTPLCVTLNCTNVTNNTTD-------------------------------------DMRGELKN----CSFNT-T-TN--LRD-KK-KKV-NSLF-NKLDVVQINNNQNNRSNNS------------------------------------------NTSNTLI---NCNTSAI-T---QA, 0.1469, 0
1.574182, -22.3061, 82, POINT, I, VKLTPLCVTLNCTNVTNNITD-------------------------------------DMRGELKN----CSFNT-T-TN--IRD-KK-KKV-YSLF-NKLDVVQINNNQNNRSNNS------------------------------------------NTSNTLI---NCNTSAI-T---QA, 0.3370, 0
1.580612, -120.9225, 58, POINT, S, VKLTPLCVTLNCTNVTNNITD-------------------------------------SMRGELKN----CSFNT-T-TN--LRD-KK-KKV-YSLF-NKLDVVQINNNQNNRSNNS------------------------------------------NTSNTLI---NCNTSAI-T---QA, 0.0966, 0
1.586359, -120.0119, 18, POINT, N, VKLTPLCVTLNCTNVTNNNTD-------------------------------------DMRGELKN----CSFNT-T-TN--LRD-KK-KKV-YSLF-NKLDVVQINNNQNNRSNNS------------------------------------------NTSNTLI---NCNTSAI-T---QA, 0.1241, 0
1.574182, -18.5639, 82, POINT, I, VKLTPLCVTLNCTNVTNNITD-------------------------------------DMRGELKN----CSFNT-T-TN--IRD-KK-KKV-YSLF-NKLDVVQINNNQNNRSNNS------------------------------------------NTSNTLI---NCNTSAI-T---QA, 0.2685, 0
1.593221, -122.6171, 109, POINT, S, VKLTPLCVTLNCTNVTNNITD-------------------------------------DMRGELKN----CSFNT-T-TN--LRD-KK-KKV-YSLF-NRLDVVQINNNSNNRSNNS------------------------------------------NTSNTLI---NCNTSAI-T---QA, 0.0966, 0
1.567825, -104.1023, [174], CHUNK, ['V'], VKLTPLCVTLNCTNVTNNITD-------------------------------------DMRGELKN----CSFNT-T-TN--LRD-KK-KKV-YSLF-NRLDVVQINNNQNNRSNNS------------------------------------------NTSNTLI---NCNTSVI-T---QA, 0.4818, 0
1.564754, -122.5914, [63], CHUNK, ['I'], VKLTPLCVTLNCTNVTNNITD-------------------------------------DMRGEIKN----CSFNT-T-TN--LRD-KK-KKV-YSLF-NRLDVVQINNNQNNRSNNS------------------------------------------NTSNTLI---NCNTSAI-T---QA, 0.0966, 0
1.580131, -124.0518, 20, POINT, N, VKLTPLCVTLNCTNVTNNITN-------------------------------------DMRGELKN----CSFNT-T-TN--LRD-KK-KKV-YSLF-NRLDVVQINNNQNNRSNNS------------------------------------------NTSNTLI---NCNTSAI-T---QA, 0.0966, 0
1.535632, -128.3002, 59, POINT, L, VKLTPLCVTLNCTNVTNNITD-------------------------------------DLRGELKN----CSFNM-T-TN--LRD-KK-KKV-YSLF-NRLDVVQINNNQNNRSNNS------------------------------------------NTSNTLI---NCNTSAI-T---QA, 0.0617, 0
1.546274, -94.9596, [74], CHUNK, ['I'], VKLTPLCVTLNCTNVTNNITD-------------------------------------DMRGELKN----CSFNI-T-TN--LRD-KK-KKV-YSLF-NRLDVVQINNNQNNRSNNS------------------------------------------NTSNTLI---NCNTSAI-T---QA, 0.3095, 0
1.544360, -109.9672, [74], CHUNK, ['V'], VKLTPLCVTLNCTNVTNNITD-------------------------------------DMRGELKN----CSFNV-T-TN--LRD-KK-KKV-YSLF-NRLDVVQINNNQNNRSNNS------------------------------------------NTSNTLI---NCNTSAI-T---QA, 0.3236, 0
1.544843, -110.6226, 61, POINT, N, VKLTPLCVTLNCTNVTNNITD-------------------------------------DMRNELKN----CSFNM-T-TN--LRD-KK-KKV-YSLF-NRLDVVQINNNQNNRSNNS------------------------------------------NTSNTLI---NCNTSAI-T---QA, 0.0601, 0
