Name base = V1V2_200_exp_3_1_ni
Iters = 200
Soft coverage = 0.284621885725
Energy = -128.717377515
Hard Covereage = 0.0368019545157
Num epitopes = 65
Initial seq = VKLTPLCVTLQCTNVTNNITD-------------------------------------DMRGELKN----CSFNM-T-TE--LRD-KK-QKV-YSLF-YRLDVVQINENQGNRSNNS------------------------------------------NKEYRLI---NCNTSAI-T---QA
-------START OF DATA------
0.293003, -129.0939, 94, POINT, A, VKLTPLCVTLQCTNVTNNITD-------------------------------------DMRGELKN----CSFNM-T-TE--LRD-KK-QKV-YALF-YRLDVVQINENQGNRSNNS------------------------------------------NKEYRLI---NCNTSAI-T---QA, 0.0000, 1
0.295173, -127.5928, 174, POINT, T, VKLTPLCVTLQCTNVTNNITD-------------------------------------DMRGELKN----CSFNM-T-TE--LRD-KK-QKV-YALF-YRLDVVQINENQGNRSNNS------------------------------------------NKEYRLI---NCNTSTI-T---QA, 0.0775, 1
0.301977, -126.3580, 99, POINT, K, VKLTPLCVTLQCTNVTNNITD-------------------------------------DMRGELKN----CSFNM-T-TE--LRD-KK-QKV-YALF-YKLDVVQINENQGNRSNNS------------------------------------------NKEYRLI---NCNTSTI-T---QA, 0.0775, 1
0.309248, -124.7269, 63, POINT, I, VKLTPLCVTLQCTNVTNNITD-------------------------------------DMRGEIKN----CSFNM-T-TE--LRD-KK-QKV-YALF-YKLDVVQINENQGNRSNNS------------------------------------------NKEYRLI---NCNTSTI-T---QA, 0.0775, 0
0.325643, -126.6625, [10], CHUNK, ['N'], VKLTPLCVTLNCTNVTNNITD-------------------------------------DMRGELKN----CSFNM-T-TE--LRD-KK-QKV-YALF-YKLDVVQINENQGNRSNNS------------------------------------------NKEYRLI---NCNTSTI-T---QA, 0.0775, 0
0.325643, -126.6625, [10], CHUNK, ['N'], VKLTPLCVTLNCTNVTNNITD-------------------------------------DMRGELKN----CSFNM-T-TE--LRD-KK-QKV-YALF-YKLDVVQINENQGNRSNNS------------------------------------------NKEYRLI---NCNTSTI-T---QA, 0.0775, 1
0.335615, -78.2161, [74], CHUNK, ['I'], VKLTPLCVTLNCTNVTNNITD-------------------------------------DMRGELKN----CSFNI-T-TE--LRD-KK-QKV-YALF-YKLDVVQINENQGNRSNNS------------------------------------------NKEYRLI---NCNTSTI-T---QA, 0.3936, 0
0.335615, -91.8898, [74], CHUNK, ['I'], VKLTPLCVTLNCTNVTNNITD-------------------------------------DMRGELKN----CSFNI-T-TE--LRD-KK-QKV-YALF-YKLDVVQINENQGNRSNNS------------------------------------------NKEYRLI---NCNTSTI-T---QA, 0.5636, 0
0.333078, -125.6344, [160, 161], CHUNK, ['S', 'S'], VKLTPLCVTLNCTNVTNNITD-------------------------------------DMRGELKN----CSFNM-T-TE--LRD-KK-QKV-YALF-YKLDVVQINENQGNRSNNS------------------------------------------NSSYRLI---NCNTSTI-T---QA, 0.0775, 0
0.337750, -125.7762, [160, 161], CHUNK, ['T', 'S'], VKLTPLCVTLNCTNVTNNITD-------------------------------------DMRGELKN----CSFNM-T-TE--LRD-KK-QKV-YALF-YKLDVVQINENQGNRSNNS------------------------------------------NTSYRLI---NCNTSTI-T---QA, 0.0775, 1
0.343755, -126.8728, [108, 109, 110], CHUNK, ['D', 'N', 'N'], VKLTPLCVTLNCTNVTNNITD-------------------------------------DMRGELKN----CSFNM-T-TE--LRD-KK-QKV-YALF-YKLDVVQINEDNNNRSNNS------------------------------------------NTSYRLI---NCNTSTI-T---QA, 0.0775, 1
0.349813, -125.3087, 91, POINT, E, VKLTPLCVTLNCTNVTNNITD-------------------------------------DMRGELKN----CSFNM-T-TE--LRD-KK-QKE-YALF-YKLDVVQINEDNNNRSNNS------------------------------------------NTSYRLI---NCNTSTI-T---QA, 0.0775, 1
0.359785, -107.7178, [74], CHUNK, ['I'], VKLTPLCVTLNCTNVTNNITD-------------------------------------DMRGELKN----CSFNI-T-TE--LRD-KK-QKE-YALF-YKLDVVQINEDNNNRSNNS------------------------------------------NTSYRLI---NCNTSTI-T---QA, 0.1754, 0
0.359785, -109.3326, [74], CHUNK, ['I'], VKLTPLCVTLNCTNVTNNITD-------------------------------------DMRGELKN----CSFNI-T-TE--LRD-KK-QKE-YALF-YKLDVVQINEDNNNRSNNS------------------------------------------NTSYRLI---NCNTSTI-T---QA, 0.3220, 0
0.357492, -123.3939, [58, 59, 60], CHUNK, ['N', 'N', 'K'], VKLTPLCVTLNCTNVTNNITD-------------------------------------NNKGELKN----CSFNM-T-TE--LRD-KK-QKE-YALF-YKLDVVQINEDNNNRSNNS------------------------------------------NTSYRLI---NCNTSTI-T---QA, 0.0775, 0
0.359785, -113.0768, [74], CHUNK, ['I'], VKLTPLCVTLNCTNVTNNITD-------------------------------------DMRGELKN----CSFNI-T-TE--LRD-KK-QKE-YALF-YKLDVVQINEDNNNRSNNS------------------------------------------NTSYRLI---NCNTSTI-T---QA, 0.2219, 0
0.346592, -123.5981, 20, POINT, T, VKLTPLCVTLNCTNVTNNITT-------------------------------------DMRGELKN----CSFNM-T-TE--LRD-KK-QKV-YALF-YKLDVVQINEDNNNRSNNS------------------------------------------NTSYRLI---NCNTSTI-T---QA, 0.0775, 0
0.347935, -127.0405, 107, POINT, N, VKLTPLCVTLNCTNVTNNITD-------------------------------------DMRGELKN----CSFNM-T-TE--LRD-KK-QKV-YALF-YKLDVVQINNDNNNRSNNS------------------------------------------NTSYRLI---NCNTSTI-T---QA, 0.0775, 0
0.348868, -104.6333, [174], CHUNK, ['V'], VKLTPLCVTLNCTNVTNNITD-------------------------------------DMRGELKN----CSFNM-T-TE--LRD-KK-QKV-YALF-YKLDVVQINEDNNNRSNNS------------------------------------------NTSYRLI---NCNTSVI-T---QA, 0.3286, 0
0.351026, -125.2417, [63], CHUNK, ['I'], VKLTPLCVTLNCTNVTNNITD-------------------------------------DMRGEIKN----CSFNM-T-TE--LRD-KK-QKV-YALF-YKLDVVQINEDNNNRSNNS------------------------------------------NTSYRLI---NCNTSTI-T---QA, 0.0775, 1
0.357084, -123.6776, [91], CHUNK, ['E'], VKLTPLCVTLNCTNVTNNITD-------------------------------------DMRGEIKN----CSFNM-T-TE--LRD-KK-QKE-YALF-YKLDVVQINEDNNNRSNNS------------------------------------------NTSYRLI---NCNTSTI-T---QA, 0.0775, 0
0.356139, -104.1922, [174], CHUNK, ['V'], VKLTPLCVTLNCTNVTNNITD-------------------------------------DMRGEIKN----CSFNM-T-TE--LRD-KK-QKV-YALF-YKLDVVQINEDNNNRSNNS------------------------------------------NTSYRLI---NCNTSVI-T---QA, 0.3781, 0
0.353190, -122.9005, 18, POINT, N, VKLTPLCVTLNCTNVTNNNTD-------------------------------------DMRGEIKN----CSFNM-T-TE--LRD-KK-QKV-YALF-YKLDVVQINEDNNNRSNNS------------------------------------------NTSYRLI---NCNTSTI-T---QA, 0.0775, 0
0.356139, -101.9041, 174, POINT, V, VKLTPLCVTLNCTNVTNNITD-------------------------------------DMRGEIKN----CSFNM-T-TE--LRD-KK-QKV-YALF-YKLDVVQINEDNNNRSNNS------------------------------------------NTSYRLI---NCNTSVI-T---QA, 0.5463, 0
0.353727, -67.9254, [74], CHUNK, ['I'], VKLTPLCVTLNCTNVTNNITD-------------------------------------DMRGELKN----CSFNI-T-TE--LRD-KK-QKV-YALF-YKLDVVQINEDNNNRSNNS------------------------------------------NTSYRLI---NCNTSTI-T---QA, 0.4120, 0
0.353727, -73.0516, [74], CHUNK, ['I'], VKLTPLCVTLNCTNVTNNITD-------------------------------------DMRGELKN----CSFNI-T-TE--LRD-KK-QKV-YALF-YKLDVVQINEDNNNRSNNS------------------------------------------NTSYRLI---NCNTSTI-T---QA, 0.6586, 0
0.347935, -127.0405, 107, POINT, N, VKLTPLCVTLNCTNVTNNITD-------------------------------------DMRGELKN----CSFNM-T-TE--LRD-KK-QKV-YALF-YKLDVVQINNDNNNRSNNS------------------------------------------NTSYRLI---NCNTSTI-T---QA, 0.0775, 1
0.353048, -107.6782, 174, POINT, V, VKLTPLCVTLNCTNVTNNITD-------------------------------------DMRGELKN----CSFNM-T-TE--LRD-KK-QKV-YALF-YKLDVVQINNDNNNRSNNS------------------------------------------NTSYRLI---NCNTSVI-T---QA, 0.3700, 0
0.357907, -63.7851, [74], CHUNK, ['I'], VKLTPLCVTLNCTNVTNNITD-------------------------------------DMRGELKN----CSFNI-T-TE--LRD-KK-QKV-YALF-YKLDVVQINNDNNNRSNNS------------------------------------------NTSYRLI---NCNTSTI-T---QA, 0.4617, 0
0.348547, -119.5009, 58, POINT, I, VKLTPLCVTLNCTNVTNNITD-------------------------------------IMRGELKN----CSFNM-T-TE--LRD-KK-QKV-YALF-YKLDVVQINNDNNNRSNNS------------------------------------------NTSYRLI---NCNTSTI-T---QA, 0.0775, 0
0.353439, -127.2792, 104, POINT, P, VKLTPLCVTLNCTNVTNNITD-------------------------------------DMRGELKN----CSFNM-T-TE--LRD-KK-QKV-YALF-YKLDVVPINNDNNNRSNNS------------------------------------------NTSYRLI---NCNTSTI-T---QA, 0.0775, 1
0.358552, -106.6111, 174, POINT, V, VKLTPLCVTLNCTNVTNNITD-------------------------------------DMRGELKN----CSFNM-T-TE--LRD-KK-QKV-YALF-YKLDVVPINNDNNNRSNNS------------------------------------------NTSYRLI---NCNTSVI-T---QA, 0.4121, 0
0.355613, -124.9379, 18, POINT, N, VKLTPLCVTLNCTNVTNNNTD-------------------------------------DMRGELKN----CSFNM-T-TE--LRD-KK-QKV-YALF-YKLDVVPINNDNNNRSNNS------------------------------------------NTSYRLI---NCNTSTI-T---QA, 0.0775, 0
0.360710, -125.6481, [63], CHUNK, ['I'], VKLTPLCVTLNCTNVTNNITD-------------------------------------DMRGEIKN----CSFNM-T-TE--LRD-KK-QKV-YALF-YKLDVVPINNDNNNRSNNS------------------------------------------NTSYRLI---NCNTSTI-T---QA, 0.0775, 1
0.362382, -4.0495, 82, POINT, I, VKLTPLCVTLNCTNVTNNITD-------------------------------------DMRGEIKN----CSFNM-T-TE--IRD-KK-QKV-YALF-YKLDVVPINNDNNNRSNNS------------------------------------------NTSYRLI---NCNTSTI-T---QA, 0.2857, 0
0.365823, -101.2655, 174, POINT, V, VKLTPLCVTLNCTNVTNNITD-------------------------------------DMRGEIKN----CSFNM-T-TE--LRD-KK-QKV-YALF-YKLDVVPINNDNNNRSNNS------------------------------------------NTSYRLI---NCNTSVI-T---QA, 0.2701, 0
0.372102, -76.7220, [74], CHUNK, ['I'], VKLTPLCVTLNCTNVTNNITD-------------------------------------DMRGEIKN----CSFNI-T-TE--LRD-KK-QKV-YALF-YKLDVVPINNDNNNRSNNS------------------------------------------NTSYRLI---NCNTSTI-T---QA, 0.6213, 0
0.366767, -124.0840, 91, POINT, E, VKLTPLCVTLNCTNVTNNITD-------------------------------------DMRGEIKN----CSFNM-T-TE--LRD-KK-QKE-YALF-YKLDVVPINNDNNNRSNNS------------------------------------------NTSYRLI---NCNTSTI-T---QA, 0.0775, 0
0.363410, -98.5917, [74], CHUNK, ['I'], VKLTPLCVTLNCTNVTNNITD-------------------------------------DMRGELKN----CSFNI-T-TE--LRD-KK-QKV-YALF-YKLDVVPINNDNNNRSNNS------------------------------------------NTSYRLI---NCNTSTI-T---QA, 0.6866, 0
0.359496, -125.7151, [91], CHUNK, ['E'], VKLTPLCVTLNCTNVTNNITD-------------------------------------DMRGELKN----CSFNM-T-TE--LRD-KK-QKE-YALF-YKLDVVPINNDNNNRSNNS------------------------------------------NTSYRLI---NCNTSTI-T---QA, 0.0775, 1
0.369468, -103.7154, [74], CHUNK, ['I'], VKLTPLCVTLNCTNVTNNITD-------------------------------------DMRGELKN----CSFNI-T-TE--LRD-KK-QKE-YALF-YKLDVVPINNDNNNRSNNS------------------------------------------NTSYRLI---NCNTSTI-T---QA, 0.2926, 0
0.366767, -124.0840, [63], CHUNK, ['I'], VKLTPLCVTLNCTNVTNNITD-------------------------------------DMRGEIKN----CSFNM-T-TE--LRD-KK-QKE-YALF-YKLDVVPINNDNNNRSNNS------------------------------------------NTSYRLI---NCNTSTI-T---QA, 0.0775, 1
0.371411, -105.5914, 74, POINT, V, VKLTPLCVTLNCTNVTNNITD-------------------------------------DMRGEIKN----CSFNV-T-TE--LRD-KK-QKE-YALF-YKLDVVPINNDNNNRSNNS------------------------------------------NTSYRLI---NCNTSTI-T---QA, 0.3158, 0
0.369132, -122.5392, 18, POINT, T, VKLTPLCVTLNCTNVTNNTTD-------------------------------------DMRGEIKN----CSFNM-T-TE--LRD-KK-QKE-YALF-YKLDVVPINNDNNNRSNNS------------------------------------------NTSYRLI---NCNTSTI-T---QA, 0.0775, 1
0.369413, -122.0155, 87, POINT, V, VKLTPLCVTLNCTNVTNNTTD-------------------------------------DMRGEIKN----CSFNM-T-TE--LRD-KV-QKE-YALF-YKLDVVPINNDNNNRSNNS------------------------------------------NTSYRLI---NCNTSTI-T---QA, 0.0775, 1
0.380859, -94.3537, [74], CHUNK, ['I'], VKLTPLCVTLNCTNVTNNTTD-------------------------------------DMRGEIKN----CSFNI-T-TE--LRD-KV-QKE-YALF-YKLDVVPINNDNNNRSNNS------------------------------------------NTSYRLI---NCNTSTI-T---QA, 0.4121, 0
0.376853, -119.8062, [58, 59, 60], CHUNK, ['N', 'S', 'S'], VKLTPLCVTLNCTNVTNNTTD-------------------------------------NSSGEIKN----CSFNM-T-TE--LRD-KV-QKE-YALF-YKLDVVPINNDNNNRSNNS------------------------------------------NTSYRLI---NCNTSTI-T---QA, 0.0775, 0
0.372087, -118.6792, [58, 59, 60], CHUNK, ['T', 'I', 'A'], VKLTPLCVTLNCTNVTNNTTD-------------------------------------TIAGEIKN----CSFNM-T-TE--LRD-KV-QKE-YALF-YKLDVVPINNDNNNRSNNS------------------------------------------NTSYRLI---NCNTSTI-T---QA, 0.0775, 0
0.372472, -122.4131, 20, POINT, N, VKLTPLCVTLNCTNVTNNTTN-------------------------------------DMRGEIKN----CSFNM-T-TE--LRD-KV-QKE-YALF-YKLDVVPINNDNNNRSNNS------------------------------------------NTSYRLI---NCNTSTI-T---QA, 0.0775, 1
0.383917, -108.2345, [74], CHUNK, ['I'], VKLTPLCVTLNCTNVTNNTTN-------------------------------------DMRGEIKN----CSFNI-T-TE--LRD-KV-QKE-YALF-YKLDVVPINNDNNNRSNNS------------------------------------------NTSYRLI---NCNTSTI-T---QA, 0.2017, 0
0.374853, -122.3966, 60, POINT, N, VKLTPLCVTLNCTNVTNNTTN-------------------------------------DMNGEIKN----CSFNM-T-TE--LRD-KV-QKE-YALF-YKLDVVPINNDNNNRSNNS------------------------------------------NTSYRLI---NCNTSTI-T---QA, 0.0775, 0
0.376491, -119.3467, 74, POINT, T, VKLTPLCVTLNCTNVTNNTTN-------------------------------------DMRGEIKN----CSFNT-T-TE--LRD-KV-QKE-YALF-YKLDVVPINNDNNNRSNNS------------------------------------------NTSYRLI---NCNTSTI-T---QA, 0.0775, 0
0.377139, -113.5884, 74, POINT, V, VKLTPLCVTLNCTNVTNNTTN-------------------------------------DMRGEIKN----CSFNV-T-TE--LRD-KV-QKE-YALF-YKLDVVPINNDNNNRSNNS------------------------------------------NTSYRLI---NCNTSTI-T---QA, 0.2024, 0
0.374527, -95.5199, 174, POINT, V, VKLTPLCVTLNCTNVTNNTTD-------------------------------------DMRGEIKN----CSFNM-T-TE--LRD-KV-QKE-YALF-YKLDVVPINNDNNNRSNNS------------------------------------------NTSYRLI---NCNTSVI-T---QA, 0.5334, 0
0.380859, -106.7017, [74], CHUNK, ['I'], VKLTPLCVTLNCTNVTNNTTD-------------------------------------DMRGEIKN----CSFNI-T-TE--LRD-KV-QKE-YALF-YKLDVVPINNDNNNRSNNS------------------------------------------NTSYRLI---NCNTSTI-T---QA, 0.2330, 0
0.374527, -98.3453, [174], CHUNK, ['V'], VKLTPLCVTLNCTNVTNNTTD-------------------------------------DMRGEIKN----CSFNM-T-TE--LRD-KV-QKE-YALF-YKLDVVPINNDNNNRSNNS------------------------------------------NTSYRLI---NCNTSVI-T---QA, 0.3915, 0
0.369961, -122.2460, 59, POINT, D, VKLTPLCVTLNCTNVTNNTTD-------------------------------------DDRGEIKN----CSFNM-T-TE--LRD-KV-QKE-YALF-YKLDVVPINNDNNNRSNNS------------------------------------------NTSYRLI---NCNTSTI-T---QA, 0.0775, 0
0.374245, -109.7971, [174], CHUNK, ['V'], VKLTPLCVTLNCTNVTNNTTD-------------------------------------DMRGEIKN----CSFNM-T-TE--LRD-KK-QKE-YALF-YKLDVVPINNDNNNRSNNS------------------------------------------NTSYRLI---NCNTSVI-T---QA, 0.5957, 0
0.380525, -109.1351, 74, POINT, I, VKLTPLCVTLNCTNVTNNTTD-------------------------------------DMRGEIKN----CSFNI-T-TE--LRD-KK-QKE-YALF-YKLDVVPINNDNNNRSNNS------------------------------------------NTSYRLI---NCNTSTI-T---QA, 0.3764, 0
0.380525, -104.0150, [74], CHUNK, ['I'], VKLTPLCVTLNCTNVTNNTTD-------------------------------------DMRGEIKN----CSFNI-T-TE--LRD-KK-QKE-YALF-YKLDVVPINNDNNNRSNNS------------------------------------------NTSYRLI---NCNTSTI-T---QA, 0.3118, 0
0.373776, -105.6290, [74], CHUNK, ['V'], VKLTPLCVTLNCTNVTNNTTD-------------------------------------DMRGEIKN----CSFNV-T-TE--LRD-KK-QKE-YALF-YKLDVVPINNDNNNRSNNS------------------------------------------NTSYRLI---NCNTSTI-T---QA, 0.2022, 0
0.371881, -100.0189, 174, POINT, V, VKLTPLCVTLNCTNVTNNITD-------------------------------------DMRGEIKN----CSFNM-T-TE--LRD-KK-QKE-YALF-YKLDVVPINNDNNNRSNNS------------------------------------------NTSYRLI---NCNTSVI-T---QA, 0.5563, 0
0.369524, -123.8807, [106, 108], CHUNK, ['D', 'N'], VKLTPLCVTLNCTNVTNNITD-------------------------------------DMRGEIKN----CSFNM-T-TE--LRD-KK-QKE-YALF-YKLDVVPIDNNNNNRSNNS------------------------------------------NTSYRLI---NCNTSTI-T---QA, 0.0775, 0
0.367693, -123.9427, [106], CHUNK, ['D'], VKLTPLCVTLNCTNVTNNITD-------------------------------------DMRGEIKN----CSFNM-T-TE--LRD-KK-QKE-YALF-YKLDVVPIDNDNNNRSNNS------------------------------------------NTSYRLI---NCNTSTI-T---QA, 0.0775, 1
0.367974, -123.4190, 87, POINT, V, VKLTPLCVTLNCTNVTNNITD-------------------------------------DMRGEIKN----CSFNM-T-TE--LRD-KV-QKE-YALF-YKLDVVPIDNDNNNRSNNS------------------------------------------NTSYRLI---NCNTSTI-T---QA, 0.0775, 1
0.373087, -99.0423, [174], CHUNK, ['V'], VKLTPLCVTLNCTNVTNNITD-------------------------------------DMRGEIKN----CSFNM-T-TE--LRD-KV-QKE-YALF-YKLDVVPIDNDNNNRSNNS------------------------------------------NTSYRLI---NCNTSVI-T---QA, 0.3486, 0
0.379420, -100.0165, [74], CHUNK, ['I'], VKLTPLCVTLNCTNVTNNITD-------------------------------------DMRGEIKN----CSFNI-T-TE--LRD-KV-QKE-YALF-YKLDVVPIDNDNNNRSNNS------------------------------------------NTSYRLI---NCNTSTI-T---QA, 0.5565, 0
0.374555, -121.5236, [58, 59, 60], CHUNK, ['N', 'I', 'K'], VKLTPLCVTLNCTNVTNNITD-------------------------------------NIKGEIKN----CSFNM-T-TE--LRD-KV-QKE-YALF-YKLDVVPIDNDNNNRSNNS------------------------------------------NTSYRLI---NCNTSTI-T---QA, 0.0775, 1
0.379668, -97.7570, [174], CHUNK, ['V'], VKLTPLCVTLNCTNVTNNITD-------------------------------------NIKGEIKN----CSFNM-T-TE--LRD-KV-QKE-YALF-YKLDVVPIDNDNNNRSNNS------------------------------------------NTSYRLI---NCNTSVI-T---QA, 0.5249, 0
0.380106, -120.3400, [18, 20], CHUNK, ['T', 'N'], VKLTPLCVTLNCTNVTNNTTN-------------------------------------NIKGEIKN----CSFNM-T-TE--LRD-KV-QKE-YALF-YKLDVVPIDNDNNNRSNNS------------------------------------------NTSYRLI---NCNTSTI-T---QA, 0.0775, 1
0.384774, -95.4077, [74], CHUNK, ['V'], VKLTPLCVTLNCTNVTNNTTN-------------------------------------NIKGEIKN----CSFNV-T-TE--LRD-KV-QKE-YALF-YKLDVVPIDNDNNNRSNNS------------------------------------------NTSYRLI---NCNTSTI-T---QA, 0.4497, 0
0.384774, -104.9468, [74], CHUNK, ['V'], VKLTPLCVTLNCTNVTNNTTN-------------------------------------NIKGEIKN----CSFNV-T-TE--LRD-KV-QKE-YALF-YKLDVVPIDNDNNNRSNNS------------------------------------------NTSYRLI---NCNTSTI-T---QA, 0.3661, 0
0.385220, -92.2459, [174], CHUNK, ['V'], VKLTPLCVTLNCTNVTNNTTN-------------------------------------NIKGEIKN----CSFNM-T-TE--LRD-KV-QKE-YALF-YKLDVVPIDNDNNNRSNNS------------------------------------------NTSYRLI---NCNTSVI-T---QA, 0.2793, 0
0.385220, -100.1570, [174], CHUNK, ['V'], VKLTPLCVTLNCTNVTNNTTN-------------------------------------NIKGEIKN----CSFNM-T-TE--LRD-KV-QKE-YALF-YKLDVVPIDNDNNNRSNNS------------------------------------------NTSYRLI---NCNTSVI-T---QA, 0.3842, 1
0.396665, -89.4646, [74], CHUNK, ['I'], VKLTPLCVTLNCTNVTNNTTN-------------------------------------NIKGEIKN----CSFNI-T-TE--LRD-KV-QKE-YALF-YKLDVVPIDNDNNNRSNNS------------------------------------------NTSYRLI---NCNTSVI-T---QA, 0.5676, 0
0.389887, -82.9525, 74, POINT, V, VKLTPLCVTLNCTNVTNNTTN-------------------------------------NIKGEIKN----CSFNV-T-TE--LRD-KV-QKE-YALF-YKLDVVPIDNDNNNRSNNS------------------------------------------NTSYRLI---NCNTSVI-T---QA, 1.2298, 0
0.396665, -92.7704, [74], CHUNK, ['I'], VKLTPLCVTLNCTNVTNNTTN-------------------------------------NIKGEIKN----CSFNI-T-TE--LRD-KV-QKE-YALF-YKLDVVPIDNDNNNRSNNS------------------------------------------NTSYRLI---NCNTSVI-T---QA, 0.5278, 0
0.386657, -98.5311, 169, POINT, S, VKLTPLCVTLNCTNVTNNTTN-------------------------------------NIKGEIKN----CSFNM-T-TE--LRD-KV-QKE-YALF-YKLDVVPIDNDNNNRSNNS------------------------------------------NTSYRLI---SCNTSVI-T---QA, 0.3672, 0
0.385220, -99.7429, 174, POINT, V, VKLTPLCVTLNCTNVTNNTTN-------------------------------------NIKGEIKN----CSFNM-T-TE--LRD-KV-QKE-YALF-YKLDVVPIDNDNNNRSNNS------------------------------------------NTSYRLI---NCNTSVI-T---QA, 0.3867, 0
0.383288, 2.2928, 82, POINT, I, VKLTPLCVTLNCTNVTNNTTN-------------------------------------NIKGEIKN----CSFNM-T-TE--IRD-KV-QKE-YALF-YKLDVVPIDNDNNNRSNNS------------------------------------------NTSYRLI---NCNTSTI-T---QA, 0.1782, 0
0.384774, -100.3023, 74, POINT, V, VKLTPLCVTLNCTNVTNNTTN-------------------------------------NIKGEIKN----CSFNV-T-TE--LRD-KV-QKE-YALF-YKLDVVPIDNDNNNRSNNS------------------------------------------NTSYRLI---NCNTSTI-T---QA, 0.3000, 0
0.386732, -120.4852, [111, 112, 113], CHUNK, ['T', 'N', 'N'], VKLTPLCVTLNCTNVTNNTTN-------------------------------------NIKGEIKN----CSFNM-T-TE--LRD-KV-QKE-YALF-YKLDVVPIDNDNNTNNNNS------------------------------------------NTSYRLI---NCNTSTI-T---QA, 0.0775, 1
0.398178, -92.9649, [74], CHUNK, ['I'], VKLTPLCVTLNCTNVTNNTTN-------------------------------------NIKGEIKN----CSFNI-T-TE--LRD-KV-QKE-YALF-YKLDVVPIDNDNNTNNNNS------------------------------------------NTSYRLI---NCNTSTI-T---QA, 0.3596, 0
0.387195, -116.9268, 20, POINT, T, VKLTPLCVTLNCTNVTNNTTT-------------------------------------NIKGEIKN----CSFNM-T-TE--LRD-KV-QKE-YALF-YKLDVVPIDNDNNTNNNNS------------------------------------------NTSYRLI---NCNTSTI-T---QA, 0.0775, 0
0.388045, -120.4259, 59, POINT, S, VKLTPLCVTLNCTNVTNNTTN-------------------------------------NSKGEIKN----CSFNM-T-TE--LRD-KV-QKE-YALF-YKLDVVPIDNDNNTNNNNS------------------------------------------NTSYRLI---NCNTSTI-T---QA, 0.0775, 0
0.391400, -98.0414, [74], CHUNK, ['V'], VKLTPLCVTLNCTNVTNNTTN-------------------------------------NIKGEIKN----CSFNV-T-TE--LRD-KV-QKE-YALF-YKLDVVPIDNDNNTNNNNS------------------------------------------NTSYRLI---NCNTSTI-T---QA, 0.4709, 0
0.384774, -102.2836, 74, POINT, V, VKLTPLCVTLNCTNVTNNTTN-------------------------------------NIKGEIKN----CSFNV-T-TE--LRD-KV-QKE-YALF-YKLDVVPIDNDNNNRSNNS------------------------------------------NTSYRLI---NCNTSTI-T---QA, 0.5317, 0
0.382370, -120.7967, 59, POINT, N, VKLTPLCVTLNCTNVTNNTTN-------------------------------------NNKGEIKN----CSFNM-T-TE--LRD-KV-QKE-YALF-YKLDVVPIDNDNNNRSNNS------------------------------------------NTSYRLI---NCNTSTI-T---QA, 0.0775, 0
0.383288, 4.3314, [82], CHUNK, ['I'], VKLTPLCVTLNCTNVTNNTTN-------------------------------------NIKGEIKN----CSFNM-T-TE--IRD-KV-QKE-YALF-YKLDVVPIDNDNNNRSNNS------------------------------------------NTSYRLI---NCNTSTI-T---QA, 0.1781, 0
0.380570, -116.7816, 20, POINT, T, VKLTPLCVTLNCTNVTNNTTT-------------------------------------NIKGEIKN----CSFNM-T-TE--LRD-KV-QKE-YALF-YKLDVVPIDNDNNNRSNNS------------------------------------------NTSYRLI---NCNTSTI-T---QA, 0.0775, 0
0.378353, -121.0535, 112, POINT, S, VKLTPLCVTLNCTNVTNNITD-------------------------------------NIKGEIKN----CSFNM-T-TE--LRD-KV-QKE-YALF-YKLDVVPIDNDNNNSSNNS------------------------------------------NTSYRLI---NCNTSTI-T---QA, 0.0775, 1
0.383021, -104.7881, 74, POINT, V, VKLTPLCVTLNCTNVTNNITD-------------------------------------NIKGEIKN----CSFNV-T-TE--LRD-KV-QKE-YALF-YKLDVVPIDNDNNNSSNNS------------------------------------------NTSYRLI---NCNTSTI-T---QA, 0.5963, 0
0.381741, -117.8852, 20, POINT, T, VKLTPLCVTLNCTNVTNNITT-------------------------------------NIKGEIKN----CSFNM-T-TE--LRD-KV-QKE-YALF-YKLDVVPIDNDNNNSSNNS------------------------------------------NTSYRLI---NCNTSTI-T---QA, 0.0775, 0
0.380660, -121.4465, 20, POINT, N, VKLTPLCVTLNCTNVTNNITN-------------------------------------NIKGEIKN----CSFNM-T-TE--LRD-KV-QKE-YALF-YKLDVVPIDNDNNNSSNNS------------------------------------------NTSYRLI---NCNTSTI-T---QA, 0.0775, 0
0.383467, -96.5713, [174], CHUNK, ['V'], VKLTPLCVTLNCTNVTNNITD-------------------------------------NIKGEIKN----CSFNM-T-TE--LRD-KV-QKE-YALF-YKLDVVPIDNDNNNSSNNS------------------------------------------NTSYRLI---NCNTSVI-T---QA, 0.3332, 0
0.386000, -106.6531, 74, POINT, I, VKLTPLCVTLNCTNVTNNITD-------------------------------------NIKGEIKN----CSFNI-T-TE--LRD-KV-QKE-YALF-YKLDVVPIDNDNNNRSNNS------------------------------------------NTSYRLI---NCNTSTI-T---QA, 0.3609, 0
0.379222, -103.9160, 74, POINT, V, VKLTPLCVTLNCTNVTNNITD-------------------------------------NIKGEIKN----CSFNV-T-TE--LRD-KV-QKE-YALF-YKLDVVPIDNDNNNRSNNS------------------------------------------NTSYRLI---NCNTSTI-T---QA, 0.2541, 0
0.379668, -88.1223, [174], CHUNK, ['V'], VKLTPLCVTLNCTNVTNNITD-------------------------------------NIKGEIKN----CSFNM-T-TE--LRD-KV-QKE-YALF-YKLDVVPIDNDNNNRSNNS------------------------------------------NTSYRLI---NCNTSVI-T---QA, 0.5796, 0
0.386000, -103.4592, [74], CHUNK, ['I'], VKLTPLCVTLNCTNVTNNITD-------------------------------------NIKGEIKN----CSFNI-T-TE--LRD-KV-QKE-YALF-YKLDVVPIDNDNNNRSNNS------------------------------------------NTSYRLI---NCNTSTI-T---QA, 0.4394, 0
0.379420, -108.1861, [74], CHUNK, ['I'], VKLTPLCVTLNCTNVTNNITD-------------------------------------DMRGEIKN----CSFNI-T-TE--LRD-KV-QKE-YALF-YKLDVVPIDNDNNNRSNNS------------------------------------------NTSYRLI---NCNTSTI-T---QA, 0.2686, 0
0.373087, -96.3193, [174], CHUNK, ['V'], VKLTPLCVTLNCTNVTNNITD-------------------------------------DMRGEIKN----CSFNM-T-TE--LRD-KV-QKE-YALF-YKLDVVPIDNDNNNRSNNS------------------------------------------NTSYRLI---NCNTSVI-T---QA, 0.4086, 0
0.373012, -123.8088, 112, POINT, N, VKLTPLCVTLNCTNVTNNITD-------------------------------------DMRGEIKN----CSFNM-T-TE--LRD-KV-QKE-YALF-YKLDVVPIDNDNNNNSNNS------------------------------------------NTSYRLI---NCNTSTI-T---QA, 0.0775, 1
0.377680, -105.9975, [74], CHUNK, ['V'], VKLTPLCVTLNCTNVTNNITD-------------------------------------DMRGEIKN----CSFNV-T-TE--LRD-KV-QKE-YALF-YKLDVVPIDNDNNNNSNNS------------------------------------------NTSYRLI---NCNTSTI-T---QA, 0.2654, 1
0.384458, -106.7363, [74], CHUNK, ['I'], VKLTPLCVTLNCTNVTNNITD-------------------------------------DMRGEIKN----CSFNI-T-TE--LRD-KV-QKE-YALF-YKLDVVPIDNDNNNNSNNS------------------------------------------NTSYRLI---NCNTSTI-T---QA, 0.3220, 0
0.382793, -92.4093, [174], CHUNK, ['V'], VKLTPLCVTLNCTNVTNNITD-------------------------------------DMRGEIKN----CSFNV-T-TE--LRD-KV-QKE-YALF-YKLDVVPIDNDNNNNSNNS------------------------------------------NTSYRLI---NCNTSVI-T---QA, 0.4442, 0
0.381737, -11.3114, [82], CHUNK, ['I'], VKLTPLCVTLNCTNVTNNITD-------------------------------------DMRGEIKN----CSFNV-T-TE--IRD-KV-QKE-YALF-YKLDVVPIDNDNNNNSNNS------------------------------------------NTSYRLI---NCNTSTI-T---QA, 0.3679, 0
0.384458, -102.2343, [74], CHUNK, ['I'], VKLTPLCVTLNCTNVTNNITD-------------------------------------DMRGEIKN----CSFNI-T-TE--LRD-KV-QKE-YALF-YKLDVVPIDNDNNNNSNNS------------------------------------------NTSYRLI---NCNTSTI-T---QA, 0.3244, 0
0.384458, -105.8188, [74], CHUNK, ['I'], VKLTPLCVTLNCTNVTNNITD-------------------------------------DMRGEIKN----CSFNI-T-TE--LRD-KV-QKE-YALF-YKLDVVPIDNDNNNNSNNS------------------------------------------NTSYRLI---NCNTSTI-T---QA, 0.4142, 0
0.375357, -124.1972, 20, POINT, N, VKLTPLCVTLNCTNVTNNITN-------------------------------------DMRGEIKN----CSFNM-T-TE--LRD-KV-QKE-YALF-YKLDVVPIDNDNNNNSNNS------------------------------------------NTSYRLI---NCNTSTI-T---QA, 0.0775, 1
0.386802, -110.2457, [74], CHUNK, ['I'], VKLTPLCVTLNCTNVTNNITN-------------------------------------DMRGEIKN----CSFNI-T-TE--LRD-KV-QKE-YALF-YKLDVVPIDNDNNNNSNNS------------------------------------------NTSYRLI---NCNTSTI-T---QA, 0.3319, 0
0.386802, -100.5490, 74, POINT, I, VKLTPLCVTLNCTNVTNNITN-------------------------------------DMRGEIKN----CSFNI-T-TE--LRD-KV-QKE-YALF-YKLDVVPIDNDNNNNSNNS------------------------------------------NTSYRLI---NCNTSTI-T---QA, 0.3626, 0
0.386802, -97.5829, [74], CHUNK, ['I'], VKLTPLCVTLNCTNVTNNITN-------------------------------------DMRGEIKN----CSFNI-T-TE--LRD-KV-QKE-YALF-YKLDVVPIDNDNNNNSNNS------------------------------------------NTSYRLI---NCNTSTI-T---QA, 0.3269, 0
0.386802, -101.4188, [74], CHUNK, ['I'], VKLTPLCVTLNCTNVTNNITN-------------------------------------DMRGEIKN----CSFNI-T-TE--LRD-KV-QKE-YALF-YKLDVVPIDNDNNNNSNNS------------------------------------------NTSYRLI---NCNTSTI-T---QA, 0.4572, 0
0.384458, -107.4772, [74], CHUNK, ['I'], VKLTPLCVTLNCTNVTNNITD-------------------------------------DMRGEIKN----CSFNI-T-TE--LRD-KV-QKE-YALF-YKLDVVPIDNDNNNNSNNS------------------------------------------NTSYRLI---NCNTSTI-T---QA, 0.5617, 0
0.384458, -112.4621, [74], CHUNK, ['I'], VKLTPLCVTLNCTNVTNNITD-------------------------------------DMRGEIKN----CSFNI-T-TE--LRD-KV-QKE-YALF-YKLDVVPIDNDNNNNSNNS------------------------------------------NTSYRLI---NCNTSTI-T---QA, 0.1183, 0
0.376097, -121.8883, [59, 60], CHUNK, ['E', 'K'], VKLTPLCVTLNCTNVTNNITD-------------------------------------DEKGEIKN----CSFNM-T-TE--LRD-KV-QKE-YALF-YKLDVVPIDNDNNNNSNNS------------------------------------------NTSYRLI---NCNTSTI-T---QA, 0.0775, 1
0.379279, -11.8802, [82], CHUNK, ['I'], VKLTPLCVTLNCTNVTNNITD-------------------------------------DEKGEIKN----CSFNM-T-TE--IRD-KV-QKE-YALF-YKLDVVPIDNDNNNNSNNS------------------------------------------NTSYRLI---NCNTSTI-T---QA, 0.3763, 0
0.381210, -101.4382, [174], CHUNK, ['V'], VKLTPLCVTLNCTNVTNNITD-------------------------------------DEKGEIKN----CSFNM-T-TE--LRD-KV-QKE-YALF-YKLDVVPIDNDNNNNSNNS------------------------------------------NTSYRLI---NCNTSVI-T---QA, 0.6177, 0
0.378582, -119.3654, 58, POINT, T, VKLTPLCVTLNCTNVTNNITD-------------------------------------TEKGEIKN----CSFNM-T-TE--LRD-KV-QKE-YALF-YKLDVVPIDNDNNNNSNNS------------------------------------------NTSYRLI---NCNTSTI-T---QA, 0.0775, 1
0.381764, -14.5950, 82, POINT, I, VKLTPLCVTLNCTNVTNNITD-------------------------------------TEKGEIKN----CSFNM-T-TE--IRD-KV-QKE-YALF-YKLDVVPIDNDNNNNSNNS------------------------------------------NTSYRLI---NCNTSTI-T---QA, 0.2876, 0
0.381764, 3.3369, 82, POINT, I, VKLTPLCVTLNCTNVTNNITD-------------------------------------TEKGEIKN----CSFNM-T-TE--IRD-KV-QKE-YALF-YKLDVVPIDNDNNNNSNNS------------------------------------------NTSYRLI---NCNTSTI-T---QA, 0.1075, 0
0.381531, -116.2996, 20, POINT, T, VKLTPLCVTLNCTNVTNNITT-------------------------------------TEKGEIKN----CSFNM-T-TE--LRD-KV-QKE-YALF-YKLDVVPIDNDNNNNSNNS------------------------------------------NTSYRLI---NCNTSTI-T---QA, 0.0775, 0
0.383696, -97.0998, 174, POINT, V, VKLTPLCVTLNCTNVTNNITD-------------------------------------TEKGEIKN----CSFNM-T-TE--LRD-KV-QKE-YALF-YKLDVVPIDNDNNNNSNNS------------------------------------------NTSYRLI---NCNTSVI-T---QA, 0.4108, 0
0.381210, -90.7382, 174, POINT, V, VKLTPLCVTLNCTNVTNNITD-------------------------------------DEKGEIKN----CSFNM-T-TE--LRD-KV-QKE-YALF-YKLDVVPIDNDNNNNSNNS------------------------------------------NTSYRLI---NCNTSVI-T---QA, 0.6490, 0
0.379279, 0.6508, 82, POINT, I, VKLTPLCVTLNCTNVTNNITD-------------------------------------DEKGEIKN----CSFNM-T-TE--IRD-KV-QKE-YALF-YKLDVVPIDNDNNNNSNNS------------------------------------------NTSYRLI---NCNTSTI-T---QA, 0.1250, 0
0.387542, -105.6260, 74, POINT, I, VKLTPLCVTLNCTNVTNNITD-------------------------------------DEKGEIKN----CSFNI-T-TE--LRD-KV-QKE-YALF-YKLDVVPIDNDNNNNSNNS------------------------------------------NTSYRLI---NCNTSTI-T---QA, 0.3362, 0
0.380764, -109.1069, [74], CHUNK, ['V'], VKLTPLCVTLNCTNVTNNITD-------------------------------------DEKGEIKN----CSFNV-T-TE--LRD-KV-QKE-YALF-YKLDVVPIDNDNNNNSNNS------------------------------------------NTSYRLI---NCNTSTI-T---QA, 0.1412, 0
0.377680, -108.3903, 74, POINT, V, VKLTPLCVTLNCTNVTNNITD-------------------------------------DMRGEIKN----CSFNV-T-TE--LRD-KV-QKE-YALF-YKLDVVPIDNDNNNNSNNS------------------------------------------NTSYRLI---NCNTSTI-T---QA, 0.2065, 0
0.378125, -96.3393, [174], CHUNK, ['V'], VKLTPLCVTLNCTNVTNNITD-------------------------------------DMRGEIKN----CSFNM-T-TE--LRD-KV-QKE-YALF-YKLDVVPIDNDNNNNSNNS------------------------------------------NTSYRLI---NCNTSVI-T---QA, 0.2875, 0
0.384458, -100.8091, [74], CHUNK, ['I'], VKLTPLCVTLNCTNVTNNITD-------------------------------------DMRGEIKN----CSFNI-T-TE--LRD-KV-QKE-YALF-YKLDVVPIDNDNNNNSNNS------------------------------------------NTSYRLI---NCNTSTI-T---QA, 0.3462, 0
0.378125, -92.8719, 174, POINT, V, VKLTPLCVTLNCTNVTNNITD-------------------------------------DMRGEIKN----CSFNM-T-TE--LRD-KV-QKE-YALF-YKLDVVPIDNDNNNNSNNS------------------------------------------NTSYRLI---NCNTSVI-T---QA, 0.5493, 0
0.372642, -99.5761, [74], CHUNK, ['V'], VKLTPLCVTLNCTNVTNNITD-------------------------------------DMRGEIKN----CSFNV-T-TE--LRD-KV-QKE-YALF-YKLDVVPIDNDNNNRSNNS------------------------------------------NTSYRLI---NCNTSTI-T---QA, 0.3674, 0
0.379420, -105.7204, 74, POINT, I, VKLTPLCVTLNCTNVTNNITD-------------------------------------DMRGEIKN----CSFNI-T-TE--LRD-KV-QKE-YALF-YKLDVVPIDNDNNNRSNNS------------------------------------------NTSYRLI---NCNTSTI-T---QA, 0.1883, 0
0.372642, -113.0450, [74], CHUNK, ['V'], VKLTPLCVTLNCTNVTNNITD-------------------------------------DMRGEIKN----CSFNV-T-TE--LRD-KV-QKE-YALF-YKLDVVPIDNDNNNRSNNS------------------------------------------NTSYRLI---NCNTSTI-T---QA, 0.3442, 0
0.368693, -122.9207, 58, POINT, E, VKLTPLCVTLNCTNVTNNITD-------------------------------------EMRGEIKN----CSFNM-T-TE--LRD-KV-QKE-YALF-YKLDVVPIDNDNNNRSNNS------------------------------------------NTSYRLI---NCNTSTI-T---QA, 0.0775, 0
0.379086, -113.4245, [74], CHUNK, ['I'], VKLTPLCVTLNCTNVTNNITD-------------------------------------DMRGEIKN----CSFNI-T-TE--LRD-KK-QKE-YALF-YKLDVVPIDNDNNNRSNNS------------------------------------------NTSYRLI---NCNTSTI-T---QA, 0.2468, 0
0.372337, -114.5801, 74, POINT, V, VKLTPLCVTLNCTNVTNNITD-------------------------------------DMRGEIKN----CSFNV-T-TE--LRD-KK-QKE-YALF-YKLDVVPIDNDNNNRSNNS------------------------------------------NTSYRLI---NCNTSTI-T---QA, 0.1826, 0
0.372806, -96.6380, [174], CHUNK, ['V'], VKLTPLCVTLNCTNVTNNITD-------------------------------------DMRGEIKN----CSFNM-T-TE--LRD-KK-QKE-YALF-YKLDVVPIDNDNNNRSNNS------------------------------------------NTSYRLI---NCNTSVI-T---QA, 0.4441, 0
0.369857, -121.6015, 18, POINT, N, VKLTPLCVTLNCTNVTNNNTD-------------------------------------DMRGEIKN----CSFNM-T-TE--LRD-KK-QKE-YALF-YKLDVVPIDNDNNNRSNNS------------------------------------------NTSYRLI---NCNTSTI-T---QA, 0.0775, 1
0.373806, -118.3098, 20, POINT, T, VKLTPLCVTLNCTNVTNNNTT-------------------------------------DMRGEIKN----CSFNM-T-TE--LRD-KK-QKE-YALF-YKLDVVPIDNDNNNRSNNS------------------------------------------NTSYRLI---NCNTSTI-T---QA, 0.0775, 0
0.381250, -99.8497, 74, POINT, I, VKLTPLCVTLNCTNVTNNNTD-------------------------------------DMRGEIKN----CSFNI-T-TE--LRD-KK-QKE-YALF-YKLDVVPIDNDNNNRSNNS------------------------------------------NTSYRLI---NCNTSTI-T---QA, 0.4208, 0
0.374970, -94.2280, [174], CHUNK, ['V'], VKLTPLCVTLNCTNVTNNNTD-------------------------------------DMRGEIKN----CSFNM-T-TE--LRD-KK-QKE-YALF-YKLDVVPIDNDNNNRSNNS------------------------------------------NTSYRLI---NCNTSVI-T---QA, 0.5421, 0
0.381250, -97.4600, [74], CHUNK, ['I'], VKLTPLCVTLNCTNVTNNNTD-------------------------------------DMRGEIKN----CSFNI-T-TE--LRD-KK-QKE-YALF-YKLDVVPIDNDNNNRSNNS------------------------------------------NTSYRLI---NCNTSTI-T---QA, 0.7518, 0
0.372337, -113.5918, 74, POINT, V, VKLTPLCVTLNCTNVTNNITD-------------------------------------DMRGEIKN----CSFNV-T-TE--LRD-KK-QKE-YALF-YKLDVVPIDNDNNNRSNNS------------------------------------------NTSYRLI---NCNTSTI-T---QA, 0.1712, 0
0.379086, -102.4897, [74], CHUNK, ['I'], VKLTPLCVTLNCTNVTNNITD-------------------------------------DMRGEIKN----CSFNI-T-TE--LRD-KK-QKE-YALF-YKLDVVPIDNDNNNRSNNS------------------------------------------NTSYRLI---NCNTSTI-T---QA, 0.4647, 0
0.372806, -106.3045, [174], CHUNK, ['V'], VKLTPLCVTLNCTNVTNNITD-------------------------------------DMRGEIKN----CSFNM-T-TE--LRD-KK-QKE-YALF-YKLDVVPIDNDNNNRSNNS------------------------------------------NTSYRLI---NCNTSVI-T---QA, 0.4300, 0
0.379086, -95.1290, 74, POINT, I, VKLTPLCVTLNCTNVTNNITD-------------------------------------DMRGEIKN----CSFNI-T-TE--LRD-KK-QKE-YALF-YKLDVVPIDNDNNNRSNNS------------------------------------------NTSYRLI---NCNTSTI-T---QA, 0.4286, 0
------END OF DATA------
Best coverage = 0.38673225303
Best sequence = VKLTPLCVTLNCTNVTNNTTN-------------------------------------NIKGEIKN----CSFNM-T-TE--LRD-KV-QKE-YALF-YKLDVVPIDNDNNTNNNNS------------------------------------------NTSYRLI---NCNTSTI-T---QA
Best energy = -120.485194518
Best RMSD = 0.0774822607636
Hard Covereage = 0.0861688189496
Num epitopes = 67
