Name base = V1V2_200_exp_9_5_ni
Iters = 200
Soft coverage = 0.284621885725
Energy = -131.345434159
Hard Covereage = 0.0368019545157
Num epitopes = 65
Initial seq = VKLTPLCVTLQCTNVTNNITD-------------------------------------DMRGELKN----CSFNM-T-TE--LRD-KK-QKV-YSLF-YRLDVVQINENQGNRSNNS------------------------------------------NKEYRLI---NCNTSAI-T---QA
-------START OF DATA------
0.285379, -130.0063, 18, POINT, S, VKLTPLCVTLQCTNVTNNSTD-------------------------------------DMRGELKN----CSFNM-T-TE--LRD-KK-QKV-YSLF-YRLDVVQINENQGNRSNNS------------------------------------------NKEYRLI---NCNTSAI-T---QA, 0.0000, 1
0.288885, -130.2947, 107, POINT, N, VKLTPLCVTLQCTNVTNNSTD-------------------------------------DMRGELKN----CSFNM-T-TE--LRD-KK-QKV-YSLF-YRLDVVQINNNQGNRSNNS------------------------------------------NKEYRLI---NCNTSAI-T---QA, 0.0728, 1
0.307842, -99.1934, [10, 14, 15, 16, 17], CHUNK, ['N', 'L', 'N', 'L', 'T'], VKLTPLCVTLNCTNLNLTSTD-------------------------------------DMRGELKN----CSFNM-T-TE--LRD-KK-QKV-YSLF-YRLDVVQINNNQGNRSNNS------------------------------------------NKEYRLI---NCNTSAI-T---QA, 0.2701, 0
0.293377, -116.6681, 74, POINT, V, VKLTPLCVTLQCTNVTNNSTD-------------------------------------DMRGELKN----CSFNV-T-TE--LRD-KK-QKV-YSLF-YRLDVVQINNNQGNRSNNS------------------------------------------NKEYRLI---NCNTSAI-T---QA, 0.1794, 1
0.300880, -116.7243, [94, 99], CHUNK, ['A', 'T'], VKLTPLCVTLQCTNVTNNSTD-------------------------------------DMRGELKN----CSFNV-T-TE--LRD-KK-QKV-YALF-YTLDVVQINNNQGNRSNNS------------------------------------------NKEYRLI---NCNTSAI-T---QA, 0.1653, 0
0.305484, -117.1890, [160, 161], CHUNK, ['T', 'S'], VKLTPLCVTLQCTNVTNNSTD-------------------------------------DMRGELKN----CSFNV-T-TE--LRD-KK-QKV-YSLF-YRLDVVQINNNQGNRSNNS------------------------------------------NTSYRLI---NCNTSAI-T---QA, 0.1834, 1
0.326874, -117.2870, [10, 13], CHUNK, ['N', 'D'], VKLTPLCVTLNCTDVTNNSTD-------------------------------------DMRGELKN----CSFNV-T-TE--LRD-KK-QKV-YSLF-YRLDVVQINNNQGNRSNNS------------------------------------------NTSYRLI---NCNTSAI-T---QA, 0.1834, 0
0.315123, -95.1083, [10, 12, 13, 14], CHUNK, ['N', 'N', 'D', 'Y'], VKLTPLCVTLNCNDYTNNSTD-------------------------------------DMRGELKN----CSFNV-T-TE--LRD-KK-QKV-YSLF-YRLDVVQINNNQGNRSNNS------------------------------------------NTSYRLI---NCNTSAI-T---QA, 0.5247, 0
0.308011, -17.7513, 82, POINT, I, VKLTPLCVTLQCTNVTNNSTD-------------------------------------DMRGELKN----CSFNV-T-TE--IRD-KK-QKV-YSLF-YRLDVVQINNNQGNRSNNS------------------------------------------NTSYRLI---NCNTSAI-T---QA, 0.2461, 0
0.318693, -102.7811, [10, 14, 15, 17, 18], CHUNK, ['N', 'E', 'V', 'G', 'T'], VKLTPLCVTLNCTNEVNGTTD-------------------------------------DMRGELKN----CSFNV-T-TE--LRD-KK-QKV-YSLF-YRLDVVQINNNQGNRSNNS------------------------------------------NTSYRLI---NCNTSAI-T---QA, 0.3073, 0
0.317146, -119.7075, [10], CHUNK, ['N'], VKLTPLCVTLNCTNVTNNSTD-------------------------------------DMRGELKN----CSFNV-T-TE--LRD-KK-QKV-YSLF-YRLDVVQINNNQGNRSNNS------------------------------------------NKEYRLI---NCNTSAI-T---QA, 0.2013, 0
0.295905, 1.3471, 82, POINT, I, VKLTPLCVTLQCTNVTNNSTD-------------------------------------DMRGELKN----CSFNV-T-TE--IRD-KK-QKV-YSLF-YRLDVVQINNNQGNRSNNS------------------------------------------NKEYRLI---NCNTSAI-T---QA, 0.3863, 0
0.308668, -115.9388, [94, 99], CHUNK, ['A', 'K'], VKLTPLCVTLQCTNVTNNSTD-------------------------------------DMRGELKN----CSFNV-T-TE--LRD-KK-QKV-YALF-YKLDVVQINNNQGNRSNNS------------------------------------------NKEYRLI---NCNTSAI-T---QA, 0.1794, 0
0.307034, -122.0733, [87, 91, 94], CHUNK, ['V', 'E', 'A'], VKLTPLCVTLQCTNVTNNSTD-------------------------------------DMRGELKN----CSFNV-T-TE--LRD-KV-QKE-YALF-YRLDVVQINNNQGNRSNNS------------------------------------------NKEYRLI---NCNTSAI-T---QA, 0.1705, 0
0.293096, -129.4944, 161, POINT, S, VKLTPLCVTLQCTNVTNNSTD-------------------------------------DMRGELKN----CSFNM-T-TE--LRD-KK-QKV-YSLF-YRLDVVQINNNQGNRSNNS------------------------------------------NKSYRLI---NCNTSAI-T---QA, 0.0728, 1
0.316865, -129.4257, [10], CHUNK, ['N'], VKLTPLCVTLNCTNVTNNSTD-------------------------------------DMRGELKN----CSFNM-T-TE--LRD-KK-QKV-YSLF-YRLDVVQINNNQGNRSNNS------------------------------------------NKSYRLI---NCNTSAI-T---QA, 0.0728, 1
0.326837, -106.8833, [74], CHUNK, ['I'], VKLTPLCVTLNCTNVTNNSTD-------------------------------------DMRGELKN----CSFNI-T-TE--LRD-KK-QKV-YSLF-YRLDVVQINNNQGNRSNNS------------------------------------------NKSYRLI---NCNTSAI-T---QA, 0.2802, 0
0.325246, -129.7015, 94, POINT, A, VKLTPLCVTLNCTNVTNNSTD-------------------------------------DMRGELKN----CSFNM-T-TE--LRD-KK-QKV-YALF-YRLDVVQINNNQGNRSNNS------------------------------------------NKSYRLI---NCNTSAI-T---QA, 0.0859, 1
0.326758, -129.4904, 18, POINT, T, VKLTPLCVTLNCTNVTNNTTD-------------------------------------DMRGELKN----CSFNM-T-TE--LRD-KK-QKV-YALF-YRLDVVQINNNQGNRSNNS------------------------------------------NKSYRLI---NCNTSAI-T---QA, 0.0859, 1
0.334040, -112.6665, [174], CHUNK, ['V'], VKLTPLCVTLNCTNVTNNTTD-------------------------------------DMRGELKN----CSFNM-T-TE--LRD-KK-QKV-YALF-YRLDVVQINNNQGNRSNNS------------------------------------------NKSYRLI---NCNTSVI-T---QA, 0.3012, 0
0.336730, -85.1722, [74], CHUNK, ['I'], VKLTPLCVTLNCTNVTNNTTD-------------------------------------DMRGELKN----CSFNI-T-TE--LRD-KK-QKV-YALF-YRLDVVQINNNQGNRSNNS------------------------------------------NKSYRLI---NCNTSAI-T---QA, 0.3892, 0
0.336730, -90.2521, [74], CHUNK, ['I'], VKLTPLCVTLNCTNVTNNTTD-------------------------------------DMRGELKN----CSFNI-T-TE--LRD-KK-QKV-YALF-YRLDVVQINNNQGNRSNNS------------------------------------------NKSYRLI---NCNTSAI-T---QA, 0.5616, 0
0.334040, -110.7179, [174], CHUNK, ['V'], VKLTPLCVTLNCTNVTNNTTD-------------------------------------DMRGELKN----CSFNM-T-TE--LRD-KK-QKV-YALF-YRLDVVQINNNQGNRSNNS------------------------------------------NKSYRLI---NCNTSVI-T---QA, 0.2345, 0
0.326122, -130.1755, 59, POINT, E, VKLTPLCVTLNCTNVTNNSTD-------------------------------------DERGELKN----CSFNM-T-TE--LRD-KK-QKV-YALF-YRLDVVQINNNQGNRSNNS------------------------------------------NKSYRLI---NCNTSAI-T---QA, 0.0859, 1
0.337671, -128.7296, [99, 104], CHUNK, ['K', 'P'], VKLTPLCVTLNCTNVTNNSTD-------------------------------------DERGELKN----CSFNM-T-TE--LRD-KK-QKV-YALF-YKLDVVPINNNQGNRSNNS------------------------------------------NKSYRLI---NCNTSAI-T---QA, 0.0859, 1
0.343676, -127.3907, 109, POINT, T, VKLTPLCVTLNCTNVTNNSTD-------------------------------------DERGELKN----CSFNM-T-TE--LRD-KK-QKV-YALF-YKLDVVPINNNTGNRSNNS------------------------------------------NKSYRLI---NCNTSAI-T---QA, 0.0859, 1
0.353648, -85.1689, [74], CHUNK, ['I'], VKLTPLCVTLNCTNVTNNSTD-------------------------------------DERGELKN----CSFNI-T-TE--LRD-KK-QKV-YALF-YKLDVVPINNNTGNRSNNS------------------------------------------NKSYRLI---NCNTSAI-T---QA, 0.4087, 0
0.351864, -93.1584, [74, 79], CHUNK, ['I', 'S'], VKLTPLCVTLNCTNVTNNSTD-------------------------------------DERGELKN----CSFNI-T-TS--LRD-KK-QKV-YALF-YKLDVVPINNNTGNRSNNS------------------------------------------NKSYRLI---NCNTSAI-T---QA, 0.5867, 0
0.351662, -105.6626, [169, 174], CHUNK, ['S', 'V'], VKLTPLCVTLNCTNVTNNSTD-------------------------------------DERGELKN----CSFNM-T-TE--LRD-KK-QKV-YALF-YKLDVVPINNNTGNRSNNS------------------------------------------NKSYRLI---SCNTSVI-T---QA, 0.4707, 0
0.353648, -81.2324, [74], CHUNK, ['I'], VKLTPLCVTLNCTNVTNNSTD-------------------------------------DERGELKN----CSFNI-T-TE--LRD-KK-QKV-YALF-YKLDVVPINNNTGNRSNNS------------------------------------------NKSYRLI---NCNTSAI-T---QA, 0.3292, 0
0.347457, -85.2952, [74, 79], CHUNK, ['I', 'N'], VKLTPLCVTLNCTNVTNNSTD-------------------------------------DERGELKN----CSFNI-T-TN--LRD-KK-QKV-YALF-YKLDVVPINNNQGNRSNNS------------------------------------------NKSYRLI---NCNTSAI-T---QA, 0.2744, 0
0.344953, -113.3314, 174, POINT, V, VKLTPLCVTLNCTNVTNNSTD-------------------------------------DERGELKN----CSFNM-T-TE--LRD-KK-QKV-YALF-YKLDVVPINNNQGNRSNNS------------------------------------------NKSYRLI---NCNTSVI-T---QA, 0.3968, 1
0.347345, -112.1695, [63], CHUNK, ['M'], VKLTPLCVTLNCTNVTNNSTD-------------------------------------DERGEMKN----CSFNM-T-TE--LRD-KK-QKV-YALF-YKLDVVPINNNQGNRSNNS------------------------------------------NKSYRLI---NCNTSVI-T---QA, 0.3931, 0
0.354925, -80.2321, [74], CHUNK, ['I'], VKLTPLCVTLNCTNVTNNSTD-------------------------------------DERGELKN----CSFNI-T-TE--LRD-KK-QKV-YALF-YKLDVVPINNNQGNRSNNS------------------------------------------NKSYRLI---NCNTSVI-T---QA, 0.6322, 0
0.350448, -118.8249, 109, POINT, N, VKLTPLCVTLNCTNVTNNSTD-------------------------------------DERGELKN----CSFNM-T-TE--LRD-KK-QKV-YALF-YKLDVVPINNNNGNRSNNS------------------------------------------NKSYRLI---NCNTSVI-T---QA, 0.4561, 0
0.354925, -82.7765, 74, POINT, I, VKLTPLCVTLNCTNVTNNSTD-------------------------------------DERGELKN----CSFNI-T-TE--LRD-KK-QKV-YALF-YKLDVVPINNNQGNRSNNS------------------------------------------NKSYRLI---NCNTSVI-T---QA, 0.5809, 0
0.345858, -88.3832, [74, 79], CHUNK, ['I', 'S'], VKLTPLCVTLNCTNVTNNSTD-------------------------------------DERGELKN----CSFNI-T-TS--LRD-KK-QKV-YALF-YKLDVVPINNNQGNRSNNS------------------------------------------NKSYRLI---NCNTSAI-T---QA, 0.5359, 0
0.343729, -127.1532, 91, POINT, E, VKLTPLCVTLNCTNVTNNSTD-------------------------------------DERGELKN----CSFNM-T-TE--LRD-KK-QKE-YALF-YKLDVVPINNNQGNRSNNS------------------------------------------NKSYRLI---NCNTSAI-T---QA, 0.0859, 1
0.354237, -119.8053, [58, 60, 63], CHUNK, ['V', 'K', 'I'], VKLTPLCVTLNCTNVTNNSTD-------------------------------------VEKGEIKN----CSFNM-T-TE--LRD-KK-QKE-YALF-YKLDVVPINNNQGNRSNNS------------------------------------------NKSYRLI---NCNTSAI-T---QA, 0.1143, 0
0.351139, -125.6510, 63, POINT, I, VKLTPLCVTLNCTNVTNNSTD-------------------------------------DERGEIKN----CSFNM-T-TE--LRD-KK-QKE-YALF-YKLDVVPINNNQGNRSNNS------------------------------------------NKSYRLI---NCNTSAI-T---QA, 0.0859, 1
0.355211, -122.5904, 74, POINT, T, VKLTPLCVTLNCTNVTNNSTD-------------------------------------DERGEIKN----CSFNT-T-TE--LRD-KK-QKE-YALF-YKLDVVPINNNQGNRSNNS------------------------------------------NKSYRLI---NCNTSAI-T---QA, 0.0859, 0
0.358421, -111.0209, 174, POINT, V, VKLTPLCVTLNCTNVTNNSTD-------------------------------------DERGEIKN----CSFNM-T-TE--LRD-KK-QKE-YALF-YKLDVVPINNNQGNRSNNS------------------------------------------NKSYRLI---NCNTSVI-T---QA, 0.4988, 0
0.355384, -124.7961, 112, POINT, T, VKLTPLCVTLNCTNVTNNSTD-------------------------------------DERGEIKN----CSFNM-T-TE--LRD-KK-QKE-YALF-YKLDVVPINNNQGNTSNNS------------------------------------------NKSYRLI---NCNTSAI-T---QA, 0.0859, 1
0.365156, -115.1280, [74, 79], CHUNK, ['I', 'S'], VKLTPLCVTLNCTNVTNNSTD-------------------------------------DERGEIKN----CSFNI-T-TS--LRD-KK-QKE-YALF-YKLDVVPINNNQGNTSNNS------------------------------------------NKSYRLI---NCNTSAI-T---QA, 0.1709, 0
0.360028, -117.5987, [74], CHUNK, ['V'], VKLTPLCVTLNCTNVTNNSTD-------------------------------------DERGEIKN----CSFNV-T-TE--LRD-KK-QKE-YALF-YKLDVVPINNNQGNTSNNS------------------------------------------NKSYRLI---NCNTSAI-T---QA, 0.2029, 0
0.366776, -114.4169, [74], CHUNK, ['I'], VKLTPLCVTLNCTNVTNNSTD-------------------------------------DERGEIKN----CSFNI-T-TE--LRD-KK-QKE-YALF-YKLDVVPINNNQGNTSNNS------------------------------------------NKSYRLI---NCNTSAI-T---QA, 0.2069, 0
0.358463, -125.2383, 20, POINT, N, VKLTPLCVTLNCTNVTNNSTN-------------------------------------DERGEIKN----CSFNM-T-TE--LRD-KK-QKE-YALF-YKLDVVPINNNQGNTSNNS------------------------------------------NKSYRLI---NCNTSAI-T---QA, 0.0859, 0
0.362532, -116.0093, [74], CHUNK, ['I'], VKLTPLCVTLNCTNVTNNSTD-------------------------------------DERGEIKN----CSFNI-T-TE--LRD-KK-QKE-YALF-YKLDVVPINNNQGNRSNNS------------------------------------------NKSYRLI---NCNTSAI-T---QA, 0.3036, 0
0.353308, -124.3032, 174, POINT, T, VKLTPLCVTLNCTNVTNNSTD-------------------------------------DERGEIKN----CSFNM-T-TE--LRD-KK-QKE-YALF-YKLDVVPINNNQGNRSNNS------------------------------------------NKSYRLI---NCNTSTI-T---QA, 0.0900, 0
0.359124, -105.2388, [169, 174], CHUNK, ['S', 'V'], VKLTPLCVTLNCTNVTNNSTD-------------------------------------DERGEIKN----CSFNM-T-TE--LRD-KK-QKE-YALF-YKLDVVPINNNQGNRSNNS------------------------------------------NKSYRLI---SCNTSVI-T---QA, 0.3048, 0
0.362532, -118.6025, [74], CHUNK, ['I'], VKLTPLCVTLNCTNVTNNSTD-------------------------------------DERGEIKN----CSFNI-T-TE--LRD-KK-QKE-YALF-YKLDVVPINNNQGNRSNNS------------------------------------------NKSYRLI---NCNTSAI-T---QA, 0.2121, 0
0.345116, -126.7694, 18, POINT, N, VKLTPLCVTLNCTNVTNNNTD-------------------------------------DERGELKN----CSFNM-T-TE--LRD-KK-QKE-YALF-YKLDVVPINNNQGNRSNNS------------------------------------------NKSYRLI---NCNTSAI-T---QA, 0.0874, 1
0.345501, -126.7118, 106, POINT, D, VKLTPLCVTLNCTNVTNNNTD-------------------------------------DERGELKN----CSFNM-T-TE--LRD-KK-QKE-YALF-YKLDVVPIDNNQGNRSNNS------------------------------------------NKSYRLI---NCNTSAI-T---QA, 0.0874, 1
0.353487, -105.5229, [169, 174], CHUNK, ['S', 'V'], VKLTPLCVTLNCTNVTNNNTD-------------------------------------DERGELKN----CSFNM-T-TE--LRD-KK-QKE-YALF-YKLDVVPIDNNQGNRSNNS------------------------------------------NKSYRLI---SCNTSVI-T---QA, 0.2111, 0
0.347867, -121.7934, 60, POINT, T, VKLTPLCVTLNCTNVTNNNTD-------------------------------------DETGELKN----CSFNM-T-TE--LRD-KK-QKE-YALF-YKLDVVPIDNNQGNRSNNS------------------------------------------NKSYRLI---NCNTSAI-T---QA, 0.0874, 0
0.361746, -1.3881, [74, 79, 82], CHUNK, ['I', 'N', 'I'], VKLTPLCVTLNCTNVTNNNTD-------------------------------------DERGELKN----CSFNI-T-TN--IRD-KK-QKE-YALF-YKLDVVPIDNNQGNRSNNS------------------------------------------NKSYRLI---NCNTSAI-T---QA, 0.1436, 0
0.352904, -125.2084, [63], CHUNK, ['I'], VKLTPLCVTLNCTNVTNNNTD-------------------------------------DERGEIKN----CSFNM-T-TE--LRD-KK-QKE-YALF-YKLDVVPIDNNQGNRSNNS------------------------------------------NKSYRLI---NCNTSAI-T---QA, 0.0874, 0
0.345501, -126.7118, 106, POINT, D, VKLTPLCVTLNCTNVTNNNTD-------------------------------------DERGELKN----CSFNM-T-TE--LRD-KK-QKE-YALF-YKLDVVPIDNNQGNRSNNS------------------------------------------NKSYRLI---NCNTSAI-T---QA, 0.0874, 0
0.349608, -119.0600, 74, POINT, V, VKLTPLCVTLNCTNVTNNNTD-------------------------------------DERGELKN----CSFNV-T-TE--LRD-KK-QKE-YALF-YKLDVVPINNNQGNRSNNS------------------------------------------NKSYRLI---NCNTSAI-T---QA, 0.2847, 0
0.355088, -120.7295, 74, POINT, I, VKLTPLCVTLNCTNVTNNNTD-------------------------------------DERGELKN----CSFNI-T-TE--LRD-KK-QKE-YALF-YKLDVVPINNNQGNRSNNS------------------------------------------NKSYRLI---NCNTSAI-T---QA, 0.1578, 0
0.353012, -126.6587, [160], CHUNK, ['T'], VKLTPLCVTLNCTNVTNNNTD-------------------------------------DERGELKN----CSFNM-T-TE--LRD-KK-QKE-YALF-YKLDVVPINNNQGNRSNNS------------------------------------------NTSYRLI---NCNTSAI-T---QA, 0.0874, 0
0.353701, -118.5106, [74], CHUNK, ['I'], VKLTPLCVTLNCTNVTNNSTD-------------------------------------DERGELKN----CSFNI-T-TE--LRD-KK-QKE-YALF-YKLDVVPINNNQGNRSNNS------------------------------------------NKSYRLI---NCNTSAI-T---QA, 0.1374, 0
0.351624, -127.0566, 160, POINT, T, VKLTPLCVTLNCTNVTNNSTD-------------------------------------DERGELKN----CSFNM-T-TE--LRD-KK-QKE-YALF-YKLDVVPINNNQGNRSNNS------------------------------------------NTSYRLI---NCNTSAI-T---QA, 0.0859, 1
0.360344, -108.7001, [169, 174], CHUNK, ['S', 'V'], VKLTPLCVTLNCTNVTNNSTD-------------------------------------DERGELKN----CSFNM-T-TE--LRD-KK-QKE-YALF-YKLDVVPINNNQGNRSNNS------------------------------------------NTSYRLI---SCNTSVI-T---QA, 0.4366, 0
0.353406, -126.1473, 58, POINT, S, VKLTPLCVTLNCTNVTNNSTD-------------------------------------SERGELKN----CSFNM-T-TE--LRD-KK-QKE-YALF-YKLDVVPINNNQGNRSNNS------------------------------------------NTSYRLI---NCNTSAI-T---QA, 0.0859, 1
0.360688, -106.6679, 174, POINT, V, VKLTPLCVTLNCTNVTNNSTD-------------------------------------SERGELKN----CSFNM-T-TE--LRD-KK-QKE-YALF-YKLDVVPINNNQGNRSNNS------------------------------------------NTSYRLI---NCNTSVI-T---QA, 0.2234, 0
0.362125, -102.2354, [169, 174], CHUNK, ['S', 'V'], VKLTPLCVTLNCTNVTNNSTD-------------------------------------SERGELKN----CSFNM-T-TE--LRD-KK-QKE-YALF-YKLDVVPINNNQGNRSNNS------------------------------------------NTSYRLI---SCNTSVI-T---QA, 0.2577, 0
0.363378, -116.4355, [74], CHUNK, ['I'], VKLTPLCVTLNCTNVTNNSTD-------------------------------------SERGELKN----CSFNI-T-TE--LRD-KK-QKE-YALF-YKLDVVPINNNQGNRSNNS------------------------------------------NTSYRLI---NCNTSAI-T---QA, 0.2025, 0
0.357447, -123.2251, 74, POINT, T, VKLTPLCVTLNCTNVTNNSTD-------------------------------------SERGELKN----CSFNT-T-TE--LRD-KK-QKE-YALF-YKLDVVPINNNQGNRSNNS------------------------------------------NTSYRLI---NCNTSAI-T---QA, 0.0979, 1
0.363378, -115.8602, [74], CHUNK, ['I'], VKLTPLCVTLNCTNVTNNSTD-------------------------------------SERGELKN----CSFNI-T-TE--LRD-KK-QKE-YALF-YKLDVVPINNNQGNRSNNS------------------------------------------NTSYRLI---NCNTSAI-T---QA, 0.3107, 0
0.361828, -122.2054, 109, POINT, S, VKLTPLCVTLNCTNVTNNSTD-------------------------------------SERGELKN----CSFNT-T-TE--LRD-KK-QKE-YALF-YKLDVVPINNNSGNRSNNS------------------------------------------NTSYRLI---NCNTSAI-T---QA, 0.0979, 0
0.363378, -116.6867, [74], CHUNK, ['I'], VKLTPLCVTLNCTNVTNNSTD-------------------------------------SERGELKN----CSFNI-T-TE--LRD-KK-QKE-YALF-YKLDVVPINNNQGNRSNNS------------------------------------------NTSYRLI---NCNTSAI-T---QA, 0.2391, 0
0.364729, -100.3825, 174, POINT, V, VKLTPLCVTLNCTNVTNNSTD-------------------------------------SERGELKN----CSFNT-T-TE--LRD-KK-QKE-YALF-YKLDVVPINNNQGNRSNNS------------------------------------------NTSYRLI---NCNTSVI-T---QA, 0.6796, 0
0.354500, -124.2279, 58, POINT, T, VKLTPLCVTLNCTNVTNNSTD-------------------------------------TERGELKN----CSFNM-T-TE--LRD-KK-QKE-YALF-YKLDVVPINNNQGNRSNNS------------------------------------------NTSYRLI---NCNTSAI-T---QA, 0.0859, 0
0.355057, -125.9681, 18, POINT, T, VKLTPLCVTLNCTNVTNNTTD-------------------------------------SERGELKN----CSFNM-T-TE--LRD-KK-QKE-YALF-YKLDVVPINNNQGNRSNNS------------------------------------------NTSYRLI---NCNTSAI-T---QA, 0.0859, 1
0.362471, -124.8210, [63], CHUNK, ['I'], VKLTPLCVTLNCTNVTNNTTD-------------------------------------SERGEIKN----CSFNM-T-TE--LRD-KK-QKE-YALF-YKLDVVPINNNQGNRSNNS------------------------------------------NTSYRLI---NCNTSAI-T---QA, 0.0864, 0
0.358414, -126.4306, 20, POINT, N, VKLTPLCVTLNCTNVTNNTTN-------------------------------------SERGELKN----CSFNM-T-TE--LRD-KK-QKE-YALF-YKLDVVPINNNQGNRSNNS------------------------------------------NTSYRLI---NCNTSAI-T---QA, 0.0859, 0
0.362339, -106.8913, [174], CHUNK, ['V'], VKLTPLCVTLNCTNVTNNTTD-------------------------------------SERGELKN----CSFNM-T-TE--LRD-KK-QKE-YALF-YKLDVVPINNNQGNRSNNS------------------------------------------NTSYRLI---NCNTSVI-T---QA, 0.1878, 0
0.356465, -124.2100, 60, POINT, K, VKLTPLCVTLNCTNVTNNTTD-------------------------------------SEKGELKN----CSFNM-T-TE--LRD-KK-QKE-YALF-YKLDVVPINNNQGNRSNNS------------------------------------------NTSYRLI---NCNTSAI-T---QA, 0.0848, 1
0.366437, -117.2030, 74, POINT, I, VKLTPLCVTLNCTNVTNNTTD-------------------------------------SEKGELKN----CSFNI-T-TE--LRD-KK-QKE-YALF-YKLDVVPINNNQGNRSNNS------------------------------------------NTSYRLI---NCNTSAI-T---QA, 0.0871, 0
0.358628, -25.0080, 82, POINT, I, VKLTPLCVTLNCTNVTNNTTD-------------------------------------SEKGELKN----CSFNM-T-TE--IRD-KK-QKE-YALF-YKLDVVPINNNQGNRSNNS------------------------------------------NTSYRLI---NCNTSAI-T---QA, 0.2921, 0
0.363748, -107.0818, 174, POINT, V, VKLTPLCVTLNCTNVTNNTTD-------------------------------------SEKGELKN----CSFNM-T-TE--LRD-KK-QKE-YALF-YKLDVVPINNNQGNRSNNS------------------------------------------NTSYRLI---NCNTSVI-T---QA, 0.3586, 0
0.366437, -111.1765, [74], CHUNK, ['I'], VKLTPLCVTLNCTNVTNNTTD-------------------------------------SEKGELKN----CSFNI-T-TE--LRD-KK-QKE-YALF-YKLDVVPINNNQGNRSNNS------------------------------------------NTSYRLI---NCNTSAI-T---QA, 0.3484, 0
0.362339, -112.5702, [174], CHUNK, ['V'], VKLTPLCVTLNCTNVTNNTTD-------------------------------------SERGELKN----CSFNM-T-TE--LRD-KK-QKE-YALF-YKLDVVPINNNQGNRSNNS------------------------------------------NTSYRLI---NCNTSVI-T---QA, 0.2113, 0
0.359549, -118.3625, 74, POINT, V, VKLTPLCVTLNCTNVTNNTTD-------------------------------------SERGELKN----CSFNV-T-TE--LRD-KK-QKE-YALF-YKLDVVPINNNQGNRSNNS------------------------------------------NTSYRLI---NCNTSAI-T---QA, 0.2146, 1
0.365029, -115.7907, 74, POINT, I, VKLTPLCVTLNCTNVTNNTTD-------------------------------------SERGELKN----CSFNI-T-TE--LRD-KK-QKE-YALF-YKLDVVPINNNQGNRSNNS------------------------------------------NTSYRLI---NCNTSAI-T---QA, 0.2743, 0
0.366831, -100.6729, [174], CHUNK, ['V'], VKLTPLCVTLNCTNVTNNTTD-------------------------------------SERGELKN----CSFNV-T-TE--LRD-KK-QKE-YALF-YKLDVVPINNNQGNRSNNS------------------------------------------NTSYRLI---NCNTSVI-T---QA, 0.4920, 0
0.366831, -105.6428, [174], CHUNK, ['V'], VKLTPLCVTLNCTNVTNNTTD-------------------------------------SERGELKN----CSFNV-T-TE--LRD-KK-QKE-YALF-YKLDVVPINNNQGNRSNNS------------------------------------------NTSYRLI---NCNTSVI-T---QA, 0.4421, 0
0.365029, -115.8361, [74], CHUNK, ['I'], VKLTPLCVTLNCTNVTNNTTD-------------------------------------SERGELKN----CSFNI-T-TE--LRD-KK-QKE-YALF-YKLDVVPINNNQGNRSNNS------------------------------------------NTSYRLI---NCNTSAI-T---QA, 0.2105, 0
0.364551, -122.4788, [60, 63], CHUNK, ['K', 'I'], VKLTPLCVTLNCTNVTNNTTD-------------------------------------SEKGEIKN----CSFNM-T-TE--LRD-KK-QKE-YALF-YKLDVVPINNNQGNRSNNS------------------------------------------NTSYRLI---NCNTSAI-T---QA, 0.0859, 0
0.356827, -125.8171, 20, POINT, S, VKLTPLCVTLNCTNVTNNTTS-------------------------------------SERGELKN----CSFNM-T-TE--LRD-KK-QKE-YALF-YKLDVVPINNNQGNRSNNS------------------------------------------NTSYRLI---NCNTSAI-T---QA, 0.1070, 1
0.366757, -112.9129, [74, 79], CHUNK, ['I', 'N'], VKLTPLCVTLNCTNVTNNTTS-------------------------------------SERGELKN----CSFNI-T-TN--LRD-KK-QKE-YALF-YKLDVVPINNNQGNRSNNS------------------------------------------NTSYRLI---NCNTSAI-T---QA, 0.2145, 0
0.366799, -113.4569, [74], CHUNK, ['I'], VKLTPLCVTLNCTNVTNNTTS-------------------------------------SERGELKN----CSFNI-T-TE--LRD-KK-QKE-YALF-YKLDVVPINNNQGNRSNNS------------------------------------------NTSYRLI---NCNTSAI-T---QA, 0.1823, 0
0.366799, -109.1829, [74], CHUNK, ['I'], VKLTPLCVTLNCTNVTNNTTS-------------------------------------SERGELKN----CSFNI-T-TE--LRD-KK-QKE-YALF-YKLDVVPINNNQGNRSNNS------------------------------------------NTSYRLI---NCNTSAI-T---QA, 0.2563, 0
0.364323, -124.2506, 63, POINT, I, VKLTPLCVTLNCTNVTNNTTS-------------------------------------SERGEIKN----CSFNM-T-TE--LRD-KK-QKE-YALF-YKLDVVPINNNQGNRSNNS------------------------------------------NTSYRLI---NCNTSAI-T---QA, 0.1070, 0
0.362471, -124.4659, 63, POINT, I, VKLTPLCVTLNCTNVTNNTTD-------------------------------------SERGEIKN----CSFNM-T-TE--LRD-KK-QKE-YALF-YKLDVVPINNNQGNRSNNS------------------------------------------NTSYRLI---NCNTSAI-T---QA, 0.0859, 0
0.357220, -5.8369, 82, POINT, I, VKLTPLCVTLNCTNVTNNTTD-------------------------------------SERGELKN----CSFNM-T-TE--IRD-KK-QKE-YALF-YKLDVVPINNNQGNRSNNS------------------------------------------NTSYRLI---NCNTSAI-T---QA, 0.2259, 0
0.364988, -119.1164, [74, 79], CHUNK, ['I', 'N'], VKLTPLCVTLNCTNVTNNTTD-------------------------------------SERGELKN----CSFNI-T-TN--LRD-KK-QKE-YALF-YKLDVVPINNNQGNRSNNS------------------------------------------NTSYRLI---NCNTSAI-T---QA, 0.0884, 1
0.367214, -114.9984, 60, POINT, T, VKLTPLCVTLNCTNVTNNTTD-------------------------------------SETGELKN----CSFNI-T-TN--LRD-KK-QKE-YALF-YKLDVVPINNNQGNRSNNS------------------------------------------NTSYRLI---NCNTSAI-T---QA, 0.1274, 0
0.367883, -117.1182, 63, POINT, M, VKLTPLCVTLNCTNVTNNTTD-------------------------------------SERGEMKN----CSFNI-T-TN--LRD-KK-QKE-YALF-YKLDVVPINNNQGNRSNNS------------------------------------------NTSYRLI---NCNTSAI-T---QA, 0.1409, 1
0.375165, -100.0200, [174], CHUNK, ['V'], VKLTPLCVTLNCTNVTNNTTD-------------------------------------SERGEMKN----CSFNI-T-TN--LRD-KK-QKE-YALF-YKLDVVPINNNQGNRSNNS------------------------------------------NTSYRLI---NCNTSVI-T---QA, 0.3202, 0
0.368268, -117.2006, 106, POINT, D, VKLTPLCVTLNCTNVTNNTTD-------------------------------------SERGEMKN----CSFNI-T-TN--LRD-KK-QKE-YALF-YKLDVVPIDNNQGNRSNNS------------------------------------------NTSYRLI---NCNTSAI-T---QA, 0.1410, 0
0.370052, -115.8472, 174, POINT, T, VKLTPLCVTLNCTNVTNNTTD-------------------------------------SERGEMKN----CSFNI-T-TN--LRD-KK-QKE-YALF-YKLDVVPINNNQGNRSNNS------------------------------------------NTSYRLI---NCNTSTI-T---QA, 0.1411, 0
0.375165, -98.7303, [174], CHUNK, ['V'], VKLTPLCVTLNCTNVTNNTTD-------------------------------------SERGEMKN----CSFNI-T-TN--LRD-KK-QKE-YALF-YKLDVVPINNNQGNRSNNS------------------------------------------NTSYRLI---NCNTSVI-T---QA, 0.3355, 0
0.373707, -96.0125, [169, 174], CHUNK, ['S', 'V'], VKLTPLCVTLNCTNVTNNTTD-------------------------------------SERGELKN----CSFNI-T-TN--LRD-KK-QKE-YALF-YKLDVVPINNNQGNRSNNS------------------------------------------NTSYRLI---SCNTSVI-T---QA, 0.3372, 0
0.372270, -106.2669, [174], CHUNK, ['V'], VKLTPLCVTLNCTNVTNNTTD-------------------------------------SERGELKN----CSFNI-T-TN--LRD-KK-QKE-YALF-YKLDVVPINNNQGNRSNNS------------------------------------------NTSYRLI---NCNTSVI-T---QA, 0.3442, 0
0.367157, -117.6776, 174, POINT, T, VKLTPLCVTLNCTNVTNNTTD-------------------------------------SERGELKN----CSFNI-T-TN--LRD-KK-QKE-YALF-YKLDVVPINNNQGNRSNNS------------------------------------------NTSYRLI---NCNTSTI-T---QA, 0.0915, 1
0.372270, -100.3513, [174], CHUNK, ['V'], VKLTPLCVTLNCTNVTNNTTD-------------------------------------SERGELKN----CSFNI-T-TN--LRD-KK-QKE-YALF-YKLDVVPINNNQGNRSNNS------------------------------------------NTSYRLI---NCNTSVI-T---QA, 0.1729, 0
0.373471, -6.9907, [82], CHUNK, ['I'], VKLTPLCVTLNCTNVTNNTTD-------------------------------------SERGELKN----CSFNI-T-TN--IRD-KK-QKE-YALF-YKLDVVPINNNQGNRSNNS------------------------------------------NTSYRLI---NCNTSTI-T---QA, 0.2686, 0
0.375992, -116.1419, [63], CHUNK, ['I'], VKLTPLCVTLNCTNVTNNTTD-------------------------------------SERGEIKN----CSFNI-T-TN--LRD-KK-QKE-YALF-YKLDVVPINNNQGNRSNNS------------------------------------------NTSYRLI---NCNTSTI-T---QA, 0.0915, 0
0.375992, -116.1419, [63], CHUNK, ['I'], VKLTPLCVTLNCTNVTNNTTD-------------------------------------SERGEIKN----CSFNI-T-TN--LRD-KK-QKE-YALF-YKLDVVPINNNQGNRSNNS------------------------------------------NTSYRLI---NCNTSTI-T---QA, 0.0915, 0
0.367883, -117.1438, [63], CHUNK, ['M'], VKLTPLCVTLNCTNVTNNTTD-------------------------------------SERGEMKN----CSFNI-T-TN--LRD-KK-QKE-YALF-YKLDVVPINNNQGNRSNNS------------------------------------------NTSYRLI---NCNTSAI-T---QA, 0.0941, 0
0.367883, -117.2353, [63], CHUNK, ['M'], VKLTPLCVTLNCTNVTNNTTD-------------------------------------SERGEMKN----CSFNI-T-TN--LRD-KK-QKE-YALF-YKLDVVPINNNQGNRSNNS------------------------------------------NTSYRLI---NCNTSAI-T---QA, 0.0646, 0
0.372270, -104.0737, [174], CHUNK, ['V'], VKLTPLCVTLNCTNVTNNTTD-------------------------------------SERGELKN----CSFNI-T-TN--LRD-KK-QKE-YALF-YKLDVVPINNNQGNRSNNS------------------------------------------NTSYRLI---NCNTSVI-T---QA, 0.3364, 0
0.372270, -103.5029, 174, POINT, V, VKLTPLCVTLNCTNVTNNTTD-------------------------------------SERGELKN----CSFNI-T-TN--LRD-KK-QKE-YALF-YKLDVVPINNNQGNRSNNS------------------------------------------NTSYRLI---NCNTSVI-T---QA, 0.4024, 0
0.371302, -28.5596, [74, 79, 82], CHUNK, ['I', 'N', 'I'], VKLTPLCVTLNCTNVTNNTTD-------------------------------------SERGELKN----CSFNI-T-TN--IRD-KK-QKE-YALF-YKLDVVPINNNQGNRSNNS------------------------------------------NTSYRLI---NCNTSAI-T---QA, 0.3383, 0
0.363408, -107.9879, [74, 79], CHUNK, ['I', 'S'], VKLTPLCVTLNCTNVTNNTTD-------------------------------------SERGELKN----CSFNI-T-TS--LRD-KK-QKE-YALF-YKLDVVPINNNQGNRSNNS------------------------------------------NTSYRLI---NCNTSAI-T---QA, 0.2902, 0
0.363776, -110.9737, [169, 174], CHUNK, ['S', 'V'], VKLTPLCVTLNCTNVTNNTTD-------------------------------------SERGELKN----CSFNM-T-TE--LRD-KK-QKE-YALF-YKLDVVPINNNQGNRSNNS------------------------------------------NTSYRLI---SCNTSVI-T---QA, 0.2983, 0
0.365029, -116.7360, [74], CHUNK, ['I'], VKLTPLCVTLNCTNVTNNTTD-------------------------------------SERGELKN----CSFNI-T-TE--LRD-KK-QKE-YALF-YKLDVVPINNNQGNRSNNS------------------------------------------NTSYRLI---NCNTSAI-T---QA, 0.2749, 1
0.368818, -3.8819, 82, POINT, I, VKLTPLCVTLNCTNVTNNTTD-------------------------------------SERGELKN----CSFNI-T-TE--IRD-KK-QKE-YALF-YKLDVVPINNNQGNRSNNS------------------------------------------NTSYRLI---NCNTSAI-T---QA, 0.3915, 0
0.367924, -116.4510, 63, POINT, M, VKLTPLCVTLNCTNVTNNTTD-------------------------------------SERGEMKN----CSFNI-T-TE--LRD-KK-QKE-YALF-YKLDVVPINNNQGNRSNNS------------------------------------------NTSYRLI---NCNTSAI-T---QA, 0.3057, 0
0.372311, -108.6666, [174], CHUNK, ['V'], VKLTPLCVTLNCTNVTNNTTD-------------------------------------SERGELKN----CSFNI-T-TE--LRD-KK-QKE-YALF-YKLDVVPINNNQGNRSNNS------------------------------------------NTSYRLI---NCNTSVI-T---QA, 0.3207, 0
0.368818, 3.3226, 82, POINT, I, VKLTPLCVTLNCTNVTNNTTD-------------------------------------SERGELKN----CSFNI-T-TE--IRD-KK-QKE-YALF-YKLDVVPINNNQGNRSNNS------------------------------------------NTSYRLI---NCNTSAI-T---QA, 0.4227, 0
0.362471, -124.7836, 63, POINT, I, VKLTPLCVTLNCTNVTNNTTD-------------------------------------SERGEIKN----CSFNM-T-TE--LRD-KK-QKE-YALF-YKLDVVPINNNQGNRSNNS------------------------------------------NTSYRLI---NCNTSAI-T---QA, 0.0858, 1
0.380137, 4.5664, [74, 79, 82], CHUNK, ['I', 'N', 'I'], VKLTPLCVTLNCTNVTNNTTD-------------------------------------SERGEIKN----CSFNI-T-TN--IRD-KK-QKE-YALF-YKLDVVPINNNQGNRSNNS------------------------------------------NTSYRLI---NCNTSAI-T---QA, 0.2001, 0
0.366226, -121.8229, 20, POINT, T, VKLTPLCVTLNCTNVTNNTTT-------------------------------------SERGEIKN----CSFNM-T-TE--LRD-KK-QKE-YALF-YKLDVVPINNNQGNRSNNS------------------------------------------NTSYRLI---NCNTSAI-T---QA, 0.0888, 0
0.373823, -114.2609, [74, 79], CHUNK, ['I', 'N'], VKLTPLCVTLNCTNVTNNTTD-------------------------------------SERGEIKN----CSFNI-T-TN--LRD-KK-QKE-YALF-YKLDVVPINNNQGNRSNNS------------------------------------------NTSYRLI---NCNTSAI-T---QA, 0.3200, 0
0.362856, -124.8062, 106, POINT, D, VKLTPLCVTLNCTNVTNNTTD-------------------------------------SERGEIKN----CSFNM-T-TE--LRD-KK-QKE-YALF-YKLDVVPIDNNQGNRSNNS------------------------------------------NTSYRLI---NCNTSAI-T---QA, 0.0852, 0
0.359549, -119.7461, 74, POINT, V, VKLTPLCVTLNCTNVTNNTTD-------------------------------------SERGELKN----CSFNV-T-TE--LRD-KK-QKE-YALF-YKLDVVPINNNQGNRSNNS------------------------------------------NTSYRLI---NCNTSAI-T---QA, 0.2317, 0
0.364551, -122.4788, [60, 63], CHUNK, ['K', 'I'], VKLTPLCVTLNCTNVTNNTTD-------------------------------------SEKGEIKN----CSFNM-T-TE--LRD-KK-QKE-YALF-YKLDVVPINNNQGNRSNNS------------------------------------------NTSYRLI---NCNTSAI-T---QA, 0.0859, 1
0.369195, -112.2529, [74], CHUNK, ['V'], VKLTPLCVTLNCTNVTNNTTD-------------------------------------SEKGEIKN----CSFNV-T-TE--LRD-KK-QKE-YALF-YKLDVVPINNNQGNRSNNS------------------------------------------NTSYRLI---NCNTSAI-T---QA, 0.1885, 0
0.367931, -123.1617, 20, POINT, N, VKLTPLCVTLNCTNVTNNTTN-------------------------------------SEKGEIKN----CSFNM-T-TE--LRD-KK-QKE-YALF-YKLDVVPINNNQGNRSNNS------------------------------------------NTSYRLI---NCNTSAI-T---QA, 0.0869, 1
0.377703, -106.7859, [74, 79], CHUNK, ['I', 'S'], VKLTPLCVTLNCTNVTNNTTN-------------------------------------SEKGEIKN----CSFNI-T-TS--LRD-KK-QKE-YALF-YKLDVVPINNNQGNRSNNS------------------------------------------NTSYRLI---NCNTSAI-T---QA, 0.2471, 0
0.370094, -4.4300, 82, POINT, I, VKLTPLCVTLNCTNVTNNTTN-------------------------------------SEKGEIKN----CSFNM-T-TE--IRD-KK-QKE-YALF-YKLDVVPINNNQGNRSNNS------------------------------------------NTSYRLI---NCNTSAI-T---QA, 0.1073, 0
0.377703, -106.4412, [74, 79], CHUNK, ['I', 'S'], VKLTPLCVTLNCTNVTNNTTN-------------------------------------SEKGEIKN----CSFNI-T-TS--LRD-KK-QKE-YALF-YKLDVVPINNNQGNRSNNS------------------------------------------NTSYRLI---NCNTSAI-T---QA, 0.3413, 0
0.368316, -123.1041, 106, POINT, D, VKLTPLCVTLNCTNVTNNTTN-------------------------------------SEKGEIKN----CSFNM-T-TE--LRD-KK-QKE-YALF-YKLDVVPIDNNQGNRSNNS------------------------------------------NTSYRLI---NCNTSAI-T---QA, 0.0869, 1
0.373734, -122.7589, 109, POINT, N, VKLTPLCVTLNCTNVTNNTTN-------------------------------------SEKGEIKN----CSFNM-T-TE--LRD-KK-QKE-YALF-YKLDVVPIDNNNGNRSNNS------------------------------------------NTSYRLI---NCNTSAI-T---QA, 0.0869, 0
0.370669, -121.1847, 14, POINT, N, VKLTPLCVTLNCTNNTNNTTN-------------------------------------SEKGEIKN----CSFNM-T-TE--LRD-KK-QKE-YALF-YKLDVVPIDNNQGNRSNNS------------------------------------------NTSYRLI---NCNTSAI-T---QA, 0.0869, 0
0.372960, -116.2667, 74, POINT, V, VKLTPLCVTLNCTNVTNNTTN-------------------------------------SEKGEIKN----CSFNV-T-TE--LRD-KK-QKE-YALF-YKLDVVPIDNNQGNRSNNS------------------------------------------NTSYRLI---NCNTSAI-T---QA, 0.2145, 0
0.370485, -121.5778, [174], CHUNK, ['T'], VKLTPLCVTLNCTNVTNNTTN-------------------------------------SEKGEIKN----CSFNM-T-TE--LRD-KK-QKE-YALF-YKLDVVPIDNNQGNRSNNS------------------------------------------NTSYRLI---NCNTSTI-T---QA, 0.0869, 1
0.373016, -120.9903, 112, POINT, S, VKLTPLCVTLNCTNVTNNTTN-------------------------------------SEKGEIKN----CSFNM-T-TE--LRD-KK-QKE-YALF-YKLDVVPIDNNQGNSSNNS------------------------------------------NTSYRLI---NCNTSTI-T---QA, 0.0869, 0
0.374558, -118.6710, 74, POINT, T, VKLTPLCVTLNCTNVTNNTTN-------------------------------------SEKGEIKN----CSFNT-T-TE--LRD-KK-QKE-YALF-YKLDVVPIDNNQGNRSNNS------------------------------------------NTSYRLI---NCNTSTI-T---QA, 0.0955, 0
0.375129, -116.4264, [74], CHUNK, ['V'], VKLTPLCVTLNCTNVTNNTTN-------------------------------------SEKGEIKN----CSFNV-T-TE--LRD-KK-QKE-YALF-YKLDVVPIDNNQGNRSNNS------------------------------------------NTSYRLI---NCNTSTI-T---QA, 0.1484, 1
0.381878, -112.5760, [74], CHUNK, ['I'], VKLTPLCVTLNCTNVTNNTTN-------------------------------------SEKGEIKN----CSFNI-T-TE--LRD-KK-QKE-YALF-YKLDVVPIDNNQGNRSNNS------------------------------------------NTSYRLI---NCNTSTI-T---QA, 0.1959, 0
0.380243, -98.7936, [174], CHUNK, ['V'], VKLTPLCVTLNCTNVTNNTTN-------------------------------------SEKGEIKN----CSFNV-T-TE--LRD-KK-QKE-YALF-YKLDVVPIDNNQGNRSNNS------------------------------------------NTSYRLI---NCNTSVI-T---QA, 0.2663, 0
0.381680, -97.4009, [169, 174], CHUNK, ['S', 'V'], VKLTPLCVTLNCTNVTNNTTN-------------------------------------SEKGEIKN----CSFNV-T-TE--LRD-KK-QKE-YALF-YKLDVVPIDNNQGNRSNNS------------------------------------------NTSYRLI---SCNTSVI-T---QA, 0.2157, 0
0.381878, -110.3486, 74, POINT, I, VKLTPLCVTLNCTNVTNNTTN-------------------------------------SEKGEIKN----CSFNI-T-TE--LRD-KK-QKE-YALF-YKLDVVPIDNNQGNRSNNS------------------------------------------NTSYRLI---NCNTSTI-T---QA, 0.1484, 0
0.377036, -101.9547, [169, 174], CHUNK, ['S', 'V'], VKLTPLCVTLNCTNVTNNTTN-------------------------------------SEKGEIKN----CSFNM-T-TE--LRD-KK-QKE-YALF-YKLDVVPIDNNQGNRSNNS------------------------------------------NTSYRLI---SCNTSVI-T---QA, 0.1475, 0
0.375598, -105.4937, [174], CHUNK, ['V'], VKLTPLCVTLNCTNVTNNTTN-------------------------------------SEKGEIKN----CSFNM-T-TE--LRD-KK-QKE-YALF-YKLDVVPIDNNQGNRSNNS------------------------------------------NTSYRLI---NCNTSVI-T---QA, 0.3151, 0
0.375129, -117.0397, 74, POINT, V, VKLTPLCVTLNCTNVTNNTTN-------------------------------------SEKGEIKN----CSFNV-T-TE--LRD-KK-QKE-YALF-YKLDVVPIDNNQGNRSNNS------------------------------------------NTSYRLI---NCNTSTI-T---QA, 0.1015, 1
0.386133, -1.7306, [74, 79, 82], CHUNK, ['I', 'S', 'I'], VKLTPLCVTLNCTNVTNNTTN-------------------------------------SEKGEIKN----CSFNI-T-TS--IRD-KK-QKE-YALF-YKLDVVPIDNNQGNRSNNS------------------------------------------NTSYRLI---NCNTSTI-T---QA, 0.4217, 0
0.381878, -114.9228, [74], CHUNK, ['I'], VKLTPLCVTLNCTNVTNNTTN-------------------------------------SEKGEIKN----CSFNI-T-TE--LRD-KK-QKE-YALF-YKLDVVPIDNNQGNRSNNS------------------------------------------NTSYRLI---NCNTSTI-T---QA, 0.1871, 0
0.380243, -99.2276, [174], CHUNK, ['V'], VKLTPLCVTLNCTNVTNNTTN-------------------------------------SEKGEIKN----CSFNV-T-TE--LRD-KK-QKE-YALF-YKLDVVPIDNNQGNRSNNS------------------------------------------NTSYRLI---NCNTSVI-T---QA, 0.1466, 0
0.380243, -100.5329, [174], CHUNK, ['V'], VKLTPLCVTLNCTNVTNNTTN-------------------------------------SEKGEIKN----CSFNV-T-TE--LRD-KK-QKE-YALF-YKLDVVPIDNNQGNRSNNS------------------------------------------NTSYRLI---NCNTSVI-T---QA, 0.3985, 0
0.374618, -115.1818, [74, 79], CHUNK, ['V', 'N'], VKLTPLCVTLNCTNVTNNTTN-------------------------------------SEKGEIKN----CSFNV-T-TN--LRD-KK-QKE-YALF-YKLDVVPIDNNQGNRSNNS------------------------------------------NTSYRLI---NCNTSTI-T---QA, 0.1626, 0
0.375598, -106.1061, [174], CHUNK, ['V'], VKLTPLCVTLNCTNVTNNTTN-------------------------------------SEKGEIKN----CSFNM-T-TE--LRD-KK-QKE-YALF-YKLDVVPIDNNQGNRSNNS------------------------------------------NTSYRLI---NCNTSVI-T---QA, 0.2363, 0
0.375129, -112.0375, 74, POINT, V, VKLTPLCVTLNCTNVTNNTTN-------------------------------------SEKGEIKN----CSFNV-T-TE--LRD-KK-QKE-YALF-YKLDVVPIDNNQGNRSNNS------------------------------------------NTSYRLI---NCNTSTI-T---QA, 0.2122, 0
0.371643, -20.1351, [79, 82], CHUNK, ['S', 'I'], VKLTPLCVTLNCTNVTNNTTN-------------------------------------SEKGEIKN----CSFNM-T-TS--IRD-KK-QKE-YALF-YKLDVVPIDNNQGNRSNNS------------------------------------------NTSYRLI---NCNTSTI-T---QA, 0.1508, 0
0.379709, -104.7085, [74], CHUNK, ['I'], VKLTPLCVTLNCTNVTNNTTN-------------------------------------SEKGEIKN----CSFNI-T-TE--LRD-KK-QKE-YALF-YKLDVVPIDNNQGNRSNNS------------------------------------------NTSYRLI---NCNTSAI-T---QA, 0.4761, 0
0.377036, -104.2223, [169, 174], CHUNK, ['S', 'V'], VKLTPLCVTLNCTNVTNNTTN-------------------------------------SEKGEIKN----CSFNM-T-TE--LRD-KK-QKE-YALF-YKLDVVPIDNNQGNRSNNS------------------------------------------NTSYRLI---SCNTSVI-T---QA, 0.4233, 0
0.372315, -122.2489, 112, POINT, T, VKLTPLCVTLNCTNVTNNTTN-------------------------------------SEKGEIKN----CSFNM-T-TE--LRD-KK-QKE-YALF-YKLDVVPIDNNQGNTSNNS------------------------------------------NTSYRLI---NCNTSAI-T---QA, 0.0869, 0
0.379709, -116.0275, [74], CHUNK, ['I'], VKLTPLCVTLNCTNVTNNTTN-------------------------------------SEKGEIKN----CSFNI-T-TE--LRD-KK-QKE-YALF-YKLDVVPIDNNQGNRSNNS------------------------------------------NTSYRLI---NCNTSAI-T---QA, 0.1742, 0
0.379283, -114.8634, [74, 79], CHUNK, ['I', 'N'], VKLTPLCVTLNCTNVTNNTTN-------------------------------------SEKGEIKN----CSFNI-T-TN--LRD-KK-QKE-YALF-YKLDVVPINNNQGNRSNNS------------------------------------------NTSYRLI---NCNTSAI-T---QA, 0.0915, 0
0.375138, -6.1309, [74, 79, 82], CHUNK, ['V', 'S', 'I'], VKLTPLCVTLNCTNVTNNTTN-------------------------------------SEKGEIKN----CSFNV-T-TS--IRD-KK-QKE-YALF-YKLDVVPINNNQGNRSNNS------------------------------------------NTSYRLI---NCNTSAI-T---QA, 0.1619, 0
0.379283, -111.4060, [74, 79], CHUNK, ['I', 'N'], VKLTPLCVTLNCTNVTNNTTN-------------------------------------SEKGEIKN----CSFNI-T-TN--LRD-KK-QKE-YALF-YKLDVVPINNNQGNRSNNS------------------------------------------NTSYRLI---NCNTSAI-T---QA, 0.3625, 0
0.370700, -16.7359, [79, 82], CHUNK, ['N', 'I'], VKLTPLCVTLNCTNVTNNTTN-------------------------------------SEKGEIKN----CSFNM-T-TN--IRD-KK-QKE-YALF-YKLDVVPINNNQGNRSNNS------------------------------------------NTSYRLI---NCNTSAI-T---QA, 0.2972, 0
0.364936, -122.6315, 106, POINT, D, VKLTPLCVTLNCTNVTNNTTD-------------------------------------SEKGEIKN----CSFNM-T-TE--LRD-KK-QKE-YALF-YKLDVVPIDNNQGNRSNNS------------------------------------------NTSYRLI---NCNTSAI-T---QA, 0.1052, 1
0.364970, -122.6685, 112, POINT, E, VKLTPLCVTLNCTNVTNNTTD-------------------------------------SEKGEIKN----CSFNM-T-TE--LRD-KK-QKE-YALF-YKLDVVPIDNNQGNESNNS------------------------------------------NTSYRLI---NCNTSAI-T---QA, 0.1052, 0
0.376329, -111.4503, [74], CHUNK, ['I'], VKLTPLCVTLNCTNVTNNTTD-------------------------------------SEKGEIKN----CSFNI-T-TE--LRD-KK-QKE-YALF-YKLDVVPIDNNQGNRSNNS------------------------------------------NTSYRLI---NCNTSAI-T---QA, 0.1917, 0
0.372219, -111.1502, [174], CHUNK, ['V'], VKLTPLCVTLNCTNVTNNTTD-------------------------------------SEKGEIKN----CSFNM-T-TE--LRD-KK-QKE-YALF-YKLDVVPIDNNQGNRSNNS------------------------------------------NTSYRLI---NCNTSVI-T---QA, 0.5141, 0
0.376329, -113.9607, [74], CHUNK, ['I'], VKLTPLCVTLNCTNVTNNTTD-------------------------------------SEKGEIKN----CSFNI-T-TE--LRD-KK-QKE-YALF-YKLDVVPIDNNQGNRSNNS------------------------------------------NTSYRLI---NCNTSAI-T---QA, 0.1156, 0
0.371834, -107.1326, 174, POINT, V, VKLTPLCVTLNCTNVTNNTTD-------------------------------------SEKGEIKN----CSFNM-T-TE--LRD-KK-QKE-YALF-YKLDVVPINNNQGNRSNNS------------------------------------------NTSYRLI---NCNTSVI-T---QA, 0.2771, 0
0.382217, -20.8566, [74, 79, 82], CHUNK, ['I', 'N', 'I'], VKLTPLCVTLNCTNVTNNTTD-------------------------------------SEKGEIKN----CSFNI-T-TN--IRD-KK-QKE-YALF-YKLDVVPINNNQGNRSNNS------------------------------------------NTSYRLI---NCNTSAI-T---QA, 0.7028, 0
0.375944, -109.3440, [74], CHUNK, ['I'], VKLTPLCVTLNCTNVTNNTTD-------------------------------------SEKGEIKN----CSFNI-T-TE--LRD-KK-QKE-YALF-YKLDVVPINNNQGNRSNNS------------------------------------------NTSYRLI---NCNTSAI-T---QA, 0.2875, 0
0.367922, -119.3493, 20, POINT, T, VKLTPLCVTLNCTNVTNNTTT-------------------------------------SEKGEIKN----CSFNM-T-TE--LRD-KK-QKE-YALF-YKLDVVPINNNQGNRSNNS------------------------------------------NTSYRLI---NCNTSAI-T---QA, 0.0859, 0
