Name base = V1V2_200_sq_3_6_ni
Iters = 200
Soft coverage = 1.31203964383
Energy = -129.386620645
Hard Covereage = 0.0368019545157
Num epitopes = 65
Initial seq = VKLTPLCVTLQCTNVTNNITD-------------------------------------DMRGELKN----CSFNM-T-TE--LRD-KK-QKV-YSLF-YRLDVVQINENQGNRSNNS------------------------------------------NKEYRLI---NCNTSAI-T---QA
-------START OF DATA------
1.361196, -129.5404, [10], CHUNK, ['N'], VKLTPLCVTLNCTNVTNNITD-------------------------------------DMRGELKN----CSFNM-T-TE--LRD-KK-QKV-YSLF-YRLDVVQINENQGNRSNNS------------------------------------------NKEYRLI---NCNTSAI-T---QA, 0.0703, 1
1.371198, -124.8489, 82, POINT, T, VKLTPLCVTLNCTNVTNNITD-------------------------------------DMRGELKN----CSFNM-T-TE--TRD-KK-QKV-YSLF-YRLDVVQINENQGNRSNNS------------------------------------------NKEYRLI---NCNTSAI-T---QA, 0.0703, 1
1.391329, -123.6463, 18, POINT, T, VKLTPLCVTLNCTNVTNNTTD-------------------------------------DMRGELKN----CSFNM-T-TE--TRD-KK-QKV-YSLF-YRLDVVQINENQGNRSNNS------------------------------------------NKEYRLI---NCNTSAI-T---QA, 0.0610, 1
1.414356, -123.5537, 160, POINT, T, VKLTPLCVTLNCTNVTNNTTD-------------------------------------DMRGELKN----CSFNM-T-TE--TRD-KK-QKV-YSLF-YRLDVVQINENQGNRSNNS------------------------------------------NTEYRLI---NCNTSAI-T---QA, 0.0668, 1
1.450696, -82.5545, [58, 59, 60, 61, 63], CHUNK, ['T', 'E', 'K', 'E', 'I'], VKLTPLCVTLNCTNVTNNTTD-------------------------------------TEKEEIKN----CSFNM-T-TE--TRD-KK-QKV-YSLF-YRLDVVQINENQGNRSNNS------------------------------------------NTEYRLI---NCNTSAI-T---QA, 0.1209, 0
1.429407, -122.5305, 104, POINT, S, VKLTPLCVTLNCTNVTNNTTD-------------------------------------DMRGELKN----CSFNM-T-TE--TRD-KK-QKV-YSLF-YRLDVVSINENQGNRSNNS------------------------------------------NTEYRLI---NCNTSAI-T---QA, 0.0668, 1
1.454151, -121.6346, 109, POINT, S, VKLTPLCVTLNCTNVTNNTTD-------------------------------------DMRGELKN----CSFNM-T-TE--TRD-KK-QKV-YSLF-YRLDVVSINENSGNRSNNS------------------------------------------NTEYRLI---NCNTSAI-T---QA, 0.0668, 0
1.451765, -119.3044, 20, POINT, T, VKLTPLCVTLNCTNVTNNTTT-------------------------------------DMRGELKN----CSFNM-T-TE--TRD-KK-QKV-YSLF-YRLDVVSINENQGNRSNNS------------------------------------------NTEYRLI---NCNTSAI-T---QA, 0.0668, 0
1.475278, -72.8402, [74, 79], CHUNK, ['I', 'N'], VKLTPLCVTLNCTNVTNNTTD-------------------------------------DMRGELKN----CSFNI-T-TN--TRD-KK-QKV-YSLF-YRLDVVSINENQGNRSNNS------------------------------------------NTEYRLI---NCNTSAI-T---QA, 0.4109, 0
1.455305, -120.1859, 14, POINT, N, VKLTPLCVTLNCTNNTNNTTD-------------------------------------DMRGELKN----CSFNM-T-TE--TRD-KK-QKV-YSLF-YRLDVVSINENQGNRSNNS------------------------------------------NTEYRLI---NCNTSAI-T---QA, 0.0668, 0
1.434265, -123.1442, [161], CHUNK, ['S'], VKLTPLCVTLNCTNVTNNTTD-------------------------------------DMRGELKN----CSFNM-T-TE--TRD-KK-QKV-YSLF-YRLDVVQINENQGNRSNNS------------------------------------------NTSYRLI---NCNTSAI-T---QA, 0.0668, 1
1.456573, -123.9130, [20], CHUNK, ['N'], VKLTPLCVTLNCTNVTNNTTN-------------------------------------DMRGELKN----CSFNM-T-TE--TRD-KK-QKV-YSLF-YRLDVVQINENQGNRSNNS------------------------------------------NTSYRLI---NCNTSAI-T---QA, 0.0893, 0
1.468947, -122.7838, 109, POINT, N, VKLTPLCVTLNCTNVTNNTTD-------------------------------------DMRGELKN----CSFNM-T-TE--TRD-KK-QKV-YSLF-YRLDVVQINENNGNRSNNS------------------------------------------NTSYRLI---NCNTSAI-T---QA, 0.0668, 0
1.468435, -118.9013, [74], CHUNK, ['T'], VKLTPLCVTLNCTNVTNNTTD-------------------------------------DMRGELKN----CSFNT-T-TE--TRD-KK-QKV-YSLF-YRLDVVQINENQGNRSNNS------------------------------------------NTSYRLI---NCNTSAI-T---QA, 0.0668, 0
1.450237, -105.0094, 74, POINT, V, VKLTPLCVTLNCTNVTNNTTD-------------------------------------DMRGELKN----CSFNV-T-TE--TRD-KK-QKV-YSLF-YRLDVVQINENQGNRSNNS------------------------------------------NTSYRLI---NCNTSAI-T---QA, 0.1677, 0
1.434265, -123.1442, [161], CHUNK, ['S'], VKLTPLCVTLNCTNVTNNTTD-------------------------------------DMRGELKN----CSFNM-T-TE--TRD-KK-QKV-YSLF-YRLDVVQINENQGNRSNNS------------------------------------------NTSYRLI---NCNTSAI-T---QA, 0.0668, 0
1.419127, -123.7905, 104, POINT, P, VKLTPLCVTLNCTNVTNNTTD-------------------------------------DMRGELKN----CSFNM-T-TE--TRD-KK-QKV-YSLF-YRLDVVPINENQGNRSNNS------------------------------------------NTEYRLI---NCNTSAI-T---QA, 0.0668, 1
1.439036, -123.4411, [161], CHUNK, ['S'], VKLTPLCVTLNCTNVTNNTTD-------------------------------------DMRGELKN----CSFNM-T-TE--TRD-KK-QKV-YSLF-YRLDVVPINENQGNRSNNS------------------------------------------NTSYRLI---NCNTSAI-T---QA, 0.0831, 1
1.446973, -123.2149, 89, POINT, K, VKLTPLCVTLNCTNVTNNTTD-------------------------------------DMRGELKN----CSFNM-T-TE--TRD-KK-KKV-YSLF-YRLDVVPINENQGNRSNNS------------------------------------------NTSYRLI---NCNTSAI-T---QA, 0.0831, 0
1.457633, -94.9458, 74, POINT, I, VKLTPLCVTLNCTNVTNNTTD-------------------------------------DMRGELKN----CSFNI-T-TE--TRD-KK-QKV-YSLF-YRLDVVPINENQGNRSNNS------------------------------------------NTSYRLI---NCNTSAI-T---QA, 0.7304, 0
1.445883, -90.6558, 61, POINT, K, VKLTPLCVTLNCTNVTNNTTD-------------------------------------DMRKELKN----CSFNM-T-TE--TRD-KK-QKV-YSLF-YRLDVVPINENQGNRSNNS------------------------------------------NTSYRLI---NCNTSAI-T---QA, 0.0831, 0
1.457633, -98.9068, [74], CHUNK, ['I'], VKLTPLCVTLNCTNVTNNTTD-------------------------------------DMRGELKN----CSFNI-T-TE--TRD-KK-QKV-YSLF-YRLDVVPINENQGNRSNNS------------------------------------------NTSYRLI---NCNTSAI-T---QA, 0.3752, 0
1.448027, -121.3275, [99, 102, 103], CHUNK, ['T', 'I', 'T'], VKLTPLCVTLNCTNVTNNTTD-------------------------------------DMRGELKN----CSFNM-T-TE--TRD-KK-QKV-YSLF-YTLDITPINENQGNRSNNS------------------------------------------NTEYRLI---NCNTSAI-T---QA, 0.0668, 0
1.454757, 27.8094, [74, 79, 82], CHUNK, ['I', 'N', 'I'], VKLTPLCVTLNCTNVTNNTTD-------------------------------------DMRGELKN----CSFNI-T-TN--IRD-KK-QKV-YSLF-YRLDVVPINENQGNRSNNS------------------------------------------NTEYRLI---NCNTSAI-T---QA, 0.5984, 0
1.441485, -120.5644, [20], CHUNK, ['T'], VKLTPLCVTLNCTNVTNNTTT-------------------------------------DMRGELKN----CSFNM-T-TE--TRD-KK-QKV-YSLF-YRLDVVPINENQGNRSNNS------------------------------------------NTEYRLI---NCNTSAI-T---QA, 0.0668, 0
1.437723, -83.2497, 74, POINT, I, VKLTPLCVTLNCTNVTNNTTD-------------------------------------DMRGELKN----CSFNI-T-TE--TRD-KK-QKV-YSLF-YRLDVVPINENQGNRSNNS------------------------------------------NTEYRLI---NCNTSAI-T---QA, 0.4177, 0
1.433312, -121.9432, [159, 161, 163, 164, 165], CHUNK, ['T', 'S', 'T', 'F', 'T'], VKLTPLCVTLNCTNVTNNTTD-------------------------------------DMRGELKN----CSFNM-T-TE--TRD-KK-QKV-YSLF-YRLDVVQINENQGNRSNNS------------------------------------------TTSYTFT---NCNTSAI-T---QA, 0.0668, 0
1.424036, -122.7548, 20, POINT, S, VKLTPLCVTLNCTNVTNNTTS-------------------------------------DMRGELKN----CSFNM-T-TE--TRD-KK-QKV-YSLF-YRLDVVQINENQGNRSNNS------------------------------------------NTEYRLI---NCNTSAI-T---QA, 0.0668, 1
1.442632, -72.3623, [74], CHUNK, ['I'], VKLTPLCVTLNCTNVTNNTTS-------------------------------------DMRGELKN----CSFNI-T-TE--TRD-KK-QKV-YSLF-YRLDVVQINENQGNRSNNS------------------------------------------NTEYRLI---NCNTSAI-T---QA, 0.2356, 0
1.466803, -107.8611, [74, 79], CHUNK, ['V', 'N'], VKLTPLCVTLNCTNVTNNTTS-------------------------------------DMRGELKN----CSFNV-T-TN--TRD-KK-QKV-YSLF-YRLDVVQINENQGNRSNNS------------------------------------------NTEYRLI---NCNTSAI-T---QA, 0.1913, 0
1.436714, -120.6888, 20, POINT, T, VKLTPLCVTLNCTNVTNNTTT-------------------------------------DMRGELKN----CSFNM-T-TE--TRD-KK-QKV-YSLF-YRLDVVQINENQGNRSNNS------------------------------------------NTEYRLI---NCNTSAI-T---QA, 0.0666, 0
1.442632, -84.8634, 74, POINT, I, VKLTPLCVTLNCTNVTNNTTS-------------------------------------DMRGELKN----CSFNI-T-TE--TRD-KK-QKV-YSLF-YRLDVVQINENQGNRSNNS------------------------------------------NTEYRLI---NCNTSAI-T---QA, 0.7555, 0
1.444916, -69.6244, [74, 79], CHUNK, ['I', 'S'], VKLTPLCVTLNCTNVTNNTTD-------------------------------------DMRGELKN----CSFNI-T-TS--TRD-KK-QKV-YSLF-YRLDVVQINENQGNRSNNS------------------------------------------NTEYRLI---NCNTSAI-T---QA, 0.3928, 0
1.436714, -120.3813, 20, POINT, T, VKLTPLCVTLNCTNVTNNTTT-------------------------------------DMRGELKN----CSFNM-T-TE--TRD-KK-QKV-YSLF-YRLDVVQINENQGNRSNNS------------------------------------------NTEYRLI---NCNTSAI-T---QA, 0.0817, 0
1.432952, -69.7604, [74], CHUNK, ['I'], VKLTPLCVTLNCTNVTNNTTD-------------------------------------DMRGELKN----CSFNI-T-TE--TRD-KK-QKV-YSLF-YRLDVVQINENQGNRSNNS------------------------------------------NTEYRLI---NCNTSAI-T---QA, 0.7300, 0
1.439092, -122.7993, 79, POINT, N, VKLTPLCVTLNCTNVTNNTTD-------------------------------------DMRGELKN----CSFNM-T-TN--TRD-KK-QKV-YSLF-YRLDVVQINENQGNRSNNS------------------------------------------NTEYRLI---NCNTSAI-T---QA, 0.0668, 0
1.434265, -122.7586, [160, 161], CHUNK, ['T', 'S'], VKLTPLCVTLNCTNVTNNTTD-------------------------------------DMRGELKN----CSFNM-T-TE--TRD-KK-QKV-YSLF-YRLDVVQINENQGNRSNNS------------------------------------------NTSYRLI---NCNTSAI-T---QA, 0.0610, 0
1.425498, -119.4046, [74], CHUNK, ['T'], VKLTPLCVTLNCTNVTNNTTD-------------------------------------DMRGELKN----CSFNT-T-TE--TRD-KK-QKV-YSLF-YRLDVVQINENQGNRSNNS------------------------------------------NKEYRLI---NCNTSAI-T---QA, 0.0610, 0
1.402957, -123.0682, 103, POINT, T, VKLTPLCVTLNCTNVTNNTTD-------------------------------------DMRGELKN----CSFNM-T-TE--TRD-KK-QKV-YSLF-YRLDVTQINENQGNRSNNS------------------------------------------NKEYRLI---NCNTSAI-T---QA, 0.0651, 0
1.414356, -123.0702, 160, POINT, T, VKLTPLCVTLNCTNVTNNTTD-------------------------------------DMRGELKN----CSFNM-T-TE--TRD-KK-QKV-YSLF-YRLDVVQINENQGNRSNNS------------------------------------------NTEYRLI---NCNTSAI-T---QA, 0.0610, 0
1.381706, -122.1694, 99, POINT, N, VKLTPLCVTLNCTNVTNNITD-------------------------------------DMRGELKN----CSFNM-T-TE--TRD-KK-QKV-YSLF-YNLDVVQINENQGNRSNNS------------------------------------------NKEYRLI---NCNTSAI-T---QA, 0.0441, 0
1.389970, -17.6773, [74, 79, 82], CHUNK, ['T', 'G', 'I'], VKLTPLCVTLNCTNVTNNITD-------------------------------------DMRGELKN----CSFNT-T-TG--IRD-KK-QKV-YSLF-YRLDVVQINENQGNRSNNS------------------------------------------NKEYRLI---NCNTSAI-T---QA, 0.6039, 0
1.383372, -121.2055, 87, POINT, N, VKLTPLCVTLNCTNVTNNITD-------------------------------------DMRGELKN----CSFNM-T-TE--TRD-KN-QKV-YSLF-YRLDVVQINENQGNRSNNS------------------------------------------NKEYRLI---NCNTSAI-T---QA, 0.0703, 1
1.398559, -121.0952, 161, POINT, S, VKLTPLCVTLNCTNVTNNITD-------------------------------------DMRGELKN----CSFNM-T-TE--TRD-KN-QKV-YSLF-YRLDVVQINENQGNRSNNS------------------------------------------NKSYRLI---NCNTSAI-T---QA, 0.1016, 1
1.416574, -80.1440, [74, 79], CHUNK, ['I', 'D'], VKLTPLCVTLNCTNVTNNITD-------------------------------------DMRGELKN----CSFNI-T-TD--TRD-KN-QKV-YSLF-YRLDVVQINENQGNRSNNS------------------------------------------NKSYRLI---NCNTSAI-T---QA, 0.6376, 0
1.432768, -116.8685, [74], CHUNK, ['T'], VKLTPLCVTLNCTNVTNNITD-------------------------------------DMRGELKN----CSFNT-T-TE--TRD-KN-QKV-YSLF-YRLDVVQINENQGNRSNNS------------------------------------------NKSYRLI---NCNTSAI-T---QA, 0.1016, 0
1.429204, -75.5010, [74, 76, 79], CHUNK, ['I', 'S', 'N'], VKLTPLCVTLNCTNVTNNITD-------------------------------------DMRGELKN----CSFNI-S-TN--TRD-KN-QKV-YSLF-YRLDVVQINENQGNRSNNS------------------------------------------NKSYRLI---NCNTSAI-T---QA, 0.3593, 0
1.421833, -121.2027, 107, POINT, N, VKLTPLCVTLNCTNVTNNITD-------------------------------------DMRGELKN----CSFNM-T-TE--TRD-KN-QKV-YSLF-YRLDVVQINNNQGNRSNNS------------------------------------------NKSYRLI---NCNTSAI-T---QA, 0.1016, 1
1.435470, -121.9402, 84, POINT, N, VKLTPLCVTLNCTNVTNNITD-------------------------------------DMRGELKN----CSFNM-T-TE--TRN-KN-QKV-YSLF-YRLDVVQINNNQGNRSNNS------------------------------------------NKSYRLI---NCNTSAI-T---QA, 0.1016, 1
1.453964, -74.3177, [74], CHUNK, ['I'], VKLTPLCVTLNCTNVTNNITD-------------------------------------DMRGELKN----CSFNI-T-TE--TRN-KN-QKV-YSLF-YRLDVVQINNNQGNRSNNS------------------------------------------NKSYRLI---NCNTSAI-T---QA, 0.3719, 0
1.463219, -121.8437, 160, POINT, T, VKLTPLCVTLNCTNVTNNITD-------------------------------------DMRGELKN----CSFNM-T-TE--TRN-KN-QKV-YSLF-YRLDVVQINNNQGNRSNNS------------------------------------------NTSYRLI---NCNTSAI-T---QA, 0.1016, 0
1.449694, -123.1521, 163, POINT, T, VKLTPLCVTLNCTNVTNNITD-------------------------------------DMRGELKN----CSFNM-T-TE--TRN-KN-QKV-YSLF-YRLDVVQINNNQGNRSNNS------------------------------------------NKSYTLI---NCNTSAI-T---QA, 0.1016, 1
1.494284, -106.2027, [74, 79], CHUNK, ['V', 'N'], VKLTPLCVTLNCTNVTNNITD-------------------------------------DMRGELKN----CSFNV-T-TN--TRN-KN-QKV-YSLF-YRLDVVQINNNQGNRSNNS------------------------------------------NKSYTLI---NCNTSAI-T---QA, 0.2779, 0
1.473538, -122.4848, 59, POINT, T, VKLTPLCVTLNCTNVTNNITD-------------------------------------DTRGELKN----CSFNM-T-TE--TRN-KN-QKV-YSLF-YRLDVVQINNNQGNRSNNS------------------------------------------NKSYTLI---NCNTSAI-T---QA, 0.1218, 1
1.518127, -105.4668, [74, 79], CHUNK, ['V', 'N'], VKLTPLCVTLNCTNVTNNITD-------------------------------------DTRGELKN----CSFNV-T-TN--TRN-KN-QKV-YSLF-YRLDVVQINNNQGNRSNNS------------------------------------------NKSYTLI---NCNTSAI-T---QA, 0.1759, 0
1.488653, -120.4889, 174, POINT, T, VKLTPLCVTLNCTNVTNNITD-------------------------------------DTRGELKN----CSFNM-T-TE--TRN-KN-QKV-YSLF-YRLDVVQINNNQGNRSNNS------------------------------------------NKSYTLI---NCNTSTI-T---QA, 0.1201, 0
1.500849, -122.3884, [160], CHUNK, ['T'], VKLTPLCVTLNCTNVTNNITD-------------------------------------DTRGELKN----CSFNM-T-TE--TRN-KN-QKV-YSLF-YRLDVVQINNNQGNRSNNS------------------------------------------NTSYTLI---NCNTSAI-T---QA, 0.1218, 1
1.519356, -122.5941, 83, POINT, N, VKLTPLCVTLNCTNVTNNITD-------------------------------------DTRGELKN----CSFNM-T-TE--TNN-KN-QKV-YSLF-YRLDVVQINNNQGNRSNNS------------------------------------------NTSYTLI---NCNTSAI-T---QA, 0.1242, 1
1.538047, -76.9217, [74], CHUNK, ['I'], VKLTPLCVTLNCTNVTNNITD-------------------------------------DTRGELKN----CSFNI-T-TE--TNN-KN-QKV-YSLF-YRLDVVQINNNQGNRSNNS------------------------------------------NTSYTLI---NCNTSAI-T---QA, 0.5839, 0
1.535711, -104.6223, 74, POINT, V, VKLTPLCVTLNCTNVTNNITD-------------------------------------DTRGELKN----CSFNV-T-TE--TNN-KN-QKV-YSLF-YRLDVVQINNNQGNRSNNS------------------------------------------NTSYTLI---NCNTSAI-T---QA, 0.1556, 0
1.531283, -120.5822, 165, POINT, T, VKLTPLCVTLNCTNVTNNITD-------------------------------------DTRGELKN----CSFNM-T-TE--TNN-KN-QKV-YSLF-YRLDVVQINNNQGNRSNNS------------------------------------------NTSYTLT---NCNTSAI-T---QA, 0.1242, 0
1.538047, -79.2043, [74], CHUNK, ['I'], VKLTPLCVTLNCTNVTNNITD-------------------------------------DTRGELKN----CSFNI-T-TE--TNN-KN-QKV-YSLF-YRLDVVQINNNQGNRSNNS------------------------------------------NTSYTLI---NCNTSAI-T---QA, 0.3917, 0
1.535352, -118.1558, [74], CHUNK, ['T'], VKLTPLCVTLNCTNVTNNITD-------------------------------------DTRGELKN----CSFNT-T-TE--TRN-KN-QKV-YSLF-YRLDVVQINNNQGNRSNNS------------------------------------------NTSYTLI---NCNTSAI-T---QA, 0.1282, 1
1.547090, -116.2927, [99, 104], CHUNK, ['K', 'P'], VKLTPLCVTLNCTNVTNNITD-------------------------------------DTRGELKN----CSFNT-T-TE--TRN-KN-QKV-YSLF-YKLDVVPINNNQGNRSNNS------------------------------------------NTSYTLI---NCNTSAI-T---QA, 0.1282, 0
1.573202, -117.7954, 109, POINT, N, VKLTPLCVTLNCTNVTNNITD-------------------------------------DTRGELKN----CSFNT-T-TE--TRN-KN-QKV-YSLF-YRLDVVQINNNNGNRSNNS------------------------------------------NTSYTLI---NCNTSAI-T---QA, 0.1282, 0
1.543744, -117.9193, [89], CHUNK, ['K'], VKLTPLCVTLNCTNVTNNITD-------------------------------------DTRGELKN----CSFNT-T-TE--TRN-KN-KKV-YSLF-YRLDVVQINNNQGNRSNNS------------------------------------------NTSYTLI---NCNTSAI-T---QA, 0.1282, 0
1.542468, -95.9257, [174], CHUNK, ['V'], VKLTPLCVTLNCTNVTNNITD-------------------------------------DTRGELKN----CSFNT-T-TE--TRN-KN-QKV-YSLF-YRLDVVQINNNQGNRSNNS------------------------------------------NTSYTLI---NCNTSVI-T---QA, 0.2933, 0
1.521833, -119.9312, 58, POINT, T, VKLTPLCVTLNCTNVTNNITD-------------------------------------TTRGELKN----CSFNM-T-TE--TRN-KN-QKV-YSLF-YRLDVVQINNNQGNRSNNS------------------------------------------NTSYTLI---NCNTSAI-T---QA, 0.0960, 1
1.544267, -116.7206, 91, POINT, N, VKLTPLCVTLNCTNVTNNITD-------------------------------------TTRGELKN----CSFNM-T-TE--TRN-KN-QKN-YSLF-YRLDVVQINNNQGNRSNNS------------------------------------------NTSYTLI---NCNTSAI-T---QA, 0.0893, 0
1.548563, -119.1771, 79, POINT, N, VKLTPLCVTLNCTNVTNNITD-------------------------------------TTRGELKN----CSFNM-T-TN--TRN-KN-QKV-YSLF-YRLDVVQINNNQGNRSNNS------------------------------------------NTSYTLI---NCNTSAI-T---QA, 0.0960, 0
1.552209, -76.8209, [74, 79], CHUNK, ['I', 'S'], VKLTPLCVTLNCTNVTNNITD-------------------------------------TTRGELKN----CSFNI-T-TS--TRN-KN-QKV-YSLF-YRLDVVQINNNQGNRSNNS------------------------------------------NTSYTLI---NCNTSAI-T---QA, 0.4775, 0
1.540327, -79.7811, [74], CHUNK, ['I'], VKLTPLCVTLNCTNVTNNITD-------------------------------------TTRGELKN----CSFNI-T-TE--TRN-KN-QKV-YSLF-YRLDVVQINNNQGNRSNNS------------------------------------------NTSYTLI---NCNTSAI-T---QA, 0.2712, 0
1.519343, -71.5554, 74, POINT, I, VKLTPLCVTLNCTNVTNNITD-------------------------------------DTRGELKN----CSFNI-T-TE--TRN-KN-QKV-YSLF-YRLDVVQINNNQGNRSNNS------------------------------------------NTSYTLI---NCNTSAI-T---QA, 0.3548, 0
1.515964, -119.8572, 174, POINT, T, VKLTPLCVTLNCTNVTNNITD-------------------------------------DTRGELKN----CSFNM-T-TE--TRN-KN-QKV-YSLF-YRLDVVQINNNQGNRSNNS------------------------------------------NTSYTLI---NCNTSTI-T---QA, 0.0903, 0
1.533124, -122.9292, 112, POINT, N, VKLTPLCVTLNCTNVTNNITD-------------------------------------DTRGELKN----CSFNM-T-TE--TRN-KN-QKV-YSLF-YRLDVVQINNNQGNNSNNS------------------------------------------NTSYTLI---NCNTSAI-T---QA, 0.1187, 0
1.531486, -121.5523, 112, POINT, T, VKLTPLCVTLNCTNVTNNITD-------------------------------------DTRGELKN----CSFNM-T-TE--TRN-KN-QKV-YSLF-YRLDVVQINNNQGNTSNNS------------------------------------------NTSYTLI---NCNTSAI-T---QA, 0.1218, 0
1.492032, -93.0723, 74, POINT, I, VKLTPLCVTLNCTNVTNNITD-------------------------------------DTRGELKN----CSFNI-T-TE--TRN-KN-QKV-YSLF-YRLDVVQINNNQGNRSNNS------------------------------------------NKSYTLI---NCNTSAI-T---QA, 0.5504, 0
1.500268, -121.9765, 79, POINT, N, VKLTPLCVTLNCTNVTNNITD-------------------------------------DTRGELKN----CSFNM-T-TN--TRN-KN-QKV-YSLF-YRLDVVQINNNQGNRSNNS------------------------------------------NKSYTLI---NCNTSAI-T---QA, 0.0974, 0
1.508147, -109.8826, [74, 79], CHUNK, ['V', 'T'], VKLTPLCVTLNCTNVTNNITD-------------------------------------DTRGELKN----CSFNV-T-TT--TRN-KN-QKV-YSLF-YRLDVVQINNNQGNRSNNS------------------------------------------NKSYTLI---NCNTSAI-T---QA, 0.2502, 0
1.488834, -122.4409, 160, POINT, S, VKLTPLCVTLNCTNVTNNITD-------------------------------------DTRGELKN----CSFNM-T-TE--TRN-KN-QKV-YSLF-YRLDVVQINNNQGNRSNNS------------------------------------------NSSYTLI---NCNTSAI-T---QA, 0.1101, 1
1.504153, -121.4680, 104, POINT, S, VKLTPLCVTLNCTNVTNNITD-------------------------------------DTRGELKN----CSFNM-T-TE--TRN-KN-QKV-YSLF-YRLDVVSINNNQGNRSNNS------------------------------------------NSSYTLI---NCNTSAI-T---QA, 0.1101, 0
1.510874, -121.3224, 18, POINT, T, VKLTPLCVTLNCTNVTNNTTD-------------------------------------DTRGELKN----CSFNM-T-TE--TRN-KN-QKV-YSLF-YRLDVVQINNNQGNRSNNS------------------------------------------NSSYTLI---NCNTSAI-T---QA, 0.1101, 0
1.523338, -118.1085, [74], CHUNK, ['T'], VKLTPLCVTLNCTNVTNNITD-------------------------------------DTRGELKN----CSFNT-T-TE--TRN-KN-QKV-YSLF-YRLDVVQINNNQGNRSNNS------------------------------------------NSSYTLI---NCNTSAI-T---QA, 0.1101, 1
1.545377, -117.3251, 18, POINT, T, VKLTPLCVTLNCTNVTNNTTD-------------------------------------DTRGELKN----CSFNT-T-TE--TRN-KN-QKV-YSLF-YRLDVVQINNNQGNRSNNS------------------------------------------NSSYTLI---NCNTSAI-T---QA, 0.1118, 1
1.575531, -117.9515, 20, POINT, N, VKLTPLCVTLNCTNVTNNTTN-------------------------------------DTRGELKN----CSFNT-T-TE--TRN-KN-QKV-YSLF-YRLDVVQINNNQGNRSNNS------------------------------------------NSSYTLI---NCNTSAI-T---QA, 0.1366, 0
1.554765, -116.4571, [90, 93, 94], CHUNK, ['T', 'S', 'A'], VKLTPLCVTLNCTNVTNNTTD-------------------------------------DTRGELKN----CSFNT-T-TE--TRN-KN-QTV-SALF-YRLDVVQINNNQGNRSNNS------------------------------------------NSSYTLI---NCNTSAI-T---QA, 0.1586, 0
1.565020, -117.4106, 83, POINT, N, VKLTPLCVTLNCTNVTNNTTD-------------------------------------DTRGELKN----CSFNT-T-TE--TNN-KN-QKV-YSLF-YRLDVVQINNNQGNRSNNS------------------------------------------NSSYTLI---NCNTSAI-T---QA, 0.1565, 0
1.545610, -117.4359, [94], CHUNK, ['A'], VKLTPLCVTLNCTNVTNNTTD-------------------------------------DTRGELKN----CSFNT-T-TE--TRN-KN-QKV-YALF-YRLDVVQINNNQGNRSNNS------------------------------------------NSSYTLI---NCNTSAI-T---QA, 0.1118, 0
1.530453, -104.1938, [174], CHUNK, ['V'], VKLTPLCVTLNCTNVTNNITD-------------------------------------DTRGELKN----CSFNT-T-TE--TRN-KN-QKV-YSLF-YRLDVVQINNNQGNRSNNS------------------------------------------NSSYTLI---NCNTSVI-T---QA, 0.3494, 0
1.536507, -100.2771, [61, 63], CHUNK, ['N', 'M'], VKLTPLCVTLNCTNVTNNITD-------------------------------------DTRNEMKN----CSFNT-T-TE--TRN-KN-QKV-YSLF-YRLDVVQINNNQGNRSNNS------------------------------------------NSSYTLI---NCNTSAI-T---QA, 0.1425, 0
1.542981, -117.6759, 83, POINT, N, VKLTPLCVTLNCTNVTNNITD-------------------------------------DTRGELKN----CSFNT-T-TE--TNN-KN-QKV-YSLF-YRLDVVQINNNQGNRSNNS------------------------------------------NSSYTLI---NCNTSAI-T---QA, 0.1101, 0
1.568498, -117.3826, [105, 107, 109, 110], CHUNK, ['L', 'K', 'N', 'N'], VKLTPLCVTLNCTNVTNNITD-------------------------------------DTRGELKN----CSFNT-T-TE--TRN-KN-QKV-YSLF-YRLDVVQLNKNNNNRSNNS------------------------------------------NSSYTLI---NCNTSAI-T---QA, 0.1225, 1
1.580929, -118.9803, 105, POINT, T, VKLTPLCVTLNCTNVTNNITD-------------------------------------DTRGELKN----CSFNT-T-TE--TRN-KN-QKV-YSLF-YRLDVVQTNKNNNNRSNNS------------------------------------------NSSYTLI---NCNTSAI-T---QA, 0.1225, 0
1.576890, -117.2760, 89, POINT, K, VKLTPLCVTLNCTNVTNNITD-------------------------------------DTRGELKN----CSFNT-T-TE--TRN-KN-KKV-YSLF-YRLDVVQLNKNNNNRSNNS------------------------------------------NSSYTLI---NCNTSAI-T---QA, 0.1196, 0
1.596703, -96.7210, [58, 60, 61, 63, 65], CHUNK, ['N', 'T', 'A', 'I', 'S'], VKLTPLCVTLNCTNVTNNITD-------------------------------------NTTAEIKS----CSFNT-T-TE--TRN-KN-QKV-YSLF-YRLDVVQLNKNNNNRSNNS------------------------------------------NSSYTLI---NCNTSAI-T---QA, 0.1225, 0
1.581758, -80.3499, [74, 79], CHUNK, ['I', 'N'], VKLTPLCVTLNCTNVTNNITD-------------------------------------DTRGELKN----CSFNI-T-TN--TRN-KN-QKV-YSLF-YRLDVVQLNKNNNNRSNNS------------------------------------------NSSYTLI---NCNTSAI-T---QA, 0.4980, 0
1.533426, -118.6855, [104, 106, 108, 109, 110], CHUNK, ['P', 'D', 'S', 'S', 'D'], VKLTPLCVTLNCTNVTNNITD-------------------------------------DTRGELKN----CSFNT-T-TE--TRN-KN-QKV-YSLF-YRLDVVPIDNSSDNRSNNS------------------------------------------NSSYTLI---NCNTSAI-T---QA, 0.1344, 0
1.550604, -119.3263, 20, POINT, N, VKLTPLCVTLNCTNVTNNITN-------------------------------------DTRGELKN----CSFNT-T-TE--TRN-KN-QKV-YSLF-YRLDVVQINNNQGNRSNNS------------------------------------------NSSYTLI---NCNTSAI-T---QA, 0.1049, 0
1.525629, -118.2627, 60, POINT, D, VKLTPLCVTLNCTNVTNNITD-------------------------------------DTDGELKN----CSFNT-T-TE--TRN-KN-QKV-YSLF-YRLDVVQINNNQGNRSNNS------------------------------------------NSSYTLI---NCNTSAI-T---QA, 0.1101, 0
1.538453, -116.6177, [174], CHUNK, ['T'], VKLTPLCVTLNCTNVTNNITD-------------------------------------DTRGELKN----CSFNT-T-TE--TRN-KN-QKV-YSLF-YRLDVVQINNNQGNRSNNS------------------------------------------NSSYTLI---NCNTSTI-T---QA, 0.1043, 0
1.491084, -120.8844, 91, POINT, E, VKLTPLCVTLNCTNVTNNITD-------------------------------------DTRGELKN----CSFNM-T-TE--TRN-KN-QKE-YSLF-YRLDVVQINNNQGNRSNNS------------------------------------------NSSYTLI---NCNTSAI-T---QA, 0.1101, 0
1.495446, -120.6088, 99, POINT, K, VKLTPLCVTLNCTNVTNNITD-------------------------------------DTRGELKN----CSFNM-T-TE--TRN-KN-QKV-YSLF-YKLDVVQINNNQGNRSNNS------------------------------------------NSSYTLI---NCNTSAI-T---QA, 0.1101, 0
1.515565, -121.9899, 79, POINT, N, VKLTPLCVTLNCTNVTNNITD-------------------------------------DTRGELKN----CSFNM-T-TN--TRN-KN-QKV-YSLF-YRLDVVQINNNQGNRSNNS------------------------------------------NSSYTLI---NCNTSAI-T---QA, 0.1022, 0
1.503949, -120.0595, [174], CHUNK, ['T'], VKLTPLCVTLNCTNVTNNITD-------------------------------------DTRGELKN----CSFNM-T-TE--TRN-KN-QKV-YSLF-YRLDVVQINNNQGNRSNNS------------------------------------------NSSYTLI---NCNTSTI-T---QA, 0.1101, 0
1.495574, -119.4189, 20, POINT, T, VKLTPLCVTLNCTNVTNNITT-------------------------------------DTRGELKN----CSFNM-T-TE--TRN-KN-QKV-YSLF-YRLDVVQINNNQGNRSNNS------------------------------------------NKSYTLI---NCNTSAI-T---QA, 0.2045, 1
1.510892, -118.4512, 104, POINT, S, VKLTPLCVTLNCTNVTNNITT-------------------------------------DTRGELKN----CSFNM-T-TE--TRN-KN-QKV-YSLF-YRLDVVSINNNQGNRSNNS------------------------------------------NKSYTLI---NCNTSAI-T---QA, 0.2045, 0
1.522137, -117.5697, 18, POINT, N, VKLTPLCVTLNCTNVTNNNTT-------------------------------------DTRGELKN----CSFNM-T-TE--TRN-KN-QKV-YSLF-YRLDVVQINNNQGNRSNNS------------------------------------------NKSYTLI---NCNTSAI-T---QA, 0.2045, 1
1.566726, -102.6138, [74, 79], CHUNK, ['V', 'N'], VKLTPLCVTLNCTNVTNNNTT-------------------------------------DTRGELKN----CSFNV-T-TN--TRN-KN-QKV-YSLF-YRLDVVQINNNQGNRSNNS------------------------------------------NKSYTLI---NCNTSAI-T---QA, 0.2038, 0
1.569900, -85.3930, [74, 79], CHUNK, ['I', 'N'], VKLTPLCVTLNCTNVTNNNTT-------------------------------------DTRGELKN----CSFNI-T-TN--TRN-KN-QKV-YSLF-YRLDVVQINNNQGNRSNNS------------------------------------------NKSYTLI---NCNTSAI-T---QA, 0.4344, 0
1.540631, -59.5868, [74], CHUNK, ['I'], VKLTPLCVTLNCTNVTNNNTT-------------------------------------DTRGELKN----CSFNI-T-TE--TRN-KN-QKV-YSLF-YRLDVVQINNNQGNRSNNS------------------------------------------NKSYTLI---NCNTSAI-T---QA, 0.4413, 0
1.540631, -73.5781, [74], CHUNK, ['I'], VKLTPLCVTLNCTNVTNNNTT-------------------------------------DTRGELKN----CSFNI-T-TE--TRN-KN-QKV-YSLF-YRLDVVQINNNQGNRSNNS------------------------------------------NKSYTLI---NCNTSAI-T---QA, 0.4663, 0
1.525950, -81.7225, [74, 79], CHUNK, ['I', 'S'], VKLTPLCVTLNCTNVTNNITT-------------------------------------DTRGELKN----CSFNI-T-TS--TRN-KN-QKV-YSLF-YRLDVVQINNNQGNRSNNS------------------------------------------NKSYTLI---NCNTSAI-T---QA, 0.3484, 0
1.519541, -117.5602, [99, 103, 104], CHUNK, ['K', 'T', 'P'], VKLTPLCVTLNCTNVTNNITT-------------------------------------DTRGELKN----CSFNM-T-TE--TRN-KN-QKV-YSLF-YKLDVTPINNNQGNRSNNS------------------------------------------NKSYTLI---NCNTSAI-T---QA, 0.2063, 0
1.514124, 31.3744, [74, 79, 82], CHUNK, ['I', 'S', 'I'], VKLTPLCVTLNCTNVTNNITT-------------------------------------DTRGELKN----CSFNI-T-TS--IRN-KN-QKV-YSLF-YRLDVVQINNNQGNRSNNS------------------------------------------NKSYTLI---NCNTSAI-T---QA, 0.2838, 0
1.519531, -118.4138, 18, POINT, T, VKLTPLCVTLNCTNVTNNTTT-------------------------------------DTRGELKN----CSFNM-T-TE--TRN-KN-QKV-YSLF-YRLDVVQINNNQGNRSNNS------------------------------------------NKSYTLI---NCNTSAI-T---QA, 0.2045, 1
1.566817, -117.6021, [102, 104, 105, 107, 109, 110], CHUNK, ['I', 'P', 'L', 'E', 'N', 'N'], VKLTPLCVTLNCTNVTNNTTT-------------------------------------DTRGELKN----CSFNM-T-TE--TRN-KN-QKV-YSLF-YRLDIVPLNENNNNRSNNS------------------------------------------NKSYTLI---NCNTSAI-T---QA, 0.2045, 0
1.534646, -116.2596, 174, POINT, T, VKLTPLCVTLNCTNVTNNTTT-------------------------------------DTRGELKN----CSFNM-T-TE--TRN-KN-QKV-YSLF-YRLDVVQINNNQGNRSNNS------------------------------------------NKSYTLI---NCNTSTI-T---QA, 0.2045, 0
1.538026, -85.6307, [74], CHUNK, ['I'], VKLTPLCVTLNCTNVTNNTTT-------------------------------------DTRGELKN----CSFNI-T-TE--TRN-KN-QKV-YSLF-YRLDVVQINNNQGNRSNNS------------------------------------------NKSYTLI---NCNTSAI-T---QA, 0.4137, 0
1.537347, -95.0864, [74, 79], CHUNK, ['V', 'V'], VKLTPLCVTLNCTNVTNNTTT-------------------------------------DTRGELKN----CSFNV-T-TV--TRN-KN-QKV-YSLF-YRLDVVQINNNQGNRSNNS------------------------------------------NKSYTLI---NCNTSAI-T---QA, 0.3232, 1
1.552462, -97.1717, [174], CHUNK, ['T'], VKLTPLCVTLNCTNVTNNTTT-------------------------------------DTRGELKN----CSFNV-T-TV--TRN-KN-QKV-YSLF-YRLDVVQINNNQGNRSNNS------------------------------------------NKSYTLI---NCNTSTI-T---QA, 0.3150, 0
1.565189, -101.1241, 14, POINT, N, VKLTPLCVTLNCTNNTNNTTT-------------------------------------DTRGELKN----CSFNV-T-TV--TRN-KN-QKV-YSLF-YRLDVVQINNNQGNRSNNS------------------------------------------NKSYTLI---NCNTSAI-T---QA, 0.3726, 0
1.556647, -105.7492, [74], CHUNK, ['T'], VKLTPLCVTLNCTNVTNNTTT-------------------------------------DTRGELKN----CSFNT-T-TV--TRN-KN-QKV-YSLF-YRLDVVQINNNQGNRSNNS------------------------------------------NKSYTLI---NCNTSAI-T---QA, 0.3718, 0
1.567295, -96.5546, [74, 79], CHUNK, ['I', 'N'], VKLTPLCVTLNCTNVTNNTTT-------------------------------------DTRGELKN----CSFNI-T-TN--TRN-KN-QKV-YSLF-YRLDVVQINNNQGNRSNNS------------------------------------------NKSYTLI---NCNTSAI-T---QA, 0.4937, 0
1.524844, -85.8973, 61, POINT, K, VKLTPLCVTLNCTNVTNNTTT-------------------------------------DTRKELKN----CSFNM-T-TE--TRN-KN-QKV-YSLF-YRLDVVQINNNQGNRSNNS------------------------------------------NKSYTLI---NCNTSAI-T---QA, 0.2051, 0
1.538026, -96.1504, [74], CHUNK, ['I'], VKLTPLCVTLNCTNVTNNTTT-------------------------------------DTRGELKN----CSFNI-T-TE--TRN-KN-QKV-YSLF-YRLDVVQINNNQGNRSNNS------------------------------------------NKSYTLI---NCNTSAI-T---QA, 0.3266, 0
1.538026, -74.2698, [74], CHUNK, ['I'], VKLTPLCVTLNCTNVTNNTTT-------------------------------------DTRGELKN----CSFNI-T-TE--TRN-KN-QKV-YSLF-YRLDVVQINNNQGNRSNNS------------------------------------------NKSYTLI---NCNTSAI-T---QA, 0.3381, 0
1.567295, -75.4003, [74, 79], CHUNK, ['I', 'N'], VKLTPLCVTLNCTNVTNNTTT-------------------------------------DTRGELKN----CSFNI-T-TN--TRN-KN-QKV-YSLF-YRLDVVQINNNQGNRSNNS------------------------------------------NKSYTLI---NCNTSAI-T---QA, 0.6651, 0
1.514068, -76.0994, 74, POINT, I, VKLTPLCVTLNCTNVTNNITT-------------------------------------DTRGELKN----CSFNI-T-TE--TRN-KN-QKV-YSLF-YRLDVVQINNNQGNRSNNS------------------------------------------NKSYTLI---NCNTSAI-T---QA, 0.3661, 0
1.511520, -118.3469, [94, 99], CHUNK, ['A', 'T'], VKLTPLCVTLNCTNVTNNITT-------------------------------------DTRGELKN----CSFNM-T-TE--TRN-KN-QKV-YALF-YTLDVVQINNNQGNRSNNS------------------------------------------NKSYTLI---NCNTSAI-T---QA, 0.1912, 0
1.522137, -117.5697, 18, POINT, N, VKLTPLCVTLNCTNVTNNNTT-------------------------------------DTRGELKN----CSFNM-T-TE--TRN-KN-QKV-YSLF-YRLDVVQINNNQGNRSNNS------------------------------------------NKSYTLI---NCNTSAI-T---QA, 0.2045, 0
1.540163, -100.1263, [74, 79], CHUNK, ['V', 'N'], VKLTPLCVTLNCTNVTNNITT-------------------------------------DTRGELKN----CSFNV-T-TN--TRN-KN-QKV-YSLF-YRLDVVQINNNQGNRSNNS------------------------------------------NKSYTLI---NCNTSAI-T---QA, 0.3010, 0
1.487099, -122.5587, 112, POINT, I, VKLTPLCVTLNCTNVTNNITD-------------------------------------DTRGELKN----CSFNM-T-TE--TRN-KN-QKV-YSLF-YRLDVVQINNNQGNISNNS------------------------------------------NKSYTLI---NCNTSAI-T---QA, 0.1011, 0
1.501903, -122.3110, 160, POINT, N, VKLTPLCVTLNCTNVTNNITD-------------------------------------DTRGELKN----CSFNM-T-TE--TRN-KN-QKV-YSLF-YRLDVVQINNNQGNRSNNS------------------------------------------NNSYTLI---NCNTSAI-T---QA, 0.1218, 0
1.496723, -34.4065, [74, 82], CHUNK, ['T', 'I'], VKLTPLCVTLNCTNVTNNITD-------------------------------------DTRGELKN----CSFNT-T-TE--IRN-KN-QKV-YSLF-YRLDVVQINNNQGNRSNNS------------------------------------------NKSYTLI---NCNTSAI-T---QA, 0.3876, 0
1.492032, -96.5459, 74, POINT, I, VKLTPLCVTLNCTNVTNNITD-------------------------------------DTRGELKN----CSFNI-T-TE--TRN-KN-QKV-YSLF-YRLDVVQINNNQGNRSNNS------------------------------------------NKSYTLI---NCNTSAI-T---QA, 0.3668, 0
1.452353, -120.5539, [99, 102], CHUNK, ['S', 'I'], VKLTPLCVTLNCTNVTNNITD-------------------------------------DMRGELKN----CSFNM-T-TE--TRN-KN-QKV-YSLF-YSLDIVQINNNQGNRSNNS------------------------------------------NKSYTLI---NCNTSAI-T---QA, 0.1016, 1
1.468153, -99.5015, [74], CHUNK, ['V'], VKLTPLCVTLNCTNVTNNITD-------------------------------------DMRGELKN----CSFNV-T-TE--TRN-KN-QKV-YSLF-YSLDIVQINNNQGNRSNNS------------------------------------------NKSYTLI---NCNTSAI-T---QA, 0.2385, 0
1.476223, -85.3759, [58, 59, 61, 63], CHUNK, ['S', 'V', 'K', 'V'], VKLTPLCVTLNCTNVTNNITD-------------------------------------SVRKEVKN----CSFNM-T-TE--TRN-KN-QKV-YSLF-YSLDIVQINNNQGNRSNNS------------------------------------------NKSYTLI---NCNTSAI-T---QA, 0.1097, 0
1.470847, -80.5651, [74], CHUNK, ['I'], VKLTPLCVTLNCTNVTNNITD-------------------------------------DMRGELKN----CSFNI-T-TE--TRN-KN-QKV-YSLF-YSLDIVQINNNQGNRSNNS------------------------------------------NKSYTLI---NCNTSAI-T---QA, 0.3272, 0
1.471774, -121.5231, 20, POINT, N, VKLTPLCVTLNCTNVTNNITN-------------------------------------DMRGELKN----CSFNM-T-TE--TRN-KN-QKV-YSLF-YSLDIVQINNNQGNRSNNS------------------------------------------NKSYTLI---NCNTSAI-T---QA, 0.1128, 1
1.473437, -119.1960, 14, POINT, I, VKLTPLCVTLNCTNITNNITN-------------------------------------DMRGELKN----CSFNM-T-TE--TRN-KN-QKV-YSLF-YSLDIVQINNNQGNRSNNS------------------------------------------NKSYTLI---NCNTSAI-T---QA, 0.1220, 0
1.499085, -121.4267, 160, POINT, T, VKLTPLCVTLNCTNVTNNITN-------------------------------------DMRGELKN----CSFNM-T-TE--TRN-KN-QKV-YSLF-YSLDIVQINNNQGNRSNNS------------------------------------------NTSYTLI---NCNTSAI-T---QA, 0.1128, 0
1.493048, -118.7597, 58, POINT, T, VKLTPLCVTLNCTNVTNNITN-------------------------------------TMRGELKN----CSFNM-T-TE--TRN-KN-QKV-YSLF-YSLDIVQINNNQGNRSNNS------------------------------------------NKSYTLI---NCNTSAI-T---QA, 0.1128, 0
1.502151, -98.0386, [74, 79], CHUNK, ['I', 'S'], VKLTPLCVTLNCTNVTNNITN-------------------------------------DMRGELKN----CSFNI-T-TS--TRN-KN-QKV-YSLF-YSLDIVQINNNQGNRSNNS------------------------------------------NKSYTLI---NCNTSAI-T---QA, 0.3063, 0
1.480053, -115.0272, [74, 79], CHUNK, ['T', 'G'], VKLTPLCVTLNCTNVTNNITD-------------------------------------DMRGELKN----CSFNT-T-TG--TRN-KN-QKV-YSLF-YSLDIVQINNNQGNRSNNS------------------------------------------NKSYTLI---NCNTSAI-T---QA, 0.1016, 1
1.499562, -115.9312, 79, POINT, S, VKLTPLCVTLNCTNVTNNITD-------------------------------------DMRGELKN----CSFNT-T-TS--TRN-KN-QKV-YSLF-YSLDIVQINNNQGNRSNNS------------------------------------------NKSYTLI---NCNTSAI-T---QA, 0.1052, 0
1.497714, -112.6747, 18, POINT, N, VKLTPLCVTLNCTNVTNNNTD-------------------------------------DMRGELKN----CSFNT-T-TG--TRN-KN-QKV-YSLF-YSLDIVQINNNQGNRSNNS------------------------------------------NKSYTLI---NCNTSAI-T---QA, 0.1016, 0
1.510119, -79.1484, [59, 60, 61, 63, 64], CHUNK, ['V', 'N', 'K', 'M', 'T'], VKLTPLCVTLNCTNVTNNITD-------------------------------------DVNKEMTN----CSFNT-T-TG--TRN-KN-QKV-YSLF-YSLDIVQINNNQGNRSNNS------------------------------------------NKSYTLI---NCNTSAI-T---QA, 0.0959, 0
1.508617, -115.4836, [99, 103], CHUNK, ['T', 'T'], VKLTPLCVTLNCTNVTNNITD-------------------------------------DMRGELKN----CSFNT-T-TG--TRN-KN-QKV-YSLF-YTLDITQINNNQGNRSNNS------------------------------------------NKSYTLI---NCNTSAI-T---QA, 0.1161, 0
1.480718, -120.6444, 160, POINT, N, VKLTPLCVTLNCTNVTNNITD-------------------------------------DMRGELKN----CSFNM-T-TE--TRN-KN-QKV-YSLF-YSLDIVQINNNQGNRSNNS------------------------------------------NNSYTLI---NCNTSAI-T---QA, 0.1450, 0
1.477194, -121.1083, 59, POINT, N, VKLTPLCVTLNCTNVTNNITD-------------------------------------DNRGELKN----CSFNM-T-TE--TRN-KN-QKV-YSLF-YSLDIVQINNNQGNRSNNS------------------------------------------NKSYTLI---NCNTSAI-T---QA, 0.1118, 1
1.484310, -102.0473, 174, POINT, V, VKLTPLCVTLNCTNVTNNITD-------------------------------------DNRGELKN----CSFNM-T-TE--TRN-KN-QKV-YSLF-YSLDIVQINNNQGNRSNNS------------------------------------------NKSYTLI---NCNTSVI-T---QA, 0.2646, 0
1.492994, -108.5349, 74, POINT, V, VKLTPLCVTLNCTNVTNNITD-------------------------------------DNRGELKN----CSFNV-T-TE--TRN-KN-QKV-YSLF-YSLDIVQINNNQGNRSNNS------------------------------------------NKSYTLI---NCNTSAI-T---QA, 0.1477, 0
1.500684, -117.4389, 20, POINT, T, VKLTPLCVTLNCTNVTNNITT-------------------------------------DNRGELKN----CSFNM-T-TE--TRN-KN-QKV-YSLF-YSLDIVQINNNQGNRSNNS------------------------------------------NKSYTLI---NCNTSAI-T---QA, 0.1118, 0
1.484310, -109.2014, 174, POINT, V, VKLTPLCVTLNCTNVTNNITD-------------------------------------DNRGELKN----CSFNM-T-TE--TRN-KN-QKV-YSLF-YSLDIVQINNNQGNRSNNS------------------------------------------NKSYTLI---NCNTSVI-T---QA, 0.2508, 0
1.470847, -72.8052, [74], CHUNK, ['I'], VKLTPLCVTLNCTNVTNNITD-------------------------------------DMRGELKN----CSFNI-T-TE--TRN-KN-QKV-YSLF-YSLDIVQINNNQGNRSNNS------------------------------------------NKSYTLI---NCNTSAI-T---QA, 0.3498, 0
1.470847, -74.4977, [74], CHUNK, ['I'], VKLTPLCVTLNCTNVTNNITD-------------------------------------DMRGELKN----CSFNI-T-TE--TRN-KN-QKV-YSLF-YSLDIVQINNNQGNRSNNS------------------------------------------NKSYTLI---NCNTSAI-T---QA, 0.4661, 0
1.480718, -120.4769, 160, POINT, N, VKLTPLCVTLNCTNVTNNITD-------------------------------------DMRGELKN----CSFNM-T-TE--TRN-KN-QKV-YSLF-YSLDIVQINNNQGNRSNNS------------------------------------------NNSYTLI---NCNTSAI-T---QA, 0.1141, 0
1.470847, -85.5495, 74, POINT, I, VKLTPLCVTLNCTNVTNNITD-------------------------------------DMRGELKN----CSFNI-T-TE--TRN-KN-QKV-YSLF-YSLDIVQINNNQGNRSNNS------------------------------------------NKSYTLI---NCNTSAI-T---QA, 0.3725, 0
1.497458, -81.0435, [74, 79], CHUNK, ['I', 'N'], VKLTPLCVTLNCTNVTNNITD-------------------------------------DMRGELKN----CSFNI-T-TN--TRN-KN-QKV-YSLF-YRLDVVQINNNQGNRSNNS------------------------------------------NKSYTLI---NCNTSAI-T---QA, 0.2430, 0
1.494284, -107.1957, [74, 79], CHUNK, ['V', 'N'], VKLTPLCVTLNCTNVTNNITD-------------------------------------DMRGELKN----CSFNV-T-TN--TRN-KN-QKV-YSLF-YRLDVVQINNNQGNRSNNS------------------------------------------NKSYTLI---NCNTSAI-T---QA, 0.2431, 0
1.477005, -123.1729, 160, POINT, T, VKLTPLCVTLNCTNVTNNITD-------------------------------------DMRGELKN----CSFNM-T-TE--TRN-KN-QKV-YSLF-YRLDVVQINNNQGNRSNNS------------------------------------------NTSYTLI---NCNTSAI-T---QA, 0.0952, 0
1.504289, -118.7904, [74, 79], CHUNK, ['T', 'T'], VKLTPLCVTLNCTNVTNNITD-------------------------------------DMRGELKN----CSFNT-T-TT--TRN-KN-QKV-YSLF-YRLDVVQINNNQGNRSNNS------------------------------------------NKSYTLI---NCNTSAI-T---QA, 0.1016, 0
