Name base = V1V2_200_sq_3_5_ni
Iters = 200
Soft coverage = 1.31203964383
Energy = -131.069768846
Hard Covereage = 0.0368019545157
Num epitopes = 65
Initial seq = VKLTPLCVTLQCTNVTNNITD-------------------------------------DMRGELKN----CSFNM-T-TE--LRD-KK-QKV-YSLF-YRLDVVQINENQGNRSNNS------------------------------------------NKEYRLI---NCNTSAI-T---QA
-------START OF DATA------
1.329205, -85.8183, 74, POINT, I, VKLTPLCVTLQCTNVTNNITD-------------------------------------DMRGELKN----CSFNI-T-TE--LRD-KK-QKV-YSLF-YRLDVVQINENQGNRSNNS------------------------------------------NKEYRLI---NCNTSAI-T---QA, 0.4269, 0
1.312763, -130.8484, 182, POINT, T, VKLTPLCVTLQCTNVTNNITD-------------------------------------DMRGELKN----CSFNM-T-TE--LRD-KK-QKV-YSLF-YRLDVVQINENQGNRSNNS------------------------------------------NKEYRLI---NCNTSAI-T---QT, 0.0000, 1
1.332196, -131.0354, 161, POINT, N, VKLTPLCVTLQCTNVTNNITD-------------------------------------DMRGELKN----CSFNM-T-TE--LRD-KK-QKV-YSLF-YRLDVVQINENQGNRSNNS------------------------------------------NKNYRLI---NCNTSAI-T---QT, 0.0000, 1
1.381352, -130.9527, 10, POINT, N, VKLTPLCVTLNCTNVTNNITD-------------------------------------DMRGELKN----CSFNM-T-TE--LRD-KK-QKV-YSLF-YRLDVVQINENQGNRSNNS------------------------------------------NKNYRLI---NCNTSAI-T---QT, 0.0000, 1
1.406127, -130.6969, 160, POINT, T, VKLTPLCVTLNCTNVTNNITD-------------------------------------DMRGELKN----CSFNM-T-TE--LRD-KK-QKV-YSLF-YRLDVVQINENQGNRSNNS------------------------------------------NTNYRLI---NCNTSAI-T---QT, 0.0000, 1
1.425548, -131.2382, 20, POINT, N, VKLTPLCVTLNCTNVTNNITN-------------------------------------DMRGELKN----CSFNM-T-TE--LRD-KK-QKV-YSLF-YRLDVVQINENQGNRSNNS------------------------------------------NTNYRLI---NCNTSAI-T---QT, 0.0194, 1
1.432855, -130.6807, 59, POINT, V, VKLTPLCVTLNCTNVTNNITN-------------------------------------DVRGELKN----CSFNM-T-TE--LRD-KK-QKV-YSLF-YRLDVVQINENQGNRSNNS------------------------------------------NTNYRLI---NCNTSAI-T---QT, 0.0194, 1
1.441297, -131.2980, 84, POINT, N, VKLTPLCVTLNCTNVTNNITN-------------------------------------DVRGELKN----CSFNM-T-TE--LRN-KK-QKV-YSLF-YRLDVVQINENQGNRSNNS------------------------------------------NTNYRLI---NCNTSAI-T---QT, 0.0194, 1
1.444727, -131.6216, 83, POINT, K, VKLTPLCVTLNCTNVTNNITN-------------------------------------DVRGELKN----CSFNM-T-TE--LKN-KK-QKV-YSLF-YRLDVVQINENQGNRSNNS------------------------------------------NTNYRLI---NCNTSAI-T---QT, 0.0400, 1
1.451585, -113.5992, 174, POINT, V, VKLTPLCVTLNCTNVTNNITN-------------------------------------DVRGELKN----CSFNM-T-TE--LKN-KK-QKV-YSLF-YRLDVVQINENQGNRSNNS------------------------------------------NTNYRLI---NCNTSVI-T---QT, 0.3448, 0
1.469057, -130.1480, 18, POINT, T, VKLTPLCVTLNCTNVTNNTTN-------------------------------------DVRGELKN----CSFNM-T-TE--LKN-KK-QKV-YSLF-YRLDVVQINENQGNRSNNS------------------------------------------NTNYRLI---NCNTSAI-T---QT, 0.0400, 1
1.532967, -130.0674, [109, 110, 111], CHUNK, ['N', 'N', 'T'], VKLTPLCVTLNCTNVTNNTTN-------------------------------------DVRGELKN----CSFNM-T-TE--LKN-KK-QKV-YSLF-YRLDVVQINENNNTRSNNS------------------------------------------NTNYRLI---NCNTSAI-T---QT, 0.0400, 1
1.541978, -128.1277, [165], CHUNK, ['T'], VKLTPLCVTLNCTNVTNNTTN-------------------------------------DVRGELKN----CSFNM-T-TE--LKN-KK-QKV-YSLF-YRLDVVQINENNNTRSNNS------------------------------------------NTNYRLT---NCNTSAI-T---QT, 0.0400, 1
1.557160, -112.2780, [74], CHUNK, ['V'], VKLTPLCVTLNCTNVTNNTTN-------------------------------------DVRGELKN----CSFNV-T-TE--LKN-KK-QKV-YSLF-YRLDVVQINENNNTRSNNS------------------------------------------NTNYRLT---NCNTSAI-T---QT, 0.0954, 0
1.558796, -87.3764, [74], CHUNK, ['I'], VKLTPLCVTLNCTNVTNNTTN-------------------------------------DVRGELKN----CSFNI-T-TE--LKN-KK-QKV-YSLF-YRLDVVQINENNNTRSNNS------------------------------------------NTNYRLT---NCNTSAI-T---QT, 0.2025, 0
1.553426, -127.1637, 62, POINT, T, VKLTPLCVTLNCTNVTNNTTN-------------------------------------DVRGTLKN----CSFNM-T-TE--LKN-KK-QKV-YSLF-YRLDVVQINENNNTRSNNS------------------------------------------NTNYRLT---NCNTSAI-T---QT, 0.1255, 1
1.582085, -127.0167, 60, POINT, N, VKLTPLCVTLNCTNVTNNTTN-------------------------------------DVNGTLKN----CSFNM-T-TE--LKN-KK-QKV-YSLF-YRLDVVQINENNNTRSNNS------------------------------------------NTNYRLT---NCNTSAI-T---QT, 0.1255, 1
1.597377, -124.7527, 174, POINT, T, VKLTPLCVTLNCTNVTNNTTN-------------------------------------DVNGTLKN----CSFNM-T-TE--LKN-KK-QKV-YSLF-YRLDVVQINENNNTRSNNS------------------------------------------NTNYRLT---NCNTSTI-T---QT, 0.1255, 0
1.606141, -128.5408, 163, POINT, T, VKLTPLCVTLNCTNVTNNTTN-------------------------------------DVNGTLKN----CSFNM-T-TE--LKN-KK-QKV-YSLF-YRLDVVQINENNNTRSNNS------------------------------------------NTNYTLT---NCNTSAI-T---QT, 0.1255, 1
1.623327, -128.2721, [99], CHUNK, ['T'], VKLTPLCVTLNCTNVTNNTTN-------------------------------------DVNGTLKN----CSFNM-T-TE--LKN-KK-QKV-YSLF-YTLDVVQINENNNTRSNNS------------------------------------------NTNYTLT---NCNTSAI-T---QT, 0.1255, 1
1.642057, -127.5496, [79], CHUNK, ['N'], VKLTPLCVTLNCTNVTNNTTN-------------------------------------DVNGTLKN----CSFNM-T-TN--LKN-KK-QKV-YSLF-YTLDVVQINENNNTRSNNS------------------------------------------NTNYTLT---NCNTSAI-T---QT, 0.1255, 1
1.651586, -127.9569, 101, POINT, N, VKLTPLCVTLNCTNVTNNTTN-------------------------------------DVNGTLKN----CSFNM-T-TN--LKN-KK-QKV-YSLF-YTLNVVQINENNNTRSNNS------------------------------------------NTNYTLT---NCNTSAI-T---QT, 0.1225, 1
1.670833, -86.4162, [74], CHUNK, ['I'], VKLTPLCVTLNCTNVTNNTTN-------------------------------------DVNGTLKN----CSFNI-T-TN--LKN-KK-QKV-YSLF-YTLNVVQINENNNTRSNNS------------------------------------------NTNYTLT---NCNTSAI-T---QT, 0.3284, 0
1.669124, -126.5036, [112, 114], CHUNK, ['T', 'S'], VKLTPLCVTLNCTNVTNNTTN-------------------------------------DVNGTLKN----CSFNM-T-TN--LKN-KK-QKV-YSLF-YTLNVVQINENNNTTSSNS------------------------------------------NTNYTLT---NCNTSAI-T---QT, 0.1225, 1
1.677021, -126.0239, 89, POINT, K, VKLTPLCVTLNCTNVTNNTTN-------------------------------------DVNGTLKN----CSFNM-T-TN--LKN-KK-KKV-YSLF-YTLNVVQINENNNTTSSNS------------------------------------------NTNYTLT---NCNTSAI-T---QT, 0.1225, 0
1.688371, -79.4515, [74], CHUNK, ['I'], VKLTPLCVTLNCTNVTNNTTN-------------------------------------DVNGTLKN----CSFNI-T-TN--LKN-KK-QKV-YSLF-YTLNVVQINENNNTTSSNS------------------------------------------NTNYTLT---NCNTSAI-T---QT, 0.3599, 0
1.687025, -125.7910, [90, 91], CHUNK, ['T', 'T'], VKLTPLCVTLNCTNVTNNTTN-------------------------------------DVNGTLKN----CSFNM-T-TN--LKN-KK-QTT-YSLF-YTLNVVQINENNNTTSSNS------------------------------------------NTNYTLT---NCNTSAI-T---QT, 0.1208, 1
1.693744, -108.1945, 174, POINT, V, VKLTPLCVTLNCTNVTNNTTN-------------------------------------DVNGTLKN----CSFNM-T-TN--LKN-KK-QTT-YSLF-YTLNVVQINENNNTTSSNS------------------------------------------NTNYTLT---NCNTSVI-T---QT, 0.2657, 1
1.723291, -42.0469, [82, 83], CHUNK, ['I', 'T'], VKLTPLCVTLNCTNVTNNTTN-------------------------------------DVNGTLKN----CSFNM-T-TN--ITN-KK-QTT-YSLF-YTLNVVQINENNNTTSSNS------------------------------------------NTNYTLT---NCNTSVI-T---QT, 0.5474, 0
1.710904, -101.0907, [74], CHUNK, ['V'], VKLTPLCVTLNCTNVTNNTTN-------------------------------------DVNGTLKN----CSFNV-T-TN--LKN-KK-QTT-YSLF-YTLNVVQINENNNTTSSNS------------------------------------------NTNYTLT---NCNTSVI-T---QT, 0.3878, 0
1.699172, -109.7747, 71, POINT, T, VKLTPLCVTLNCTNVTNNTTN-------------------------------------DVNGTLKN----CTFNM-T-TN--LKN-KK-QTT-YSLF-YTLNVVQINENNNTTSSNS------------------------------------------NTNYTLT---NCNTSVI-T---QT, 0.2707, 0
1.699172, -106.3331, [71], CHUNK, ['T'], VKLTPLCVTLNCTNVTNNTTN-------------------------------------DVNGTLKN----CTFNM-T-TN--LKN-KK-QTT-YSLF-YTLNVVQINENNNTTSSNS------------------------------------------NTNYTLT---NCNTSVI-T---QT, 0.2657, 0
1.693744, -106.3633, 174, POINT, V, VKLTPLCVTLNCTNVTNNTTN-------------------------------------DVNGTLKN----CSFNM-T-TN--LKN-KK-QTT-YSLF-YTLNVVQINENNNTTSSNS------------------------------------------NTNYTLT---NCNTSVI-T---QT, 0.3232, 0
1.688243, -126.2818, 83, POINT, I, VKLTPLCVTLNCTNVTNNTTN-------------------------------------DVNGTLKN----CSFNM-T-TN--LIN-KK-QTT-YSLF-YTLNVVQINENNNTTSSNS------------------------------------------NTNYTLT---NCNTSAI-T---QT, 0.1208, 0
1.722265, -122.7131, [74], CHUNK, ['T'], VKLTPLCVTLNCTNVTNNTTN-------------------------------------DVNGTLKN----CSFNT-T-TN--LKN-KK-QTT-YSLF-YTLNVVQINENNNTTSSNS------------------------------------------NTNYTLT---NCNTSAI-T---QT, 0.1208, 1
1.726988, -120.0730, [71], CHUNK, ['T'], VKLTPLCVTLNCTNVTNNTTN-------------------------------------DVNGTLKN----CTFNT-T-TN--LKN-KK-QTT-YSLF-YTLNVVQINENNNTTSSNS------------------------------------------NTNYTLT---NCNTSAI-T---QT, 0.1208, 0
1.736142, -122.3556, 105, POINT, T, VKLTPLCVTLNCTNVTNNTTN-------------------------------------DVNGTLKN----CSFNT-T-TN--LKN-KK-QTT-YSLF-YTLNVVQTNENNNTTSSNS------------------------------------------NTNYTLT---NCNTSAI-T---QT, 0.1537, 1
1.742860, -97.0082, [174], CHUNK, ['V'], VKLTPLCVTLNCTNVTNNTTN-------------------------------------DVNGTLKN----CSFNT-T-TN--LKN-KK-QTT-YSLF-YTLNVVQTNENNNTTSSNS------------------------------------------NTNYTLT---NCNTSVI-T---QT, 0.2551, 1
1.748123, -25.5572, [82], CHUNK, ['I'], VKLTPLCVTLNCTNVTNNTTN-------------------------------------DVNGTLKN----CSFNT-T-TN--IKN-KK-QTT-YSLF-YTLNVVQTNENNNTTSSNS------------------------------------------NTNYTLT---NCNTSVI-T---QT, 0.2570, 0
1.748740, -99.5625, [87, 89], CHUNK, ['V', 'K'], VKLTPLCVTLNCTNVTNNTTN-------------------------------------DVNGTLKN----CSFNT-T-TN--LKN-KV-KTT-YSLF-YTLNVVQTNENNNTTSSNS------------------------------------------NTNYTLT---NCNTSVI-T---QT, 0.2529, 0
1.769779, -97.9174, 14, POINT, N, VKLTPLCVTLNCTNNTNNTTN-------------------------------------DVNGTLKN----CSFNT-T-TN--LKN-KK-QTT-YSLF-YTLNVVQTNENNNTTSSNS------------------------------------------NTNYTLT---NCNTSVI-T---QT, 0.3166, 0
1.747584, -97.8413, [71], CHUNK, ['T'], VKLTPLCVTLNCTNVTNNTTN-------------------------------------DVNGTLKN----CTFNT-T-TN--LKN-KK-QTT-YSLF-YTLNVVQTNENNNTTSSNS------------------------------------------NTNYTLT---NCNTSVI-T---QT, 0.2885, 0
1.747587, -120.8147, [64], CHUNK, ['T'], VKLTPLCVTLNCTNVTNNTTN-------------------------------------DVNGTLTN----CSFNT-T-TN--LKN-KK-QTT-YSLF-YTLNVVQTNENNNTTSSNS------------------------------------------NTNYTLT---NCNTSAI-T---QT, 0.1482, 0
1.754964, -119.7220, [98], CHUNK, ['N'], VKLTPLCVTLNCTNVTNNTTN-------------------------------------DVNGTLKN----CSFNT-T-TN--LKN-KK-QTT-YSLF-NTLNVVQTNENNNTTSSNS------------------------------------------NTNYTLT---NCNTSAI-T---QT, 0.1537, 0
1.755675, -121.8928, 87, POINT, T, VKLTPLCVTLNCTNVTNNTTN-------------------------------------DVNGTLKN----CSFNT-T-TN--LKN-KT-QTT-YSLF-YTLNVVQTNENNNTTSSNS------------------------------------------NTNYTLT---NCNTSAI-T---QT, 0.1537, 1
1.763435, -116.2345, [58, 59, 60], CHUNK, ['I', 'N', 'K'], VKLTPLCVTLNCTNVTNNTTN-------------------------------------INKGTLKN----CSFNT-T-TN--LKN-KT-QTT-YSLF-YTLNVVQTNENNNTTSSNS------------------------------------------NTNYTLT---NCNTSAI-T---QT, 0.1526, 0
1.762393, -99.1612, 174, POINT, V, VKLTPLCVTLNCTNVTNNTTN-------------------------------------DVNGTLKN----CSFNT-T-TN--LKN-KT-QTT-YSLF-YTLNVVQTNENNNTTSSNS------------------------------------------NTNYTLT---NCNTSVI-T---QT, 0.3436, 0
1.757464, -119.7145, [63], CHUNK, ['I'], VKLTPLCVTLNCTNVTNNTTN-------------------------------------DVNGTIKN----CSFNT-T-TN--LKN-KT-QTT-YSLF-YTLNVVQTNENNNTTSSNS------------------------------------------NTNYTLT---NCNTSAI-T---QT, 0.1537, 1
1.768395, -118.8408, 14, POINT, S, VKLTPLCVTLNCTNSTNNTTN-------------------------------------DVNGTIKN----CSFNT-T-TN--LKN-KT-QTT-YSLF-YTLNVVQTNENNNTTSSNS------------------------------------------NTNYTLT---NCNTSAI-T---QT, 0.1587, 0
1.773169, -117.3685, [174], CHUNK, ['T'], VKLTPLCVTLNCTNVTNNTTN-------------------------------------DVNGTIKN----CSFNT-T-TN--LKN-KT-QTT-YSLF-YTLNVVQTNENNNTTSSNS------------------------------------------NTNYTLT---NCNTSTI-T---QT, 0.1537, 0
1.765627, -119.2961, 89, POINT, K, VKLTPLCVTLNCTNVTNNTTN-------------------------------------DVNGTIKN----CSFNT-T-TN--LKN-KT-KTT-YSLF-YTLNVVQTNENNNTTSSNS------------------------------------------NTNYTLT---NCNTSAI-T---QT, 0.1537, 0
1.762636, -117.4708, [71], CHUNK, ['T'], VKLTPLCVTLNCTNVTNNTTN-------------------------------------DVNGTIKN----CTFNT-T-TN--LKN-KT-QTT-YSLF-YTLNVVQTNENNNTTSSNS------------------------------------------NTNYTLT---NCNTSAI-T---QT, 0.1490, 0
1.769660, -121.3879, [89, 90], CHUNK, ['T', 'K'], VKLTPLCVTLNCTNVTNNTTN-------------------------------------DVNGTLKN----CSFNT-T-TN--LKN-KT-TKT-YSLF-YTLNVVQTNENNNTTSSNS------------------------------------------NTNYTLT---NCNTSAI-T---QT, 0.1537, 0
1.762816, -121.9919, 159, POINT, T, VKLTPLCVTLNCTNVTNNTTN-------------------------------------DVNGTLKN----CSFNT-T-TN--LKN-KT-QTT-YSLF-YTLNVVQTNENNNTTSSNS------------------------------------------TTNYTLT---NCNTSAI-T---QT, 0.1442, 0
1.760859, -119.6460, 100, POINT, T, VKLTPLCVTLNCTNVTNNTTN-------------------------------------DVNGTLKN----CSFNT-T-TN--LKN-KT-QTT-YSLF-YTTNVVQTNENNNTTSSNS------------------------------------------NTNYTLT---NCNTSAI-T---QT, 0.1537, 1
1.768000, -119.8150, 159, POINT, T, VKLTPLCVTLNCTNVTNNTTN-------------------------------------DVNGTLKN----CSFNT-T-TN--LKN-KT-QTT-YSLF-YTTNVVQTNENNNTTSSNS------------------------------------------TTNYTLT---NCNTSAI-T---QT, 0.1541, 1
1.800313, -117.3383, 98, POINT, N, VKLTPLCVTLNCTNVTNNTTN-------------------------------------DVNGTLKN----CSFNT-T-TN--LKN-KT-QTT-YSLF-NTTNVVQTNENNNTTSSNS------------------------------------------TTNYTLT---NCNTSAI-T---QT, 0.1541, 0
1.771734, -119.9744, [104], CHUNK, ['P'], VKLTPLCVTLNCTNVTNNTTN-------------------------------------DVNGTLKN----CSFNT-T-TN--LKN-KT-QTT-YSLF-YTTNVVPTNENNNTTSSNS------------------------------------------TTNYTLT---NCNTSAI-T---QT, 0.1541, 1
1.773523, -117.7996, [63], CHUNK, ['I'], VKLTPLCVTLNCTNVTNNTTN-------------------------------------DVNGTIKN----CSFNT-T-TN--LKN-KT-QTT-YSLF-YTTNVVPTNENNNTTSSNS------------------------------------------TTNYTLT---NCNTSAI-T---QT, 0.1541, 0
1.787439, -118.4028, [174], CHUNK, ['T'], VKLTPLCVTLNCTNVTNNTTN-------------------------------------DVNGTLKN----CSFNT-T-TN--LKN-KT-QTT-YSLF-YTTNVVPTNENNNTTSSNS------------------------------------------TTNYTLT---NCNTSTI-T---QT, 0.1391, 0
1.775282, -119.9840, 4, POINT, T, VKLTTLCVTLNCTNVTNNTTN-------------------------------------DVNGTLKN----CSFNT-T-TN--LKN-KT-QTT-YSLF-YTTNVVPTNENNNTTSSNS------------------------------------------TTNYTLT---NCNTSAI-T---QT, 0.1541, 0
1.780018, -119.5627, [103, 105], CHUNK, ['T', 'I'], VKLTPLCVTLNCTNVTNNTTN-------------------------------------DVNGTLKN----CSFNT-T-TN--LKN-KT-QTT-YSLF-YTTNVTPINENNNTTSSNS------------------------------------------TTNYTLT---NCNTSAI-T---QT, 0.1541, 0
1.783705, -117.6191, [174], CHUNK, ['T'], VKLTPLCVTLNCTNVTNNTTN-------------------------------------DVNGTLKN----CSFNT-T-TN--LKN-KT-QTT-YSLF-YTTNVVQTNENNNTTSSNS------------------------------------------TTNYTLT---NCNTSTI-T---QT, 0.1561, 0
1.772724, -117.1832, [71], CHUNK, ['T'], VKLTPLCVTLNCTNVTNNTTN-------------------------------------DVNGTLKN----CTFNT-T-TN--LKN-KT-QTT-YSLF-YTTNVVQTNENNNTTSSNS------------------------------------------TTNYTLT---NCNTSAI-T---QT, 0.1541, 0
1.800313, -117.4050, 98, POINT, N, VKLTPLCVTLNCTNVTNNTTN-------------------------------------DVNGTLKN----CSFNT-T-TN--LKN-KT-QTT-YSLF-NTTNVVQTNENNNTTSSNS------------------------------------------TTNYTLT---NCNTSAI-T---QT, 0.1433, 0
1.788924, -118.8910, 104, POINT, S, VKLTPLCVTLNCTNVTNNTTN-------------------------------------DVNGTLKN----CSFNT-T-TN--LKN-KT-QTT-YSLF-YTTNVVSTNENNNTTSSNS------------------------------------------TTNYTLT---NCNTSAI-T---QT, 0.1541, 1
1.818691, -118.8631, 59, POINT, T, VKLTPLCVTLNCTNVTNNTTN-------------------------------------DTNGTLKN----CSFNT-T-TN--LKN-KT-QTT-YSLF-YTTNVVSTNENNNTTSSNS------------------------------------------TTNYTLT---NCNTSAI-T---QT, 0.1541, 0
1.821407, -116.4142, 98, POINT, N, VKLTPLCVTLNCTNVTNNTTN-------------------------------------DVNGTLKN----CSFNT-T-TN--LKN-KT-QTT-YSLF-NTTNVVSTNENNNTTSSNS------------------------------------------TTNYTLT---NCNTSAI-T---QT, 0.1541, 1
1.830702, -114.1416, [95], CHUNK, ['T'], VKLTPLCVTLNCTNVTNNTTN-------------------------------------DVNGTLKN----CSFNT-T-TN--LKN-KT-QTT-YSTF-NTTNVVSTNENNNTTSSNS------------------------------------------TTNYTLT---NCNTSAI-T---QT, 0.1541, 0
1.826130, -113.7824, [71], CHUNK, ['T'], VKLTPLCVTLNCTNVTNNTTN-------------------------------------DVNGTLKN----CTFNT-T-TN--LKN-KT-QTT-YSLF-NTTNVVSTNENNNTTSSNS------------------------------------------TTNYTLT---NCNTSAI-T---QT, 0.1541, 0
1.826171, -93.3980, [174], CHUNK, ['I'], VKLTPLCVTLNCTNVTNNTTN-------------------------------------DVNGTLKN----CSFNT-T-TN--LKN-KT-QTT-YSLF-NTTNVVSTNENNNTTSSNS------------------------------------------TTNYTLT---NCNTSII-T---QT, 0.2103, 0
1.829745, -115.9974, 89, POINT, K, VKLTPLCVTLNCTNVTNNTTN-------------------------------------DVNGTLKN----CSFNT-T-TN--LKN-KT-KTT-YSLF-NTTNVVSTNENNNTTSSNS------------------------------------------TTNYTLT---NCNTSAI-T---QT, 0.1541, 1
1.836878, -111.9594, 96, POINT, L, VKLTPLCVTLNCTNVTNNTTN-------------------------------------DVNGTLKN----CSFNT-T-TN--LKN-KT-KTT-YSLL-NTTNVVSTNENNNTTSSNS------------------------------------------TTNYTLT---NCNTSAI-T---QT, 0.1536, 0
1.830156, -114.6450, 173, POINT, T, VKLTPLCVTLNCTNVTNNTTN-------------------------------------DVNGTLKN----CSFNT-T-TN--LKN-KT-KTT-YSLF-NTTNVVSTNENNNTTSSNS------------------------------------------TTNYTLT---NCNTTAI-T---QT, 0.1541, 1
1.836430, -34.8638, [82], CHUNK, ['I'], VKLTPLCVTLNCTNVTNNTTN-------------------------------------DVNGTLKN----CSFNT-T-TN--IKN-KT-KTT-YSLF-NTTNVVSTNENNNTTSSNS------------------------------------------TTNYTLT---NCNTTAI-T---QT, 0.2969, 0
1.836464, -96.0774, [173, 174], CHUNK, ['S', 'V'], VKLTPLCVTLNCTNVTNNTTN-------------------------------------DVNGTLKN----CSFNT-T-TN--LKN-KT-KTT-YSLF-NTTNVVSTNENNNTTSSNS------------------------------------------TTNYTLT---NCNTSVI-T---QT, 0.2474, 0
1.833704, -114.6642, 4, POINT, T, VKLTTLCVTLNCTNVTNNTTN-------------------------------------DVNGTLKN----CSFNT-T-TN--LKN-KT-KTT-YSLF-NTTNVVSTNENNNTTSSNS------------------------------------------TTNYTLT---NCNTTAI-T---QT, 0.1501, 0
1.837289, -110.1817, 96, POINT, L, VKLTPLCVTLNCTNVTNNTTN-------------------------------------DVNGTLKN----CSFNT-T-TN--LKN-KT-KTT-YSLL-NTTNVVSTNENNNTTSSNS------------------------------------------TTNYTLT---NCNTTAI-T---QT, 0.1541, 0
1.833463, -115.9923, 107, POINT, D, VKLTPLCVTLNCTNVTNNTTN-------------------------------------DVNGTLKN----CSFNT-T-TN--LKN-KT-KTT-YSLF-NTTNVVSTNDNNNTTSSNS------------------------------------------TTNYTLT---NCNTSAI-T---QT, 0.1541, 0
1.861180, -116.0527, 107, POINT, N, VKLTPLCVTLNCTNVTNNTTN-------------------------------------DVNGTLKN----CSFNT-T-TN--LKN-KT-KTT-YSLF-NTTNVVSTNNNNNTTSSNS------------------------------------------TTNYTLT---NCNTSAI-T---QT, 0.1454, 1
1.867899, -94.4825, [174], CHUNK, ['V'], VKLTPLCVTLNCTNVTNNTTN-------------------------------------DVNGTLKN----CSFNT-T-TN--LKN-KT-KTT-YSLF-NTTNVVSTNNNNNTTSSNS------------------------------------------TTNYTLT---NCNTSVI-T---QT, 0.4154, 0
1.867454, 3.4041, [82], CHUNK, ['I'], VKLTPLCVTLNCTNVTNNTTN-------------------------------------DVNGTLKN----CSFNT-T-TN--IKN-KT-KTT-YSLF-NTTNVVSTNNNNNTTSSNS------------------------------------------TTNYTLT---NCNTSAI-T---QT, 0.1523, 0
1.861591, -114.7009, 173, POINT, T, VKLTPLCVTLNCTNVTNNTTN-------------------------------------DVNGTLKN----CSFNT-T-TN--LKN-KT-KTT-YSLF-NTTNVVSTNNNNNTTSSNS------------------------------------------TTNYTLT---NCNTTAI-T---QT, 0.1454, 0
1.876885, -113.8586, [174], CHUNK, ['T'], VKLTPLCVTLNCTNVTNNTTN-------------------------------------DVNGTLKN----CSFNT-T-TN--LKN-KT-KTT-YSLF-NTTNVVSTNNNNNTTSSNS------------------------------------------TTNYTLT---NCNTSTI-T---QT, 0.1454, 0
1.859665, -115.5754, 103, POINT, T, VKLTPLCVTLNCTNVTNNTTN-------------------------------------DVNGTLKN----CSFNT-T-TN--LKN-KT-KTT-YSLF-NTTNVTSTNENNNTTSSNS------------------------------------------TTNYTLT---NCNTSAI-T---QT, 0.1541, 0
1.857904, -116.5127, 58, POINT, N, VKLTPLCVTLNCTNVTNNTTN-------------------------------------NVNGTLKN----CSFNT-T-TN--LKN-KT-KTT-YSLF-NTTNVVSTNENNNTTSSNS------------------------------------------TTNYTLT---NCNTSAI-T---QT, 0.1541, 0
1.841302, -114.4765, 93, POINT, S, VKLTPLCVTLNCTNVTNNTTN-------------------------------------DVNGTLKN----CSFNT-T-TN--LKN-KT-KTT-SSLF-NTTNVVSTNENNNTTSSNS------------------------------------------TTNYTLT---NCNTSAI-T---QT, 0.1553, 0
1.836019, -19.7329, 82, POINT, I, VKLTPLCVTLNCTNVTNNTTN-------------------------------------DVNGTLKN----CSFNT-T-TN--IKN-KT-KTT-YSLF-NTTNVVSTNENNNTTSSNS------------------------------------------TTNYTLT---NCNTSAI-T---QT, 0.2436, 0
1.837419, -115.7083, [107, 109], CHUNK, ['N', 'S'], VKLTPLCVTLNCTNVTNNTTN-------------------------------------DVNGTLKN----CSFNT-T-TN--LKN-KT-QTT-YSLF-NTTNVVSTNNNSNTTSSNS------------------------------------------TTNYTLT---NCNTSAI-T---QT, 0.1541, 0
1.851750, -116.0487, 89, POINT, T, VKLTPLCVTLNCTNVTNNTTN-------------------------------------DVNGTLKN----CSFNT-T-TN--LKN-KT-TTT-YSLF-NTTNVVSTNENNNTTSSNS------------------------------------------TTNYTLT---NCNTSAI-T---QT, 0.1541, 0
1.823548, -116.3489, 103, POINT, I, VKLTPLCVTLNCTNVTNNTTN-------------------------------------DVNGTLKN----CSFNT-T-TN--LKN-KT-QTT-YSLF-NTTNVISTNENNNTTSSNS------------------------------------------TTNYTLT---NCNTSAI-T---QT, 0.1541, 0
1.822921, -109.3006, 174, POINT, K, VKLTPLCVTLNCTNVTNNTTN-------------------------------------DVNGTLKN----CSFNT-T-TN--LKN-KT-QTT-YSLF-NTTNVVSTNENNNTTSSNS------------------------------------------TTNYTLT---NCNTSKI-T---QT, 0.1361, 0
1.792471, -118.9006, 4, POINT, T, VKLTTLCVTLNCTNVTNNTTN-------------------------------------DVNGTLKN----CSFNT-T-TN--LKN-KT-QTT-YSLF-YTTNVVSTNENNNTTSSNS------------------------------------------TTNYTLT---NCNTSAI-T---QT, 0.1541, 0
1.791172, -118.9549, 102, POINT, I, VKLTPLCVTLNCTNVTNNTTN-------------------------------------DVNGTLKN----CSFNT-T-TN--LKN-KT-QTT-YSLF-YTTNIVSTNENNNTTSSNS------------------------------------------TTNYTLT---NCNTSAI-T---QT, 0.1541, 0
1.798030, -118.7006, 72, POINT, S, VKLTPLCVTLNCTNVTNNTTN-------------------------------------DVNGTLKN----CSSNT-T-TN--LKN-KT-QTT-YSLF-YTTNVVSTNENNNTTSSNS------------------------------------------TTNYTLT---NCNTSAI-T---QT, 0.1541, 0
1.793696, -114.4395, [96], CHUNK, ['L'], VKLTPLCVTLNCTNVTNNTTN-------------------------------------DVNGTLKN----CSFNT-T-TN--LKN-KT-QTT-YSLL-YTTNVVSTNENNNTTSSNS------------------------------------------TTNYTLT---NCNTSAI-T---QT, 0.1541, 0
1.783705, -117.4365, [174], CHUNK, ['T'], VKLTPLCVTLNCTNVTNNTTN-------------------------------------DVNGTLKN----CSFNT-T-TN--LKN-KT-QTT-YSLF-YTTNVVQTNENNNTTSSNS------------------------------------------TTNYTLT---NCNTSTI-T---QT, 0.1541, 0
1.774800, -117.3396, 98, POINT, S, VKLTPLCVTLNCTNVTNNTTN-------------------------------------DVNGTLKN----CSFNT-T-TN--LKN-KT-QTT-YSLF-STTNVVQTNENNNTTSSNS------------------------------------------TTNYTLT---NCNTSAI-T---QT, 0.1541, 0
1.772694, -118.9765, 104, POINT, R, VKLTPLCVTLNCTNVTNNTTN-------------------------------------DVNGTLKN----CSFNT-T-TN--LKN-KT-QTT-YSLF-YTTNVVRTNENNNTTSSNS------------------------------------------TTNYTLT---NCNTSAI-T---QT, 0.1541, 0
1.800313, -117.3383, 98, POINT, N, VKLTPLCVTLNCTNVTNNTTN-------------------------------------DVNGTLKN----CSFNT-T-TN--LKN-KT-QTT-YSLF-NTTNVVQTNENNNTTSSNS------------------------------------------TTNYTLT---NCNTSAI-T---QT, 0.1541, 0
