Name base = V1V2_200_exp_6_8_ni
Iters = 200
Soft coverage = 0.284621885725
Energy = -130.599716004
Hard Covereage = 0.0368019545157
Num epitopes = 65
Initial seq = VKLTPLCVTLQCTNVTNNITD-------------------------------------DMRGELKN----CSFNM-T-TE--LRD-KK-QKV-YSLF-YRLDVVQINENQGNRSNNS------------------------------------------NKEYRLI---NCNTSAI-T---QA
-------START OF DATA------
0.298450, -106.2577, [10, 13, 14, 15, 17], CHUNK, ['N', 'D', 'L', 'K', 'V'], VKLTPLCVTLNCTDLKNVITD-------------------------------------DMRGELKN----CSFNM-T-TE--LRD-KK-QKV-YSLF-YRLDVVQINENQGNRSNNS------------------------------------------NKEYRLI---NCNTSAI-T---QA, 0.2697, 1
0.313636, -105.5194, [94, 99], CHUNK, ['A', 'K'], VKLTPLCVTLNCTDLKNVITD-------------------------------------DMRGELKN----CSFNM-T-TE--LRD-KK-QKV-YALF-YKLDVVQINENQGNRSNNS------------------------------------------NKEYRLI---NCNTSAI-T---QA, 0.2697, 0
0.310557, -106.0930, [160, 161], CHUNK, ['T', 'S'], VKLTPLCVTLNCTDLKNVITD-------------------------------------DMRGELKN----CSFNM-T-TE--LRD-KK-QKV-YSLF-YRLDVVQINENQGNRSNNS------------------------------------------NTSYRLI---NCNTSAI-T---QA, 0.2168, 0
0.310557, -105.8819, [160, 161], CHUNK, ['T', 'S'], VKLTPLCVTLNCTDLKNVITD-------------------------------------DMRGELKN----CSFNM-T-TE--LRD-KK-QKV-YSLF-YRLDVVQINENQGNRSNNS------------------------------------------NTSYRLI---NCNTSAI-T---QA, 0.2437, 0
0.305721, -97.8353, 63, POINT, I, VKLTPLCVTLNCTDLKNVITD-------------------------------------DMRGEIKN----CSFNM-T-TE--LRD-KK-QKV-YSLF-YRLDVVQINENQGNRSNNS------------------------------------------NKEYRLI---NCNTSAI-T---QA, 0.2873, 0
0.289240, -128.7682, 99, POINT, K, VKLTPLCVTLQCTNVTNNITD-------------------------------------DMRGELKN----CSFNM-T-TE--LRD-KK-QKV-YSLF-YKLDVVQINENQGNRSNNS------------------------------------------NKEYRLI---NCNTSAI-T---QA, 0.0000, 0
0.308289, -131.2953, 10, POINT, N, VKLTPLCVTLNCTNVTNNITD-------------------------------------DMRGELKN----CSFNM-T-TE--LRD-KK-QKV-YSLF-YRLDVVQINENQGNRSNNS------------------------------------------NKEYRLI---NCNTSAI-T---QA, 0.0493, 1
0.315560, -129.8164, 63, POINT, I, VKLTPLCVTLNCTNVTNNITD-------------------------------------DMRGEIKN----CSFNM-T-TE--LRD-KK-QKV-YSLF-YRLDVVQINENQGNRSNNS------------------------------------------NKEYRLI---NCNTSAI-T---QA, 0.0736, 1
0.319308, -130.0173, 104, POINT, P, VKLTPLCVTLNCTNVTNNITD-------------------------------------DMRGEIKN----CSFNM-T-TE--LRD-KK-QKV-YSLF-YRLDVVPINENQGNRSNNS------------------------------------------NKEYRLI---NCNTSAI-T---QA, 0.0736, 1
0.322549, -129.0033, 109, POINT, S, VKLTPLCVTLNCTNVTNNITD-------------------------------------DMRGEIKN----CSFNM-T-TE--LRD-KK-QKV-YSLF-YRLDVVPINENSGNRSNNS------------------------------------------NKEYRLI---NCNTSAI-T---QA, 0.0736, 1
0.334655, -128.1892, [160, 161], CHUNK, ['T', 'S'], VKLTPLCVTLNCTNVTNNITD-------------------------------------DMRGEIKN----CSFNM-T-TE--LRD-KK-QKV-YSLF-YRLDVVPINENSGNRSNNS------------------------------------------NTSYRLI---NCNTSAI-T---QA, 0.0736, 1
0.350516, -126.4857, [94, 99], CHUNK, ['A', 'K'], VKLTPLCVTLNCTNVTNNITD-------------------------------------DMRGEIKN----CSFNM-T-TE--LRD-KK-QKV-YALF-YKLDVVPINENSGNRSNNS------------------------------------------NTSYRLI---NCNTSAI-T---QA, 0.0736, 1
0.352881, -125.0773, 18, POINT, T, VKLTPLCVTLNCTNVTNNTTD-------------------------------------DMRGEIKN----CSFNM-T-TE--LRD-KK-QKV-YALF-YKLDVVPINENSGNRSNNS------------------------------------------NTSYRLI---NCNTSAI-T---QA, 0.0852, 0
0.356276, -124.9753, [89, 91], CHUNK, ['K', 'E'], VKLTPLCVTLNCTNVTNNITD-------------------------------------DMRGEIKN----CSFNM-T-TE--LRD-KK-KKE-YALF-YKLDVVPINENSGNRSNNS------------------------------------------NTSYRLI---NCNTSAI-T---QA, 0.1211, 0
0.361909, -84.4648, [74], CHUNK, ['I'], VKLTPLCVTLNCTNVTNNITD-------------------------------------DMRGEIKN----CSFNI-T-TE--LRD-KK-QKV-YALF-YKLDVVPINENSGNRSNNS------------------------------------------NTSYRLI---NCNTSAI-T---QA, 0.3508, 0
0.355485, -126.6826, 107, POINT, N, VKLTPLCVTLNCTNVTNNITD-------------------------------------DMRGEIKN----CSFNM-T-TE--LRD-KK-QKV-YALF-YKLDVVPINNNSGNRSNNS------------------------------------------NTSYRLI---NCNTSAI-T---QA, 0.0772, 0
0.348007, -126.8177, [91, 94], CHUNK, ['E', 'A'], VKLTPLCVTLNCTNVTNNITD-------------------------------------DMRGEIKN----CSFNM-T-TE--LRD-KK-QKE-YALF-YRLDVVPINENSGNRSNNS------------------------------------------NTSYRLI---NCNTSAI-T---QA, 0.0736, 0
0.335624, -128.1778, 107, POINT, D, VKLTPLCVTLNCTNVTNNITD-------------------------------------DMRGEIKN----CSFNM-T-TE--LRD-KK-QKV-YSLF-YRLDVVPINDNSGNRSNNS------------------------------------------NTSYRLI---NCNTSAI-T---QA, 0.0736, 1
0.339060, -128.6220, 58, POINT, N, VKLTPLCVTLNCTNVTNNITD-------------------------------------NMRGEIKN----CSFNM-T-TE--LRD-KK-QKV-YSLF-YRLDVVPINDNSGNRSNNS------------------------------------------NTSYRLI---NCNTSAI-T---QA, 0.0758, 0
0.348975, -126.8063, [91, 94], CHUNK, ['E', 'A'], VKLTPLCVTLNCTNVTNNITD-------------------------------------DMRGEIKN----CSFNM-T-TE--LRD-KK-QKE-YALF-YRLDVVPINDNSGNRSNNS------------------------------------------NTSYRLI---NCNTSAI-T---QA, 0.0736, 1
0.356258, -103.1017, [174], CHUNK, ['V'], VKLTPLCVTLNCTNVTNNITD-------------------------------------DMRGEIKN----CSFNM-T-TE--LRD-KK-QKE-YALF-YRLDVVPINDNSGNRSNNS------------------------------------------NTSYRLI---NCNTSVI-T---QA, 0.3430, 0
0.360368, -115.3686, [74], CHUNK, ['I'], VKLTPLCVTLNCTNVTNNITD-------------------------------------DMRGEIKN----CSFNI-T-TE--LRD-KK-QKE-YALF-YRLDVVPINDNSGNRSNNS------------------------------------------NTSYRLI---NCNTSAI-T---QA, 0.1589, 1
0.362537, -114.5590, 174, POINT, T, VKLTPLCVTLNCTNVTNNITD-------------------------------------DMRGEIKN----CSFNI-T-TE--LRD-KK-QKE-YALF-YRLDVVPINDNSGNRSNNS------------------------------------------NTSYRLI---NCNTSTI-T---QA, 0.2038, 0
0.366641, -27.5186, [79, 82], CHUNK, ['N', 'I'], VKLTPLCVTLNCTNVTNNITD-------------------------------------DMRGEIKN----CSFNI-T-TN--IRD-KK-QKE-YALF-YRLDVVPINDNSGNRSNNS------------------------------------------NTSYRLI---NCNTSAI-T---QA, 0.2967, 0
0.369016, -117.6699, [99], CHUNK, ['K'], VKLTPLCVTLNCTNVTNNITD-------------------------------------DMRGEIKN----CSFNI-T-TE--LRD-KK-QKE-YALF-YKLDVVPINDNSGNRSNNS------------------------------------------NTSYRLI---NCNTSAI-T---QA, 0.1873, 0
0.367650, -100.0691, [174], CHUNK, ['V'], VKLTPLCVTLNCTNVTNNITD-------------------------------------DMRGEIKN----CSFNI-T-TE--LRD-KK-QKE-YALF-YRLDVVPINDNSGNRSNNS------------------------------------------NTSYRLI---NCNTSVI-T---QA, 0.4758, 0
0.354409, -125.0525, [99, 102], CHUNK, ['K', 'I'], VKLTPLCVTLNCTNVTNNITD-------------------------------------DMRGEIKN----CSFNM-T-TE--LRD-KK-QKE-YALF-YKLDIVPINDNSGNRSNNS------------------------------------------NTSYRLI---NCNTSAI-T---QA, 0.0721, 1
0.364060, -107.4417, [74, 79, 82], CHUNK, ['I', 'S', 'T'], VKLTPLCVTLNCTNVTNNITD-------------------------------------DMRGEIKN----CSFNI-T-TS--TRD-KK-QKE-YALF-YKLDIVPINDNSGNRSNNS------------------------------------------NTSYRLI---NCNTSAI-T---QA, 0.3488, 0
0.357623, -125.0222, 102, POINT, V, VKLTPLCVTLNCTNVTNNITD-------------------------------------DMRGEIKN----CSFNM-T-TE--LRD-KK-QKE-YALF-YKLDVVPINDNSGNRSNNS------------------------------------------NTSYRLI---NCNTSAI-T---QA, 0.0721, 0
0.365802, -113.5140, [74], CHUNK, ['I'], VKLTPLCVTLNCTNVTNNITD-------------------------------------DMRGEIKN----CSFNI-T-TE--LRD-KK-QKE-YALF-YKLDIVPINDNSGNRSNNS------------------------------------------NTSYRLI---NCNTSAI-T---QA, 0.1776, 0
0.355128, -124.5542, 58, POINT, E, VKLTPLCVTLNCTNVTNNITD-------------------------------------EMRGEIKN----CSFNM-T-TE--LRD-KK-QKE-YALF-YKLDIVPINDNSGNRSNNS------------------------------------------NTSYRLI---NCNTSAI-T---QA, 0.0721, 0
0.357695, -103.5802, [169, 174], CHUNK, ['S', 'V'], VKLTPLCVTLNCTNVTNNITD-------------------------------------DMRGEIKN----CSFNM-T-TE--LRD-KK-QKE-YALF-YRLDVVPINDNSGNRSNNS------------------------------------------NTSYRLI---SCNTSVI-T---QA, 0.3819, 0
0.357623, -124.9253, 99, POINT, K, VKLTPLCVTLNCTNVTNNITD-------------------------------------DMRGEIKN----CSFNM-T-TE--LRD-KK-QKE-YALF-YKLDVVPINDNSGNRSNNS------------------------------------------NTSYRLI---NCNTSAI-T---QA, 0.0736, 1
0.357904, -124.3956, 87, POINT, V, VKLTPLCVTLNCTNVTNNITD-------------------------------------DMRGEIKN----CSFNM-T-TE--LRD-KV-QKE-YALF-YKLDVVPINDNSGNRSNNS------------------------------------------NTSYRLI---NCNTSAI-T---QA, 0.0736, 0
0.369016, -113.4753, [74], CHUNK, ['I'], VKLTPLCVTLNCTNVTNNITD-------------------------------------DMRGEIKN----CSFNI-T-TE--LRD-KK-QKE-YALF-YKLDVVPINDNSGNRSNNS------------------------------------------NTSYRLI---NCNTSAI-T---QA, 0.2677, 0
0.369016, -118.2100, [74], CHUNK, ['I'], VKLTPLCVTLNCTNVTNNITD-------------------------------------DMRGEIKN----CSFNI-T-TE--LRD-KK-QKE-YALF-YKLDVVPINDNSGNRSNNS------------------------------------------NTSYRLI---NCNTSAI-T---QA, 0.1061, 1
0.376298, -99.6954, [174], CHUNK, ['V'], VKLTPLCVTLNCTNVTNNITD-------------------------------------DMRGEIKN----CSFNI-T-TE--LRD-KK-QKE-YALF-YKLDVVPINDNSGNRSNNS------------------------------------------NTSYRLI---NCNTSVI-T---QA, 0.4027, 0
0.370684, -117.2696, 58, POINT, S, VKLTPLCVTLNCTNVTNNITD-------------------------------------SMRGEIKN----CSFNI-T-TE--LRD-KK-QKE-YALF-YKLDVVPINDNSGNRSNNS------------------------------------------NTSYRLI---NCNTSAI-T---QA, 0.1061, 1
0.377966, -105.1839, [174], CHUNK, ['V'], VKLTPLCVTLNCTNVTNNITD-------------------------------------SMRGEIKN----CSFNI-T-TE--LRD-KK-QKE-YALF-YKLDVVPINDNSGNRSNNS------------------------------------------NTSYRLI---NCNTSVI-T---QA, 0.4386, 0
0.372946, -114.9258, 18, POINT, N, VKLTPLCVTLNCTNVTNNNTD-------------------------------------SMRGEIKN----CSFNI-T-TE--LRD-KK-QKE-YALF-YKLDVVPINDNSGNRSNNS------------------------------------------NTSYRLI---NCNTSAI-T---QA, 0.1061, 0
0.376957, -19.4384, [79, 82], CHUNK, ['N', 'I'], VKLTPLCVTLNCTNVTNNITD-------------------------------------SMRGEIKN----CSFNI-T-TN--IRD-KK-QKE-YALF-YKLDVVPINDNSGNRSNNS------------------------------------------NTSYRLI---NCNTSAI-T---QA, 0.2311, 0
0.377966, -98.2419, [174], CHUNK, ['V'], VKLTPLCVTLNCTNVTNNITD-------------------------------------SMRGEIKN----CSFNI-T-TE--LRD-KK-QKE-YALF-YKLDVVPINDNSGNRSNNS------------------------------------------NTSYRLI---NCNTSVI-T---QA, 0.5613, 0
0.372805, -28.3173, 82, POINT, I, VKLTPLCVTLNCTNVTNNITD-------------------------------------DMRGEIKN----CSFNI-T-TE--IRD-KK-QKE-YALF-YKLDVVPINDNSGNRSNNS------------------------------------------NTSYRLI---NCNTSAI-T---QA, 0.1756, 0
0.370142, -16.2452, [82, 87, 89], CHUNK, ['I', 'M', 'K'], VKLTPLCVTLNCTNVTNNITD-------------------------------------DMRGEIKN----CSFNI-T-TE--IRD-KM-KKE-YALF-YKLDVVPINDNSGNRSNNS------------------------------------------NTSYRLI---NCNTSAI-T---QA, 0.1855, 0
0.373271, -0.1698, [79, 82], CHUNK, ['S', 'I'], VKLTPLCVTLNCTNVTNNITD-------------------------------------DMRGEIKN----CSFNI-T-TS--IRD-KK-QKE-YALF-YKLDVVPINDNSGNRSNNS------------------------------------------NTSYRLI---NCNTSAI-T---QA, 0.1716, 0
0.377735, -102.6960, [169, 174], CHUNK, ['S', 'V'], VKLTPLCVTLNCTNVTNNITD-------------------------------------DMRGEIKN----CSFNI-T-TE--LRD-KK-QKE-YALF-YKLDVVPINDNSGNRSNNS------------------------------------------NTSYRLI---SCNTSVI-T---QA, 0.3797, 0
0.369016, -113.8158, [74], CHUNK, ['I'], VKLTPLCVTLNCTNVTNNITD-------------------------------------DMRGEIKN----CSFNI-T-TE--LRD-KK-QKE-YALF-YKLDVVPINDNSGNRSNNS------------------------------------------NTSYRLI---NCNTSAI-T---QA, 0.2829, 0
0.364905, -108.3052, 174, POINT, V, VKLTPLCVTLNCTNVTNNITD-------------------------------------DMRGEIKN----CSFNM-T-TE--LRD-KK-QKE-YALF-YKLDVVPINDNSGNRSNNS------------------------------------------NTSYRLI---NCNTSVI-T---QA, 0.3337, 0
0.366342, -101.8784, [169, 174], CHUNK, ['S', 'V'], VKLTPLCVTLNCTNVTNNITD-------------------------------------DMRGEIKN----CSFNM-T-TE--LRD-KK-QKE-YALF-YKLDVVPINDNSGNRSNNS------------------------------------------NTSYRLI---SCNTSVI-T---QA, 0.4166, 0
0.359792, -122.1810, 174, POINT, T, VKLTPLCVTLNCTNVTNNITD-------------------------------------DMRGEIKN----CSFNM-T-TE--LRD-KK-QKE-YALF-YKLDVVPINDNSGNRSNNS------------------------------------------NTSYRLI---NCNTSTI-T---QA, 0.0736, 1
0.364905, -106.6791, 174, POINT, V, VKLTPLCVTLNCTNVTNNITD-------------------------------------DMRGEIKN----CSFNM-T-TE--LRD-KK-QKE-YALF-YKLDVVPINDNSGNRSNNS------------------------------------------NTSYRLI---NCNTSVI-T---QA, 0.3223, 0
0.361460, -122.1104, 58, POINT, S, VKLTPLCVTLNCTNVTNNITD-------------------------------------SMRGEIKN----CSFNM-T-TE--LRD-KK-QKE-YALF-YKLDVVPINDNSGNRSNNS------------------------------------------NTSYRLI---NCNTSTI-T---QA, 0.1266, 1
0.372853, -112.2987, 74, POINT, I, VKLTPLCVTLNCTNVTNNITD-------------------------------------SMRGEIKN----CSFNI-T-TE--LRD-KK-QKE-YALF-YKLDVVPINDNSGNRSNNS------------------------------------------NTSYRLI---NCNTSTI-T---QA, 0.3165, 0
0.372853, -111.2927, [74], CHUNK, ['I'], VKLTPLCVTLNCTNVTNNITD-------------------------------------SMRGEIKN----CSFNI-T-TE--LRD-KK-QKE-YALF-YKLDVVPINDNSGNRSNNS------------------------------------------NTSYRLI---NCNTSTI-T---QA, 0.2921, 0
0.366574, -101.8503, 174, POINT, V, VKLTPLCVTLNCTNVTNNITD-------------------------------------SMRGEIKN----CSFNM-T-TE--LRD-KK-QKE-YALF-YKLDVVPINDNSGNRSNNS------------------------------------------NTSYRLI---NCNTSVI-T---QA, 0.4114, 0
0.372853, -116.1516, [74], CHUNK, ['I'], VKLTPLCVTLNCTNVTNNITD-------------------------------------SMRGEIKN----CSFNI-T-TE--LRD-KK-QKE-YALF-YKLDVVPINDNSGNRSNNS------------------------------------------NTSYRLI---NCNTSTI-T---QA, 0.1544, 1
0.376772, -116.3379, 107, POINT, N, VKLTPLCVTLNCTNVTNNITD-------------------------------------SMRGEIKN----CSFNI-T-TE--LRD-KK-QKE-YALF-YKLDVVPINNNSGNRSNNS------------------------------------------NTSYRLI---NCNTSTI-T---QA, 0.1556, 1
0.381886, -103.1067, [174], CHUNK, ['V'], VKLTPLCVTLNCTNVTNNITD-------------------------------------SMRGEIKN----CSFNI-T-TE--LRD-KK-QKE-YALF-YKLDVVPINNNSGNRSNNS------------------------------------------NTSYRLI---NCNTSVI-T---QA, 0.2724, 0
0.380562, 0.9639, 82, POINT, I, VKLTPLCVTLNCTNVTNNITD-------------------------------------SMRGEIKN----CSFNI-T-TE--IRD-KK-QKE-YALF-YKLDVVPINNNSGNRSNNS------------------------------------------NTSYRLI---NCNTSTI-T---QA, 0.2666, 0
0.383323, -96.6899, [169, 174], CHUNK, ['S', 'V'], VKLTPLCVTLNCTNVTNNITD-------------------------------------SMRGEIKN----CSFNI-T-TE--LRD-KK-QKE-YALF-YKLDVVPINNNSGNRSNNS------------------------------------------NTSYRLI---SCNTSVI-T---QA, 0.2937, 0
0.379491, -116.0146, 112, POINT, S, VKLTPLCVTLNCTNVTNNITD-------------------------------------SMRGEIKN----CSFNI-T-TE--LRD-KK-QKE-YALF-YKLDVVPINNNSGNSSNNS------------------------------------------NTSYRLI---NCNTSTI-T---QA, 0.1556, 0
0.377966, -100.9618, [174], CHUNK, ['V'], VKLTPLCVTLNCTNVTNNITD-------------------------------------SMRGEIKN----CSFNI-T-TE--LRD-KK-QKE-YALF-YKLDVVPINDNSGNRSNNS------------------------------------------NTSYRLI---NCNTSVI-T---QA, 0.2812, 0
0.373187, -115.6314, 87, POINT, V, VKLTPLCVTLNCTNVTNNITD-------------------------------------SMRGEIKN----CSFNI-T-TE--LRD-KV-QKE-YALF-YKLDVVPINDNSGNRSNNS------------------------------------------NTSYRLI---NCNTSTI-T---QA, 0.1544, 0
0.376772, -116.9818, 107, POINT, N, VKLTPLCVTLNCTNVTNNITD-------------------------------------SMRGEIKN----CSFNI-T-TE--LRD-KK-QKE-YALF-YKLDVVPINNNSGNRSNNS------------------------------------------NTSYRLI---NCNTSTI-T---QA, 0.1585, 1
0.379323, -118.4741, [107, 108, 109, 110, 111, 112, 113], CHUNK, ['D', 'K', 'N', 'N', 'S', 'S', 'N'], VKLTPLCVTLNCTNVTNNITD-------------------------------------SMRGEIKN----CSFNI-T-TE--LRD-KK-QKE-YALF-YKLDVVPINDKNNSSNNNS------------------------------------------NTSYRLI---NCNTSTI-T---QA, 0.1585, 0
0.380562, 4.5938, 82, POINT, I, VKLTPLCVTLNCTNVTNNITD-------------------------------------SMRGEIKN----CSFNI-T-TE--IRD-KK-QKE-YALF-YKLDVVPINNNSGNRSNNS------------------------------------------NTSYRLI---NCNTSTI-T---QA, 0.2130, 0
0.380562, 2.9211, 82, POINT, I, VKLTPLCVTLNCTNVTNNITD-------------------------------------SMRGEIKN----CSFNI-T-TE--IRD-KK-QKE-YALF-YKLDVVPINNNSGNRSNNS------------------------------------------NTSYRLI---NCNTSTI-T---QA, 0.2150, 0
0.377145, -116.9422, 59, POINT, D, VKLTPLCVTLNCTNVTNNITD-------------------------------------SDRGEIKN----CSFNI-T-TE--LRD-KK-QKE-YALF-YKLDVVPINNNSGNRSNNS------------------------------------------NTSYRLI---NCNTSTI-T---QA, 0.1583, 1
0.377209, -50.2471, [82, 89], CHUNK, ['I', 'N'], VKLTPLCVTLNCTNVTNNITD-------------------------------------SDRGEIKN----CSFNI-T-TE--IRD-KK-NKE-YALF-YKLDVVPINNNSGNRSNNS------------------------------------------NTSYRLI---NCNTSTI-T---QA, 0.3106, 0
0.382258, -98.3124, [174], CHUNK, ['V'], VKLTPLCVTLNCTNVTNNITD-------------------------------------SDRGEIKN----CSFNI-T-TE--LRD-KK-QKE-YALF-YKLDVVPINNNSGNRSNNS------------------------------------------NTSYRLI---NCNTSVI-T---QA, 0.4355, 0
0.383696, -97.5428, [169, 174], CHUNK, ['S', 'V'], VKLTPLCVTLNCTNVTNNITD-------------------------------------SDRGEIKN----CSFNI-T-TE--LRD-KK-QKE-YALF-YKLDVVPINNNSGNRSNNS------------------------------------------NTSYRLI---SCNTSVI-T---QA, 0.3372, 0
0.379489, -115.5932, 18, POINT, N, VKLTPLCVTLNCTNVTNNNTD-------------------------------------SDRGEIKN----CSFNI-T-TE--LRD-KK-QKE-YALF-YKLDVVPINNNSGNRSNNS------------------------------------------NTSYRLI---NCNTSTI-T---QA, 0.1613, 0
0.379615, -117.0870, 59, POINT, N, VKLTPLCVTLNCTNVTNNITD-------------------------------------SNRGEIKN----CSFNI-T-TE--LRD-KK-QKE-YALF-YKLDVVPINNNSGNRSNNS------------------------------------------NTSYRLI---NCNTSTI-T---QA, 0.1598, 1
0.381058, -114.6008, 60, POINT, K, VKLTPLCVTLNCTNVTNNITD-------------------------------------SNKGEIKN----CSFNI-T-TE--LRD-KK-QKE-YALF-YKLDVVPINNNSGNRSNNS------------------------------------------NTSYRLI---NCNTSTI-T---QA, 0.1598, 0
0.380559, -117.3481, 16, POINT, T, VKLTPLCVTLNCTNVTTNITD-------------------------------------SNRGEIKN----CSFNI-T-TE--LRD-KK-QKE-YALF-YKLDVVPINNNSGNRSNNS------------------------------------------NTSYRLI---NCNTSTI-T---QA, 0.1598, 1
0.387109, -104.3012, [169, 174], CHUNK, ['S', 'V'], VKLTPLCVTLNCTNVTTNITD-------------------------------------SNRGEIKN----CSFNI-T-TE--LRD-KK-QKE-YALF-YKLDVVPINNNSGNRSNNS------------------------------------------NTSYRLI---SCNTSVI-T---QA, 0.4709, 0
0.382082, -114.8619, 60, POINT, K, VKLTPLCVTLNCTNVTTNITD-------------------------------------SNKGEIKN----CSFNI-T-TE--LRD-KK-QKE-YALF-YKLDVVPINNNSGNRSNNS------------------------------------------NTSYRLI---NCNTSTI-T---QA, 0.1598, 0
0.383074, -117.6974, 20, POINT, N, VKLTPLCVTLNCTNVTTNITN-------------------------------------SNRGEIKN----CSFNI-T-TE--LRD-KK-QKE-YALF-YKLDVVPINNNSGNRSNNS------------------------------------------NTSYRLI---NCNTSTI-T---QA, 0.1598, 0
0.386832, -41.7735, [79, 82], CHUNK, ['N', 'I'], VKLTPLCVTLNCTNVTTNITD-------------------------------------SNRGEIKN----CSFNI-T-TN--IRD-KK-QKE-YALF-YKLDVVPINNNSGNRSNNS------------------------------------------NTSYRLI---NCNTSTI-T---QA, 0.3308, 0
0.384728, -98.6416, 174, POINT, V, VKLTPLCVTLNCTNVTNNITD-------------------------------------SNRGEIKN----CSFNI-T-TE--LRD-KK-QKE-YALF-YKLDVVPINNNSGNRSNNS------------------------------------------NTSYRLI---NCNTSVI-T---QA, 0.5135, 0
0.384728, -102.4674, [174], CHUNK, ['V'], VKLTPLCVTLNCTNVTNNITD-------------------------------------SNRGEIKN----CSFNI-T-TE--LRD-KK-QKE-YALF-YKLDVVPINNNSGNRSNNS------------------------------------------NTSYRLI---NCNTSVI-T---QA, 0.3211, 0
0.383404, -25.5342, 82, POINT, I, VKLTPLCVTLNCTNVTNNITD-------------------------------------SNRGEIKN----CSFNI-T-TE--IRD-KK-QKE-YALF-YKLDVVPINNNSGNRSNNS------------------------------------------NTSYRLI---NCNTSTI-T---QA, 0.3546, 0
0.382013, -117.0886, 60, POINT, N, VKLTPLCVTLNCTNVTNNITD-------------------------------------SNNGEIKN----CSFNI-T-TE--LRD-KK-QKE-YALF-YKLDVVPINNNSGNRSNNS------------------------------------------NTSYRLI---NCNTSTI-T---QA, 0.1598, 0
0.383323, -102.0630, [169, 174], CHUNK, ['S', 'V'], VKLTPLCVTLNCTNVTNNITD-------------------------------------SMRGEIKN----CSFNI-T-TE--LRD-KK-QKE-YALF-YKLDVVPINNNSGNRSNNS------------------------------------------NTSYRLI---SCNTSVI-T---QA, 0.3032, 0
0.377886, -117.6963, 109, POINT, N, VKLTPLCVTLNCTNVTNNITD-------------------------------------SMRGEIKN----CSFNI-T-TE--LRD-KK-QKE-YALF-YKLDVVPINNNNGNRSNNS------------------------------------------NTSYRLI---NCNTSTI-T---QA, 0.1585, 0
0.379285, -115.4336, 18, POINT, T, VKLTPLCVTLNCTNVTNNTTD-------------------------------------SMRGEIKN----CSFNI-T-TE--LRD-KK-QKE-YALF-YKLDVVPINNNSGNRSNNS------------------------------------------NTSYRLI---NCNTSTI-T---QA, 0.1585, 0
0.383323, -94.4847, [169, 174], CHUNK, ['S', 'V'], VKLTPLCVTLNCTNVTNNITD-------------------------------------SMRGEIKN----CSFNI-T-TE--LRD-KK-QKE-YALF-YKLDVVPINNNSGNRSNNS------------------------------------------NTSYRLI---SCNTSVI-T---QA, 0.3199, 0
0.376642, -15.0450, 82, POINT, I, VKLTPLCVTLNCTNVTNNITD-------------------------------------SMRGEIKN----CSFNI-T-TE--IRD-KK-QKE-YALF-YKLDVVPINDNSGNRSNNS------------------------------------------NTSYRLI---NCNTSTI-T---QA, 0.2014, 0
0.377966, -99.6048, [174], CHUNK, ['V'], VKLTPLCVTLNCTNVTNNITD-------------------------------------SMRGEIKN----CSFNI-T-TE--LRD-KK-QKE-YALF-YKLDVVPINDNSGNRSNNS------------------------------------------NTSYRLI---NCNTSVI-T---QA, 0.3438, 0
0.377966, -96.2245, [174], CHUNK, ['V'], VKLTPLCVTLNCTNVTNNITD-------------------------------------SMRGEIKN----CSFNI-T-TE--LRD-KK-QKE-YALF-YKLDVVPINDNSGNRSNNS------------------------------------------NTSYRLI---NCNTSVI-T---QA, 0.5104, 0
0.377966, -99.6053, [174], CHUNK, ['V'], VKLTPLCVTLNCTNVTNNITD-------------------------------------SMRGEIKN----CSFNI-T-TE--LRD-KK-QKE-YALF-YKLDVVPINDNSGNRSNNS------------------------------------------NTSYRLI---NCNTSVI-T---QA, 0.2741, 0
0.371233, -112.3911, [74, 79], CHUNK, ['I', 'S'], VKLTPLCVTLNCTNVTNNITD-------------------------------------SMRGEIKN----CSFNI-T-TS--LRD-KK-QKE-YALF-YKLDVVPINDNSGNRSNNS------------------------------------------NTSYRLI---NCNTSTI-T---QA, 0.3503, 1
0.372812, -112.5390, 79, POINT, N, VKLTPLCVTLNCTNVTNNITD-------------------------------------SMRGEIKN----CSFNI-T-TN--LRD-KK-QKE-YALF-YKLDVVPINDNSGNRSNNS------------------------------------------NTSYRLI---NCNTSTI-T---QA, 0.3169, 0
0.379126, -12.0677, [79, 82], CHUNK, ['N', 'I'], VKLTPLCVTLNCTNVTNNITD-------------------------------------SMRGEIKN----CSFNI-T-TN--IRD-KK-QKE-YALF-YKLDVVPINDNSGNRSNNS------------------------------------------NTSYRLI---NCNTSTI-T---QA, 0.3292, 0
0.379126, -7.4453, [79, 82], CHUNK, ['N', 'I'], VKLTPLCVTLNCTNVTNNITD-------------------------------------SMRGEIKN----CSFNI-T-TN--IRD-KK-QKE-YALF-YKLDVVPINDNSGNRSNNS------------------------------------------NTSYRLI---NCNTSTI-T---QA, 0.3798, 0
0.377108, 8.6312, [82], CHUNK, ['I'], VKLTPLCVTLNCTNVTNNITD-------------------------------------SMRGEIKN----CSFNI-T-TS--IRD-KK-QKE-YALF-YKLDVVPINDNSGNRSNNS------------------------------------------NTSYRLI---NCNTSTI-T---QA, 0.2907, 0
0.365380, -122.3685, 107, POINT, N, VKLTPLCVTLNCTNVTNNITD-------------------------------------SMRGEIKN----CSFNM-T-TE--LRD-KK-QKE-YALF-YKLDVVPINNNSGNRSNNS------------------------------------------NTSYRLI---NCNTSTI-T---QA, 0.1215, 0
0.366104, -112.3857, 74, POINT, V, VKLTPLCVTLNCTNVTNNITD-------------------------------------SMRGEIKN----CSFNV-T-TE--LRD-KK-QKE-YALF-YKLDVVPINDNSGNRSNNS------------------------------------------NTSYRLI---NCNTSTI-T---QA, 0.4049, 0
0.368011, -104.5089, [169, 174], CHUNK, ['S', 'V'], VKLTPLCVTLNCTNVTNNITD-------------------------------------SMRGEIKN----CSFNM-T-TE--LRD-KK-QKE-YALF-YKLDVVPINDNSGNRSNNS------------------------------------------NTSYRLI---SCNTSVI-T---QA, 0.4232, 0
0.363036, -119.6247, 60, POINT, K, VKLTPLCVTLNCTNVTNNITD-------------------------------------SMKGEIKN----CSFNM-T-TE--LRD-KK-QKE-YALF-YKLDVVPINDNSGNRSNNS------------------------------------------NTSYRLI---NCNTSTI-T---QA, 0.1266, 0
