Name base = V1V2_200_sq_9_0_i
Iters = 200
Soft coverage = 1.31203964383
Energy = -131.210203062
Hard Covereage = 0.0368019545157
Num epitopes = 65
Initial seq = VKLTPLCVTLQCTNVTNNITD-------------------------------------DMRGELKN----CSFNM-T-TE--LRD-KK-QKV-YSLF-YRLDVVQINENQGNRSNNS------------------------------------------NKEYRLI---NCNTSAI-T---QA
-------START OF DATA------
1.309780, -74.6812, 122, POINT, K, VKLTPLCVTLQCTNVTNNITD-------------------------------------DMRGELKN----CSFNM-T-TE--LRD-KK-QKV-YSLF-YRLDVVQINENQGNRSNNS-----K------------------------------------SKEYRLI---NCNTSAI-T---QA, 1.6208, 0
1.320710, 2584.4275, 121, POINT, K, VKLTPLCVTLQCTNVTNNITD-------------------------------------DMRGELKN----CSFNM-T-TE--LRD-KK-QKV-YSLF-YRLDVVQINENQGNRSNNS----V-------------------------------------NKEYRLI---NCNTSAI-T---QA, 1.6489, 0
1.317538, 115.2711, 123, POINT, K, VKLTPLCVTLQCTNVTNNITD-------------------------------------DMRGELKN----CSFNM-T-TE--LRD-KK-QKV-YSLF-YRLDVVQINENQGNRSNNS------D-----------------------------------TKEYRLI---NCNTSAI-T---QA, 1.6220, 0
1.361196, -131.1380, 10, POINT, N, VKLTPLCVTLNCTNVTNNITD-------------------------------------DMRGELKN----CSFNM-T-TE--LRD-KK-QKV-YSLF-YRLDVVQINENQGNRSNNS------------------------------------------NKEYRLI---NCNTSAI-T---QA, 0.0000, 1
1.372491, -97.0534, 123, POINT, K, VKLTPLCVTLNCTNVTNNITD-------------------------------------DMRGELKN----CSFNM-T-TE--LRD-KK-QKV-YSLF-YRLDVVQINENQGNRSNNK------T-----------------------------------SKEYRLI---NCNTSAI-T---QA, 1.6262, 0
1.344731, -102.2776, 137, POINT, K, VKLTPLCVTLNCTNVTNNITD-------------------------------------DMRGELKN----CSFNM-T-TE--LRD-KK-QKV-YSLF-YRLDVVQINENQGNRSNNK--------------------E---------------------SKEYRLI---NCNTSAI-T---QA, 1.6327, 0
1.356665, -103.9897, 125, POINT, K, VKLTPLCVTLNCTNVTNNITD-------------------------------------DMRGELKN----CSFNM-T-TE--LRD-KK-QKV-YSLF-YRLDVVQINENQGNRSNNS--------E---------------------------------SKEYRLI---NCNTSAI-T---QA, 1.6484, 0
1.389362, -71.8847, 118, POINT, K, VKLTPLCVTLNCTNVTNNITD-------------------------------------DMRGELKN----CSFNM-T-TE--LRD-KK-QKV-YSLF-YRLDVVQINENQGNRSNNT-S----------------------------------------SKEYRLI---NCNTSAI-T---QA, 1.6251, 0
1.329118, -91.5200, 125, POINT, K, VKLTPLCVTLQCTNVTNNITD-------------------------------------DMRGELKN----CSFNM-T-TE--LRD-KK-QKV-YSLF-YRLDVVQINENQGNRSNNT--------S---------------------------------KKEYRLI---NCNTSAI-T---QA, 1.6137, 0
1.320710, 2583.5208, 158, POINT, K, VKLTPLCVTLQCTNVTNNITD-------------------------------------DMRGELKN----CSFNM-T-TE--LRD-KK-QKV-YSLF-YRLDVVQINENQGNRSNNS-----------------------------------------VNKEYRLI---NCNTSAI-T---QA, 1.6521, 0
1.361196, -131.1380, 10, POINT, N, VKLTPLCVTLNCTNVTNNITD-------------------------------------DMRGELKN----CSFNM-T-TE--LRD-KK-QKV-YSLF-YRLDVVQINENQGNRSNNS------------------------------------------NKEYRLI---NCNTSAI-T---QA, 0.0000, 1
1.362713, -99.4626, 117, POINT, K, VKLTPLCVTLNCTNVTNNITD-------------------------------------DMRGELKN----CSFNM-T-TE--LRD-KK-QKV-YSLF-YRLDVVQINENQGNRSNNSS-----------------------------------------EKEYRLI---NCNTSAI-T---QA, 1.6315, 0
1.369866, 2586.0907, 158, POINT, K, VKLTPLCVTLNCTNVTNNITD-------------------------------------DMRGELKN----CSFNM-T-TE--LRD-KK-QKV-YSLF-YRLDVVQINENQGNRSNNS-----------------------------------------VNKEYRLI---NCNTSAI-T---QA, 1.6528, 0
1.395878, -130.7854, 109, POINT, N, VKLTPLCVTLNCTNVTNNITD-------------------------------------DMRGELKN----CSFNM-T-TE--LRD-KK-QKV-YSLF-YRLDVVQINENNGNRSNNS------------------------------------------NKEYRLI---NCNTSAI-T---QA, 0.0409, 1
1.389436, -7.3030, 158, POINT, K, VKLTPLCVTLNCTNVTNNITD-------------------------------------DMRGELKN----CSFNM-T-TE--LRD-KK-QKV-YSLF-YRLDVVQINENNGNRSNNK-----------------------------------------DNKEYRLI---NCNTSAI-T---QA, 1.6251, 0
1.401974, -123.0614, 125, POINT, K, VKLTPLCVTLNCTNVTNNITD-------------------------------------DMRGELKN----CSFNM-T-TE--LRD-KK-QKV-YSLF-YRLDVVQINENNGNRSNNS--------K---------------------------------TKEYRLI---NCNTSAI-T---QA, 1.6113, 1
1.416668, 1048.3136, 138, POINT, K, VKLTPLCVTLNCTNVTNNITD-------------------------------------DMRGELKN----CSFNM-T-TE--LRD-KK-QKV-YSLF-YRLDVVQINENNGNRSNNS--------N------------V--------------------KKEYRLI---NCNTSAI-T---QA, 2.6133, 0
1.418497, -86.4883, 133, POINT, K, VKLTPLCVTLNCTNVTNNITD-------------------------------------DMRGELKN----CSFNM-T-TE--LRD-KK-QKV-YSLF-YRLDVVQINENNGNRSNNS--------S-------D-------------------------SKEYRLI---NCNTSAI-T---QA, 2.5690, 0
1.461010, -15.8346, 121, POINT, T, VKLTPLCVTLNCTNVTNNITD-------------------------------------DMRGELKN----CSFNM-T-TE--LRD-KK-QKV-YSLF-YRLDVVQINENNGNRSNNN----N---S---------------------------------TKEYRLI---NCNTSAI-T---QA, 2.6076, 0
1.416668, 1047.1561, 132, POINT, K, VKLTPLCVTLNCTNVTNNITD-------------------------------------DMRGELKN----CSFNM-T-TE--LRD-KK-QKV-YSLF-YRLDVVQINENNGNRSNNS--------N------V--------------------------KKEYRLI---NCNTSAI-T---QA, 2.6080, 0
1.395430, -83.4802, 118, POINT, K, VKLTPLCVTLNCTNVTNNITD-------------------------------------DMRGELKN----CSFNM-T-TE--LRD-KK-QKV-YSLF-YRLDVVQINENNGNRSNNK-S----------------------------------------SKEYRLI---NCNTSAI-T---QA, 1.6145, 0
1.400967, 35.3856, 158, POINT, K, VKLTPLCVTLNCTNVTNNITD-------------------------------------DMRGELKN----CSFNM-T-TE--LRD-KK-QKV-YSLF-YRLDVVQINENNGNRSNNS-----------------------------------------DTKEYRLI---NCNTSAI-T---QA, 1.6225, 0
1.400633, -121.6321, 125, POINT, K, VKLTPLCVTLNCTNVTNNITD-------------------------------------DMRGELKN----CSFNM-T-TE--LRD-KK-QKV-YSLF-YRLDVVQINENNGNRSNNS--------S---------------------------------KKEYRLI---NCNTSAI-T---QA, 1.6151, 0
1.410729, -119.2814, 158, POINT, K, VKLTPLCVTLNCTNVTNNITD-------------------------------------DMRGELKN----CSFNM-T-TE--LRD-KK-QKV-YSLF-YRLDVVQINENNGNRSNNT-----------------------------------------SEKEYRLI---NCNTSAI-T---QA, 1.6139, 0
1.369866, 2585.5293, 122, POINT, K, VKLTPLCVTLNCTNVTNNITD-------------------------------------DMRGELKN----CSFNM-T-TE--LRD-KK-QKV-YSLF-YRLDVVQINENQGNRSNNS-----V------------------------------------NKEYRLI---NCNTSAI-T---QA, 1.6506, 0
1.369866, 2586.6357, 128, POINT, K, VKLTPLCVTLNCTNVTNNITD-------------------------------------DMRGELKN----CSFNM-T-TE--LRD-KK-QKV-YSLF-YRLDVVQINENQGNRSNNS-----------V------------------------------NKEYRLI---NCNTSAI-T---QA, 1.6459, 0
1.351795, -50.8965, 158, POINT, K, VKLTPLCVTLNCTNVTNNITD-------------------------------------DMRGELKN----CSFNM-T-TE--LRD-KK-QKV-YSLF-YRLDVVQINENQGNRSNNS-----------------------------------------KKKEYRLI---NCNTSAI-T---QA, 1.6198, 0
1.395878, -130.8770, 109, POINT, N, VKLTPLCVTLNCTNVTNNITD-------------------------------------DMRGELKN----CSFNM-T-TE--LRD-KK-QKV-YSLF-YRLDVVQINENNGNRSNNS------------------------------------------NKEYRLI---NCNTSAI-T---QA, 0.0099, 0
1.320710, 2582.4813, 158, POINT, K, VKLTPLCVTLQCTNVTNNITD-------------------------------------DMRGELKN----CSFNM-T-TE--LRD-KK-QKV-YSLF-YRLDVVQINENQGNRSNNS-----------------------------------------VNKEYRLI---NCNTSAI-T---QA, 1.6505, 0
1.307312, -77.9062, 121, POINT, K, VKLTPLCVTLQCTNVTNNITD-------------------------------------DMRGELKN----CSFNM-T-TE--LRD-KK-QKV-YSLF-YRLDVVQINENQGNRSNNK----K-------------------------------------TKEYRLI---NCNTSAI-T---QA, 1.6142, 0
1.319930, -49.9409, 118, POINT, K, VKLTPLCVTLQCTNVTNNITD-------------------------------------DMRGELKN----CSFNM-T-TE--LRD-KK-QKV-YSLF-YRLDVVQINENQGNRSNNN-Q----------------------------------------TKEYRLI---NCNTSAI-T---QA, 1.6125, 0
1.361196, -131.1380, 10, POINT, N, VKLTPLCVTLNCTNVTNNITD-------------------------------------DMRGELKN----CSFNM-T-TE--LRD-KK-QKV-YSLF-YRLDVVQINENQGNRSNNS------------------------------------------NKEYRLI---NCNTSAI-T---QA, 0.0000, 1
1.341787, -120.6548, 120, POINT, K, VKLTPLCVTLNCTNVTNNITD-------------------------------------DMRGELKN----CSFNM-T-TE--LRD-KK-QKV-YSLF-YRLDVVQINENQGNRSNNS---K--------------------------------------QKEYRLI---NCNTSAI-T---QA, 1.6168, 1
1.383220, 126.1752, 136, POINT, K, VKLTPLCVTLNCTNVTNNITD-------------------------------------DMRGELKN----CSFNM-T-TE--LRD-KK-QKV-YSLF-YRLDVVQINENQGNRSNNS---S---------------K----------------------SKEYRLI---NCNTSAI-T---QA, 2.5742, 0
1.381985, 833.9917, 143, POINT, K, VKLTPLCVTLNCTNVTNNITD-------------------------------------DMRGELKN----CSFNM-T-TE--LRD-KK-QKV-YSLF-YRLDVVQINENQGNRSNNS---N----------------------V---------------KKEYRLI---NCNTSAI-T---QA, 2.6111, 0
1.381985, 834.6621, 144, POINT, K, VKLTPLCVTLNCTNVTNNITD-------------------------------------DMRGELKN----CSFNM-T-TE--LRD-KK-QKV-YSLF-YRLDVVQINENQGNRSNNS---N-----------------------V--------------KKEYRLI---NCNTSAI-T---QA, 2.6171, 0
1.381985, 833.8609, 131, POINT, K, VKLTPLCVTLNCTNVTNNITD-------------------------------------DMRGELKN----CSFNM-T-TE--LRD-KK-QKV-YSLF-YRLDVVQINENQGNRSNNS---N----------V---------------------------KKEYRLI---NCNTSAI-T---QA, 2.6146, 0
1.369866, 2583.5200, 136, POINT, K, VKLTPLCVTLNCTNVTNNITD-------------------------------------DMRGELKN----CSFNM-T-TE--LRD-KK-QKV-YSLF-YRLDVVQINENQGNRSNNS-------------------V----------------------NKEYRLI---NCNTSAI-T---QA, 1.6538, 0
1.396489, -129.6862, 109, POINT, T, VKLTPLCVTLNCTNVTNNITD-------------------------------------DMRGELKN----CSFNM-T-TE--LRD-KK-QKV-YSLF-YRLDVVQINENTGNRSNNS------------------------------------------NKEYRLI---NCNTSAI-T---QA, 0.0000, 1
1.404779, 2584.7460, 137, POINT, K, VKLTPLCVTLNCTNVTNNITD-------------------------------------DMRGELKN----CSFNM-T-TE--LRD-KK-QKV-YSLF-YRLDVVQINENTGNRSNNS--------------------V---------------------NKEYRLI---NCNTSAI-T---QA, 1.6508, 0
1.406197, 70.0705, 137, POINT, K, VKLTPLCVTLNCTNVTNNITD-------------------------------------DMRGELKN----CSFNM-T-TE--LRD-KK-QKV-YSLF-YRLDVVQINENTGNRSNNS--------------------D---------------------NKEYRLI---NCNTSAI-T---QA, 1.6546, 0
1.376954, -123.1438, 154, POINT, K, VKLTPLCVTLNCTNVTNNITD-------------------------------------DMRGELKN----CSFNM-T-TE--LRD-KK-QKV-YSLF-YRLDVVQINENTGNRSNNS-------------------------------------K----QKEYRLI---NCNTSAI-T---QA, 1.6058, 0
1.430258, -131.0667, 110, POINT, N, VKLTPLCVTLNCTNVTNNITD-------------------------------------DMRGELKN----CSFNM-T-TE--LRD-KK-QKV-YSLF-YRLDVVQINENTNNRSNNS------------------------------------------NKEYRLI---NCNTSAI-T---QA, 0.0000, 1
1.467787, -69.1356, 128, POINT, K, VKLTPLCVTLNCTNVTNNITD-------------------------------------DMRGELKN----CSFNM-T-TE--LRD-KK-QKV-YSLF-YRLDVVQINENTNNRSNNT-----------S------------------------------TKEYRLI---NCNTSAI-T---QA, 1.6148, 0
1.437860, -73.3257, 119, POINT, K, VKLTPLCVTLNCTNVTNNITD-------------------------------------DMRGELKN----CSFNM-T-TE--LRD-KK-QKV-YSLF-YRLDVVQINENTNNRSNNT--E---------------------------------------SKEYRLI---NCNTSAI-T---QA, 1.6303, 0
1.439937, 18.8860, 137, POINT, K, VKLTPLCVTLNCTNVTNNITD-------------------------------------DMRGELKN----CSFNM-T-TE--LRD-KK-QKV-YSLF-YRLDVVQINENTNNRSNNS--------------------D---------------------NKEYRLI---NCNTSAI-T---QA, 1.6532, 0
1.437987, 2583.0232, 152, POINT, K, VKLTPLCVTLNCTNVTNNITD-------------------------------------DMRGELKN----CSFNM-T-TE--LRD-KK-QKV-YSLF-YRLDVVQINENTNNRSNNS-----------------------------------V------NKEYRLI---NCNTSAI-T---QA, 1.6488, 0
1.404779, 2587.3350, 143, POINT, K, VKLTPLCVTLNCTNVTNNITD-------------------------------------DMRGELKN----CSFNM-T-TE--LRD-KK-QKV-YSLF-YRLDVVQINENTGNRSNNS--------------------------V---------------NKEYRLI---NCNTSAI-T---QA, 1.6547, 0
1.391818, -122.8774, 158, POINT, K, VKLTPLCVTLNCTNVTNNITD-------------------------------------DMRGELKN----CSFNM-T-TE--LRD-KK-QKV-YSLF-YRLDVVQINENTGNRSNNK-----------------------------------------KTKEYRLI---NCNTSAI-T---QA, 1.6090, 0
1.406197, -3.8952, 133, POINT, K, VKLTPLCVTLNCTNVTNNITD-------------------------------------DMRGELKN----CSFNM-T-TE--LRD-KK-QKV-YSLF-YRLDVVQINENTGNRSNNS----------------D-------------------------NKEYRLI---NCNTSAI-T---QA, 1.6261, 0
1.404779, 2583.9508, 132, POINT, K, VKLTPLCVTLNCTNVTNNITD-------------------------------------DMRGELKN----CSFNM-T-TE--LRD-KK-QKV-YSLF-YRLDVVQINENTGNRSNNS---------------V--------------------------NKEYRLI---NCNTSAI-T---QA, 1.6506, 0
1.379033, -103.3606, 125, POINT, K, VKLTPLCVTLNCTNVTNNITD-------------------------------------DMRGELKN----CSFNM-T-TE--LRD-KK-QKV-YSLF-YRLDVVQINENQGNRSNNN--------K---------------------------------TKEYRLI---NCNTSAI-T---QA, 1.6118, 0
1.366694, 56.6366, 122, POINT, K, VKLTPLCVTLNCTNVTNNITD-------------------------------------DMRGELKN----CSFNM-T-TE--LRD-KK-QKV-YSLF-YRLDVVQINENQGNRSNNS-----D------------------------------------TKEYRLI---NCNTSAI-T---QA, 1.6253, 0
1.356665, -90.2282, 137, POINT, K, VKLTPLCVTLNCTNVTNNITD-------------------------------------DMRGELKN----CSFNM-T-TE--LRD-KK-QKV-YSLF-YRLDVVQINENQGNRSNNS--------------------E---------------------SKEYRLI---NCNTSAI-T---QA, 1.6206, 0
1.367519, -123.7566, 138, POINT, K, VKLTPLCVTLNCTNVTNNITD-------------------------------------DMRGELKN----CSFNM-T-TE--LRD-KK-QKV-YSLF-YRLDVVQINENQGNRSNNS---------------------K--------------------TKEYRLI---NCNTSAI-T---QA, 1.6088, 1
1.381985, 1064.9667, 143, POINT, K, VKLTPLCVTLNCTNVTNNITD-------------------------------------DMRGELKN----CSFNM-T-TE--LRD-KK-QKV-YSLF-YRLDVVQINENQGNRSNNS---------------------N----V---------------KKEYRLI---NCNTSAI-T---QA, 2.6055, 0
1.411704, 8.2351, 145, POINT, K, VKLTPLCVTLNCTNVTNNITD-------------------------------------DMRGELKN----CSFNM-T-TE--LRD-KK-QKV-YSLF-YRLDVVQINENQGNRSNNS---------------------N------S-------------NKEYRLI---NCNTSAI-T---QA, 2.5593, 0
1.377827, -66.8816, 150, POINT, K, VKLTPLCVTLNCTNVTNNITD-------------------------------------DMRGELKN----CSFNM-T-TE--LRD-KK-QKV-YSLF-YRLDVVQINENQGNRSNNS---------------------S-----------D--------KKEYRLI---NCNTSAI-T---QA, 2.5571, 0
1.381985, 1061.7969, 150, POINT, K, VKLTPLCVTLNCTNVTNNITD-------------------------------------DMRGELKN----CSFNM-T-TE--LRD-KK-QKV-YSLF-YRLDVVQINENQGNRSNNS---------------------N-----------V--------KKEYRLI---NCNTSAI-T---QA, 2.6073, 0
1.371316, 33.2059, 121, POINT, K, VKLTPLCVTLNCTNVTNNITD-------------------------------------DMRGELKN----CSFNM-T-TE--LRD-KK-QKV-YSLF-YRLDVVQINENQGNRSNNS----D-------------------------------------NKEYRLI---NCNTSAI-T---QA, 1.6578, 0
1.357888, -17.9854, 137, POINT, K, VKLTPLCVTLNCTNVTNNITD-------------------------------------DMRGELKN----CSFNM-T-TE--LRD-KK-QKV-YSLF-YRLDVVQINENQGNRSNNS--------------------Q---------------------TKEYRLI---NCNTSAI-T---QA, 1.6166, 0
1.366694, 46.9423, 137, POINT, K, VKLTPLCVTLNCTNVTNNITD-------------------------------------DMRGELKN----CSFNM-T-TE--LRD-KK-QKV-YSLF-YRLDVVQINENQGNRSNNS--------------------D---------------------TKEYRLI---NCNTSAI-T---QA, 1.6190, 0
1.346982, -46.8766, 123, POINT, K, VKLTPLCVTLNCTNVTNNITD-------------------------------------DMRGELKN----CSFNM-T-TE--LRD-KK-QKV-YSLF-YRLDVVQINENQGNRSNNK------K-----------------------------------SKEYRLI---NCNTSAI-T---QA, 1.6133, 0
1.320710, 2585.5218, 154, POINT, K, VKLTPLCVTLQCTNVTNNITD-------------------------------------DMRGELKN----CSFNM-T-TE--LRD-KK-QKV-YSLF-YRLDVVQINENQGNRSNNS-------------------------------------V----NKEYRLI---NCNTSAI-T---QA, 1.6578, 0
1.319570, -83.4099, 153, POINT, K, VKLTPLCVTLQCTNVTNNITD-------------------------------------DMRGELKN----CSFNM-T-TE--LRD-KK-QKV-YSLF-YRLDVVQINENQGNRSNNT------------------------------------S-----QKEYRLI---NCNTSAI-T---QA, 1.6266, 0
1.283831, 7.8471, 158, POINT, K, VKLTPLCVTLQCTNVTNNITD-------------------------------------DMRGELKN----CSFNM-T-TE--LRD-KK-QKV-YSLF-YRLDVVQINENQGNRSNNE-----------------------------------------QSKEYRLI---NCNTSAI-T---QA, 1.6235, 0
1.320710, 3031.9010, 120, POINT, K, VKLTPLCVTLQCTNVTNNITD-------------------------------------DMRGELKN----CSFNM-T-TE--LRD-KK-QKV-YSLF-YRLDVVQINENQGNRSNNS---V--------------------------------------NKEYRLI---NCNTSAI-T---QA, 8.0870, 0
1.316310, -109.7658, 128, POINT, K, VKLTPLCVTLQCTNVTNNITD-------------------------------------DMRGELKN----CSFNM-T-TE--LRD-KK-QKV-YSLF-YRLDVVQINENQGNRSNNE-----------S------------------------------TKEYRLI---NCNTSAI-T---QA, 1.6130, 0
1.304854, -113.9106, 158, POINT, K, VKLTPLCVTLQCTNVTNNITD-------------------------------------DMRGELKN----CSFNM-T-TE--LRD-KK-QKV-YSLF-YRLDVVQINENQGNRSNNE-----------------------------------------KNKEYRLI---NCNTSAI-T---QA, 1.6127, 0
1.320710, -96.3995, 127, POINT, K, VKLTPLCVTLQCTNVTNNITD-------------------------------------DMRGELKN----CSFNM-T-TE--LRD-KK-QKV-YSLF-YRLDVVQINENQGNRSNNS----------V-------------------------------NKEYRLI---NCNTSAI-T---QA, 1.6361, 0
1.361196, -131.1380, 10, POINT, N, VKLTPLCVTLNCTNVTNNITD-------------------------------------DMRGELKN----CSFNM-T-TE--LRD-KK-QKV-YSLF-YRLDVVQINENQGNRSNNS------------------------------------------NKEYRLI---NCNTSAI-T---QA, 0.0000, 1
1.369866, 2584.8250, 158, POINT, K, VKLTPLCVTLNCTNVTNNITD-------------------------------------DMRGELKN----CSFNM-T-TE--LRD-KK-QKV-YSLF-YRLDVVQINENQGNRSNNS-----------------------------------------VNKEYRLI---NCNTSAI-T---QA, 1.6504, 0
1.370199, -77.6616, 117, POINT, K, VKLTPLCVTLNCTNVTNNITD-------------------------------------DMRGELKN----CSFNM-T-TE--LRD-KK-QKV-YSLF-YRLDVVQINENQGNRSNNTK-----------------------------------------SKEYRLI---NCNTSAI-T---QA, 1.6267, 0
1.369866, 2583.2550, 134, POINT, K, VKLTPLCVTLNCTNVTNNITD-------------------------------------DMRGELKN----CSFNM-T-TE--LRD-KK-QKV-YSLF-YRLDVVQINENQGNRSNNS-----------------V------------------------NKEYRLI---NCNTSAI-T---QA, 1.6522, 0
1.369866, 2584.2214, 122, POINT, K, VKLTPLCVTLNCTNVTNNITD-------------------------------------DMRGELKN----CSFNM-T-TE--LRD-KK-QKV-YSLF-YRLDVVQINENQGNRSNNS-----V------------------------------------NKEYRLI---NCNTSAI-T---QA, 1.6496, 0
1.320710, 2582.9759, 158, POINT, K, VKLTPLCVTLQCTNVTNNITD-------------------------------------DMRGELKN----CSFNM-T-TE--LRD-KK-QKV-YSLF-YRLDVVQINENQGNRSNNS-----------------------------------------VNKEYRLI---NCNTSAI-T---QA, 1.6489, 0
1.287952, -103.6698, 128, POINT, K, VKLTPLCVTLQCTNVTNNITD-------------------------------------DMRGELKN----CSFNM-T-TE--LRD-KK-QKV-YSLF-YRLDVVQINENQGNRSNNK-----------Q------------------------------SKEYRLI---NCNTSAI-T---QA, 1.6295, 0
1.288834, -47.3330, 119, POINT, K, VKLTPLCVTLQCTNVTNNITD-------------------------------------DMRGELKN----CSFNM-T-TE--LRD-KK-QKV-YSLF-YRLDVVQINENQGNRSNNK--K---------------------------------------EKEYRLI---NCNTSAI-T---QA, 1.6151, 0
1.321043, -78.3679, 125, POINT, K, VKLTPLCVTLQCTNVTNNITD-------------------------------------DMRGELKN----CSFNM-T-TE--LRD-KK-QKV-YSLF-YRLDVVQINENQGNRSNNT--------K---------------------------------SKEYRLI---NCNTSAI-T---QA, 1.6243, 0
