Name base = V1V2_200_exp_9_4_ni
Iters = 200
Soft coverage = 0.284621885725
Energy = -132.318319023
Hard Covereage = 0.0368019545157
Num epitopes = 65
Initial seq = VKLTPLCVTLQCTNVTNNITD-------------------------------------DMRGELKN----CSFNM-T-TE--LRD-KK-QKV-YSLF-YRLDVVQINENQGNRSNNS------------------------------------------NKEYRLI---NCNTSAI-T---QA
-------START OF DATA------
0.294594, -84.1609, 74, POINT, I, VKLTPLCVTLQCTNVTNNITD-------------------------------------DMRGELKN----CSFNI-T-TE--LRD-KK-QKV-YSLF-YRLDVVQINENQGNRSNNS------------------------------------------NKEYRLI---NCNTSAI-T---QA, 0.6917, 0
0.306275, -129.1673, [10, 14], CHUNK, ['N', 'C'], VKLTPLCVTLNCTNCTNNITD-------------------------------------DMRGELKN----CSFNM-T-TE--LRD-KK-QKV-YSLF-YRLDVVQINENQGNRSNNS------------------------------------------NKEYRLI---NCNTSAI-T---QA, 0.0000, 0
0.291904, -110.2088, [174], CHUNK, ['V'], VKLTPLCVTLQCTNVTNNITD-------------------------------------DMRGELKN----CSFNM-T-TE--LRD-KK-QKV-YSLF-YRLDVVQINENQGNRSNNS------------------------------------------NKEYRLI---NCNTSVI-T---QA, 0.3516, 0
0.298872, -131.4731, [10, 12], CHUNK, ['N', 'S'], VKLTPLCVTLNCSNVTNNITD-------------------------------------DMRGELKN----CSFNM-T-TE--LRD-KK-QKV-YSLF-YRLDVVQINENQGNRSNNS------------------------------------------NKEYRLI---NCNTSAI-T---QA, 0.0000, 1
0.307059, -101.6102, [74, 79], CHUNK, ['I', 'S'], VKLTPLCVTLNCSNVTNNITD-------------------------------------DMRGELKN----CSFNI-T-TS--LRD-KK-QKV-YSLF-YRLDVVQINENQGNRSNNS------------------------------------------NKEYRLI---NCNTSAI-T---QA, 0.3392, 0
0.320115, -128.1786, [91, 94, 99], CHUNK, ['E', 'A', 'K'], VKLTPLCVTLNCSNVTNNITD-------------------------------------DMRGELKN----CSFNM-T-TE--LRD-KK-QKE-YALF-YKLDVVQINENQGNRSNNS------------------------------------------NKEYRLI---NCNTSAI-T---QA, 0.0000, 1
0.327398, -110.1261, [174], CHUNK, ['V'], VKLTPLCVTLNCSNVTNNITD-------------------------------------DMRGELKN----CSFNM-T-TE--LRD-KK-QKE-YALF-YKLDVVQINENQGNRSNNS------------------------------------------NKEYRLI---NCNTSVI-T---QA, 0.3302, 0
0.327398, -108.1412, 174, POINT, V, VKLTPLCVTLNCSNVTNNITD-------------------------------------DMRGELKN----CSFNM-T-TE--LRD-KK-QKE-YALF-YKLDVVQINENQGNRSNNS------------------------------------------NKEYRLI---NCNTSVI-T---QA, 0.4027, 0
0.322466, -125.3504, 58, POINT, T, VKLTPLCVTLNCSNVTNNITD-------------------------------------TMRGELKN----CSFNM-T-TE--LRD-KK-QKE-YALF-YKLDVVQINENQGNRSNNS------------------------------------------NKEYRLI---NCNTSAI-T---QA, 0.0000, 1
0.331882, -126.5297, 12, POINT, T, VKLTPLCVTLNCTNVTNNITD-------------------------------------TMRGELKN----CSFNM-T-TE--LRD-KK-QKE-YALF-YKLDVVQINENQGNRSNNS------------------------------------------NKEYRLI---NCNTSAI-T---QA, 0.0119, 0
0.331102, -125.5023, [104, 106, 107], CHUNK, ['P', 'D', 'N'], VKLTPLCVTLNCSNVTNNITD-------------------------------------TMRGELKN----CSFNM-T-TE--LRD-KK-QKE-YALF-YKLDVVPIDNNQGNRSNNS------------------------------------------NKEYRLI---NCNTSAI-T---QA, 0.0000, 0
0.326677, -124.5504, 161, POINT, S, VKLTPLCVTLNCSNVTNNITD-------------------------------------TMRGELKN----CSFNM-T-TE--LRD-KK-QKE-YALF-YKLDVVQINENQGNRSNNS------------------------------------------NKSYRLI---NCNTSAI-T---QA, 0.0000, 1
0.333952, -123.1163, [63], CHUNK, ['I'], VKLTPLCVTLNCSNVTNNITD-------------------------------------TMRGEIKN----CSFNM-T-TE--LRD-KK-QKE-YALF-YKLDVVQINENQGNRSNNS------------------------------------------NKSYRLI---NCNTSAI-T---QA, 0.0215, 0
0.331100, -124.6476, [104], CHUNK, ['P'], VKLTPLCVTLNCSNVTNNITD-------------------------------------TMRGELKN----CSFNM-T-TE--LRD-KK-QKE-YALF-YKLDVVPINENQGNRSNNS------------------------------------------NKSYRLI---NCNTSAI-T---QA, 0.0000, 0
0.331100, -125.2275, 104, POINT, P, VKLTPLCVTLNCSNVTNNITD-------------------------------------TMRGELKN----CSFNM-T-TE--LRD-KK-QKE-YALF-YKLDVVPINENQGNRSNNS------------------------------------------NKSYRLI---NCNTSAI-T---QA, 0.0246, 0
0.327924, -122.4876, 60, POINT, K, VKLTPLCVTLNCSNVTNNITD-------------------------------------TMKGELKN----CSFNM-T-TE--LRD-KK-QKE-YALF-YKLDVVQINENQGNRSNNS------------------------------------------NKSYRLI---NCNTSAI-T---QA, 0.0000, 0
0.336226, -19.2962, [74, 82], CHUNK, ['I', 'I'], VKLTPLCVTLNCSNVTNNITD-------------------------------------TMRGELKN----CSFNI-T-TE--IRD-KK-QKE-YALF-YKLDVVQINENQGNRSNNS------------------------------------------NKEYRLI---NCNTSAI-T---QA, 0.3153, 0
0.329741, -123.6242, 63, POINT, I, VKLTPLCVTLNCSNVTNNITD-------------------------------------TMRGEIKN----CSFNM-T-TE--LRD-KK-QKE-YALF-YKLDVVQINENQGNRSNNS------------------------------------------NKEYRLI---NCNTSAI-T---QA, 0.0000, 1
0.341134, -114.2687, 74, POINT, I, VKLTPLCVTLNCSNVTNNITD-------------------------------------TMRGEIKN----CSFNI-T-TE--LRD-KK-QKE-YALF-YKLDVVQINENQGNRSNNS------------------------------------------NKEYRLI---NCNTSAI-T---QA, 0.1132, 0
0.337023, -106.5894, [174], CHUNK, ['V'], VKLTPLCVTLNCSNVTNNITD-------------------------------------TMRGEIKN----CSFNM-T-TE--LRD-KK-QKE-YALF-YKLDVVQINENQGNRSNNS------------------------------------------NKEYRLI---NCNTSVI-T---QA, 0.5560, 0
0.344923, -22.8381, [74, 82], CHUNK, ['I', 'I'], VKLTPLCVTLNCSNVTNNITD-------------------------------------TMRGEIKN----CSFNI-T-TE--IRD-KK-QKE-YALF-YKLDVVQINENQGNRSNNS------------------------------------------NKEYRLI---NCNTSAI-T---QA, 0.3333, 0
0.334385, -112.3703, 74, POINT, V, VKLTPLCVTLNCSNVTNNITD-------------------------------------TMRGEIKN----CSFNV-T-TE--LRD-KK-QKE-YALF-YKLDVVQINENQGNRSNNS------------------------------------------NKEYRLI---NCNTSAI-T---QA, 0.3284, 0
0.334572, -124.4899, [160, 161], CHUNK, ['T', 'S'], VKLTPLCVTLNCSNVTNNITD-------------------------------------TMRGELKN----CSFNM-T-TE--LRD-KK-QKE-YALF-YKLDVVQINENQGNRSNNS------------------------------------------NTSYRLI---NCNTSAI-T---QA, 0.0498, 0
0.332437, -116.1538, [74], CHUNK, ['I'], VKLTPLCVTLNCSNVTNNITD-------------------------------------TMRGELKN----CSFNI-T-TE--LRD-KK-QKE-YALF-YKLDVVQINENQGNRSNNS------------------------------------------NKEYRLI---NCNTSAI-T---QA, 0.1100, 0
0.334572, -124.4630, [160, 161], CHUNK, ['T', 'S'], VKLTPLCVTLNCSNVTNNITD-------------------------------------TMRGELKN----CSFNM-T-TE--LRD-KK-QKE-YALF-YKLDVVQINENQGNRSNNS------------------------------------------NTSYRLI---NCNTSAI-T---QA, 0.0000, 0
0.332396, -114.6613, [74, 79], CHUNK, ['I', 'N'], VKLTPLCVTLNCSNVTNNITD-------------------------------------TMRGELKN----CSFNI-T-TN--LRD-KK-QKE-YALF-YKLDVVQINENQGNRSNNS------------------------------------------NKEYRLI---NCNTSAI-T---QA, 0.1420, 0
0.329532, -128.9334, [12], CHUNK, ['T'], VKLTPLCVTLNCTNVTNNITD-------------------------------------DMRGELKN----CSFNM-T-TE--LRD-KK-QKE-YALF-YKLDVVQINENQGNRSNNS------------------------------------------NKEYRLI---NCNTSAI-T---QA, 0.0000, 0
0.332222, -127.2912, [160, 161], CHUNK, ['T', 'S'], VKLTPLCVTLNCSNVTNNITD-------------------------------------DMRGELKN----CSFNM-T-TE--LRD-KK-QKE-YALF-YKLDVVQINENQGNRSNNS------------------------------------------NTSYRLI---NCNTSAI-T---QA, 0.0000, 1
0.342194, -119.0818, [74], CHUNK, ['I'], VKLTPLCVTLNCSNVTNNITD-------------------------------------DMRGELKN----CSFNI-T-TE--LRD-KK-QKE-YALF-YKLDVVQINENQGNRSNNS------------------------------------------NTSYRLI---NCNTSAI-T---QA, 0.1273, 0
0.342194, -122.0890, [74], CHUNK, ['I'], VKLTPLCVTLNCSNVTNNITD-------------------------------------DMRGELKN----CSFNI-T-TE--LRD-KK-QKE-YALF-YKLDVVQINENQGNRSNNS------------------------------------------NTSYRLI---NCNTSAI-T---QA, 0.1073, 1
0.344969, -118.8438, 20, POINT, T, VKLTPLCVTLNCSNVTNNITT-------------------------------------DMRGELKN----CSFNI-T-TE--LRD-KK-QKE-YALF-YKLDVVQINENQGNRSNNS------------------------------------------NTSYRLI---NCNTSAI-T---QA, 0.1060, 1
0.353643, -117.3213, [63], CHUNK, ['I'], VKLTPLCVTLNCSNVTNNITT-------------------------------------DMRGEIKN----CSFNI-T-TE--LRD-KK-QKE-YALF-YKLDVVQINENQGNRSNNS------------------------------------------NTSYRLI---NCNTSAI-T---QA, 0.1060, 0
0.345395, -112.9372, 58, POINT, I, VKLTPLCVTLNCSNVTNNITT-------------------------------------IMRGELKN----CSFNI-T-TE--LRD-KK-QKE-YALF-YKLDVVQINENQGNRSNNS------------------------------------------NTSYRLI---NCNTSAI-T---QA, 0.1783, 0
0.353606, -119.4406, [104, 106, 107], CHUNK, ['P', 'D', 'N'], VKLTPLCVTLNCSNVTNNITT-------------------------------------DMRGELKN----CSFNI-T-TE--LRD-KK-QKE-YALF-YKLDVVPIDNNQGNRSNNS------------------------------------------NTSYRLI---NCNTSAI-T---QA, 0.1562, 0
0.347702, -117.2137, 63, POINT, M, VKLTPLCVTLNCSNVTNNITT-------------------------------------DMRGEMKN----CSFNI-T-TE--LRD-KK-QKE-YALF-YKLDVVQINENQGNRSNNS------------------------------------------NTSYRLI---NCNTSAI-T---QA, 0.0986, 1
0.351491, -21.2597, 82, POINT, I, VKLTPLCVTLNCSNVTNNITT-------------------------------------DMRGEMKN----CSFNI-T-TE--IRD-KK-QKE-YALF-YKLDVVQINENQGNRSNNS------------------------------------------NTSYRLI---NCNTSAI-T---QA, 0.4974, 0
0.353643, -117.5702, 63, POINT, I, VKLTPLCVTLNCSNVTNNITT-------------------------------------DMRGEIKN----CSFNI-T-TE--LRD-KK-QKE-YALF-YKLDVVQINENQGNRSNNS------------------------------------------NTSYRLI---NCNTSAI-T---QA, 0.1109, 1
0.363122, -118.3204, [12], CHUNK, ['T'], VKLTPLCVTLNCTNVTNNITT-------------------------------------DMRGEIKN----CSFNI-T-TE--LRD-KK-QKE-YALF-YKLDVVQINENQGNRSNNS------------------------------------------NTSYRLI---NCNTSAI-T---QA, 0.1109, 0
0.358066, -117.7834, 104, POINT, P, VKLTPLCVTLNCSNVTNNITT-------------------------------------DMRGEIKN----CSFNI-T-TE--LRD-KK-QKE-YALF-YKLDVVPINENQGNRSNNS------------------------------------------NTSYRLI---NCNTSAI-T---QA, 0.1109, 0
0.357255, -117.6825, 107, POINT, N, VKLTPLCVTLNCSNVTNNITT-------------------------------------DMRGEIKN----CSFNI-T-TE--LRD-KK-QKE-YALF-YKLDVVQINNNQGNRSNNS------------------------------------------NTSYRLI---NCNTSAI-T---QA, 0.1109, 0
0.354362, -116.6369, 104, POINT, S, VKLTPLCVTLNCSNVTNNITT-------------------------------------DMRGEIKN----CSFNI-T-TE--LRD-KK-QKE-YALF-YKLDVVSINENQGNRSNNS------------------------------------------NTSYRLI---NCNTSAI-T---QA, 0.1109, 1
0.358343, -117.0554, 58, POINT, N, VKLTPLCVTLNCSNVTNNITT-------------------------------------NMRGEIKN----CSFNI-T-TE--LRD-KK-QKE-YALF-YKLDVVSINENQGNRSNNS------------------------------------------NTSYRLI---NCNTSAI-T---QA, 0.1129, 0
0.361644, -100.5535, 174, POINT, V, VKLTPLCVTLNCSNVTNNITT-------------------------------------DMRGEIKN----CSFNI-T-TE--LRD-KK-QKE-YALF-YKLDVVSINENQGNRSNNS------------------------------------------NTSYRLI---NCNTSVI-T---QA, 0.2107, 0
0.355424, -117.1503, 59, POINT, E, VKLTPLCVTLNCSNVTNNITT-------------------------------------DERGEIKN----CSFNI-T-TE--LRD-KK-QKE-YALF-YKLDVVSINENQGNRSNNS------------------------------------------NTSYRLI---NCNTSAI-T---QA, 0.1114, 1
0.359214, 1.3760, 82, POINT, I, VKLTPLCVTLNCSNVTNNITT-------------------------------------DERGEIKN----CSFNI-T-TE--IRD-KK-QKE-YALF-YKLDVVSINENQGNRSNNS------------------------------------------NTSYRLI---NCNTSAI-T---QA, 0.2063, 0
0.357126, -116.9196, 109, POINT, D, VKLTPLCVTLNCSNVTNNITT-------------------------------------DERGEIKN----CSFNI-T-TE--LRD-KK-QKE-YALF-YKLDVVSINENDGNRSNNS------------------------------------------NTSYRLI---NCNTSAI-T---QA, 0.1114, 0
0.364903, -117.9476, 12, POINT, T, VKLTPLCVTLNCTNVTNNITT-------------------------------------DERGEIKN----CSFNI-T-TE--LRD-KK-QKE-YALF-YKLDVVSINENQGNRSNNS------------------------------------------NTSYRLI---NCNTSAI-T---QA, 0.1290, 0
0.362707, -99.3514, [174], CHUNK, ['V'], VKLTPLCVTLNCSNVTNNITT-------------------------------------DERGEIKN----CSFNI-T-TE--LRD-KK-QKE-YALF-YKLDVVSINENQGNRSNNS------------------------------------------NTSYRLI---NCNTSVI-T---QA, 0.3103, 0
0.357871, -116.7492, 107, POINT, N, VKLTPLCVTLNCSNVTNNITT-------------------------------------DMRGEIKN----CSFNI-T-TE--LRD-KK-QKE-YALF-YKLDVVSINNNQGNRSNNS------------------------------------------NTSYRLI---NCNTSAI-T---QA, 0.1109, 1
0.358923, -116.2985, 58, POINT, E, VKLTPLCVTLNCSNVTNNITT-------------------------------------EMRGEIKN----CSFNI-T-TE--LRD-KK-QKE-YALF-YKLDVVSINNNQGNRSNNS------------------------------------------NTSYRLI---NCNTSAI-T---QA, 0.1109, 0
0.360872, -114.9405, 18, POINT, N, VKLTPLCVTLNCSNVTNNNTT-------------------------------------DMRGEIKN----CSFNI-T-TE--LRD-KK-QKE-YALF-YKLDVVSINNNQGNRSNNS------------------------------------------NTSYRLI---NCNTSAI-T---QA, 0.1635, 0
0.360872, -114.5938, 18, POINT, N, VKLTPLCVTLNCSNVTNNNTT-------------------------------------DMRGEIKN----CSFNI-T-TE--LRD-KK-QKE-YALF-YKLDVVSINNNQGNRSNNS------------------------------------------NTSYRLI---NCNTSAI-T---QA, 0.1217, 0
0.364506, -117.6484, [12, 13], CHUNK, ['T', 'D'], VKLTPLCVTLNCTDVTNNITT-------------------------------------DMRGEIKN----CSFNI-T-TE--LRD-KK-QKE-YALF-YKLDVVSINNNQGNRSNNS------------------------------------------NTSYRLI---NCNTSAI-T---QA, 0.1109, 0
0.363081, -93.1934, [169, 174], CHUNK, ['S', 'V'], VKLTPLCVTLNCSNVTNNITT-------------------------------------DMRGEIKN----CSFNI-T-TE--LRD-KK-QKE-YALF-YKLDVVSINENQGNRSNNS------------------------------------------NTSYRLI---SCNTSVI-T---QA, 0.2543, 0
0.357363, -114.2849, 18, POINT, N, VKLTPLCVTLNCSNVTNNNTT-------------------------------------DMRGEIKN----CSFNI-T-TE--LRD-KK-QKE-YALF-YKLDVVSINENQGNRSNNS------------------------------------------NTSYRLI---NCNTSAI-T---QA, 0.1109, 0
0.363081, -98.8046, [169, 174], CHUNK, ['S', 'V'], VKLTPLCVTLNCSNVTNNITT-------------------------------------DMRGEIKN----CSFNI-T-TE--LRD-KK-QKE-YALF-YKLDVVSINENQGNRSNNS------------------------------------------NTSYRLI---SCNTSVI-T---QA, 0.5264, 0
0.356151, -115.9957, 116, POINT, N, VKLTPLCVTLNCSNVTNNITT-------------------------------------DMRGEIKN----CSFNI-T-TE--LRD-KK-QKE-YALF-YKLDVVSINENQGNRSNNN------------------------------------------NTSYRLI---NCNTSAI-T---QA, 0.1114, 0
0.360926, -98.7139, [174], CHUNK, ['V'], VKLTPLCVTLNCSNVTNNITT-------------------------------------DMRGEIKN----CSFNI-T-TE--LRD-KK-QKE-YALF-YKLDVVQINENQGNRSNNS------------------------------------------NTSYRLI---NCNTSVI-T---QA, 0.2991, 0
0.355812, -115.7060, 174, POINT, T, VKLTPLCVTLNCSNVTNNITT-------------------------------------DMRGEIKN----CSFNI-T-TE--LRD-KK-QKE-YALF-YKLDVVQINENQGNRSNNS------------------------------------------NTSYRLI---NCNTSTI-T---QA, 0.1109, 0
0.360926, -93.3738, [174], CHUNK, ['V'], VKLTPLCVTLNCSNVTNNITT-------------------------------------DMRGEIKN----CSFNI-T-TE--LRD-KK-QKE-YALF-YKLDVVQINENQGNRSNNS------------------------------------------NTSYRLI---NCNTSVI-T---QA, 0.4181, 0
0.355946, -119.7117, [18, 20], CHUNK, ['T', 'N'], VKLTPLCVTLNCSNVTNNTTN-------------------------------------DMRGEIKN----CSFNI-T-TE--LRD-KK-QKE-YALF-YKLDVVQINENQGNRSNNS------------------------------------------NTSYRLI---NCNTSAI-T---QA, 0.1109, 0
0.352125, -117.3238, 104, POINT, P, VKLTPLCVTLNCSNVTNNITT-------------------------------------DMRGEMKN----CSFNI-T-TE--LRD-KK-QKE-YALF-YKLDVVPINENQGNRSNNS------------------------------------------NTSYRLI---NCNTSAI-T---QA, 0.0986, 0
0.354984, -96.9690, [174], CHUNK, ['V'], VKLTPLCVTLNCSNVTNNITT-------------------------------------DMRGEMKN----CSFNI-T-TE--LRD-KK-QKE-YALF-YKLDVVQINENQGNRSNNS------------------------------------------NTSYRLI---NCNTSVI-T---QA, 0.2944, 0
0.356422, -92.9085, [169, 174], CHUNK, ['S', 'V'], VKLTPLCVTLNCSNVTNNITT-------------------------------------DMRGEMKN----CSFNI-T-TE--LRD-KK-QKE-YALF-YKLDVVQINENQGNRSNNS------------------------------------------NTSYRLI---SCNTSVI-T---QA, 0.3923, 0
0.353643, -117.6081, 63, POINT, I, VKLTPLCVTLNCSNVTNNITT-------------------------------------DMRGEIKN----CSFNI-T-TE--LRD-KK-QKE-YALF-YKLDVVQINENQGNRSNNS------------------------------------------NTSYRLI---NCNTSAI-T---QA, 0.1030, 0
0.351414, -116.6540, [12, 14, 15], CHUNK, ['T', 'A', 'N'], VKLTPLCVTLNCTNANNNITT-------------------------------------DMRGELKN----CSFNI-T-TE--LRD-KK-QKE-YALF-YKLDVVQINENQGNRSNNS------------------------------------------NTSYRLI---NCNTSAI-T---QA, 0.1060, 0
0.353643, -117.3213, 63, POINT, I, VKLTPLCVTLNCSNVTNNITT-------------------------------------DMRGEIKN----CSFNI-T-TE--LRD-KK-QKE-YALF-YKLDVVQINENQGNRSNNS------------------------------------------NTSYRLI---NCNTSAI-T---QA, 0.1060, 1
0.355812, -115.1888, [174], CHUNK, ['T'], VKLTPLCVTLNCSNVTNNITT-------------------------------------DMRGEIKN----CSFNI-T-TE--LRD-KK-QKE-YALF-YKLDVVQINENQGNRSNNS------------------------------------------NTSYRLI---NCNTSTI-T---QA, 0.1071, 0
0.360926, -99.1564, [174], CHUNK, ['V'], VKLTPLCVTLNCSNVTNNITT-------------------------------------DMRGEIKN----CSFNI-T-TE--LRD-KK-QKE-YALF-YKLDVVQINENQGNRSNNS------------------------------------------NTSYRLI---NCNTSVI-T---QA, 0.3387, 0
0.354970, -114.9534, 60, POINT, K, VKLTPLCVTLNCSNVTNNITT-------------------------------------DMKGEIKN----CSFNI-T-TE--LRD-KK-QKE-YALF-YKLDVVQINENQGNRSNNS------------------------------------------NTSYRLI---NCNTSAI-T---QA, 0.1060, 0
0.360926, -102.2255, [174], CHUNK, ['V'], VKLTPLCVTLNCSNVTNNITT-------------------------------------DMRGEIKN----CSFNI-T-TE--LRD-KK-QKE-YALF-YKLDVVQINENQGNRSNNS------------------------------------------NTSYRLI---NCNTSVI-T---QA, 0.2509, 0
0.349392, -119.0945, 104, POINT, P, VKLTPLCVTLNCSNVTNNITT-------------------------------------DMRGELKN----CSFNI-T-TE--LRD-KK-QKE-YALF-YKLDVVPINENQGNRSNNS------------------------------------------NTSYRLI---NCNTSAI-T---QA, 0.1172, 1
0.359719, -111.1798, [58, 59, 60, 63], CHUNK, ['M', 'D', 'T', 'I'], VKLTPLCVTLNCSNVTNNITT-------------------------------------MDTGEIKN----CSFNI-T-TE--LRD-KK-QKE-YALF-YKLDVVPINENQGNRSNNS------------------------------------------NTSYRLI---NCNTSAI-T---QA, 0.1390, 0
0.358112, -93.4185, [169, 174], CHUNK, ['S', 'V'], VKLTPLCVTLNCSNVTNNITT-------------------------------------DMRGELKN----CSFNI-T-TE--LRD-KK-QKE-YALF-YKLDVVPINENQGNRSNNS------------------------------------------NTSYRLI---SCNTSVI-T---QA, 0.1856, 0
0.353316, -120.1105, 58, POINT, N, VKLTPLCVTLNCSNVTNNITT-------------------------------------NMRGELKN----CSFNI-T-TE--LRD-KK-QKE-YALF-YKLDVVPINENQGNRSNNS------------------------------------------NTSYRLI---NCNTSAI-T---QA, 0.1501, 0
0.358871, -119.6578, 12, POINT, T, VKLTPLCVTLNCTNVTNNITT-------------------------------------DMRGELKN----CSFNI-T-TE--LRD-KK-QKE-YALF-YKLDVVPINENQGNRSNNS------------------------------------------NTSYRLI---NCNTSAI-T---QA, 0.1172, 0
0.353643, -117.3213, 63, POINT, I, VKLTPLCVTLNCSNVTNNITT-------------------------------------DMRGEIKN----CSFNI-T-TE--LRD-KK-QKE-YALF-YKLDVVQINENQGNRSNNS------------------------------------------NTSYRLI---NCNTSAI-T---QA, 0.1060, 1
0.360962, -117.9214, [104, 106, 107, 108, 109, 110], CHUNK, ['S', 'D', 'N', 'D', 'N', 'K'], VKLTPLCVTLNCSNVTNNITT-------------------------------------DMRGEIKN----CSFNI-T-TE--LRD-KK-QKE-YALF-YKLDVVSIDNDNKNRSNNS------------------------------------------NTSYRLI---NCNTSAI-T---QA, 0.1304, 0
0.360926, -102.6044, [174], CHUNK, ['V'], VKLTPLCVTLNCSNVTNNITT-------------------------------------DMRGEIKN----CSFNI-T-TE--LRD-KK-QKE-YALF-YKLDVVQINENQGNRSNNS------------------------------------------NTSYRLI---NCNTSVI-T---QA, 0.2766, 0
0.360926, -102.1601, [174], CHUNK, ['V'], VKLTPLCVTLNCSNVTNNITT-------------------------------------DMRGEIKN----CSFNI-T-TE--LRD-KK-QKE-YALF-YKLDVVQINENQGNRSNNS------------------------------------------NTSYRLI---NCNTSVI-T---QA, 0.3820, 0
0.357624, -118.0560, 58, POINT, N, VKLTPLCVTLNCSNVTNNITT-------------------------------------NMRGEIKN----CSFNI-T-TE--LRD-KK-QKE-YALF-YKLDVVQINENQGNRSNNS------------------------------------------NTSYRLI---NCNTSAI-T---QA, 0.1504, 0
0.345865, -119.8138, 59, POINT, E, VKLTPLCVTLNCSNVTNNITT-------------------------------------DERGELKN----CSFNI-T-TE--LRD-KK-QKE-YALF-YKLDVVQINENQGNRSNNS------------------------------------------NTSYRLI---NCNTSAI-T---QA, 0.1212, 0
0.347702, -116.9908, 63, POINT, M, VKLTPLCVTLNCSNVTNNITT-------------------------------------DMRGEMKN----CSFNI-T-TE--LRD-KK-QKE-YALF-YKLDVVQINENQGNRSNNS------------------------------------------NTSYRLI---NCNTSAI-T---QA, 0.1051, 1
0.349977, -115.4605, 18, POINT, T, VKLTPLCVTLNCSNVTNNTTT-------------------------------------DMRGEMKN----CSFNI-T-TE--LRD-KK-QKE-YALF-YKLDVVQINENQGNRSNNS------------------------------------------NTSYRLI---NCNTSAI-T---QA, 0.1051, 0
0.351313, -117.1033, 107, POINT, N, VKLTPLCVTLNCSNVTNNITT-------------------------------------DMRGEMKN----CSFNI-T-TE--LRD-KK-QKE-YALF-YKLDVVQINNNQGNRSNNS------------------------------------------NTSYRLI---NCNTSAI-T---QA, 0.1051, 0
0.356700, -47.6698, [79, 82, 87], CHUNK, ['N', 'I', 'V'], VKLTPLCVTLNCSNVTNNITT-------------------------------------DMRGEMKN----CSFNI-T-TN--IRD-KV-QKE-YALF-YKLDVVQINENQGNRSNNS------------------------------------------NTSYRLI---NCNTSAI-T---QA, 0.3347, 0
0.356422, -95.0386, [169, 174], CHUNK, ['S', 'V'], VKLTPLCVTLNCSNVTNNITT-------------------------------------DMRGEMKN----CSFNI-T-TE--LRD-KK-QKE-YALF-YKLDVVQINENQGNRSNNS------------------------------------------NTSYRLI---SCNTSVI-T---QA, 0.2430, 0
0.347983, -116.4945, 18, POINT, N, VKLTPLCVTLNCSNVTNNNTT-------------------------------------DMRGELKN----CSFNI-T-TE--LRD-KK-QKE-YALF-YKLDVVQINENQGNRSNNS------------------------------------------NTSYRLI---NCNTSAI-T---QA, 0.1060, 0
0.354970, -114.9534, [60, 63], CHUNK, ['K', 'I'], VKLTPLCVTLNCSNVTNNITT-------------------------------------DMKGEIKN----CSFNI-T-TE--LRD-KK-QKE-YALF-YKLDVVQINENQGNRSNNS------------------------------------------NTSYRLI---NCNTSAI-T---QA, 0.1060, 1
0.364448, -115.7061, [12], CHUNK, ['T'], VKLTPLCVTLNCTNVTNNITT-------------------------------------DMKGEIKN----CSFNI-T-TE--LRD-KK-QKE-YALF-YKLDVVQINENQGNRSNNS------------------------------------------NTSYRLI---NCNTSAI-T---QA, 0.1060, 0
0.358122, -113.0345, 18, POINT, N, VKLTPLCVTLNCSNVTNNNTT-------------------------------------DMKGEIKN----CSFNI-T-TE--LRD-KK-QKE-YALF-YKLDVVQINENQGNRSNNS------------------------------------------NTSYRLI---NCNTSAI-T---QA, 0.1185, 0
0.363689, -96.7125, [169, 174], CHUNK, ['S', 'V'], VKLTPLCVTLNCSNVTNNITT-------------------------------------DMKGEIKN----CSFNI-T-TE--LRD-KK-QKE-YALF-YKLDVVQINENQGNRSNNS------------------------------------------NTSYRLI---SCNTSVI-T---QA, 0.3437, 0
0.363689, -91.1000, [169, 174], CHUNK, ['S', 'V'], VKLTPLCVTLNCSNVTNNITT-------------------------------------DMKGEIKN----CSFNI-T-TE--LRD-KK-QKE-YALF-YKLDVVQINENQGNRSNNS------------------------------------------NTSYRLI---SCNTSVI-T---QA, 0.3282, 0
0.345064, -117.8283, 59, POINT, G, VKLTPLCVTLNCSNVTNNITT-------------------------------------DGRGELKN----CSFNI-T-TE--LRD-KK-QKE-YALF-YKLDVVQINENQGNRSNNS------------------------------------------NTSYRLI---NCNTSAI-T---QA, 0.1289, 0
0.345865, -119.6148, 59, POINT, E, VKLTPLCVTLNCSNVTNNITT-------------------------------------DERGELKN----CSFNI-T-TE--LRD-KK-QKE-YALF-YKLDVVQINENQGNRSNNS------------------------------------------NTSYRLI---NCNTSAI-T---QA, 0.1338, 0
0.349392, -118.9425, 104, POINT, P, VKLTPLCVTLNCSNVTNNITT-------------------------------------DMRGELKN----CSFNI-T-TE--LRD-KK-QKE-YALF-YKLDVVPINENQGNRSNNS------------------------------------------NTSYRLI---NCNTSAI-T---QA, 0.1060, 0
0.353643, -117.3213, 63, POINT, I, VKLTPLCVTLNCSNVTNNITT-------------------------------------DMRGEIKN----CSFNI-T-TE--LRD-KK-QKE-YALF-YKLDVVQINENQGNRSNNS------------------------------------------NTSYRLI---NCNTSAI-T---QA, 0.1060, 0
