Name base = V1V2_200_exp_3_7_ni
Iters = 200
Soft coverage = 0.284621885725
Energy = -131.849395999
Hard Covereage = 0.0368019545157
Num epitopes = 65
Initial seq = VKLTPLCVTLQCTNVTNNITD-------------------------------------DMRGELKN----CSFNM-T-TE--LRD-KK-QKV-YSLF-YRLDVVQINENQGNRSNNS------------------------------------------NKEYRLI---NCNTSAI-T---QA
-------START OF DATA------
0.296864, -127.4062, [10, 13, 14, 15, 16], CHUNK, ['N', 'D', 'I', 'A', 'G'], VKLTPLCVTLNCTDIAGNITD-------------------------------------DMRGELKN----CSFNM-T-TE--LRD-KK-QKV-YSLF-YRLDVVQINENQGNRSNNS------------------------------------------NKEYRLI---NCNTSAI-T---QA, 0.0000, 1
0.301947, -126.8649, 160, POINT, T, VKLTPLCVTLNCTDIAGNITD-------------------------------------DMRGELKN----CSFNM-T-TE--LRD-KK-QKV-YSLF-YRLDVVQINENQGNRSNNS------------------------------------------NTEYRLI---NCNTSAI-T---QA, 0.0373, 1
0.315353, -125.2996, [89, 91, 94], CHUNK, ['K', 'E', 'A'], VKLTPLCVTLNCTDIAGNITD-------------------------------------DMRGELKN----CSFNM-T-TE--LRD-KK-KKE-YALF-YRLDVVQINENQGNRSNNS------------------------------------------NTEYRLI---NCNTSAI-T---QA, 0.0373, 0
0.303298, -125.9252, 58, POINT, S, VKLTPLCVTLNCTDIAGNITD-------------------------------------SMRGELKN----CSFNM-T-TE--LRD-KK-QKV-YSLF-YRLDVVQINENQGNRSNNS------------------------------------------NTEYRLI---NCNTSAI-T---QA, 0.0373, 1
0.311486, -83.3747, [74, 79], CHUNK, ['I', 'S'], VKLTPLCVTLNCTDIAGNITD-------------------------------------SMRGELKN----CSFNI-T-TS--LRD-KK-QKV-YSLF-YRLDVVQINENQGNRSNNS------------------------------------------NTEYRLI---NCNTSAI-T---QA, 0.2796, 0
0.307389, -126.0696, 15, POINT, N, VKLTPLCVTLNCTDINGNITD-------------------------------------SMRGELKN----CSFNM-T-TE--LRD-KK-QKV-YSLF-YRLDVVQINENQGNRSNNS------------------------------------------NTEYRLI---NCNTSAI-T---QA, 0.0488, 1
0.317361, -88.9929, [74], CHUNK, ['I'], VKLTPLCVTLNCTDINGNITD-------------------------------------SMRGELKN----CSFNI-T-TE--LRD-KK-QKV-YSLF-YRLDVVQINENQGNRSNNS------------------------------------------NTEYRLI---NCNTSAI-T---QA, 0.4791, 0
0.317361, -63.8669, [74], CHUNK, ['I'], VKLTPLCVTLNCTDINGNITD-------------------------------------SMRGELKN----CSFNI-T-TE--LRD-KK-QKV-YSLF-YRLDVVQINENQGNRSNNS------------------------------------------NTEYRLI---NCNTSAI-T---QA, 0.5372, 0
0.317361, -95.0385, [74], CHUNK, ['I'], VKLTPLCVTLNCTDINGNITD-------------------------------------SMRGELKN----CSFNI-T-TE--LRD-KK-QKV-YSLF-YRLDVVQINENQGNRSNNS------------------------------------------NTEYRLI---NCNTSAI-T---QA, 0.5315, 0
0.320741, -124.7158, [91, 94], CHUNK, ['E', 'A'], VKLTPLCVTLNCTDINGNITD-------------------------------------SMRGELKN----CSFNM-T-TE--LRD-KK-QKE-YALF-YRLDVVQINENQGNRSNNS------------------------------------------NTEYRLI---NCNTSAI-T---QA, 0.0488, 1
0.328003, -123.0069, 63, POINT, I, VKLTPLCVTLNCTDINGNITD-------------------------------------SMRGEIKN----CSFNM-T-TE--LRD-KK-QKE-YALF-YRLDVVQINENQGNRSNNS------------------------------------------NTEYRLI---NCNTSAI-T---QA, 0.0488, 0
0.330713, -116.5549, 74, POINT, I, VKLTPLCVTLNCTDINGNITD-------------------------------------SMRGELKN----CSFNI-T-TE--LRD-KK-QKE-YALF-YRLDVVQINENQGNRSNNS------------------------------------------NTEYRLI---NCNTSAI-T---QA, 0.1496, 0
0.328003, -123.3961, [63], CHUNK, ['I'], VKLTPLCVTLNCTDINGNITD-------------------------------------SMRGEIKN----CSFNM-T-TE--LRD-KK-QKE-YALF-YRLDVVQINENQGNRSNNS------------------------------------------NTEYRLI---NCNTSAI-T---QA, 0.0677, 0
0.321542, -127.9571, 14, POINT, V, VKLTPLCVTLNCTDVNGNITD-------------------------------------SMRGELKN----CSFNM-T-TE--LRD-KK-QKE-YALF-YRLDVVQINENQGNRSNNS------------------------------------------NTEYRLI---NCNTSAI-T---QA, 0.0471, 1
0.324854, -128.7651, 16, POINT, N, VKLTPLCVTLNCTDVNNNITD-------------------------------------SMRGELKN----CSFNM-T-TE--LRD-KK-QKE-YALF-YRLDVVQINENQGNRSNNS------------------------------------------NTEYRLI---NCNTSAI-T---QA, 0.0471, 0
0.324479, -128.3582, 20, POINT, N, VKLTPLCVTLNCTDVNGNITN-------------------------------------SMRGELKN----CSFNM-T-TE--LRD-KK-QKE-YALF-YRLDVVQINENQGNRSNNS------------------------------------------NTEYRLI---NCNTSAI-T---QA, 0.0471, 0
0.335303, -6.9336, [74, 82], CHUNK, ['I', 'I'], VKLTPLCVTLNCTDVNGNITD-------------------------------------SMRGELKN----CSFNI-T-TE--IRD-KK-QKE-YALF-YRLDVVQINENQGNRSNNS------------------------------------------NTEYRLI---NCNTSAI-T---QA, 0.2840, 0
0.331514, -119.7721, [74], CHUNK, ['I'], VKLTPLCVTLNCTDVNGNITD-------------------------------------SMRGELKN----CSFNI-T-TE--LRD-KK-QKE-YALF-YRLDVVQINENQGNRSNNS------------------------------------------NTEYRLI---NCNTSAI-T---QA, 0.0689, 0
0.323068, -122.6168, 63, POINT, M, VKLTPLCVTLNCTDINGNITD-------------------------------------SMRGEMKN----CSFNM-T-TE--LRD-KK-QKE-YALF-YRLDVVQINENQGNRSNNS------------------------------------------NTEYRLI---NCNTSAI-T---QA, 0.0488, 0
0.333707, -123.1353, [99, 104, 106, 107], CHUNK, ['K', 'P', 'E', 'N'], VKLTPLCVTLNCTDINGNITD-------------------------------------SMRGELKN----CSFNM-T-TE--LRD-KK-QKE-YALF-YKLDVVPIENNQGNRSNNS------------------------------------------NTEYRLI---NCNTSAI-T---QA, 0.0577, 1
0.338199, -117.8073, 74, POINT, V, VKLTPLCVTLNCTDINGNITD-------------------------------------SMRGELKN----CSFNV-T-TE--LRD-KK-QKE-YALF-YKLDVVPIENNQGNRSNNS------------------------------------------NTEYRLI---NCNTSAI-T---QA, 0.0586, 0
0.335885, -121.5718, 18, POINT, T, VKLTPLCVTLNCTDINGNTTD-------------------------------------SMRGELKN----CSFNM-T-TE--LRD-KK-QKE-YALF-YKLDVVPIENNQGNRSNNS------------------------------------------NTEYRLI---NCNTSAI-T---QA, 0.0577, 0
0.336114, -121.3052, 18, POINT, N, VKLTPLCVTLNCTDINGNNTD-------------------------------------SMRGELKN----CSFNM-T-TE--LRD-KK-QKE-YALF-YKLDVVPIENNQGNRSNNS------------------------------------------NTEYRLI---NCNTSAI-T---QA, 0.1173, 0
0.343679, -112.1727, [74], CHUNK, ['I'], VKLTPLCVTLNCTDINGNITD-------------------------------------SMRGELKN----CSFNI-T-TE--LRD-KK-QKE-YALF-YKLDVVPIENNQGNRSNNS------------------------------------------NTEYRLI---NCNTSAI-T---QA, 0.3603, 0
0.330713, -112.1188, [74], CHUNK, ['I'], VKLTPLCVTLNCTDINGNITD-------------------------------------SMRGELKN----CSFNI-T-TE--LRD-KK-QKE-YALF-YRLDVVQINENQGNRSNNS------------------------------------------NTEYRLI---NCNTSAI-T---QA, 0.1990, 0
0.328023, -105.6215, 174, POINT, V, VKLTPLCVTLNCTDINGNITD-------------------------------------SMRGELKN----CSFNM-T-TE--LRD-KK-QKE-YALF-YRLDVVQINENQGNRSNNS------------------------------------------NTEYRLI---NCNTSVI-T---QA, 0.2985, 0
0.324489, -124.9544, 104, POINT, P, VKLTPLCVTLNCTDINGNITD-------------------------------------SMRGELKN----CSFNM-T-TE--LRD-KK-QKE-YALF-YRLDVVPINENQGNRSNNS------------------------------------------NTEYRLI---NCNTSAI-T---QA, 0.0488, 1
0.325106, -123.8980, 18, POINT, S, VKLTPLCVTLNCTDINGNSTD-------------------------------------SMRGELKN----CSFNM-T-TE--LRD-KK-QKE-YALF-YRLDVVPINENQGNRSNNS------------------------------------------NTEYRLI---NCNTSAI-T---QA, 0.0488, 1
0.332369, -122.1890, 63, POINT, I, VKLTPLCVTLNCTDINGNSTD-------------------------------------SMRGEIKN----CSFNM-T-TE--LRD-KK-QKE-YALF-YRLDVVPINENQGNRSNNS------------------------------------------NTEYRLI---NCNTSAI-T---QA, 0.0488, 1
0.339392, -122.2446, [161], CHUNK, ['S'], VKLTPLCVTLNCTDINGNSTD-------------------------------------SMRGEIKN----CSFNM-T-TE--LRD-KK-QKE-YALF-YRLDVVPINENQGNRSNNS------------------------------------------NTSYRLI---NCNTSAI-T---QA, 0.0661, 0
0.337013, -114.6021, 74, POINT, V, VKLTPLCVTLNCTDINGNSTD-------------------------------------SMRGEIKN----CSFNV-T-TE--LRD-KK-QKE-YALF-YRLDVVPINENQGNRSNNS------------------------------------------NTEYRLI---NCNTSAI-T---QA, 0.2071, 0
0.339651, -107.4913, [174], CHUNK, ['V'], VKLTPLCVTLNCTDINGNSTD-------------------------------------SMRGEIKN----CSFNM-T-TE--LRD-KK-QKE-YALF-YRLDVVPINENQGNRSNNS------------------------------------------NTEYRLI---NCNTSVI-T---QA, 0.3193, 0
0.336441, -119.1185, 74, POINT, T, VKLTPLCVTLNCTDINGNSTD-------------------------------------SMRGEIKN----CSFNT-T-TE--LRD-KK-QKE-YALF-YRLDVVPINENQGNRSNNS------------------------------------------NTEYRLI---NCNTSAI-T---QA, 0.0488, 0
0.326230, -121.6947, 60, POINT, K, VKLTPLCVTLNCTDINGNSTD-------------------------------------SMKGELKN----CSFNM-T-TE--LRD-KK-QKE-YALF-YRLDVVPINENQGNRSNNS------------------------------------------NTEYRLI---NCNTSAI-T---QA, 0.0488, 0
0.335078, -116.3267, [74], CHUNK, ['I'], VKLTPLCVTLNCTDINGNSTD-------------------------------------SMRGELKN----CSFNI-T-TE--LRD-KK-QKE-YALF-YRLDVVPINENQGNRSNNS------------------------------------------NTEYRLI---NCNTSAI-T---QA, 0.2030, 0
0.335078, -117.8110, [74], CHUNK, ['I'], VKLTPLCVTLNCTDINGNSTD-------------------------------------SMRGELKN----CSFNI-T-TE--LRD-KK-QKE-YALF-YRLDVVPINENQGNRSNNS------------------------------------------NTEYRLI---NCNTSAI-T---QA, 0.0545, 0
0.332130, -123.4861, 161, POINT, S, VKLTPLCVTLNCTDINGNSTD-------------------------------------SMRGELKN----CSFNM-T-TE--LRD-KK-QKE-YALF-YRLDVVPINENQGNRSNNS------------------------------------------NTSYRLI---NCNTSAI-T---QA, 0.0488, 1
0.340696, -121.9210, 99, POINT, K, VKLTPLCVTLNCTDINGNSTD-------------------------------------SMRGELKN----CSFNM-T-TE--LRD-KK-QKE-YALF-YKLDVVPINENQGNRSNNS------------------------------------------NTSYRLI---NCNTSAI-T---QA, 0.0773, 1
0.341595, -120.1003, 58, POINT, T, VKLTPLCVTLNCTDINGNSTD-------------------------------------TMRGELKN----CSFNM-T-TE--LRD-KK-QKE-YALF-YKLDVVPINENQGNRSNNS------------------------------------------NTSYRLI---NCNTSAI-T---QA, 0.0773, 0
0.341657, -121.9086, 107, POINT, D, VKLTPLCVTLNCTDINGNSTD-------------------------------------SMRGELKN----CSFNM-T-TE--LRD-KK-QKE-YALF-YKLDVVPINDNQGNRSNNS------------------------------------------NTSYRLI---NCNTSAI-T---QA, 0.0773, 0
0.349416, -100.1093, [169, 174], CHUNK, ['S', 'V'], VKLTPLCVTLNCTDINGNSTD-------------------------------------SMRGELKN----CSFNM-T-TE--LRD-KK-QKE-YALF-YKLDVVPINENQGNRSNNS------------------------------------------NTSYRLI---SCNTSVI-T---QA, 0.2986, 0
0.350668, -113.5296, [74], CHUNK, ['I'], VKLTPLCVTLNCTDINGNSTD-------------------------------------SMRGELKN----CSFNI-T-TE--LRD-KK-QKE-YALF-YKLDVVPINENQGNRSNNS------------------------------------------NTSYRLI---NCNTSAI-T---QA, 0.1955, 0
0.339392, -122.9203, 63, POINT, I, VKLTPLCVTLNCTDINGNSTD-------------------------------------SMRGEIKN----CSFNM-T-TE--LRD-KK-QKE-YALF-YRLDVVPINENQGNRSNNS------------------------------------------NTSYRLI---NCNTSAI-T---QA, 0.0701, 0
0.342102, -114.4994, [74], CHUNK, ['I'], VKLTPLCVTLNCTDINGNSTD-------------------------------------SMRGELKN----CSFNI-T-TE--LRD-KK-QKE-YALF-YRLDVVPINENQGNRSNNS------------------------------------------NTSYRLI---NCNTSAI-T---QA, 0.2314, 0
0.342102, -116.7771, [74], CHUNK, ['I'], VKLTPLCVTLNCTDINGNSTD-------------------------------------SMRGELKN----CSFNI-T-TE--LRD-KK-QKE-YALF-YRLDVVPINENQGNRSNNS------------------------------------------NTSYRLI---NCNTSAI-T---QA, 0.1381, 0
0.342102, -108.7218, [74], CHUNK, ['I'], VKLTPLCVTLNCTDINGNSTD-------------------------------------SMRGELKN----CSFNI-T-TE--LRD-KK-QKE-YALF-YRLDVVPINENQGNRSNNS------------------------------------------NTSYRLI---NCNTSAI-T---QA, 0.1570, 0
0.334170, -125.6211, [13, 14, 15, 16, 17, 18, 19], CHUNK, ['N', 'V', 'T', 'N', 'T', 'T', 'N'], VKLTPLCVTLNCTNVTNTTND-------------------------------------SMRGELKN----CSFNM-T-TE--LRD-KK-QKE-YALF-YRLDVVPINENQGNRSNNS------------------------------------------NTEYRLI---NCNTSAI-T---QA, 0.0488, 1
0.335136, -126.0575, 59, POINT, E, VKLTPLCVTLNCTNVTNTTND-------------------------------------SERGELKN----CSFNM-T-TE--LRD-KK-QKE-YALF-YRLDVVPINENQGNRSNNS------------------------------------------NTEYRLI---NCNTSAI-T---QA, 0.0488, 0
0.334550, -124.6264, 59, POINT, G, VKLTPLCVTLNCTNVTNTTND-------------------------------------SGRGELKN----CSFNM-T-TE--LRD-KK-QKE-YALF-YRLDVVPINENQGNRSNNS------------------------------------------NTEYRLI---NCNTSAI-T---QA, 0.0488, 1
0.344522, -119.4940, [74], CHUNK, ['I'], VKLTPLCVTLNCTNVTNTTND-------------------------------------SGRGELKN----CSFNI-T-TE--LRD-KK-QKE-YALF-YRLDVVPINENQGNRSNNS------------------------------------------NTEYRLI---NCNTSAI-T---QA, 0.0716, 0
0.343116, -122.9420, [99], CHUNK, ['K'], VKLTPLCVTLNCTNVTNTTND-------------------------------------SGRGELKN----CSFNM-T-TE--LRD-KK-QKE-YALF-YKLDVVPINENQGNRSNNS------------------------------------------NTEYRLI---NCNTSAI-T---QA, 0.0501, 0
0.341512, -123.3668, 63, POINT, I, VKLTPLCVTLNCTNVTNTTND-------------------------------------SGRGEIKN----CSFNM-T-TE--LRD-KK-QKE-YALF-YRLDVVPINENQGNRSNNS------------------------------------------NTEYRLI---NCNTSAI-T---QA, 0.0405, 0
0.343116, -123.4030, [99], CHUNK, ['K'], VKLTPLCVTLNCTNVTNTTND-------------------------------------SGRGELKN----CSFNM-T-TE--LRD-KK-QKE-YALF-YKLDVVPINENQGNRSNNS------------------------------------------NTEYRLI---NCNTSAI-T---QA, 0.0561, 0
0.342737, -124.2359, 99, POINT, K, VKLTPLCVTLNCTNVTNTTND-------------------------------------SMRGELKN----CSFNM-T-TE--LRD-KK-QKE-YALF-YKLDVVPINENQGNRSNNS------------------------------------------NTEYRLI---NCNTSAI-T---QA, 0.0642, 0
0.342275, -117.3253, [60, 63], CHUNK, ['I', 'I'], VKLTPLCVTLNCTNVTNTTND-------------------------------------SMIGEIKN----CSFNM-T-TE--LRD-KK-QKE-YALF-YRLDVVPINENQGNRSNNS------------------------------------------NTEYRLI---NCNTSAI-T---QA, 0.0488, 0
0.344142, -107.4398, [74], CHUNK, ['I'], VKLTPLCVTLNCTNVTNTTND-------------------------------------SMRGELKN----CSFNI-T-TE--LRD-KK-QKE-YALF-YRLDVVPINENQGNRSNNS------------------------------------------NTEYRLI---NCNTSAI-T---QA, 0.1852, 0
0.344142, -115.9355, [74], CHUNK, ['I'], VKLTPLCVTLNCTNVTNTTND-------------------------------------SMRGELKN----CSFNI-T-TE--LRD-KK-QKE-YALF-YRLDVVPINENQGNRSNNS------------------------------------------NTEYRLI---NCNTSAI-T---QA, 0.3957, 0
0.333672, -121.9013, [99], CHUNK, ['K'], VKLTPLCVTLNCTDINGNSTD-------------------------------------SMRGELKN----CSFNM-T-TE--LRD-KK-QKE-YALF-YKLDVVPINENQGNRSNNS------------------------------------------NTEYRLI---NCNTSAI-T---QA, 0.0488, 0
0.325799, -123.7130, 13, POINT, N, VKLTPLCVTLNCTNINGNSTD-------------------------------------SMRGELKN----CSFNM-T-TE--LRD-KK-QKE-YALF-YRLDVVPINENQGNRSNNS------------------------------------------NTEYRLI---NCNTSAI-T---QA, 0.0488, 0
0.328793, -124.0107, 107, POINT, N, VKLTPLCVTLNCTDINGNSTD-------------------------------------SMRGELKN----CSFNM-T-TE--LRD-KK-QKE-YALF-YRLDVVPINNNQGNRSNNS------------------------------------------NTEYRLI---NCNTSAI-T---QA, 0.0488, 1
0.338765, -115.7727, [74], CHUNK, ['I'], VKLTPLCVTLNCTDINGNSTD-------------------------------------SMRGELKN----CSFNI-T-TE--LRD-KK-QKE-YALF-YRLDVVPINNNQGNRSNNS------------------------------------------NTEYRLI---NCNTSAI-T---QA, 0.1112, 0
0.338765, -116.5322, [74], CHUNK, ['I'], VKLTPLCVTLNCTDINGNSTD-------------------------------------SMRGELKN----CSFNI-T-TE--LRD-KK-QKE-YALF-YRLDVVPINNNQGNRSNNS------------------------------------------NTEYRLI---NCNTSAI-T---QA, 0.0698, 1
0.347473, -114.8530, 99, POINT, K, VKLTPLCVTLNCTDINGNSTD-------------------------------------SMRGELKN----CSFNI-T-TE--LRD-KK-QKE-YALF-YKLDVVPINNNQGNRSNNS------------------------------------------NTEYRLI---NCNTSAI-T---QA, 0.0699, 0
0.349307, -111.5715, [58, 59, 60, 63], CHUNK, ['E', 'E', 'T', 'I'], VKLTPLCVTLNCTDINGNSTD-------------------------------------EETGEIKN----CSFNI-T-TE--LRD-KK-QKE-YALF-YRLDVVPINNNQGNRSNNS------------------------------------------NTEYRLI---NCNTSAI-T---QA, 0.0819, 0
0.346047, -103.9852, [174], CHUNK, ['V'], VKLTPLCVTLNCTDINGNSTD-------------------------------------SMRGELKN----CSFNI-T-TE--LRD-KK-QKE-YALF-YRLDVVPINNNQGNRSNNS------------------------------------------NTEYRLI---NCNTSVI-T---QA, 0.3452, 0
0.347473, -114.5412, [99], CHUNK, ['K'], VKLTPLCVTLNCTDINGNSTD-------------------------------------SMRGELKN----CSFNI-T-TE--LRD-KK-QKE-YALF-YKLDVVPINNNQGNRSNNS------------------------------------------NTEYRLI---NCNTSAI-T---QA, 0.0698, 0
0.336075, -104.8508, [174], CHUNK, ['V'], VKLTPLCVTLNCTDINGNSTD-------------------------------------SMRGELKN----CSFNM-T-TE--LRD-KK-QKE-YALF-YRLDVVPINNNQGNRSNNS------------------------------------------NTEYRLI---NCNTSVI-T---QA, 0.4099, 0
0.338765, -110.9354, [74], CHUNK, ['I'], VKLTPLCVTLNCTDINGNSTD-------------------------------------SMRGELKN----CSFNI-T-TE--LRD-KK-QKE-YALF-YRLDVVPINNNQGNRSNNS------------------------------------------NTEYRLI---NCNTSAI-T---QA, 0.2169, 0
0.336075, -102.3601, 174, POINT, V, VKLTPLCVTLNCTDINGNSTD-------------------------------------SMRGELKN----CSFNM-T-TE--LRD-KK-QKE-YALF-YRLDVVPINNNQGNRSNNS------------------------------------------NTEYRLI---NCNTSVI-T---QA, 0.4827, 0
0.338765, -114.6843, [74], CHUNK, ['I'], VKLTPLCVTLNCTDINGNSTD-------------------------------------SMRGELKN----CSFNI-T-TE--LRD-KK-QKE-YALF-YRLDVVPINNNQGNRSNNS------------------------------------------NTEYRLI---NCNTSAI-T---QA, 0.3385, 0
0.333458, -108.7090, [74, 79], CHUNK, ['I', 'S'], VKLTPLCVTLNCTDINGNSTD-------------------------------------SMRGELKN----CSFNI-T-TS--LRD-KK-QKE-YALF-YRLDVVPINENQGNRSNNS------------------------------------------NTEYRLI---NCNTSAI-T---QA, 0.2697, 1
0.341351, -42.1214, [79, 82], CHUNK, ['N', 'I'], VKLTPLCVTLNCTDINGNSTD-------------------------------------SMRGELKN----CSFNI-T-TN--IRD-KK-QKE-YALF-YRLDVVPINENQGNRSNNS------------------------------------------NTEYRLI---NCNTSAI-T---QA, 0.3423, 0
0.339333, -0.2780, 82, POINT, I, VKLTPLCVTLNCTDINGNSTD-------------------------------------SMRGELKN----CSFNI-T-TS--IRD-KK-QKE-YALF-YRLDVVPINENQGNRSNNS------------------------------------------NTEYRLI---NCNTSAI-T---QA, 0.2375, 0
0.336803, -108.1991, 20, POINT, T, VKLTPLCVTLNCTDINGNSTT-------------------------------------SMRGELKN----CSFNI-T-TS--LRD-KK-QKE-YALF-YRLDVVPINENQGNRSNNS------------------------------------------NTEYRLI---NCNTSAI-T---QA, 0.2755, 0
0.340740, -94.2012, 174, POINT, V, VKLTPLCVTLNCTDINGNSTD-------------------------------------SMRGELKN----CSFNI-T-TS--LRD-KK-QKE-YALF-YRLDVVPINENQGNRSNNS------------------------------------------NTEYRLI---NCNTSVI-T---QA, 0.5517, 0
0.332369, -122.7415, 63, POINT, I, VKLTPLCVTLNCTDINGNSTD-------------------------------------SMRGEIKN----CSFNM-T-TE--LRD-KK-QKE-YALF-YRLDVVPINENQGNRSNNS------------------------------------------NTEYRLI---NCNTSAI-T---QA, 0.1064, 0
0.333867, -125.4454, [102, 107, 109, 110], CHUNK, ['I', 'N', 'D', 'N'], VKLTPLCVTLNCTDINGNSTD-------------------------------------SMRGELKN----CSFNM-T-TE--LRD-KK-QKE-YALF-YRLDIVPINNNDNNRSNNS------------------------------------------NTEYRLI---NCNTSAI-T---QA, 0.0434, 1
0.342219, -118.0827, [74, 79], CHUNK, ['I', 'S'], VKLTPLCVTLNCTDINGNSTD-------------------------------------SMRGELKN----CSFNI-T-TS--LRD-KK-QKE-YALF-YRLDIVPINNNDNNRSNNS------------------------------------------NTEYRLI---NCNTSAI-T---QA, 0.0594, 0
0.343839, -117.2464, [74], CHUNK, ['I'], VKLTPLCVTLNCTDINGNSTD-------------------------------------SMRGELKN----CSFNI-T-TE--LRD-KK-QKE-YALF-YRLDIVPINNNDNNRSNNS------------------------------------------NTEYRLI---NCNTSAI-T---QA, 0.0886, 0
0.334560, -125.2728, 13, POINT, N, VKLTPLCVTLNCTNINGNSTD-------------------------------------SMRGELKN----CSFNM-T-TE--LRD-KK-QKE-YALF-YRLDIVPINNNDNNRSNNS------------------------------------------NTEYRLI---NCNTSAI-T---QA, 0.0550, 1
0.341842, -108.7279, 174, POINT, V, VKLTPLCVTLNCTNINGNSTD-------------------------------------SMRGELKN----CSFNM-T-TE--LRD-KK-QKE-YALF-YRLDIVPINNNDNNRSNNS------------------------------------------NTEYRLI---NCNTSVI-T---QA, 0.2616, 0
0.341842, -105.8992, [174], CHUNK, ['V'], VKLTPLCVTLNCTNINGNSTD-------------------------------------SMRGELKN----CSFNM-T-TE--LRD-KK-QKE-YALF-YRLDIVPINNNDNNRSNNS------------------------------------------NTEYRLI---NCNTSVI-T---QA, 0.4166, 0
0.344532, -116.4911, [74], CHUNK, ['I'], VKLTPLCVTLNCTNINGNSTD-------------------------------------SMRGELKN----CSFNI-T-TE--LRD-KK-QKE-YALF-YRLDIVPINNNDNNRSNNS------------------------------------------NTEYRLI---NCNTSAI-T---QA, 0.1885, 0
0.336723, -46.8021, 82, POINT, I, VKLTPLCVTLNCTNINGNSTD-------------------------------------SMRGELKN----CSFNM-T-TE--IRD-KK-QKE-YALF-YRLDIVPINNNDNNRSNNS------------------------------------------NTEYRLI---NCNTSAI-T---QA, 0.3917, 0
0.341130, -123.7455, 63, POINT, I, VKLTPLCVTLNCTDINGNSTD-------------------------------------SMRGEIKN----CSFNM-T-TE--LRD-KK-QKE-YALF-YRLDIVPINNNDNNRSNNS------------------------------------------NTEYRLI---NCNTSAI-T---QA, 0.0434, 1
0.348412, -106.4191, [174], CHUNK, ['V'], VKLTPLCVTLNCTDINGNSTD-------------------------------------SMRGEIKN----CSFNM-T-TE--LRD-KK-QKE-YALF-YRLDIVPINNNDNNRSNNS------------------------------------------NTEYRLI---NCNTSVI-T---QA, 0.3225, 0
0.342912, -123.0374, 18, POINT, N, VKLTPLCVTLNCTDINGNNTD-------------------------------------SMRGEIKN----CSFNM-T-TE--LRD-KK-QKE-YALF-YRLDIVPINNNDNNRSNNS------------------------------------------NTEYRLI---NCNTSAI-T---QA, 0.0521, 0
0.352523, -117.3828, [74], CHUNK, ['I'], VKLTPLCVTLNCTDINGNSTD-------------------------------------SMRGEIKN----CSFNI-T-TE--LRD-KK-QKE-YALF-YRLDIVPINNNDNNRSNNS------------------------------------------NTEYRLI---NCNTSAI-T---QA, 0.1324, 0
0.341647, -117.9770, 60, POINT, I, VKLTPLCVTLNCTDINGNSTD-------------------------------------SMIGEIKN----CSFNM-T-TE--LRD-KK-QKE-YALF-YRLDIVPINNNDNNRSNNS------------------------------------------NTEYRLI---NCNTSAI-T---QA, 0.0514, 0
0.343839, -116.9389, [74], CHUNK, ['I'], VKLTPLCVTLNCTDINGNSTD-------------------------------------SMRGELKN----CSFNI-T-TE--LRD-KK-QKE-YALF-YRLDIVPINNNDNNRSNNS------------------------------------------NTEYRLI---NCNTSAI-T---QA, 0.2291, 0
0.341130, -123.7701, [63], CHUNK, ['I'], VKLTPLCVTLNCTDINGNSTD-------------------------------------SMRGEIKN----CSFNM-T-TE--LRD-KK-QKE-YALF-YRLDIVPINNNDNNRSNNS------------------------------------------NTEYRLI---NCNTSAI-T---QA, 0.0676, 0
0.343839, -116.3385, [74], CHUNK, ['I'], VKLTPLCVTLNCTDINGNSTD-------------------------------------SMRGELKN----CSFNI-T-TE--LRD-KK-QKE-YALF-YRLDIVPINNNDNNRSNNS------------------------------------------NTEYRLI---NCNTSAI-T---QA, 0.1651, 0
0.333922, -125.3572, 89, POINT, K, VKLTPLCVTLNCTDINGNSTD-------------------------------------SMRGELKN----CSFNM-T-TE--LRD-KK-KKE-YALF-YRLDIVPINNNDNNRSNNS------------------------------------------NTEYRLI---NCNTSAI-T---QA, 0.0437, 1
0.340946, -124.9459, 161, POINT, S, VKLTPLCVTLNCTDINGNSTD-------------------------------------SMRGELKN----CSFNM-T-TE--LRD-KK-KKE-YALF-YRLDIVPINNNDNNRSNNS------------------------------------------NTSYRLI---NCNTSAI-T---QA, 0.0437, 0
0.340194, -123.4143, 99, POINT, K, VKLTPLCVTLNCTDINGNSTD-------------------------------------SMRGELKN----CSFNM-T-TE--LRD-KK-KKE-YALF-YKLDIVPINNNDNNRSNNS------------------------------------------NTEYRLI---NCNTSAI-T---QA, 0.0437, 0
0.343894, -118.4388, [74], CHUNK, ['I'], VKLTPLCVTLNCTDINGNSTD-------------------------------------SMRGELKN----CSFNI-T-TE--LRD-KK-KKE-YALF-YRLDIVPINNNDNNRSNNS------------------------------------------NTEYRLI---NCNTSAI-T---QA, 0.1100, 0
0.343894, -115.8617, [74], CHUNK, ['I'], VKLTPLCVTLNCTDINGNSTD-------------------------------------SMRGELKN----CSFNI-T-TE--LRD-KK-KKE-YALF-YRLDIVPINNNDNNRSNNS------------------------------------------NTEYRLI---NCNTSAI-T---QA, 0.2812, 0
0.337908, -122.3845, 74, POINT, T, VKLTPLCVTLNCTDINGNSTD-------------------------------------SMRGELKN----CSFNT-T-TE--LRD-KK-QKE-YALF-YRLDIVPINNNDNNRSNNS------------------------------------------NTEYRLI---NCNTSAI-T---QA, 0.0434, 0
0.343839, -117.9089, [74], CHUNK, ['I'], VKLTPLCVTLNCTDINGNSTD-------------------------------------SMRGELKN----CSFNI-T-TE--LRD-KK-QKE-YALF-YRLDIVPINNNDNNRSNNS------------------------------------------NTEYRLI---NCNTSAI-T---QA, 0.0817, 0
0.343839, -118.0894, 74, POINT, I, VKLTPLCVTLNCTDINGNSTD-------------------------------------SMRGELKN----CSFNI-T-TE--LRD-KK-QKE-YALF-YRLDIVPINNNDNNRSNNS------------------------------------------NTEYRLI---NCNTSAI-T---QA, 0.1414, 0
0.343839, -117.7394, [74], CHUNK, ['I'], VKLTPLCVTLNCTDINGNSTD-------------------------------------SMRGELKN----CSFNI-T-TE--LRD-KK-QKE-YALF-YRLDIVPINNNDNNRSNNS------------------------------------------NTEYRLI---NCNTSAI-T---QA, 0.1792, 1
0.354140, -113.5941, [60, 63], CHUNK, ['K', 'I'], VKLTPLCVTLNCTDINGNSTD-------------------------------------SMKGEIKN----CSFNI-T-TE--LRD-KK-QKE-YALF-YRLDIVPINNNDNNRSNNS------------------------------------------NTEYRLI---NCNTSAI-T---QA, 0.1792, 1
0.361422, -94.1469, [174], CHUNK, ['V'], VKLTPLCVTLNCTDINGNSTD-------------------------------------SMKGEIKN----CSFNI-T-TE--LRD-KK-QKE-YALF-YRLDIVPINNNDNNRSNNS------------------------------------------NTEYRLI---NCNTSVI-T---QA, 0.4000, 0
0.361422, -93.7127, 174, POINT, V, VKLTPLCVTLNCTDINGNSTD-------------------------------------SMKGEIKN----CSFNI-T-TE--LRD-KK-QKE-YALF-YRLDIVPINNNDNNRSNNS------------------------------------------NTEYRLI---NCNTSVI-T---QA, 0.3388, 0
0.360258, -116.4949, [13, 14, 15, 16, 18, 20], CHUNK, ['N', 'V', 'T', 'V', 'T', 'S'], VKLTPLCVTLNCTNVTVNTTS-------------------------------------SMKGEIKN----CSFNI-T-TE--LRD-KK-QKE-YALF-YRLDIVPINNNDNNRSNNS------------------------------------------NTEYRLI---NCNTSAI-T---QA, 0.1804, 0
0.360763, -111.9824, 99, POINT, K, VKLTPLCVTLNCTDINGNSTD-------------------------------------SMKGEIKN----CSFNI-T-TE--LRD-KK-QKE-YALF-YKLDIVPINNNDNNRSNNS------------------------------------------NTEYRLI---NCNTSAI-T---QA, 0.1484, 0
0.350873, -95.8058, [169, 174], CHUNK, ['S', 'V'], VKLTPLCVTLNCTDINGNSTD-------------------------------------SMRGELKN----CSFNI-T-TE--LRD-KK-QKE-YALF-YRLDIVPINNNDNNRSNNS------------------------------------------NTEYRLI---SCNTSVI-T---QA, 0.3730, 0
0.352523, -116.5184, 63, POINT, I, VKLTPLCVTLNCTDINGNSTD-------------------------------------SMRGEIKN----CSFNI-T-TE--LRD-KK-QKE-YALF-YRLDIVPINNNDNNRSNNS------------------------------------------NTEYRLI---NCNTSAI-T---QA, 0.1370, 0
0.352523, -115.8206, [63], CHUNK, ['I'], VKLTPLCVTLNCTDINGNSTD-------------------------------------SMRGEIKN----CSFNI-T-TE--LRD-KK-QKE-YALF-YRLDIVPINNNDNNRSNNS------------------------------------------NTEYRLI---NCNTSAI-T---QA, 0.1784, 0
0.351122, -96.3561, [174], CHUNK, ['V'], VKLTPLCVTLNCTDINGNSTD-------------------------------------SMRGELKN----CSFNI-T-TE--LRD-KK-QKE-YALF-YRLDIVPINNNDNNRSNNS------------------------------------------NTEYRLI---NCNTSVI-T---QA, 0.3276, 0
0.340891, -125.0341, 161, POINT, S, VKLTPLCVTLNCTDINGNSTD-------------------------------------SMRGELKN----CSFNM-T-TE--LRD-KK-QKE-YALF-YRLDIVPINNNDNNRSNNS------------------------------------------NTSYRLI---NCNTSAI-T---QA, 0.0434, 1
0.344321, -125.4369, 20, POINT, N, VKLTPLCVTLNCTDINGNSTN-------------------------------------SMRGELKN----CSFNM-T-TE--LRD-KK-QKE-YALF-YRLDIVPINNNDNNRSNNS------------------------------------------NTSYRLI---NCNTSAI-T---QA, 0.0434, 0
0.350863, -109.2374, [74], CHUNK, ['I'], VKLTPLCVTLNCTDINGNSTD-------------------------------------SMRGELKN----CSFNI-T-TE--LRD-KK-QKE-YALF-YRLDIVPINNNDNNRSNNS------------------------------------------NTSYRLI---NCNTSAI-T---QA, 0.1783, 0
0.357136, -5.1603, [74, 79, 82], CHUNK, ['I', 'N', 'I'], VKLTPLCVTLNCTDINGNSTD-------------------------------------SMRGELKN----CSFNI-T-TN--IRD-KK-QKE-YALF-YRLDIVPINNNDNNRSNNS------------------------------------------NTSYRLI---NCNTSAI-T---QA, 0.2132, 0
0.350863, -117.6186, [74], CHUNK, ['I'], VKLTPLCVTLNCTDINGNSTD-------------------------------------SMRGELKN----CSFNI-T-TE--LRD-KK-QKE-YALF-YRLDIVPINNNDNNRSNNS------------------------------------------NTSYRLI---NCNTSAI-T---QA, 0.1298, 0
0.335828, -125.2618, 59, POINT, S, VKLTPLCVTLNCTDINGNSTD-------------------------------------SSRGELKN----CSFNM-T-TE--LRD-KK-QKE-YALF-YRLDIVPINNNDNNRSNNS------------------------------------------NTEYRLI---NCNTSAI-T---QA, 0.0434, 1
0.336521, -125.3548, 13, POINT, N, VKLTPLCVTLNCTNINGNSTD-------------------------------------SSRGELKN----CSFNM-T-TE--LRD-KK-QKE-YALF-YRLDIVPINNNDNNRSNNS------------------------------------------NTEYRLI---NCNTSAI-T---QA, 0.0397, 1
0.337735, -125.3293, 102, POINT, V, VKLTPLCVTLNCTNINGNSTD-------------------------------------SSRGELKN----CSFNM-T-TE--LRD-KK-QKE-YALF-YRLDVVPINNNDNNRSNNS------------------------------------------NTEYRLI---NCNTSAI-T---QA, 0.0380, 1
0.339263, -126.3771, 58, POINT, N, VKLTPLCVTLNCTNINGNSTD-------------------------------------NSRGELKN----CSFNM-T-TE--LRD-KK-QKE-YALF-YRLDVVPINNNDNNRSNNS------------------------------------------NTEYRLI---NCNTSAI-T---QA, 0.0380, 1
0.341605, -124.2016, 60, POINT, S, VKLTPLCVTLNCTNINGNSTD-------------------------------------NSSGELKN----CSFNM-T-TE--LRD-KK-QKE-YALF-YRLDVVPINNNDNNRSNNS------------------------------------------NTEYRLI---NCNTSAI-T---QA, 0.0380, 0
0.349235, -112.6889, [74], CHUNK, ['I'], VKLTPLCVTLNCTNINGNSTD-------------------------------------NSRGELKN----CSFNI-T-TE--LRD-KK-QKE-YALF-YRLDVVPINNNDNNRSNNS------------------------------------------NTEYRLI---NCNTSAI-T---QA, 0.2909, 0
0.349194, -118.9559, [74, 79], CHUNK, ['I', 'N'], VKLTPLCVTLNCTNINGNSTD-------------------------------------NSRGELKN----CSFNI-T-TN--LRD-KK-QKE-YALF-YRLDVVPINNNDNNRSNNS------------------------------------------NTEYRLI---NCNTSAI-T---QA, 0.0982, 1
0.357901, -117.1269, [99], CHUNK, ['K'], VKLTPLCVTLNCTNINGNSTD-------------------------------------NSRGELKN----CSFNI-T-TN--LRD-KK-QKE-YALF-YKLDVVPINNNDNNRSNNS------------------------------------------NTEYRLI---NCNTSAI-T---QA, 0.0982, 0
0.356476, -98.0029, 174, POINT, V, VKLTPLCVTLNCTNINGNSTD-------------------------------------NSRGELKN----CSFNI-T-TN--LRD-KK-QKE-YALF-YRLDVVPINNNDNNRSNNS------------------------------------------NTEYRLI---NCNTSVI-T---QA, 0.4011, 0
0.357596, -117.6670, [63], CHUNK, ['I'], VKLTPLCVTLNCTNINGNSTD-------------------------------------NSRGEIKN----CSFNI-T-TN--LRD-KK-QKE-YALF-YRLDVVPINNNDNNRSNNS------------------------------------------NTEYRLI---NCNTSAI-T---QA, 0.1033, 1
0.359755, -116.1461, 18, POINT, N, VKLTPLCVTLNCTNINGNNTD-------------------------------------NSRGEIKN----CSFNI-T-TN--LRD-KK-QKE-YALF-YRLDVVPINNNDNNRSNNS------------------------------------------NTEYRLI---NCNTSAI-T---QA, 0.1188, 0
0.366304, -116.8794, [99], CHUNK, ['K'], VKLTPLCVTLNCTNINGNSTD-------------------------------------NSRGEIKN----CSFNI-T-TN--LRD-KK-QKE-YALF-YKLDVVPINNNDNNRSNNS------------------------------------------NTEYRLI---NCNTSAI-T---QA, 0.1127, 1
0.375343, 5.0640, [82, 87], CHUNK, ['I', 'V'], VKLTPLCVTLNCTNINGNSTD-------------------------------------NSRGEIKN----CSFNI-T-TN--IRD-KV-QKE-YALF-YKLDVVPINNNDNNRSNNS------------------------------------------NTEYRLI---NCNTSAI-T---QA, 0.1392, 0
0.372618, 0.2909, 82, POINT, I, VKLTPLCVTLNCTNINGNSTD-------------------------------------NSRGEIKN----CSFNI-T-TN--IRD-KK-QKE-YALF-YKLDVVPINNNDNNRSNNS------------------------------------------NTEYRLI---NCNTSAI-T---QA, 0.2433, 0
0.373338, -89.0285, [169, 174], CHUNK, ['S', 'V'], VKLTPLCVTLNCTNINGNSTD-------------------------------------NSRGEIKN----CSFNI-T-TN--LRD-KK-QKE-YALF-YKLDVVPINNNDNNRSNNS------------------------------------------NTEYRLI---SCNTSVI-T---QA, 0.2115, 0
0.371462, -0.7349, [82, 87], CHUNK, ['I', 'M'], VKLTPLCVTLNCTNINGNSTD-------------------------------------NSRGEIKN----CSFNI-T-TN--IRD-KM-QKE-YALF-YKLDVVPINNNDNNRSNNS------------------------------------------NTEYRLI---NCNTSAI-T---QA, 0.1845, 0
0.366304, -115.8954, 99, POINT, K, VKLTPLCVTLNCTNINGNSTD-------------------------------------NSRGEIKN----CSFNI-T-TN--LRD-KK-QKE-YALF-YKLDVVPINNNDNNRSNNS------------------------------------------NTEYRLI---NCNTSAI-T---QA, 0.1405, 0
0.359766, -115.3453, [174], CHUNK, ['T'], VKLTPLCVTLNCTNINGNSTD-------------------------------------NSRGEIKN----CSFNI-T-TN--LRD-KK-QKE-YALF-YRLDVVPINNNDNNRSNNS------------------------------------------NTEYRLI---NCNTSTI-T---QA, 0.1033, 0
0.359136, -115.8045, 60, POINT, K, VKLTPLCVTLNCTNINGNSTD-------------------------------------NSKGEIKN----CSFNI-T-TN--LRD-KK-QKE-YALF-YRLDVVPINNNDNNRSNNS------------------------------------------NTEYRLI---NCNTSAI-T---QA, 0.0999, 0
0.362143, -118.7218, 16, POINT, T, VKLTPLCVTLNCTNINTNSTD-------------------------------------NSRGEIKN----CSFNI-T-TN--LRD-KK-QKE-YALF-YRLDVVPINNNDNNRSNNS------------------------------------------NTEYRLI---NCNTSAI-T---QA, 0.1072, 0
0.355508, -16.1529, 82, POINT, I, VKLTPLCVTLNCTNINGNSTD-------------------------------------NSRGELKN----CSFNI-T-TN--IRD-KK-QKE-YALF-YRLDVVPINNNDNNRSNNS------------------------------------------NTEYRLI---NCNTSAI-T---QA, 0.1295, 0
0.350693, -119.4472, 87, POINT, V, VKLTPLCVTLNCTNINGNSTD-------------------------------------NSRGELKN----CSFNI-T-TN--LRD-KV-QKE-YALF-YRLDVVPINNNDNNRSNNS------------------------------------------NTEYRLI---NCNTSAI-T---QA, 0.0844, 0
0.356717, -116.9861, [60, 63], CHUNK, ['Y', 'I'], VKLTPLCVTLNCTNINGNSTD-------------------------------------NSYGEIKN----CSFNI-T-TN--LRD-KK-QKE-YALF-YRLDVVPINNNDNNRSNNS------------------------------------------NTEYRLI---NCNTSAI-T---QA, 0.0982, 0
0.357596, -118.1109, 63, POINT, I, VKLTPLCVTLNCTNINGNSTD-------------------------------------NSRGEIKN----CSFNI-T-TN--LRD-KK-QKE-YALF-YRLDVVPINNNDNNRSNNS------------------------------------------NTEYRLI---NCNTSAI-T---QA, 0.1326, 0
0.347971, -124.5761, [99], CHUNK, ['K'], VKLTPLCVTLNCTNINGNSTD-------------------------------------NSRGELKN----CSFNM-T-TE--LRD-KK-QKE-YALF-YKLDVVPINNNDNNRSNNS------------------------------------------NTEYRLI---NCNTSAI-T---QA, 0.0436, 0
0.349235, -119.8856, [74], CHUNK, ['I'], VKLTPLCVTLNCTNINGNSTD-------------------------------------NSRGELKN----CSFNI-T-TE--LRD-KK-QKE-YALF-YRLDVVPINNNDNNRSNNS------------------------------------------NTEYRLI---NCNTSAI-T---QA, 0.1696, 0
0.349194, -113.3640, [74, 79], CHUNK, ['I', 'N'], VKLTPLCVTLNCTNINGNSTD-------------------------------------NSRGELKN----CSFNI-T-TN--LRD-KK-QKE-YALF-YRLDVVPINNNDNNRSNNS------------------------------------------NTEYRLI---NCNTSAI-T---QA, 0.1944, 0
0.343755, -119.8026, [74], CHUNK, ['V'], VKLTPLCVTLNCTNINGNSTD-------------------------------------NSRGELKN----CSFNV-T-TE--LRD-KK-QKE-YALF-YRLDVVPINNNDNNRSNNS------------------------------------------NTEYRLI---NCNTSAI-T---QA, 0.1582, 0
0.339263, -126.3771, 58, POINT, N, VKLTPLCVTLNCTNINGNSTD-------------------------------------NSRGELKN----CSFNM-T-TE--LRD-KK-QKE-YALF-YRLDVVPINNNDNNRSNNS------------------------------------------NTEYRLI---NCNTSAI-T---QA, 0.0380, 0
0.346443, -123.4239, [99], CHUNK, ['K'], VKLTPLCVTLNCTNINGNSTD-------------------------------------SSRGELKN----CSFNM-T-TE--LRD-KK-QKE-YALF-YKLDVVPINNNDNNRSNNS------------------------------------------NTEYRLI---NCNTSAI-T---QA, 0.0380, 1
0.353467, -123.0122, 161, POINT, S, VKLTPLCVTLNCTNINGNSTD-------------------------------------SSRGELKN----CSFNM-T-TE--LRD-KK-QKE-YALF-YKLDVVPINNNDNNRSNNS------------------------------------------NTSYRLI---NCNTSAI-T---QA, 0.0380, 1
0.362186, -99.3461, [169, 174], CHUNK, ['S', 'V'], VKLTPLCVTLNCTNINGNSTD-------------------------------------SSRGELKN----CSFNM-T-TE--LRD-KK-QKE-YALF-YKLDVVPINNNDNNRSNNS------------------------------------------NTSYRLI---SCNTSVI-T---QA, 0.3509, 0
0.354330, -125.9249, 14, POINT, V, VKLTPLCVTLNCTNVNGNSTD-------------------------------------SSRGELKN----CSFNM-T-TE--LRD-KK-QKE-YALF-YKLDVVPINNNDNNRSNNS------------------------------------------NTSYRLI---NCNTSAI-T---QA, 0.0751, 0
0.357950, -123.3744, 20, POINT, N, VKLTPLCVTLNCTNINGNSTN-------------------------------------SSRGELKN----CSFNM-T-TE--LRD-KK-QKE-YALF-YKLDVVPINNNDNNRSNNS------------------------------------------NTSYRLI---NCNTSAI-T---QA, 0.0380, 0
0.363439, -115.4231, [74], CHUNK, ['I'], VKLTPLCVTLNCTNINGNSTD-------------------------------------SSRGELKN----CSFNI-T-TE--LRD-KK-QKE-YALF-YKLDVVPINNNDNNRSNNS------------------------------------------NTSYRLI---NCNTSAI-T---QA, 0.1394, 0
0.356415, -117.9985, 74, POINT, I, VKLTPLCVTLNCTNINGNSTD-------------------------------------SSRGELKN----CSFNI-T-TE--LRD-KK-QKE-YALF-YKLDVVPINNNDNNRSNNS------------------------------------------NTEYRLI---NCNTSAI-T---QA, 0.0449, 0
0.351006, -113.1698, [14, 16, 17, 18, 19, 20], CHUNK, ['V', 'V', 'T', 'Y', 'N', 'N'], VKLTPLCVTLNCTNVNVTYNN-------------------------------------SSRGELKN----CSFNM-T-TE--LRD-KK-QKE-YALF-YKLDVVPINNNDNNRSNNS------------------------------------------NTEYRLI---NCNTSAI-T---QA, 0.0380, 0
0.350935, -114.2806, 74, POINT, V, VKLTPLCVTLNCTNINGNSTD-------------------------------------SSRGELKN----CSFNV-T-TE--LRD-KK-QKE-YALF-YKLDVVPINNNDNNRSNNS------------------------------------------NTEYRLI---NCNTSAI-T---QA, 0.1984, 0
0.353477, -100.1606, [169, 174], CHUNK, ['S', 'V'], VKLTPLCVTLNCTNINGNSTD-------------------------------------SSRGELKN----CSFNM-T-TE--LRD-KK-QKE-YALF-YKLDVVPINNNDNNRSNNS------------------------------------------NTEYRLI---SCNTSVI-T---QA, 0.3065, 0
0.342543, -126.1785, 16, POINT, N, VKLTPLCVTLNCTNINNNSTD-------------------------------------SSRGELKN----CSFNM-T-TE--LRD-KK-QKE-YALF-YRLDVVPINNNDNNRSNNS------------------------------------------NTEYRLI---NCNTSAI-T---QA, 0.0380, 1
0.351250, -124.2731, 99, POINT, K, VKLTPLCVTLNCTNINNNSTD-------------------------------------SSRGELKN----CSFNM-T-TE--LRD-KK-QKE-YALF-YKLDVVPINNNDNNRSNNS------------------------------------------NTEYRLI---NCNTSAI-T---QA, 0.0380, 0
0.349825, -105.0276, 174, POINT, V, VKLTPLCVTLNCTNINNNSTD-------------------------------------SSRGELKN----CSFNM-T-TE--LRD-KK-QKE-YALF-YRLDVVPINNNDNNRSNNS------------------------------------------NTEYRLI---NCNTSVI-T---QA, 0.4283, 0
0.349478, -124.9631, 63, POINT, I, VKLTPLCVTLNCTNINNNSTD-------------------------------------SSRGEIKN----CSFNM-T-TE--LRD-KK-QKE-YALF-YRLDVVPINNNDNNRSNNS------------------------------------------NTEYRLI---NCNTSAI-T---QA, 0.0470, 1
0.351827, -120.1694, 60, POINT, T, VKLTPLCVTLNCTNINNNSTD-------------------------------------SSTGEIKN----CSFNM-T-TE--LRD-KK-QKE-YALF-YRLDVVPINNNDNNRSNNS------------------------------------------NTEYRLI---NCNTSAI-T---QA, 0.0470, 0
0.356502, -124.5514, [161], CHUNK, ['S'], VKLTPLCVTLNCTNINNNSTD-------------------------------------SSRGEIKN----CSFNM-T-TE--LRD-KK-QKE-YALF-YRLDVVPINNNDNNRSNNS------------------------------------------NTSYRLI---NCNTSAI-T---QA, 0.0470, 0
0.354122, -116.3976, 74, POINT, V, VKLTPLCVTLNCTNINNNSTD-------------------------------------SSRGEIKN----CSFNV-T-TE--LRD-KK-QKE-YALF-YRLDVVPINNNDNNRSNNS------------------------------------------NTEYRLI---NCNTSAI-T---QA, 0.1296, 1
0.357140, 0.1083, 82, POINT, I, VKLTPLCVTLNCTNINNNSTD-------------------------------------SSRGEIKN----CSFNV-T-TE--IRD-KK-QKE-YALF-YRLDVVPINNNDNNRSNNS------------------------------------------NTEYRLI---NCNTSAI-T---QA, 0.2637, 0
0.361404, -97.7257, 174, POINT, V, VKLTPLCVTLNCTNINNNSTD-------------------------------------SSRGEIKN----CSFNV-T-TE--LRD-KK-QKE-YALF-YRLDVVPINNNDNNRSNNS------------------------------------------NTEYRLI---NCNTSVI-T---QA, 0.4916, 0
0.361404, -95.9091, [174], CHUNK, ['V'], VKLTPLCVTLNCTNINNNSTD-------------------------------------SSRGEIKN----CSFNV-T-TE--LRD-KK-QKE-YALF-YRLDVVPINNNDNNRSNNS------------------------------------------NTEYRLI---NCNTSVI-T---QA, 0.5526, 0
0.360871, -114.7529, [74], CHUNK, ['I'], VKLTPLCVTLNCTNINNNSTD-------------------------------------SSRGEIKN----CSFNI-T-TE--LRD-KK-QKE-YALF-YRLDVVPINNNDNNRSNNS------------------------------------------NTEYRLI---NCNTSAI-T---QA, 0.1569, 0
0.360871, -110.0165, 74, POINT, I, VKLTPLCVTLNCTNINNNSTD-------------------------------------SSRGEIKN----CSFNI-T-TE--LRD-KK-QKE-YALF-YRLDVVPINNNDNNRSNNS------------------------------------------NTEYRLI---NCNTSAI-T---QA, 0.2976, 0
0.354122, -118.3340, 74, POINT, V, VKLTPLCVTLNCTNINNNSTD-------------------------------------SSRGEIKN----CSFNV-T-TE--LRD-KK-QKE-YALF-YRLDVVPINNNDNNRSNNS------------------------------------------NTEYRLI---NCNTSAI-T---QA, 0.1209, 0
0.350701, -123.3473, 58, POINT, T, VKLTPLCVTLNCTNINNNSTD-------------------------------------TSRGEIKN----CSFNM-T-TE--LRD-KK-QKE-YALF-YRLDVVPINNNDNNRSNNS------------------------------------------NTEYRLI---NCNTSAI-T---QA, 0.0452, 1
0.359409, -121.3462, 99, POINT, K, VKLTPLCVTLNCTNINNNSTD-------------------------------------TSRGEIKN----CSFNM-T-TE--LRD-KK-QKE-YALF-YKLDVVPINNNDNNRSNNS------------------------------------------NTEYRLI---NCNTSAI-T---QA, 0.0452, 1
0.370801, -114.2541, [74], CHUNK, ['I'], VKLTPLCVTLNCTNINNNSTD-------------------------------------TSRGEIKN----CSFNI-T-TE--LRD-KK-QKE-YALF-YKLDVVPINNNDNNRSNNS------------------------------------------NTEYRLI---NCNTSAI-T---QA, 0.1014, 0
0.360649, -119.7135, 18, POINT, N, VKLTPLCVTLNCTNINNNNTD-------------------------------------TSRGEIKN----CSFNM-T-TE--LRD-KK-QKE-YALF-YKLDVVPINNNDNNRSNNS------------------------------------------NTEYRLI---NCNTSAI-T---QA, 0.0452, 0
0.366691, -101.6430, 174, POINT, V, VKLTPLCVTLNCTNINNNSTD-------------------------------------TSRGEIKN----CSFNM-T-TE--LRD-KK-QKE-YALF-YKLDVVPINNNDNNRSNNS------------------------------------------NTEYRLI---NCNTSVI-T---QA, 0.4084, 1
0.373789, 4.0248, [74, 82], CHUNK, ['T', 'I'], VKLTPLCVTLNCTNINNNSTD-------------------------------------TSRGEIKN----CSFNT-T-TE--IRD-KK-QKE-YALF-YKLDVVPINNNDNNRSNNS------------------------------------------NTEYRLI---NCNTSVI-T---QA, 0.6569, 0
0.372112, -106.4590, 20, POINT, N, VKLTPLCVTLNCTNINNNSTN-------------------------------------TSRGEIKN----CSFNM-T-TE--LRD-KK-QKE-YALF-YKLDVVPINNNDNNRSNNS------------------------------------------NTEYRLI---NCNTSVI-T---QA, 0.3524, 0
0.367456, -71.5407, 14, POINT, L, VKLTPLCVTLNCTNLNNNSTD-------------------------------------TSRGEIKN----CSFNM-T-TE--LRD-KK-QKE-YALF-YKLDVVPINNNDNNRSNNS------------------------------------------NTEYRLI---NCNTSVI-T---QA, 0.8980, 0
0.378084, -93.8221, [74], CHUNK, ['I'], VKLTPLCVTLNCTNINNNSTD-------------------------------------TSRGEIKN----CSFNI-T-TE--LRD-KK-QKE-YALF-YKLDVVPINNNDNNRSNNS------------------------------------------NTEYRLI---NCNTSVI-T---QA, 0.3684, 0
0.361024, -119.2719, 60, POINT, K, VKLTPLCVTLNCTNINNNSTD-------------------------------------TSKGEIKN----CSFNM-T-TE--LRD-KK-QKE-YALF-YKLDVVPINNNDNNRSNNS------------------------------------------NTEYRLI---NCNTSAI-T---QA, 0.0452, 0
0.364053, -113.9749, 74, POINT, V, VKLTPLCVTLNCTNINNNSTD-------------------------------------TSRGEIKN----CSFNV-T-TE--LRD-KK-QKE-YALF-YKLDVVPINNNDNNRSNNS------------------------------------------NTEYRLI---NCNTSAI-T---QA, 0.1557, 0
0.359879, -120.6166, 17, POINT, T, VKLTPLCVTLNCTNINNTSTD-------------------------------------TSRGEIKN----CSFNM-T-TE--LRD-KK-QKE-YALF-YKLDVVPINNNDNNRSNNS------------------------------------------NTEYRLI---NCNTSAI-T---QA, 0.0452, 0
0.370801, -113.5228, [74], CHUNK, ['I'], VKLTPLCVTLNCTNINNNSTD-------------------------------------TSRGEIKN----CSFNI-T-TE--LRD-KK-QKE-YALF-YKLDVVPINNNDNNRSNNS------------------------------------------NTEYRLI---NCNTSAI-T---QA, 0.0778, 0
0.368367, -5.9390, [74, 79, 82], CHUNK, ['I', 'N', 'I'], VKLTPLCVTLNCTNINNNSTD-------------------------------------TSRGEIKN----CSFNI-T-TN--IRD-KK-QKE-YALF-YRLDVVPINNNDNNRSNNS------------------------------------------NTEYRLI---NCNTSAI-T---QA, 0.5020, 0
0.352870, -120.2920, 174, POINT, T, VKLTPLCVTLNCTNINNNSTD-------------------------------------TSRGEIKN----CSFNM-T-TE--LRD-KK-QKE-YALF-YRLDVVPINNNDNNRSNNS------------------------------------------NTEYRLI---NCNTSTI-T---QA, 0.0452, 0
0.362094, -113.7273, [74], CHUNK, ['I'], VKLTPLCVTLNCTNINNNSTD-------------------------------------TSRGEIKN----CSFNI-T-TE--LRD-KK-QKE-YALF-YRLDVVPINNNDNNRSNNS------------------------------------------NTEYRLI---NCNTSAI-T---QA, 0.1601, 0
0.359409, -121.5349, 99, POINT, K, VKLTPLCVTLNCTNINNNSTD-------------------------------------TSRGEIKN----CSFNM-T-TE--LRD-KK-QKE-YALF-YKLDVVPINNNDNNRSNNS------------------------------------------NTEYRLI---NCNTSAI-T---QA, 0.0459, 0
0.358186, -123.0155, [99], CHUNK, ['K'], VKLTPLCVTLNCTNINNNSTD-------------------------------------SSRGEIKN----CSFNM-T-TE--LRD-KK-QKE-YALF-YKLDVVPINNNDNNRSNNS------------------------------------------NTEYRLI---NCNTSAI-T---QA, 0.0470, 0
0.360871, -113.6902, [74], CHUNK, ['I'], VKLTPLCVTLNCTNINNNSTD-------------------------------------SSRGEIKN----CSFNI-T-TE--LRD-KK-QKE-YALF-YRLDVVPINNNDNNRSNNS------------------------------------------NTEYRLI---NCNTSAI-T---QA, 0.1708, 0
0.351827, -120.1694, 60, POINT, T, VKLTPLCVTLNCTNINNNSTD-------------------------------------SSTGEIKN----CSFNM-T-TE--LRD-KK-QKE-YALF-YRLDVVPINNNDNNRSNNS------------------------------------------NTEYRLI---NCNTSAI-T---QA, 0.0470, 0
0.358186, -123.4365, 99, POINT, K, VKLTPLCVTLNCTNINNNSTD-------------------------------------SSRGEIKN----CSFNM-T-TE--LRD-KK-QKE-YALF-YKLDVVPINNNDNNRSNNS------------------------------------------NTEYRLI---NCNTSAI-T---QA, 0.0427, 0
0.352515, -119.2237, [74], CHUNK, ['I'], VKLTPLCVTLNCTNINNNSTD-------------------------------------SSRGELKN----CSFNI-T-TE--LRD-KK-QKE-YALF-YRLDVVPINNNDNNRSNNS------------------------------------------NTEYRLI---NCNTSAI-T---QA, 0.1516, 0
0.352515, -119.0364, [74], CHUNK, ['I'], VKLTPLCVTLNCTNINNNSTD-------------------------------------SSRGELKN----CSFNI-T-TE--LRD-KK-QKE-YALF-YRLDVVPINNNDNNRSNNS------------------------------------------NTEYRLI---NCNTSAI-T---QA, 0.1019, 0
0.352515, -115.1479, [74], CHUNK, ['I'], VKLTPLCVTLNCTNINNNSTD-------------------------------------SSRGELKN----CSFNI-T-TE--LRD-KK-QKE-YALF-YRLDVVPINNNDNNRSNNS------------------------------------------NTEYRLI---NCNTSAI-T---QA, 0.1402, 0
0.344712, -123.2500, 174, POINT, T, VKLTPLCVTLNCTNINNNSTD-------------------------------------SSRGELKN----CSFNM-T-TE--LRD-KK-QKE-YALF-YRLDVVPINNNDNNRSNNS------------------------------------------NTEYRLI---NCNTSTI-T---QA, 0.0380, 0
