Name base = V1V2_200_sq_9_8_ni
Iters = 200
Soft coverage = 1.31203964383
Energy = -131.344852901
Hard Covereage = 0.0368019545157
Num epitopes = 65
Initial seq = VKLTPLCVTLQCTNVTNNITD-------------------------------------DMRGELKN----CSFNM-T-TE--LRD-KK-QKV-YSLF-YRLDVVQINENQGNRSNNS------------------------------------------NKEYRLI---NCNTSAI-T---QA
-------START OF DATA------
1.351901, -126.3895, [10, 14, 16, 17, 18], CHUNK, ['N', 'A', 'S', 'T', 'N'], VKLTPLCVTLNCTNATSTNTD-------------------------------------DMRGELKN----CSFNM-T-TE--LRD-KK-QKV-YSLF-YRLDVVQINENQGNRSNNS------------------------------------------NKEYRLI---NCNTSAI-T---QA, 0.0162, 1
1.358915, -107.3649, 174, POINT, V, VKLTPLCVTLNCTNATSTNTD-------------------------------------DMRGELKN----CSFNM-T-TE--LRD-KK-QKV-YSLF-YRLDVVQINENQGNRSNNS------------------------------------------NKEYRLI---NCNTSVI-T---QA, 0.3541, 0
1.380976, -124.8115, [159, 160, 161], CHUNK, ['S', 'T', 'S'], VKLTPLCVTLNCTNATSTNTD-------------------------------------DMRGELKN----CSFNM-T-TE--LRD-KK-QKV-YSLF-YRLDVVQINENQGNRSNNS------------------------------------------STSYRLI---NCNTSAI-T---QA, 0.0162, 0
1.383259, -118.1954, [79, 82, 84], CHUNK, ['S', 'T', 'T'], VKLTPLCVTLNCTNATSTNTD-------------------------------------DMRGELKN----CSFNM-T-TS--TRT-KK-QKV-YSLF-YRLDVVQINENQGNRSNNS------------------------------------------NKEYRLI---NCNTSAI-T---QA, 0.0162, 0
1.367632, -109.3554, [74], CHUNK, ['V'], VKLTPLCVTLNCTNATSTNTD-------------------------------------DMRGELKN----CSFNV-T-TE--LRD-KK-QKV-YSLF-YRLDVVQINENQGNRSNNS------------------------------------------NKEYRLI---NCNTSAI-T---QA, 0.1321, 0
1.338507, -128.8436, [79, 82, 83, 84], CHUNK, ['N', 'M', 'S', 'N'], VKLTPLCVTLQCTNVTNNITD-------------------------------------DMRGELKN----CSFNM-T-TN--MSN-KK-QKV-YSLF-YRLDVVQINENQGNRSNNS------------------------------------------NKEYRLI---NCNTSAI-T---QA, 0.0000, 1
1.377701, 28.0074, [74, 82], CHUNK, ['I', 'I'], VKLTPLCVTLQCTNVTNNITD-------------------------------------DMRGELKN----CSFNI-T-TN--ISN-KK-QKV-YSLF-YRLDVVQINENQGNRSNNS------------------------------------------NKEYRLI---NCNTSAI-T---QA, 0.2535, 0
1.359020, -109.4406, 74, POINT, I, VKLTPLCVTLQCTNVTNNITD-------------------------------------DMRGELKN----CSFNI-T-TN--MSN-KK-QKV-YSLF-YRLDVVQINENQGNRSNNS------------------------------------------NKEYRLI---NCNTSAI-T---QA, 0.4033, 0
1.361781, -128.9563, 107, POINT, N, VKLTPLCVTLQCTNVTNNITD-------------------------------------DMRGELKN----CSFNM-T-TN--MSN-KK-QKV-YSLF-YRLDVVQINNNQGNRSNNS------------------------------------------NKEYRLI---NCNTSAI-T---QA, 0.0000, 1
1.404717, -128.0693, [160, 161], CHUNK, ['T', 'S'], VKLTPLCVTLQCTNVTNNITD-------------------------------------DMRGELKN----CSFNM-T-TN--MSN-KK-QKV-YSLF-YRLDVVQINNNQGNRSNNS------------------------------------------NTSYRLI---NCNTSAI-T---QA, 0.0000, 1
1.419419, -125.9506, 174, POINT, T, VKLTPLCVTLQCTNVTNNITD-------------------------------------DMRGELKN----CSFNM-T-TN--MSN-KK-QKV-YSLF-YRLDVVQINNNQGNRSNNS------------------------------------------NTSYRLI---NCNTSTI-T---QA, 0.0000, 0
1.419466, -127.5995, [116], CHUNK, ['T'], VKLTPLCVTLQCTNVTNNITD-------------------------------------DMRGELKN----CSFNM-T-TN--MSN-KK-QKV-YSLF-YRLDVVQINNNQGNRSNNT------------------------------------------NTSYRLI---NCNTSAI-T---QA, 0.0000, 0
1.422367, -114.0754, 74, POINT, V, VKLTPLCVTLQCTNVTNNITD-------------------------------------DMRGELKN----CSFNV-T-TN--MSN-KK-QKV-YSLF-YRLDVVQINNNQGNRSNNS------------------------------------------NTSYRLI---NCNTSAI-T---QA, 0.1131, 0
1.453873, -127.9726, [10], CHUNK, ['N'], VKLTPLCVTLNCTNVTNNITD-------------------------------------DMRGELKN----CSFNM-T-TN--MSN-KK-QKV-YSLF-YRLDVVQINNNQGNRSNNS------------------------------------------NTSYRLI---NCNTSAI-T---QA, 0.0000, 1
1.471523, -110.4434, [74], CHUNK, ['V'], VKLTPLCVTLNCTNVTNNITD-------------------------------------DMRGELKN----CSFNV-T-TN--MSN-KK-QKV-YSLF-YRLDVVQINNNQGNRSNNS------------------------------------------NTSYRLI---NCNTSAI-T---QA, 0.0983, 0
1.489758, -128.1358, [112, 113, 116], CHUNK, ['I', 'N', 'T'], VKLTPLCVTLNCTNVTNNITD-------------------------------------DMRGELKN----CSFNM-T-TN--MSN-KK-QKV-YSLF-YRLDVVQINNNQGNINNNT------------------------------------------NTSYRLI---NCNTSAI-T---QA, 0.0000, 0
1.476523, -105.2664, [71, 74], CHUNK, ['T', 'I'], VKLTPLCVTLNCTNVTNNITD-------------------------------------DMRGELKN----CTFNI-T-TN--MSN-KK-QKV-YSLF-YRLDVVQINNNQGNRSNNS------------------------------------------NTSYRLI---NCNTSAI-T---QA, 0.2256, 0
1.479458, -123.2286, [58, 59, 60, 63], CHUNK, ['S', 'I', 'K', 'V'], VKLTPLCVTLNCTNVTNNITD-------------------------------------SIKGEVKN----CSFNM-T-TN--MSN-KK-QKV-YSLF-YRLDVVQINNNQGNRSNNS------------------------------------------NTSYRLI---NCNTSAI-T---QA, 0.0131, 0
1.425231, -108.6711, [74], CHUNK, ['I'], VKLTPLCVTLQCTNVTNNITD-------------------------------------DMRGELKN----CSFNI-T-TN--MSN-KK-QKV-YSLF-YRLDVVQINNNQGNRSNNS------------------------------------------NTSYRLI---NCNTSAI-T---QA, 0.1521, 0
1.453873, -127.9726, [10], CHUNK, ['N'], VKLTPLCVTLNCTNVTNNITD-------------------------------------DMRGELKN----CSFNM-T-TN--MSN-KK-QKV-YSLF-YRLDVVQINNNQGNRSNNS------------------------------------------NTSYRLI---NCNTSAI-T---QA, 0.0000, 1
1.471947, -126.8955, [74], CHUNK, ['S'], VKLTPLCVTLNCTNVTNNITD-------------------------------------DMRGELKN----CSFNS-T-TN--MSN-KK-QKV-YSLF-YRLDVVQINNNQGNRSNNS------------------------------------------NTSYRLI---NCNTSAI-T---QA, 0.0390, 1
1.489440, -125.3955, [89, 90, 91, 94], CHUNK, ['K', 'T', 'E', 'A'], VKLTPLCVTLNCTNVTNNITD-------------------------------------DMRGELKN----CSFNS-T-TN--MSN-KK-KTE-YALF-YRLDVVQINNNQGNRSNNS------------------------------------------NTSYRLI---NCNTSAI-T---QA, 0.0390, 0
1.487742, -120.4604, [18, 19, 20], CHUNK, ['N', 'V', 'T'], VKLTPLCVTLNCTNVTNNNVT-------------------------------------DMRGELKN----CSFNS-T-TN--MSN-KK-QKV-YSLF-YRLDVVQINNNQGNRSNNS------------------------------------------NTSYRLI---NCNTSAI-T---QA, 0.0394, 0
1.485828, -124.8861, [86, 87, 91], CHUNK, ['R', 'T', 'E'], VKLTPLCVTLNCTNVTNNITD-------------------------------------DMRGELKN----CSFNS-T-TN--MSN-RT-QKE-YSLF-YRLDVVQINNNQGNRSNNS------------------------------------------NTSYRLI---NCNTSAI-T---QA, 0.0577, 0
1.489608, -124.8341, 18, POINT, N, VKLTPLCVTLNCTNVTNNNTD-------------------------------------DMRGELKN----CSFNS-T-TN--MSN-KK-QKV-YSLF-YRLDVVQINNNQGNRSNNS------------------------------------------NTSYRLI---NCNTSAI-T---QA, 0.0460, 1
1.501890, -123.3463, [89, 91, 94], CHUNK, ['K', 'E', 'A'], VKLTPLCVTLNCTNVTNNNTD-------------------------------------DMRGELKN----CSFNS-T-TN--MSN-KK-KKE-YALF-YRLDVVQINNNQGNRSNNS------------------------------------------NTSYRLI---NCNTSAI-T---QA, 0.0460, 1
1.511740, -119.3875, 99, POINT, N, VKLTPLCVTLNCTNVTNNNTD-------------------------------------DMRGELKN----CSFNS-T-TN--MSN-KK-KKE-YALF-YNLDVVQINNNQGNRSNNS------------------------------------------NTSYRLI---NCNTSAI-T---QA, 0.0829, 0
1.506502, -121.7200, 63, POINT, I, VKLTPLCVTLNCTNVTNNNTD-------------------------------------DMRGEIKN----CSFNS-T-TN--MSN-KK-KKE-YALF-YRLDVVQINNNQGNRSNNS------------------------------------------NTSYRLI---NCNTSAI-T---QA, 0.0445, 0
1.518173, -121.6361, [74], CHUNK, ['T'], VKLTPLCVTLNCTNVTNNNTD-------------------------------------DMRGELKN----CSFNT-T-TN--MSN-KK-KKE-YALF-YRLDVVQINNNQGNRSNNS------------------------------------------NTSYRLI---NCNTSAI-T---QA, 0.0669, 0
1.523758, -123.7210, 20, POINT, N, VKLTPLCVTLNCTNVTNNNTN-------------------------------------DMRGELKN----CSFNS-T-TN--MSN-KK-KKE-YALF-YRLDVVQINNNQGNRSNNS------------------------------------------NTSYRLI---NCNTSAI-T---QA, 0.0460, 0
1.504310, -122.5696, [174], CHUNK, ['T'], VKLTPLCVTLNCTNVTNNNTD-------------------------------------DMRGELKN----CSFNS-T-TN--MSN-KK-QKV-YSLF-YRLDVVQINNNQGNRSNNS------------------------------------------NTSYRLI---NCNTSTI-T---QA, 0.0460, 0
1.497355, -121.0948, [91, 94, 98], CHUNK, ['E', 'A', 'N'], VKLTPLCVTLNCTNVTNNNTD-------------------------------------DMRGELKN----CSFNS-T-TN--MSN-KK-QKE-YALF-NRLDVVQINNNQGNRSNNS------------------------------------------NTSYRLI---NCNTSAI-T---QA, 0.0460, 0
1.494744, -122.3868, 60, POINT, K, VKLTPLCVTLNCTNVTNNNTD-------------------------------------DMKGELKN----CSFNS-T-TN--MSN-KK-QKV-YSLF-YRLDVVQINNNQGNRSNNS------------------------------------------NTSYRLI---NCNTSAI-T---QA, 0.0460, 0
1.496220, -123.1079, 99, POINT, K, VKLTPLCVTLNCTNVTNNNTD-------------------------------------DMRGELKN----CSFNS-T-TN--MSN-KK-QKV-YSLF-YKLDVVQINNNQGNRSNNS------------------------------------------NTSYRLI---NCNTSAI-T---QA, 0.0460, 0
1.489320, -78.6207, [58, 59, 60, 61, 63], CHUNK, ['T', 'R', 'I', 'E', 'M'], VKLTPLCVTLNCTNVTNNITD-------------------------------------TRIEEMKN----CSFNS-T-TN--MSN-KK-QKV-YSLF-YRLDVVQINNNQGNRSNNS------------------------------------------NTSYRLI---NCNTSAI-T---QA, 0.2136, 0
1.486649, -124.6923, 174, POINT, T, VKLTPLCVTLNCTNVTNNITD-------------------------------------DMRGELKN----CSFNS-T-TN--MSN-KK-QKV-YSLF-YRLDVVQINNNQGNRSNNS------------------------------------------NTSYRLI---NCNTSTI-T---QA, 0.0390, 0
1.504977, -120.6221, [58, 59, 60, 63], CHUNK, ['S', 'T', 'K', 'M'], VKLTPLCVTLNCTNVTNNITD-------------------------------------STKGEMKN----CSFNS-T-TN--MSN-KK-QKV-YSLF-YRLDVVQINNNQGNRSNNS------------------------------------------NTSYRLI---NCNTSAI-T---QA, 0.0390, 0
1.497423, -124.8790, 14, POINT, N, VKLTPLCVTLNCTNNTNNITD-------------------------------------DMRGELKN----CSFNS-T-TN--MSN-KK-QKV-YSLF-YRLDVVQINNNQGNRSNNS------------------------------------------NTSYRLI---NCNTSAI-T---QA, 0.0405, 0
1.458849, -128.1750, 104, POINT, P, VKLTPLCVTLNCTNVTNNITD-------------------------------------DMRGELKN----CSFNM-T-TN--MSN-KK-QKV-YSLF-YRLDVVPINNNQGNRSNNS------------------------------------------NTSYRLI---NCNTSAI-T---QA, 0.0000, 1
1.463409, -125.4636, 98, POINT, N, VKLTPLCVTLNCTNVTNNITD-------------------------------------DMRGELKN----CSFNM-T-TN--MSN-KK-QKV-YSLF-NRLDVVPINNNQGNRSNNS------------------------------------------NTSYRLI---NCNTSAI-T---QA, 0.0000, 1
1.483922, -98.8743, [74], CHUNK, ['I'], VKLTPLCVTLNCTNVTNNITD-------------------------------------DMRGELKN----CSFNI-T-TN--MSN-KK-QKV-YSLF-NRLDVVPINNNQGNRSNNS------------------------------------------NTSYRLI---NCNTSAI-T---QA, 0.4798, 0
1.482299, -84.0356, [58, 59, 61], CHUNK, ['T', 'G', 'E'], VKLTPLCVTLNCTNVTNNITD-------------------------------------TGREELKN----CSFNM-T-TN--MSN-KK-QKV-YSLF-NRLDVVPINNNQGNRSNNS------------------------------------------NTSYRLI---NCNTSAI-T---QA, 0.2711, 0
1.483922, -107.4711, 74, POINT, I, VKLTPLCVTLNCTNVTNNITD-------------------------------------DMRGELKN----CSFNI-T-TN--MSN-KK-QKV-YSLF-NRLDVVPINNNQGNRSNNS------------------------------------------NTSYRLI---NCNTSAI-T---QA, 0.3022, 0
1.490319, -124.0800, [58, 59, 60], CHUNK, ['E', 'T', 'D'], VKLTPLCVTLNCTNVTNNITD-------------------------------------ETDGELKN----CSFNM-T-TN--MSN-KK-QKV-YSLF-NRLDVVPINNNQGNRSNNS------------------------------------------NTSYRLI---NCNTSAI-T---QA, 0.0205, 0
1.479289, -124.8995, 20, POINT, T, VKLTPLCVTLNCTNVTNNITT-------------------------------------DMRGELKN----CSFNM-T-TN--MSN-KK-QKV-YSLF-YRLDVVPINNNQGNRSNNS------------------------------------------NTSYRLI---NCNTSAI-T---QA, 0.0000, 1
1.499802, -108.8690, [74], CHUNK, ['I'], VKLTPLCVTLNCTNVTNNITT-------------------------------------DMRGELKN----CSFNI-T-TN--MSN-KK-QKV-YSLF-YRLDVVPINNNQGNRSNNS------------------------------------------NTSYRLI---NCNTSAI-T---QA, 0.1430, 0
1.497725, -15.1481, 82, POINT, I, VKLTPLCVTLNCTNVTNNITT-------------------------------------DMRGELKN----CSFNM-T-TN--ISN-KK-QKV-YSLF-YRLDVVPINNNQGNRSNNS------------------------------------------NTSYRLI---NCNTSAI-T---QA, 0.1313, 0
1.489933, -123.9090, 62, POINT, T, VKLTPLCVTLNCTNVTNNITT-------------------------------------DMRGTLKN----CSFNM-T-TN--MSN-KK-QKV-YSLF-YRLDVVPINNNQGNRSNNS------------------------------------------NTSYRLI---NCNTSAI-T---QA, 0.0000, 1
1.510337, -104.1772, [74], CHUNK, ['I'], VKLTPLCVTLNCTNVTNNITT-------------------------------------DMRGTLKN----CSFNI-T-TN--MSN-KK-QKV-YSLF-YRLDVVPINNNQGNRSNNS------------------------------------------NTSYRLI---NCNTSAI-T---QA, 0.2266, 1
1.537993, -103.7807, 14, POINT, N, VKLTPLCVTLNCTNNTNNITT-------------------------------------DMRGTLKN----CSFNI-T-TN--MSN-KK-QKV-YSLF-YRLDVVPINNNQGNRSNNS------------------------------------------NTSYRLI---NCNTSAI-T---QA, 0.1744, 0
1.521365, -69.7016, [58, 59, 60, 61, 62, 63], CHUNK, ['K', 'L', 'N', 'E', 'E', 'M'], VKLTPLCVTLNCTNVTNNITT-------------------------------------KLNEEMKN----CSFNI-T-TN--MSN-KK-QKV-YSLF-YRLDVVPINNNQGNRSNNS------------------------------------------NTSYRLI---NCNTSAI-T---QA, 0.2645, 0
1.542681, -105.9431, 112, POINT, N, VKLTPLCVTLNCTNVTNNITT-------------------------------------DMRGTLKN----CSFNI-T-TN--MSN-KK-QKV-YSLF-YRLDVVPINNNQGNNSNNS------------------------------------------NTSYRLI---NCNTSAI-T---QA, 0.1860, 0
1.537663, -102.0949, [99, 102, 104, 105], CHUNK, ['K', 'I', 'S', 'T'], VKLTPLCVTLNCTNVTNNITT-------------------------------------DMRGTLKN----CSFNI-T-TN--MSN-KK-QKV-YSLF-YKLDIVSTNNNQGNRSNNS------------------------------------------NTSYRLI---NCNTSAI-T---QA, 0.2717, 0
1.501337, -119.0127, [60, 62, 63], CHUNK, ['T', 'E', 'I'], VKLTPLCVTLNCTNVTNNITT-------------------------------------DMTGEIKN----CSFNM-T-TN--MSN-KK-QKV-YSLF-YRLDVVPINNNQGNRSNNS------------------------------------------NTSYRLI---NCNTSAI-T---QA, 0.0741, 0
1.497363, -123.5138, 89, POINT, K, VKLTPLCVTLNCTNVTNNITT-------------------------------------DMRGTLKN----CSFNM-T-TN--MSN-KK-KKV-YSLF-YRLDVVPINNNQGNRSNNS------------------------------------------NTSYRLI---NCNTSAI-T---QA, 0.0316, 1
1.529562, -125.0072, 110, POINT, N, VKLTPLCVTLNCTNVTNNITT-------------------------------------DMRGTLKN----CSFNM-T-TN--MSN-KK-KKV-YSLF-YRLDVVPINNNQNNRSNNS------------------------------------------NTSYRLI---NCNTSAI-T---QA, 0.0316, 0
1.508060, -120.8435, 99, POINT, N, VKLTPLCVTLNCTNVTNNITT-------------------------------------DMRGTLKN----CSFNM-T-TN--MSN-KK-KKV-YSLF-YNLDVVPINNNQGNRSNNS------------------------------------------NTSYRLI---NCNTSAI-T---QA, 0.0316, 1
1.530572, -119.3069, 18, POINT, T, VKLTPLCVTLNCTNVTNNTTT-------------------------------------DMRGTLKN----CSFNM-T-TN--MSN-KK-KKV-YSLF-YNLDVVPINNNQGNRSNNS------------------------------------------NTSYRLI---NCNTSAI-T---QA, 0.0316, 0
1.515074, -98.1455, 174, POINT, V, VKLTPLCVTLNCTNVTNNITT-------------------------------------DMRGTLKN----CSFNM-T-TN--MSN-KK-KKV-YSLF-YNLDVVPINNNQGNRSNNS------------------------------------------NTSYRLI---NCNTSVI-T---QA, 0.2798, 0
1.518900, -72.7508, [59, 60, 61, 62, 63], CHUNK, ['L', 'T', 'E', 'E', 'V'], VKLTPLCVTLNCTNVTNNITT-------------------------------------DLTEEVKN----CSFNM-T-TN--MSN-KK-KKV-YSLF-YNLDVVPINNNQGNRSNNS------------------------------------------NTSYRLI---NCNTSAI-T---QA, 0.1811, 0
1.528465, -105.4657, [74], CHUNK, ['I'], VKLTPLCVTLNCTNVTNNITT-------------------------------------DMRGTLKN----CSFNI-T-TN--MSN-KK-KKV-YSLF-YNLDVVPINNNQGNRSNNS------------------------------------------NTSYRLI---NCNTSAI-T---QA, 0.1962, 0
1.517767, -106.0209, [74], CHUNK, ['I'], VKLTPLCVTLNCTNVTNNITT-------------------------------------DMRGTLKN----CSFNI-T-TN--MSN-KK-KKV-YSLF-YRLDVVPINNNQGNRSNNS------------------------------------------NTSYRLI---NCNTSAI-T---QA, 0.2224, 0
1.504377, -99.8387, 174, POINT, V, VKLTPLCVTLNCTNVTNNITT-------------------------------------DMRGTLKN----CSFNM-T-TN--MSN-KK-KKV-YSLF-YRLDVVPINNNQGNRSNNS------------------------------------------NTSYRLI---NCNTSVI-T---QA, 0.1819, 0
1.517767, -98.2708, [74], CHUNK, ['I'], VKLTPLCVTLNCTNVTNNITT-------------------------------------DMRGTLKN----CSFNI-T-TN--MSN-KK-KKV-YSLF-YRLDVVPINNNQGNRSNNS------------------------------------------NTSYRLI---NCNTSAI-T---QA, 0.3847, 0
1.501232, -121.2181, 71, POINT, T, VKLTPLCVTLNCTNVTNNITT-------------------------------------DMRGTLKN----CTFNM-T-TN--MSN-KK-KKV-YSLF-YRLDVVPINNNQGNRSNNS------------------------------------------NTSYRLI---NCNTSAI-T---QA, 0.0316, 0
1.510337, -104.4406, [74], CHUNK, ['I'], VKLTPLCVTLNCTNVTNNITT-------------------------------------DMRGTLKN----CSFNI-T-TN--MSN-KK-QKV-YSLF-YRLDVVPINNNQGNRSNNS------------------------------------------NTSYRLI---NCNTSAI-T---QA, 0.3307, 0
1.507600, -122.9546, 59, POINT, S, VKLTPLCVTLNCTNVTNNITT-------------------------------------DSRGTLKN----CSFNM-T-TN--MSN-KK-QKV-YSLF-YRLDVVPINNNQGNRSNNS------------------------------------------NTSYRLI---NCNTSAI-T---QA, 0.0000, 0
1.510337, -96.4578, [74], CHUNK, ['I'], VKLTPLCVTLNCTNVTNNITT-------------------------------------DMRGTLKN----CSFNI-T-TN--MSN-KK-QKV-YSLF-YRLDVVPINNNQGNRSNNS------------------------------------------NTSYRLI---NCNTSAI-T---QA, 0.2801, 0
1.510337, -103.1743, [74], CHUNK, ['I'], VKLTPLCVTLNCTNVTNNITT-------------------------------------DMRGTLKN----CSFNI-T-TN--MSN-KK-QKV-YSLF-YRLDVVPINNNQGNRSNNS------------------------------------------NTSYRLI---NCNTSAI-T---QA, 0.2370, 0
1.497725, -60.2492, 82, POINT, I, VKLTPLCVTLNCTNVTNNITT-------------------------------------DMRGELKN----CSFNM-T-TN--ISN-KK-QKV-YSLF-YRLDVVPINNNQGNRSNNS------------------------------------------NTSYRLI---NCNTSAI-T---QA, 0.2889, 0
1.513646, -120.3240, [74], CHUNK, ['T'], VKLTPLCVTLNCTNVTNNITT-------------------------------------DMRGELKN----CSFNT-T-TN--MSN-KK-QKV-YSLF-YRLDVVPINNNQGNRSNNS------------------------------------------NTSYRLI---NCNTSAI-T---QA, 0.0000, 0
1.499802, -101.2909, [74], CHUNK, ['I'], VKLTPLCVTLNCTNVTNNITT-------------------------------------DMRGELKN----CSFNI-T-TN--MSN-KK-QKV-YSLF-YRLDVVPINNNQGNRSNNS------------------------------------------NTSYRLI---NCNTSAI-T---QA, 0.5175, 0
1.496938, -111.2648, [74], CHUNK, ['V'], VKLTPLCVTLNCTNVTNNITT-------------------------------------DMRGELKN----CSFNV-T-TN--MSN-KK-QKV-YSLF-YRLDVVPINNNQGNRSNNS------------------------------------------NTSYRLI---NCNTSAI-T---QA, 0.0698, 0
1.479363, -107.4781, 74, POINT, I, VKLTPLCVTLNCTNVTNNITD-------------------------------------DMRGELKN----CSFNI-T-TN--MSN-KK-QKV-YSLF-YRLDVVPINNNQGNRSNNS------------------------------------------NTSYRLI---NCNTSAI-T---QA, 0.2157, 0
1.493478, -125.6260, 82, POINT, T, VKLTPLCVTLNCTNVTNNITD-------------------------------------DMRGELKN----CSFNM-T-TN--TSN-KK-QKV-YSLF-YRLDVVPINNNQGNRSNNS------------------------------------------NTSYRLI---NCNTSAI-T---QA, 0.0000, 0
1.498476, -104.7427, [59, 60, 61, 62, 63, 64], CHUNK, ['N', 'D', 'T', 'S', 'M', 'R'], VKLTPLCVTLNCTNVTNNITD-------------------------------------DNDTSMRN----CSFNM-T-TN--MSN-KK-QKV-YSLF-YRLDVVPINNNQGNRSNNS------------------------------------------NTSYRLI---NCNTSAI-T---QA, 0.0039, 0
1.479363, -101.6025, [74], CHUNK, ['I'], VKLTPLCVTLNCTNVTNNITD-------------------------------------DMRGELKN----CSFNI-T-TN--MSN-KK-QKV-YSLF-YRLDVVPINNNQGNRSNNS------------------------------------------NTSYRLI---NCNTSAI-T---QA, 0.4411, 0
