Name base = V1V2_200_exp_9_5_i
Iters = 200
Soft coverage = 0.284621885725
Energy = -130.586987196
Hard Covereage = 0.0368019545157
Num epitopes = 65
Initial seq = VKLTPLCVTLQCTNVTNNITD-------------------------------------DMRGELKN----CSFNM-T-TE--LRD-KK-QKV-YSLF-YRLDVVQINENQGNRSNNS------------------------------------------NKEYRLI---NCNTSAI-T---QA
-------START OF DATA------
0.303242, -131.8927, [10, 13], CHUNK, ['N', 'T'], VKLTPLCVTLNCTTVTNNITD-------------------------------------DMRGELKN----CSFNM-T-TE--LRD-KK-QKV-YSLF-YRLDVVQINENQGNRSNNS------------------------------------------NKEYRLI---NCNTSAI-T---QA, 0.0312, 1
0.316648, -130.3140, [89, 91, 94], CHUNK, ['K', 'E', 'A'], VKLTPLCVTLNCTTVTNNITD-------------------------------------DMRGELKN----CSFNM-T-TE--LRD-KK-KKE-YALF-YRLDVVQINENQGNRSNNS------------------------------------------NKEYRLI---NCNTSAI-T---QA, 0.0312, 1
0.326620, -121.0587, [74], CHUNK, ['I'], VKLTPLCVTLNCTTVTNNITD-------------------------------------DMRGELKN----CSFNI-T-TE--LRD-KK-KKE-YALF-YRLDVVQINENQGNRSNNS------------------------------------------NKEYRLI---NCNTSAI-T---QA, 0.0800, 1
0.338727, -123.1048, [160, 161], CHUNK, ['T', 'S'], VKLTPLCVTLNCTTVTNNITD-------------------------------------DMRGELKN----CSFNI-T-TE--LRD-KK-KKE-YALF-YRLDVVQINENQGNRSNNS------------------------------------------NTSYRLI---NCNTSAI-T---QA, 0.0397, 0
0.326303, -113.4187, 138, POINT, K, VKLTPLCVTLNCTTVTNNITD-------------------------------------DMRGELKN----CSFNI-T-TE--LRD-KK-KKE-YALF-YRLDVVQINENQGNRSNNS---------------------S--------------------DKEYRLI---NCNTSAI-T---QA, 1.6074, 0
0.338727, -123.4570, [160, 161], CHUNK, ['T', 'S'], VKLTPLCVTLNCTTVTNNITD-------------------------------------DMRGELKN----CSFNI-T-TE--LRD-KK-KKE-YALF-YRLDVVQINENQGNRSNNS------------------------------------------NTSYRLI---NCNTSAI-T---QA, 0.0570, 0
0.338727, -123.3639, [160, 161], CHUNK, ['T', 'S'], VKLTPLCVTLNCTTVTNNITD-------------------------------------DMRGELKN----CSFNI-T-TE--LRD-KK-KKE-YALF-YRLDVVQINENQGNRSNNS------------------------------------------NTSYRLI---NCNTSAI-T---QA, 0.0654, 0
0.323919, -128.6426, 63, POINT, I, VKLTPLCVTLNCTTVTNNITD-------------------------------------DMRGEIKN----CSFNM-T-TE--LRD-KK-KKE-YALF-YRLDVVQINENQGNRSNNS------------------------------------------NKEYRLI---NCNTSAI-T---QA, 0.0312, 1
0.328687, -128.2846, 109, POINT, N, VKLTPLCVTLNCTTVTNNITD-------------------------------------DMRGEIKN----CSFNM-T-TE--LRD-KK-KKE-YALF-YRLDVVQINENNGNRSNNS------------------------------------------NKEYRLI---NCNTSAI-T---QA, 0.0312, 1
0.332898, -127.5893, 161, POINT, S, VKLTPLCVTLNCTTVTNNITD-------------------------------------DMRGEIKN----CSFNM-T-TE--LRD-KK-KKE-YALF-YRLDVVQINENNGNRSNNS------------------------------------------NKSYRLI---NCNTSAI-T---QA, 0.0439, 0
0.340793, -127.3972, [160, 161], CHUNK, ['T', 'S'], VKLTPLCVTLNCTTVTNNITD-------------------------------------DMRGEIKN----CSFNM-T-TE--LRD-KK-KKE-YALF-YRLDVVQINENNGNRSNNS------------------------------------------NTSYRLI---NCNTSAI-T---QA, 0.0312, 0
0.332898, -127.5128, 161, POINT, S, VKLTPLCVTLNCTTVTNNITD-------------------------------------DMRGEIKN----CSFNM-T-TE--LRD-KK-KKE-YALF-YRLDVVQINENNGNRSNNS------------------------------------------NKSYRLI---NCNTSAI-T---QA, 0.0222, 1
0.344290, -121.5277, [74], CHUNK, ['I'], VKLTPLCVTLNCTTVTNNITD-------------------------------------DMRGEIKN----CSFNI-T-TE--LRD-KK-KKE-YALF-YRLDVVQINENNGNRSNNS------------------------------------------NKSYRLI---NCNTSAI-T---QA, 0.0487, 0
0.344290, -120.3143, [74], CHUNK, ['I'], VKLTPLCVTLNCTTVTNNITD-------------------------------------DMRGEIKN----CSFNI-T-TE--LRD-KK-KKE-YALF-YRLDVVQINENNGNRSNNS------------------------------------------NKSYRLI---NCNTSAI-T---QA, 0.0937, 0
0.332962, -73.4604, 127, POINT, K, VKLTPLCVTLNCTTVTNNITD-------------------------------------DMRGEIKN----CSFNM-T-TE--LRD-KK-KKE-YALF-YRLDVVQINENNGNRSNNT----------K-------------------------------TKSYRLI---NCNTSAI-T---QA, 1.6140, 0
0.344290, -119.1993, 74, POINT, I, VKLTPLCVTLNCTTVTNNITD-------------------------------------DMRGEIKN----CSFNI-T-TE--LRD-KK-KKE-YALF-YRLDVVQINENNGNRSNNS------------------------------------------NKSYRLI---NCNTSAI-T---QA, 0.0557, 0
0.340793, -127.3972, [160, 161], CHUNK, ['T', 'S'], VKLTPLCVTLNCTTVTNNITD-------------------------------------DMRGEIKN----CSFNM-T-TE--LRD-KK-KKE-YALF-YRLDVVQINENNGNRSNNS------------------------------------------NTSYRLI---NCNTSAI-T---QA, 0.0312, 1
0.348332, -125.4545, [99], CHUNK, ['K'], VKLTPLCVTLNCTTVTNNITD-------------------------------------DMRGEIKN----CSFNM-T-TE--LRD-KK-KKE-YALF-YKLDVVQINENNGNRSNNS------------------------------------------NTSYRLI---NCNTSAI-T---QA, 0.0312, 1
0.337242, -80.1674, 125, POINT, T, VKLTPLCVTLNCTTVTNNITD-------------------------------------DMRGEIKN----CSFNM-T-TE--LRD-KK-KKE-YALF-YKLDVVQINENNGNRSNND--------Q---------------------------------KTSYRLI---NCNTSAI-T---QA, 1.6722, 0
0.355615, -100.9196, 174, POINT, V, VKLTPLCVTLNCTTVTNNITD-------------------------------------DMRGEIKN----CSFNM-T-TE--LRD-KK-KKE-YALF-YKLDVVQINENNGNRSNNS------------------------------------------NTSYRLI---NCNTSVI-T---QA, 0.2219, 0
0.352971, -125.6023, 104, POINT, P, VKLTPLCVTLNCTTVTNNITD-------------------------------------DMRGEIKN----CSFNM-T-TE--LRD-KK-KKE-YALF-YKLDVVPINENNGNRSNNS------------------------------------------NTSYRLI---NCNTSAI-T---QA, 0.0312, 1
0.364364, -119.7339, [74], CHUNK, ['I'], VKLTPLCVTLNCTTVTNNITD-------------------------------------DMRGEIKN----CSFNI-T-TE--LRD-KK-KKE-YALF-YKLDVVPINENNGNRSNNS------------------------------------------NTSYRLI---NCNTSAI-T---QA, 0.0623, 0
0.364364, -117.2499, 74, POINT, I, VKLTPLCVTLNCTTVTNNITD-------------------------------------DMRGEIKN----CSFNI-T-TE--LRD-KK-KKE-YALF-YKLDVVPINENNGNRSNNS------------------------------------------NTSYRLI---NCNTSAI-T---QA, 0.0800, 1
0.370362, 4.8279, [79, 82], CHUNK, ['N', 'I'], VKLTPLCVTLNCTTVTNNITD-------------------------------------DMRGEIKN----CSFNI-T-TN--IRD-KK-KKE-YALF-YKLDVVPINENNGNRSNNS------------------------------------------NTSYRLI---NCNTSAI-T---QA, 0.0766, 0
0.371646, -93.1452, 174, POINT, V, VKLTPLCVTLNCTTVTNNITD-------------------------------------DMRGEIKN----CSFNI-T-TE--LRD-KK-KKE-YALF-YKLDVVPINENNGNRSNNS------------------------------------------NTSYRLI---NCNTSVI-T---QA, 0.1629, 0
0.373083, -86.9888, [169, 174], CHUNK, ['S', 'V'], VKLTPLCVTLNCTTVTNNITD-------------------------------------DMRGEIKN----CSFNI-T-TE--LRD-KK-KKE-YALF-YKLDVVPINENNGNRSNNS------------------------------------------NTSYRLI---SCNTSVI-T---QA, 0.2309, 0
0.369411, -117.7227, 13, POINT, N, VKLTPLCVTLNCTNVTNNITD-------------------------------------DMRGEIKN----CSFNI-T-TE--LRD-KK-KKE-YALF-YKLDVVPINENNGNRSNNS------------------------------------------NTSYRLI---NCNTSAI-T---QA, 0.1046, 1
0.370461, 86.0426, 120, POINT, T, VKLTPLCVTLNCTNVTNNITD-------------------------------------DMRGEIKN----CSFNI-T-TE--LRD-KK-KKE-YALF-YKLDVVPINENNGNRSNNS---D--------------------------------------NTSYRLI---NCNTSAI-T---QA, 1.6527, 0
0.366255, -103.8417, 120, POINT, T, VKLTPLCVTLNCTNVTNNITD-------------------------------------DMRGEIKN----CSFNI-T-TE--LRD-KK-KKE-YALF-YKLDVVPINENNGNRSNNK---K--------------------------------------NTSYRLI---NCNTSAI-T---QA, 1.6147, 0
0.373263, 2.3353, [82, 87], CHUNK, ['I', 'V'], VKLTPLCVTLNCTNVTNNITD-------------------------------------DMRGEIKN----CSFNI-T-TE--IRD-KV-KKE-YALF-YKLDVVPINENNGNRSNNS------------------------------------------NTSYRLI---NCNTSAI-T---QA, 0.0714, 0
0.378130, -88.8905, [169, 174], CHUNK, ['S', 'V'], VKLTPLCVTLNCTNVTNNITD-------------------------------------DMRGEIKN----CSFNI-T-TE--LRD-KK-KKE-YALF-YKLDVVPINENNGNRSNNS------------------------------------------NTSYRLI---SCNTSVI-T---QA, 0.1768, 0
0.373083, -90.7141, [169, 174], CHUNK, ['S', 'V'], VKLTPLCVTLNCTTVTNNITD-------------------------------------DMRGEIKN----CSFNI-T-TE--LRD-KK-KKE-YALF-YKLDVVPINENNGNRSNNS------------------------------------------NTSYRLI---SCNTSVI-T---QA, 0.1820, 0
0.373083, -89.9525, [169, 174], CHUNK, ['S', 'V'], VKLTPLCVTLNCTTVTNNITD-------------------------------------DMRGEIKN----CSFNI-T-TE--LRD-KK-KKE-YALF-YKLDVVPINENNGNRSNNS------------------------------------------NTSYRLI---SCNTSVI-T---QA, 0.1671, 0
0.371646, -92.7633, [174], CHUNK, ['V'], VKLTPLCVTLNCTTVTNNITD-------------------------------------DMRGEIKN----CSFNI-T-TE--LRD-KK-KKE-YALF-YKLDVVPINENNGNRSNNS------------------------------------------NTSYRLI---NCNTSVI-T---QA, 0.1785, 0
0.363618, 2552.7465, 120, POINT, T, VKLTPLCVTLNCTTVTNNITD-------------------------------------DMRGEIKN----CSFNI-T-TE--LRD-KK-KKE-YALF-YKLDVVPINENNGNRSNNS---V--------------------------------------NTSYRLI---NCNTSAI-T---QA, 1.6467, 0
0.358018, -124.8481, 13, POINT, N, VKLTPLCVTLNCTNVTNNITD-------------------------------------DMRGEIKN----CSFNM-T-TE--LRD-KK-KKE-YALF-YKLDVVPINENNGNRSNNS------------------------------------------NTSYRLI---NCNTSAI-T---QA, 0.0312, 1
0.365300, -99.8699, 174, POINT, V, VKLTPLCVTLNCTNVTNNITD-------------------------------------DMRGEIKN----CSFNM-T-TE--LRD-KK-KKE-YALF-YKLDVVPINENNGNRSNNS------------------------------------------NTSYRLI---NCNTSVI-T---QA, 0.1584, 0
0.366737, -96.6296, [169, 174], CHUNK, ['S', 'V'], VKLTPLCVTLNCTNVTNNITD-------------------------------------DMRGEIKN----CSFNM-T-TE--LRD-KK-KKE-YALF-YKLDVVPINENNGNRSNNS------------------------------------------NTSYRLI---SCNTSVI-T---QA, 0.2374, 0
0.369411, -115.6107, [74], CHUNK, ['I'], VKLTPLCVTLNCTNVTNNITD-------------------------------------DMRGEIKN----CSFNI-T-TE--LRD-KK-KKE-YALF-YKLDVVPINENNGNRSNNS------------------------------------------NTSYRLI---NCNTSAI-T---QA, 0.1289, 0
0.354317, -98.1713, 123, POINT, T, VKLTPLCVTLNCTNVTNNITD-------------------------------------DMRGEIKN----CSFNM-T-TE--LRD-KK-KKE-YALF-YKLDVVPINENNGNRSNNE------K-----------------------------------NTSYRLI---NCNTSAI-T---QA, 1.6121, 0
0.357615, -121.2139, 74, POINT, V, VKLTPLCVTLNCTTVTNNITD-------------------------------------DMRGEIKN----CSFNV-T-TE--LRD-KK-KKE-YALF-YKLDVVPINENNGNRSNNS------------------------------------------NTSYRLI---NCNTSAI-T---QA, 0.0259, 0
0.364364, -119.4483, [74], CHUNK, ['I'], VKLTPLCVTLNCTTVTNNITD-------------------------------------DMRGEIKN----CSFNI-T-TE--LRD-KK-KKE-YALF-YKLDVVPINENNGNRSNNS------------------------------------------NTSYRLI---NCNTSAI-T---QA, 0.0666, 0
0.357615, -121.3760, 74, POINT, V, VKLTPLCVTLNCTTVTNNITD-------------------------------------DMRGEIKN----CSFNV-T-TE--LRD-KK-KKE-YALF-YKLDVVPINENNGNRSNNS------------------------------------------NTSYRLI---NCNTSAI-T---QA, 0.0395, 1
0.364897, -92.5002, [174], CHUNK, ['V'], VKLTPLCVTLNCTTVTNNITD-------------------------------------DMRGEIKN----CSFNV-T-TE--LRD-KK-KKE-YALF-YKLDVVPINENNGNRSNNS------------------------------------------NTSYRLI---NCNTSVI-T---QA, 0.1492, 0
0.364897, -93.7677, [174], CHUNK, ['V'], VKLTPLCVTLNCTTVTNNITD-------------------------------------DMRGEIKN----CSFNV-T-TE--LRD-KK-KKE-YALF-YKLDVVPINENNGNRSNNS------------------------------------------NTSYRLI---NCNTSVI-T---QA, 0.1498, 0
0.364364, -119.8103, [74], CHUNK, ['I'], VKLTPLCVTLNCTTVTNNITD-------------------------------------DMRGEIKN----CSFNI-T-TE--LRD-KK-KKE-YALF-YKLDVVPINENNGNRSNNS------------------------------------------NTSYRLI---NCNTSAI-T---QA, 0.0622, 1
0.371646, -93.7239, [174], CHUNK, ['V'], VKLTPLCVTLNCTTVTNNITD-------------------------------------DMRGEIKN----CSFNI-T-TE--LRD-KK-KKE-YALF-YKLDVVPINENNGNRSNNS------------------------------------------NTSYRLI---NCNTSVI-T---QA, 0.1579, 0
0.371646, -92.4766, 174, POINT, V, VKLTPLCVTLNCTTVTNNITD-------------------------------------DMRGEIKN----CSFNI-T-TE--LRD-KK-KKE-YALF-YKLDVVPINENNGNRSNNS------------------------------------------NTSYRLI---NCNTSVI-T---QA, 0.1827, 0
0.367462, -117.4450, [13, 14], CHUNK, ['N', 'A'], VKLTPLCVTLNCTNATNNITD-------------------------------------DMRGEIKN----CSFNI-T-TE--LRD-KK-KKE-YALF-YKLDVVPINENNGNRSNNS------------------------------------------NTSYRLI---NCNTSAI-T---QA, 0.0652, 1
0.366717, 2554.8356, 120, POINT, T, VKLTPLCVTLNCTNATNNITD-------------------------------------DMRGEIKN----CSFNI-T-TE--LRD-KK-KKE-YALF-YKLDVVPINENNGNRSNNS---V--------------------------------------NTSYRLI---NCNTSAI-T---QA, 1.6471, 0
0.372195, -118.2293, 112, POINT, N, VKLTPLCVTLNCTNATNNITD-------------------------------------DMRGEIKN----CSFNI-T-TE--LRD-KK-KKE-YALF-YKLDVVPINENNGNNSNNS------------------------------------------NTSYRLI---NCNTSAI-T---QA, 0.0622, 1
0.380915, -86.6299, [169, 174], CHUNK, ['S', 'V'], VKLTPLCVTLNCTNATNNITD-------------------------------------DMRGEIKN----CSFNI-T-TE--LRD-KK-KKE-YALF-YKLDVVPINENNGNNSNNS------------------------------------------NTSYRLI---SCNTSVI-T---QA, 0.1115, 0
0.371897, 2548.7881, 120, POINT, T, VKLTPLCVTLNCTNATNNITD-------------------------------------DMRGEIKN----CSFNI-T-TE--LRD-KK-KKE-YALF-YKLDVVPINENNGNNSNNS---V--------------------------------------NTSYRLI---NCNTSAI-T---QA, 1.6474, 0
0.379671, 3.2595, [79, 82, 87], CHUNK, ['N', 'I', 'V'], VKLTPLCVTLNCTNATNNITD-------------------------------------DMRGEIKN----CSFNI-T-TN--IRD-KV-KKE-YALF-YKLDVVPINENNGNNSNNS------------------------------------------NTSYRLI---NCNTSAI-T---QA, 0.0611, 0
0.370446, -85.6291, 134, POINT, T, VKLTPLCVTLNCTNATNNITD-------------------------------------DMRGEIKN----CSFNI-T-TE--LRD-KK-KKE-YALF-YKLDVVPINENNGNNSNNS-----------------S------------------------STSYRLI---NCNTSAI-T---QA, 1.6253, 0
0.372195, -118.4704, 112, POINT, N, VKLTPLCVTLNCTNATNNITD-------------------------------------DMRGEIKN----CSFNI-T-TE--LRD-KK-KKE-YALF-YKLDVVPINENNGNNSNNS------------------------------------------NTSYRLI---NCNTSAI-T---QA, 0.0734, 0
0.376182, -86.1160, [169, 174], CHUNK, ['S', 'V'], VKLTPLCVTLNCTNATNNITD-------------------------------------DMRGEIKN----CSFNI-T-TE--LRD-KK-KKE-YALF-YKLDVVPINENNGNRSNNS------------------------------------------NTSYRLI---SCNTSVI-T---QA, 0.1630, 0
0.371931, -116.7849, 112, POINT, T, VKLTPLCVTLNCTNATNNITD-------------------------------------DMRGEIKN----CSFNI-T-TE--LRD-KK-KKE-YALF-YKLDVVPINENNGNTSNNS------------------------------------------NTSYRLI---NCNTSAI-T---QA, 0.0652, 0
0.372195, -118.1962, 112, POINT, N, VKLTPLCVTLNCTNATNNITD-------------------------------------DMRGEIKN----CSFNI-T-TE--LRD-KK-KKE-YALF-YKLDVVPINENNGNNSNNS------------------------------------------NTSYRLI---NCNTSAI-T---QA, 0.0734, 0
0.373083, -89.4849, [169, 174], CHUNK, ['S', 'V'], VKLTPLCVTLNCTTVTNNITD-------------------------------------DMRGEIKN----CSFNI-T-TE--LRD-KK-KKE-YALF-YKLDVVPINENNGNRSNNS------------------------------------------NTSYRLI---SCNTSVI-T---QA, 0.1668, 0
0.371646, -93.2917, [174], CHUNK, ['V'], VKLTPLCVTLNCTTVTNNITD-------------------------------------DMRGEIKN----CSFNI-T-TE--LRD-KK-KKE-YALF-YKLDVVPINENNGNRSNNS------------------------------------------NTSYRLI---NCNTSVI-T---QA, 0.1286, 0
0.359435, -102.8147, 117, POINT, T, VKLTPLCVTLNCTTVTNNITD-------------------------------------DMRGEIKN----CSFNI-T-TE--LRD-KK-KKE-YALF-YKLDVVPINENNGNRSNNES-----------------------------------------TTSYRLI---NCNTSAI-T---QA, 1.6098, 0
0.363618, 2548.7100, 118, POINT, T, VKLTPLCVTLNCTTVTNNITD-------------------------------------DMRGEIKN----CSFNI-T-TE--LRD-KK-KKE-YALF-YKLDVVPINENNGNRSNNS-V----------------------------------------NTSYRLI---NCNTSAI-T---QA, 1.6470, 0
0.362009, -122.8695, 110, POINT, N, VKLTPLCVTLNCTTVTNNITD-------------------------------------DMRGEIKN----CSFNV-T-TE--LRD-KK-KKE-YALF-YKLDVVPINENNNNRSNNS------------------------------------------NTSYRLI---NCNTSAI-T---QA, 0.0395, 1
0.370729, -88.0831, [169, 174], CHUNK, ['S', 'V'], VKLTPLCVTLNCTTVTNNITD-------------------------------------DMRGEIKN----CSFNV-T-TE--LRD-KK-KKE-YALF-YKLDVVPINENNNNRSNNS------------------------------------------NTSYRLI---SCNTSVI-T---QA, 0.1958, 0
0.358197, -91.2591, 121, POINT, T, VKLTPLCVTLNCTTVTNNITD-------------------------------------DMRGEIKN----CSFNV-T-TE--LRD-KK-KKE-YALF-YKLDVVPINENNNNRSNNN----S-------------------------------------KTSYRLI---NCNTSAI-T---QA, 1.6301, 0
0.369292, -95.0652, [174], CHUNK, ['V'], VKLTPLCVTLNCTTVTNNITD-------------------------------------DMRGEIKN----CSFNV-T-TE--LRD-KK-KKE-YALF-YKLDVVPINENNNNRSNNS------------------------------------------NTSYRLI---NCNTSVI-T---QA, 0.1177, 0
0.369292, -96.1611, [174], CHUNK, ['V'], VKLTPLCVTLNCTTVTNNITD-------------------------------------DMRGEIKN----CSFNV-T-TE--LRD-KK-KKE-YALF-YKLDVVPINENNNNRSNNS------------------------------------------NTSYRLI---NCNTSVI-T---QA, 0.1794, 0
0.362662, -120.5393, 13, POINT, N, VKLTPLCVTLNCTNVTNNITD-------------------------------------DMRGEIKN----CSFNV-T-TE--LRD-KK-KKE-YALF-YKLDVVPINENNGNRSNNS------------------------------------------NTSYRLI---NCNTSAI-T---QA, 0.0497, 0
0.356870, 2547.5450, 125, POINT, T, VKLTPLCVTLNCTTVTNNITD-------------------------------------DMRGEIKN----CSFNV-T-TE--LRD-KK-KKE-YALF-YKLDVVPINENNGNRSNNS--------V---------------------------------NTSYRLI---NCNTSAI-T---QA, 1.6497, 0
0.354776, 6.9573, 129, POINT, T, VKLTPLCVTLNCTTVTNNITD-------------------------------------DMRGEIKN----CSFNV-T-TE--LRD-KK-KKE-YALF-YKLDVVPINENNGNRSNNR------------D-----------------------------NTSYRLI---NCNTSAI-T---QA, 1.6311, 0
0.350064, -45.7071, 125, POINT, T, VKLTPLCVTLNCTTVTNNITD-------------------------------------DMRGEIKN----CSFNV-T-TE--LRD-KK-KKE-YALF-YKLDVVPINENNGNRSNNK--------K---------------------------------STSYRLI---NCNTSAI-T---QA, 1.6066, 0
0.364364, -120.6001, 74, POINT, I, VKLTPLCVTLNCTTVTNNITD-------------------------------------DMRGEIKN----CSFNI-T-TE--LRD-KK-KKE-YALF-YKLDVVPINENNGNRSNNS------------------------------------------NTSYRLI---NCNTSAI-T---QA, 0.0627, 0
0.361690, -96.6112, [169, 174], CHUNK, ['S', 'V'], VKLTPLCVTLNCTTVTNNITD-------------------------------------DMRGEIKN----CSFNM-T-TE--LRD-KK-KKE-YALF-YKLDVVPINENNGNRSNNS------------------------------------------NTSYRLI---SCNTSVI-T---QA, 0.1420, 0
0.364364, -119.0184, [74], CHUNK, ['I'], VKLTPLCVTLNCTTVTNNITD-------------------------------------DMRGEIKN----CSFNI-T-TE--LRD-KK-KKE-YALF-YKLDVVPINENNGNRSNNS------------------------------------------NTSYRLI---NCNTSAI-T---QA, 0.0439, 1
0.368704, -119.1310, 107, POINT, N, VKLTPLCVTLNCTTVTNNITD-------------------------------------DMRGEIKN----CSFNI-T-TE--LRD-KK-KKE-YALF-YKLDVVPINNNNGNRSNNS------------------------------------------NTSYRLI---NCNTSAI-T---QA, 0.0439, 0
0.371646, -93.3010, [174], CHUNK, ['V'], VKLTPLCVTLNCTTVTNNITD-------------------------------------DMRGEIKN----CSFNI-T-TE--LRD-KK-KKE-YALF-YKLDVVPINENNGNRSNNS------------------------------------------NTSYRLI---NCNTSVI-T---QA, 0.1686, 0
0.371646, -92.6971, [174], CHUNK, ['V'], VKLTPLCVTLNCTTVTNNITD-------------------------------------DMRGEIKN----CSFNI-T-TE--LRD-KK-KKE-YALF-YKLDVVPINENNGNRSNNS------------------------------------------NTSYRLI---NCNTSVI-T---QA, 0.1332, 0
0.359429, -112.6030, 132, POINT, T, VKLTPLCVTLNCTTVTNNITD-------------------------------------DMRGEIKN----CSFNI-T-TE--LRD-KK-KKE-YALF-YKLDVVPINENNGNRSNNS---------------S--------------------------KTSYRLI---NCNTSAI-T---QA, 1.6053, 0
0.364364, -119.6135, [74], CHUNK, ['I'], VKLTPLCVTLNCTTVTNNITD-------------------------------------DMRGEIKN----CSFNI-T-TE--LRD-KK-KKE-YALF-YKLDVVPINENNGNRSNNS------------------------------------------NTSYRLI---NCNTSAI-T---QA, 0.0530, 1
0.359300, -20.6053, 136, POINT, T, VKLTPLCVTLNCTTVTNNITD-------------------------------------DMRGEIKN----CSFNI-T-TE--LRD-KK-KKE-YALF-YKLDVVPINENNGNRSNNS-------------------E----------------------TTSYRLI---NCNTSAI-T---QA, 1.6151, 0
0.371646, -91.5991, [174], CHUNK, ['V'], VKLTPLCVTLNCTTVTNNITD-------------------------------------DMRGEIKN----CSFNI-T-TE--LRD-KK-KKE-YALF-YKLDVVPINENNGNRSNNS------------------------------------------NTSYRLI---NCNTSVI-T---QA, 0.1623, 0
0.368704, -119.9512, 107, POINT, N, VKLTPLCVTLNCTTVTNNITD-------------------------------------DMRGEIKN----CSFNI-T-TE--LRD-KK-KKE-YALF-YKLDVVPINNNNGNRSNNS------------------------------------------NTSYRLI---NCNTSAI-T---QA, 0.0541, 0
0.371646, -93.6304, [174], CHUNK, ['V'], VKLTPLCVTLNCTTVTNNITD-------------------------------------DMRGEIKN----CSFNI-T-TE--LRD-KK-KKE-YALF-YKLDVVPINENNGNRSNNS------------------------------------------NTSYRLI---NCNTSVI-T---QA, 0.1841, 0
0.364364, -119.5633, [74], CHUNK, ['I'], VKLTPLCVTLNCTTVTNNITD-------------------------------------DMRGEIKN----CSFNI-T-TE--LRD-KK-KKE-YALF-YKLDVVPINENNGNRSNNS------------------------------------------NTSYRLI---NCNTSAI-T---QA, 0.0763, 0
0.364364, -118.4732, [74], CHUNK, ['I'], VKLTPLCVTLNCTTVTNNITD-------------------------------------DMRGEIKN----CSFNI-T-TE--LRD-KK-KKE-YALF-YKLDVVPINENNGNRSNNS------------------------------------------NTSYRLI---NCNTSAI-T---QA, 0.0829, 0
0.364364, -118.3120, 74, POINT, I, VKLTPLCVTLNCTTVTNNITD-------------------------------------DMRGEIKN----CSFNI-T-TE--LRD-KK-KKE-YALF-YKLDVVPINENNGNRSNNS------------------------------------------NTSYRLI---NCNTSAI-T---QA, 0.0225, 1
0.369411, -118.7262, 13, POINT, N, VKLTPLCVTLNCTNVTNNITD-------------------------------------DMRGEIKN----CSFNI-T-TE--LRD-KK-KKE-YALF-YKLDVVPINENNGNRSNNS------------------------------------------NTSYRLI---NCNTSAI-T---QA, 0.0437, 0
0.357557, -53.8755, 121, POINT, T, VKLTPLCVTLNCTTVTNNITD-------------------------------------DMRGEIKN----CSFNI-T-TE--LRD-KK-KKE-YALF-YKLDVVPINENNGNRSNNN----D-------------------------------------QTSYRLI---NCNTSAI-T---QA, 1.6333, 0
0.357081, -49.9414, 120, POINT, T, VKLTPLCVTLNCTTVTNNITD-------------------------------------DMRGEIKN----CSFNI-T-TE--LRD-KK-KKE-YALF-YKLDVVPINENNGNRSNNK---E--------------------------------------TTSYRLI---NCNTSAI-T---QA, 1.6106, 0
0.373083, -89.6848, [169, 174], CHUNK, ['S', 'V'], VKLTPLCVTLNCTTVTNNITD-------------------------------------DMRGEIKN----CSFNI-T-TE--LRD-KK-KKE-YALF-YKLDVVPINENNGNRSNNS------------------------------------------NTSYRLI---SCNTSVI-T---QA, 0.1803, 0
0.364264, -119.4114, [74, 79], CHUNK, ['I', 'N'], VKLTPLCVTLNCTTVTNNITD-------------------------------------DMRGEIKN----CSFNI-T-TN--LRD-KK-KKE-YALF-YKLDVVPINENNGNRSNNS------------------------------------------NTSYRLI---NCNTSAI-T---QA, 0.0754, 0
0.364364, -118.1438, [74], CHUNK, ['I'], VKLTPLCVTLNCTTVTNNITD-------------------------------------DMRGEIKN----CSFNI-T-TE--LRD-KK-KKE-YALF-YKLDVVPINENNGNRSNNS------------------------------------------NTSYRLI---NCNTSAI-T---QA, 0.0667, 0
0.368156, 1.5162, [74, 79, 82], CHUNK, ['I', 'S', 'I'], VKLTPLCVTLNCTTVTNNITD-------------------------------------DMRGEIKN----CSFNI-T-TS--IRD-KK-KKE-YALF-YKLDVVPINENNGNRSNNS------------------------------------------NTSYRLI---NCNTSAI-T---QA, 0.0632, 0
0.364364, -119.6584, [74], CHUNK, ['I'], VKLTPLCVTLNCTTVTNNITD-------------------------------------DMRGEIKN----CSFNI-T-TE--LRD-KK-KKE-YALF-YKLDVVPINENNGNRSNNS------------------------------------------NTSYRLI---NCNTSAI-T---QA, 0.0427, 0
