Name base = V1V2_200_sq_1_9_ni
Iters = 200
Soft coverage = 1.31203964383
Energy = -129.5940955
Hard Covereage = 0.0368019545157
Num epitopes = 65
Initial seq = VKLTPLCVTLQCTNVTNNITD-------------------------------------DMRGELKN----CSFNM-T-TE--LRD-KK-QKV-YSLF-YRLDVVQINENQGNRSNNS------------------------------------------NKEYRLI---NCNTSAI-T---QA
-------START OF DATA------
1.332273, -128.1794, [10, 16, 17], CHUNK, ['N', 'V', 'T'], VKLTPLCVTLNCTNVTVTITD-------------------------------------DMRGELKN----CSFNM-T-TE--LRD-KK-QKV-YSLF-YRLDVVQINENQGNRSNNS------------------------------------------NKEYRLI---NCNTSAI-T---QA, 0.1169, 1
1.355547, -128.8156, 107, POINT, N, VKLTPLCVTLNCTNVTVTITD-------------------------------------DMRGELKN----CSFNM-T-TE--LRD-KK-QKV-YSLF-YRLDVVQINNNQGNRSNNS------------------------------------------NKEYRLI---NCNTSAI-T---QA, 0.0916, 1
1.365550, -124.0394, 82, POINT, T, VKLTPLCVTLNCTNVTVTITD-------------------------------------DMRGELKN----CSFNM-T-TE--TRD-KK-QKV-YSLF-YRLDVVQINNNQGNRSNNS------------------------------------------NKEYRLI---NCNTSAI-T---QA, 0.0916, 1
1.399720, -119.8072, [74], CHUNK, ['T'], VKLTPLCVTLNCTNVTVTITD-------------------------------------DMRGELKN----CSFNT-T-TE--TRD-KK-QKV-YSLF-YRLDVVQINNNQGNRSNNS------------------------------------------NKEYRLI---NCNTSAI-T---QA, 0.0916, 0
1.384146, -91.0661, [74], CHUNK, ['I'], VKLTPLCVTLNCTNVTVTITD-------------------------------------DMRGELKN----CSFNI-T-TE--TRD-KK-QKV-YSLF-YRLDVVQINNNQGNRSNNS------------------------------------------NKEYRLI---NCNTSAI-T---QA, 0.3925, 0
1.380737, -123.2528, 161, POINT, S, VKLTPLCVTLNCTNVTVTITD-------------------------------------DMRGELKN----CSFNM-T-TE--TRD-KK-QKV-YSLF-YRLDVVQINNNQGNRSNNS------------------------------------------NKSYRLI---NCNTSAI-T---QA, 0.0916, 0
1.384146, -83.3911, [74], CHUNK, ['I'], VKLTPLCVTLNCTNVTVTITD-------------------------------------DMRGELKN----CSFNI-T-TE--TRD-KK-QKV-YSLF-YRLDVVQINNNQGNRSNNS------------------------------------------NKEYRLI---NCNTSAI-T---QA, 0.4545, 0
1.377653, -81.4679, [74, 76, 79], CHUNK, ['I', 'S', 'N'], VKLTPLCVTLNCTNVTVTITD-------------------------------------DMRGELKN----CSFNI-S-TN--LRD-KK-QKV-YSLF-YRLDVVQINNNQGNRSNNS------------------------------------------NKEYRLI---NCNTSAI-T---QA, 0.3552, 0
1.373315, -125.5424, 20, POINT, T, VKLTPLCVTLNCTNVTVTITT-------------------------------------DMRGELKN----CSFNM-T-TE--LRD-KK-QKV-YSLF-YRLDVVQINNNQGNRSNNS------------------------------------------NKEYRLI---NCNTSAI-T---QA, 0.0916, 0
1.370734, -128.0392, 161, POINT, S, VKLTPLCVTLNCTNVTVTITD-------------------------------------DMRGELKN----CSFNM-T-TE--LRD-KK-QKV-YSLF-YRLDVVQINNNQGNRSNNS------------------------------------------NKSYRLI---NCNTSAI-T---QA, 0.1032, 0
1.398484, -127.9399, [160, 161], CHUNK, ['T', 'S'], VKLTPLCVTLNCTNVTVTITD-------------------------------------DMRGELKN----CSFNM-T-TE--LRD-KK-QKV-YSLF-YRLDVVQINNNQGNRSNNS------------------------------------------NTSYRLI---NCNTSAI-T---QA, 0.0916, 1
1.412464, -83.6727, [79, 82], CHUNK, ['S', 'I'], VKLTPLCVTLNCTNVTVTITD-------------------------------------DMRGELKN----CSFNM-T-TS--IRD-KK-QKV-YSLF-YRLDVVQINNNQGNRSNNS------------------------------------------NTSYRLI---NCNTSAI-T---QA, 0.3882, 0
1.420339, -128.8888, 58, POINT, N, VKLTPLCVTLNCTNVTVTITD-------------------------------------NMRGELKN----CSFNM-T-TE--LRD-KK-QKV-YSLF-YRLDVVQINNNQGNRSNNS------------------------------------------NTSYRLI---NCNTSAI-T---QA, 0.1222, 1
1.436606, -126.6058, 18, POINT, N, VKLTPLCVTLNCTNVTVTNTD-------------------------------------NMRGELKN----CSFNM-T-TE--LRD-KK-QKV-YSLF-YRLDVVQINNNQGNRSNNS------------------------------------------NTSYRLI---NCNTSAI-T---QA, 0.1199, 1
1.453771, -101.1908, [74], CHUNK, ['I'], VKLTPLCVTLNCTNVTVTNTD-------------------------------------NMRGELKN----CSFNI-T-TE--LRD-KK-QKV-YSLF-YRLDVVQINNNQGNRSNNS------------------------------------------NTSYRLI---NCNTSAI-T---QA, 0.3903, 0
1.468328, -122.0864, [74], CHUNK, ['T'], VKLTPLCVTLNCTNVTVTNTD-------------------------------------NMRGELKN----CSFNT-T-TE--LRD-KK-QKV-YSLF-YRLDVVQINNNQGNRSNNS------------------------------------------NTSYRLI---NCNTSAI-T---QA, 0.1199, 0
1.444090, -126.2940, 89, POINT, K, VKLTPLCVTLNCTNVTVTNTD-------------------------------------NMRGELKN----CSFNM-T-TE--LRD-KK-KKV-YSLF-YRLDVVQINNNQGNRSNNS------------------------------------------NTSYRLI---NCNTSAI-T---QA, 0.1199, 1
1.463424, -126.6532, 14, POINT, T, VKLTPLCVTLNCTNTTVTNTD-------------------------------------NMRGELKN----CSFNM-T-TE--LRD-KK-KKV-YSLF-YRLDVVQINNNQGNRSNNS------------------------------------------NTSYRLI---NCNTSAI-T---QA, 0.1197, 1
1.495146, -122.1614, [74], CHUNK, ['T'], VKLTPLCVTLNCTNTTVTNTD-------------------------------------NMRGELKN----CSFNT-T-TE--LRD-KK-KKV-YSLF-YRLDVVQINNNQGNRSNNS------------------------------------------NTSYRLI---NCNTSAI-T---QA, 0.1197, 0
1.480589, -84.7567, [74], CHUNK, ['I'], VKLTPLCVTLNCTNTTVTNTD-------------------------------------NMRGELKN----CSFNI-T-TE--LRD-KK-KKV-YSLF-YRLDVVQINNNQGNRSNNS------------------------------------------NTSYRLI---NCNTSAI-T---QA, 0.5363, 0
1.463758, -126.6422, 83, POINT, K, VKLTPLCVTLNCTNTTVTNTD-------------------------------------NMRGELKN----CSFNM-T-TE--LKD-KK-KKV-YSLF-YRLDVVQINNNQGNRSNNS------------------------------------------NTSYRLI---NCNTSAI-T---QA, 0.1197, 1
1.492266, -123.7678, 20, POINT, T, VKLTPLCVTLNCTNTTVTNTT-------------------------------------NMRGELKN----CSFNM-T-TE--LKD-KK-KKV-YSLF-YRLDVVQINNNQGNRSNNS------------------------------------------NTSYRLI---NCNTSAI-T---QA, 0.1391, 0
1.496085, -122.1504, [74], CHUNK, ['T'], VKLTPLCVTLNCTNTTVTNTD-------------------------------------NMRGELKN----CSFNT-T-TE--LKD-KK-KKV-YSLF-YRLDVVQINNNQGNRSNNS------------------------------------------NTSYRLI---NCNTSAI-T---QA, 0.1197, 1
1.504989, -121.0388, 79, POINT, S, VKLTPLCVTLNCTNTTVTNTD-------------------------------------NMRGELKN----CSFNT-T-TS--LKD-KK-KKV-YSLF-YRLDVVQINNNQGNRSNNS------------------------------------------NTSYRLI---NCNTSAI-T---QA, 0.1197, 0
1.507793, -120.4600, [99, 104], CHUNK, ['K', 'P'], VKLTPLCVTLNCTNTTVTNTD-------------------------------------NMRGELKN----CSFNT-T-TE--LKD-KK-KKV-YSLF-YKLDVVPINNNQGNRSNNS------------------------------------------NTSYRLI---NCNTSAI-T---QA, 0.1197, 0
1.513812, -73.6016, [59, 60, 61, 62, 63, 65], CHUNK, ['S', 'T', 'D', 'T', 'M', 'I'], VKLTPLCVTLNCTNTTVTNTD-------------------------------------NSTDTMKI----CSFNT-T-TE--LKD-KK-KKV-YSLF-YRLDVVQINNNQGNRSNNS------------------------------------------NTSYRLI---NCNTSAI-T---QA, 0.5049, 0
1.507385, -120.5245, [91, 94, 99], CHUNK, ['E', 'A', 'K'], VKLTPLCVTLNCTNTTVTNTD-------------------------------------NMRGELKN----CSFNT-T-TE--LKD-KK-KKE-YALF-YKLDVVQINNNQGNRSNNS------------------------------------------NTSYRLI---NCNTSAI-T---QA, 0.1360, 1
1.535314, -23.4697, [79, 82, 83], CHUNK, ['N', 'I', 'R'], VKLTPLCVTLNCTNTTVTNTD-------------------------------------NMRGELKN----CSFNT-T-TN--IRD-KK-KKE-YALF-YKLDVVQINNNQGNRSNNS------------------------------------------NTSYRLI---NCNTSAI-T---QA, 0.2986, 0
1.512235, -117.9510, 98, POINT, N, VKLTPLCVTLNCTNTTVTNTD-------------------------------------NMRGELKN----CSFNT-T-TE--LKD-KK-KKE-YALF-NKLDVVQINNNQGNRSNNS------------------------------------------NTSYRLI---NCNTSAI-T---QA, 0.1360, 0
1.522086, -118.3227, [174], CHUNK, ['T'], VKLTPLCVTLNCTNTTVTNTD-------------------------------------NMRGELKN----CSFNT-T-TE--LKD-KK-KKE-YALF-YKLDVVQINNNQGNRSNNS------------------------------------------NTSYRLI---NCNTSTI-T---QA, 0.1360, 1
1.542614, 1.6547, [79, 82, 83], CHUNK, ['T', 'I', 'R'], VKLTPLCVTLNCTNTTVTNTD-------------------------------------NMRGELKN----CSFNT-T-TT--IRD-KK-KKE-YALF-YKLDVVQINNNQGNRSNNS------------------------------------------NTSYRLI---NCNTSTI-T---QA, 0.1715, 0
1.524707, -117.5348, 15, POINT, N, VKLTPLCVTLNCTNTNVTNTD-------------------------------------NMRGELKN----CSFNT-T-TE--LKD-KK-KKE-YALF-YKLDVVQINNNQGNRSNNS------------------------------------------NTSYRLI---NCNTSTI-T---QA, 0.1360, 0
1.528489, -119.1774, 17, POINT, N, VKLTPLCVTLNCTNTTVNNTD-------------------------------------NMRGELKN----CSFNT-T-TE--LKD-KK-KKE-YALF-YKLDVVQINNNQGNRSNNS------------------------------------------NTSYRLI---NCNTSTI-T---QA, 0.1360, 0
1.550703, -107.3248, [79, 82, 83, 87], CHUNK, ['T', 'T', 'R', 'L'], VKLTPLCVTLNCTNTTVTNTD-------------------------------------NMRGELKN----CSFNT-T-TT--TRD-KL-KKE-YALF-YKLDVVQINNNQGNRSNNS------------------------------------------NTSYRLI---NCNTSTI-T---QA, 0.1597, 0
1.522134, -120.0592, [116], CHUNK, ['T'], VKLTPLCVTLNCTNTTVTNTD-------------------------------------NMRGELKN----CSFNT-T-TE--LKD-KK-KKE-YALF-YKLDVVQINNNQGNRSNNT------------------------------------------NTSYRLI---NCNTSAI-T---QA, 0.1360, 0
1.535514, -121.4811, 16, POINT, N, VKLTPLCVTLNCTNTTNTNTD-------------------------------------NMRGELKN----CSFNT-T-TE--LKD-KK-KKE-YALF-YKLDVVQINNNQGNRSNNS------------------------------------------NTSYRLI---NCNTSAI-T---QA, 0.1360, 0
1.527732, -119.5919, 79, POINT, N, VKLTPLCVTLNCTNTTVTNTD-------------------------------------NMRGELKN----CSFNT-T-TN--LKD-KK-KKE-YALF-YKLDVVQINNNQGNRSNNS------------------------------------------NTSYRLI---NCNTSAI-T---QA, 0.1360, 0
1.522086, -118.3541, 174, POINT, T, VKLTPLCVTLNCTNTTVTNTD-------------------------------------NMRGELKN----CSFNT-T-TE--LKD-KK-KKE-YALF-YKLDVVQINNNQGNRSNNS------------------------------------------NTSYRLI---NCNTSTI-T---QA, 0.1367, 0
1.512189, -119.7403, 60, POINT, S, VKLTPLCVTLNCTNTTVTNTD-------------------------------------NMSGELKN----CSFNT-T-TE--LKD-KK-KKV-YSLF-YRLDVVQINNNQGNRSNNS------------------------------------------NTSYRLI---NCNTSAI-T---QA, 0.1197, 0
1.503098, -105.4618, [174], CHUNK, ['V'], VKLTPLCVTLNCTNTTVTNTD-------------------------------------NMRGELKN----CSFNT-T-TE--LKD-KK-KKV-YSLF-YRLDVVQINNNQGNRSNNS------------------------------------------NTSYRLI---NCNTSVI-T---QA, 0.3249, 0
1.521778, -3.8577, [79, 82, 83], CHUNK, ['N', 'I', 'R'], VKLTPLCVTLNCTNTTVTNTD-------------------------------------NMRGELKN----CSFNT-T-TN--IRD-KK-KKV-YSLF-YRLDVVQINNNQGNRSNNS------------------------------------------NTSYRLI---NCNTSAI-T---QA, 0.2081, 0
1.509871, -123.5960, 163, POINT, T, VKLTPLCVTLNCTNTTVTNTD-------------------------------------NMRGELKN----CSFNT-T-TE--LKD-KK-KKV-YSLF-YRLDVVQINNNQGNRSNNS------------------------------------------NTSYTLI---NCNTSAI-T---QA, 0.1297, 0
1.477544, -128.0052, [163], CHUNK, ['T'], VKLTPLCVTLNCTNTTVTNTD-------------------------------------NMRGELKN----CSFNM-T-TE--LKD-KK-KKV-YSLF-YRLDVVQINNNQGNRSNNS------------------------------------------NTSYTLI---NCNTSAI-T---QA, 0.1394, 1
1.492659, -126.0485, [174], CHUNK, ['T'], VKLTPLCVTLNCTNTTVTNTD-------------------------------------NMRGELKN----CSFNM-T-TE--LKD-KK-KKV-YSLF-YRLDVVQINNNQGNRSNNS------------------------------------------NTSYTLI---NCNTSTI-T---QA, 0.1394, 0
1.509871, -123.5161, [74], CHUNK, ['T'], VKLTPLCVTLNCTNTTVTNTD-------------------------------------NMRGELKN----CSFNT-T-TE--LKD-KK-KKV-YSLF-YRLDVVQINNNQGNRSNNS------------------------------------------NTSYTLI---NCNTSAI-T---QA, 0.1394, 0
1.505673, -128.9620, 16, POINT, N, VKLTPLCVTLNCTNTTNTNTD-------------------------------------NMRGELKN----CSFNM-T-TE--LKD-KK-KKV-YSLF-YRLDVVQINNNQGNRSNNS------------------------------------------NTSYTLI---NCNTSAI-T---QA, 0.1394, 1
1.522649, -76.1723, [74], CHUNK, ['I'], VKLTPLCVTLNCTNTTNTNTD-------------------------------------NMRGELKN----CSFNI-T-TE--LKD-KK-KKV-YSLF-YRLDVVQINNNQGNRSNNS------------------------------------------NTSYTLI---NCNTSAI-T---QA, 0.7457, 0
1.542831, -84.7112, [74, 79], CHUNK, ['I', 'N'], VKLTPLCVTLNCTNTTNTNTD-------------------------------------NMRGELKN----CSFNI-T-TN--LKD-KK-KKV-YSLF-YRLDVVQINNNQGNRSNNS------------------------------------------NTSYTLI---NCNTSAI-T---QA, 0.4437, 0
1.513050, -127.8504, 79, POINT, S, VKLTPLCVTLNCTNTTNTNTD-------------------------------------NMRGELKN----CSFNM-T-TS--LKD-KK-KKV-YSLF-YRLDVVQINNNQGNRSNNS------------------------------------------NTSYTLI---NCNTSAI-T---QA, 0.1394, 1
1.529945, -126.2470, [94, 99], CHUNK, ['A', 'T'], VKLTPLCVTLNCTNTTNTNTD-------------------------------------NMRGELKN----CSFNM-T-TS--LKD-KK-KKV-YALF-YTLDVVQINNNQGNRSNNS------------------------------------------NTSYTLI---NCNTSAI-T---QA, 0.1695, 1
1.557835, -104.8520, [74, 79], CHUNK, ['V', 'N'], VKLTPLCVTLNCTNTTNTNTD-------------------------------------NMRGELKN----CSFNV-T-TN--LKD-KK-KKV-YALF-YTLDVVQINNNQGNRSNNS------------------------------------------NTSYTLI---NCNTSAI-T---QA, 0.2488, 0
1.535684, -125.6185, 162, POINT, S, VKLTPLCVTLNCTNTTNTNTD-------------------------------------NMRGELKN----CSFNM-T-TS--LKD-KK-KKV-YALF-YTLDVVQINNNQGNRSNNS------------------------------------------NTSSTLI---NCNTSAI-T---QA, 0.1695, 0
1.547624, -80.3994, [74], CHUNK, ['I'], VKLTPLCVTLNCTNTTNTNTD-------------------------------------NMRGELKN----CSFNI-T-TS--LKD-KK-KKV-YALF-YTLDVVQINNNQGNRSNNS------------------------------------------NTSYTLI---NCNTSAI-T---QA, 0.4854, 0
1.534496, -111.1666, [174], CHUNK, ['I'], VKLTPLCVTLNCTNTTNTNTD-------------------------------------NMRGELKN----CSFNM-T-TS--LKD-KK-KKV-YALF-YTLDVVQINNNQGNRSNNS------------------------------------------NTSYTLI---NCNTSII-T---QA, 0.3322, 0
1.530308, -124.4324, [59, 60, 63], CHUNK, ['E', 'K', 'I'], VKLTPLCVTLNCTNTTNTNTD-------------------------------------NEKGEIKN----CSFNM-T-TS--LKD-KK-KKV-YSLF-YRLDVVQINNNQGNRSNNS------------------------------------------NTSYTLI---NCNTSAI-T---QA, 0.1394, 0
1.530730, -81.6820, [74], CHUNK, ['I'], VKLTPLCVTLNCTNTTNTNTD-------------------------------------NMRGELKN----CSFNI-T-TS--LKD-KK-KKV-YSLF-YRLDVVQINNNQGNRSNNS------------------------------------------NTSYTLI---NCNTSAI-T---QA, 0.3951, 0
1.530730, -96.6094, [74], CHUNK, ['I'], VKLTPLCVTLNCTNTTNTNTD-------------------------------------NMRGELKN----CSFNI-T-TS--LKD-KK-KKV-YSLF-YRLDVVQINNNQGNRSNNS------------------------------------------NTSYTLI---NCNTSAI-T---QA, 0.4756, 0
1.519984, -128.6199, 17, POINT, N, VKLTPLCVTLNCTNTTNNNTD-------------------------------------NMRGELKN----CSFNM-T-TS--LKD-KK-KKV-YSLF-YRLDVVQINNNQGNRSNNS------------------------------------------NTSYTLI---NCNTSAI-T---QA, 0.1394, 1
1.527889, -127.4973, [94, 99], CHUNK, ['A', 'K'], VKLTPLCVTLNCTNTTNNNTD-------------------------------------NMRGELKN----CSFNM-T-TS--LKD-KK-KKV-YALF-YKLDVVQINNNQGNRSNNS------------------------------------------NTSYTLI---NCNTSAI-T---QA, 0.1379, 1
1.545569, -84.7158, [74], CHUNK, ['I'], VKLTPLCVTLNCTNTTNNNTD-------------------------------------NMRGELKN----CSFNI-T-TS--LKD-KK-KKV-YALF-YKLDVVQINNNQGNRSNNS------------------------------------------NTSYTLI---NCNTSAI-T---QA, 0.4156, 0
1.548738, -122.1739, 72, POINT, T, VKLTPLCVTLNCTNTTNNNTD-------------------------------------NMRGELKN----CSTNM-T-TS--LKD-KK-KKV-YALF-YKLDVVQINNNQGNRSNNS------------------------------------------NTSYTLI---NCNTSAI-T---QA, 0.1379, 1
1.554639, -122.5620, 59, POINT, E, VKLTPLCVTLNCTNTTNNNTD-------------------------------------NERGELKN----CSTNM-T-TS--LKD-KK-KKV-YALF-YKLDVVQINNNQGNRSNNS------------------------------------------NTSYTLI---NCNTSAI-T---QA, 0.1379, 0
1.566955, -109.5874, 74, POINT, I, VKLTPLCVTLNCTNTTNNNTD-------------------------------------NMRGELKN----CSTNI-T-TS--LKD-KK-KKV-YALF-YKLDVVQINNNQGNRSNNS------------------------------------------NTSYTLI---NCNTSAI-T---QA, 0.2925, 0
1.553644, -122.5261, 18, POINT, T, VKLTPLCVTLNCTNTTNNTTD-------------------------------------NMRGELKN----CSTNM-T-TS--LKD-KK-KKV-YALF-YKLDVVQINNNQGNRSNNS------------------------------------------NTSYTLI---NCNTSAI-T---QA, 0.1379, 0
1.556557, -43.6030, [79, 82, 83], CHUNK, ['N', 'V', 'R'], VKLTPLCVTLNCTNTTNNNTD-------------------------------------NMRGELKN----CSTNM-T-TN--VRD-KK-KKV-YALF-YKLDVVQINNNQGNRSNNS------------------------------------------NTSYTLI---NCNTSAI-T---QA, 0.2018, 0
1.539816, -125.4916, 165, POINT, T, VKLTPLCVTLNCTNTTNNNTD-------------------------------------NMRGELKN----CSFNM-T-TS--LKD-KK-KKV-YALF-YKLDVVQINNNQGNRSNNS------------------------------------------NTSYTLT---NCNTSAI-T---QA, 0.1379, 1
1.546691, -105.7497, 174, POINT, V, VKLTPLCVTLNCTNTTNNNTD-------------------------------------NMRGELKN----CSFNM-T-TS--LKD-KK-KKV-YALF-YKLDVVQINNNQGNRSNNS------------------------------------------NTSYTLT---NCNTSVI-T---QA, 0.3308, 0
1.545546, -123.0401, 98, POINT, N, VKLTPLCVTLNCTNTTNNNTD-------------------------------------NMRGELKN----CSFNM-T-TS--LKD-KK-KKV-YALF-NKLDVVQINNNQGNRSNNS------------------------------------------NTSYTLT---NCNTSAI-T---QA, 0.1328, 0
1.554906, -123.6283, [174], CHUNK, ['T'], VKLTPLCVTLNCTNTTNNNTD-------------------------------------NMRGELKN----CSFNM-T-TS--LKD-KK-KKV-YALF-YKLDVVQINNNQGNRSNNS------------------------------------------NTSYTLT---NCNTSTI-T---QA, 0.1379, 1
1.564297, -122.0101, [83, 87, 90, 91], CHUNK, ['R', 'V', 'N', 'E'], VKLTPLCVTLNCTNTTNNNTD-------------------------------------NMRGELKN----CSFNM-T-TS--LRD-KV-KNE-YALF-YKLDVVQINNNQGNRSNNS------------------------------------------NTSYTLT---NCNTSTI-T---QA, 0.1379, 0
1.572586, -97.8977, [74], CHUNK, ['I'], VKLTPLCVTLNCTNTTNNNTD-------------------------------------NMRGELKN----CSFNI-T-TS--LKD-KK-KKV-YALF-YKLDVVQINNNQGNRSNNS------------------------------------------NTSYTLT---NCNTSTI-T---QA, 0.4627, 0
1.572586, -73.0679, 74, POINT, I, VKLTPLCVTLNCTNTTNNNTD-------------------------------------NMRGELKN----CSFNI-T-TS--LKD-KK-KKV-YALF-YKLDVVQINNNQGNRSNNS------------------------------------------NTSYTLT---NCNTSTI-T---QA, 0.3171, 0
1.570654, -108.2944, [74], CHUNK, ['V'], VKLTPLCVTLNCTNTTNNNTD-------------------------------------NMRGELKN----CSFNV-T-TS--LKD-KK-KKV-YALF-YKLDVVQINNNQGNRSNNS------------------------------------------NTSYTLT---NCNTSTI-T---QA, 0.1939, 0
1.549415, -109.0865, [74, 79], CHUNK, ['I', 'E'], VKLTPLCVTLNCTNTTNNNTD-------------------------------------NMRGELKN----CSFNI-T-TE--LKD-KK-KKV-YALF-YKLDVVQINNNQGNRSNNS------------------------------------------NTSYTLT---NCNTSAI-T---QA, 0.3285, 0
1.557496, -77.8230, [74], CHUNK, ['I'], VKLTPLCVTLNCTNTTNNNTD-------------------------------------NMRGELKN----CSFNI-T-TS--LKD-KK-KKV-YALF-YKLDVVQINNNQGNRSNNS------------------------------------------NTSYTLT---NCNTSAI-T---QA, 0.3970, 0
1.557496, -84.5413, [74], CHUNK, ['I'], VKLTPLCVTLNCTNTTNNNTD-------------------------------------NMRGELKN----CSFNI-T-TS--LKD-KK-KKV-YALF-YKLDVVQINNNQGNRSNNS------------------------------------------NTSYTLT---NCNTSAI-T---QA, 0.4097, 0
1.568071, -125.8925, 59, POINT, N, VKLTPLCVTLNCTNTTNNNTD-------------------------------------NNRGELKN----CSFNM-T-TS--LKD-KK-KKV-YALF-YKLDVVQINNNQGNRSNNS------------------------------------------NTSYTLT---NCNTSAI-T---QA, 0.1379, 1
1.593051, -126.2538, 20, POINT, N, VKLTPLCVTLNCTNTTNNNTN-------------------------------------NNRGELKN----CSFNM-T-TS--LKD-KK-KKV-YALF-YKLDVVQINNNQGNRSNNS------------------------------------------NTSYTLT---NCNTSAI-T---QA, 0.1379, 1
1.608141, -124.3905, 174, POINT, T, VKLTPLCVTLNCTNTTNNNTN-------------------------------------NNRGELKN----CSFNM-T-TS--LKD-KK-KKV-YALF-YKLDVVQINNNQGNRSNNS------------------------------------------NTSYTLT---NCNTSTI-T---QA, 0.1379, 1
1.624383, -123.9338, [116], CHUNK, ['T'], VKLTPLCVTLNCTNTTNNNTN-------------------------------------NNRGELKN----CSFNM-T-TS--LKD-KK-KKV-YALF-YKLDVVQINNNQGNRSNNT------------------------------------------NTSYTLT---NCNTSTI-T---QA, 0.1379, 0
1.615201, -122.9302, 63, POINT, I, VKLTPLCVTLNCTNTTNNNTN-------------------------------------NNRGEIKN----CSFNM-T-TS--LKD-KK-KKV-YALF-YKLDVVQINNNQGNRSNNS------------------------------------------NTSYTLT---NCNTSTI-T---QA, 0.1379, 0
1.609479, -124.1478, 182, POINT, T, VKLTPLCVTLNCTNTTNNNTN-------------------------------------NNRGELKN----CSFNM-T-TS--LKD-KK-KKV-YALF-YKLDVVQINNNQGNRSNNS------------------------------------------NTSYTLT---NCNTSTI-T---QT, 0.1379, 1
1.640950, -123.0983, 109, POINT, S, VKLTPLCVTLNCTNTTNNNTN-------------------------------------NNRGELKN----CSFNM-T-TS--LKD-KK-KKV-YALF-YKLDVVQINNNSGNRSNNS------------------------------------------NTSYTLT---NCNTSTI-T---QT, 0.1379, 0
1.632830, 26.1160, [74, 82], CHUNK, ['I', 'I'], VKLTPLCVTLNCTNTTNNNTN-------------------------------------NNRGELKN----CSFNI-T-TS--IKD-KK-KKV-YALF-YKLDVVQINNNQGNRSNNS------------------------------------------NTSYTLT---NCNTSTI-T---QT, 0.4550, 0
1.627159, -70.9387, 74, POINT, I, VKLTPLCVTLNCTNTTNNNTN-------------------------------------NNRGELKN----CSFNI-T-TS--LKD-KK-KKV-YALF-YKLDVVQINNNQGNRSNNS------------------------------------------NTSYTLT---NCNTSTI-T---QT, 0.2709, 0
1.641690, -125.1556, [104, 106, 107, 109, 110], CHUNK, ['P', 'D', 'K', 'N', 'N'], VKLTPLCVTLNCTNTTNNNTN-------------------------------------NNRGELKN----CSFNM-T-TS--LKD-KK-KKV-YALF-YKLDVVPIDKNNNNRSNNS------------------------------------------NTSYTLT---NCNTSTI-T---QT, 0.1355, 0
1.625821, -78.1777, [74], CHUNK, ['I'], VKLTPLCVTLNCTNTTNNNTN-------------------------------------NNRGELKN----CSFNI-T-TS--LKD-KK-KKV-YALF-YKLDVVQINNNQGNRSNNS------------------------------------------NTSYTLT---NCNTSTI-T---QA, 0.4181, 0
1.617391, -120.3789, 20, POINT, T, VKLTPLCVTLNCTNTTNNNTT-------------------------------------NNRGELKN----CSFNM-T-TS--LKD-KK-KKV-YALF-YKLDVVQINNNQGNRSNNS------------------------------------------NTSYTLT---NCNTSTI-T---QA, 0.1379, 1
1.636225, -120.4975, [106, 107, 108, 109, 110, 111, 112, 113, 114], CHUNK, ['E', 'E', 'D', 'N', 'N', 'S', 'N', 'N', 'S'], VKLTPLCVTLNCTNTTNNNTT-------------------------------------NNRGELKN----CSFNM-T-TS--LKD-KK-KKV-YALF-YKLDVVQIEEDNNSNNSNS------------------------------------------NTSYTLT---NCNTSTI-T---QA, 0.1379, 0
1.647172, -79.5797, [74, 79], CHUNK, ['I', 'N'], VKLTPLCVTLNCTNTTNNNTT-------------------------------------NNRGELKN----CSFNI-T-TN--LKD-KK-KKV-YALF-YKLDVVQINNNQGNRSNNS------------------------------------------NTSYTLT---NCNTSTI-T---QA, 0.3805, 0
1.623151, -118.9186, 63, POINT, I, VKLTPLCVTLNCTNTTNNNTT-------------------------------------NNRGEIKN----CSFNM-T-TS--LKD-KK-KKV-YALF-YKLDVVQINNNQGNRSNNS------------------------------------------NTSYTLT---NCNTSTI-T---QA, 0.1379, 1
1.634540, -119.5495, 84, POINT, N, VKLTPLCVTLNCTNTTNNNTT-------------------------------------NNRGEIKN----CSFNM-T-TS--LKN-KK-KKV-YALF-YKLDVVQINNNQGNRSNNS------------------------------------------NTSYTLT---NCNTSTI-T---QA, 0.1375, 1
1.652524, -78.0997, [74], CHUNK, ['I'], VKLTPLCVTLNCTNTTNNNTT-------------------------------------NNRGEIKN----CSFNI-T-TS--LKN-KK-KKV-YALF-YKLDVVQINNNQGNRSNNS------------------------------------------NTSYTLT---NCNTSTI-T---QA, 0.3591, 0
1.643165, -120.4248, 161, POINT, N, VKLTPLCVTLNCTNTTNNNTT-------------------------------------NNRGEIKN----CSFNM-T-TS--LKN-KK-KKV-YALF-YKLDVVQINNNQGNRSNNS------------------------------------------NTNYTLT---NCNTSTI-T---QA, 0.1375, 0
1.665540, -85.5456, [74, 79], CHUNK, ['I', 'N'], VKLTPLCVTLNCTNTTNNNTT-------------------------------------NNRGEIKN----CSFNI-T-TN--LKN-KK-KKV-YALF-YKLDVVQINNNQGNRSNNS------------------------------------------NTSYTLT---NCNTSTI-T---QA, 0.8707, 0
1.668150, -115.0761, [74], CHUNK, ['T'], VKLTPLCVTLNCTNTTNNNTT-------------------------------------NNRGEIKN----CSFNT-T-TS--LKN-KK-KKV-YALF-YKLDVVQINNNQGNRSNNS------------------------------------------NTSYTLT---NCNTSTI-T---QA, 0.1375, 0
1.641293, -80.0673, [74], CHUNK, ['I'], VKLTPLCVTLNCTNTTNNNTT-------------------------------------NNRGEIKN----CSFNI-T-TS--LKD-KK-KKV-YALF-YKLDVVQINNNQGNRSNNS------------------------------------------NTSYTLT---NCNTSTI-T---QA, 0.5875, 0
1.626755, -117.4313, [91], CHUNK, ['E'], VKLTPLCVTLNCTNTTNNNTT-------------------------------------NNRGEIKN----CSFNM-T-TS--LKD-KK-KKE-YALF-YKLDVVQINNNQGNRSNNS------------------------------------------NTSYTLT---NCNTSTI-T---QA, 0.1379, 0
1.626755, -117.4313, 91, POINT, E, VKLTPLCVTLNCTNTTNNNTT-------------------------------------NNRGEIKN----CSFNM-T-TS--LKD-KK-KKE-YALF-YKLDVVQINNNQGNRSNNS------------------------------------------NTSYTLT---NCNTSTI-T---QA, 0.1379, 0
1.624603, -116.6648, 71, POINT, T, VKLTPLCVTLNCTNTTNNNTT-------------------------------------NNRGEIKN----CTFNM-T-TS--LKD-KK-KKV-YALF-YKLDVVQINNNQGNRSNNS------------------------------------------NTSYTLT---NCNTSTI-T---QA, 0.1379, 0
1.634575, -12.9490, [79, 82, 83], CHUNK, ['N', 'I', 'R'], VKLTPLCVTLNCTNTTNNNTT-------------------------------------NNRGELKN----CSFNM-T-TN--IRD-KK-KKV-YALF-YKLDVVQINNNQGNRSNNS------------------------------------------NTSYTLT---NCNTSTI-T---QA, 0.1584, 0
1.622625, -33.9404, 82, POINT, I, VKLTPLCVTLNCTNTTNNNTT-------------------------------------NNRGELKN----CSFNM-T-TS--IKD-KK-KKV-YALF-YKLDVVQINNNQGNRSNNS------------------------------------------NTSYTLT---NCNTSTI-T---QA, 0.1875, 0
1.624821, -118.9416, 93, POINT, T, VKLTPLCVTLNCTNTTNNNTT-------------------------------------NNRGELKN----CSFNM-T-TS--LKD-KK-KKV-TALF-YKLDVVQINNNQGNRSNNS------------------------------------------NTSYTLT---NCNTSTI-T---QA, 0.1379, 0
1.619133, -120.3878, 83, POINT, R, VKLTPLCVTLNCTNTTNNNTT-------------------------------------NNRGELKN----CSFNM-T-TS--LRD-KK-KKV-YALF-YKLDVVQINNNQGNRSNNS------------------------------------------NTSYTLT---NCNTSTI-T---QA, 0.1379, 1
1.627055, -84.0214, [74, 79], CHUNK, ['I', 'E'], VKLTPLCVTLNCTNTTNNNTT-------------------------------------NNRGELKN----CSFNI-T-TE--LRD-KK-KKV-YALF-YKLDVVQINNNQGNRSNNS------------------------------------------NTSYTLT---NCNTSTI-T---QA, 0.3985, 0
1.656983, -120.2362, 109, POINT, N, VKLTPLCVTLNCTNTTNNNTT-------------------------------------NNRGELKN----CSFNM-T-TS--LRD-KK-KKV-YALF-YKLDVVQINNNNGNRSNNS------------------------------------------NTSYTLT---NCNTSTI-T---QA, 0.1390, 0
1.650194, -115.2581, 60, POINT, T, VKLTPLCVTLNCTNTTNNNTT-------------------------------------NNTGELKN----CSFNM-T-TS--LRD-KK-KKV-YALF-YKLDVVQINNNQGNRSNNS------------------------------------------NTSYTLT---NCNTSTI-T---QA, 0.1379, 1
1.660032, 1.2638, [82, 83, 84, 87], CHUNK, ['I', 'K', 'N', 'V'], VKLTPLCVTLNCTNTTNNNTT-------------------------------------NNTGELKN----CSFNM-T-TS--IKN-KV-KKV-YALF-YKLDVVQINNNQGNRSNNS------------------------------------------NTSYTLT---NCNTSTI-T---QA, 0.3193, 0
1.662538, -1.6792, [79, 82, 87], CHUNK, ['N', 'I', 'L'], VKLTPLCVTLNCTNTTNNNTT-------------------------------------NNTGELKN----CSFNM-T-TN--IRD-KL-KKV-YALF-YKLDVVQINNNQGNRSNNS------------------------------------------NTSYTLT---NCNTSTI-T---QA, 0.2877, 0
1.666107, -101.3212, [74], CHUNK, ['V'], VKLTPLCVTLNCTNTTNNNTT-------------------------------------NNTGELKN----CSFNV-T-TS--LRD-KK-KKV-YALF-YKLDVVQINNNQGNRSNNS------------------------------------------NTSYTLT---NCNTSTI-T---QA, 0.1648, 0
1.657566, -48.1512, [79, 82], CHUNK, ['N', 'V'], VKLTPLCVTLNCTNTTNNNTT-------------------------------------NNTGELKN----CSFNM-T-TN--VRD-KK-KKV-YALF-YKLDVVQINNNQGNRSNNS------------------------------------------NTSYTLT---NCNTSTI-T---QA, 0.6804, 0
1.623715, -97.9434, 61, POINT, D, VKLTPLCVTLNCTNTTNNNTT-------------------------------------NNRDELKN----CSFNM-T-TS--LRD-KK-KKV-YALF-YKLDVVQINNNQGNRSNNS------------------------------------------NTSYTLT---NCNTSTI-T---QA, 0.1379, 0
1.646411, -106.5125, [74, 79], CHUNK, ['V', 'N'], VKLTPLCVTLNCTNTTNNNTT-------------------------------------NNRGELKN----CSFNV-T-TN--LRD-KK-KKV-YALF-YKLDVVQINNNQGNRSNNS------------------------------------------NTSYTLT---NCNTSTI-T---QA, 0.2498, 0
1.639530, -19.7282, [74, 82], CHUNK, ['V', 'I'], VKLTPLCVTLNCTNTTNNNTT-------------------------------------NNRGELKN----CSFNV-T-TS--IRD-KK-KKV-YALF-YKLDVVQINNNQGNRSNNS------------------------------------------NTSYTLT---NCNTSTI-T---QA, 0.5342, 0
1.634642, -105.3648, 61, POINT, S, VKLTPLCVTLNCTNTTNNNTT-------------------------------------NNRSELKN----CSFNM-T-TS--LRD-KK-KKV-YALF-YKLDVVQINNNQGNRSNNS------------------------------------------NTSYTLT---NCNTSTI-T---QA, 0.1379, 0
1.651245, -116.0420, 74, POINT, T, VKLTPLCVTLNCTNTTNNNTT-------------------------------------NNRGELKN----CSFNT-T-TS--LKD-KK-KKV-YALF-YKLDVVQINNNQGNRSNNS------------------------------------------NTSYTLT---NCNTSTI-T---QA, 0.1469, 1
1.662471, -115.5734, 105, POINT, T, VKLTPLCVTLNCTNTTNNNTT-------------------------------------NNRGELKN----CSFNT-T-TS--LKD-KK-KKV-YALF-YKLDVVQTNNNQGNRSNNS------------------------------------------NTSYTLT---NCNTSTI-T---QA, 0.1360, 0
1.653363, 5.8548, [82, 83, 87], CHUNK, ['I', 'R', 'V'], VKLTPLCVTLNCTNTTNNNTT-------------------------------------NNRGELKN----CSFNT-T-TS--IRD-KV-KKV-YALF-YKLDVVQINNNQGNRSNNS------------------------------------------NTSYTLT---NCNTSTI-T---QA, 0.5888, 0
1.656467, -114.5727, [63], CHUNK, ['I'], VKLTPLCVTLNCTNTTNNNTT-------------------------------------NNRGEIKN----CSFNT-T-TS--LKD-KK-KKV-YALF-YKLDVVQINNNQGNRSNNS------------------------------------------NTSYTLT---NCNTSTI-T---QA, 0.1469, 1
1.663319, -113.4716, 93, POINT, N, VKLTPLCVTLNCTNTTNNNTT-------------------------------------NNRGEIKN----CSFNT-T-TS--LKD-KK-KKV-NALF-YKLDVVQINNNQGNRSNNS------------------------------------------NTSYTLT---NCNTSTI-T---QA, 0.2894, 1
1.668446, -113.6373, [104], CHUNK, ['P'], VKLTPLCVTLNCTNTTNNNTT-------------------------------------NNRGEIKN----CSFNT-T-TS--LKD-KK-KKV-NALF-YKLDVVPINNNQGNRSNNS------------------------------------------NTSYTLT---NCNTSTI-T---QA, 0.2894, 0
1.674476, -113.8960, [79], CHUNK, ['N'], VKLTPLCVTLNCTNTTNNNTT-------------------------------------NNRGEIKN----CSFNT-T-TN--LKD-KK-KKV-NALF-YKLDVVQINNNQGNRSNNS------------------------------------------NTSYTLT---NCNTSTI-T---QA, 0.2847, 0
1.673364, -109.2597, [99, 100], CHUNK, ['N', 'T'], VKLTPLCVTLNCTNTTNNNTT-------------------------------------NNRGEIKN----CSFNT-T-TS--LKD-KK-KKV-NALF-YNTDVVQINNNQGNRSNNS------------------------------------------NTSYTLT---NCNTSTI-T---QA, 0.2894, 0
1.679561, -113.5352, [116], CHUNK, ['T'], VKLTPLCVTLNCTNTTNNNTT-------------------------------------NNRGEIKN----CSFNT-T-TS--LKD-KK-KKV-NALF-YKLDVVQINNNQGNRSNNT------------------------------------------NTSYTLT---NCNTSTI-T---QA, 0.2885, 0
1.657214, -112.4832, 71, POINT, T, VKLTPLCVTLNCTNTTNNNTT-------------------------------------NNRGEIKN----CTFNT-T-TS--LKD-KK-KKV-YALF-YKLDVVQINNNQGNRSNNS------------------------------------------NTSYTLT---NCNTSTI-T---QA, 0.1469, 0
1.670650, 10.0917, [82, 83, 84], CHUNK, ['I', 'R', 'T'], VKLTPLCVTLNCTNTTNNNTT-------------------------------------NNRGEIKN----CSFNT-T-TS--IRT-KK-KKV-YALF-YKLDVVQINNNQGNRSNNS------------------------------------------NTSYTLT---NCNTSTI-T---QA, 0.2494, 0
1.659074, -114.6727, [89, 91], CHUNK, ['Q', 'N'], VKLTPLCVTLNCTNTTNNNTT-------------------------------------NNRGEIKN----CSFNT-T-TS--LKD-KK-QKN-YALF-YKLDVVQINNNQGNRSNNS------------------------------------------NTSYTLT---NCNTSTI-T---QA, 0.1543, 1
1.670451, -19.4809, [79, 82], CHUNK, ['N', 'V'], VKLTPLCVTLNCTNTTNNNTT-------------------------------------NNRGEIKN----CSFNT-T-TN--VKD-KK-QKN-YALF-YKLDVVQINNNQGNRSNNS------------------------------------------NTSYTLT---NCNTSTI-T---QA, 0.2056, 0
1.659821, -112.8633, 71, POINT, T, VKLTPLCVTLNCTNTTNNNTT-------------------------------------NNRGEIKN----CTFNT-T-TS--LKD-KK-QKN-YALF-YKLDVVQINNNQGNRSNNS------------------------------------------NTSYTLT---NCNTSTI-T---QA, 0.1993, 0
1.665713, -32.8009, [82, 83, 87], CHUNK, ['I', 'R', 'V'], VKLTPLCVTLNCTNTTNNNTT-------------------------------------NNRGEIKN----CSFNT-T-TS--IRD-KV-QKN-YALF-YKLDVVQINNNQGNRSNNS------------------------------------------NTSYTLT---NCNTSTI-T---QA, 0.3804, 0
1.660072, -114.5070, [89, 91], CHUNK, ['K', 'E'], VKLTPLCVTLNCTNTTNNNTT-------------------------------------NNRGEIKN----CSFNT-T-TS--LKD-KK-KKE-YALF-YKLDVVQINNNQGNRSNNS------------------------------------------NTSYTLT---NCNTSTI-T---QA, 0.1543, 0
1.663164, -112.1603, 14, POINT, N, VKLTPLCVTLNCTNNTNNNTT-------------------------------------NNRGEIKN----CSFNT-T-TS--LKD-KK-KKV-YALF-YKLDVVQINNNQGNRSNNS------------------------------------------NTSYTLT---NCNTSTI-T---QA, 0.1469, 0
1.661594, -114.6580, [104], CHUNK, ['P'], VKLTPLCVTLNCTNTTNNNTT-------------------------------------NNRGEIKN----CSFNT-T-TS--LKD-KK-KKV-YALF-YKLDVVPINNNQGNRSNNS------------------------------------------NTSYTLT---NCNTSTI-T---QA, 0.1469, 0
1.661594, -114.6580, 104, POINT, P, VKLTPLCVTLNCTNTTNNNTT-------------------------------------NNRGEIKN----CSFNT-T-TS--LKD-KK-KKV-YALF-YKLDVVPINNNQGNRSNNS------------------------------------------NTSYTLT---NCNTSTI-T---QA, 0.1469, 0
1.658982, -112.2952, 60, POINT, K, VKLTPLCVTLNCTNTTNNNTT-------------------------------------NNKGEIKN----CSFNT-T-TS--LKD-KK-KKV-YALF-YKLDVVQINNNQGNRSNNS------------------------------------------NTSYTLT---NCNTSTI-T---QA, 0.1469, 0
1.652583, -116.1216, 182, POINT, T, VKLTPLCVTLNCTNTTNNNTT-------------------------------------NNRGELKN----CSFNT-T-TS--LKD-KK-KKV-YALF-YKLDVVQINNNQGNRSNNS------------------------------------------NTSYTLT---NCNTSTI-T---QT, 0.2003, 0
1.656806, -115.7722, [83, 91], CHUNK, ['R', 'E'], VKLTPLCVTLNCTNTTNNNTT-------------------------------------NNRGELKN----CSFNT-T-TS--LRD-KK-KKE-YALF-YKLDVVQINNNQGNRSNNS------------------------------------------NTSYTLT---NCNTSTI-T---QA, 0.1469, 0
1.656806, -115.7722, [83, 91], CHUNK, ['R', 'E'], VKLTPLCVTLNCTNTTNNNTT-------------------------------------NNRGELKN----CSFNT-T-TS--LRD-KK-KKE-YALF-YKLDVVQINNNQGNRSNNS------------------------------------------NTSYTLT---NCNTSTI-T---QA, 0.1469, 0
1.651542, -115.0671, 71, POINT, T, VKLTPLCVTLNCTNTTNNNTT-------------------------------------NNRGELKN----CTFNT-T-TS--LKD-KK-KKV-YALF-YKLDVVQINNNQGNRSNNS------------------------------------------NTSYTLT---NCNTSTI-T---QA, 0.1445, 0
1.623151, -118.9186, [63], CHUNK, ['I'], VKLTPLCVTLNCTNTTNNNTT-------------------------------------NNRGEIKN----CSFNM-T-TS--LKD-KK-KKV-YALF-YKLDVVQINNNQGNRSNNS------------------------------------------NTSYTLT---NCNTSTI-T---QA, 0.1379, 0
1.628158, -120.2312, [102, 104], CHUNK, ['T', 'P'], VKLTPLCVTLNCTNTTNNNTT-------------------------------------NNRGELKN----CSFNM-T-TS--LKD-KK-KKV-YALF-YKLDTVPINNNQGNRSNNS------------------------------------------NTSYTLT---NCNTSTI-T---QA, 0.1755, 1
1.662012, -116.2443, [74], CHUNK, ['T'], VKLTPLCVTLNCTNTTNNNTT-------------------------------------NNRGELKN----CSFNT-T-TS--LKD-KK-KKV-YALF-YKLDTVPINNNQGNRSNNS------------------------------------------NTSYTLT---NCNTSTI-T---QA, 0.1786, 1
1.673528, -116.3736, [79, 83], CHUNK, ['N', 'R'], VKLTPLCVTLNCTNTTNNNTT-------------------------------------NNRGELKN----CSFNT-T-TN--LRD-KK-KKV-YALF-YKLDTVPINNNQGNRSNNS------------------------------------------NTSYTLT---NCNTSTI-T---QA, 0.1800, 0
1.666593, -93.9392, 61, POINT, D, VKLTPLCVTLNCTNTTNNNTT-------------------------------------NNRDELKN----CSFNT-T-TS--LKD-KK-KKV-YALF-YKLDTVPINNNQGNRSNNS------------------------------------------NTSYTLT---NCNTSTI-T---QA, 0.1808, 0
1.667234, -114.5054, [63], CHUNK, ['I'], VKLTPLCVTLNCTNTTNNNTT-------------------------------------NNRGEIKN----CSFNT-T-TS--LKD-KK-KKV-YALF-YKLDTVPINNNQGNRSNNS------------------------------------------NTSYTLT---NCNTSTI-T---QA, 0.1786, 0
1.666212, -88.0485, 61, POINT, K, VKLTPLCVTLNCTNTTNNNTT-------------------------------------NNRKELKN----CSFNT-T-TS--LKD-KK-KKV-YALF-YKLDTVPINNNQGNRSNNS------------------------------------------NTSYTLT---NCNTSTI-T---QA, 0.1786, 0
1.657939, -107.2696, [74, 79], CHUNK, ['I', 'N'], VKLTPLCVTLNCTNTTNNNTT-------------------------------------NNRGELKN----CSFNI-T-TN--LKD-KK-KKV-YALF-YKLDTVPINNNQGNRSNNS------------------------------------------NTSYTLT---NCNTSTI-T---QA, 0.4794, 0
1.645837, -97.7667, 74, POINT, I, VKLTPLCVTLNCTNTTNNNTT-------------------------------------NNRGELKN----CSFNI-T-TS--LKD-KK-KKV-YALF-YKLDTVPINNNQGNRSNNS------------------------------------------NTSYTLT---NCNTSTI-T---QA, 0.4953, 0
1.629900, -120.2402, 83, POINT, R, VKLTPLCVTLNCTNTTNNNTT-------------------------------------NNRGELKN----CSFNM-T-TS--LRD-KK-KKV-YALF-YKLDTVPINNNQGNRSNNS------------------------------------------NTSYTLT---NCNTSTI-T---QA, 0.1755, 0
1.629900, -120.2402, 83, POINT, R, VKLTPLCVTLNCTNTTNNNTT-------------------------------------NNRGELKN----CSFNM-T-TS--LRD-KK-KKV-YALF-YKLDTVPINNNQGNRSNNS------------------------------------------NTSYTLT---NCNTSTI-T---QA, 0.1755, 0
1.622625, -7.9633, 82, POINT, I, VKLTPLCVTLNCTNTTNNNTT-------------------------------------NNRGELKN----CSFNM-T-TS--IKD-KK-KKV-YALF-YKLDVVQINNNQGNRSNNS------------------------------------------NTSYTLT---NCNTSTI-T---QA, 0.2914, 0
1.620939, -120.2153, 4, POINT, T, VKLTTLCVTLNCTNTTNNNTT-------------------------------------NNRGELKN----CSFNM-T-TS--LKD-KK-KKV-YALF-YKLDVVQINNNQGNRSNNS------------------------------------------NTSYTLT---NCNTSTI-T---QA, 0.1379, 0
1.634575, -35.7326, [79, 82, 83], CHUNK, ['N', 'I', 'R'], VKLTPLCVTLNCTNTTNNNTT-------------------------------------NNRGELKN----CSFNM-T-TN--IRD-KK-KKV-YALF-YKLDVVQINNNQGNRSNNS------------------------------------------NTSYTLT---NCNTSTI-T---QA, 0.2575, 0
1.634575, 3.6496, [79, 82, 83], CHUNK, ['N', 'I', 'R'], VKLTPLCVTLNCTNTTNNNTT-------------------------------------NNRGELKN----CSFNM-T-TN--IRD-KK-KKV-YALF-YKLDVVQINNNQGNRSNNS------------------------------------------NTSYTLT---NCNTSTI-T---QA, 0.2907, 0
1.637923, -73.6913, [74, 79], CHUNK, ['I', 'N'], VKLTPLCVTLNCTNTTNNNTN-------------------------------------NNRGELKN----CSFNI-T-TN--LKD-KK-KKV-YALF-YKLDVVQINNNQGNRSNNS------------------------------------------NTSYTLT---NCNTSTI-T---QA, 0.2030, 0
1.615666, -125.0064, 79, POINT, T, VKLTPLCVTLNCTNTTNNNTN-------------------------------------NNRGELKN----CSFNM-T-TT--LKD-KK-KKV-YALF-YKLDVVQINNNQGNRSNNS------------------------------------------NTSYTLT---NCNTSTI-T---QA, 0.1379, 1
1.628852, -124.6495, 109, POINT, D, VKLTPLCVTLNCTNTTNNNTN-------------------------------------NNRGELKN----CSFNM-T-TT--LKD-KK-KKV-YALF-YKLDVVQINNNDGNRSNNS------------------------------------------NTSYTLT---NCNTSTI-T---QA, 0.1379, 1
1.646264, -91.4336, [74], CHUNK, ['I'], VKLTPLCVTLNCTNTTNNNTN-------------------------------------NNRGELKN----CSFNI-T-TT--LKD-KK-KKV-YALF-YKLDVVQINNNDGNRSNNS------------------------------------------NTSYTLT---NCNTSTI-T---QA, 0.6154, 0
1.663268, -120.1709, [74], CHUNK, ['T'], VKLTPLCVTLNCTNTTNNNTN-------------------------------------NNRGELKN----CSFNT-T-TT--LKD-KK-KKV-YALF-YKLDVVQINNNDGNRSNNS------------------------------------------NTSYTLT---NCNTSTI-T---QA, 0.1379, 1
1.669790, -119.0128, [63], CHUNK, ['I'], VKLTPLCVTLNCTNTTNNNTN-------------------------------------NNRGEIKN----CSFNT-T-TT--LKD-KK-KKV-YALF-YKLDVVQINNNDGNRSNNS------------------------------------------NTSYTLT---NCNTSTI-T---QA, 0.2021, 0
1.669790, -119.3594, [63], CHUNK, ['I'], VKLTPLCVTLNCTNTTNNNTN-------------------------------------NNRGEIKN----CSFNT-T-TT--LKD-KK-KKV-YALF-YKLDVVQINNNDGNRSNNS------------------------------------------NTSYTLT---NCNTSTI-T---QA, 0.1436, 0
1.672708, -119.8969, [84, 87, 90, 91], CHUNK, ['N', 'R', 'T', 'E'], VKLTPLCVTLNCTNTTNNNTN-------------------------------------NNRGELKN----CSFNT-T-TT--LKN-KR-KTE-YALF-YKLDVVQINNNDGNRSNNS------------------------------------------NTSYTLT---NCNTSTI-T---QA, 0.1379, 0
1.670283, -118.8561, 104, POINT, K, VKLTPLCVTLNCTNTTNNNTN-------------------------------------NNRGELKN----CSFNT-T-TT--LKD-KK-KKV-YALF-YKLDVVKINNNDGNRSNNS------------------------------------------NTSYTLT---NCNTSTI-T---QA, 0.1837, 1
1.679197, -6.8479, [79, 82, 83], CHUNK, ['N', 'I', 'R'], VKLTPLCVTLNCTNTTNNNTN-------------------------------------NNRGELKN----CSFNT-T-TN--IRD-KK-KKV-YALF-YKLDVVKINNNDGNRSNNS------------------------------------------NTSYTLT---NCNTSTI-T---QA, 0.5795, 0
1.676805, -117.3382, 63, POINT, I, VKLTPLCVTLNCTNTTNNNTN-------------------------------------NNRGEIKN----CSFNT-T-TT--LKD-KK-KKV-YALF-YKLDVVKINNNDGNRSNNS------------------------------------------NTSYTLT---NCNTSTI-T---QA, 0.1837, 0
1.674567, -90.6390, 61, POINT, K, VKLTPLCVTLNCTNTTNNNTN-------------------------------------NNRKELKN----CSFNT-T-TT--LKD-KK-KKV-YALF-YKLDVVKINNNDGNRSNNS------------------------------------------NTSYTLT---NCNTSTI-T---QA, 0.1837, 0
1.671221, -116.2146, [91, 99], CHUNK, ['D', 'N'], VKLTPLCVTLNCTNTTNNNTN-------------------------------------NNRGELKN----CSFNT-T-TT--LKD-KK-KKD-YALF-YNLDVVKINNNDGNRSNNS------------------------------------------NTSYTLT---NCNTSTI-T---QA, 0.1790, 0
1.669790, -118.7201, 63, POINT, I, VKLTPLCVTLNCTNTTNNNTN-------------------------------------NNRGEIKN----CSFNT-T-TT--LKD-KK-KKV-YALF-YKLDVVQINNNDGNRSNNS------------------------------------------NTSYTLT---NCNTSTI-T---QA, 0.1875, 0
1.672181, 1.7522, [79, 82, 83], CHUNK, ['N', 'I', 'R'], VKLTPLCVTLNCTNTTNNNTN-------------------------------------NNRGELKN----CSFNT-T-TN--IRD-KK-KKV-YALF-YKLDVVQINNNDGNRSNNS------------------------------------------NTSYTLT---NCNTSTI-T---QA, 0.2869, 0
1.666862, -118.4998, 99, POINT, N, VKLTPLCVTLNCTNTTNNNTN-------------------------------------NNRGELKN----CSFNT-T-TT--LKD-KK-KKV-YALF-YNLDVVQINNNDGNRSNNS------------------------------------------NTSYTLT---NCNTSTI-T---QA, 0.1430, 1
1.668200, -118.5724, 182, POINT, T, VKLTPLCVTLNCTNTTNNNTN-------------------------------------NNRGELKN----CSFNT-T-TT--LKD-KK-KKV-YALF-YNLDVVQINNNDGNRSNNS------------------------------------------NTSYTLT---NCNTSTI-T---QT, 0.1930, 0
1.674933, -117.4230, [64], CHUNK, ['T'], VKLTPLCVTLNCTNTTNNNTN-------------------------------------NNRGELTN----CSFNT-T-TT--LKD-KK-KKV-YALF-YNLDVVQINNNDGNRSNNS------------------------------------------NTSYTLT---NCNTSTI-T---QA, 0.1430, 0
1.673384, -116.9771, [63], CHUNK, ['I'], VKLTPLCVTLNCTNTTNNNTN-------------------------------------NNRGEIKN----CSFNT-T-TT--LKD-KK-KKV-YALF-YNLDVVQINNNDGNRSNNS------------------------------------------NTSYTLT---NCNTSTI-T---QA, 0.1430, 0
1.672258, -120.3708, [99], CHUNK, ['T'], VKLTPLCVTLNCTNTTNNNTN-------------------------------------NNRGELKN----CSFNT-T-TT--LKD-KK-KKV-YALF-YTLDVVQINNNDGNRSNNS------------------------------------------NTSYTLT---NCNTSTI-T---QA, 0.1422, 0
1.669790, -118.7106, [63], CHUNK, ['I'], VKLTPLCVTLNCTNTTNNNTN-------------------------------------NNRGEIKN----CSFNT-T-TT--LKD-KK-KKV-YALF-YKLDVVQINNNDGNRSNNS------------------------------------------NTSYTLT---NCNTSTI-T---QA, 0.1379, 0
1.666809, -120.1544, 91, POINT, E, VKLTPLCVTLNCTNTTNNNTN-------------------------------------NNRGELKN----CSFNT-T-TT--LKD-KK-KKE-YALF-YKLDVVQINNNDGNRSNNS------------------------------------------NTSYTLT---NCNTSTI-T---QA, 0.1761, 0
1.669095, -119.2434, 59, POINT, T, VKLTPLCVTLNCTNTTNNNTN-------------------------------------NTRGELKN----CSFNT-T-TT--LKD-KK-KKV-YALF-YKLDVVQINNNDGNRSNNS------------------------------------------NTSYTLT---NCNTSTI-T---QA, 0.1463, 0
1.667222, -120.3907, 18, POINT, T, VKLTPLCVTLNCTNTTNNTTN-------------------------------------NNRGELKN----CSFNT-T-TT--LKD-KK-KKV-YALF-YKLDVVQINNNDGNRSNNS------------------------------------------NTSYTLT---NCNTSTI-T---QA, 0.1379, 0
1.645224, -110.0137, [74], CHUNK, ['V'], VKLTPLCVTLNCTNTTNNNTN-------------------------------------NNRGELKN----CSFNV-T-TT--LKD-KK-KKV-YALF-YKLDVVQINNNDGNRSNNS------------------------------------------NTSYTLT---NCNTSTI-T---QA, 0.3809, 0
1.646264, -83.8376, [74], CHUNK, ['I'], VKLTPLCVTLNCTNTTNNNTN-------------------------------------NNRGELKN----CSFNI-T-TT--LKD-KK-KKV-YALF-YKLDVVQINNNDGNRSNNS------------------------------------------NTSYTLT---NCNTSTI-T---QA, 0.4962, 0
1.646264, -82.5773, [74], CHUNK, ['I'], VKLTPLCVTLNCTNTTNNNTN-------------------------------------NNRGELKN----CSFNI-T-TT--LKD-KK-KKV-YALF-YKLDVVQINNNDGNRSNNS------------------------------------------NTSYTLT---NCNTSTI-T---QA, 0.3432, 0
1.645224, -104.1630, 74, POINT, V, VKLTPLCVTLNCTNTTNNNTN-------------------------------------NNRGELKN----CSFNV-T-TT--LKD-KK-KKV-YALF-YKLDVVQINNNDGNRSNNS------------------------------------------NTSYTLT---NCNTSTI-T---QA, 0.2706, 0
1.617003, -125.2439, 182, POINT, T, VKLTPLCVTLNCTNTTNNNTN-------------------------------------NNRGELKN----CSFNM-T-TT--LKD-KK-KKV-YALF-YKLDVVQINNNQGNRSNNS------------------------------------------NTSYTLT---NCNTSTI-T---QT, 0.1446, 1
1.627159, -100.9776, [74, 79], CHUNK, ['I', 'S'], VKLTPLCVTLNCTNTTNNNTN-------------------------------------NNRGELKN----CSFNI-T-TS--LKD-KK-KKV-YALF-YKLDVVQINNNQGNRSNNS------------------------------------------NTSYTLT---NCNTSTI-T---QT, 0.4771, 0
1.625564, -124.7139, 91, POINT, T, VKLTPLCVTLNCTNTTNNNTN-------------------------------------NNRGELKN----CSFNM-T-TT--LKD-KK-KKT-YALF-YKLDVVQINNNQGNRSNNS------------------------------------------NTSYTLT---NCNTSTI-T---QT, 0.1508, 1
1.642708, -121.7132, [74, 79], CHUNK, ['T', 'E'], VKLTPLCVTLNCTNTTNNNTN-------------------------------------NNRGELKN----CSFNT-T-TE--LKD-KK-KKT-YALF-YKLDVVQINNNQGNRSNNS------------------------------------------NTSYTLT---NCNTSTI-T---QT, 0.1553, 1
1.651957, -117.6576, [20], CHUNK, ['T'], VKLTPLCVTLNCTNTTNNNTT-------------------------------------NNRGELKN----CSFNT-T-TE--LKD-KK-KKT-YALF-YKLDVVQINNNQGNRSNNS------------------------------------------NTSYTLT---NCNTSTI-T---QT, 0.1553, 0
1.653108, -118.0511, [60, 63], CHUNK, ['K', 'I'], VKLTPLCVTLNCTNTTNNNTN-------------------------------------NNKGEIKN----CSFNT-T-TE--LKD-KK-KKT-YALF-YKLDVVQINNNQGNRSNNS------------------------------------------NTSYTLT---NCNTSTI-T---QT, 0.1733, 0
1.651957, -117.6576, 20, POINT, T, VKLTPLCVTLNCTNTTNNNTT-------------------------------------NNRGELKN----CSFNT-T-TE--LKD-KK-KKT-YALF-YKLDVVQINNNQGNRSNNS------------------------------------------NTSYTLT---NCNTSTI-T---QT, 0.1553, 1
1.667464, -13.6650, [79, 82, 83], CHUNK, ['S', 'I', 'R'], VKLTPLCVTLNCTNTTNNNTT-------------------------------------NNRGELKN----CSFNT-T-TS--IRD-KK-KKT-YALF-YKLDVVQINNNQGNRSNNS------------------------------------------NTSYTLT---NCNTSTI-T---QT, 0.3795, 0
1.657199, -31.0105, [82, 83], CHUNK, ['I', 'R'], VKLTPLCVTLNCTNTTNNNTT-------------------------------------NNRGELKN----CSFNT-T-TE--IRD-KK-KKT-YALF-YKLDVVQINNNQGNRSNNS------------------------------------------NTSYTLT---NCNTSTI-T---QT, 0.3250, 0
1.669230, -117.4346, 79, POINT, T, VKLTPLCVTLNCTNTTNNNTT-------------------------------------NNRGELKN----CSFNT-T-TT--LKD-KK-KKT-YALF-YKLDVVQINNNQGNRSNNS------------------------------------------NTSYTLT---NCNTSTI-T---QT, 0.1525, 0
1.654749, -114.1501, [79, 82, 86, 87], CHUNK, ['S', 'M', 'N', 'V'], VKLTPLCVTLNCTNTTNNNTT-------------------------------------NNRGELKN----CSFNT-T-TS--MKD-NV-KKT-YALF-YKLDVVQINNNQGNRSNNS------------------------------------------NTSYTLT---NCNTSTI-T---QT, 0.1643, 1
1.663407, -114.2827, [99], CHUNK, ['T'], VKLTPLCVTLNCTNTTNNNTT-------------------------------------NNRGELKN----CSFNT-T-TS--MKD-NV-KKT-YALF-YTLDVVQINNNQGNRSNNS------------------------------------------NTSYTLT---NCNTSTI-T---QT, 0.1643, 0
1.658747, 6.0840, [82, 83, 86, 89], CHUNK, ['I', 'R', 'K', 'Q'], VKLTPLCVTLNCTNTTNNNTT-------------------------------------NNRGELKN----CSFNT-T-TS--IRD-KV-QKT-YALF-YKLDVVQINNNQGNRSNNS------------------------------------------NTSYTLT---NCNTSTI-T---QT, 0.1643, 0
1.676222, -113.6314, [107, 108, 109, 110, 111, 112, 113, 114, 115], CHUNK, ['D', 'D', 'N', 'N', 'E', 'N', 'N', 'S', 'T'], VKLTPLCVTLNCTNTTNNNTT-------------------------------------NNRGELKN----CSFNT-T-TS--MKD-NV-KKT-YALF-YKLDVVQINDDNNENNSTS------------------------------------------NTSYTLT---NCNTSTI-T---QT, 0.1643, 0
1.671838, -116.8693, 82, POINT, S, VKLTPLCVTLNCTNTTNNNTT-------------------------------------NNRGELKN----CSFNT-T-TS--SKD-NV-KKT-YALF-YKLDVVQINNNQGNRSNNS------------------------------------------NTSYTLT---NCNTSTI-T---QT, 0.1941, 1
1.680468, -115.5817, [79, 82, 83], CHUNK, ['N', 'L', 'R'], VKLTPLCVTLNCTNTTNNNTT-------------------------------------NNRGELKN----CSFNT-T-TN--LRD-NV-KKT-YALF-YKLDVVQINNNQGNRSNNS------------------------------------------NTSYTLT---NCNTSTI-T---QT, 0.2008, 1
1.685690, -114.1276, [63], CHUNK, ['I'], VKLTPLCVTLNCTNTTNNNTT-------------------------------------NNRGEIKN----CSFNT-T-TN--LRD-NV-KKT-YALF-YKLDVVQINNNQGNRSNNS------------------------------------------NTSYTLT---NCNTSTI-T---QT, 0.2008, 0
1.685690, -114.1276, 63, POINT, I, VKLTPLCVTLNCTNTTNNNTT-------------------------------------NNRGEIKN----CSFNT-T-TN--LRD-NV-KKT-YALF-YKLDVVQINNNQGNRSNNS------------------------------------------NTSYTLT---NCNTSTI-T---QT, 0.2008, 0
------END OF DATA------
Best coverage = 1.68046802361
Best sequence = VKLTPLCVTLNCTNTTNNNTT-------------------------------------NNRGELKN----CSFNT-T-TN--LRD-NV-KKT-YALF-YKLDVVQINNNQGNRSNNS------------------------------------------NTSYTLT---NCNTSTI-T---QT
Best energy = -115.581694359
Best RMSD = 0.200806260109
Hard Covereage = 0.0542310666766
Num epitopes = 60
