Name base = V1V2_200_exp_6_10_ni
Iters = 200
Soft coverage = 0.284621885725
Energy = -131.463875522
Hard Covereage = 0.0368019545157
Num epitopes = 65
Initial seq = VKLTPLCVTLQCTNVTNNITD-------------------------------------DMRGELKN----CSFNM-T-TE--LRD-KK-QKV-YSLF-YRLDVVQINENQGNRSNNS------------------------------------------NKEYRLI---NCNTSAI-T---QA
-------START OF DATA------
0.308289, -131.3743, [10], CHUNK, ['N'], VKLTPLCVTLNCTNVTNNITD-------------------------------------DMRGELKN----CSFNM-T-TE--LRD-KK-QKV-YSLF-YRLDVVQINENQGNRSNNS------------------------------------------NKEYRLI---NCNTSAI-T---QA, 0.0000, 1
0.315560, -129.2938, 63, POINT, I, VKLTPLCVTLNCTNVTNNITD-------------------------------------DMRGEIKN----CSFNM-T-TE--LRD-KK-QKV-YSLF-YRLDVVQINENQGNRSNNS------------------------------------------NKEYRLI---NCNTSAI-T---QA, 0.0000, 1
0.323941, -129.4703, 94, POINT, A, VKLTPLCVTLNCTNVTNNITD-------------------------------------DMRGEIKN----CSFNM-T-TE--LRD-KK-QKV-YALF-YRLDVVQINENQGNRSNNS------------------------------------------NKEYRLI---NCNTSAI-T---QA, 0.0000, 1
0.331224, -105.6486, [174], CHUNK, ['V'], VKLTPLCVTLNCTNVTNNITD-------------------------------------DMRGEIKN----CSFNM-T-TE--LRD-KK-QKV-YALF-YRLDVVQINENQGNRSNNS------------------------------------------NKEYRLI---NCNTSVI-T---QA, 0.4682, 0
0.329024, -129.5532, 160, POINT, T, VKLTPLCVTLNCTNVTNNITD-------------------------------------DMRGEIKN----CSFNM-T-TE--LRD-KK-QKV-YALF-YRLDVVQINENQGNRSNNS------------------------------------------NTEYRLI---NCNTSAI-T---QA, 0.0345, 1
0.336306, -103.0068, 174, POINT, V, VKLTPLCVTLNCTNVTNNITD-------------------------------------DMRGEIKN----CSFNM-T-TE--LRD-KK-QKV-YALF-YRLDVVQINENQGNRSNNS------------------------------------------NTEYRLI---NCNTSVI-T---QA, 0.4979, 0
0.340251, -127.7126, [99, 104], CHUNK, ['K', 'P'], VKLTPLCVTLNCTNVTNNITD-------------------------------------DMRGEIKN----CSFNM-T-TE--LRD-KK-QKV-YALF-YKLDVVPINENQGNRSNNS------------------------------------------NTEYRLI---NCNTSAI-T---QA, 0.0345, 1
0.351644, -70.6119, [74], CHUNK, ['I'], VKLTPLCVTLNCTNVTNNITD-------------------------------------DMRGEIKN----CSFNI-T-TE--LRD-KK-QKV-YALF-YKLDVVPINENQGNRSNNS------------------------------------------NTEYRLI---NCNTSAI-T---QA, 0.6554, 0
0.342595, -128.1008, 20, POINT, N, VKLTPLCVTLNCTNVTNNITN-------------------------------------DMRGEIKN----CSFNM-T-TE--LRD-KK-QKV-YALF-YKLDVVPINENQGNRSNNS------------------------------------------NTEYRLI---NCNTSAI-T---QA, 0.0345, 1
0.349878, -102.9641, [174], CHUNK, ['V'], VKLTPLCVTLNCTNVTNNITN-------------------------------------DMRGEIKN----CSFNM-T-TE--LRD-KK-QKV-YALF-YKLDVVPINENQGNRSNNS------------------------------------------NTEYRLI---NCNTSVI-T---QA, 0.3481, 1
0.356902, -102.5661, 161, POINT, S, VKLTPLCVTLNCTNVTNNITN-------------------------------------DMRGEIKN----CSFNM-T-TE--LRD-KK-QKV-YALF-YKLDVVPINENQGNRSNNS------------------------------------------NTSYRLI---NCNTSVI-T---QA, 0.3481, 0
0.361271, -58.0547, [74], CHUNK, ['I'], VKLTPLCVTLNCTNVTNNITN-------------------------------------DMRGEIKN----CSFNI-T-TE--LRD-KK-QKV-YALF-YKLDVVPINENQGNRSNNS------------------------------------------NTEYRLI---NCNTSVI-T---QA, 1.6083, 0
0.356902, -107.5278, [161], CHUNK, ['S'], VKLTPLCVTLNCTNVTNNITN-------------------------------------DMRGEIKN----CSFNM-T-TE--LRD-KK-QKV-YALF-YKLDVVPINENQGNRSNNS------------------------------------------NTSYRLI---NCNTSVI-T---QA, 0.4585, 1
0.359980, -105.9760, 18, POINT, T, VKLTPLCVTLNCTNVTNNTTN-------------------------------------DMRGEIKN----CSFNM-T-TE--LRD-KK-QKV-YALF-YKLDVVPINENQGNRSNNS------------------------------------------NTSYRLI---NCNTSVI-T---QA, 0.4585, 0
0.357538, -105.5456, 58, POINT, I, VKLTPLCVTLNCTNVTNNITN-------------------------------------IMRGEIKN----CSFNM-T-TE--LRD-KK-QKV-YALF-YKLDVVPINENQGNRSNNS------------------------------------------NTSYRLI---NCNTSVI-T---QA, 0.5438, 0
0.358339, -104.6764, 169, POINT, S, VKLTPLCVTLNCTNVTNNITN-------------------------------------DMRGEIKN----CSFNM-T-TE--LRD-KK-QKV-YALF-YKLDVVPINENQGNRSNNS------------------------------------------NTSYRLI---SCNTSVI-T---QA, 0.4585, 0
0.368294, -72.4946, [74], CHUNK, ['I'], VKLTPLCVTLNCTNVTNNITN-------------------------------------DMRGEIKN----CSFNI-T-TE--LRD-KK-QKV-YALF-YKLDVVPINENQGNRSNNS------------------------------------------NTSYRLI---NCNTSVI-T---QA, 1.2276, 0
0.351949, -101.1010, 14, POINT, N, VKLTPLCVTLNCTNNTNNITN-------------------------------------DMRGEIKN----CSFNM-T-TE--LRD-KK-QKV-YALF-YKLDVVPINENQGNRSNNS------------------------------------------NTEYRLI---NCNTSVI-T---QA, 0.3435, 0
0.355936, -107.9812, [91], CHUNK, ['E'], VKLTPLCVTLNCTNVTNNITN-------------------------------------DMRGEIKN----CSFNM-T-TE--LRD-KK-QKE-YALF-YKLDVVPINENQGNRSNNS------------------------------------------NTEYRLI---NCNTSVI-T---QA, 0.4007, 0
0.361271, -77.3310, 74, POINT, I, VKLTPLCVTLNCTNVTNNITN-------------------------------------DMRGEIKN----CSFNI-T-TE--LRD-KK-QKV-YALF-YKLDVVPINENQGNRSNNS------------------------------------------NTEYRLI---NCNTSVI-T---QA, 0.5124, 0
0.351826, -102.0342, 58, POINT, S, VKLTPLCVTLNCTNVTNNITN-------------------------------------SMRGEIKN----CSFNM-T-TE--LRD-KK-QKV-YALF-YKLDVVPINENQGNRSNNS------------------------------------------NTEYRLI---NCNTSVI-T---QA, 0.3481, 0
0.349878, -99.8712, [174], CHUNK, ['V'], VKLTPLCVTLNCTNVTNNITN-------------------------------------DMRGEIKN----CSFNM-T-TE--LRD-KK-QKV-YALF-YKLDVVPINENQGNRSNNS------------------------------------------NTEYRLI---NCNTSVI-T---QA, 0.6018, 0
0.349878, -102.9921, [174], CHUNK, ['V'], VKLTPLCVTLNCTNVTNNITN-------------------------------------DMRGEIKN----CSFNM-T-TE--LRD-KK-QKV-YALF-YKLDVVPINENQGNRSNNS------------------------------------------NTEYRLI---NCNTSVI-T---QA, 0.2859, 0
0.349878, -98.7351, [174], CHUNK, ['V'], VKLTPLCVTLNCTNVTNNITN-------------------------------------DMRGEIKN----CSFNM-T-TE--LRD-KK-QKV-YALF-YKLDVVPINENQGNRSNNS------------------------------------------NTEYRLI---NCNTSVI-T---QA, 0.4057, 0
0.353802, -72.0798, [74, 79], CHUNK, ['I', 'N'], VKLTPLCVTLNCTNVTNNITN-------------------------------------DMRGEIKN----CSFNI-T-TN--LRD-KK-QKV-YALF-YKLDVVPINENQGNRSNNS------------------------------------------NTEYRLI---NCNTSAI-T---QA, 0.4649, 0
0.347275, -127.3011, 161, POINT, S, VKLTPLCVTLNCTNVTNNITD-------------------------------------DMRGEIKN----CSFNM-T-TE--LRD-KK-QKV-YALF-YKLDVVPINENQGNRSNNS------------------------------------------NTSYRLI---NCNTSAI-T---QA, 0.0345, 1
0.351347, -123.0549, [74], CHUNK, ['T'], VKLTPLCVTLNCTNVTNNITD-------------------------------------DMRGEIKN----CSFNT-T-TE--LRD-KK-QKV-YALF-YKLDVVPINENQGNRSNNS------------------------------------------NTSYRLI---NCNTSAI-T---QA, 0.0345, 1
0.358668, -80.6102, [74], CHUNK, ['I'], VKLTPLCVTLNCTNVTNNITD-------------------------------------DMRGEIKN----CSFNI-T-TE--LRD-KK-QKV-YALF-YKLDVVPINENQGNRSNNS------------------------------------------NTSYRLI---NCNTSAI-T---QA, 0.6975, 0
0.358668, -66.3879, [74], CHUNK, ['I'], VKLTPLCVTLNCTNVTNNITD-------------------------------------DMRGEIKN----CSFNI-T-TE--LRD-KK-QKV-YALF-YKLDVVPINENQGNRSNNS------------------------------------------NTSYRLI---NCNTSAI-T---QA, 0.3875, 0
0.354167, -119.7795, 20, POINT, T, VKLTPLCVTLNCTNVTNNITT-------------------------------------DMRGEIKN----CSFNT-T-TE--LRD-KK-QKV-YALF-YKLDVVPINENQGNRSNNS------------------------------------------NTSYRLI---NCNTSAI-T---QA, 0.0345, 1
0.361449, -92.2590, 174, POINT, V, VKLTPLCVTLNCTNVTNNITT-------------------------------------DMRGEIKN----CSFNT-T-TE--LRD-KK-QKV-YALF-YKLDVVPINENQGNRSNNS------------------------------------------NTSYRLI---NCNTSVI-T---QA, 0.5000, 0
0.361487, -80.3730, [74], CHUNK, ['I'], VKLTPLCVTLNCTNVTNNITT-------------------------------------DMRGEIKN----CSFNI-T-TE--LRD-KK-QKV-YALF-YKLDVVPINENQGNRSNNS------------------------------------------NTSYRLI---NCNTSAI-T---QA, 0.4416, 0
0.358196, -121.2182, 110, POINT, N, VKLTPLCVTLNCTNVTNNITT-------------------------------------DMRGEIKN----CSFNT-T-TE--LRD-KK-QKV-YALF-YKLDVVPINENQNNRSNNS------------------------------------------NTSYRLI---NCNTSAI-T---QA, 0.0345, 1
0.359385, -118.0579, [109, 110, 111, 112, 113, 114], CHUNK, ['N', 'K', 'T', 'T', 'N', 'G'], VKLTPLCVTLNCTNVTNNITT-------------------------------------DMRGEIKN----CSFNT-T-TE--LRD-KK-QKV-YALF-YKLDVVPINENNKTTNGNS------------------------------------------NTSYRLI---NCNTSAI-T---QA, 0.0345, 0
0.359523, -119.1014, 60, POINT, K, VKLTPLCVTLNCTNVTNNITT-------------------------------------DMKGEIKN----CSFNT-T-TE--LRD-KK-QKV-YALF-YKLDVVPINENQNNRSNNS------------------------------------------NTSYRLI---NCNTSAI-T---QA, 0.0345, 0
0.365478, -98.4615, [174], CHUNK, ['V'], VKLTPLCVTLNCTNVTNNITT-------------------------------------DMRGEIKN----CSFNT-T-TE--LRD-KK-QKV-YALF-YKLDVVPINENQNNRSNNS------------------------------------------NTSYRLI---NCNTSVI-T---QA, 0.3405, 0
0.365478, -91.8800, 174, POINT, V, VKLTPLCVTLNCTNVTNNITT-------------------------------------DMRGEIKN----CSFNT-T-TE--LRD-KK-QKV-YALF-YKLDVVPINENQNNRSNNS------------------------------------------NTSYRLI---NCNTSVI-T---QA, 0.2764, 0
0.361487, -64.1876, [74], CHUNK, ['I'], VKLTPLCVTLNCTNVTNNITT-------------------------------------DMRGEIKN----CSFNI-T-TE--LRD-KK-QKV-YALF-YKLDVVPINENQGNRSNNS------------------------------------------NTSYRLI---NCNTSAI-T---QA, 1.7154, 0
0.361449, -98.4356, 174, POINT, V, VKLTPLCVTLNCTNVTNNITT-------------------------------------DMRGEIKN----CSFNT-T-TE--LRD-KK-QKV-YALF-YKLDVVPINENQGNRSNNS------------------------------------------NTSYRLI---NCNTSVI-T---QA, 0.2579, 0
0.358148, -120.1291, 58, POINT, N, VKLTPLCVTLNCTNVTNNITT-------------------------------------NMRGEIKN----CSFNT-T-TE--LRD-KK-QKV-YALF-YKLDVVPINENQGNRSNNS------------------------------------------NTSYRLI---NCNTSAI-T---QA, 0.0345, 0
0.361487, -97.7976, [74], CHUNK, ['I'], VKLTPLCVTLNCTNVTNNITT-------------------------------------DMRGEIKN----CSFNI-T-TE--LRD-KK-QKV-YALF-YKLDVVPINENQGNRSNNS------------------------------------------NTSYRLI---NCNTSAI-T---QA, 0.3855, 0
0.355175, -123.1676, 107, POINT, N, VKLTPLCVTLNCTNVTNNITD-------------------------------------DMRGEIKN----CSFNT-T-TE--LRD-KK-QKV-YALF-YKLDVVPINNNQGNRSNNS------------------------------------------NTSYRLI---NCNTSAI-T---QA, 0.0345, 0
0.358767, -122.3112, [107, 108, 109, 110, 111, 112], CHUNK, ['D', 'S', 'S', 'N', 'S', 'S'], VKLTPLCVTLNCTNVTNNITD-------------------------------------DMRGEIKN----CSFNT-T-TE--LRD-KK-QKV-YALF-YKLDVVPINDSSNSSSNNS------------------------------------------NTSYRLI---NCNTSAI-T---QA, 0.0345, 1
0.366087, -74.0027, 74, POINT, I, VKLTPLCVTLNCTNVTNNITD-------------------------------------DMRGEIKN----CSFNI-T-TE--LRD-KK-QKV-YALF-YKLDVVPINDSSNSSSNNS------------------------------------------NTSYRLI---NCNTSAI-T---QA, 0.3041, 0
0.366049, -96.1811, [174], CHUNK, ['V'], VKLTPLCVTLNCTNVTNNITD-------------------------------------DMRGEIKN----CSFNT-T-TE--LRD-KK-QKV-YALF-YKLDVVPINDSSNSSSNNS------------------------------------------NTSYRLI---NCNTSVI-T---QA, 0.3718, 0
0.364825, -121.9678, 91, POINT, E, VKLTPLCVTLNCTNVTNNITD-------------------------------------DMRGEIKN----CSFNT-T-TE--LRD-KK-QKE-YALF-YKLDVVPINDSSNSSSNNS------------------------------------------NTSYRLI---NCNTSAI-T---QA, 0.0345, 1
0.372107, -96.6388, [174], CHUNK, ['V'], VKLTPLCVTLNCTNVTNNITD-------------------------------------DMRGEIKN----CSFNT-T-TE--LRD-KK-QKE-YALF-YKLDVVPINDSSNSSSNNS------------------------------------------NTSYRLI---NCNTSVI-T---QA, 0.5710, 0
0.367850, -0.9851, 82, POINT, I, VKLTPLCVTLNCTNVTNNITD-------------------------------------DMRGEIKN----CSFNT-T-TE--IRD-KK-QKE-YALF-YKLDVVPINDSSNSSSNNS------------------------------------------NTSYRLI---NCNTSAI-T---QA, 0.1307, 0
0.372107, -80.3333, 174, POINT, V, VKLTPLCVTLNCTNVTNNITD-------------------------------------DMRGEIKN----CSFNT-T-TE--LRD-KK-QKE-YALF-YKLDVVPINDSSNSSSNNS------------------------------------------NTSYRLI---NCNTSVI-T---QA, 0.3423, 0
0.367850, 2.3061, 82, POINT, I, VKLTPLCVTLNCTNVTNNITD-------------------------------------DMRGEIKN----CSFNT-T-TE--IRD-KK-QKE-YALF-YKLDVVPINDSSNSSSNNS------------------------------------------NTSYRLI---NCNTSAI-T---QA, 0.1488, 0
0.366087, -83.2249, 74, POINT, I, VKLTPLCVTLNCTNVTNNITD-------------------------------------DMRGEIKN----CSFNI-T-TE--LRD-KK-QKV-YALF-YKLDVVPINDSSNSSSNNS------------------------------------------NTSYRLI---NCNTSAI-T---QA, 0.6948, 0
0.366049, -99.1189, 174, POINT, V, VKLTPLCVTLNCTNVTNNITD-------------------------------------DMRGEIKN----CSFNT-T-TE--LRD-KK-QKV-YALF-YKLDVVPINDSSNSSSNNS------------------------------------------NTSYRLI---NCNTSVI-T---QA, 0.1673, 0
0.366087, -86.2050, [74], CHUNK, ['I'], VKLTPLCVTLNCTNVTNNITD-------------------------------------DMRGEIKN----CSFNI-T-TE--LRD-KK-QKV-YALF-YKLDVVPINDSSNSSSNNS------------------------------------------NTSYRLI---NCNTSAI-T---QA, 0.4670, 0
0.361302, -55.0787, 82, POINT, I, VKLTPLCVTLNCTNVTNNITD-------------------------------------DMRGEIKN----CSFNT-T-TE--IRD-KK-QKV-YALF-YKLDVVPINDSSNSSSNNS------------------------------------------NTSYRLI---NCNTSAI-T---QA, 0.4517, 0
0.356330, -122.7474, 109, POINT, N, VKLTPLCVTLNCTNVTNNITD-------------------------------------DMRGEIKN----CSFNT-T-TE--LRD-KK-QKV-YALF-YKLDVVPINENNGNRSNNS------------------------------------------NTSYRLI---NCNTSAI-T---QA, 0.0345, 0
0.357405, -122.7115, 91, POINT, E, VKLTPLCVTLNCTNVTNNITD-------------------------------------DMRGEIKN----CSFNT-T-TE--LRD-KK-QKE-YALF-YKLDVVPINENQGNRSNNS------------------------------------------NTSYRLI---NCNTSAI-T---QA, 0.0345, 0
0.358668, -87.7598, 74, POINT, I, VKLTPLCVTLNCTNVTNNITD-------------------------------------DMRGEIKN----CSFNI-T-TE--LRD-KK-QKV-YALF-YKLDVVPINENQGNRSNNS------------------------------------------NTSYRLI---NCNTSAI-T---QA, 0.4606, 0
0.353259, -117.8383, 60, POINT, T, VKLTPLCVTLNCTNVTNNITD-------------------------------------DMTGEIKN----CSFNT-T-TE--LRD-KK-QKV-YALF-YKLDVVPINENQGNRSNNS------------------------------------------NTSYRLI---NCNTSAI-T---QA, 0.0345, 1
0.355807, -114.5629, 20, POINT, T, VKLTPLCVTLNCTNVTNNITT-------------------------------------DMTGEIKN----CSFNT-T-TE--LRD-KK-QKV-YALF-YKLDVVPINENQGNRSNNS------------------------------------------NTSYRLI---NCNTSAI-T---QA, 0.0345, 0
0.359316, -117.4949, 91, POINT, E, VKLTPLCVTLNCTNVTNNITD-------------------------------------DMTGEIKN----CSFNT-T-TE--LRD-KK-QKE-YALF-YKLDVVPINENQGNRSNNS------------------------------------------NTSYRLI---NCNTSAI-T---QA, 0.0345, 1
0.366599, -95.9101, [174], CHUNK, ['V'], VKLTPLCVTLNCTNVTNNITD-------------------------------------DMTGEIKN----CSFNT-T-TE--LRD-KK-QKE-YALF-YKLDVVPINENQGNRSNNS------------------------------------------NTSYRLI---NCNTSVI-T---QA, 0.5718, 1
0.373919, -90.5097, 74, POINT, I, VKLTPLCVTLNCTNVTNNITD-------------------------------------DMTGEIKN----CSFNI-T-TE--LRD-KK-QKE-YALF-YKLDVVPINENQGNRSNNS------------------------------------------NTSYRLI---NCNTSVI-T---QA, 0.6552, 0
0.368036, -95.7312, 169, POINT, S, VKLTPLCVTLNCTNVTNNITD-------------------------------------DMTGEIKN----CSFNT-T-TE--LRD-KK-QKE-YALF-YKLDVVPINENQGNRSNNS------------------------------------------NTSYRLI---SCNTSVI-T---QA, 0.5279, 0
0.373919, -87.9983, 74, POINT, I, VKLTPLCVTLNCTNVTNNITD-------------------------------------DMTGEIKN----CSFNI-T-TE--LRD-KK-QKE-YALF-YKLDVVPINENQGNRSNNS------------------------------------------NTSYRLI---NCNTSVI-T---QA, 0.8262, 0
0.369624, -20.7636, [82], CHUNK, ['I'], VKLTPLCVTLNCTNVTNNITD-------------------------------------DMTGEIKN----CSFNT-T-TE--IRD-KK-QKE-YALF-YKLDVVPINENQGNRSNNS------------------------------------------NTSYRLI---NCNTSVI-T---QA, 0.8565, 0
0.363145, -117.6077, 107, POINT, N, VKLTPLCVTLNCTNVTNNITD-------------------------------------DMTGEIKN----CSFNT-T-TE--LRD-KK-QKE-YALF-YKLDVVPINNNQGNRSNNS------------------------------------------NTSYRLI---NCNTSAI-T---QA, 0.0345, 0
0.362047, -115.9590, 18, POINT, T, VKLTPLCVTLNCTNVTNNTTD-------------------------------------DMTGEIKN----CSFNT-T-TE--LRD-KK-QKE-YALF-YKLDVVPINENQGNRSNNS------------------------------------------NTSYRLI---NCNTSAI-T---QA, 0.0345, 0
0.366599, -94.7735, [174], CHUNK, ['V'], VKLTPLCVTLNCTNVTNNITD-------------------------------------DMTGEIKN----CSFNT-T-TE--LRD-KK-QKE-YALF-YKLDVVPINENQGNRSNNS------------------------------------------NTSYRLI---NCNTSVI-T---QA, 0.3759, 0
0.366637, -103.3511, 74, POINT, I, VKLTPLCVTLNCTNVTNNITD-------------------------------------DMTGEIKN----CSFNI-T-TE--LRD-KK-QKE-YALF-YKLDVVPINENQGNRSNNS------------------------------------------NTSYRLI---NCNTSAI-T---QA, 0.2950, 0
0.360579, -100.3036, 74, POINT, I, VKLTPLCVTLNCTNVTNNITD-------------------------------------DMTGEIKN----CSFNI-T-TE--LRD-KK-QKV-YALF-YKLDVVPINENQGNRSNNS------------------------------------------NTSYRLI---NCNTSAI-T---QA, 0.5746, 0
0.357087, -117.9511, 107, POINT, N, VKLTPLCVTLNCTNVTNNITD-------------------------------------DMTGEIKN----CSFNT-T-TE--LRD-KK-QKV-YALF-YKLDVVPINNNQGNRSNNS------------------------------------------NTSYRLI---NCNTSAI-T---QA, 0.0345, 0
0.360541, -92.4478, [174], CHUNK, ['V'], VKLTPLCVTLNCTNVTNNITD-------------------------------------DMTGEIKN----CSFNT-T-TE--LRD-KK-QKV-YALF-YKLDVVPINENQGNRSNNS------------------------------------------NTSYRLI---NCNTSVI-T---QA, 0.3021, 0
0.357493, -106.6560, [87, 89, 91], CHUNK, ['I', 'K', 'E'], VKLTPLCVTLNCTNVTNNITD-------------------------------------DMTGEIKN----CSFNT-T-TE--LRD-KI-KKE-YALF-YKLDVVPINENQGNRSNNS------------------------------------------NTSYRLI---NCNTSAI-T---QA, 0.0345, 0
0.362429, -123.0603, [109, 110, 111, 112, 113, 114], CHUNK, ['N', 'S', 'S', 'N', 'N', 'S'], VKLTPLCVTLNCTNVTNNITD-------------------------------------DMRGEIKN----CSFNT-T-TE--LRD-KK-QKV-YALF-YKLDVVPINENNSSNNSNS------------------------------------------NTSYRLI---NCNTSAI-T---QA, 0.0345, 0
0.358668, -82.2332, [74], CHUNK, ['I'], VKLTPLCVTLNCTNVTNNITD-------------------------------------DMRGEIKN----CSFNI-T-TE--LRD-KK-QKV-YALF-YKLDVVPINENQGNRSNNS------------------------------------------NTSYRLI---NCNTSAI-T---QA, 0.6152, 0
0.358630, -97.4029, 174, POINT, V, VKLTPLCVTLNCTNVTNNITD-------------------------------------DMRGEIKN----CSFNT-T-TE--LRD-KK-QKV-YALF-YKLDVVPINENQGNRSNNS------------------------------------------NTSYRLI---NCNTSVI-T---QA, 0.4267, 0
0.358668, -86.9098, [74], CHUNK, ['I'], VKLTPLCVTLNCTNVTNNITD-------------------------------------DMRGEIKN----CSFNI-T-TE--LRD-KK-QKV-YALF-YKLDVVPINENQGNRSNNS------------------------------------------NTSYRLI---NCNTSAI-T---QA, 0.9745, 0
0.358668, -78.1250, [74], CHUNK, ['I'], VKLTPLCVTLNCTNVTNNITD-------------------------------------DMRGEIKN----CSFNI-T-TE--LRD-KK-QKV-YALF-YKLDVVPINENQGNRSNNS------------------------------------------NTSYRLI---NCNTSAI-T---QA, 0.7358, 0
0.353333, -125.7772, [91], CHUNK, ['E'], VKLTPLCVTLNCTNVTNNITD-------------------------------------DMRGEIKN----CSFNM-T-TE--LRD-KK-QKE-YALF-YKLDVVPINENQGNRSNNS------------------------------------------NTSYRLI---NCNTSAI-T---QA, 0.0345, 0
0.349057, -125.1843, 60, POINT, K, VKLTPLCVTLNCTNVTNNITD-------------------------------------DMKGEIKN----CSFNM-T-TE--LRD-KK-QKV-YALF-YKLDVVPINENQGNRSNNS------------------------------------------NTSYRLI---NCNTSAI-T---QA, 0.0345, 0
0.348448, -126.5036, 107, POINT, S, VKLTPLCVTLNCTNVTNNITD-------------------------------------DMRGEIKN----CSFNM-T-TE--LRD-KK-QKV-YALF-YKLDVVPINSNQGNRSNNS------------------------------------------NTSYRLI---NCNTSAI-T---QA, 0.0345, 0
------END OF DATA------
Best coverage = 0.366598813591
Best sequence = VKLTPLCVTLNCTNVTNNITD-------------------------------------DMTGEIKN----CSFNT-T-TE--LRD-KK-QKE-YALF-YKLDVVPINENQGNRSNNS------------------------------------------NTSYRLI---NCNTSVI-T---QA
Best energy = -95.9100971773
Best RMSD = 0.571813344955
Hard Covereage = 0.0845480748268
Num epitopes = 67
