Name base = V1V2_70_exp_6_3_ni
Iters = 70
Soft coverage = 0.284621885725
Energy = -129.575024704
Hard Covereage = 0.0368019545157
Num epitopes = 65
Initial seq = VKLTPLCVTLQCTNVTNNITD-------------------------------------DMRGELKN----CSFNM-T-TE--LRD-KK-QKV-YSLF-YRLDVVQINENQGNRSNNS------------------------------------------NKEYRLI---NCNTSAI-T---QA
-------START OF DATA------
0.296728, -128.6882, [160, 161], CHUNK, ['T', 'S'], VKLTPLCVTLQCTNVTNNITD-------------------------------------DMRGELKN----CSFNM-T-TE--LRD-KK-QKV-YSLF-YRLDVVQINENQGNRSNNS------------------------------------------NTSYRLI---NCNTSAI-T---QA, 0.0000, 1
0.317796, -128.7519, [10, 13], CHUNK, ['N', 'D'], VKLTPLCVTLNCTDVTNNITD-------------------------------------DMRGELKN----CSFNM-T-TE--LRD-KK-QKV-YSLF-YRLDVVQINENQGNRSNNS------------------------------------------NTSYRLI---NCNTSAI-T---QA, 0.0000, 1
0.327768, -90.8996, [74], CHUNK, ['I'], VKLTPLCVTLNCTDVTNNITD-------------------------------------DMRGELKN----CSFNI-T-TE--LRD-KK-QKV-YSLF-YRLDVVQINENQGNRSNNS------------------------------------------NTSYRLI---NCNTSAI-T---QA, 0.4072, 0
0.321679, -130.1799, 110, POINT, N, VKLTPLCVTLNCTDVTNNITD-------------------------------------DMRGELKN----CSFNM-T-TE--LRD-KK-QKV-YSLF-YRLDVVQINENQNNRSNNS------------------------------------------NTSYRLI---NCNTSAI-T---QA, 0.0000, 1
0.330060, -130.3563, 94, POINT, A, VKLTPLCVTLNCTDVTNNITD-------------------------------------DMRGELKN----CSFNM-T-TE--LRD-KK-QKV-YALF-YRLDVVQINENQNNRSNNS------------------------------------------NTSYRLI---NCNTSAI-T---QA, 0.0000, 1
0.337576, -129.0989, [58, 59, 60, 63], CHUNK, ['M', 'E', 'G', 'I'], VKLTPLCVTLNCTDVTNNITD-------------------------------------MEGGEIKN----CSFNM-T-TE--LRD-KK-QKV-YALF-YRLDVVQINENQNNRSNNS------------------------------------------NTSYRLI---NCNTSAI-T---QA, 0.0207, 1
0.348968, -82.3106, [74], CHUNK, ['I'], VKLTPLCVTLNCTDVTNNITD-------------------------------------MEGGEIKN----CSFNI-T-TE--LRD-KK-QKV-YALF-YRLDVVQINENQNNRSNNS------------------------------------------NTSYRLI---NCNTSAI-T---QA, 0.3973, 0
0.344858, -110.9853, 174, POINT, V, VKLTPLCVTLNCTDVTNNITD-------------------------------------MEGGEIKN----CSFNM-T-TE--LRD-KK-QKV-YALF-YRLDVVQINENQNNRSNNS------------------------------------------NTSYRLI---NCNTSVI-T---QA, 0.2877, 0
0.344380, -127.5289, 99, POINT, K, VKLTPLCVTLNCTDVTNNITD-------------------------------------MEGGEIKN----CSFNM-T-TE--LRD-KK-QKV-YALF-YKLDVVQINENQNNRSNNS------------------------------------------NTSYRLI---NCNTSAI-T---QA, 0.0207, 1
0.346549, -125.3459, 174, POINT, T, VKLTPLCVTLNCTDVTNNITD-------------------------------------MEGGEIKN----CSFNM-T-TE--LRD-KK-QKV-YALF-YKLDVVQINENQNNRSNNS------------------------------------------NTSYRLI---NCNTSTI-T---QA, 0.0207, 1
0.351118, -125.5582, 104, POINT, P, VKLTPLCVTLNCTDVTNNITD-------------------------------------MEGGEIKN----CSFNM-T-TE--LRD-KK-QKV-YALF-YKLDVVPINENQNNRSNNS------------------------------------------NTSYRLI---NCNTSTI-T---QA, 0.0207, 0
0.357942, -92.9703, [74], CHUNK, ['I'], VKLTPLCVTLNCTDVTNNITD-------------------------------------MEGGEIKN----CSFNI-T-TE--LRD-KK-QKV-YALF-YKLDVVQINENQNNRSNNS------------------------------------------NTSYRLI---NCNTSTI-T---QA, 0.4103, 0
0.348807, -123.0199, 20, POINT, T, VKLTPLCVTLNCTDVTNNITT-------------------------------------MEGGEIKN----CSFNM-T-TE--LRD-KK-QKV-YALF-YKLDVVQINENQNNRSNNS------------------------------------------NTSYRLI---NCNTSTI-T---QA, 0.0597, 1
0.360200, -86.0123, [74], CHUNK, ['I'], VKLTPLCVTLNCTDVTNNITT-------------------------------------MEGGEIKN----CSFNI-T-TE--LRD-KK-QKV-YALF-YKLDVVQINENQNNRSNNS------------------------------------------NTSYRLI---NCNTSTI-T---QA, 0.3965, 0
0.360200, -79.8869, 74, POINT, I, VKLTPLCVTLNCTDVTNNITT-------------------------------------MEGGEIKN----CSFNI-T-TE--LRD-KK-QKV-YALF-YKLDVVQINENQNNRSNNS------------------------------------------NTSYRLI---NCNTSTI-T---QA, 0.3472, 0
0.351648, -122.9249, 13, POINT, N, VKLTPLCVTLNCTNVTNNITT-------------------------------------MEGGEIKN----CSFNM-T-TE--LRD-KK-QKV-YALF-YKLDVVQINENQNNRSNNS------------------------------------------NTSYRLI---NCNTSTI-T---QA, 0.0597, 0
0.360200, -75.4106, [74], CHUNK, ['I'], VKLTPLCVTLNCTDVTNNITT-------------------------------------MEGGEIKN----CSFNI-T-TE--LRD-KK-QKV-YALF-YKLDVVQINENQNNRSNNS------------------------------------------NTSYRLI---NCNTSTI-T---QA, 0.4909, 0
0.349422, -121.4595, 60, POINT, K, VKLTPLCVTLNCTDVTNNITD-------------------------------------MEKGEIKN----CSFNM-T-TE--LRD-KK-QKV-YALF-YKLDVVQINENQNNRSNNS------------------------------------------NTSYRLI---NCNTSTI-T---QA, 0.0398, 0
0.349036, -124.3470, 18, POINT, N, VKLTPLCVTLNCTDVTNNNTD-------------------------------------MEGGEIKN----CSFNM-T-TE--LRD-KK-QKV-YALF-YKLDVVQINENQNNRSNNS------------------------------------------NTSYRLI---NCNTSTI-T---QA, 0.0473, 1
0.355586, -106.6027, [169, 174], CHUNK, ['S', 'V'], VKLTPLCVTLNCTDVTNNNTD-------------------------------------MEGGEIKN----CSFNM-T-TE--LRD-KK-QKV-YALF-YKLDVVQINENQNNRSNNS------------------------------------------NTSYRLI---SCNTSVI-T---QA, 0.2036, 0
0.351860, -124.7715, 20, POINT, N, VKLTPLCVTLNCTDVTNNNTN-------------------------------------MEGGEIKN----CSFNM-T-TE--LRD-KK-QKV-YALF-YKLDVVQINENQNNRSNNS------------------------------------------NTSYRLI---NCNTSTI-T---QA, 0.0473, 0
0.355094, -123.3343, [91], CHUNK, ['E'], VKLTPLCVTLNCTDVTNNNTD-------------------------------------MEGGEIKN----CSFNM-T-TE--LRD-KK-QKE-YALF-YKLDVVQINENQNNRSNNS------------------------------------------NTSYRLI---NCNTSTI-T---QA, 0.0740, 0
0.353680, -109.0138, [74], CHUNK, ['V'], VKLTPLCVTLNCTDVTNNNTD-------------------------------------MEGGEIKN----CSFNV-T-TE--LRD-KK-QKV-YALF-YKLDVVQINENQNNRSNNS------------------------------------------NTSYRLI---NCNTSTI-T---QA, 0.2243, 0
0.349422, -121.6812, 60, POINT, K, VKLTPLCVTLNCTDVTNNITD-------------------------------------MEKGEIKN----CSFNM-T-TE--LRD-KK-QKV-YALF-YKLDVVQINENQNNRSNNS------------------------------------------NTSYRLI---NCNTSTI-T---QA, 0.0341, 0
0.347146, -126.2966, 58, POINT, E, VKLTPLCVTLNCTDVTNNITD-------------------------------------EEGGEIKN----CSFNM-T-TE--LRD-KK-QKV-YALF-YKLDVVQINENQNNRSNNS------------------------------------------NTSYRLI---NCNTSTI-T---QA, 0.0207, 0
0.351662, -112.3415, [174], CHUNK, ['V'], VKLTPLCVTLNCTDVTNNITD-------------------------------------MEGGEIKN----CSFNM-T-TE--LRD-KK-QKV-YALF-YKLDVVQINENQNNRSNNS------------------------------------------NTSYRLI---NCNTSVI-T---QA, 0.3281, 0
0.351662, -108.9472, [174], CHUNK, ['V'], VKLTPLCVTLNCTDVTNNITD-------------------------------------MEGGEIKN----CSFNM-T-TE--LRD-KK-QKV-YALF-YKLDVVQINENQNNRSNNS------------------------------------------NTSYRLI---NCNTSVI-T---QA, 0.2194, 0
0.346867, -126.1226, 18, POINT, N, VKLTPLCVTLNCTDVTNNNTD-------------------------------------MEGGEIKN----CSFNM-T-TE--LRD-KK-QKV-YALF-YKLDVVQINENQNNRSNNS------------------------------------------NTSYRLI---NCNTSAI-T---QA, 0.0693, 0
0.348452, -123.5344, 74, POINT, T, VKLTPLCVTLNCTDVTNNITD-------------------------------------MEGGEIKN----CSFNT-T-TE--LRD-KK-QKV-YALF-YKLDVVQINENQNNRSNNS------------------------------------------NTSYRLI---NCNTSAI-T---QA, 0.0327, 0
0.353099, -108.3754, [169, 174], CHUNK, ['S', 'V'], VKLTPLCVTLNCTDVTNNITD-------------------------------------MEGGEIKN----CSFNM-T-TE--LRD-KK-QKV-YALF-YKLDVVQINENQNNRSNNS------------------------------------------NTSYRLI---SCNTSVI-T---QA, 0.2748, 1
0.361826, -108.7773, [104, 106, 107], CHUNK, ['P', 'D', 'N'], VKLTPLCVTLNCTDVTNNITD-------------------------------------MEGGEIKN----CSFNM-T-TE--LRD-KK-QKV-YALF-YKLDVVPIDNNQNNRSNNS------------------------------------------NTSYRLI---SCNTSVI-T---QA, 0.2748, 0
0.364492, -71.6133, [74], CHUNK, ['I'], VKLTPLCVTLNCTDVTNNITD-------------------------------------MEGGEIKN----CSFNI-T-TE--LRD-KK-QKV-YALF-YKLDVVQINENQNNRSNNS------------------------------------------NTSYRLI---SCNTSVI-T---QA, 1.1176, 0
0.364492, -73.6746, [74], CHUNK, ['I'], VKLTPLCVTLNCTDVTNNITD-------------------------------------MEGGEIKN----CSFNI-T-TE--LRD-KK-QKV-YALF-YKLDVVQINENQNNRSNNS------------------------------------------NTSYRLI---SCNTSVI-T---QA, 0.6271, 0
0.357087, -96.4626, [74, 79], CHUNK, ['V', 'N'], VKLTPLCVTLNCTDVTNNITD-------------------------------------MEGGEIKN----CSFNV-T-TN--LRD-KK-QKV-YALF-YKLDVVQINENQNNRSNNS------------------------------------------NTSYRLI---SCNTSVI-T---QA, 0.3356, 0
0.348452, -123.2483, 74, POINT, T, VKLTPLCVTLNCTDVTNNITD-------------------------------------MEGGEIKN----CSFNT-T-TE--LRD-KK-QKV-YALF-YKLDVVQINENQNNRSNNS------------------------------------------NTSYRLI---NCNTSAI-T---QA, 0.0207, 0
0.351662, -110.2146, [174], CHUNK, ['V'], VKLTPLCVTLNCTDVTNNITD-------------------------------------MEGGEIKN----CSFNM-T-TE--LRD-KK-QKV-YALF-YKLDVVQINENQNNRSNNS------------------------------------------NTSYRLI---NCNTSVI-T---QA, 0.1630, 1
0.356231, -113.0040, 104, POINT, P, VKLTPLCVTLNCTDVTNNITD-------------------------------------MEGGEIKN----CSFNM-T-TE--LRD-KK-QKV-YALF-YKLDVVPINENQNNRSNNS------------------------------------------NTSYRLI---NCNTSVI-T---QA, 0.2423, 0
0.363055, -79.4855, [74], CHUNK, ['I'], VKLTPLCVTLNCTDVTNNITD-------------------------------------MEGGEIKN----CSFNI-T-TE--LRD-KK-QKV-YALF-YKLDVVQINENQNNRSNNS------------------------------------------NTSYRLI---NCNTSVI-T---QA, 0.5827, 0
0.356306, -102.1466, 74, POINT, V, VKLTPLCVTLNCTDVTNNITD-------------------------------------MEGGEIKN----CSFNV-T-TE--LRD-KK-QKV-YALF-YKLDVVQINENQNNRSNNS------------------------------------------NTSYRLI---NCNTSVI-T---QA, 0.3535, 0
0.353920, -114.0393, [20], CHUNK, ['T'], VKLTPLCVTLNCTDVTNNITT-------------------------------------MEGGEIKN----CSFNM-T-TE--LRD-KK-QKV-YALF-YKLDVVQINENQNNRSNNS------------------------------------------NTSYRLI---NCNTSVI-T---QA, 0.3321, 0
0.346638, -124.6012, 20, POINT, T, VKLTPLCVTLNCTDVTNNITT-------------------------------------MEGGEIKN----CSFNM-T-TE--LRD-KK-QKV-YALF-YKLDVVQINENQNNRSNNS------------------------------------------NTSYRLI---NCNTSAI-T---QA, 0.0755, 0
0.355772, -111.6446, [74], CHUNK, ['I'], VKLTPLCVTLNCTDVTNNITD-------------------------------------MEGGEIKN----CSFNI-T-TE--LRD-KK-QKV-YALF-YKLDVVQINENQNNRSNNS------------------------------------------NTSYRLI---NCNTSAI-T---QA, 0.3201, 0
0.350437, -126.8872, 91, POINT, E, VKLTPLCVTLNCTDVTNNITD-------------------------------------MEGGEIKN----CSFNM-T-TE--LRD-KK-QKE-YALF-YKLDVVQINENQNNRSNNS------------------------------------------NTSYRLI---NCNTSAI-T---QA, 0.0328, 1
0.355007, -127.0995, 104, POINT, P, VKLTPLCVTLNCTDVTNNITD-------------------------------------MEGGEIKN----CSFNM-T-TE--LRD-KK-QKE-YALF-YKLDVVPINENQNNRSNNS------------------------------------------NTSYRLI---NCNTSAI-T---QA, 0.0328, 1
0.362289, -107.4148, [174], CHUNK, ['V'], VKLTPLCVTLNCTDVTNNITD-------------------------------------MEGGEIKN----CSFNM-T-TE--LRD-KK-QKE-YALF-YKLDVVPINENQNNRSNNS------------------------------------------NTSYRLI---NCNTSVI-T---QA, 0.4535, 0
0.357169, -53.7421, 82, POINT, I, VKLTPLCVTLNCTDVTNNITD-------------------------------------MEGGEIKN----CSFNM-T-TE--IRD-KK-QKE-YALF-YKLDVVPINENQNNRSNNS------------------------------------------NTSYRLI---NCNTSAI-T---QA, 0.2296, 0
0.359651, -119.4370, [74], CHUNK, ['V'], VKLTPLCVTLNCTDVTNNITD-------------------------------------MEGGEIKN----CSFNV-T-TE--LRD-KK-QKE-YALF-YKLDVVPINENQNNRSNNS------------------------------------------NTSYRLI---NCNTSAI-T---QA, 0.3022, 0
0.366399, -112.9116, 74, POINT, I, VKLTPLCVTLNCTDVTNNITD-------------------------------------MEGGEIKN----CSFNI-T-TE--LRD-KK-QKE-YALF-YKLDVVPINENQNNRSNNS------------------------------------------NTSYRLI---NCNTSAI-T---QA, 0.2549, 0
0.352600, -14.9897, 82, POINT, I, VKLTPLCVTLNCTDVTNNITD-------------------------------------MEGGEIKN----CSFNM-T-TE--IRD-KK-QKE-YALF-YKLDVVQINENQNNRSNNS------------------------------------------NTSYRLI---NCNTSAI-T---QA, 0.1998, 0
0.361789, -117.8851, [74, 79], CHUNK, ['I', 'N'], VKLTPLCVTLNCTDVTNNITD-------------------------------------MEGGEIKN----CSFNI-T-TN--LRD-KK-QKE-YALF-YKLDVVQINENQNNRSNNS------------------------------------------NTSYRLI---NCNTSAI-T---QA, 0.2677, 0
0.357720, -104.1376, [174], CHUNK, ['V'], VKLTPLCVTLNCTDVTNNITD-------------------------------------MEGGEIKN----CSFNM-T-TE--LRD-KK-QKE-YALF-YKLDVVQINENQNNRSNNS------------------------------------------NTSYRLI---NCNTSVI-T---QA, 0.4144, 0
0.353038, -127.1116, 13, POINT, N, VKLTPLCVTLNCTNVTNNITD-------------------------------------MEGGEIKN----CSFNM-T-TE--LRD-KK-QKE-YALF-YKLDVVQINENQNNRSNNS------------------------------------------NTSYRLI---NCNTSAI-T---QA, 0.0577, 0
0.355772, -97.3983, [74], CHUNK, ['I'], VKLTPLCVTLNCTDVTNNITD-------------------------------------MEGGEIKN----CSFNI-T-TE--LRD-KK-QKV-YALF-YKLDVVQINENQNNRSNNS------------------------------------------NTSYRLI---NCNTSAI-T---QA, 0.3869, 0
0.346638, -124.3975, 20, POINT, T, VKLTPLCVTLNCTDVTNNITT-------------------------------------MEGGEIKN----CSFNM-T-TE--LRD-KK-QKV-YALF-YKLDVVQINENQNNRSNNS------------------------------------------NTSYRLI---NCNTSAI-T---QA, 0.0207, 1
0.358031, -84.9978, [74], CHUNK, ['I'], VKLTPLCVTLNCTDVTNNITT-------------------------------------MEGGEIKN----CSFNI-T-TE--LRD-KK-QKV-YALF-YKLDVVQINENQNNRSNNS------------------------------------------NTSYRLI---NCNTSAI-T---QA, 0.5565, 0
0.348310, -6.2800, 82, POINT, I, VKLTPLCVTLNCTDVTNNITT-------------------------------------MEGGEIKN----CSFNM-T-TE--IRD-KK-QKV-YALF-YKLDVVQINENQNNRSNNS------------------------------------------NTSYRLI---NCNTSAI-T---QA, 0.1415, 0
0.352696, -123.0987, 91, POINT, E, VKLTPLCVTLNCTDVTNNITT-------------------------------------MEGGEIKN----CSFNM-T-TE--LRD-KK-QKE-YALF-YKLDVVQINENQNNRSNNS------------------------------------------NTSYRLI---NCNTSAI-T---QA, 0.1324, 0
0.353920, -103.9076, [174], CHUNK, ['V'], VKLTPLCVTLNCTDVTNNITT-------------------------------------MEGGEIKN----CSFNM-T-TE--LRD-KK-QKV-YALF-YKLDVVQINENQNNRSNNS------------------------------------------NTSYRLI---NCNTSVI-T---QA, 0.2034, 0
0.347253, -123.5978, [60], CHUNK, ['K'], VKLTPLCVTLNCTDVTNNITD-------------------------------------MEKGEIKN----CSFNM-T-TE--LRD-KK-QKV-YALF-YKLDVVQINENQNNRSNNS------------------------------------------NTSYRLI---NCNTSAI-T---QA, 0.0207, 0
0.348949, -127.9944, [104], CHUNK, ['P'], VKLTPLCVTLNCTDVTNNITD-------------------------------------MEGGEIKN----CSFNM-T-TE--LRD-KK-QKV-YALF-YKLDVVPINENQNNRSNNS------------------------------------------NTSYRLI---NCNTSAI-T---QA, 0.1919, 1
0.353107, -128.0499, [106, 107], CHUNK, ['D', 'N'], VKLTPLCVTLNCTDVTNNITD-------------------------------------MEGGEIKN----CSFNM-T-TE--LRD-KK-QKV-YALF-YKLDVVPIDNNQNNRSNNS------------------------------------------NTSYRLI---NCNTSAI-T---QA, 0.1919, 0
0.351436, -126.2528, 18, POINT, N, VKLTPLCVTLNCTDVTNNNTD-------------------------------------MEGGEIKN----CSFNM-T-TE--LRD-KK-QKV-YALF-YKLDVVPINENQNNRSNNS------------------------------------------NTSYRLI---NCNTSAI-T---QA, 0.2432, 1
0.362829, -83.4301, [74], CHUNK, ['I'], VKLTPLCVTLNCTDVTNNNTD-------------------------------------MEGGEIKN----CSFNI-T-TE--LRD-KK-QKV-YALF-YKLDVVPINENQNNRSNNS------------------------------------------NTSYRLI---NCNTSAI-T---QA, 0.4366, 0
0.360156, -104.8775, [169, 174], CHUNK, ['S', 'V'], VKLTPLCVTLNCTDVTNNNTD-------------------------------------MEGGEIKN----CSFNM-T-TE--LRD-KK-QKV-YALF-YKLDVVPINENQNNRSNNS------------------------------------------NTSYRLI---SCNTSVI-T---QA, 0.3537, 0
0.354781, -123.1048, 20, POINT, T, VKLTPLCVTLNCTDVTNNNTT-------------------------------------MEGGEIKN----CSFNM-T-TE--LRD-KK-QKV-YALF-YKLDVVPINENQNNRSNNS------------------------------------------NTSYRLI---NCNTSAI-T---QA, 0.2432, 1
0.366173, -87.9905, [74], CHUNK, ['I'], VKLTPLCVTLNCTDVTNNNTT-------------------------------------MEGGEIKN----CSFNI-T-TE--LRD-KK-QKV-YALF-YKLDVVPINENQNNRSNNS------------------------------------------NTSYRLI---NCNTSAI-T---QA, 0.2566, 0
0.366173, -90.9924, [74], CHUNK, ['I'], VKLTPLCVTLNCTDVTNNNTT-------------------------------------MEGGEIKN----CSFNI-T-TE--LRD-KK-QKV-YALF-YKLDVVPINENQNNRSNNS------------------------------------------NTSYRLI---NCNTSAI-T---QA, 0.6026, 0
0.362063, -103.1584, [174], CHUNK, ['V'], VKLTPLCVTLNCTDVTNNNTT-------------------------------------MEGGEIKN----CSFNM-T-TE--LRD-KK-QKV-YALF-YKLDVVPINENQNNRSNNS------------------------------------------NTSYRLI---NCNTSVI-T---QA, 0.4577, 0
0.358764, -123.2651, 107, POINT, N, VKLTPLCVTLNCTDVTNNNTT-------------------------------------MEGGEIKN----CSFNM-T-TE--LRD-KK-QKV-YALF-YKLDVVPINNNQNNRSNNS------------------------------------------NTSYRLI---NCNTSAI-T---QA, 0.2432, 0
0.357775, -124.1997, [87, 91], CHUNK, ['V', 'E'], VKLTPLCVTLNCTDVTNNNTD-------------------------------------MEGGEIKN----CSFNM-T-TE--LRD-KV-QKE-YALF-YKLDVVPINENQNNRSNNS------------------------------------------NTSYRLI---NCNTSAI-T---QA, 0.2432, 1
------END OF DATA------
Best coverage = 0.357774840061
Best sequence = VKLTPLCVTLNCTDVTNNNTD-------------------------------------MEGGEIKN----CSFNM-T-TE--LRD-KV-QKE-YALF-YKLDVVPINENQNNRSNNS------------------------------------------NTSYRLI---NCNTSAI-T---QA
Best energy = -124.199711699
Best RMSD = 0.243205174804
Hard Covereage = 0.0851377825852
Num epitopes = 68
