Name base = V1V2_70_exp_3_6_ni
Iters = 70
Soft coverage = 0.284621885725
Energy = -128.915517053
Hard Covereage = 0.0368019545157
Num epitopes = 65
Initial seq = VKLTPLCVTLQCTNVTNNITD-------------------------------------DMRGELKN----CSFNM-T-TE--LRD-KK-QKV-YSLF-YRLDVVQINENQGNRSNNS------------------------------------------NKEYRLI---NCNTSAI-T---QA
-------START OF DATA------
0.293003, -129.1414, 94, POINT, A, VKLTPLCVTLQCTNVTNNITD-------------------------------------DMRGELKN----CSFNM-T-TE--LRD-KK-QKV-YALF-YRLDVVQINENQGNRSNNS------------------------------------------NKEYRLI---NCNTSAI-T---QA, 0.1185, 1
0.299808, -127.4259, 99, POINT, K, VKLTPLCVTLQCTNVTNNITD-------------------------------------DMRGELKN----CSFNM-T-TE--LRD-KK-QKV-YALF-YKLDVVQINENQGNRSNNS------------------------------------------NKEYRLI---NCNTSAI-T---QA, 0.1185, 1
0.309779, -90.3919, [74], CHUNK, ['I'], VKLTPLCVTLQCTNVTNNITD-------------------------------------DMRGELKN----CSFNI-T-TE--LRD-KK-QKV-YALF-YKLDVVQINENQGNRSNNS------------------------------------------NKEYRLI---NCNTSAI-T---QA, 0.2520, 0
0.307079, -125.5425, 63, POINT, I, VKLTPLCVTLQCTNVTNNITD-------------------------------------DMRGEIKN----CSFNM-T-TE--LRD-KK-QKV-YALF-YKLDVVQINENQGNRSNNS------------------------------------------NKEYRLI---NCNTSAI-T---QA, 0.1133, 1
0.329558, -124.4806, [10, 14], CHUNK, ['N', 'I'], VKLTPLCVTLNCTNITNNITD-------------------------------------DMRGEIKN----CSFNM-T-TE--LRD-KK-QKV-YALF-YKLDVVQINENQGNRSNNS------------------------------------------NKEYRLI---NCNTSAI-T---QA, 0.1804, 0
0.308751, -41.4849, 82, POINT, I, VKLTPLCVTLQCTNVTNNITD-------------------------------------DMRGEIKN----CSFNM-T-TE--IRD-KK-QKV-YALF-YKLDVVQINENQGNRSNNS------------------------------------------NKEYRLI---NCNTSAI-T---QA, 0.3109, 0
0.330745, -126.2688, [10], CHUNK, ['N'], VKLTPLCVTLNCTNVTNNITD-------------------------------------DMRGEIKN----CSFNM-T-TE--LRD-KK-QKV-YALF-YKLDVVQINENQGNRSNNS------------------------------------------NKEYRLI---NCNTSAI-T---QA, 0.1133, 1
0.336803, -125.0637, 91, POINT, E, VKLTPLCVTLNCTNVTNNITD-------------------------------------DMRGEIKN----CSFNM-T-TE--LRD-KK-QKE-YALF-YKLDVVQINENQGNRSNNS------------------------------------------NKEYRLI---NCNTSAI-T---QA, 0.1416, 0
0.342138, -78.0414, 74, POINT, I, VKLTPLCVTLNCTNVTNNITD-------------------------------------DMRGEIKN----CSFNI-T-TE--LRD-KK-QKV-YALF-YKLDVVQINENQGNRSNNS------------------------------------------NKEYRLI---NCNTSAI-T---QA, 0.2966, 0
0.342138, -99.8320, [74], CHUNK, ['I'], VKLTPLCVTLNCTNVTNNITD-------------------------------------DMRGEIKN----CSFNI-T-TE--LRD-KK-QKV-YALF-YKLDVVQINENQGNRSNNS------------------------------------------NKEYRLI---NCNTSAI-T---QA, 0.3214, 0
0.342852, -125.3897, [160, 161], CHUNK, ['T', 'S'], VKLTPLCVTLNCTNVTNNITD-------------------------------------DMRGEIKN----CSFNM-T-TE--LRD-KK-QKV-YALF-YKLDVVQINENQGNRSNNS------------------------------------------NTSYRLI---NCNTSAI-T---QA, 0.1133, 1
0.354245, -89.1633, 74, POINT, I, VKLTPLCVTLNCTNVTNNITD-------------------------------------DMRGEIKN----CSFNI-T-TE--LRD-KK-QKV-YALF-YKLDVVQINENQGNRSNNS------------------------------------------NTSYRLI---NCNTSAI-T---QA, 0.6471, 0
0.343571, -124.9405, 58, POINT, E, VKLTPLCVTLNCTNVTNNITD-------------------------------------EMRGEIKN----CSFNM-T-TE--LRD-KK-QKV-YALF-YKLDVVQINENQGNRSNNS------------------------------------------NTSYRLI---NCNTSAI-T---QA, 0.1379, 1
0.347994, -125.0302, 104, POINT, P, VKLTPLCVTLNCTNVTNNITD-------------------------------------EMRGEIKN----CSFNM-T-TE--LRD-KK-QKV-YALF-YKLDVVPINENQGNRSNNS------------------------------------------NTSYRLI---NCNTSAI-T---QA, 0.1531, 1
0.354333, -122.9494, [87, 91], CHUNK, ['V', 'E'], VKLTPLCVTLNCTNVTNNITD-------------------------------------EMRGEIKN----CSFNM-T-TE--LRD-KV-QKE-YALF-YKLDVVPINENQGNRSNNS------------------------------------------NTSYRLI---NCNTSAI-T---QA, 0.1531, 0
0.352638, -107.8325, 74, POINT, V, VKLTPLCVTLNCTNVTNNITD-------------------------------------EMRGEIKN----CSFNV-T-TE--LRD-KK-QKV-YALF-YKLDVVPINENQGNRSNNS------------------------------------------NTSYRLI---NCNTSAI-T---QA, 0.3654, 0
0.355276, -101.0017, [174], CHUNK, ['V'], VKLTPLCVTLNCTNVTNNITD-------------------------------------EMRGEIKN----CSFNM-T-TE--LRD-KK-QKV-YALF-YKLDVVPINENQGNRSNNS------------------------------------------NTSYRLI---NCNTSVI-T---QA, 0.3500, 0
0.348955, -125.0265, 107, POINT, D, VKLTPLCVTLNCTNVTNNITD-------------------------------------EMRGEIKN----CSFNM-T-TE--LRD-KK-QKV-YALF-YKLDVVPINDNQGNRSNNS------------------------------------------NTSYRLI---NCNTSAI-T---QA, 0.1351, 0
0.347643, -121.2595, 74, POINT, T, VKLTPLCVTLNCTNVTNNITD-------------------------------------EMRGEIKN----CSFNT-T-TE--LRD-KK-QKV-YALF-YKLDVVQINENQGNRSNNS------------------------------------------NTSYRLI---NCNTSAI-T---QA, 0.1379, 0
0.350853, -100.4489, [174], CHUNK, ['V'], VKLTPLCVTLNCTNVTNNITD-------------------------------------EMRGEIKN----CSFNM-T-TE--LRD-KK-QKV-YALF-YKLDVVQINENQGNRSNNS------------------------------------------NTSYRLI---NCNTSVI-T---QA, 0.3044, 0
0.344484, -124.6396, 18, POINT, S, VKLTPLCVTLNCTNVTNNSTD-------------------------------------EMRGEIKN----CSFNM-T-TE--LRD-KK-QKV-YALF-YKLDVVQINENQGNRSNNS------------------------------------------NTSYRLI---NCNTSAI-T---QA, 0.1207, 1
0.355877, -77.4960, [74], CHUNK, ['I'], VKLTPLCVTLNCTNVTNNSTD-------------------------------------EMRGEIKN----CSFNI-T-TE--LRD-KK-QKV-YALF-YKLDVVQINENQGNRSNNS------------------------------------------NTSYRLI---NCNTSAI-T---QA, 0.3840, 0
0.355877, -89.0735, 74, POINT, I, VKLTPLCVTLNCTNVTNNSTD-------------------------------------EMRGEIKN----CSFNI-T-TE--LRD-KK-QKV-YALF-YKLDVVQINENQGNRSNNS------------------------------------------NTSYRLI---NCNTSAI-T---QA, 0.2383, 0
0.346156, -4.1172, 82, POINT, I, VKLTPLCVTLNCTNVTNNSTD-------------------------------------EMRGEIKN----CSFNM-T-TE--IRD-KK-QKV-YALF-YKLDVVQINENQGNRSNNS------------------------------------------NTSYRLI---NCNTSAI-T---QA, 0.4051, 0
0.346156, -45.0454, 82, POINT, I, VKLTPLCVTLNCTNVTNNSTD-------------------------------------EMRGEIKN----CSFNM-T-TE--IRD-KK-QKV-YALF-YKLDVVQINENQGNRSNNS------------------------------------------NTSYRLI---NCNTSAI-T---QA, 0.3096, 0
0.354964, -86.0387, [74], CHUNK, ['I'], VKLTPLCVTLNCTNVTNNITD-------------------------------------EMRGEIKN----CSFNI-T-TE--LRD-KK-QKV-YALF-YKLDVVQINENQGNRSNNS------------------------------------------NTSYRLI---NCNTSAI-T---QA, 0.3306, 0
0.347182, -125.6971, 107, POINT, N, VKLTPLCVTLNCTNVTNNITD-------------------------------------EMRGEIKN----CSFNM-T-TE--LRD-KK-QKV-YALF-YKLDVVQINNNQGNRSNNS------------------------------------------NTSYRLI---NCNTSAI-T---QA, 0.1376, 1
0.355902, -101.7387, [169, 174], CHUNK, ['S', 'V'], VKLTPLCVTLNCTNVTNNITD-------------------------------------EMRGEIKN----CSFNM-T-TE--LRD-KK-QKV-YALF-YKLDVVQINNNQGNRSNNS------------------------------------------NTSYRLI---SCNTSVI-T---QA, 0.4069, 0
0.362135, -17.6173, [74, 79, 82], CHUNK, ['I', 'S', 'I'], VKLTPLCVTLNCTNVTNNITD-------------------------------------EMRGEIKN----CSFNI-T-TS--IRD-KK-QKV-YALF-YKLDVVQINNNQGNRSNNS------------------------------------------NTSYRLI---NCNTSAI-T---QA, 0.4308, 0
0.351465, -125.9721, 110, POINT, T, VKLTPLCVTLNCTNVTNNITD-------------------------------------EMRGEIKN----CSFNM-T-TE--LRD-KK-QKV-YALF-YKLDVVQINNNQTNRSNNS------------------------------------------NTSYRLI---NCNTSAI-T---QA, 0.1376, 1
0.358747, -100.4724, 174, POINT, V, VKLTPLCVTLNCTNVTNNITD-------------------------------------EMRGEIKN----CSFNM-T-TE--LRD-KK-QKV-YALF-YKLDVVQINNNQTNRSNNS------------------------------------------NTSYRLI---NCNTSVI-T---QA, 0.3966, 0
0.354640, -124.5509, [87, 89, 91], CHUNK, ['M', 'K', 'E'], VKLTPLCVTLNCTNVTNNITD-------------------------------------EMRGEIKN----CSFNM-T-TE--LRD-KM-KKE-YALF-YKLDVVQINNNQTNRSNNS------------------------------------------NTSYRLI---NCNTSAI-T---QA, 0.1322, 1
0.356942, -124.9604, 20, POINT, N, VKLTPLCVTLNCTNVTNNITN-------------------------------------EMRGEIKN----CSFNM-T-TE--LRD-KM-KKE-YALF-YKLDVVQINNNQTNRSNNS------------------------------------------NTSYRLI---NCNTSAI-T---QA, 0.1428, 1
0.373490, -4.4426, [74, 79, 82], CHUNK, ['I', 'S', 'I'], VKLTPLCVTLNCTNVTNNITN-------------------------------------EMRGEIKN----CSFNI-T-TS--IRD-KM-KKE-YALF-YKLDVVQINNNQTNRSNNS------------------------------------------NTSYRLI---NCNTSAI-T---QA, 0.3524, 0
0.357266, -125.2857, 89, POINT, Q, VKLTPLCVTLNCTNVTNNITN-------------------------------------EMRGEIKN----CSFNM-T-TE--LRD-KM-QKE-YALF-YKLDVVQINNNQTNRSNNS------------------------------------------NTSYRLI---NCNTSAI-T---QA, 0.1441, 0
0.361602, -116.2437, 74, POINT, V, VKLTPLCVTLNCTNVTNNITN-------------------------------------EMRGEIKN----CSFNV-T-TE--LRD-KM-KKE-YALF-YKLDVVQINNNQTNRSNNS------------------------------------------NTSYRLI---NCNTSAI-T---QA, 0.3422, 1
0.361926, -116.5262, 89, POINT, Q, VKLTPLCVTLNCTNVTNNITN-------------------------------------EMRGEIKN----CSFNV-T-TE--LRD-KM-QKE-YALF-YKLDVVQINNNQTNRSNNS------------------------------------------NTSYRLI---NCNTSAI-T---QA, 0.3241, 0
0.368885, -103.0464, 174, POINT, V, VKLTPLCVTLNCTNVTNNITN-------------------------------------EMRGEIKN----CSFNV-T-TE--LRD-KM-KKE-YALF-YKLDVVQINNNQTNRSNNS------------------------------------------NTSYRLI---NCNTSVI-T---QA, 0.4014, 0
0.364171, -117.2450, 87, POINT, K, VKLTPLCVTLNCTNVTNNITN-------------------------------------EMRGEIKN----CSFNV-T-TE--LRD-KK-KKE-YALF-YKLDVVQINNNQTNRSNNS------------------------------------------NTSYRLI---NCNTSAI-T---QA, 0.3299, 0
0.362504, -116.7206, 59, POINT, E, VKLTPLCVTLNCTNVTNNITN-------------------------------------EERGEIKN----CSFNV-T-TE--LRD-KM-KKE-YALF-YKLDVVQINNNQTNRSNNS------------------------------------------NTSYRLI---NCNTSAI-T---QA, 0.3422, 0
0.358214, -124.5302, 58, POINT, S, VKLTPLCVTLNCTNVTNNITN-------------------------------------SMRGEIKN----CSFNM-T-TE--LRD-KM-KKE-YALF-YKLDVVQINNNQTNRSNNS------------------------------------------NTSYRLI---NCNTSAI-T---QA, 0.1428, 1
0.362995, -124.8762, 104, POINT, P, VKLTPLCVTLNCTNVTNNITN-------------------------------------SMRGEIKN----CSFNM-T-TE--LRD-KM-KKE-YALF-YKLDVVPINNNQTNRSNNS------------------------------------------NTSYRLI---NCNTSAI-T---QA, 0.1428, 1
0.365399, -7.3541, 82, POINT, I, VKLTPLCVTLNCTNVTNNITN-------------------------------------SMRGEIKN----CSFNM-T-TE--IRD-KM-KKE-YALF-YKLDVVPINNNQTNRSNNS------------------------------------------NTSYRLI---NCNTSAI-T---QA, 0.1292, 0
0.367017, -122.3370, [74], CHUNK, ['T'], VKLTPLCVTLNCTNVTNNITN-------------------------------------SMRGEIKN----CSFNT-T-TE--LRD-KM-KKE-YALF-YKLDVVPINNNQTNRSNNS------------------------------------------NTSYRLI---NCNTSAI-T---QA, 0.1428, 0
0.366283, -123.3697, 18, POINT, T, VKLTPLCVTLNCTNVTNNTTN-------------------------------------SMRGEIKN----CSFNM-T-TE--LRD-KM-KKE-YALF-YKLDVVPINNNQTNRSNNS------------------------------------------NTSYRLI---NCNTSAI-T---QA, 0.1428, 1
0.373565, -100.1687, [174], CHUNK, ['V'], VKLTPLCVTLNCTNVTNNTTN-------------------------------------SMRGEIKN----CSFNM-T-TE--LRD-KM-KKE-YALF-YKLDVVPINNNQTNRSNNS------------------------------------------NTSYRLI---NCNTSVI-T---QA, 0.2566, 0
0.370943, -117.6090, 74, POINT, V, VKLTPLCVTLNCTNVTNNTTN-------------------------------------SMRGEIKN----CSFNV-T-TE--LRD-KM-KKE-YALF-YKLDVVPINNNQTNRSNNS------------------------------------------NTSYRLI---NCNTSAI-T---QA, 0.1852, 0
0.377644, -112.3219, [74], CHUNK, ['I'], VKLTPLCVTLNCTNVTNNTTN-------------------------------------SMRGEIKN----CSFNI-T-TE--LRD-KM-KKE-YALF-YKLDVVPINNNQTNRSNNS------------------------------------------NTSYRLI---NCNTSAI-T---QA, 0.2383, 0
0.375003, -100.0217, [169, 174], CHUNK, ['S', 'V'], VKLTPLCVTLNCTNVTNNTTN-------------------------------------SMRGEIKN----CSFNM-T-TE--LRD-KM-KKE-YALF-YKLDVVPINNNQTNRSNNS------------------------------------------NTSYRLI---SCNTSVI-T---QA, 0.3303, 0
0.370277, -105.1003, 174, POINT, V, VKLTPLCVTLNCTNVTNNITN-------------------------------------SMRGEIKN----CSFNM-T-TE--LRD-KM-KKE-YALF-YKLDVVPINNNQTNRSNNS------------------------------------------NTSYRLI---NCNTSVI-T---QA, 0.3124, 0
0.370277, -100.3985, [174], CHUNK, ['V'], VKLTPLCVTLNCTNVTNNITN-------------------------------------SMRGEIKN----CSFNM-T-TE--LRD-KM-KKE-YALF-YKLDVVPINNNQTNRSNNS------------------------------------------NTSYRLI---NCNTSVI-T---QA, 0.3205, 0
0.372494, -113.8465, [74, 79, 82], CHUNK, ['I', 'N', 'M'], VKLTPLCVTLNCTNVTNNITN-------------------------------------SMRGEIKN----CSFNI-T-TN--MRD-KM-KKE-YALF-YKLDVVPINNNQTNRSNNS------------------------------------------NTSYRLI---NCNTSAI-T---QA, 0.2377, 0
0.367017, -122.3370, [74], CHUNK, ['T'], VKLTPLCVTLNCTNVTNNITN-------------------------------------SMRGEIKN----CSFNT-T-TE--LRD-KM-KKE-YALF-YKLDVVPINNNQTNRSNNS------------------------------------------NTSYRLI---NCNTSAI-T---QA, 0.1428, 0
0.360618, -23.5937, 82, POINT, I, VKLTPLCVTLNCTNVTNNITN-------------------------------------SMRGEIKN----CSFNM-T-TE--IRD-KM-KKE-YALF-YKLDVVQINNNQTNRSNNS------------------------------------------NTSYRLI---NCNTSAI-T---QA, 0.3369, 0
0.369575, -119.7338, [74], CHUNK, ['I'], VKLTPLCVTLNCTNVTNNITN-------------------------------------SMRGEIKN----CSFNI-T-TE--LRD-KM-KKE-YALF-YKLDVVQINNNQTNRSNNS------------------------------------------NTSYRLI---NCNTSAI-T---QA, 0.1740, 0
0.369575, -116.3857, [74], CHUNK, ['I'], VKLTPLCVTLNCTNVTNNITN-------------------------------------SMRGEIKN----CSFNI-T-TE--LRD-KM-KKE-YALF-YKLDVVQINNNQTNRSNNS------------------------------------------NTSYRLI---NCNTSAI-T---QA, 0.1825, 0
0.362874, -121.1125, 74, POINT, V, VKLTPLCVTLNCTNVTNNITN-------------------------------------SMRGEIKN----CSFNV-T-TE--LRD-KM-KKE-YALF-YKLDVVQINNNQTNRSNNS------------------------------------------NTSYRLI---NCNTSAI-T---QA, 0.1446, 0
0.357793, -121.3790, 20, POINT, T, VKLTPLCVTLNCTNVTNNITT-------------------------------------EMRGEIKN----CSFNM-T-TE--LRD-KM-KKE-YALF-YKLDVVQINNNQTNRSNNS------------------------------------------NTSYRLI---NCNTSAI-T---QA, 0.1428, 1
0.365075, -95.3992, [174], CHUNK, ['V'], VKLTPLCVTLNCTNVTNNITT-------------------------------------EMRGEIKN----CSFNM-T-TE--LRD-KM-KKE-YALF-YKLDVVQINNNQTNRSNNS------------------------------------------NTSYRLI---NCNTSVI-T---QA, 0.2313, 0
0.366512, -92.8733, [169, 174], CHUNK, ['S', 'V'], VKLTPLCVTLNCTNVTNNITT-------------------------------------EMRGEIKN----CSFNM-T-TE--LRD-KM-KKE-YALF-YKLDVVQINNNQTNRSNNS------------------------------------------NTSYRLI---SCNTSVI-T---QA, 0.2338, 0
0.358116, -121.5748, 89, POINT, Q, VKLTPLCVTLNCTNVTNNITT-------------------------------------EMRGEIKN----CSFNM-T-TE--LRD-KM-QKE-YALF-YKLDVVQINNNQTNRSNNS------------------------------------------NTSYRLI---NCNTSAI-T---QA, 0.1428, 0
0.360197, -1.6621, 82, POINT, I, VKLTPLCVTLNCTNVTNNITT-------------------------------------EMRGEIKN----CSFNM-T-TE--IRD-KM-KKE-YALF-YKLDVVQINNNQTNRSNNS------------------------------------------NTSYRLI---NCNTSAI-T---QA, 0.2533, 0
0.364224, -100.4225, 174, POINT, V, VKLTPLCVTLNCTNVTNNITN-------------------------------------EMRGEIKN----CSFNM-T-TE--LRD-KM-KKE-YALF-YKLDVVQINNNQTNRSNNS------------------------------------------NTSYRLI---NCNTSVI-T---QA, 0.3258, 0
0.368303, -112.2904, [74], CHUNK, ['I'], VKLTPLCVTLNCTNVTNNITN-------------------------------------EMRGEIKN----CSFNI-T-TE--LRD-KM-KKE-YALF-YKLDVVQINNNQTNRSNNS------------------------------------------NTSYRLI---NCNTSAI-T---QA, 0.2789, 0
0.361531, -124.2673, 109, POINT, S, VKLTPLCVTLNCTNVTNNITN-------------------------------------EMRGEIKN----CSFNM-T-TE--LRD-KM-KKE-YALF-YKLDVVQINNNSTNRSNNS------------------------------------------NTSYRLI---NCNTSAI-T---QA, 0.1397, 1
0.370250, -99.1699, [169, 174], CHUNK, ['S', 'V'], VKLTPLCVTLNCTNVTNNITN-------------------------------------EMRGEIKN----CSFNM-T-TE--LRD-KM-KKE-YALF-YKLDVVQINNNSTNRSNNS------------------------------------------NTSYRLI---SCNTSVI-T---QA, 0.2625, 0
0.364116, -124.4850, 87, POINT, K, VKLTPLCVTLNCTNVTNNITN-------------------------------------EMRGEIKN----CSFNM-T-TE--LRD-KK-KKE-YALF-YKLDVVQINNNSTNRSNNS------------------------------------------NTSYRLI---NCNTSAI-T---QA, 0.1397, 1
0.375509, -116.4600, [74], CHUNK, ['I'], VKLTPLCVTLNCTNVTNNITN-------------------------------------EMRGEIKN----CSFNI-T-TE--LRD-KK-KKE-YALF-YKLDVVQINNNSTNRSNNS------------------------------------------NTSYRLI---NCNTSAI-T---QA, 0.1615, 0
0.366285, -120.4924, [174], CHUNK, ['T'], VKLTPLCVTLNCTNVTNNITN-------------------------------------EMRGEIKN----CSFNM-T-TE--LRD-KK-KKE-YALF-YKLDVVQINNNSTNRSNNS------------------------------------------NTSYRLI---NCNTSTI-T---QA, 0.1397, 1
0.377678, -110.3921, [74], CHUNK, ['I'], VKLTPLCVTLNCTNVTNNITN-------------------------------------EMRGEIKN----CSFNI-T-TE--LRD-KK-KKE-YALF-YKLDVVQINNNSTNRSNNS------------------------------------------NTSYRLI---NCNTSTI-T---QA, 0.2330, 0
------END OF DATA------
Best coverage = 0.366285024437
Best sequence = VKLTPLCVTLNCTNVTNNITN-------------------------------------EMRGEIKN----CSFNM-T-TE--LRD-KK-KKE-YALF-YKLDVVQINNNSTNRSNNS------------------------------------------NTSYRLI---NCNTSTI-T---QA
Best energy = -120.492415221
Best RMSD = 0.139709949493
Hard Covereage = 0.0767211051261
Num epitopes = 63
