Name base = V1V2_200_sq_1_8_ni
Iters = 200
Soft coverage = 1.31203964383
Energy = -129.962528336
Hard Covereage = 0.0368019545157
Num epitopes = 65
Initial seq = VKLTPLCVTLQCTNVTNNITD-------------------------------------DMRGELKN----CSFNM-T-TE--LRD-KK-QKV-YSLF-YRLDVVQINENQGNRSNNS------------------------------------------NKEYRLI---NCNTSAI-T---QA
-------START OF DATA------
1.361196, -129.8988, 10, POINT, N, VKLTPLCVTLNCTNVTNNITD-------------------------------------DMRGELKN----CSFNM-T-TE--LRD-KK-QKV-YSLF-YRLDVVQINENQGNRSNNS------------------------------------------NKEYRLI---NCNTSAI-T---QA, 0.0000, 1
1.384470, -130.0117, 107, POINT, N, VKLTPLCVTLNCTNVTNNITD-------------------------------------DMRGELKN----CSFNM-T-TE--LRD-KK-QKV-YSLF-YRLDVVQINNNQGNRSNNS------------------------------------------NKEYRLI---NCNTSAI-T---QA, 0.0000, 1
1.392912, -130.6289, 84, POINT, N, VKLTPLCVTLNCTNVTNNITD-------------------------------------DMRGELKN----CSFNM-T-TE--LRN-KK-QKV-YSLF-YRLDVVQINNNQGNRSNNS------------------------------------------NKEYRLI---NCNTSAI-T---QA, 0.0000, 1
1.427382, -128.9579, [160, 161, 163, 165], CHUNK, ['R', 'S', 'T', 'T'], VKLTPLCVTLNCTNVTNNITD-------------------------------------DMRGELKN----CSFNM-T-TE--LRN-KK-QKV-YSLF-YRLDVVQINNNQGNRSNNS------------------------------------------NRSYTLT---NCNTSAI-T---QA, 0.0000, 1
1.448598, -129.1054, 160, POINT, S, VKLTPLCVTLNCTNVTNNITD-------------------------------------DMRGELKN----CSFNM-T-TE--LRN-KK-QKV-YSLF-YRLDVVQINNNQGNRSNNS------------------------------------------NSSYTLT---NCNTSAI-T---QA, 0.0000, 0
1.458475, 2.3115, [74, 79, 82], CHUNK, ['I', 'S', 'I'], VKLTPLCVTLNCTNVTNNITD-------------------------------------DMRGELKN----CSFNI-T-TS--IRN-KK-QKV-YSLF-YRLDVVQINNNQGNRSNNS------------------------------------------NRSYTLT---NCNTSAI-T---QA, 0.4002, 0
1.445043, -127.2856, 18, POINT, N, VKLTPLCVTLNCTNVTNNNTD-------------------------------------DMRGELKN----CSFNM-T-TE--LRN-KK-QKV-YSLF-YRLDVVQINNNQGNRSNNS------------------------------------------NRSYTLT---NCNTSAI-T---QA, 0.1001, 1
1.460134, -125.3399, 174, POINT, T, VKLTPLCVTLNCTNVTNNNTD-------------------------------------DMRGELKN----CSFNM-T-TE--LRN-KK-QKV-YSLF-YRLDVVQINNNQGNRSNNS------------------------------------------NRSYTLT---NCNTSTI-T---QA, 0.0997, 0
1.454121, -126.0080, 103, POINT, N, VKLTPLCVTLNCTNVTNNNTD-------------------------------------DMRGELKN----CSFNM-T-TE--LRN-KK-QKV-YSLF-YRLDVNQINNNQGNRSNNS------------------------------------------NRSYTLT---NCNTSAI-T---QA, 0.0640, 0
1.460134, -125.2632, [174], CHUNK, ['T'], VKLTPLCVTLNCTNVTNNNTD-------------------------------------DMRGELKN----CSFNM-T-TE--LRN-KK-QKV-YSLF-YRLDVVQINNNQGNRSNNS------------------------------------------NRSYTLT---NCNTSTI-T---QA, 0.1001, 0
1.460362, -126.5554, 104, POINT, S, VKLTPLCVTLNCTNVTNNNTD-------------------------------------DMRGELKN----CSFNM-T-TE--LRN-KK-QKV-YSLF-YRLDVVSINNNQGNRSNNS------------------------------------------NRSYTLT---NCNTSAI-T---QA, 0.1001, 1
1.477369, -76.6620, 74, POINT, I, VKLTPLCVTLNCTNVTNNNTD-------------------------------------DMRGELKN----CSFNI-T-TE--LRN-KK-QKV-YSLF-YRLDVVSINNNQGNRSNNS------------------------------------------NRSYTLT---NCNTSAI-T---QA, 0.4048, 0
1.472813, -121.8704, 82, POINT, T, VKLTPLCVTLNCTNVTNNNTD-------------------------------------DMRGELKN----CSFNM-T-TE--TRN-KK-QKV-YSLF-YRLDVVSINNNQGNRSNNS------------------------------------------NRSYTLT---NCNTSAI-T---QA, 0.1001, 0
1.487026, -98.2193, [74, 79], CHUNK, ['I', 'S'], VKLTPLCVTLNCTNVTNNNTD-------------------------------------DMRGELKN----CSFNI-T-TS--LRN-KK-QKV-YSLF-YRLDVVSINNNQGNRSNNS------------------------------------------NRSYTLT---NCNTSAI-T---QA, 0.4948, 0
1.479542, -123.9382, [174, 175], CHUNK, ['T', 'T'], VKLTPLCVTLNCTNVTNNNTD-------------------------------------DMRGELKN----CSFNM-T-TE--LRN-KK-QKV-YSLF-YRLDVVSINNNQGNRSNNS------------------------------------------NRSYTLT---NCNTSTT-T---QA, 0.1001, 1
1.518905, -79.9124, [74, 79], CHUNK, ['I', 'N'], VKLTPLCVTLNCTNVTNNNTD-------------------------------------DMRGELKN----CSFNI-T-TN--LRN-KK-QKV-YSLF-YRLDVVSINNNQGNRSNNS------------------------------------------NRSYTLT---NCNTSTT-T---QA, 0.3510, 0
1.484914, -119.4855, 9, POINT, N, VKLTPLCVTNNCTNVTNNNTD-------------------------------------DMRGELKN----CSFNM-T-TE--LRN-KK-QKV-YSLF-YRLDVVSINNNQGNRSNNS------------------------------------------NRSYTLT---NCNTSTT-T---QA, 0.0981, 1
1.500261, -103.5206, 74, POINT, V, VKLTPLCVTNNCTNVTNNNTD-------------------------------------DMRGELKN----CSFNV-T-TE--LRN-KK-QKV-YSLF-YRLDVVSINNNQGNRSNNS------------------------------------------NRSYTLT---NCNTSTT-T---QA, 0.1871, 0
1.519093, -119.6750, 160, POINT, T, VKLTPLCVTNNCTNVTNNNTD-------------------------------------DMRGELKN----CSFNM-T-TE--LRN-KK-QKV-YSLF-YRLDVVSINNNQGNRSNNS------------------------------------------NTSYTLT---NCNTSTT-T---QA, 0.0981, 0
1.493891, -115.4714, [89, 91, 94, 95], CHUNK, ['K', 'E', 'A', 'T'], VKLTPLCVTNNCTNVTNNNTD-------------------------------------DMRGELKN----CSFNM-T-TE--LRN-KK-KKE-YATF-YRLDVVSINNNQGNRSNNS------------------------------------------NRSYTLT---NCNTSTT-T---QA, 0.0981, 0
1.501921, -84.9729, 74, POINT, I, VKLTPLCVTNNCTNVTNNNTD-------------------------------------DMRGELKN----CSFNI-T-TE--LRN-KK-QKV-YSLF-YRLDVVSINNNQGNRSNNS------------------------------------------NRSYTLT---NCNTSTT-T---QA, 0.6577, 0
1.508241, -120.6787, 20, POINT, T, VKLTPLCVTLNCTNVTNNNTT-------------------------------------DMRGELKN----CSFNM-T-TE--LRN-KK-QKV-YSLF-YRLDVVSINNNQGNRSNNS------------------------------------------NRSYTLT---NCNTSTT-T---QA, 0.1001, 0
1.496397, -123.7696, 103, POINT, T, VKLTPLCVTLNCTNVTNNNTD-------------------------------------DMRGELKN----CSFNM-T-TE--LRN-KK-QKV-YSLF-YRLDVTSINNNQGNRSNNS------------------------------------------NRSYTLT---NCNTSTT-T---QA, 0.1090, 0
1.504929, -124.2657, 58, POINT, N, VKLTPLCVTLNCTNVTNNNTD-------------------------------------NMRGELKN----CSFNM-T-TE--LRN-KK-QKV-YSLF-YRLDVVSINNNQGNRSNNS------------------------------------------NRSYTLT---NCNTSTT-T---QA, 0.1001, 1
1.526713, -124.6582, 20, POINT, N, VKLTPLCVTLNCTNVTNNNTN-------------------------------------NMRGELKN----CSFNM-T-TE--LRN-KK-QKV-YSLF-YRLDVVSINNNQGNRSNNS------------------------------------------NRSYTLT---NCNTSTT-T---QA, 0.1001, 1
1.560892, -125.3423, 160, POINT, T, VKLTPLCVTLNCTNVTNNNTN-------------------------------------NMRGELKN----CSFNM-T-TE--LRN-KK-QKV-YSLF-YRLDVVSINNNQGNRSNNS------------------------------------------NTSYTLT---NCNTSTT-T---QA, 0.1245, 0
1.544910, -81.6114, [71, 74], CHUNK, ['T', 'I'], VKLTPLCVTLNCTNVTNNNTN-------------------------------------NMRGELKN----CTFNI-T-TE--LRN-KK-QKV-YSLF-YRLDVVSINNNQGNRSNNS------------------------------------------NRSYTLT---NCNTSTT-T---QA, 0.3597, 0
1.563746, -118.0919, [60, 63], CHUNK, ['T', 'I'], VKLTPLCVTLNCTNVTNNNTN-------------------------------------NMTGEIKN----CSFNM-T-TE--LRN-KK-QKV-YSLF-YRLDVVSINNNQGNRSNNS------------------------------------------NRSYTLT---NCNTSTT-T---QA, 0.1063, 0
1.548128, -127.8782, [160, 165], CHUNK, ['T', 'I'], VKLTPLCVTLNCTNVTNNNTN-------------------------------------NMRGELKN----CSFNM-T-TE--LRN-KK-QKV-YSLF-YRLDVVSINNNQGNRSNNS------------------------------------------NTSYTLI---NCNTSTT-T---QA, 0.1258, 0
1.521936, -72.2556, 74, POINT, I, VKLTPLCVTLNCTNVTNNNTD-------------------------------------NMRGELKN----CSFNI-T-TE--LRN-KK-QKV-YSLF-YRLDVVSINNNQGNRSNNS------------------------------------------NRSYTLT---NCNTSTT-T---QA, 0.3376, 0
1.511610, -123.1284, 99, POINT, K, VKLTPLCVTLNCTNVTNNNTD-------------------------------------NMRGELKN----CSFNM-T-TE--LRN-KK-QKV-YSLF-YKLDVVSINNNQGNRSNNS------------------------------------------NRSYTLT---NCNTSTT-T---QA, 0.0857, 0
1.536021, -3.3866, [74, 79, 82], CHUNK, ['I', 'S', 'I'], VKLTPLCVTLNCTNVTNNNTD-------------------------------------NMRGELKN----CSFNI-T-TS--IRN-KK-QKV-YSLF-YRLDVVSINNNQGNRSNNS------------------------------------------NRSYTLT---NCNTSTT-T---QA, 0.2709, 0
1.512864, -124.6269, 101, POINT, N, VKLTPLCVTLNCTNVTNNNTD-------------------------------------NMRGELKN----CSFNM-T-TE--LRN-KK-QKV-YSLF-YRLNVVSINNNQGNRSNNS------------------------------------------NRSYTLT---NCNTSTT-T---QA, 0.0976, 0
1.494890, -120.4849, [59, 60, 63], CHUNK, ['E', 'K', 'I'], VKLTPLCVTLNCTNVTNNNTD-------------------------------------DEKGEIKN----CSFNM-T-TE--LRN-KK-QKV-YSLF-YRLDVVSINNNQGNRSNNS------------------------------------------NRSYTLT---NCNTSTT-T---QA, 0.0964, 0
1.500758, -123.9847, 160, POINT, S, VKLTPLCVTLNCTNVTNNNTD-------------------------------------DMRGELKN----CSFNM-T-TE--LRN-KK-QKV-YSLF-YRLDVVSINNNQGNRSNNS------------------------------------------NSSYTLT---NCNTSTT-T---QA, 0.1001, 1
1.505893, -122.5363, 60, POINT, K, VKLTPLCVTLNCTNVTNNNTD-------------------------------------DMKGELKN----CSFNM-T-TE--LRN-KK-QKV-YSLF-YRLDVVSINNNQGNRSNNS------------------------------------------NSSYTLT---NCNTSTT-T---QA, 0.1017, 0
1.507439, -122.4847, 99, POINT, K, VKLTPLCVTLNCTNVTNNNTD-------------------------------------DMRGELKN----CSFNM-T-TE--LRN-KK-QKV-YSLF-YKLDVVSINNNQGNRSNNS------------------------------------------NSSYTLT---NCNTSTT-T---QA, 0.1097, 0
1.527422, -77.3279, [74, 79], CHUNK, ['I', 'S'], VKLTPLCVTLNCTNVTNNNTD-------------------------------------DMRGELKN----CSFNI-T-TS--LRN-KK-QKV-YSLF-YRLDVVSINNNQGNRSNNS------------------------------------------NSSYTLT---NCNTSTT-T---QA, 0.4060, 0
1.532775, -119.9478, [74], CHUNK, ['T'], VKLTPLCVTLNCTNVTNNNTD-------------------------------------DMRGELKN----CSFNT-T-TE--LRN-KK-QKV-YSLF-YRLDVVSINNNQGNRSNNS------------------------------------------NSSYTLT---NCNTSTT-T---QA, 0.1001, 0
1.497867, -107.4430, 61, POINT, N, VKLTPLCVTLNCTNVTNNNTD-------------------------------------DMRNELKN----CSFNM-T-TE--LRN-KK-QKV-YSLF-YRLDVVSINNNQGNRSNNS------------------------------------------NRSYTLT---NCNTSTT-T---QA, 0.1001, 0
1.480958, -122.4223, 91, POINT, E, VKLTPLCVTLNCTNVTNNNTD-------------------------------------DMRGELKN----CSFNM-T-TE--LRN-KK-QKE-YSLF-YRLDVVSINNNQGNRSNNS------------------------------------------NRSYTLT---NCNTSTT-T---QA, 0.1001, 1
1.502827, -122.7963, 20, POINT, N, VKLTPLCVTLNCTNVTNNNTN-------------------------------------DMRGELKN----CSFNM-T-TE--LRN-KK-QKE-YSLF-YRLDVVSINNNQGNRSNNS------------------------------------------NRSYTLT---NCNTSTT-T---QA, 0.1001, 0
1.515138, -122.6117, 160, POINT, T, VKLTPLCVTLNCTNVTNNNTD-------------------------------------DMRGELKN----CSFNM-T-TE--LRN-KK-QKE-YSLF-YRLDVVSINNNQGNRSNNS------------------------------------------NTSYTLT---NCNTSTT-T---QA, 0.1001, 1
1.533051, -122.1337, [94, 99], CHUNK, ['A', 'T'], VKLTPLCVTLNCTNVTNNNTD-------------------------------------DMRGELKN----CSFNM-T-TE--LRN-KK-QKE-YALF-YTLDVVSINNNQGNRSNNS------------------------------------------NTSYTLT---NCNTSTT-T---QA, 0.0964, 0
1.530327, 1.9992, [79, 82, 83, 84], CHUNK, ['S', 'I', 'K', 'T'], VKLTPLCVTLNCTNVTNNNTD-------------------------------------DMRGELKN----CSFNM-T-TS--IKT-KK-QKE-YSLF-YRLDVVSINNNQGNRSNNS------------------------------------------NTSYTLT---NCNTSTT-T---QA, 0.1534, 0
1.552646, -113.5103, [74, 79], CHUNK, ['V', 'N'], VKLTPLCVTLNCTNVTNNNTD-------------------------------------DMRGELKN----CSFNV-T-TN--LRN-KK-QKE-YSLF-YRLDVVSINNNQGNRSNNS------------------------------------------NTSYTLT---NCNTSTT-T---QA, 0.2827, 0
1.543816, -52.9609, [58, 59, 61, 62, 63, 64], CHUNK, ['S', 'S', 'E', 'P', 'I', 'N'], VKLTPLCVTLNCTNVTNNNTD-------------------------------------SSREPINN----CSFNM-T-TE--LRN-KK-QKE-YSLF-YRLDVVSINNNQGNRSNNS------------------------------------------NTSYTLT---NCNTSTT-T---QA, 0.1169, 0
1.494876, -121.9163, 105, POINT, T, VKLTPLCVTLNCTNVTNNNTD-------------------------------------DMRGELKN----CSFNM-T-TE--LRN-KK-QKE-YSLF-YRLDVVSTNNNQGNRSNNS------------------------------------------NRSYTLT---NCNTSTT-T---QA, 0.0866, 0
1.520607, -111.4088, [74, 79], CHUNK, ['I', 'N'], VKLTPLCVTLNCTNVTNNNTD-------------------------------------DMRGELKN----CSFNI-T-TN--LRN-KK-QKE-YSLF-YRLDVVSINNNQGNRSNNS------------------------------------------NRSYTLT---NCNTSTT-T---QA, 0.3831, 0
1.520607, -112.8965, [74, 79], CHUNK, ['I', 'N'], VKLTPLCVTLNCTNVTNNNTD-------------------------------------DMRGELKN----CSFNI-T-TN--LRN-KK-QKE-YSLF-YRLDVVSINNNQGNRSNNS------------------------------------------NRSYTLT---NCNTSTT-T---QA, 0.2651, 0
1.487817, -120.5995, 99, POINT, K, VKLTPLCVTLNCTNVTNNNTD-------------------------------------DMRGELKN----CSFNM-T-TE--LRN-KK-QKE-YSLF-YKLDVVSINNNQGNRSNNS------------------------------------------NRSYTLT---NCNTSTT-T---QA, 0.1001, 1
1.506142, -104.3878, 61, POINT, N, VKLTPLCVTLNCTNVTNNNTD-------------------------------------DMRNELKN----CSFNM-T-TE--LRN-KK-QKE-YSLF-YKLDVVSINNNQGNRSNNS------------------------------------------NRSYTLT---NCNTSTT-T---QA, 0.1399, 0
1.490297, -121.3032, [94], CHUNK, ['A'], VKLTPLCVTLNCTNVTNNNTD-------------------------------------DMRGELKN----CSFNM-T-TE--LRN-KK-QKE-YALF-YKLDVVSINNNQGNRSNNS------------------------------------------NRSYTLT---NCNTSTT-T---QA, 0.1255, 0
1.496979, -119.7505, 79, POINT, S, VKLTPLCVTLNCTNVTNNNTD-------------------------------------DMRGELKN----CSFNM-T-TS--LRN-KK-QKE-YSLF-YKLDVVSINNNQGNRSNNS------------------------------------------NRSYTLT---NCNTSTT-T---QA, 0.1001, 1
1.515595, -101.6209, 61, POINT, T, VKLTPLCVTLNCTNVTNNNTD-------------------------------------DMRTELKN----CSFNM-T-TS--LRN-KK-QKE-YSLF-YKLDVVSINNNQGNRSNNS------------------------------------------NRSYTLT---NCNTSTT-T---QA, 0.1379, 0
1.517178, -117.6876, 58, POINT, T, VKLTPLCVTLNCTNVTNNNTD-------------------------------------TMRGELKN----CSFNM-T-TS--LRN-KK-QKE-YSLF-YKLDVVSINNNQGNRSNNS------------------------------------------NRSYTLT---NCNTSTT-T---QA, 0.1343, 0
1.501572, -117.8718, 63, POINT, I, VKLTPLCVTLNCTNVTNNNTD-------------------------------------DMRGEIKN----CSFNM-T-TS--LRN-KK-QKE-YSLF-YKLDVVSINNNQGNRSNNS------------------------------------------NRSYTLT---NCNTSTT-T---QA, 0.1617, 0
1.530523, -117.3658, [74], CHUNK, ['T'], VKLTPLCVTLNCTNVTNNNTD-------------------------------------DMRGELKN----CSFNT-T-TS--LRN-KK-QKE-YSLF-YKLDVVSINNNQGNRSNNS------------------------------------------NRSYTLT---NCNTSTT-T---QA, 0.0971, 0
1.504824, -114.1618, 74, POINT, I, VKLTPLCVTLNCTNVTNNNTD-------------------------------------DMRGELKN----CSFNI-T-TE--LRN-KK-QKE-YSLF-YKLDVVSINNNQGNRSNNS------------------------------------------NRSYTLT---NCNTSTT-T---QA, 0.1870, 0
1.506910, -3.5904, [79, 82, 84], CHUNK, ['N', 'I', 'D'], VKLTPLCVTLNCTNVTNNNTD-------------------------------------DMRGELKN----CSFNM-T-TN--IRD-KK-QKE-YSLF-YKLDVVSINNNQGNRSNNS------------------------------------------NRSYTLT---NCNTSTT-T---QA, 0.1947, 0
1.520136, -121.2829, 112, POINT, N, VKLTPLCVTLNCTNVTNNNTD-------------------------------------DMRGELKN----CSFNM-T-TE--LRN-KK-QKE-YSLF-YKLDVVSINNNQGNNSNNS------------------------------------------NRSYTLT---NCNTSTT-T---QA, 0.1207, 0
1.504824, -114.4718, 74, POINT, I, VKLTPLCVTLNCTNVTNNNTD-------------------------------------DMRGELKN----CSFNI-T-TE--LRN-KK-QKE-YSLF-YKLDVVSINNNQGNRSNNS------------------------------------------NRSYTLT---NCNTSTT-T---QA, 0.1477, 0
1.486591, -3.3429, 82, POINT, I, VKLTPLCVTLNCTNVTNNNTD-------------------------------------DMRGELKN----CSFNM-T-TE--IRN-KK-QKE-YSLF-YRLDVVSINNNQGNRSNNS------------------------------------------NRSYTLT---NCNTSTT-T---QA, 0.2245, 0
1.518467, -115.3823, [74, 79], CHUNK, ['V', 'N'], VKLTPLCVTLNCTNVTNNNTD-------------------------------------DMRGELKN----CSFNV-T-TN--LRN-KK-QKE-YSLF-YRLDVVSINNNQGNRSNNS------------------------------------------NRSYTLT---NCNTSTT-T---QA, 0.2347, 0
1.502174, -123.0212, 160, POINT, S, VKLTPLCVTLNCTNVTNNNTD-------------------------------------DMRGELKN----CSFNM-T-TE--LRN-KK-QKE-YSLF-YRLDVVSINNNQGNRSNNS------------------------------------------NSSYTLT---NCNTSTT-T---QA, 0.0911, 1
1.525090, -122.1561, [86, 89, 90, 94], CHUNK, ['N', 'K', 'T', 'A'], VKLTPLCVTLNCTNVTNNNTD-------------------------------------DMRGELKN----CSFNM-T-TE--LRN-NK-KTE-YALF-YRLDVVSINNNQGNRSNNS------------------------------------------NSSYTLT---NCNTSTT-T---QA, 0.0907, 1
1.568613, -118.5784, [74, 79], CHUNK, ['T', 'S'], VKLTPLCVTLNCTNVTNNNTD-------------------------------------DMRGELKN----CSFNT-T-TS--LRN-NK-KTE-YALF-YRLDVVSINNNQGNRSNNS------------------------------------------NSSYTLT---NCNTSTT-T---QA, 0.0907, 0
1.552100, -114.3013, [74, 79], CHUNK, ['I', 'S'], VKLTPLCVTLNCTNVTNNNTD-------------------------------------DMRGELKN----CSFNI-T-TS--LRN-NK-KTE-YALF-YRLDVVSINNNQGNRSNNS------------------------------------------NSSYTLT---NCNTSTT-T---QA, 0.1075, 0
1.551052, 13.1050, [79, 82, 83], CHUNK, ['T', 'I', 'K'], VKLTPLCVTLNCTNVTNNNTD-------------------------------------DMRGELKN----CSFNM-T-TT--IKN-NK-KTE-YALF-YRLDVVSINNNQGNRSNNS------------------------------------------NSSYTLT---NCNTSTT-T---QA, 0.1858, 0
1.535967, -121.0992, 93, POINT, N, VKLTPLCVTLNCTNVTNNNTD-------------------------------------DMRGELKN----CSFNM-T-TE--LRN-NK-KTE-NALF-YRLDVVSINNNQGNRSNNS------------------------------------------NSSYTLT---NCNTSTT-T---QA, 0.1248, 0
1.509033, -121.2496, 99, POINT, K, VKLTPLCVTLNCTNVTNNNTD-------------------------------------DMRGELKN----CSFNM-T-TE--LRN-KK-QKE-YSLF-YKLDVVSINNNQGNRSNNS------------------------------------------NSSYTLT---NCNTSTT-T---QA, 0.0911, 1
1.524830, -120.4468, 20, POINT, S, VKLTPLCVTLNCTNVTNNNTS-------------------------------------DMRGELKN----CSFNM-T-TE--LRN-KK-QKE-YSLF-YKLDVVSINNNQGNRSNNS------------------------------------------NSSYTLT---NCNTSTT-T---QA, 0.0911, 1
1.533163, -119.9753, 162, POINT, S, VKLTPLCVTLNCTNVTNNNTS-------------------------------------DMRGELKN----CSFNM-T-TE--LRN-KK-QKE-YSLF-YKLDVVSINNNQGNRSNNS------------------------------------------NSSSTLT---NCNTSTT-T---QA, 0.1339, 0
1.551703, -108.6556, [74, 79], CHUNK, ['I', 'S'], VKLTPLCVTLNCTNVTNNNTS-------------------------------------DMRGELKN----CSFNI-T-TS--LRN-KK-QKE-YSLF-YKLDVVSINNNQGNRSNNS------------------------------------------NSSYTLT---NCNTSTT-T---QA, 0.3221, 1
1.564490, -109.0272, 160, POINT, N, VKLTPLCVTLNCTNVTNNNTS-------------------------------------DMRGELKN----CSFNI-T-TS--LRN-KK-QKE-YSLF-YKLDVVSINNNQGNRSNNS------------------------------------------NNSYTLT---NCNTSTT-T---QA, 0.3268, 0
1.560036, -109.9764, 162, POINT, S, VKLTPLCVTLNCTNVTNNNTS-------------------------------------DMRGELKN----CSFNI-T-TS--LRN-KK-QKE-YSLF-YKLDVVSINNNQGNRSNNS------------------------------------------NSSSTLT---NCNTSTT-T---QA, 0.3138, 0
1.560412, -88.4808, 91, POINT, T, VKLTPLCVTLNCTNVTNNNTS-------------------------------------DMRGELKN----CSFNI-T-TS--LRN-KK-QKT-YSLF-YKLDVVSINNNQGNRSNNS------------------------------------------NSSYTLT---NCNTSTT-T---QA, 0.5303, 0
1.560261, -109.7809, 89, POINT, K, VKLTPLCVTLNCTNVTNNNTS-------------------------------------DMRGELKN----CSFNI-T-TS--LRN-KK-KKE-YSLF-YKLDVVSINNNQGNRSNNS------------------------------------------NSSYTLT---NCNTSTT-T---QA, 0.3288, 0
1.556847, -117.6567, [74], CHUNK, ['T'], VKLTPLCVTLNCTNVTNNNTS-------------------------------------DMRGELKN----CSFNT-T-TE--LRN-KK-QKE-YSLF-YKLDVVSINNNQGNRSNNS------------------------------------------NSSYTLT---NCNTSTT-T---QA, 0.1128, 0
1.555707, -119.9360, [108, 109, 110, 111, 112, 113], CHUNK, ['D', 'T', 'Q', 'S', 'T', 'N'], VKLTPLCVTLNCTNVTNNNTS-------------------------------------DMRGELKN----CSFNM-T-TE--LRN-KK-QKE-YSLF-YKLDVVSINNDTQSTNNNS------------------------------------------NSSYTLT---NCNTSTT-T---QA, 0.1813, 0
1.546865, -84.6049, [58, 59, 60, 61, 63], CHUNK, ['K', 'L', 'N', 'E', 'M'], VKLTPLCVTLNCTNVTNNNTS-------------------------------------KLNEEMKN----CSFNM-T-TE--LRN-KK-QKE-YSLF-YKLDVVSINNNQGNRSNNS------------------------------------------NSSYTLT---NCNTSTT-T---QA, 0.2422, 0
1.533696, -120.8606, 89, POINT, K, VKLTPLCVTLNCTNVTNNNTS-------------------------------------DMRGELKN----CSFNM-T-TE--LRN-KK-KKE-YSLF-YKLDVVSINNNQGNRSNNS------------------------------------------NSSYTLT---NCNTSTT-T---QA, 0.1055, 0
1.523741, -121.6706, 83, POINT, T, VKLTPLCVTLNCTNVTNNNTD-------------------------------------DMRGELKN----CSFNM-T-TE--LTN-KK-QKE-YSLF-YKLDVVSINNNQGNRSNNS------------------------------------------NSSYTLT---NCNTSTT-T---QA, 0.0911, 0
1.526917, -122.2477, 60, POINT, N, VKLTPLCVTLNCTNVTNNNTD-------------------------------------DMNGELKN----CSFNM-T-TE--LRN-KK-QKE-YSLF-YKLDVVSINNNQGNRSNNS------------------------------------------NSSYTLT---NCNTSTT-T---QA, 0.1114, 1
1.543924, -112.7756, [74], CHUNK, ['I'], VKLTPLCVTLNCTNVTNNNTD-------------------------------------DMNGELKN----CSFNI-T-TE--LRN-KK-QKE-YSLF-YKLDVVSINNNQGNRSNNS------------------------------------------NSSYTLT---NCNTSTT-T---QA, 0.2495, 1
1.548970, -111.8919, [63], CHUNK, ['I'], VKLTPLCVTLNCTNVTNNNTD-------------------------------------DMNGEIKN----CSFNI-T-TE--LRN-KK-QKE-YSLF-YKLDVVSINNNQGNRSNNS------------------------------------------NSSYTLT---NCNTSTT-T---QA, 0.2376, 1
1.571612, -113.6570, [79], CHUNK, ['N'], VKLTPLCVTLNCTNVTNNNTD-------------------------------------DMNGEIKN----CSFNI-T-TN--LRN-KK-QKE-YSLF-YKLDVVSINNNQGNRSNNS------------------------------------------NSSYTLT---NCNTSTT-T---QA, 0.2118, 0
1.565567, -113.5905, [87, 94], CHUNK, ['T', 'A'], VKLTPLCVTLNCTNVTNNNTD-------------------------------------DMNGEIKN----CSFNI-T-TE--LRN-KT-QKE-YALF-YKLDVVSINNNQGNRSNNS------------------------------------------NSSYTLT---NCNTSTT-T---QA, 0.2641, 1
1.611029, -3.3976, [74, 79, 82], CHUNK, ['T', 'N', 'I'], VKLTPLCVTLNCTNVTNNNTD-------------------------------------DMNGEIKN----CSFNT-T-TN--IRN-KT-QKE-YALF-YKLDVVSINNNQGNRSNNS------------------------------------------NSSYTLT---NCNTSTT-T---QA, 0.2739, 0
1.598548, -25.3888, [79, 82], CHUNK, ['N', 'I'], VKLTPLCVTLNCTNVTNNNTD-------------------------------------DMNGEIKN----CSFNI-T-TN--IRN-KT-QKE-YALF-YKLDVVSINNNQGNRSNNS------------------------------------------NSSYTLT---NCNTSTT-T---QA, 0.6039, 0
1.593216, -110.3330, 20, POINT, T, VKLTPLCVTLNCTNVTNNNTT-------------------------------------DMNGEIKN----CSFNI-T-TE--LRN-KT-QKE-YALF-YKLDVVSINNNQGNRSNNS------------------------------------------NSSYTLT---NCNTSTT-T---QA, 0.2641, 0
1.596053, -108.0993, [79, 82], CHUNK, ['S', 'T'], VKLTPLCVTLNCTNVTNNNTD-------------------------------------DMNGEIKN----CSFNI-T-TS--TRN-KT-QKE-YALF-YKLDVVSINNNQGNRSNNS------------------------------------------NSSYTLT---NCNTSTT-T---QA, 0.2641, 0
1.571612, -111.1749, [79], CHUNK, ['N'], VKLTPLCVTLNCTNVTNNNTD-------------------------------------DMNGEIKN----CSFNI-T-TN--LRN-KK-QKE-YSLF-YKLDVVSINNNQGNRSNNS------------------------------------------NSSYTLT---NCNTSTT-T---QA, 0.2376, 0
1.562980, -114.5862, [74], CHUNK, ['T'], VKLTPLCVTLNCTNVTNNNTD-------------------------------------DMNGEIKN----CSFNT-T-TE--LRN-KK-QKE-YSLF-YKLDVVSINNNQGNRSNNS------------------------------------------NSSYTLT---NCNTSTT-T---QA, 0.2373, 0
1.557826, -112.0710, 93, POINT, N, VKLTPLCVTLNCTNVTNNNTD-------------------------------------DMNGEIKN----CSFNI-T-TE--LRN-KK-QKE-NSLF-YKLDVVSINNNQGNRSNNS------------------------------------------NSSYTLT---NCNTSTT-T---QA, 0.1965, 0
1.563926, -111.9590, 59, POINT, I, VKLTPLCVTLNCTNVTNNNTD-------------------------------------DINGEIKN----CSFNI-T-TE--LRN-KK-QKE-YSLF-YKLDVVSINNNQGNRSNNS------------------------------------------NSSYTLT---NCNTSTT-T---QA, 0.2350, 0
1.558933, -115.6161, [74], CHUNK, ['T'], VKLTPLCVTLNCTNVTNNNTD-------------------------------------DMNGELKN----CSFNT-T-TE--LRN-KK-QKE-YSLF-YKLDVVSINNNQGNRSNNS------------------------------------------NSSYTLT---NCNTSTT-T---QA, 0.2615, 0
1.572152, -109.9423, [20], CHUNK, ['T'], VKLTPLCVTLNCTNVTNNNTT-------------------------------------DMNGELKN----CSFNI-T-TE--LRN-KK-QKE-YSLF-YKLDVVSINNNQGNRSNNS------------------------------------------NSSYTLT---NCNTSTT-T---QA, 0.2217, 0
1.546280, -111.4563, 173, POINT, T, VKLTPLCVTLNCTNVTNNNTD-------------------------------------DMNGELKN----CSFNI-T-TE--LRN-KK-QKE-YSLF-YKLDVVSINNNQGNRSNNS------------------------------------------NSSYTLT---NCNTTTT-T---QA, 0.2495, 0
1.566150, -24.6445, [79, 82, 84], CHUNK, ['N', 'I', 'D'], VKLTPLCVTLNCTNVTNNNTD-------------------------------------DMNGELKN----CSFNI-T-TN--IRD-KK-QKE-YSLF-YKLDVVSINNNQGNRSNNS------------------------------------------NSSYTLT---NCNTSTT-T---QA, 0.2444, 0
1.542875, -122.3146, 79, POINT, T, VKLTPLCVTLNCTNVTNNNTD-------------------------------------DMNGELKN----CSFNM-T-TT--LRN-KK-QKE-YSLF-YKLDVVSINNNQGNRSNNS------------------------------------------NSSYTLT---NCNTSTT-T---QA, 0.1678, 0
1.539880, -122.4776, 160, POINT, T, VKLTPLCVTLNCTNVTNNNTD-------------------------------------DMNGELKN----CSFNM-T-TE--LRN-KK-QKE-YSLF-YKLDVVSINNNQGNRSNNS------------------------------------------NTSYTLT---NCNTSTT-T---QA, 0.1103, 1
1.582586, -118.6726, [74, 79], CHUNK, ['T', 'S'], VKLTPLCVTLNCTNVTNNNTD-------------------------------------DMNGELKN----CSFNT-T-TS--LRN-KK-QKE-YSLF-YKLDVVSINNNQGNRSNNS------------------------------------------NTSYTLT---NCNTSTT-T---QA, 0.1103, 0
1.544465, -120.7576, [63], CHUNK, ['I'], VKLTPLCVTLNCTNVTNNNTD-------------------------------------DMNGEIKN----CSFNM-T-TE--LRN-KK-QKE-YSLF-YKLDVVSINNNQGNRSNNS------------------------------------------NTSYTLT---NCNTSTT-T---QA, 0.1103, 0
1.572257, -121.7569, 109, POINT, S, VKLTPLCVTLNCTNVTNNNTD-------------------------------------DMNGELKN----CSFNM-T-TE--LRN-KK-QKE-YSLF-YKLDVVSINNNSGNRSNNS------------------------------------------NTSYTLT---NCNTSTT-T---QA, 0.1049, 0
1.557862, -122.2178, 62, POINT, T, VKLTPLCVTLNCTNVTNNNTD-------------------------------------DMNGTLKN----CSFNM-T-TE--LRN-KK-QKE-YSLF-YKLDVVSINNNQGNRSNNS------------------------------------------NTSYTLT---NCNTSTT-T---QA, 0.1103, 0
1.535782, -122.0323, 89, POINT, K, VKLTPLCVTLNCTNVTNNNTD-------------------------------------DMNGELKN----CSFNM-T-TE--LRN-KK-KKE-YSLF-YKLDVVSINNNQGNRSNNS------------------------------------------NSSYTLT---NCNTSTT-T---QA, 0.1114, 1
1.559651, -122.4065, 20, POINT, N, VKLTPLCVTLNCTNVTNNNTN-------------------------------------DMNGELKN----CSFNM-T-TE--LRN-KK-KKE-YSLF-YKLDVVSINNNQGNRSNNS------------------------------------------NSSYTLT---NCNTSTT-T---QA, 0.1114, 1
1.574998, -113.1345, [74], CHUNK, ['V'], VKLTPLCVTLNCTNVTNNNTN-------------------------------------DMNGELKN----CSFNV-T-TE--LRN-KK-KKE-YSLF-YKLDVVSINNNQGNRSNNS------------------------------------------NSSYTLT---NCNTSTT-T---QA, 0.2051, 0
1.587683, -120.2438, [58, 59, 63, 64], CHUNK, ['N', 'I', 'I', 'Q'], VKLTPLCVTLNCTNVTNNNTN-------------------------------------NINGEIQN----CSFNM-T-TE--LRN-KK-KKE-YSLF-YKLDVVSINNNQGNRSNNS------------------------------------------NSSYTLT---NCNTSTT-T---QA, 0.1114, 0
1.598531, -109.4698, [74, 79], CHUNK, ['I', 'N'], VKLTPLCVTLNCTNVTNNNTN-------------------------------------DMNGELKN----CSFNI-T-TN--LRN-KK-KKE-YSLF-YKLDVVSINNNQGNRSNNS------------------------------------------NSSYTLT---NCNTSTT-T---QA, 0.2488, 0
1.576659, -109.7164, 74, POINT, I, VKLTPLCVTLNCTNVTNNNTN-------------------------------------DMNGELKN----CSFNI-T-TE--LRN-KK-KKE-YSLF-YKLDVVSINNNQGNRSNNS------------------------------------------NSSYTLT---NCNTSTT-T---QA, 0.2871, 0
1.564324, -121.1639, 59, POINT, T, VKLTPLCVTLNCTNVTNNNTD-------------------------------------DTNGELKN----CSFNM-T-TE--LRN-KK-KKE-YSLF-YKLDVVSINNNQGNRSNNS------------------------------------------NSSYTLT---NCNTSTT-T---QA, 0.1114, 0
1.552789, -110.4106, [74], CHUNK, ['I'], VKLTPLCVTLNCTNVTNNNTD-------------------------------------DMNGELKN----CSFNI-T-TE--LRN-KK-KKE-YSLF-YKLDVVSINNNQGNRSNNS------------------------------------------NSSYTLT---NCNTSTT-T---QA, 0.3819, 0
1.552789, -109.3340, [74], CHUNK, ['I'], VKLTPLCVTLNCTNVTNNNTD-------------------------------------DMNGELKN----CSFNI-T-TE--LRN-KK-KKE-YSLF-YKLDVVSINNNQGNRSNNS------------------------------------------NSSYTLT---NCNTSTT-T---QA, 0.2079, 0
1.541850, -122.4215, 59, POINT, E, VKLTPLCVTLNCTNVTNNNTD-------------------------------------DENGELKN----CSFNM-T-TE--LRN-KK-KKE-YSLF-YKLDVVSINNNQGNRSNNS------------------------------------------NSSYTLT---NCNTSTT-T---QA, 0.1114, 0
1.533682, -122.5875, 59, POINT, D, VKLTPLCVTLNCTNVTNNNTD-------------------------------------DDNGELKN----CSFNM-T-TE--LRN-KK-QKE-YSLF-YKLDVVSINNNQGNRSNNS------------------------------------------NSSYTLT---NCNTSTT-T---QA, 0.1114, 1
1.538137, -123.9385, [84, 89, 90, 91], CHUNK, ['D', 'K', 'N', 'V'], VKLTPLCVTLNCTNVTNNNTD-------------------------------------DDNGELKN----CSFNM-T-TE--LRD-KK-KNV-YSLF-YKLDVVSINNNQGNRSNNS------------------------------------------NSSYTLT---NCNTSTT-T---QA, 0.1135, 0
1.537650, -120.7504, 89, POINT, L, VKLTPLCVTLNCTNVTNNNTD-------------------------------------DDNGELKN----CSFNM-T-TE--LRN-KK-LKE-YSLF-YKLDVVSINNNQGNRSNNS------------------------------------------NSSYTLT---NCNTSTT-T---QA, 0.1114, 1
1.554657, -111.2663, [74], CHUNK, ['I'], VKLTPLCVTLNCTNVTNNNTD-------------------------------------DDNGELKN----CSFNI-T-TE--LRN-KK-LKE-YSLF-YKLDVVSINNNQGNRSNNS------------------------------------------NSSYTLT---NCNTSTT-T---QA, 0.2274, 1
1.577870, -111.6497, 59, POINT, N, VKLTPLCVTLNCTNVTNNNTD-------------------------------------DNNGELKN----CSFNI-T-TE--LRN-KK-LKE-YSLF-YKLDVVSINNNQGNRSNNS------------------------------------------NSSYTLT---NCNTSTT-T---QA, 0.2389, 0
1.560030, -35.8084, 82, POINT, I, VKLTPLCVTLNCTNVTNNNTD-------------------------------------DDNGELKN----CSFNI-T-TE--IRN-KK-LKE-YSLF-YKLDVVSINNNQGNRSNNS------------------------------------------NSSYTLT---NCNTSTT-T---QA, 0.3310, 0
1.560517, -110.2811, [63], CHUNK, ['I'], VKLTPLCVTLNCTNVTNNNTD-------------------------------------DDNGEIKN----CSFNI-T-TE--LRN-KK-LKE-YSLF-YKLDVVSINNNQGNRSNNS------------------------------------------NSSYTLT---NCNTSTT-T---QA, 0.2522, 0
1.559727, 1.2636, [79, 82, 84, 87], CHUNK, ['S', 'I', 'T', 'M'], VKLTPLCVTLNCTNVTNNNTD-------------------------------------DDNGELKN----CSFNI-T-TS--IRT-KM-LKE-YSLF-YKLDVVSINNNQGNRSNNS------------------------------------------NSSYTLT---NCNTSTT-T---QA, 0.2360, 0
1.545518, -118.9397, [79, 83, 84, 87], CHUNK, ['N', 'K', 'D', 'V'], VKLTPLCVTLNCTNVTNNNTD-------------------------------------DDNGELKN----CSFNM-T-TN--LKD-KV-LKE-YSLF-YKLDVVSINNNQGNRSNNS------------------------------------------NSSYTLT---NCNTSTT-T---QA, 0.1114, 0
1.569667, -117.7654, [74], CHUNK, ['T'], VKLTPLCVTLNCTNVTNNNTD-------------------------------------DDNGELKN----CSFNT-T-TE--LRN-KK-LKE-YSLF-YKLDVVSINNNQGNRSNNS------------------------------------------NSSYTLT---NCNTSTT-T---QA, 0.1114, 1
1.589552, -101.2722, 61, POINT, N, VKLTPLCVTLNCTNVTNNNTD-------------------------------------DDNNELKN----CSFNT-T-TE--LRN-KK-LKE-YSLF-YKLDVVSINNNQGNRSNNS------------------------------------------NSSYTLT---NCNTSTT-T---QA, 0.1114, 0
1.593604, -118.2286, 20, POINT, N, VKLTPLCVTLNCTNVTNNNTN-------------------------------------DDNGELKN----CSFNT-T-TE--LRN-KK-LKE-YSLF-YKLDVVSINNNQGNRSNNS------------------------------------------NSSYTLT---NCNTSTT-T---QA, 0.1114, 1
1.617717, -99.1507, 61, POINT, T, VKLTPLCVTLNCTNVTNNNTN-------------------------------------DDNTELKN----CSFNT-T-TE--LRN-KK-LKE-YSLF-YKLDVVSINNNQGNRSNNS------------------------------------------NSSYTLT---NCNTSTT-T---QA, 0.1114, 0
1.598588, -118.1888, 83, POINT, K, VKLTPLCVTLNCTNVTNNNTN-------------------------------------DDNGELKN----CSFNT-T-TE--LKN-KK-LKE-YSLF-YKLDVVSINNNQGNRSNNS------------------------------------------NSSYTLT---NCNTSTT-T---QA, 0.1114, 1
1.604168, -117.1026, 63, POINT, I, VKLTPLCVTLNCTNVTNNNTN-------------------------------------DDNGEIKN----CSFNT-T-TE--LKN-KK-LKE-YSLF-YKLDVVSINNNQGNRSNNS------------------------------------------NSSYTLT---NCNTSTT-T---QA, 0.1010, 0
1.604168, -116.5297, [63], CHUNK, ['I'], VKLTPLCVTLNCTNVTNNNTN-------------------------------------DDNGEIKN----CSFNT-T-TE--LKN-KK-LKE-YSLF-YKLDVVSINNNQGNRSNNS------------------------------------------NSSYTLT---NCNTSTT-T---QA, 0.1380, 0
1.600764, -120.7965, [89, 90, 91, 94], CHUNK, ['Q', 'N', 'V', 'A'], VKLTPLCVTLNCTNVTNNNTN-------------------------------------DDNGELKN----CSFNT-T-TE--LKN-KK-QNV-YALF-YKLDVVSINNNQGNRSNNS------------------------------------------NSSYTLT---NCNTSTT-T---QA, 0.1114, 0
1.608769, -118.5873, [94, 99], CHUNK, ['A', 'T'], VKLTPLCVTLNCTNVTNNNTN-------------------------------------DDNGELKN----CSFNT-T-TE--LKN-KK-LKE-YALF-YTLDVVSINNNQGNRSNNS------------------------------------------NSSYTLT---NCNTSTT-T---QA, 0.1114, 0
1.600666, -115.5615, 98, POINT, N, VKLTPLCVTLNCTNVTNNNTN-------------------------------------DDNGELKN----CSFNT-T-TE--LRN-KK-LKE-YSLF-NKLDVVSINNNQGNRSNNS------------------------------------------NSSYTLT---NCNTSTT-T---QA, 0.1114, 0
1.601936, -117.6012, 162, POINT, S, VKLTPLCVTLNCTNVTNNNTN-------------------------------------DDNGELKN----CSFNT-T-TE--LRN-KK-LKE-YSLF-YKLDVVSINNNQGNRSNNS------------------------------------------NSSSTLT---NCNTSTT-T---QA, 0.1114, 1
1.603560, -117.7773, [94], CHUNK, ['A'], VKLTPLCVTLNCTNVTNNNTN-------------------------------------DDNGELKN----CSFNT-T-TE--LRN-KK-LKE-YALF-YKLDVVSINNNQGNRSNNS------------------------------------------NSSSTLT---NCNTSTT-T---QA, 0.1114, 0
1.630443, -111.3786, [58, 59, 60, 63], CHUNK, ['S', 'T', 'K', 'I'], VKLTPLCVTLNCTNVTNNNTN-------------------------------------STKGEIKN----CSFNT-T-TE--LRN-KK-LKE-YSLF-YKLDVVSINNNQGNRSNNS------------------------------------------NSSSTLT---NCNTSTT-T---QA, 0.1084, 0
1.608942, -117.7931, 72, POINT, S, VKLTPLCVTLNCTNVTNNNTN-------------------------------------DDNGELKN----CSSNT-T-TE--LRN-KK-LKE-YSLF-YKLDVVSINNNQGNRSNNS------------------------------------------NSSSTLT---NCNTSTT-T---QA, 0.1139, 1
1.613523, 1.5398, 82, POINT, I, VKLTPLCVTLNCTNVTNNNTN-------------------------------------DDNGELKN----CSSNT-T-TE--IRN-KK-LKE-YSLF-YKLDVVSINNNQGNRSNNS------------------------------------------NSSSTLT---NCNTSTT-T---QA, 0.1631, 0
1.615106, -116.0853, [63], CHUNK, ['I'], VKLTPLCVTLNCTNVTNNNTN-------------------------------------DDNGEIKN----CSSNT-T-TE--LRN-KK-LKE-YSLF-YKLDVVSINNNQGNRSNNS------------------------------------------NSSSTLT---NCNTSTT-T---QA, 0.1139, 1
1.616729, -116.4056, [94], CHUNK, ['A'], VKLTPLCVTLNCTNVTNNNTN-------------------------------------DDNGEIKN----CSSNT-T-TE--LRN-KK-LKE-YALF-YKLDVVSINNNQGNRSNNS------------------------------------------NSSSTLT---NCNTSTT-T---QA, 0.1126, 1
1.622168, -117.9924, [89], CHUNK, ['K'], VKLTPLCVTLNCTNVTNNNTN-------------------------------------DDNGEIKN----CSSNT-T-TE--LRN-KK-KKE-YALF-YKLDVVSINNNQGNRSNNS------------------------------------------NSSSTLT---NCNTSTT-T---QA, 0.1044, 0
1.644715, 2.3198, [79, 82], CHUNK, ['N', 'I'], VKLTPLCVTLNCTNVTNNNTN-------------------------------------DDNGEIKN----CSSNT-T-TN--IRN-KK-LKE-YALF-YKLDVVSINNNQGNRSNNS------------------------------------------NSSSTLT---NCNTSTT-T---QA, 0.3793, 0
1.623509, -111.9925, 58, POINT, I, VKLTPLCVTLNCTNVTNNNTN-------------------------------------IDNGEIKN----CSSNT-T-TE--LRN-KK-LKE-YALF-YKLDVVSINNNQGNRSNNS------------------------------------------NSSSTLT---NCNTSTT-T---QA, 0.1126, 0
1.626516, -117.2915, 161, POINT, N, VKLTPLCVTLNCTNVTNNNTN-------------------------------------DDNGEIKN----CSSNT-T-TE--LRN-KK-LKE-YALF-YKLDVVSINNNQGNRSNNS------------------------------------------NSNSTLT---NCNTSTT-T---QA, 0.1126, 1
1.631659, -115.0902, 71, POINT, T, VKLTPLCVTLNCTNVTNNNTN-------------------------------------DDNGEIKN----CTSNT-T-TE--LRN-KK-LKE-YALF-YKLDVVSINNNQGNRSNNS------------------------------------------NSNSTLT---NCNTSTT-T---QA, 0.1126, 0
1.646038, -117.2637, 62, POINT, T, VKLTPLCVTLNCTNVTNNNTN-------------------------------------DDNGTIKN----CSSNT-T-TE--LRN-KK-LKE-YALF-YKLDVVSINNNQGNRSNNS------------------------------------------NSNSTLT---NCNTSTT-T---QA, 0.1129, 1
1.659095, -118.2693, [89, 90], CHUNK, ['K', 'N'], VKLTPLCVTLNCTNVTNNNTN-------------------------------------DDNGTIKN----CSSNT-T-TE--LRN-KK-KNE-YALF-YKLDVVSINNNQGNRSNNS------------------------------------------NSNSTLT---NCNTSTT-T---QA, 0.1285, 0
1.668600, -116.3090, 79, POINT, N, VKLTPLCVTLNCTNVTNNNTN-------------------------------------DDNGTIKN----CSSNT-T-TN--LRN-KK-LKE-YALF-YKLDVVSINNNQGNRSNNS------------------------------------------NSNSTLT---NCNTSTT-T---QA, 0.2313, 0
1.660008, -100.2285, [61, 63], CHUNK, ['N', 'M'], VKLTPLCVTLNCTNVTNNNTN-------------------------------------DDNNTMKN----CSSNT-T-TE--LRN-KK-LKE-YALF-YKLDVVSINNNQGNRSNNS------------------------------------------NSNSTLT---NCNTSTT-T---QA, 0.1129, 1
1.674812, -99.5566, [116], CHUNK, ['N'], VKLTPLCVTLNCTNVTNNNTN-------------------------------------DDNNTMKN----CSSNT-T-TE--LRN-KK-LKE-YALF-YKLDVVSINNNQGNRSNNN------------------------------------------NSNSTLT---NCNTSTT-T---QA, 0.1129, 0
1.674949, -99.6867, [79, 83], CHUNK, ['S', 'K'], VKLTPLCVTLNCTNVTNNNTN-------------------------------------DDNNTMKN----CSSNT-T-TS--LKN-KK-LKE-YALF-YKLDVVSINNNQGNRSNNS------------------------------------------NSNSTLT---NCNTSTT-T---QA, 0.1512, 0
1.673269, -100.4317, 63, POINT, I, VKLTPLCVTLNCTNVTNNNTN-------------------------------------DDNNTIKN----CSSNT-T-TE--LRN-KK-LKE-YALF-YKLDVVSINNNQGNRSNNS------------------------------------------NSNSTLT---NCNTSTT-T---QA, 0.1129, 0
1.674812, -99.5566, [116], CHUNK, ['N'], VKLTPLCVTLNCTNVTNNNTN-------------------------------------DDNNTMKN----CSSNT-T-TE--LRN-KK-LKE-YALF-YKLDVVSINNNQGNRSNNN------------------------------------------NSNSTLT---NCNTSTT-T---QA, 0.1129, 0
1.651478, -117.8894, [89], CHUNK, ['K'], VKLTPLCVTLNCTNVTNNNTN-------------------------------------DDNGTIKN----CSSNT-T-TE--LRN-KK-KKE-YALF-YKLDVVSINNNQGNRSNNS------------------------------------------NSNSTLT---NCNTSTT-T---QA, 0.1002, 0
1.647344, -114.7773, 14, POINT, I, VKLTPLCVTLNCTNITNNNTN-------------------------------------DDNGTIKN----CSSNT-T-TE--LRN-KK-LKE-YALF-YKLDVVSINNNQGNRSNNS------------------------------------------NSNSTLT---NCNTSTT-T---QA, 0.1129, 0
1.648632, 2.7380, [82, 83, 87, 89], CHUNK, ['I', 'K', 'V', 'Q'], VKLTPLCVTLNCTNVTNNNTN-------------------------------------DDNGTIKN----CSSNT-T-TE--IKN-KV-QKE-YALF-YKLDVVSINNNQGNRSNNS------------------------------------------NSNSTLT---NCNTSTT-T---QA, 0.1376, 0
1.657612, -116.3751, 79, POINT, S, VKLTPLCVTLNCTNVTNNNTN-------------------------------------DDNGTIKN----CSSNT-T-TS--LRN-KK-LKE-YALF-YKLDVVSINNNQGNRSNNS------------------------------------------NSNSTLT---NCNTSTT-T---QA, 0.1645, 0
1.653694, -117.5098, [112, 113], CHUNK, ['S', 'N'], VKLTPLCVTLNCTNVTNNNTN-------------------------------------DDNGEIKN----CSSNT-T-TE--LRN-KK-LKE-YALF-YKLDVVSINNNQGNSNNNS------------------------------------------NSNSTLT---NCNTSTT-T---QA, 0.1126, 0
1.652396, -117.5404, 59, POINT, N, VKLTPLCVTLNCTNVTNNNTN-------------------------------------DNNGEIKN----CSSNT-T-TE--LRN-KK-LKE-YALF-YKLDVVSINNNQGNRSNNS------------------------------------------NSNSTLT---NCNTSTT-T---QA, 0.1343, 0
1.645889, -117.2534, 162, POINT, N, VKLTPLCVTLNCTNVTNNNTN-------------------------------------DDNGEIKN----CSSNT-T-TE--LRN-KK-LKE-YALF-YKLDVVSINNNQGNRSNNS------------------------------------------NSNNTLT---NCNTSTT-T---QA, 0.1153, 0
1.633289, -116.5639, [104, 106, 109], CHUNK, ['Q', 'D', 'T'], VKLTPLCVTLNCTNVTNNNTN-------------------------------------DDNGEIKN----CSSNT-T-TE--LRN-KK-LKE-YALF-YKLDVVQIDNNTGNRSNNS------------------------------------------NSNSTLT---NCNTSTT-T---QA, 0.1126, 0
1.628303, -115.4104, 79, POINT, S, VKLTPLCVTLNCTNVTNNNTN-------------------------------------DDNGEIKN----CSSNT-T-TS--LRN-KK-LKE-YALF-YKLDVVSINNNQGNRSNNS------------------------------------------NSSSTLT---NCNTSTT-T---QA, 0.1126, 0
1.667211, -110.4596, [79, 82, 83], CHUNK, ['S', 'T', 'N'], VKLTPLCVTLNCTNVTNNNTN-------------------------------------DDNGEIKN----CSSNT-T-TS--TNN-KK-LKE-YALF-YKLDVVSINNNQGNRSNNS------------------------------------------NSSSTLT---NCNTSTT-T---QA, 0.1139, 0
1.639291, -115.5819, 79, POINT, N, VKLTPLCVTLNCTNVTNNNTN-------------------------------------DDNGEIKN----CSSNT-T-TN--LRN-KK-LKE-YALF-YKLDVVSINNNQGNRSNNS------------------------------------------NSSSTLT---NCNTSTT-T---QA, 0.1104, 0
1.629387, -115.8168, 105, POINT, T, VKLTPLCVTLNCTNVTNNNTN-------------------------------------DDNGEIKN----CSSNT-T-TE--LRN-KK-LKE-YALF-YKLDVVSTNNNQGNRSNNS------------------------------------------NSSSTLT---NCNTSTT-T---QA, 0.1126, 0
1.628957, -115.0696, [79, 83, 84], CHUNK, ['N', 'K', 'D'], VKLTPLCVTLNCTNVTNNNTN-------------------------------------DDNGEIKN----CSSNT-T-TN--LKD-KK-LKE-YSLF-YKLDVVSINNNQGNRSNNS------------------------------------------NSSSTLT---NCNTSTT-T---QA, 0.1200, 1
1.635664, -14.1654, 82, POINT, I, VKLTPLCVTLNCTNVTNNNTN-------------------------------------DDNGEIKN----CSSNT-T-TN--IKD-KK-LKE-YSLF-YKLDVVSINNNQGNRSNNS------------------------------------------NSSSTLT---NCNTSTT-T---QA, 0.1884, 0
1.645620, -114.3440, 58, POINT, S, VKLTPLCVTLNCTNVTNNNTN-------------------------------------SDNGEIKN----CSSNT-T-TN--LKD-KK-LKE-YSLF-YKLDVVSINNNQGNRSNNS------------------------------------------NSSSTLT---NCNTSTT-T---QA, 0.1181, 0
1.633854, -102.8623, [61, 63], CHUNK, ['S', 'L'], VKLTPLCVTLNCTNVTNNNTN-------------------------------------DDNSELKN----CSSNT-T-TN--LKD-KK-LKE-YSLF-YKLDVVSINNNQGNRSNNS------------------------------------------NSSSTLT---NCNTSTT-T---QA, 0.0921, 0
1.657977, -115.5861, 58, POINT, N, VKLTPLCVTLNCTNVTNNNTN-------------------------------------NDNGEIKN----CSSNT-T-TN--LKD-KK-LKE-YSLF-YKLDVVSINNNQGNRSNNS------------------------------------------NSSSTLT---NCNTSTT-T---QA, 0.1200, 0
1.622906, -114.5908, 87, POINT, S, VKLTPLCVTLNCTNVTNNNTN-------------------------------------DDNGEIKN----CSSNT-T-TE--LRN-KS-LKE-YSLF-YKLDVVSINNNQGNRSNNS------------------------------------------NSSSTLT---NCNTSTT-T---QA, 0.1139, 0
1.625498, -116.5276, [94, 99], CHUNK, ['A', 'T'], VKLTPLCVTLNCTNVTNNNTN-------------------------------------DDNGEIKN----CSSNT-T-TE--LRN-KK-LKE-YALF-YTLDVVSINNNQGNRSNNS------------------------------------------NSSSTLT---NCNTSTT-T---QA, 0.1335, 0
1.620003, -117.2504, 89, POINT, K, VKLTPLCVTLNCTNVTNNNTN-------------------------------------DDNGEIKN----CSSNT-T-TE--LRN-KK-KKE-YSLF-YKLDVVSINNNQGNRSNNS------------------------------------------NSSSTLT---NCNTSTT-T---QA, 0.1487, 0
1.643377, -114.8918, 59, POINT, T, VKLTPLCVTLNCTNVTNNNTN-------------------------------------DTNGEIKN----CSSNT-T-TE--LRN-KK-LKE-YSLF-YKLDVVSINNNQGNRSNNS------------------------------------------NSSSTLT---NCNTSTT-T---QA, 0.1132, 0
