Name base = V1V2_70_exp_1_8_ni
Iters = 70
Soft coverage = 0.284621885725
Energy = -130.757738914
Hard Covereage = 0.0368019545157
Num epitopes = 65
Initial seq = VKLTPLCVTLQCTNVTNNITD-------------------------------------DMRGELKN----CSFNM-T-TE--LRD-KK-QKV-YSLF-YRLDVVQINENQGNRSNNS------------------------------------------NKEYRLI---NCNTSAI-T---QA
-------START OF DATA------
0.286902, -131.4235, 20, POINT, N, VKLTPLCVTLQCTNVTNNITN-------------------------------------DMRGELKN----CSFNM-T-TE--LRD-KK-QKV-YSLF-YRLDVVQINENQGNRSNNS------------------------------------------NKEYRLI---NCNTSAI-T---QA, 0.1296, 1
0.310568, -131.3846, [10], CHUNK, ['N'], VKLTPLCVTLNCTNVTNNITN-------------------------------------DMRGELKN----CSFNM-T-TE--LRD-KK-QKV-YSLF-YRLDVVQINENQGNRSNNS------------------------------------------NKEYRLI---NCNTSAI-T---QA, 0.1302, 1
0.312737, -129.3180, 174, POINT, T, VKLTPLCVTLNCTNVTNNITN-------------------------------------DMRGELKN----CSFNM-T-TE--LRD-KK-QKV-YSLF-YRLDVVQINENQGNRSNNS------------------------------------------NKEYRLI---NCNTSTI-T---QA, 0.1279, 0
0.318443, -126.7687, [58, 60, 63], CHUNK, ['T', 'N', 'M'], VKLTPLCVTLNCTNVTNNITN-------------------------------------TMNGEMKN----CSFNM-T-TE--LRD-KK-QKV-YSLF-YRLDVVQINENQGNRSNNS------------------------------------------NKEYRLI---NCNTSAI-T---QA, 0.1302, 1
0.327060, -125.5787, [106, 107, 109], CHUNK, ['D', 'N', 'T'], VKLTPLCVTLNCTNVTNNITN-------------------------------------TMNGEMKN----CSFNM-T-TE--LRD-KK-QKV-YSLF-YRLDVVQIDNNTGNRSNNS------------------------------------------NKEYRLI---NCNTSAI-T---QA, 0.1115, 0
0.330549, -125.8897, [160, 161], CHUNK, ['T', 'S'], VKLTPLCVTLNCTNVTNNITN-------------------------------------TMNGEMKN----CSFNM-T-TE--LRD-KK-QKV-YSLF-YRLDVVQINENQGNRSNNS------------------------------------------NTSYRLI---NCNTSAI-T---QA, 0.1302, 0
0.326824, -126.9351, 94, POINT, A, VKLTPLCVTLNCTNVTNNITN-------------------------------------TMNGEMKN----CSFNM-T-TE--LRD-KK-QKV-YALF-YRLDVVQINENQGNRSNNS------------------------------------------NKEYRLI---NCNTSAI-T---QA, 0.1302, 1
0.337260, -85.5287, [74], CHUNK, ['I'], VKLTPLCVTLNCTNVTNNITN-------------------------------------TMNGEMKN----CSFNI-T-TE--LRD-KK-QKV-YALF-YRLDVVQINENQGNRSNNS------------------------------------------NKEYRLI---NCNTSAI-T---QA, 0.3494, 0
0.331609, -127.2552, 63, POINT, I, VKLTPLCVTLNCTNVTNNITN-------------------------------------TMNGEIKN----CSFNM-T-TE--LRD-KK-QKV-YALF-YRLDVVQINENQGNRSNNS------------------------------------------NKEYRLI---NCNTSAI-T---QA, 0.1302, 1
0.332428, -127.2025, 59, POINT, D, VKLTPLCVTLNCTNVTNNITN-------------------------------------TDNGEIKN----CSFNM-T-TE--LRD-KK-QKV-YALF-YRLDVVQINENQGNRSNNS------------------------------------------NKEYRLI---NCNTSAI-T---QA, 0.1302, 0
0.343002, -84.2424, [74], CHUNK, ['I'], VKLTPLCVTLNCTNVTNNITN-------------------------------------TMNGEIKN----CSFNI-T-TE--LRD-KK-QKV-YALF-YRLDVVQINENQGNRSNNS------------------------------------------NKEYRLI---NCNTSAI-T---QA, 0.3959, 0
0.335821, -126.4633, 161, POINT, S, VKLTPLCVTLNCTNVTNNITN-------------------------------------TMNGEIKN----CSFNM-T-TE--LRD-KK-QKV-YALF-YRLDVVQINENQGNRSNNS------------------------------------------NKSYRLI---NCNTSAI-T---QA, 0.1302, 1
0.339569, -126.7191, 104, POINT, P, VKLTPLCVTLNCTNVTNNITN-------------------------------------TMNGEIKN----CSFNM-T-TE--LRD-KK-QKV-YALF-YRLDVVPINENQGNRSNNS------------------------------------------NKSYRLI---NCNTSAI-T---QA, 0.1302, 0
0.339569, -126.7191, 104, POINT, P, VKLTPLCVTLNCTNVTNNITN-------------------------------------TMNGEIKN----CSFNM-T-TE--LRD-KK-QKV-YALF-YRLDVVPINENQGNRSNNS------------------------------------------NKSYRLI---NCNTSAI-T---QA, 0.1302, 1
0.343331, -125.1923, 18, POINT, T, VKLTPLCVTLNCTNVTNNTTN-------------------------------------TMNGEIKN----CSFNM-T-TE--LRD-KK-QKV-YALF-YRLDVVPINENQGNRSNNS------------------------------------------NKSYRLI---NCNTSAI-T---QA, 0.1302, 0
0.350961, -85.5917, [74], CHUNK, ['I'], VKLTPLCVTLNCTNVTNNITN-------------------------------------TMNGEIKN----CSFNI-T-TE--LRD-KK-QKV-YALF-YRLDVVPINENQGNRSNNS------------------------------------------NKSYRLI---NCNTSAI-T---QA, 0.3859, 0
0.350961, -79.1168, [74], CHUNK, ['I'], VKLTPLCVTLNCTNVTNNITN-------------------------------------TMNGEIKN----CSFNI-T-TE--LRD-KK-QKV-YALF-YRLDVVPINENQGNRSNNS------------------------------------------NKSYRLI---NCNTSAI-T---QA, 0.4702, 0
0.347464, -126.6319, 160, POINT, T, VKLTPLCVTLNCTNVTNNITN-------------------------------------TMNGEIKN----CSFNM-T-TE--LRD-KK-QKV-YALF-YRLDVVPINENQGNRSNNS------------------------------------------NTSYRLI---NCNTSAI-T---QA, 0.1302, 1
0.358857, -70.5983, [74], CHUNK, ['I'], VKLTPLCVTLNCTNVTNNITN-------------------------------------TMNGEIKN----CSFNI-T-TE--LRD-KK-QKV-YALF-YRLDVVPINENQGNRSNNS------------------------------------------NTSYRLI---NCNTSAI-T---QA, 0.5420, 0
0.351748, -124.4805, [102, 105, 106, 107, 108, 109], CHUNK, ['I', 'L', 'S', 'N', 'T', 'N'], VKLTPLCVTLNCTNVTNNITN-------------------------------------TMNGEIKN----CSFNM-T-TE--LRD-KK-QKV-YALF-YRLDIVPLSNTNGNRSNNS------------------------------------------NTSYRLI---NCNTSAI-T---QA, 0.1038, 0
0.348650, -126.8924, 59, POINT, E, VKLTPLCVTLNCTNVTNNITN-------------------------------------TENGEIKN----CSFNM-T-TE--LRD-KK-QKV-YALF-YRLDVVPINENQGNRSNNS------------------------------------------NTSYRLI---NCNTSAI-T---QA, 0.1302, 1
0.353620, -125.4957, 91, POINT, E, VKLTPLCVTLNCTNVTNNITN-------------------------------------TENGEIKN----CSFNM-T-TE--LRD-KK-QKE-YALF-YRLDVVPINENQGNRSNNS------------------------------------------NTSYRLI---NCNTSAI-T---QA, 0.1246, 1
0.355783, -11.1766, 82, POINT, I, VKLTPLCVTLNCTNVTNNITN-------------------------------------TENGEIKN----CSFNM-T-TE--IRD-KK-QKE-YALF-YRLDVVPINENQGNRSNNS------------------------------------------NTSYRLI---NCNTSAI-T---QA, 0.2475, 0
0.360902, -103.8447, 174, POINT, V, VKLTPLCVTLNCTNVTNNITN-------------------------------------TENGEIKN----CSFNM-T-TE--LRD-KK-QKE-YALF-YRLDVVPINENQGNRSNNS------------------------------------------NTSYRLI---NCNTSVI-T---QA, 0.2364, 0
0.365013, -114.9712, [74], CHUNK, ['I'], VKLTPLCVTLNCTNVTNNITN-------------------------------------TENGEIKN----CSFNI-T-TE--LRD-KK-QKE-YALF-YRLDVVPINENQGNRSNNS------------------------------------------NTSYRLI---NCNTSAI-T---QA, 0.2078, 0
0.365013, -112.5672, [74], CHUNK, ['I'], VKLTPLCVTLNCTNVTNNITN-------------------------------------TENGEIKN----CSFNI-T-TE--LRD-KK-QKE-YALF-YRLDVVPINENQGNRSNNS------------------------------------------NTSYRLI---NCNTSAI-T---QA, 0.3761, 1
0.373732, -92.7537, [169, 174], CHUNK, ['S', 'V'], VKLTPLCVTLNCTNVTNNITN-------------------------------------TENGEIKN----CSFNI-T-TE--LRD-KK-QKE-YALF-YRLDVVPINENQGNRSNNS------------------------------------------NTSYRLI---SCNTSVI-T---QA, 0.4057, 0
0.371286, 7.2585, [79, 82], CHUNK, ['N', 'I'], VKLTPLCVTLNCTNVTNNITN-------------------------------------TENGEIKN----CSFNI-T-TN--IRD-KK-QKE-YALF-YRLDVVPINENQGNRSNNS------------------------------------------NTSYRLI---NCNTSAI-T---QA, 0.3552, 0
0.373732, -97.0151, [169, 174], CHUNK, ['S', 'V'], VKLTPLCVTLNCTNVTNNITN-------------------------------------TENGEIKN----CSFNI-T-TE--LRD-KK-QKE-YALF-YRLDVVPINENQGNRSNNS------------------------------------------NTSYRLI---SCNTSVI-T---QA, 0.5897, 0
0.372295, -96.2453, [174], CHUNK, ['V'], VKLTPLCVTLNCTNVTNNITN-------------------------------------TENGEIKN----CSFNI-T-TE--LRD-KK-QKE-YALF-YRLDVVPINENQGNRSNNS------------------------------------------NTSYRLI---NCNTSVI-T---QA, 0.4092, 0
0.362340, -94.5566, [169, 174], CHUNK, ['S', 'V'], VKLTPLCVTLNCTNVTNNITN-------------------------------------TENGEIKN----CSFNM-T-TE--LRD-KK-QKE-YALF-YRLDVVPINENQGNRSNNS------------------------------------------NTSYRLI---SCNTSVI-T---QA, 0.4236, 0
0.365013, -116.9574, [74], CHUNK, ['I'], VKLTPLCVTLNCTNVTNNITN-------------------------------------TENGEIKN----CSFNI-T-TE--LRD-KK-QKE-YALF-YRLDVVPINENQGNRSNNS------------------------------------------NTSYRLI---NCNTSAI-T---QA, 0.1553, 1
0.372295, -104.6372, 174, POINT, V, VKLTPLCVTLNCTNVTNNITN-------------------------------------TENGEIKN----CSFNI-T-TE--LRD-KK-QKE-YALF-YRLDVVPINENQGNRSNNS------------------------------------------NTSYRLI---NCNTSVI-T---QA, 0.2980, 0
0.373732, -95.9938, [169, 174], CHUNK, ['S', 'V'], VKLTPLCVTLNCTNVTNNITN-------------------------------------TENGEIKN----CSFNI-T-TE--LRD-KK-QKE-YALF-YRLDVVPINENQGNRSNNS------------------------------------------NTSYRLI---SCNTSVI-T---QA, 0.2995, 0
0.365068, -118.3779, [89], CHUNK, ['K'], VKLTPLCVTLNCTNVTNNITN-------------------------------------TENGEIKN----CSFNI-T-TE--LRD-KK-KKE-YALF-YRLDVVPINENQGNRSNNS------------------------------------------NTSYRLI---NCNTSAI-T---QA, 0.1460, 0
0.368700, -117.0600, 107, POINT, N, VKLTPLCVTLNCTNVTNNITN-------------------------------------TENGEIKN----CSFNI-T-TE--LRD-KK-QKE-YALF-YRLDVVPINNNQGNRSNNS------------------------------------------NTSYRLI---NCNTSAI-T---QA, 0.2209, 0
0.358264, -114.2808, [74], CHUNK, ['V'], VKLTPLCVTLNCTNVTNNITN-------------------------------------TENGEIKN----CSFNV-T-TE--LRD-KK-QKE-YALF-YRLDVVPINENQGNRSNNS------------------------------------------NTSYRLI---NCNTSAI-T---QA, 0.3289, 0
0.357245, -123.9255, 18, POINT, N, VKLTPLCVTLNCTNVTNNNTN-------------------------------------TENGEIKN----CSFNM-T-TE--LRD-KK-QKE-YALF-YRLDVVPINENQGNRSNNS------------------------------------------NTSYRLI---NCNTSAI-T---QA, 0.1123, 0
0.354401, -125.1470, 109, POINT, R, VKLTPLCVTLNCTNVTNNITN-------------------------------------TENGEIKN----CSFNM-T-TE--LRD-KK-QKE-YALF-YRLDVVPINENRGNRSNNS------------------------------------------NTSYRLI---NCNTSAI-T---QA, 0.1246, 0
0.362340, -106.1783, [169, 174], CHUNK, ['S', 'V'], VKLTPLCVTLNCTNVTNNITN-------------------------------------TENGEIKN----CSFNM-T-TE--LRD-KK-QKE-YALF-YRLDVVPINENQGNRSNNS------------------------------------------NTSYRLI---SCNTSVI-T---QA, 0.5976, 0
0.360042, -79.4298, [74], CHUNK, ['I'], VKLTPLCVTLNCTNVTNNITN-------------------------------------TENGEIKN----CSFNI-T-TE--LRD-KK-QKV-YALF-YRLDVVPINENQGNRSNNS------------------------------------------NTSYRLI---NCNTSAI-T---QA, 0.5446, 0
0.350306, -126.7173, 109, POINT, K, VKLTPLCVTLNCTNVTNNITN-------------------------------------TENGEIKN----CSFNM-T-TE--LRD-KK-QKV-YALF-YRLDVVPINENKGNRSNNS------------------------------------------NTSYRLI---NCNTSAI-T---QA, 0.1302, 0
0.355932, -104.4403, 174, POINT, V, VKLTPLCVTLNCTNVTNNITN-------------------------------------TENGEIKN----CSFNM-T-TE--LRD-KK-QKV-YALF-YRLDVVPINENQGNRSNNS------------------------------------------NTSYRLI---NCNTSVI-T---QA, 0.4099, 0
0.352337, -127.0052, 107, POINT, N, VKLTPLCVTLNCTNVTNNITN-------------------------------------TENGEIKN----CSFNM-T-TE--LRD-KK-QKV-YALF-YRLDVVPINNNQGNRSNNS------------------------------------------NTSYRLI---NCNTSAI-T---QA, 0.1302, 0
0.354943, -124.6454, [99], CHUNK, ['K'], VKLTPLCVTLNCTNVTNNITN-------------------------------------TMNGEIKN----CSFNM-T-TE--LRD-KK-QKV-YALF-YKLDVVPINENQGNRSNNS------------------------------------------NTSYRLI---NCNTSAI-T---QA, 0.1302, 0
0.354943, -124.6454, [99], CHUNK, ['K'], VKLTPLCVTLNCTNVTNNITN-------------------------------------TMNGEIKN----CSFNM-T-TE--LRD-KK-QKV-YALF-YKLDVVPINENQGNRSNNS------------------------------------------NTSYRLI---NCNTSAI-T---QA, 0.1302, 0
0.354943, -124.6454, [99], CHUNK, ['K'], VKLTPLCVTLNCTNVTNNITN-------------------------------------TMNGEIKN----CSFNM-T-TE--LRD-KK-QKV-YALF-YKLDVVPINENQGNRSNNS------------------------------------------NTSYRLI---NCNTSAI-T---QA, 0.1302, 0
0.358857, -108.0936, 74, POINT, I, VKLTPLCVTLNCTNVTNNITN-------------------------------------TMNGEIKN----CSFNI-T-TE--LRD-KK-QKV-YALF-YRLDVVPINENQGNRSNNS------------------------------------------NTSYRLI---NCNTSAI-T---QA, 0.2833, 0
0.350961, -76.4323, [74], CHUNK, ['I'], VKLTPLCVTLNCTNVTNNITN-------------------------------------TMNGEIKN----CSFNI-T-TE--LRD-KK-QKV-YALF-YRLDVVPINENQGNRSNNS------------------------------------------NKSYRLI---NCNTSAI-T---QA, 0.3371, 0
0.343641, -122.3088, 74, POINT, T, VKLTPLCVTLNCTNVTNNITN-------------------------------------TMNGEIKN----CSFNT-T-TE--LRD-KK-QKV-YALF-YRLDVVPINENQGNRSNNS------------------------------------------NKSYRLI---NCNTSAI-T---QA, 0.1302, 0
0.353106, -123.1804, [91, 99], CHUNK, ['E', 'K'], VKLTPLCVTLNCTNVTNNITN-------------------------------------TMNGEIKN----CSFNM-T-TE--LRD-KK-QKE-YALF-YKLDVVPINENQGNRSNNS------------------------------------------NKSYRLI---NCNTSAI-T---QA, 0.1302, 0
0.347048, -124.7326, 99, POINT, K, VKLTPLCVTLNCTNVTNNITN-------------------------------------TMNGEIKN----CSFNM-T-TE--LRD-KK-QKV-YALF-YKLDVVPINENQGNRSNNS------------------------------------------NKSYRLI---NCNTSAI-T---QA, 0.1302, 0
