Name base = V1V2_200_exp_6_10_ni
Iters = 200
Soft coverage = 0.284621885725
Energy = -131.340676381
Hard Covereage = 0.0368019545157
Num epitopes = 65
Initial seq = VKLTPLCVTLQCTNVTNNITD-------------------------------------DMRGELKN----CSFNM-T-TE--LRD-KK-QKV-YSLF-YRLDVVQINENQGNRSNNS------------------------------------------NKEYRLI---NCNTSAI-T---QA
-------START OF DATA------
0.285846, -131.6046, 16, POINT, T, VKLTPLCVTLQCTNVTTNITD-------------------------------------DMRGELKN----CSFNM-T-TE--LRD-KK-QKV-YSLF-YRLDVVQINENQGNRSNNS------------------------------------------NKEYRLI---NCNTSAI-T---QA, 0.0000, 1
0.305004, -109.5471, [10, 13, 14], CHUNK, ['N', 'D', 'L'], VKLTPLCVTLNCTDLTTNITD-------------------------------------DMRGELKN----CSFNM-T-TE--LRD-KK-QKV-YSLF-YRLDVVQINENQGNRSNNS------------------------------------------NKEYRLI---NCNTSAI-T---QA, 0.2067, 0
0.294228, -131.7808, 94, POINT, A, VKLTPLCVTLQCTNVTTNITD-------------------------------------DMRGELKN----CSFNM-T-TE--LRD-KK-QKV-YALF-YRLDVVQINENQGNRSNNS------------------------------------------NKEYRLI---NCNTSAI-T---QA, 0.0000, 1
0.317803, -131.8745, [10], CHUNK, ['N'], VKLTPLCVTLNCTNVTTNITD-------------------------------------DMRGELKN----CSFNM-T-TE--LRD-KK-QKV-YALF-YRLDVVQINENQGNRSNNS------------------------------------------NKEYRLI---NCNTSAI-T---QA, 0.0169, 1
0.327775, -78.6792, [74], CHUNK, ['I'], VKLTPLCVTLNCTNVTTNITD-------------------------------------DMRGELKN----CSFNI-T-TE--LRD-KK-QKV-YALF-YRLDVVQINENQGNRSNNS------------------------------------------NKEYRLI---NCNTSAI-T---QA, 0.5810, 0
0.330665, -128.5393, [91, 99], CHUNK, ['E', 'K'], VKLTPLCVTLNCTNVTTNITD-------------------------------------DMRGELKN----CSFNM-T-TE--LRD-KK-QKE-YALF-YKLDVVQINENQGNRSNNS------------------------------------------NKEYRLI---NCNTSAI-T---QA, 0.0169, 1
0.335088, -128.6264, 104, POINT, P, VKLTPLCVTLNCTNVTTNITD-------------------------------------DMRGELKN----CSFNM-T-TE--LRD-KK-QKE-YALF-YKLDVVPINENQGNRSNNS------------------------------------------NKEYRLI---NCNTSAI-T---QA, 0.0169, 1
0.345060, -116.8373, [74], CHUNK, ['I'], VKLTPLCVTLNCTNVTTNITD-------------------------------------DMRGELKN----CSFNI-T-TE--LRD-KK-QKE-YALF-YKLDVVPINENQGNRSNNS------------------------------------------NKEYRLI---NCNTSAI-T---QA, 0.1805, 0
0.342371, -109.6379, [174], CHUNK, ['V'], VKLTPLCVTLNCTNVTTNITD-------------------------------------DMRGELKN----CSFNM-T-TE--LRD-KK-QKE-YALF-YKLDVVPINENQGNRSNNS------------------------------------------NKEYRLI---NCNTSVI-T---QA, 0.3251, 0
0.342522, -127.5988, [160, 161], CHUNK, ['S', 'S'], VKLTPLCVTLNCTNVTTNITD-------------------------------------DMRGELKN----CSFNM-T-TE--LRD-KK-QKE-YALF-YKLDVVPINENQGNRSNNS------------------------------------------NSSYRLI---NCNTSAI-T---QA, 0.0169, 1
0.342924, -127.4955, 59, POINT, D, VKLTPLCVTLNCTNVTTNITD-------------------------------------DDRGELKN----CSFNM-T-TE--LRD-KK-QKE-YALF-YKLDVVPINENQGNRSNNS------------------------------------------NSSYRLI---NCNTSAI-T---QA, 0.0169, 0
0.347014, -121.7670, 74, POINT, V, VKLTPLCVTLNCTNVTTNITD-------------------------------------DMRGELKN----CSFNV-T-TE--LRD-KK-QKE-YALF-YKLDVVPINENQGNRSNNS------------------------------------------NSSYRLI---NCNTSAI-T---QA, 0.1905, 1
0.354297, -98.9135, [174], CHUNK, ['V'], VKLTPLCVTLNCTNVTTNITD-------------------------------------DMRGELKN----CSFNV-T-TE--LRD-KK-QKE-YALF-YKLDVVPINENQGNRSNNS------------------------------------------NSSYRLI---NCNTSVI-T---QA, 0.3884, 0
0.356283, -48.3550, [74, 82], CHUNK, ['I', 'I'], VKLTPLCVTLNCTNVTTNITD-------------------------------------DMRGELKN----CSFNI-T-TE--IRD-KK-QKE-YALF-YKLDVVPINENQGNRSNNS------------------------------------------NSSYRLI---NCNTSAI-T---QA, 0.2298, 0
0.351687, -121.9033, 160, POINT, T, VKLTPLCVTLNCTNVTTNITD-------------------------------------DMRGELKN----CSFNV-T-TE--LRD-KK-QKE-YALF-YKLDVVPINENQGNRSNNS------------------------------------------NTSYRLI---NCNTSAI-T---QA, 0.1905, 0
0.356305, -117.7623, [60, 63], CHUNK, ['K', 'I'], VKLTPLCVTLNCTNVTTNITD-------------------------------------DMKGEIKN----CSFNV-T-TE--LRD-KK-QKE-YALF-YKLDVVPINENQGNRSNNS------------------------------------------NSSYRLI---NCNTSAI-T---QA, 0.1905, 0
0.347195, -127.7409, 160, POINT, T, VKLTPLCVTLNCTNVTTNITD-------------------------------------DMRGELKN----CSFNM-T-TE--LRD-KK-QKE-YALF-YKLDVVPINENQGNRSNNS------------------------------------------NTSYRLI---NCNTSAI-T---QA, 0.0169, 0
0.347455, -108.8147, [61, 63], CHUNK, ['N', 'I'], VKLTPLCVTLNCTNVTTNITD-------------------------------------DMRNEIKN----CSFNM-T-TE--LRD-KK-QKE-YALF-YKLDVVPINENQGNRSNNS------------------------------------------NSSYRLI---NCNTSAI-T---QA, 0.1066, 0
0.344826, -125.4526, 63, POINT, M, VKLTPLCVTLNCTNVTTNITD-------------------------------------DMRGEMKN----CSFNM-T-TE--LRD-KK-QKE-YALF-YKLDVVPINENQGNRSNNS------------------------------------------NSSYRLI---NCNTSAI-T---QA, 0.0368, 1
0.345034, -118.7781, 60, POINT, I, VKLTPLCVTLNCTNVTTNITD-------------------------------------DMIGEMKN----CSFNM-T-TE--LRD-KK-QKE-YALF-YKLDVVPINENQGNRSNNS------------------------------------------NSSYRLI---NCNTSAI-T---QA, 0.0368, 0
0.346989, -26.4612, 82, POINT, I, VKLTPLCVTLNCTNVTTNITD-------------------------------------DMRGEMKN----CSFNM-T-TE--IRD-KK-QKE-YALF-YKLDVVPINENQGNRSNNS------------------------------------------NSSYRLI---NCNTSAI-T---QA, 0.4285, 0
0.350104, -127.6683, [59, 60, 63], CHUNK, ['E', 'G', 'I'], VKLTPLCVTLNCTNVTTNITD-------------------------------------DEGGEIKN----CSFNM-T-TE--LRD-KK-QKE-YALF-YKLDVVPINENQGNRSNNS------------------------------------------NSSYRLI---NCNTSAI-T---QA, 0.0949, 1
0.350519, -127.5192, 107, POINT, K, VKLTPLCVTLNCTNVTTNITD-------------------------------------DEGGEIKN----CSFNM-T-TE--LRD-KK-QKE-YALF-YKLDVVPINKNQGNRSNNS------------------------------------------NSSYRLI---NCNTSAI-T---QA, 0.0949, 0
0.361497, -113.7093, [74], CHUNK, ['I'], VKLTPLCVTLNCTNVTTNITD-------------------------------------DEGGEIKN----CSFNI-T-TE--LRD-KK-QKE-YALF-YKLDVVPINENQGNRSNNS------------------------------------------NSSYRLI---NCNTSAI-T---QA, 0.1980, 0
0.357386, -111.4007, 174, POINT, V, VKLTPLCVTLNCTNVTTNITD-------------------------------------DEGGEIKN----CSFNM-T-TE--LRD-KK-QKE-YALF-YKLDVVPINENQGNRSNNS------------------------------------------NSSYRLI---NCNTSVI-T---QA, 0.3231, 0
0.359876, -119.4104, [74, 79], CHUNK, ['I', 'S'], VKLTPLCVTLNCTNVTTNITD-------------------------------------DEGGEIKN----CSFNI-T-TS--LRD-KK-QKE-YALF-YKLDVVPINENQGNRSNNS------------------------------------------NSSYRLI---NCNTSAI-T---QA, 0.1231, 0
0.347579, -123.2877, 14, POINT, N, VKLTPLCVTLNCTNNTTNITD-------------------------------------DMRGEMKN----CSFNM-T-TE--LRD-KK-QKE-YALF-YKLDVVPINENQGNRSNNS------------------------------------------NSSYRLI---NCNTSAI-T---QA, 0.0368, 1
0.355328, -96.9547, [169, 174], CHUNK, ['S', 'V'], VKLTPLCVTLNCTNNTTNITD-------------------------------------DMRGEMKN----CSFNM-T-TE--LRD-KK-QKE-YALF-YKLDVVPINENQGNRSNNS------------------------------------------NSSYRLI---SCNTSVI-T---QA, 0.2767, 0
0.358015, -117.2063, [74], CHUNK, ['I'], VKLTPLCVTLNCTNNTTNITD-------------------------------------DMRGEMKN----CSFNI-T-TE--LRD-KK-QKE-YALF-YKLDVVPINENQGNRSNNS------------------------------------------NSSYRLI---NCNTSAI-T---QA, 0.1020, 0
0.349841, -123.7384, 20, POINT, N, VKLTPLCVTLNCTNNTTNITN-------------------------------------DMRGEMKN----CSFNM-T-TE--LRD-KK-QKE-YALF-YKLDVVPINENQGNRSNNS------------------------------------------NSSYRLI---NCNTSAI-T---QA, 0.0512, 0
0.358015, -109.3138, [74], CHUNK, ['I'], VKLTPLCVTLNCTNNTTNITD-------------------------------------DMRGEMKN----CSFNI-T-TE--LRD-KK-QKE-YALF-YKLDVVPINENQGNRSNNS------------------------------------------NSSYRLI---NCNTSAI-T---QA, 0.1943, 1
0.365764, -93.2459, [169, 174], CHUNK, ['S', 'V'], VKLTPLCVTLNCTNNTTNITD-------------------------------------DMRGEMKN----CSFNI-T-TE--LRD-KK-QKE-YALF-YKLDVVPINENQGNRSNNS------------------------------------------NSSYRLI---SCNTSVI-T---QA, 0.3658, 0
0.365764, -93.9174, [169, 174], CHUNK, ['S', 'V'], VKLTPLCVTLNCTNNTTNITD-------------------------------------DMRGEMKN----CSFNI-T-TE--LRD-KK-QKE-YALF-YKLDVVPINENQGNRSNNS------------------------------------------NSSYRLI---SCNTSVI-T---QA, 0.4086, 0
0.358328, -110.7195, 58, POINT, E, VKLTPLCVTLNCTNNTTNITD-------------------------------------EMRGEMKN----CSFNI-T-TE--LRD-KK-QKE-YALF-YKLDVVPINENQGNRSNNS------------------------------------------NSSYRLI---NCNTSAI-T---QA, 0.2126, 0
0.361010, -109.0900, 20, POINT, T, VKLTPLCVTLNCTNNTTNITT-------------------------------------DMRGEMKN----CSFNI-T-TE--LRD-KK-QKE-YALF-YKLDVVPINENQGNRSNNS------------------------------------------NSSYRLI---NCNTSAI-T---QA, 0.1961, 0
0.348540, -123.3058, 107, POINT, D, VKLTPLCVTLNCTNNTTNITD-------------------------------------DMRGEMKN----CSFNM-T-TE--LRD-KK-QKE-YALF-YKLDVVPINDNQGNRSNNS------------------------------------------NSSYRLI---NCNTSAI-T---QA, 0.0263, 0
0.354862, -105.5783, [174], CHUNK, ['V'], VKLTPLCVTLNCTNNTTNITD-------------------------------------DMRGEMKN----CSFNM-T-TE--LRD-KK-QKE-YALF-YKLDVVPINENQGNRSNNS------------------------------------------NSSYRLI---NCNTSVI-T---QA, 0.3036, 0
0.354862, -106.5310, [174], CHUNK, ['V'], VKLTPLCVTLNCTNNTTNITD-------------------------------------DMRGEMKN----CSFNM-T-TE--LRD-KK-QKE-YALF-YKLDVVPINENQGNRSNNS------------------------------------------NSSYRLI---NCNTSVI-T---QA, 0.4977, 0
0.354862, -101.2235, [174], CHUNK, ['V'], VKLTPLCVTLNCTNNTTNITD-------------------------------------DMRGEMKN----CSFNM-T-TE--LRD-KK-QKE-YALF-YKLDVVPINENQGNRSNNS------------------------------------------NSSYRLI---NCNTSVI-T---QA, 0.4063, 0
0.348067, -124.4362, 109, POINT, S, VKLTPLCVTLNCTNVTTNITD-------------------------------------DMRGEMKN----CSFNM-T-TE--LRD-KK-QKE-YALF-YKLDVVPINENSGNRSNNS------------------------------------------NSSYRLI---NCNTSAI-T---QA, 0.0368, 1
0.348652, -125.2956, 160, POINT, N, VKLTPLCVTLNCTNVTTNITD-------------------------------------DMRGEMKN----CSFNM-T-TE--LRD-KK-QKE-YALF-YKLDVVPINENSGNRSNNS------------------------------------------NNSYRLI---NCNTSAI-T---QA, 0.0492, 1
0.356662, -102.9467, [169, 174], CHUNK, ['S', 'V'], VKLTPLCVTLNCTNVTTNITD-------------------------------------DMRGEMKN----CSFNM-T-TE--LRD-KK-QKE-YALF-YKLDVVPINENSGNRSNNS------------------------------------------NNSYRLI---SCNTSVI-T---QA, 0.2615, 0
0.359087, -119.3490, [74], CHUNK, ['I'], VKLTPLCVTLNCTNVTTNITD-------------------------------------DMRGEMKN----CSFNI-T-TE--LRD-KK-QKE-YALF-YKLDVVPINENSGNRSNNS------------------------------------------NNSYRLI---NCNTSAI-T---QA, 0.1245, 1
0.366369, -97.6516, [174], CHUNK, ['V'], VKLTPLCVTLNCTNVTTNITD-------------------------------------DMRGEMKN----CSFNI-T-TE--LRD-KK-QKE-YALF-YKLDVVPINENSGNRSNNS------------------------------------------NNSYRLI---NCNTSVI-T---QA, 0.4961, 0
0.359914, -119.5558, 59, POINT, E, VKLTPLCVTLNCTNVTTNITD-------------------------------------DERGEMKN----CSFNI-T-TE--LRD-KK-QKE-YALF-YKLDVVPINENSGNRSNNS------------------------------------------NNSYRLI---NCNTSAI-T---QA, 0.1245, 1
0.367196, -103.3928, 174, POINT, V, VKLTPLCVTLNCTNVTTNITD-------------------------------------DERGEMKN----CSFNI-T-TE--LRD-KK-QKE-YALF-YKLDVVPINENSGNRSNNS------------------------------------------NNSYRLI---NCNTSVI-T---QA, 0.4241, 0
0.371281, -117.5092, [58, 60, 63], CHUNK, ['N', 'K', 'I'], VKLTPLCVTLNCTNVTTNITD-------------------------------------NEKGEIKN----CSFNI-T-TE--LRD-KK-QKE-YALF-YKLDVVPINENSGNRSNNS------------------------------------------NNSYRLI---NCNTSAI-T---QA, 0.1245, 1
0.375070, -10.7410, 82, POINT, I, VKLTPLCVTLNCTNVTTNITD-------------------------------------NEKGEIKN----CSFNI-T-TE--IRD-KK-QKE-YALF-YKLDVVPINENSGNRSNNS------------------------------------------NNSYRLI---NCNTSAI-T---QA, 0.4386, 0
0.379291, -95.0228, [169, 174], CHUNK, ['S', 'V'], VKLTPLCVTLNCTNVTTNITD-------------------------------------NEKGEIKN----CSFNI-T-TE--LRD-KK-QKE-YALF-YKLDVVPINENSGNRSNNS------------------------------------------NNSYRLI---SCNTSVI-T---QA, 0.4556, 0
0.379291, -94.7330, [169, 174], CHUNK, ['S', 'V'], VKLTPLCVTLNCTNVTTNITD-------------------------------------NEKGEIKN----CSFNI-T-TE--LRD-KK-QKE-YALF-YKLDVVPINENSGNRSNNS------------------------------------------NNSYRLI---SCNTSVI-T---QA, 0.3381, 0
0.378564, -99.7568, [174], CHUNK, ['V'], VKLTPLCVTLNCTNVTTNITD-------------------------------------NEKGEIKN----CSFNI-T-TE--LRD-KK-QKE-YALF-YKLDVVPINENSGNRSNNS------------------------------------------NNSYRLI---NCNTSVI-T---QA, 0.5303, 0
0.363703, -24.0357, 82, POINT, I, VKLTPLCVTLNCTNVTTNITD-------------------------------------DERGEMKN----CSFNI-T-TE--IRD-KK-QKE-YALF-YKLDVVPINENSGNRSNNS------------------------------------------NNSYRLI---NCNTSAI-T---QA, 0.3240, 0
0.365882, -119.2791, [63], CHUNK, ['I'], VKLTPLCVTLNCTNVTTNITD-------------------------------------DERGEIKN----CSFNI-T-TE--LRD-KK-QKE-YALF-YKLDVVPINENSGNRSNNS------------------------------------------NNSYRLI---NCNTSAI-T---QA, 0.1245, 0
0.367196, -95.8073, [174], CHUNK, ['V'], VKLTPLCVTLNCTNVTTNITD-------------------------------------DERGEMKN----CSFNI-T-TE--LRD-KK-QKE-YALF-YKLDVVPINENSGNRSNNS------------------------------------------NNSYRLI---NCNTSVI-T---QA, 0.6968, 0
0.364001, -119.6334, [160], CHUNK, ['T'], VKLTPLCVTLNCTNVTTNITD-------------------------------------DERGEMKN----CSFNI-T-TE--LRD-KK-QKE-YALF-YKLDVVPINENSGNRSNNS------------------------------------------NTSYRLI---NCNTSAI-T---QA, 0.1245, 1
0.372721, -102.0325, [169, 174], CHUNK, ['S', 'V'], VKLTPLCVTLNCTNVTTNITD-------------------------------------DERGEMKN----CSFNI-T-TE--LRD-KK-QKE-YALF-YKLDVVPINENSGNRSNNS------------------------------------------NTSYRLI---SCNTSVI-T---QA, 0.4954, 0
0.366119, -119.4671, 59, POINT, N, VKLTPLCVTLNCTNVTTNITD-------------------------------------DNRGEMKN----CSFNI-T-TE--LRD-KK-QKE-YALF-YKLDVVPINENSGNRSNNS------------------------------------------NTSYRLI---NCNTSAI-T---QA, 0.1245, 0
0.372721, -97.1260, [169, 174], CHUNK, ['S', 'V'], VKLTPLCVTLNCTNVTTNITD-------------------------------------DERGEMKN----CSFNI-T-TE--LRD-KK-QKE-YALF-YKLDVVPINENSGNRSNNS------------------------------------------NTSYRLI---SCNTSVI-T---QA, 0.3772, 0
0.372721, -100.9990, [169, 174], CHUNK, ['S', 'V'], VKLTPLCVTLNCTNVTTNITD-------------------------------------DERGEMKN----CSFNI-T-TE--LRD-KK-QKE-YALF-YKLDVVPINENSGNRSNNS------------------------------------------NTSYRLI---SCNTSVI-T---QA, 0.3853, 0
0.361729, -119.9965, 20, POINT, N, VKLTPLCVTLNCTNVTTNITN-------------------------------------DERGEMKN----CSFNI-T-TE--LRD-KK-QKE-YALF-YKLDVVPINENSGNRSNNS------------------------------------------NNSYRLI---NCNTSAI-T---QA, 0.1245, 1
0.369011, -99.4941, [174], CHUNK, ['V'], VKLTPLCVTLNCTNVTTNITN-------------------------------------DERGEMKN----CSFNI-T-TE--LRD-KK-QKE-YALF-YKLDVVPINENSGNRSNNS------------------------------------------NNSYRLI---NCNTSVI-T---QA, 0.5231, 0
0.369011, -109.3731, 174, POINT, V, VKLTPLCVTLNCTNVTTNITN-------------------------------------DERGEMKN----CSFNI-T-TE--LRD-KK-QKE-YALF-YKLDVVPINENSGNRSNNS------------------------------------------NNSYRLI---NCNTSVI-T---QA, 0.6744, 0
0.369011, -94.2957, [174], CHUNK, ['V'], VKLTPLCVTLNCTNVTTNITN-------------------------------------DERGEMKN----CSFNI-T-TE--LRD-KK-QKE-YALF-YKLDVVPINENSGNRSNNS------------------------------------------NNSYRLI---NCNTSVI-T---QA, 0.4200, 0
0.365518, -4.4052, 82, POINT, I, VKLTPLCVTLNCTNVTTNITN-------------------------------------DERGEMKN----CSFNI-T-TE--IRD-KK-QKE-YALF-YKLDVVPINENSGNRSNNS------------------------------------------NNSYRLI---NCNTSAI-T---QA, 0.2275, 0
0.367923, -93.3825, [169, 174], CHUNK, ['S', 'V'], VKLTPLCVTLNCTNVTTNITD-------------------------------------DERGEMKN----CSFNI-T-TE--LRD-KK-QKE-YALF-YKLDVVPINENSGNRSNNS------------------------------------------NNSYRLI---SCNTSVI-T---QA, 0.4289, 0
0.365882, -119.5797, [63], CHUNK, ['I'], VKLTPLCVTLNCTNVTTNITD-------------------------------------DERGEIKN----CSFNI-T-TE--LRD-KK-QKE-YALF-YKLDVVPINENSGNRSNNS------------------------------------------NNSYRLI---NCNTSAI-T---QA, 0.1306, 1
0.373164, -105.0180, [174], CHUNK, ['V'], VKLTPLCVTLNCTNVTTNITD-------------------------------------DERGEIKN----CSFNI-T-TE--LRD-KK-QKE-YALF-YKLDVVPINENSGNRSNNS------------------------------------------NNSYRLI---NCNTSVI-T---QA, 0.4231, 0
0.373164, -102.7320, [174], CHUNK, ['V'], VKLTPLCVTLNCTNVTTNITD-------------------------------------DERGEIKN----CSFNI-T-TE--LRD-KK-QKE-YALF-YKLDVVPINENSGNRSNNS------------------------------------------NNSYRLI---NCNTSVI-T---QA, 0.4590, 0
0.367477, -118.6417, 58, POINT, S, VKLTPLCVTLNCTNVTTNITD-------------------------------------SERGEIKN----CSFNI-T-TE--LRD-KK-QKE-YALF-YKLDVVPINENSGNRSNNS------------------------------------------NNSYRLI---NCNTSAI-T---QA, 0.1306, 0
0.366931, -119.9154, 107, POINT, D, VKLTPLCVTLNCTNVTTNITD-------------------------------------DERGEIKN----CSFNI-T-TE--LRD-KK-QKE-YALF-YKLDVVPINDNSGNRSNNS------------------------------------------NNSYRLI---NCNTSAI-T---QA, 0.1272, 0
0.366186, 9.2623, [79, 82], CHUNK, ['N', 'I'], VKLTPLCVTLNCTNVTTNITD-------------------------------------DERGEMKN----CSFNI-T-TN--IRD-KK-QKE-YALF-YKLDVVPINENSGNRSNNS------------------------------------------NNSYRLI---NCNTSAI-T---QA, 0.2267, 0
0.367210, -117.7687, [58, 59, 60, 63], CHUNK, ['T', 'V', 'G', 'I'], VKLTPLCVTLNCTNVTTNITD-------------------------------------TVGGEIKN----CSFNI-T-TE--LRD-KK-QKE-YALF-YKLDVVPINENSGNRSNNS------------------------------------------NNSYRLI---NCNTSAI-T---QA, 0.1245, 0
0.367784, -119.1669, [60, 63], CHUNK, ['N', 'I'], VKLTPLCVTLNCTNVTTNITD-------------------------------------DENGEIKN----CSFNI-T-TE--LRD-KK-QKE-YALF-YKLDVVPINENSGNRSNNS------------------------------------------NNSYRLI---NCNTSAI-T---QA, 0.1245, 0
0.364001, -119.6334, [160], CHUNK, ['T'], VKLTPLCVTLNCTNVTTNITD-------------------------------------DERGEMKN----CSFNI-T-TE--LRD-KK-QKE-YALF-YKLDVVPINENSGNRSNNS------------------------------------------NTSYRLI---NCNTSAI-T---QA, 0.1245, 0
0.367097, -96.3939, [169, 174], CHUNK, ['S', 'V'], VKLTPLCVTLNCTNVTTNITD-------------------------------------DMRGEMKN----CSFNI-T-TE--LRD-KK-QKE-YALF-YKLDVVPINENSGNRSNNS------------------------------------------NNSYRLI---SCNTSVI-T---QA, 0.2647, 0
0.362876, 9.8955, 82, POINT, I, VKLTPLCVTLNCTNVTTNITD-------------------------------------DMRGEMKN----CSFNI-T-TE--IRD-KK-QKE-YALF-YKLDVVPINENSGNRSNNS------------------------------------------NNSYRLI---NCNTSAI-T---QA, 0.1215, 0
0.365360, 6.2895, [79, 82], CHUNK, ['N', 'I'], VKLTPLCVTLNCTNVTTNITD-------------------------------------DMRGEMKN----CSFNI-T-TN--IRD-KK-QKE-YALF-YKLDVVPINENSGNRSNNS------------------------------------------NNSYRLI---NCNTSAI-T---QA, 0.2149, 0
0.360858, -119.7375, 20, POINT, N, VKLTPLCVTLNCTNVTTNITN-------------------------------------DMRGEMKN----CSFNI-T-TE--LRD-KK-QKE-YALF-YKLDVVPINENSGNRSNNS------------------------------------------NNSYRLI---NCNTSAI-T---QA, 0.1245, 0
0.353464, -116.2483, 74, POINT, V, VKLTPLCVTLNCTNVTTNITD-------------------------------------DMRGEMKN----CSFNV-T-TE--LRD-KK-QKE-YALF-YKLDVVPINENSGNRSNNS------------------------------------------NNSYRLI---NCNTSAI-T---QA, 0.1986, 1
0.363342, 2.9386, [74, 79, 82], CHUNK, ['I', 'S', 'I'], VKLTPLCVTLNCTNVTTNITD-------------------------------------DMRGEMKN----CSFNI-T-TS--IRD-KK-QKE-YALF-YKLDVVPINENSGNRSNNS------------------------------------------NNSYRLI---NCNTSAI-T---QA, 0.2032, 0
0.358263, -116.6004, 63, POINT, I, VKLTPLCVTLNCTNVTTNITD-------------------------------------DMRGEIKN----CSFNV-T-TE--LRD-KK-QKE-YALF-YKLDVVPINENSGNRSNNS------------------------------------------NNSYRLI---NCNTSAI-T---QA, 0.1986, 1
0.363232, -117.3971, 107, POINT, N, VKLTPLCVTLNCTNVTTNITD-------------------------------------DMRGEIKN----CSFNV-T-TE--LRD-KK-QKE-YALF-YKLDVVPINNNSGNRSNNS------------------------------------------NNSYRLI---NCNTSAI-T---QA, 0.2054, 0
0.358748, -117.2871, 14, POINT, T, VKLTPLCVTLNCTNTTTNITD-------------------------------------DMRGEIKN----CSFNV-T-TE--LRD-KK-QKE-YALF-YKLDVVPINENSGNRSNNS------------------------------------------NNSYRLI---NCNTSAI-T---QA, 0.2355, 0
0.358568, -117.3064, 87, POINT, V, VKLTPLCVTLNCTNVTTNITD-------------------------------------DMRGEIKN----CSFNV-T-TE--LRD-KV-QKE-YALF-YKLDVVPINENSGNRSNNS------------------------------------------NNSYRLI---NCNTSAI-T---QA, 0.1911, 0
0.360131, -116.2326, 60, POINT, K, VKLTPLCVTLNCTNVTTNITD-------------------------------------DMKGEIKN----CSFNV-T-TE--LRD-KK-QKE-YALF-YKLDVVPINENSGNRSNNS------------------------------------------NNSYRLI---NCNTSAI-T---QA, 0.2470, 0
0.361473, -107.2138, [169, 174], CHUNK, ['S', 'V'], VKLTPLCVTLNCTNVTTNITD-------------------------------------DMRGEMKN----CSFNV-T-TE--LRD-KK-QKE-YALF-YKLDVVPINENSGNRSNNS------------------------------------------NNSYRLI---SCNTSVI-T---QA, 0.5233, 0
0.361473, -105.3872, [169, 174], CHUNK, ['S', 'V'], VKLTPLCVTLNCTNVTTNITD-------------------------------------DMRGEMKN----CSFNV-T-TE--LRD-KK-QKE-YALF-YKLDVVPINENSGNRSNNS------------------------------------------NNSYRLI---SCNTSVI-T---QA, 0.6562, 0
0.354910, -115.4543, 18, POINT, N, VKLTPLCVTLNCTNVTTNNTD-------------------------------------DMRGEMKN----CSFNV-T-TE--LRD-KK-QKE-YALF-YKLDVVPINENSGNRSNNS------------------------------------------NNSYRLI---NCNTSAI-T---QA, 0.1984, 0
0.360746, -99.6073, [174], CHUNK, ['V'], VKLTPLCVTLNCTNVTTNITD-------------------------------------DMRGEMKN----CSFNV-T-TE--LRD-KK-QKE-YALF-YKLDVVPINENSGNRSNNS------------------------------------------NNSYRLI---NCNTSVI-T---QA, 0.4964, 0
0.359046, -115.5263, [74, 79], CHUNK, ['I', 'N'], VKLTPLCVTLNCTNVTTNITD-------------------------------------DMRGEMKN----CSFNI-T-TN--LRD-KK-QKE-YALF-YKLDVVPINENSGNRSNNS------------------------------------------NNSYRLI---NCNTSAI-T---QA, 0.2991, 0
0.350815, -0.0541, 82, POINT, I, VKLTPLCVTLNCTNVTTNITD-------------------------------------DMRGEMKN----CSFNM-T-TE--IRD-KK-QKE-YALF-YKLDVVPINENSGNRSNNS------------------------------------------NNSYRLI---NCNTSAI-T---QA, 0.3362, 0
0.353619, -125.4625, [63], CHUNK, ['I'], VKLTPLCVTLNCTNVTTNITD-------------------------------------DMRGEIKN----CSFNM-T-TE--LRD-KK-QKE-YALF-YKLDVVPINENSGNRSNNS------------------------------------------NNSYRLI---NCNTSAI-T---QA, 0.0492, 0
0.359087, -119.2237, [74], CHUNK, ['I'], VKLTPLCVTLNCTNVTTNITD-------------------------------------DMRGEMKN----CSFNI-T-TE--LRD-KK-QKE-YALF-YKLDVVPINENSGNRSNNS------------------------------------------NNSYRLI---NCNTSAI-T---QA, 0.0679, 1
0.364305, 12.3306, [82, 87], CHUNK, ['I', 'V'], VKLTPLCVTLNCTNVTTNITD-------------------------------------DMRGEMKN----CSFNI-T-TE--IRD-KV-QKE-YALF-YKLDVVPINENSGNRSNNS------------------------------------------NNSYRLI---NCNTSAI-T---QA, 0.1255, 0
0.361486, -116.0433, 20, POINT, T, VKLTPLCVTLNCTNVTTNITT-------------------------------------DMRGEMKN----CSFNI-T-TE--LRD-KK-QKE-YALF-YKLDVVPINENSGNRSNNS------------------------------------------NNSYRLI---NCNTSAI-T---QA, 0.0648, 0
0.365012, -119.8691, [63], CHUNK, ['I'], VKLTPLCVTLNCTNVTTNITD-------------------------------------DMRGEIKN----CSFNI-T-TE--LRD-KK-QKE-YALF-YKLDVVPINENSGNRSNNS------------------------------------------NNSYRLI---NCNTSAI-T---QA, 0.1032, 0
0.365012, -119.3131, 63, POINT, I, VKLTPLCVTLNCTNVTTNITD-------------------------------------DMRGEIKN----CSFNI-T-TE--LRD-KK-QKE-YALF-YKLDVVPINENSGNRSNNS------------------------------------------NNSYRLI---NCNTSAI-T---QA, 0.0679, 0
0.352740, -125.3732, 160, POINT, T, VKLTPLCVTLNCTNVTTNITD-------------------------------------DMRGEMKN----CSFNM-T-TE--LRD-KK-QKE-YALF-YKLDVVPINENSGNRSNNS------------------------------------------NTSYRLI---NCNTSAI-T---QA, 0.0492, 0
0.359046, -114.3974, [74, 79], CHUNK, ['I', 'N'], VKLTPLCVTLNCTNVTTNITD-------------------------------------DMRGEMKN----CSFNI-T-TN--LRD-KK-QKE-YALF-YKLDVVPINENSGNRSNNS------------------------------------------NNSYRLI---NCNTSAI-T---QA, 0.1561, 0
0.355629, 1.6858, [74, 82], CHUNK, ['T', 'I'], VKLTPLCVTLNCTNVTTNITD-------------------------------------DMRGEMKN----CSFNT-T-TE--IRD-KK-QKE-YALF-YKLDVVPINENSGNRSNNS------------------------------------------NNSYRLI---NCNTSAI-T---QA, 0.1140, 0
0.363342, 5.7785, [74, 79, 82], CHUNK, ['I', 'S', 'I'], VKLTPLCVTLNCTNVTTNITD-------------------------------------DMRGEMKN----CSFNI-T-TS--IRD-KK-QKE-YALF-YKLDVVPINENSGNRSNNS------------------------------------------NNSYRLI---NCNTSAI-T---QA, 0.3333, 0
0.355816, -102.3709, [169, 174], CHUNK, ['S', 'V'], VKLTPLCVTLNCTNVTTNITD-------------------------------------DMRGEMKN----CSFNM-T-TE--LRD-KK-QKE-YALF-YKLDVVPINENSGNRSNNS------------------------------------------NSSYRLI---SCNTSVI-T---QA, 0.4050, 0
0.352879, -116.4090, 74, POINT, V, VKLTPLCVTLNCTNVTTNITD-------------------------------------DMRGEMKN----CSFNV-T-TE--LRD-KK-QKE-YALF-YKLDVVPINENSGNRSNNS------------------------------------------NSSYRLI---NCNTSAI-T---QA, 0.2197, 0
0.350466, -121.2026, 20, POINT, T, VKLTPLCVTLNCTNVTTNITT-------------------------------------DMRGEMKN----CSFNM-T-TE--LRD-KK-QKE-YALF-YKLDVVPINENSGNRSNNS------------------------------------------NSSYRLI---NCNTSAI-T---QA, 0.0362, 0
0.352740, -124.5769, 160, POINT, T, VKLTPLCVTLNCTNVTTNITD-------------------------------------DMRGEMKN----CSFNM-T-TE--LRD-KK-QKE-YALF-YKLDVVPINENSGNRSNNS------------------------------------------NTSYRLI---NCNTSAI-T---QA, 0.0368, 0
