Name base = V1V2_200_sq_1_10_ni
Iters = 200
Soft coverage = 1.31203964383
Energy = -130.654287592
Hard Covereage = 0.0368019545157
Num epitopes = 65
Initial seq = VKLTPLCVTLQCTNVTNNITD-------------------------------------DMRGELKN----CSFNM-T-TE--LRD-KK-QKV-YSLF-YRLDVVQINENQGNRSNNS------------------------------------------NKEYRLI---NCNTSAI-T---QA
-------START OF DATA------
1.350823, -128.5403, [10, 14], CHUNK, ['N', 'A'], VKLTPLCVTLNCTNATNNITD-------------------------------------DMRGELKN----CSFNM-T-TE--LRD-KK-QKV-YSLF-YRLDVVQINENQGNRSNNS------------------------------------------NKEYRLI---NCNTSAI-T---QA, 0.0000, 1
1.393759, -127.6661, [160, 161], CHUNK, ['T', 'S'], VKLTPLCVTLNCTNATNNITD-------------------------------------DMRGELKN----CSFNM-T-TE--LRD-KK-QKV-YSLF-YRLDVVQINENQGNRSNNS------------------------------------------NTSYRLI---NCNTSAI-T---QA, 0.0419, 1
1.408677, -125.3100, [99, 102, 103], CHUNK, ['K', 'I', 'T'], VKLTPLCVTLNCTNATNNITD-------------------------------------DMRGELKN----CSFNM-T-TE--LRD-KK-QKV-YSLF-YKLDITQINENQGNRSNNS------------------------------------------NTSYRLI---NCNTSAI-T---QA, 0.0419, 0
1.410924, -87.7832, [74], CHUNK, ['I'], VKLTPLCVTLNCTNATNNITD-------------------------------------DMRGELKN----CSFNI-T-TE--LRD-KK-QKV-YSLF-YRLDVVQINENQGNRSNNS------------------------------------------NTSYRLI---NCNTSAI-T---QA, 0.3169, 0
1.393982, -125.7684, 71, POINT, T, VKLTPLCVTLNCTNATNNITD-------------------------------------DMRGELKN----CTFNM-T-TE--LRD-KK-QKV-YSLF-YRLDVVQINENQGNRSNNS------------------------------------------NTSYRLI---NCNTSAI-T---QA, 0.0825, 1
1.408684, -124.1537, 174, POINT, T, VKLTPLCVTLNCTNATNNITD-------------------------------------DMRGELKN----CTFNM-T-TE--LRD-KK-QKV-YSLF-YRLDVVQINENQGNRSNNS------------------------------------------NTSYRLI---NCNTSTI-T---QA, 0.0865, 0
1.410924, -73.1390, [71, 74], CHUNK, ['S', 'I'], VKLTPLCVTLNCTNATNNITD-------------------------------------DMRGELKN----CSFNI-T-TE--LRD-KK-QKV-YSLF-YRLDVVQINENQGNRSNNS------------------------------------------NTSYRLI---NCNTSAI-T---QA, 0.5323, 0
1.420728, -122.0797, [99, 104], CHUNK, ['N', 'L'], VKLTPLCVTLNCTNATNNITD-------------------------------------DMRGELKN----CTFNM-T-TE--LRD-KK-QKV-YSLF-YNLDVVLINENQGNRSNNS------------------------------------------NTSYRLI---NCNTSAI-T---QA, 0.0881, 1
1.446201, -122.8066, 58, POINT, N, VKLTPLCVTLNCTNATNNITD-------------------------------------NMRGELKN----CTFNM-T-TE--LRD-KK-QKV-YSLF-YNLDVVLINENQGNRSNNS------------------------------------------NTSYRLI---NCNTSAI-T---QA, 0.1547, 1
1.478016, -120.5191, [104, 105, 109, 110], CHUNK, ['P', 'L', 'S', 'S'], VKLTPLCVTLNCTNATNNITD-------------------------------------NMRGELKN----CTFNM-T-TE--LRD-KK-QKV-YSLF-YNLDVVPLNENSSNRSNNS------------------------------------------NTSYRLI---NCNTSAI-T---QA, 0.1547, 1
1.518761, -88.8057, [74, 79], CHUNK, ['I', 'N'], VKLTPLCVTLNCTNATNNITD-------------------------------------NMRGELKN----CTFNI-T-TN--LRD-KK-QKV-YSLF-YNLDVVPLNENSSNRSNNS------------------------------------------NTSYRLI---NCNTSAI-T---QA, 0.3344, 0
1.516996, -87.4586, [71, 74, 79], CHUNK, ['S', 'I', 'N'], VKLTPLCVTLNCTNATNNITD-------------------------------------NMRGELKN----CSFNI-T-TN--LRD-KK-QKV-YSLF-YNLDVVPLNENSSNRSNNS------------------------------------------NTSYRLI---NCNTSAI-T---QA, 0.4578, 0
1.494958, -77.8870, [71, 74], CHUNK, ['S', 'I'], VKLTPLCVTLNCTNATNNITD-------------------------------------NMRGELKN----CSFNI-T-TE--LRD-KK-QKV-YSLF-YNLDVVPLNENSSNRSNNS------------------------------------------NTSYRLI---NCNTSAI-T---QA, 0.3114, 0
1.494958, -65.1429, [71, 74], CHUNK, ['S', 'I'], VKLTPLCVTLNCTNATNNITD-------------------------------------NMRGELKN----CSFNI-T-TE--LRD-KK-QKV-YSLF-YNLDVVPLNENSSNRSNNS------------------------------------------NTSYRLI---NCNTSAI-T---QA, 0.5373, 0
1.469622, -12.2089, [79, 82, 87], CHUNK, ['N', 'I', 'I'], VKLTPLCVTLNCTNATNNITD-------------------------------------NMRGELKN----CTFNM-T-TN--IRD-KI-QKV-YSLF-YNLDVVLINENQGNRSNNS------------------------------------------NTSYRLI---NCNTSAI-T---QA, 0.3416, 0
1.473397, -92.8552, [71, 74, 79], CHUNK, ['S', 'I', 'S'], VKLTPLCVTLNCTNATNNITD-------------------------------------NMRGELKN----CSFNI-T-TS--LRD-KK-QKV-YSLF-YNLDVVLINENQGNRSNNS------------------------------------------NTSYRLI---NCNTSAI-T---QA, 0.6064, 0
1.460902, -120.6226, [174], CHUNK, ['T'], VKLTPLCVTLNCTNATNNITD-------------------------------------NMRGELKN----CTFNM-T-TE--LRD-KK-QKV-YSLF-YNLDVVLINENQGNRSNNS------------------------------------------NTSYRLI---NCNTSTI-T---QA, 0.1547, 0
1.455598, -120.1338, 98, POINT, N, VKLTPLCVTLNCTNATNNITD-------------------------------------NMRGELKN----CTFNM-T-TE--LRD-KK-QKV-YSLF-NNLDVVLINENQGNRSNNS------------------------------------------NTSYRLI---NCNTSAI-T---QA, 0.1547, 1
1.472650, -117.8037, 18, POINT, N, VKLTPLCVTLNCTNATNNNTD-------------------------------------NMRGELKN----CTFNM-T-TE--LRD-KK-QKV-YSLF-NNLDVVLINENQGNRSNNS------------------------------------------NTSYRLI---NCNTSAI-T---QA, 0.1547, 1
1.513396, -69.6968, [74, 79], CHUNK, ['I', 'N'], VKLTPLCVTLNCTNATNNNTD-------------------------------------NMRGELKN----CTFNI-T-TN--LRD-KK-QKV-YSLF-NNLDVVLINENQGNRSNNS------------------------------------------NTSYRLI---NCNTSAI-T---QA, 0.4347, 0
1.504150, -115.8085, [71, 74], CHUNK, ['S', 'T'], VKLTPLCVTLNCTNATNNNTD-------------------------------------NMRGELKN----CSFNT-T-TE--LRD-KK-QKV-YSLF-NNLDVVLINENQGNRSNNS------------------------------------------NTSYRLI---NCNTSAI-T---QA, 0.1797, 0
1.492725, -117.0782, 79, POINT, N, VKLTPLCVTLNCTNATNNNTD-------------------------------------NMRGELKN----CTFNM-T-TN--LRD-KK-QKV-YSLF-NNLDVVLINENQGNRSNNS------------------------------------------NTSYRLI---NCNTSAI-T---QA, 0.1547, 0
1.490143, -115.2381, [59, 60, 63], CHUNK, ['E', 'K', 'I'], VKLTPLCVTLNCTNATNNNTD-------------------------------------NEKGEIKN----CTFNM-T-TE--LRD-KK-QKV-YSLF-NNLDVVLINENQGNRSNNS------------------------------------------NTSYRLI---NCNTSAI-T---QA, 0.1497, 0
1.476182, -118.5877, 18, POINT, T, VKLTPLCVTLNCTNATNNTTD-------------------------------------NMRGELKN----CTFNM-T-TE--LRD-KK-QKV-YSLF-NNLDVVLINENQGNRSNNS------------------------------------------NTSYRLI---NCNTSAI-T---QA, 0.1547, 1
1.507682, -116.0592, [71, 74], CHUNK, ['S', 'T'], VKLTPLCVTLNCTNATNNTTD-------------------------------------NMRGELKN----CSFNT-T-TE--LRD-KK-QKV-YSLF-NNLDVVLINENQGNRSNNS------------------------------------------NTSYRLI---NCNTSAI-T---QA, 0.1564, 0
1.499640, -119.6969, 107, POINT, N, VKLTPLCVTLNCTNATNNTTD-------------------------------------NMRGELKN----CTFNM-T-TE--LRD-KK-QKV-YSLF-NNLDVVLINNNQGNRSNNS------------------------------------------NTSYRLI---NCNTSAI-T---QA, 0.1266, 0
1.483196, -103.1015, 174, POINT, V, VKLTPLCVTLNCTNATNNTTD-------------------------------------NMRGELKN----CTFNM-T-TE--LRD-KK-QKV-YSLF-NNLDVVLINENQGNRSNNS------------------------------------------NTSYRLI---NCNTSVI-T---QA, 0.2458, 0
1.517719, -89.1429, [59, 60, 61, 63], CHUNK, ['S', 'T', 'D', 'M'], VKLTPLCVTLNCTNATNNTTD-------------------------------------NSTDEMKN----CTFNM-T-TE--LRD-KK-QKV-YSLF-NNLDVVLINENQGNRSNNS------------------------------------------NTSYRLI---NCNTSAI-T---QA, 0.1670, 0
1.474122, -120.5404, 20, POINT, N, VKLTPLCVTLNCTNATNNITN-------------------------------------NMRGELKN----CTFNM-T-TE--LRD-KK-QKV-YSLF-NNLDVVLINENQGNRSNNS------------------------------------------NTSYRLI---NCNTSAI-T---QA, 0.1547, 0
1.471159, -105.1639, 74, POINT, V, VKLTPLCVTLNCTNATNNITD-------------------------------------NMRGELKN----CTFNV-T-TE--LRD-KK-QKV-YSLF-NNLDVVLINENQGNRSNNS------------------------------------------NTSYRLI---NCNTSAI-T---QA, 0.2177, 0
1.479056, -120.2473, 107, POINT, N, VKLTPLCVTLNCTNATNNITD-------------------------------------NMRGELKN----CTFNM-T-TE--LRD-KK-QKV-YSLF-NNLDVVLINNNQGNRSNNS------------------------------------------NTSYRLI---NCNTSAI-T---QA, 0.1547, 0
1.496343, -81.9141, [74, 79], CHUNK, ['I', 'N'], VKLTPLCVTLNCTNATNNITD-------------------------------------NMRGELKN----CTFNI-T-TN--LRD-KK-QKV-YSLF-NNLDVVLINENQGNRSNNS------------------------------------------NTSYRLI---NCNTSAI-T---QA, 0.7281, 0
1.477218, -118.9359, [74], CHUNK, ['T'], VKLTPLCVTLNCTNATNNITD-------------------------------------NMRGELKN----CTFNT-T-TE--LRD-KK-QKV-YSLF-YNLDVVLINENQGNRSNNS------------------------------------------NTSYRLI---NCNTSAI-T---QA, 0.1522, 0
1.466275, -122.1178, 79, POINT, N, VKLTPLCVTLNCTNATNNITD-------------------------------------NMRGELKN----CTFNM-T-TN--LRD-KK-QKV-YSLF-YNLDVVLINENQGNRSNNS------------------------------------------NTSYRLI---NCNTSAI-T---QA, 0.1556, 1
1.500494, -101.5768, [60, 61, 63], CHUNK, ['K', 'N', 'I'], VKLTPLCVTLNCTNATNNITD-------------------------------------NMKNEIKN----CTFNM-T-TN--LRD-KK-QKV-YSLF-YNLDVVLINENQGNRSNNS------------------------------------------NTSYRLI---NCNTSAI-T---QA, 0.1398, 0
1.476204, -120.1509, 165, POINT, T, VKLTPLCVTLNCTNATNNITD-------------------------------------NMRGELKN----CTFNM-T-TN--LRD-KK-QKV-YSLF-YNLDVVLINENQGNRSNNS------------------------------------------NTSYRLT---NCNTSAI-T---QA, 0.1556, 1
1.493824, -107.0925, 74, POINT, V, VKLTPLCVTLNCTNATNNITD-------------------------------------NMRGELKN----CTFNV-T-TN--LRD-KK-QKV-YSLF-YNLDVVLINENQGNRSNNS------------------------------------------NTSYRLT---NCNTSAI-T---QA, 0.2197, 0
1.508370, -115.9545, [58, 59, 60, 63], CHUNK, ['T', 'I', 'N', 'I'], VKLTPLCVTLNCTNATNNITD-------------------------------------TINGEIKN----CTFNM-T-TN--LRD-KK-QKV-YSLF-YNLDVVLINENQGNRSNNS------------------------------------------NTSYRLT---NCNTSAI-T---QA, 0.1466, 1
1.525760, -89.1593, [71, 74], CHUNK, ['S', 'I'], VKLTPLCVTLNCTNATNNITD-------------------------------------TINGEIKN----CSFNI-T-TN--LRD-KK-QKV-YSLF-YNLDVVLINENQGNRSNNS------------------------------------------NTSYRLT---NCNTSAI-T---QA, 0.3414, 0
1.544712, -114.7073, 109, POINT, T, VKLTPLCVTLNCTNATNNITD-------------------------------------TINGEIKN----CTFNM-T-TN--LRD-KK-QKV-YSLF-YNLDVVLINENTGNRSNNS------------------------------------------NTSYRLT---NCNTSAI-T---QA, 0.1499, 0
1.525760, -70.2546, [71, 74], CHUNK, ['S', 'I'], VKLTPLCVTLNCTNATNNITD-------------------------------------TINGEIKN----CSFNI-T-TN--LRD-KK-QKV-YSLF-YNLDVVLINENQGNRSNNS------------------------------------------NTSYRLT---NCNTSAI-T---QA, 0.6052, 0
1.527711, -115.0740, 162, POINT, N, VKLTPLCVTLNCTNATNNITD-------------------------------------TINGEIKN----CTFNM-T-TN--LRD-KK-QKV-YSLF-YNLDVVLINENQGNRSNNS------------------------------------------NTSNRLT---NCNTSAI-T---QA, 0.1466, 0
1.485602, -117.4842, 98, POINT, N, VKLTPLCVTLNCTNATNNITD-------------------------------------NMRGELKN----CTFNM-T-TN--LRD-KK-QKV-YSLF-NNLDVVLINENQGNRSNNS------------------------------------------NTSYRLT---NCNTSAI-T---QA, 0.1556, 0
1.495109, -79.3446, [71, 74], CHUNK, ['S', 'I'], VKLTPLCVTLNCTNATNNITD-------------------------------------NMRGELKN----CSFNI-T-TN--LRD-KK-QKV-YSLF-YNLDVVLINENQGNRSNNS------------------------------------------NTSYRLT---NCNTSAI-T---QA, 0.4137, 0
1.482517, -87.2194, 61, POINT, K, VKLTPLCVTLNCTNATNNITD-------------------------------------NMRKELKN----CTFNM-T-TN--LRD-KK-QKV-YSLF-YNLDVVLINENQGNRSNNS------------------------------------------NTSYRLT---NCNTSAI-T---QA, 0.1553, 0
1.493195, -104.9969, [71, 74], CHUNK, ['S', 'V'], VKLTPLCVTLNCTNATNNITD-------------------------------------NMRGELKN----CSFNV-T-TN--LRD-KK-QKV-YSLF-YNLDVVLINENQGNRSNNS------------------------------------------NTSYRLT---NCNTSAI-T---QA, 0.2349, 0
1.485181, -88.7463, [71, 74], CHUNK, ['S', 'I'], VKLTPLCVTLNCTNATNNITD-------------------------------------NMRGELKN----CSFNI-T-TN--LRD-KK-QKV-YSLF-YNLDVVLINENQGNRSNNS------------------------------------------NTSYRLI---NCNTSAI-T---QA, 0.4366, 0
1.480977, -120.4347, [174], CHUNK, ['T'], VKLTPLCVTLNCTNATNNITD-------------------------------------NMRGELKN----CTFNM-T-TN--LRD-KK-QKV-YSLF-YNLDVVLINENQGNRSNNS------------------------------------------NTSYRLI---NCNTSTI-T---QA, 0.1413, 0
1.480977, -120.1643, 174, POINT, T, VKLTPLCVTLNCTNATNNITD-------------------------------------NMRGELKN----CTFNM-T-TN--LRD-KK-QKV-YSLF-YNLDVVLINENQGNRSNNS------------------------------------------NTSYRLI---NCNTSTI-T---QA, 0.1515, 0
1.472169, -120.1896, 60, POINT, K, VKLTPLCVTLNCTNATNNITD-------------------------------------NMKGELKN----CTFNM-T-TN--LRD-KK-QKV-YSLF-YNLDVVLINENQGNRSNNS------------------------------------------NTSYRLI---NCNTSAI-T---QA, 0.1529, 0
1.472852, -120.0048, [102, 103, 104, 107, 109], CHUNK, ['I', 'A', 'P', 'N', 'S'], VKLTPLCVTLNCTNATNNITD-------------------------------------NMRGELKN----CTFNM-T-TE--LRD-KK-QKV-YSLF-YNLDIAPINNNSGNRSNNS------------------------------------------NTSYRLI---NCNTSAI-T---QA, 0.1547, 1
1.484810, -120.2193, 101, POINT, N, VKLTPLCVTLNCTNATNNITD-------------------------------------NMRGELKN----CTFNM-T-TE--LRD-KK-QKV-YSLF-YNLNIAPINNNSGNRSNNS------------------------------------------NTSYRLI---NCNTSAI-T---QA, 0.1547, 0
1.501724, -74.8278, [74, 79], CHUNK, ['I', 'S'], VKLTPLCVTLNCTNATNNITD-------------------------------------NMRGELKN----CTFNI-T-TS--LRD-KK-QKV-YSLF-YNLDIAPINNNSGNRSNNS------------------------------------------NTSYRLI---NCNTSAI-T---QA, 0.9270, 0
1.497913, -115.1658, 60, POINT, T, VKLTPLCVTLNCTNATNNITD-------------------------------------NMTGELKN----CTFNM-T-TE--LRD-KK-QKV-YSLF-YNLDIAPINNNSGNRSNNS------------------------------------------NTSYRLI---NCNTSAI-T---QA, 0.1547, 0
1.490984, -85.2511, 74, POINT, I, VKLTPLCVTLNCTNATNNITD-------------------------------------NMRGELKN----CTFNI-T-TE--LRD-KK-QKV-YSLF-YNLDIAPINNNSGNRSNNS------------------------------------------NTSYRLI---NCNTSAI-T---QA, 0.3163, 0
1.475072, -73.7122, [74, 79], CHUNK, ['I', 'S'], VKLTPLCVTLNCTNATNNITD-------------------------------------NMRGELKN----CTFNI-T-TS--LRD-KK-QKV-YSLF-YNLDVVLINENQGNRSNNS------------------------------------------NTSYRLI---NCNTSAI-T---QA, 0.4204, 0
1.472103, -39.8979, [79, 82], CHUNK, ['N', 'I'], VKLTPLCVTLNCTNATNNITD-------------------------------------NMRGELKN----CTFNM-T-TN--IRD-KK-QKV-YSLF-YNLDVVLINENQGNRSNNS------------------------------------------NTSYRLI---NCNTSAI-T---QA, 0.3751, 0
1.485181, -81.1758, [71, 74, 79], CHUNK, ['S', 'I', 'N'], VKLTPLCVTLNCTNATNNITD-------------------------------------NMRGELKN----CSFNI-T-TN--LRD-KK-QKV-YSLF-YNLDVVLINENQGNRSNNS------------------------------------------NTSYRLI---NCNTSAI-T---QA, 0.3382, 0
1.456236, -122.1026, 79, POINT, S, VKLTPLCVTLNCTNATNNITD-------------------------------------NMRGELKN----CTFNM-T-TS--LRD-KK-QKV-YSLF-YNLDVVLINENQGNRSNNS------------------------------------------NTSYRLI---NCNTSAI-T---QA, 0.1667, 0
1.452228, -119.7877, [71, 74], CHUNK, ['S', 'T'], VKLTPLCVTLNCTNATNNITD-------------------------------------DMRGELKN----CSFNT-T-TE--LRD-KK-QKV-YSLF-YNLDVVLINENQGNRSNNS------------------------------------------NTSYRLI---NCNTSAI-T---QA, 0.0881, 0
1.458422, -105.4051, [74, 79], CHUNK, ['V', 'N'], VKLTPLCVTLNCTNATNNITD-------------------------------------DMRGELKN----CTFNV-T-TN--LRD-KK-QKV-YSLF-YNLDVVLINENQGNRSNNS------------------------------------------NTSYRLI---NCNTSAI-T---QA, 0.2997, 0
1.441141, -120.5337, 18, POINT, T, VKLTPLCVTLNCTNATNNTTD-------------------------------------DMRGELKN----CTFNM-T-TE--LRD-KK-QKV-YSLF-YNLDVVLINENQGNRSNNS------------------------------------------NTSYRLI---NCNTSAI-T---QA, 0.0881, 0
1.437670, -71.4786, [71, 74], CHUNK, ['S', 'I'], VKLTPLCVTLNCTNATNNITD-------------------------------------DMRGELKN----CSFNI-T-TE--LRD-KK-QKV-YSLF-YNLDVVLINENQGNRSNNS------------------------------------------NTSYRLI---NCNTSAI-T---QA, 0.5244, 0
