Name base = V1V2_200_sq_1_0_ni
Iters = 200
Soft coverage = 1.31203964383
Energy = -128.717377515
Hard Covereage = 0.0368019545157
Num epitopes = 65
Initial seq = VKLTPLCVTLQCTNVTNNITD-------------------------------------DMRGELKN----CSFNM-T-TE--LRD-KK-QKV-YSLF-YRLDVVQINENQGNRSNNS------------------------------------------NKEYRLI---NCNTSAI-T---QA
-------START OF DATA------
1.342424, -130.3587, [110], CHUNK, ['N'], VKLTPLCVTLQCTNVTNNITD-------------------------------------DMRGELKN----CSFNM-T-TE--LRD-KK-QKV-YSLF-YRLDVVQINENQNNRSNNS------------------------------------------NKEYRLI---NCNTSAI-T---QA, 0.0827, 1
1.378677, -130.0548, 109, POINT, N, VKLTPLCVTLQCTNVTNNITD-------------------------------------DMRGELKN----CSFNM-T-TE--LRD-KK-QKV-YSLF-YRLDVVQINENNNNRSNNS------------------------------------------NKEYRLI---NCNTSAI-T---QA, 0.0827, 1
1.401648, -129.4786, [160], CHUNK, ['T'], VKLTPLCVTLQCTNVTNNITD-------------------------------------DMRGELKN----CSFNM-T-TE--LRD-KK-QKV-YSLF-YRLDVVQINENNNNRSNNS------------------------------------------NTEYRLI---NCNTSAI-T---QA, 0.0827, 1
1.450804, -129.4071, [10], CHUNK, ['N'], VKLTPLCVTLNCTNVTNNITD-------------------------------------DMRGELKN----CSFNM-T-TE--LRD-KK-QKV-YSLF-YRLDVVQINENNNNRSNNS------------------------------------------NTEYRLI---NCNTSAI-T---QA, 0.0827, 1
1.470225, -129.7967, 20, POINT, N, VKLTPLCVTLNCTNVTNNITN-------------------------------------DMRGELKN----CSFNM-T-TE--LRD-KK-QKV-YSLF-YRLDVVQINENNNNRSNNS------------------------------------------NTEYRLI---NCNTSAI-T---QA, 0.0827, 1
1.489725, -129.0711, 79, POINT, N, VKLTPLCVTLNCTNVTNNITN-------------------------------------DMRGELKN----CSFNM-T-TN--LRD-KK-QKV-YSLF-YRLDVVQINENNNNRSNNS------------------------------------------NTEYRLI---NCNTSAI-T---QA, 0.0827, 1
1.510999, -126.2769, [58], CHUNK, ['T'], VKLTPLCVTLNCTNVTNNITN-------------------------------------TMRGELKN----CSFNM-T-TN--LRD-KK-QKV-YSLF-YRLDVVQINENNNNRSNNS------------------------------------------NTEYRLI---NCNTSAI-T---QA, 0.0827, 0
1.509930, -124.5806, [60], CHUNK, ['T'], VKLTPLCVTLNCTNVTNNITN-------------------------------------DMTGELKN----CSFNM-T-TN--LRD-KK-QKV-YSLF-YRLDVVQINENNNNRSNNS------------------------------------------NTEYRLI---NCNTSAI-T---QA, 0.0827, 0
1.505610, -128.1931, 104, POINT, S, VKLTPLCVTLNCTNVTNNITN-------------------------------------DMRGELKN----CSFNM-T-TN--LRD-KK-QKV-YSLF-YRLDVVSINENNNNRSNNS------------------------------------------NTEYRLI---NCNTSAI-T---QA, 0.0827, 1
1.525815, -123.7549, 60, POINT, T, VKLTPLCVTLNCTNVTNNITN-------------------------------------DMTGELKN----CSFNM-T-TN--LRD-KK-QKV-YSLF-YRLDVVSINENNNNRSNNS------------------------------------------NTEYRLI---NCNTSAI-T---QA, 0.0827, 0
1.526303, -123.4128, [72], CHUNK, ['T'], VKLTPLCVTLNCTNVTNNITN-------------------------------------DMRGELKN----CSTNM-T-TN--LRD-KK-QKV-YSLF-YRLDVVSINENNNNRSNNS------------------------------------------NTEYRLI---NCNTSAI-T---QA, 0.0827, 0
1.525313, -98.0301, [74], CHUNK, ['I'], VKLTPLCVTLNCTNVTNNITN-------------------------------------DMRGELKN----CSFNI-T-TN--LRD-KK-QKV-YSLF-YRLDVVSINENNNNRSNNS------------------------------------------NTEYRLI---NCNTSAI-T---QA, 0.3393, 0
1.528627, -126.6503, 18, POINT, T, VKLTPLCVTLNCTNVTNNTTN-------------------------------------DMRGELKN----CSFNM-T-TN--LRD-KK-QKV-YSLF-YRLDVVSINENNNNRSNNS------------------------------------------NTEYRLI---NCNTSAI-T---QA, 0.0827, 1
1.542030, -127.7901, 163, POINT, T, VKLTPLCVTLNCTNVTNNTTN-------------------------------------DMRGELKN----CSFNM-T-TN--LRD-KK-QKV-YSLF-YRLDVVSINENNNNRSNNS------------------------------------------NTEYTLI---NCNTSAI-T---QA, 0.0827, 1
1.561734, -68.6155, 74, POINT, I, VKLTPLCVTLNCTNVTNNTTN-------------------------------------DMRGELKN----CSFNI-T-TN--LRD-KK-QKV-YSLF-YRLDVVSINENNNNRSNNS------------------------------------------NTEYTLI---NCNTSAI-T---QA, 0.4487, 0
1.561734, -101.0785, [74], CHUNK, ['I'], VKLTPLCVTLNCTNVTNNTTN-------------------------------------DMRGELKN----CSFNI-T-TN--LRD-KK-QKV-YSLF-YRLDVVSINENNNNRSNNS------------------------------------------NTEYTLI---NCNTSAI-T---QA, 0.5804, 0
1.569781, -127.9576, 107, POINT, N, VKLTPLCVTLNCTNVTNNTTN-------------------------------------DMRGELKN----CSFNM-T-TN--LRD-KK-QKV-YSLF-YRLDVVSINNNNNNRSNNS------------------------------------------NTEYTLI---NCNTSAI-T---QA, 0.0827, 1
1.591349, -127.6675, 59, POINT, S, VKLTPLCVTLNCTNVTNNTTN-------------------------------------DSRGELKN----CSFNM-T-TN--LRD-KK-QKV-YSLF-YRLDVVSINNNNNNRSNNS------------------------------------------NTEYTLI---NCNTSAI-T---QA, 0.0827, 1
1.598465, -101.2450, 174, POINT, V, VKLTPLCVTLNCTNVTNNTTN-------------------------------------DSRGELKN----CSFNM-T-TN--LRD-KK-QKV-YSLF-YRLDVVSINNNNNNRSNNS------------------------------------------NTEYTLI---NCNTSVI-T---QA, 0.4114, 0
1.618473, -125.3773, 14, POINT, N, VKLTPLCVTLNCTNNTNNTTN-------------------------------------DSRGELKN----CSFNM-T-TN--LRD-KK-QKV-YSLF-YRLDVVSINNNNNNRSNNS------------------------------------------NTEYTLI---NCNTSAI-T---QA, 0.0827, 0
1.611642, -127.5489, 161, POINT, S, VKLTPLCVTLNCTNVTNNTTN-------------------------------------DSRGELKN----CSFNM-T-TN--LRD-KK-QKV-YSLF-YRLDVVSINNNNNNRSNNS------------------------------------------NTSYTLI---NCNTSAI-T---QA, 0.0827, 1
1.634043, -127.8456, [14], CHUNK, ['T'], VKLTPLCVTLNCTNTTNNTTN-------------------------------------DSRGELKN----CSFNM-T-TN--LRD-KK-QKV-YSLF-YRLDVVSINNNNNNRSNNS------------------------------------------NTSYTLI---NCNTSAI-T---QA, 0.0827, 1
1.647377, -127.0005, 62, POINT, T, VKLTPLCVTLNCTNTTNNTTN-------------------------------------DSRGTLKN----CSFNM-T-TN--LRD-KK-QKV-YSLF-YRLDVVSINNNNNNRSNNS------------------------------------------NTSYTLI---NCNTSAI-T---QA, 0.0827, 1
1.662492, -124.3760, 174, POINT, T, VKLTPLCVTLNCTNTTNNTTN-------------------------------------DSRGTLKN----CSFNM-T-TN--LRD-KK-QKV-YSLF-YRLDVVSINNNNNNRSNNS------------------------------------------NTSYTLI---NCNTSTI-T---QA, 0.0827, 1
1.680202, -106.3730, 74, POINT, V, VKLTPLCVTLNCTNTTNNTTN-------------------------------------DSRGTLKN----CSFNV-T-TN--LRD-KK-QKV-YSLF-YRLDVVSINNNNNNRSNNS------------------------------------------NTSYTLI---NCNTSTI-T---QA, 0.2935, 0
1.680202, -93.5471, [74], CHUNK, ['V'], VKLTPLCVTLNCTNTTNNTTN-------------------------------------DSRGTLKN----CSFNV-T-TN--LRD-KK-QKV-YSLF-YRLDVVSINNNNNNRSNNS------------------------------------------NTSYTLI---NCNTSTI-T---QA, 0.5699, 0
1.692189, -121.5523, [58], CHUNK, ['T'], VKLTPLCVTLNCTNTTNNTTN-------------------------------------TSRGTLKN----CSFNM-T-TN--LRD-KK-QKV-YSLF-YRLDVVSINNNNNNRSNNS------------------------------------------NTSYTLI---NCNTSTI-T---QA, 0.0827, 0
1.677731, -119.6619, [82], CHUNK, ['T'], VKLTPLCVTLNCTNTTNNTTN-------------------------------------DSRGTLKN----CSFNM-T-TN--TRD-KK-QKV-YSLF-YRLDVVSINNNNNNRSNNS------------------------------------------NTSYTLI---NCNTSTI-T---QA, 0.0827, 1
1.679388, -119.6516, [90], CHUNK, ['T'], VKLTPLCVTLNCTNTTNNTTN-------------------------------------DSRGTLKN----CSFNM-T-TN--TRD-KK-QTV-YSLF-YRLDVVSINNNNNNRSNNS------------------------------------------NTSYTLI---NCNTSTI-T---QA, 0.1190, 0
1.696941, -118.3734, 74, POINT, S, VKLTPLCVTLNCTNTTNNTTN-------------------------------------DSRGTLKN----CSFNS-T-TN--TRD-KK-QKV-YSLF-YRLDVVSINNNNNNRSNNS------------------------------------------NTSYTLI---NCNTSTI-T---QA, 0.0827, 0
1.695683, -97.7705, 74, POINT, V, VKLTPLCVTLNCTNTTNNTTN-------------------------------------DSRGTLKN----CSFNV-T-TN--TRD-KK-QKV-YSLF-YRLDVVSINNNNNNRSNNS------------------------------------------NTSYTLI---NCNTSTI-T---QA, 0.2081, 0
1.699635, -118.7635, [162], CHUNK, ['N'], VKLTPLCVTLNCTNTTNNTTN-------------------------------------DSRGTLKN----CSFNM-T-TN--TRD-KK-QKV-YSLF-YRLDVVSINNNNNNRSNNS------------------------------------------NTSNTLI---NCNTSTI-T---QA, 0.0827, 0
1.669208, -123.9367, [89], CHUNK, ['K'], VKLTPLCVTLNCTNTTNNTTN-------------------------------------DSRGTLKN----CSFNM-T-TN--LRD-KK-KKV-YSLF-YRLDVVSINNNNNNRSNNS------------------------------------------NTSYTLI---NCNTSTI-T---QA, 0.0827, 1
1.698905, -121.1130, [58], CHUNK, ['T'], VKLTPLCVTLNCTNTTNNTTN-------------------------------------TSRGTLKN----CSFNM-T-TN--LRD-KK-KKV-YSLF-YRLDVVSINNNNNNRSNNS------------------------------------------NTSYTLI---NCNTSTI-T---QA, 0.0827, 0
1.686215, -122.8857, [105], CHUNK, ['N'], VKLTPLCVTLNCTNTTNNTTN-------------------------------------DSRGTLKN----CSFNM-T-TN--LRD-KK-KKV-YSLF-YRLDVVSNNNNNNNRSNNS------------------------------------------NTSYTLI---NCNTSTI-T---QA, 0.1695, 1
1.720557, -118.6987, [74], CHUNK, ['T'], VKLTPLCVTLNCTNTTNNTTN-------------------------------------DSRGTLKN----CSFNT-T-TN--LRD-KK-KKV-YSLF-YRLDVVSNNNNNNNRSNNS------------------------------------------NTSYTLI---NCNTSTI-T---QA, 0.1695, 0
1.699948, -122.0855, [116], CHUNK, ['N'], VKLTPLCVTLNCTNTTNNTTN-------------------------------------DSRGTLKN----CSFNM-T-TN--LRD-KK-KKV-YSLF-YRLDVVSNNNNNNNRSNNN------------------------------------------NTSYTLI---NCNTSTI-T---QA, 0.1695, 0
1.723611, -123.4886, [112], CHUNK, ['N'], VKLTPLCVTLNCTNTTNNTTN-------------------------------------DSRGTLKN----CSFNM-T-TN--LRD-KK-KKV-YSLF-YRLDVVSNNNNNNNNSNNS------------------------------------------NTSYTLI---NCNTSTI-T---QA, 0.1695, 0
1.715606, -123.2244, 58, POINT, N, VKLTPLCVTLNCTNTTNNTTN-------------------------------------NSRGTLKN----CSFNM-T-TN--LRD-KK-KKV-YSLF-YRLDVVSNNNNNNNRSNNS------------------------------------------NTSYTLI---NCNTSTI-T---QA, 0.1695, 1
1.753003, -123.8272, [112], CHUNK, ['N'], VKLTPLCVTLNCTNTTNNTTN-------------------------------------NSRGTLKN----CSFNM-T-TN--LRD-KK-KKV-YSLF-YRLDVVSNNNNNNNNSNNS------------------------------------------NTSYTLI---NCNTSTI-T---QA, 0.1695, 0
1.722337, -120.4020, 98, POINT, N, VKLTPLCVTLNCTNTTNNTTN-------------------------------------NSRGTLKN----CSFNM-T-TN--LRD-KK-KKV-YSLF-NRLDVVSNNNNNNNRSNNS------------------------------------------NTSYTLI---NCNTSTI-T---QA, 0.1695, 0
1.726004, -122.5546, 64, POINT, T, VKLTPLCVTLNCTNTTNNTTN-------------------------------------NSRGTLTN----CSFNM-T-TN--LRD-KK-KKV-YSLF-YRLDVVSNNNNNNNRSNNS------------------------------------------NTSYTLI---NCNTSTI-T---QA, 0.1695, 1
1.747908, -121.6579, [162], CHUNK, ['N'], VKLTPLCVTLNCTNTTNNTTN-------------------------------------NSRGTLTN----CSFNM-T-TN--LRD-KK-KKV-YSLF-YRLDVVSNNNNNNNRSNNS------------------------------------------NTSNTLI---NCNTSTI-T---QA, 0.1695, 0
1.732403, -123.3934, 161, POINT, T, VKLTPLCVTLNCTNTTNNTTN-------------------------------------NSRGTLTN----CSFNM-T-TN--LRD-KK-KKV-YSLF-YRLDVVSNNNNNNNRSNNS------------------------------------------NTTYTLI---NCNTSTI-T---QA, 0.1695, 1
1.751091, -122.8368, [99], CHUNK, ['T'], VKLTPLCVTLNCTNTTNNTTN-------------------------------------NSRGTLTN----CSFNM-T-TN--LRD-KK-KKV-YSLF-YTLDVVSNNNNNNNRSNNS------------------------------------------NTTYTLI---NCNTSTI-T---QA, 0.1695, 0
1.751377, -61.7641, 74, POINT, I, VKLTPLCVTLNCTNTTNNTTN-------------------------------------NSRGTLTN----CSFNI-T-TN--LRD-KK-KKV-YSLF-YRLDVVSNNNNNNNRSNNS------------------------------------------NTTYTLI---NCNTSTI-T---QA, 0.3321, 0
1.741885, -124.0106, [84], CHUNK, ['N'], VKLTPLCVTLNCTNTTNNTTN-------------------------------------NSRGTLTN----CSFNM-T-TN--LRN-KK-KKV-YSLF-YRLDVVSNNNNNNNRSNNS------------------------------------------NTTYTLI---NCNTSTI-T---QA, 0.1695, 0
1.749053, -123.0492, [116], CHUNK, ['T'], VKLTPLCVTLNCTNTTNNTTN-------------------------------------NSRGTLTN----CSFNM-T-TN--LRD-KK-KKV-YSLF-YRLDVVSNNNNNNNRSNNT------------------------------------------NTTYTLI---NCNTSTI-T---QA, 0.1695, 0
1.763401, -123.1574, [112], CHUNK, ['N'], VKLTPLCVTLNCTNTTNNTTN-------------------------------------NSRGTLTN----CSFNM-T-TN--LRD-KK-KKV-YSLF-YRLDVVSNNNNNNNNSNNS------------------------------------------NTSYTLI---NCNTSTI-T---QA, 0.1695, 1
1.768458, -123.3485, 60, POINT, D, VKLTPLCVTLNCTNTTNNTTN-------------------------------------NSDGTLTN----CSFNM-T-TN--LRD-KK-KKV-YSLF-YRLDVVSNNNNNNNNSNNS------------------------------------------NTSYTLI---NCNTSTI-T---QA, 0.1695, 0
1.780821, -102.0335, [74], CHUNK, ['V'], VKLTPLCVTLNCTNTTNNTTN-------------------------------------NSRGTLTN----CSFNV-T-TN--LRD-KK-KKV-YSLF-YRLDVVSNNNNNNNNSNNS------------------------------------------NTSYTLI---NCNTSTI-T---QA, 0.3008, 0
1.782088, -122.6008, [99], CHUNK, ['T'], VKLTPLCVTLNCTNTTNNTTN-------------------------------------NSRGTLTN----CSFNM-T-TN--LRD-KK-KKV-YSLF-YTLDVVSNNNNNNNNSNNS------------------------------------------NTSYTLI---NCNTSTI-T---QA, 0.1695, 1
1.786728, -120.4767, 60, POINT, K, VKLTPLCVTLNCTNTTNNTTN-------------------------------------NSKGTLTN----CSFNM-T-TN--LRD-KK-KKV-YSLF-YTLDVVSNNNNNNNNSNNS------------------------------------------NTSYTLI---NCNTSTI-T---QA, 0.1695, 0
1.801062, -78.7291, 74, POINT, I, VKLTPLCVTLNCTNTTNNTTN-------------------------------------NSRGTLTN----CSFNI-T-TN--LRD-KK-KKV-YSLF-YTLDVVSNNNNNNNNSNNS------------------------------------------NTSYTLI---NCNTSTI-T---QA, 0.4507, 0
1.801062, -53.5483, [74], CHUNK, ['I'], VKLTPLCVTLNCTNTTNNTTN-------------------------------------NSRGTLTN----CSFNI-T-TN--LRD-KK-KKV-YSLF-YTLDVVSNNNNNNNNSNNS------------------------------------------NTSYTLI---NCNTSTI-T---QA, 0.4492, 0
1.796424, -122.8094, 101, POINT, N, VKLTPLCVTLNCTNTTNNTTN-------------------------------------NSRGTLTN----CSFNM-T-TN--LRD-KK-KKV-YSLF-YTLNVVSNNNNNNNNSNNS------------------------------------------NTSYTLI---NCNTSTI-T---QA, 0.1695, 1
1.802378, -9.6958, [82], CHUNK, ['I'], VKLTPLCVTLNCTNTTNNTTN-------------------------------------NSRGTLTN----CSFNM-T-TN--IRD-KK-KKV-YSLF-YTLNVVSNNNNNNNNSNNS------------------------------------------NTSYTLI---NCNTSTI-T---QA, 0.3907, 0
1.802378, -35.1118, [82], CHUNK, ['I'], VKLTPLCVTLNCTNTTNNTTN-------------------------------------NSRGTLTN----CSFNM-T-TN--IRD-KK-KKV-YSLF-YTLNVVSNNNNNNNNSNNS------------------------------------------NTSYTLI---NCNTSTI-T---QA, 0.5960, 0
1.815398, -71.1710, 74, POINT, I, VKLTPLCVTLNCTNTTNNTTN-------------------------------------NSRGTLTN----CSFNI-T-TN--LRD-KK-KKV-YSLF-YTLNVVSNNNNNNNNSNNS------------------------------------------NTSYTLI---NCNTSTI-T---QA, 0.7222, 0
1.813844, -97.3546, [74], CHUNK, ['V'], VKLTPLCVTLNCTNTTNNTTN-------------------------------------NSRGTLTN----CSFNV-T-TN--LRD-KK-KKV-YSLF-YTLNVVSNNNNNNNNSNNS------------------------------------------NTSYTLI---NCNTSTI-T---QA, 0.3111, 1
1.823838, -101.7778, [161], CHUNK, ['N'], VKLTPLCVTLNCTNTTNNTTN-------------------------------------NSRGTLTN----CSFNV-T-TN--LRD-KK-KKV-YSLF-YTLNVVSNNNNNNNNSNNS------------------------------------------NTNYTLI---NCNTSTI-T---QA, 0.4129, 0
1.819107, -99.6792, [71], CHUNK, ['T'], VKLTPLCVTLNCTNTTNNTTN-------------------------------------NSRGTLTN----CTFNV-T-TN--LRD-KK-KKV-YSLF-YTLNVVSNNNNNNNNSNNS------------------------------------------NTSYTLI---NCNTSTI-T---QA, 0.4634, 0
1.818484, -104.2260, 60, POINT, K, VKLTPLCVTLNCTNTTNNTTN-------------------------------------NSKGTLTN----CSFNV-T-TN--LRD-KK-KKV-YSLF-YTLNVVSNNNNNNNNSNNS------------------------------------------NTSYTLI---NCNTSTI-T---QA, 0.3389, 0
1.821881, -96.2525, 84, POINT, T, VKLTPLCVTLNCTNTTNNTTN-------------------------------------NSRGTLTN----CSFNV-T-TN--LRT-KK-KKV-YSLF-YTLNVVSNNNNNNNNSNNS------------------------------------------NTSYTLI---NCNTSTI-T---QA, 0.3171, 0
1.815398, -72.2776, [74], CHUNK, ['I'], VKLTPLCVTLNCTNTTNNTTN-------------------------------------NSRGTLTN----CSFNI-T-TN--LRD-KK-KKV-YSLF-YTLNVVSNNNNNNNNSNNS------------------------------------------NTSYTLI---NCNTSTI-T---QA, 0.3976, 0
1.815398, -84.4065, 74, POINT, I, VKLTPLCVTLNCTNTTNNTTN-------------------------------------NSRGTLTN----CSFNI-T-TN--LRD-KK-KKV-YSLF-YTLNVVSNNNNNNNNSNNS------------------------------------------NTSYTLI---NCNTSTI-T---QA, 0.6150, 0
1.828638, -122.3235, 103, POINT, T, VKLTPLCVTLNCTNTTNNTTN-------------------------------------NSRGTLTN----CSFNM-T-TN--LRD-KK-KKV-YSLF-YTLNVTSNNNNNNNNSNNS------------------------------------------NTSYTLI---NCNTSTI-T---QA, 0.1695, 1
1.863535, -118.1365, 74, POINT, T, VKLTPLCVTLNCTNTTNNTTN-------------------------------------NSRGTLTN----CSFNT-T-TN--LRD-KK-KKV-YSLF-YTLNVTSNNNNNNNNSNNS------------------------------------------NTSYTLI---NCNTSTI-T---QA, 0.1695, 0
1.842915, -121.5233, [116], CHUNK, ['N'], VKLTPLCVTLNCTNTTNNTTN-------------------------------------NSRGTLTN----CSFNM-T-TN--LRD-KK-KKV-YSLF-YTLNVTSNNNNNNNNSNNN------------------------------------------NTSYTLI---NCNTSTI-T---QA, 0.1695, 0
1.837356, -119.6356, 84, POINT, T, VKLTPLCVTLNCTNTTNNTTN-------------------------------------NSRGTLTN----CSFNM-T-TN--LRT-KK-KKV-YSLF-YTLNVTSNNNNNNNNSNNS------------------------------------------NTSYTLI---NCNTSTI-T---QA, 0.1695, 1
1.854096, -99.5725, [74], CHUNK, ['V'], VKLTPLCVTLNCTNTTNNTTN-------------------------------------NSRGTLTN----CSFNV-T-TN--LRT-KK-KKV-YSLF-YTLNVTSNNNNNNNNSNNS------------------------------------------NTSYTLI---NCNTSTI-T---QA, 0.7086, 0
1.854096, -97.9664, [74], CHUNK, ['V'], VKLTPLCVTLNCTNTTNNTTN-------------------------------------NSRGTLTN----CSFNV-T-TN--LRT-KK-KKV-YSLF-YTLNVTSNNNNNNNNSNNS------------------------------------------NTSYTLI---NCNTSTI-T---QA, 0.3446, 0
1.838686, -119.5584, [160], CHUNK, ['N'], VKLTPLCVTLNCTNTTNNTTN-------------------------------------NSRGTLTN----CSFNM-T-TN--LRT-KK-KKV-YSLF-YTLNVTSNNNNNNNNSNNS------------------------------------------NNSYTLI---NCNTSTI-T---QA, 0.1695, 1
1.857596, -60.0928, [74], CHUNK, ['I'], VKLTPLCVTLNCTNTTNNTTN-------------------------------------NSRGTLTN----CSFNI-T-TN--LRT-KK-KKV-YSLF-YTLNVTSNNNNNNNNSNNS------------------------------------------NNSYTLI---NCNTSTI-T---QA, 1.7542, 0
1.874225, -115.3713, [74], CHUNK, ['T'], VKLTPLCVTLNCTNTTNNTTN-------------------------------------NSRGTLTN----CSFNT-T-TN--LRT-KK-KKV-YSLF-YTLNVTSNNNNNNNNSNNS------------------------------------------NNSYTLI---NCNTSTI-T---QA, 0.1695, 0
1.852183, -119.2985, [59], CHUNK, ['T'], VKLTPLCVTLNCTNTTNNTTN-------------------------------------NTRGTLTN----CSFNM-T-TN--LRT-KK-KKV-YSLF-YTLNVTSNNNNNNNNSNNS------------------------------------------NNSYTLI---NCNTSTI-T---QA, 0.1695, 0
1.848081, -120.6874, [113], CHUNK, ['N'], VKLTPLCVTLNCTNTTNNTTN-------------------------------------NSRGTLTN----CSFNM-T-TN--LRT-KK-KKV-YSLF-YTLNVTSNNNNNNNNNNNS------------------------------------------NNSYTLI---NCNTSTI-T---QA, 0.1695, 1
1.858883, -120.4373, [83], CHUNK, ['S'], VKLTPLCVTLNCTNTTNNTTN-------------------------------------NSRGTLTN----CSFNM-T-TN--LST-KK-KKV-YSLF-YTLNVTSNNNNNNNNNNNS------------------------------------------NNSYTLI---NCNTSTI-T---QA, 0.1695, 1
1.878570, -53.7594, [74], CHUNK, ['I'], VKLTPLCVTLNCTNTTNNTTN-------------------------------------NSRGTLTN----CSFNI-T-TN--LST-KK-KKV-YSLF-YTLNVTSNNNNNNNNNNNS------------------------------------------NNSYTLI---NCNTSTI-T---QA, 0.7994, 0
1.873385, -118.6863, 93, POINT, N, VKLTPLCVTLNCTNTTNNTTN-------------------------------------NSRGTLTN----CSFNM-T-TN--LST-KK-KKV-NSLF-YTLNVTSNNNNNNNNNNNS------------------------------------------NNSYTLI---NCNTSTI-T---QA, 0.1695, 0
1.862431, -120.3109, [4], CHUNK, ['T'], VKLTTLCVTLNCTNTTNNTTN-------------------------------------NSRGTLTN----CSFNM-T-TN--LST-KK-KKV-YSLF-YTLNVTSNNNNNNNNNNNS------------------------------------------NNSYTLI---NCNTSTI-T---QA, 0.1695, 0
1.860221, -120.2232, [182], CHUNK, ['T'], VKLTPLCVTLNCTNTTNNTTN-------------------------------------NSRGTLTN----CSFNM-T-TN--LST-KK-KKV-YSLF-YTLNVTSNNNNNNNNNNNS------------------------------------------NNSYTLI---NCNTSTI-T---QT, 0.1695, 0
1.867249, -117.8701, 98, POINT, N, VKLTPLCVTLNCTNTTNNTTN-------------------------------------NSRGTLTN----CSFNM-T-TN--LRT-KK-KKV-YSLF-NTLNVTSNNNNNNNNNNNS------------------------------------------NNSYTLI---NCNTSTI-T---QA, 0.1695, 1
1.894228, -98.7049, [61], CHUNK, ['T'], VKLTPLCVTLNCTNTTNNTTN-------------------------------------NSRTTLTN----CSFNM-T-TN--LRT-KK-KKV-YSLF-NTLNVTSNNNNNNNNNNNS------------------------------------------NNSYTLI---NCNTSTI-T---QA, 0.1695, 0
1.873952, -117.2661, [116], CHUNK, ['N'], VKLTPLCVTLNCTNTTNNTTN-------------------------------------NSRGTLTN----CSFNM-T-TN--LRT-KK-KKV-YSLF-NTLNVTSNNNNNNNNNNNN------------------------------------------NNSYTLI---NCNTSTI-T---QA, 0.1695, 1
1.890692, -97.6190, [74], CHUNK, ['V'], VKLTPLCVTLNCTNTTNNTTN-------------------------------------NSRGTLTN----CSFNV-T-TN--LRT-KK-KKV-YSLF-NTLNVTSNNNNNNNNNNNN------------------------------------------NNSYTLI---NCNTSTI-T---QA, 0.3161, 0
1.894632, -116.7182, [83], CHUNK, ['N'], VKLTPLCVTLNCTNTTNNTTN-------------------------------------NSRGTLTN----CSFNM-T-TN--LNT-KK-KKV-YSLF-NTLNVTSNNNNNNNNNNNN------------------------------------------NNSYTLI---NCNTSTI-T---QA, 0.1695, 0
1.875551, -115.7952, 91, POINT, E, VKLTPLCVTLNCTNTTNNTTN-------------------------------------NSRGTLTN----CSFNM-T-TN--LRT-KK-KKE-YSLF-NTLNVTSNNNNNNNNNNNN------------------------------------------NNSYTLI---NCNTSTI-T---QA, 0.1695, 0
1.879385, -114.9927, 71, POINT, T, VKLTPLCVTLNCTNTTNNTTN-------------------------------------NSRGTLTN----CTFNM-T-TN--LRT-KK-KKV-YSLF-NTLNVTSNNNNNNNNNNNN------------------------------------------NNSYTLI---NCNTSTI-T---QA, 0.1695, 0
1.873511, 7.3980, 82, POINT, I, VKLTPLCVTLNCTNTTNNTTN-------------------------------------NSRGTLTN----CSFNM-T-TN--IRT-KK-KKV-YSLF-NTLNVTSNNNNNNNNNNNS------------------------------------------NNSYTLI---NCNTSTI-T---QA, 0.1695, 0
1.872669, -111.0292, 96, POINT, L, VKLTPLCVTLNCTNTTNNTTN-------------------------------------NSRGTLTN----CSFNM-T-TN--LRT-KK-KKV-YSLL-NTLNVTSNNNNNNNNNNNS------------------------------------------NNSYTLI---NCNTSTI-T---QA, 0.1695, 0
1.870342, -114.9151, 60, POINT, V, VKLTPLCVTLNCTNTTNNTTN-------------------------------------NSVGTLTN----CSFNM-T-TN--LRT-KK-KKV-YSLF-NTLNVTSNNNNNNNNNNNS------------------------------------------NNSYTLI---NCNTSTI-T---QA, 0.1695, 1
1.889252, -71.4163, [74], CHUNK, ['I'], VKLTPLCVTLNCTNTTNNTTN-------------------------------------NSVGTLTN----CSFNI-T-TN--LRT-KK-KKV-YSLF-NTLNVTSNNNNNNNNNNNS------------------------------------------NNSYTLI---NCNTSTI-T---QA, 0.7573, 0
1.887472, -112.9512, 100, POINT, T, VKLTPLCVTLNCTNTTNNTTN-------------------------------------NSVGTLTN----CSFNM-T-TN--LRT-KK-KKV-YSLF-NTTNVTSNNNNNNNNNNNS------------------------------------------NNSYTLI---NCNTSTI-T---QA, 0.1695, 0
1.889252, -54.3161, [74], CHUNK, ['I'], VKLTPLCVTLNCTNTTNNTTN-------------------------------------NSVGTLTN----CSFNI-T-TN--LRT-KK-KKV-YSLF-NTLNVTSNNNNNNNNNNNS------------------------------------------NNSYTLI---NCNTSTI-T---QA, 0.6068, 0
1.877289, -83.5000, [61], CHUNK, ['I'], VKLTPLCVTLNCTNTTNNTTN-------------------------------------NSVITLTN----CSFNM-T-TN--LRT-KK-KKV-YSLF-NTLNVTSNNNNNNNNNNNS------------------------------------------NNSYTLI---NCNTSTI-T---QA, 0.1695, 0
1.872682, -115.5967, 71, POINT, T, VKLTPLCVTLNCTNTTNNTTN-------------------------------------NSRGTLTN----CTFNM-T-TN--LRT-KK-KKV-YSLF-NTLNVTSNNNNNNNNNNNS------------------------------------------NNSYTLI---NCNTSTI-T---QA, 0.1695, 1
1.903921, -110.5835, 72, POINT, T, VKLTPLCVTLNCTNTTNNTTN-------------------------------------NSRGTLTN----CTTNM-T-TN--LRT-KK-KKV-YSLF-NTLNVTSNNNNNNNNNNNS------------------------------------------NNSYTLI---NCNTSTI-T---QA, 0.1695, 0
1.882138, -114.6453, 107, POINT, T, VKLTPLCVTLNCTNTTNNTTN-------------------------------------NSRGTLTN----CTFNM-T-TN--LRT-KK-KKV-YSLF-NTLNVTSNNTNNNNNNNNS------------------------------------------NNSYTLI---NCNTSTI-T---QA, 0.1695, 0
1.892559, -49.6209, [74], CHUNK, ['I'], VKLTPLCVTLNCTNTTNNTTN-------------------------------------NSRGTLTN----CTFNI-T-TN--LRT-KK-KKV-YSLF-NTLNVTSNNNNNNNNNNNS------------------------------------------NNSYTLI---NCNTSTI-T---QA, 0.9676, 0
1.873783, -115.6779, 102, POINT, I, VKLTPLCVTLNCTNTTNNTTN-------------------------------------NSRGTLTN----CTFNM-T-TN--LRT-KK-KKV-YSLF-NTLNITSNNNNNNNNNNNS------------------------------------------NNSYTLI---NCNTSTI-T---QA, 0.1695, 0
1.876705, -116.9187, [107], CHUNK, ['T'], VKLTPLCVTLNCTNTTNNTTN-------------------------------------NSRGTLTN----CSFNM-T-TN--LRT-KK-KKV-YSLF-NTLNVTSNNTNNNNNNNNS------------------------------------------NNSYTLI---NCNTSTI-T---QA, 0.1934, 0
1.887929, -117.3221, 83, POINT, N, VKLTPLCVTLNCTNTTNNTTN-------------------------------------NSRGTLTN----CSFNM-T-TN--LNT-KK-KKV-YSLF-NTLNVTSNNNNNNNNNNNS------------------------------------------NNSYTLI---NCNTSTI-T---QA, 0.1695, 0
1.902788, -113.6830, 74, POINT, T, VKLTPLCVTLNCTNTTNNTTN-------------------------------------NSRGTLTN----CSFNT-T-TN--LRT-KK-KKV-YSLF-NTLNVTSNNNNNNNNNNNS------------------------------------------NNSYTLI---NCNTSTI-T---QA, 0.1695, 0
1.901286, -99.8333, 61, POINT, N, VKLTPLCVTLNCTNTTNNTTN-------------------------------------NSRNTLTN----CSFNM-T-TN--LRT-KK-KKV-YSLF-NTLNVTSNNNNNNNNNNNS------------------------------------------NNSYTLI---NCNTSTI-T---QA, 0.1695, 0
1.875059, -101.5222, [61], CHUNK, ['T'], VKLTPLCVTLNCTNTTNNTTN-------------------------------------NSRTTLTN----CSFNM-T-TN--LRT-KK-KKV-YSLF-YTLNVTSNNNNNNNNNNNS------------------------------------------NNSYTLI---NCNTSTI-T---QA, 0.1695, 0
1.851832, -118.1226, [14], CHUNK, ['N'], VKLTPLCVTLNCTNNTNNTTN-------------------------------------NSRGTLTN----CSFNM-T-TN--LRT-KK-KKV-YSLF-YTLNVTSNNNNNNNNNNNS------------------------------------------NNSYTLI---NCNTSTI-T---QA, 0.1695, 0
1.848435, -120.8193, 60, POINT, E, VKLTPLCVTLNCTNTTNNTTN-------------------------------------NSEGTLTN----CSFNM-T-TN--LRT-KK-KKV-YSLF-YTLNVTSNNNNNNNNNNNS------------------------------------------NNSYTLI---NCNTSTI-T---QA, 0.1695, 1
1.859866, -121.4800, 161, POINT, T, VKLTPLCVTLNCTNTTNNTTN-------------------------------------NSEGTLTN----CSFNM-T-TN--LRT-KK-KKV-YSLF-YTLNVTSNNNNNNNNNNNS------------------------------------------NNTYTLI---NCNTSTI-T---QA, 0.1695, 0
1.856222, -85.5458, 61, POINT, L, VKLTPLCVTLNCTNTTNNTTN-------------------------------------NSELTLTN----CSFNM-T-TN--LRT-KK-KKV-YSLF-YTLNVTSNNNNNNNNNNNS------------------------------------------NNSYTLI---NCNTSTI-T---QA, 0.1695, 0
1.867345, -79.4740, [74], CHUNK, ['I'], VKLTPLCVTLNCTNTTNNTTN-------------------------------------NSEGTLTN----CSFNI-T-TN--LRT-KK-KKV-YSLF-YTLNVTSNNNNNNNNNNNS------------------------------------------NNSYTLI---NCNTSTI-T---QA, 0.6990, 0
1.867603, -118.0020, 98, POINT, N, VKLTPLCVTLNCTNTTNNTTN-------------------------------------NSEGTLTN----CSFNM-T-TN--LRT-KK-KKV-YSLF-NTLNVTSNNNNNNNNNNNS------------------------------------------NNSYTLI---NCNTSTI-T---QA, 0.1695, 0
1.868853, -117.3080, [91], CHUNK, ['N'], VKLTPLCVTLNCTNTTNNTTN-------------------------------------NSRGTLTN----CSFNM-T-TN--LRT-KK-KKN-YSLF-YTLNVTSNNNNNNNNNNNS------------------------------------------NNSYTLI---NCNTSTI-T---QA, 0.1695, 0
1.863331, -120.1098, [116], CHUNK, ['T'], VKLTPLCVTLNCTNTTNNTTN-------------------------------------NSRGTLTN----CSFNM-T-TN--LRT-KK-KKV-YSLF-YTLNVTSNNNNNNNNNNNT------------------------------------------NNSYTLI---NCNTSTI-T---QA, 0.1695, 1
1.882241, -85.2324, 74, POINT, I, VKLTPLCVTLNCTNTTNNTTN-------------------------------------NSRGTLTN----CSFNI-T-TN--LRT-KK-KKV-YSLF-YTLNVTSNNNNNNNNNNNT------------------------------------------NNSYTLI---NCNTSTI-T---QA, 0.6844, 0
1.868764, -117.8364, 71, POINT, T, VKLTPLCVTLNCTNTTNNTTN-------------------------------------NSRGTLTN----CTFNM-T-TN--LRT-KK-KKV-YSLF-YTLNVTSNNNNNNNNNNNT------------------------------------------NNSYTLI---NCNTSTI-T---QA, 0.1695, 1
1.880024, -119.0634, 161, POINT, N, VKLTPLCVTLNCTNTTNNTTN-------------------------------------NSRGTLTN----CTFNM-T-TN--LRT-KK-KKV-YSLF-YTLNVTSNNNNNNNNNNNT------------------------------------------NNNYTLI---NCNTSTI-T---QA, 0.1695, 0
1.868805, -118.1822, 102, POINT, I, VKLTPLCVTLNCTNTTNNTTN-------------------------------------NSRGTLTN----CTFNM-T-TN--LRT-KK-KKV-YSLF-YTLNITSNNNNNNNNNNNT------------------------------------------NNSYTLI---NCNTSTI-T---QA, 0.1742, 0
1.882388, -118.2110, 93, POINT, N, VKLTPLCVTLNCTNTTNNTTN-------------------------------------NSRGTLTN----CTFNM-T-TN--LRT-KK-KKV-NSLF-YTLNVTSNNNNNNNNNNNT------------------------------------------NNSYTLI---NCNTSTI-T---QA, 0.1695, 0
1.903598, -113.6494, 74, POINT, T, VKLTPLCVTLNCTNTTNNTTN-------------------------------------NSRGTLTN----CTFNT-T-TN--LRT-KK-KKV-YSLF-YTLNVTSNNNNNNNNNNNT------------------------------------------NNSYTLI---NCNTSTI-T---QA, 0.1695, 1
1.914751, -111.4158, [165], CHUNK, ['T'], VKLTPLCVTLNCTNTTNNTTN-------------------------------------NSRGTLTN----CTFNT-T-TN--LRT-KK-KKV-YSLF-YTLNVTSNNNNNNNNNNNT------------------------------------------NNSYTLT---NCNTSTI-T---QA, 0.1695, 0
1.909576, -111.8846, 60, POINT, K, VKLTPLCVTLNCTNTTNNTTN-------------------------------------NSKGTLTN----CTFNT-T-TN--LRT-KK-KKV-YSLF-YTLNVTSNNNNNNNNNNNT------------------------------------------NNSYTLI---NCNTSTI-T---QA, 0.1526, 0
1.909576, -111.5253, [60], CHUNK, ['K'], VKLTPLCVTLNCTNTTNNTTN-------------------------------------NSKGTLTN----CTFNT-T-TN--LRT-KK-KKV-YSLF-YTLNVTSNNNNNNNNNNNT------------------------------------------NNSYTLI---NCNTSTI-T---QA, 0.1695, 0
1.916971, -113.0162, 162, POINT, S, VKLTPLCVTLNCTNTTNNTTN-------------------------------------NSRGTLTN----CTFNT-T-TN--LRT-KK-KKV-YSLF-YTLNVTSNNNNNNNNNNNT------------------------------------------NNSSTLI---NCNTSTI-T---QA, 0.1695, 0
1.888641, -81.7725, 74, POINT, I, VKLTPLCVTLNCTNTTNNTTN-------------------------------------NSRGTLTN----CTFNI-T-TN--LRT-KK-KKV-YSLF-YTLNVTSNNNNNNNNNNNT------------------------------------------NNSYTLI---NCNTSTI-T---QA, 0.4761, 0
1.888641, -101.2404, 74, POINT, I, VKLTPLCVTLNCTNTTNNTTN-------------------------------------NSRGTLTN----CTFNI-T-TN--LRT-KK-KKV-YSLF-YTLNVTSNNNNNNNNNNNT------------------------------------------NNSYTLI---NCNTSTI-T---QA, 0.4178, 0
1.874860, 5.5583, 82, POINT, I, VKLTPLCVTLNCTNTTNNTTN-------------------------------------NSRGTLTN----CTFNM-T-TN--IRT-KK-KKV-YSLF-YTLNVTSNNNNNNNNNNNT------------------------------------------NNSYTLI---NCNTSTI-T---QA, 0.4697, 0
1.872992, -116.3902, [109], CHUNK, ['T'], VKLTPLCVTLNCTNTTNNTTN-------------------------------------NSRGTLTN----CTFNM-T-TN--LRT-KK-KKV-YSLF-YTLNVTSNNNNTNNNNNNT------------------------------------------NNSYTLI---NCNTSTI-T---QA, 0.1695, 0
1.869593, -34.9556, 82, POINT, I, VKLTPLCVTLNCTNTTNNTTN-------------------------------------NSRGTLTN----CSFNM-T-TN--IRT-KK-KKV-YSLF-YTLNVTSNNNNNNNNNNNT------------------------------------------NNSYTLI---NCNTSTI-T---QA, 0.6587, 0
1.882499, -117.2925, [98], CHUNK, ['N'], VKLTPLCVTLNCTNTTNNTTN-------------------------------------NSRGTLTN----CSFNM-T-TN--LRT-KK-KKV-YSLF-NTLNVTSNNNNNNNNNNNT------------------------------------------NNSYTLI---NCNTSTI-T---QA, 0.1695, 0
1.897368, -102.0730, [61], CHUNK, ['N'], VKLTPLCVTLNCTNTTNNTTN-------------------------------------NSRNTLTN----CSFNM-T-TN--LRT-KK-KKV-YSLF-YTLNVTSNNNNNNNNNNNT------------------------------------------NNSYTLI---NCNTSTI-T---QA, 0.1695, 0
1.885497, -119.1386, 60, POINT, S, VKLTPLCVTLNCTNTTNNTTN-------------------------------------NSSGTLTN----CSFNM-T-TN--LRT-KK-KKV-YSLF-YTLNVTSNNNNNNNNNNNT------------------------------------------NNSYTLI---NCNTSTI-T---QA, 0.1695, 0
1.866991, -84.3153, 74, POINT, I, VKLTPLCVTLNCTNTTNNTTN-------------------------------------NSRGTLTN----CSFNI-T-TN--LRT-KK-KKV-YSLF-YTLNVTSNNNNNNNNNNNS------------------------------------------NNSYTLI---NCNTSTI-T---QA, 0.6396, 0
1.854343, -23.1223, 82, POINT, I, VKLTPLCVTLNCTNTTNNTTN-------------------------------------NSRGTLTN----CSFNM-T-TN--IRT-KK-KKV-YSLF-YTLNVTSNNNNNNNNNNNS------------------------------------------NNSYTLI---NCNTSTI-T---QA, 0.5096, 0
1.864821, -92.6524, [74], CHUNK, ['V'], VKLTPLCVTLNCTNTTNNTTN-------------------------------------NSRGTLTN----CSFNV-T-TN--LRT-KK-KKV-YSLF-YTLNVTSNNNNNNNNNNNS------------------------------------------NNSYTLI---NCNTSTI-T---QA, 0.7348, 0
1.854343, -22.5491, [82], CHUNK, ['I'], VKLTPLCVTLNCTNTTNNTTN-------------------------------------NSRGTLTN----CSFNM-T-TN--IRT-KK-KKV-YSLF-YTLNVTSNNNNNNNNNNNS------------------------------------------NNSYTLI---NCNTSTI-T---QA, 0.3627, 0
1.841165, -118.0875, [91], CHUNK, ['E'], VKLTPLCVTLNCTNTTNNTTN-------------------------------------NSRGTLTN----CSFNM-T-TN--LRT-KK-KKE-YSLF-YTLNVTSNNNNNNNNSNNS------------------------------------------NNSYTLI---NCNTSTI-T---QA, 0.1695, 0
1.848079, -119.1549, 87, POINT, T, VKLTPLCVTLNCTNTTNNTTN-------------------------------------NSRGTLTN----CSFNM-T-TN--LRT-KT-KKV-YSLF-YTLNVTSNNNNNNNNSNNS------------------------------------------NNSYTLI---NCNTSTI-T---QA, 0.1695, 0
1.857596, -84.4589, 74, POINT, I, VKLTPLCVTLNCTNTTNNTTN-------------------------------------NSRGTLTN----CSFNI-T-TN--LRT-KK-KKV-YSLF-YTLNVTSNNNNNNNNSNNS------------------------------------------NNSYTLI---NCNTSTI-T---QA, 0.7232, 0
1.865664, -100.3933, [61], CHUNK, ['T'], VKLTPLCVTLNCTNTTNNTTN-------------------------------------NSRTTLTN----CSFNM-T-TN--LRT-KK-KKV-YSLF-YTLNVTSNNNNNNNNSNNS------------------------------------------NNSYTLI---NCNTSTI-T---QA, 0.1695, 0
------END OF DATA------
Best coverage = 1.90359756763
Best sequence = VKLTPLCVTLNCTNTTNNTTN-------------------------------------NSRGTLTN----CTFNT-T-TN--LRT-KK-KKV-YSLF-YTLNVTSNNNNNNNNNNNT------------------------------------------NNSYTLI---NCNTSTI-T---QA
Best energy = -113.649437321
Best RMSD = 0.16951712966
Hard Covereage = 0.0521574471625
Num epitopes = 44
