Name base = V1V2_70_exp_9_6_ni
Iters = 70
Soft coverage = 0.284621885725
Energy = -130.81157894
Hard Covereage = 0.0368019545157
Num epitopes = 65
Initial seq = VKLTPLCVTLQCTNVTNNITD-------------------------------------DMRGELKN----CSFNM-T-TE--LRD-KK-QKV-YSLF-YRLDVVQINENQGNRSNNS------------------------------------------NKEYRLI---NCNTSAI-T---QA
-------START OF DATA------
0.304178, -128.4491, [10, 13, 14, 15, 18], CHUNK, ['N', 'D', 'T', 'R', 'T'], VKLTPLCVTLNCTDTRNNTTD-------------------------------------DMRGELKN----CSFNM-T-TE--LRD-KK-QKV-YSLF-YRLDVVQINENQGNRSNNS------------------------------------------NKEYRLI---NCNTSAI-T---QA, 0.0000, 1
0.309261, -127.8728, 160, POINT, T, VKLTPLCVTLNCTDTRNNTTD-------------------------------------DMRGELKN----CSFNM-T-TE--LRD-KK-QKV-YSLF-YRLDVVQINENQGNRSNNS------------------------------------------NTEYRLI---NCNTSAI-T---QA, 0.0000, 1
0.324447, -126.8420, [94, 99], CHUNK, ['A', 'K'], VKLTPLCVTLNCTDTRNNTTD-------------------------------------DMRGELKN----CSFNM-T-TE--LRD-KK-QKV-YALF-YKLDVVQINENQGNRSNNS------------------------------------------NTEYRLI---NCNTSAI-T---QA, 0.0532, 1
0.334419, -69.0429, 74, POINT, I, VKLTPLCVTLNCTDTRNNTTD-------------------------------------DMRGELKN----CSFNI-T-TE--LRD-KK-QKV-YALF-YKLDVVQINENQGNRSNNS------------------------------------------NTEYRLI---NCNTSAI-T---QA, 0.4934, 0
0.334419, -87.4520, [74], CHUNK, ['I'], VKLTPLCVTLNCTDTRNNTTD-------------------------------------DMRGELKN----CSFNI-T-TE--LRD-KK-QKV-YALF-YKLDVVQINENQGNRSNNS------------------------------------------NTEYRLI---NCNTSAI-T---QA, 0.4599, 0
0.332634, -85.4085, [74, 79], CHUNK, ['I', 'S'], VKLTPLCVTLNCTDTRNNTTD-------------------------------------DMRGELKN----CSFNI-T-TS--LRD-KK-QKV-YALF-YKLDVVQINENQGNRSNNS------------------------------------------NTEYRLI---NCNTSAI-T---QA, 0.3141, 0
0.327898, -127.4192, 58, POINT, N, VKLTPLCVTLNCTDTRNNTTD-------------------------------------NMRGELKN----CSFNM-T-TE--LRD-KK-QKV-YALF-YKLDVVQINENQGNRSNNS------------------------------------------NTEYRLI---NCNTSAI-T---QA, 0.0774, 1
0.337870, -79.6227, [74], CHUNK, ['I'], VKLTPLCVTLNCTDTRNNTTD-------------------------------------NMRGELKN----CSFNI-T-TE--LRD-KK-QKV-YALF-YKLDVVQINENQGNRSNNS------------------------------------------NTEYRLI---NCNTSAI-T---QA, 0.2404, 0
0.332712, -128.5122, 15, POINT, T, VKLTPLCVTLNCTDTTNNTTD-------------------------------------NMRGELKN----CSFNM-T-TE--LRD-KK-QKV-YALF-YKLDVVQINENQGNRSNNS------------------------------------------NTEYRLI---NCNTSAI-T---QA, 0.0774, 1
0.339999, -126.8948, [63], CHUNK, ['I'], VKLTPLCVTLNCTDTTNNTTD-------------------------------------NMRGEIKN----CSFNM-T-TE--LRD-KK-QKV-YALF-YKLDVVQINENQGNRSNNS------------------------------------------NTEYRLI---NCNTSAI-T---QA, 0.1059, 1
0.347281, -102.4042, 174, POINT, V, VKLTPLCVTLNCTDTTNNTTD-------------------------------------NMRGEIKN----CSFNM-T-TE--LRD-KK-QKV-YALF-YKLDVVQINENQGNRSNNS------------------------------------------NTEYRLI---NCNTSVI-T---QA, 0.3171, 0
0.351391, -85.2750, 74, POINT, I, VKLTPLCVTLNCTDTTNNTTD-------------------------------------NMRGEIKN----CSFNI-T-TE--LRD-KK-QKV-YALF-YKLDVVQINENQGNRSNNS------------------------------------------NTEYRLI---NCNTSAI-T---QA, 0.3126, 0
0.349607, -87.2126, [74, 79], CHUNK, ['I', 'S'], VKLTPLCVTLNCTDTTNNTTD-------------------------------------NMRGEIKN----CSFNI-T-TS--LRD-KK-QKV-YALF-YKLDVVQINENQGNRSNNS------------------------------------------NTEYRLI---NCNTSAI-T---QA, 0.3234, 0
0.351391, -87.8941, [74], CHUNK, ['I'], VKLTPLCVTLNCTDTTNNTTD-------------------------------------NMRGEIKN----CSFNI-T-TE--LRD-KK-QKV-YALF-YKLDVVQINENQGNRSNNS------------------------------------------NTEYRLI---NCNTSAI-T---QA, 0.5258, 0
0.339999, -126.7649, [63], CHUNK, ['I'], VKLTPLCVTLNCTDTTNNTTD-------------------------------------NMRGEIKN----CSFNM-T-TE--LRD-KK-QKV-YALF-YKLDVVQINENQGNRSNNS------------------------------------------NTEYRLI---NCNTSAI-T---QA, 0.0774, 1
0.343427, -127.2659, 13, POINT, N, VKLTPLCVTLNCTNTTNNTTD-------------------------------------NMRGEIKN----CSFNM-T-TE--LRD-KK-QKV-YALF-YKLDVVQINENQGNRSNNS------------------------------------------NTEYRLI---NCNTSAI-T---QA, 0.1099, 1
0.345596, -125.2875, 174, POINT, T, VKLTPLCVTLNCTNTTNNTTD-------------------------------------NMRGEIKN----CSFNM-T-TE--LRD-KK-QKV-YALF-YKLDVVQINENQGNRSNNS------------------------------------------NTEYRLI---NCNTSTI-T---QA, 0.1273, 0
0.344243, -127.2533, 107, POINT, D, VKLTPLCVTLNCTNTTNNTTD-------------------------------------NMRGEIKN----CSFNM-T-TE--LRD-KK-QKV-YALF-YKLDVVQINDNQGNRSNNS------------------------------------------NTEYRLI---NCNTSAI-T---QA, 0.1099, 1
0.347740, -127.9560, 20, POINT, N, VKLTPLCVTLNCTNTTNNTTN-------------------------------------NMRGEIKN----CSFNM-T-TE--LRD-KK-QKV-YALF-YKLDVVQINDNQGNRSNNS------------------------------------------NTEYRLI---NCNTSAI-T---QA, 0.0941, 1
0.359133, -96.7613, 74, POINT, I, VKLTPLCVTLNCTNTTNNTTN-------------------------------------NMRGEIKN----CSFNI-T-TE--LRD-KK-QKV-YALF-YKLDVVQINDNQGNRSNNS------------------------------------------NTEYRLI---NCNTSAI-T---QA, 0.8115, 0
0.353798, -126.4213, 91, POINT, E, VKLTPLCVTLNCTNTTNNTTN-------------------------------------NMRGEIKN----CSFNM-T-TE--LRD-KK-QKE-YALF-YKLDVVQINDNQGNRSNNS------------------------------------------NTEYRLI---NCNTSAI-T---QA, 0.0941, 1
0.365190, -117.7518, [74], CHUNK, ['I'], VKLTPLCVTLNCTNTTNNTTN-------------------------------------NMRGEIKN----CSFNI-T-TE--LRD-KK-QKE-YALF-YKLDVVQINDNQGNRSNNS------------------------------------------NTEYRLI---NCNTSAI-T---QA, 0.1312, 0
0.365190, -116.1957, 74, POINT, I, VKLTPLCVTLNCTNTTNNTTN-------------------------------------NMRGEIKN----CSFNI-T-TE--LRD-KK-QKE-YALF-YKLDVVQINDNQGNRSNNS------------------------------------------NTEYRLI---NCNTSAI-T---QA, 0.1560, 0
0.365190, -117.9120, [74], CHUNK, ['I'], VKLTPLCVTLNCTNTTNNTTN-------------------------------------NMRGEIKN----CSFNI-T-TE--LRD-KK-QKE-YALF-YKLDVVQINDNQGNRSNNS------------------------------------------NTEYRLI---NCNTSAI-T---QA, 0.2325, 0
0.357870, -123.3263, 74, POINT, T, VKLTPLCVTLNCTNTTNNTTN-------------------------------------NMRGEIKN----CSFNT-T-TE--LRD-KK-QKE-YALF-YKLDVVQINDNQGNRSNNS------------------------------------------NTEYRLI---NCNTSAI-T---QA, 0.0941, 0
0.353798, -126.4213, 91, POINT, E, VKLTPLCVTLNCTNTTNNTTN-------------------------------------NMRGEIKN----CSFNM-T-TE--LRD-KK-QKE-YALF-YKLDVVQINDNQGNRSNNS------------------------------------------NTEYRLI---NCNTSAI-T---QA, 0.0941, 0
0.349412, -6.4039, 82, POINT, I, VKLTPLCVTLNCTNTTNNTTN-------------------------------------NMRGEIKN----CSFNM-T-TE--IRD-KK-QKV-YALF-YKLDVVQINDNQGNRSNNS------------------------------------------NTEYRLI---NCNTSAI-T---QA, 0.2095, 0
0.354764, -127.5447, 161, POINT, S, VKLTPLCVTLNCTNTTNNTTN-------------------------------------NMRGEIKN----CSFNM-T-TE--LRD-KK-QKV-YALF-YKLDVVQINDNQGNRSNNS------------------------------------------NTSYRLI---NCNTSAI-T---QA, 0.0941, 0
0.355022, -109.2713, 174, POINT, V, VKLTPLCVTLNCTNTTNNTTN-------------------------------------NMRGEIKN----CSFNM-T-TE--LRD-KK-QKV-YALF-YKLDVVQINDNQGNRSNNS------------------------------------------NTEYRLI---NCNTSVI-T---QA, 0.1860, 0
0.351526, -114.3911, [174], CHUNK, ['V'], VKLTPLCVTLNCTNTTNNTTD-------------------------------------NMRGEIKN----CSFNM-T-TE--LRD-KK-QKV-YALF-YKLDVVQINDNQGNRSNNS------------------------------------------NTEYRLI---NCNTSVI-T---QA, 0.4173, 0
0.349231, -126.8946, 109, POINT, N, VKLTPLCVTLNCTNTTNNTTD-------------------------------------NMRGEIKN----CSFNM-T-TE--LRD-KK-QKV-YALF-YKLDVVQINDNNGNRSNNS------------------------------------------NTEYRLI---NCNTSAI-T---QA, 0.1099, 0
0.351526, -107.5556, 174, POINT, V, VKLTPLCVTLNCTNTTNNTTD-------------------------------------NMRGEIKN----CSFNM-T-TE--LRD-KK-QKV-YALF-YKLDVVQINDNQGNRSNNS------------------------------------------NTEYRLI---NCNTSVI-T---QA, 0.2154, 0
0.351526, -108.5102, [174], CHUNK, ['V'], VKLTPLCVTLNCTNTTNNTTD-------------------------------------NMRGEIKN----CSFNM-T-TE--LRD-KK-QKV-YALF-YKLDVVQINDNQGNRSNNS------------------------------------------NTEYRLI---NCNTSVI-T---QA, 0.2401, 0
0.350461, -103.0217, [169, 174], CHUNK, ['S', 'V'], VKLTPLCVTLNCTNTTNNTTD-------------------------------------NMRGEIKN----CSFNM-T-TE--LRD-KK-QKV-YALF-YKLDVVQINENQGNRSNNS------------------------------------------NTEYRLI---SCNTSVI-T---QA, 0.1676, 0
0.350709, -109.1706, [174], CHUNK, ['V'], VKLTPLCVTLNCTNTTNNTTD-------------------------------------NMRGEIKN----CSFNM-T-TE--LRD-KK-QKV-YALF-YKLDVVQINENQGNRSNNS------------------------------------------NTEYRLI---NCNTSVI-T---QA, 0.1747, 0
0.360448, 32.3199, [74, 79, 82], CHUNK, ['I', 'N', 'I'], VKLTPLCVTLNCTNTTNNTTD-------------------------------------NMRGEIKN----CSFNI-T-TN--IRD-KK-QKV-YALF-YKLDVVQINENQGNRSNNS------------------------------------------NTEYRLI---NCNTSAI-T---QA, 0.2012, 0
0.358118, -18.1090, [74, 82], CHUNK, ['I', 'I'], VKLTPLCVTLNCTNTTNNTTD-------------------------------------NMRGEIKN----CSFNI-T-TE--IRD-KK-QKV-YALF-YKLDVVQINENQGNRSNNS------------------------------------------NTEYRLI---NCNTSAI-T---QA, 0.3599, 0
0.341414, -124.3541, 60, POINT, S, VKLTPLCVTLNCTDTTNNTTD-------------------------------------NMSGEIKN----CSFNM-T-TE--LRD-KK-QKV-YALF-YKLDVVQINENQGNRSNNS------------------------------------------NTEYRLI---NCNTSAI-T---QA, 0.0774, 0
0.351391, -86.3574, [74], CHUNK, ['I'], VKLTPLCVTLNCTDTTNNTTD-------------------------------------NMRGEIKN----CSFNI-T-TE--LRD-KK-QKV-YALF-YKLDVVQINENQGNRSNNS------------------------------------------NTEYRLI---NCNTSAI-T---QA, 0.3497, 0
0.340815, -126.7523, 107, POINT, D, VKLTPLCVTLNCTDTTNNTTD-------------------------------------NMRGEIKN----CSFNM-T-TE--LRD-KK-QKV-YALF-YKLDVVQINDNQGNRSNNS------------------------------------------NTEYRLI---NCNTSAI-T---QA, 0.0774, 1
0.348097, -106.2117, 174, POINT, V, VKLTPLCVTLNCTDTTNNTTD-------------------------------------NMRGEIKN----CSFNM-T-TE--LRD-KK-QKV-YALF-YKLDVVQINDNQGNRSNNS------------------------------------------NTEYRLI---NCNTSVI-T---QA, 0.3926, 0
0.348097, -107.2107, 174, POINT, V, VKLTPLCVTLNCTDTTNNTTD-------------------------------------NMRGEIKN----CSFNM-T-TE--LRD-KK-QKV-YALF-YKLDVVQINDNQGNRSNNS------------------------------------------NTEYRLI---NCNTSVI-T---QA, 0.4005, 0
0.352207, -83.5685, [74], CHUNK, ['I'], VKLTPLCVTLNCTDTTNNTTD-------------------------------------NMRGEIKN----CSFNI-T-TE--LRD-KK-QKV-YALF-YKLDVVQINDNQGNRSNNS------------------------------------------NTEYRLI---NCNTSAI-T---QA, 0.4468, 0
0.348097, -105.6665, [174], CHUNK, ['V'], VKLTPLCVTLNCTDTTNNTTD-------------------------------------NMRGEIKN----CSFNM-T-TE--LRD-KK-QKV-YALF-YKLDVVQINDNQGNRSNNS------------------------------------------NTEYRLI---NCNTSVI-T---QA, 0.4422, 0
0.347281, -103.5168, [174], CHUNK, ['V'], VKLTPLCVTLNCTDTTNNTTD-------------------------------------NMRGEIKN----CSFNM-T-TE--LRD-KK-QKV-YALF-YKLDVVQINENQGNRSNNS------------------------------------------NTEYRLI---NCNTSVI-T---QA, 0.3044, 0
0.344643, -110.3232, 74, POINT, V, VKLTPLCVTLNCTDTTNNTTD-------------------------------------NMRGEIKN----CSFNV-T-TE--LRD-KK-QKV-YALF-YKLDVVQINENQGNRSNNS------------------------------------------NTEYRLI---NCNTSAI-T---QA, 0.3375, 1
0.351925, -94.0579, [174], CHUNK, ['V'], VKLTPLCVTLNCTDTTNNTTD-------------------------------------NMRGEIKN----CSFNV-T-TE--LRD-KK-QKV-YALF-YKLDVVQINENQGNRSNNS------------------------------------------NTEYRLI---NCNTSVI-T---QA, 0.4451, 0
0.351925, -92.8286, 174, POINT, V, VKLTPLCVTLNCTDTTNNTTD-------------------------------------NMRGEIKN----CSFNV-T-TE--LRD-KK-QKV-YALF-YKLDVVQINENQGNRSNNS------------------------------------------NTEYRLI---NCNTSVI-T---QA, 0.4344, 0
0.351925, -96.2702, [174], CHUNK, ['V'], VKLTPLCVTLNCTDTTNNTTD-------------------------------------NMRGEIKN----CSFNV-T-TE--LRD-KK-QKV-YALF-YKLDVVQINENQGNRSNNS------------------------------------------NTEYRLI---NCNTSVI-T---QA, 0.5846, 0
0.350700, -116.6083, 91, POINT, E, VKLTPLCVTLNCTDTTNNTTD-------------------------------------NMRGEIKN----CSFNV-T-TE--LRD-KK-QKE-YALF-YKLDVVQINENQGNRSNNS------------------------------------------NTEYRLI---NCNTSAI-T---QA, 0.2993, 1
0.351490, -117.5870, 113, POINT, N, VKLTPLCVTLNCTDTTNNTTD-------------------------------------NMRGEIKN----CSFNV-T-TE--LRD-KK-QKE-YALF-YKLDVVQINENQGNRNNNS------------------------------------------NTEYRLI---NCNTSAI-T---QA, 0.3300, 0
0.357734, -92.4055, [169, 174], CHUNK, ['S', 'V'], VKLTPLCVTLNCTDTTNNTTD-------------------------------------NMRGEIKN----CSFNV-T-TE--LRD-KK-QKE-YALF-YKLDVVQINENQGNRSNNS------------------------------------------NTEYRLI---SCNTSVI-T---QA, 0.4450, 0
0.351138, -118.1191, 107, POINT, K, VKLTPLCVTLNCTDTTNNTTD-------------------------------------NMRGEIKN----CSFNV-T-TE--LRD-KK-QKE-YALF-YKLDVVQINKNQGNRSNNS------------------------------------------NTEYRLI---NCNTSAI-T---QA, 0.2445, 0
0.357983, -103.3237, [174], CHUNK, ['V'], VKLTPLCVTLNCTDTTNNTTD-------------------------------------NMRGEIKN----CSFNV-T-TE--LRD-KK-QKE-YALF-YKLDVVQINENQGNRSNNS------------------------------------------NTEYRLI---NCNTSVI-T---QA, 0.4398, 0
0.351391, -82.5771, 74, POINT, I, VKLTPLCVTLNCTDTTNNTTD-------------------------------------NMRGEIKN----CSFNI-T-TE--LRD-KK-QKV-YALF-YKLDVVQINENQGNRSNNS------------------------------------------NTEYRLI---NCNTSAI-T---QA, 0.5035, 0
0.351925, -95.7574, [174], CHUNK, ['V'], VKLTPLCVTLNCTDTTNNTTD-------------------------------------NMRGEIKN----CSFNV-T-TE--LRD-KK-QKV-YALF-YKLDVVQINENQGNRSNNS------------------------------------------NTEYRLI---NCNTSVI-T---QA, 0.3643, 0
0.348458, 5.6658, [79, 82], CHUNK, ['N', 'I'], VKLTPLCVTLNCTDTTNNTTD-------------------------------------NMRGEIKN----CSFNV-T-TN--IRD-KK-QKV-YALF-YKLDVVQINENQGNRSNNS------------------------------------------NTEYRLI---NCNTSAI-T---QA, 0.3705, 0
0.345109, -111.8485, 15, POINT, N, VKLTPLCVTLNCTDTNNNTTD-------------------------------------NMRGEIKN----CSFNV-T-TE--LRD-KK-QKV-YALF-YKLDVVQINENQGNRSNNS------------------------------------------NTEYRLI---NCNTSAI-T---QA, 0.2481, 0
0.344643, -103.8291, 74, POINT, V, VKLTPLCVTLNCTDTTNNTTD-------------------------------------NMRGEIKN----CSFNV-T-TE--LRD-KK-QKV-YALF-YKLDVVQINENQGNRSNNS------------------------------------------NTEYRLI---NCNTSAI-T---QA, 0.3445, 0
0.351391, -77.8842, [74], CHUNK, ['I'], VKLTPLCVTLNCTDTTNNTTD-------------------------------------NMRGEIKN----CSFNI-T-TE--LRD-KK-QKV-YALF-YKLDVVQINENQGNRSNNS------------------------------------------NTEYRLI---NCNTSAI-T---QA, 0.2536, 0
0.351391, -86.9610, [74], CHUNK, ['I'], VKLTPLCVTLNCTDTTNNTTD-------------------------------------NMRGEIKN----CSFNI-T-TE--LRD-KK-QKV-YALF-YKLDVVQINENQGNRSNNS------------------------------------------NTEYRLI---NCNTSAI-T---QA, 0.2988, 0
0.351391, -80.0046, [74], CHUNK, ['I'], VKLTPLCVTLNCTDTTNNTTD-------------------------------------NMRGEIKN----CSFNI-T-TE--LRD-KK-QKV-YALF-YKLDVVQINENQGNRSNNS------------------------------------------NTEYRLI---NCNTSAI-T---QA, 0.2033, 0
