Name base = V1V2_200_exp_1_2_ni
Iters = 200
Soft coverage = 0.284621885725
Energy = -131.642720917
Hard Covereage = 0.0368019545157
Num epitopes = 65
Initial seq = VKLTPLCVTLQCTNVTNNITD-------------------------------------DMRGELKN----CSFNM-T-TE--LRD-KK-QKV-YSLF-YRLDVVQINENQGNRSNNS------------------------------------------NKEYRLI---NCNTSAI-T---QA
-------START OF DATA------
0.289705, -131.0665, 160, POINT, T, VKLTPLCVTLQCTNVTNNITD-------------------------------------DMRGELKN----CSFNM-T-TE--LRD-KK-QKV-YSLF-YRLDVVQINENQGNRSNNS------------------------------------------NTEYRLI---NCNTSAI-T---QA, 0.0000, 1
0.291769, -128.7253, 18, POINT, N, VKLTPLCVTLQCTNVTNNNTD-------------------------------------DMRGELKN----CSFNM-T-TE--LRD-KK-QKV-YSLF-YRLDVVQINENQGNRSNNS------------------------------------------NTEYRLI---NCNTSAI-T---QA, 0.0000, 1
0.299051, -111.5156, 174, POINT, V, VKLTPLCVTLQCTNVTNNNTD-------------------------------------DMRGELKN----CSFNM-T-TE--LRD-KK-QKV-YSLF-YRLDVVQINENQGNRSNNS------------------------------------------NTEYRLI---NCNTSVI-T---QA, 0.2351, 0
0.299029, -126.9989, [63], CHUNK, ['I'], VKLTPLCVTLQCTNVTNNNTD-------------------------------------DMRGEIKN----CSFNM-T-TE--LRD-KK-QKV-YSLF-YRLDVVQINENQGNRSNNS------------------------------------------NTEYRLI---NCNTSAI-T---QA, 0.0000, 1
0.306312, -108.2868, 174, POINT, V, VKLTPLCVTLQCTNVTNNNTD-------------------------------------DMRGEIKN----CSFNM-T-TE--LRD-KK-QKV-YSLF-YRLDVVQINENQGNRSNNS------------------------------------------NTEYRLI---NCNTSVI-T---QA, 0.2977, 0
0.310422, -92.3926, 74, POINT, I, VKLTPLCVTLQCTNVTNNNTD-------------------------------------DMRGEIKN----CSFNI-T-TE--LRD-KK-QKV-YSLF-YRLDVVQINENQGNRSNNS------------------------------------------NTEYRLI---NCNTSAI-T---QA, 0.4603, 0
0.306053, -127.0176, [161], CHUNK, ['S'], VKLTPLCVTLQCTNVTNNNTD-------------------------------------DMRGEIKN----CSFNM-T-TE--LRD-KK-QKV-YSLF-YRLDVVQINENQGNRSNNS------------------------------------------NTSYRLI---NCNTSAI-T---QA, 0.0669, 1
0.329830, -127.0638, [10], CHUNK, ['N'], VKLTPLCVTLNCTNVTNNNTD-------------------------------------DMRGEIKN----CSFNM-T-TE--LRD-KK-QKV-YSLF-YRLDVVQINENQGNRSNNS------------------------------------------NTSYRLI---NCNTSAI-T---QA, 0.0644, 0
0.314434, -127.2779, [94], CHUNK, ['A'], VKLTPLCVTLQCTNVTNNNTD-------------------------------------DMRGEIKN----CSFNM-T-TE--LRD-KK-QKV-YALF-YRLDVVQINENQGNRSNNS------------------------------------------NTSYRLI---NCNTSAI-T---QA, 0.0935, 1
0.317569, -126.2403, [109], CHUNK, ['S'], VKLTPLCVTLQCTNVTNNNTD-------------------------------------DMRGEIKN----CSFNM-T-TE--LRD-KK-QKV-YALF-YRLDVVQINENSGNRSNNS------------------------------------------NTSYRLI---NCNTSAI-T---QA, 0.0935, 0
0.318384, -124.0205, [20], CHUNK, ['T'], VKLTPLCVTLQCTNVTNNNTT-------------------------------------DMRGEIKN----CSFNM-T-TE--LRD-KK-QKV-YALF-YRLDVVQINENQGNRSNNS------------------------------------------NTSYRLI---NCNTSAI-T---QA, 0.0935, 0
0.319405, -125.7489, 91, POINT, E, VKLTPLCVTLQCTNVTNNNTD-------------------------------------DMRGEIKN----CSFNM-T-TE--LRD-KK-QKE-YALF-YRLDVVQINENQGNRSNNS------------------------------------------NTSYRLI---NCNTSAI-T---QA, 0.0935, 1
0.320964, -125.3611, 10, POINT, E, VKLTPLCVTLECTNVTNNNTD-------------------------------------DMRGEIKN----CSFNM-T-TE--LRD-KK-QKE-YALF-YRLDVVQINENQGNRSNNS------------------------------------------NTSYRLI---NCNTSAI-T---QA, 0.0935, 1
0.332357, -111.7016, 74, POINT, I, VKLTPLCVTLECTNVTNNNTD-------------------------------------DMRGEIKN----CSFNI-T-TE--LRD-KK-QKE-YALF-YRLDVVQINENQGNRSNNS------------------------------------------NTSYRLI---NCNTSAI-T---QA, 0.3304, 0
0.325609, -116.5363, [74], CHUNK, ['V'], VKLTPLCVTLECTNVTNNNTD-------------------------------------DMRGEIKN----CSFNV-T-TE--LRD-KK-QKE-YALF-YRLDVVQINENQGNRSNNS------------------------------------------NTSYRLI---NCNTSAI-T---QA, 0.1935, 0
0.324712, -125.6861, [104], CHUNK, ['P'], VKLTPLCVTLECTNVTNNNTD-------------------------------------DMRGEIKN----CSFNM-T-TE--LRD-KK-QKE-YALF-YRLDVVPINENQGNRSNNS------------------------------------------NTSYRLI---NCNTSAI-T---QA, 0.0916, 1
0.327403, -122.8434, 58, POINT, T, VKLTPLCVTLECTNVTNNNTD-------------------------------------TMRGEIKN----CSFNM-T-TE--LRD-KK-QKE-YALF-YRLDVVPINENQGNRSNNS------------------------------------------NTSYRLI---NCNTSAI-T---QA, 0.0916, 0
0.333279, -123.7110, 99, POINT, K, VKLTPLCVTLECTNVTNNNTD-------------------------------------DMRGEIKN----CSFNM-T-TE--LRD-KK-QKE-YALF-YKLDVVPINENQGNRSNNS------------------------------------------NTSYRLI---NCNTSAI-T---QA, 0.0916, 0
0.326077, -125.2797, [59], CHUNK, ['I'], VKLTPLCVTLECTNVTNNNTD-------------------------------------DIRGEIKN----CSFNM-T-TE--LRD-KK-QKE-YALF-YRLDVVPINENQGNRSNNS------------------------------------------NTSYRLI---NCNTSAI-T---QA, 0.0916, 0
0.331995, -107.4592, 174, POINT, V, VKLTPLCVTLECTNVTNNNTD-------------------------------------DMRGEIKN----CSFNM-T-TE--LRD-KK-QKE-YALF-YRLDVVPINENQGNRSNNS------------------------------------------NTSYRLI---NCNTSVI-T---QA, 0.2284, 1
0.343387, -99.7285, [74], CHUNK, ['I'], VKLTPLCVTLECTNVTNNNTD-------------------------------------DMRGEIKN----CSFNI-T-TE--LRD-KK-QKE-YALF-YRLDVVPINENQGNRSNNS------------------------------------------NTSYRLI---NCNTSVI-T---QA, 0.4092, 0
0.333332, -107.8297, 14, POINT, T, VKLTPLCVTLECTNTTNNNTD-------------------------------------DMRGEIKN----CSFNM-T-TE--LRD-KK-QKE-YALF-YRLDVVPINENQGNRSNNS------------------------------------------NTSYRLI---NCNTSVI-T---QA, 0.2284, 0
0.332482, -109.1791, 16, POINT, T, VKLTPLCVTLECTNVTTNNTD-------------------------------------DMRGEIKN----CSFNM-T-TE--LRD-KK-QKE-YALF-YRLDVVPINENQGNRSNNS------------------------------------------NTSYRLI---NCNTSVI-T---QA, 0.2815, 0
0.332190, -108.9482, 18, POINT, T, VKLTPLCVTLECTNVTNNTTD-------------------------------------DMRGEIKN----CSFNM-T-TE--LRD-KK-QKE-YALF-YRLDVVPINENQGNRSNNS------------------------------------------NTSYRLI---NCNTSVI-T---QA, 0.2145, 0
0.331995, -105.8580, [174], CHUNK, ['V'], VKLTPLCVTLECTNVTNNNTD-------------------------------------DMRGEIKN----CSFNM-T-TE--LRD-KK-QKE-YALF-YRLDVVPINENQGNRSNNS------------------------------------------NTSYRLI---NCNTSVI-T---QA, 0.2824, 0
0.346930, -125.9986, [10], CHUNK, ['N'], VKLTPLCVTLNCTNVTNNNTD-------------------------------------DMRGEIKN----CSFNM-T-TE--LRD-KK-QKE-YALF-YRLDVVPINENQGNRSNNS------------------------------------------NTSYRLI---NCNTSAI-T---QA, 0.0916, 0
0.336105, -110.3246, [74], CHUNK, ['I'], VKLTPLCVTLECTNVTNNNTD-------------------------------------DMRGEIKN----CSFNI-T-TE--LRD-KK-QKE-YALF-YRLDVVPINENQGNRSNNS------------------------------------------NTSYRLI---NCNTSAI-T---QA, 0.1846, 0
0.327953, -124.6696, [109], CHUNK, ['S'], VKLTPLCVTLECTNVTNNNTD-------------------------------------DMRGEIKN----CSFNM-T-TE--LRD-KK-QKE-YALF-YRLDVVPINENSGNRSNNS------------------------------------------NTSYRLI---NCNTSAI-T---QA, 0.0916, 0
0.328856, -123.9514, 99, POINT, K, VKLTPLCVTLECTNVTNNNTD-------------------------------------DMRGEIKN----CSFNM-T-TE--LRD-KK-QKE-YALF-YKLDVVQINENQGNRSNNS------------------------------------------NTSYRLI---NCNTSAI-T---QA, 0.1076, 1
0.331737, -124.3261, 20, POINT, N, VKLTPLCVTLECTNVTNNNTN-------------------------------------DMRGEIKN----CSFNM-T-TE--LRD-KK-QKE-YALF-YKLDVVQINENQGNRSNNS------------------------------------------NTSYRLI---NCNTSAI-T---QA, 0.1076, 0
0.340249, -115.0744, 74, POINT, I, VKLTPLCVTLECTNVTNNNTD-------------------------------------DMRGEIKN----CSFNI-T-TE--LRD-KK-QKE-YALF-YKLDVVQINENQGNRSNNS------------------------------------------NTSYRLI---NCNTSAI-T---QA, 0.2752, 0
0.333279, -124.2440, [104], CHUNK, ['P'], VKLTPLCVTLECTNVTNNNTD-------------------------------------DMRGEIKN----CSFNM-T-TE--LRD-KK-QKE-YALF-YKLDVVPINENQGNRSNNS------------------------------------------NTSYRLI---NCNTSAI-T---QA, 0.1430, 0
0.331019, -10.4514, 82, POINT, I, VKLTPLCVTLECTNVTNNNTD-------------------------------------DMRGEIKN----CSFNM-T-TE--IRD-KK-QKE-YALF-YKLDVVQINENQGNRSNNS------------------------------------------NTSYRLI---NCNTSAI-T---QA, 0.1249, 0
0.323127, -5.9786, 82, POINT, I, VKLTPLCVTLECTNVTNNNTD-------------------------------------DMRGEIKN----CSFNM-T-TE--IRD-KK-QKE-YALF-YRLDVVQINENQGNRSNNS------------------------------------------NTSYRLI---NCNTSAI-T---QA, 0.2957, 0
0.325126, -125.7508, [112], CHUNK, ['N'], VKLTPLCVTLECTNVTNNNTD-------------------------------------DMRGEIKN----CSFNM-T-TE--LRD-KK-QKE-YALF-YRLDVVQINENQGNNSNNS------------------------------------------NTSYRLI---NCNTSAI-T---QA, 0.0935, 1
0.326057, -126.3770, 10, POINT, K, VKLTPLCVTLKCTNVTNNNTD-------------------------------------DMRGEIKN----CSFNM-T-TE--LRD-KK-QKE-YALF-YRLDVVQINENQGNNSNNS------------------------------------------NTSYRLI---NCNTSAI-T---QA, 0.1139, 0
0.329770, -118.4107, 74, POINT, V, VKLTPLCVTLECTNVTNNNTD-------------------------------------DMRGEIKN----CSFNV-T-TE--LRD-KK-QKE-YALF-YRLDVVQINENQGNNSNNS------------------------------------------NTSYRLI---NCNTSAI-T---QA, 0.1359, 0
0.329770, -118.0710, 74, POINT, V, VKLTPLCVTLECTNVTNNNTD-------------------------------------DMRGEIKN----CSFNV-T-TE--LRD-KK-QKE-YALF-YRLDVVQINENQGNNSNNS------------------------------------------NTSYRLI---NCNTSAI-T---QA, 0.2458, 0
0.329076, -122.4934, [20], CHUNK, ['T'], VKLTPLCVTLECTNVTNNNTT-------------------------------------DMRGEIKN----CSFNM-T-TE--LRD-KK-QKE-YALF-YRLDVVQINENQGNNSNNS------------------------------------------NTSYRLI---NCNTSAI-T---QA, 0.0935, 0
0.321719, -126.0399, 10, POINT, D, VKLTPLCVTLDCTNVTNNNTD-------------------------------------DMRGEIKN----CSFNM-T-TE--LRD-KK-QKE-YALF-YRLDVVQINENQGNRSNNS------------------------------------------NTSYRLI---NCNTSAI-T---QA, 0.0916, 1
0.322808, -126.4296, 59, POINT, E, VKLTPLCVTLDCTNVTNNNTD-------------------------------------DERGEIKN----CSFNM-T-TE--LRD-KK-QKE-YALF-YRLDVVQINENQGNRSNNS------------------------------------------NTSYRLI---NCNTSAI-T---QA, 0.0916, 1
0.330700, -124.5866, [99], CHUNK, ['K'], VKLTPLCVTLDCTNVTNNNTD-------------------------------------DERGEIKN----CSFNM-T-TE--LRD-KK-QKE-YALF-YKLDVVQINENQGNRSNNS------------------------------------------NTSYRLI---NCNTSAI-T---QA, 0.0916, 0
0.334201, -117.4851, [74], CHUNK, ['I'], VKLTPLCVTLDCTNVTNNNTD-------------------------------------DERGEIKN----CSFNI-T-TE--LRD-KK-QKE-YALF-YRLDVVQINENQGNRSNNS------------------------------------------NTSYRLI---NCNTSAI-T---QA, 0.1309, 0
0.327654, -124.9769, [109], CHUNK, ['T'], VKLTPLCVTLDCTNVTNNNTD-------------------------------------DERGEIKN----CSFNM-T-TE--LRD-KK-QKE-YALF-YRLDVVQINENTGNRSNNS------------------------------------------NTSYRLI---NCNTSAI-T---QA, 0.0916, 0
0.323494, -123.8725, 60, POINT, S, VKLTPLCVTLDCTNVTNNNTD-------------------------------------DESGEIKN----CSFNM-T-TE--LRD-KK-QKE-YALF-YRLDVVQINENQGNRSNNS------------------------------------------NTSYRLI---NCNTSAI-T---QA, 0.0916, 0
0.325669, -123.0726, [20], CHUNK, ['T'], VKLTPLCVTLDCTNVTNNNTT-------------------------------------DMRGEIKN----CSFNM-T-TE--LRD-KK-QKE-YALF-YRLDVVQINENQGNRSNNS------------------------------------------NTSYRLI---NCNTSAI-T---QA, 0.0816, 0
0.325467, -126.2462, 104, POINT, P, VKLTPLCVTLDCTNVTNNNTD-------------------------------------DMRGEIKN----CSFNM-T-TE--LRD-KK-QKE-YALF-YRLDVVPINENQGNRSNNS------------------------------------------NTSYRLI---NCNTSAI-T---QA, 0.0916, 0
0.323197, -125.5085, 59, POINT, S, VKLTPLCVTLDCTNVTNNNTD-------------------------------------DSRGEIKN----CSFNM-T-TE--LRD-KK-QKE-YALF-YRLDVVQINENQGNRSNNS------------------------------------------NTSYRLI---NCNTSAI-T---QA, 0.0916, 1
0.330479, -104.8750, [174], CHUNK, ['V'], VKLTPLCVTLDCTNVTNNNTD-------------------------------------DSRGEIKN----CSFNM-T-TE--LRD-KK-QKE-YALF-YRLDVVQINENQGNRSNNS------------------------------------------NTSYRLI---NCNTSVI-T---QA, 0.2855, 0
0.324848, -126.4368, 59, POINT, N, VKLTPLCVTLDCTNVTNNNTD-------------------------------------DNRGEIKN----CSFNM-T-TE--LRD-KK-QKE-YALF-YRLDVVQINENQGNRSNNS------------------------------------------NTSYRLI---NCNTSAI-T---QA, 0.0916, 0
0.334590, -112.4636, 74, POINT, I, VKLTPLCVTLDCTNVTNNNTD-------------------------------------DSRGEIKN----CSFNI-T-TE--LRD-KK-QKE-YALF-YRLDVVQINENQGNRSNNS------------------------------------------NTSYRLI---NCNTSAI-T---QA, 0.2925, 0
0.344660, -125.1928, 10, POINT, N, VKLTPLCVTLNCTNVTNNNTD-------------------------------------DSRGEIKN----CSFNM-T-TE--LRD-KK-QKE-YALF-YRLDVVQINENQGNRSNNS------------------------------------------NTSYRLI---NCNTSAI-T---QA, 0.0916, 1
0.346823, -38.3241, 82, POINT, I, VKLTPLCVTLNCTNVTNNNTD-------------------------------------DSRGEIKN----CSFNM-T-TE--IRD-KK-QKE-YALF-YRLDVVQINENQGNRSNNS------------------------------------------NTSYRLI---NCNTSAI-T---QA, 0.1974, 0
0.356053, -117.5185, 74, POINT, I, VKLTPLCVTLNCTNVTNNNTD-------------------------------------DSRGEIKN----CSFNI-T-TE--LRD-KK-QKE-YALF-YRLDVVQINENQGNRSNNS------------------------------------------NTSYRLI---NCNTSAI-T---QA, 0.1663, 1
0.360295, -114.1973, [20], CHUNK, ['T'], VKLTPLCVTLNCTNVTNNNTT-------------------------------------DSRGEIKN----CSFNI-T-TE--LRD-KK-QKE-YALF-YRLDVVQINENQGNRSNNS------------------------------------------NTSYRLI---NCNTSAI-T---QA, 0.1663, 0
0.359917, -118.5439, [20], CHUNK, ['N'], VKLTPLCVTLNCTNVTNNNTN-------------------------------------DSRGEIKN----CSFNI-T-TE--LRD-KK-QKE-YALF-YRLDVVQINENQGNRSNNS------------------------------------------NTSYRLI---NCNTSAI-T---QA, 0.1683, 1
0.360833, -119.4654, [113], CHUNK, ['N'], VKLTPLCVTLNCTNVTNNNTN-------------------------------------DSRGEIKN----CSFNI-T-TE--LRD-KK-QKE-YALF-YRLDVVQINENQGNRNNNS------------------------------------------NTSYRLI---NCNTSAI-T---QA, 0.1683, 0
0.363665, -118.7514, [104], CHUNK, ['P'], VKLTPLCVTLNCTNVTNNNTN-------------------------------------DSRGEIKN----CSFNI-T-TE--LRD-KK-QKE-YALF-YRLDVVPINENQGNRSNNS------------------------------------------NTSYRLI---NCNTSAI-T---QA, 0.1683, 0
0.360251, -118.0251, [87], CHUNK, ['V'], VKLTPLCVTLNCTNVTNNNTN-------------------------------------DSRGEIKN----CSFNI-T-TE--LRD-KV-QKE-YALF-YRLDVVQINENQGNRSNNS------------------------------------------NTSYRLI---NCNTSAI-T---QA, 0.1683, 0
0.367808, -116.8529, 99, POINT, K, VKLTPLCVTLNCTNVTNNNTN-------------------------------------DSRGEIKN----CSFNI-T-TE--LRD-KK-QKE-YALF-YKLDVVQINENQGNRSNNS------------------------------------------NTSYRLI---NCNTSAI-T---QA, 0.1683, 0
0.359936, -118.9560, 110, POINT, N, VKLTPLCVTLNCTNVTNNNTD-------------------------------------DSRGEIKN----CSFNI-T-TE--LRD-KK-QKE-YALF-YRLDVVQINENQNNRSNNS------------------------------------------NTSYRLI---NCNTSAI-T---QA, 0.1663, 1
0.364178, -115.8713, [20], CHUNK, ['T'], VKLTPLCVTLNCTNVTNNNTT-------------------------------------DSRGEIKN----CSFNI-T-TE--LRD-KK-QKE-YALF-YRLDVVQINENQNNRSNNS------------------------------------------NTSYRLI---NCNTSAI-T---QA, 0.1686, 0
0.367827, -117.3033, [99], CHUNK, ['K'], VKLTPLCVTLNCTNVTNNNTD-------------------------------------DSRGEIKN----CSFNI-T-TE--LRD-KK-QKE-YALF-YKLDVVQINENQNNRSNNS------------------------------------------NTSYRLI---NCNTSAI-T---QA, 0.1663, 0
0.363708, -118.9898, [112], CHUNK, ['S'], VKLTPLCVTLNCTNVTNNNTD-------------------------------------DSRGEIKN----CSFNI-T-TE--LRD-KK-QKE-YALF-YRLDVVQINENQNNSSNNS------------------------------------------NTSYRLI---NCNTSAI-T---QA, 0.1839, 1
0.367572, -119.3206, [20], CHUNK, ['N'], VKLTPLCVTLNCTNVTNNNTN-------------------------------------DSRGEIKN----CSFNI-T-TE--LRD-KK-QKE-YALF-YRLDVVQINENQNNSSNNS------------------------------------------NTSYRLI---NCNTSAI-T---QA, 0.1839, 0
0.367950, -116.6580, 20, POINT, T, VKLTPLCVTLNCTNVTNNNTT-------------------------------------DSRGEIKN----CSFNI-T-TE--LRD-KK-QKE-YALF-YRLDVVQINENQNNSSNNS------------------------------------------NTSYRLI---NCNTSAI-T---QA, 0.1900, 0
0.367950, -116.9177, 20, POINT, T, VKLTPLCVTLNCTNVTNNNTT-------------------------------------DSRGEIKN----CSFNI-T-TE--LRD-KK-QKE-YALF-YRLDVVQINENQNNSSNNS------------------------------------------NTSYRLI---NCNTSAI-T---QA, 0.1875, 1
0.368659, -118.0603, [112], CHUNK, ['N'], VKLTPLCVTLNCTNVTNNNTT-------------------------------------DSRGEIKN----CSFNI-T-TE--LRD-KK-QKE-YALF-YRLDVVQINENQNNNSNNS------------------------------------------NTSYRLI---NCNTSAI-T---QA, 0.2354, 0
0.368284, -116.3944, [87], CHUNK, ['V'], VKLTPLCVTLNCTNVTNNNTT-------------------------------------DSRGEIKN----CSFNI-T-TE--LRD-KV-QKE-YALF-YRLDVVQINENQNNSSNNS------------------------------------------NTSYRLI---NCNTSAI-T---QA, 0.1875, 0
0.371866, -117.0725, 104, POINT, P, VKLTPLCVTLNCTNVTNNNTT-------------------------------------DSRGEIKN----CSFNI-T-TE--LRD-KK-QKE-YALF-YRLDVVPINENQNNSSNNS------------------------------------------NTSYRLI---NCNTSAI-T---QA, 0.2012, 0
0.371491, -117.3279, [107], CHUNK, ['N'], VKLTPLCVTLNCTNVTNNNTT-------------------------------------DSRGEIKN----CSFNI-T-TE--LRD-KK-QKE-YALF-YRLDVVQINNNQNNSSNNS------------------------------------------NTSYRLI---NCNTSAI-T---QA, 0.2405, 0
0.370990, -100.4482, [174], CHUNK, ['V'], VKLTPLCVTLNCTNVTNNNTD-------------------------------------DSRGEIKN----CSFNI-T-TE--LRD-KK-QKE-YALF-YRLDVVQINENQNNSSNNS------------------------------------------NTSYRLI---NCNTSVI-T---QA, 0.4021, 0
0.367572, -119.3206, 20, POINT, N, VKLTPLCVTLNCTNVTNNNTN-------------------------------------DSRGEIKN----CSFNI-T-TE--LRD-KK-QKE-YALF-YRLDVVQINENQNNSSNNS------------------------------------------NTSYRLI---NCNTSAI-T---QA, 0.1839, 0
0.367624, -120.5117, 104, POINT, P, VKLTPLCVTLNCTNVTNNNTD-------------------------------------DSRGEIKN----CSFNI-T-TE--LRD-KK-QKE-YALF-YRLDVVPINENQNNSSNNS------------------------------------------NTSYRLI---NCNTSAI-T---QA, 0.2044, 0
0.365876, -119.1826, 109, POINT, D, VKLTPLCVTLNCTNVTNNNTD-------------------------------------DSRGEIKN----CSFNI-T-TE--LRD-KK-QKE-YALF-YRLDVVQINENDNNSSNNS------------------------------------------NTSYRLI---NCNTSAI-T---QA, 0.1892, 0
0.367218, -98.4861, 174, POINT, V, VKLTPLCVTLNCTNVTNNNTD-------------------------------------DSRGEIKN----CSFNI-T-TE--LRD-KK-QKE-YALF-YRLDVVQINENQNNRSNNS------------------------------------------NTSYRLI---NCNTSVI-T---QA, 0.2684, 0
0.367218, -100.7735, [174], CHUNK, ['V'], VKLTPLCVTLNCTNVTNNNTD-------------------------------------DSRGEIKN----CSFNI-T-TE--LRD-KK-QKE-YALF-YRLDVVQINENQNNRSNNS------------------------------------------NTSYRLI---NCNTSVI-T---QA, 0.2770, 0
0.359985, -117.8834, [110], CHUNK, ['T'], VKLTPLCVTLNCTNVTNNNTD-------------------------------------DSRGEIKN----CSFNI-T-TE--LRD-KK-QKE-YALF-YRLDVVQINENQTNRSNNS------------------------------------------NTSYRLI---NCNTSAI-T---QA, 0.1663, 0
0.365288, -117.4973, 109, POINT, T, VKLTPLCVTLNCTNVTNNNTD-------------------------------------DSRGEIKN----CSFNI-T-TE--LRD-KK-QKE-YALF-YRLDVVQINENTNNRSNNS------------------------------------------NTSYRLI---NCNTSAI-T---QA, 0.1594, 0
0.360295, -115.7457, 20, POINT, T, VKLTPLCVTLNCTNVTNNNTT-------------------------------------DSRGEIKN----CSFNI-T-TE--LRD-KK-QKE-YALF-YRLDVVQINENQGNRSNNS------------------------------------------NTSYRLI---NCNTSAI-T---QA, 0.1685, 0
0.359917, -117.9096, 20, POINT, N, VKLTPLCVTLNCTNVTNNNTN-------------------------------------DSRGEIKN----CSFNI-T-TE--LRD-KK-QKE-YALF-YRLDVVQINENQGNRSNNS------------------------------------------NTSYRLI---NCNTSAI-T---QA, 0.1735, 1
0.361571, -117.3969, [116], CHUNK, ['T'], VKLTPLCVTLNCTNVTNNNTN-------------------------------------DSRGEIKN----CSFNI-T-TE--LRD-KK-QKE-YALF-YRLDVVQINENQGNRSNNT------------------------------------------NTSYRLI---NCNTSAI-T---QA, 0.1664, 0
0.363423, -118.4379, 107, POINT, N, VKLTPLCVTLNCTNVTNNNTN-------------------------------------DSRGEIKN----CSFNI-T-TE--LRD-KK-QKE-YALF-YRLDVVQINNNQGNRSNNS------------------------------------------NTSYRLI---NCNTSAI-T---QA, 0.1886, 1
0.367212, 3.3933, [82], CHUNK, ['I'], VKLTPLCVTLNCTNVTNNNTN-------------------------------------DSRGEIKN----CSFNI-T-TE--IRD-KK-QKE-YALF-YRLDVVQINNNQGNRSNNS------------------------------------------NTSYRLI---NCNTSAI-T---QA, 0.2019, 0
0.363478, -118.4255, [89], CHUNK, ['K'], VKLTPLCVTLNCTNVTNNNTN-------------------------------------DSRGEIKN----CSFNI-T-TE--LRD-KK-KKE-YALF-YRLDVVQINNNQGNRSNNS------------------------------------------NTSYRLI---NCNTSAI-T---QA, 0.1896, 0
0.371419, -116.7818, [99], CHUNK, ['K'], VKLTPLCVTLNCTNVTNNNTN-------------------------------------DSRGEIKN----CSFNI-T-TE--LRD-KK-QKE-YALF-YKLDVVQINNNQGNRSNNS------------------------------------------NTSYRLI---NCNTSAI-T---QA, 0.1886, 0
0.371419, -117.0557, 99, POINT, K, VKLTPLCVTLNCTNVTNNNTN-------------------------------------DSRGEIKN----CSFNI-T-TE--LRD-KK-QKE-YALF-YKLDVVQINNNQGNRSNNS------------------------------------------NTSYRLI---NCNTSAI-T---QA, 0.1967, 0
0.360566, -119.2974, 110, POINT, D, VKLTPLCVTLNCTNVTNNNTN-------------------------------------DSRGEIKN----CSFNI-T-TE--LRD-KK-QKE-YALF-YRLDVVQINENQDNRSNNS------------------------------------------NTSYRLI---NCNTSAI-T---QA, 0.1708, 1
0.367848, -96.4038, 174, POINT, V, VKLTPLCVTLNCTNVTNNNTN-------------------------------------DSRGEIKN----CSFNI-T-TE--LRD-KK-QKE-YALF-YRLDVVQINENQDNRSNNS------------------------------------------NTSYRLI---NCNTSVI-T---QA, 0.3611, 0
0.360639, -119.5610, 16, POINT, T, VKLTPLCVTLNCTNVTTNNTN-------------------------------------DSRGEIKN----CSFNI-T-TE--LRD-KK-QKE-YALF-YRLDVVQINENQDNRSNNS------------------------------------------NTSYRLI---NCNTSAI-T---QA, 0.1708, 0
0.360944, -115.7044, [20], CHUNK, ['T'], VKLTPLCVTLNCTNVTNNNTT-------------------------------------DSRGEIKN----CSFNI-T-TE--LRD-KK-QKE-YALF-YRLDVVQINENQDNRSNNS------------------------------------------NTSYRLI---NCNTSAI-T---QA, 0.1709, 0
0.363701, -118.7809, [109], CHUNK, ['S'], VKLTPLCVTLNCTNVTNNNTN-------------------------------------DSRGEIKN----CSFNI-T-TE--LRD-KK-QKE-YALF-YRLDVVQINENSDNRSNNS------------------------------------------NTSYRLI---NCNTSAI-T---QA, 0.1688, 0
0.367199, -99.8228, [174], CHUNK, ['V'], VKLTPLCVTLNCTNVTNNNTN-------------------------------------DSRGEIKN----CSFNI-T-TE--LRD-KK-QKE-YALF-YRLDVVQINENQGNRSNNS------------------------------------------NTSYRLI---NCNTSVI-T---QA, 0.4785, 0
0.363423, -118.0163, 107, POINT, N, VKLTPLCVTLNCTNVTNNNTN-------------------------------------DSRGEIKN----CSFNI-T-TE--LRD-KK-QKE-YALF-YRLDVVQINNNQGNRSNNS------------------------------------------NTSYRLI---NCNTSAI-T---QA, 0.1735, 0
0.363423, -118.0163, [107], CHUNK, ['N'], VKLTPLCVTLNCTNVTNNNTN-------------------------------------DSRGEIKN----CSFNI-T-TE--LRD-KK-QKE-YALF-YRLDVVQINNNQGNRSNNS------------------------------------------NTSYRLI---NCNTSAI-T---QA, 0.1735, 0
0.363423, -118.0163, 107, POINT, N, VKLTPLCVTLNCTNVTNNNTN-------------------------------------DSRGEIKN----CSFNI-T-TE--LRD-KK-QKE-YALF-YRLDVVQINNNQGNRSNNS------------------------------------------NTSYRLI---NCNTSAI-T---QA, 0.1735, 0
0.356107, -117.8884, 89, POINT, K, VKLTPLCVTLNCTNVTNNNTD-------------------------------------DSRGEIKN----CSFNI-T-TE--LRD-KK-KKE-YALF-YRLDVVQINENQGNRSNNS------------------------------------------NTSYRLI---NCNTSAI-T---QA, 0.1986, 0
0.357070, -117.4335, [104], CHUNK, ['S'], VKLTPLCVTLNCTNVTNNNTD-------------------------------------DSRGEIKN----CSFNI-T-TE--LRD-KK-QKE-YALF-YRLDVVSINENQGNRSNNS------------------------------------------NTSYRLI---NCNTSAI-T---QA, 0.1760, 0
0.363335, -101.0553, 174, POINT, V, VKLTPLCVTLNCTNVTNNNTD-------------------------------------DSRGEIKN----CSFNI-T-TE--LRD-KK-QKE-YALF-YRLDVVQINENQGNRSNNS------------------------------------------NTSYRLI---NCNTSVI-T---QA, 0.3744, 0
0.360898, -116.3833, [109], CHUNK, ['T'], VKLTPLCVTLNCTNVTNNNTD-------------------------------------DSRGEIKN----CSFNI-T-TE--LRD-KK-QKE-YALF-YRLDVVQINENTGNRSNNS------------------------------------------NTSYRLI---NCNTSAI-T---QA, 0.1988, 0
0.348902, -121.8734, [20], CHUNK, ['T'], VKLTPLCVTLNCTNVTNNNTT-------------------------------------DSRGEIKN----CSFNM-T-TE--LRD-KK-QKE-YALF-YRLDVVQINENQGNRSNNS------------------------------------------NTSYRLI---NCNTSAI-T---QA, 0.0916, 0
0.346829, -123.3097, [174], CHUNK, ['T'], VKLTPLCVTLNCTNVTNNNTD-------------------------------------DSRGEIKN----CSFNM-T-TE--LRD-KK-QKE-YALF-YRLDVVQINENQGNRSNNS------------------------------------------NTSYRLI---NCNTSTI-T---QA, 0.0940, 0
0.351942, -99.8811, [174], CHUNK, ['V'], VKLTPLCVTLNCTNVTNNNTD-------------------------------------DSRGEIKN----CSFNM-T-TE--LRD-KK-QKE-YALF-YRLDVVQINENQGNRSNNS------------------------------------------NTSYRLI---NCNTSVI-T---QA, 0.2788, 0
0.348408, -125.3990, 104, POINT, P, VKLTPLCVTLNCTNVTNNNTD-------------------------------------DSRGEIKN----CSFNM-T-TE--LRD-KK-QKE-YALF-YRLDVVPINENQGNRSNNS------------------------------------------NTSYRLI---NCNTSAI-T---QA, 0.0916, 0
