Name base = V1V2_200_sq_9_0_ni
Iters = 200
Soft coverage = 1.31203964383
Energy = -129.221748082
Hard Covereage = 0.0368019545157
Num epitopes = 65
Initial seq = VKLTPLCVTLQCTNVTNNITD-------------------------------------DMRGELKN----CSFNM-T-TE--LRD-KK-QKV-YSLF-YRLDVVQINENQGNRSNNS------------------------------------------NKEYRLI---NCNTSAI-T---QA
-------START OF DATA------
1.342424, -130.6603, 110, POINT, N, VKLTPLCVTLQCTNVTNNITD-------------------------------------DMRGELKN----CSFNM-T-TE--LRD-KK-QKV-YSLF-YRLDVVQINENQNNRSNNS------------------------------------------NKEYRLI---NCNTSAI-T---QA, 0.0000, 1
1.362864, -127.3856, 20, POINT, T, VKLTPLCVTLQCTNVTNNITT-------------------------------------DMRGELKN----CSFNM-T-TE--LRD-KK-QKV-YSLF-YRLDVVQINENQNNRSNNS------------------------------------------NKEYRLI---NCNTSAI-T---QA, 0.0000, 1
1.385835, -126.7769, 160, POINT, T, VKLTPLCVTLQCTNVTNNITT-------------------------------------DMRGELKN----CSFNM-T-TE--LRD-KK-QKV-YSLF-YRLDVVQINENQNNRSNNS------------------------------------------NTEYRLI---NCNTSAI-T---QA, 0.0000, 1
1.417713, -64.5000, [58, 59, 60, 61, 63], CHUNK, ['S', 'T', 'E', 'V', 'M'], VKLTPLCVTLQCTNVTNNITT-------------------------------------STEVEMKN----CSFNM-T-TE--LRD-KK-QKV-YSLF-YRLDVVQINENQNNRSNNS------------------------------------------NTEYRLI---NCNTSAI-T---QA, 0.7302, 0
1.417558, -122.9967, 74, POINT, T, VKLTPLCVTLQCTNVTNNITT-------------------------------------DMRGELKN----CSFNT-T-TE--LRD-KK-QKV-YSLF-YRLDVVQINENQNNRSNNS------------------------------------------NTEYRLI---NCNTSAI-T---QA, 0.0000, 1
1.441874, -123.1648, 107, POINT, N, VKLTPLCVTLQCTNVTNNITT-------------------------------------DMRGELKN----CSFNT-T-TE--LRD-KK-QKV-YSLF-YRLDVVQINNNQNNRSNNS------------------------------------------NTEYRLI---NCNTSAI-T---QA, 0.0000, 1
1.459323, -121.9565, 99, POINT, T, VKLTPLCVTLQCTNVTNNITT-------------------------------------DMRGELKN----CSFNT-T-TE--LRD-KK-QKV-YSLF-YTLDVVQINNNQNNRSNNS------------------------------------------NTEYRLI---NCNTSAI-T---QA, 0.0000, 0
1.461783, -122.8504, 161, POINT, S, VKLTPLCVTLQCTNVTNNITT-------------------------------------DMRGELKN----CSFNT-T-TE--LRD-KK-QKV-YSLF-YRLDVVQINNNQNNRSNNS------------------------------------------NTSYRLI---NCNTSAI-T---QA, 0.0000, 1
1.510939, -122.7597, [10], CHUNK, ['N'], VKLTPLCVTLNCTNVTNNITT-------------------------------------DMRGELKN----CSFNT-T-TE--LRD-KK-QKV-YSLF-YRLDVVQINNNQNNRSNNS------------------------------------------NTSYRLI---NCNTSAI-T---QA, 0.0000, 1
1.528058, -78.2192, [59, 60, 61, 63], CHUNK, ['L', 'N', 'E', 'M'], VKLTPLCVTLNCTNVTNNITT-------------------------------------DLNEEMKN----CSFNT-T-TE--LRD-KK-QKV-YSLF-YRLDVVQINNNQNNRSNNS------------------------------------------NTSYRLI---NCNTSAI-T---QA, 0.9269, 0
1.531992, -62.5618, [59, 60, 61, 63], CHUNK, ['L', 'T', 'E', 'V'], VKLTPLCVTLNCTNVTNNITT-------------------------------------DLTEEVKN----CSFNT-T-TE--LRD-KK-QKV-YSLF-YRLDVVQINNNQNNRSNNS------------------------------------------NTSYRLI---NCNTSAI-T---QA, 0.6359, 0
1.533649, -119.2600, [59, 60, 63, 64], CHUNK, ['T', 'N', 'V', 'Q'], VKLTPLCVTLNCTNVTNNITT-------------------------------------DTNGEVQN----CSFNT-T-TE--LRD-KK-QKV-YSLF-YRLDVVQINNNQNNRSNNS------------------------------------------NTSYRLI---NCNTSAI-T---QA, 0.0000, 0
1.532856, -122.0370, 79, POINT, N, VKLTPLCVTLNCTNVTNNITT-------------------------------------DMRGELKN----CSFNT-T-TN--LRD-KK-QKV-YSLF-YRLDVVQINNNQNNRSNNS------------------------------------------NTSYRLI---NCNTSAI-T---QA, 0.0000, 1
1.548551, -120.9961, 104, POINT, S, VKLTPLCVTLNCTNVTNNITT-------------------------------------DMRGELKN----CSFNT-T-TN--LRD-KK-QKV-YSLF-YRLDVVSINNNQNNRSNNS------------------------------------------NTSYRLI---NCNTSAI-T---QA, 0.0000, 0
1.550305, -120.8287, 99, POINT, T, VKLTPLCVTLNCTNVTNNITT-------------------------------------DMRGELKN----CSFNT-T-TN--LRD-KK-QKV-YSLF-YTLDVVQINNNQNNRSNNS------------------------------------------NTSYRLI---NCNTSAI-T---QA, 0.0000, 1
1.571563, -81.1150, [59, 60, 61, 63], CHUNK, ['I', 'K', 'E', 'I'], VKLTPLCVTLNCTNVTNNITT-------------------------------------DIKEEIKN----CSFNT-T-TN--LRD-KK-QKV-YSLF-YTLDVVQINNNQNNRSNNS------------------------------------------NTSYRLI---NCNTSAI-T---QA, 0.2827, 0
1.563031, -118.2242, 98, POINT, N, VKLTPLCVTLNCTNVTNNITT-------------------------------------DMRGELKN----CSFNT-T-TN--LRD-KK-QKV-YSLF-NTLDVVQINNNQNNRSNNS------------------------------------------NTSYRLI---NCNTSAI-T---QA, 0.0000, 0
1.598980, -117.8432, [59, 60, 63], CHUNK, ['T', 'N', 'I'], VKLTPLCVTLNCTNVTNNITT-------------------------------------DTNGEIKN----CSFNT-T-TN--LRD-KK-QKV-YSLF-YTLDVVQINNNQNNRSNNS------------------------------------------NTSYRLI---NCNTSAI-T---QA, 0.0000, 0
1.565006, -118.8544, [174], CHUNK, ['T'], VKLTPLCVTLNCTNVTNNITT-------------------------------------DMRGELKN----CSFNT-T-TN--LRD-KK-QKV-YSLF-YTLDVVQINNNQNNRSNNS------------------------------------------NTSYRLI---NCNTSTI-T---QA, 0.1015, 0
1.552737, -119.3073, 58, POINT, T, VKLTPLCVTLNCTNVTNNITT-------------------------------------TMRGELKN----CSFNT-T-TN--LRD-KK-QKV-YSLF-YRLDVVQINNNQNNRSNNS------------------------------------------NTSYRLI---NCNTSAI-T---QA, 0.0000, 0
1.556378, -120.4032, [106, 109], CHUNK, ['D', 'T'], VKLTPLCVTLNCTNVTNNITT-------------------------------------DMRGELKN----CSFNT-T-TN--LRD-KK-QKV-YSLF-YRLDVVQIDNNTNNRSNNS------------------------------------------NTSYRLI---NCNTSAI-T---QA, 0.0000, 0
1.550785, -118.6867, [174, 175], CHUNK, ['T', 'T'], VKLTPLCVTLNCTNVTNNITT-------------------------------------DMRGELKN----CSFNT-T-TN--LRD-KK-QKV-YSLF-YRLDVVQINNNQNNRSNNS------------------------------------------NTSYRLI---NCNTSTT-T---QA, 0.1595, 0
1.550785, -118.6343, [174, 175], CHUNK, ['T', 'T'], VKLTPLCVTLNCTNVTNNITT-------------------------------------DMRGELKN----CSFNT-T-TN--LRD-KK-QKV-YSLF-YRLDVVQINNNQNNRSNNS------------------------------------------NTSYRLI---NCNTSTT-T---QA, 0.0000, 0
1.524725, -124.1295, 163, POINT, T, VKLTPLCVTLNCTNVTNNITT-------------------------------------DMRGELKN----CSFNT-T-TE--LRD-KK-QKV-YSLF-YRLDVVQINNNQNNRSNNS------------------------------------------NTSYTLI---NCNTSAI-T---QA, 0.0000, 1
1.539840, -121.7126, 174, POINT, T, VKLTPLCVTLNCTNVTNNITT-------------------------------------DMRGELKN----CSFNT-T-TE--LRD-KK-QKV-YSLF-YRLDVVQINNNQNNRSNNS------------------------------------------NTSYTLI---NCNTSTI-T---QA, 0.0000, 0
1.543409, -107.0360, 61, POINT, N, VKLTPLCVTLNCTNVTNNITT-------------------------------------DMRNELKN----CSFNT-T-TE--LRD-KK-QKV-YSLF-YRLDVVQINNNQNNRSNNS------------------------------------------NTSYTLI---NCNTSAI-T---QA, 0.0000, 0
1.540637, -124.0866, 104, POINT, L, VKLTPLCVTLNCTNVTNNITT-------------------------------------DMRGELKN----CSFNT-T-TE--LRD-KK-QKV-YSLF-YRLDVVLINNNQNNRSNNS------------------------------------------NTSYTLI---NCNTSAI-T---QA, 0.0000, 0
1.541406, -119.1489, 60, POINT, T, VKLTPLCVTLNCTNVTNNITT-------------------------------------DMTGELKN----CSFNT-T-TE--LRD-KK-QKV-YSLF-YRLDVVQINNNQNNRSNNS------------------------------------------NTSYTLI---NCNTSAI-T---QA, 0.0000, 1
1.553392, -117.8724, [91, 94, 99], CHUNK, ['E', 'A', 'K'], VKLTPLCVTLNCTNVTNNITT-------------------------------------DMTGELKN----CSFNT-T-TE--LRD-KK-QKE-YALF-YKLDVVQINNNQNNRSNNS------------------------------------------NTSYTLI---NCNTSAI-T---QA, 0.0000, 1
1.565319, -115.8970, 165, POINT, T, VKLTPLCVTLNCTNVTNNITT-------------------------------------DMTGELKN----CSFNT-T-TE--LRD-KK-QKE-YALF-YKLDVVQINNNQNNRSNNS------------------------------------------NTSYTLT---NCNTSAI-T---QA, 0.0000, 0
1.571540, -116.4076, [89], CHUNK, ['N'], VKLTPLCVTLNCTNVTNNITT-------------------------------------DMTGELKN----CSFNT-T-TE--LRD-KK-NKE-YALF-YKLDVVQINNNQNNRSNNS------------------------------------------NTSYTLI---NCNTSAI-T---QA, 0.0000, 0
1.575595, -117.1497, 79, POINT, N, VKLTPLCVTLNCTNVTNNITT-------------------------------------DMTGELKN----CSFNT-T-TN--LRD-KK-QKE-YALF-YKLDVVQINNNQNNRSNNS------------------------------------------NTSYTLI---NCNTSAI-T---QA, 0.0000, 1
1.597257, -117.3264, 83, POINT, T, VKLTPLCVTLNCTNVTNNITT-------------------------------------DMTGELKN----CSFNT-T-TN--LTD-KK-QKE-YALF-YKLDVVQINNNQNNRSNNS------------------------------------------NTSYTLI---NCNTSAI-T---QA, 0.0000, 0
1.583513, -116.5880, 87, POINT, T, VKLTPLCVTLNCTNVTNNITT-------------------------------------DMTGELKN----CSFNT-T-TN--LRD-KT-QKE-YALF-YKLDVVQINNNQNNRSNNS------------------------------------------NTSYTLI---NCNTSAI-T---QA, 0.0000, 1
1.600092, -115.6407, 59, POINT, S, VKLTPLCVTLNCTNVTNNITT-------------------------------------DSTGELKN----CSFNT-T-TN--LRD-KT-QKE-YALF-YKLDVVQINNNQNNRSNNS------------------------------------------NTSYTLI---NCNTSAI-T---QA, 0.0000, 1
1.607208, -88.8438, [174], CHUNK, ['V'], VKLTPLCVTLNCTNVTNNITT-------------------------------------DSTGELKN----CSFNT-T-TN--LRD-KT-QKE-YALF-YKLDVVQINNNQNNRSNNS------------------------------------------NTSYTLI---NCNTSVI-T---QA, 0.4098, 0
1.607208, -94.7805, [174], CHUNK, ['V'], VKLTPLCVTLNCTNVTNNITT-------------------------------------DSTGELKN----CSFNT-T-TN--LRD-KT-QKE-YALF-YKLDVVQINNNQNNRSNNS------------------------------------------NTSYTLI---NCNTSVI-T---QA, 0.4237, 0
1.616178, -115.0133, 58, POINT, S, VKLTPLCVTLNCTNVTNNITT-------------------------------------SSTGELKN----CSFNT-T-TN--LRD-KT-QKE-YALF-YKLDVVQINNNQNNRSNNS------------------------------------------NTSYTLI---NCNTSAI-T---QA, 0.0000, 0
1.639512, -115.3371, 109, POINT, N, VKLTPLCVTLNCTNVTNNITT-------------------------------------DSTGELKN----CSFNT-T-TN--LRD-KT-QKE-YALF-YKLDVVQINNNNNNRSNNS------------------------------------------NTSYTLI---NCNTSAI-T---QA, 0.0000, 1
1.646882, -111.2596, [174, 175], CHUNK, ['T', 'L'], VKLTPLCVTLNCTNVTNNITT-------------------------------------DSTGELKN----CSFNT-T-TN--LRD-KT-QKE-YALF-YKLDVVQINNNNNNRSNNS------------------------------------------NTSYTLI---NCNTSTL-T---QA, 0.0822, 0
1.664502, -114.4079, 18, POINT, T, VKLTPLCVTLNCTNVTNNTTT-------------------------------------DSTGELKN----CSFNT-T-TN--LRD-KT-QKE-YALF-YKLDVVQINNNNNNRSNNS------------------------------------------NTSYTLI---NCNTSAI-T---QA, 0.0666, 0
1.647820, -115.4272, [99], CHUNK, ['T'], VKLTPLCVTLNCTNVTNNITT-------------------------------------DSTGELKN----CSFNT-T-TN--LRD-KT-QKE-YALF-YTLDVVQINNNNNNRSNNS------------------------------------------NTSYTLI---NCNTSAI-T---QA, 0.0000, 0
1.649127, -112.7960, 84, POINT, T, VKLTPLCVTLNCTNVTNNITT-------------------------------------DSTGELKN----CSFNT-T-TN--LRT-KT-QKE-YALF-YKLDVVQINNNNNNRSNNS------------------------------------------NTSYTLI---NCNTSAI-T---QA, 0.0000, 0
1.612481, -115.1302, 103, POINT, T, VKLTPLCVTLNCTNVTNNITT-------------------------------------DSTGELKN----CSFNT-T-TN--LRD-KT-QKE-YALF-YKLDVTQINNNQNNRSNNS------------------------------------------NTSYTLI---NCNTSAI-T---QA, 0.0000, 0
1.639512, -115.3371, 109, POINT, N, VKLTPLCVTLNCTNVTNNITT-------------------------------------DSTGELKN----CSFNT-T-TN--LRD-KT-QKE-YALF-YKLDVVQINNNNNNRSNNS------------------------------------------NTSYTLI---NCNTSAI-T---QA, 0.0000, 0
1.608456, -117.4618, [17, 18, 20], CHUNK, ['S', 'T', 'N'], VKLTPLCVTLNCTNVTNSTTN-------------------------------------DSTGELKN----CSFNT-T-TN--LRD-KT-QKE-YALF-YKLDVVQINNNQNNRSNNS------------------------------------------NTSYTLI---NCNTSAI-T---QA, 0.0000, 0
1.608400, -115.7307, [99], CHUNK, ['T'], VKLTPLCVTLNCTNVTNNITT-------------------------------------DSTGELKN----CSFNT-T-TN--LRD-KT-QKE-YALF-YTLDVVQINNNQNNRSNNS------------------------------------------NTSYTLI---NCNTSAI-T---QA, 0.0000, 0
1.595999, 5.7734, [79, 82, 83], CHUNK, ['S', 'I', 'N'], VKLTPLCVTLNCTNVTNNITT-------------------------------------DMTGELKN----CSFNT-T-TS--IND-KT-QKE-YALF-YKLDVVQINNNQNNRSNNS------------------------------------------NTSYTLI---NCNTSAI-T---QA, 0.0931, 0
1.614044, -118.4229, [58, 59, 60, 63], CHUNK, ['T', 'T', 'G', 'I'], VKLTPLCVTLNCTNVTNNITT-------------------------------------TTGGEIKN----CSFNT-T-TN--LRD-KT-QKE-YALF-YKLDVVQINNNQNNRSNNS------------------------------------------NTSYTLI---NCNTSAI-T---QA, 0.1313, 1
1.631017, -117.9590, [116], CHUNK, ['T'], VKLTPLCVTLNCTNVTNNITT-------------------------------------TTGGEIKN----CSFNT-T-TN--LRD-KT-QKE-YALF-YKLDVVQINNNQNNRSNNT------------------------------------------NTSYTLI---NCNTSAI-T---QA, 0.1313, 1
1.638133, -102.1460, [174], CHUNK, ['V'], VKLTPLCVTLNCTNVTNNITT-------------------------------------TTGGEIKN----CSFNT-T-TN--LRD-KT-QKE-YALF-YKLDVVQINNNQNNRSNNT------------------------------------------NTSYTLI---NCNTSVI-T---QA, 0.4539, 0
1.646132, -115.9233, [174], CHUNK, ['T'], VKLTPLCVTLNCTNVTNNITT-------------------------------------TTGGEIKN----CSFNT-T-TN--LRD-KT-QKE-YALF-YKLDVVQINNNQNNRSNNT------------------------------------------NTSYTLI---NCNTSTI-T---QA, 0.1313, 0
1.660395, -116.1372, 18, POINT, N, VKLTPLCVTLNCTNVTNNNTT-------------------------------------TTGGEIKN----CSFNT-T-TN--LRD-KT-QKE-YALF-YKLDVVQINNNQNNRSNNT------------------------------------------NTSYTLI---NCNTSAI-T---QA, 0.1313, 0
1.642296, -28.7552, [82, 83, 84], CHUNK, ['I', 'N', 'G'], VKLTPLCVTLNCTNVTNNITT-------------------------------------TTGGEIKN----CSFNT-T-TN--ING-KT-QKE-YALF-YKLDVVQINNNQNNRSNNT------------------------------------------NTSYTLI---NCNTSAI-T---QA, 0.4485, 0
1.627821, -115.0451, [173, 174], CHUNK, ['T', 'T'], VKLTPLCVTLNCTNVTNNITT-------------------------------------TTGGEIKN----CSFNT-T-TN--LRD-KT-QKE-YALF-YKLDVVQINNNQNNRSNNS------------------------------------------NTSYTLI---NCNTTTI-T---QA, 0.1313, 0
1.662685, -97.9040, [60, 61, 63, 64], CHUNK, ['N', 'N', 'M', 'T'], VKLTPLCVTLNCTNVTNNITT-------------------------------------TTNNEMTN----CSFNT-T-TN--LRD-KT-QKE-YALF-YKLDVVQINNNQNNRSNNS------------------------------------------NTSYTLI---NCNTSAI-T---QA, 0.1313, 0
1.627118, -117.5798, 18, POINT, S, VKLTPLCVTLNCTNVTNNSTT-------------------------------------TTGGEIKN----CSFNT-T-TN--LRD-KT-QKE-YALF-YKLDVVQINNNQNNRSNNS------------------------------------------NTSYTLI---NCNTSAI-T---QA, 0.1313, 0
1.621160, -104.2090, [174], CHUNK, ['V'], VKLTPLCVTLNCTNVTNNITT-------------------------------------TTGGEIKN----CSFNT-T-TN--LRD-KT-QKE-YALF-YKLDVVQINNNQNNRSNNS------------------------------------------NTSYTLI---NCNTSVI-T---QA, 0.8036, 0
1.600121, -115.9496, 89, POINT, T, VKLTPLCVTLNCTNVTNNITT-------------------------------------DMTGELKN----CSFNT-T-TN--LRD-KT-TKE-YALF-YKLDVVQINNNQNNRSNNS------------------------------------------NTSYTLI---NCNTSAI-T---QA, 0.0000, 0
1.595440, -114.8532, [165], CHUNK, ['T'], VKLTPLCVTLNCTNVTNNITT-------------------------------------DMTGELKN----CSFNT-T-TN--LRD-KT-QKE-YALF-YKLDVVQINNNQNNRSNNS------------------------------------------NTSYTLT---NCNTSAI-T---QA, 0.1713, 1
1.611205, -113.8761, 104, POINT, S, VKLTPLCVTLNCTNVTNNITT-------------------------------------DMTGELKN----CSFNT-T-TN--LRD-KT-QKE-YALF-YKLDVVSINNNQNNRSNNS------------------------------------------NTSYTLT---NCNTSAI-T---QA, 0.1713, 0
1.607211, -114.2380, 105, POINT, T, VKLTPLCVTLNCTNVTNNITT-------------------------------------DMTGELKN----CSFNT-T-TN--LRD-KT-QKE-YALF-YKLDVVQTNNNQNNRSNNS------------------------------------------NTSYTLT---NCNTSAI-T---QA, 0.1713, 0
1.610531, -113.0078, [174], CHUNK, ['T'], VKLTPLCVTLNCTNVTNNITT-------------------------------------DMTGELKN----CSFNT-T-TN--LRD-KT-QKE-YALF-YKLDVVQINNNQNNRSNNS------------------------------------------NTSYTLT---NCNTSTI-T---QA, 0.1713, 0
1.617084, 10.1318, [82, 83, 84, 87, 89], CHUNK, ['I', 'Q', 'N', 'N', 'S'], VKLTPLCVTLNCTNVTNNITT-------------------------------------DMTGELKN----CSFNT-T-TN--IQN-KN-SKE-YALF-YKLDVVQINNNQNNRSNNS------------------------------------------NTSYTLT---NCNTSAI-T---QA, 0.2575, 0
1.595903, -116.0775, 103, POINT, T, VKLTPLCVTLNCTNVTNNITT-------------------------------------DMTGELKN----CSFNT-T-TN--LRD-KT-QKE-YALF-YKLDVTQINNNQNNRSNNS------------------------------------------NTSYTLI---NCNTSAI-T---QA, 0.0000, 1
1.603398, 7.5099, [82], CHUNK, ['I'], VKLTPLCVTLNCTNVTNNITT-------------------------------------DMTGELKN----CSFNT-T-TN--IRD-KT-QKE-YALF-YKLDVTQINNNQNNRSNNS------------------------------------------NTSYTLI---NCNTSAI-T---QA, 0.2243, 0
1.607108, -114.9445, [103, 106, 109], CHUNK, ['V', 'D', 'T'], VKLTPLCVTLNCTNVTNNITT-------------------------------------DMTGELKN----CSFNT-T-TN--LRD-KT-QKE-YALF-YKLDVVQIDNNTNNRSNNS------------------------------------------NTSYTLI---NCNTSAI-T---QA, 0.0000, 0
1.606640, -116.1799, 99, POINT, T, VKLTPLCVTLNCTNVTNNITT-------------------------------------DMTGELKN----CSFNT-T-TN--LRD-KT-QKE-YALF-YTLDVTQINNNQNNRSNNS------------------------------------------NTSYTLI---NCNTSAI-T---QA, 0.0000, 0
1.620323, -114.5532, 18, POINT, T, VKLTPLCVTLNCTNVTNNTTT-------------------------------------DMTGELKN----CSFNT-T-TN--LRD-KT-QKE-YALF-YKLDVTQINNNQNNRSNNS------------------------------------------NTSYTLI---NCNTSAI-T---QA, 0.0000, 0
1.611332, -114.0730, [102, 104, 105, 106, 108, 109], CHUNK, ['I', 'P', 'L', 'S', 'T', 'N'], VKLTPLCVTLNCTNVTNNITT-------------------------------------DMTGELKN----CSFNT-T-TN--LRD-KT-QKE-YALF-YKLDIVPLSNTNNNRSNNS------------------------------------------NTSYTLI---NCNTSAI-T---QA, 0.0000, 0
1.611169, -114.2690, 14, POINT, N, VKLTPLCVTLNCTNNTNNITT-------------------------------------DMTGELKN----CSFNT-T-TN--LRD-KT-QKE-YALF-YKLDVVQINNNQNNRSNNS------------------------------------------NTSYTLI---NCNTSAI-T---QA, 0.0000, 0
1.611417, -114.2443, 18, POINT, N, VKLTPLCVTLNCTNVTNNNTT-------------------------------------DMTGELKN----CSFNT-T-TN--LRD-KT-QKE-YALF-YKLDVVQINNNQNNRSNNS------------------------------------------NTSYTLI---NCNTSAI-T---QA, 0.0000, 0
1.595197, -113.3811, [63, 64], CHUNK, ['I', 'T'], VKLTPLCVTLNCTNVTNNITT-------------------------------------DMTGEITN----CSFNT-T-TN--LRD-KT-QKE-YALF-YKLDVVQINNNQNNRSNNS------------------------------------------NTSYTLI---NCNTSAI-T---QA, 0.0000, 0
1.592580, -116.9064, [83, 86, 89], CHUNK, ['N', 'I', 'K'], VKLTPLCVTLNCTNVTNNITT-------------------------------------DMTGELKN----CSFNT-T-TN--LND-IK-KKE-YALF-YKLDVVQINNNQNNRSNNS------------------------------------------NTSYTLI---NCNTSAI-T---QA, 0.0000, 0
1.590710, -114.7329, [174], CHUNK, ['T'], VKLTPLCVTLNCTNVTNNITT-------------------------------------DMTGELKN----CSFNT-T-TN--LRD-KK-QKE-YALF-YKLDVVQINNNQNNRSNNS------------------------------------------NTSYTLI---NCNTSTI-T---QA, 0.0000, 1
1.597154, -44.4093, 82, POINT, I, VKLTPLCVTLNCTNVTNNITT-------------------------------------DMTGELKN----CSFNT-T-TN--IRD-KK-QKE-YALF-YKLDVVQINNNQNNRSNNS------------------------------------------NTSYTLI---NCNTSTI-T---QA, 0.6187, 0
1.604897, -113.7667, [87, 89], CHUNK, ['T', 'K'], VKLTPLCVTLNCTNVTNNITT-------------------------------------DMTGELKN----CSFNT-T-TN--LRD-KT-KKE-YALF-YKLDVVQINNNQNNRSNNS------------------------------------------NTSYTLI---NCNTSTI-T---QA, 0.0000, 0
1.618613, -113.3031, 18, POINT, N, VKLTPLCVTLNCTNVTNNNTT-------------------------------------DMTGELKN----CSFNT-T-TN--LRD-KK-QKE-YALF-YKLDVVQINNNQNNRSNNS------------------------------------------NTSYTLI---NCNTSTI-T---QA, 0.0548, 0
1.616255, -110.6494, [87, 89, 90, 91], CHUNK, ['N', 'K', 'N', 'V'], VKLTPLCVTLNCTNVTNNITT-------------------------------------DMTGELKN----CSFNT-T-TN--LRD-KN-KNV-YALF-YKLDVVQINNNQNNRSNNS------------------------------------------NTSYTLI---NCNTSTI-T---QA, 0.0000, 0
1.590710, -114.7329, [174], CHUNK, ['T'], VKLTPLCVTLNCTNVTNNITT-------------------------------------DMTGELKN----CSFNT-T-TN--LRD-KK-QKE-YALF-YKLDVVQINNNQNNRSNNS------------------------------------------NTSYTLI---NCNTSTI-T---QA, 0.0000, 1
1.599017, -114.8750, [99], CHUNK, ['T'], VKLTPLCVTLNCTNVTNNITT-------------------------------------DMTGELKN----CSFNT-T-TN--LRD-KK-QKE-YALF-YTLDVVQINNNQNNRSNNS------------------------------------------NTSYTLI---NCNTSTI-T---QA, 0.0772, 0
1.599017, -115.0618, [99], CHUNK, ['T'], VKLTPLCVTLNCTNVTNNITT-------------------------------------DMTGELKN----CSFNT-T-TN--LRD-KK-QKE-YALF-YTLDVVQINNNQNNRSNNS------------------------------------------NTSYTLI---NCNTSTI-T---QA, 0.1672, 0
1.595929, -113.8027, [87, 89], CHUNK, ['V', 'K'], VKLTPLCVTLNCTNVTNNITT-------------------------------------DMTGELKN----CSFNT-T-TN--LRD-KV-KKE-YALF-YKLDVVQINNNQNNRSNNS------------------------------------------NTSYTLI---NCNTSTI-T---QA, 0.0000, 0
1.603034, -114.8383, 62, POINT, T, VKLTPLCVTLNCTNVTNNITT-------------------------------------DMTGTLKN----CSFNT-T-TN--LRD-KK-QKE-YALF-YKLDVVQINNNQNNRSNNS------------------------------------------NTSYTLI---NCNTSTI-T---QA, 0.0000, 1
1.605912, 10.5639, [82, 87, 89], CHUNK, ['I', 'M', 'K'], VKLTPLCVTLNCTNVTNNITT-------------------------------------DMTGTLKN----CSFNT-T-TN--IRD-KM-KKE-YALF-YKLDVVQINNNQNNRSNNS------------------------------------------NTSYTLI---NCNTSTI-T---QA, 0.0000, 0
1.614376, -113.4710, 18, POINT, S, VKLTPLCVTLNCTNVTNNSTT-------------------------------------DMTGTLKN----CSFNT-T-TN--LRD-KK-QKE-YALF-YKLDVVQINNNQNNRSNNS------------------------------------------NTSYTLI---NCNTSTI-T---QA, 0.0000, 0
1.632315, -112.4946, 18, POINT, N, VKLTPLCVTLNCTNVTNNNTT-------------------------------------DMTGTLKN----CSFNT-T-TN--LRD-KK-QKE-YALF-YKLDVVQINNNQNNRSNNS------------------------------------------NTSYTLI---NCNTSTI-T---QA, 0.0000, 0
1.610712, -112.1501, 84, POINT, T, VKLTPLCVTLNCTNVTNNITT-------------------------------------DMTGTLKN----CSFNT-T-TN--LRT-KK-QKE-YALF-YKLDVVQINNNQNNRSNNS------------------------------------------NTSYTLI---NCNTSTI-T---QA, 0.0000, 0
1.604651, 50.0316, [82, 83, 84, 86, 87], CHUNK, ['I', 'G', 'T', 'T', 'V'], VKLTPLCVTLNCTNVTNNITT-------------------------------------DMTGELKN----CSFNT-T-TN--IGT-TV-QKE-YALF-YKLDVVQINNNQNNRSNNS------------------------------------------NTSYTLI---NCNTSTI-T---QA, 0.7810, 0
1.606481, -98.0494, [61, 63], CHUNK, ['S', 'I'], VKLTPLCVTLNCTNVTNNITT-------------------------------------DMTSEIKN----CSFNT-T-TN--LRD-KK-QKE-YALF-YKLDVVQINNNQNNRSNNS------------------------------------------NTSYTLI---NCNTSTI-T---QA, 0.1132, 0
1.593215, -118.3958, 20, POINT, N, VKLTPLCVTLNCTNVTNNITN-------------------------------------DMTGELKN----CSFNT-T-TN--LRD-KK-QKE-YALF-YKLDVVQINNNQNNRSNNS------------------------------------------NTSYTLI---NCNTSTI-T---QA, 0.0000, 0
1.595384, -112.1223, 98, POINT, N, VKLTPLCVTLNCTNVTNNITT-------------------------------------DMTGELKN----CSFNT-T-TN--LRD-KK-QKE-YALF-NKLDVVQINNNQNNRSNNS------------------------------------------NTSYTLI---NCNTSTI-T---QA, 0.0000, 0
1.587622, -116.6287, 59, POINT, V, VKLTPLCVTLNCTNVTNNITT-------------------------------------DVTGELKN----CSFNT-T-TN--LRD-KK-QKE-YALF-YKLDVVQINNNQNNRSNNS------------------------------------------NTSYTLI---NCNTSAI-T---QA, 0.0000, 1
1.593576, -116.8606, 104, POINT, P, VKLTPLCVTLNCTNVTNNITT-------------------------------------DVTGELKN----CSFNT-T-TN--LRD-KK-QKE-YALF-YKLDVVPINNNQNNRSNNS------------------------------------------NTSYTLI---NCNTSAI-T---QA, 0.0000, 0
1.602737, -114.2118, [174], CHUNK, ['T'], VKLTPLCVTLNCTNVTNNITT-------------------------------------DVTGELKN----CSFNT-T-TN--LRD-KK-QKE-YALF-YKLDVVQINNNQNNRSNNS------------------------------------------NTSYTLI---NCNTSTI-T---QA, 0.0000, 0
1.603765, -116.4629, 104, POINT, L, VKLTPLCVTLNCTNVTNNITT-------------------------------------DVTGELKN----CSFNT-T-TN--LRD-KK-QKE-YALF-YKLDVVLINNNQNNRSNNS------------------------------------------NTSYTLI---NCNTSAI-T---QA, 0.0000, 0
1.603386, -115.5704, 104, POINT, S, VKLTPLCVTLNCTNVTNNITT-------------------------------------DVTGELKN----CSFNT-T-TN--LRD-KK-QKE-YALF-YKLDVVSINNNQNNRSNNS------------------------------------------NTSYTLI---NCNTSAI-T---QA, 0.0000, 0
1.590710, -114.7329, [174], CHUNK, ['T'], VKLTPLCVTLNCTNVTNNITT-------------------------------------DMTGELKN----CSFNT-T-TN--LRD-KK-QKE-YALF-YKLDVVQINNNQNNRSNNS------------------------------------------NTSYTLI---NCNTSTI-T---QA, 0.0000, 0
1.593885, -120.3843, [59, 60, 63], CHUNK, ['I', 'N', 'I'], VKLTPLCVTLNCTNVTNNITT-------------------------------------DINGEIKN----CSFNT-T-TN--LRD-KK-QKE-YALF-YKLDVVQINNNQNNRSNNS------------------------------------------NTSYTLI---NCNTSAI-T---QA, 0.0000, 0
1.582710, -90.9620, [174], CHUNK, ['V'], VKLTPLCVTLNCTNVTNNITT-------------------------------------DMTGELKN----CSFNT-T-TN--LRD-KK-QKE-YALF-YKLDVVQINNNQNNRSNNS------------------------------------------NTSYTLI---NCNTSVI-T---QA, 0.6559, 0
1.587522, -115.1742, 165, POINT, T, VKLTPLCVTLNCTNVTNNITT-------------------------------------DMTGELKN----CSFNT-T-TN--LRD-KK-QKE-YALF-YKLDVVQINNNQNNRSNNS------------------------------------------NTSYTLT---NCNTSAI-T---QA, 0.0000, 0
1.575086, -100.8166, 61, POINT, N, VKLTPLCVTLNCTNVTNNITT-------------------------------------DMTNELKN----CSFNT-T-TE--LRD-KK-QKE-YALF-YKLDVVQINNNQNNRSNNS------------------------------------------NTSYTLI---NCNTSAI-T---QA, 0.0000, 0
1.572649, -115.4204, [98, 99, 102], CHUNK, ['N', 'T', 'I'], VKLTPLCVTLNCTNVTNNITT-------------------------------------DMTGELKN----CSFNT-T-TE--LRD-KK-QKE-YALF-NTLDIVQINNNQNNRSNNS------------------------------------------NTSYTLI---NCNTSAI-T---QA, 0.0000, 0
1.560744, -117.0697, 104, POINT, K, VKLTPLCVTLNCTNVTNNITT-------------------------------------DMTGELKN----CSFNT-T-TE--LRD-KK-QKE-YALF-YKLDVVKINNNQNNRSNNS------------------------------------------NTSYTLI---NCNTSAI-T---QA, 0.0000, 0
1.567334, -117.1776, 58, POINT, S, VKLTPLCVTLNCTNVTNNITT-------------------------------------SMTGELKN----CSFNT-T-TE--LRD-KK-QKE-YALF-YKLDVVQINNNQNNRSNNS------------------------------------------NTSYTLI---NCNTSAI-T---QA, 0.0000, 0
------END OF DATA------
Best coverage = 1.63951216324
Best sequence = VKLTPLCVTLNCTNVTNNITT-------------------------------------DSTGELKN----CSFNT-T-TN--LRD-KT-QKE-YALF-YKLDVVQINNNNNNRSNNS------------------------------------------NTSYTLI---NCNTSAI-T---QA
Best energy = -115.337138225
Best RMSD = 0.0
Hard Covereage = 0.06331132089
Num epitopes = 59
