Name base = V1V2_200_exp_1_9_ni
Iters = 200
Soft coverage = 0.284621885725
Energy = -131.952178603
Hard Covereage = 0.0368019545157
Num epitopes = 65
Initial seq = VKLTPLCVTLQCTNVTNNITD-------------------------------------DMRGELKN----CSFNM-T-TE--LRD-KK-QKV-YSLF-YRLDVVQINENQGNRSNNS------------------------------------------NKEYRLI---NCNTSAI-T---QA
-------START OF DATA------
0.302436, -90.6379, [10, 13, 14, 15, 16, 18], CHUNK, ['N', 'D', 'Y', 'N', 'G', 'N'], VKLTPLCVTLNCTDYNGNNTD-------------------------------------DMRGELKN----CSFNM-T-TE--LRD-KK-QKV-YSLF-YRLDVVQINENQGNRSNNS------------------------------------------NKEYRLI---NCNTSAI-T---QA, 0.3494, 0
0.298872, -131.1119, [10, 12], CHUNK, ['N', 'S'], VKLTPLCVTLNCSNVTNNITD-------------------------------------DMRGELKN----CSFNM-T-TE--LRD-KK-QKV-YSLF-YRLDVVQINENQGNRSNNS------------------------------------------NKEYRLI---NCNTSAI-T---QA, 0.0000, 1
0.306154, -112.1296, [174], CHUNK, ['V'], VKLTPLCVTLNCSNVTNNITD-------------------------------------DMRGELKN----CSFNM-T-TE--LRD-KK-QKV-YSLF-YRLDVVQINENQGNRSNNS------------------------------------------NKEYRLI---NCNTSVI-T---QA, 0.3319, 0
0.302913, -126.8034, 74, POINT, T, VKLTPLCVTLNCSNVTNNITD-------------------------------------DMRGELKN----CSFNT-T-TE--LRD-KK-QKV-YSLF-YRLDVVQINENQGNRSNNS------------------------------------------NKEYRLI---NCNTSAI-T---QA, 0.0000, 0
0.302620, -131.3164, 104, POINT, P, VKLTPLCVTLNCSNVTNNITD-------------------------------------DMRGELKN----CSFNM-T-TE--LRD-KK-QKV-YSLF-YRLDVVPINENQGNRSNNS------------------------------------------NKEYRLI---NCNTSAI-T---QA, 0.0000, 0
0.303955, -130.5357, 160, POINT, T, VKLTPLCVTLNCSNVTNNITD-------------------------------------DMRGELKN----CSFNM-T-TE--LRD-KK-QKV-YSLF-YRLDVVQINENQGNRSNNS------------------------------------------NTEYRLI---NCNTSAI-T---QA, 0.0000, 1
0.305759, -129.0079, 91, POINT, E, VKLTPLCVTLNCSNVTNNITD-------------------------------------DMRGELKN----CSFNM-T-TE--LRD-KK-QKE-YSLF-YRLDVVQINENQGNRSNNS------------------------------------------NTEYRLI---NCNTSAI-T---QA, 0.0000, 1
0.313041, -110.2656, 174, POINT, V, VKLTPLCVTLNCSNVTNNITD-------------------------------------DMRGELKN----CSFNM-T-TE--LRD-KK-QKE-YSLF-YRLDVVQINENQGNRSNNS------------------------------------------NTEYRLI---NCNTSVI-T---QA, 0.2843, 0
0.316307, -127.1926, [94, 99], CHUNK, ['A', 'T'], VKLTPLCVTLNCSNVTNNITD-------------------------------------DMRGELKN----CSFNM-T-TE--LRD-KK-QKE-YALF-YTLDVVQINENQGNRSNNS------------------------------------------NTEYRLI---NCNTSAI-T---QA, 0.0687, 0
0.317307, -129.1844, 94, POINT, A, VKLTPLCVTLNCSNVTNNITD-------------------------------------DMRGELKN----CSFNM-T-TE--LRD-KK-QKE-YALF-YRLDVVQINENQGNRSNNS------------------------------------------NTEYRLI---NCNTSAI-T---QA, 0.0000, 1
0.324330, -128.8733, 161, POINT, S, VKLTPLCVTLNCSNVTNNITD-------------------------------------DMRGELKN----CSFNM-T-TE--LRD-KK-QKE-YALF-YRLDVVQINENQGNRSNNS------------------------------------------NTSYRLI---NCNTSAI-T---QA, 0.0000, 0
0.325658, -117.8681, [74, 79], CHUNK, ['I', 'S'], VKLTPLCVTLNCSNVTNNITD-------------------------------------DMRGELKN----CSFNI-T-TS--LRD-KK-QKE-YALF-YRLDVVQINENQGNRSNNS------------------------------------------NTEYRLI---NCNTSAI-T---QA, 0.1394, 0
0.327279, -110.2168, [74], CHUNK, ['I'], VKLTPLCVTLNCSNVTNNITD-------------------------------------DMRGELKN----CSFNI-T-TE--LRD-KK-QKE-YALF-YRLDVVQINENQGNRSNNS------------------------------------------NTEYRLI---NCNTSAI-T---QA, 0.5046, 0
0.324578, -127.5273, [63], CHUNK, ['I'], VKLTPLCVTLNCSNVTNNITD-------------------------------------DMRGEIKN----CSFNM-T-TE--LRD-KK-QKE-YALF-YRLDVVQINENQGNRSNNS------------------------------------------NTEYRLI---NCNTSAI-T---QA, 0.0000, 0
0.315175, -129.7630, [12], CHUNK, ['T'], VKLTPLCVTLNCTNVTNNITD-------------------------------------DMRGELKN----CSFNM-T-TE--LRD-KK-QKE-YSLF-YRLDVVQINENQGNRSNNS------------------------------------------NTEYRLI---NCNTSAI-T---QA, 0.0000, 1
0.318923, -129.9675, 104, POINT, P, VKLTPLCVTLNCTNVTNNITD-------------------------------------DMRGELKN----CSFNM-T-TE--LRD-KK-QKE-YSLF-YRLDVVPINENQGNRSNNS------------------------------------------NTEYRLI---NCNTSAI-T---QA, 0.0000, 1
0.322610, -130.0802, 107, POINT, N, VKLTPLCVTLNCTNVTNNITD-------------------------------------DMRGELKN----CSFNM-T-TE--LRD-KK-QKE-YSLF-YRLDVVPINNNQGNRSNNS------------------------------------------NTEYRLI---NCNTSAI-T---QA, 0.0000, 1
0.332541, -114.3648, [74, 79], CHUNK, ['I', 'N'], VKLTPLCVTLNCTNVTNNITD-------------------------------------DMRGELKN----CSFNI-T-TN--LRD-KK-QKE-YSLF-YRLDVVPINNNQGNRSNNS------------------------------------------NTEYRLI---NCNTSAI-T---QA, 0.2935, 0
0.334158, -130.2568, [94], CHUNK, ['A'], VKLTPLCVTLNCTNVTNNITD-------------------------------------DMRGELKN----CSFNM-T-TE--LRD-KK-QKE-YALF-YRLDVVPINNNQGNRSNNS------------------------------------------NTEYRLI---NCNTSAI-T---QA, 0.0000, 1
0.336321, -12.1101, 82, POINT, I, VKLTPLCVTLNCTNVTNNITD-------------------------------------DMRGELKN----CSFNM-T-TE--IRD-KK-QKE-YALF-YRLDVVPINNNQGNRSNNS------------------------------------------NTEYRLI---NCNTSAI-T---QA, 0.1608, 0
0.341441, -109.1134, [174], CHUNK, ['V'], VKLTPLCVTLNCTNVTNNITD-------------------------------------DMRGELKN----CSFNM-T-TE--LRD-KK-QKE-YALF-YRLDVVPINNNQGNRSNNS------------------------------------------NTEYRLI---NCNTSVI-T---QA, 0.2913, 0
0.344130, -123.7977, [74], CHUNK, ['I'], VKLTPLCVTLNCTNVTNNITD-------------------------------------DMRGELKN----CSFNI-T-TE--LRD-KK-QKE-YALF-YRLDVVPINNNQGNRSNNS------------------------------------------NTEYRLI---NCNTSAI-T---QA, 0.0770, 1
0.350136, -122.4617, 109, POINT, T, VKLTPLCVTLNCTNVTNNITD-------------------------------------DMRGELKN----CSFNI-T-TE--LRD-KK-QKE-YALF-YRLDVVPINNNTGNRSNNS------------------------------------------NTEYRLI---NCNTSAI-T---QA, 0.0770, 0
0.346009, -124.7242, 161, POINT, T, VKLTPLCVTLNCTNVTNNITD-------------------------------------DMRGELKN----CSFNI-T-TE--LRD-KK-QKE-YALF-YRLDVVPINNNQGNRSNNS------------------------------------------NTTYRLI---NCNTSAI-T---QA, 0.0714, 0
0.356807, -112.3065, [58, 59, 60, 63], CHUNK, ['I', 'E', 'K', 'I'], VKLTPLCVTLNCTNVTNNITD-------------------------------------IEKGEIKN----CSFNI-T-TE--LRD-KK-QKE-YALF-YRLDVVPINNNQGNRSNNS------------------------------------------NTEYRLI---NCNTSAI-T---QA, 0.0770, 0
0.351413, -111.5600, [174], CHUNK, ['V'], VKLTPLCVTLNCTNVTNNITD-------------------------------------DMRGELKN----CSFNI-T-TE--LRD-KK-QKE-YALF-YRLDVVPINNNQGNRSNNS------------------------------------------NTEYRLI---NCNTSVI-T---QA, 0.4131, 0
0.344089, -123.7591, [74, 79], CHUNK, ['I', 'N'], VKLTPLCVTLNCTNVTNNITD-------------------------------------DMRGELKN----CSFNI-T-TN--LRD-KK-QKE-YALF-YRLDVVPINNNQGNRSNNS------------------------------------------NTEYRLI---NCNTSAI-T---QA, 0.0058, 1
0.346258, -121.7857, 174, POINT, T, VKLTPLCVTLNCTNVTNNITD-------------------------------------DMRGELKN----CSFNI-T-TN--LRD-KK-QKE-YALF-YRLDVVPINNNQGNRSNNS------------------------------------------NTEYRLI---NCNTSTI-T---QA, 0.0315, 0
0.351371, -105.6366, [174], CHUNK, ['V'], VKLTPLCVTLNCTNVTNNITD-------------------------------------DMRGELKN----CSFNI-T-TN--LRD-KK-QKE-YALF-YRLDVVPINNNQGNRSNNS------------------------------------------NTEYRLI---NCNTSVI-T---QA, 0.3018, 0
0.351371, -103.4932, 174, POINT, V, VKLTPLCVTLNCTNVTNNITD-------------------------------------DMRGELKN----CSFNI-T-TN--LRD-KK-QKE-YALF-YRLDVVPINNNQGNRSNNS------------------------------------------NTEYRLI---NCNTSVI-T---QA, 0.1953, 0
0.351371, -100.6609, [174], CHUNK, ['V'], VKLTPLCVTLNCTNVTNNITD-------------------------------------DMRGELKN----CSFNI-T-TN--LRD-KK-QKE-YALF-YRLDVVPINNNQGNRSNNS------------------------------------------NTEYRLI---NCNTSVI-T---QA, 0.2702, 0
0.341182, -129.9457, 161, POINT, S, VKLTPLCVTLNCTNVTNNITD-------------------------------------DMRGELKN----CSFNM-T-TE--LRD-KK-QKE-YALF-YRLDVVPINNNQGNRSNNS------------------------------------------NTSYRLI---NCNTSAI-T---QA, 0.0000, 1
0.349902, -106.1092, [169, 174], CHUNK, ['S', 'V'], VKLTPLCVTLNCTNVTNNITD-------------------------------------DMRGELKN----CSFNM-T-TE--LRD-KK-QKE-YALF-YRLDVVPINNNQGNRSNNS------------------------------------------NTSYRLI---SCNTSVI-T---QA, 0.2295, 0
0.348464, -110.8615, 174, POINT, V, VKLTPLCVTLNCTNVTNNITD-------------------------------------DMRGELKN----CSFNM-T-TE--LRD-KK-QKE-YALF-YRLDVVPINNNQGNRSNNS------------------------------------------NTSYRLI---NCNTSVI-T---QA, 0.2685, 0
0.343462, -130.3338, 20, POINT, N, VKLTPLCVTLNCTNVTNNITN-------------------------------------DMRGELKN----CSFNM-T-TE--LRD-KK-QKE-YALF-YRLDVVPINNNQGNRSNNS------------------------------------------NTSYRLI---NCNTSAI-T---QA, 0.0000, 1
0.352169, -128.5148, [99], CHUNK, ['K'], VKLTPLCVTLNCTNVTNNITN-------------------------------------DMRGELKN----CSFNM-T-TE--LRD-KK-QKE-YALF-YKLDVVPINNNQGNRSNNS------------------------------------------NTSYRLI---NCNTSAI-T---QA, 0.0266, 1
0.366396, -2.5946, [74, 79, 82], CHUNK, ['I', 'S', 'I'], VKLTPLCVTLNCTNVTNNITN-------------------------------------DMRGELKN----CSFNI-T-TS--IRD-KK-QKE-YALF-YKLDVVPINNNQGNRSNNS------------------------------------------NTSYRLI---NCNTSAI-T---QA, 0.3329, 0
0.356354, -130.0391, 110, POINT, N, VKLTPLCVTLNCTNVTNNITN-------------------------------------DMRGELKN----CSFNM-T-TE--LRD-KK-QKE-YALF-YKLDVVPINNNQNNRSNNS------------------------------------------NTSYRLI---NCNTSAI-T---QA, 0.0302, 0
0.354332, -32.1012, 82, POINT, I, VKLTPLCVTLNCTNVTNNITN-------------------------------------DMRGELKN----CSFNM-T-TE--IRD-KK-QKE-YALF-YKLDVVPINNNQGNRSNNS------------------------------------------NTSYRLI---NCNTSAI-T---QA, 0.2311, 0
0.352982, -128.7734, 59, POINT, E, VKLTPLCVTLNCTNVTNNITN-------------------------------------DERGELKN----CSFNM-T-TE--LRD-KK-QKE-YALF-YKLDVVPINNNQGNRSNNS------------------------------------------NTSYRLI---NCNTSAI-T---QA, 0.0266, 1
0.353263, -128.2480, 87, POINT, V, VKLTPLCVTLNCTNVTNNITN-------------------------------------DERGELKN----CSFNM-T-TE--LRD-KV-QKE-YALF-YKLDVVPINNNQGNRSNNS------------------------------------------NTSYRLI---NCNTSAI-T---QA, 0.0266, 1
0.363288, -120.7421, 74, POINT, I, VKLTPLCVTLNCTNVTNNITN-------------------------------------DERGELKN----CSFNI-T-TE--LRD-KV-QKE-YALF-YKLDVVPINNNQGNRSNNS------------------------------------------NTSYRLI---NCNTSAI-T---QA, 0.0932, 0
0.361960, -124.1159, [59, 60, 63], CHUNK, ['D', 'K', 'I'], VKLTPLCVTLNCTNVTNNITN-------------------------------------DDKGEIKN----CSFNM-T-TE--LRD-KV-QKE-YALF-YKLDVVPINNNQGNRSNNS------------------------------------------NTSYRLI---NCNTSAI-T---QA, 0.0266, 0
0.355679, -126.2241, 63, POINT, M, VKLTPLCVTLNCTNVTNNITN-------------------------------------DERGEMKN----CSFNM-T-TE--LRD-KV-QKE-YALF-YKLDVVPINNNQGNRSNNS------------------------------------------NTSYRLI---NCNTSAI-T---QA, 0.0266, 1
0.366167, -119.9623, [74], CHUNK, ['I'], VKLTPLCVTLNCTNVTNNITN-------------------------------------DERGEMKN----CSFNI-T-TE--LRD-KV-QKE-YALF-YKLDVVPINNNQGNRSNNS------------------------------------------NTSYRLI---NCNTSAI-T---QA, 0.1271, 0
0.366167, -116.2711, [74], CHUNK, ['I'], VKLTPLCVTLNCTNVTNNITN-------------------------------------DERGEMKN----CSFNI-T-TE--LRD-KV-QKE-YALF-YKLDVVPINNNQGNRSNNS------------------------------------------NTSYRLI---NCNTSAI-T---QA, 0.2114, 0
0.364399, -99.5581, [169, 174], CHUNK, ['S', 'V'], VKLTPLCVTLNCTNVTNNITN-------------------------------------DERGEMKN----CSFNM-T-TE--LRD-KV-QKE-YALF-YKLDVVPINNNQGNRSNNS------------------------------------------NTSYRLI---SCNTSVI-T---QA, 0.4277, 0
0.366167, -109.7744, [74], CHUNK, ['I'], VKLTPLCVTLNCTNVTNNITN-------------------------------------DERGEMKN----CSFNI-T-TE--LRD-KV-QKE-YALF-YKLDVVPINNNQGNRSNNS------------------------------------------NTSYRLI---NCNTSAI-T---QA, 0.3457, 0
0.353648, -128.1900, 106, POINT, D, VKLTPLCVTLNCTNVTNNITN-------------------------------------DERGELKN----CSFNM-T-TE--LRD-KV-QKE-YALF-YKLDVVPIDNNQGNRSNNS------------------------------------------NTSYRLI---NCNTSAI-T---QA, 0.0266, 0
0.364984, -116.1464, [74, 79, 82], CHUNK, ['I', 'N', 'T'], VKLTPLCVTLNCTNVTNNITN-------------------------------------DERGELKN----CSFNI-T-TN--TRD-KV-QKE-YALF-YKLDVVPINNNQGNRSNNS------------------------------------------NTSYRLI---NCNTSAI-T---QA, 0.1051, 1
0.367864, -114.6606, 63, POINT, M, VKLTPLCVTLNCTNVTNNITN-------------------------------------DERGEMKN----CSFNI-T-TN--TRD-KV-QKE-YALF-YKLDVVPINNNQGNRSNNS------------------------------------------NTSYRLI---NCNTSAI-T---QA, 0.1045, 0
0.365369, -117.2718, 106, POINT, D, VKLTPLCVTLNCTNVTNNITN-------------------------------------DERGELKN----CSFNI-T-TN--TRD-KV-QKE-YALF-YKLDVVPIDNNQGNRSNNS------------------------------------------NTSYRLI---NCNTSAI-T---QA, 0.0892, 0
0.367864, -114.1872, 63, POINT, M, VKLTPLCVTLNCTNVTNNITN-------------------------------------DERGEMKN----CSFNI-T-TN--TRD-KV-QKE-YALF-YKLDVVPINNNQGNRSNNS------------------------------------------NTSYRLI---NCNTSAI-T---QA, 0.1051, 0
0.364987, -116.7040, 60, POINT, E, VKLTPLCVTLNCTNVTNNITN-------------------------------------DEEGELKN----CSFNI-T-TN--TRD-KV-QKE-YALF-YKLDVVPINNNQGNRSNNS------------------------------------------NTSYRLI---NCNTSAI-T---QA, 0.1578, 1
0.367156, -115.1427, 174, POINT, T, VKLTPLCVTLNCTNVTNNITN-------------------------------------DEEGELKN----CSFNI-T-TN--TRD-KV-QKE-YALF-YKLDVVPINNNQGNRSNNS------------------------------------------NTSYRLI---NCNTSTI-T---QA, 0.2537, 1
0.373707, -99.4580, [169, 174], CHUNK, ['S', 'V'], VKLTPLCVTLNCTNVTNNITN-------------------------------------DEEGELKN----CSFNI-T-TN--TRD-KV-QKE-YALF-YKLDVVPINNNQGNRSNNS------------------------------------------NTSYRLI---SCNTSVI-T---QA, 0.4028, 0
0.374123, -59.4269, [82], CHUNK, ['I'], VKLTPLCVTLNCTNVTNNITN-------------------------------------DEEGELKN----CSFNI-T-TN--IRD-KV-QKE-YALF-YKLDVVPINNNQGNRSNNS------------------------------------------NTSYRLI---NCNTSTI-T---QA, 0.3723, 0
0.372651, -114.8351, 109, POINT, N, VKLTPLCVTLNCTNVTNNITN-------------------------------------DEEGELKN----CSFNI-T-TN--TRD-KV-QKE-YALF-YKLDVVPINNNNGNRSNNS------------------------------------------NTSYRLI---NCNTSTI-T---QA, 0.2537, 0
0.372269, -101.3334, [174], CHUNK, ['V'], VKLTPLCVTLNCTNVTNNITN-------------------------------------DEEGELKN----CSFNI-T-TN--TRD-KV-QKE-YALF-YKLDVVPINNNQGNRSNNS------------------------------------------NTSYRLI---NCNTSVI-T---QA, 0.3910, 0
0.373632, -114.7667, 63, POINT, I, VKLTPLCVTLNCTNVTNNITN-------------------------------------DEEGEIKN----CSFNI-T-TN--TRD-KV-QKE-YALF-YKLDVVPINNNQGNRSNNS------------------------------------------NTSYRLI---NCNTSAI-T---QA, 0.1886, 0
0.372269, -100.2276, [174], CHUNK, ['V'], VKLTPLCVTLNCTNVTNNITN-------------------------------------DEEGELKN----CSFNI-T-TN--TRD-KV-QKE-YALF-YKLDVVPINNNQGNRSNNS------------------------------------------NTSYRLI---NCNTSVI-T---QA, 0.4745, 0
0.365192, -113.0529, 20, POINT, T, VKLTPLCVTLNCTNVTNNITT-------------------------------------DEEGELKN----CSFNI-T-TN--TRD-KV-QKE-YALF-YKLDVVPINNNQGNRSNNS------------------------------------------NTSYRLI---NCNTSAI-T---QA, 0.1578, 0
0.373632, -114.5662, [63], CHUNK, ['I'], VKLTPLCVTLNCTNVTNNITN-------------------------------------DEEGEIKN----CSFNI-T-TN--TRD-KV-QKE-YALF-YKLDVVPINNNQGNRSNNS------------------------------------------NTSYRLI---NCNTSAI-T---QA, 0.1578, 0
0.364987, -116.6909, 60, POINT, E, VKLTPLCVTLNCTNVTNNITN-------------------------------------DEEGELKN----CSFNI-T-TN--TRD-KV-QKE-YALF-YKLDVVPINNNQGNRSNNS------------------------------------------NTSYRLI---NCNTSAI-T---QA, 0.1051, 0
0.367003, -115.5380, 58, POINT, S, VKLTPLCVTLNCTNVTNNITN-------------------------------------SERGELKN----CSFNI-T-TN--TRD-KV-QKE-YALF-YKLDVVPINNNQGNRSNNS------------------------------------------NTSYRLI---NCNTSAI-T---QA, 0.0970, 0
0.379797, -109.2745, [58, 59, 60, 63], CHUNK, ['N', 'R', 'T', 'I'], VKLTPLCVTLNCTNVTNNITN-------------------------------------NRTGEIKN----CSFNI-T-TN--TRD-KV-QKE-YALF-YKLDVVPINNNQGNRSNNS------------------------------------------NTSYRLI---NCNTSAI-T---QA, 0.1051, 0
0.365369, -116.0884, 106, POINT, D, VKLTPLCVTLNCTNVTNNITN-------------------------------------DERGELKN----CSFNI-T-TN--TRD-KV-QKE-YALF-YKLDVVPIDNNQGNRSNNS------------------------------------------NTSYRLI---NCNTSAI-T---QA, 0.1051, 0
0.353266, -128.7879, 60, POINT, E, VKLTPLCVTLNCTNVTNNITN-------------------------------------DEEGELKN----CSFNM-T-TE--LRD-KV-QKE-YALF-YKLDVVPINNNQGNRSNNS------------------------------------------NTSYRLI---NCNTSAI-T---QA, 0.0266, 1
0.362847, -124.4084, [60, 63], CHUNK, ['K', 'I'], VKLTPLCVTLNCTNVTNNITN-------------------------------------DEKGEIKN----CSFNM-T-TE--LRD-KV-QKE-YALF-YKLDVVPINNNQGNRSNNS------------------------------------------NTSYRLI---NCNTSAI-T---QA, 0.0266, 0
0.363291, -119.2116, [74], CHUNK, ['I'], VKLTPLCVTLNCTNVTNNITN-------------------------------------DEEGELKN----CSFNI-T-TE--LRD-KV-QKE-YALF-YKLDVVPINNNQGNRSNNS------------------------------------------NTSYRLI---NCNTSAI-T---QA, 0.2111, 0
0.360548, -109.5879, [174], CHUNK, ['V'], VKLTPLCVTLNCTNVTNNITN-------------------------------------DEEGELKN----CSFNM-T-TE--LRD-KV-QKE-YALF-YKLDVVPINNNQGNRSNNS------------------------------------------NTSYRLI---NCNTSVI-T---QA, 0.3495, 0
0.363697, -2.7322, [74, 79, 82], CHUNK, ['I', 'D', 'I'], VKLTPLCVTLNCTNVTNNITN-------------------------------------DEEGELKN----CSFNI-T-TD--IRD-KV-QKE-YALF-YKLDVVPINNNQGNRSNNS------------------------------------------NTSYRLI---NCNTSAI-T---QA, 0.1149, 0
0.360735, -126.5940, 63, POINT, I, VKLTPLCVTLNCTNVTNNITN-------------------------------------DERGEIKN----CSFNM-T-TE--LRD-KV-QKE-YALF-YKLDVVPINNNQGNRSNNS------------------------------------------NTSYRLI---NCNTSAI-T---QA, 0.0266, 1
0.377065, -20.1888, [74, 82], CHUNK, ['I', 'I'], VKLTPLCVTLNCTNVTNNITN-------------------------------------DERGEIKN----CSFNI-T-TE--IRD-KV-QKE-YALF-YKLDVVPINNNQGNRSNNS------------------------------------------NTSYRLI---NCNTSAI-T---QA, 0.1478, 0
0.372181, -119.0196, [74], CHUNK, ['I'], VKLTPLCVTLNCTNVTNNITN-------------------------------------DERGEIKN----CSFNI-T-TE--LRD-KV-QKE-YALF-YKLDVVPINNNQGNRSNNS------------------------------------------NTSYRLI---NCNTSAI-T---QA, 0.3190, 1
0.374293, -117.1991, 60, POINT, K, VKLTPLCVTLNCTNVTNNITN-------------------------------------DEKGEIKN----CSFNI-T-TE--LRD-KV-QKE-YALF-YKLDVVPINNNQGNRSNNS------------------------------------------NTSYRLI---NCNTSAI-T---QA, 0.2878, 1
0.377250, -115.7905, 58, POINT, T, VKLTPLCVTLNCTNVTNNITN-------------------------------------TEKGEIKN----CSFNI-T-TE--LRD-KV-QKE-YALF-YKLDVVPINNNQGNRSNNS------------------------------------------NTSYRLI---NCNTSAI-T---QA, 0.2751, 0
0.377610, -116.7279, 18, POINT, T, VKLTPLCVTLNCTNVTNNTTN-------------------------------------DEKGEIKN----CSFNI-T-TE--LRD-KV-QKE-YALF-YKLDVVPINNNQGNRSNNS------------------------------------------NTSYRLI---NCNTSAI-T---QA, 0.3133, 1
0.386274, 5.6855, [79, 82], CHUNK, ['N', 'I'], VKLTPLCVTLNCTNVTNNTTN-------------------------------------DEKGEIKN----CSFNI-T-TN--IRD-KV-QKE-YALF-YKLDVVPINNNQGNRSNNS------------------------------------------NTSYRLI---NCNTSAI-T---QA, 0.2513, 0
0.379658, -116.0004, 58, POINT, S, VKLTPLCVTLNCTNVTNNTTN-------------------------------------SEKGEIKN----CSFNI-T-TE--LRD-KV-QKE-YALF-YKLDVVPINNNQGNRSNNS------------------------------------------NTSYRLI---NCNTSAI-T---QA, 0.3446, 1
0.386940, -99.5973, [174], CHUNK, ['V'], VKLTPLCVTLNCTNVTNNTTN-------------------------------------SEKGEIKN----CSFNI-T-TE--LRD-KV-QKE-YALF-YKLDVVPINNNQGNRSNNS------------------------------------------NTSYRLI---NCNTSVI-T---QA, 0.4010, 0
0.386940, -100.4573, [174], CHUNK, ['V'], VKLTPLCVTLNCTNVTNNTTN-------------------------------------SEKGEIKN----CSFNI-T-TE--LRD-KV-QKE-YALF-YKLDVVPINNNQGNRSNNS------------------------------------------NTSYRLI---NCNTSVI-T---QA, 0.4128, 0
0.380298, -117.3208, [59, 60], CHUNK, ['I', 'N'], VKLTPLCVTLNCTNVTNNTTN-------------------------------------SINGEIKN----CSFNI-T-TE--LRD-KV-QKE-YALF-YKLDVVPINNNQGNRSNNS------------------------------------------NTSYRLI---NCNTSAI-T---QA, 0.3446, 1
0.387581, -100.4387, [174], CHUNK, ['V'], VKLTPLCVTLNCTNVTNNTTN-------------------------------------SINGEIKN----CSFNI-T-TE--LRD-KV-QKE-YALF-YKLDVVPINNNQGNRSNNS------------------------------------------NTSYRLI---NCNTSVI-T---QA, 0.4194, 0
0.385183, -6.5622, [82], CHUNK, ['I'], VKLTPLCVTLNCTNVTNNTTN-------------------------------------SINGEIKN----CSFNI-T-TE--IRD-KV-QKE-YALF-YKLDVVPINNNQGNRSNNS------------------------------------------NTSYRLI---NCNTSAI-T---QA, 0.4198, 0
0.380487, -112.4302, 60, POINT, T, VKLTPLCVTLNCTNVTNNTTN-------------------------------------SITGEIKN----CSFNI-T-TE--LRD-KV-QKE-YALF-YKLDVVPINNNQGNRSNNS------------------------------------------NTSYRLI---NCNTSAI-T---QA, 0.3409, 0
0.389018, -91.6696, [169, 174], CHUNK, ['S', 'V'], VKLTPLCVTLNCTNVTNNTTN-------------------------------------SINGEIKN----CSFNI-T-TE--LRD-KV-QKE-YALF-YKLDVVPINNNQGNRSNNS------------------------------------------NTSYRLI---SCNTSVI-T---QA, 0.4412, 0
0.386940, -97.7066, [174], CHUNK, ['V'], VKLTPLCVTLNCTNVTNNTTN-------------------------------------SEKGEIKN----CSFNI-T-TE--LRD-KV-QKE-YALF-YKLDVVPINNNQGNRSNNS------------------------------------------NTSYRLI---NCNTSVI-T---QA, 0.5886, 0
0.386940, -98.4949, 174, POINT, V, VKLTPLCVTLNCTNVTNNTTN-------------------------------------SEKGEIKN----CSFNI-T-TE--LRD-KV-QKE-YALF-YKLDVVPINNNQGNRSNNS------------------------------------------NTSYRLI---NCNTSVI-T---QA, 0.4562, 0
0.386940, -94.0720, [174], CHUNK, ['V'], VKLTPLCVTLNCTNVTNNTTN-------------------------------------SEKGEIKN----CSFNI-T-TE--LRD-KV-QKE-YALF-YKLDVVPINNNQGNRSNNS------------------------------------------NTSYRLI---NCNTSVI-T---QA, 0.5571, 0
0.380043, -115.9401, 106, POINT, D, VKLTPLCVTLNCTNVTNNTTN-------------------------------------SEKGEIKN----CSFNI-T-TE--LRD-KV-QKE-YALF-YKLDVVPIDNNQGNRSNNS------------------------------------------NTSYRLI---NCNTSAI-T---QA, 0.3446, 1
0.387325, -102.3860, 174, POINT, V, VKLTPLCVTLNCTNVTNNTTN-------------------------------------SEKGEIKN----CSFNI-T-TE--LRD-KV-QKE-YALF-YKLDVVPIDNNQGNRSNNS------------------------------------------NTSYRLI---NCNTSVI-T---QA, 0.4028, 0
0.387325, -96.3544, 174, POINT, V, VKLTPLCVTLNCTNVTNNTTN-------------------------------------SEKGEIKN----CSFNI-T-TE--LRD-KV-QKE-YALF-YKLDVVPIDNNQGNRSNNS------------------------------------------NTSYRLI---NCNTSVI-T---QA, 0.4250, 0
0.386915, -38.7088, [79, 82], CHUNK, ['S', 'I'], VKLTPLCVTLNCTNVTNNTTN-------------------------------------SEKGEIKN----CSFNI-T-TS--IRD-KV-QKE-YALF-YKLDVVPIDNNQGNRSNNS------------------------------------------NTSYRLI---NCNTSAI-T---QA, 0.3177, 0
0.388762, -98.7343, [169, 174], CHUNK, ['S', 'V'], VKLTPLCVTLNCTNVTNNTTN-------------------------------------SEKGEIKN----CSFNI-T-TE--LRD-KV-QKE-YALF-YKLDVVPIDNNQGNRSNNS------------------------------------------NTSYRLI---SCNTSVI-T---QA, 0.4145, 0
0.388321, -3.7640, [79, 82], CHUNK, ['N', 'I'], VKLTPLCVTLNCTNVTNNTTN-------------------------------------SEKGEIKN----CSFNI-T-TN--IRD-KV-QKE-YALF-YKLDVVPINNNQGNRSNNS------------------------------------------NTSYRLI---NCNTSAI-T---QA, 0.3290, 0
0.381827, -114.7405, [174], CHUNK, ['T'], VKLTPLCVTLNCTNVTNNTTN-------------------------------------SEKGEIKN----CSFNI-T-TE--LRD-KV-QKE-YALF-YKLDVVPINNNQGNRSNNS------------------------------------------NTSYRLI---NCNTSTI-T---QA, 0.3414, 0
0.382234, -114.6532, [106, 109, 110, 111], CHUNK, ['D', 'T', 'K', 'I'], VKLTPLCVTLNCTNVTNNTTN-------------------------------------SEKGEIKN----CSFNI-T-TE--LRD-KV-QKE-YALF-YKLDVVPIDNNTKIRSNNS------------------------------------------NTSYRLI---NCNTSAI-T---QA, 0.3446, 0
0.388377, -98.0294, [169, 174], CHUNK, ['S', 'V'], VKLTPLCVTLNCTNVTNNTTN-------------------------------------SEKGEIKN----CSFNI-T-TE--LRD-KV-QKE-YALF-YKLDVVPINNNQGNRSNNS------------------------------------------NTSYRLI---SCNTSVI-T---QA, 0.4532, 0
0.384893, -99.6714, [174], CHUNK, ['V'], VKLTPLCVTLNCTNVTNNTTN-------------------------------------DEKGEIKN----CSFNI-T-TE--LRD-KV-QKE-YALF-YKLDVVPINNNQGNRSNNS------------------------------------------NTSYRLI---NCNTSVI-T---QA, 0.4095, 0
0.379938, -117.7165, [106, 108, 109], CHUNK, ['D', 'E', 'N'], VKLTPLCVTLNCTNVTNNTTN-------------------------------------DEKGEIKN----CSFNI-T-TE--LRD-KV-QKE-YALF-YKLDVVPIDNENGNRSNNS------------------------------------------NTSYRLI---NCNTSAI-T---QA, 0.3421, 0
0.384893, -103.0161, [174], CHUNK, ['V'], VKLTPLCVTLNCTNVTNNTTN-------------------------------------DEKGEIKN----CSFNI-T-TE--LRD-KV-QKE-YALF-YKLDVVPINNNQGNRSNNS------------------------------------------NTSYRLI---NCNTSVI-T---QA, 0.3368, 0
0.379970, -42.5948, [79, 82], CHUNK, ['T', 'I'], VKLTPLCVTLNCTNVTNNTTN-------------------------------------DEKGEIKN----CSFNI-T-TT--IRD-KV-QKE-YALF-YKLDVVPINNNQGNRSNNS------------------------------------------NTSYRLI---NCNTSAI-T---QA, 0.4237, 0
0.379177, -2.3357, [82], CHUNK, ['I'], VKLTPLCVTLNCTNVTNNITN-------------------------------------DEKGEIKN----CSFNI-T-TE--IRD-KV-QKE-YALF-YKLDVVPINNNQGNRSNNS------------------------------------------NTSYRLI---NCNTSAI-T---QA, 0.3853, 0
0.381575, -96.4083, [174], CHUNK, ['V'], VKLTPLCVTLNCTNVTNNITN-------------------------------------DEKGEIKN----CSFNI-T-TE--LRD-KV-QKE-YALF-YKLDVVPINNNQGNRSNNS------------------------------------------NTSYRLI---NCNTSVI-T---QA, 0.5140, 0
0.376019, -116.6621, 18, POINT, S, VKLTPLCVTLNCTNVTNNSTN-------------------------------------DEKGEIKN----CSFNI-T-TE--LRD-KV-QKE-YALF-YKLDVVPINNNQGNRSNNS------------------------------------------NTSYRLI---NCNTSAI-T---QA, 0.3255, 0
0.383012, -95.8081, [169, 174], CHUNK, ['S', 'V'], VKLTPLCVTLNCTNVTNNITN-------------------------------------DEKGEIKN----CSFNI-T-TE--LRD-KV-QKE-YALF-YKLDVVPINNNQGNRSNNS------------------------------------------NTSYRLI---SCNTSVI-T---QA, 0.4103, 0
0.377065, -1.7662, 82, POINT, I, VKLTPLCVTLNCTNVTNNITN-------------------------------------DERGEIKN----CSFNI-T-TE--IRD-KV-QKE-YALF-YKLDVVPINNNQGNRSNNS------------------------------------------NTSYRLI---NCNTSAI-T---QA, 0.2686, 0
0.373970, -118.3232, [116], CHUNK, ['N'], VKLTPLCVTLNCTNVTNNITN-------------------------------------DERGEIKN----CSFNI-T-TE--LRD-KV-QKE-YALF-YKLDVVPINNNQGNRSNNN------------------------------------------NTSYRLI---NCNTSAI-T---QA, 0.2514, 0
0.379463, -102.6277, [174], CHUNK, ['V'], VKLTPLCVTLNCTNVTNNITN-------------------------------------DERGEIKN----CSFNI-T-TE--LRD-KV-QKE-YALF-YKLDVVPINNNQGNRSNNS------------------------------------------NTSYRLI---NCNTSVI-T---QA, 0.3717, 0
0.373305, -118.3037, 79, POINT, N, VKLTPLCVTLNCTNVTNNITN-------------------------------------DERGEIKN----CSFNI-T-TN--LRD-KV-QKE-YALF-YKLDVVPINNNQGNRSNNS------------------------------------------NTSYRLI---NCNTSAI-T---QA, 0.3190, 1
0.380845, 3.8322, 82, POINT, I, VKLTPLCVTLNCTNVTNNITN-------------------------------------DERGEIKN----CSFNI-T-TN--IRD-KV-QKE-YALF-YKLDVVPINNNQGNRSNNS------------------------------------------NTSYRLI---NCNTSAI-T---QA, 0.3575, 0
0.375655, -33.1287, [82, 87], CHUNK, ['I', 'R'], VKLTPLCVTLNCTNVTNNITN-------------------------------------DERGEIKN----CSFNI-T-TN--IRD-KR-QKE-YALF-YKLDVVPINNNQGNRSNNS------------------------------------------NTSYRLI---NCNTSAI-T---QA, 0.3565, 0
0.380587, -107.1209, [174], CHUNK, ['V'], VKLTPLCVTLNCTNVTNNITN-------------------------------------DERGEIKN----CSFNI-T-TN--LRD-KV-QKE-YALF-YKLDVVPINNNQGNRSNNS------------------------------------------NTSYRLI---NCNTSVI-T---QA, 0.3811, 0
0.373875, -118.6174, 16, POINT, T, VKLTPLCVTLNCTNVTTNITN-------------------------------------DERGEIKN----CSFNI-T-TN--LRD-KV-QKE-YALF-YKLDVVPINNNQGNRSNNS------------------------------------------NTSYRLI---NCNTSAI-T---QA, 0.3190, 1
0.375634, -117.4357, 18, POINT, T, VKLTPLCVTLNCTNVTTNTTN-------------------------------------DERGEIKN----CSFNI-T-TN--LRD-KV-QKE-YALF-YKLDVVPINNNQGNRSNNS------------------------------------------NTSYRLI---NCNTSAI-T---QA, 0.3190, 0
0.379624, -14.3514, [79, 82], CHUNK, ['S', 'I'], VKLTPLCVTLNCTNVTTNITN-------------------------------------DERGEIKN----CSFNI-T-TS--IRD-KV-QKE-YALF-YKLDVVPINNNQGNRSNNS------------------------------------------NTSYRLI---NCNTSAI-T---QA, 0.6760, 0
0.381415, -16.9522, [82], CHUNK, ['I'], VKLTPLCVTLNCTNVTTNITN-------------------------------------DERGEIKN----CSFNI-T-TN--IRD-KV-QKE-YALF-YKLDVVPINNNQGNRSNNS------------------------------------------NTSYRLI---NCNTSAI-T---QA, 0.4525, 0
0.381157, -103.6525, 174, POINT, V, VKLTPLCVTLNCTNVTTNITN-------------------------------------DERGEIKN----CSFNI-T-TN--LRD-KV-QKE-YALF-YKLDVVPINNNQGNRSNNS------------------------------------------NTSYRLI---NCNTSVI-T---QA, 0.3829, 0
0.376292, -115.8401, 58, POINT, T, VKLTPLCVTLNCTNVTNNITN-------------------------------------TERGEIKN----CSFNI-T-TN--LRD-KV-QKE-YALF-YKLDVVPINNNQGNRSNNS------------------------------------------NTSYRLI---NCNTSAI-T---QA, 0.3188, 0
0.374147, -114.1280, 58, POINT, I, VKLTPLCVTLNCTNVTNNITN-------------------------------------IERGEIKN----CSFNI-T-TN--LRD-KV-QKE-YALF-YKLDVVPINNNQGNRSNNS------------------------------------------NTSYRLI---NCNTSAI-T---QA, 0.3266, 0
0.380845, 2.8757, [82], CHUNK, ['I'], VKLTPLCVTLNCTNVTNNITN-------------------------------------DERGEIKN----CSFNI-T-TN--IRD-KV-QKE-YALF-YKLDVVPINNNQGNRSNNS------------------------------------------NTSYRLI---NCNTSAI-T---QA, 0.4697, 0
0.380845, -1.8250, [82], CHUNK, ['I'], VKLTPLCVTLNCTNVTNNITN-------------------------------------DERGEIKN----CSFNI-T-TN--IRD-KV-QKE-YALF-YKLDVVPINNNQGNRSNNS------------------------------------------NTSYRLI---NCNTSAI-T---QA, 0.3793, 0
0.379463, -108.4067, [174], CHUNK, ['V'], VKLTPLCVTLNCTNVTNNITN-------------------------------------DERGEIKN----CSFNI-T-TE--LRD-KV-QKE-YALF-YKLDVVPINNNQGNRSNNS------------------------------------------NTSYRLI---NCNTSVI-T---QA, 0.4004, 0
0.377065, -50.0505, 82, POINT, I, VKLTPLCVTLNCTNVTNNITN-------------------------------------DERGEIKN----CSFNI-T-TE--IRD-KV-QKE-YALF-YKLDVVPINNNQGNRSNNS------------------------------------------NTSYRLI---NCNTSAI-T---QA, 0.3006, 0
0.379463, -107.5570, [174], CHUNK, ['V'], VKLTPLCVTLNCTNVTNNITN-------------------------------------DERGEIKN----CSFNI-T-TE--LRD-KV-QKE-YALF-YKLDVVPINNNQGNRSNNS------------------------------------------NTSYRLI---NCNTSVI-T---QA, 0.4014, 0
0.379463, -105.9625, [174], CHUNK, ['V'], VKLTPLCVTLNCTNVTNNITN-------------------------------------DERGEIKN----CSFNI-T-TE--LRD-KV-QKE-YALF-YKLDVVPINNNQGNRSNNS------------------------------------------NTSYRLI---NCNTSVI-T---QA, 0.4095, 0
