Name base = V1V2_200_exp_1_7_ni
Iters = 200
Soft coverage = 0.284621885725
Energy = -131.617246254
Hard Covereage = 0.0368019545157
Num epitopes = 65
Initial seq = VKLTPLCVTLQCTNVTNNITD-------------------------------------DMRGELKN----CSFNM-T-TE--LRD-KK-QKV-YSLF-YRLDVVQINENQGNRSNNS------------------------------------------NKEYRLI---NCNTSAI-T---QA
-------START OF DATA------
0.286294, -13.9263, 82, POINT, I, VKLTPLCVTLQCTNVTNNITD-------------------------------------DMRGELKN----CSFNM-T-TE--IRD-KK-QKV-YSLF-YRLDVVQINENQGNRSNNS------------------------------------------NKEYRLI---NCNTSAI-T---QA, 0.0999, 0
0.308289, -131.5271, 10, POINT, N, VKLTPLCVTLNCTNVTNNITD-------------------------------------DMRGELKN----CSFNM-T-TE--LRD-KK-QKV-YSLF-YRLDVVQINENQGNRSNNS------------------------------------------NKEYRLI---NCNTSAI-T---QA, 0.0000, 1
0.320395, -130.6397, [160, 161], CHUNK, ['T', 'S'], VKLTPLCVTLNCTNVTNNITD-------------------------------------DMRGELKN----CSFNM-T-TE--LRD-KK-QKV-YSLF-YRLDVVQINENQGNRSNNS------------------------------------------NTSYRLI---NCNTSAI-T---QA, 0.0000, 1
0.322068, -9.7070, 82, POINT, I, VKLTPLCVTLNCTNVTNNITD-------------------------------------DMRGELKN----CSFNM-T-TE--IRD-KK-QKV-YSLF-YRLDVVQINENQGNRSNNS------------------------------------------NTSYRLI---NCNTSAI-T---QA, 0.1098, 0
0.323232, -127.3643, 20, POINT, T, VKLTPLCVTLNCTNVTNNITT-------------------------------------DMRGELKN----CSFNM-T-TE--LRD-KK-QKV-YSLF-YRLDVVQINENQGNRSNNS------------------------------------------NTSYRLI---NCNTSAI-T---QA, 0.0000, 0
0.325241, -129.4975, 109, POINT, T, VKLTPLCVTLNCTNVTNNITD-------------------------------------DMRGELKN----CSFNM-T-TE--LRD-KK-QKV-YSLF-YRLDVVQINENTGNRSNNS------------------------------------------NTSYRLI---NCNTSAI-T---QA, 0.0465, 1
0.328929, -129.8143, 104, POINT, P, VKLTPLCVTLNCTNVTNNITD-------------------------------------DMRGELKN----CSFNM-T-TE--LRD-KK-QKV-YSLF-YRLDVVPINENTGNRSNNS------------------------------------------NTSYRLI---NCNTSAI-T---QA, 0.0465, 1
0.338901, -79.3722, [74], CHUNK, ['I'], VKLTPLCVTLNCTNVTNNITD-------------------------------------DMRGELKN----CSFNI-T-TE--LRD-KK-QKV-YSLF-YRLDVVPINENTGNRSNNS------------------------------------------NTSYRLI---NCNTSAI-T---QA, 0.3096, 0
0.334222, -127.7667, 99, POINT, K, VKLTPLCVTLNCTNVTNNITD-------------------------------------DMRGELKN----CSFNM-T-TE--LRD-KK-QKV-YSLF-YKLDVVPINENTGNRSNNS------------------------------------------NTSYRLI---NCNTSAI-T---QA, 0.0465, 1
0.344790, -127.9432, [94], CHUNK, ['A'], VKLTPLCVTLNCTNVTNNITD-------------------------------------DMRGELKN----CSFNM-T-TE--LRD-KK-QKV-YALF-YKLDVVPINENTGNRSNNS------------------------------------------NTSYRLI---NCNTSAI-T---QA, 0.0465, 0
0.350847, -126.4156, [91, 94], CHUNK, ['E', 'A'], VKLTPLCVTLNCTNVTNNITD-------------------------------------DMRGELKN----CSFNM-T-TE--LRD-KK-QKE-YALF-YKLDVVPINENTGNRSNNS------------------------------------------NTSYRLI---NCNTSAI-T---QA, 0.0465, 1
0.360778, -119.4134, [74, 79], CHUNK, ['I', 'N'], VKLTPLCVTLNCTNVTNNITD-------------------------------------DMRGELKN----CSFNI-T-TN--LRD-KK-QKE-YALF-YKLDVVPINENTGNRSNNS------------------------------------------NTSYRLI---NCNTSAI-T---QA, 0.0248, 0
0.361110, -124.1604, [58, 59, 60, 63], CHUNK, ['T', 'E', 'G', 'I'], VKLTPLCVTLNCTNVTNNITD-------------------------------------TEGGEIKN----CSFNM-T-TE--LRD-KK-QKE-YALF-YKLDVVPINENTGNRSNNS------------------------------------------NTSYRLI---NCNTSAI-T---QA, 0.0465, 0
0.358130, -106.7842, [174], CHUNK, ['V'], VKLTPLCVTLNCTNVTNNITD-------------------------------------DMRGELKN----CSFNM-T-TE--LRD-KK-QKE-YALF-YKLDVVPINENTGNRSNNS------------------------------------------NTSYRLI---NCNTSVI-T---QA, 0.3482, 0
0.353197, -123.6040, 58, POINT, T, VKLTPLCVTLNCTNVTNNITD-------------------------------------TMRGELKN----CSFNM-T-TE--LRD-KK-QKE-YALF-YKLDVVPINENTGNRSNNS------------------------------------------NTSYRLI---NCNTSAI-T---QA, 0.0488, 0
0.350847, -126.4156, [91, 94], CHUNK, ['E', 'A'], VKLTPLCVTLNCTNVTNNITD-------------------------------------DMRGELKN----CSFNM-T-TE--LRD-KK-QKE-YALF-YKLDVVPINENTGNRSNNS------------------------------------------NTSYRLI---NCNTSAI-T---QA, 0.0465, 0
0.336540, -126.2391, 91, POINT, E, VKLTPLCVTLNCTNVTNNITD-------------------------------------DMRGELKN----CSFNM-T-TE--LRD-KK-QKE-YSLF-YKLDVVPINENTGNRSNNS------------------------------------------NTSYRLI---NCNTSAI-T---QA, 0.0465, 0
0.344790, -127.9432, [94], CHUNK, ['A'], VKLTPLCVTLNCTNVTNNITD-------------------------------------DMRGELKN----CSFNM-T-TE--LRD-KK-QKV-YALF-YKLDVVPINENTGNRSNNS------------------------------------------NTSYRLI---NCNTSAI-T---QA, 0.0465, 0
0.334996, -127.9740, 59, POINT, E, VKLTPLCVTLNCTNVTNNITD-------------------------------------DERGELKN----CSFNM-T-TE--LRD-KK-QKV-YSLF-YKLDVVPINENTGNRSNNS------------------------------------------NTSYRLI---NCNTSAI-T---QA, 0.0465, 0
0.338901, -83.9504, [74], CHUNK, ['I'], VKLTPLCVTLNCTNVTNNITD-------------------------------------DMRGELKN----CSFNI-T-TE--LRD-KK-QKV-YSLF-YRLDVVPINENTGNRSNNS------------------------------------------NTSYRLI---NCNTSAI-T---QA, 0.6624, 0
0.344790, -127.9432, [94, 99], CHUNK, ['A', 'K'], VKLTPLCVTLNCTNVTNNITD-------------------------------------DMRGELKN----CSFNM-T-TE--LRD-KK-QKV-YALF-YKLDVVPINENTGNRSNNS------------------------------------------NTSYRLI---NCNTSAI-T---QA, 0.0465, 1
0.346964, -126.2563, 18, POINT, N, VKLTPLCVTLNCTNVTNNNTD-------------------------------------DMRGELKN----CSFNM-T-TE--LRD-KK-QKV-YALF-YKLDVVPINENTGNRSNNS------------------------------------------NTSYRLI---NCNTSAI-T---QA, 0.0220, 1
0.349779, -126.6310, 20, POINT, N, VKLTPLCVTLNCTNVTNNNTN-------------------------------------DMRGELKN----CSFNM-T-TE--LRD-KK-QKV-YALF-YKLDVVPINENTGNRSNNS------------------------------------------NTSYRLI---NCNTSAI-T---QA, 0.0220, 1
0.357061, -107.9814, [174], CHUNK, ['V'], VKLTPLCVTLNCTNVTNNNTN-------------------------------------DMRGELKN----CSFNM-T-TE--LRD-KK-QKV-YALF-YKLDVVPINENTGNRSNNS------------------------------------------NTSYRLI---NCNTSVI-T---QA, 0.3354, 0
0.350142, -126.1168, 58, POINT, E, VKLTPLCVTLNCTNVTNNNTN-------------------------------------EMRGELKN----CSFNM-T-TE--LRD-KK-QKV-YALF-YKLDVVPINENTGNRSNNS------------------------------------------NTSYRLI---NCNTSAI-T---QA, 0.0220, 1
0.350689, -126.5563, 18, POINT, T, VKLTPLCVTLNCTNVTNNTTN-------------------------------------EMRGELKN----CSFNM-T-TE--LRD-KK-QKV-YALF-YKLDVVPINENTGNRSNNS------------------------------------------NTSYRLI---NCNTSAI-T---QA, 0.0220, 1
0.358876, -81.4038, [74, 79], CHUNK, ['I', 'S'], VKLTPLCVTLNCTNVTNNTTN-------------------------------------EMRGELKN----CSFNI-T-TS--LRD-KK-QKV-YALF-YKLDVVPINENTGNRSNNS------------------------------------------NTSYRLI---NCNTSAI-T---QA, 0.2397, 0
0.357971, -108.7475, 174, POINT, V, VKLTPLCVTLNCTNVTNNTTN-------------------------------------EMRGELKN----CSFNM-T-TE--LRD-KK-QKV-YALF-YKLDVVPINENTGNRSNNS------------------------------------------NTSYRLI---NCNTSVI-T---QA, 0.5213, 0
0.352361, -7.2324, 82, POINT, I, VKLTPLCVTLNCTNVTNNTTN-------------------------------------EMRGELKN----CSFNM-T-TE--IRD-KK-QKV-YALF-YKLDVVPINENTGNRSNNS------------------------------------------NTSYRLI---NCNTSAI-T---QA, 0.1404, 0
0.360661, -77.2064, [74], CHUNK, ['I'], VKLTPLCVTLNCTNVTNNTTN-------------------------------------EMRGELKN----CSFNI-T-TE--LRD-KK-QKV-YALF-YKLDVVPINENTGNRSNNS------------------------------------------NTSYRLI---NCNTSAI-T---QA, 0.3810, 0
0.365743, -0.0559, [74, 79, 82], CHUNK, ['I', 'N', 'I'], VKLTPLCVTLNCTNVTNNNTN-------------------------------------EMRGELKN----CSFNI-T-TN--IRD-KK-QKV-YALF-YKLDVVPINENTGNRSNNS------------------------------------------NTSYRLI---NCNTSAI-T---QA, 0.5735, 0
0.358862, -104.1308, [169, 174], CHUNK, ['S', 'V'], VKLTPLCVTLNCTNVTNNNTN-------------------------------------EMRGELKN----CSFNM-T-TE--LRD-KK-QKV-YALF-YKLDVVPINENTGNRSNNS------------------------------------------NTSYRLI---SCNTSVI-T---QA, 0.4184, 0
0.362459, -120.5176, [58, 59, 60, 63], CHUNK, ['A', 'T', 'S', 'I'], VKLTPLCVTLNCTNVTNNNTN-------------------------------------ATSGEIKN----CSFNM-T-TE--LRD-KK-QKV-YALF-YKLDVVPINENTGNRSNNS------------------------------------------NTSYRLI---NCNTSAI-T---QA, 0.0570, 0
0.357425, -104.6658, 174, POINT, V, VKLTPLCVTLNCTNVTNNNTN-------------------------------------EMRGELKN----CSFNM-T-TE--LRD-KK-QKV-YALF-YKLDVVPINENTGNRSNNS------------------------------------------NTSYRLI---NCNTSVI-T---QA, 0.1875, 0
0.357106, -125.1248, 63, POINT, I, VKLTPLCVTLNCTNVTNNNTN-------------------------------------DMRGEIKN----CSFNM-T-TE--LRD-KK-QKV-YALF-YKLDVVPINENTGNRSNNS------------------------------------------NTSYRLI---NCNTSAI-T---QA, 0.0240, 0
0.352097, -124.6418, 63, POINT, M, VKLTPLCVTLNCTNVTNNNTN-------------------------------------DMRGEMKN----CSFNM-T-TE--LRD-KK-QKV-YALF-YKLDVVPINENTGNRSNNS------------------------------------------NTSYRLI---NCNTSAI-T---QA, 0.0220, 1
0.356049, -120.3413, 74, POINT, T, VKLTPLCVTLNCTNVTNNNTN-------------------------------------DMRGEMKN----CSFNT-T-TE--LRD-KK-QKV-YALF-YKLDVVPINENTGNRSNNS------------------------------------------NTSYRLI---NCNTSAI-T---QA, 0.0220, 1
0.363332, -101.9835, [174], CHUNK, ['V'], VKLTPLCVTLNCTNVTNNNTN-------------------------------------DMRGEMKN----CSFNT-T-TE--LRD-KK-QKV-YALF-YKLDVVPINENTGNRSNNS------------------------------------------NTSYRLI---NCNTSVI-T---QA, 0.3091, 0
0.356523, -120.7484, 59, POINT, D, VKLTPLCVTLNCTNVTNNNTN-------------------------------------DDRGEMKN----CSFNT-T-TE--LRD-KK-QKV-YALF-YKLDVVPINENTGNRSNNS------------------------------------------NTSYRLI---NCNTSAI-T---QA, 0.0220, 0
0.361178, -120.5768, 63, POINT, I, VKLTPLCVTLNCTNVTNNNTN-------------------------------------DMRGEIKN----CSFNT-T-TE--LRD-KK-QKV-YALF-YKLDVVPINENTGNRSNNS------------------------------------------NTSYRLI---NCNTSAI-T---QA, 0.0220, 1
0.367236, -120.2229, [91], CHUNK, ['E'], VKLTPLCVTLNCTNVTNNNTN-------------------------------------DMRGEIKN----CSFNT-T-TE--LRD-KK-QKE-YALF-YKLDVVPINENTGNRSNNS------------------------------------------NTSYRLI---NCNTSAI-T---QA, 0.0220, 0
0.368498, -93.0268, [74], CHUNK, ['I'], VKLTPLCVTLNCTNVTNNNTN-------------------------------------DMRGEIKN----CSFNI-T-TE--LRD-KK-QKV-YALF-YKLDVVPINENTGNRSNNS------------------------------------------NTSYRLI---NCNTSAI-T---QA, 0.3880, 0
0.369898, -105.9447, [169, 174], CHUNK, ['S', 'V'], VKLTPLCVTLNCTNVTNNNTN-------------------------------------DMRGEIKN----CSFNT-T-TE--LRD-KK-QKV-YALF-YKLDVVPINENTGNRSNNS------------------------------------------NTSYRLI---SCNTSVI-T---QA, 0.2853, 0
0.363713, -26.1072, 82, POINT, I, VKLTPLCVTLNCTNVTNNNTN-------------------------------------DMRGEIKN----CSFNT-T-TE--IRD-KK-QKV-YALF-YKLDVVPINENTGNRSNNS------------------------------------------NTSYRLI---NCNTSAI-T---QA, 0.3642, 0
0.364455, -118.8517, [59, 60, 63], CHUNK, ['E', 'K', 'I'], VKLTPLCVTLNCTNVTNNNTN-------------------------------------DEKGEIKN----CSFNT-T-TE--LRD-KK-QKV-YALF-YKLDVVPINENTGNRSNNS------------------------------------------NTSYRLI---NCNTSAI-T---QA, 0.0220, 0
0.362533, -88.5490, 74, POINT, I, VKLTPLCVTLNCTNVTNNNTN-------------------------------------DMRGEMKN----CSFNI-T-TE--LRD-KK-QKV-YALF-YKLDVVPINENTGNRSNNS------------------------------------------NTSYRLI---NCNTSAI-T---QA, 0.4138, 0
0.363332, -102.0624, 174, POINT, V, VKLTPLCVTLNCTNVTNNNTN-------------------------------------DMRGEMKN----CSFNT-T-TE--LRD-KK-QKV-YALF-YKLDVVPINENTGNRSNNS------------------------------------------NTSYRLI---NCNTSVI-T---QA, 0.6015, 0
0.363332, -99.6750, [174], CHUNK, ['V'], VKLTPLCVTLNCTNVTNNNTN-------------------------------------DMRGEMKN----CSFNT-T-TE--LRD-KK-QKV-YALF-YKLDVVPINENTGNRSNNS------------------------------------------NTSYRLI---NCNTSVI-T---QA, 0.2395, 0
0.354267, -122.4614, 174, POINT, T, VKLTPLCVTLNCTNVTNNNTN-------------------------------------DMRGEMKN----CSFNM-T-TE--LRD-KK-QKV-YALF-YKLDVVPINENTGNRSNNS------------------------------------------NTSYRLI---NCNTSTI-T---QA, 0.0220, 0
0.358155, -123.1152, 91, POINT, E, VKLTPLCVTLNCTNVTNNNTN-------------------------------------DMRGEMKN----CSFNM-T-TE--LRD-KK-QKE-YALF-YKLDVVPINENTGNRSNNS------------------------------------------NTSYRLI---NCNTSAI-T---QA, 0.0220, 0
0.358155, -123.1152, 91, POINT, E, VKLTPLCVTLNCTNVTNNNTN-------------------------------------DMRGEMKN----CSFNM-T-TE--LRD-KK-QKE-YALF-YKLDVVPINENTGNRSNNS------------------------------------------NTSYRLI---NCNTSAI-T---QA, 0.0220, 0
0.362533, -66.8688, [74], CHUNK, ['I'], VKLTPLCVTLNCTNVTNNNTN-------------------------------------DMRGEMKN----CSFNI-T-TE--LRD-KK-QKV-YALF-YKLDVVPINENTGNRSNNS------------------------------------------NTSYRLI---NCNTSAI-T---QA, 0.4702, 0
0.359751, -81.7100, [74], CHUNK, ['I'], VKLTPLCVTLNCTNVTNNNTN-------------------------------------DMRGELKN----CSFNI-T-TE--LRD-KK-QKV-YALF-YKLDVVPINENTGNRSNNS------------------------------------------NTSYRLI---NCNTSAI-T---QA, 0.6746, 0
0.365380, 36.6152, [74, 79, 82], CHUNK, ['I', 'N', 'I'], VKLTPLCVTLNCTNVTNNNTN-------------------------------------DMRGELKN----CSFNI-T-TN--IRD-KK-QKV-YALF-YKLDVVPINENTGNRSNNS------------------------------------------NTSYRLI---NCNTSAI-T---QA, 0.4101, 0
0.363050, 17.9758, [74, 82], CHUNK, ['I', 'I'], VKLTPLCVTLNCTNVTNNNTN-------------------------------------DMRGELKN----CSFNI-T-TE--IRD-KK-QKV-YALF-YKLDVVPINENTGNRSNNS------------------------------------------NTSYRLI---NCNTSAI-T---QA, 0.2236, 0
0.359751, -84.6310, [74], CHUNK, ['I'], VKLTPLCVTLNCTNVTNNNTN-------------------------------------DMRGELKN----CSFNI-T-TE--LRD-KK-QKV-YALF-YKLDVVPINENTGNRSNNS------------------------------------------NTSYRLI---NCNTSAI-T---QA, 0.4491, 0
0.350933, -122.9991, 20, POINT, T, VKLTPLCVTLNCTNVTNNNTT-------------------------------------DMRGELKN----CSFNM-T-TE--LRD-KK-QKV-YALF-YKLDVVPINENTGNRSNNS------------------------------------------NTSYRLI---NCNTSAI-T---QA, 0.0220, 0
0.356936, -83.4319, [74], CHUNK, ['I'], VKLTPLCVTLNCTNVTNNNTD-------------------------------------DMRGELKN----CSFNI-T-TE--LRD-KK-QKV-YALF-YKLDVVPINENTGNRSNNS------------------------------------------NTSYRLI---NCNTSAI-T---QA, 0.2982, 0
0.356936, -101.4697, [74], CHUNK, ['I'], VKLTPLCVTLNCTNVTNNNTD-------------------------------------DMRGELKN----CSFNI-T-TE--LRD-KK-QKV-YALF-YKLDVVPINENTGNRSNNS------------------------------------------NTSYRLI---NCNTSAI-T---QA, 0.3855, 0
0.356750, -103.1456, [74, 79], CHUNK, ['I', 'N'], VKLTPLCVTLNCTNVTNNNTD-------------------------------------DMRGELKN----CSFNI-T-TN--LRD-KK-QKV-YALF-YKLDVVPINENTGNRSNNS------------------------------------------NTSYRLI---NCNTSAI-T---QA, 0.3007, 0
