Name base = V1V2_200_exp_1_5_ni
Iters = 200
Soft coverage = 0.284621885725
Energy = -131.650363364
Hard Covereage = 0.0368019545157
Num epitopes = 65
Initial seq = VKLTPLCVTLQCTNVTNNITD-------------------------------------DMRGELKN----CSFNM-T-TE--LRD-KK-QKV-YSLF-YRLDVVQINENQGNRSNNS------------------------------------------NKEYRLI---NCNTSAI-T---QA
-------START OF DATA------
0.291904, -116.9947, [174], CHUNK, ['V'], VKLTPLCVTLQCTNVTNNITD-------------------------------------DMRGELKN----CSFNM-T-TE--LRD-KK-QKV-YSLF-YRLDVVQINENQGNRSNNS------------------------------------------NKEYRLI---NCNTSVI-T---QA, 0.4509, 1
0.296671, -116.6518, [109], CHUNK, ['N'], VKLTPLCVTLQCTNVTNNITD-------------------------------------DMRGELKN----CSFNM-T-TE--LRD-KK-QKV-YSLF-YRLDVVQINENNGNRSNNS------------------------------------------NKEYRLI---NCNTSVI-T---QA, 0.4509, 0
0.295652, -117.9544, [104], CHUNK, ['P'], VKLTPLCVTLQCTNVTNNITD-------------------------------------DMRGELKN----CSFNM-T-TE--LRD-KK-QKV-YSLF-YRLDVVPINENQGNRSNNS------------------------------------------NKEYRLI---NCNTSVI-T---QA, 0.4301, 0
0.294208, -115.4896, 63, POINT, M, VKLTPLCVTLQCTNVTNNITD-------------------------------------DMRGEMKN----CSFNM-T-TE--LRD-KK-QKV-YSLF-YRLDVVQINENQGNRSNNS------------------------------------------NKEYRLI---NCNTSVI-T---QA, 0.4445, 0
0.295039, -119.2482, [109], CHUNK, ['S'], VKLTPLCVTLQCTNVTNNITD-------------------------------------DMRGELKN----CSFNM-T-TE--LRD-KK-QKV-YSLF-YRLDVVQINENSGNRSNNS------------------------------------------NKEYRLI---NCNTSVI-T---QA, 0.7002, 0
0.289705, -131.0742, [160], CHUNK, ['T'], VKLTPLCVTLQCTNVTNNITD-------------------------------------DMRGELKN----CSFNM-T-TE--LRD-KK-QKV-YSLF-YRLDVVQINENQGNRSNNS------------------------------------------NTEYRLI---NCNTSAI-T---QA, 0.0000, 1
0.296987, -109.2458, [174], CHUNK, ['V'], VKLTPLCVTLQCTNVTNNITD-------------------------------------DMRGELKN----CSFNM-T-TE--LRD-KK-QKV-YSLF-YRLDVVQINENQGNRSNNS------------------------------------------NTEYRLI---NCNTSVI-T---QA, 0.3627, 0
0.298086, -131.5636, 94, POINT, A, VKLTPLCVTLQCTNVTNNITD-------------------------------------DMRGELKN----CSFNM-T-TE--LRD-KK-QKV-YALF-YRLDVVQINENQGNRSNNS------------------------------------------NTEYRLI---NCNTSAI-T---QA, 0.0340, 1
0.304890, -129.7098, 99, POINT, K, VKLTPLCVTLQCTNVTNNITD-------------------------------------DMRGELKN----CSFNM-T-TE--LRD-KK-QKV-YALF-YKLDVVQINENQGNRSNNS------------------------------------------NTEYRLI---NCNTSAI-T---QA, 0.0340, 1
0.306593, -129.3378, 109, POINT, D, VKLTPLCVTLQCTNVTNNITD-------------------------------------DMRGELKN----CSFNM-T-TE--LRD-KK-QKV-YALF-YKLDVVQINENDGNRSNNS------------------------------------------NTEYRLI---NCNTSAI-T---QA, 0.0340, 1
0.309430, -126.0627, 20, POINT, T, VKLTPLCVTLQCTNVTNNITT-------------------------------------DMRGELKN----CSFNM-T-TE--LRD-KK-QKV-YALF-YKLDVVQINENDGNRSNNS------------------------------------------NTEYRLI---NCNTSAI-T---QA, 0.0340, 1
0.311102, -29.1476, 82, POINT, I, VKLTPLCVTLQCTNVTNNITT-------------------------------------DMRGELKN----CSFNM-T-TE--IRD-KK-QKV-YALF-YKLDVVQINENDGNRSNNS------------------------------------------NTEYRLI---NCNTSAI-T---QA, 0.1918, 0
0.316683, -124.3120, 63, POINT, I, VKLTPLCVTLQCTNVTNNITT-------------------------------------DMRGEIKN----CSFNM-T-TE--LRD-KK-QKV-YALF-YKLDVVQINENDGNRSNNS------------------------------------------NTEYRLI---NCNTSAI-T---QA, 0.0340, 1
0.340350, -124.4612, 10, POINT, N, VKLTPLCVTLNCTNVTNNITT-------------------------------------DMRGEIKN----CSFNM-T-TE--LRD-KK-QKV-YALF-YKLDVVQINENDGNRSNNS------------------------------------------NTEYRLI---NCNTSAI-T---QA, 0.0503, 1
0.347374, -124.0498, 161, POINT, S, VKLTPLCVTLNCTNVTNNITT-------------------------------------DMRGEIKN----CSFNM-T-TE--LRD-KK-QKV-YALF-YKLDVVQINENDGNRSNNS------------------------------------------NTSYRLI---NCNTSAI-T---QA, 0.0503, 0
0.351743, -79.1891, 74, POINT, I, VKLTPLCVTLNCTNVTNNITT-------------------------------------DMRGEIKN----CSFNI-T-TE--LRD-KK-QKV-YALF-YKLDVVQINENDGNRSNNS------------------------------------------NTEYRLI---NCNTSAI-T---QA, 0.3378, 0
0.340731, -124.7211, 59, POINT, K, VKLTPLCVTLNCTNVTNNITT-------------------------------------DKRGEIKN----CSFNM-T-TE--LRD-KK-QKV-YALF-YKLDVVQINENDGNRSNNS------------------------------------------NTEYRLI---NCNTSAI-T---QA, 0.0503, 0
0.344803, -124.8784, 104, POINT, P, VKLTPLCVTLNCTNVTNNITT-------------------------------------DMRGEIKN----CSFNM-T-TE--LRD-KK-QKV-YALF-YKLDVVPINENDGNRSNNS------------------------------------------NTEYRLI---NCNTSAI-T---QA, 0.0486, 1
0.352085, -98.4605, [174], CHUNK, ['V'], VKLTPLCVTLNCTNVTNNITT-------------------------------------DMRGEIKN----CSFNM-T-TE--LRD-KK-QKV-YALF-YKLDVVPINENDGNRSNNS------------------------------------------NTEYRLI---NCNTSVI-T---QA, 0.3869, 0
0.349447, -111.2136, 74, POINT, V, VKLTPLCVTLNCTNVTNNITT-------------------------------------DMRGEIKN----CSFNV-T-TE--LRD-KK-QKV-YALF-YKLDVVPINENDGNRSNNS------------------------------------------NTEYRLI---NCNTSAI-T---QA, 0.1644, 0
0.351826, -124.4670, [161], CHUNK, ['S'], VKLTPLCVTLNCTNVTNNITT-------------------------------------DMRGEIKN----CSFNM-T-TE--LRD-KK-QKV-YALF-YKLDVVPINENDGNRSNNS------------------------------------------NTSYRLI---NCNTSAI-T---QA, 0.0486, 0
0.356195, -85.3019, 74, POINT, I, VKLTPLCVTLNCTNVTNNITT-------------------------------------DMRGEIKN----CSFNI-T-TE--LRD-KK-QKV-YALF-YKLDVVPINENDGNRSNNS------------------------------------------NTEYRLI---NCNTSAI-T---QA, 0.2761, 0
0.344744, -124.9804, [112], CHUNK, ['N'], VKLTPLCVTLNCTNVTNNITT-------------------------------------DMRGEIKN----CSFNM-T-TE--LRD-KK-QKV-YALF-YKLDVVQINENDGNNSNNS------------------------------------------NTEYRLI---NCNTSAI-T---QA, 0.0503, 0
0.347374, -124.0498, 161, POINT, S, VKLTPLCVTLNCTNVTNNITT-------------------------------------DMRGEIKN----CSFNM-T-TE--LRD-KK-QKV-YALF-YKLDVVQINENDGNRSNNS------------------------------------------NTSYRLI---NCNTSAI-T---QA, 0.0503, 0
0.342667, -123.6110, 58, POINT, S, VKLTPLCVTLNCTNVTNNITT-------------------------------------SMRGEIKN----CSFNM-T-TE--LRD-KK-QKV-YALF-YKLDVVQINENDGNRSNNS------------------------------------------NTEYRLI---NCNTSAI-T---QA, 0.0485, 0
0.351743, -74.9451, 74, POINT, I, VKLTPLCVTLNCTNVTNNITT-------------------------------------DMRGEIKN----CSFNI-T-TE--LRD-KK-QKV-YALF-YKLDVVQINENDGNRSNNS------------------------------------------NTEYRLI---NCNTSAI-T---QA, 0.2544, 0
0.320784, -124.7379, [110], CHUNK, ['T'], VKLTPLCVTLQCTNVTNNITT-------------------------------------DMRGEIKN----CSFNM-T-TE--LRD-KK-QKV-YALF-YKLDVVQINENDTNRSNNS------------------------------------------NTEYRLI---NCNTSAI-T---QA, 0.0376, 0
0.319151, -123.0167, 18, POINT, T, VKLTPLCVTLQCTNVTNNTTT-------------------------------------DMRGEIKN----CSFNM-T-TE--LRD-KK-QKV-YALF-YKLDVVQINENDGNRSNNS------------------------------------------NTEYRLI---NCNTSAI-T---QA, 0.0288, 0
0.328076, -81.5899, [74], CHUNK, ['I'], VKLTPLCVTLQCTNVTNNITT-------------------------------------DMRGEIKN----CSFNI-T-TE--LRD-KK-QKV-YALF-YKLDVVQINENDGNRSNNS------------------------------------------NTEYRLI---NCNTSAI-T---QA, 0.3467, 0
0.318355, -8.3713, 82, POINT, I, VKLTPLCVTLQCTNVTNNITT-------------------------------------DMRGEIKN----CSFNM-T-TE--IRD-KK-QKV-YALF-YKLDVVQINENDGNRSNNS------------------------------------------NTEYRLI---NCNTSAI-T---QA, 0.1004, 0
0.316683, -124.3120, [63], CHUNK, ['I'], VKLTPLCVTLQCTNVTNNITT-------------------------------------DMRGEIKN----CSFNM-T-TE--LRD-KK-QKV-YALF-YKLDVVQINENDGNRSNNS------------------------------------------NTEYRLI---NCNTSAI-T---QA, 0.0340, 1
0.321327, -108.9763, [74], CHUNK, ['V'], VKLTPLCVTLQCTNVTNNITT-------------------------------------DMRGEIKN----CSFNV-T-TE--LRD-KK-QKV-YALF-YKLDVVQINENDGNRSNNS------------------------------------------NTEYRLI---NCNTSAI-T---QA, 0.1643, 0
0.320755, -120.0518, 74, POINT, T, VKLTPLCVTLQCTNVTNNITT-------------------------------------DMRGEIKN----CSFNT-T-TE--LRD-KK-QKV-YALF-YKLDVVQINENDGNRSNNS------------------------------------------NTEYRLI---NCNTSAI-T---QA, 0.0489, 0
0.321327, -104.7774, [74], CHUNK, ['V'], VKLTPLCVTLQCTNVTNNITT-------------------------------------DMRGEIKN----CSFNV-T-TE--LRD-KK-QKV-YALF-YKLDVVQINENDGNRSNNS------------------------------------------NTEYRLI---NCNTSAI-T---QA, 0.2680, 0
0.328076, -90.0421, 74, POINT, I, VKLTPLCVTLQCTNVTNNITT-------------------------------------DMRGEIKN----CSFNI-T-TE--LRD-KK-QKV-YALF-YKLDVVQINENDGNRSNNS------------------------------------------NTEYRLI---NCNTSAI-T---QA, 0.5750, 0
0.319402, -69.4073, [74], CHUNK, ['I'], VKLTPLCVTLQCTNVTNNITT-------------------------------------DMRGELKN----CSFNI-T-TE--LRD-KK-QKV-YALF-YKLDVVQINENDGNRSNNS------------------------------------------NTEYRLI---NCNTSAI-T---QA, 0.6211, 0
0.311750, -125.4423, 58, POINT, S, VKLTPLCVTLQCTNVTNNITT-------------------------------------SMRGELKN----CSFNM-T-TE--LRD-KK-QKV-YALF-YKLDVVQINENDGNRSNNS------------------------------------------NTEYRLI---NCNTSAI-T---QA, 0.0418, 1
0.317808, -123.9054, [91], CHUNK, ['E'], VKLTPLCVTLQCTNVTNNITT-------------------------------------SMRGELKN----CSFNM-T-TE--LRD-KK-QKE-YALF-YKLDVVQINENDGNRSNNS------------------------------------------NTEYRLI---NCNTSAI-T---QA, 0.0418, 1
0.320952, -122.8250, [109], CHUNK, ['T'], VKLTPLCVTLQCTNVTNNITT-------------------------------------SMRGELKN----CSFNM-T-TE--LRD-KK-QKE-YALF-YKLDVVQINENTGNRSNNS------------------------------------------NTEYRLI---NCNTSAI-T---QA, 0.0418, 1
0.330924, -114.0793, 74, POINT, I, VKLTPLCVTLQCTNVTNNITT-------------------------------------SMRGELKN----CSFNI-T-TE--LRD-KK-QKE-YALF-YKLDVVQINENTGNRSNNS------------------------------------------NTEYRLI---NCNTSAI-T---QA, 0.1237, 0
0.328234, -101.9674, [174], CHUNK, ['V'], VKLTPLCVTLQCTNVTNNITT-------------------------------------SMRGELKN----CSFNM-T-TE--LRD-KK-QKE-YALF-YKLDVVQINENTGNRSNNS------------------------------------------NTEYRLI---NCNTSVI-T---QA, 0.2919, 1
0.338206, -92.6483, 74, POINT, I, VKLTPLCVTLQCTNVTNNITT-------------------------------------SMRGELKN----CSFNI-T-TE--LRD-KK-QKE-YALF-YKLDVVQINENTGNRSNNS------------------------------------------NTEYRLI---NCNTSVI-T---QA, 0.4647, 0
0.351901, -101.8952, [10], CHUNK, ['N'], VKLTPLCVTLNCTNVTNNITT-------------------------------------SMRGELKN----CSFNM-T-TE--LRD-KK-QKE-YALF-YKLDVVQINENTGNRSNNS------------------------------------------NTEYRLI---NCNTSVI-T---QA, 0.2919, 0
0.335258, -102.7080, 161, POINT, S, VKLTPLCVTLQCTNVTNNITT-------------------------------------SMRGELKN----CSFNM-T-TE--LRD-KK-QKE-YALF-YKLDVVQINENTGNRSNNS------------------------------------------NTSYRLI---NCNTSVI-T---QA, 0.2734, 0
0.351901, -101.8952, 10, POINT, N, VKLTPLCVTLNCTNVTNNITT-------------------------------------SMRGELKN----CSFNM-T-TE--LRD-KK-QKE-YALF-YKLDVVQINENTGNRSNNS------------------------------------------NTEYRLI---NCNTSVI-T---QA, 0.2919, 0
0.327975, -122.4135, [161], CHUNK, ['S'], VKLTPLCVTLQCTNVTNNITT-------------------------------------SMRGELKN----CSFNM-T-TE--LRD-KK-QKE-YALF-YKLDVVQINENTGNRSNNS------------------------------------------NTSYRLI---NCNTSAI-T---QA, 0.0418, 0
0.323018, -122.6491, [113], CHUNK, ['T'], VKLTPLCVTLQCTNVTNNITT-------------------------------------SMRGELKN----CSFNM-T-TE--LRD-KK-QKE-YALF-YKLDVVQINENTGNRTNNS------------------------------------------NTEYRLI---NCNTSAI-T---QA, 0.0418, 0
0.324992, -119.6964, [74], CHUNK, ['T'], VKLTPLCVTLQCTNVTNNITT-------------------------------------SMRGELKN----CSFNT-T-TE--LRD-KK-QKE-YALF-YKLDVVQINENTGNRSNNS------------------------------------------NTEYRLI---NCNTSAI-T---QA, 0.0418, 0
0.344618, -122.7440, [10], CHUNK, ['N'], VKLTPLCVTLNCTNVTNNITT-------------------------------------SMRGELKN----CSFNM-T-TE--LRD-KK-QKE-YALF-YKLDVVQINENTGNRSNNS------------------------------------------NTEYRLI---NCNTSAI-T---QA, 0.0418, 1
0.348981, -123.0131, 104, POINT, P, VKLTPLCVTLNCTNVTNNITT-------------------------------------SMRGELKN----CSFNM-T-TE--LRD-KK-QKE-YALF-YKLDVVPINENTGNRSNNS------------------------------------------NTEYRLI---NCNTSAI-T---QA, 0.0418, 1
0.352294, -120.6459, [18], CHUNK, ['N'], VKLTPLCVTLNCTNVTNNNTT-------------------------------------SMRGELKN----CSFNM-T-TE--LRD-KK-QKE-YALF-YKLDVVPINENTGNRSNNS------------------------------------------NTEYRLI---NCNTSAI-T---QA, 0.0418, 1
0.354591, -119.4096, [63], CHUNK, ['M'], VKLTPLCVTLNCTNVTNNNTT-------------------------------------SMRGEMKN----CSFNM-T-TE--LRD-KK-QKE-YALF-YKLDVVPINENTGNRSNNS------------------------------------------NTEYRLI---NCNTSAI-T---QA, 0.0423, 0
0.357341, -120.7584, [107], CHUNK, ['N'], VKLTPLCVTLNCTNVTNNNTT-------------------------------------SMRGELKN----CSFNM-T-TE--LRD-KK-QKE-YALF-YKLDVVPINNNTGNRSNNS------------------------------------------NTEYRLI---NCNTSAI-T---QA, 0.0418, 1
0.364624, -99.7053, [174], CHUNK, ['V'], VKLTPLCVTLNCTNVTNNNTT-------------------------------------SMRGELKN----CSFNM-T-TE--LRD-KK-QKE-YALF-YKLDVVPINNNTGNRSNNS------------------------------------------NTEYRLI---NCNTSVI-T---QA, 0.2473, 0
0.362435, -121.6200, [110], CHUNK, ['T'], VKLTPLCVTLNCTNVTNNNTT-------------------------------------SMRGELKN----CSFNM-T-TE--LRD-KK-QKE-YALF-YKLDVVPINNNTTNRSNNS------------------------------------------NTEYRLI---NCNTSAI-T---QA, 0.0511, 0
0.367313, -107.3966, [74], CHUNK, ['I'], VKLTPLCVTLNCTNVTNNNTT-------------------------------------SMRGELKN----CSFNI-T-TE--LRD-KK-QKE-YALF-YKLDVVPINNNTGNRSNNS------------------------------------------NTEYRLI---NCNTSAI-T---QA, 0.4821, 0
0.364583, -119.0654, [63], CHUNK, ['I'], VKLTPLCVTLNCTNVTNNNTT-------------------------------------SMRGEIKN----CSFNM-T-TE--LRD-KK-QKE-YALF-YKLDVVPINNNTGNRSNNS------------------------------------------NTEYRLI---NCNTSAI-T---QA, 0.0418, 0
0.354456, -32.4134, [82], CHUNK, ['I'], VKLTPLCVTLNCTNVTNNNTT-------------------------------------SMRGELKN----CSFNM-T-TE--IRD-KK-QKE-YALF-YKLDVVPINENTGNRSNNS------------------------------------------NTEYRLI---NCNTSAI-T---QA, 0.2526, 0
0.354005, -122.4715, 58, POINT, N, VKLTPLCVTLNCTNVTNNNTT-------------------------------------NMRGELKN----CSFNM-T-TE--LRD-KK-QKE-YALF-YKLDVVPINENTGNRSNNS------------------------------------------NTEYRLI---NCNTSAI-T---QA, 0.0432, 0
0.362265, -114.4632, [74], CHUNK, ['I'], VKLTPLCVTLNCTNVTNNNTT-------------------------------------SMRGELKN----CSFNI-T-TE--LRD-KK-QKE-YALF-YKLDVVPINENTGNRSNNS------------------------------------------NTEYRLI---NCNTSAI-T---QA, 0.0565, 0
0.359535, -118.9529, [63], CHUNK, ['I'], VKLTPLCVTLNCTNVTNNNTT-------------------------------------SMRGEIKN----CSFNM-T-TE--LRD-KK-QKE-YALF-YKLDVVPINENTGNRSNNS------------------------------------------NTEYRLI---NCNTSAI-T---QA, 0.0418, 0
0.353473, -116.3717, [74], CHUNK, ['V'], VKLTPLCVTLNCTNVTNNITT-------------------------------------SMRGELKN----CSFNV-T-TE--LRD-KK-QKE-YALF-YKLDVVPINENTGNRSNNS------------------------------------------NTEYRLI---NCNTSAI-T---QA, 0.3332, 0
0.356005, -122.6016, [161], CHUNK, ['S'], VKLTPLCVTLNCTNVTNNITT-------------------------------------SMRGELKN----CSFNM-T-TE--LRD-KK-QKE-YALF-YKLDVVPINENTGNRSNNS------------------------------------------NTSYRLI---NCNTSAI-T---QA, 0.0418, 1
0.357499, -123.4129, 110, POINT, K, VKLTPLCVTLNCTNVTNNITT-------------------------------------SMRGELKN----CSFNM-T-TE--LRD-KK-QKE-YALF-YKLDVVPINENTKNRSNNS------------------------------------------NTSYRLI---NCNTSAI-T---QA, 0.0418, 0
0.358168, -42.4334, [82], CHUNK, ['I'], VKLTPLCVTLNCTNVTNNITT-------------------------------------SMRGELKN----CSFNM-T-TE--IRD-KK-QKE-YALF-YKLDVVPINENTGNRSNNS------------------------------------------NTSYRLI---NCNTSAI-T---QA, 0.3592, 0
0.361053, -122.8178, [107], CHUNK, ['N'], VKLTPLCVTLNCTNVTNNITT-------------------------------------SMRGELKN----CSFNM-T-TE--LRD-KK-QKE-YALF-YKLDVVPINNNTGNRSNNS------------------------------------------NTSYRLI---NCNTSAI-T---QA, 0.0367, 0
0.356654, -122.8609, 59, POINT, K, VKLTPLCVTLNCTNVTNNITT-------------------------------------SKRGELKN----CSFNM-T-TE--LRD-KK-QKE-YALF-YKLDVVPINENTGNRSNNS------------------------------------------NTSYRLI---NCNTSAI-T---QA, 0.0418, 1
0.363936, -103.0561, [174], CHUNK, ['V'], VKLTPLCVTLNCTNVTNNITT-------------------------------------SKRGELKN----CSFNM-T-TE--LRD-KK-QKE-YALF-YKLDVVPINENTGNRSNNS------------------------------------------NTSYRLI---NCNTSVI-T---QA, 0.2615, 0
0.361702, -122.9735, 107, POINT, N, VKLTPLCVTLNCTNVTNNITT-------------------------------------SKRGELKN----CSFNM-T-TE--LRD-KK-QKE-YALF-YKLDVVPINNNTGNRSNNS------------------------------------------NTSYRLI---NCNTSAI-T---QA, 0.0418, 0
0.358823, -120.3671, 174, POINT, T, VKLTPLCVTLNCTNVTNNITT-------------------------------------SKRGELKN----CSFNM-T-TE--LRD-KK-QKE-YALF-YKLDVVPINENTGNRSNNS------------------------------------------NTSYRLI---NCNTSTI-T---QA, 0.0491, 0
0.361241, -123.2759, 110, POINT, T, VKLTPLCVTLNCTNVTNNITT-------------------------------------SKRGELKN----CSFNM-T-TE--LRD-KK-QKE-YALF-YKLDVVPINENTTNRSNNS------------------------------------------NTSYRLI---NCNTSAI-T---QA, 0.0418, 0
0.363287, -99.6217, [174], CHUNK, ['V'], VKLTPLCVTLNCTNVTNNITT-------------------------------------SMRGELKN----CSFNM-T-TE--LRD-KK-QKE-YALF-YKLDVVPINENTGNRSNNS------------------------------------------NTSYRLI---NCNTSVI-T---QA, 0.3486, 0
0.358648, -121.0564, 18, POINT, T, VKLTPLCVTLNCTNVTNNTTT-------------------------------------SMRGELKN----CSFNM-T-TE--LRD-KK-QKE-YALF-YKLDVVPINENTGNRSNNS------------------------------------------NTSYRLI---NCNTSAI-T---QA, 0.0418, 0
0.363255, -120.9086, [63], CHUNK, ['I'], VKLTPLCVTLNCTNVTNNITT-------------------------------------SMRGEIKN----CSFNM-T-TE--LRD-KK-QKE-YALF-YKLDVVPINENTGNRSNNS------------------------------------------NTSYRLI---NCNTSAI-T---QA, 0.0418, 1
0.367327, -117.7800, 74, POINT, T, VKLTPLCVTLNCTNVTNNITT-------------------------------------SMRGEIKN----CSFNT-T-TE--LRD-KK-QKE-YALF-YKLDVVPINENTGNRSNNS------------------------------------------NTSYRLI---NCNTSAI-T---QA, 0.0418, 1
0.369053, -117.1448, 59, POINT, S, VKLTPLCVTLNCTNVTNNITT-------------------------------------SSRGEIKN----CSFNT-T-TE--LRD-KK-QKE-YALF-YKLDVVPINENTGNRSNNS------------------------------------------NTSYRLI---NCNTSAI-T---QA, 0.0411, 1
0.371222, -114.6058, 174, POINT, T, VKLTPLCVTLNCTNVTNNITT-------------------------------------SSRGEIKN----CSFNT-T-TE--LRD-KK-QKE-YALF-YKLDVVPINENTGNRSNNS------------------------------------------NTSYRLI---NCNTSTI-T---QA, 0.0411, 0
0.376335, -93.0208, 174, POINT, V, VKLTPLCVTLNCTNVTNNITT-------------------------------------SSRGEIKN----CSFNT-T-TE--LRD-KK-QKE-YALF-YKLDVVPINENTGNRSNNS------------------------------------------NTSYRLI---NCNTSVI-T---QA, 0.3712, 0
0.376335, -95.2408, 174, POINT, V, VKLTPLCVTLNCTNVTNNITT-------------------------------------SSRGEIKN----CSFNT-T-TE--LRD-KK-QKE-YALF-YKLDVVPINENTGNRSNNS------------------------------------------NTSYRLI---NCNTSVI-T---QA, 0.2056, 0
0.376374, -112.5387, [74], CHUNK, ['I'], VKLTPLCVTLNCTNVTNNITT-------------------------------------SSRGEIKN----CSFNI-T-TE--LRD-KK-QKE-YALF-YKLDVVPINENTGNRSNNS------------------------------------------NTSYRLI---NCNTSAI-T---QA, 0.1091, 0
0.372375, -117.8925, [107], CHUNK, ['N'], VKLTPLCVTLNCTNVTNNITT-------------------------------------SMRGEIKN----CSFNT-T-TE--LRD-KK-QKE-YALF-YKLDVVPINNNTGNRSNNS------------------------------------------NTSYRLI---NCNTSAI-T---QA, 0.0418, 1
0.373375, -115.7549, 60, POINT, K, VKLTPLCVTLNCTNVTNNITT-------------------------------------SMKGEIKN----CSFNT-T-TE--LRD-KK-QKE-YALF-YKLDVVPINNNTGNRSNNS------------------------------------------NTSYRLI---NCNTSAI-T---QA, 0.0418, 1
0.376400, -24.6460, 82, POINT, I, VKLTPLCVTLNCTNVTNNITT-------------------------------------SMKGEIKN----CSFNT-T-TE--IRD-KK-QKE-YALF-YKLDVVPINNNTGNRSNNS------------------------------------------NTSYRLI---NCNTSAI-T---QA, 0.3212, 0
0.375138, -116.9781, [58], CHUNK, ['N'], VKLTPLCVTLNCTNVTNNITT-------------------------------------NMKGEIKN----CSFNT-T-TE--LRD-KK-QKE-YALF-YKLDVVPINNNTGNRSNNS------------------------------------------NTSYRLI---NCNTSAI-T---QA, 0.0418, 0
0.376465, -115.3980, [59], CHUNK, ['N'], VKLTPLCVTLNCTNVTNNITT-------------------------------------SNKGEIKN----CSFNT-T-TE--LRD-KK-QKE-YALF-YKLDVVPINNNTGNRSNNS------------------------------------------NTSYRLI---NCNTSAI-T---QA, 0.0418, 0
0.376232, -114.3876, [18], CHUNK, ['T'], VKLTPLCVTLNCTNVTNNTTT-------------------------------------SMKGEIKN----CSFNT-T-TE--LRD-KK-QKE-YALF-YKLDVVPINNNTGNRSNNS------------------------------------------NTSYRLI---NCNTSAI-T---QA, 0.0461, 0
0.375400, 3.3172, 82, POINT, I, VKLTPLCVTLNCTNVTNNITT-------------------------------------SMRGEIKN----CSFNT-T-TE--IRD-KK-QKE-YALF-YKLDVVPINNNTGNRSNNS------------------------------------------NTSYRLI---NCNTSAI-T---QA, 0.1529, 0
0.375679, -115.5253, 18, POINT, N, VKLTPLCVTLNCTNVTNNNTT-------------------------------------SMRGEIKN----CSFNT-T-TE--LRD-KK-QKE-YALF-YKLDVVPINNNTGNRSNNS------------------------------------------NTSYRLI---NCNTSAI-T---QA, 0.0418, 0
0.373375, -115.7549, 60, POINT, K, VKLTPLCVTLNCTNVTNNITT-------------------------------------SMKGEIKN----CSFNT-T-TE--LRD-KK-QKE-YALF-YKLDVVPINNNTGNRSNNS------------------------------------------NTSYRLI---NCNTSAI-T---QA, 0.0418, 0
0.374647, -116.0227, [14], CHUNK, ['N'], VKLTPLCVTLNCTNNTNNITT-------------------------------------SMRGEIKN----CSFNT-T-TE--LRD-KK-QKE-YALF-YKLDVVPINNNTGNRSNNS------------------------------------------NTSYRLI---NCNTSAI-T---QA, 0.0433, 0
0.369560, -117.9811, 59, POINT, I, VKLTPLCVTLNCTNVTNNITT-------------------------------------SIRGEIKN----CSFNT-T-TE--LRD-KK-QKE-YALF-YKLDVVPINENTGNRSNNS------------------------------------------NTSYRLI---NCNTSAI-T---QA, 0.1365, 0
0.374648, -110.8338, [74], CHUNK, ['I'], VKLTPLCVTLNCTNVTNNITT-------------------------------------SMRGEIKN----CSFNI-T-TE--LRD-KK-QKE-YALF-YKLDVVPINENTGNRSNNS------------------------------------------NTSYRLI---NCNTSAI-T---QA, 0.0642, 0
0.368488, -117.7803, 107, POINT, D, VKLTPLCVTLNCTNVTNNITT-------------------------------------SMRGEIKN----CSFNT-T-TE--LRD-KK-QKE-YALF-YKLDVVPINDNTGNRSNNS------------------------------------------NTSYRLI---NCNTSAI-T---QA, 0.0587, 1
0.368989, -117.3008, [59], CHUNK, ['V'], VKLTPLCVTLNCTNVTNNITT-------------------------------------SVRGEIKN----CSFNT-T-TE--LRD-KK-QKE-YALF-YKLDVVPINDNTGNRSNNS------------------------------------------NTSYRLI---NCNTSAI-T---QA, 0.0878, 0
0.369488, -115.6314, 60, POINT, K, VKLTPLCVTLNCTNVTNNITT-------------------------------------SMKGEIKN----CSFNT-T-TE--LRD-KK-QKE-YALF-YKLDVVPINDNTGNRSNNS------------------------------------------NTSYRLI---NCNTSAI-T---QA, 0.0596, 0
0.371791, -115.4122, 18, POINT, N, VKLTPLCVTLNCTNVTNNNTT-------------------------------------SMRGEIKN----CSFNT-T-TE--LRD-KK-QKE-YALF-YKLDVVPINDNTGNRSNNS------------------------------------------NTSYRLI---NCNTSAI-T---QA, 0.0587, 0
0.371513, -35.3493, [82], CHUNK, ['I'], VKLTPLCVTLNCTNVTNNITT-------------------------------------SMRGEIKN----CSFNT-T-TE--IRD-KK-QKE-YALF-YKLDVVPINDNTGNRSNNS------------------------------------------NTSYRLI---NCNTSAI-T---QA, 0.2793, 0
0.371232, -117.1655, 112, POINT, T, VKLTPLCVTLNCTNVTNNITT-------------------------------------SMRGEIKN----CSFNT-T-TE--LRD-KK-QKE-YALF-YKLDVVPINENTGNTSNNS------------------------------------------NTSYRLI---NCNTSAI-T---QA, 0.0418, 0
0.367899, -117.0018, [74], CHUNK, ['V'], VKLTPLCVTLNCTNVTNNITT-------------------------------------SMRGEIKN----CSFNV-T-TE--LRD-KK-QKE-YALF-YKLDVVPINENTGNRSNNS------------------------------------------NTSYRLI---NCNTSAI-T---QA, 0.1287, 0
0.374648, -109.5197, [74], CHUNK, ['I'], VKLTPLCVTLNCTNVTNNITT-------------------------------------SMRGEIKN----CSFNI-T-TE--LRD-KK-QKE-YALF-YKLDVVPINENTGNRSNNS------------------------------------------NTSYRLI---NCNTSAI-T---QA, 0.2632, 0
0.374610, -93.7880, [174], CHUNK, ['V'], VKLTPLCVTLNCTNVTNNITT-------------------------------------SMRGEIKN----CSFNT-T-TE--LRD-KK-QKE-YALF-YKLDVVPINENTGNRSNNS------------------------------------------NTSYRLI---NCNTSVI-T---QA, 0.2702, 0
0.367818, -122.2892, 110, POINT, N, VKLTPLCVTLNCTNVTNNITT-------------------------------------SMRGEIKN----CSFNM-T-TE--LRD-KK-QKE-YALF-YKLDVVPINENTNNRSNNS------------------------------------------NTSYRLI---NCNTSAI-T---QA, 0.0418, 0
0.370537, -100.1335, [174], CHUNK, ['V'], VKLTPLCVTLNCTNVTNNITT-------------------------------------SMRGEIKN----CSFNM-T-TE--LRD-KK-QKE-YALF-YKLDVVPINENTGNRSNNS------------------------------------------NTSYRLI---NCNTSVI-T---QA, 0.3975, 0
0.368303, -121.1672, 107, POINT, N, VKLTPLCVTLNCTNVTNNITT-------------------------------------SMRGEIKN----CSFNM-T-TE--LRD-KK-QKE-YALF-YKLDVVPINNNTGNRSNNS------------------------------------------NTSYRLI---NCNTSAI-T---QA, 0.0501, 1
0.370029, -120.2791, [59], CHUNK, ['S'], VKLTPLCVTLNCTNVTNNITT-------------------------------------SSRGEIKN----CSFNM-T-TE--LRD-KK-QKE-YALF-YKLDVVPINNNTGNRSNNS------------------------------------------NTSYRLI---NCNTSAI-T---QA, 0.0501, 0
0.370575, -119.1918, 14, POINT, N, VKLTPLCVTLNCTNNTNNITT-------------------------------------SMRGEIKN----CSFNM-T-TE--LRD-KK-QKE-YALF-YKLDVVPINNNTGNRSNNS------------------------------------------NTSYRLI---NCNTSAI-T---QA, 0.0501, 0
0.370466, -0.4753, 82, POINT, I, VKLTPLCVTLNCTNVTNNITT-------------------------------------SMRGEIKN----CSFNM-T-TE--IRD-KK-QKE-YALF-YKLDVVPINNNTGNRSNNS------------------------------------------NTSYRLI---NCNTSAI-T---QA, 0.0972, 0
0.371167, -120.3698, 59, POINT, T, VKLTPLCVTLNCTNVTNNITT-------------------------------------STRGEIKN----CSFNM-T-TE--LRD-KK-QKE-YALF-YKLDVVPINNNTGNRSNNS------------------------------------------NTSYRLI---NCNTSAI-T---QA, 0.0654, 1
0.371730, -118.8527, [58], CHUNK, ['T'], VKLTPLCVTLNCTNVTNNITT-------------------------------------TTRGEIKN----CSFNM-T-TE--LRD-KK-QKE-YALF-YKLDVVPINNNTGNRSNNS------------------------------------------NTSYRLI---NCNTSAI-T---QA, 0.0647, 1
0.375751, -117.0037, 18, POINT, N, VKLTPLCVTLNCTNVTNNNTT-------------------------------------TTRGEIKN----CSFNM-T-TE--LRD-KK-QKE-YALF-YKLDVVPINNNTGNRSNNS------------------------------------------NTSYRLI---NCNTSAI-T---QA, 0.0647, 0
0.383123, -112.5921, 74, POINT, I, VKLTPLCVTLNCTNVTNNITT-------------------------------------TTRGEIKN----CSFNI-T-TE--LRD-KK-QKE-YALF-YKLDVVPINNNTGNRSNNS------------------------------------------NTSYRLI---NCNTSAI-T---QA, 0.0865, 0
0.379013, -100.4482, [174], CHUNK, ['V'], VKLTPLCVTLNCTNVTNNITT-------------------------------------TTRGEIKN----CSFNM-T-TE--LRD-KK-QKE-YALF-YKLDVVPINNNTGNRSNNS------------------------------------------NTSYRLI---NCNTSVI-T---QA, 0.2200, 0
0.372954, -116.7140, 60, POINT, K, VKLTPLCVTLNCTNVTNNITT-------------------------------------TTKGEIKN----CSFNM-T-TE--LRD-KK-QKE-YALF-YKLDVVPINNNTGNRSNNS------------------------------------------NTSYRLI---NCNTSAI-T---QA, 0.0647, 0
0.375724, -120.9594, [112], CHUNK, ['N'], VKLTPLCVTLNCTNVTNNITT-------------------------------------STRGEIKN----CSFNM-T-TE--LRD-KK-QKE-YALF-YKLDVVPINNNTGNNSNNS------------------------------------------NTSYRLI---NCNTSAI-T---QA, 0.0700, 0
0.382560, -102.6821, 74, POINT, I, VKLTPLCVTLNCTNVTNNITT-------------------------------------STRGEIKN----CSFNI-T-TE--LRD-KK-QKE-YALF-YKLDVVPINNNTGNRSNNS------------------------------------------NTSYRLI---NCNTSAI-T---QA, 0.2529, 0
0.374284, -119.3713, [18], CHUNK, ['T'], VKLTPLCVTLNCTNVTNNTTT-------------------------------------STRGEIKN----CSFNM-T-TE--LRD-KK-QKE-YALF-YKLDVVPINNNTGNRSNNS------------------------------------------NTSYRLI---NCNTSAI-T---QA, 0.0654, 0
0.373336, -117.7912, 174, POINT, T, VKLTPLCVTLNCTNVTNNITT-------------------------------------STRGEIKN----CSFNM-T-TE--LRD-KK-QKE-YALF-YKLDVVPINNNTGNRSNNS------------------------------------------NTSYRLI---NCNTSTI-T---QA, 0.0641, 0
0.370942, -119.9505, 18, POINT, T, VKLTPLCVTLNCTNVTNNTTT-------------------------------------SMRGEIKN----CSFNM-T-TE--LRD-KK-QKE-YALF-YKLDVVPINNNTGNRSNNS------------------------------------------NTSYRLI---NCNTSAI-T---QA, 0.0489, 0
0.379696, -114.2884, 74, POINT, I, VKLTPLCVTLNCTNVTNNITT-------------------------------------SMRGEIKN----CSFNI-T-TE--LRD-KK-QKE-YALF-YKLDVVPINNNTGNRSNNS------------------------------------------NTSYRLI---NCNTSAI-T---QA, 0.1080, 0
0.372947, -113.1266, [74], CHUNK, ['V'], VKLTPLCVTLNCTNVTNNITT-------------------------------------SMRGEIKN----CSFNV-T-TE--LRD-KK-QKE-YALF-YKLDVVPINNNTGNRSNNS------------------------------------------NTSYRLI---NCNTSAI-T---QA, 0.1629, 0
0.372375, -118.0731, 74, POINT, T, VKLTPLCVTLNCTNVTNNITT-------------------------------------SMRGEIKN----CSFNT-T-TE--LRD-KK-QKE-YALF-YKLDVVPINNNTGNRSNNS------------------------------------------NTSYRLI---NCNTSAI-T---QA, 0.0526, 0
0.365418, -4.0768, 82, POINT, I, VKLTPLCVTLNCTNVTNNITT-------------------------------------SMRGEIKN----CSFNM-T-TE--IRD-KK-QKE-YALF-YKLDVVPINENTGNRSNNS------------------------------------------NTSYRLI---NCNTSAI-T---QA, 0.1475, 0
0.370537, -102.0761, [174], CHUNK, ['V'], VKLTPLCVTLNCTNVTNNITT-------------------------------------SMRGEIKN----CSFNM-T-TE--LRD-KK-QKE-YALF-YKLDVVPINENTGNRSNNS------------------------------------------NTSYRLI---NCNTSVI-T---QA, 0.3197, 0
0.363657, -120.6655, 59, POINT, D, VKLTPLCVTLNCTNVTNNITT-------------------------------------SDRGEIKN----CSFNM-T-TE--LRD-KK-QKE-YALF-YKLDVVPINENTGNRSNNS------------------------------------------NTSYRLI---NCNTSAI-T---QA, 0.0418, 0
0.363793, -121.1683, [16], CHUNK, ['T'], VKLTPLCVTLNCTNVTTNITT-------------------------------------SMRGEIKN----CSFNM-T-TE--LRD-KK-QKE-YALF-YKLDVVPINENTGNRSNNS------------------------------------------NTSYRLI---NCNTSAI-T---QA, 0.0418, 0
0.363287, -97.9088, 174, POINT, V, VKLTPLCVTLNCTNVTNNITT-------------------------------------SMRGELKN----CSFNM-T-TE--LRD-KK-QKE-YALF-YKLDVVPINENTGNRSNNS------------------------------------------NTSYRLI---NCNTSVI-T---QA, 0.5039, 0
0.358648, -121.3171, 18, POINT, T, VKLTPLCVTLNCTNVTNNTTT-------------------------------------SMRGELKN----CSFNM-T-TE--LRD-KK-QKE-YALF-YKLDVVPINENTGNRSNNS------------------------------------------NTSYRLI---NCNTSAI-T---QA, 0.0371, 0
0.365977, -113.3935, [74], CHUNK, ['I'], VKLTPLCVTLNCTNVTNNITT-------------------------------------SMRGELKN----CSFNI-T-TE--LRD-KK-QKE-YALF-YKLDVVPINENTGNRSNNS------------------------------------------NTSYRLI---NCNTSAI-T---QA, 0.2900, 0
0.360497, -116.6807, [74], CHUNK, ['V'], VKLTPLCVTLNCTNVTNNITT-------------------------------------SMRGELKN----CSFNV-T-TE--LRD-KK-QKE-YALF-YKLDVVPINENTGNRSNNS------------------------------------------NTSYRLI---NCNTSAI-T---QA, 0.1043, 0
