Name base = V1V2_200_exp_9_3_ni
Iters = 200
Soft coverage = 0.284621885725
Energy = -131.165724006
Hard Covereage = 0.0368019545157
Num epitopes = 65
Initial seq = VKLTPLCVTLQCTNVTNNITD-------------------------------------DMRGELKN----CSFNM-T-TE--LRD-KK-QKV-YSLF-YRLDVVQINENQGNRSNNS------------------------------------------NKEYRLI---NCNTSAI-T---QA
-------START OF DATA------
0.293003, -131.5106, 94, POINT, A, VKLTPLCVTLQCTNVTNNITD-------------------------------------DMRGELKN----CSFNM-T-TE--LRD-KK-QKV-YALF-YRLDVVQINENQGNRSNNS------------------------------------------NKEYRLI---NCNTSAI-T---QA, 0.0065, 1
0.297974, -129.9975, 91, POINT, E, VKLTPLCVTLQCTNVTNNITD-------------------------------------DMRGELKN----CSFNM-T-TE--LRD-KK-QKE-YALF-YRLDVVQINENQGNRSNNS------------------------------------------NKEYRLI---NCNTSAI-T---QA, 0.0557, 1
0.302466, -121.7190, 74, POINT, V, VKLTPLCVTLQCTNVTNNITD-------------------------------------DMRGELKN----CSFNV-T-TE--LRD-KK-QKE-YALF-YRLDVVQINENQGNRSNNS------------------------------------------NKEYRLI---NCNTSAI-T---QA, 0.3253, 0
0.312453, -103.3970, [10, 13, 14], CHUNK, ['N', 'E', 'L'], VKLTPLCVTLNCTELTNNITD-------------------------------------DMRGELKN----CSFNM-T-TE--LRD-KK-QKE-YALF-YRLDVVQINENQGNRSNNS------------------------------------------NKEYRLI---NCNTSAI-T---QA, 0.5493, 1
0.319724, -93.2380, 63, POINT, I, VKLTPLCVTLNCTELTNNITD-------------------------------------DMRGEIKN----CSFNM-T-TE--LRD-KK-QKE-YALF-YRLDVVQINENQGNRSNNS------------------------------------------NKEYRLI---NCNTSAI-T---QA, 0.5200, 0
0.316664, -104.5721, 161, POINT, S, VKLTPLCVTLNCTELTNNITD-------------------------------------DMRGELKN----CSFNM-T-TE--LRD-KK-QKE-YALF-YRLDVVQINENQGNRSNNS------------------------------------------NKSYRLI---NCNTSAI-T---QA, 0.4295, 0
0.319724, -88.6816, 63, POINT, I, VKLTPLCVTLNCTELTNNITD-------------------------------------DMRGEIKN----CSFNM-T-TE--LRD-KK-QKE-YALF-YRLDVVQINENQGNRSNNS------------------------------------------NKEYRLI---NCNTSAI-T---QA, 0.5120, 0
0.324559, -102.5436, [160, 161], CHUNK, ['T', 'S'], VKLTPLCVTLNCTELTNNITD-------------------------------------DMRGELKN----CSFNM-T-TE--LRD-KK-QKE-YALF-YRLDVVQINENQGNRSNNS------------------------------------------NTSYRLI---NCNTSAI-T---QA, 0.5493, 0
0.315562, -101.9859, [10, 14, 15], CHUNK, ['N', 'L', 'K'], VKLTPLCVTLNCTNLKNNITD-------------------------------------DMRGELKN----CSFNM-T-TE--LRD-KK-QKE-YALF-YRLDVVQINENQGNRSNNS------------------------------------------NKEYRLI---NCNTSAI-T---QA, 0.2829, 0
0.316499, -124.0635, [10, 14, 15, 16, 17, 18], CHUNK, ['N', 'A', 'N', 'V', 'T', 'S'], VKLTPLCVTLNCTNANVTSTD-------------------------------------DMRGELKN----CSFNM-T-TE--LRD-KK-QKE-YALF-YRLDVVQINENQGNRSNNS------------------------------------------NKEYRLI---NCNTSAI-T---QA, 0.0557, 0
0.303057, -129.6184, 160, POINT, T, VKLTPLCVTLQCTNVTNNITD-------------------------------------DMRGELKN----CSFNM-T-TE--LRD-KK-QKE-YALF-YRLDVVQINENQGNRSNNS------------------------------------------NTEYRLI---NCNTSAI-T---QA, 0.0584, 1
0.313028, -116.9239, [74], CHUNK, ['I'], VKLTPLCVTLQCTNVTNNITD-------------------------------------DMRGELKN----CSFNI-T-TE--LRD-KK-QKE-YALF-YRLDVVQINENQGNRSNNS------------------------------------------NTEYRLI---NCNTSAI-T---QA, 0.2682, 0
0.313028, -117.5296, 74, POINT, I, VKLTPLCVTLQCTNVTNNITD-------------------------------------DMRGELKN----CSFNI-T-TE--LRD-KK-QKE-YALF-YRLDVVQINENQGNRSNNS------------------------------------------NTEYRLI---NCNTSAI-T---QA, 0.2904, 1
0.325266, -117.7074, [10, 12, 14], CHUNK, ['N', 'S', 'A'], VKLTPLCVTLNCSNATNNITD-------------------------------------DMRGELKN----CSFNI-T-TE--LRD-KK-QKE-YALF-YRLDVVQINENQGNRSNNS------------------------------------------NTEYRLI---NCNTSAI-T---QA, 0.2865, 0
0.320052, -121.2876, 161, POINT, S, VKLTPLCVTLQCTNVTNNITD-------------------------------------DMRGELKN----CSFNI-T-TE--LRD-KK-QKE-YALF-YRLDVVQINENQGNRSNNS------------------------------------------NTSYRLI---NCNTSAI-T---QA, 0.2731, 0
0.315093, -117.0771, 18, POINT, N, VKLTPLCVTLQCTNVTNNNTD-------------------------------------DMRGELKN----CSFNI-T-TE--LRD-KK-QKE-YALF-YRLDVVQINENQGNRSNNS------------------------------------------NTEYRLI---NCNTSAI-T---QA, 0.2662, 0
0.333217, -120.8324, [10, 13, 15], CHUNK, ['N', 'D', 'N'], VKLTPLCVTLNCTDVNNNITD-------------------------------------DMRGELKN----CSFNI-T-TE--LRD-KK-QKE-YALF-YRLDVVQINENQGNRSNNS------------------------------------------NTEYRLI---NCNTSAI-T---QA, 0.1766, 0
0.326723, -129.5337, [10], CHUNK, ['N'], VKLTPLCVTLNCTNVTNNITD-------------------------------------DMRGELKN----CSFNM-T-TE--LRD-KK-QKE-YALF-YRLDVVQINENQGNRSNNS------------------------------------------NTEYRLI---NCNTSAI-T---QA, 0.0584, 1
0.336654, -122.9951, [74, 79], CHUNK, ['I', 'N'], VKLTPLCVTLNCTNVTNNITD-------------------------------------DMRGELKN----CSFNI-T-TN--LRD-KK-QKE-YALF-YRLDVVQINENQGNRSNNS------------------------------------------NTEYRLI---NCNTSAI-T---QA, 0.0629, 0
0.336695, -119.5702, [74], CHUNK, ['I'], VKLTPLCVTLNCTNVTNNITD-------------------------------------DMRGELKN----CSFNI-T-TE--LRD-KK-QKE-YALF-YRLDVVQINENQGNRSNNS------------------------------------------NTEYRLI---NCNTSAI-T---QA, 0.3859, 0
0.334615, -127.7023, 99, POINT, K, VKLTPLCVTLNCTNVTNNITD-------------------------------------DMRGELKN----CSFNM-T-TE--LRD-KK-QKE-YALF-YKLDVVQINENQGNRSNNS------------------------------------------NTEYRLI---NCNTSAI-T---QA, 0.0584, 1
0.335900, -125.3479, 60, POINT, K, VKLTPLCVTLNCTNVTNNITD-------------------------------------DMKGELKN----CSFNM-T-TE--LRD-KK-QKE-YALF-YKLDVVQINENQGNRSNNS------------------------------------------NTEYRLI---NCNTSAI-T---QA, 0.0584, 0
0.342966, -119.8948, [74, 79], CHUNK, ['I', 'S'], VKLTPLCVTLNCTNVTNNITD-------------------------------------DMRGELKN----CSFNI-T-TS--LRD-KK-QKE-YALF-YKLDVVQINENQGNRSNNS------------------------------------------NTEYRLI---NCNTSAI-T---QA, 0.1420, 0
0.344587, -121.9432, [74], CHUNK, ['I'], VKLTPLCVTLNCTNVTNNITD-------------------------------------DMRGELKN----CSFNI-T-TE--LRD-KK-QKE-YALF-YKLDVVQINENQGNRSNNS------------------------------------------NTEYRLI---NCNTSAI-T---QA, 0.0576, 1
0.351610, -121.5317, 161, POINT, S, VKLTPLCVTLNCTNVTNNITD-------------------------------------DMRGELKN----CSFNI-T-TE--LRD-KK-QKE-YALF-YKLDVVQINENQGNRSNNS------------------------------------------NTSYRLI---NCNTSAI-T---QA, 0.0576, 1
0.354378, -120.4765, 63, POINT, M, VKLTPLCVTLNCTNVTNNITD-------------------------------------DMRGEMKN----CSFNI-T-TE--LRD-KK-QKE-YALF-YKLDVVQINENQGNRSNNS------------------------------------------NTSYRLI---NCNTSAI-T---QA, 0.1060, 0
0.355222, -121.6445, 107, POINT, N, VKLTPLCVTLNCTNVTNNITD-------------------------------------DMRGELKN----CSFNI-T-TE--LRD-KK-QKE-YALF-YKLDVVQINNNQGNRSNNS------------------------------------------NTSYRLI---NCNTSAI-T---QA, 0.0576, 1
0.359482, -120.8646, 109, POINT, S, VKLTPLCVTLNCTNVTNNITD-------------------------------------DMRGELKN----CSFNI-T-TE--LRD-KK-QKE-YALF-YKLDVVQINNNSGNRSNNS------------------------------------------NTSYRLI---NCNTSAI-T---QA, 0.0781, 1
0.368173, -119.0652, [63], CHUNK, ['I'], VKLTPLCVTLNCTNVTNNITD-------------------------------------DMRGEIKN----CSFNI-T-TE--LRD-KK-QKE-YALF-YKLDVVQINNNSGNRSNNS------------------------------------------NTSYRLI---NCNTSAI-T---QA, 0.0781, 0
0.361656, -118.5270, 18, POINT, N, VKLTPLCVTLNCTNVTNNNTD-------------------------------------DMRGELKN----CSFNI-T-TE--LRD-KK-QKE-YALF-YKLDVVQINNNSGNRSNNS------------------------------------------NTSYRLI---NCNTSAI-T---QA, 0.0781, 0
0.361656, -119.0508, 18, POINT, N, VKLTPLCVTLNCTNVTNNNTD-------------------------------------DMRGELKN----CSFNI-T-TE--LRD-KK-QKE-YALF-YKLDVVQINNNSGNRSNNS------------------------------------------NTSYRLI---NCNTSAI-T---QA, 0.0676, 1
0.370376, -98.0403, [169, 174], CHUNK, ['S', 'V'], VKLTPLCVTLNCTNVTNNNTD-------------------------------------DMRGELKN----CSFNI-T-TE--LRD-KK-QKE-YALF-YKLDVVQINNNSGNRSNNS------------------------------------------NTSYRLI---SCNTSVI-T---QA, 0.4180, 0
0.368938, -101.1259, [174], CHUNK, ['V'], VKLTPLCVTLNCTNVTNNNTD-------------------------------------DMRGELKN----CSFNI-T-TE--LRD-KK-QKE-YALF-YKLDVVQINNNSGNRSNNS------------------------------------------NTSYRLI---NCNTSVI-T---QA, 0.2961, 0
0.364417, -117.0798, 63, POINT, M, VKLTPLCVTLNCTNVTNNNTD-------------------------------------DMRGEMKN----CSFNI-T-TE--LRD-KK-QKE-YALF-YKLDVVQINNNSGNRSNNS------------------------------------------NTSYRLI---NCNTSAI-T---QA, 0.0676, 0
0.365445, -57.4384, 82, POINT, I, VKLTPLCVTLNCTNVTNNNTD-------------------------------------DMRGELKN----CSFNI-T-TE--IRD-KK-QKE-YALF-YKLDVVQINNNSGNRSNNS------------------------------------------NTSYRLI---NCNTSAI-T---QA, 0.1981, 0
0.363271, -14.8233, 82, POINT, I, VKLTPLCVTLNCTNVTNNITD-------------------------------------DMRGELKN----CSFNI-T-TE--IRD-KK-QKE-YALF-YKLDVVQINNNSGNRSNNS------------------------------------------NTSYRLI---NCNTSAI-T---QA, 0.1490, 0
0.368173, -119.1073, [63], CHUNK, ['I'], VKLTPLCVTLNCTNVTNNITD-------------------------------------DMRGEIKN----CSFNI-T-TE--LRD-KK-QKE-YALF-YKLDVVQINNNSGNRSNNS------------------------------------------NTSYRLI---NCNTSAI-T---QA, 0.0824, 1
0.370337, -116.9996, 18, POINT, N, VKLTPLCVTLNCTNVTNNNTD-------------------------------------DMRGEIKN----CSFNI-T-TE--LRD-KK-QKE-YALF-YKLDVVQINNNSGNRSNNS------------------------------------------NTSYRLI---NCNTSAI-T---QA, 0.0826, 1
0.376610, -39.4123, [79, 82], CHUNK, ['N', 'I'], VKLTPLCVTLNCTNVTNNNTD-------------------------------------DMRGEIKN----CSFNI-T-TN--IRD-KK-QKE-YALF-YKLDVVQINNNSGNRSNNS------------------------------------------NTSYRLI---NCNTSAI-T---QA, 0.4160, 0
0.372157, -114.6494, [60], CHUNK, ['K'], VKLTPLCVTLNCTNVTNNNTD-------------------------------------DMKGEIKN----CSFNI-T-TE--LRD-KK-QKE-YALF-YKLDVVQINNNSGNRSNNS------------------------------------------NTSYRLI---NCNTSAI-T---QA, 0.0826, 0
0.379057, -93.5487, [169, 174], CHUNK, ['S', 'V'], VKLTPLCVTLNCTNVTNNNTD-------------------------------------DMRGEIKN----CSFNI-T-TE--LRD-KK-QKE-YALF-YKLDVVQINNNSGNRSNNS------------------------------------------NTSYRLI---SCNTSVI-T---QA, 0.5341, 0
0.377620, -96.7519, [174], CHUNK, ['V'], VKLTPLCVTLNCTNVTNNNTD-------------------------------------DMRGEIKN----CSFNI-T-TE--LRD-KK-QKE-YALF-YKLDVVQINNNSGNRSNNS------------------------------------------NTSYRLI---NCNTSVI-T---QA, 0.3078, 0
0.369956, -118.0374, 60, POINT, K, VKLTPLCVTLNCTNVTNNITD-------------------------------------DMKGEIKN----CSFNI-T-TE--LRD-KK-QKE-YALF-YKLDVVQINNNSGNRSNNS------------------------------------------NTSYRLI---NCNTSAI-T---QA, 0.1405, 0
0.373470, -113.0257, [17, 18, 20], CHUNK, ['T', 'N', 'T'], VKLTPLCVTLNCTNVTNTNTT-------------------------------------DMRGEIKN----CSFNI-T-TE--LRD-KK-QKE-YALF-YKLDVVQINNNSGNRSNNS------------------------------------------NTSYRLI---NCNTSAI-T---QA, 0.1089, 0
0.375456, -100.2059, [174], CHUNK, ['V'], VKLTPLCVTLNCTNVTNNITD-------------------------------------DMRGEIKN----CSFNI-T-TE--LRD-KK-QKE-YALF-YKLDVVQINNNSGNRSNNS------------------------------------------NTSYRLI---NCNTSVI-T---QA, 0.4416, 0
0.370343, -117.0256, 174, POINT, T, VKLTPLCVTLNCTNVTNNITD-------------------------------------DMRGEIKN----CSFNI-T-TE--LRD-KK-QKE-YALF-YKLDVVQINNNSGNRSNNS------------------------------------------NTSYRLI---NCNTSTI-T---QA, 0.1407, 1
0.379340, -27.2446, [79, 82, 87], CHUNK, ['N', 'I', 'V'], VKLTPLCVTLNCTNVTNNITD-------------------------------------DMRGEIKN----CSFNI-T-TN--IRD-KV-QKE-YALF-YKLDVVQINNNSGNRSNNS------------------------------------------NTSYRLI---NCNTSTI-T---QA, 0.1933, 0
0.376893, -101.1762, [169, 174], CHUNK, ['S', 'V'], VKLTPLCVTLNCTNVTNNITD-------------------------------------DMRGEIKN----CSFNI-T-TE--LRD-KK-QKE-YALF-YKLDVVQINNNSGNRSNNS------------------------------------------NTSYRLI---SCNTSVI-T---QA, 0.3567, 0
0.371658, -117.1106, [106, 109], CHUNK, ['D', 'T'], VKLTPLCVTLNCTNVTNNITD-------------------------------------DMRGEIKN----CSFNI-T-TE--LRD-KK-QKE-YALF-YKLDVVQIDNNTGNRSNNS------------------------------------------NTSYRLI---NCNTSTI-T---QA, 0.1499, 1
0.371963, -110.6892, 60, POINT, I, VKLTPLCVTLNCTNVTNNITD-------------------------------------DMIGEIKN----CSFNI-T-TE--LRD-KK-QKE-YALF-YKLDVVQIDNNTGNRSNNS------------------------------------------NTSYRLI---NCNTSTI-T---QA, 0.1512, 0
0.376771, -100.9968, 174, POINT, V, VKLTPLCVTLNCTNVTNNITD-------------------------------------DMRGEIKN----CSFNI-T-TE--LRD-KK-QKE-YALF-YKLDVVQIDNNTGNRSNNS------------------------------------------NTSYRLI---NCNTSVI-T---QA, 0.3190, 0
0.376771, -102.5988, [174], CHUNK, ['V'], VKLTPLCVTLNCTNVTNNITD-------------------------------------DMRGEIKN----CSFNI-T-TE--LRD-KK-QKE-YALF-YKLDVVQIDNNTGNRSNNS------------------------------------------NTSYRLI---NCNTSVI-T---QA, 0.3471, 0
0.376771, -101.4641, 174, POINT, V, VKLTPLCVTLNCTNVTNNITD-------------------------------------DMRGEIKN----CSFNI-T-TE--LRD-KK-QKE-YALF-YKLDVVQIDNNTGNRSNNS------------------------------------------NTSYRLI---NCNTSVI-T---QA, 0.3254, 0
0.375456, -109.3510, [174], CHUNK, ['V'], VKLTPLCVTLNCTNVTNNITD-------------------------------------DMRGEIKN----CSFNI-T-TE--LRD-KK-QKE-YALF-YKLDVVQINNNSGNRSNNS------------------------------------------NTSYRLI---NCNTSVI-T---QA, 0.6827, 0
0.370677, -117.0519, 87, POINT, V, VKLTPLCVTLNCTNVTNNITD-------------------------------------DMRGEIKN----CSFNI-T-TE--LRD-KV-QKE-YALF-YKLDVVQINNNSGNRSNNS------------------------------------------NTSYRLI---NCNTSTI-T---QA, 0.1193, 0
0.372687, -117.4138, 20, POINT, N, VKLTPLCVTLNCTNVTNNITN-------------------------------------DMRGEIKN----CSFNI-T-TE--LRD-KK-QKE-YALF-YKLDVVQINNNSGNRSNNS------------------------------------------NTSYRLI---NCNTSTI-T---QA, 0.1407, 1
0.374571, -117.0006, 109, POINT, T, VKLTPLCVTLNCTNVTNNITN-------------------------------------DMRGEIKN----CSFNI-T-TE--LRD-KK-QKE-YALF-YKLDVVQINNNTGNRSNNS------------------------------------------NTSYRLI---NCNTSTI-T---QA, 0.1407, 0
0.376476, -7.1326, 82, POINT, I, VKLTPLCVTLNCTNVTNNITN-------------------------------------DMRGEIKN----CSFNI-T-TE--IRD-KK-QKE-YALF-YKLDVVQINNNSGNRSNNS------------------------------------------NTSYRLI---NCNTSTI-T---QA, 0.2079, 0
0.374389, -115.0818, 60, POINT, K, VKLTPLCVTLNCTNVTNNITN-------------------------------------DMKGEIKN----CSFNI-T-TE--LRD-KK-QKE-YALF-YKLDVVQINNNSGNRSNNS------------------------------------------NTSYRLI---NCNTSTI-T---QA, 0.1407, 0
0.376476, -33.9430, 82, POINT, I, VKLTPLCVTLNCTNVTNNITN-------------------------------------DMRGEIKN----CSFNI-T-TE--IRD-KK-QKE-YALF-YKLDVVQINNNSGNRSNNS------------------------------------------NTSYRLI---NCNTSTI-T---QA, 0.3635, 0
0.376893, -98.9516, [169, 174], CHUNK, ['S', 'V'], VKLTPLCVTLNCTNVTNNITD-------------------------------------DMRGEIKN----CSFNI-T-TE--LRD-KK-QKE-YALF-YKLDVVQINNNSGNRSNNS------------------------------------------NTSYRLI---SCNTSVI-T---QA, 0.4006, 0
0.372115, -117.8524, [60], CHUNK, ['N'], VKLTPLCVTLNCTNVTNNITD-------------------------------------DMNGEIKN----CSFNI-T-TE--LRD-KK-QKE-YALF-YKLDVVQINNNSGNRSNNS------------------------------------------NTSYRLI---NCNTSTI-T---QA, 0.1240, 1
0.374607, -114.5758, 20, POINT, T, VKLTPLCVTLNCTNVTNNITT-------------------------------------DMNGEIKN----CSFNI-T-TE--LRD-KK-QKE-YALF-YKLDVVQINNNSGNRSNNS------------------------------------------NTSYRLI---NCNTSTI-T---QA, 0.1240, 1
0.381158, -96.7038, [169, 174], CHUNK, ['S', 'V'], VKLTPLCVTLNCTNVTNNITT-------------------------------------DMNGEIKN----CSFNI-T-TE--LRD-KK-QKE-YALF-YKLDVVQINNNSGNRSNNS------------------------------------------NTSYRLI---SCNTSVI-T---QA, 0.3059, 0
0.379721, -98.6002, [174], CHUNK, ['V'], VKLTPLCVTLNCTNVTNNITT-------------------------------------DMNGEIKN----CSFNI-T-TE--LRD-KK-QKE-YALF-YKLDVVQINNNSGNRSNNS------------------------------------------NTSYRLI---NCNTSVI-T---QA, 0.4175, 0
0.378370, -112.3099, 18, POINT, N, VKLTPLCVTLNCTNVTNNNTT-------------------------------------DMNGEIKN----CSFNI-T-TE--LRD-KK-QKE-YALF-YKLDVVQINNNSGNRSNNS------------------------------------------NTSYRLI---NCNTSTI-T---QA, 0.1240, 0
0.378396, -11.2736, 82, POINT, I, VKLTPLCVTLNCTNVTNNITT-------------------------------------DMNGEIKN----CSFNI-T-TE--IRD-KK-QKE-YALF-YKLDVVQINNNSGNRSNNS------------------------------------------NTSYRLI---NCNTSTI-T---QA, 0.1761, 0
0.378665, -98.0079, [169, 174], CHUNK, ['S', 'V'], VKLTPLCVTLNCTNVTNNITD-------------------------------------DMNGEIKN----CSFNI-T-TE--LRD-KK-QKE-YALF-YKLDVVQINNNSGNRSNNS------------------------------------------NTSYRLI---SCNTSVI-T---QA, 0.4158, 0
0.377228, -100.3107, [174], CHUNK, ['V'], VKLTPLCVTLNCTNVTNNITD-------------------------------------DMNGEIKN----CSFNI-T-TE--LRD-KK-QKE-YALF-YKLDVVQINNNSGNRSNNS------------------------------------------NTSYRLI---NCNTSVI-T---QA, 0.4398, 0
0.377228, -107.5401, 174, POINT, V, VKLTPLCVTLNCTNVTNNITD-------------------------------------DMNGEIKN----CSFNI-T-TE--LRD-KK-QKE-YALF-YKLDVVQINNNSGNRSNNS------------------------------------------NTSYRLI---NCNTSVI-T---QA, 0.2664, 0
0.378144, -35.3894, [79, 82, 87], CHUNK, ['N', 'I', 'I'], VKLTPLCVTLNCTNVTNNITD-------------------------------------DMNGEIKN----CSFNI-T-TN--IRD-KI-QKE-YALF-YKLDVVQINNNSGNRSNNS------------------------------------------NTSYRLI---NCNTSTI-T---QA, 0.2363, 0
0.375456, -98.3614, [174], CHUNK, ['V'], VKLTPLCVTLNCTNVTNNITD-------------------------------------DMRGEIKN----CSFNI-T-TE--LRD-KK-QKE-YALF-YKLDVVQINNNSGNRSNNS------------------------------------------NTSYRLI---NCNTSVI-T---QA, 0.3106, 0
0.375561, -5.9615, [82, 87], CHUNK, ['I', 'V'], VKLTPLCVTLNCTNVTNNITD-------------------------------------DMRGEIKN----CSFNI-T-TE--IRD-KV-QKE-YALF-YKLDVVQINNNSGNRSNNS------------------------------------------NTSYRLI---NCNTSTI-T---QA, 0.1709, 0
0.374132, -23.2206, 82, POINT, I, VKLTPLCVTLNCTNVTNNITD-------------------------------------DMRGEIKN----CSFNI-T-TE--IRD-KK-QKE-YALF-YKLDVVQINNNSGNRSNNS------------------------------------------NTSYRLI---NCNTSTI-T---QA, 0.1758, 0
0.371254, -117.2315, 59, POINT, E, VKLTPLCVTLNCTNVTNNITD-------------------------------------DERGEIKN----CSFNI-T-TE--LRD-KK-QKE-YALF-YKLDVVQINNNSGNRSNNS------------------------------------------NTSYRLI---NCNTSTI-T---QA, 0.1407, 0
0.370343, -116.2988, [174], CHUNK, ['T'], VKLTPLCVTLNCTNVTNNITD-------------------------------------DMRGEIKN----CSFNI-T-TE--LRD-KK-QKE-YALF-YKLDVVQINNNSGNRSNNS------------------------------------------NTSYRLI---NCNTSTI-T---QA, 0.0824, 0
0.370343, -116.4947, 174, POINT, T, VKLTPLCVTLNCTNVTNNITD-------------------------------------DMRGEIKN----CSFNI-T-TE--LRD-KK-QKE-YALF-YKLDVVQINNNSGNRSNNS------------------------------------------NTSYRLI---NCNTSTI-T---QA, 0.0747, 0
0.375456, -97.7928, [174], CHUNK, ['V'], VKLTPLCVTLNCTNVTNNITD-------------------------------------DMRGEIKN----CSFNI-T-TE--LRD-KK-QKE-YALF-YKLDVVQINNNSGNRSNNS------------------------------------------NTSYRLI---NCNTSVI-T---QA, 0.3781, 0
0.372935, -119.4406, [104], CHUNK, ['P'], VKLTPLCVTLNCTNVTNNITD-------------------------------------DMRGEIKN----CSFNI-T-TE--LRD-KK-QKE-YALF-YKLDVVPINNNSGNRSNNS------------------------------------------NTSYRLI---NCNTSAI-T---QA, 0.0830, 1
0.376669, -120.0482, 110, POINT, S, VKLTPLCVTLNCTNVTNNITD-------------------------------------DMRGEIKN----CSFNI-T-TE--LRD-KK-QKE-YALF-YKLDVVPINNNSSNRSNNS------------------------------------------NTSYRLI---NCNTSAI-T---QA, 0.0830, 0
0.380217, -98.3384, [174], CHUNK, ['V'], VKLTPLCVTLNCTNVTNNITD-------------------------------------DMRGEIKN----CSFNI-T-TE--LRD-KK-QKE-YALF-YKLDVVPINNNSGNRSNNS------------------------------------------NTSYRLI---NCNTSVI-T---QA, 0.4479, 0
0.375279, -119.8289, 20, POINT, N, VKLTPLCVTLNCTNVTNNITN-------------------------------------DMRGEIKN----CSFNI-T-TE--LRD-KK-QKE-YALF-YKLDVVPINNNSGNRSNNS------------------------------------------NTSYRLI---NCNTSAI-T---QA, 0.0830, 1
0.379534, -8.6079, [79, 82], CHUNK, ['S', 'I'], VKLTPLCVTLNCTNVTNNITN-------------------------------------DMRGEIKN----CSFNI-T-TS--IRD-KK-QKE-YALF-YKLDVVPINNNSGNRSNNS------------------------------------------NTSYRLI---NCNTSAI-T---QA, 0.1975, 0
0.376393, -120.5378, 109, POINT, N, VKLTPLCVTLNCTNVTNNITN-------------------------------------DMRGEIKN----CSFNI-T-TE--LRD-KK-QKE-YALF-YKLDVVPINNNNGNRSNNS------------------------------------------NTSYRLI---NCNTSAI-T---QA, 0.0830, 0
0.382562, -95.9292, [174], CHUNK, ['V'], VKLTPLCVTLNCTNVTNNITN-------------------------------------DMRGEIKN----CSFNI-T-TE--LRD-KK-QKE-YALF-YKLDVVPINNNSGNRSNNS------------------------------------------NTSYRLI---NCNTSVI-T---QA, 0.6868, 0
0.376229, -120.0871, 59, POINT, E, VKLTPLCVTLNCTNVTNNITN-------------------------------------DERGEIKN----CSFNI-T-TE--LRD-KK-QKE-YALF-YKLDVVPINNNSGNRSNNS------------------------------------------NTSYRLI---NCNTSAI-T---QA, 0.0830, 0
0.380217, -96.6826, [174], CHUNK, ['V'], VKLTPLCVTLNCTNVTNNITD-------------------------------------DMRGEIKN----CSFNI-T-TE--LRD-KK-QKE-YALF-YKLDVVPINNNSGNRSNNS------------------------------------------NTSYRLI---NCNTSVI-T---QA, 0.2450, 0
0.373846, -119.6467, 59, POINT, E, VKLTPLCVTLNCTNVTNNITD-------------------------------------DERGEIKN----CSFNI-T-TE--LRD-KK-QKE-YALF-YKLDVVPINNNSGNRSNNS------------------------------------------NTSYRLI---NCNTSAI-T---QA, 0.0830, 1
0.376188, -117.9381, 18, POINT, N, VKLTPLCVTLNCTNVTNNNTD-------------------------------------DERGEIKN----CSFNI-T-TE--LRD-KK-QKE-YALF-YKLDVVPINNNSGNRSNNS------------------------------------------NTSYRLI---NCNTSAI-T---QA, 0.0830, 0
0.377635, 2.0038, 82, POINT, I, VKLTPLCVTLNCTNVTNNITD-------------------------------------DERGEIKN----CSFNI-T-TE--IRD-KK-QKE-YALF-YKLDVVPINNNSGNRSNNS------------------------------------------NTSYRLI---NCNTSAI-T---QA, 0.1197, 0
0.381128, -103.1886, 174, POINT, V, VKLTPLCVTLNCTNVTNNITD-------------------------------------DERGEIKN----CSFNI-T-TE--LRD-KK-QKE-YALF-YKLDVVPINNNSGNRSNNS------------------------------------------NTSYRLI---NCNTSVI-T---QA, 0.4159, 0
0.375008, -119.2078, 58, POINT, K, VKLTPLCVTLNCTNVTNNITD-------------------------------------KERGEIKN----CSFNI-T-TE--LRD-KK-QKE-YALF-YKLDVVPINNNSGNRSNNS------------------------------------------NTSYRLI---NCNTSAI-T---QA, 0.0830, 0
0.373569, -118.6796, 20, POINT, S, VKLTPLCVTLNCTNVTNNITS-------------------------------------DMRGEIKN----CSFNI-T-TE--LRD-KK-QKE-YALF-YKLDVVPINNNSGNRSNNS------------------------------------------NTSYRLI---NCNTSAI-T---QA, 0.0830, 0
0.374718, -117.4061, [60], CHUNK, ['K'], VKLTPLCVTLNCTNVTNNITD-------------------------------------DMKGEIKN----CSFNI-T-TE--LRD-KK-QKE-YALF-YKLDVVPINNNSGNRSNNS------------------------------------------NTSYRLI---NCNTSAI-T---QA, 0.0813, 1
0.375831, -118.1160, 109, POINT, N, VKLTPLCVTLNCTNVTNNITD-------------------------------------DMKGEIKN----CSFNI-T-TE--LRD-KK-QKE-YALF-YKLDVVPINNNNGNRSNNS------------------------------------------NTSYRLI---NCNTSAI-T---QA, 0.0813, 1
0.378194, -114.8407, 20, POINT, T, VKLTPLCVTLNCTNVTNNITT-------------------------------------DMKGEIKN----CSFNI-T-TE--LRD-KK-QKE-YALF-YKLDVVPINNNNGNRSNNS------------------------------------------NTSYRLI---NCNTSAI-T---QA, 0.0813, 0
0.383114, -96.7645, [174], CHUNK, ['V'], VKLTPLCVTLNCTNVTNNITD-------------------------------------DMKGEIKN----CSFNI-T-TE--LRD-KK-QKE-YALF-YKLDVVPINNNNGNRSNNS------------------------------------------NTSYRLI---NCNTSVI-T---QA, 0.3355, 0
0.378194, -114.8407, 20, POINT, T, VKLTPLCVTLNCTNVTNNITT-------------------------------------DMKGEIKN----CSFNI-T-TE--LRD-KK-QKE-YALF-YKLDVVPINNNNGNRSNNS------------------------------------------NTSYRLI---NCNTSAI-T---QA, 0.0813, 0
0.380502, -115.4297, [58, 60], CHUNK, ['N', 'T'], VKLTPLCVTLNCTNVTNNITD-------------------------------------NMTGEIKN----CSFNI-T-TE--LRD-KK-QKE-YALF-YKLDVVPINNNNGNRSNNS------------------------------------------NTSYRLI---NCNTSAI-T---QA, 0.0813, 1
0.387784, -94.7691, [174], CHUNK, ['V'], VKLTPLCVTLNCTNVTNNITD-------------------------------------NMTGEIKN----CSFNI-T-TE--LRD-KK-QKE-YALF-YKLDVVPINNNNGNRSNNS------------------------------------------NTSYRLI---NCNTSVI-T---QA, 0.3962, 0
0.380809, -115.3342, 106, POINT, D, VKLTPLCVTLNCTNVTNNITD-------------------------------------NMTGEIKN----CSFNI-T-TE--LRD-KK-QKE-YALF-YKLDVVPIDNNNGNRSNNS------------------------------------------NTSYRLI---NCNTSAI-T---QA, 0.0813, 0
0.389221, -92.9657, [169, 174], CHUNK, ['S', 'V'], VKLTPLCVTLNCTNVTNNITD-------------------------------------NMTGEIKN----CSFNI-T-TE--LRD-KK-QKE-YALF-YKLDVVPINNNNGNRSNNS------------------------------------------NTSYRLI---SCNTSVI-T---QA, 0.3318, 0
0.387784, -93.1935, 174, POINT, V, VKLTPLCVTLNCTNVTNNITD-------------------------------------NMTGEIKN----CSFNI-T-TE--LRD-KK-QKE-YALF-YKLDVVPINNNNGNRSNNS------------------------------------------NTSYRLI---NCNTSVI-T---QA, 0.2326, 0
0.383114, -97.2899, [174], CHUNK, ['V'], VKLTPLCVTLNCTNVTNNITD-------------------------------------DMKGEIKN----CSFNI-T-TE--LRD-KK-QKE-YALF-YKLDVVPINNNNGNRSNNS------------------------------------------NTSYRLI---NCNTSVI-T---QA, 0.2645, 0
0.383114, -96.3845, [174], CHUNK, ['V'], VKLTPLCVTLNCTNVTNNITD-------------------------------------DMKGEIKN----CSFNI-T-TE--LRD-KK-QKE-YALF-YKLDVVPINNNNGNRSNNS------------------------------------------NTSYRLI---NCNTSVI-T---QA, 0.4275, 0
0.376165, -117.5986, 87, POINT, V, VKLTPLCVTLNCTNVTNNITD-------------------------------------DMKGEIKN----CSFNI-T-TE--LRD-KV-QKE-YALF-YKLDVVPINNNNGNRSNNS------------------------------------------NTSYRLI---NCNTSAI-T---QA, 0.0813, 0
0.378033, -115.7789, 18, POINT, N, VKLTPLCVTLNCTNVTNNNTD-------------------------------------DMKGEIKN----CSFNI-T-TE--LRD-KK-QKE-YALF-YKLDVVPINNNNGNRSNNS------------------------------------------NTSYRLI---NCNTSAI-T---QA, 0.0813, 0
0.374846, -117.3126, [106], CHUNK, ['D'], VKLTPLCVTLNCTNVTNNITD-------------------------------------DMKGEIKN----CSFNI-T-TE--LRD-KK-QKE-YALF-YKLDVVPIDNNSGNRSNNS------------------------------------------NTSYRLI---NCNTSAI-T---QA, 0.0813, 0
0.375052, -116.8888, 87, POINT, V, VKLTPLCVTLNCTNVTNNITD-------------------------------------DMKGEIKN----CSFNI-T-TE--LRD-KV-QKE-YALF-YKLDVVPINNNSGNRSNNS------------------------------------------NTSYRLI---NCNTSAI-T---QA, 0.0813, 0
0.383437, -93.0187, [169, 174], CHUNK, ['S', 'V'], VKLTPLCVTLNCTNVTNNITD-------------------------------------DMKGEIKN----CSFNI-T-TE--LRD-KK-QKE-YALF-YKLDVVPINNNSGNRSNNS------------------------------------------NTSYRLI---SCNTSVI-T---QA, 0.3552, 0
0.374847, -114.2808, 60, POINT, T, VKLTPLCVTLNCTNVTNNITD-------------------------------------DMTGEIKN----CSFNI-T-TE--LRD-KK-QKE-YALF-YKLDVVPINNNSGNRSNNS------------------------------------------NTSYRLI---NCNTSAI-T---QA, 0.0864, 0
0.376724, -2.3363, 82, POINT, I, VKLTPLCVTLNCTNVTNNITD-------------------------------------DMRGEIKN----CSFNI-T-TE--IRD-KK-QKE-YALF-YKLDVVPINNNSGNRSNNS------------------------------------------NTSYRLI---NCNTSAI-T---QA, 0.1041, 0
0.375099, -117.1034, 18, POINT, N, VKLTPLCVTLNCTNVTNNNTD-------------------------------------DMRGEIKN----CSFNI-T-TE--LRD-KK-QKE-YALF-YKLDVVPINNNSGNRSNNS------------------------------------------NTSYRLI---NCNTSAI-T---QA, 0.0830, 0
0.375289, -116.6138, 58, POINT, T, VKLTPLCVTLNCTNVTNNITD-------------------------------------TMRGEIKN----CSFNI-T-TE--LRD-KK-QKE-YALF-YKLDVVPINNNSGNRSNNS------------------------------------------NTSYRLI---NCNTSAI-T---QA, 0.0830, 0
0.373569, -118.6987, 20, POINT, S, VKLTPLCVTLNCTNVTNNITS-------------------------------------DMRGEIKN----CSFNI-T-TE--LRD-KK-QKE-YALF-YKLDVVPINNNSGNRSNNS------------------------------------------NTSYRLI---NCNTSAI-T---QA, 0.0807, 0
0.376893, -93.8361, [169, 174], CHUNK, ['S', 'V'], VKLTPLCVTLNCTNVTNNITD-------------------------------------DMRGEIKN----CSFNI-T-TE--LRD-KK-QKE-YALF-YKLDVVQINNNSGNRSNNS------------------------------------------NTSYRLI---SCNTSVI-T---QA, 0.3218, 0
0.372935, -119.6734, 104, POINT, P, VKLTPLCVTLNCTNVTNNITD-------------------------------------DMRGEIKN----CSFNI-T-TE--LRD-KK-QKE-YALF-YKLDVVPINNNSGNRSNNS------------------------------------------NTSYRLI---NCNTSAI-T---QA, 0.0764, 0
0.375456, -93.4134, [174], CHUNK, ['V'], VKLTPLCVTLNCTNVTNNITD-------------------------------------DMRGEIKN----CSFNI-T-TE--LRD-KK-QKE-YALF-YKLDVVQINNNSGNRSNNS------------------------------------------NTSYRLI---NCNTSVI-T---QA, 0.4267, 0
0.369336, -119.1193, 59, POINT, S, VKLTPLCVTLNCTNVTNNITD-------------------------------------DSRGEIKN----CSFNI-T-TE--LRD-KK-QKE-YALF-YKLDVVQINNNSGNRSNNS------------------------------------------NTSYRLI---NCNTSAI-T---QA, 0.1040, 0
