Name base = V1V2_200_sq_9_6_ni
Iters = 200
Soft coverage = 1.31203964383
Energy = -128.717377515
Hard Covereage = 0.0368019545157
Num epitopes = 65
Initial seq = VKLTPLCVTLQCTNVTNNITD-------------------------------------DMRGELKN----CSFNM-T-TE--LRD-KK-QKV-YSLF-YRLDVVQINENQGNRSNNS------------------------------------------NKEYRLI---NCNTSAI-T---QA
-------START OF DATA------
1.380467, -127.4407, [105, 107, 109, 110], CHUNK, ['L', 'K', 'N', 'N'], VKLTPLCVTLQCTNVTNNITD-------------------------------------DMRGELKN----CSFNM-T-TE--LRD-KK-QKV-YSLF-YRLDVVQLNKNNNNRSNNS------------------------------------------NKEYRLI---NCNTSAI-T---QA, 0.0000, 1
1.429623, -127.3508, [10], CHUNK, ['N'], VKLTPLCVTLNCTNVTNNITD-------------------------------------DMRGELKN----CSFNM-T-TE--LRD-KK-QKV-YSLF-YRLDVVQLNKNNNNRSNNS------------------------------------------NKEYRLI---NCNTSAI-T---QA, 0.0000, 1
1.449753, -127.2178, 18, POINT, T, VKLTPLCVTLNCTNVTNNTTD-------------------------------------DMRGELKN----CSFNM-T-TE--LRD-KK-QKV-YSLF-YRLDVVQLNKNNNNRSNNS------------------------------------------NKEYRLI---NCNTSAI-T---QA, 0.0855, 1
1.492633, -126.3317, [160, 161], CHUNK, ['T', 'S'], VKLTPLCVTLNCTNVTNNTTD-------------------------------------DMRGELKN----CSFNM-T-TE--LRD-KK-QKV-YSLF-YRLDVVQLNKNNNNRSNNS------------------------------------------NTSYRLI---NCNTSAI-T---QA, 0.0855, 1
1.524356, -121.8954, [74], CHUNK, ['T'], VKLTPLCVTLNCTNVTNNTTD-------------------------------------DMRGELKN----CSFNT-T-TE--LRD-KK-QKV-YSLF-YRLDVVQLNKNNNNRSNNS------------------------------------------NTSYRLI---NCNTSAI-T---QA, 0.0855, 1
1.540509, -122.2423, [99, 104, 105, 107], CHUNK, ['K', 'P', 'I', 'D'], VKLTPLCVTLNCTNVTNNTTD-------------------------------------DMRGELKN----CSFNT-T-TE--LRD-KK-QKV-YSLF-YKLDVVPINDNNNNRSNNS------------------------------------------NTSYRLI---NCNTSAI-T---QA, 0.0855, 1
1.555210, -119.9114, [174], CHUNK, ['T'], VKLTPLCVTLNCTNVTNNTTD-------------------------------------DMRGELKN----CSFNT-T-TE--LRD-KK-QKV-YSLF-YKLDVVPINDNNNNRSNNS------------------------------------------NTSYRLI---NCNTSTI-T---QA, 0.0855, 0
1.547523, -103.0704, [174], CHUNK, ['V'], VKLTPLCVTLNCTNVTNNTTD-------------------------------------DMRGELKN----CSFNT-T-TE--LRD-KK-QKV-YSLF-YKLDVVPINDNNNNRSNNS------------------------------------------NTSYRLI---NCNTSVI-T---QA, 0.4559, 0
1.550066, -121.1344, [104], CHUNK, ['S'], VKLTPLCVTLNCTNVTNNTTD-------------------------------------DMRGELKN----CSFNT-T-TE--LRD-KK-QKV-YSLF-YKLDVVSINDNNNNRSNNS------------------------------------------NTSYRLI---NCNTSAI-T---QA, 0.0855, 0
1.559607, -121.0385, [79, 83, 87], CHUNK, ['N', 'K', 'V'], VKLTPLCVTLNCTNVTNNTTD-------------------------------------DMRGELKN----CSFNT-T-TN--LKD-KV-QKV-YSLF-YKLDVVPINDNNNNRSNNS------------------------------------------NTSYRLI---NCNTSAI-T---QA, 0.0855, 0
1.535434, -121.0493, 79, POINT, S, VKLTPLCVTLNCTNVTNNTTD-------------------------------------DMRGELKN----CSFNT-T-TS--LRD-KK-QKV-YSLF-YRLDVVQLNKNNNNRSNNS------------------------------------------NTSYRLI---NCNTSAI-T---QA, 0.0855, 0
1.546272, -121.1751, 79, POINT, N, VKLTPLCVTLNCTNVTNNTTD-------------------------------------DMRGELKN----CSFNT-T-TN--LRD-KK-QKV-YSLF-YRLDVVQLNKNNNNRSNNS------------------------------------------NTSYRLI---NCNTSAI-T---QA, 0.0855, 1
1.578627, -120.0612, [99, 102, 104, 105], CHUNK, ['K', 'I', 'S', 'T'], VKLTPLCVTLNCTNVTNNTTD-------------------------------------DMRGELKN----CSFNT-T-TN--LRD-KK-QKV-YSLF-YKLDIVSTNKNNNNRSNNS------------------------------------------NTSYRLI---NCNTSAI-T---QA, 0.0855, 1
1.594451, -119.5741, 103, POINT, T, VKLTPLCVTLNCTNVTNNTTD-------------------------------------DMRGELKN----CSFNT-T-TN--LRD-KK-QKV-YSLF-YKLDITSTNKNNNNRSNNS------------------------------------------NTSYRLI---NCNTSAI-T---QA, 0.0855, 0
1.595339, -82.3769, [59, 60, 61, 63], CHUNK, ['S', 'M', 'K', 'I'], VKLTPLCVTLNCTNVTNNTTD-------------------------------------DSMKEIKN----CSFNT-T-TN--LRD-KK-QKV-YSLF-YKLDIVSTNKNNNNRSNNS------------------------------------------NTSYRLI---NCNTSAI-T---QA, 0.0855, 0
1.606048, -120.5084, 107, POINT, N, VKLTPLCVTLNCTNVTNNTTD-------------------------------------DMRGELKN----CSFNT-T-TN--LRD-KK-QKV-YSLF-YKLDIVSTNNNNNNRSNNS------------------------------------------NTSYRLI---NCNTSAI-T---QA, 0.0855, 0
1.600985, -116.8341, 20, POINT, T, VKLTPLCVTLNCTNVTNNTTT-------------------------------------DMRGELKN----CSFNT-T-TN--LRD-KK-QKV-YSLF-YKLDIVSTNKNNNNRSNNS------------------------------------------NTSYRLI---NCNTSAI-T---QA, 0.0855, 0
1.559289, -115.5807, [58, 59, 60, 63], CHUNK, ['M', 'E', 'S', 'I'], VKLTPLCVTLNCTNVTNNTTD-------------------------------------MESGEIKN----CSFNT-T-TN--LRD-KK-QKV-YSLF-YRLDVVQLNKNNNNRSNNS------------------------------------------NTSYRLI---NCNTSAI-T---QA, 0.0855, 0
1.570989, -121.6834, 107, POINT, N, VKLTPLCVTLNCTNVTNNTTD-------------------------------------DMRGELKN----CSFNT-T-TN--LRD-KK-QKV-YSLF-YRLDVVQLNNNNNNRSNNS------------------------------------------NTSYRLI---NCNTSAI-T---QA, 0.0855, 0
1.564164, -119.7907, [94, 99], CHUNK, ['A', 'T'], VKLTPLCVTLNCTNVTNNTTD-------------------------------------DMRGELKN----CSFNT-T-TN--LRD-KK-QKV-YALF-YTLDVVQLNKNNNNRSNNS------------------------------------------NTSYRLI---NCNTSAI-T---QA, 0.0996, 1
1.578865, -117.0449, [174], CHUNK, ['T'], VKLTPLCVTLNCTNVTNNTTD-------------------------------------DMRGELKN----CSFNT-T-TN--LRD-KK-QKV-YALF-YTLDVVQLNKNNNNRSNNS------------------------------------------NTSYRLI---NCNTSTI-T---QA, 0.0996, 0
1.588868, -120.2989, 107, POINT, N, VKLTPLCVTLNCTNVTNNTTD-------------------------------------DMRGELKN----CSFNT-T-TN--LRD-KK-QKV-YALF-YTLDVVQLNNNNNNRSNNS------------------------------------------NTSYRLI---NCNTSAI-T---QA, 0.0996, 1
1.599065, -116.1772, [60, 63], CHUNK, ['K', 'I'], VKLTPLCVTLNCTNVTNNTTD-------------------------------------DMKGEIKN----CSFNT-T-TN--LRD-KK-QKV-YALF-YTLDVVQLNNNNNNRSNNS------------------------------------------NTSYRLI---NCNTSAI-T---QA, 0.0996, 0
1.597295, -111.4165, [58, 60, 63], CHUNK, ['E', 'I', 'I'], VKLTPLCVTLNCTNVTNNTTD-------------------------------------EMIGEIKN----CSFNT-T-TN--LRD-KK-QKV-YALF-YTLDVVQLNNNNNNRSNNS------------------------------------------NTSYRLI---NCNTSAI-T---QA, 0.0996, 0
1.603569, -117.5531, [174], CHUNK, ['T'], VKLTPLCVTLNCTNVTNNTTD-------------------------------------DMRGELKN----CSFNT-T-TN--LRD-KK-QKV-YALF-YTLDVVQLNNNNNNRSNNS------------------------------------------NTSYRLI---NCNTSTI-T---QA, 0.0996, 0
1.611891, -119.1247, [89, 90, 91], CHUNK, ['T', 'T', 'E'], VKLTPLCVTLNCTNVTNNTTD-------------------------------------DMRGELKN----CSFNT-T-TN--LRD-KK-TTE-YALF-YTLDVVQLNNNNNNRSNNS------------------------------------------NTSYRLI---NCNTSAI-T---QA, 0.0996, 0
1.584576, -117.7152, [91, 98], CHUNK, ['T', 'N'], VKLTPLCVTLNCTNVTNNTTD-------------------------------------DMRGELKN----CSFNT-T-TN--LRD-KK-QKT-YALF-NTLDVVQLNKNNNNRSNNS------------------------------------------NTSYRLI---NCNTSAI-T---QA, 0.0996, 0
1.588868, -120.2989, 107, POINT, N, VKLTPLCVTLNCTNVTNNTTD-------------------------------------DMRGELKN----CSFNT-T-TN--LRD-KK-QKV-YALF-YTLDVVQLNNNNNNRSNNS------------------------------------------NTSYRLI---NCNTSAI-T---QA, 0.0996, 1
1.597456, -120.9183, 84, POINT, N, VKLTPLCVTLNCTNVTNNTTD-------------------------------------DMRGELKN----CSFNT-T-TN--LRN-KK-QKV-YALF-YTLDVVQLNNNNNNRSNNS------------------------------------------NTSYRLI---NCNTSAI-T---QA, 0.0996, 1
1.619764, -121.2966, 20, POINT, N, VKLTPLCVTLNCTNVTNNTTN-------------------------------------DMRGELKN----CSFNT-T-TN--LRN-KK-QKV-YALF-YTLDVVQLNNNNNNRSNNS------------------------------------------NTSYRLI---NCNTSAI-T---QA, 0.0996, 1
1.627523, -114.3808, 58, POINT, I, VKLTPLCVTLNCTNVTNNTTN-------------------------------------IMRGELKN----CSFNT-T-TN--LRN-KK-QKV-YALF-YTLDVVQLNNNNNNRSNNS------------------------------------------NTSYRLI---NCNTSAI-T---QA, 0.1592, 0
1.648210, -121.5240, 59, POINT, N, VKLTPLCVTLNCTNVTNNTTN-------------------------------------DNRGELKN----CSFNT-T-TN--LRN-KK-QKV-YALF-YTLDVVQLNNNNNNRSNNS------------------------------------------NTSYRLI---NCNTSAI-T---QA, 0.0996, 1
1.673688, -118.7192, 58, POINT, T, VKLTPLCVTLNCTNVTNNTTN-------------------------------------TNRGELKN----CSFNT-T-TN--LRN-KK-QKV-YALF-YTLDVVQLNNNNNNRSNNS------------------------------------------NTSYRLI---NCNTSAI-T---QA, 0.0996, 0
1.655790, -93.4496, [174, 182], CHUNK, ['V', 'T'], VKLTPLCVTLNCTNVTNNTTN-------------------------------------DNRGELKN----CSFNT-T-TN--LRN-KK-QKV-YALF-YTLDVVQLNNNNNNRSNNS------------------------------------------NTSYRLI---NCNTSVI-T---QT, 0.3635, 0
1.674801, -121.8654, 58, POINT, N, VKLTPLCVTLNCTNVTNNTTN-------------------------------------NNRGELKN----CSFNT-T-TN--LRN-KK-QKV-YALF-YTLDVVQLNNNNNNRSNNS------------------------------------------NTSYRLI---NCNTSAI-T---QA, 0.0996, 0
1.654027, -119.8045, [63], CHUNK, ['I'], VKLTPLCVTLNCTNVTNNTTN-------------------------------------DNRGEIKN----CSFNT-T-TN--LRN-KK-QKV-YALF-YTLDVVQLNNNNNNRSNNS------------------------------------------NTSYRLI---NCNTSAI-T---QA, 0.0996, 0
1.633550, -122.6067, 163, POINT, T, VKLTPLCVTLNCTNVTNNTTN-------------------------------------DMRGELKN----CSFNT-T-TN--LRN-KK-QKV-YALF-YTLDVVQLNNNNNNRSNNS------------------------------------------NTSYTLI---NCNTSAI-T---QA, 0.0996, 0
1.638871, -118.5527, [89, 91, 93], CHUNK, ['K', 'E', 'N'], VKLTPLCVTLNCTNVTNNTTN-------------------------------------DMRGELKN----CSFNT-T-TN--LRN-KK-KKE-NALF-YTLDVVQLNNNNNNRSNNS------------------------------------------NTSYRLI---NCNTSAI-T---QA, 0.0996, 0
1.630606, -121.4605, 62, POINT, T, VKLTPLCVTLNCTNVTNNTTN-------------------------------------DMRGTLKN----CSFNT-T-TN--LRN-KK-QKV-YALF-YTLDVVQLNNNNNNRSNNS------------------------------------------NTSYRLI---NCNTSAI-T---QA, 0.0996, 0
1.626231, -121.5151, 104, POINT, P, VKLTPLCVTLNCTNVTNNTTN-------------------------------------DMRGELKN----CSFNT-T-TN--LRN-KK-QKV-YALF-YTLDVVPLNNNNNNRSNNS------------------------------------------NTSYRLI---NCNTSAI-T---QA, 0.0996, 1
1.640932, -118.7693, 174, POINT, T, VKLTPLCVTLNCTNVTNNTTN-------------------------------------DMRGELKN----CSFNT-T-TN--LRN-KK-QKV-YALF-YTLDVVPLNNNNNNRSNNS------------------------------------------NTSYRLI---NCNTSTI-T---QA, 0.0996, 0
1.649450, -118.7305, 58, POINT, T, VKLTPLCVTLNCTNVTNNTTN-------------------------------------TMRGELKN----CSFNT-T-TN--LRN-KK-QKV-YALF-YTLDVVPLNNNNNNRSNNS------------------------------------------NTSYRLI---NCNTSAI-T---QA, 0.0996, 0
1.644160, -118.1834, [174, 175], CHUNK, ['T', 'T'], VKLTPLCVTLNCTNVTNNTTN-------------------------------------DMRGELKN----CSFNT-T-TN--LRN-KK-QKV-YALF-YTLDVVPLNNNNNNRSNNS------------------------------------------NTSYRLI---NCNTSTT-T---QA, 0.0996, 0
1.655852, -76.9377, [58, 59, 60, 61, 63], CHUNK, ['T', 'G', 'I', 'K', 'M'], VKLTPLCVTLNCTNVTNNTTN-------------------------------------TGIKEMKN----CSFNT-T-TN--LRN-KK-QKV-YALF-YTLDVVPLNNNNNNRSNNS------------------------------------------NTSYRLI---NCNTSAI-T---QA, 0.0996, 0
1.634466, -118.5507, 174, POINT, T, VKLTPLCVTLNCTNVTNNTTN-------------------------------------DMRGELKN----CSFNT-T-TN--LRN-KK-QKV-YALF-YTLDVVQLNNNNNNRSNNS------------------------------------------NTSYRLI---NCNTSTI-T---QA, 0.0996, 1
1.648665, -119.8609, 163, POINT, T, VKLTPLCVTLNCTNVTNNTTN-------------------------------------DMRGELKN----CSFNT-T-TN--LRN-KK-QKV-YALF-YTLDVVQLNNNNNNRSNNS------------------------------------------NTSYTLI---NCNTSTI-T---QA, 0.0996, 0
1.652119, -116.9711, [87, 89, 91], CHUNK, ['T', 'R', 'E'], VKLTPLCVTLNCTNVTNNTTN-------------------------------------DMRGELKN----CSFNT-T-TN--LRN-KT-RKE-YALF-YTLDVVQLNNNNNNRSNNS------------------------------------------NTSYRLI---NCNTSTI-T---QA, 0.0996, 0
1.665796, -113.2911, [58, 59, 60, 63], CHUNK, ['M', 'N', 'K', 'I'], VKLTPLCVTLNCTNVTNNTTN-------------------------------------MNKGEIKN----CSFNT-T-TN--LRN-KK-QKV-YALF-YTLDVVQLNNNNNNRSNNS------------------------------------------NTSYRLI---NCNTSTI-T---QA, 0.1242, 0
1.677658, -77.3606, [58, 59, 60, 61, 63, 64], CHUNK, ['N', 'Y', 'T', 'K', 'M', 'R'], VKLTPLCVTLNCTNVTNNTTN-------------------------------------NYTKEMRN----CSFNT-T-TN--LRN-KK-QKV-YALF-YTLDVVQLNNNNNNRSNNS------------------------------------------NTSYRLI---NCNTSTI-T---QA, 0.0996, 0
1.636512, -121.1188, [89, 90], CHUNK, ['K', 'N'], VKLTPLCVTLNCTNVTNNTTN-------------------------------------DMRGELKN----CSFNT-T-TN--LRN-KK-KNV-YALF-YTLDVVQLNNNNNNRSNNS------------------------------------------NTSYRLI---NCNTSAI-T---QA, 0.0996, 0
1.657651, -102.2470, [59, 60, 61], CHUNK, ['L', 'K', 'N'], VKLTPLCVTLNCTNVTNNTTN-------------------------------------DLKNELKN----CSFNT-T-TN--LRN-KK-QKV-YALF-YTLDVVQLNNNNNNRSNNS------------------------------------------NTSYRLI---NCNTSAI-T---QA, 0.0996, 0
1.634466, -118.5507, [174], CHUNK, ['T'], VKLTPLCVTLNCTNVTNNTTN-------------------------------------DMRGELKN----CSFNT-T-TN--LRN-KK-QKV-YALF-YTLDVVQLNNNNNNRSNNS------------------------------------------NTSYRLI---NCNTSTI-T---QA, 0.0996, 0
1.631398, -116.7189, [163, 165, 169], CHUNK, ['T', 'T', 'S'], VKLTPLCVTLNCTNVTNNTTN-------------------------------------DMRGELKN----CSFNT-T-TN--LRN-KK-QKV-YALF-YTLDVVQLNNNNNNRSNNS------------------------------------------NTSYTLT---SCNTSAI-T---QA, 0.0996, 1
1.641238, -82.1361, [61, 63], CHUNK, ['K', 'I'], VKLTPLCVTLNCTNVTNNTTN-------------------------------------DMRKEIKN----CSFNT-T-TN--LRN-KK-QKV-YALF-YTLDVVQLNNNNNNRSNNS------------------------------------------NTSYTLT---SCNTSAI-T---QA, 0.0996, 0
1.659593, -59.5266, [60, 61, 63], CHUNK, ['T', 'E', 'I'], VKLTPLCVTLNCTNVTNNTTN-------------------------------------DMTEEIKN----CSFNT-T-TN--LRN-KK-QKV-YALF-YTLDVVQLNNNNNNRSNNS------------------------------------------NTSYTLT---SCNTSAI-T---QA, 0.4638, 0
1.658357, -114.4290, 14, POINT, N, VKLTPLCVTLNCTNNTNNTTN-------------------------------------DMRGELKN----CSFNT-T-TN--LRN-KK-QKV-YALF-YTLDVVQLNNNNNNRSNNS------------------------------------------NTSYTLT---SCNTSAI-T---QA, 0.0996, 0
1.636622, -117.3219, 59, POINT, E, VKLTPLCVTLNCTNVTNNTTN-------------------------------------DERGELKN----CSFNT-T-TN--LRN-KK-QKV-YALF-YTLDVVQLNNNNNNRSNNS------------------------------------------NTSYTLT---SCNTSAI-T---QA, 0.0996, 0
1.634418, -120.3609, 58, POINT, S, VKLTPLCVTLNCTNVTNNTTN-------------------------------------SMRGELKN----CSFNT-T-TN--LRN-KK-QKV-YALF-YTLDVVQLNNNNNNRSNNS------------------------------------------NTSYRLI---NCNTSAI-T---QA, 0.0996, 0
1.634466, -118.5507, [174], CHUNK, ['T'], VKLTPLCVTLNCTNVTNNTTN-------------------------------------DMRGELKN----CSFNT-T-TN--LRN-KK-QKV-YALF-YTLDVVQLNNNNNNRSNNS------------------------------------------NTSYRLI---NCNTSTI-T---QA, 0.0996, 0
1.634466, -118.5507, [174], CHUNK, ['T'], VKLTPLCVTLNCTNVTNNTTN-------------------------------------DMRGELKN----CSFNT-T-TN--LRN-KK-QKV-YALF-YTLDVVQLNNNNNNRSNNS------------------------------------------NTSYRLI---NCNTSTI-T---QA, 0.0996, 1
1.657685, -115.7661, 58, POINT, T, VKLTPLCVTLNCTNVTNNTTN-------------------------------------TMRGELKN----CSFNT-T-TN--LRN-KK-QKV-YALF-YTLDVVQLNNNNNNRSNNS------------------------------------------NTSYRLI---NCNTSTI-T---QA, 0.0996, 0
1.642146, -83.3009, [59, 61, 63], CHUNK, ['V', 'K', 'M'], VKLTPLCVTLNCTNVTNNTTN-------------------------------------DVRKEMKN----CSFNT-T-TN--LRN-KK-QKV-YALF-YTLDVVQLNNNNNNRSNNS------------------------------------------NTSYRLI---NCNTSTI-T---QA, 0.0996, 0
1.651061, -114.6541, [58, 59, 60, 63], CHUNK, ['T', 'G', 'G', 'M'], VKLTPLCVTLNCTNVTNNTTN-------------------------------------TGGGEMKN----CSFNT-T-TN--LRN-KK-QKV-YALF-YTLDVVQLNNNNNNRSNNS------------------------------------------NTSYRLI---NCNTSTI-T---QA, 0.0996, 0
1.649819, -118.1263, 87, POINT, T, VKLTPLCVTLNCTNVTNNTTN-------------------------------------DMRGELKN----CSFNT-T-TN--LRN-KT-QKV-YALF-YTLDVVQLNNNNNNRSNNS------------------------------------------NTSYRLI---NCNTSTI-T---QA, 0.0996, 0
1.633550, -122.6067, 163, POINT, T, VKLTPLCVTLNCTNVTNNTTN-------------------------------------DMRGELKN----CSFNT-T-TN--LRN-KK-QKV-YALF-YTLDVVQLNNNNNNRSNNS------------------------------------------NTSYTLI---NCNTSAI-T---QA, 0.0996, 0
1.642984, -118.5119, 58, POINT, T, VKLTPLCVTLNCTNVTNNTTN-------------------------------------TMRGELKN----CSFNT-T-TN--LRN-KK-QKV-YALF-YTLDVVQLNNNNNNRSNNS------------------------------------------NTSYRLI---NCNTSAI-T---QA, 0.0996, 0
1.634466, -118.5507, [174], CHUNK, ['T'], VKLTPLCVTLNCTNVTNNTTN-------------------------------------DMRGELKN----CSFNT-T-TN--LRN-KK-QKV-YALF-YTLDVVQLNNNNNNRSNNS------------------------------------------NTSYRLI---NCNTSTI-T---QA, 0.0996, 0
1.643809, -119.3376, [89, 91], CHUNK, ['N', 'E'], VKLTPLCVTLNCTNVTNNTTN-------------------------------------DMRGELKN----CSFNT-T-TN--LRN-KK-NKE-YALF-YTLDVVQLNNNNNNRSNNS------------------------------------------NTSYRLI---NCNTSAI-T---QA, 0.0996, 0
1.604469, -96.0405, [174], CHUNK, ['V'], VKLTPLCVTLNCTNVTNNTTD-------------------------------------DMRGELKN----CSFNT-T-TN--LRN-KK-QKV-YALF-YTLDVVQLNNNNNNRSNNS------------------------------------------NTSYRLI---NCNTSVI-T---QA, 0.4661, 0
1.623338, -121.2381, 58, POINT, N, VKLTPLCVTLNCTNVTNNTTD-------------------------------------NMRGELKN----CSFNT-T-TN--LRN-KK-QKV-YALF-YTLDVVQLNNNNNNRSNNS------------------------------------------NTSYRLI---NCNTSAI-T---QA, 0.0996, 1
1.634744, -113.4035, [89, 90, 91, 96], CHUNK, ['K', 'T', 'E', 'L'], VKLTPLCVTLNCTNVTNNTTD-------------------------------------NMRGELKN----CSFNT-T-TN--LRN-KK-KTE-YALL-YTLDVVQLNNNNNNRSNNS------------------------------------------NTSYRLI---NCNTSAI-T---QA, 0.0996, 1
1.644673, -111.3945, 165, POINT, T, VKLTPLCVTLNCTNVTNNTTD-------------------------------------NMRGELKN----CSFNT-T-TN--LRN-KK-KTE-YALL-YTLDVVQLNNNNNNRSNNS------------------------------------------NTSYRLT---NCNTSAI-T---QA, 0.0996, 0
1.649445, -110.6231, [174], CHUNK, ['T'], VKLTPLCVTLNCTNVTNNTTD-------------------------------------NMRGELKN----CSFNT-T-TN--LRN-KK-KTE-YALL-YTLDVVQLNNNNNNRSNNS------------------------------------------NTSYRLI---NCNTSTI-T---QA, 0.0996, 0
1.656968, -113.8003, 20, POINT, N, VKLTPLCVTLNCTNVTNNTTN-------------------------------------NMRGELKN----CSFNT-T-TN--LRN-KK-KTE-YALL-YTLDVVQLNNNNNNRSNNS------------------------------------------NTSYRLI---NCNTSAI-T---QA, 0.0996, 0
1.649445, -110.6231, [174], CHUNK, ['T'], VKLTPLCVTLNCTNVTNNTTD-------------------------------------NMRGELKN----CSFNT-T-TN--LRN-KK-KTE-YALL-YTLDVVQLNNNNNNRSNNS------------------------------------------NTSYRLI---NCNTSTI-T---QA, 0.0996, 0
1.646854, -118.0455, [20], CHUNK, ['T'], VKLTPLCVTLNCTNVTNNTTT-------------------------------------NMRGELKN----CSFNT-T-TN--LRN-KK-QKV-YALF-YTLDVVQLNNNNNNRSNNS------------------------------------------NTSYRLI---NCNTSAI-T---QA, 0.0996, 0
1.634572, -118.6998, 98, POINT, N, VKLTPLCVTLNCTNVTNNTTD-------------------------------------NMRGELKN----CSFNT-T-TN--LRN-KK-QKV-YALF-NTLDVVQLNNNNNNRSNNS------------------------------------------NTSYRLI---NCNTSAI-T---QA, 0.0996, 0
1.633878, -111.0182, [58, 59, 60, 63], CHUNK, ['I', 'S', 'N', 'M'], VKLTPLCVTLNCTNVTNNTTD-------------------------------------ISNGEMKN----CSFNT-T-TN--LRN-KK-QKV-YALF-YTLDVVQLNNNNNNRSNNS------------------------------------------NTSYRLI---NCNTSAI-T---QA, 0.0996, 0
1.638040, -118.4922, [174], CHUNK, ['T'], VKLTPLCVTLNCTNVTNNTTD-------------------------------------NMRGELKN----CSFNT-T-TN--LRN-KK-QKV-YALF-YTLDVVQLNNNNNNRSNNS------------------------------------------NTSYRLI---NCNTSTI-T---QA, 0.0996, 0
1.610486, -119.9697, 58, POINT, S, VKLTPLCVTLNCTNVTNNTTD-------------------------------------SMRGELKN----CSFNT-T-TN--LRN-KK-QKV-YALF-YTLDVVQLNNNNNNRSNNS------------------------------------------NTSYRLI---NCNTSAI-T---QA, 0.0996, 1
1.625187, -117.2239, [174], CHUNK, ['T'], VKLTPLCVTLNCTNVTNNTTD-------------------------------------SMRGELKN----CSFNT-T-TN--LRN-KK-QKV-YALF-YTLDVVQLNNNNNNRSNNS------------------------------------------NTSYRLI---NCNTSTI-T---QA, 0.0996, 0
1.665038, -117.7077, [59, 60, 63], CHUNK, ['T', 'N', 'I'], VKLTPLCVTLNCTNVTNNTTD-------------------------------------STNGEIKN----CSFNT-T-TN--LRN-KK-QKV-YALF-YTLDVVQLNNNNNNRSNNS------------------------------------------NTSYRLI---NCNTSAI-T---QA, 0.0996, 0
1.625187, -117.2239, [174], CHUNK, ['T'], VKLTPLCVTLNCTNVTNNTTD-------------------------------------SMRGELKN----CSFNT-T-TN--LRN-KK-QKV-YALF-YTLDVVQLNNNNNNRSNNS------------------------------------------NTSYRLI---NCNTSTI-T---QA, 0.0996, 1
1.635860, -116.2023, [89, 91], CHUNK, ['K', 'E'], VKLTPLCVTLNCTNVTNNTTD-------------------------------------SMRGELKN----CSFNT-T-TN--LRN-KK-KKE-YALF-YTLDVVQLNNNNNNRSNNS------------------------------------------NTSYRLI---NCNTSTI-T---QA, 0.0996, 0
1.636593, -109.3547, [89, 90, 91, 96], CHUNK, ['K', 'T', 'E', 'L'], VKLTPLCVTLNCTNVTNNTTD-------------------------------------SMRGELKN----CSFNT-T-TN--LRN-KK-KTE-YALL-YTLDVVQLNNNNNNRSNNS------------------------------------------NTSYRLI---NCNTSTI-T---QA, 0.0996, 0
1.635860, -116.2023, [89, 91], CHUNK, ['K', 'E'], VKLTPLCVTLNCTNVTNNTTD-------------------------------------SMRGELKN----CSFNT-T-TN--LRN-KK-KKE-YALF-YTLDVVQLNNNNNNRSNNS------------------------------------------NTSYRLI---NCNTSTI-T---QA, 0.0996, 0
1.625949, -117.0162, [94], CHUNK, ['S'], VKLTPLCVTLNCTNVTNNTTD-------------------------------------SMRGELKN----CSFNT-T-TN--LRN-KK-QKV-YSLF-YTLDVVQLNNNNNNRSNNS------------------------------------------NTSYRLI---NCNTSTI-T---QA, 0.0996, 1
1.642692, -116.6419, [116], CHUNK, ['T'], VKLTPLCVTLNCTNVTNNTTD-------------------------------------SMRGELKN----CSFNT-T-TN--LRN-KK-QKV-YSLF-YTLDVVQLNNNNNNRSNNT------------------------------------------NTSYRLI---NCNTSTI-T---QA, 0.0996, 1
1.655943, -72.9361, [58, 59, 60, 61, 63], CHUNK, ['T', 'G', 'I', 'K', 'M'], VKLTPLCVTLNCTNVTNNTTD-------------------------------------TGIKEMKN----CSFNT-T-TN--LRN-KK-QKV-YSLF-YTLDVVQLNNNNNNRSNNT------------------------------------------NTSYRLI---NCNTSTI-T---QA, 0.0996, 0
1.653077, -114.6330, 165, POINT, T, VKLTPLCVTLNCTNVTNNTTD-------------------------------------SMRGELKN----CSFNT-T-TN--LRN-KK-QKV-YSLF-YTLDVVQLNNNNNNRSNNT------------------------------------------NTSYRLT---NCNTSTI-T---QA, 0.0996, 0
1.653707, -111.0707, [58, 59, 60, 63], CHUNK, ['T', 'E', 'K', 'M'], VKLTPLCVTLNCTNVTNNTTD-------------------------------------TEKGEMKN----CSFNT-T-TN--LRN-KK-QKV-YSLF-YTLDVVQLNNNNNNRSNNT------------------------------------------NTSYRLI---NCNTSTI-T---QA, 0.0996, 0
1.652263, -116.8544, 101, POINT, N, VKLTPLCVTLNCTNVTNNTTD-------------------------------------SMRGELKN----CSFNT-T-TN--LRN-KK-QKV-YSLF-YTLNVVQLNNNNNNRSNNT------------------------------------------NTSYRLI---NCNTSTI-T---QA, 0.0996, 0
1.632416, -117.2347, 104, POINT, P, VKLTPLCVTLNCTNVTNNTTD-------------------------------------SMRGELKN----CSFNT-T-TN--LRN-KK-QKV-YSLF-YTLDVVPLNNNNNNRSNNS------------------------------------------NTSYRLI---NCNTSTI-T---QA, 0.0996, 1
1.635964, -117.3986, 4, POINT, T, VKLTTLCVTLNCTNVTNNTTD-------------------------------------SMRGELKN----CSFNT-T-TN--LRN-KK-QKV-YSLF-YTLDVVPLNNNNNNRSNNS------------------------------------------NTSYRLI---NCNTSTI-T---QA, 0.0996, 0
1.656348, -117.6259, 20, POINT, N, VKLTPLCVTLNCTNVTNNTTN-------------------------------------SMRGELKN----CSFNT-T-TN--LRN-KK-QKV-YSLF-YTLDVVPLNNNNNNRSNNS------------------------------------------NTSYRLI---NCNTSTI-T---QA, 0.0996, 0
1.632509, -115.9300, [71], CHUNK, ['T'], VKLTPLCVTLNCTNVTNNTTD-------------------------------------SMRGELKN----CTFNT-T-TN--LRN-KK-QKV-YSLF-YTLDVVPLNNNNNNRSNNS------------------------------------------NTSYRLI---NCNTSTI-T---QA, 0.0996, 0
1.653373, -115.3742, [58, 59, 60, 63], CHUNK, ['E', 'T', 'D', 'I'], VKLTPLCVTLNCTNVTNNTTD-------------------------------------ETDGEIKN----CSFNT-T-TN--LRN-KK-QKV-YSLF-YTLDVVPLNNNNNNRSNNS------------------------------------------NTSYRLI---NCNTSTI-T---QA, 0.0996, 0
1.652852, -116.4432, 59, POINT, T, VKLTPLCVTLNCTNVTNNTTD-------------------------------------STRGELKN----CSFNT-T-TN--LRN-KK-QKV-YSLF-YTLDVVQLNNNNNNRSNNS------------------------------------------NTSYRLI---NCNTSTI-T---QA, 0.0996, 0
1.630518, -114.7510, 60, POINT, K, VKLTPLCVTLNCTNVTNNTTD-------------------------------------SMKGELKN----CSFNT-T-TN--LRN-KK-QKV-YSLF-YTLDVVQLNNNNNNRSNNS------------------------------------------NTSYRLI---NCNTSTI-T---QA, 0.0996, 0
1.650006, -116.4123, [159, 163, 165], CHUNK, ['T', 'T', 'T'], VKLTPLCVTLNCTNVTNNTTD-------------------------------------SMRGELKN----CSFNT-T-TN--LRN-KK-QKV-YSLF-YTLDVVQLNNNNNNRSNNS------------------------------------------TTSYTLT---NCNTSTI-T---QA, 0.0996, 0
1.638802, -118.2845, 58, POINT, N, VKLTPLCVTLNCTNVTNNTTD-------------------------------------NMRGELKN----CSFNT-T-TN--LRN-KK-QKV-YSLF-YTLDVVQLNNNNNNRSNNS------------------------------------------NTSYRLI---NCNTSTI-T---QA, 0.0996, 0
1.628735, -117.3878, 4, POINT, T, VKLTTLCVTLNCTNVTNNTTD-------------------------------------SMRGELKN----CSFNT-T-TN--LRN-KK-QKV-YALF-YTLDVVQLNNNNNNRSNNS------------------------------------------NTSYRLI---NCNTSTI-T---QA, 0.0996, 0
1.632580, -116.6267, 89, POINT, K, VKLTPLCVTLNCTNVTNNTTD-------------------------------------SMRGELKN----CSFNT-T-TN--LRN-KK-KKV-YALF-YTLDVVQLNNNNNNRSNNS------------------------------------------NTSYRLI---NCNTSTI-T---QA, 0.0996, 0
1.641529, -117.0067, 59, POINT, S, VKLTPLCVTLNCTNVTNNTTD-------------------------------------SSRGELKN----CSFNT-T-TN--LRN-KK-QKV-YALF-YTLDVVQLNNNNNNRSNNS------------------------------------------NTSYRLI---NCNTSTI-T---QA, 0.0996, 0
1.649119, -117.6151, 20, POINT, N, VKLTPLCVTLNCTNVTNNTTN-------------------------------------SMRGELKN----CSFNT-T-TN--LRN-KK-QKV-YALF-YTLDVVQLNNNNNNRSNNS------------------------------------------NTSYRLI---NCNTSTI-T---QA, 0.0996, 0
1.617500, -100.0214, [174], CHUNK, ['V'], VKLTPLCVTLNCTNVTNNTTD-------------------------------------SMRGELKN----CSFNT-T-TN--LRN-KK-QKV-YALF-YTLDVVQLNNNNNNRSNNS------------------------------------------NTSYRLI---NCNTSVI-T---QA, 0.4267, 0
1.637388, -119.3967, 59, POINT, T, VKLTPLCVTLNCTNVTNNTTD-------------------------------------STRGELKN----CSFNT-T-TN--LRN-KK-QKV-YALF-YTLDVVQLNNNNNNRSNNS------------------------------------------NTSYRLI---NCNTSAI-T---QA, 0.0996, 0
1.630621, -115.2612, 82, POINT, T, VKLTPLCVTLNCTNVTNNTTD-------------------------------------SMRGELKN----CSFNT-T-TN--TRN-KK-QKV-YALF-YTLDVVQLNNNNNNRSNNS------------------------------------------NTSYRLI---NCNTSAI-T---QA, 0.0996, 0
1.649502, -95.6769, [59, 60, 61, 63], CHUNK, ['S', 'S', 'T', 'M'], VKLTPLCVTLNCTNVTNNTTD-------------------------------------SSSTEMKN----CSFNT-T-TN--LRN-KK-QKV-YALF-YTLDVVQLNNNNNNRSNNS------------------------------------------NTSYRLI---NCNTSAI-T---QA, 0.0996, 0
1.614199, -120.5440, [116], CHUNK, ['T'], VKLTPLCVTLNCTNVTNNTTD-------------------------------------DMRGELKN----CSFNT-T-TN--LRN-KK-QKV-YALF-YTLDVVQLNNNNNNRSNNT------------------------------------------NTSYRLI---NCNTSAI-T---QA, 0.0996, 1
1.628900, -117.7982, [174], CHUNK, ['T'], VKLTPLCVTLNCTNVTNNTTD-------------------------------------DMRGELKN----CSFNT-T-TN--LRN-KK-QKV-YALF-YTLDVVQLNNNNNNRSNNT------------------------------------------NTSYRLI---NCNTSTI-T---QA, 0.0996, 0
1.622560, -119.7856, [89, 90, 91], CHUNK, ['R', 'N', 'E'], VKLTPLCVTLNCTNVTNNTTD-------------------------------------DMRGELKN----CSFNT-T-TN--LRN-KK-RNE-YALF-YTLDVVQLNNNNNNRSNNT------------------------------------------NTSYRLI---NCNTSAI-T---QA, 0.0996, 0
1.629712, -113.9075, [60, 63], CHUNK, ['T', 'V'], VKLTPLCVTLNCTNVTNNTTD-------------------------------------DMTGEVKN----CSFNT-T-TN--LRN-KK-QKV-YALF-YTLDVVQLNNNNNNRSNNT------------------------------------------NTSYRLI---NCNTSAI-T---QA, 0.0996, 0
1.640081, -120.8638, 58, POINT, N, VKLTPLCVTLNCTNVTNNTTD-------------------------------------NMRGELKN----CSFNT-T-TN--LRN-KK-QKV-YALF-YTLDVVQLNNNNNNRSNNT------------------------------------------NTSYRLI---NCNTSAI-T---QA, 0.0996, 0
1.619814, -117.6916, 20, POINT, T, VKLTPLCVTLNCTNVTNNTTT-------------------------------------DMRGELKN----CSFNT-T-TN--LRN-KK-QKV-YALF-YTLDVVQLNNNNNNRSNNS------------------------------------------NTSYRLI---NCNTSAI-T---QA, 0.0996, 0
1.619764, -121.2966, 20, POINT, N, VKLTPLCVTLNCTNVTNNTTN-------------------------------------DMRGELKN----CSFNT-T-TN--LRN-KK-QKV-YALF-YTLDVVQLNNNNNNRSNNS------------------------------------------NTSYRLI---NCNTSAI-T---QA, 0.0996, 0
1.617134, -111.5980, [58, 59, 60, 63], CHUNK, ['V', 'E', 'K', 'I'], VKLTPLCVTLNCTNVTNNTTD-------------------------------------VEKGEIKN----CSFNT-T-TN--LRN-KK-QKV-YALF-YTLDVVQLNNNNNNRSNNS------------------------------------------NTSYRLI---NCNTSAI-T---QA, 0.2425, 0
1.615950, -121.2506, [99, 102, 104, 105], CHUNK, ['K', 'I', 'S', 'T'], VKLTPLCVTLNCTNVTNNTTD-------------------------------------DMRGELKN----CSFNT-T-TN--LRN-KK-QKV-YALF-YKLDIVSTNNNNNNRSNNS------------------------------------------NTSYRLI---NCNTSAI-T---QA, 0.0996, 0
------END OF DATA------
Best coverage = 1.64820950393
Best sequence = VKLTPLCVTLNCTNVTNNTTN-------------------------------------DNRGELKN----CSFNT-T-TN--LRN-KK-QKV-YALF-YTLDVVQLNNNNNNRSNNS------------------------------------------NTSYRLI---NCNTSAI-T---QA
Best energy = -121.524043538
Best RMSD = 0.0996121168137
Hard Covereage = 0.0620315366042
Num epitopes = 57
