Name base = V1V2_70_sq_9_5_i
Iters = 70
Soft coverage = 1.31203964383
Energy = -131.619490861
Hard Covereage = 0.0368019545157
Num epitopes = 65
Initial seq = VKLTPLCVTLQCTNVTNNITD-------------------------------------DMRGELKN----CSFNM-T-TE--LRD-KK-QKV-YSLF-YRLDVVQINENQGNRSNNS------------------------------------------NKEYRLI---NCNTSAI-T---QA
-------START OF DATA------
1.347333, -130.1677, 109, POINT, T, VKLTPLCVTLQCTNVTNNITD-------------------------------------DMRGELKN----CSFNM-T-TE--LRD-KK-QKV-YSLF-YRLDVVQINENTGNRSNNS------------------------------------------NKEYRLI---NCNTSAI-T---QA, 0.0000, 1
1.413182, -128.7466, [159, 160, 161, 163, 165], CHUNK, ['T', 'T', 'S', 'T', 'T'], VKLTPLCVTLQCTNVTNNITD-------------------------------------DMRGELKN----CSFNM-T-TE--LRD-KK-QKV-YSLF-YRLDVVQINENTGNRSNNS------------------------------------------TTSYTLT---NCNTSAI-T---QA, 0.0000, 0
1.339902, -74.1307, 125, POINT, K, VKLTPLCVTLQCTNVTNNITD-------------------------------------DMRGELKN----CSFNM-T-TE--LRD-KK-QKV-YSLF-YRLDVVQINENTGNRSNNK--------E---------------------------------TKEYRLI---NCNTSAI-T---QA, 1.6158, 0
1.362517, -29.7319, 154, POINT, K, VKLTPLCVTLQCTNVTNNITD-------------------------------------DMRGELKN----CSFNM-T-TE--LRD-KK-QKV-YSLF-YRLDVVQINENTGNRSNNS-------------------------------------S----SKEYRLI---NCNTSAI-T---QA, 1.6215, 0
1.342578, -82.9053, 158, POINT, K, VKLTPLCVTLQCTNVTNNITD-------------------------------------DMRGELKN----CSFNM-T-TE--LRD-KK-QKV-YSLF-YRLDVVQINENTGNRSNNN-----------------------------------------KKKEYRLI---NCNTSAI-T---QA, 1.6281, 0
1.347333, -130.1677, 109, POINT, T, VKLTPLCVTLQCTNVTNNITD-------------------------------------DMRGELKN----CSFNM-T-TE--LRD-KK-QKV-YSLF-YRLDVVQINENTGNRSNNS------------------------------------------NKEYRLI---NCNTSAI-T---QA, 0.0000, 1
1.355623, 2586.6393, 151, POINT, K, VKLTPLCVTLQCTNVTNNITD-------------------------------------DMRGELKN----CSFNM-T-TE--LRD-KK-QKV-YSLF-YRLDVVQINENTGNRSNNS----------------------------------V-------NKEYRLI---NCNTSAI-T---QA, 1.6491, 0
1.337454, -84.2282, 122, POINT, K, VKLTPLCVTLQCTNVTNNITD-------------------------------------DMRGELKN----CSFNM-T-TE--LRD-KK-QKV-YSLF-YRLDVVQINENTGNRSNNE-----K------------------------------------TKEYRLI---NCNTSAI-T---QA, 1.6144, 0
1.392965, 43.7367, [74, 79, 82], CHUNK, ['I', 'N', 'I'], VKLTPLCVTLQCTNVTNNITD-------------------------------------DMRGELKN----CSFNI-T-TN--IRD-KK-QKV-YSLF-YRLDVVQINENTGNRSNNS------------------------------------------NKEYRLI---NCNTSAI-T---QA, 0.0621, 0
1.384485, -99.7713, [160, 161, 163], CHUNK, ['N', 'S', 'V'], VKLTPLCVTLQCTNVTNNITD-------------------------------------DMRGELKN----CSFNM-T-TE--LRD-KK-QKV-YSLF-YRLDVVQINENTGNRSNNS------------------------------------------NNSYVLI---NCNTSAI-T---QA, 0.0357, 0
1.361196, -131.5353, [10], CHUNK, ['N'], VKLTPLCVTLNCTNVTNNITD-------------------------------------DMRGELKN----CSFNM-T-TE--LRD-KK-QKV-YSLF-YRLDVVQINENQGNRSNNS------------------------------------------NKEYRLI---NCNTSAI-T---QA, 0.0000, 1
1.369866, 2581.9665, 125, POINT, K, VKLTPLCVTLNCTNVTNNITD-------------------------------------DMRGELKN----CSFNM-T-TE--LRD-KK-QKV-YSLF-YRLDVVQINENQGNRSNNS--------V---------------------------------NKEYRLI---NCNTSAI-T---QA, 1.6465, 0
1.404729, -102.5026, [160, 161, 163], CHUNK, ['T', 'T', 'V'], VKLTPLCVTLNCTNVTNNITD-------------------------------------DMRGELKN----CSFNM-T-TE--LRD-KK-QKV-YSLF-YRLDVVQINENQGNRSNNS------------------------------------------NTTYVLI---NCNTSAI-T---QA, 0.0284, 1
1.413492, -86.0938, 144, POINT, T, VKLTPLCVTLNCTNVTNNITD-------------------------------------DMRGELKN----CSFNM-T-TE--LRD-KK-QKV-YSLF-YRLDVVQINENQGNRSNNK---------------------------T--------------TTTYVLI---NCNTSAI-T---QA, 1.6182, 0
1.430222, 21.3884, [79, 82], CHUNK, ['N', 'I'], VKLTPLCVTLNCTNVTNNITD-------------------------------------DMRGELKN----CSFNM-T-TN--IRD-KK-QKV-YSLF-YRLDVVQINENQGNRSNNS------------------------------------------NTTYVLI---NCNTSAI-T---QA, 0.0431, 0
1.380781, -85.0311, 131, POINT, T, VKLTPLCVTLNCTNVTNNITD-------------------------------------DMRGELKN----CSFNM-T-TE--LRD-KK-QKV-YSLF-YRLDVVQINENQGNRSNNE--------------K---------------------------TTTYVLI---NCNTSAI-T---QA, 1.6142, 0
1.443932, -39.8243, [74, 79], CHUNK, ['I', 'N'], VKLTPLCVTLNCTNVTNNITD-------------------------------------DMRGELKN----CSFNI-T-TN--LRD-KK-QKV-YSLF-YRLDVVQINENQGNRSNNS------------------------------------------NTTYVLI---NCNTSAI-T---QA, 0.0521, 0
1.399817, -86.6315, 153, POINT, K, VKLTPLCVTLNCTNVTNNITD-------------------------------------DMRGELKN----CSFNM-T-TE--LRD-KK-QKV-YSLF-YRLDVVQINENQGNRSNNT------------------------------------T-----SKEYRLI---NCNTSAI-T---QA, 1.6287, 0
1.369866, 2582.5232, 137, POINT, K, VKLTPLCVTLNCTNVTNNITD-------------------------------------DMRGELKN----CSFNM-T-TE--LRD-KK-QKV-YSLF-YRLDVVQINENQGNRSNNS--------------------V---------------------NKEYRLI---NCNTSAI-T---QA, 1.6500, 0
1.327237, -82.9054, 136, POINT, K, VKLTPLCVTLNCTNVTNNITD-------------------------------------DMRGELKN----CSFNM-T-TE--LRD-KK-QKV-YSLF-YRLDVVQINENQGNRSNND-------------------Q----------------------KKEYRLI---NCNTSAI-T---QA, 1.6771, 0
1.404132, -130.8339, [160, 161], CHUNK, ['T', 'S'], VKLTPLCVTLNCTNVTNNITD-------------------------------------DMRGELKN----CSFNM-T-TE--LRD-KK-QKV-YSLF-YRLDVVQINENQGNRSNNS------------------------------------------NTSYRLI---NCNTSAI-T---QA, 0.0292, 1
1.458578, -108.3664, [59, 60, 61, 63, 64], CHUNK, ['N', 'N', 'T', 'M', 'R'], VKLTPLCVTLNCTNVTNNITD-------------------------------------DNNTEMRN----CSFNM-T-TE--LRD-KK-QKV-YSLF-YRLDVVQINENQGNRSNNS------------------------------------------NTSYRLI---NCNTSAI-T---QA, 0.0292, 0
1.372073, -109.3389, 119, POINT, T, VKLTPLCVTLNCTNVTNNITD-------------------------------------DMRGELKN----CSFNM-T-TE--LRD-KK-QKV-YSLF-YRLDVVQINENQGNRSNNE--S---------------------------------------KTSYRLI---NCNTSAI-T---QA, 1.6090, 0
1.368861, 39.9157, 119, POINT, T, VKLTPLCVTLNCTNVTNNITD-------------------------------------DMRGELKN----CSFNM-T-TE--LRD-KK-QKV-YSLF-YRLDVVQINENQGNRSNNK--H---------------------------------------TTSYRLI---NCNTSAI-T---QA, 1.6180, 0
1.413716, -121.2384, 133, POINT, T, VKLTPLCVTLNCTNVTNNITD-------------------------------------DMRGELKN----CSFNM-T-TE--LRD-KK-QKV-YSLF-YRLDVVQINENQGNRSNNS----------------K-------------------------NTSYRLI---NCNTSAI-T---QA, 1.6102, 0
1.369866, 2582.2381, 134, POINT, K, VKLTPLCVTLNCTNVTNNITD-------------------------------------DMRGELKN----CSFNM-T-TE--LRD-KK-QKV-YSLF-YRLDVVQINENQGNRSNNS-----------------V------------------------NKEYRLI---NCNTSAI-T---QA, 1.6492, 0
1.348705, -124.1680, 158, POINT, K, VKLTPLCVTLNCTNVTNNITD-------------------------------------DMRGELKN----CSFNM-T-TE--LRD-KK-QKV-YSLF-YRLDVVQINENQGNRSNNS-----------------------------------------EKKEYRLI---NCNTSAI-T---QA, 1.6084, 0
1.396208, -130.1240, [99, 104, 107], CHUNK, ['K', 'P', 'N'], VKLTPLCVTLNCTNVTNNITD-------------------------------------DMRGELKN----CSFNM-T-TE--LRD-KK-QKV-YSLF-YKLDVVPINNNQGNRSNNS------------------------------------------NKEYRLI---NCNTSAI-T---QA, 0.0278, 1
1.435411, -74.7493, [74, 79], CHUNK, ['I', 'N'], VKLTPLCVTLNCTNVTNNITD-------------------------------------DMRGELKN----CSFNI-T-TN--LRD-KK-QKV-YSLF-YKLDVVPINNNQGNRSNNS------------------------------------------NKEYRLI---NCNTSAI-T---QA, 0.0727, 0
1.415328, -117.2398, 137, POINT, K, VKLTPLCVTLNCTNVTNNITD-------------------------------------DMRGELKN----CSFNM-T-TE--LRD-KK-QKV-YSLF-YKLDVVPINNNQGNRSNNS--------------------N---------------------SKEYRLI---NCNTSAI-T---QA, 1.6171, 0
1.394703, -91.0623, 123, POINT, K, VKLTPLCVTLNCTNVTNNITD-------------------------------------DMRGELKN----CSFNM-T-TE--LRD-KK-QKV-YSLF-YKLDVVPINNNQGNRSNNT------E-----------------------------------KKEYRLI---NCNTSAI-T---QA, 1.6234, 0
1.434393, -129.8165, 109, POINT, N, VKLTPLCVTLNCTNVTNNITD-------------------------------------DMRGELKN----CSFNM-T-TE--LRD-KK-QKV-YSLF-YKLDVVPINNNNGNRSNNS------------------------------------------NKEYRLI---NCNTSAI-T---QA, 0.0278, 1
1.431906, -119.7341, 127, POINT, K, VKLTPLCVTLNCTNVTNNITD-------------------------------------DMRGELKN----CSFNM-T-TE--LRD-KK-QKV-YSLF-YKLDVVPINNNNGNRSNNS----------K-------------------------------SKEYRLI---NCNTSAI-T---QA, 1.6062, 0
1.406223, -72.8828, 158, POINT, K, VKLTPLCVTLNCTNVTNNITD-------------------------------------DMRGELKN----CSFNM-T-TE--LRD-KK-QKV-YSLF-YKLDVVPINNNNGNRSNND-----------------------------------------EKKEYRLI---NCNTSAI-T---QA, 1.6765, 0
1.469934, -122.5528, [17, 18, 19, 20], CHUNK, ['T', 'T', 'N', 'T'], VKLTPLCVTLNCTNVTNTTNT-------------------------------------DMRGELKN----CSFNM-T-TE--LRD-KK-QKV-YSLF-YKLDVVPINNNNGNRSNNS------------------------------------------NKEYRLI---NCNTSAI-T---QA, 0.0278, 0
1.470797, -4.3362, [74, 82], CHUNK, ['T', 'I'], VKLTPLCVTLNCTNVTNNITD-------------------------------------DMRGELKN----CSFNT-T-TE--IRD-KK-QKV-YSLF-YKLDVVPINNNNGNRSNNS------------------------------------------NKEYRLI---NCNTSAI-T---QA, 0.0376, 0
1.404879, 2581.1444, 118, POINT, K, VKLTPLCVTLNCTNVTNNITD-------------------------------------DMRGELKN----CSFNM-T-TE--LRD-KK-QKV-YSLF-YKLDVVPINNNQGNRSNNS-V----------------------------------------NKEYRLI---NCNTSAI-T---QA, 1.6495, 0
1.393607, -90.4695, 128, POINT, K, VKLTPLCVTLNCTNVTNNITD-------------------------------------DMRGELKN----CSFNM-T-TE--LRD-KK-QKV-YSLF-YKLDVVPINNNQGNRSNND-----------T------------------------------KKEYRLI---NCNTSAI-T---QA, 1.6749, 0
1.439583, 9.8755, [74, 79, 82], CHUNK, ['V', 'N', 'I'], VKLTPLCVTLNCTNVTNNITD-------------------------------------DMRGELKN----CSFNV-T-TN--IRD-KK-QKV-YSLF-YKLDVVPINNNQGNRSNNS------------------------------------------NKEYRLI---NCNTSAI-T---QA, 0.0510, 0
1.427931, -125.7982, [74], CHUNK, ['T'], VKLTPLCVTLNCTNVTNNITD-------------------------------------DMRGELKN----CSFNT-T-TE--LRD-KK-QKV-YSLF-YKLDVVPINNNQGNRSNNS------------------------------------------NKEYRLI---NCNTSAI-T---QA, 0.0278, 0
1.390270, -129.9568, [159, 160, 161], CHUNK, ['S', 'T', 'S'], VKLTPLCVTLNCTNVTNNITD-------------------------------------DMRGELKN----CSFNM-T-TE--LRD-KK-QKV-YSLF-YRLDVVQINENQGNRSNNS------------------------------------------STSYRLI---NCNTSAI-T---QA, 0.0000, 1
1.417689, -74.8405, [74, 79], CHUNK, ['I', 'S'], VKLTPLCVTLNCTNVTNNITD-------------------------------------DMRGELKN----CSFNI-T-TS--LRD-KK-QKV-YSLF-YRLDVVQINENQGNRSNNS------------------------------------------STSYRLI---NCNTSAI-T---QA, 0.0904, 0
1.408160, 483.1289, [82, 83, 86, 89], CHUNK, ['I', 'N', 'I', 'K'], VKLTPLCVTLNCTNVTNNITD-------------------------------------DMRGELKN----CSFNM-T-TE--IND-IK-KKV-YSLF-YRLDVVQINENQGNRSNNS------------------------------------------STSYRLI---NCNTSAI-T---QA, 0.0000, 0
1.412996, -102.5287, [58, 59, 61], CHUNK, ['T', 'G', 'D'], VKLTPLCVTLNCTNVTNNITD-------------------------------------TGRDELKN----CSFNM-T-TE--LRD-KK-QKV-YSLF-YRLDVVQINENQGNRSNNS------------------------------------------STSYRLI---NCNTSAI-T---QA, 0.0000, 0
1.421993, -125.6435, [74], CHUNK, ['T'], VKLTPLCVTLNCTNVTNNITD-------------------------------------DMRGELKN----CSFNT-T-TE--LRD-KK-QKV-YSLF-YRLDVVQINENQGNRSNNS------------------------------------------STSYRLI---NCNTSAI-T---QA, 0.0000, 0
1.392918, -127.2219, [74], CHUNK, ['T'], VKLTPLCVTLNCTNVTNNITD-------------------------------------DMRGELKN----CSFNT-T-TE--LRD-KK-QKV-YSLF-YRLDVVQINENQGNRSNNS------------------------------------------NKEYRLI---NCNTSAI-T---QA, 0.0000, 1
1.387275, 129.7587, 138, POINT, K, VKLTPLCVTLNCTNVTNNITD-------------------------------------DMRGELKN----CSFNT-T-TE--LRD-KK-QKV-YSLF-YRLDVVQINENQGNRSNNK---------------------D--------------------NKEYRLI---NCNTSAI-T---QA, 1.6250, 0
1.369603, -117.9609, 137, POINT, K, VKLTPLCVTLNCTNVTNNITD-------------------------------------DMRGELKN----CSFNT-T-TE--LRD-KK-QKV-YSLF-YRLDVVQINENQGNRSNNS--------------------Q---------------------EKEYRLI---NCNTSAI-T---QA, 1.6169, 1
1.432148, -115.4371, [159, 160, 161], CHUNK, ['N', 'T', 'S'], VKLTPLCVTLNCTNVTNNITD-------------------------------------DMRGELKN----CSFNT-T-TE--LRD-KK-QKV-YSLF-YRLDVVQINENQGNRSNNS--------------------Q---------------------NTSYRLI---NCNTSAI-T---QA, 1.6169, 0
1.403965, -117.6031, 109, POINT, N, VKLTPLCVTLNCTNVTNNITD-------------------------------------DMRGELKN----CSFNT-T-TE--LRD-KK-QKV-YSLF-YRLDVVQINENNGNRSNNS--------------------Q---------------------EKEYRLI---NCNTSAI-T---QA, 1.6169, 0
1.413708, 912.6225, 144, POINT, K, VKLTPLCVTLNCTNVTNNITD-------------------------------------DMRGELKN----CSFNT-T-TE--LRD-KK-QKV-YSLF-YRLDVVQINENQGNRSNNS--------------------N------V--------------KKEYRLI---NCNTSAI-T---QA, 2.6115, 0
1.426770, -69.1878, [159, 160, 161, 163], CHUNK, ['N', 'N', 'S', 'I'], VKLTPLCVTLNCTNVTNNITD-------------------------------------DMRGELKN----CSFNT-T-TE--LRD-KK-QKV-YSLF-YRLDVVQINENQGNRSNNS--------------------Q---------------------NNSYILI---NCNTSAI-T---QA, 1.6445, 0
1.397189, 21.4042, 122, POINT, K, VKLTPLCVTLNCTNVTNNITD-------------------------------------DMRGELKN----CSFNT-T-TE--LRD-KK-QKV-YSLF-YRLDVVQINENQGNRSNNE-----S------------------------------------TKEYRLI---NCNTSAI-T---QA, 1.6193, 0
1.398417, 82.3106, 128, POINT, K, VKLTPLCVTLNCTNVTNNITD-------------------------------------DMRGELKN----CSFNT-T-TE--LRD-KK-QKV-YSLF-YRLDVVQINENQGNRSNNS-----------D------------------------------TKEYRLI---NCNTSAI-T---QA, 1.6209, 0
1.415071, -81.8602, [58, 59, 60, 61, 63], CHUNK, ['T', 'G', 'I', 'K', 'M'], VKLTPLCVTLNCTNVTNNITD-------------------------------------TGIKEMKN----CSFNT-T-TE--LRD-KK-QKV-YSLF-YRLDVVQINENQGNRSNNS------------------------------------------NKEYRLI---NCNTSAI-T---QA, 0.0000, 0
1.438281, -125.8043, [106, 107, 109], CHUNK, ['D', 'N', 'T'], VKLTPLCVTLNCTNVTNNITD-------------------------------------DMRGELKN----CSFNT-T-TE--LRD-KK-QKV-YSLF-YRLDVVQIDNNTGNRSNNS------------------------------------------NKEYRLI---NCNTSAI-T---QA, 0.0000, 1
1.466928, -122.4253, [99, 102, 104, 105], CHUNK, ['K', 'I', 'S', 'T'], VKLTPLCVTLNCTNVTNNITD-------------------------------------DMRGELKN----CSFNT-T-TE--LRD-KK-QKV-YSLF-YKLDIVSTDNNTGNRSNNS------------------------------------------NKEYRLI---NCNTSAI-T---QA, 0.0000, 1
1.504811, -122.8581, 110, POINT, T, VKLTPLCVTLNCTNVTNNITD-------------------------------------DMRGELKN----CSFNT-T-TE--LRD-KK-QKV-YSLF-YKLDIVSTDNNTTNRSNNS------------------------------------------NKEYRLI---NCNTSAI-T---QA, 0.0243, 1
1.526034, -122.1925, [160], CHUNK, ['N'], VKLTPLCVTLNCTNVTNNITD-------------------------------------DMRGELKN----CSFNT-T-TE--LRD-KK-QKV-YSLF-YKLDIVSTDNNTTNRSNNS------------------------------------------NNEYRLI---NCNTSAI-T---QA, 0.0243, 0
1.485121, 27.3456, 137, POINT, K, VKLTPLCVTLNCTNVTNNITD-------------------------------------DMRGELKN----CSFNT-T-TE--LRD-KK-QKV-YSLF-YKLDIVSTDNNTTNRSNNE--------------------K---------------------SKEYRLI---NCNTSAI-T---QA, 1.6127, 0
1.532255, -82.0820, 158, POINT, K, VKLTPLCVTLNCTNVTNNITD-------------------------------------DMRGELKN----CSFNT-T-TE--LRD-KK-QKV-YSLF-YKLDIVSTDNNTTNRSNNT-----------------------------------------SSKEYRLI---NCNTSAI-T---QA, 1.6231, 0
1.547647, -121.9708, [160, 161], CHUNK, ['T', 'S'], VKLTPLCVTLNCTNVTNNITD-------------------------------------DMRGELKN----CSFNT-T-TE--LRD-KK-QKV-YSLF-YKLDIVSTDNNTTNRSNNS------------------------------------------NTSYRLI---NCNTSAI-T---QA, 0.0243, 0
1.506670, -96.6281, 119, POINT, K, VKLTPLCVTLNCTNVTNNITD-------------------------------------DMRGELKN----CSFNT-T-TE--LRD-KK-QKV-YSLF-YKLDIVSTDNNTGNRSNNN--T---------------------------------------SKEYRLI---NCNTSAI-T---QA, 1.6306, 0
1.500101, -123.4145, 112, POINT, N, VKLTPLCVTLNCTNVTNNITD-------------------------------------DMRGELKN----CSFNT-T-TE--LRD-KK-QKV-YSLF-YKLDIVSTDNNTGNNSNNS------------------------------------------NKEYRLI---NCNTSAI-T---QA, 0.0120, 0
1.443327, -109.9342, 153, POINT, K, VKLTPLCVTLNCTNVTNNITD-------------------------------------DMRGELKN----CSFNT-T-TE--LRD-KK-QKV-YSLF-YKLDIVSTDNNTGNRSNNS------------------------------------Q-----EKEYRLI---NCNTSAI-T---QA, 1.6129, 0
1.494368, -0.2471, [79, 82], CHUNK, ['N', 'I'], VKLTPLCVTLNCTNVTNNITD-------------------------------------DMRGELKN----CSFNT-T-TN--IRD-KK-QKV-YSLF-YKLDIVSTDNNTGNRSNNS------------------------------------------NKEYRLI---NCNTSAI-T---QA, 0.0514, 0
1.465720, -5.0054, [79, 82], CHUNK, ['N', 'I'], VKLTPLCVTLNCTNVTNNITD-------------------------------------DMRGELKN----CSFNT-T-TN--IRD-KK-QKV-YSLF-YRLDVVQIDNNTGNRSNNS------------------------------------------NKEYRLI---NCNTSAI-T---QA, 0.0155, 0
1.481217, -124.9169, [160, 161], CHUNK, ['T', 'S'], VKLTPLCVTLNCTNVTNNITD-------------------------------------DMRGELKN----CSFNT-T-TE--LRD-KK-QKV-YSLF-YRLDVVQIDNNTGNRSNNS------------------------------------------NTSYRLI---NCNTSAI-T---QA, 0.0000, 1
1.434950, 12.7140, 125, POINT, T, VKLTPLCVTLNCTNVTNNITD-------------------------------------DMRGELKN----CSFNT-T-TE--LRD-KK-QKV-YSLF-YRLDVVQIDNNTGNRSNNE--------Q---------------------------------STSYRLI---NCNTSAI-T---QA, 1.6180, 0
1.498139, -86.0736, [58, 59, 60, 61, 62, 63, 64], CHUNK, ['N', 'I', 'K', 'E', 'Q', 'V', 'V'], VKLTPLCVTLNCTNVTNNITD-------------------------------------NIKEQVVN----CSFNT-T-TE--LRD-KK-QKV-YSLF-YRLDVVQIDNNTGNRSNNS------------------------------------------NTSYRLI---NCNTSAI-T---QA, 0.0670, 0
------END OF DATA------
Best coverage = 1.50481099084
Best sequence = VKLTPLCVTLNCTNVTNNITD-------------------------------------DMRGELKN----CSFNT-T-TE--LRD-KK-QKV-YSLF-YKLDIVSTDNNTTNRSNNS------------------------------------------NKEYRLI---NCNTSAI-T---QA
Best energy = -122.858129626
Best RMSD = 0.0242609232664
Hard Covereage = 0.0620626520527
Num epitopes = 59
