Name base = V1V2_70_sq_9_10_ni
Iters = 70
Soft coverage = 1.31203964383
Energy = -128.717377515
Hard Covereage = 0.0368019545157
Num epitopes = 65
Initial seq = VKLTPLCVTLQCTNVTNNITD-------------------------------------DMRGELKN----CSFNM-T-TE--LRD-KK-QKV-YSLF-YRLDVVQINENQGNRSNNS------------------------------------------NKEYRLI---NCNTSAI-T---QA
-------START OF DATA------
1.361196, -129.0938, [10], CHUNK, ['N'], VKLTPLCVTLNCTNVTNNITD-------------------------------------DMRGELKN----CSFNM-T-TE--LRD-KK-QKV-YSLF-YRLDVVQINENQGNRSNNS------------------------------------------NKEYRLI---NCNTSAI-T---QA, 0.0914, 1
1.404132, -129.4178, [160, 161], CHUNK, ['T', 'S'], VKLTPLCVTLNCTNVTNNITD-------------------------------------DMRGELKN----CSFNM-T-TE--LRD-KK-QKV-YSLF-YRLDVVQINENQGNRSNNS------------------------------------------NTSYRLI---NCNTSAI-T---QA, 0.1074, 1
1.435855, -125.4436, 74, POINT, T, VKLTPLCVTLNCTNVTNNITD-------------------------------------DMRGELKN----CSFNT-T-TE--LRD-KK-QKV-YSLF-YRLDVVQINENQGNRSNNS------------------------------------------NTSYRLI---NCNTSAI-T---QA, 0.1074, 1
1.463295, -3.2909, [79, 82], CHUNK, ['N', 'I'], VKLTPLCVTLNCTNVTNNITD-------------------------------------DMRGELKN----CSFNT-T-TN--IRD-KK-QKV-YSLF-YRLDVVQINENQGNRSNNS------------------------------------------NTSYRLI---NCNTSAI-T---QA, 0.1520, 0
1.465973, -122.3215, [58, 59, 60, 63], CHUNK, ['E', 'T', 'D', 'I'], VKLTPLCVTLNCTNVTNNITD-------------------------------------ETDGEIKN----CSFNT-T-TE--LRD-KK-QKV-YSLF-YRLDVVQINENQGNRSNNS------------------------------------------NTSYRLI---NCNTSAI-T---QA, 0.1074, 1
1.479694, -117.2348, [79, 82, 83], CHUNK, ['S', 'T', 'Q'], VKLTPLCVTLNCTNVTNNITD-------------------------------------ETDGEIKN----CSFNT-T-TS--TQD-KK-QKV-YSLF-YRLDVVQINENQGNRSNNS------------------------------------------NTSYRLI---NCNTSAI-T---QA, 0.1071, 0
1.473458, -122.4458, 89, POINT, K, VKLTPLCVTLNCTNVTNNITD-------------------------------------ETDGEIKN----CSFNT-T-TE--LRD-KK-KKV-YSLF-YRLDVVQINENQGNRSNNS------------------------------------------NTSYRLI---NCNTSAI-T---QA, 0.1090, 1
1.490111, -103.3640, [59, 60, 61], CHUNK, ['I', 'K', 'N'], VKLTPLCVTLNCTNVTNNITD-------------------------------------EIKNEIKN----CSFNT-T-TE--LRD-KK-KKV-YSLF-YRLDVVQINENQGNRSNNS------------------------------------------NTSYRLI---NCNTSAI-T---QA, 0.1090, 0
1.496732, -122.5651, 107, POINT, N, VKLTPLCVTLNCTNVTNNITD-------------------------------------ETDGEIKN----CSFNT-T-TE--LRD-KK-KKV-YSLF-YRLDVVQINNNQGNRSNNS------------------------------------------NTSYRLI---NCNTSAI-T---QA, 0.1090, 0
1.508140, -122.1061, 109, POINT, N, VKLTPLCVTLNCTNVTNNITD-------------------------------------ETDGEIKN----CSFNT-T-TE--LRD-KK-KKV-YSLF-YRLDVVQINENNGNRSNNS------------------------------------------NTSYRLI---NCNTSAI-T---QA, 0.1090, 0
1.488150, -34.1777, [79, 82], CHUNK, ['S', 'I'], VKLTPLCVTLNCTNVTNNITD-------------------------------------ETDGEIKN----CSFNT-T-TS--IRD-KK-KKV-YSLF-YRLDVVQINENQGNRSNNS------------------------------------------NTSYRLI---NCNTSAI-T---QA, 0.2382, 0
1.475978, -121.9663, 18, POINT, S, VKLTPLCVTLNCTNVTNNSTD-------------------------------------ETDGEIKN----CSFNT-T-TE--LRD-KK-QKV-YSLF-YRLDVVQINENQGNRSNNS------------------------------------------NTSYRLI---NCNTSAI-T---QA, 0.1438, 1
1.487613, -121.8267, 58, POINT, S, VKLTPLCVTLNCTNVTNNSTD-------------------------------------STDGEIKN----CSFNT-T-TE--LRD-KK-QKV-YSLF-YRLDVVQINENQGNRSNNS------------------------------------------NTSYRLI---NCNTSAI-T---QA, 0.1438, 1
1.496094, -79.3640, [74, 79], CHUNK, ['I', 'N'], VKLTPLCVTLNCTNVTNNSTD-------------------------------------STDGEIKN----CSFNI-T-TN--LRD-KK-QKV-YSLF-YRLDVVQINENQGNRSNNS------------------------------------------NTSYRLI---NCNTSAI-T---QA, 0.3061, 0
1.499940, -121.0877, [89, 90, 91], CHUNK, ['K', 'T', 'E'], VKLTPLCVTLNCTNVTNNSTD-------------------------------------STDGEIKN----CSFNT-T-TE--LRD-KK-KTE-YSLF-YRLDVVQINENQGNRSNNS------------------------------------------NTSYRLI---NCNTSAI-T---QA, 0.1438, 0
1.502315, -119.4850, 174, POINT, T, VKLTPLCVTLNCTNVTNNSTD-------------------------------------STDGEIKN----CSFNT-T-TE--LRD-KK-QKV-YSLF-YRLDVVQINENQGNRSNNS------------------------------------------NTSYRLI---NCNTSTI-T---QA, 0.1438, 0
1.501400, -123.1010, [163], CHUNK, ['T'], VKLTPLCVTLNCTNVTNNSTD-------------------------------------STDGEIKN----CSFNT-T-TE--LRD-KK-QKV-YSLF-YRLDVVQINENQGNRSNNS------------------------------------------NTSYTLI---NCNTSAI-T---QA, 0.1438, 0
1.483811, -119.9047, [89, 91, 93, 94], CHUNK, ['K', 'E', 'S', 'A'], VKLTPLCVTLNCTNVTNNSTD-------------------------------------ETDGEIKN----CSFNT-T-TE--LRD-KK-KKE-SALF-YRLDVVQINENQGNRSNNS------------------------------------------NTSYRLI---NCNTSAI-T---QA, 0.1438, 1
1.487809, -120.5720, 161, POINT, T, VKLTPLCVTLNCTNVTNNSTD-------------------------------------ETDGEIKN----CSFNT-T-TE--LRD-KK-KKE-SALF-YRLDVVQINENQGNRSNNS------------------------------------------NTTYRLI---NCNTSAI-T---QA, 0.1438, 1
1.502510, -118.2303, [174], CHUNK, ['T'], VKLTPLCVTLNCTNVTNNSTD-------------------------------------ETDGEIKN----CSFNT-T-TE--LRD-KK-KKE-SALF-YRLDVVQINENQGNRSNNS------------------------------------------NTTYRLI---NCNTSTI-T---QA, 0.1438, 0
1.519953, -120.9809, 20, POINT, N, VKLTPLCVTLNCTNVTNNSTN-------------------------------------ETDGEIKN----CSFNT-T-TE--LRD-KK-KKE-SALF-YRLDVVQINENQGNRSNNS------------------------------------------NTTYRLI---NCNTSAI-T---QA, 0.1438, 1
1.535649, -0.2808, [79, 82], CHUNK, ['S', 'I'], VKLTPLCVTLNCTNVTNNSTN-------------------------------------ETDGEIKN----CSFNT-T-TS--IRD-KK-KKE-SALF-YRLDVVQINENQGNRSNNS------------------------------------------NTTYRLI---NCNTSAI-T---QA, 0.1465, 0
1.535649, -23.7048, [79, 82], CHUNK, ['S', 'I'], VKLTPLCVTLNCTNVTNNSTN-------------------------------------ETDGEIKN----CSFNT-T-TS--IRD-KK-KKE-SALF-YRLDVVQINENQGNRSNNS------------------------------------------NTTYRLI---NCNTSAI-T---QA, 0.3100, 0
1.529057, -121.5977, 84, POINT, N, VKLTPLCVTLNCTNVTNNSTN-------------------------------------ETDGEIKN----CSFNT-T-TE--LRN-KK-KKE-SALF-YRLDVVQINENQGNRSNNS------------------------------------------NTTYRLI---NCNTSAI-T---QA, 0.1438, 0
1.539342, 3.4546, [79, 82, 83], CHUNK, ['N', 'I', 'G'], VKLTPLCVTLNCTNVTNNSTN-------------------------------------ETDGEIKN----CSFNT-T-TN--IGD-KK-KKE-SALF-YRLDVVQINENQGNRSNNS------------------------------------------NTTYRLI---NCNTSAI-T---QA, 0.1409, 0
1.505738, -117.5692, [174, 175], CHUNK, ['T', 'T'], VKLTPLCVTLNCTNVTNNSTD-------------------------------------ETDGEIKN----CSFNT-T-TE--LRD-KK-KKE-SALF-YRLDVVQINENQGNRSNNS------------------------------------------NTTYRLI---NCNTSTT-T---QA, 0.1438, 1
1.512796, -114.8815, 84, POINT, T, VKLTPLCVTLNCTNVTNNSTD-------------------------------------ETDGEIKN----CSFNT-T-TE--LRT-KK-KKE-SALF-YRLDVVQINENQGNRSNNS------------------------------------------NTTYRLI---NCNTSTT-T---QA, 0.1438, 0
1.540954, -116.9388, [99, 104, 107], CHUNK, ['K', 'P', 'N'], VKLTPLCVTLNCTNVTNNSTD-------------------------------------ETDGEIKN----CSFNT-T-TE--LRD-KK-KKE-SALF-YKLDVVPINNNQGNRSNNS------------------------------------------NTTYRLI---NCNTSTT-T---QA, 0.1542, 0
1.518665, -117.2157, 109, POINT, D, VKLTPLCVTLNCTNVTNNSTD-------------------------------------ETDGEIKN----CSFNT-T-TE--LRD-KK-KKE-SALF-YRLDVVQINENDGNRSNNS------------------------------------------NTTYRLI---NCNTSTT-T---QA, 0.1438, 1
1.532499, -112.7051, [163, 165, 169], CHUNK, ['T', 'T', 'S'], VKLTPLCVTLNCTNVTNNSTD-------------------------------------ETDGEIKN----CSFNT-T-TE--LRD-KK-KKE-SALF-YRLDVVQINENDGNRSNNS------------------------------------------NTTYTLT---SCNTSTT-T---QA, 0.1438, 0
1.532493, -113.7796, [87], CHUNK, ['N'], VKLTPLCVTLNCTNVTNNSTD-------------------------------------ETDGEIKN----CSFNT-T-TE--LRD-KN-KKE-SALF-YRLDVVQINENDGNRSNNS------------------------------------------NTTYRLI---NCNTSTT-T---QA, 0.1720, 1
1.545072, -110.3391, [98, 99], CHUNK, ['N', 'K'], VKLTPLCVTLNCTNVTNNSTD-------------------------------------ETDGEIKN----CSFNT-T-TE--LRD-KN-KKE-SALF-NKLDVVQINENDGNRSNNS------------------------------------------NTTYRLI---NCNTSTT-T---QA, 0.1720, 0
1.539212, -113.1082, 99, POINT, K, VKLTPLCVTLNCTNVTNNSTD-------------------------------------ETDGEIKN----CSFNT-T-TE--LRD-KN-KKE-SALF-YKLDVVQINENDGNRSNNS------------------------------------------NTTYRLI---NCNTSTT-T---QA, 0.2031, 0
1.540283, -113.0019, 62, POINT, T, VKLTPLCVTLNCTNVTNNSTD-------------------------------------ETDGTIKN----CSFNT-T-TE--LRD-KN-KKE-SALF-YRLDVVQINENDGNRSNNS------------------------------------------NTTYRLI---NCNTSTT-T---QA, 0.1740, 0
1.555459, -112.6220, [161, 163, 165], CHUNK, ['S', 'T', 'T'], VKLTPLCVTLNCTNVTNNSTD-------------------------------------ETDGEIKN----CSFNT-T-TE--LRD-KN-KKE-SALF-YRLDVVQINENDGNRSNNS------------------------------------------NTSYTLT---NCNTSTT-T---QA, 0.1720, 0
1.540099, -116.2873, 79, POINT, N, VKLTPLCVTLNCTNVTNNSTD-------------------------------------ETDGEIKN----CSFNT-T-TN--LRD-KK-KKE-SALF-YRLDVVQINENDGNRSNNS------------------------------------------NTTYRLI---NCNTSTT-T---QA, 0.1438, 0
1.523476, -118.7855, [93], CHUNK, ['Y'], VKLTPLCVTLNCTNVTNNSTD-------------------------------------ETDGEIKN----CSFNT-T-TE--LRD-KK-KKE-YALF-YRLDVVQINENDGNRSNNS------------------------------------------NTTYRLI---NCNTSTT-T---QA, 0.1438, 0
1.530550, -117.2342, [93, 99], CHUNK, ['Y', 'K'], VKLTPLCVTLNCTNVTNNSTD-------------------------------------ETDGEIKN----CSFNT-T-TE--LRD-KK-KKE-YALF-YKLDVVQINENDGNRSNNS------------------------------------------NTTYRLI---NCNTSTT-T---QA, 0.1438, 1
1.562157, -115.7970, [99, 104, 105], CHUNK, ['N', 'L', 'T'], VKLTPLCVTLNCTNVTNNSTD-------------------------------------ETDGEIKN----CSFNT-T-TE--LRD-KK-KKE-YALF-YNLDVVLTNENDGNRSNNS------------------------------------------NTTYRLI---NCNTSTT-T---QA, 0.1891, 0
1.533175, -115.4747, 99, POINT, N, VKLTPLCVTLNCTNVTNNSTD-------------------------------------ETDGEIKN----CSFNT-T-TE--LRD-KK-KKE-YALF-YNLDVVQINENDGNRSNNS------------------------------------------NTTYRLI---NCNTSTT-T---QA, 0.1951, 0
1.550968, -114.0844, 20, POINT, T, VKLTPLCVTLNCTNVTNNSTT-------------------------------------ETDGEIKN----CSFNT-T-TE--LRD-KK-KKE-YALF-YKLDVVQINENDGNRSNNS------------------------------------------NTTYRLI---NCNTSTT-T---QA, 0.1438, 0
1.568473, -118.8249, [108, 109, 110, 112], CHUNK, ['D', 'K', 'N', 'S'], VKLTPLCVTLNCTNVTNNSTD-------------------------------------ETDGEIKN----CSFNT-T-TE--LRD-KK-KKE-YALF-YKLDVVQINEDKNNSSNNS------------------------------------------NTTYRLI---NCNTSTT-T---QA, 0.1448, 0
1.542198, -117.3384, 107, POINT, N, VKLTPLCVTLNCTNVTNNSTD-------------------------------------ETDGEIKN----CSFNT-T-TE--LRD-KK-KKE-SALF-YRLDVVQINNNDGNRSNNS------------------------------------------NTTYRLI---NCNTSTT-T---QA, 0.1438, 0
1.533099, -2.4758, [79, 82, 83], CHUNK, ['S', 'I', 'K'], VKLTPLCVTLNCTNVTNNSTD-------------------------------------ETDGEIKN----CSFNT-T-TS--IKD-KK-KKE-SALF-YRLDVVQINENDGNRSNNS------------------------------------------NTTYRLI---NCNTSTT-T---QA, 0.2020, 0
1.531485, -115.9746, [99, 102, 104, 106, 107], CHUNK, ['K', 'I', 'P', 'D', 'N'], VKLTPLCVTLNCTNVTNNSTD-------------------------------------ETDGEIKN----CSFNT-T-TE--LRD-KK-KKE-SALF-YKLDIVPIDNNDGNRSNNS------------------------------------------NTTYRLI---NCNTSTT-T---QA, 0.1438, 0
1.534361, -17.9227, [79, 82], CHUNK, ['S', 'I'], VKLTPLCVTLNCTNVTNNSTD-------------------------------------ETDGEIKN----CSFNT-T-TS--IRD-KK-KKE-SALF-YRLDVVQINENDGNRSNNS------------------------------------------NTTYRLI---NCNTSTT-T---QA, 0.2880, 0
1.517623, -117.5877, [93, 99], CHUNK, ['Y', 'K'], VKLTPLCVTLNCTNVTNNSTD-------------------------------------ETDGEIKN----CSFNT-T-TE--LRD-KK-KKE-YALF-YKLDVVQINENQGNRSNNS------------------------------------------NTTYRLI---NCNTSTT-T---QA, 0.1438, 0
1.523992, -117.2411, [102, 106, 107, 108, 109], CHUNK, ['I', 'D', 'N', 'D', 'N'], VKLTPLCVTLNCTNVTNNSTD-------------------------------------ETDGEIKN----CSFNT-T-TE--LRD-KK-KKE-SALF-YRLDIVQIDNDNGNRSNNS------------------------------------------NTTYRLI---NCNTSTT-T---QA, 0.1438, 0
1.521433, -40.9876, [79, 82], CHUNK, ['S', 'I'], VKLTPLCVTLNCTNVTNNSTD-------------------------------------ETDGEIKN----CSFNT-T-TS--IRD-KK-KKE-SALF-YRLDVVQINENQGNRSNNS------------------------------------------NTTYRLI---NCNTSTT-T---QA, 0.3269, 0
1.517623, -117.9573, [93, 99], CHUNK, ['Y', 'K'], VKLTPLCVTLNCTNVTNNSTD-------------------------------------ETDGEIKN----CSFNT-T-TE--LRD-KK-KKE-YALF-YKLDVVQINENQGNRSNNS------------------------------------------NTTYRLI---NCNTSTT-T---QA, 0.1480, 0
1.505537, -118.1428, [99, 102, 104, 106, 107], CHUNK, ['N', 'I', 'P', 'D', 'N'], VKLTPLCVTLNCTNVTNNSTD-------------------------------------ETDGEIKN----CSFNT-T-TE--LRD-KK-KKE-SALF-YNLDIVPIDNNQGNRSNNS------------------------------------------NTTYRLI---NCNTSAI-T---QA, 0.1598, 0
1.501992, -114.7575, [79, 82, 83], CHUNK, ['S', 'T', 'Q'], VKLTPLCVTLNCTNVTNNSTD-------------------------------------ETDGEIKN----CSFNT-T-TS--TQD-KK-KKE-SALF-YRLDVVQINENQGNRSNNS------------------------------------------NTTYRLI---NCNTSAI-T---QA, 0.1438, 0
1.498229, -120.4736, 93, POINT, N, VKLTPLCVTLNCTNVTNNSTD-------------------------------------ETDGEIKN----CSFNT-T-TE--LRD-KK-KKE-NALF-YRLDVVQINENQGNRSNNS------------------------------------------NTTYRLI---NCNTSAI-T---QA, 0.1438, 0
1.507140, -122.1376, [161, 163], CHUNK, ['N', 'T'], VKLTPLCVTLNCTNVTNNSTD-------------------------------------ETDGEIKN----CSFNT-T-TE--LRD-KK-KKE-SALF-YRLDVVQINENQGNRSNNS------------------------------------------NTNYTLI---NCNTSAI-T---QA, 0.1438, 0
1.498560, -119.4304, [116], CHUNK, ['T'], VKLTPLCVTLNCTNVTNNSTD-------------------------------------ETDGEIKN----CSFNT-T-TE--LRD-KK-KKE-SALF-YRLDVVQINENQGNRSNNT------------------------------------------NTSYRLI---NCNTSAI-T---QA, 0.1438, 0
1.491809, -117.7044, [74, 79], CHUNK, ['I', 'N'], VKLTPLCVTLNCTNVTNNSTD-------------------------------------ETDGEIKN----CSFNI-T-TN--LRD-KK-KKE-SALF-YRLDVVQINENQGNRSNNS------------------------------------------NTSYRLI---NCNTSAI-T---QA, 0.1438, 0
1.499506, 1.9546, [79, 82], CHUNK, ['S', 'I'], VKLTPLCVTLNCTNVTNNSTD-------------------------------------ETDGEIKN----CSFNT-T-TS--IRD-KK-KKE-SALF-YRLDVVQINENQGNRSNNS------------------------------------------NTSYRLI---NCNTSAI-T---QA, 0.2574, 0
1.506895, -117.9458, 58, POINT, T, VKLTPLCVTLNCTNVTNNSTD-------------------------------------TTDGEIKN----CSFNT-T-TE--LRD-KK-KKE-SALF-YRLDVVQINENQGNRSNNS------------------------------------------NTSYRLI---NCNTSAI-T---QA, 0.1438, 0
