Name base = V1V2_200_exp_6_3_ni
Iters = 200
Soft coverage = 0.284621885725
Energy = -131.087698307
Hard Covereage = 0.0368019545157
Num epitopes = 65
Initial seq = VKLTPLCVTLQCTNVTNNITD-------------------------------------DMRGELKN----CSFNM-T-TE--LRD-KK-QKV-YSLF-YRLDVVQINENQGNRSNNS------------------------------------------NKEYRLI---NCNTSAI-T---QA
-------START OF DATA------
0.294594, -85.7315, 74, POINT, I, VKLTPLCVTLQCTNVTNNITD-------------------------------------DMRGELKN----CSFNI-T-TE--LRD-KK-QKV-YSLF-YRLDVVQINENQGNRSNNS------------------------------------------NKEYRLI---NCNTSAI-T---QA, 0.6184, 0
0.308289, -131.2713, [10], CHUNK, ['N'], VKLTPLCVTLNCTNVTNNITD-------------------------------------DMRGELKN----CSFNM-T-TE--LRD-KK-QKV-YSLF-YRLDVVQINENQGNRSNNS------------------------------------------NKEYRLI---NCNTSAI-T---QA, 0.0522, 1
0.312907, -129.4817, 99, POINT, K, VKLTPLCVTLNCTNVTNNITD-------------------------------------DMRGELKN----CSFNM-T-TE--LRD-KK-QKV-YSLF-YKLDVVQINENQGNRSNNS------------------------------------------NKEYRLI---NCNTSAI-T---QA, 0.0652, 0
0.311795, -131.4149, 107, POINT, N, VKLTPLCVTLNCTNVTNNITD-------------------------------------DMRGELKN----CSFNM-T-TE--LRD-KK-QKV-YSLF-YRLDVVQINNNQGNRSNNS------------------------------------------NKEYRLI---NCNTSAI-T---QA, 0.0522, 1
0.325202, -129.8549, [89, 91, 94], CHUNK, ['K', 'E', 'A'], VKLTPLCVTLNCTNVTNNITD-------------------------------------DMRGELKN----CSFNM-T-TE--LRD-KK-KKE-YALF-YRLDVVQINNNQGNRSNNS------------------------------------------NKEYRLI---NCNTSAI-T---QA, 0.0522, 0
0.321767, -105.7681, [74], CHUNK, ['I'], VKLTPLCVTLNCTNVTNNITD-------------------------------------DMRGELKN----CSFNI-T-TE--LRD-KK-QKV-YSLF-YRLDVVQINNNQGNRSNNS------------------------------------------NKEYRLI---NCNTSAI-T---QA, 0.3784, 0
0.327086, -129.6254, [94, 99], CHUNK, ['A', 'K'], VKLTPLCVTLNCTNVTNNITD-------------------------------------DMRGELKN----CSFNM-T-TE--LRD-KK-QKV-YALF-YKLDVVQINNNQGNRSNNS------------------------------------------NKEYRLI---NCNTSAI-T---QA, 0.0522, 1
0.331725, -129.9629, 104, POINT, P, VKLTPLCVTLNCTNVTNNITD-------------------------------------DMRGELKN----CSFNM-T-TE--LRD-KK-QKV-YALF-YKLDVVPINNNQGNRSNNS------------------------------------------NKEYRLI---NCNTSAI-T---QA, 0.0659, 1
0.341697, -85.2309, [74], CHUNK, ['I'], VKLTPLCVTLNCTNVTNNITD-------------------------------------DMRGELKN----CSFNI-T-TE--LRD-KK-QKV-YALF-YKLDVVPINNNQGNRSNNS------------------------------------------NKEYRLI---NCNTSAI-T---QA, 0.3165, 0
0.341697, -85.8712, [74], CHUNK, ['I'], VKLTPLCVTLNCTNVTNNITD-------------------------------------DMRGELKN----CSFNI-T-TE--LRD-KK-QKV-YALF-YKLDVVPINNNQGNRSNNS------------------------------------------NKEYRLI---NCNTSAI-T---QA, 0.4830, 0
0.343832, -129.0754, [160, 161], CHUNK, ['T', 'S'], VKLTPLCVTLNCTNVTNNITD-------------------------------------DMRGELKN----CSFNM-T-TE--LRD-KK-QKV-YALF-YKLDVVPINNNQGNRSNNS------------------------------------------NTSYRLI---NCNTSAI-T---QA, 0.0659, 1
0.353804, -83.3366, [74], CHUNK, ['I'], VKLTPLCVTLNCTNVTNNITD-------------------------------------DMRGELKN----CSFNI-T-TE--LRD-KK-QKV-YALF-YKLDVVPINNNQGNRSNNS------------------------------------------NTSYRLI---NCNTSAI-T---QA, 0.2770, 0
0.349890, -127.5557, 91, POINT, E, VKLTPLCVTLNCTNVTNNITD-------------------------------------DMRGELKN----CSFNM-T-TE--LRD-KK-QKE-YALF-YKLDVVPINNNQGNRSNNS------------------------------------------NTSYRLI---NCNTSAI-T---QA, 0.0659, 0
0.346691, -90.4234, [58, 59, 60, 61, 62, 63], CHUNK, ['N', 'T', 'D', 'I', 'K', 'M'], VKLTPLCVTLNCTNVTNNITD-------------------------------------NTDIKMKN----CSFNM-T-TE--LRD-KK-QKV-YALF-YKLDVVPINNNQGNRSNNS------------------------------------------NTSYRLI---NCNTSAI-T---QA, 0.1681, 0
0.349890, -127.5557, 91, POINT, E, VKLTPLCVTLNCTNVTNNITD-------------------------------------DMRGELKN----CSFNM-T-TE--LRD-KK-QKE-YALF-YKLDVVPINNNQGNRSNNS------------------------------------------NTSYRLI---NCNTSAI-T---QA, 0.0659, 1
0.359862, -116.8987, [74], CHUNK, ['I'], VKLTPLCVTLNCTNVTNNITD-------------------------------------DMRGELKN----CSFNI-T-TE--LRD-KK-QKE-YALF-YKLDVVPINNNQGNRSNNS------------------------------------------NTSYRLI---NCNTSAI-T---QA, 0.1115, 0
0.358943, -123.9700, [60, 63], CHUNK, ['K', 'I'], VKLTPLCVTLNCTNVTNNITD-------------------------------------DMKGEIKN----CSFNM-T-TE--LRD-KK-QKE-YALF-YKLDVVPINNNQGNRSNNS------------------------------------------NTSYRLI---NCNTSAI-T---QA, 0.0741, 0
0.357172, -102.0906, [174], CHUNK, ['V'], VKLTPLCVTLNCTNVTNNITD-------------------------------------DMRGELKN----CSFNM-T-TE--LRD-KK-QKE-YALF-YKLDVVPINNNQGNRSNNS------------------------------------------NTSYRLI---NCNTSVI-T---QA, 0.3078, 0
0.351023, -127.8701, 16, POINT, T, VKLTPLCVTLNCTNVTTNITD-------------------------------------DMRGELKN----CSFNM-T-TE--LRD-KK-QKE-YALF-YKLDVVPINNNQGNRSNNS------------------------------------------NTSYRLI---NCNTSAI-T---QA, 0.0665, 0
0.352602, -129.4474, [109, 110, 111, 112, 113], CHUNK, ['N', 'N', 'S', 'S', 'E'], VKLTPLCVTLNCTNVTNNITD-------------------------------------DMRGELKN----CSFNM-T-TE--LRD-KK-QKV-YALF-YKLDVVPINNNNNSSENNS------------------------------------------NTSYRLI---NCNTSAI-T---QA, 0.0659, 1
0.359885, -109.5065, [174], CHUNK, ['V'], VKLTPLCVTLNCTNVTNNITD-------------------------------------DMRGELKN----CSFNM-T-TE--LRD-KK-QKV-YALF-YKLDVVPINNNNNSSENNS------------------------------------------NTSYRLI---NCNTSVI-T---QA, 0.2818, 0
0.358363, -127.7140, [89, 91], CHUNK, ['K', 'E'], VKLTPLCVTLNCTNVTNNITD-------------------------------------DMRGELKN----CSFNM-T-TE--LRD-KK-KKE-YALF-YKLDVVPINNNNNSSENNS------------------------------------------NTSYRLI---NCNTSAI-T---QA, 0.0659, 1
0.362855, -119.3052, 74, POINT, V, VKLTPLCVTLNCTNVTNNITD-------------------------------------DMRGELKN----CSFNV-T-TE--LRD-KK-KKE-YALF-YKLDVVPINNNNNSSENNS------------------------------------------NTSYRLI---NCNTSAI-T---QA, 0.2636, 1
0.370137, -100.8382, 174, POINT, V, VKLTPLCVTLNCTNVTNNITD-------------------------------------DMRGELKN----CSFNV-T-TE--LRD-KK-KKE-YALF-YKLDVVPINNNNNSSENNS------------------------------------------NTSYRLI---NCNTSVI-T---QA, 0.4511, 0
0.365594, -19.0011, [82], CHUNK, ['I'], VKLTPLCVTLNCTNVTNNITD-------------------------------------DMRGELKN----CSFNV-T-TE--IRD-KK-KKE-YALF-YKLDVVPINNNNNSSENNS------------------------------------------NTSYRLI---NCNTSAI-T---QA, 0.3241, 0
0.365134, -119.8609, 20, POINT, N, VKLTPLCVTLNCTNVTNNITN-------------------------------------DMRGELKN----CSFNV-T-TE--LRD-KK-KKE-YALF-YKLDVVPINNNNNSSENNS------------------------------------------NTSYRLI---NCNTSAI-T---QA, 0.2599, 1
0.365739, -120.1267, 16, POINT, T, VKLTPLCVTLNCTNVTTNITN-------------------------------------DMRGELKN----CSFNV-T-TE--LRD-KK-KKE-YALF-YKLDVVPINNNNNSSENNS------------------------------------------NTSYRLI---NCNTSAI-T---QA, 0.2599, 0
0.370614, -117.3136, 74, POINT, I, VKLTPLCVTLNCTNVTNNITN-------------------------------------DMRGELKN----CSFNI-T-TE--LRD-KK-KKE-YALF-YKLDVVPINNNNNSSENNS------------------------------------------NTSYRLI---NCNTSAI-T---QA, 0.2104, 1
0.379371, -115.9968, [63], CHUNK, ['I'], VKLTPLCVTLNCTNVTNNITN-------------------------------------DMRGEIKN----CSFNI-T-TE--LRD-KK-KKE-YALF-YKLDVVPINNNNNSSENNS------------------------------------------NTSYRLI---NCNTSAI-T---QA, 0.2104, 0
0.377896, -103.8682, [174], CHUNK, ['V'], VKLTPLCVTLNCTNVTNNITN-------------------------------------DMRGELKN----CSFNI-T-TE--LRD-KK-KKE-YALF-YKLDVVPINNNNNSSENNS------------------------------------------NTSYRLI---NCNTSVI-T---QA, 0.3666, 0
0.377896, -105.7179, [174], CHUNK, ['V'], VKLTPLCVTLNCTNVTNNITN-------------------------------------DMRGELKN----CSFNI-T-TE--LRD-KK-KKE-YALF-YKLDVVPINNNNNSSENNS------------------------------------------NTSYRLI---NCNTSVI-T---QA, 0.4806, 0
0.374124, -5.6975, [82], CHUNK, ['I'], VKLTPLCVTLNCTNVTNNITN-------------------------------------DMRGELKN----CSFNI-T-TE--IRD-KK-KKE-YALF-YKLDVVPINNNNNSSENNS------------------------------------------NTSYRLI---NCNTSAI-T---QA, 0.2619, 0
0.372417, -102.8174, 174, POINT, V, VKLTPLCVTLNCTNVTNNITN-------------------------------------DMRGELKN----CSFNV-T-TE--LRD-KK-KKE-YALF-YKLDVVPINNNNNSSENNS------------------------------------------NTSYRLI---NCNTSVI-T---QA, 0.4663, 0
0.365638, -120.5623, 58, POINT, K, VKLTPLCVTLNCTNVTNNITN-------------------------------------KMRGELKN----CSFNV-T-TE--LRD-KK-KKE-YALF-YKLDVVPINNNNNSSENNS------------------------------------------NTSYRLI---NCNTSAI-T---QA, 0.2275, 0
0.374477, -114.5432, [58, 59, 60, 63], CHUNK, ['E', 'G', 'K', 'I'], VKLTPLCVTLNCTNVTNNITN-------------------------------------EGKGEIKN----CSFNV-T-TE--LRD-KK-KKE-YALF-YKLDVVPINNNNNSSENNS------------------------------------------NTSYRLI---NCNTSAI-T---QA, 0.2131, 0
0.372417, -99.9234, [174], CHUNK, ['V'], VKLTPLCVTLNCTNVTNNITN-------------------------------------DMRGELKN----CSFNV-T-TE--LRD-KK-KKE-YALF-YKLDVVPINNNNNSSENNS------------------------------------------NTSYRLI---NCNTSVI-T---QA, 0.8143, 0
0.372224, -115.8196, [58, 59, 60, 63], CHUNK, ['M', 'D', 'K', 'I'], VKLTPLCVTLNCTNVTNNITD-------------------------------------MDKGEIKN----CSFNV-T-TE--LRD-KK-KKE-YALF-YKLDVVPINNNNNSSENNS------------------------------------------NTSYRLI---NCNTSAI-T---QA, 0.2666, 0
0.370278, -117.8467, [63], CHUNK, ['I'], VKLTPLCVTLNCTNVTNNITD-------------------------------------DMRGEIKN----CSFNV-T-TE--LRD-KK-KKE-YALF-YKLDVVPINNNNNSSENNS------------------------------------------NTSYRLI---NCNTSAI-T---QA, 0.2636, 0
0.370278, -117.8467, [63], CHUNK, ['I'], VKLTPLCVTLNCTNVTNNITD-------------------------------------DMRGEIKN----CSFNV-T-TE--LRD-KK-KKE-YALF-YKLDVVPINNNNNSSENNS------------------------------------------NTSYRLI---NCNTSAI-T---QA, 0.2636, 0
0.363283, -119.2891, 59, POINT, D, VKLTPLCVTLNCTNVTNNITD-------------------------------------DDRGELKN----CSFNV-T-TE--LRD-KK-KKE-YALF-YKLDVVPINNNNNSSENNS------------------------------------------NTSYRLI---NCNTSAI-T---QA, 0.2678, 0
0.365645, -107.1731, [174], CHUNK, ['V'], VKLTPLCVTLNCTNVTNNITD-------------------------------------DMRGELKN----CSFNM-T-TE--LRD-KK-KKE-YALF-YKLDVVPINNNNNSSENNS------------------------------------------NTSYRLI---NCNTSVI-T---QA, 0.2746, 0
0.368334, -116.6559, [74], CHUNK, ['I'], VKLTPLCVTLNCTNVTNNITD-------------------------------------DMRGELKN----CSFNI-T-TE--LRD-KK-KKE-YALF-YKLDVVPINNNNNSSENNS------------------------------------------NTSYRLI---NCNTSAI-T---QA, 0.2585, 0
0.367082, -109.6096, [169, 174], CHUNK, ['S', 'V'], VKLTPLCVTLNCTNVTNNITD-------------------------------------DMRGELKN----CSFNM-T-TE--LRD-KK-KKE-YALF-YKLDVVPINNNNNSSENNS------------------------------------------NTSYRLI---SCNTSVI-T---QA, 0.3577, 0
0.368334, -119.4687, 74, POINT, I, VKLTPLCVTLNCTNVTNNITD-------------------------------------DMRGELKN----CSFNI-T-TE--LRD-KK-KKE-YALF-YKLDVVPINNNNNSSENNS------------------------------------------NTSYRLI---NCNTSAI-T---QA, 0.1466, 0
0.355663, -129.4858, 59, POINT, N, VKLTPLCVTLNCTNVTNNITD-------------------------------------DNRGELKN----CSFNM-T-TE--LRD-KK-QKV-YALF-YKLDVVPINNNNNSSENNS------------------------------------------NTSYRLI---NCNTSAI-T---QA, 0.0659, 1
0.357787, -19.0469, [79, 82], CHUNK, ['N', 'I'], VKLTPLCVTLNCTNVTNNITD-------------------------------------DNRGELKN----CSFNM-T-TN--IRD-KK-QKV-YALF-YKLDVVPINNNNNSSENNS------------------------------------------NTSYRLI---NCNTSAI-T---QA, 0.2262, 0
0.365634, -87.2175, [74], CHUNK, ['I'], VKLTPLCVTLNCTNVTNNITD-------------------------------------DNRGELKN----CSFNI-T-TE--LRD-KK-QKV-YALF-YKLDVVPINNNNNSSENNS------------------------------------------NTSYRLI---NCNTSAI-T---QA, 0.5458, 0
0.356823, -127.2346, 60, POINT, K, VKLTPLCVTLNCTNVTNNITD-------------------------------------DNKGELKN----CSFNM-T-TE--LRD-KK-QKV-YALF-YKLDVVPINNNNNSSENNS------------------------------------------NTSYRLI---NCNTSAI-T---QA, 0.0659, 0
0.362693, -127.7552, [63], CHUNK, ['I'], VKLTPLCVTLNCTNVTNNITD-------------------------------------DNRGEIKN----CSFNM-T-TE--LRD-KK-QKV-YALF-YKLDVVPINNNNNSSENNS------------------------------------------NTSYRLI---NCNTSAI-T---QA, 0.0659, 1
0.368751, -126.5300, 91, POINT, E, VKLTPLCVTLNCTNVTNNITD-------------------------------------DNRGEIKN----CSFNM-T-TE--LRD-KK-QKE-YALF-YKLDVVPINNNNNSSENNS------------------------------------------NTSYRLI---NCNTSAI-T---QA, 0.0885, 1
0.376033, -107.6133, [174], CHUNK, ['V'], VKLTPLCVTLNCTNVTNNITD-------------------------------------DNRGEIKN----CSFNM-T-TE--LRD-KK-QKE-YALF-YKLDVVPINNNNNSSENNS------------------------------------------NTSYRLI---NCNTSVI-T---QA, 0.2896, 0
0.371878, -122.8595, 20, POINT, T, VKLTPLCVTLNCTNVTNNITT-------------------------------------DNRGEIKN----CSFNM-T-TE--LRD-KK-QKE-YALF-YKLDVVPINNNNNSSENNS------------------------------------------NTSYRLI---NCNTSAI-T---QA, 0.0885, 0
0.369032, -126.0118, 87, POINT, V, VKLTPLCVTLNCTNVTNNITD-------------------------------------DNRGEIKN----CSFNM-T-TE--LRD-KV-QKE-YALF-YKLDVVPINNNNNSSENNS------------------------------------------NTSYRLI---NCNTSAI-T---QA, 0.0885, 1
0.377751, -102.9966, [169, 174], CHUNK, ['S', 'V'], VKLTPLCVTLNCTNVTNNITD-------------------------------------DNRGEIKN----CSFNM-T-TE--LRD-KV-QKE-YALF-YKLDVVPINNNNNSSENNS------------------------------------------NTSYRLI---SCNTSVI-T---QA, 0.2546, 0
0.372214, -8.2049, 82, POINT, I, VKLTPLCVTLNCTNVTNNITD-------------------------------------DNRGEIKN----CSFNM-T-TE--IRD-KV-QKE-YALF-YKLDVVPINNNNNSSENNS------------------------------------------NTSYRLI---NCNTSAI-T---QA, 0.1685, 0
0.370666, -123.7608, 60, POINT, K, VKLTPLCVTLNCTNVTNNITD-------------------------------------DNKGEIKN----CSFNM-T-TE--LRD-KV-QKE-YALF-YKLDVVPINNNNNSSENNS------------------------------------------NTSYRLI---NCNTSAI-T---QA, 0.0885, 1
0.377949, -103.9324, 174, POINT, V, VKLTPLCVTLNCTNVTNNITD-------------------------------------DNKGEIKN----CSFNM-T-TE--LRD-KV-QKE-YALF-YKLDVVPINNNNNSSENNS------------------------------------------NTSYRLI---NCNTSVI-T---QA, 0.3366, 0
0.381785, -111.3309, [74, 79], CHUNK, ['I', 'S'], VKLTPLCVTLNCTNVTNNITD-------------------------------------DNKGEIKN----CSFNI-T-TS--LRD-KV-QKE-YALF-YKLDVVPINNNNNSSENNS------------------------------------------NTSYRLI---NCNTSAI-T---QA, 0.2176, 0
0.377949, -101.8872, [174], CHUNK, ['V'], VKLTPLCVTLNCTNVTNNITD-------------------------------------DNKGEIKN----CSFNM-T-TE--LRD-KV-QKE-YALF-YKLDVVPINNNNNSSENNS------------------------------------------NTSYRLI---NCNTSVI-T---QA, 0.2559, 0
0.377949, -106.1507, [174], CHUNK, ['V'], VKLTPLCVTLNCTNVTNNITD-------------------------------------DNKGEIKN----CSFNM-T-TE--LRD-KV-QKE-YALF-YKLDVVPINNNNNSSENNS------------------------------------------NTSYRLI---NCNTSVI-T---QA, 0.3813, 0
0.377751, -103.8419, [169, 174], CHUNK, ['S', 'V'], VKLTPLCVTLNCTNVTNNITD-------------------------------------DNRGEIKN----CSFNM-T-TE--LRD-KV-QKE-YALF-YKLDVVPINNNNNSSENNS------------------------------------------NTSYRLI---SCNTSVI-T---QA, 0.2741, 0
0.372159, -122.4642, 20, POINT, T, VKLTPLCVTLNCTNVTNNITT-------------------------------------DNRGEIKN----CSFNM-T-TE--LRD-KV-QKE-YALF-YKLDVVPINNNNNSSENNS------------------------------------------NTSYRLI---NCNTSAI-T---QA, 0.0863, 0
0.380477, -116.9913, [74], CHUNK, ['I'], VKLTPLCVTLNCTNVTNNITD-------------------------------------DNRGEIKN----CSFNI-T-TE--LRD-KV-QKE-YALF-YKLDVVPINNNNNSSENNS------------------------------------------NTSYRLI---NCNTSAI-T---QA, 0.2144, 0
0.371201, -124.2625, 174, POINT, T, VKLTPLCVTLNCTNVTNNITD-------------------------------------DNRGEIKN----CSFNM-T-TE--LRD-KV-QKE-YALF-YKLDVVPINNNNNSSENNS------------------------------------------NTSYRLI---NCNTSTI-T---QA, 0.0885, 1
0.374383, -25.8601, 82, POINT, I, VKLTPLCVTLNCTNVTNNITD-------------------------------------DNRGEIKN----CSFNM-T-TE--IRD-KV-QKE-YALF-YKLDVVPINNNNNSSENNS------------------------------------------NTSYRLI---NCNTSTI-T---QA, 0.1482, 0
0.382647, -116.7125, [74], CHUNK, ['I'], VKLTPLCVTLNCTNVTNNITD-------------------------------------DNRGEIKN----CSFNI-T-TE--LRD-KV-QKE-YALF-YKLDVVPINNNNNSSENNS------------------------------------------NTSYRLI---NCNTSTI-T---QA, 0.1069, 0
0.377751, -104.6489, [169, 174], CHUNK, ['S', 'V'], VKLTPLCVTLNCTNVTNNITD-------------------------------------DNRGEIKN----CSFNM-T-TE--LRD-KV-QKE-YALF-YKLDVVPINNNNNSSENNS------------------------------------------NTSYRLI---SCNTSVI-T---QA, 0.3638, 0
0.375220, -121.0374, [74], CHUNK, ['T'], VKLTPLCVTLNCTNVTNNITD-------------------------------------DNRGEIKN----CSFNT-T-TE--LRD-KV-QKE-YALF-YKLDVVPINNNNNSSENNS------------------------------------------NTSYRLI---NCNTSTI-T---QA, 0.0885, 1
0.379218, -5.2076, 82, POINT, I, VKLTPLCVTLNCTNVTNNITD-------------------------------------DNRGEIKN----CSFNT-T-TE--IRD-KV-QKE-YALF-YKLDVVPINNNNNSSENNS------------------------------------------NTSYRLI---NCNTSTI-T---QA, 0.2298, 0
0.376313, -121.3017, 16, POINT, T, VKLTPLCVTLNCTNVTTNITD-------------------------------------DNRGEIKN----CSFNT-T-TE--LRD-KV-QKE-YALF-YKLDVVPINNNNNSSENNS------------------------------------------NTSYRLI---NCNTSTI-T---QA, 0.0885, 0
0.375568, -120.6605, 58, POINT, E, VKLTPLCVTLNCTNVTNNITD-------------------------------------ENRGEIKN----CSFNT-T-TE--LRD-KV-QKE-YALF-YKLDVVPINNNNNSSENNS------------------------------------------NTSYRLI---NCNTSTI-T---QA, 0.0849, 0
0.376855, -118.9195, 60, POINT, K, VKLTPLCVTLNCTNVTNNITD-------------------------------------DNKGEIKN----CSFNT-T-TE--LRD-KV-QKE-YALF-YKLDVVPINNNNNSSENNS------------------------------------------NTSYRLI---NCNTSTI-T---QA, 0.0818, 0
0.376314, -103.5868, 174, POINT, V, VKLTPLCVTLNCTNVTNNITD-------------------------------------DNRGEIKN----CSFNM-T-TE--LRD-KV-QKE-YALF-YKLDVVPINNNNNSSENNS------------------------------------------NTSYRLI---NCNTSVI-T---QA, 0.2946, 0
0.374383, -33.9169, [82], CHUNK, ['I'], VKLTPLCVTLNCTNVTNNITD-------------------------------------DNRGEIKN----CSFNM-T-TE--IRD-KV-QKE-YALF-YKLDVVPINNNNNSSENNS------------------------------------------NTSYRLI---NCNTSTI-T---QA, 0.1923, 0
0.376314, -105.2244, [174], CHUNK, ['V'], VKLTPLCVTLNCTNVTNNITD-------------------------------------DNRGEIKN----CSFNM-T-TE--LRD-KV-QKE-YALF-YKLDVVPINNNNNSSENNS------------------------------------------NTSYRLI---NCNTSVI-T---QA, 0.2996, 0
0.375868, -111.8622, [74], CHUNK, ['V'], VKLTPLCVTLNCTNVTNNITD-------------------------------------DNRGEIKN----CSFNV-T-TE--LRD-KV-QKE-YALF-YKLDVVPINNNNNSSENNS------------------------------------------NTSYRLI---NCNTSTI-T---QA, 0.3136, 0
0.381601, -118.0062, [74, 79], CHUNK, ['I', 'N'], VKLTPLCVTLNCTNVTNNITD-------------------------------------DNRGEIKN----CSFNI-T-TN--LRD-KV-QKE-YALF-YKLDVVPINNNNNSSENNS------------------------------------------NTSYRLI---NCNTSAI-T---QA, 0.1262, 0
0.380477, -119.8319, 74, POINT, I, VKLTPLCVTLNCTNVTNNITD-------------------------------------DNRGEIKN----CSFNI-T-TE--LRD-KV-QKE-YALF-YKLDVVPINNNNNSSENNS------------------------------------------NTSYRLI---NCNTSAI-T---QA, 0.1658, 1
0.382951, -118.3653, [18], CHUNK, ['N'], VKLTPLCVTLNCTNVTNNNTD-------------------------------------DNRGEIKN----CSFNI-T-TE--LRD-KV-QKE-YALF-YKLDVVPINNNNNSSENNS------------------------------------------NTSYRLI---NCNTSAI-T---QA, 0.1789, 0
0.387350, -2.9136, [79, 82], CHUNK, ['S', 'I'], VKLTPLCVTLNCTNVTNNITD-------------------------------------DNRGEIKN----CSFNI-T-TS--IRD-KV-QKE-YALF-YKLDVVPINNNNNSSENNS------------------------------------------NTSYRLI---NCNTSAI-T---QA, 0.1654, 0
0.387350, -14.0476, [79, 82], CHUNK, ['S', 'I'], VKLTPLCVTLNCTNVTNNITD-------------------------------------DNRGEIKN----CSFNI-T-TS--IRD-KV-QKE-YALF-YKLDVVPINNNNNSSENNS------------------------------------------NTSYRLI---NCNTSAI-T---QA, 0.3921, 0
0.387760, -101.8008, [174], CHUNK, ['V'], VKLTPLCVTLNCTNVTNNITD-------------------------------------DNRGEIKN----CSFNI-T-TE--LRD-KV-QKE-YALF-YKLDVVPINNNNNSSENNS------------------------------------------NTSYRLI---NCNTSVI-T---QA, 0.4841, 0
0.373699, -119.7971, [74], CHUNK, ['V'], VKLTPLCVTLNCTNVTNNITD-------------------------------------DNRGEIKN----CSFNV-T-TE--LRD-KV-QKE-YALF-YKLDVVPINNNNNSSENNS------------------------------------------NTSYRLI---NCNTSAI-T---QA, 0.1084, 1
0.380477, -116.2338, [74], CHUNK, ['I'], VKLTPLCVTLNCTNVTNNITD-------------------------------------DNRGEIKN----CSFNI-T-TE--LRD-KV-QKE-YALF-YKLDVVPINNNNNSSENNS------------------------------------------NTSYRLI---NCNTSAI-T---QA, 0.3984, 0
0.376173, -118.2607, 18, POINT, N, VKLTPLCVTLNCTNVTNNNTD-------------------------------------DNRGEIKN----CSFNV-T-TE--LRD-KV-QKE-YALF-YKLDVVPINNNNNSSENNS------------------------------------------NTSYRLI---NCNTSAI-T---QA, 0.1084, 0
0.380982, -100.8837, [174], CHUNK, ['V'], VKLTPLCVTLNCTNVTNNITD-------------------------------------DNRGEIKN----CSFNV-T-TE--LRD-KV-QKE-YALF-YKLDVVPINNNNNSSENNS------------------------------------------NTSYRLI---NCNTSVI-T---QA, 0.3282, 0
0.380982, -99.9862, [174], CHUNK, ['V'], VKLTPLCVTLNCTNVTNNITD-------------------------------------DNRGEIKN----CSFNV-T-TE--LRD-KV-QKE-YALF-YKLDVVPINNNNNSSENNS------------------------------------------NTSYRLI---NCNTSVI-T---QA, 0.2934, 0
0.376314, -106.2306, [174], CHUNK, ['V'], VKLTPLCVTLNCTNVTNNITD-------------------------------------DNRGEIKN----CSFNM-T-TE--LRD-KV-QKE-YALF-YKLDVVPINNNNNSSENNS------------------------------------------NTSYRLI---NCNTSVI-T---QA, 0.3196, 0
0.369375, -119.0377, 60, POINT, I, VKLTPLCVTLNCTNVTNNITD-------------------------------------DNIGEIKN----CSFNM-T-TE--LRD-KV-QKE-YALF-YKLDVVPINNNNNSSENNS------------------------------------------NTSYRLI---NCNTSAI-T---QA, 0.0885, 0
0.372615, -8.0150, [79, 82], CHUNK, ['S', 'I'], VKLTPLCVTLNCTNVTNNITD-------------------------------------DNRGEIKN----CSFNM-T-TS--IRD-KV-QKE-YALF-YKLDVVPINNNNNSSENNS------------------------------------------NTSYRLI---NCNTSAI-T---QA, 0.0974, 0
0.380477, -117.1622, [74], CHUNK, ['I'], VKLTPLCVTLNCTNVTNNITD-------------------------------------DNRGEIKN----CSFNI-T-TE--LRD-KV-QKE-YALF-YKLDVVPINNNNNSSENNS------------------------------------------NTSYRLI---NCNTSAI-T---QA, 0.3062, 0
0.370385, -124.2790, 60, POINT, K, VKLTPLCVTLNCTNVTNNITD-------------------------------------DNKGEIKN----CSFNM-T-TE--LRD-KK-QKE-YALF-YKLDVVPINNNNNSSENNS------------------------------------------NTSYRLI---NCNTSAI-T---QA, 0.0885, 0
0.380143, -115.7101, [74], CHUNK, ['I'], VKLTPLCVTLNCTNVTNNITD-------------------------------------DNRGEIKN----CSFNI-T-TE--LRD-KK-QKE-YALF-YKLDVVPINNNNNSSENNS------------------------------------------NTSYRLI---NCNTSAI-T---QA, 0.1669, 0
0.380143, -116.8734, [74], CHUNK, ['I'], VKLTPLCVTLNCTNVTNNITD-------------------------------------DNRGEIKN----CSFNI-T-TE--LRD-KK-QKE-YALF-YKLDVVPINNNNNSSENNS------------------------------------------NTSYRLI---NCNTSAI-T---QA, 0.2253, 0
0.369098, -126.0183, 58, POINT, E, VKLTPLCVTLNCTNVTNNITD-------------------------------------ENRGEIKN----CSFNM-T-TE--LRD-KK-QKE-YALF-YKLDVVPINNNNNSSENNS------------------------------------------NTSYRLI---NCNTSAI-T---QA, 0.0885, 0
0.367337, -112.0936, 74, POINT, V, VKLTPLCVTLNCTNVTNNITD-------------------------------------DNRGEIKN----CSFNV-T-TE--LRD-KK-QKV-YALF-YKLDVVPINNNNNSSENNS------------------------------------------NTSYRLI---NCNTSAI-T---QA, 0.2801, 0
0.374086, -82.0971, [74], CHUNK, ['I'], VKLTPLCVTLNCTNVTNNITD-------------------------------------DNRGEIKN----CSFNI-T-TE--LRD-KK-QKV-YALF-YKLDVVPINNNNNSSENNS------------------------------------------NTSYRLI---NCNTSAI-T---QA, 0.3787, 0
0.369975, -103.9319, [174], CHUNK, ['V'], VKLTPLCVTLNCTNVTNNITD-------------------------------------DNRGEIKN----CSFNM-T-TE--LRD-KK-QKV-YALF-YKLDVVPINNNNNSSENNS------------------------------------------NTSYRLI---NCNTSVI-T---QA, 0.3035, 0
0.365821, -124.0846, 20, POINT, T, VKLTPLCVTLNCTNVTNNITT-------------------------------------DNRGEIKN----CSFNM-T-TE--LRD-KK-QKV-YALF-YKLDVVPINNNNNSSENNS------------------------------------------NTSYRLI---NCNTSAI-T---QA, 0.0659, 0
