Name base = V1V2_200_exp_6_4_ni
Iters = 200
Soft coverage = 0.284621885725
Energy = -130.138986759
Hard Covereage = 0.0368019545157
Num epitopes = 65
Initial seq = VKLTPLCVTLQCTNVTNNITD-------------------------------------DMRGELKN----CSFNM-T-TE--LRD-KK-QKV-YSLF-YRLDVVQINENQGNRSNNS------------------------------------------NKEYRLI---NCNTSAI-T---QA
-------START OF DATA------
0.295011, -124.5829, [58, 59, 60, 63], CHUNK, ['M', 'E', 'K', 'I'], VKLTPLCVTLQCTNVTNNITD-------------------------------------MEKGEIKN----CSFNM-T-TE--LRD-KK-QKV-YSLF-YRLDVVQINENQGNRSNNS------------------------------------------NKEYRLI---NCNTSAI-T---QA, 0.0186, 1
0.303392, -124.7594, [94], CHUNK, ['A'], VKLTPLCVTLQCTNVTNNITD-------------------------------------MEKGEIKN----CSFNM-T-TE--LRD-KK-QKV-YALF-YRLDVVQINENQGNRSNNS------------------------------------------NKEYRLI---NCNTSAI-T---QA, 0.0186, 0
0.315461, -96.8973, [10, 14], CHUNK, ['N', 'Y'], VKLTPLCVTLNCTNYTNNITD-------------------------------------MEKGEIKN----CSFNM-T-TE--LRD-KK-QKV-YSLF-YRLDVVQINENQGNRSNNS------------------------------------------NKEYRLI---NCNTSAI-T---QA, 0.4000, 0
0.297211, -122.8642, 18, POINT, N, VKLTPLCVTLQCTNVTNNNTD-------------------------------------MEKGEIKN----CSFNM-T-TE--LRD-KK-QKV-YSLF-YRLDVVQINENQGNRSNNS------------------------------------------NKEYRLI---NCNTSAI-T---QA, 0.0207, 0
0.306404, -81.2530, [74], CHUNK, ['I'], VKLTPLCVTLQCTNVTNNITD-------------------------------------MEKGEIKN----CSFNI-T-TE--LRD-KK-QKV-YSLF-YRLDVVQINENQGNRSNNS------------------------------------------NKEYRLI---NCNTSAI-T---QA, 0.3536, 0
0.308289, -130.0419, [10], CHUNK, ['N'], VKLTPLCVTLNCTNVTNNITD-------------------------------------DMRGELKN----CSFNM-T-TE--LRD-KK-QKV-YSLF-YRLDVVQINENQGNRSNNS------------------------------------------NKEYRLI---NCNTSAI-T---QA, 0.0000, 1
0.311001, -129.1697, 160, POINT, S, VKLTPLCVTLNCTNVTNNITD-------------------------------------DMRGELKN----CSFNM-T-TE--LRD-KK-QKV-YSLF-YRLDVVQINENQGNRSNNS------------------------------------------NSEYRLI---NCNTSAI-T---QA, 0.0000, 1
0.314507, -129.6077, 107, POINT, N, VKLTPLCVTLNCTNVTNNITD-------------------------------------DMRGELKN----CSFNM-T-TE--LRD-KK-QKV-YSLF-YRLDVVQINNNQGNRSNNS------------------------------------------NSEYRLI---NCNTSAI-T---QA, 0.0802, 1
0.324479, -101.1483, [74], CHUNK, ['I'], VKLTPLCVTLNCTNVTNNITD-------------------------------------DMRGELKN----CSFNI-T-TE--LRD-KK-QKV-YSLF-YRLDVVQINNNQGNRSNNS------------------------------------------NSEYRLI---NCNTSAI-T---QA, 0.4729, 0
0.327859, -128.2141, [91, 94], CHUNK, ['E', 'A'], VKLTPLCVTLNCTNVTNNITD-------------------------------------DMRGELKN----CSFNM-T-TE--LRD-KK-QKE-YALF-YRLDVVQINNNQGNRSNNS------------------------------------------NSEYRLI---NCNTSAI-T---QA, 0.0802, 0
0.323569, -127.5385, [89, 91, 94], CHUNK, ['R', 'E', 'A'], VKLTPLCVTLNCTNVTNNITD-------------------------------------DMRGELKN----CSFNM-T-TE--LRD-KK-RKE-YALF-YRLDVVQINNNQGNRSNNS------------------------------------------NSEYRLI---NCNTSAI-T---QA, 0.0802, 1
0.325744, -125.2170, 18, POINT, N, VKLTPLCVTLNCTNVTNNNTD-------------------------------------DMRGELKN----CSFNM-T-TE--LRD-KK-RKE-YALF-YRLDVVQINNNQGNRSNNS------------------------------------------NSEYRLI---NCNTSAI-T---QA, 0.0802, 0
0.325849, -127.9390, 20, POINT, N, VKLTPLCVTLNCTNVTNNITN-------------------------------------DMRGELKN----CSFNM-T-TE--LRD-KK-RKE-YALF-YRLDVVQINNNQGNRSNNS------------------------------------------NSEYRLI---NCNTSAI-T---QA, 0.0802, 0
0.330852, -109.3861, [174], CHUNK, ['V'], VKLTPLCVTLNCTNVTNNITD-------------------------------------DMRGELKN----CSFNM-T-TE--LRD-KK-RKE-YALF-YRLDVVQINNNQGNRSNNS------------------------------------------NSEYRLI---NCNTSVI-T---QA, 0.2433, 0
0.327610, -124.9972, 74, POINT, T, VKLTPLCVTLNCTNVTNNITD-------------------------------------DMRGELKN----CSFNT-T-TE--LRD-KK-RKE-YALF-YRLDVVQINNNQGNRSNNS------------------------------------------NSEYRLI---NCNTSAI-T---QA, 0.0802, 1
0.336489, -123.9090, [99, 102, 104], CHUNK, ['K', 'I', 'P'], VKLTPLCVTLNCTNVTNNITD-------------------------------------DMRGELKN----CSFNT-T-TE--LRD-KK-RKE-YALF-YKLDIVPINNNQGNRSNNS------------------------------------------NSEYRLI---NCNTSAI-T---QA, 0.0786, 0
0.334913, -123.1808, 63, POINT, I, VKLTPLCVTLNCTNVTNNITD-------------------------------------DMRGEIKN----CSFNT-T-TE--LRD-KK-RKE-YALF-YRLDVVQINNNQGNRSNNS------------------------------------------NSEYRLI---NCNTSAI-T---QA, 0.0802, 0
0.333541, -109.6415, [74], CHUNK, ['I'], VKLTPLCVTLNCTNVTNNITD-------------------------------------DMRGELKN----CSFNI-T-TE--LRD-KK-RKE-YALF-YRLDVVQINNNQGNRSNNS------------------------------------------NSEYRLI---NCNTSAI-T---QA, 0.2115, 1
0.344016, -113.4934, [60, 63], CHUNK, ['K', 'I'], VKLTPLCVTLNCTNVTNNITD-------------------------------------DMKGEIKN----CSFNI-T-TE--LRD-KK-RKE-YALF-YRLDVVQINNNQGNRSNNS------------------------------------------NSEYRLI---NCNTSAI-T---QA, 0.1912, 0
0.341045, -113.8775, [99], CHUNK, ['K'], VKLTPLCVTLNCTNVTNNITD-------------------------------------DMRGELKN----CSFNI-T-TE--LRD-KK-RKE-YALF-YKLDVVQINNNQGNRSNNS------------------------------------------NSEYRLI---NCNTSAI-T---QA, 0.3166, 0
0.335710, -114.1745, 174, POINT, T, VKLTPLCVTLNCTNVTNNITD-------------------------------------DMRGELKN----CSFNI-T-TE--LRD-KK-RKE-YALF-YRLDVVQINNNQGNRSNNS------------------------------------------NSEYRLI---NCNTSTI-T---QA, 0.4169, 0
0.338778, -110.8758, 109, POINT, N, VKLTPLCVTLNCTNVTNNITD-------------------------------------DMRGELKN----CSFNI-T-TE--LRD-KK-RKE-YALF-YRLDVVQINNNNGNRSNNS------------------------------------------NSEYRLI---NCNTSAI-T---QA, 0.2219, 0
0.334882, -121.4361, [58, 59, 63], CHUNK, ['M', 'D', 'I'], VKLTPLCVTLNCTNVTNNITD-------------------------------------MDRGEIKN----CSFNT-T-TE--LRD-KK-RKE-YALF-YRLDVVQINNNQGNRSNNS------------------------------------------NSEYRLI---NCNTSAI-T---QA, 0.0802, 0
0.329779, -122.8379, 174, POINT, T, VKLTPLCVTLNCTNVTNNITD-------------------------------------DMRGELKN----CSFNT-T-TE--LRD-KK-RKE-YALF-YRLDVVQINNNQGNRSNNS------------------------------------------NSEYRLI---NCNTSTI-T---QA, 0.0802, 0
0.334892, -102.7058, 174, POINT, V, VKLTPLCVTLNCTNVTNNITD-------------------------------------DMRGELKN----CSFNT-T-TE--LRD-KK-RKE-YALF-YRLDVVQINNNQGNRSNNS------------------------------------------NSEYRLI---NCNTSVI-T---QA, 0.2900, 0
0.337005, -124.9236, [160, 161], CHUNK, ['T', 'S'], VKLTPLCVTLNCTNVTNNITD-------------------------------------DMRGELKN----CSFNT-T-TE--LRD-KK-RKE-YALF-YRLDVVQINNNQGNRSNNS------------------------------------------NTSYRLI---NCNTSAI-T---QA, 0.0802, 0
0.332964, -127.5789, [160, 161], CHUNK, ['T', 'S'], VKLTPLCVTLNCTNVTNNITD-------------------------------------DMRGELKN----CSFNM-T-TE--LRD-KK-RKE-YALF-YRLDVVQINNNQGNRSNNS------------------------------------------NTSYRLI---NCNTSAI-T---QA, 0.0810, 0
0.334644, -119.2931, [58, 59, 60, 63], CHUNK, ['V', 'E', 'K', 'I'], VKLTPLCVTLNCTNVTNNITD-------------------------------------VEKGEIKN----CSFNM-T-TE--LRD-KK-RKE-YALF-YRLDVVQINNNQGNRSNNS------------------------------------------NSEYRLI---NCNTSAI-T---QA, 0.1036, 1
0.344038, -119.4182, [160, 161], CHUNK, ['T', 'S'], VKLTPLCVTLNCTNVTNNITD-------------------------------------VEKGEIKN----CSFNM-T-TE--LRD-KK-RKE-YALF-YRLDVVQINNNQGNRSNNS------------------------------------------NTSYRLI---NCNTSAI-T---QA, 0.1056, 0
0.346036, -112.3471, [74], CHUNK, ['I'], VKLTPLCVTLNCTNVTNNITD-------------------------------------VEKGEIKN----CSFNI-T-TE--LRD-KK-RKE-YALF-YRLDVVQINNNQGNRSNNS------------------------------------------NSEYRLI---NCNTSAI-T---QA, 0.2051, 0
0.337014, -119.6825, 160, POINT, T, VKLTPLCVTLNCTNVTNNITD-------------------------------------VEKGEIKN----CSFNM-T-TE--LRD-KK-RKE-YALF-YRLDVVQINNNQGNRSNNS------------------------------------------NTEYRLI---NCNTSAI-T---QA, 0.1060, 0
0.346036, -111.2272, [74], CHUNK, ['I'], VKLTPLCVTLNCTNVTNNITD-------------------------------------VEKGEIKN----CSFNI-T-TE--LRD-KK-RKE-YALF-YRLDVVQINNNQGNRSNNS------------------------------------------NSEYRLI---NCNTSAI-T---QA, 0.1569, 0
0.325744, -125.2170, 18, POINT, N, VKLTPLCVTLNCTNVTNNNTD-------------------------------------DMRGELKN----CSFNM-T-TE--LRD-KK-RKE-YALF-YRLDVVQINNNQGNRSNNS------------------------------------------NSEYRLI---NCNTSAI-T---QA, 0.0802, 1
0.330466, -125.4612, 161, POINT, S, VKLTPLCVTLNCTNVTNNNTD-------------------------------------DMRGELKN----CSFNM-T-TE--LRD-KK-RKE-YALF-YRLDVVQINNNQGNRSNNS------------------------------------------NSSYRLI---NCNTSAI-T---QA, 0.0734, 0
0.335138, -125.7893, [160, 161], CHUNK, ['T', 'S'], VKLTPLCVTLNCTNVTNNNTD-------------------------------------DMRGELKN----CSFNM-T-TE--LRD-KK-RKE-YALF-YRLDVVQINNNQGNRSNNS------------------------------------------NTSYRLI---NCNTSAI-T---QA, 0.0792, 1
0.345236, -117.7691, [74, 79], CHUNK, ['I', 'N'], VKLTPLCVTLNCTNVTNNNTD-------------------------------------DMRGELKN----CSFNI-T-TN--LRD-KK-RKE-YALF-YRLDVVQINNNQGNRSNNS------------------------------------------NTSYRLI---NCNTSAI-T---QA, 0.0951, 0
0.342642, -124.1218, 99, POINT, K, VKLTPLCVTLNCTNVTNNNTD-------------------------------------DMRGELKN----CSFNM-T-TE--LRD-KK-RKE-YALF-YKLDVVQINNNQGNRSNNS------------------------------------------NTSYRLI---NCNTSAI-T---QA, 0.0792, 0
0.337436, -124.0103, 63, POINT, M, VKLTPLCVTLNCTNVTNNNTD-------------------------------------DMRGEMKN----CSFNM-T-TE--LRD-KK-RKE-YALF-YRLDVVQINNNQGNRSNNS------------------------------------------NTSYRLI---NCNTSAI-T---QA, 0.0891, 1
0.344939, -122.3419, [99], CHUNK, ['K'], VKLTPLCVTLNCTNVTNNNTD-------------------------------------DMRGEMKN----CSFNM-T-TE--LRD-KK-RKE-YALF-YKLDVVQINNNQGNRSNNS------------------------------------------NTSYRLI---NCNTSAI-T---QA, 0.0891, 0
0.346377, -109.8204, [74, 79], CHUNK, ['I', 'S'], VKLTPLCVTLNCTNVTNNNTD-------------------------------------DMRGEMKN----CSFNI-T-TS--LRD-KK-RKE-YALF-YRLDVVQINNNQGNRSNNS------------------------------------------NTSYRLI---NCNTSAI-T---QA, 0.1371, 0
0.344939, -122.3419, [99], CHUNK, ['K'], VKLTPLCVTLNCTNVTNNNTD-------------------------------------DMRGEMKN----CSFNM-T-TE--LRD-KK-RKE-YALF-YKLDVVQINNNQGNRSNNS------------------------------------------NTSYRLI---NCNTSAI-T---QA, 0.0891, 0
0.344718, -105.3533, [174], CHUNK, ['V'], VKLTPLCVTLNCTNVTNNNTD-------------------------------------DMRGEMKN----CSFNM-T-TE--LRD-KK-RKE-YALF-YRLDVVQINNNQGNRSNNS------------------------------------------NTSYRLI---NCNTSVI-T---QA, 0.4408, 0
0.339428, -126.6421, 89, POINT, Q, VKLTPLCVTLNCTNVTNNNTD-------------------------------------DMRGELKN----CSFNM-T-TE--LRD-KK-QKE-YALF-YRLDVVQINNNQGNRSNNS------------------------------------------NTSYRLI---NCNTSAI-T---QA, 0.0858, 0
0.346563, -117.8776, [58, 59, 60, 63], CHUNK, ['I', 'E', 'K', 'I'], VKLTPLCVTLNCTNVTNNNTD-------------------------------------IEKGEIKN----CSFNM-T-TE--LRD-KK-RKE-YALF-YRLDVVQINNNQGNRSNNS------------------------------------------NTSYRLI---NCNTSAI-T---QA, 0.0959, 0
0.342399, -123.9856, 63, POINT, I, VKLTPLCVTLNCTNVTNNNTD-------------------------------------DMRGEIKN----CSFNM-T-TE--LRD-KK-RKE-YALF-YRLDVVQINNNQGNRSNNS------------------------------------------NTSYRLI---NCNTSAI-T---QA, 0.0792, 0
0.339630, -120.5523, [74], CHUNK, ['V'], VKLTPLCVTLNCTNVTNNNTD-------------------------------------DMRGELKN----CSFNV-T-TE--LRD-KK-RKE-YALF-YRLDVVQINNNQGNRSNNS------------------------------------------NTSYRLI---NCNTSAI-T---QA, 0.0937, 0
0.326691, -126.0647, 59, POINT, E, VKLTPLCVTLNCTNVTNNNTD-------------------------------------DERGELKN----CSFNM-T-TE--LRD-KK-RKE-YALF-YRLDVVQINNNQGNRSNNS------------------------------------------NSEYRLI---NCNTSAI-T---QA, 0.0942, 1
0.329526, -126.5228, 20, POINT, N, VKLTPLCVTLNCTNVTNNNTN-------------------------------------DERGELKN----CSFNM-T-TE--LRD-KK-RKE-YALF-YRLDVVQINNNQGNRSNNS------------------------------------------NSEYRLI---NCNTSAI-T---QA, 0.0942, 0
0.334094, -124.3006, 63, POINT, I, VKLTPLCVTLNCTNVTNNNTD-------------------------------------DERGEIKN----CSFNM-T-TE--LRD-KK-RKE-YALF-YRLDVVQINNNQGNRSNNS------------------------------------------NSEYRLI---NCNTSAI-T---QA, 0.0942, 0
0.334094, -124.6223, 63, POINT, I, VKLTPLCVTLNCTNVTNNNTD-------------------------------------DERGEIKN----CSFNM-T-TE--LRD-KK-RKE-YALF-YRLDVVQINNNQGNRSNNS------------------------------------------NSEYRLI---NCNTSAI-T---QA, 0.1177, 0
0.329526, -126.5228, 20, POINT, N, VKLTPLCVTLNCTNVTNNNTN-------------------------------------DERGELKN----CSFNM-T-TE--LRD-KK-RKE-YALF-YRLDVVQINNNQGNRSNNS------------------------------------------NSEYRLI---NCNTSAI-T---QA, 0.0942, 0
0.335716, -117.6594, [74], CHUNK, ['I'], VKLTPLCVTLNCTNVTNNNTD-------------------------------------DMRGELKN----CSFNI-T-TE--LRD-KK-RKE-YALF-YRLDVVQINNNQGNRSNNS------------------------------------------NSEYRLI---NCNTSAI-T---QA, 0.1755, 0
0.327913, -123.0577, 174, POINT, T, VKLTPLCVTLNCTNVTNNNTD-------------------------------------DMRGELKN----CSFNM-T-TE--LRD-KK-RKE-YALF-YRLDVVQINNNQGNRSNNS------------------------------------------NSEYRLI---NCNTSTI-T---QA, 0.0802, 0
0.327545, -50.6302, 82, POINT, I, VKLTPLCVTLNCTNVTNNNTD-------------------------------------DMRGELKN----CSFNM-T-TE--IRD-KK-RKE-YALF-YRLDVVQINNNQGNRSNNS------------------------------------------NSEYRLI---NCNTSAI-T---QA, 0.2460, 0
0.333026, -103.1560, 174, POINT, V, VKLTPLCVTLNCTNVTNNNTD-------------------------------------DMRGELKN----CSFNM-T-TE--LRD-KK-RKE-YALF-YRLDVVQINNNQGNRSNNS------------------------------------------NSEYRLI---NCNTSVI-T---QA, 0.3982, 0
0.333667, -116.8517, [74, 79], CHUNK, ['I', 'N'], VKLTPLCVTLNCTNVTNNITD-------------------------------------DMRGELKN----CSFNI-T-TN--LRD-KK-RKE-YALF-YRLDVVQINNNQGNRSNNS------------------------------------------NSEYRLI---NCNTSAI-T---QA, 0.1202, 0
0.333541, -121.1319, [74], CHUNK, ['I'], VKLTPLCVTLNCTNVTNNITD-------------------------------------DMRGELKN----CSFNI-T-TE--LRD-KK-RKE-YALF-YRLDVVQINNNQGNRSNNS------------------------------------------NSEYRLI---NCNTSAI-T---QA, 0.0993, 0
0.331073, -125.8722, [99], CHUNK, ['K'], VKLTPLCVTLNCTNVTNNITD-------------------------------------DMRGELKN----CSFNM-T-TE--LRD-KK-RKE-YALF-YKLDVVQINNNQGNRSNNS------------------------------------------NSEYRLI---NCNTSAI-T---QA, 0.0802, 0
0.331073, -125.8722, [99], CHUNK, ['K'], VKLTPLCVTLNCTNVTNNITD-------------------------------------DMRGELKN----CSFNM-T-TE--LRD-KK-RKE-YALF-YKLDVVQINNNQGNRSNNS------------------------------------------NSEYRLI---NCNTSAI-T---QA, 0.0802, 1
0.339544, -85.1651, [58, 60, 61, 63], CHUNK, ['N', 'K', 'E', 'I'], VKLTPLCVTLNCTNVTNNITD-------------------------------------NMKEEIKN----CSFNM-T-TE--LRD-KK-RKE-YALF-YKLDVVQINNNQGNRSNNS------------------------------------------NSEYRLI---NCNTSAI-T---QA, 0.1299, 0
0.333444, -124.2920, 18, POINT, T, VKLTPLCVTLNCTNVTNNTTD-------------------------------------DMRGELKN----CSFNM-T-TE--LRD-KK-RKE-YALF-YKLDVVQINNNQGNRSNNS------------------------------------------NSEYRLI---NCNTSAI-T---QA, 0.0802, 0
0.338355, -109.3800, [174], CHUNK, ['V'], VKLTPLCVTLNCTNVTNNITD-------------------------------------DMRGELKN----CSFNM-T-TE--LRD-KK-RKE-YALF-YKLDVVQINNNQGNRSNNS------------------------------------------NSEYRLI---NCNTSVI-T---QA, 0.3090, 0
0.341045, -119.5128, 74, POINT, I, VKLTPLCVTLNCTNVTNNITD-------------------------------------DMRGELKN----CSFNI-T-TE--LRD-KK-RKE-YALF-YKLDVVQINNNQGNRSNNS------------------------------------------NSEYRLI---NCNTSAI-T---QA, 0.0800, 0
0.330852, -108.6346, [174], CHUNK, ['V'], VKLTPLCVTLNCTNVTNNITD-------------------------------------DMRGELKN----CSFNM-T-TE--LRD-KK-RKE-YALF-YRLDVVQINNNQGNRSNNS------------------------------------------NSEYRLI---NCNTSVI-T---QA, 0.3987, 0
0.332964, -127.4649, [160, 161], CHUNK, ['T', 'S'], VKLTPLCVTLNCTNVTNNITD-------------------------------------DMRGELKN----CSFNM-T-TE--LRD-KK-RKE-YALF-YRLDVVQINNNQGNRSNNS------------------------------------------NTSYRLI---NCNTSAI-T---QA, 0.0802, 1
0.336892, -127.6719, 104, POINT, P, VKLTPLCVTLNCTNVTNNITD-------------------------------------DMRGELKN----CSFNM-T-TE--LRD-KK-RKE-YALF-YRLDVVPINNNQGNRSNNS------------------------------------------NTSYRLI---NCNTSAI-T---QA, 0.0802, 1
0.341384, -122.5232, 74, POINT, V, VKLTPLCVTLNCTNVTNNITD-------------------------------------DMRGELKN----CSFNV-T-TE--LRD-KK-RKE-YALF-YRLDVVPINNNQGNRSNNS------------------------------------------NTSYRLI---NCNTSAI-T---QA, 0.1839, 1
0.350104, -95.7858, [169, 174], CHUNK, ['S', 'V'], VKLTPLCVTLNCTNVTNNITD-------------------------------------DMRGELKN----CSFNV-T-TE--LRD-KK-RKE-YALF-YRLDVVPINNNQGNRSNNS------------------------------------------NTSYRLI---SCNTSVI-T---QA, 0.3135, 0
0.349599, -121.0057, 99, POINT, K, VKLTPLCVTLNCTNVTNNITD-------------------------------------DMRGELKN----CSFNV-T-TE--LRD-KK-RKE-YALF-YKLDVVPINNNQGNRSNNS------------------------------------------NTSYRLI---NCNTSAI-T---QA, 0.1858, 0
0.343755, -120.9313, 18, POINT, T, VKLTPLCVTLNCTNVTNNTTD-------------------------------------DMRGELKN----CSFNV-T-TE--LRD-KK-RKE-YALF-YRLDVVPINNNQGNRSNNS------------------------------------------NTSYRLI---NCNTSAI-T---QA, 0.1839, 0
0.349599, -121.4609, [99], CHUNK, ['K'], VKLTPLCVTLNCTNVTNNITD-------------------------------------DMRGELKN----CSFNV-T-TE--LRD-KK-RKE-YALF-YKLDVVPINNNQGNRSNNS------------------------------------------NTSYRLI---NCNTSAI-T---QA, 0.1937, 0
0.345107, -125.8993, [99], CHUNK, ['K'], VKLTPLCVTLNCTNVTNNITD-------------------------------------DMRGELKN----CSFNM-T-TE--LRD-KK-RKE-YALF-YKLDVVPINNNQGNRSNNS------------------------------------------NTSYRLI---NCNTSAI-T---QA, 0.0802, 1
0.352378, -124.0829, 63, POINT, I, VKLTPLCVTLNCTNVTNNITD-------------------------------------DMRGEIKN----CSFNM-T-TE--LRD-KK-RKE-YALF-YKLDVVPINNNQGNRSNNS------------------------------------------NTSYRLI---NCNTSAI-T---QA, 0.0802, 0
0.354161, -122.3717, [60, 63], CHUNK, ['K', 'I'], VKLTPLCVTLNCTNVTNNITD-------------------------------------DMKGEIKN----CSFNM-T-TE--LRD-KK-RKE-YALF-YKLDVVPINNNQGNRSNNS------------------------------------------NTSYRLI---NCNTSAI-T---QA, 0.0859, 0
0.345158, -124.3712, 59, POINT, G, VKLTPLCVTLNCTNVTNNITD-------------------------------------DGRGELKN----CSFNM-T-TE--LRD-KK-RKE-YALF-YKLDVVPINNNQGNRSNNS------------------------------------------NTSYRLI---NCNTSAI-T---QA, 0.0802, 1
0.352440, -104.0456, [174], CHUNK, ['V'], VKLTPLCVTLNCTNVTNNITD-------------------------------------DGRGELKN----CSFNM-T-TE--LRD-KK-RKE-YALF-YKLDVVPINNNQGNRSNNS------------------------------------------NTSYRLI---NCNTSVI-T---QA, 0.5970, 0
0.345945, -121.8338, 60, POINT, S, VKLTPLCVTLNCTNVTNNITD-------------------------------------DGSGELKN----CSFNM-T-TE--LRD-KK-RKE-YALF-YKLDVVPINNNQGNRSNNS------------------------------------------NTSYRLI---NCNTSAI-T---QA, 0.0802, 1
0.346870, -122.4014, 14, POINT, T, VKLTPLCVTLNCTNTTNNITD-------------------------------------DGSGELKN----CSFNM-T-TE--LRD-KK-RKE-YALF-YKLDVVPINNNQGNRSNNS------------------------------------------NTSYRLI---NCNTSAI-T---QA, 0.0819, 1
0.351355, -123.3817, [89], CHUNK, ['K'], VKLTPLCVTLNCTNTTNNITD-------------------------------------DGSGELKN----CSFNM-T-TE--LRD-KK-KKE-YALF-YKLDVVPINNNQGNRSNNS------------------------------------------NTSYRLI---NCNTSAI-T---QA, 0.0941, 0
0.356842, -111.5724, [74], CHUNK, ['I'], VKLTPLCVTLNCTNTTNNITD-------------------------------------DGSGELKN----CSFNI-T-TE--LRD-KK-RKE-YALF-YKLDVVPINNNQGNRSNNS------------------------------------------NTSYRLI---NCNTSAI-T---QA, 0.2485, 0
0.349872, -115.8424, [87, 89], CHUNK, ['I', 'K'], VKLTPLCVTLNCTNTTNNITD-------------------------------------DGSGELKN----CSFNM-T-TE--LRD-KI-KKE-YALF-YKLDVVPINNNQGNRSNNS------------------------------------------NTSYRLI---NCNTSAI-T---QA, 0.1929, 0
0.351652, -123.0577, 89, POINT, Q, VKLTPLCVTLNCTNTTNNITD-------------------------------------DGSGELKN----CSFNM-T-TE--LRD-KK-QKE-YALF-YKLDVVPINNNQGNRSNNS------------------------------------------NTSYRLI---NCNTSAI-T---QA, 0.0819, 1
0.361624, -115.0875, [74], CHUNK, ['I'], VKLTPLCVTLNCTNTTNNITD-------------------------------------DGSGELKN----CSFNI-T-TE--LRD-KK-QKE-YALF-YKLDVVPINNNQGNRSNNS------------------------------------------NTSYRLI---NCNTSAI-T---QA, 0.2222, 1
0.362239, -116.1199, 16, POINT, T, VKLTPLCVTLNCTNTTTNITD-------------------------------------DGSGELKN----CSFNI-T-TE--LRD-KK-QKE-YALF-YKLDVVPINNNQGNRSNNS------------------------------------------NTSYRLI---NCNTSAI-T---QA, 0.2159, 1
0.369521, -104.7080, [174], CHUNK, ['V'], VKLTPLCVTLNCTNTTTNITD-------------------------------------DGSGELKN----CSFNI-T-TE--LRD-KK-QKE-YALF-YKLDVVPINNNQGNRSNNS------------------------------------------NTSYRLI---NCNTSVI-T---QA, 0.3723, 0
0.369885, -117.4060, [60, 63], CHUNK, ['R', 'I'], VKLTPLCVTLNCTNTTTNITD-------------------------------------DGRGEIKN----CSFNI-T-TE--LRD-KK-QKE-YALF-YKLDVVPINNNQGNRSNNS------------------------------------------NTSYRLI---NCNTSAI-T---QA, 0.2159, 0
0.370332, -114.9202, [63], CHUNK, ['I'], VKLTPLCVTLNCTNTTTNITD-------------------------------------DGSGEIKN----CSFNI-T-TE--LRD-KK-QKE-YALF-YKLDVVPINNNQGNRSNNS------------------------------------------NTSYRLI---NCNTSAI-T---QA, 0.2159, 1
0.374121, -14.2229, 82, POINT, I, VKLTPLCVTLNCTNTTTNITD-------------------------------------DGSGEIKN----CSFNI-T-TE--IRD-KK-QKE-YALF-YKLDVVPINNNQGNRSNNS------------------------------------------NTSYRLI---NCNTSAI-T---QA, 0.4206, 0
0.370666, -114.7497, 87, POINT, V, VKLTPLCVTLNCTNTTTNITD-------------------------------------DGSGEIKN----CSFNI-T-TE--LRD-KV-QKE-YALF-YKLDVVPINNNQGNRSNNS------------------------------------------NTSYRLI---NCNTSAI-T---QA, 0.2181, 0
0.377614, -103.8723, [174], CHUNK, ['V'], VKLTPLCVTLNCTNTTTNITD-------------------------------------DGSGEIKN----CSFNI-T-TE--LRD-KK-QKE-YALF-YKLDVVPINNNQGNRSNNS------------------------------------------NTSYRLI---NCNTSVI-T---QA, 0.3128, 0
0.370576, -116.7204, 59, POINT, M, VKLTPLCVTLNCTNTTTNITD-------------------------------------DMSGEIKN----CSFNI-T-TE--LRD-KK-QKE-YALF-YKLDVVPINNNQGNRSNNS------------------------------------------NTSYRLI---NCNTSAI-T---QA, 0.2157, 1
0.372745, -115.5802, 174, POINT, T, VKLTPLCVTLNCTNTTTNITD-------------------------------------DMSGEIKN----CSFNI-T-TE--LRD-KK-QKE-YALF-YKLDVVPINNNQGNRSNNS------------------------------------------NTSYRLI---NCNTSTI-T---QA, 0.2157, 1
0.379018, 11.4337, [79, 82], CHUNK, ['N', 'I'], VKLTPLCVTLNCTNTTTNITD-------------------------------------DMSGEIKN----CSFNI-T-TN--IRD-KK-QKE-YALF-YKLDVVPINNNQGNRSNNS------------------------------------------NTSYRLI---NCNTSTI-T---QA, 0.2587, 0
0.377858, -91.5872, [174], CHUNK, ['V'], VKLTPLCVTLNCTNTTTNITD-------------------------------------DMSGEIKN----CSFNI-T-TE--LRD-KK-QKE-YALF-YKLDVVPINNNQGNRSNNS------------------------------------------NTSYRLI---NCNTSVI-T---QA, 0.3428, 0
0.376419, -115.0514, [59, 60], CHUNK, ['T', 'K'], VKLTPLCVTLNCTNTTTNITD-------------------------------------DTKGEIKN----CSFNI-T-TE--LRD-KK-QKE-YALF-YKLDVVPINNNQGNRSNNS------------------------------------------NTSYRLI---NCNTSTI-T---QA, 0.2042, 1
0.378307, -113.9101, 18, POINT, T, VKLTPLCVTLNCTNTTTNTTD-------------------------------------DTKGEIKN----CSFNI-T-TE--LRD-KK-QKE-YALF-YKLDVVPINNNQGNRSNNS------------------------------------------NTSYRLI---NCNTSTI-T---QA, 0.2042, 1
0.383420, -98.7038, [174], CHUNK, ['V'], VKLTPLCVTLNCTNTTTNTTD-------------------------------------DTKGEIKN----CSFNI-T-TE--LRD-KK-QKE-YALF-YKLDVVPINNNQGNRSNNS------------------------------------------NTSYRLI---NCNTSVI-T---QA, 0.4041, 0
0.382096, -23.2962, [82], CHUNK, ['I'], VKLTPLCVTLNCTNTTTNTTD-------------------------------------DTKGEIKN----CSFNI-T-TE--IRD-KK-QKE-YALF-YKLDVVPINNNQGNRSNNS------------------------------------------NTSYRLI---NCNTSTI-T---QA, 0.2318, 0
0.378417, -113.2477, 18, POINT, N, VKLTPLCVTLNCTNTTTNNTD-------------------------------------DTKGEIKN----CSFNI-T-TE--LRD-KK-QKE-YALF-YKLDVVPINNNQGNRSNNS------------------------------------------NTSYRLI---NCNTSTI-T---QA, 0.2042, 1
0.383530, -96.1196, [174], CHUNK, ['V'], VKLTPLCVTLNCTNTTTNNTD-------------------------------------DTKGEIKN----CSFNI-T-TE--LRD-KK-QKE-YALF-YKLDVVPINNNQGNRSNNS------------------------------------------NTSYRLI---NCNTSVI-T---QA, 0.3087, 0
0.378588, -112.7342, 58, POINT, E, VKLTPLCVTLNCTNTTTNNTD-------------------------------------ETKGEIKN----CSFNI-T-TE--LRD-KK-QKE-YALF-YKLDVVPINNNQGNRSNNS------------------------------------------NTSYRLI---NCNTSTI-T---QA, 0.2042, 0
0.378802, -113.1839, 106, POINT, D, VKLTPLCVTLNCTNTTTNNTD-------------------------------------DTKGEIKN----CSFNI-T-TE--LRD-KK-QKE-YALF-YKLDVVPIDNNQGNRSNNS------------------------------------------NTSYRLI---NCNTSTI-T---QA, 0.2042, 0
0.382206, 8.7464, [82], CHUNK, ['I'], VKLTPLCVTLNCTNTTTNNTD-------------------------------------DTKGEIKN----CSFNI-T-TE--IRD-KK-QKE-YALF-YKLDVVPINNNQGNRSNNS------------------------------------------NTSYRLI---NCNTSTI-T---QA, 0.1860, 0
0.383420, -103.6791, [174], CHUNK, ['V'], VKLTPLCVTLNCTNTTTNTTD-------------------------------------DTKGEIKN----CSFNI-T-TE--LRD-KK-QKE-YALF-YKLDVVPINNNQGNRSNNS------------------------------------------NTSYRLI---NCNTSVI-T---QA, 0.3872, 0
0.383420, -100.6545, [174], CHUNK, ['V'], VKLTPLCVTLNCTNTTTNTTD-------------------------------------DTKGEIKN----CSFNI-T-TE--LRD-KK-QKE-YALF-YKLDVVPINNNQGNRSNNS------------------------------------------NTSYRLI---NCNTSVI-T---QA, 0.2883, 0
0.378641, -113.5280, 87, POINT, V, VKLTPLCVTLNCTNTTTNTTD-------------------------------------DTKGEIKN----CSFNI-T-TE--LRD-KV-QKE-YALF-YKLDVVPINNNQGNRSNNS------------------------------------------NTSYRLI---NCNTSTI-T---QA, 0.1881, 0
0.382688, -112.1625, [58, 59, 60], CHUNK, ['N', 'S', 'T'], VKLTPLCVTLNCTNTTTNTTD-------------------------------------NSTGEIKN----CSFNI-T-TE--LRD-KK-QKE-YALF-YKLDVVPINNNQGNRSNNS------------------------------------------NTSYRLI---NCNTSTI-T---QA, 0.1841, 0
0.379598, -116.1071, 20, POINT, N, VKLTPLCVTLNCTNTTTNITN-------------------------------------DTKGEIKN----CSFNI-T-TE--LRD-KK-QKE-YALF-YKLDVVPINNNQGNRSNNS------------------------------------------NTSYRLI---NCNTSTI-T---QA, 0.1915, 0
0.381637, 5.1755, [82, 87], CHUNK, ['I', 'V'], VKLTPLCVTLNCTNTTTNITD-------------------------------------DTKGEIKN----CSFNI-T-TE--IRD-KV-QKE-YALF-YKLDVVPINNNQGNRSNNS------------------------------------------NTSYRLI---NCNTSTI-T---QA, 0.2103, 0
0.381532, -106.0181, [174], CHUNK, ['V'], VKLTPLCVTLNCTNTTTNITD-------------------------------------DTKGEIKN----CSFNI-T-TE--LRD-KK-QKE-YALF-YKLDVVPINNNQGNRSNNS------------------------------------------NTSYRLI---NCNTSVI-T---QA, 0.3447, 0
0.382846, -109.3905, [16, 17, 18, 20], CHUNK, ['N', 'T', 'N', 'T'], VKLTPLCVTLNCTNTTNTNTT-------------------------------------DTKGEIKN----CSFNI-T-TE--LRD-KK-QKE-YALF-YKLDVVPINNNQGNRSNNS------------------------------------------NTSYRLI---NCNTSTI-T---QA, 0.2118, 0
0.373712, -115.7590, 59, POINT, E, VKLTPLCVTLNCTNTTTNITD-------------------------------------DESGEIKN----CSFNI-T-TE--LRD-KK-QKE-YALF-YKLDVVPINNNQGNRSNNS------------------------------------------NTSYRLI---NCNTSTI-T---QA, 0.2157, 0
0.376534, -3.3218, [82], CHUNK, ['I'], VKLTPLCVTLNCTNTTTNITD-------------------------------------DMSGEIKN----CSFNI-T-TE--IRD-KK-QKE-YALF-YKLDVVPINNNQGNRSNNS------------------------------------------NTSYRLI---NCNTSTI-T---QA, 0.2373, 0
0.379295, -97.8201, [169, 174], CHUNK, ['S', 'V'], VKLTPLCVTLNCTNTTTNITD-------------------------------------DMSGEIKN----CSFNI-T-TE--LRD-KK-QKE-YALF-YKLDVVPINNNQGNRSNNS------------------------------------------NTSYRLI---SCNTSVI-T---QA, 0.3019, 0
0.376036, -115.5987, 59, POINT, N, VKLTPLCVTLNCTNTTTNITD-------------------------------------DNSGEIKN----CSFNI-T-TE--LRD-KK-QKE-YALF-YKLDVVPINNNQGNRSNNS------------------------------------------NTSYRLI---NCNTSTI-T---QA, 0.2157, 0
0.370910, -116.1880, 87, POINT, V, VKLTPLCVTLNCTNTTTNITD-------------------------------------DMSGEIKN----CSFNI-T-TE--LRD-KV-QKE-YALF-YKLDVVPINNNQGNRSNNS------------------------------------------NTSYRLI---NCNTSAI-T---QA, 0.2157, 1
0.372449, -114.5857, 18, POINT, T, VKLTPLCVTLNCTNTTTNTTD-------------------------------------DMSGEIKN----CSFNI-T-TE--LRD-KV-QKE-YALF-YKLDVVPINNNQGNRSNNS------------------------------------------NTSYRLI---NCNTSAI-T---QA, 0.2157, 0
0.371295, -116.3075, 106, POINT, D, VKLTPLCVTLNCTNTTTNITD-------------------------------------DMSGEIKN----CSFNI-T-TE--LRD-KV-QKE-YALF-YKLDVVPIDNNQGNRSNNS------------------------------------------NTSYRLI---NCNTSAI-T---QA, 0.2158, 1
0.378577, -98.5939, [174], CHUNK, ['V'], VKLTPLCVTLNCTNTTTNITD-------------------------------------DMSGEIKN----CSFNI-T-TE--LRD-KV-QKE-YALF-YKLDVVPIDNNQGNRSNNS------------------------------------------NTSYRLI---NCNTSVI-T---QA, 0.3841, 0
0.376179, -14.4599, 82, POINT, I, VKLTPLCVTLNCTNTTTNITD-------------------------------------DMSGEIKN----CSFNI-T-TE--IRD-KV-QKE-YALF-YKLDVVPIDNNQGNRSNNS------------------------------------------NTSYRLI---NCNTSAI-T---QA, 0.3029, 0
0.373716, -116.7114, 20, POINT, N, VKLTPLCVTLNCTNTTTNITN-------------------------------------DMSGEIKN----CSFNI-T-TE--LRD-KV-QKE-YALF-YKLDVVPIDNNQGNRSNNS------------------------------------------NTSYRLI---NCNTSAI-T---QA, 0.2158, 0
0.372834, -114.7052, 18, POINT, T, VKLTPLCVTLNCTNTTTNTTD-------------------------------------DMSGEIKN----CSFNI-T-TE--LRD-KV-QKE-YALF-YKLDVVPIDNNQGNRSNNS------------------------------------------NTSYRLI---NCNTSAI-T---QA, 0.2158, 0
0.378192, -99.5317, 174, POINT, V, VKLTPLCVTLNCTNTTTNITD-------------------------------------DMSGEIKN----CSFNI-T-TE--LRD-KV-QKE-YALF-YKLDVVPINNNQGNRSNNS------------------------------------------NTSYRLI---NCNTSVI-T---QA, 0.2316, 0
0.371389, -116.0231, 20, POINT, S, VKLTPLCVTLNCTNTTTNITS-------------------------------------DMSGEIKN----CSFNI-T-TE--LRD-KV-QKE-YALF-YKLDVVPINNNQGNRSNNS------------------------------------------NTSYRLI---NCNTSAI-T---QA, 0.1916, 1
0.378672, -102.1519, [174], CHUNK, ['V'], VKLTPLCVTLNCTNTTTNITS-------------------------------------DMSGEIKN----CSFNI-T-TE--LRD-KV-QKE-YALF-YKLDVVPINNNQGNRSNNS------------------------------------------NTSYRLI---NCNTSVI-T---QA, 0.2639, 0
0.373454, -113.5115, 20, POINT, T, VKLTPLCVTLNCTNTTTNITT-------------------------------------DMSGEIKN----CSFNI-T-TE--LRD-KV-QKE-YALF-YKLDVVPINNNQGNRSNNS------------------------------------------NTSYRLI---NCNTSAI-T---QA, 0.1916, 1
0.382113, -114.6544, [107, 108, 109, 110, 112], CHUNK, ['T', 'S', 'E', 'N', 'T'], VKLTPLCVTLNCTNTTTNITT-------------------------------------DMSGEIKN----CSFNI-T-TE--LRD-KV-QKE-YALF-YKLDVVPINTSENNTSNNS------------------------------------------NTSYRLI---NCNTSAI-T---QA, 0.1891, 0
0.380737, -99.2717, [174], CHUNK, ['V'], VKLTPLCVTLNCTNTTTNITT-------------------------------------DMSGEIKN----CSFNI-T-TE--LRD-KV-QKE-YALF-YKLDVVPINNNQGNRSNNS------------------------------------------NTSYRLI---NCNTSVI-T---QA, 0.2770, 1
0.382174, -96.3257, [169], CHUNK, ['S'], VKLTPLCVTLNCTNTTTNITT-------------------------------------DMSGEIKN----CSFNI-T-TE--LRD-KV-QKE-YALF-YKLDVVPINNNQGNRSNNS------------------------------------------NTSYRLI---SCNTSVI-T---QA, 0.3650, 0
0.382047, -100.0000, 60, POINT, K, VKLTPLCVTLNCTNTTTNITT-------------------------------------DMKGEIKN----CSFNI-T-TE--LRD-KV-QKE-YALF-YKLDVVPINNNQGNRSNNS------------------------------------------NTSYRLI---NCNTSVI-T---QA, 0.3182, 0
0.381122, -99.2078, [106], CHUNK, ['D'], VKLTPLCVTLNCTNTTTNITT-------------------------------------DMSGEIKN----CSFNI-T-TE--LRD-KV-QKE-YALF-YKLDVVPIDNNQGNRSNNS------------------------------------------NTSYRLI---NCNTSVI-T---QA, 0.2770, 0
0.382174, -95.9557, 169, POINT, S, VKLTPLCVTLNCTNTTTNITT-------------------------------------DMSGEIKN----CSFNI-T-TE--LRD-KV-QKE-YALF-YKLDVVPINNNQGNRSNNS------------------------------------------NTSYRLI---SCNTSVI-T---QA, 0.2770, 0
0.380737, -97.2961, [174], CHUNK, ['V'], VKLTPLCVTLNCTNTTTNITT-------------------------------------DMSGEIKN----CSFNI-T-TE--LRD-KV-QKE-YALF-YKLDVVPINNNQGNRSNNS------------------------------------------NTSYRLI---NCNTSVI-T---QA, 0.3128, 0
0.374765, -113.9232, 60, POINT, K, VKLTPLCVTLNCTNTTTNITT-------------------------------------DMKGEIKN----CSFNI-T-TE--LRD-KV-QKE-YALF-YKLDVVPINNNQGNRSNNS------------------------------------------NTSYRLI---NCNTSAI-T---QA, 0.2004, 0
0.374356, -90.9495, [58, 59, 60, 61, 63], CHUNK, ['N', 'S', 'T', 'D', 'M'], VKLTPLCVTLNCTNTTTNITT-------------------------------------NSTDEMKN----CSFNI-T-TE--LRD-KV-QKE-YALF-YKLDVVPINNNQGNRSNNS------------------------------------------NTSYRLI---NCNTSAI-T---QA, 0.2122, 0
0.378017, -114.0147, 58, POINT, N, VKLTPLCVTLNCTNTTTNITT-------------------------------------NMSGEIKN----CSFNI-T-TE--LRD-KV-QKE-YALF-YKLDVVPINNNQGNRSNNS------------------------------------------NTSYRLI---NCNTSAI-T---QA, 0.1916, 0
0.372643, -116.3397, 60, POINT, K, VKLTPLCVTLNCTNTTTNITS-------------------------------------DMKGEIKN----CSFNI-T-TE--LRD-KV-QKE-YALF-YKLDVVPINNNQGNRSNNS------------------------------------------NTSYRLI---NCNTSAI-T---QA, 0.1916, 0
0.373331, -118.1532, 20, POINT, N, VKLTPLCVTLNCTNTTTNITN-------------------------------------DMSGEIKN----CSFNI-T-TE--LRD-KV-QKE-YALF-YKLDVVPINNNQGNRSNNS------------------------------------------NTSYRLI---NCNTSAI-T---QA, 0.2382, 0
0.378672, -104.6319, [174], CHUNK, ['V'], VKLTPLCVTLNCTNTTTNITS-------------------------------------DMSGEIKN----CSFNI-T-TE--LRD-KV-QKE-YALF-YKLDVVPINNNQGNRSNNS------------------------------------------NTSYRLI---NCNTSVI-T---QA, 0.2850, 0
0.373454, -114.1284, 20, POINT, T, VKLTPLCVTLNCTNTTTNITT-------------------------------------DMSGEIKN----CSFNI-T-TE--LRD-KV-QKE-YALF-YKLDVVPINNNQGNRSNNS------------------------------------------NTSYRLI---NCNTSAI-T---QA, 0.1840, 0
0.378192, -100.0289, [174], CHUNK, ['V'], VKLTPLCVTLNCTNTTTNITD-------------------------------------DMSGEIKN----CSFNI-T-TE--LRD-KV-QKE-YALF-YKLDVVPINNNQGNRSNNS------------------------------------------NTSYRLI---NCNTSVI-T---QA, 0.3010, 0
0.375794, -12.7742, [82], CHUNK, ['I'], VKLTPLCVTLNCTNTTTNITD-------------------------------------DMSGEIKN----CSFNI-T-TE--IRD-KV-QKE-YALF-YKLDVVPINNNQGNRSNNS------------------------------------------NTSYRLI---NCNTSAI-T---QA, 0.2633, 0
0.371877, -117.7018, 59, POINT, E, VKLTPLCVTLNCTNTTTNITD-------------------------------------DESGEIKN----CSFNI-T-TE--LRD-KV-QKE-YALF-YKLDVVPINNNQGNRSNNS------------------------------------------NTSYRLI---NCNTSAI-T---QA, 0.1957, 0
0.375794, -66.2551, 82, POINT, I, VKLTPLCVTLNCTNTTTNITD-------------------------------------DMSGEIKN----CSFNI-T-TE--IRD-KV-QKE-YALF-YKLDVVPINNNQGNRSNNS------------------------------------------NTSYRLI---NCNTSAI-T---QA, 0.4225, 0
0.373120, -113.5854, 20, POINT, T, VKLTPLCVTLNCTNTTTNITT-------------------------------------DMSGEIKN----CSFNI-T-TE--LRD-KK-QKE-YALF-YKLDVVPINNNQGNRSNNS------------------------------------------NTSYRLI---NCNTSAI-T---QA, 0.2174, 0
0.377858, -94.7576, [174], CHUNK, ['V'], VKLTPLCVTLNCTNTTTNITD-------------------------------------DMSGEIKN----CSFNI-T-TE--LRD-KK-QKE-YALF-YKLDVVPINNNQGNRSNNS------------------------------------------NTSYRLI---NCNTSVI-T---QA, 0.6301, 0
0.376380, -116.0589, [107, 109, 110, 112], CHUNK, ['G', 'K', 'N', 'S'], VKLTPLCVTLNCTNTTTNITD-------------------------------------DMSGEIKN----CSFNI-T-TE--LRD-KK-QKE-YALF-YKLDVVPINGNKNNSSNNS------------------------------------------NTSYRLI---NCNTSAI-T---QA, 0.2157, 0
0.377858, -100.5967, [174], CHUNK, ['V'], VKLTPLCVTLNCTNTTTNITD-------------------------------------DMSGEIKN----CSFNI-T-TE--LRD-KK-QKE-YALF-YKLDVVPINNNQGNRSNNS------------------------------------------NTSYRLI---NCNTSVI-T---QA, 0.2418, 0
