Name base = V1V2_200_exp_9_2_i
Iters = 200
Soft coverage = 0.284621885725
Energy = -130.600909627
Hard Covereage = 0.0368019545157
Num epitopes = 65
Initial seq = VKLTPLCVTLQCTNVTNNITD-------------------------------------DMRGELKN----CSFNM-T-TE--LRD-KK-QKV-YSLF-YRLDVVQINENQGNRSNNS------------------------------------------NKEYRLI---NCNTSAI-T---QA
-------START OF DATA------
0.305865, -127.7113, [91, 94, 99], CHUNK, ['E', 'A', 'K'], VKLTPLCVTLQCTNVTNNITD-------------------------------------DMRGELKN----CSFNM-T-TE--LRD-KK-QKE-YALF-YKLDVVQINENQGNRSNNS------------------------------------------NKEYRLI---NCNTSAI-T---QA, 0.0562, 1
0.329532, -127.6349, [10], CHUNK, ['N'], VKLTPLCVTLNCTNVTNNITD-------------------------------------DMRGELKN----CSFNM-T-TE--LRD-KK-QKE-YALF-YKLDVVQINENQGNRSNNS------------------------------------------NKEYRLI---NCNTSAI-T---QA, 0.0562, 1
0.339504, -120.9101, [74], CHUNK, ['I'], VKLTPLCVTLNCTNVTNNITD-------------------------------------DMRGELKN----CSFNI-T-TE--LRD-KK-QKE-YALF-YKLDVVQINENQGNRSNNS------------------------------------------NKEYRLI---NCNTSAI-T---QA, 0.0630, 0
0.327402, -70.1312, 138, POINT, K, VKLTPLCVTLNCTNVTNNITD-------------------------------------DMRGELKN----CSFNM-T-TE--LRD-KK-QKE-YALF-YKLDVVQINENQGNRSNNT---------------------E--------------------RKEYRLI---NCNTSAI-T---QA, 1.6239, 0
0.341639, -126.7475, [160, 161], CHUNK, ['T', 'S'], VKLTPLCVTLNCTNVTNNITD-------------------------------------DMRGELKN----CSFNM-T-TE--LRD-KK-QKE-YALF-YKLDVVQINENQGNRSNNS------------------------------------------NTSYRLI---NCNTSAI-T---QA, 0.0562, 1
0.348910, -125.5441, 63, POINT, I, VKLTPLCVTLNCTNVTNNITD-------------------------------------DMRGEIKN----CSFNM-T-TE--LRD-KK-QKE-YALF-YKLDVVQINENQGNRSNNS------------------------------------------NTSYRLI---NCNTSAI-T---QA, 0.0587, 1
0.357629, -90.9354, [169, 174], CHUNK, ['S', 'V'], VKLTPLCVTLNCTNVTNNITD-------------------------------------DMRGEIKN----CSFNM-T-TE--LRD-KK-QKE-YALF-YKLDVVQINENQGNRSNNS------------------------------------------NTSYRLI---SCNTSVI-T---QA, 0.2165, 0
0.344098, 30.6332, 125, POINT, T, VKLTPLCVTLNCTNVTNNITD-------------------------------------DMRGEIKN----CSFNM-T-TE--LRD-KK-QKE-YALF-YKLDVVQINENQGNRSNNK--------Q---------------------------------NTSYRLI---NCNTSAI-T---QA, 1.6097, 0
0.353756, -124.0923, 109, POINT, T, VKLTPLCVTLNCTNVTNNITD-------------------------------------DMRGEIKN----CSFNM-T-TE--LRD-KK-QKE-YALF-YKLDVVQINENTGNRSNNS------------------------------------------NTSYRLI---NCNTSAI-T---QA, 0.0587, 0
0.360302, -119.5417, [74], CHUNK, ['I'], VKLTPLCVTLNCTNVTNNITD-------------------------------------DMRGEIKN----CSFNI-T-TE--LRD-KK-QKE-YALF-YKLDVVQINENQGNRSNNS------------------------------------------NTSYRLI---NCNTSAI-T---QA, 0.0636, 0
0.348910, -124.7517, 63, POINT, I, VKLTPLCVTLNCTNVTNNITD-------------------------------------DMRGEIKN----CSFNM-T-TE--LRD-KK-QKE-YALF-YKLDVVQINENQGNRSNNS------------------------------------------NTSYRLI---NCNTSAI-T---QA, 0.0562, 1
0.360302, -118.0609, [74], CHUNK, ['I'], VKLTPLCVTLNCTNVTNNITD-------------------------------------DMRGEIKN----CSFNI-T-TE--LRD-KK-QKE-YALF-YKLDVVQINENQGNRSNNS------------------------------------------NTSYRLI---NCNTSAI-T---QA, 0.0791, 1
0.367585, -89.5924, [174], CHUNK, ['V'], VKLTPLCVTLNCTNVTNNITD-------------------------------------DMRGEIKN----CSFNI-T-TE--LRD-KK-QKE-YALF-YKLDVVQINENQGNRSNNS------------------------------------------NTSYRLI---NCNTSVI-T---QA, 0.1877, 0
0.367585, -91.1221, [174], CHUNK, ['V'], VKLTPLCVTLNCTNVTNNITD-------------------------------------DMRGEIKN----CSFNI-T-TE--LRD-KK-QKE-YALF-YKLDVVQINENQGNRSNNS------------------------------------------NTSYRLI---NCNTSVI-T---QA, 0.1483, 0
0.367585, -90.0811, 174, POINT, V, VKLTPLCVTLNCTNVTNNITD-------------------------------------DMRGEIKN----CSFNI-T-TE--LRD-KK-QKE-YALF-YKLDVVQINENQGNRSNNS------------------------------------------NTSYRLI---NCNTSVI-T---QA, 0.1871, 0
0.359627, 2553.1169, 117, POINT, T, VKLTPLCVTLNCTNVTNNITD-------------------------------------DMRGEIKN----CSFNI-T-TE--LRD-KK-QKE-YALF-YKLDVVQINENQGNRSNNSV-----------------------------------------NTSYRLI---NCNTSAI-T---QA, 1.6458, 0
0.360302, -117.4797, [74], CHUNK, ['I'], VKLTPLCVTLNCTNVTNNITD-------------------------------------DMRGEIKN----CSFNI-T-TE--LRD-KK-QKE-YALF-YKLDVVQINENQGNRSNNS------------------------------------------NTSYRLI---NCNTSAI-T---QA, 0.0860, 0
0.360261, -118.9493, [74, 79], CHUNK, ['I', 'N'], VKLTPLCVTLNCTNVTNNITD-------------------------------------DMRGEIKN----CSFNI-T-TN--LRD-KK-QKE-YALF-YKLDVVQINENQGNRSNNS------------------------------------------NTSYRLI---NCNTSAI-T---QA, 0.0584, 0
0.356192, -98.2344, [174], CHUNK, ['V'], VKLTPLCVTLNCTNVTNNITD-------------------------------------DMRGEIKN----CSFNM-T-TE--LRD-KK-QKE-YALF-YKLDVVQINENQGNRSNNS------------------------------------------NTSYRLI---NCNTSVI-T---QA, 0.1532, 0
0.360302, -118.8785, [74], CHUNK, ['I'], VKLTPLCVTLNCTNVTNNITD-------------------------------------DMRGEIKN----CSFNI-T-TE--LRD-KK-QKE-YALF-YKLDVVQINENQGNRSNNS------------------------------------------NTSYRLI---NCNTSAI-T---QA, 0.0509, 0
0.351610, -121.4954, [74], CHUNK, ['I'], VKLTPLCVTLNCTNVTNNITD-------------------------------------DMRGELKN----CSFNI-T-TE--LRD-KK-QKE-YALF-YKLDVVQINENQGNRSNNS------------------------------------------NTSYRLI---NCNTSAI-T---QA, 0.0445, 0
0.348921, -102.1860, 174, POINT, V, VKLTPLCVTLNCTNVTNNITD-------------------------------------DMRGELKN----CSFNM-T-TE--LRD-KK-QKE-YALF-YKLDVVQINENQGNRSNNS------------------------------------------NTSYRLI---NCNTSVI-T---QA, 0.1859, 0
0.346062, -126.9382, 104, POINT, P, VKLTPLCVTLNCTNVTNNITD-------------------------------------DMRGELKN----CSFNM-T-TE--LRD-KK-QKE-YALF-YKLDVVPINENQGNRSNNS------------------------------------------NTSYRLI---NCNTSAI-T---QA, 0.0562, 0
0.346131, -118.9976, 74, POINT, V, VKLTPLCVTLNCTNVTNNITD-------------------------------------DMRGELKN----CSFNV-T-TE--LRD-KK-QKE-YALF-YKLDVVQINENQGNRSNNS------------------------------------------NTSYRLI---NCNTSAI-T---QA, 0.0712, 1
0.353858, -108.4323, [60, 63], CHUNK, ['I', 'I'], VKLTPLCVTLNCTNVTNNITD-------------------------------------DMIGEIKN----CSFNV-T-TE--LRD-KK-QKE-YALF-YKLDVVQINENQGNRSNNS------------------------------------------NTSYRLI---NCNTSAI-T---QA, 0.0640, 1
0.362578, -76.2894, [169, 174], CHUNK, ['S', 'V'], VKLTPLCVTLNCTNVTNNITD-------------------------------------DMIGEIKN----CSFNV-T-TE--LRD-KK-QKE-YALF-YKLDVVQINENQGNRSNNS------------------------------------------NTSYRLI---SCNTSVI-T---QA, 0.2244, 0
0.361141, -82.2594, 174, POINT, V, VKLTPLCVTLNCTNVTNNITD-------------------------------------DMIGEIKN----CSFNV-T-TE--LRD-KK-QKE-YALF-YKLDVVQINENQGNRSNNS------------------------------------------NTSYRLI---NCNTSVI-T---QA, 0.1586, 0
0.363315, -96.3055, 48, POINT, M, VKLTPLCVTLNCTNVTNNITN---------------------------N---------SMIGEIKN----CSFNV-T-TE--LRD-KK-QKE-YALF-YKLDVVQINENQGNRSNNS------------------------------------------NTSYRLI---NCNTSAI-T---QA, 3.2093, 0
0.357637, -89.5384, 23, POINT, M, VKLTPLCVTLNCTNVTNNITN--E----------------------------------KMIGEIKN----CSFNV-T-TE--LRD-KK-QKE-YALF-YKLDVVQINENQGNRSNNS------------------------------------------NTSYRLI---NCNTSAI-T---QA, 3.2072, 0
0.353554, -116.0085, 63, POINT, I, VKLTPLCVTLNCTNVTNNITD-------------------------------------DMRGEIKN----CSFNV-T-TE--LRD-KK-QKE-YALF-YKLDVVQINENQGNRSNNS------------------------------------------NTSYRLI---NCNTSAI-T---QA, 0.0872, 0
0.342450, 55.0147, 134, POINT, T, VKLTPLCVTLNCTNVTNNITD-------------------------------------DMRGELKN----CSFNV-T-TE--LRD-KK-QKE-YALF-YKLDVVQINENQGNRSNNS-----------------D------------------------TTSYRLI---NCNTSAI-T---QA, 1.6218, 0
0.354850, -88.3383, [169, 174], CHUNK, ['S', 'V'], VKLTPLCVTLNCTNVTNNITD-------------------------------------DMRGELKN----CSFNV-T-TE--LRD-KK-QKE-YALF-YKLDVVQINENQGNRSNNS------------------------------------------NTSYRLI---SCNTSVI-T---QA, 0.1522, 0
0.357052, -120.0722, [104, 106, 107, 108, 109, 110, 112], CHUNK, ['P', 'D', 'S', 'S', 'D', 'S', 'N'], VKLTPLCVTLNCTNVTNNITD-------------------------------------DMRGELKN----CSFNV-T-TE--LRD-KK-QKE-YALF-YKLDVVPIDSSDSNNSNNS------------------------------------------NTSYRLI---NCNTSAI-T---QA, 0.0836, 0
0.351610, -116.4717, [74], CHUNK, ['I'], VKLTPLCVTLNCTNVTNNITD-------------------------------------DMRGELKN----CSFNI-T-TE--LRD-KK-QKE-YALF-YKLDVVQINENQGNRSNNS------------------------------------------NTSYRLI---NCNTSAI-T---QA, 0.0782, 1
0.356033, -116.6624, 104, POINT, P, VKLTPLCVTLNCTNVTNNITD-------------------------------------DMRGELKN----CSFNI-T-TE--LRD-KK-QKE-YALF-YKLDVVPINENQGNRSNNS------------------------------------------NTSYRLI---NCNTSAI-T---QA, 0.0782, 0
0.360330, -91.8107, [169, 174], CHUNK, ['S', 'V'], VKLTPLCVTLNCTNVTNNITD-------------------------------------DMRGELKN----CSFNI-T-TE--LRD-KK-QKE-YALF-YKLDVVQINENQGNRSNNS------------------------------------------NTSYRLI---SCNTSVI-T---QA, 0.1893, 0
0.360908, -118.0730, [59, 60, 63], CHUNK, ['E', 'E', 'I'], VKLTPLCVTLNCTNVTNNITD-------------------------------------DEEGEIKN----CSFNI-T-TE--LRD-KK-QKE-YALF-YKLDVVQINENQGNRSNNS------------------------------------------NTSYRLI---NCNTSAI-T---QA, 0.0824, 0
0.344262, -97.4218, 123, POINT, T, VKLTPLCVTLNCTNVTNNITD-------------------------------------DMRGELKN----CSFNI-T-TE--LRD-KK-QKE-YALF-YKLDVVQINENQGNRSNNT------K-----------------------------------QTSYRLI---NCNTSAI-T---QA, 1.6144, 0
0.357883, 1.5381, [74, 79, 82], CHUNK, ['I', 'N', 'I'], VKLTPLCVTLNCTNVTNNITD-------------------------------------DMRGELKN----CSFNI-T-TN--IRD-KK-QKE-YALF-YKLDVVQINENQGNRSNNS------------------------------------------NTSYRLI---NCNTSAI-T---QA, 0.0761, 0
0.340963, 2546.3884, 123, POINT, T, VKLTPLCVTLNCTNVTNNITD-------------------------------------DMRGELKN----CSFNM-T-TE--LRD-KK-QKE-YALF-YKLDVVQINENQGNRSNNS------V-----------------------------------NTSYRLI---NCNTSAI-T---QA, 1.6496, 0
0.340963, 2545.2084, 132, POINT, T, VKLTPLCVTLNCTNVTNNITD-------------------------------------DMRGELKN----CSFNM-T-TE--LRD-KK-QKE-YALF-YKLDVVQINENQGNRSNNS---------------V--------------------------NTSYRLI---NCNTSAI-T---QA, 1.6471, 0
0.350825, -125.3370, [106, 107, 109], CHUNK, ['D', 'N', 'T'], VKLTPLCVTLNCTNVTNNITD-------------------------------------DMRGELKN----CSFNM-T-TE--LRD-KK-QKE-YALF-YKLDVVQIDNNTGNRSNNS------------------------------------------NTSYRLI---NCNTSAI-T---QA, 0.0660, 0
0.339504, -120.7034, [74], CHUNK, ['I'], VKLTPLCVTLNCTNVTNNITD-------------------------------------DMRGELKN----CSFNI-T-TE--LRD-KK-QKE-YALF-YKLDVVQINENQGNRSNNS------------------------------------------NKEYRLI---NCNTSAI-T---QA, 0.0931, 0
0.336803, -125.6991, 63, POINT, I, VKLTPLCVTLNCTNVTNNITD-------------------------------------DMRGEIKN----CSFNM-T-TE--LRD-KK-QKE-YALF-YKLDVVQINENQGNRSNNS------------------------------------------NKEYRLI---NCNTSAI-T---QA, 0.0939, 0
0.327702, -88.2433, 119, POINT, K, VKLTPLCVTLNCTNVTNNITD-------------------------------------DMRGELKN----CSFNM-T-TE--LRD-KK-QKE-YALF-YKLDVVQINENQGNRSNNK--K---------------------------------------SKEYRLI---NCNTSAI-T---QA, 1.6202, 0
0.339504, -114.9675, [74], CHUNK, ['I'], VKLTPLCVTLNCTNVTNNITD-------------------------------------DMRGELKN----CSFNI-T-TE--LRD-KK-QKE-YALF-YKLDVVQINENQGNRSNNS------------------------------------------NKEYRLI---NCNTSAI-T---QA, 0.1226, 0
0.313148, -102.6665, 174, POINT, V, VKLTPLCVTLQCTNVTNNITD-------------------------------------DMRGELKN----CSFNM-T-TE--LRD-KK-QKE-YALF-YKLDVVQINENQGNRSNNS------------------------------------------NKEYRLI---NCNTSVI-T---QA, 0.1791, 0
0.329532, -127.9926, [10], CHUNK, ['N'], VKLTPLCVTLNCTNVTNNITD-------------------------------------DMRGELKN----CSFNM-T-TE--LRD-KK-QKE-YALF-YKLDVVQINENQGNRSNNS------------------------------------------NKEYRLI---NCNTSAI-T---QA, 0.0387, 1
0.341639, -127.1053, [160, 161], CHUNK, ['T', 'S'], VKLTPLCVTLNCTNVTNNITD-------------------------------------DMRGELKN----CSFNM-T-TE--LRD-KK-QKE-YALF-YKLDVVQINENQGNRSNNS------------------------------------------NTSYRLI---NCNTSAI-T---QA, 0.0387, 0
0.341639, -127.1053, [160, 161], CHUNK, ['T', 'S'], VKLTPLCVTLNCTNVTNNITD-------------------------------------DMRGELKN----CSFNM-T-TE--LRD-KK-QKE-YALF-YKLDVVQINENQGNRSNNS------------------------------------------NTSYRLI---NCNTSAI-T---QA, 0.0387, 0
0.339504, -120.1036, [74], CHUNK, ['I'], VKLTPLCVTLNCTNVTNNITD-------------------------------------DMRGELKN----CSFNI-T-TE--LRD-KK-QKE-YALF-YKLDVVQINENQGNRSNNS------------------------------------------NKEYRLI---NCNTSAI-T---QA, 0.0887, 0
0.336814, -99.9123, 174, POINT, V, VKLTPLCVTLNCTNVTNNITD-------------------------------------DMRGELKN----CSFNM-T-TE--LRD-KK-QKE-YALF-YKLDVVQINENQGNRSNNS------------------------------------------NKEYRLI---NCNTSVI-T---QA, 0.1672, 0
0.324312, -94.3224, [10, 13, 14, 18], CHUNK, ['N', 'D', 'Y', 'C'], VKLTPLCVTLNCTDYTNNCTD-------------------------------------DMRGELKN----CSFNM-T-TE--LRD-KK-QKE-YALF-YKLDVVQINENQGNRSNNS------------------------------------------NKEYRLI---NCNTSAI-T---QA, 0.2092, 0
0.329532, -127.6349, [10], CHUNK, ['N'], VKLTPLCVTLNCTNVTNNITD-------------------------------------DMRGELKN----CSFNM-T-TE--LRD-KK-QKE-YALF-YKLDVVQINENQGNRSNNS------------------------------------------NKEYRLI---NCNTSAI-T---QA, 0.0562, 0
0.310357, -119.6690, 74, POINT, V, VKLTPLCVTLQCTNVTNNITD-------------------------------------DMRGELKN----CSFNV-T-TE--LRD-KK-QKE-YALF-YKLDVVQINENQGNRSNNS------------------------------------------NKEYRLI---NCNTSAI-T---QA, 0.0881, 1
0.331425, -121.2593, [10, 13], CHUNK, ['N', 'D'], VKLTPLCVTLNCTDVTNNITD-------------------------------------DMRGELKN----CSFNV-T-TE--LRD-KK-QKE-YALF-YKLDVVQINENQGNRSNNS------------------------------------------NKEYRLI---NCNTSAI-T---QA, 0.0967, 0
0.324071, -121.3305, [10, 12, 13, 14, 15, 16], CHUNK, ['N', 'S', 'T', 'N', 'I', 'T'], VKLTPLCVTLNCSTNITNITD-------------------------------------DMRGELKN----CSFNV-T-TE--LRD-KK-QKE-YALF-YKLDVVQINENQGNRSNNS------------------------------------------NKEYRLI---NCNTSAI-T---QA, 0.0814, 1
0.331494, -120.1835, [63], CHUNK, ['I'], VKLTPLCVTLNCSTNITNITD-------------------------------------DMRGEIKN----CSFNV-T-TE--LRD-KK-QKE-YALF-YKLDVVQINENQGNRSNNS------------------------------------------NKEYRLI---NCNTSAI-T---QA, 0.0814, 0
0.329551, -120.4036, 74, POINT, I, VKLTPLCVTLNCSTNITNITD-------------------------------------DMRGELKN----CSFNI-T-TE--LRD-KK-QKE-YALF-YKLDVVQINENQGNRSNNS------------------------------------------NKEYRLI---NCNTSAI-T---QA, 0.0831, 0
0.329154, -120.7543, 160, POINT, T, VKLTPLCVTLNCSTNITNITD-------------------------------------DMRGELKN----CSFNV-T-TE--LRD-KK-QKE-YALF-YKLDVVQINENQGNRSNNS------------------------------------------NTEYRLI---NCNTSAI-T---QA, 0.0814, 0
0.329551, -120.0292, 74, POINT, I, VKLTPLCVTLNCSTNITNITD-------------------------------------DMRGELKN----CSFNI-T-TE--LRD-KK-QKE-YALF-YKLDVVQINENQGNRSNNS------------------------------------------NKEYRLI---NCNTSAI-T---QA, 0.0814, 1
0.334318, -119.6712, 109, POINT, N, VKLTPLCVTLNCSTNITNITD-------------------------------------DMRGELKN----CSFNI-T-TE--LRD-KK-QKE-YALF-YKLDVVQINENNGNRSNNS------------------------------------------NKEYRLI---NCNTSAI-T---QA, 0.0814, 0
0.341657, -120.3417, [160, 161], CHUNK, ['T', 'S'], VKLTPLCVTLNCSTNITNITD-------------------------------------DMRGELKN----CSFNI-T-TE--LRD-KK-QKE-YALF-YKLDVVQINENQGNRSNNS------------------------------------------NTSYRLI---NCNTSAI-T---QA, 0.0523, 1
0.350377, -91.2404, [169, 174], CHUNK, ['S', 'V'], VKLTPLCVTLNCSTNITNITD-------------------------------------DMRGELKN----CSFNI-T-TE--LRD-KK-QKE-YALF-YKLDVVQINENQGNRSNNS------------------------------------------NTSYRLI---SCNTSVI-T---QA, 0.1618, 0
0.350349, -119.1056, 63, POINT, I, VKLTPLCVTLNCSTNITNITD-------------------------------------DMRGEIKN----CSFNI-T-TE--LRD-KK-QKE-YALF-YKLDVVQINENQGNRSNNS------------------------------------------NTSYRLI---NCNTSAI-T---QA, 0.0523, 0
0.350844, -118.9241, [106, 107, 109], CHUNK, ['D', 'N', 'T'], VKLTPLCVTLNCSTNITNITD-------------------------------------DMRGELKN----CSFNI-T-TE--LRD-KK-QKE-YALF-YKLDVVQIDNNTGNRSNNS------------------------------------------NTSYRLI---NCNTSAI-T---QA, 0.0523, 1
0.359536, -117.6880, [63], CHUNK, ['I'], VKLTPLCVTLNCSTNITNITD-------------------------------------DMRGEIKN----CSFNI-T-TE--LRD-KK-QKE-YALF-YKLDVVQIDNNTGNRSNNS------------------------------------------NTSYRLI---NCNTSAI-T---QA, 0.0523, 0
0.361297, -117.8237, [60, 63], CHUNK, ['N', 'I'], VKLTPLCVTLNCSTNITNITD-------------------------------------DMNGEIKN----CSFNI-T-TE--LRD-KK-QKE-YALF-YKLDVVQIDNNTGNRSNNS------------------------------------------NTSYRLI---NCNTSAI-T---QA, 0.0626, 0
0.361408, -116.6045, [59, 60, 63], CHUNK, ['T', 'D', 'I'], VKLTPLCVTLNCSTNITNITD-------------------------------------DTDGEIKN----CSFNI-T-TE--LRD-KK-QKE-YALF-YKLDVVQIDNNTGNRSNNS------------------------------------------NTSYRLI---NCNTSAI-T---QA, 0.0523, 1
0.368690, -90.1526, [174], CHUNK, ['V'], VKLTPLCVTLNCSTNITNITD-------------------------------------DTDGEIKN----CSFNI-T-TE--LRD-KK-QKE-YALF-YKLDVVQIDNNTGNRSNNS------------------------------------------NTSYRLI---NCNTSVI-T---QA, 0.1734, 0
0.368209, -94.2532, 30, POINT, T, VKLTPLCVTLNCSTNITNITN---------K---------------------------STDGEIKN----CSFNI-T-TE--LRD-KK-QKE-YALF-YKLDVVQIDNNTGNRSNNS------------------------------------------NTSYRLI---NCNTSAI-T---QA, 3.2059, 0
0.368690, -88.5605, 174, POINT, V, VKLTPLCVTLNCSTNITNITD-------------------------------------DTDGEIKN----CSFNI-T-TE--LRD-KK-QKE-YALF-YKLDVVQIDNNTGNRSNNS------------------------------------------NTSYRLI---NCNTSVI-T---QA, 0.1885, 0
0.364171, -89.9706, 56, POINT, T, VKLTPLCVTLNCSTNITNITS-----------------------------------D-RTDGEIKN----CSFNI-T-TE--LRD-KK-QKE-YALF-YKLDVVQIDNNTGNRSNNS------------------------------------------NTSYRLI---NCNTSAI-T---QA, 3.2425, 0
0.359822, -111.3791, [60, 63], CHUNK, ['I', 'I'], VKLTPLCVTLNCSTNITNITD-------------------------------------DMIGEIKN----CSFNI-T-TE--LRD-KK-QKE-YALF-YKLDVVQIDNNTGNRSNNS------------------------------------------NTSYRLI---NCNTSAI-T---QA, 0.0523, 0
0.354985, -118.3301, 112, POINT, T, VKLTPLCVTLNCSTNITNITD-------------------------------------DMRGELKN----CSFNI-T-TE--LRD-KK-QKE-YALF-YKLDVVQIDNNTGNTSNNS------------------------------------------NTSYRLI---NCNTSAI-T---QA, 0.0523, 0
0.357464, -119.7001, 12, POINT, T, VKLTPLCVTLNCTTNITNITD-------------------------------------DMRGELKN----CSFNI-T-TE--LRD-KK-QKE-YALF-YKLDVVQIDNNTGNRSNNS------------------------------------------NTSYRLI---NCNTSAI-T---QA, 0.0523, 0
0.359563, -88.4154, [169, 174], CHUNK, ['S', 'V'], VKLTPLCVTLNCSTNITNITD-------------------------------------DMRGELKN----CSFNI-T-TE--LRD-KK-QKE-YALF-YKLDVVQIDNNTGNRSNNS------------------------------------------NTSYRLI---SCNTSVI-T---QA, 0.1439, 0
0.352578, -120.3779, [104, 106, 107, 108, 109, 110, 112], CHUNK, ['P', 'D', 'S', 'S', 'D', 'S', 'N'], VKLTPLCVTLNCSTNITNITD-------------------------------------DMRGELKN----CSFNI-T-TE--LRD-KK-QKE-YALF-YKLDVVPIDSSDSNNSNNS------------------------------------------NTSYRLI---NCNTSAI-T---QA, 0.0523, 1
0.364805, -112.7445, [58, 59, 60, 63], CHUNK, ['I', 'E', 'K', 'I'], VKLTPLCVTLNCSTNITNITD-------------------------------------IEKGEIKN----CSFNI-T-TE--LRD-KK-QKE-YALF-YKLDVVPIDSSDSNNSNNS------------------------------------------NTSYRLI---NCNTSAI-T---QA, 0.0792, 0
0.359198, -121.1539, 12, POINT, T, VKLTPLCVTLNCTTNITNITD-------------------------------------DMRGELKN----CSFNI-T-TE--LRD-KK-QKE-YALF-YKLDVVPIDSSDSNNSNNS------------------------------------------NTSYRLI---NCNTSAI-T---QA, 0.0523, 0
0.361298, -89.1530, [169, 174], CHUNK, ['S', 'V'], VKLTPLCVTLNCSTNITNITD-------------------------------------DMRGELKN----CSFNI-T-TE--LRD-KK-QKE-YALF-YKLDVVPIDSSDSNNSNNS------------------------------------------NTSYRLI---SCNTSVI-T---QA, 0.1282, 0
0.359198, -121.1539, 12, POINT, T, VKLTPLCVTLNCTTNITNITD-------------------------------------DMRGELKN----CSFNI-T-TE--LRD-KK-QKE-YALF-YKLDVVPIDSSDSNNSNNS------------------------------------------NTSYRLI---NCNTSAI-T---QA, 0.0523, 0
0.336416, -86.2273, 118, POINT, T, VKLTPLCVTLNCSTNITNITD-------------------------------------DMRGELKN----CSFNI-T-TE--LRD-KK-QKE-YALF-YKLDVVQINENQGNRSNNS-S----------------------------------------ETSYRLI---NCNTSAI-T---QA, 1.6250, 0
0.346080, -120.5309, 104, POINT, P, VKLTPLCVTLNCSTNITNITD-------------------------------------DMRGELKN----CSFNI-T-TE--LRD-KK-QKE-YALF-YKLDVVPINENQGNRSNNS------------------------------------------NTSYRLI---NCNTSAI-T---QA, 0.0523, 0
0.350349, -119.1056, 63, POINT, I, VKLTPLCVTLNCSTNITNITD-------------------------------------DMRGEIKN----CSFNI-T-TE--LRD-KK-QKE-YALF-YKLDVVQINENQGNRSNNS------------------------------------------NTSYRLI---NCNTSAI-T---QA, 0.0523, 0
0.348940, -93.4187, 174, POINT, V, VKLTPLCVTLNCSTNITNITD-------------------------------------DMRGELKN----CSFNI-T-TE--LRD-KK-QKE-YALF-YKLDVVQINENQGNRSNNS------------------------------------------NTSYRLI---NCNTSVI-T---QA, 0.1733, 0
0.336833, -93.7294, 174, POINT, V, VKLTPLCVTLNCSTNITNITD-------------------------------------DMRGELKN----CSFNI-T-TE--LRD-KK-QKE-YALF-YKLDVVQINENQGNRSNNS------------------------------------------NKEYRLI---NCNTSVI-T---QA, 0.2137, 0
0.340003, -118.8871, [60, 63], CHUNK, ['N', 'I'], VKLTPLCVTLNCSTNITNITD-------------------------------------DMNGEIKN----CSFNI-T-TE--LRD-KK-QKE-YALF-YKLDVVQINENQGNRSNNS------------------------------------------NKEYRLI---NCNTSAI-T---QA, 0.0675, 0
0.336171, -120.8342, 12, POINT, T, VKLTPLCVTLNCTTNITNITD-------------------------------------DMRGELKN----CSFNI-T-TE--LRD-KK-QKE-YALF-YKLDVVQINENQGNRSNNS------------------------------------------NKEYRLI---NCNTSAI-T---QA, 0.0814, 0
0.341657, -119.1419, [160, 161], CHUNK, ['T', 'S'], VKLTPLCVTLNCSTNITNITD-------------------------------------DMRGELKN----CSFNI-T-TE--LRD-KK-QKE-YALF-YKLDVVQINENQGNRSNNS------------------------------------------NTSYRLI---NCNTSAI-T---QA, 0.0814, 0
0.331353, -89.7798, 174, POINT, V, VKLTPLCVTLNCSTNITNITD-------------------------------------DMRGELKN----CSFNV-T-TE--LRD-KK-QKE-YALF-YKLDVVQINENQGNRSNNS------------------------------------------NKEYRLI---NCNTSVI-T---QA, 0.1801, 0
0.330691, -122.1354, 12, POINT, T, VKLTPLCVTLNCTTNITNITD-------------------------------------DMRGELKN----CSFNV-T-TE--LRD-KK-QKE-YALF-YKLDVVQINENQGNRSNNS------------------------------------------NKEYRLI---NCNTSAI-T---QA, 0.0814, 1
0.342797, -121.2481, [160, 161], CHUNK, ['T', 'S'], VKLTPLCVTLNCTTNITNITD-------------------------------------DMRGELKN----CSFNV-T-TE--LRD-KK-QKE-YALF-YKLDVVQINENQGNRSNNS------------------------------------------NTSYRLI---NCNTSAI-T---QA, 0.0814, 1
0.350221, -120.5771, 63, POINT, I, VKLTPLCVTLNCTTNITNITD-------------------------------------DMRGEIKN----CSFNV-T-TE--LRD-KK-QKE-YALF-YKLDVVQINENQGNRSNNS------------------------------------------NTSYRLI---NCNTSAI-T---QA, 0.0693, 0
0.352330, -119.8963, [104, 106, 107, 108, 109, 110, 111, 112], CHUNK, ['P', 'E', 'D', 'D', 'N', 'K', 'T', 'T'], VKLTPLCVTLNCTTNITNITD-------------------------------------DMRGELKN----CSFNV-T-TE--LRD-KK-QKE-YALF-YKLDVVPIEDDNKTTSNNS------------------------------------------NTSYRLI---NCNTSAI-T---QA, 0.0814, 0
0.346959, -121.6356, 112, POINT, N, VKLTPLCVTLNCTTNITNITD-------------------------------------DMRGELKN----CSFNV-T-TE--LRD-KK-QKE-YALF-YKLDVVQINENQGNNSNNS------------------------------------------NTSYRLI---NCNTSAI-T---QA, 0.0814, 1
0.339815, -113.3765, 118, POINT, T, VKLTPLCVTLNCTTNITNITD-------------------------------------DMRGELKN----CSFNV-T-TE--LRD-KK-QKE-YALF-YKLDVVQINENQGNNSNNS-K----------------------------------------KTSYRLI---NCNTSAI-T---QA, 1.6034, 0
0.354383, -120.4887, [63], CHUNK, ['I'], VKLTPLCVTLNCTTNITNITD-------------------------------------DMRGEIKN----CSFNV-T-TE--LRD-KK-QKE-YALF-YKLDVVQINENQGNNSNNS------------------------------------------NTSYRLI---NCNTSAI-T---QA, 0.0814, 0
0.359969, -121.4201, [104, 106, 107, 109, 110, 111], CHUNK, ['P', 'D', 'N', 'N', 'K', 'S'], VKLTPLCVTLNCTTNITNITD-------------------------------------DMRGELKN----CSFNV-T-TE--LRD-KK-QKE-YALF-YKLDVVPIDNNNKSNSNNS------------------------------------------NTSYRLI---NCNTSAI-T---QA, 0.0814, 0
0.338475, -112.0053, 133, POINT, T, VKLTPLCVTLNCTTNITNITD-------------------------------------DMRGELKN----CSFNV-T-TE--LRD-KK-QKE-YALF-YKLDVVQINENQGNNSNNS----------------K-------------------------QTSYRLI---NCNTSAI-T---QA, 1.6044, 0
0.351517, -90.4270, [169, 174], CHUNK, ['S', 'V'], VKLTPLCVTLNCTTNITNITD-------------------------------------DMRGELKN----CSFNV-T-TE--LRD-KK-QKE-YALF-YKLDVVQINENQGNRSNNS------------------------------------------NTSYRLI---SCNTSVI-T---QA, 0.1796, 0
0.351517, -91.0162, [169, 174], CHUNK, ['S', 'V'], VKLTPLCVTLNCTTNITNITD-------------------------------------DMRGELKN----CSFNV-T-TE--LRD-KK-QKE-YALF-YKLDVVQINENQGNRSNNS------------------------------------------NTSYRLI---SCNTSVI-T---QA, 0.1874, 0
0.350221, -120.1011, 63, POINT, I, VKLTPLCVTLNCTTNITNITD-------------------------------------DMRGEIKN----CSFNV-T-TE--LRD-KK-QKE-YALF-YKLDVVQINENQGNRSNNS------------------------------------------NTSYRLI---NCNTSAI-T---QA, 0.0814, 0
0.350080, -94.4332, 174, POINT, V, VKLTPLCVTLNCTTNITNITD-------------------------------------DMRGELKN----CSFNV-T-TE--LRD-KK-QKE-YALF-YKLDVVQINENQGNRSNNS------------------------------------------NTSYRLI---NCNTSVI-T---QA, 0.2107, 0
0.337973, -89.6533, 174, POINT, V, VKLTPLCVTLNCTTNITNITD-------------------------------------DMRGELKN----CSFNV-T-TE--LRD-KK-QKE-YALF-YKLDVVQINENQGNRSNNS------------------------------------------NKEYRLI---NCNTSVI-T---QA, 0.1850, 0
0.338114, -120.9885, [63], CHUNK, ['I'], VKLTPLCVTLNCTTNITNITD-------------------------------------DMRGEIKN----CSFNV-T-TE--LRD-KK-QKE-YALF-YKLDVVQINENQGNRSNNS------------------------------------------NKEYRLI---NCNTSAI-T---QA, 0.0814, 0
0.342797, -121.2481, [160, 161], CHUNK, ['T', 'S'], VKLTPLCVTLNCTTNITNITD-------------------------------------DMRGELKN----CSFNV-T-TE--LRD-KK-QKE-YALF-YKLDVVQINENQGNRSNNS------------------------------------------NTSYRLI---NCNTSAI-T---QA, 0.0814, 0
0.342444, 0.9920, [74, 79, 82], CHUNK, ['I', 'N', 'I'], VKLTPLCVTLNCTTNITNITD-------------------------------------DMRGELKN----CSFNI-T-TN--IRD-KK-QKE-YALF-YKLDVVQINENQGNRSNNS------------------------------------------NKEYRLI---NCNTSAI-T---QA, 0.0446, 0
0.336177, -120.4431, [160, 161], CHUNK, ['T', 'S'], VKLTPLCVTLNCSTNITNITD-------------------------------------DMRGELKN----CSFNV-T-TE--LRD-KK-QKE-YALF-YKLDVVQINENQGNRSNNS------------------------------------------NTSYRLI---NCNTSAI-T---QA, 0.0814, 0
0.322014, -97.0715, 121, POINT, K, VKLTPLCVTLNCSTNITNITD-------------------------------------DMRGELKN----CSFNV-T-TE--LRD-KK-QKE-YALF-YKLDVVQINENQGNRSNNE----K-------------------------------------TKEYRLI---NCNTSAI-T---QA, 1.6077, 0
0.333297, -118.2004, [60, 63], CHUNK, ['K', 'I'], VKLTPLCVTLNCSTNITNITD-------------------------------------DMKGEIKN----CSFNV-T-TE--LRD-KK-QKE-YALF-YKLDVVQINENQGNRSNNS------------------------------------------NKEYRLI---NCNTSAI-T---QA, 0.0449, 0
0.330691, -122.8891, 12, POINT, T, VKLTPLCVTLNCTTNITNITD-------------------------------------DMRGELKN----CSFNV-T-TE--LRD-KK-QKE-YALF-YKLDVVQINENQGNRSNNS------------------------------------------NKEYRLI---NCNTSAI-T---QA, 0.0761, 1
0.331723, -84.9471, 131, POINT, K, VKLTPLCVTLNCTTNITNITD-------------------------------------DMRGELKN----CSFNV-T-TE--LRD-KK-QKE-YALF-YKLDVVQINENQGNRSNNT--------------S---------------------------EKEYRLI---NCNTSAI-T---QA, 1.6224, 0
0.338114, -121.6711, 63, POINT, I, VKLTPLCVTLNCTTNITNITD-------------------------------------DMRGEIKN----CSFNV-T-TE--LRD-KK-QKE-YALF-YKLDVVQINENQGNRSNNS------------------------------------------NKEYRLI---NCNTSAI-T---QA, 0.0761, 0
0.335774, -122.3129, 160, POINT, T, VKLTPLCVTLNCTTNITNITD-------------------------------------DMRGELKN----CSFNV-T-TE--LRD-KK-QKE-YALF-YKLDVVQINENQGNRSNNS------------------------------------------NTEYRLI---NCNTSAI-T---QA, 0.0761, 1
0.343056, -94.4447, [174], CHUNK, ['V'], VKLTPLCVTLNCTTNITNITD-------------------------------------DMRGELKN----CSFNV-T-TE--LRD-KK-QKE-YALF-YKLDVVQINENQGNRSNNS------------------------------------------NTEYRLI---NCNTSVI-T---QA, 0.1163, 0
0.340197, -122.5021, 104, POINT, P, VKLTPLCVTLNCTTNITNITD-------------------------------------DMRGELKN----CSFNV-T-TE--LRD-KK-QKE-YALF-YKLDVVPINENQGNRSNNS------------------------------------------NTEYRLI---NCNTSAI-T---QA, 0.0761, 0
0.343197, -121.0949, 63, POINT, I, VKLTPLCVTLNCTTNITNITD-------------------------------------DMRGEIKN----CSFNV-T-TE--LRD-KK-QKE-YALF-YKLDVVQINENQGNRSNNS------------------------------------------NTEYRLI---NCNTSAI-T---QA, 0.0761, 0
0.343197, -121.0949, 63, POINT, I, VKLTPLCVTLNCTTNITNITD-------------------------------------DMRGEIKN----CSFNV-T-TE--LRD-KK-QKE-YALF-YKLDVVQINENQGNRSNNS------------------------------------------NTEYRLI---NCNTSAI-T---QA, 0.0761, 0
0.342797, -122.0017, [160, 161], CHUNK, ['T', 'S'], VKLTPLCVTLNCTTNITNITD-------------------------------------DMRGELKN----CSFNV-T-TE--LRD-KK-QKE-YALF-YKLDVVQINENQGNRSNNS------------------------------------------NTSYRLI---NCNTSAI-T---QA, 0.0761, 1
0.337852, -112.7382, 136, POINT, T, VKLTPLCVTLNCTTNITNITD-------------------------------------DMRGELKN----CSFNV-T-TE--LRD-KK-QKE-YALF-YKLDVVQINENQGNRSNNS-------------------S----------------------KTSYRLI---NCNTSAI-T---QA, 1.6120, 0
0.348277, -120.7024, [74], CHUNK, ['I'], VKLTPLCVTLNCTTNITNITD-------------------------------------DMRGELKN----CSFNI-T-TE--LRD-KK-QKE-YALF-YKLDVVQINENQGNRSNNS------------------------------------------NTSYRLI---NCNTSAI-T---QA, 0.0761, 0
0.342122, 2547.2455, 118, POINT, T, VKLTPLCVTLNCTTNITNITD-------------------------------------DMRGELKN----CSFNV-T-TE--LRD-KK-QKE-YALF-YKLDVVQINENQGNRSNNS-V----------------------------------------NTSYRLI---NCNTSAI-T---QA, 1.6511, 0
0.357420, -121.3310, [109, 110, 112, 113, 115, 116], CHUNK, ['N', 'N', 'S', 'T', 'S', 'N'], VKLTPLCVTLNCTTNITNITD-------------------------------------DMRGELKN----CSFNV-T-TE--LRD-KK-QKE-YALF-YKLDVVQINENNNNSTNSN------------------------------------------NTSYRLI---NCNTSAI-T---QA, 0.0761, 0
0.342444, -0.9648, [74, 79, 82], CHUNK, ['I', 'N', 'I'], VKLTPLCVTLNCTTNITNITD-------------------------------------DMRGELKN----CSFNI-T-TN--IRD-KK-QKE-YALF-YKLDVVQINENQGNRSNNS------------------------------------------NKEYRLI---NCNTSAI-T---QA, 0.0664, 0
0.335774, -122.3129, 160, POINT, T, VKLTPLCVTLNCTTNITNITD-------------------------------------DMRGELKN----CSFNV-T-TE--LRD-KK-QKE-YALF-YKLDVVQINENQGNRSNNS------------------------------------------NTEYRLI---NCNTSAI-T---QA, 0.0761, 0
0.337973, -95.3518, 174, POINT, V, VKLTPLCVTLNCTTNITNITD-------------------------------------DMRGELKN----CSFNV-T-TE--LRD-KK-QKE-YALF-YKLDVVQINENQGNRSNNS------------------------------------------NKEYRLI---NCNTSVI-T---QA, 0.1870, 0
0.335458, -122.5310, 109, POINT, N, VKLTPLCVTLNCTTNITNITD-------------------------------------DMRGELKN----CSFNV-T-TE--LRD-KK-QKE-YALF-YKLDVVQINENNGNRSNNS------------------------------------------NKEYRLI---NCNTSAI-T---QA, 0.0761, 0
0.328838, -120.9724, 109, POINT, N, VKLTPLCVTLNCSTNITNITD-------------------------------------DMRGELKN----CSFNV-T-TE--LRD-KK-QKE-YALF-YKLDVVQINENNGNRSNNS------------------------------------------NKEYRLI---NCNTSAI-T---QA, 0.0814, 0
0.330691, -122.1354, 12, POINT, T, VKLTPLCVTLNCTTNITNITD-------------------------------------DMRGELKN----CSFNV-T-TE--LRD-KK-QKE-YALF-YKLDVVQINENQGNRSNNS------------------------------------------NKEYRLI---NCNTSAI-T---QA, 0.0814, 0
0.328838, -120.9724, 109, POINT, N, VKLTPLCVTLNCSTNITNITD-------------------------------------DMRGELKN----CSFNV-T-TE--LRD-KK-QKE-YALF-YKLDVVQINENNGNRSNNS------------------------------------------NKEYRLI---NCNTSAI-T---QA, 0.0814, 0
0.336177, -120.4431, [160, 161], CHUNK, ['T', 'S'], VKLTPLCVTLNCSTNITNITD-------------------------------------DMRGELKN----CSFNV-T-TE--LRD-KK-QKE-YALF-YKLDVVQINENQGNRSNNS------------------------------------------NTSYRLI---NCNTSAI-T---QA, 0.0814, 0
