Name base = V1V2_200_sq_1_0_ni
Iters = 200
Soft coverage = 1.31203964383
Energy = -130.12168557
Hard Covereage = 0.0368019545157
Num epitopes = 65
Initial seq = VKLTPLCVTLQCTNVTNNITD-------------------------------------DMRGELKN----CSFNM-T-TE--LRD-KK-QKV-YSLF-YRLDVVQINENQGNRSNNS------------------------------------------NKEYRLI---NCNTSAI-T---QA
-------START OF DATA------
1.328484, -129.6703, 10, POINT, S, VKLTPLCVTLSCTNVTNNITD-------------------------------------DMRGELKN----CSFNM-T-TE--LRD-KK-QKV-YSLF-YRLDVVQINENQGNRSNNS------------------------------------------NKEYRLI---NCNTSAI-T---QA, 0.0399, 1
1.345946, -128.1340, [18], CHUNK, ['N'], VKLTPLCVTLSCTNVTNNNTD-------------------------------------DMRGELKN----CSFNM-T-TE--LRD-KK-QKV-YSLF-YRLDVVQINENQGNRSNNS------------------------------------------NKEYRLI---NCNTSAI-T---QA, 0.0496, 1
1.350163, -128.0906, [4], CHUNK, ['T'], VKLTTLCVTLSCTNVTNNNTD-------------------------------------DMRGELKN----CSFNM-T-TE--LRD-KK-QKV-YSLF-YRLDVVQINENQGNRSNNS------------------------------------------NKEYRLI---NCNTSAI-T---QA, 0.0496, 1
1.380547, -129.5289, [110], CHUNK, ['N'], VKLTTLCVTLSCTNVTNNNTD-------------------------------------DMRGELKN----CSFNM-T-TE--LRD-KK-QKV-YSLF-YRLDVVQINENQNNRSNNS------------------------------------------NKEYRLI---NCNTSAI-T---QA, 0.0496, 0
1.378861, -124.8340, 20, POINT, T, VKLTTLCVTLSCTNVTNNNTT-------------------------------------DMRGELKN----CSFNM-T-TE--LRD-KK-QKV-YSLF-YRLDVVQINENQGNRSNNS------------------------------------------NKEYRLI---NCNTSAI-T---QA, 0.0496, 1
1.401888, -124.6834, 160, POINT, T, VKLTTLCVTLSCTNVTNNNTT-------------------------------------DMRGELKN----CSFNM-T-TE--LRD-KK-QKV-YSLF-YRLDVVQINENQGNRSNNS------------------------------------------NTEYRLI---NCNTSAI-T---QA, 0.0798, 1
1.428433, -125.2279, 58, POINT, N, VKLTTLCVTLSCTNVTNNNTT-------------------------------------NMRGELKN----CSFNM-T-TE--LRD-KK-QKV-YSLF-YRLDVVQINENQGNRSNNS------------------------------------------NTEYRLI---NCNTSAI-T---QA, 0.0791, 1
1.448342, -124.8152, [161], CHUNK, ['S'], VKLTTLCVTLSCTNVTNNNTT-------------------------------------NMRGELKN----CSFNM-T-TE--LRD-KK-QKV-YSLF-YRLDVVQINENQGNRSNNS------------------------------------------NTSYRLI---NCNTSAI-T---QA, 0.0791, 1
1.462904, -122.4127, 60, POINT, S, VKLTTLCVTLSCTNVTNNNTT-------------------------------------NMSGELKN----CSFNM-T-TE--LRD-KK-QKV-YSLF-YRLDVVQINENQGNRSNNS------------------------------------------NTSYRLI---NCNTSAI-T---QA, 0.0791, 0
1.463043, -122.7628, [174], CHUNK, ['T'], VKLTTLCVTLSCTNVTNNNTT-------------------------------------NMRGELKN----CSFNM-T-TE--LRD-KK-QKV-YSLF-YRLDVVQINENQGNRSNNS------------------------------------------NTSYRLI---NCNTSTI-T---QA, 0.0761, 0
1.469300, -123.4277, 89, POINT, N, VKLTTLCVTLSCTNVTNNNTT-------------------------------------NMRGELKN----CSFNM-T-TE--LRD-KK-NKV-YSLF-YRLDVVQINENQGNRSNNS------------------------------------------NTSYRLI---NCNTSAI-T---QA, 0.0791, 0
1.465507, -79.0683, 74, POINT, I, VKLTTLCVTLSCTNVTNNNTT-------------------------------------NMRGELKN----CSFNI-T-TE--LRD-KK-QKV-YSLF-YRLDVVQINENQGNRSNNS------------------------------------------NTSYRLI---NCNTSAI-T---QA, 0.5391, 0
1.451707, -125.3407, 107, POINT, N, VKLTTLCVTLSCTNVTNNNTT-------------------------------------NMRGELKN----CSFNM-T-TE--LRD-KK-QKV-YSLF-YRLDVVQINNNQGNRSNNS------------------------------------------NTEYRLI---NCNTSAI-T---QA, 0.0791, 1
1.466269, -122.9382, 60, POINT, S, VKLTTLCVTLSCTNVTNNNTT-------------------------------------NMSGELKN----CSFNM-T-TE--LRD-KK-QKV-YSLF-YRLDVVQINNNQGNRSNNS------------------------------------------NTEYRLI---NCNTSAI-T---QA, 0.0791, 1
1.471866, -123.2312, [101], CHUNK, ['N'], VKLTTLCVTLSCTNVTNNNTT-------------------------------------NMSGELKN----CSFNM-T-TE--LRD-KK-QKV-YSLF-YRLNVVQINNNQGNRSNNS------------------------------------------NTEYRLI---NCNTSAI-T---QA, 0.0813, 0
1.497740, -121.9004, [109], CHUNK, ['S'], VKLTTLCVTLSCTNVTNNNTT-------------------------------------NMSGELKN----CSFNM-T-TE--LRD-KK-QKV-YSLF-YRLDVVQINNNSGNRSNNS------------------------------------------NTEYRLI---NCNTSAI-T---QA, 0.0791, 0
1.486179, -123.6176, 161, POINT, S, VKLTTLCVTLSCTNVTNNNTT-------------------------------------NMSGELKN----CSFNM-T-TE--LRD-KK-QKV-YSLF-YRLDVVQINNNQGNRSNNS------------------------------------------NTSYRLI---NCNTSAI-T---QA, 0.0598, 1
1.496793, -122.4509, 93, POINT, T, VKLTTLCVTLSCTNVTNNNTT-------------------------------------NMSGELKN----CSFNM-T-TE--LRD-KK-QKV-TSLF-YRLDVVQINNNQGNRSNNS------------------------------------------NTSYRLI---NCNTSAI-T---QA, 0.0794, 1
1.505029, -122.1952, [89], CHUNK, ['K'], VKLTTLCVTLSCTNVTNNNTT-------------------------------------NMSGELKN----CSFNM-T-TE--LRD-KK-KKV-TSLF-YRLDVVQINNNQGNRSNNS------------------------------------------NTSYRLI---NCNTSAI-T---QA, 0.0794, 0
1.516524, -121.2132, [99], CHUNK, ['T'], VKLTTLCVTLSCTNVTNNNTT-------------------------------------NMSGELKN----CSFNM-T-TE--LRD-KK-QKV-TSLF-YTLDVVQINNNQGNRSNNS------------------------------------------NTSYRLI---NCNTSAI-T---QA, 0.0715, 0
1.529069, -122.8177, [112], CHUNK, ['N'], VKLTTLCVTLSCTNVTNNNTT-------------------------------------NMSGELKN----CSFNM-T-TE--LRD-KK-QKV-TSLF-YRLDVVQINNNQGNNSNNS------------------------------------------NTSYRLI---NCNTSAI-T---QA, 0.0794, 0
1.529035, -123.3029, 10, POINT, N, VKLTTLCVTLNCTNVTNNNTT-------------------------------------NMSGELKN----CSFNM-T-TE--LRD-KK-QKV-TSLF-YRLDVVQINNNQGNRSNNS------------------------------------------NTSYRLI---NCNTSAI-T---QA, 0.0794, 1
1.536744, -121.1331, 98, POINT, N, VKLTTLCVTLNCTNVTNNNTT-------------------------------------NMSGELKN----CSFNM-T-TE--LRD-KK-QKV-TSLF-NRLDVVQINNNQGNRSNNS------------------------------------------NTSYRLI---NCNTSAI-T---QA, 0.0934, 1
1.546877, -121.7498, 84, POINT, N, VKLTTLCVTLNCTNVTNNNTT-------------------------------------NMSGELKN----CSFNM-T-TE--LRN-KK-QKV-TSLF-NRLDVVQINNNQGNRSNNS------------------------------------------NTSYRLI---NCNTSAI-T---QA, 0.0934, 0
1.553909, -94.0766, 74, POINT, I, VKLTTLCVTLNCTNVTNNNTT-------------------------------------NMSGELKN----CSFNI-T-TE--LRD-KK-QKV-TSLF-NRLDVVQINNNQGNRSNNS------------------------------------------NTSYRLI---NCNTSAI-T---QA, 0.5213, 0
1.547590, -119.2787, 100, POINT, T, VKLTTLCVTLNCTNVTNNNTT-------------------------------------NMSGELKN----CSFNM-T-TE--LRD-KK-QKV-TSLF-NRTDVVQINNNQGNRSNNS------------------------------------------NTSYRLI---NCNTSAI-T---QA, 0.0945, 0
1.538625, -114.3540, [96], CHUNK, ['L'], VKLTTLCVTLNCTNVTNNNTT-------------------------------------NMSGELKN----CSFNM-T-TE--LRD-KK-QKV-TSLL-NRLDVVQINNNQGNRSNNS------------------------------------------NTSYRLI---NCNTSAI-T---QA, 0.0934, 0
1.536280, -124.1202, 59, POINT, E, VKLTTLCVTLNCTNVTNNNTT-------------------------------------NESGELKN----CSFNM-T-TE--LRD-KK-QKV-TSLF-YRLDVVQINNNQGNRSNNS------------------------------------------NTSYRLI---NCNTSAI-T---QA, 0.0987, 1
1.560669, -107.2719, 61, POINT, T, VKLTTLCVTLNCTNVTNNNTT-------------------------------------NESTELKN----CSFNM-T-TE--LRD-KK-QKV-TSLF-YRLDVVQINNNQGNRSNNS------------------------------------------NTSYRLI---NCNTSAI-T---QA, 0.1638, 0
1.547565, -120.7065, [60], CHUNK, ['T'], VKLTTLCVTLNCTNVTNNNTT-------------------------------------NETGELKN----CSFNM-T-TE--LRD-KK-QKV-TSLF-YRLDVVQINNNQGNRSNNS------------------------------------------NTSYRLI---NCNTSAI-T---QA, 0.0987, 0
1.548866, -123.4271, 103, POINT, T, VKLTTLCVTLNCTNVTNNNTT-------------------------------------NESGELKN----CSFNM-T-TE--LRD-KK-QKV-TSLF-YRLDVTQINNNQGNRSNNS------------------------------------------NTSYRLI---NCNTSAI-T---QA, 0.0987, 0
1.542266, -125.6009, 110, POINT, D, VKLTTLCVTLNCTNVTNNNTT-------------------------------------NESGELKN----CSFNM-T-TE--LRD-KK-QKV-TSLF-YRLDVVQINNNQDNRSNNS------------------------------------------NTSYRLI---NCNTSAI-T---QA, 0.1086, 0
1.546200, -72.7967, [74], CHUNK, ['I'], VKLTTLCVTLNCTNVTNNNTT-------------------------------------NMSGELKN----CSFNI-T-TE--LRD-KK-QKV-TSLF-YRLDVVQINNNQGNRSNNS------------------------------------------NTSYRLI---NCNTSAI-T---QA, 0.3590, 0
1.538112, -121.5637, [103], CHUNK, ['N'], VKLTTLCVTLNCTNVTNNNTT-------------------------------------NMSGELKN----CSFNM-T-TE--LRD-KK-QKV-TSLF-YRLDVNQINNNQGNRSNNS------------------------------------------NTSYRLI---NCNTSAI-T---QA, 0.0826, 1
1.544091, -118.4276, 96, POINT, S, VKLTTLCVTLNCTNVTNNNTT-------------------------------------NMSGELKN----CSFNM-T-TE--LRD-KK-QKV-TSLS-YRLDVNQINNNQGNRSNNS------------------------------------------NTSYRLI---NCNTSAI-T---QA, 0.0826, 0
1.556625, -121.0195, [112], CHUNK, ['S'], VKLTTLCVTLNCTNVTNNNTT-------------------------------------NMSGELKN----CSFNM-T-TE--LRD-KK-QKV-TSLF-YRLDVNQINNNQGNSSNNS------------------------------------------NTSYRLI---NCNTSAI-T---QA, 0.0829, 0
1.552814, -119.3669, 174, POINT, T, VKLTTLCVTLNCTNVTNNNTT-------------------------------------NMSGELKN----CSFNM-T-TE--LRD-KK-QKV-TSLF-YRLDVNQINNNQGNRSNNS------------------------------------------NTSYRLI---NCNTSTI-T---QA, 0.0826, 1
1.571676, -118.5814, 104, POINT, S, VKLTTLCVTLNCTNVTNNNTT-------------------------------------NMSGELKN----CSFNM-T-TE--LRD-KK-QKV-TSLF-YRLDVNSINNNQGNRSNNS------------------------------------------NTSYRLI---NCNTSTI-T---QA, 0.0826, 0
1.590186, -119.0093, [109], CHUNK, ['N'], VKLTTLCVTLNCTNVTNNNTT-------------------------------------NMSGELKN----CSFNM-T-TE--LRD-KK-QKV-TSLF-YRLDVNQINNNNGNRSNNS------------------------------------------NTSYRLI---NCNTSTI-T---QA, 0.0826, 0
1.557834, -118.2986, [74], CHUNK, ['A'], VKLTTLCVTLNCTNVTNNNTT-------------------------------------NMSGELKN----CSFNA-T-TE--LRD-KK-QKV-TSLF-YRLDVNQINNNQGNRSNNS------------------------------------------NTSYRLI---NCNTSTI-T---QA, 0.0826, 0
1.566191, -119.1091, [113], CHUNK, ['T'], VKLTTLCVTLNCTNVTNNNTT-------------------------------------NMSGELKN----CSFNM-T-TE--LRD-KK-QKV-TSLF-YRLDVNQINNNQGNRTNNS------------------------------------------NTSYRLI---NCNTSTI-T---QA, 0.0826, 0
1.542854, -119.9773, 63, POINT, I, VKLTTLCVTLNCTNVTNNNTT-------------------------------------NMSGEIKN----CSFNM-T-TE--LRD-KK-QKV-TSLF-YRLDVNQINNNQGNRSNNS------------------------------------------NTSYRLI---NCNTSAI-T---QA, 0.0708, 0
1.551059, -120.6595, [62], CHUNK, ['T'], VKLTTLCVTLNCTNVTNNNTT-------------------------------------NMSGTLKN----CSFNM-T-TE--LRD-KK-QKV-TSLF-YRLDVNQINNNQGNRSNNS------------------------------------------NTSYRLI---NCNTSAI-T---QA, 0.0826, 1
1.560609, -120.0361, [79], CHUNK, ['S'], VKLTTLCVTLNCTNVTNNNTT-------------------------------------NMSGTLKN----CSFNM-T-TS--LRD-KK-QKV-TSLF-YRLDVNQINNNQGNRSNNS------------------------------------------NTSYRLI---NCNTSAI-T---QA, 0.0798, 0
1.558574, -121.1111, 59, POINT, E, VKLTTLCVTLNCTNVTNNNTT-------------------------------------NESGTLKN----CSFNM-T-TE--LRD-KK-QKV-TSLF-YRLDVNQINNNQGNRSNNS------------------------------------------NTSYRLI---NCNTSAI-T---QA, 0.0826, 0
1.560988, -118.2972, 165, POINT, T, VKLTTLCVTLNCTNVTNNNTT-------------------------------------NMSGTLKN----CSFNM-T-TE--LRD-KK-QKV-TSLF-YRLDVNQINNNQGNRSNNS------------------------------------------NTSYRLT---NCNTSAI-T---QA, 0.0798, 1
1.598360, -117.9394, [109], CHUNK, ['N'], VKLTTLCVTLNCTNVTNNNTT-------------------------------------NMSGTLKN----CSFNM-T-TE--LRD-KK-QKV-TSLF-YRLDVNQINNNNGNRSNNS------------------------------------------NTSYRLT---NCNTSAI-T---QA, 0.0798, 0
1.592913, -114.2024, [74], CHUNK, ['T'], VKLTTLCVTLNCTNVTNNNTT-------------------------------------NMSGTLKN----CSFNT-T-TE--LRD-KK-QKV-TSLF-YRLDVNQINNNQGNRSNNS------------------------------------------NTSYRLT---NCNTSAI-T---QA, 0.0798, 0
1.598360, -117.9394, 109, POINT, N, VKLTTLCVTLNCTNVTNNNTT-------------------------------------NMSGTLKN----CSFNM-T-TE--LRD-KK-QKV-TSLF-YRLDVNQINNNNGNRSNNS------------------------------------------NTSYRLT---NCNTSAI-T---QA, 0.0798, 0
1.568503, -118.7491, 59, POINT, E, VKLTTLCVTLNCTNVTNNNTT-------------------------------------NESGTLKN----CSFNM-T-TE--LRD-KK-QKV-TSLF-YRLDVNQINNNQGNRSNNS------------------------------------------NTSYRLT---NCNTSAI-T---QA, 0.0798, 0
1.569921, -120.3522, 104, POINT, S, VKLTTLCVTLNCTNVTNNNTT-------------------------------------NMSGTLKN----CSFNM-T-TE--LRD-KK-QKV-TSLF-YRLDVNSINNNQGNRSNNS------------------------------------------NTSYRLI---NCNTSAI-T---QA, 0.1156, 0
1.568115, -83.7775, 74, POINT, I, VKLTTLCVTLNCTNVTNNNTT-------------------------------------NMSGTLKN----CSFNI-T-TE--LRD-KK-QKV-TSLF-YRLDVNQINNNQGNRSNNS------------------------------------------NTSYRLI---NCNTSAI-T---QA, 0.2917, 0
1.565760, -118.5522, 174, POINT, T, VKLTTLCVTLNCTNVTNNNTT-------------------------------------NMSGTLKN----CSFNM-T-TE--LRD-KK-QKV-TSLF-YRLDVNQINNNQGNRSNNS------------------------------------------NTSYRLI---NCNTSTI-T---QA, 0.0883, 1
1.570295, -118.5694, [104], CHUNK, ['P'], VKLTTLCVTLNCTNVTNNNTT-------------------------------------NMSGTLKN----CSFNM-T-TE--LRD-KK-QKV-TSLF-YRLDVNPINNNQGNRSNNS------------------------------------------NTSYRLI---NCNTSTI-T---QA, 0.0908, 0
1.585393, -115.3426, 91, POINT, N, VKLTTLCVTLNCTNVTNNNTT-------------------------------------NMSGTLKN----CSFNM-T-TE--LRD-KK-QKN-TSLF-YRLDVNQINNNQGNRSNNS------------------------------------------NTSYRLI---NCNTSTI-T---QA, 0.0927, 0
1.579960, -119.9360, 163, POINT, T, VKLTTLCVTLNCTNVTNNNTT-------------------------------------NMSGTLKN----CSFNM-T-TE--LRD-KK-QKV-TSLF-YRLDVNQINNNQGNRSNNS------------------------------------------NTSYTLI---NCNTSTI-T---QA, 0.0904, 0
1.597033, -117.6493, [109], CHUNK, ['S'], VKLTTLCVTLNCTNVTNNNTT-------------------------------------NMSGTLKN----CSFNM-T-TE--LRD-KK-QKV-TSLF-YRLDVNQINNNSGNRSNNS------------------------------------------NTSYRLI---NCNTSTI-T---QA, 0.1036, 0
1.562574, -120.9768, 101, POINT, N, VKLTTLCVTLNCTNVTNNNTT-------------------------------------NMSGTLKN----CSFNM-T-TE--LRD-KK-QKV-TSLF-YRLNVNQINNNQGNRSNNS------------------------------------------NTSYRLI---NCNTSAI-T---QA, 0.0946, 1
1.606903, -119.6703, 109, POINT, T, VKLTTLCVTLNCTNVTNNNTT-------------------------------------NMSGTLKN----CSFNM-T-TE--LRD-KK-QKV-TSLF-YRLNVNQINNNTGNRSNNS------------------------------------------NTSYRLI---NCNTSAI-T---QA, 0.0898, 0
1.572520, -120.2629, [64], CHUNK, ['T'], VKLTTLCVTLNCTNVTNNNTT-------------------------------------NMSGTLTN----CSFNM-T-TE--LRD-KK-QKV-TSLF-YRLNVNQINNNQGNRSNNS------------------------------------------NTSYRLI---NCNTSAI-T---QA, 0.0927, 0
1.584288, -120.6977, [105], CHUNK, ['T'], VKLTTLCVTLNCTNVTNNNTT-------------------------------------NMSGTLKN----CSFNM-T-TE--LRD-KK-QKV-TSLF-YRLNVNQTNNNQGNRSNNS------------------------------------------NTSYRLI---NCNTSAI-T---QA, 0.0946, 0
1.582074, -120.2445, [79], CHUNK, ['N'], VKLTTLCVTLNCTNVTNNNTT-------------------------------------NMSGTLKN----CSFNM-T-TN--LRD-KK-QKV-TSLF-YRLNVNQINNNQGNRSNNS------------------------------------------NTSYRLI---NCNTSAI-T---QA, 0.0946, 0
1.560609, -120.0374, [79], CHUNK, ['S'], VKLTTLCVTLNCTNVTNNNTT-------------------------------------NMSGTLKN----CSFNM-T-TS--LRD-KK-QKV-TSLF-YRLDVNQINNNQGNRSNNS------------------------------------------NTSYRLI---NCNTSAI-T---QA, 0.0817, 0
1.560988, -118.1528, [165], CHUNK, ['T'], VKLTTLCVTLNCTNVTNNNTT-------------------------------------NMSGTLKN----CSFNM-T-TE--LRD-KK-QKV-TSLF-YRLDVNQINNNQGNRSNNS------------------------------------------NTSYRLT---NCNTSAI-T---QA, 0.0826, 0
1.563371, -120.2546, [116], CHUNK, ['N'], VKLTTLCVTLNCTNVTNNNTT-------------------------------------NMSGTLKN----CSFNM-T-TE--LRD-KK-QKV-TSLF-YRLDVNQINNNQGNRSNNN------------------------------------------NTSYRLI---NCNTSAI-T---QA, 0.1054, 0
1.557666, -118.8376, 95, POINT, T, VKLTTLCVTLNCTNVTNNNTT-------------------------------------NMSGTLKN----CSFNM-T-TE--LRD-KK-QKV-TSTF-YRLDVNQINNNQGNRSNNS------------------------------------------NTSYRLI---NCNTSAI-T---QA, 0.1089, 1
1.562973, -0.1976, [82], CHUNK, ['I'], VKLTTLCVTLNCTNVTNNNTT-------------------------------------NMSGTLKN----CSFNM-T-TE--IRD-KK-QKV-TSTF-YRLDVNQINNNQGNRSNNS------------------------------------------NTSYRLI---NCNTSAI-T---QA, 0.2500, 0
1.589591, -114.6571, [74], CHUNK, ['T'], VKLTTLCVTLNCTNVTNNNTT-------------------------------------NMSGTLKN----CSFNT-T-TE--LRD-KK-QKV-TSTF-YRLDVNQINNNQGNRSNNS------------------------------------------NTSYRLI---NCNTSAI-T---QA, 0.1105, 0
1.577166, -118.2139, 79, POINT, N, VKLTTLCVTLNCTNVTNNNTT-------------------------------------NMSGTLKN----CSFNM-T-TN--LRD-KK-QKV-TSTF-YRLDVNQINNNQGNRSNNS------------------------------------------NTSYRLI---NCNTSAI-T---QA, 0.1094, 0
1.572415, -118.3664, [116], CHUNK, ['T'], VKLTTLCVTLNCTNVTNNNTT-------------------------------------NMSGTLKN----CSFNM-T-TE--LRD-KK-QKV-TSTF-YRLDVNQINNNQGNRSNNT------------------------------------------NTSYRLI---NCNTSAI-T---QA, 0.1089, 0
1.565878, -118.0481, [99], CHUNK, ['N'], VKLTTLCVTLNCTNVTNNNTT-------------------------------------NMSGTLKN----CSFNM-T-TE--LRD-KK-QKV-TSLF-YNLDVNQINNNQGNRSNNS------------------------------------------NTSYRLI---NCNTSAI-T---QA, 0.0826, 0
1.568115, -83.2643, [74], CHUNK, ['I'], VKLTTLCVTLNCTNVTNNNTT-------------------------------------NMSGTLKN----CSFNI-T-TE--LRD-KK-QKV-TSLF-YRLDVNQINNNQGNRSNNS------------------------------------------NTSYRLI---NCNTSAI-T---QA, 0.3164, 0
1.561192, -121.5488, 84, POINT, N, VKLTTLCVTLNCTNVTNNNTT-------------------------------------NMSGTLKN----CSFNM-T-TE--LRN-KK-QKV-TSLF-YRLDVNQINNNQGNRSNNS------------------------------------------NTSYRLI---NCNTSAI-T---QA, 0.0938, 1
1.576459, -106.4905, 74, POINT, V, VKLTTLCVTLNCTNVTNNNTT-------------------------------------NMSGTLKN----CSFNV-T-TE--LRN-KK-QKV-TSLF-YRLDVNQINNNQGNRSNNS------------------------------------------NTSYRLI---NCNTSAI-T---QA, 0.3578, 0
1.576459, -108.4350, [74], CHUNK, ['V'], VKLTTLCVTLNCTNVTNNNTT-------------------------------------NMSGTLKN----CSFNV-T-TE--LRN-KK-QKV-TSLF-YRLDVNQINNNQGNRSNNS------------------------------------------NTSYRLI---NCNTSAI-T---QA, 0.1940, 0
1.591829, -120.8980, [112], CHUNK, ['T'], VKLTTLCVTLNCTNVTNNNTT-------------------------------------NMSGTLKN----CSFNM-T-TE--LRN-KK-QKV-TSLF-YRLDVNQINNNQGNTSNNS------------------------------------------NTSYRLI---NCNTSAI-T---QA, 0.1194, 0
1.569440, -120.9074, 104, POINT, K, VKLTTLCVTLNCTNVTNNNTT-------------------------------------NMSGTLKN----CSFNM-T-TE--LRN-KK-QKV-TSLF-YRLDVNKINNNQGNRSNNS------------------------------------------NTSYRLI---NCNTSAI-T---QA, 0.0938, 1
1.590888, -120.1353, [89], CHUNK, ['T'], VKLTTLCVTLNCTNVTNNNTT-------------------------------------NMSGTLKN----CSFNM-T-TE--LRN-KK-TKV-TSLF-YRLDVNKINNNQGNRSNNS------------------------------------------NTSYRLI---NCNTSAI-T---QA, 0.0938, 0
1.576454, -100.6926, 174, POINT, V, VKLTTLCVTLNCTNVTNNNTT-------------------------------------NMSGTLKN----CSFNM-T-TE--LRN-KK-QKV-TSLF-YRLDVNKINNNQGNRSNNS------------------------------------------NTSYRLI---NCNTSVI-T---QA, 0.2895, 0
1.578833, -118.0611, [98], CHUNK, ['N'], VKLTTLCVTLNCTNVTNNNTT-------------------------------------NMSGTLKN----CSFNM-T-TE--LRN-KK-QKV-TSLF-NRLDVNKINNNQGNRSNNS------------------------------------------NTSYRLI---NCNTSAI-T---QA, 0.0938, 1
1.588778, -116.9080, 64, POINT, T, VKLTTLCVTLNCTNVTNNNTT-------------------------------------NMSGTLTN----CSFNM-T-TE--LRN-KK-QKV-TSLF-NRLDVNKINNNQGNRSNNS------------------------------------------NTSYRLI---NCNTSAI-T---QA, 0.0938, 0
1.592619, -119.4766, [163], CHUNK, ['T'], VKLTTLCVTLNCTNVTNNNTT-------------------------------------NMSGTLKN----CSFNM-T-TE--LRN-KK-QKV-TSLF-NRLDVNKINNNQGNRSNNS------------------------------------------NTSYTLI---NCNTSAI-T---QA, 0.0938, 0
1.615894, -117.0309, [59], CHUNK, ['T'], VKLTTLCVTLNCTNVTNNNTT-------------------------------------NTSGTLKN----CSFNM-T-TE--LRN-KK-QKV-TSLF-NRLDVNKINNNQGNRSNNS------------------------------------------NTSYRLI---NCNTSAI-T---QA, 0.0938, 0
1.595731, -75.5020, 74, POINT, I, VKLTTLCVTLNCTNVTNNNTT-------------------------------------NMSGTLKN----CSFNI-T-TE--LRN-KK-QKV-TSLF-NRLDVNKINNNQGNRSNNS------------------------------------------NTSYRLI---NCNTSAI-T---QA, 0.4783, 0
1.581902, -117.4707, 60, POINT, T, VKLTTLCVTLNCTNVTNNNTT-------------------------------------NMTGTLKN----CSFNM-T-TE--LRN-KK-QKV-TSLF-YRLDVNKINNNQGNRSNNS------------------------------------------NTSYRLI---NCNTSAI-T---QA, 0.0938, 1
1.596519, -115.1230, [99], CHUNK, ['N'], VKLTTLCVTLNCTNVTNNNTT-------------------------------------NMTGTLKN----CSFNM-T-TE--LRN-KK-QKV-TSLF-YNLDVNKINNNQGNRSNNS------------------------------------------NTSYRLI---NCNTSAI-T---QA, 0.0924, 0
1.598799, -70.1206, [74], CHUNK, ['I'], VKLTTLCVTLNCTNVTNNNTT-------------------------------------NMTGTLKN----CSFNI-T-TE--LRN-KK-QKV-TSLF-YRLDVNKINNNQGNRSNNS------------------------------------------NTSYRLI---NCNTSAI-T---QA, 0.5564, 0
1.596603, -115.2731, 174, POINT, T, VKLTTLCVTLNCTNVTNNNTT-------------------------------------NMTGTLKN----CSFNM-T-TE--LRN-KK-QKV-TSLF-YRLDVNKINNNQGNRSNNS------------------------------------------NTSYRLI---NCNTSTI-T---QA, 0.0938, 0
1.595056, -116.8135, [59], CHUNK, ['V'], VKLTTLCVTLNCTNVTNNNTT-------------------------------------NVTGTLKN----CSFNM-T-TE--LRN-KK-QKV-TSLF-YRLDVNKINNNQGNRSNNS------------------------------------------NTSYRLI---NCNTSAI-T---QA, 0.0905, 0
1.586338, -74.5440, 74, POINT, I, VKLTTLCVTLNCTNVTNNNTT-------------------------------------NMSGTLKN----CSFNI-T-TE--LRN-KK-QKV-TSLF-YRLDVNKINNNQGNRSNNS------------------------------------------NTSYRLI---NCNTSAI-T---QA, 0.3975, 0
1.572982, -120.7534, [71], CHUNK, ['T'], VKLTTLCVTLNCTNVTNNNTT-------------------------------------NMSGTLKN----CTFNM-T-TE--LRN-KK-QKV-TSLF-YRLDVNKINNNQGNRSNNS------------------------------------------NTSYRLI---NCNTSAI-T---QA, 0.0938, 1
1.585221, -121.0002, [101], CHUNK, ['N'], VKLTTLCVTLNCTNVTNNNTT-------------------------------------NMSGTLKN----CTFNM-T-TE--LRN-KK-QKV-TSLF-YRLNVNKINNNQGNRSNNS------------------------------------------NTSYRLI---NCNTSAI-T---QA, 0.0938, 0
1.588079, -104.0714, [74], CHUNK, ['V'], VKLTTLCVTLNCTNVTNNNTT-------------------------------------NMSGTLKN----CTFNV-T-TE--LRN-KK-QKV-TSLF-YRLDVNKINNNQGNRSNNS------------------------------------------NTSYRLI---NCNTSAI-T---QA, 0.2010, 0
1.594853, -121.1273, [14], CHUNK, ['T'], VKLTTLCVTLNCTNTTNNNTT-------------------------------------NMSGTLKN----CTFNM-T-TE--LRN-KK-QKV-TSLF-YRLDVNKINNNQGNRSNNS------------------------------------------NTSYRLI---NCNTSAI-T---QA, 0.0938, 0
1.611512, -120.4453, 109, POINT, N, VKLTTLCVTLNCTNVTNNNTT-------------------------------------NMSGTLKN----CTFNM-T-TE--LRN-KK-QKV-TSLF-YRLDVNKINNNNGNRSNNS------------------------------------------NTSYRLI---NCNTSAI-T---QA, 0.0938, 0
1.579385, -119.7554, 64, POINT, T, VKLTTLCVTLNCTNVTNNNTT-------------------------------------NMSGTLTN----CSFNM-T-TE--LRN-KK-QKV-TSLF-YRLDVNKINNNQGNRSNNS------------------------------------------NTSYRLI---NCNTSAI-T---QA, 0.0938, 1
1.596408, -119.2535, [87], CHUNK, ['T'], VKLTTLCVTLNCTNVTNNNTT-------------------------------------NMSGTLTN----CSFNM-T-TE--LRN-KT-QKV-TSLF-YRLDVNKINNNQGNRSNNS------------------------------------------NTSYRLI---NCNTSAI-T---QA, 0.0938, 0
1.594087, -117.5579, 174, POINT, T, VKLTTLCVTLNCTNVTNNNTT-------------------------------------NMSGTLTN----CSFNM-T-TE--LRN-KK-QKV-TSLF-YRLDVNKINNNQGNRSNNS------------------------------------------NTSYRLI---NCNTSTI-T---QA, 0.0938, 1
1.628294, -118.1601, [110], CHUNK, ['T'], VKLTTLCVTLNCTNVTNNNTT-------------------------------------NMSGTLTN----CSFNM-T-TE--LRN-KK-QKV-TSLF-YRLDVNKINNNQTNRSNNS------------------------------------------NTSYRLI---NCNTSTI-T---QA, 0.0780, 0
1.603479, -114.7105, [98], CHUNK, ['N'], VKLTTLCVTLNCTNVTNNNTT-------------------------------------NMSGTLTN----CSFNM-T-TE--LRN-KK-QKV-TSLF-NRLDVNKINNNQGNRSNNS------------------------------------------NTSYRLI---NCNTSTI-T---QA, 0.0938, 0
1.638354, -116.2195, [109], CHUNK, ['T'], VKLTTLCVTLNCTNVTNNNTT-------------------------------------NMSGTLTN----CSFNM-T-TE--LRN-KK-QKV-TSLF-YRLDVNKINNNTGNRSNNS------------------------------------------NTSYRLI---NCNTSTI-T---QA, 0.0938, 0
1.603479, -115.5026, [98], CHUNK, ['N'], VKLTTLCVTLNCTNVTNNNTT-------------------------------------NMSGTLTN----CSFNM-T-TE--LRN-KK-QKV-TSLF-NRLDVNKINNNQGNRSNNS------------------------------------------NTSYRLI---NCNTSTI-T---QA, 0.0848, 0
1.599202, -119.0851, 79, POINT, N, VKLTTLCVTLNCTNVTNNNTT-------------------------------------NMSGTLTN----CSFNM-T-TN--LRN-KK-QKV-TSLF-YRLDVNKINNNQGNRSNNS------------------------------------------NTSYRLI---NCNTSAI-T---QA, 0.0951, 0
1.600629, -119.4768, 105, POINT, T, VKLTTLCVTLNCTNVTNNNTT-------------------------------------NMSGTLTN----CSFNM-T-TE--LRN-KK-QKV-TSLF-YRLDVNKTNNNQGNRSNNS------------------------------------------NTSYRLI---NCNTSAI-T---QA, 0.0938, 0
1.589328, -119.2055, 91, POINT, T, VKLTTLCVTLNCTNVTNNNTT-------------------------------------NMSGTLTN----CSFNM-T-TE--LRN-KK-QKT-TSLF-YRLDVNKINNNQGNRSNNS------------------------------------------NTSYRLI---NCNTSAI-T---QA, 0.0938, 0
1.591998, -115.0746, 82, POINT, T, VKLTTLCVTLNCTNVTNNNTT-------------------------------------NMSGTLTN----CSFNM-T-TE--TRN-KK-QKV-TSLF-YRLDVNKINNNQGNRSNNS------------------------------------------NTSYRLI---NCNTSAI-T---QA, 0.0938, 0
1.579385, -119.7554, [64], CHUNK, ['T'], VKLTTLCVTLNCTNVTNNNTT-------------------------------------NMSGTLTN----CSFNM-T-TE--LRN-KK-QKV-TSLF-YRLDVNKINNNQGNRSNNS------------------------------------------NTSYRLI---NCNTSAI-T---QA, 0.0938, 0
1.574309, -49.3590, 82, POINT, I, VKLTTLCVTLNCTNVTNNNTT-------------------------------------NMSGTLKN----CSFNM-T-TE--IRN-KK-QKV-TSLF-YRLDVNKINNNQGNRSNNS------------------------------------------NTSYRLI---NCNTSAI-T---QA, 0.3669, 0
1.578393, -120.0467, 79, POINT, S, VKLTTLCVTLNCTNVTNNNTT-------------------------------------NMSGTLKN----CSFNM-T-TS--LRN-KK-QKV-TSLF-YRLDVNKINNNQGNRSNNS------------------------------------------NTSYRLI---NCNTSAI-T---QA, 0.0938, 0
1.578399, -120.6529, [89], CHUNK, ['K'], VKLTTLCVTLNCTNVTNNNTT-------------------------------------NMSGTLKN----CSFNM-T-TE--LRN-KK-KKV-TSLF-YRLDVNKINNNQGNRSNNS------------------------------------------NTSYRLI---NCNTSAI-T---QA, 0.0938, 0
1.578090, -100.9727, [74], CHUNK, ['I'], VKLTTLCVTLNCTNVTNNNTT-------------------------------------NMSGTLKN----CSFNI-T-TE--LRN-KK-QKV-TSLF-YRLDVNQINNNQGNRSNNS------------------------------------------NTSYRLI---NCNTSAI-T---QA, 0.4187, 0
1.570756, -118.8807, [98], CHUNK, ['N'], VKLTTLCVTLNCTNVTNNNTT-------------------------------------NMSGTLKN----CSFNM-T-TE--LRN-KK-QKV-TSLF-NRLDVNQINNNQGNRSNNS------------------------------------------NTSYRLI---NCNTSAI-T---QA, 0.0925, 0
1.576459, -103.4537, [74], CHUNK, ['V'], VKLTTLCVTLNCTNVTNNNTT-------------------------------------NMSGTLKN----CSFNV-T-TE--LRN-KK-QKV-TSLF-YRLDVNQINNNQGNRSNNS------------------------------------------NTSYRLI---NCNTSAI-T---QA, 0.3474, 0
1.592465, -120.5095, [109], CHUNK, ['S'], VKLTTLCVTLNCTNVTNNNTT-------------------------------------NMSGTLKN----CSFNM-T-TE--LRN-KK-QKV-TSLF-YRLDVNQINNNSGNRSNNS------------------------------------------NTSYRLI---NCNTSAI-T---QA, 0.0938, 1
1.612234, -119.8584, [104], CHUNK, ['S'], VKLTTLCVTLNCTNVTNNNTT-------------------------------------NMSGTLKN----CSFNM-T-TE--LRN-KK-QKV-TSLF-YRLDVNSINNNSGNRSNNS------------------------------------------NTSYRLI---NCNTSAI-T---QA, 0.0938, 0
1.597333, -53.0789, [82], CHUNK, ['I'], VKLTTLCVTLNCTNVTNNNTT-------------------------------------NMSGTLKN----CSFNM-T-TE--IRN-KK-QKV-TSLF-YRLDVNQINNNSGNRSNNS------------------------------------------NTSYRLI---NCNTSAI-T---QA, 0.1909, 0
1.625252, -119.8343, [112], CHUNK, ['T'], VKLTTLCVTLNCTNVTNNNTT-------------------------------------NMSGTLKN----CSFNM-T-TE--LRN-KK-QKV-TSLF-YRLDVNQINNNSGNTSNNS------------------------------------------NTSYRLI---NCNTSAI-T---QA, 0.0938, 1
1.640520, -107.4615, 74, POINT, V, VKLTTLCVTLNCTNVTNNNTT-------------------------------------NMSGTLKN----CSFNV-T-TE--LRN-KK-QKV-TSLF-YRLDVNQINNNSGNTSNNS------------------------------------------NTSYRLI---NCNTSAI-T---QA, 0.1709, 0
1.626007, -113.0841, [96], CHUNK, ['L'], VKLTTLCVTLNCTNVTNNNTT-------------------------------------NMSGTLKN----CSFNM-T-TE--LRN-KK-QKV-TSLL-YRLDVNQINNNSGNTSNNS------------------------------------------NTSYRLI---NCNTSAI-T---QA, 0.0938, 0
1.632266, -101.3541, 174, POINT, V, VKLTTLCVTLNCTNVTNNNTT-------------------------------------NMSGTLKN----CSFNM-T-TE--LRN-KK-QKV-TSLF-YRLDVNQINNNSGNTSNNS------------------------------------------NTSYRLI---NCNTSVI-T---QA, 0.3230, 0
1.641664, -120.5156, [90], CHUNK, ['N'], VKLTTLCVTLNCTNVTNNNTT-------------------------------------NMSGTLKN----CSFNM-T-TE--LRN-KK-QNV-TSLF-YRLDVNQINNNSGNTSNNS------------------------------------------NTSYRLI---NCNTSAI-T---QA, 0.0938, 1
1.649179, -120.9706, 59, POINT, E, VKLTTLCVTLNCTNVTNNNTT-------------------------------------NESGTLKN----CSFNM-T-TE--LRN-KK-QNV-TSLF-YRLDVNQINNNSGNTSNNS------------------------------------------NTSYRLI---NCNTSAI-T---QA, 0.0798, 0
1.646502, -38.6425, 82, POINT, I, VKLTTLCVTLNCTNVTNNNTT-------------------------------------NMSGTLKN----CSFNM-T-TE--IRN-KK-QNV-TSLF-YRLDVNQINNNSGNTSNNS------------------------------------------NTSYRLI---NCNTSAI-T---QA, 0.2921, 0
1.658562, -87.6512, 74, POINT, I, VKLTTLCVTLNCTNVTNNNTT-------------------------------------NMSGTLKN----CSFNI-T-TE--LRN-KK-QNV-TSLF-YRLDVNQINNNSGNTSNNS------------------------------------------NTSYRLI---NCNTSAI-T---QA, 0.3450, 0
1.654772, -119.7350, [116], CHUNK, ['N'], VKLTTLCVTLNCTNVTNNNTT-------------------------------------NMSGTLKN----CSFNM-T-TE--LRN-KK-QNV-TSLF-YRLDVNQINNNSGNTSNNN------------------------------------------NTSYRLI---NCNTSAI-T---QA, 0.0964, 0
1.653346, -100.0463, [61], CHUNK, ['T'], VKLTTLCVTLNCTNVTNNNTT-------------------------------------NMSTTLKN----CSFNM-T-TE--LRN-KK-QKV-TSLF-YRLDVNQINNNSGNTSNNS------------------------------------------NTSYRLI---NCNTSAI-T---QA, 0.0938, 0
1.642150, -81.6391, [74], CHUNK, ['I'], VKLTTLCVTLNCTNVTNNNTT-------------------------------------NMSGTLKN----CSFNI-T-TE--LRN-KK-QKV-TSLF-YRLDVNQINNNSGNTSNNS------------------------------------------NTSYRLI---NCNTSAI-T---QA, 0.4837, 0
1.640520, -105.8407, [74], CHUNK, ['V'], VKLTTLCVTLNCTNVTNNNTT-------------------------------------NMSGTLKN----CSFNV-T-TE--LRN-KK-QKV-TSLF-YRLDVNQINNNSGNTSNNS------------------------------------------NTSYRLI---NCNTSAI-T---QA, 0.1298, 0
1.640520, -104.9614, [74], CHUNK, ['V'], VKLTTLCVTLNCTNVTNNNTT-------------------------------------NMSGTLKN----CSFNV-T-TE--LRN-KK-QKV-TSLF-YRLDVNQINNNSGNTSNNS------------------------------------------NTSYRLI---NCNTSAI-T---QA, 0.1262, 0
1.606251, -121.9250, [163], CHUNK, ['T'], VKLTTLCVTLNCTNVTNNNTT-------------------------------------NMSGTLKN----CSFNM-T-TE--LRN-KK-QKV-TSLF-YRLDVNQINNNSGNRSNNS------------------------------------------NTSYTLI---NCNTSAI-T---QA, 0.0938, 0
1.597220, -119.6209, [59], CHUNK, ['G'], VKLTTLCVTLNCTNVTNNNTT-------------------------------------NGSGTLKN----CSFNM-T-TE--LRN-KK-QKV-TSLF-YRLDVNQINNNSGNRSNNS------------------------------------------NTSYRLI---NCNTSAI-T---QA, 0.0938, 0
1.602394, -118.5178, 165, POINT, T, VKLTTLCVTLNCTNVTNNNTT-------------------------------------NMSGTLKN----CSFNM-T-TE--LRN-KK-QKV-TSLF-YRLDVNQINNNSGNRSNNS------------------------------------------NTSYRLT---NCNTSAI-T---QA, 0.1304, 0
1.601418, -119.6488, 79, POINT, S, VKLTTLCVTLNCTNVTNNNTT-------------------------------------NMSGTLKN----CSFNM-T-TS--LRN-KK-QKV-TSLF-YRLDVNQINNNSGNRSNNS------------------------------------------NTSYRLI---NCNTSAI-T---QA, 0.0938, 1
1.616175, -120.3469, 59, POINT, L, VKLTTLCVTLNCTNVTNNNTT-------------------------------------NLSGTLKN----CSFNM-T-TS--LRN-KK-QKV-TSLF-YRLDVNQINNNSGNRSNNS------------------------------------------NTSYRLI---NCNTSAI-T---QA, 0.0938, 0
1.616119, -117.4512, 174, POINT, T, VKLTTLCVTLNCTNVTNNNTT-------------------------------------NMSGTLKN----CSFNM-T-TS--LRN-KK-QKV-TSLF-YRLDVNQINNNSGNRSNNS------------------------------------------NTSYRLI---NCNTSTI-T---QA, 0.0938, 0
1.608432, -102.8713, 174, POINT, V, VKLTTLCVTLNCTNVTNNNTT-------------------------------------NMSGTLKN----CSFNM-T-TS--LRN-KK-QKV-TSLF-YRLDVNQINNNSGNRSNNS------------------------------------------NTSYRLI---NCNTSVI-T---QA, 0.3985, 0
1.617653, -120.4897, 90, POINT, N, VKLTTLCVTLNCTNVTNNNTT-------------------------------------NMSGTLKN----CSFNM-T-TS--LRN-KK-QNV-TSLF-YRLDVNQINNNSGNRSNNS------------------------------------------NTSYRLI---NCNTSAI-T---QA, 0.1073, 1
1.655832, -120.6237, 59, POINT, N, VKLTTLCVTLNCTNVTNNNTT-------------------------------------NNSGTLKN----CSFNM-T-TS--LRN-KK-QNV-TSLF-YRLDVNQINNNSGNRSNNS------------------------------------------NTSYRLI---NCNTSAI-T---QA, 0.1070, 0
1.631863, -120.1473, [113], CHUNK, ['T'], VKLTTLCVTLNCTNVTNNNTT-------------------------------------NMSGTLKN----CSFNM-T-TS--LRN-KK-QNV-TSLF-YRLDVNQINNNSGNRTNNS------------------------------------------NTSYRLI---NCNTSAI-T---QA, 0.1073, 1
1.647286, -119.2122, [162], CHUNK, ['N'], VKLTTLCVTLNCTNVTNNNTT-------------------------------------NMSGTLKN----CSFNM-T-TS--LRN-KK-QNV-TSLF-YRLDVNQINNNSGNRTNNS------------------------------------------NTSNRLI---NCNTSAI-T---QA, 0.1073, 0
1.642760, -120.4072, 79, POINT, N, VKLTTLCVTLNCTNVTNNNTT-------------------------------------NMSGTLKN----CSFNM-T-TN--LRN-KK-QNV-TSLF-YRLDVNQINNNSGNRTNNS------------------------------------------NTSYRLI---NCNTSAI-T---QA, 0.0947, 0
1.638372, -119.4427, 99, POINT, K, VKLTTLCVTLNCTNVTNNNTT-------------------------------------NMSGTLKN----CSFNM-T-TS--LRN-KK-QNV-TSLF-YKLDVNQINNNSGNRTNNS------------------------------------------NTSYRLI---NCNTSAI-T---QA, 0.1236, 1
1.672035, -120.8824, [110], CHUNK, ['N'], VKLTTLCVTLNCTNVTNNNTT-------------------------------------NMSGTLKN----CSFNM-T-TS--LRN-KK-QNV-TSLF-YKLDVNQINNNSNNRTNNS------------------------------------------NTSYRLI---NCNTSAI-T---QA, 0.1236, 1
1.676416, -121.5717, 161, POINT, T, VKLTTLCVTLNCTNVTNNNTT-------------------------------------NMSGTLKN----CSFNM-T-TS--LRN-KK-QNV-TSLF-YKLDVNQINNNSNNRTNNS------------------------------------------NTTYRLI---NCNTSAI-T---QA, 0.1236, 0
1.692196, -120.6292, 105, POINT, T, VKLTTLCVTLNCTNVTNNNTT-------------------------------------NMSGTLKN----CSFNM-T-TS--LRN-KK-QNV-TSLF-YKLDVNQTNNNSNNRTNNS------------------------------------------NTSYRLI---NCNTSAI-T---QA, 0.1207, 0
1.672780, -118.8356, [95], CHUNK, ['S'], VKLTTLCVTLNCTNVTNNNTT-------------------------------------NMSGTLKN----CSFNM-T-TS--LRN-KK-QNV-TSSF-YKLDVNQINNNSNNRTNNS------------------------------------------NTSYRLI---NCNTSAI-T---QA, 0.1225, 1
1.688203, -117.9004, 162, POINT, N, VKLTTLCVTLNCTNVTNNNTT-------------------------------------NMSGTLKN----CSFNM-T-TS--LRN-KK-QNV-TSSF-YKLDVNQINNNSNNRTNNS------------------------------------------NTSNRLI---NCNTSAI-T---QA, 0.1225, 1
1.721950, -113.6948, [74], CHUNK, ['T'], VKLTTLCVTLNCTNVTNNNTT-------------------------------------NMSGTLKN----CSFNT-T-TS--LRN-KK-QNV-TSSF-YKLDVNQINNNSNNRTNNS------------------------------------------NTSNRLI---NCNTSAI-T---QA, 0.1225, 0
1.705805, -67.5925, 74, POINT, I, VKLTTLCVTLNCTNVTNNNTT-------------------------------------NMSGTLKN----CSFNI-T-TS--LRN-KK-QNV-TSSF-YKLDVNQINNNSNNRTNNS------------------------------------------NTSNRLI---NCNTSAI-T---QA, 0.4440, 0
1.705805, -78.0071, [74], CHUNK, ['I'], VKLTTLCVTLNCTNVTNNNTT-------------------------------------NMSGTLKN----CSFNI-T-TS--LRN-KK-QNV-TSSF-YKLDVNQINNNSNNRTNNS------------------------------------------NTSNRLI---NCNTSAI-T---QA, 0.4178, 0
1.713712, -117.5445, [112], CHUNK, ['S'], VKLTTLCVTLNCTNVTNNNTT-------------------------------------NMSGTLKN----CSFNM-T-TS--LRN-KK-QNV-TSSF-YKLDVNQINNNSNNSTNNS------------------------------------------NTSNRLI---NCNTSAI-T---QA, 0.1213, 1
1.725551, -117.9253, [101], CHUNK, ['N'], VKLTTLCVTLNCTNVTNNNTT-------------------------------------NMSGTLKN----CSFNM-T-TS--LRN-KK-QNV-TSSF-YKLNVNQINNNSNNSTNNS------------------------------------------NTSNRLI---NCNTSAI-T---QA, 0.1218, 0
1.747458, -113.4794, 74, POINT, T, VKLTTLCVTLNCTNVTNNNTT-------------------------------------NMSGTLKN----CSFNT-T-TS--LRN-KK-QNV-TSSF-YKLDVNQINNNSNNSTNNS------------------------------------------NTSNRLI---NCNTSAI-T---QA, 0.1195, 1
1.752214, -112.8936, [59], CHUNK, ['G'], VKLTTLCVTLNCTNVTNNNTT-------------------------------------NGSGTLKN----CSFNT-T-TS--LRN-KK-QNV-TSSF-YKLDVNQINNNSNNSTNNS------------------------------------------NTSNRLI---NCNTSAI-T---QA, 0.1407, 0
1.751107, -23.4093, 82, POINT, I, VKLTTLCVTLNCTNVTNNNTT-------------------------------------NMSGTLKN----CSFNT-T-TS--IRN-KK-QNV-TSSF-YKLDVNQINNNSNNSTNNS------------------------------------------NTSNRLI---NCNTSAI-T---QA, 0.2558, 0
1.759297, -113.7256, [101], CHUNK, ['N'], VKLTTLCVTLNCTNVTNNNTT-------------------------------------NMSGTLKN----CSFNT-T-TS--LRN-KK-QNV-TSSF-YKLNVNQINNNSNNSTNNS------------------------------------------NTSNRLI---NCNTSAI-T---QA, 0.1195, 0
1.760368, -114.2922, 60, POINT, N, VKLTTLCVTLNCTNVTNNNTT-------------------------------------NMNGTLKN----CSFNT-T-TS--LRN-KK-QNV-TSSF-YKLDVNQINNNSNNSTNNS------------------------------------------NTSNRLI---NCNTSAI-T---QA, 0.1195, 0
1.715372, -116.6237, 63, POINT, I, VKLTTLCVTLNCTNVTNNNTT-------------------------------------NMSGTIKN----CSFNM-T-TS--LRN-KK-QNV-TSSF-YKLDVNQINNNSNNSTNNS------------------------------------------NTSNRLI---NCNTSAI-T---QA, 0.1213, 0
1.731314, -79.6941, 74, POINT, I, VKLTTLCVTLNCTNVTNNNTT-------------------------------------NMSGTLKN----CSFNI-T-TS--LRN-KK-QNV-TSSF-YKLDVNQINNNSNNSTNNS------------------------------------------NTSNRLI---NCNTSAI-T---QA, 0.4365, 0
1.736124, -112.5149, [72], CHUNK, ['T'], VKLTTLCVTLNCTNVTNNNTT-------------------------------------NMSGTLKN----CSTNM-T-TS--LRN-KK-QNV-TSSF-YKLDVNQINNNSNNSTNNS------------------------------------------NTSNRLI---NCNTSAI-T---QA, 0.1548, 0
1.720149, -118.4218, [109], CHUNK, ['N'], VKLTTLCVTLNCTNVTNNNTT-------------------------------------NMSGTLKN----CSFNM-T-TS--LRN-KK-QNV-TSSF-YKLDVNQINNNNNNSTNNS------------------------------------------NTSNRLI---NCNTSAI-T---QA, 0.1213, 0
1.705805, -84.7298, [74], CHUNK, ['I'], VKLTTLCVTLNCTNVTNNNTT-------------------------------------NMSGTLKN----CSFNI-T-TS--LRN-KK-QNV-TSSF-YKLDVNQINNNSNNRTNNS------------------------------------------NTSNRLI---NCNTSAI-T---QA, 0.3590, 0
1.695217, -101.1379, [174], CHUNK, ['V'], VKLTTLCVTLNCTNVTNNNTT-------------------------------------NMSGTLKN----CSFNM-T-TS--LRN-KK-QNV-TSSF-YKLDVNQINNNSNNRTNNS------------------------------------------NTSNRLI---NCNTSVI-T---QA, 0.3264, 0
1.690081, -117.2271, 89, POINT, R, VKLTTLCVTLNCTNVTNNNTT-------------------------------------NMSGTLKN----CSFNM-T-TS--LRN-KK-RNV-TSSF-YKLDVNQINNNSNNRTNNS------------------------------------------NTSNRLI---NCNTSAI-T---QA, 0.1225, 0
1.698324, -117.0285, [59], CHUNK, ['V'], VKLTTLCVTLNCTNVTNNNTT-------------------------------------NVSGTLKN----CSFNM-T-TS--LRN-KK-QNV-TSSF-YKLDVNQINNNSNNRTNNS------------------------------------------NTSNRLI---NCNTSAI-T---QA, 0.1225, 0
1.680705, -118.2344, [104], CHUNK, ['K'], VKLTTLCVTLNCTNVTNNNTT-------------------------------------NMSGTLKN----CSFNM-T-TS--LRN-KK-QNV-TSSF-YKLDVNKINNNSNNRTNNS------------------------------------------NTSYRLI---NCNTSAI-T---QA, 0.1225, 1
1.709265, -115.9972, 14, POINT, N, VKLTTLCVTLNCTNNTNNNTT-------------------------------------NMSGTLKN----CSFNM-T-TS--LRN-KK-QNV-TSSF-YKLDVNKINNNSNNRTNNS------------------------------------------NTSYRLI---NCNTSAI-T---QA, 0.1225, 1
1.711147, -109.2736, 96, POINT, L, VKLTTLCVTLNCTNNTNNNTT-------------------------------------NMSGTLKN----CSFNM-T-TS--LRN-KK-QNV-TSSL-YKLDVNKINNNSNNRTNNS------------------------------------------NTSYRLI---NCNTSAI-T---QA, 0.1225, 0
1.726159, -115.4914, 59, POINT, I, VKLTTLCVTLNCTNNTNNNTT-------------------------------------NISGTLKN----CSFNM-T-TS--LRN-KK-QNV-TSSF-YKLDVNKINNNSNNRTNNS------------------------------------------NTSYRLI---NCNTSAI-T---QA, 0.1418, 0
1.718887, -116.4770, [59], CHUNK, ['K'], VKLTTLCVTLNCTNNTNNNTT-------------------------------------NKSGTLKN----CSFNM-T-TS--LRN-KK-QNV-TSSF-YKLDVNKINNNSNNRTNNS------------------------------------------NTSYRLI---NCNTSAI-T---QA, 0.1225, 0
1.726867, -72.1861, [74], CHUNK, ['I'], VKLTTLCVTLNCTNNTNNNTT-------------------------------------NMSGTLKN----CSFNI-T-TS--LRN-KK-QNV-TSSF-YKLDVNKINNNSNNRTNNS------------------------------------------NTSYRLI---NCNTSAI-T---QA, 0.3372, 0
1.693166, -114.5247, 60, POINT, T, VKLTTLCVTLNCTNVTNNNTT-------------------------------------NMTGTLKN----CSFNM-T-TS--LRN-KK-QNV-TSSF-YKLDVNKINNNSNNRTNNS------------------------------------------NTSYRLI---NCNTSAI-T---QA, 0.1225, 0
1.687718, -101.8397, 174, POINT, V, VKLTTLCVTLNCTNVTNNNTT-------------------------------------NMSGTLKN----CSFNM-T-TS--LRN-KK-QNV-TSSF-YKLDVNKINNNSNNRTNNS------------------------------------------NTSYRLI---NCNTSVI-T---QA, 0.3220, 0
1.688231, -118.3823, [59], CHUNK, ['D'], VKLTTLCVTLNCTNVTNNNTT-------------------------------------NDSGTLKN----CSFNM-T-TS--LRN-KK-QNV-TSSF-YKLDVNKINNNSNNRTNNS------------------------------------------NTSYRLI---NCNTSAI-T---QA, 0.1225, 0
1.697014, -118.0251, [109], CHUNK, ['T'], VKLTTLCVTLNCTNVTNNNTT-------------------------------------NMSGTLKN----CSFNM-T-TS--LRN-KK-QNV-TSSF-YKLDVNKINNNTNNRTNNS------------------------------------------NTSYRLI---NCNTSAI-T---QA, 0.1225, 0
1.678156, -119.3065, 104, POINT, P, VKLTTLCVTLNCTNVTNNNTT-------------------------------------NMSGTLKN----CSFNM-T-TS--LRN-KK-QNV-TSSF-YKLDVNPINNNSNNRTNNS------------------------------------------NTSYRLI---NCNTSAI-T---QA, 0.1592, 0
1.686810, -120.2945, 163, POINT, T, VKLTTLCVTLNCTNVTNNNTT-------------------------------------NMSGTLKN----CSFNM-T-TS--LRN-KK-QNV-TSSF-YKLDVNQINNNSNNRTNNS------------------------------------------NTSYTLI---NCNTSAI-T---QA, 0.1225, 0
1.687481, -116.7039, [174], CHUNK, ['T'], VKLTTLCVTLNCTNVTNNNTT-------------------------------------NMSGTLKN----CSFNM-T-TS--LRN-KK-QNV-TSSF-YKLDVNQINNNSNNRTNNS------------------------------------------NTSYRLI---NCNTSTI-T---QA, 0.1495, 0
1.688230, -106.8584, [74], CHUNK, ['V'], VKLTTLCVTLNCTNVTNNNTT-------------------------------------NMSGTLKN----CSFNV-T-TS--LRN-KK-QNV-TSSF-YKLDVNQINNNSNNRTNNS------------------------------------------NTSYRLI---NCNTSAI-T---QA, 0.3363, 0
1.684945, -121.6951, [60], CHUNK, ['N'], VKLTTLCVTLNCTNVTNNNTT-------------------------------------NMNGTLKN----CSFNM-T-TS--LRN-KK-QNV-TSLF-YKLDVNQINNNSNNRTNNS------------------------------------------NTSYRLI---NCNTSAI-T---QA, 0.1236, 0
1.682932, -120.8836, [79], CHUNK, ['N'], VKLTTLCVTLNCTNVTNNNTT-------------------------------------NMSGTLKN----CSFNM-T-TN--LRN-KK-QNV-TSLF-YKLDVNQINNNSNNRTNNS------------------------------------------NTSYRLI---NCNTSAI-T---QA, 0.1236, 0
1.686736, -118.6179, 174, POINT, T, VKLTTLCVTLNCTNVTNNNTT-------------------------------------NMSGTLKN----CSFNM-T-TS--LRN-KK-QNV-TSLF-YKLDVNQINNNSNNRTNNS------------------------------------------NTSYRLI---NCNTSTI-T---QA, 0.1174, 0
1.679550, -121.3337, 59, POINT, E, VKLTTLCVTLNCTNVTNNNTT-------------------------------------NESGTLKN----CSFNM-T-TS--LRN-KK-QNV-TSLF-YKLDVNQINNNSNNRTNNS------------------------------------------NTSYRLI---NCNTSAI-T---QA, 0.1236, 0
