Name base = V1V2_200_sq_3_11_ni
Iters = 200
Soft coverage = 1.31203964383
Energy = -128.717377515
Hard Covereage = 0.0368019545157
Num epitopes = 65
Initial seq = VKLTPLCVTLQCTNVTNNITD-------------------------------------DMRGELKN----CSFNM-T-TE--LRD-KK-QKV-YSLF-YRLDVVQINENQGNRSNNS------------------------------------------NKEYRLI---NCNTSAI-T---QA
-------START OF DATA------
1.377024, -128.6357, [109, 110, 111], CHUNK, ['N', 'N', 'T'], VKLTPLCVTLQCTNVTNNITD-------------------------------------DMRGELKN----CSFNM-T-TE--LRD-KK-QKV-YSLF-YRLDVVQINENNNTRSNNS------------------------------------------NKEYRLI---NCNTSAI-T---QA, 0.0000, 1
1.417337, -128.0151, 112, POINT, T, VKLTPLCVTLQCTNVTNNITD-------------------------------------DMRGELKN----CSFNM-T-TE--LRD-KK-QKV-YSLF-YRLDVVQINENNNTTSNNS------------------------------------------NKEYRLI---NCNTSAI-T---QA, 0.0000, 1
1.434666, -125.6452, 18, POINT, N, VKLTPLCVTLQCTNVTNNNTD-------------------------------------DMRGELKN----CSFNM-T-TE--LRD-KK-QKV-YSLF-YRLDVVQINENNNTTSNNS------------------------------------------NKEYRLI---NCNTSAI-T---QA, 0.0000, 0
1.424692, -129.1991, 20, POINT, S, VKLTPLCVTLQCTNVTNNITS-------------------------------------DMRGELKN----CSFNM-T-TE--LRD-KK-QKV-YSLF-YRLDVVQINENNNTTSNNS------------------------------------------NKEYRLI---NCNTSAI-T---QA, 0.1205, 1
1.464940, -128.3771, [160, 161], CHUNK, ['T', 'S'], VKLTPLCVTLQCTNVTNNITS-------------------------------------DMRGELKN----CSFNM-T-TE--LRD-KK-QKV-YSLF-YRLDVVQINENNNTTSNNS------------------------------------------NTSYRLI---NCNTSAI-T---QA, 0.1205, 1
1.482127, -126.3637, [99], CHUNK, ['T'], VKLTPLCVTLQCTNVTNNITS-------------------------------------DMRGELKN----CSFNM-T-TE--LRD-KK-QKV-YSLF-YTLDVVQINENNNTTSNNS------------------------------------------NTSYRLI---NCNTSAI-T---QA, 0.1205, 1
1.513850, -121.8929, 74, POINT, T, VKLTPLCVTLQCTNVTNNITS-------------------------------------DMRGELKN----CSFNT-T-TE--LRD-KK-QKV-YSLF-YTLDVVQINENNNTTSNNS------------------------------------------NTSYRLI---NCNTSAI-T---QA, 0.1205, 0
1.497858, -101.4500, 74, POINT, V, VKLTPLCVTLQCTNVTNNITS-------------------------------------DMRGELKN----CSFNV-T-TE--LRD-KK-QKV-YSLF-YTLDVVQINENNNTTSNNS------------------------------------------NTSYRLI---NCNTSAI-T---QA, 0.4707, 0
1.501626, -125.6408, [79], CHUNK, ['N'], VKLTPLCVTLQCTNVTNNITS-------------------------------------DMRGELKN----CSFNM-T-TN--LRD-KK-QKV-YSLF-YTLDVVQINENNNTTSNNS------------------------------------------NTSYRLI---NCNTSAI-T---QA, 0.1205, 1
1.527397, -123.2841, 18, POINT, N, VKLTPLCVTLQCTNVTNNNTS-------------------------------------DMRGELKN----CSFNM-T-TN--LRD-KK-QKV-YSLF-YTLDVVQINENNNTTSNNS------------------------------------------NTSYRLI---NCNTSAI-T---QA, 0.1205, 0
1.520562, -120.7452, 60, POINT, T, VKLTPLCVTLQCTNVTNNITS-------------------------------------DMTGELKN----CSFNM-T-TN--LRD-KK-QKV-YSLF-YTLDVVQINENNNTTSNNS------------------------------------------NTSYRLI---NCNTSAI-T---QA, 0.1205, 0
1.550782, -125.5829, [10], CHUNK, ['N'], VKLTPLCVTLNCTNVTNNITS-------------------------------------DMRGELKN----CSFNM-T-TN--LRD-KK-QKV-YSLF-YTLDVVQINENNNTTSNNS------------------------------------------NTSYRLI---NCNTSAI-T---QA, 0.1205, 1
1.618727, -120.9255, [58, 59, 60], CHUNK, ['N', 'I', 'T'], VKLTPLCVTLNCTNVTNNITS-------------------------------------NITGELKN----CSFNM-T-TN--LRD-KK-QKV-YSLF-YTLDVVQINENNNTTSNNS------------------------------------------NTSYRLI---NCNTSAI-T---QA, 0.1205, 0
1.592661, -117.3099, [58, 59, 60], CHUNK, ['S', 'T', 'I'], VKLTPLCVTLNCTNVTNNITS-------------------------------------STIGELKN----CSFNM-T-TN--LRD-KK-QKV-YSLF-YTLDVVQINENNNTTSNNS------------------------------------------NTSYRLI---NCNTSAI-T---QA, 0.1205, 0
1.560711, -123.6806, 165, POINT, T, VKLTPLCVTLNCTNVTNNITS-------------------------------------DMRGELKN----CSFNM-T-TN--LRD-KK-QKV-YSLF-YTLDVVQINENNNTTSNNS------------------------------------------NTSYRLT---NCNTSAI-T---QA, 0.1205, 1
1.580415, -61.8724, [74], CHUNK, ['I'], VKLTPLCVTLNCTNVTNNITS-------------------------------------DMRGELKN----CSFNI-T-TN--LRD-KK-QKV-YSLF-YTLDVVQINENNNTTSNNS------------------------------------------NTSYRLT---NCNTSAI-T---QA, 0.5780, 0
1.589222, -123.7685, 107, POINT, N, VKLTPLCVTLNCTNVTNNITS-------------------------------------DMRGELKN----CSFNM-T-TN--LRD-KK-QKV-YSLF-YTLDVVQINNNNNTTSNNS------------------------------------------NTSYRLT---NCNTSAI-T---QA, 0.1205, 0
1.589222, -123.7685, 107, POINT, N, VKLTPLCVTLNCTNVTNNITS-------------------------------------DMRGELKN----CSFNM-T-TN--LRD-KK-QKV-YSLF-YTLDVVQINNNNNTTSNNS------------------------------------------NTSYRLT---NCNTSAI-T---QA, 0.1205, 0
1.586255, -124.0187, 58, POINT, N, VKLTPLCVTLNCTNVTNNITS-------------------------------------NMRGELKN----CSFNM-T-TN--LRD-KK-QKV-YSLF-YTLDVVQINENNNTTSNNS------------------------------------------NTSYRLT---NCNTSAI-T---QA, 0.1205, 0
1.568572, -94.8840, [74], CHUNK, ['V'], VKLTPLCVTLNCTNVTNNITS-------------------------------------DMRGELKN----CSFNV-T-TN--LRD-KK-QKV-YSLF-YTLDVVQINENNNTTSNNS------------------------------------------NTSYRLI---NCNTSAI-T---QA, 0.4156, 0
1.570486, -70.8897, [74], CHUNK, ['I'], VKLTPLCVTLNCTNVTNNITS-------------------------------------DMRGELKN----CSFNI-T-TN--LRD-KK-QKV-YSLF-YTLDVVQINENNNTTSNNS------------------------------------------NTSYRLI---NCNTSAI-T---QA, 0.6801, 0
1.570486, -85.8869, 74, POINT, I, VKLTPLCVTLNCTNVTNNITS-------------------------------------DMRGELKN----CSFNI-T-TN--LRD-KK-QKV-YSLF-YTLDVVQINENNNTTSNNS------------------------------------------NTSYRLI---NCNTSAI-T---QA, 0.5970, 0
1.568572, -107.4133, [74], CHUNK, ['V'], VKLTPLCVTLNCTNVTNNITS-------------------------------------DMRGELKN----CSFNV-T-TN--LRD-KK-QKV-YSLF-YTLDVVQINENNNTTSNNS------------------------------------------NTSYRLI---NCNTSAI-T---QA, 0.3398, 0
1.521330, -82.0497, 74, POINT, I, VKLTPLCVTLQCTNVTNNITS-------------------------------------DMRGELKN----CSFNI-T-TN--LRD-KK-QKV-YSLF-YTLDVVQINENNNTTSNNS------------------------------------------NTSYRLI---NCNTSAI-T---QA, 0.4992, 0
1.527170, -125.9789, 58, POINT, N, VKLTPLCVTLQCTNVTNNITS-------------------------------------NMRGELKN----CSFNM-T-TN--LRD-KK-QKV-YSLF-YTLDVVQINENNNTTSNNS------------------------------------------NTSYRLI---NCNTSAI-T---QA, 0.1205, 0
1.550782, -125.5829, 10, POINT, N, VKLTPLCVTLNCTNVTNNITS-------------------------------------DMRGELKN----CSFNM-T-TN--LRD-KK-QKV-YSLF-YTLDVVQINENNNTTSNNS------------------------------------------NTSYRLI---NCNTSAI-T---QA, 0.1205, 1
1.563509, -122.9309, 98, POINT, N, VKLTPLCVTLNCTNVTNNITS-------------------------------------DMRGELKN----CSFNM-T-TN--LRD-KK-QKV-YSLF-NTLDVVQINENNNTTSNNS------------------------------------------NTSYRLI---NCNTSAI-T---QA, 0.1205, 0
1.572158, -124.3041, 89, POINT, N, VKLTPLCVTLNCTNVTNNITS-------------------------------------DMRGELKN----CSFNM-T-TN--LRD-KK-NKV-YSLF-YTLDVVQINENNNTTSNNS------------------------------------------NTSYRLI---NCNTSAI-T---QA, 0.1205, 1
1.591861, -94.8571, [74], CHUNK, ['I'], VKLTPLCVTLNCTNVTNNITS-------------------------------------DMRGELKN----CSFNI-T-TN--LRD-KK-NKV-YSLF-YTLDVVQINENNNTTSNNS------------------------------------------NTSYRLI---NCNTSAI-T---QA, 0.3916, 0
1.600669, -124.3920, 107, POINT, N, VKLTPLCVTLNCTNVTNNITS-------------------------------------DMRGELKN----CSFNM-T-TN--LRD-KK-NKV-YSLF-YTLDVVQINNNNNTTSNNS------------------------------------------NTSYRLI---NCNTSAI-T---QA, 0.1205, 0
1.593421, -121.1774, [17, 18], CHUNK, ['T', 'N'], VKLTPLCVTLNCTNVTNTNTS-------------------------------------DMRGELKN----CSFNM-T-TN--LRD-KK-NKV-YSLF-YTLDVVQINENNNTTSNNS------------------------------------------NTSYRLI---NCNTSAI-T---QA, 0.1205, 1
1.599465, -121.6642, 59, POINT, E, VKLTPLCVTLNCTNVTNTNTS-------------------------------------DERGELKN----CSFNM-T-TN--LRD-KK-NKV-YSLF-YTLDVVQINENNNTTSNNS------------------------------------------NTSYRLI---NCNTSAI-T---QA, 0.1205, 1
1.617255, -98.6587, [74], CHUNK, ['V'], VKLTPLCVTLNCTNVTNTNTS-------------------------------------DERGELKN----CSFNV-T-TN--LRD-KK-NKV-YSLF-YTLDVVQINENNNTTSNNS------------------------------------------NTSYRLI---NCNTSAI-T---QA, 0.5116, 0
1.617255, -90.2858, [74], CHUNK, ['V'], VKLTPLCVTLNCTNVTNTNTS-------------------------------------DERGELKN----CSFNV-T-TN--LRD-KK-NKV-YSLF-YTLDVVQINENNNTTSNNS------------------------------------------NTSYRLI---NCNTSAI-T---QA, 0.4662, 0
1.627976, -121.7521, 107, POINT, N, VKLTPLCVTLNCTNVTNTNTS-------------------------------------DERGELKN----CSFNM-T-TN--LRD-KK-NKV-YSLF-YTLDVVQINNNNNTTSNNS------------------------------------------NTSYRLI---NCNTSAI-T---QA, 0.1205, 1
1.637906, -119.0637, [84], CHUNK, ['T'], VKLTPLCVTLNCTNVTNTNTS-------------------------------------DERGELKN----CSFNM-T-TN--LRT-KK-NKV-YSLF-YTLDVVQINNNNNTTSNNS------------------------------------------NTSYRLI---NCNTSAI-T---QA, 0.1205, 0
1.650063, -122.0208, 14, POINT, T, VKLTPLCVTLNCTNTTNTNTS-------------------------------------DERGELKN----CSFNM-T-TN--LRD-KK-NKV-YSLF-YTLDVVQINNNNNTTSNNS------------------------------------------NTSYRLI---NCNTSAI-T---QA, 0.1205, 0
1.641521, -119.1001, 98, POINT, N, VKLTPLCVTLNCTNVTNTNTS-------------------------------------DERGELKN----CSFNM-T-TN--LRD-KK-NKV-YSLF-NTLDVVQINNNNNTTSNNS------------------------------------------NTSYRLI---NCNTSAI-T---QA, 0.1205, 0
1.645766, -89.3483, 74, POINT, V, VKLTPLCVTLNCTNVTNTNTS-------------------------------------DERGELKN----CSFNV-T-TN--LRD-KK-NKV-YSLF-YTLDVVQINNNNNTTSNNS------------------------------------------NTSYRLI---NCNTSAI-T---QA, 0.6426, 0
1.618082, -121.6070, 60, POINT, N, VKLTPLCVTLNCTNVTNTNTS-------------------------------------DENGELKN----CSFNM-T-TN--LRD-KK-NKV-YSLF-YTLDVVQINENNNTTSNNS------------------------------------------NTSYRLI---NCNTSAI-T---QA, 0.1205, 0
1.614285, -117.3893, 87, POINT, N, VKLTPLCVTLNCTNVTNTNTS-------------------------------------DERGELKN----CSFNM-T-TN--LRD-KN-NKV-YSLF-YTLDVVQINENNNTTSNNS------------------------------------------NTSYRLI---NCNTSAI-T---QA, 0.1205, 1
1.628987, -115.0528, [174], CHUNK, ['T'], VKLTPLCVTLNCTNVTNTNTS-------------------------------------DERGELKN----CSFNM-T-TN--LRD-KN-NKV-YSLF-YTLDVVQINENNNTTSNNS------------------------------------------NTSYRLI---NCNTSTI-T---QA, 0.1205, 0
1.636372, -117.6581, 14, POINT, T, VKLTPLCVTLNCTNTTNTNTS-------------------------------------DERGELKN----CSFNM-T-TN--LRD-KN-NKV-YSLF-YTLDVVQINENNNTTSNNS------------------------------------------NTSYRLI---NCNTSAI-T---QA, 0.1205, 0
1.644406, -115.0500, 14, POINT, N, VKLTPLCVTLNCTNNTNTNTS-------------------------------------DERGELKN----CSFNM-T-TN--LRD-KN-NKV-YSLF-YTLDVVQINENNNTTSNNS------------------------------------------NTSYRLI---NCNTSAI-T---QA, 0.1205, 0
1.636639, -116.1102, [102, 104], CHUNK, ['L', 'T'], VKLTPLCVTLNCTNVTNTNTS-------------------------------------DERGELKN----CSFNM-T-TN--LRD-KN-NKV-YSLF-YTLDLVTINENNNTTSNNS------------------------------------------NTSYRLI---NCNTSAI-T---QA, 0.1205, 0
1.627976, -121.7521, 107, POINT, N, VKLTPLCVTLNCTNVTNTNTS-------------------------------------DERGELKN----CSFNM-T-TN--LRD-KK-NKV-YSLF-YTLDVVQINNNNNTTSNNS------------------------------------------NTSYRLI---NCNTSAI-T---QA, 0.1205, 1
1.647680, -59.2110, [74], CHUNK, ['I'], VKLTPLCVTLNCTNVTNTNTS-------------------------------------DERGELKN----CSFNI-T-TN--LRD-KK-NKV-YSLF-YTLDVVQINNNNNTTSNNS------------------------------------------NTSYRLI---NCNTSAI-T---QA, 0.3468, 0
1.662116, -117.2893, [74], CHUNK, ['T'], VKLTPLCVTLNCTNVTNTNTS-------------------------------------DERGELKN----CSFNT-T-TN--LRD-KK-NKV-YSLF-YTLDVVQINNNNNTTSNNS------------------------------------------NTSYRLI---NCNTSAI-T---QA, 0.1205, 0
1.642410, -118.1320, [58, 59, 60], CHUNK, ['K', 'I', 'K'], VKLTPLCVTLNCTNVTNTNTS-------------------------------------KIKGELKN----CSFNM-T-TN--LRD-KK-NKV-YSLF-YTLDVVQINNNNNTTSNNS------------------------------------------NTSYRLI---NCNTSAI-T---QA, 0.1205, 1
1.652340, -115.4436, 84, POINT, T, VKLTPLCVTLNCTNVTNTNTS-------------------------------------KIKGELKN----CSFNM-T-TN--LRT-KK-NKV-YSLF-YTLDVVQINNNNNTTSNNS------------------------------------------NTSYRLI---NCNTSAI-T---QA, 0.1205, 0
1.660055, -118.8095, 59, POINT, N, VKLTPLCVTLNCTNVTNTNTS-------------------------------------KNKGELKN----CSFNM-T-TN--LRD-KK-NKV-YSLF-YTLDVVQINNNNNTTSNNS------------------------------------------NTSYRLI---NCNTSAI-T---QA, 0.1205, 1
1.667069, -90.4551, [174], CHUNK, ['V'], VKLTPLCVTLNCTNVTNTNTS-------------------------------------KNKGELKN----CSFNM-T-TN--LRD-KK-NKV-YSLF-YTLDVVQINNNNNTTSNNS------------------------------------------NTSYRLI---NCNTSVI-T---QA, 0.4837, 0
1.679759, -56.9423, [74], CHUNK, ['I'], VKLTPLCVTLNCTNVTNTNTS-------------------------------------KNKGELKN----CSFNI-T-TN--LRD-KK-NKV-YSLF-YTLDVVQINNNNNTTSNNS------------------------------------------NTSYRLI---NCNTSAI-T---QA, 0.7097, 0
1.694195, -114.3468, [74], CHUNK, ['T'], VKLTPLCVTLNCTNVTNTNTS-------------------------------------KNKGELKN----CSFNT-T-TN--LRD-KK-NKV-YSLF-YTLDVVQINNNNNTTSNNS------------------------------------------NTSYRLI---NCNTSAI-T---QA, 0.1205, 0
1.682575, -119.0783, [14], CHUNK, ['T'], VKLTPLCVTLNCTNTTNTNTS-------------------------------------KNKGELKN----CSFNM-T-TN--LRD-KK-NKV-YSLF-YTLDVVQINNNNNTTSNNS------------------------------------------NTSYRLI---NCNTSAI-T---QA, 0.1205, 0
1.664707, -118.3094, 83, POINT, T, VKLTPLCVTLNCTNVTNTNTS-------------------------------------KIKGELKN----CSFNM-T-TN--LTD-KK-NKV-YSLF-YTLDVVQINNNNNTTSNNS------------------------------------------NTSYRLI---NCNTSAI-T---QA, 0.1205, 0
1.657111, -115.7955, 174, POINT, T, VKLTPLCVTLNCTNVTNTNTS-------------------------------------KIKGELKN----CSFNM-T-TN--LRD-KK-NKV-YSLF-YTLDVVQINNNNNTTSNNS------------------------------------------NTSYRLI---NCNTSTI-T---QA, 0.1205, 0
1.654212, -118.7491, 84, POINT, N, VKLTPLCVTLNCTNVTNTNTS-------------------------------------KIKGELKN----CSFNM-T-TN--LRN-KK-NKV-YSLF-YTLDVVQINNNNNTTSNNS------------------------------------------NTSYRLI---NCNTSAI-T---QA, 0.1205, 1
1.659682, -116.9762, 63, POINT, I, VKLTPLCVTLNCTNVTNTNTS-------------------------------------KIKGEIKN----CSFNM-T-TN--LRN-KK-NKV-YSLF-YTLDVVQINNNNNTTSNNS------------------------------------------NTSYRLI---NCNTSAI-T---QA, 0.1205, 0
1.673757, -59.7859, [74], CHUNK, ['I'], VKLTPLCVTLNCTNVTNTNTS-------------------------------------KIKGELKN----CSFNI-T-TN--LRN-KK-NKV-YSLF-YTLDVVQINNNNNTTSNNS------------------------------------------NTSYRLI---NCNTSAI-T---QA, 0.4323, 0
1.673757, -80.4856, [74], CHUNK, ['I'], VKLTPLCVTLNCTNVTNTNTS-------------------------------------KIKGELKN----CSFNI-T-TN--LRN-KK-NKV-YSLF-YTLDVVQINNNNNTTSNNS------------------------------------------NTSYRLI---NCNTSAI-T---QA, 0.3859, 0
1.676737, -119.5501, 58, POINT, N, VKLTPLCVTLNCTNVTNTNTS-------------------------------------NIKGELKN----CSFNM-T-TN--LRN-KK-NKV-YSLF-YTLDVVQINNNNNTTSNNS------------------------------------------NTSYRLI---NCNTSAI-T---QA, 0.1205, 0
1.652817, -115.7312, 20, POINT, T, VKLTPLCVTLNCTNVTNTNTT-------------------------------------KIKGELKN----CSFNM-T-TN--LRD-KK-NKV-YSLF-YTLDVVQINNNNNTTSNNS------------------------------------------NTSYRLI---NCNTSAI-T---QA, 0.1205, 0
1.676550, -113.6692, [74], CHUNK, ['T'], VKLTPLCVTLNCTNVTNTNTS-------------------------------------KIKGELKN----CSFNT-T-TN--LRD-KK-NKV-YSLF-YTLDVVQINNNNNTTSNNS------------------------------------------NTSYRLI---NCNTSAI-T---QA, 0.1205, 0
1.662114, -66.9840, [74], CHUNK, ['I'], VKLTPLCVTLNCTNVTNTNTS-------------------------------------KIKGELKN----CSFNI-T-TN--LRD-KK-NKV-YSLF-YTLDVVQINNNNNTTSNNS------------------------------------------NTSYRLI---NCNTSAI-T---QA, 0.8386, 0
1.652245, -117.7917, 58, POINT, S, VKLTPLCVTLNCTNVTNTNTS-------------------------------------SIKGELKN----CSFNM-T-TN--LRD-KK-NKV-YSLF-YTLDVVQINNNNNTTSNNS------------------------------------------NTSYRLI---NCNTSAI-T---QA, 0.1205, 0
1.647680, -69.0052, [74], CHUNK, ['I'], VKLTPLCVTLNCTNVTNTNTS-------------------------------------DERGELKN----CSFNI-T-TN--LRD-KK-NKV-YSLF-YTLDVVQINNNNNTTSNNS------------------------------------------NTSYRLI---NCNTSAI-T---QA, 1.0849, 0
1.647117, -120.4058, 59, POINT, T, VKLTPLCVTLNCTNVTNTNTS-------------------------------------DTRGELKN----CSFNM-T-TN--LRD-KK-NKV-YSLF-YTLDVVQINNNNNTTSNNS------------------------------------------NTSYRLI---NCNTSAI-T---QA, 0.1205, 0
1.637905, -119.8498, 165, POINT, T, VKLTPLCVTLNCTNVTNTNTS-------------------------------------DERGELKN----CSFNM-T-TN--LRD-KK-NKV-YSLF-YTLDVVQINNNNNTTSNNS------------------------------------------NTSYRLT---NCNTSAI-T---QA, 0.1205, 0
1.639304, -122.5491, 62, POINT, T, VKLTPLCVTLNCTNVTNTNTS-------------------------------------DERGTLKN----CSFNM-T-TN--LRD-KK-NKV-YSLF-YTLDVVQINNNNNTTSNNS------------------------------------------NTSYRLI---NCNTSAI-T---QA, 0.1205, 0
1.614012, -47.3485, [82, 83], CHUNK, ['I', 'S'], VKLTPLCVTLNCTNVTNTNTS-------------------------------------DERGELKN----CSFNM-T-TN--ISD-KK-NKV-YSLF-YTLDVVQINENNNTTSNNS------------------------------------------NTSYRLI---NCNTSAI-T---QA, 0.6259, 0
1.622250, -102.4794, [61, 63], CHUNK, ['N', 'I'], VKLTPLCVTLNCTNVTNTNTS-------------------------------------DERNEIKN----CSFNM-T-TN--LRD-KK-NKV-YSLF-YTLDVVQINENNNTTSNNS------------------------------------------NTSYRLI---NCNTSAI-T---QA, 0.1205, 0
1.619169, -76.5926, [74], CHUNK, ['I'], VKLTPLCVTLNCTNVTNTNTS-------------------------------------DERGELKN----CSFNI-T-TN--LRD-KK-NKV-YSLF-YTLDVVQINENNNTTSNNS------------------------------------------NTSYRLI---NCNTSAI-T---QA, 1.3856, 0
1.619169, -70.9357, 74, POINT, I, VKLTPLCVTLNCTNVTNTNTS-------------------------------------DERGELKN----CSFNI-T-TN--LRD-KK-NKV-YSLF-YTLDVVQINENNNTTSNNS------------------------------------------NTSYRLI---NCNTSAI-T---QA, 0.4374, 0
1.627561, -116.7146, [74], CHUNK, ['T'], VKLTPLCVTLNCTNVTNTNTS-------------------------------------DMRGELKN----CSFNT-T-TN--LRD-KK-NKV-YSLF-YTLDVVQINENNNTTSNNS------------------------------------------NTSYRLI---NCNTSAI-T---QA, 0.1205, 0
1.614800, -118.4124, 58, POINT, T, VKLTPLCVTLNCTNVTNTNTS-------------------------------------TMRGELKN----CSFNM-T-TN--LRD-KK-NKV-YSLF-YTLDVVQINENNNTTSNNS------------------------------------------NTSYRLI---NCNTSAI-T---QA, 0.1205, 0
1.619797, -116.0661, [58, 59, 60], CHUNK, ['E', 'D', 'T'], VKLTPLCVTLNCTNVTNTNTS-------------------------------------EDTGELKN----CSFNM-T-TN--LRD-KK-NKV-YSLF-YTLDVVQINENNNTTSNNS------------------------------------------NTSYRLI---NCNTSAI-T---QA, 0.1205, 0
1.619257, -117.5640, [58, 59, 60], CHUNK, ['M', 'N', 'K'], VKLTPLCVTLNCTNVTNTNTS-------------------------------------MNKGELKN----CSFNM-T-TN--LRD-KK-NKV-YSLF-YTLDVVQINENNNTTSNNS------------------------------------------NTSYRLI---NCNTSAI-T---QA, 0.1205, 0
------END OF DATA------
Best coverage = 1.66005521867
Best sequence = VKLTPLCVTLNCTNVTNTNTS-------------------------------------KNKGELKN----CSFNM-T-TN--LRD-KK-NKV-YSLF-YTLDVVQINNNNNTTSNNS------------------------------------------NTSYRLI---NCNTSAI-T---QA
Best energy = -118.809507081
Best RMSD = 0.1204822734
Hard Covereage = 0.0614439743236
Num epitopes = 56
