Name base = V1V2_200_sq_1_5_ni
Iters = 200
Soft coverage = 1.31203964383
Energy = -129.490222402
Hard Covereage = 0.0368019545157
Num epitopes = 65
Initial seq = VKLTPLCVTLQCTNVTNNITD-------------------------------------DMRGELKN----CSFNM-T-TE--LRD-KK-QKV-YSLF-YRLDVVQINENQGNRSNNS------------------------------------------NKEYRLI---NCNTSAI-T---QA
-------START OF DATA------
1.326741, -128.3996, 174, POINT, T, VKLTPLCVTLQCTNVTNNITD-------------------------------------DMRGELKN----CSFNM-T-TE--LRD-KK-QKV-YSLF-YRLDVVQINENQGNRSNNS------------------------------------------NKEYRLI---NCNTSTI-T---QA, 0.0423, 1
1.350579, -127.3603, [109], CHUNK, ['S'], VKLTPLCVTLQCTNVTNNITD-------------------------------------DMRGELKN----CSFNM-T-TE--LRD-KK-QKV-YSLF-YRLDVVQINENSGNRSNNS------------------------------------------NKEYRLI---NCNTSTI-T---QA, 0.0423, 1
1.365766, -127.1111, 161, POINT, S, VKLTPLCVTLQCTNVTNNITD-------------------------------------DMRGELKN----CSFNM-T-TE--LRD-KK-QKV-YSLF-YRLDVVQINENSGNRSNNS------------------------------------------NKSYRLI---NCNTSTI-T---QA, 0.0430, 1
1.393515, -127.0679, 160, POINT, T, VKLTPLCVTLQCTNVTNNITD-------------------------------------DMRGELKN----CSFNM-T-TE--LRD-KK-QKV-YSLF-YRLDVVQINENSGNRSNNS------------------------------------------NTSYRLI---NCNTSTI-T---QA, 0.0540, 1
1.400031, -125.2673, 99, POINT, K, VKLTPLCVTLQCTNVTNNITD-------------------------------------DMRGELKN----CSFNM-T-TE--LRD-KK-QKV-YSLF-YKLDVVQINENSGNRSNNS------------------------------------------NTSYRLI---NCNTSTI-T---QA, 0.0540, 0
1.413015, -126.3431, 79, POINT, N, VKLTPLCVTLQCTNVTNNITD-------------------------------------DMRGELKN----CSFNM-T-TN--LRD-KK-QKV-YSLF-YRLDVVQINENSGNRSNNS------------------------------------------NTSYRLI---NCNTSTI-T---QA, 0.0540, 1
1.432436, -126.7357, 20, POINT, N, VKLTPLCVTLQCTNVTNNITN-------------------------------------DMRGELKN----CSFNM-T-TN--LRD-KK-QKV-YSLF-YRLDVVQINENSGNRSNNS------------------------------------------NTSYRLI---NCNTSTI-T---QA, 0.0738, 1
1.453710, -123.9490, 58, POINT, T, VKLTPLCVTLQCTNVTNNITN-------------------------------------TMRGELKN----CSFNM-T-TN--LRD-KK-QKV-YSLF-YRLDVVQINENSGNRSNNS------------------------------------------NTSYRLI---NCNTSTI-T---QA, 0.0738, 1
1.488685, -122.9619, 59, POINT, T, VKLTPLCVTLQCTNVTNNITN-------------------------------------TTRGELKN----CSFNM-T-TN--LRD-KK-QKV-YSLF-YRLDVVQINENSGNRSNNS------------------------------------------NTSYRLI---NCNTSTI-T---QA, 0.0738, 0
1.467909, -125.1542, 163, POINT, T, VKLTPLCVTLQCTNVTNNITN-------------------------------------TMRGELKN----CSFNM-T-TN--LRD-KK-QKV-YSLF-YRLDVVQINENSGNRSNNS------------------------------------------NTSYTLI---NCNTSTI-T---QA, 0.0738, 1
1.485699, -109.0591, [74], CHUNK, ['V'], VKLTPLCVTLQCTNVTNNITN-------------------------------------TMRGELKN----CSFNV-T-TN--LRD-KK-QKV-YSLF-YRLDVVQINENSGNRSNNS------------------------------------------NTSYTLI---NCNTSTI-T---QA, 0.1215, 0
1.476530, -124.5133, [91], CHUNK, ['T'], VKLTPLCVTLQCTNVTNNITN-------------------------------------TMRGELKN----CSFNM-T-TN--LRD-KK-QKT-YSLF-YRLDVVQINENSGNRSNNS------------------------------------------NTSYTLI---NCNTSTI-T---QA, 0.0738, 1
1.481298, -90.4826, [61], CHUNK, ['I'], VKLTPLCVTLQCTNVTNNITN-------------------------------------TMRIELKN----CSFNM-T-TN--LRD-KK-QKT-YSLF-YRLDVVQINENSGNRSNNS------------------------------------------NTSYTLI---NCNTSTI-T---QA, 0.1067, 0
1.501360, -122.9792, [18], CHUNK, ['T'], VKLTPLCVTLQCTNVTNNTTN-------------------------------------TMRGELKN----CSFNM-T-TN--LRD-KK-QKT-YSLF-YRLDVVQINENSGNRSNNS------------------------------------------NTSYTLI---NCNTSTI-T---QA, 0.0738, 1
1.511688, -123.0007, [10], CHUNK, ['K'], VKLTPLCVTLKCTNVTNNTTN-------------------------------------TMRGELKN----CSFNM-T-TN--LRD-KK-QKT-YSLF-YRLDVVQINENSGNRSNNS------------------------------------------NTSYTLI---NCNTSTI-T---QA, 0.0738, 0
1.512204, -124.0395, 109, POINT, N, VKLTPLCVTLQCTNVTNNTTN-------------------------------------TMRGELKN----CSFNM-T-TN--LRD-KK-QKT-YSLF-YRLDVVQINENNGNRSNNS------------------------------------------NTSYTLI---NCNTSTI-T---QA, 0.0727, 0
1.510300, -123.5313, 90, POINT, N, VKLTPLCVTLQCTNVTNNTTN-------------------------------------TMRGELKN----CSFNM-T-TN--LRD-KK-QNT-YSLF-YRLDVVQINENSGNRSNNS------------------------------------------NTSYTLI---NCNTSTI-T---QA, 0.0735, 1
1.534458, -118.8902, 60, POINT, T, VKLTPLCVTLQCTNVTNNTTN-------------------------------------TMTGELKN----CSFNM-T-TN--LRD-KK-QNT-YSLF-YRLDVVQINENSGNRSNNS------------------------------------------NTSYTLI---NCNTSTI-T---QA, 0.0802, 0
1.544440, -120.3591, [74], CHUNK, ['T'], VKLTPLCVTLQCTNVTNNTTN-------------------------------------TMRGELKN----CSFNT-T-TN--LRD-KK-QNT-YSLF-YRLDVVQINENSGNRSNNS------------------------------------------NTSYTLI---NCNTSTI-T---QA, 0.0735, 1
1.575347, -120.4722, 107, POINT, N, VKLTPLCVTLQCTNVTNNTTN-------------------------------------TMRGELKN----CSFNT-T-TN--LRD-KK-QNT-YSLF-YRLDVVQINNNSGNRSNNS------------------------------------------NTSYTLI---NCNTSTI-T---QA, 0.0735, 0
1.575472, -119.6855, [112], CHUNK, ['T'], VKLTPLCVTLQCTNVTNNTTN-------------------------------------TMRGELKN----CSFNT-T-TN--LRD-KK-QNT-YSLF-YRLDVVQINENSGNTSNNS------------------------------------------NTSYTLI---NCNTSTI-T---QA, 0.0735, 0
1.575347, -120.4722, [107], CHUNK, ['N'], VKLTPLCVTLQCTNVTNNTTN-------------------------------------TMRGELKN----CSFNT-T-TN--LRD-KK-QNT-YSLF-YRLDVVQINNNSGNRSNNS------------------------------------------NTSYTLI---NCNTSTI-T---QA, 0.0735, 0
1.569564, -118.0253, 14, POINT, N, VKLTPLCVTLQCTNNTNNTTN-------------------------------------TMRGELKN----CSFNT-T-TN--LRD-KK-QNT-YSLF-YRLDVVQINENSGNRSNNS------------------------------------------NTSYTLI---NCNTSTI-T---QA, 0.0735, 1
1.575980, -118.6225, 59, POINT, E, VKLTPLCVTLQCTNNTNNTTN-------------------------------------TERGELKN----CSFNT-T-TN--LRD-KK-QNT-YSLF-YRLDVVQINENSGNRSNNS------------------------------------------NTSYTLI---NCNTSTI-T---QA, 0.0735, 0
1.606213, -117.5196, 59, POINT, T, VKLTPLCVTLQCTNNTNNTTN-------------------------------------TTRGELKN----CSFNT-T-TN--LRD-KK-QNT-YSLF-YRLDVVQINENSGNRSNNS------------------------------------------NTSYTLI---NCNTSTI-T---QA, 0.0735, 0
1.594653, -117.6958, 107, POINT, T, VKLTPLCVTLQCTNNTNNTTN-------------------------------------TMRGELKN----CSFNT-T-TN--LRD-KK-QNT-YSLF-YRLDVVQINTNSGNRSNNS------------------------------------------NTSYTLI---NCNTSTI-T---QA, 0.0778, 1
1.604274, -117.7418, 10, POINT, K, VKLTPLCVTLKCTNNTNNTTN-------------------------------------TMRGELKN----CSFNT-T-TN--LRD-KK-QNT-YSLF-YRLDVVQINTNSGNRSNNS------------------------------------------NTSYTLI---NCNTSTI-T---QA, 0.0778, 0
1.616556, -116.7999, [162], CHUNK, ['N'], VKLTPLCVTLQCTNNTNNTTN-------------------------------------TMRGELKN----CSFNT-T-TN--LRD-KK-QNT-YSLF-YRLDVVQINTNSGNRSNNS------------------------------------------NTSNTLI---NCNTSTI-T---QA, 0.0778, 0
1.601925, -115.9266, [99], CHUNK, ['K'], VKLTPLCVTLQCTNNTNNTTN-------------------------------------TMRGELKN----CSFNT-T-TN--LRD-KK-QNT-YSLF-YKLDVVQINTNSGNRSNNS------------------------------------------NTSYTLI---NCNTSTI-T---QA, 0.0778, 0
1.607968, -116.9790, [116], CHUNK, ['N'], VKLTPLCVTLQCTNNTNNTTN-------------------------------------TMRGELKN----CSFNT-T-TN--LRD-KK-QNT-YSLF-YRLDVVQINTNSGNRSNNN------------------------------------------NTSYTLI---NCNTSTI-T---QA, 0.0888, 0
1.574877, -116.8540, [63], CHUNK, ['I'], VKLTPLCVTLQCTNNTNNTTN-------------------------------------TMRGEIKN----CSFNT-T-TN--LRD-KK-QNT-YSLF-YRLDVVQINENSGNRSNNS------------------------------------------NTSYTLI---NCNTSTI-T---QA, 0.0756, 1
1.587378, -116.6685, [59], CHUNK, ['I'], VKLTPLCVTLQCTNNTNNTTN-------------------------------------TIRGEIKN----CSFNT-T-TN--LRD-KK-QNT-YSLF-YRLDVVQINENSGNRSNNS------------------------------------------NTSYTLI---NCNTSTI-T---QA, 0.0912, 0
1.594325, -116.7681, [112], CHUNK, ['S'], VKLTPLCVTLQCTNNTNNTTN-------------------------------------TMRGEIKN----CSFNT-T-TN--LRD-KK-QNT-YSLF-YRLDVVQINENSGNSSNNS------------------------------------------NTSYTLI---NCNTSTI-T---QA, 0.0724, 0
1.626713, -116.9291, 10, POINT, N, VKLTPLCVTLNCTNNTNNTTN-------------------------------------TMRGEIKN----CSFNT-T-TN--LRD-KK-QNT-YSLF-YRLDVVQINENSGNRSNNS------------------------------------------NTSYTLI---NCNTSTI-T---QA, 0.0756, 1
1.633670, -117.7803, [113], CHUNK, ['N'], VKLTPLCVTLNCTNNTNNTTN-------------------------------------TMRGEIKN----CSFNT-T-TN--LRD-KK-QNT-YSLF-YRLDVVQINENSGNRNNNS------------------------------------------NTSYTLI---NCNTSTI-T---QA, 0.0756, 0
1.632446, -7.3535, 82, POINT, I, VKLTPLCVTLNCTNNTNNTTN-------------------------------------TMRGEIKN----CSFNT-T-TN--IRD-KK-QNT-YSLF-YRLDVVQINENSGNRSNNS------------------------------------------NTSYTLI---NCNTSTI-T---QA, 0.3095, 0
1.633172, -112.6317, [9], CHUNK, ['N'], VKLTPLCVTNNCTNNTNNTTN-------------------------------------TMRGEIKN----CSFNT-T-TN--LRD-KK-QNT-YSLF-YRLDVVQINENSGNRSNNS------------------------------------------NTSYTLI---NCNTSTI-T---QA, 0.0847, 0
1.636620, -117.6411, [59], CHUNK, ['L'], VKLTPLCVTLNCTNNTNNTTN-------------------------------------TLRGEIKN----CSFNT-T-TN--LRD-KK-QNT-YSLF-YRLDVVQINENSGNRSNNS------------------------------------------NTSYTLI---NCNTSTI-T---QA, 0.0739, 0
1.580609, -30.3609, [82], CHUNK, ['I'], VKLTPLCVTLQCTNNTNNTTN-------------------------------------TMRGEIKN----CSFNT-T-TN--IRD-KK-QNT-YSLF-YRLDVVQINENSGNRSNNS------------------------------------------NTSYTLI---NCNTSTI-T---QA, 0.3717, 0
1.576697, -119.8329, 58, POINT, N, VKLTPLCVTLQCTNNTNNTTN-------------------------------------NMRGEIKN----CSFNT-T-TN--LRD-KK-QNT-YSLF-YRLDVVQINENSGNRSNNS------------------------------------------NTSYTLI---NCNTSTI-T---QA, 0.0995, 1
1.598418, -119.8948, [60], CHUNK, ['N'], VKLTPLCVTLQCTNNTNNTTN-------------------------------------NMNGEIKN----CSFNT-T-TN--LRD-KK-QNT-YSLF-YRLDVVQINENSGNRSNNS------------------------------------------NTSYTLI---NCNTSTI-T---QA, 0.0995, 0
1.628534, -120.2754, 10, POINT, N, VKLTPLCVTLNCTNNTNNTTN-------------------------------------NMRGEIKN----CSFNT-T-TN--LRD-KK-QNT-YSLF-YRLDVVQINENSGNRSNNS------------------------------------------NTSYTLI---NCNTSTI-T---QA, 0.1224, 0
1.588152, -119.4205, 109, POINT, T, VKLTPLCVTLQCTNNTNNTTN-------------------------------------NMRGEIKN----CSFNT-T-TN--LRD-KK-QNT-YSLF-YRLDVVQINENTGNRSNNS------------------------------------------NTSYTLI---NCNTSTI-T---QA, 0.0995, 1
1.605292, -117.9337, [93], CHUNK, ['N'], VKLTPLCVTLQCTNNTNNTTN-------------------------------------NMRGEIKN----CSFNT-T-TN--LRD-KK-QNT-NSLF-YRLDVVQINENTGNRSNNS------------------------------------------NTSYTLI---NCNTSTI-T---QA, 0.0995, 0
1.594551, -120.3387, [161], CHUNK, ['T'], VKLTPLCVTLQCTNNTNNTTN-------------------------------------NMRGEIKN----CSFNT-T-TN--LRD-KK-QNT-YSLF-YRLDVVQINENTGNRSNNS------------------------------------------NTTYTLI---NCNTSTI-T---QA, 0.0977, 0
1.604620, -118.5686, [104], CHUNK, ['S'], VKLTPLCVTLQCTNNTNNTTN-------------------------------------NMRGEIKN----CSFNT-T-TN--LRD-KK-QNT-YSLF-YRLDVVSINENTGNRSNNS------------------------------------------NTSYTLI---NCNTSTI-T---QA, 0.0995, 0
1.595803, -117.8755, [104], CHUNK, ['K'], VKLTPLCVTLQCTNNTNNTTN-------------------------------------NMRGEIKN----CSFNT-T-TN--LRD-KK-QNT-YSLF-YRLDVVKINENTGNRSNNS------------------------------------------NTSYTLI---NCNTSTI-T---QA, 0.0995, 0
1.581625, -120.9244, 104, POINT, P, VKLTPLCVTLQCTNNTNNTTN-------------------------------------NMRGEIKN----CSFNT-T-TN--LRD-KK-QNT-YSLF-YRLDVVPINENSGNRSNNS------------------------------------------NTSYTLI---NCNTSTI-T---QA, 0.1078, 0
1.577092, -112.9723, 96, POINT, L, VKLTPLCVTLQCTNNTNNTTN-------------------------------------NMRGEIKN----CSFNT-T-TN--LRD-KK-QNT-YSLL-YRLDVVQINENSGNRSNNS------------------------------------------NTSYTLI---NCNTSTI-T---QA, 0.0995, 0
1.590025, -120.4500, 84, POINT, N, VKLTPLCVTLQCTNNTNNTTN-------------------------------------NMRGEIKN----CSFNT-T-TN--LRN-KK-QNT-YSLF-YRLDVVQINENSGNRSNNS------------------------------------------NTSYTLI---NCNTSTI-T---QA, 0.0995, 0
1.601326, -119.5430, 59, POINT, S, VKLTPLCVTLQCTNNTNNTTN-------------------------------------NSRGEIKN----CSFNT-T-TN--LRD-KK-QNT-YSLF-YRLDVVQINENSGNRSNNS------------------------------------------NTSYTLI---NCNTSTI-T---QA, 0.0995, 0
1.592600, -112.1369, [82], CHUNK, ['T'], VKLTPLCVTLQCTNNTNNTTN-------------------------------------TMRGEIKN----CSFNT-T-TN--TRD-KK-QNT-YSLF-YRLDVVQINENSGNRSNNS------------------------------------------NTSYTLI---NCNTSTI-T---QA, 0.0756, 0
1.584817, -116.4125, [89], CHUNK, ['K'], VKLTPLCVTLQCTNNTNNTTN-------------------------------------TMRGEIKN----CSFNT-T-TN--LRD-KK-KNT-YSLF-YRLDVVQINENSGNRSNNS------------------------------------------NTSYTLI---NCNTSTI-T---QA, 0.0756, 0
1.596780, -115.9577, 162, POINT, N, VKLTPLCVTLQCTNNTNNTTN-------------------------------------TMRGEIKN----CSFNT-T-TN--LRD-KK-QNT-YSLF-YRLDVVQINENSGNRSNNS------------------------------------------NTSNTLI---NCNTSTI-T---QA, 0.0756, 1
1.603849, -114.1759, 99, POINT, K, VKLTPLCVTLQCTNNTNNTTN-------------------------------------TMRGEIKN----CSFNT-T-TN--LRD-KK-QNT-YSLF-YKLDVVQINENSGNRSNNS------------------------------------------NTSNTLI---NCNTSTI-T---QA, 0.0756, 1
1.640029, -113.6718, 59, POINT, T, VKLTPLCVTLQCTNNTNNTTN-------------------------------------TTRGEIKN----CSFNT-T-TN--LRD-KK-QNT-YSLF-YKLDVVQINENSGNRSNNS------------------------------------------NTSNTLI---NCNTSTI-T---QA, 0.0756, 0
1.617177, -114.7930, [84], CHUNK, ['N'], VKLTPLCVTLQCTNNTNNTTN-------------------------------------TMRGEIKN----CSFNT-T-TN--LRN-KK-QNT-YSLF-YKLDVVQINENSGNRSNNS------------------------------------------NTSNTLI---NCNTSTI-T---QA, 0.0756, 0
1.614694, -114.8566, [109], CHUNK, ['N'], VKLTPLCVTLQCTNNTNNTTN-------------------------------------TMRGEIKN----CSFNT-T-TN--LRD-KK-QNT-YSLF-YKLDVVQINENNGNRSNNS------------------------------------------NTSNTLI---NCNTSTI-T---QA, 0.0756, 0
1.609582, 0.9184, [82], CHUNK, ['I'], VKLTPLCVTLQCTNNTNNTTN-------------------------------------TMRGEIKN----CSFNT-T-TN--IRD-KK-QNT-YSLF-YKLDVVQINENSGNRSNNS------------------------------------------NTSNTLI---NCNTSTI-T---QA, 0.2422, 0
1.648617, -116.1818, 10, POINT, N, VKLTPLCVTLNCTNNTNNTTN-------------------------------------TMRGEIKN----CSFNT-T-TN--LRD-KK-QNT-YSLF-YRLDVVQINENSGNRSNNS------------------------------------------NTSNTLI---NCNTSTI-T---QA, 0.0719, 0
1.617201, -98.6138, [61], CHUNK, ['N'], VKLTPLCVTLQCTNNTNNTTN-------------------------------------TMRNEIKN----CSFNT-T-TN--LRD-KK-QNT-YSLF-YRLDVVQINENSGNRSNNS------------------------------------------NTSNTLI---NCNTSTI-T---QA, 0.0756, 0
1.609886, -116.2995, 10, POINT, D, VKLTPLCVTLDCTNNTNNTTN-------------------------------------TMRGEIKN----CSFNT-T-TN--LRD-KK-QNT-YSLF-YRLDVVQINENSGNRSNNS------------------------------------------NTSNTLI---NCNTSTI-T---QA, 0.0756, 1
1.619826, -115.9707, 89, POINT, K, VKLTPLCVTLDCTNNTNNTTN-------------------------------------TMRGEIKN----CSFNT-T-TN--LRD-KK-KNT-YSLF-YRLDVVQINENSGNRSNNS------------------------------------------NTSNTLI---NCNTSTI-T---QA, 0.0772, 0
1.616955, -114.5895, 99, POINT, K, VKLTPLCVTLDCTNNTNNTTN-------------------------------------TMRGEIKN----CSFNT-T-TN--LRD-KK-QNT-YSLF-YKLDVVQINENSGNRSNNS------------------------------------------NTSNTLI---NCNTSTI-T---QA, 0.0801, 0
1.610429, -113.5409, [71], CHUNK, ['T'], VKLTPLCVTLDCTNNTNNTTN-------------------------------------TMRGEIKN----CTFNT-T-TN--LRD-KK-QNT-YSLF-YRLDVVQINENSGNRSNNS------------------------------------------NTSNTLI---NCNTSTI-T---QA, 0.0756, 0
1.619826, -115.8581, [89], CHUNK, ['K'], VKLTPLCVTLDCTNNTNNTTN-------------------------------------TMRGEIKN----CSFNT-T-TN--LRD-KK-KNT-YSLF-YRLDVVQINENSGNRSNNS------------------------------------------NTSNTLI---NCNTSTI-T---QA, 0.0756, 1
1.633877, -116.8195, [84], CHUNK, ['N'], VKLTPLCVTLDCTNNTNNTTN-------------------------------------TMRGEIKN----CSFNT-T-TN--LRN-KK-KNT-YSLF-YRLDVVQINENSGNRSNNS------------------------------------------NTSNTLI---NCNTSTI-T---QA, 0.0948, 0
1.633874, -115.5159, [113], CHUNK, ['T'], VKLTPLCVTLDCTNNTNNTTN-------------------------------------TMRGEIKN----CSFNT-T-TN--LRD-KK-KNT-YSLF-YRLDVVQINENSGNRTNNS------------------------------------------NTSNTLI---NCNTSTI-T---QA, 0.0756, 0
1.651196, -117.2945, [110], CHUNK, ['N'], VKLTPLCVTLDCTNNTNNTTN-------------------------------------TMRGEIKN----CSFNT-T-TN--LRD-KK-KNT-YSLF-YRLDVVQINENSNNRSNNS------------------------------------------NTSNTLI---NCNTSTI-T---QA, 0.0756, 0
1.650733, -115.9711, [107], CHUNK, ['N'], VKLTPLCVTLDCTNNTNNTTN-------------------------------------TMRGEIKN----CSFNT-T-TN--LRD-KK-KNT-YSLF-YRLDVVQINNNSGNRSNNS------------------------------------------NTSNTLI---NCNTSTI-T---QA, 0.0756, 1
1.655866, -116.2593, 104, POINT, P, VKLTPLCVTLDCTNNTNNTTN-------------------------------------TMRGEIKN----CSFNT-T-TN--LRD-KK-KNT-YSLF-YRLDVVPINNNSGNRSNNS------------------------------------------NTSNTLI---NCNTSTI-T---QA, 0.0756, 0
1.663507, -114.7216, [93], CHUNK, ['S'], VKLTPLCVTLDCTNNTNNTTN-------------------------------------TMRGEIKN----CSFNT-T-TN--LRD-KK-KNT-SSLF-YRLDVVQINNNSGNRSNNS------------------------------------------NTSNTLI---NCNTSTI-T---QA, 0.0642, 0
1.689464, -115.7830, 10, POINT, N, VKLTPLCVTLNCTNNTNNTTN-------------------------------------TMRGEIKN----CSFNT-T-TN--LRD-KK-KNT-YSLF-YRLDVVQINNNSGNRSNNS------------------------------------------NTSNTLI---NCNTSTI-T---QA, 0.1239, 0
1.657113, -116.6518, 109, POINT, N, VKLTPLCVTLDCTNNTNNTTN-------------------------------------TMRGEIKN----CSFNT-T-TN--LRD-KK-KNT-YSLF-YRLDVVQINNNNGNRSNNS------------------------------------------NTSNTLI---NCNTSTI-T---QA, 0.0756, 0
1.625425, -116.1759, 101, POINT, N, VKLTPLCVTLDCTNNTNNTTN-------------------------------------TMRGEIKN----CSFNT-T-TN--LRD-KK-KNT-YSLF-YRLNVVQINENSGNRSNNS------------------------------------------NTSNTLI---NCNTSTI-T---QA, 0.0806, 0
1.620369, -113.0994, [71], CHUNK, ['T'], VKLTPLCVTLDCTNNTNNTTN-------------------------------------TMRGEIKN----CTFNT-T-TN--LRD-KK-KNT-YSLF-YRLDVVQINENSGNRSNNS------------------------------------------NTSNTLI---NCNTSTI-T---QA, 0.0756, 0
1.627840, -113.6695, 98, POINT, N, VKLTPLCVTLDCTNNTNNTTN-------------------------------------TMRGEIKN----CSFNT-T-TN--LRD-KK-KNT-YSLF-NRLDVVQINENSGNRSNNS------------------------------------------NTSNTLI---NCNTSTI-T---QA, 0.0756, 0
1.636181, -113.8484, [165], CHUNK, ['T'], VKLTPLCVTLDCTNNTNNTTN-------------------------------------TMRGEIKN----CSFNT-T-TN--LRD-KK-KNT-YSLF-YRLDVVQINENSGNRSNNS------------------------------------------NTSNTLT---NCNTSTI-T---QA, 0.0756, 0
1.617362, -114.7472, [87], CHUNK, ['S'], VKLTPLCVTLDCTNNTNNTTN-------------------------------------TMRGEIKN----CSFNT-T-TN--LRD-KS-QNT-YSLF-YRLDVVQINENSGNRSNNS------------------------------------------NTSNTLI---NCNTSTI-T---QA, 0.0756, 0
1.620731, -116.9820, [109], CHUNK, ['N'], VKLTPLCVTLDCTNNTNNTTN-------------------------------------TMRGEIKN----CSFNT-T-TN--LRD-KK-QNT-YSLF-YRLDVVQINENNGNRSNNS------------------------------------------NTSNTLI---NCNTSTI-T---QA, 0.0712, 0
1.610281, -109.4459, 96, POINT, L, VKLTPLCVTLDCTNNTNNTTN-------------------------------------TMRGEIKN----CSFNT-T-TN--LRD-KK-QNT-YSLL-YRLDVVQINENSGNRSNNS------------------------------------------NTSNTLI---NCNTSTI-T---QA, 0.0756, 0
1.625292, -115.0179, 104, POINT, L, VKLTPLCVTLDCTNNTNNTTN-------------------------------------TMRGEIKN----CSFNT-T-TN--LRD-KK-QNT-YSLF-YRLDVVLINENSGNRSNNS------------------------------------------NTSNTLI---NCNTSTI-T---QA, 0.0756, 1
1.657819, -115.4682, [112], CHUNK, ['N'], VKLTPLCVTLDCTNNTNNTTN-------------------------------------TMRGEIKN----CSFNT-T-TN--LRD-KK-QNT-YSLF-YRLDVVLINENSGNNSNNS------------------------------------------NTSNTLI---NCNTSTI-T---QA, 0.0756, 1
1.670151, -115.0489, 62, POINT, N, VKLTPLCVTLDCTNNTNNTTN-------------------------------------TMRGNIKN----CSFNT-T-TN--LRD-KK-QNT-YSLF-YRLDVVLINENSGNNSNNS------------------------------------------NTSNTLI---NCNTSTI-T---QA, 0.1269, 0
1.672797, -114.9533, 103, POINT, T, VKLTPLCVTLDCTNNTNNTTN-------------------------------------TMRGEIKN----CSFNT-T-TN--LRD-KK-QNT-YSLF-YRLDVTLINENSGNNSNNS------------------------------------------NTSNTLI---NCNTSTI-T---QA, 0.0945, 0
1.689813, -116.9312, 107, POINT, N, VKLTPLCVTLDCTNNTNNTTN-------------------------------------TMRGEIKN----CSFNT-T-TN--LRD-KK-QNT-YSLF-YRLDVVLINNNSGNNSNNS------------------------------------------NTSNTLI---NCNTSTI-T---QA, 0.0762, 0
1.674173, -114.7241, 165, POINT, T, VKLTPLCVTLDCTNNTNNTTN-------------------------------------TMRGEIKN----CSFNT-T-TN--LRD-KK-QNT-YSLF-YRLDVVLINENSGNNSNNS------------------------------------------NTSNTLT---NCNTSTI-T---QA, 0.0745, 0
1.628029, -114.7727, [59], CHUNK, ['G'], VKLTPLCVTLDCTNNTNNTTN-------------------------------------TGRGEIKN----CSFNT-T-TN--LRD-KK-QNT-YSLF-YRLDVVLINENSGNRSNNS------------------------------------------NTSNTLI---NCNTSTI-T---QA, 0.0860, 1
1.639702, -115.7752, 161, POINT, N, VKLTPLCVTLDCTNNTNNTTN-------------------------------------TGRGEIKN----CSFNT-T-TN--LRD-KK-QNT-YSLF-YRLDVVLINENSGNRSNNS------------------------------------------NTNNTLI---NCNTSTI-T---QA, 0.0860, 0
1.641357, -115.3898, 84, POINT, N, VKLTPLCVTLDCTNNTNNTTN-------------------------------------TGRGEIKN----CSFNT-T-TN--LRN-KK-QNT-YSLF-YRLDVVLINENSGNRSNNS------------------------------------------NTSNTLI---NCNTSTI-T---QA, 0.0860, 0
1.659621, -114.1081, 112, POINT, T, VKLTPLCVTLDCTNNTNNTTN-------------------------------------TGRGEIKN----CSFNT-T-TN--LRD-KK-QNT-YSLF-YRLDVVLINENSGNTSNNS------------------------------------------NTSNTLI---NCNTSTI-T---QA, 0.0860, 0
1.666760, -114.5062, 10, POINT, N, VKLTPLCVTLNCTNNTNNTTN-------------------------------------TGRGEIKN----CSFNT-T-TN--LRD-KK-QNT-YSLF-YRLDVVLINENSGNRSNNS------------------------------------------NTSNTLI---NCNTSTI-T---QA, 0.0860, 0
1.637786, -115.7702, [109], CHUNK, ['T'], VKLTPLCVTLDCTNNTNNTTN-------------------------------------TMRGEIKN----CSFNT-T-TN--LRD-KK-QNT-YSLF-YRLDVVLINENTGNRSNNS------------------------------------------NTSNTLI---NCNTSTI-T---QA, 0.1059, 1
1.653670, -115.0029, [116], CHUNK, ['N'], VKLTPLCVTLDCTNNTNNTTN-------------------------------------TMRGEIKN----CSFNT-T-TN--LRD-KK-QNT-YSLF-YRLDVVLINENTGNRSNNN------------------------------------------NTSNTLI---NCNTSTI-T---QA, 0.1059, 0
1.669461, -115.8837, [107], CHUNK, ['N'], VKLTPLCVTLDCTNNTNNTTN-------------------------------------TMRGEIKN----CSFNT-T-TN--LRD-KK-QNT-YSLF-YRLDVVLINNNTGNRSNNS------------------------------------------NTSNTLI---NCNTSTI-T---QA, 0.1059, 0
1.663863, -115.4574, [59], CHUNK, ['S'], VKLTPLCVTLDCTNNTNNTTN-------------------------------------TSRGEIKN----CSFNT-T-TN--LRD-KK-QNT-YSLF-YRLDVVLINENTGNRSNNS------------------------------------------NTSNTLI---NCNTSTI-T---QA, 0.1270, 1
1.680217, -113.4649, [165], CHUNK, ['T'], VKLTPLCVTLDCTNNTNNTTN-------------------------------------TSRGEIKN----CSFNT-T-TN--LRD-KK-QNT-YSLF-YRLDVVLINENTGNRSNNS------------------------------------------NTSNTLT---NCNTSTI-T---QA, 0.1270, 0
1.690990, -110.9580, 60, POINT, T, VKLTPLCVTLDCTNNTNNTTN-------------------------------------TSTGEIKN----CSFNT-T-TN--LRD-KK-QNT-YSLF-YRLDVVLINENTGNRSNNS------------------------------------------NTSNTLI---NCNTSTI-T---QA, 0.1270, 0
1.673803, -114.9756, [89], CHUNK, ['K'], VKLTPLCVTLDCTNNTNNTTN-------------------------------------TSRGEIKN----CSFNT-T-TN--LRD-KK-KNT-YSLF-YRLDVVLINENTGNRSNNS------------------------------------------NTSNTLI---NCNTSTI-T---QA, 0.1270, 0
1.675544, -115.2887, 86, POINT, T, VKLTPLCVTLDCTNNTNNTTN-------------------------------------TSRGEIKN----CSFNT-T-TN--LRD-TK-QNT-YSLF-YRLDVVLINENTGNRSNNS------------------------------------------NTSNTLI---NCNTSTI-T---QA, 0.1235, 0
1.645087, -114.0215, 99, POINT, K, VKLTPLCVTLDCTNNTNNTTN-------------------------------------TMRGEIKN----CSFNT-T-TN--LRD-KK-QNT-YSLF-YKLDVVLINENTGNRSNNS------------------------------------------NTSNTLI---NCNTSTI-T---QA, 0.1595, 0
1.651113, -116.3873, [84], CHUNK, ['N'], VKLTPLCVTLDCTNNTNNTTN-------------------------------------TMRGEIKN----CSFNT-T-TN--LRN-KK-QNT-YSLF-YRLDVVLINENTGNRSNNS------------------------------------------NTSNTLI---NCNTSTI-T---QA, 0.1059, 0
1.647692, -116.5437, [59], CHUNK, ['L'], VKLTPLCVTLDCTNNTNNTTN-------------------------------------TLRGEIKN----CSFNT-T-TN--LRD-KK-QNT-YSLF-YRLDVVLINENTGNRSNNS------------------------------------------NTSNTLI---NCNTSTI-T---QA, 0.1038, 1
1.653425, 0.9380, [82], CHUNK, ['I'], VKLTPLCVTLDCTNNTNNTTN-------------------------------------TLRGEIKN----CSFNT-T-TN--IRD-KK-QNT-YSLF-YRLDVVLINENTGNRSNNS------------------------------------------NTSNTLI---NCNTSTI-T---QA, 0.2338, 0
1.656711, -117.3650, [110], CHUNK, ['K'], VKLTPLCVTLDCTNNTNNTTN-------------------------------------TLRGEIKN----CSFNT-T-TN--LRD-KK-QNT-YSLF-YRLDVVLINENTKNRSNNS------------------------------------------NTSNTLI---NCNTSTI-T---QA, 0.1038, 0
1.679367, -116.6571, 107, POINT, N, VKLTPLCVTLDCTNNTNNTTN-------------------------------------TLRGEIKN----CSFNT-T-TN--LRD-KK-QNT-YSLF-YRLDVVLINNNTGNRSNNS------------------------------------------NTSNTLI---NCNTSTI-T---QA, 0.1038, 0
1.686423, -116.2622, [10], CHUNK, ['N'], VKLTPLCVTLNCTNNTNNTTN-------------------------------------TLRGEIKN----CSFNT-T-TN--LRD-KK-QNT-YSLF-YRLDVVLINENTGNRSNNS------------------------------------------NTSNTLI---NCNTSTI-T---QA, 0.1038, 0
1.673965, -115.2626, [59], CHUNK, ['T'], VKLTPLCVTLDCTNNTNNTTN-------------------------------------TTRGEIKN----CSFNT-T-TN--LRD-KK-QNT-YSLF-YRLDVVLINENTGNRSNNS------------------------------------------NTSNTLI---NCNTSTI-T---QA, 0.1059, 0
1.639606, -118.8607, [58], CHUNK, ['N'], VKLTPLCVTLDCTNNTNNTTN-------------------------------------NMRGEIKN----CSFNT-T-TN--LRD-KK-QNT-YSLF-YRLDVVLINENTGNRSNNS------------------------------------------NTSNTLI---NCNTSTI-T---QA, 0.1059, 1
1.678337, -118.5781, 10, POINT, N, VKLTPLCVTLNCTNNTNNTTN-------------------------------------NMRGEIKN----CSFNT-T-TN--LRD-KK-QNT-YSLF-YRLDVVLINENTGNRSNNS------------------------------------------NTSNTLI---NCNTSTI-T---QA, 0.1059, 0
1.645339, -0.9043, 82, POINT, I, VKLTPLCVTLDCTNNTNNTTN-------------------------------------NMRGEIKN----CSFNT-T-TN--IRD-KK-QNT-YSLF-YRLDVVLINENTGNRSNNS------------------------------------------NTSNTLI---NCNTSTI-T---QA, 0.1702, 0
1.649546, -118.4033, 89, POINT, K, VKLTPLCVTLDCTNNTNNTTN-------------------------------------NMRGEIKN----CSFNT-T-TN--LRD-KK-KNT-YSLF-YRLDVVLINENTGNRSNNS------------------------------------------NTSNTLI---NCNTSTI-T---QA, 0.1059, 0
1.645650, -119.4557, 59, POINT, E, VKLTPLCVTLDCTNNTNNTTN-------------------------------------NERGEIKN----CSFNT-T-TN--LRD-KK-QNT-YSLF-YRLDVVLINENTGNRSNNS------------------------------------------NTSNTLI---NCNTSTI-T---QA, 0.1059, 0
1.644485, -116.3668, 59, POINT, E, VKLTPLCVTLDCTNNTNNTTN-------------------------------------TERGEIKN----CSFNT-T-TN--LRD-KK-QNT-YSLF-YRLDVVLINENTGNRSNNS------------------------------------------NTSNTLI---NCNTSTI-T---QA, 0.1059, 0
1.676516, -115.4876, [10], CHUNK, ['N'], VKLTPLCVTLNCTNNTNNTTN-------------------------------------TMRGEIKN----CSFNT-T-TN--LRD-KK-QNT-YSLF-YRLDVVLINENTGNRSNNS------------------------------------------NTSNTLI---NCNTSTI-T---QA, 0.1059, 1
1.682249, -69.6287, 82, POINT, I, VKLTPLCVTLNCTNNTNNTTN-------------------------------------TMRGEIKN----CSFNT-T-TN--IRD-KK-QNT-YSLF-YRLDVVLINENTGNRSNNS------------------------------------------NTSNTLI---NCNTSTI-T---QA, 0.3814, 0
1.710713, -116.8689, [110], CHUNK, ['N'], VKLTPLCVTLNCTNNTNNTTN-------------------------------------TMRGEIKN----CSFNT-T-TN--LRD-KK-QNT-YSLF-YRLDVVLINENTNNRSNNS------------------------------------------NTSNTLI---NCNTSTI-T---QA, 0.1059, 0
1.693656, -114.1321, [93], CHUNK, ['N'], VKLTPLCVTLNCTNNTNNTTN-------------------------------------TMRGEIKN----CSFNT-T-TN--LRD-KK-QNT-NSLF-YRLDVVLINENTGNRSNNS------------------------------------------NTSNTLI---NCNTSTI-T---QA, 0.1186, 0
1.708191, -115.8852, [107], CHUNK, ['N'], VKLTPLCVTLNCTNNTNNTTN-------------------------------------TMRGEIKN----CSFNT-T-TN--LRD-KK-QNT-YSLF-YRLDVVLINNNTGNRSNNS------------------------------------------NTSNTLI---NCNTSTI-T---QA, 0.1047, 0
1.645087, -114.5969, [99], CHUNK, ['K'], VKLTPLCVTLDCTNNTNNTTN-------------------------------------TMRGEIKN----CSFNT-T-TN--LRD-KK-QNT-YSLF-YKLDVVLINENTGNRSNNS------------------------------------------NTSNTLI---NCNTSTI-T---QA, 0.1066, 0
1.654140, -113.7615, 165, POINT, T, VKLTPLCVTLDCTNNTNNTTN-------------------------------------TMRGEIKN----CSFNT-T-TN--LRD-KK-QNT-YSLF-YRLDVVLINENTGNRSNNS------------------------------------------NTSNTLT---NCNTSTI-T---QA, 0.1059, 0
1.641466, -109.4988, 60, POINT, I, VKLTPLCVTLDCTNNTNNTTN-------------------------------------TMIGEIKN----CSFNT-T-TN--LRD-KK-QNT-YSLF-YRLDVVLINENTGNRSNNS------------------------------------------NTSNTLI---NCNTSTI-T---QA, 0.1059, 0
1.640523, -114.7570, 59, POINT, G, VKLTPLCVTLDCTNNTNNTTN-------------------------------------TGRGEIKN----CSFNT-T-TN--LRD-KK-QNT-YSLF-YRLDVVLINENTGNRSNNS------------------------------------------NTSNTLI---NCNTSTI-T---QA, 0.1059, 0
1.657179, -116.0371, 59, POINT, N, VKLTPLCVTLDCTNNTNNTTN-------------------------------------TNRGEIKN----CSFNT-T-TN--LRD-KK-QNT-YSLF-YRLDVVLINENSGNRSNNS------------------------------------------NTSNTLI---NCNTSTI-T---QA, 0.0764, 0
1.638619, -117.0607, 84, POINT, N, VKLTPLCVTLDCTNNTNNTTN-------------------------------------TMRGEIKN----CSFNT-T-TN--LRN-KK-QNT-YSLF-YRLDVVLINENSGNRSNNS------------------------------------------NTSNTLI---NCNTSTI-T---QA, 0.0851, 0
1.632836, -115.2610, 59, POINT, V, VKLTPLCVTLDCTNNTNNTTN-------------------------------------TVRGEIKN----CSFNT-T-TN--LRD-KK-QNT-YSLF-YRLDVVLINENSGNRSNNS------------------------------------------NTSNTLI---NCNTSTI-T---QA, 0.0756, 0
1.626629, -114.7926, 182, POINT, T, VKLTPLCVTLDCTNNTNNTTN-------------------------------------TMRGEIKN----CSFNT-T-TN--LRD-KK-QNT-YSLF-YRLDVVLINENSGNRSNNS------------------------------------------NTSNTLI---NCNTSTI-T---QT, 0.0756, 0
1.615343, -114.0158, [60], CHUNK, ['K'], VKLTPLCVTLDCTNNTNNTTN-------------------------------------TMKGEIKN----CSFNT-T-TN--LRD-KK-QNT-YSLF-YRLDVVQINENSGNRSNNS------------------------------------------NTSNTLI---NCNTSTI-T---QA, 0.0770, 0
1.648617, -116.0328, [10], CHUNK, ['N'], VKLTPLCVTLNCTNNTNNTTN-------------------------------------TMRGEIKN----CSFNT-T-TN--LRD-KK-QNT-YSLF-YRLDVVQINENSGNRSNNS------------------------------------------NTSNTLI---NCNTSTI-T---QA, 0.0756, 0
1.627409, -115.4357, 10, POINT, T, VKLTPLCVTLTCTNNTNNTTN-------------------------------------TMRGEIKN----CSFNT-T-TN--LRD-KK-QNT-YSLF-YRLDVVQINENSGNRSNNS------------------------------------------NTSNTLI---NCNTSTI-T---QA, 0.0767, 0
1.615435, -115.1095, [59], CHUNK, ['Y'], VKLTPLCVTLDCTNNTNNTTN-------------------------------------TYRGEIKN----CSFNT-T-TN--LRD-KK-QNT-YSLF-YRLDVVQINENSGNRSNNS------------------------------------------NTSNTLI---NCNTSTI-T---QA, 0.0756, 0
1.627687, -116.0708, 107, POINT, N, VKLTPLCVTLQCTNNTNNTTN-------------------------------------TMRGEIKN----CSFNT-T-TN--LRD-KK-QNT-YSLF-YRLDVVQINNNSGNRSNNS------------------------------------------NTSNTLI---NCNTSTI-T---QA, 0.0756, 0
1.627587, -116.3461, 110, POINT, T, VKLTPLCVTLQCTNNTNNTTN-------------------------------------TMRGEIKN----CSFNT-T-TN--LRD-KK-QNT-YSLF-YRLDVVQINENSTNRSNNS------------------------------------------NTSNTLI---NCNTSTI-T---QA, 0.0756, 0
1.648617, -116.0328, [10], CHUNK, ['N'], VKLTPLCVTLNCTNNTNNTTN-------------------------------------TMRGEIKN----CSFNT-T-TN--LRD-KK-QNT-YSLF-YRLDVVQINENSGNRSNNS------------------------------------------NTSNTLI---NCNTSTI-T---QA, 0.0756, 0
1.610828, -115.6156, [113], CHUNK, ['T'], VKLTPLCVTLQCTNNTNNTTN-------------------------------------TMRGEIKN----CSFNT-T-TN--LRD-KK-QNT-YSLF-YRLDVVQINENSGNRTNNS------------------------------------------NTSNTLI---NCNTSTI-T---QA, 0.0756, 0
