Name base = V1V2_200_exp_6_6_ni
Iters = 200
Soft coverage = 0.284621885725
Energy = -130.270948653
Hard Covereage = 0.0368019545157
Num epitopes = 65
Initial seq = VKLTPLCVTLQCTNVTNNITD-------------------------------------DMRGELKN----CSFNM-T-TE--LRD-KK-QKV-YSLF-YRLDVVQINENQGNRSNNS------------------------------------------NKEYRLI---NCNTSAI-T---QA
-------START OF DATA------
0.298991, -127.5122, [10, 13, 14, 15], CHUNK, ['N', 'D', 'A', 'E'], VKLTPLCVTLNCTDAENNITD-------------------------------------DMRGELKN----CSFNM-T-TE--LRD-KK-QKV-YSLF-YRLDVVQINENQGNRSNNS------------------------------------------NKEYRLI---NCNTSAI-T---QA, 0.0000, 1
0.311097, -126.8258, [160, 161], CHUNK, ['T', 'S'], VKLTPLCVTLNCTDAENNITD-------------------------------------DMRGELKN----CSFNM-T-TE--LRD-KK-QKV-YSLF-YRLDVVQINENQGNRSNNS------------------------------------------NTSYRLI---NCNTSAI-T---QA, 0.0828, 1
0.318368, -125.6587, 63, POINT, I, VKLTPLCVTLNCTDAENNITD-------------------------------------DMRGEIKN----CSFNM-T-TE--LRD-KK-QKV-YSLF-YRLDVVQINENQGNRSNNS------------------------------------------NTSYRLI---NCNTSAI-T---QA, 0.0828, 1
0.329761, -83.4276, 74, POINT, I, VKLTPLCVTLNCTDAENNITD-------------------------------------DMRGEIKN----CSFNI-T-TE--LRD-KK-QKV-YSLF-YRLDVVQINENQGNRSNNS------------------------------------------NTSYRLI---NCNTSAI-T---QA, 0.3671, 0
0.321846, -125.3906, 14, POINT, N, VKLTPLCVTLNCTDNENNITD-------------------------------------DMRGEIKN----CSFNM-T-TE--LRD-KK-QKV-YSLF-YRLDVVQINENQGNRSNNS------------------------------------------NTSYRLI---NCNTSAI-T---QA, 0.0828, 1
0.333238, -90.9210, 74, POINT, I, VKLTPLCVTLNCTDNENNITD-------------------------------------DMRGEIKN----CSFNI-T-TE--LRD-KK-QKV-YSLF-YRLDVVQINENQGNRSNNS------------------------------------------NTSYRLI---NCNTSAI-T---QA, 0.3618, 0
0.329128, -104.6739, [174], CHUNK, ['V'], VKLTPLCVTLNCTDNENNITD-------------------------------------DMRGEIKN----CSFNM-T-TE--LRD-KK-QKV-YSLF-YRLDVVQINENQGNRSNNS------------------------------------------NTSYRLI---NCNTSVI-T---QA, 0.3235, 0
0.323649, -123.8946, 91, POINT, E, VKLTPLCVTLNCTDNENNITD-------------------------------------DMRGEIKN----CSFNM-T-TE--LRD-KK-QKE-YSLF-YRLDVVQINENQGNRSNNS------------------------------------------NTSYRLI---NCNTSAI-T---QA, 0.0795, 1
0.326705, -120.6197, 20, POINT, T, VKLTPLCVTLNCTDNENNITT-------------------------------------DMRGEIKN----CSFNM-T-TE--LRD-KK-QKE-YSLF-YRLDVVQINENQGNRSNNS------------------------------------------NTSYRLI---NCNTSAI-T---QA, 0.0795, 1
0.338253, -120.7973, [94], CHUNK, ['A'], VKLTPLCVTLNCTDNENNITT-------------------------------------DMRGEIKN----CSFNM-T-TE--LRD-KK-QKE-YALF-YRLDVVQINENQGNRSNNS------------------------------------------NTSYRLI---NCNTSAI-T---QA, 0.0795, 0
0.338253, -120.7973, [94], CHUNK, ['A'], VKLTPLCVTLNCTDNENNITT-------------------------------------DMRGEIKN----CSFNM-T-TE--LRD-KK-QKE-YALF-YRLDVVQINENQGNRSNNS------------------------------------------NTSYRLI---NCNTSAI-T---QA, 0.0795, 1
0.349645, -105.5398, [74], CHUNK, ['I'], VKLTPLCVTLNCTDNENNITT-------------------------------------DMRGEIKN----CSFNI-T-TE--LRD-KK-QKE-YALF-YRLDVVQINENQGNRSNNS------------------------------------------NTSYRLI---NCNTSAI-T---QA, 0.1912, 0
0.348356, -120.8973, [104, 106, 107, 108, 109, 110], CHUNK, ['P', 'D', 'K', 'D', 'N', 'T'], VKLTPLCVTLNCTDNENNITT-------------------------------------DMRGEIKN----CSFNM-T-TE--LRD-KK-QKE-YALF-YRLDVVPIDKDNTNRSNNS------------------------------------------NTSYRLI---NCNTSAI-T---QA, 0.0795, 1
0.359749, -111.5876, [74], CHUNK, ['I'], VKLTPLCVTLNCTDNENNITT-------------------------------------DMRGEIKN----CSFNI-T-TE--LRD-KK-QKE-YALF-YRLDVVPIDKDNTNRSNNS------------------------------------------NTSYRLI---NCNTSAI-T---QA, 0.2604, 1
0.362859, -113.5185, [14, 15, 16], CHUNK, ['V', 'N', 'T'], VKLTPLCVTLNCTDVNTNITT-------------------------------------DMRGEIKN----CSFNI-T-TE--LRD-KK-QKE-YALF-YRLDVVPIDKDNTNRSNNS------------------------------------------NTSYRLI---NCNTSAI-T---QA, 0.2600, 0
0.363538, 9.2468, 82, POINT, I, VKLTPLCVTLNCTDNENNITT-------------------------------------DMRGEIKN----CSFNI-T-TE--IRD-KK-QKE-YALF-YRLDVVPIDKDNTNRSNNS------------------------------------------NTSYRLI---NCNTSAI-T---QA, 0.4627, 0
0.363538, 2.9563, 82, POINT, I, VKLTPLCVTLNCTDNENNITT-------------------------------------DMRGEIKN----CSFNI-T-TE--IRD-KK-QKE-YALF-YRLDVVPIDKDNTNRSNNS------------------------------------------NTSYRLI---NCNTSAI-T---QA, 0.4378, 0
0.363185, -109.3669, 18, POINT, N, VKLTPLCVTLNCTDNENNNTT-------------------------------------DMRGEIKN----CSFNI-T-TE--LRD-KK-QKE-YALF-YRLDVVPIDKDNTNRSNNS------------------------------------------NTSYRLI---NCNTSAI-T---QA, 0.2604, 0
0.359749, -108.4300, [74], CHUNK, ['I'], VKLTPLCVTLNCTDNENNITT-------------------------------------DMRGEIKN----CSFNI-T-TE--LRD-KK-QKE-YALF-YRLDVVPIDKDNTNRSNNS------------------------------------------NTSYRLI---NCNTSAI-T---QA, 0.1960, 0
0.357479, -119.4381, 99, POINT, K, VKLTPLCVTLNCTDNENNITT-------------------------------------DMRGEIKN----CSFNM-T-TE--LRD-KK-QKE-YALF-YKLDVVPIDKDNTNRSNNS------------------------------------------NTSYRLI---NCNTSAI-T---QA, 0.0701, 1
0.368872, -114.2101, [74], CHUNK, ['I'], VKLTPLCVTLNCTDNENNITT-------------------------------------DMRGEIKN----CSFNI-T-TE--LRD-KK-QKE-YALF-YKLDVVPIDKDNTNRSNNS------------------------------------------NTSYRLI---NCNTSAI-T---QA, 0.1165, 0
0.362751, -38.0518, [79, 82, 87], CHUNK, ['N', 'I', 'V'], VKLTPLCVTLNCTDNENNITT-------------------------------------DMRGEIKN----CSFNM-T-TN--IRD-KV-QKE-YALF-YKLDVVPIDKDNTNRSNNS------------------------------------------NTSYRLI---NCNTSAI-T---QA, 0.5146, 0
0.375144, 3.5357, [74, 79, 82], CHUNK, ['I', 'N', 'I'], VKLTPLCVTLNCTDNENNITT-------------------------------------DMRGEIKN----CSFNI-T-TN--IRD-KK-QKE-YALF-YKLDVVPIDKDNTNRSNNS------------------------------------------NTSYRLI---NCNTSAI-T---QA, 0.2259, 0
0.358702, -119.3402, 13, POINT, N, VKLTPLCVTLNCTNNENNITT-------------------------------------DMRGEIKN----CSFNM-T-TE--LRD-KK-QKE-YALF-YKLDVVPIDKDNTNRSNNS------------------------------------------NTSYRLI---NCNTSAI-T---QA, 0.0701, 0
0.351792, -118.6606, 18, POINT, N, VKLTPLCVTLNCTDNENNNTT-------------------------------------DMRGEIKN----CSFNM-T-TE--LRD-KK-QKE-YALF-YRLDVVPIDKDNTNRSNNS------------------------------------------NTSYRLI---NCNTSAI-T---QA, 0.0795, 0
0.357479, -119.0095, 99, POINT, K, VKLTPLCVTLNCTDNENNITT-------------------------------------DMRGEIKN----CSFNM-T-TE--LRD-KK-QKE-YALF-YKLDVVPIDKDNTNRSNNS------------------------------------------NTSYRLI---NCNTSAI-T---QA, 0.0795, 0
0.359749, -115.3220, [74], CHUNK, ['I'], VKLTPLCVTLNCTDNENNITT-------------------------------------DMRGEIKN----CSFNI-T-TE--LRD-KK-QKE-YALF-YRLDVVPIDKDNTNRSNNS------------------------------------------NTSYRLI---NCNTSAI-T---QA, 0.1487, 0
0.348637, -120.3701, 87, POINT, V, VKLTPLCVTLNCTDNENNITT-------------------------------------DMRGEIKN----CSFNM-T-TE--LRD-KV-QKE-YALF-YRLDVVPIDKDNTNRSNNS------------------------------------------NTSYRLI---NCNTSAI-T---QA, 0.0795, 0
0.346972, -104.3726, [169, 174], CHUNK, ['S', 'V'], VKLTPLCVTLNCTDNENNITT-------------------------------------DMRGEIKN----CSFNM-T-TE--LRD-KK-QKE-YALF-YRLDVVQINENQGNRSNNS------------------------------------------NTSYRLI---SCNTSVI-T---QA, 0.5910, 0
0.349604, -103.7491, [74, 79], CHUNK, ['I', 'N'], VKLTPLCVTLNCTDNENNITT-------------------------------------DMRGEIKN----CSFNI-T-TN--LRD-KK-QKE-YALF-YRLDVVQINENQGNRSNNS------------------------------------------NTSYRLI---NCNTSAI-T---QA, 0.1818, 0
0.342897, -112.0927, [74], CHUNK, ['V'], VKLTPLCVTLNCTDNENNITT-------------------------------------DMRGEIKN----CSFNV-T-TE--LRD-KK-QKE-YALF-YRLDVVQINENQGNRSNNS------------------------------------------NTSYRLI---NCNTSAI-T---QA, 0.3135, 0
0.342001, -120.9928, 104, POINT, P, VKLTPLCVTLNCTDNENNITT-------------------------------------DMRGEIKN----CSFNM-T-TE--LRD-KK-QKE-YALF-YRLDVVPINENQGNRSNNS------------------------------------------NTSYRLI---NCNTSAI-T---QA, 0.0795, 0
0.328305, -115.5898, 60, POINT, T, VKLTPLCVTLNCTDNENNITT-------------------------------------DMTGEIKN----CSFNM-T-TE--LRD-KK-QKE-YSLF-YRLDVVQINENQGNRSNNS------------------------------------------NTSYRLI---NCNTSAI-T---QA, 0.0795, 0
0.346144, -119.6824, [94, 99], CHUNK, ['A', 'K'], VKLTPLCVTLNCTDNENNITT-------------------------------------DMRGEIKN----CSFNM-T-TE--LRD-KK-QKE-YALF-YKLDVVQINENQGNRSNNS------------------------------------------NTSYRLI---NCNTSAI-T---QA, 0.1043, 0
0.338097, -112.2184, [74], CHUNK, ['I'], VKLTPLCVTLNCTDNENNITT-------------------------------------DMRGEIKN----CSFNI-T-TE--LRD-KK-QKE-YSLF-YRLDVVQINENQGNRSNNS------------------------------------------NTSYRLI---NCNTSAI-T---QA, 0.2234, 0
0.338253, -121.2630, 94, POINT, A, VKLTPLCVTLNCTDNENNITT-------------------------------------DMRGEIKN----CSFNM-T-TE--LRD-KK-QKE-YALF-YRLDVVQINENQGNRSNNS------------------------------------------NTSYRLI---NCNTSAI-T---QA, 0.0890, 0
0.328782, -122.4267, 99, POINT, K, VKLTPLCVTLNCTDNENNITD-------------------------------------DMRGEIKN----CSFNM-T-TE--LRD-KK-QKE-YSLF-YKLDVVQINENQGNRSNNS------------------------------------------NTSYRLI---NCNTSAI-T---QA, 0.1050, 1
0.340175, -117.0357, [74], CHUNK, ['I'], VKLTPLCVTLNCTDNENNITD-------------------------------------DMRGEIKN----CSFNI-T-TE--LRD-KK-QKE-YSLF-YKLDVVQINENQGNRSNNS------------------------------------------NTSYRLI---NCNTSAI-T---QA, 0.1107, 0
0.343089, -122.6368, [94], CHUNK, ['A'], VKLTPLCVTLNCTDNENNITD-------------------------------------DMRGEIKN----CSFNM-T-TE--LRD-KK-QKE-YALF-YKLDVVQINENQGNRSNNS------------------------------------------NTSYRLI---NCNTSAI-T---QA, 0.1050, 0
0.333205, -122.5095, 104, POINT, P, VKLTPLCVTLNCTDNENNITD-------------------------------------DMRGEIKN----CSFNM-T-TE--LRD-KK-QKE-YSLF-YKLDVVPINENQGNRSNNS------------------------------------------NTSYRLI---NCNTSAI-T---QA, 0.1050, 0
0.331654, -122.8150, 20, POINT, N, VKLTPLCVTLNCTDNENNITN-------------------------------------DMRGEIKN----CSFNM-T-TE--LRD-KK-QKE-YSLF-YKLDVVQINENQGNRSNNS------------------------------------------NTSYRLI---NCNTSAI-T---QA, 0.1050, 1
0.336077, -122.8978, 104, POINT, P, VKLTPLCVTLNCTDNENNITN-------------------------------------DMRGEIKN----CSFNM-T-TE--LRD-KK-QKE-YSLF-YKLDVVPINENQGNRSNNS------------------------------------------NTSYRLI---NCNTSAI-T---QA, 0.1050, 0
0.347302, 11.4476, [74, 79, 82], CHUNK, ['I', 'S', 'I'], VKLTPLCVTLNCTDNENNITN-------------------------------------DMRGEIKN----CSFNI-T-TS--IRD-KK-QKE-YSLF-YKLDVVQINENQGNRSNNS------------------------------------------NTSYRLI---NCNTSAI-T---QA, 0.1002, 0
0.343047, -116.9486, [74], CHUNK, ['I'], VKLTPLCVTLNCTDNENNITN-------------------------------------DMRGEIKN----CSFNI-T-TE--LRD-KK-QKE-YSLF-YKLDVVQINENQGNRSNNS------------------------------------------NTSYRLI---NCNTSAI-T---QA, 0.1715, 1
0.346836, 3.5030, 82, POINT, I, VKLTPLCVTLNCTDNENNITN-------------------------------------DMRGEIKN----CSFNI-T-TE--IRD-KK-QKE-YSLF-YKLDVVQINENQGNRSNNS------------------------------------------NTSYRLI---NCNTSAI-T---QA, 0.1473, 0
0.351766, -96.6911, [169, 174], CHUNK, ['S', 'V'], VKLTPLCVTLNCTDNENNITN-------------------------------------DMRGEIKN----CSFNI-T-TE--LRD-KK-QKE-YSLF-YKLDVVQINENQGNRSNNS------------------------------------------NTSYRLI---SCNTSVI-T---QA, 0.4119, 0
0.345872, -114.1609, 58, POINT, T, VKLTPLCVTLNCTDNENNITN-------------------------------------TMRGEIKN----CSFNI-T-TE--LRD-KK-QKE-YSLF-YKLDVVQINENQGNRSNNS------------------------------------------NTSYRLI---NCNTSAI-T---QA, 0.1715, 0
0.343971, -117.1892, 13, POINT, N, VKLTPLCVTLNCTNNENNITN-------------------------------------DMRGEIKN----CSFNI-T-TE--LRD-KK-QKE-YSLF-YKLDVVQINENQGNRSNNS------------------------------------------NTSYRLI---NCNTSAI-T---QA, 0.1673, 1
0.358612, -116.9004, [87, 94], CHUNK, ['V', 'A'], VKLTPLCVTLNCTNNENNITN-------------------------------------DMRGEIKN----CSFNI-T-TE--LRD-KV-QKE-YALF-YKLDVVQINENQGNRSNNS------------------------------------------NTSYRLI---NCNTSAI-T---QA, 0.1673, 0
0.352222, -1.6832, [79, 82, 87], CHUNK, ['N', 'I', 'V'], VKLTPLCVTLNCTNNENNITN-------------------------------------DMRGEIKN----CSFNI-T-TN--IRD-KV-QKE-YSLF-YKLDVVQINENQGNRSNNS------------------------------------------NTSYRLI---NCNTSAI-T---QA, 0.2895, 0
0.348946, -117.2710, 15, POINT, N, VKLTPLCVTLNCTNNNNNITN-------------------------------------DMRGEIKN----CSFNI-T-TE--LRD-KK-QKE-YSLF-YKLDVVQINENQGNRSNNS------------------------------------------NTSYRLI---NCNTSAI-T---QA, 0.1752, 0
0.346140, -115.0996, 174, POINT, T, VKLTPLCVTLNCTNNENNITN-------------------------------------DMRGEIKN----CSFNI-T-TE--LRD-KK-QKE-YSLF-YKLDVVQINENQGNRSNNS------------------------------------------NTSYRLI---NCNTSTI-T---QA, 0.1673, 0
0.357057, -117.0514, [89, 94], CHUNK, ['K', 'A'], VKLTPLCVTLNCTDNENNITN-------------------------------------DMRGEIKN----CSFNI-T-TE--LRD-KK-KKE-YALF-YKLDVVQINENQGNRSNNS------------------------------------------NTSYRLI---NCNTSAI-T---QA, 0.1715, 1
0.361480, -117.0089, 104, POINT, P, VKLTPLCVTLNCTDNENNITN-------------------------------------DMRGEIKN----CSFNI-T-TE--LRD-KK-KKE-YALF-YKLDVVPINENQGNRSNNS------------------------------------------NTSYRLI---NCNTSAI-T---QA, 0.1715, 0
0.360567, 4.9700, 82, POINT, I, VKLTPLCVTLNCTDNENNITN-------------------------------------DMRGEIKN----CSFNI-T-TE--IRD-KK-KKE-YALF-YKLDVVQINENQGNRSNNS------------------------------------------NTSYRLI---NCNTSAI-T---QA, 0.3689, 0
0.364339, -103.3954, [174], CHUNK, ['V'], VKLTPLCVTLNCTDNENNITN-------------------------------------DMRGEIKN----CSFNI-T-TE--LRD-KK-KKE-YALF-YKLDVVQINENQGNRSNNS------------------------------------------NTSYRLI---NCNTSVI-T---QA, 0.4392, 0
0.359882, -114.2637, 58, POINT, T, VKLTPLCVTLNCTDNENNITN-------------------------------------TMRGEIKN----CSFNI-T-TE--LRD-KK-KKE-YALF-YKLDVVQINENQGNRSNNS------------------------------------------NTSYRLI---NCNTSAI-T---QA, 0.1715, 0
0.344003, -117.2083, 59, POINT, E, VKLTPLCVTLNCTDNENNITN-------------------------------------DERGEIKN----CSFNI-T-TE--LRD-KK-QKE-YSLF-YKLDVVQINENQGNRSNNS------------------------------------------NTSYRLI---NCNTSAI-T---QA, 0.1715, 0
0.347568, -116.9095, 15, POINT, N, VKLTPLCVTLNCTDNNNNITN-------------------------------------DMRGEIKN----CSFNI-T-TE--LRD-KK-QKE-YSLF-YKLDVVQINENQGNRSNNS------------------------------------------NTSYRLI---NCNTSAI-T---QA, 0.1715, 0
0.351766, -96.5587, [169, 174], CHUNK, ['S', 'V'], VKLTPLCVTLNCTDNENNITN-------------------------------------DMRGEIKN----CSFNI-T-TE--LRD-KK-QKE-YSLF-YKLDVVQINENQGNRSNNS------------------------------------------NTSYRLI---SCNTSVI-T---QA, 0.7310, 0
0.347568, -116.9095, 15, POINT, N, VKLTPLCVTLNCTDNNNNITN-------------------------------------DMRGEIKN----CSFNI-T-TE--LRD-KK-QKE-YSLF-YKLDVVQINENQGNRSNNS------------------------------------------NTSYRLI---NCNTSAI-T---QA, 0.1715, 0
0.331997, -122.6557, 89, POINT, K, VKLTPLCVTLNCTDNENNITN-------------------------------------DMRGEIKN----CSFNM-T-TE--LRD-KK-KKE-YSLF-YKLDVVQINENQGNRSNNS------------------------------------------NTSYRLI---NCNTSAI-T---QA, 0.1050, 0
0.338937, -101.0887, 174, POINT, V, VKLTPLCVTLNCTDNENNITN-------------------------------------DMRGEIKN----CSFNM-T-TE--LRD-KK-QKE-YSLF-YKLDVVQINENQGNRSNNS------------------------------------------NTSYRLI---NCNTSVI-T---QA, 0.1745, 0
0.343047, -109.5563, [74], CHUNK, ['I'], VKLTPLCVTLNCTDNENNITN-------------------------------------DMRGEIKN----CSFNI-T-TE--LRD-KK-QKE-YSLF-YKLDVVQINENQGNRSNNS------------------------------------------NTSYRLI---NCNTSAI-T---QA, 0.3682, 0
0.343047, -114.9227, 74, POINT, I, VKLTPLCVTLNCTDNENNITN-------------------------------------DMRGEIKN----CSFNI-T-TE--LRD-KK-QKE-YSLF-YKLDVVQINENQGNRSNNS------------------------------------------NTSYRLI---NCNTSAI-T---QA, 0.2965, 0
0.333205, -122.5095, 104, POINT, P, VKLTPLCVTLNCTDNENNITD-------------------------------------DMRGEIKN----CSFNM-T-TE--LRD-KK-QKE-YSLF-YKLDVVPINENQGNRSNNS------------------------------------------NTSYRLI---NCNTSAI-T---QA, 0.1050, 1
0.344598, -116.6858, 74, POINT, I, VKLTPLCVTLNCTDNENNITD-------------------------------------DMRGEIKN----CSFNI-T-TE--LRD-KK-QKE-YSLF-YKLDVVPINENQGNRSNNS------------------------------------------NTSYRLI---NCNTSAI-T---QA, 0.1173, 0
0.337033, -122.6250, 107, POINT, N, VKLTPLCVTLNCTDNENNITD-------------------------------------DMRGEIKN----CSFNM-T-TE--LRD-KK-QKE-YSLF-YKLDVVPINNNQGNRSNNS------------------------------------------NTSYRLI---NCNTSAI-T---QA, 0.1050, 1
0.351340, -122.8351, [94], CHUNK, ['A'], VKLTPLCVTLNCTDNENNITD-------------------------------------DMRGEIKN----CSFNM-T-TE--LRD-KK-QKE-YALF-YKLDVVPINNNQGNRSNNS------------------------------------------NTSYRLI---NCNTSAI-T---QA, 0.1050, 0
0.337990, -122.5247, 13, POINT, N, VKLTPLCVTLNCTNNENNITD-------------------------------------DMRGEIKN----CSFNM-T-TE--LRD-KK-QKE-YSLF-YKLDVVPINNNQGNRSNNS------------------------------------------NTSYRLI---NCNTSAI-T---QA, 0.1050, 0
0.351621, -122.3086, [87, 94], CHUNK, ['V', 'A'], VKLTPLCVTLNCTDNENNITD-------------------------------------DMRGEIKN----CSFNM-T-TE--LRD-KV-QKE-YALF-YKLDVVPINNNQGNRSNNS------------------------------------------NTSYRLI---NCNTSAI-T---QA, 0.1050, 0
0.348426, -115.5565, [74], CHUNK, ['I'], VKLTPLCVTLNCTDNENNITD-------------------------------------DMRGEIKN----CSFNI-T-TE--LRD-KK-QKE-YSLF-YKLDVVPINNNQGNRSNNS------------------------------------------NTSYRLI---NCNTSAI-T---QA, 0.2515, 0
0.335721, -120.2888, 18, POINT, N, VKLTPLCVTLNCTDNENNNTD-------------------------------------DMRGEIKN----CSFNM-T-TE--LRD-KK-QKE-YSLF-YKLDVVPINENQGNRSNNS------------------------------------------NTSYRLI---NCNTSAI-T---QA, 0.1050, 0
0.348387, -15.0723, [74, 82], CHUNK, ['I', 'I'], VKLTPLCVTLNCTDNENNITD-------------------------------------DMRGEIKN----CSFNI-T-TE--IRD-KK-QKE-YSLF-YKLDVVPINENQGNRSNNS------------------------------------------NTSYRLI---NCNTSAI-T---QA, 0.3581, 0
0.333825, -122.0114, 58, POINT, E, VKLTPLCVTLNCTDNENNITD-------------------------------------EMRGEIKN----CSFNM-T-TE--LRD-KK-QKE-YSLF-YKLDVVPINENQGNRSNNS------------------------------------------NTSYRLI---NCNTSAI-T---QA, 0.1050, 1
0.345176, -112.6828, [74, 79], CHUNK, ['I', 'N'], VKLTPLCVTLNCTDNENNITD-------------------------------------EMRGEIKN----CSFNI-T-TN--LRD-KK-QKE-YSLF-YKLDVVPINENQGNRSNNS------------------------------------------NTSYRLI---NCNTSAI-T---QA, 0.2024, 0
0.348132, -122.2215, [94], CHUNK, ['A'], VKLTPLCVTLNCTDNENNITD-------------------------------------EMRGEIKN----CSFNM-T-TE--LRD-KK-QKE-YALF-YKLDVVPINENQGNRSNNS------------------------------------------NTSYRLI---NCNTSAI-T---QA, 0.1050, 0
0.348132, -122.2215, [94], CHUNK, ['A'], VKLTPLCVTLNCTDNENNITD-------------------------------------EMRGEIKN----CSFNM-T-TE--LRD-KK-QKE-YALF-YKLDVVPINENQGNRSNNS------------------------------------------NTSYRLI---NCNTSAI-T---QA, 0.1050, 1
0.359525, -114.5923, [74], CHUNK, ['I'], VKLTPLCVTLNCTDNENNITD-------------------------------------EMRGEIKN----CSFNI-T-TE--LRD-KK-QKE-YALF-YKLDVVPINENQGNRSNNS------------------------------------------NTSYRLI---NCNTSAI-T---QA, 0.3138, 0
0.359525, -107.7189, [74], CHUNK, ['I'], VKLTPLCVTLNCTDNENNITD-------------------------------------EMRGEIKN----CSFNI-T-TE--LRD-KK-QKE-YALF-YKLDVVPINENQGNRSNNS------------------------------------------NTSYRLI---NCNTSAI-T---QA, 0.2588, 0
0.351480, -118.9954, 20, POINT, T, VKLTPLCVTLNCTDNENNITT-------------------------------------EMRGEIKN----CSFNM-T-TE--LRD-KK-QKE-YALF-YKLDVVPINENQGNRSNNS------------------------------------------NTSYRLI---NCNTSAI-T---QA, 0.1050, 1
0.354651, -117.4226, 18, POINT, N, VKLTPLCVTLNCTDNENNNTT-------------------------------------EMRGEIKN----CSFNM-T-TE--LRD-KK-QKE-YALF-YKLDVVPINENQGNRSNNS------------------------------------------NTSYRLI---NCNTSAI-T---QA, 0.1110, 0
0.360199, -97.3910, [169, 174], CHUNK, ['S', 'V'], VKLTPLCVTLNCTDNENNITT-------------------------------------EMRGEIKN----CSFNM-T-TE--LRD-KK-QKE-YALF-YKLDVVPINENQGNRSNNS------------------------------------------NTSYRLI---SCNTSVI-T---QA, 0.4751, 0
0.352784, -118.8950, 13, POINT, N, VKLTPLCVTLNCTNNENNITT-------------------------------------EMRGEIKN----CSFNM-T-TE--LRD-KK-QKE-YALF-YKLDVVPINENQGNRSNNS------------------------------------------NTSYRLI---NCNTSAI-T---QA, 0.1050, 1
0.361504, -93.9263, [169, 174], CHUNK, ['S', 'V'], VKLTPLCVTLNCTNNENNITT-------------------------------------EMRGEIKN----CSFNM-T-TE--LRD-KK-QKE-YALF-YKLDVVPINENQGNRSNNS------------------------------------------NTSYRLI---SCNTSVI-T---QA, 0.3379, 0
0.364177, -112.7319, [74], CHUNK, ['I'], VKLTPLCVTLNCTNNENNITT-------------------------------------EMRGEIKN----CSFNI-T-TE--LRD-KK-QKE-YALF-YKLDVVPINENQGNRSNNS------------------------------------------NTSYRLI---NCNTSAI-T---QA, 0.1521, 1
0.371459, -94.8148, [174], CHUNK, ['V'], VKLTPLCVTLNCTNNENNITT-------------------------------------EMRGEIKN----CSFNI-T-TE--LRD-KK-QKE-YALF-YKLDVVPINENQGNRSNNS------------------------------------------NTSYRLI---NCNTSVI-T---QA, 0.3745, 0
0.366346, -110.3842, [174], CHUNK, ['T'], VKLTPLCVTLNCTNNENNITT-------------------------------------EMRGEIKN----CSFNI-T-TE--LRD-KK-QKE-YALF-YKLDVVPINENQGNRSNNS------------------------------------------NTSYRLI---NCNTSTI-T---QA, 0.1521, 0
0.367966, -5.3507, 82, POINT, I, VKLTPLCVTLNCTNNENNITT-------------------------------------EMRGEIKN----CSFNI-T-TE--IRD-KK-QKE-YALF-YKLDVVPINENQGNRSNNS------------------------------------------NTSYRLI---NCNTSAI-T---QA, 0.2163, 0
0.364511, -112.1654, 87, POINT, V, VKLTPLCVTLNCTNNENNITT-------------------------------------EMRGEIKN----CSFNI-T-TE--LRD-KV-QKE-YALF-YKLDVVPINENQGNRSNNS------------------------------------------NTSYRLI---NCNTSAI-T---QA, 0.1521, 0
0.360067, -100.7240, [174], CHUNK, ['V'], VKLTPLCVTLNCTNNENNITT-------------------------------------EMRGEIKN----CSFNM-T-TE--LRD-KK-QKE-YALF-YKLDVVPINENQGNRSNNS------------------------------------------NTSYRLI---NCNTSVI-T---QA, 0.3296, 0
0.360067, -102.6900, 174, POINT, V, VKLTPLCVTLNCTNNENNITT-------------------------------------EMRGEIKN----CSFNM-T-TE--LRD-KK-QKE-YALF-YKLDVVPINENQGNRSNNS------------------------------------------NTSYRLI---NCNTSVI-T---QA, 0.3735, 0
0.359390, -119.7203, 15, POINT, T, VKLTPLCVTLNCTNNTNNITT-------------------------------------EMRGEIKN----CSFNM-T-TE--LRD-KK-QKE-YALF-YKLDVVPINENQGNRSNNS------------------------------------------NTSYRLI---NCNTSAI-T---QA, 0.1050, 0
0.364177, -105.3698, [74], CHUNK, ['I'], VKLTPLCVTLNCTNNENNITT-------------------------------------EMRGEIKN----CSFNI-T-TE--LRD-KK-QKE-YALF-YKLDVVPINENQGNRSNNS------------------------------------------NTSYRLI---NCNTSAI-T---QA, 0.1925, 0
0.356000, -118.9554, 15, POINT, N, VKLTPLCVTLNCTDNNNNITT-------------------------------------EMRGEIKN----CSFNM-T-TE--LRD-KK-QKE-YALF-YKLDVVPINENQGNRSNNS------------------------------------------NTSYRLI---NCNTSAI-T---QA, 0.1050, 0
0.362872, -109.7955, [74], CHUNK, ['I'], VKLTPLCVTLNCTDNENNITT-------------------------------------EMRGEIKN----CSFNI-T-TE--LRD-KK-QKE-YALF-YKLDVVPINENQGNRSNNS------------------------------------------NTSYRLI---NCNTSAI-T---QA, 0.1536, 0
0.352462, -118.9611, 15, POINT, K, VKLTPLCVTLNCTDNKNNITT-------------------------------------EMRGEIKN----CSFNM-T-TE--LRD-KK-QKE-YALF-YKLDVVPINENQGNRSNNS------------------------------------------NTSYRLI---NCNTSAI-T---QA, 0.1027, 1
0.363855, -109.0717, [74], CHUNK, ['I'], VKLTPLCVTLNCTDNKNNITT-------------------------------------EMRGEIKN----CSFNI-T-TE--LRD-KK-QKE-YALF-YKLDVVPINENQGNRSNNS------------------------------------------NTSYRLI---NCNTSAI-T---QA, 0.2532, 0
0.363855, -111.1367, [74], CHUNK, ['I'], VKLTPLCVTLNCTDNKNNITT-------------------------------------EMRGEIKN----CSFNI-T-TE--LRD-KK-QKE-YALF-YKLDVVPINENQGNRSNNS------------------------------------------NTSYRLI---NCNTSAI-T---QA, 0.1808, 0
0.359744, -102.4798, [174], CHUNK, ['V'], VKLTPLCVTLNCTDNKNNITT-------------------------------------EMRGEIKN----CSFNM-T-TE--LRD-KK-QKE-YALF-YKLDVVPINENQGNRSNNS------------------------------------------NTSYRLI---NCNTSVI-T---QA, 0.3811, 0
0.363855, -110.3239, [74], CHUNK, ['I'], VKLTPLCVTLNCTDNKNNITT-------------------------------------EMRGEIKN----CSFNI-T-TE--LRD-KK-QKE-YALF-YKLDVVPINENQGNRSNNS------------------------------------------NTSYRLI---NCNTSAI-T---QA, 0.3248, 0
0.369145, 10.0688, [74, 79, 82], CHUNK, ['I', 'N', 'I'], VKLTPLCVTLNCTDNENNITT-------------------------------------EMRGEIKN----CSFNI-T-TN--IRD-KK-QKE-YALF-YKLDVVPINENQGNRSNNS------------------------------------------NTSYRLI---NCNTSAI-T---QA, 0.1984, 0
0.355308, -119.1109, 107, POINT, N, VKLTPLCVTLNCTDNENNITT-------------------------------------EMRGEIKN----CSFNM-T-TE--LRD-KK-QKE-YALF-YKLDVVPINNNQGNRSNNS------------------------------------------NTSYRLI---NCNTSAI-T---QA, 0.1050, 0
0.362831, -113.5533, [74, 79], CHUNK, ['I', 'N'], VKLTPLCVTLNCTDNENNITT-------------------------------------EMRGEIKN----CSFNI-T-TN--LRD-KK-QKE-YALF-YKLDVVPINENQGNRSNNS------------------------------------------NTSYRLI---NCNTSAI-T---QA, 0.2074, 0
0.356000, -118.9554, 15, POINT, N, VKLTPLCVTLNCTDNNNNITT-------------------------------------EMRGEIKN----CSFNM-T-TE--LRD-KK-QKE-YALF-YKLDVVPINENQGNRSNNS------------------------------------------NTSYRLI---NCNTSAI-T---QA, 0.1050, 1
0.358769, -49.8245, [79, 82], CHUNK, ['N', 'I'], VKLTPLCVTLNCTDNNNNITT-------------------------------------EMRGEIKN----CSFNM-T-TN--IRD-KK-QKE-YALF-YKLDVVPINENQGNRSNNS------------------------------------------NTSYRLI---NCNTSAI-T---QA, 0.4027, 0
0.358942, -119.7548, 58, POINT, N, VKLTPLCVTLNCTDNNNNITT-------------------------------------NMRGEIKN----CSFNM-T-TE--LRD-KK-QKE-YALF-YKLDVVPINENQGNRSNNS------------------------------------------NTSYRLI---NCNTSAI-T---QA, 0.1050, 0
0.358468, -118.0058, 59, POINT, T, VKLTPLCVTLNCTDNNNNITT-------------------------------------ETRGEIKN----CSFNM-T-TE--LRD-KK-QKE-YALF-YKLDVVPINENQGNRSNNS------------------------------------------NTSYRLI---NCNTSAI-T---QA, 0.1050, 0
0.367351, -109.0654, [74, 79], CHUNK, ['I', 'N'], VKLTPLCVTLNCTDNNNNITT-------------------------------------EMRGEIKN----CSFNI-T-TN--LRD-KK-QKE-YALF-YKLDVVPINENQGNRSNNS------------------------------------------NTSYRLI---NCNTSAI-T---QA, 0.1618, 0
0.362831, -111.3050, [74, 79], CHUNK, ['I', 'N'], VKLTPLCVTLNCTDNENNITT-------------------------------------EMRGEIKN----CSFNI-T-TN--LRD-KK-QKE-YALF-YKLDVVPINENQGNRSNNS------------------------------------------NTSYRLI---NCNTSAI-T---QA, 0.2378, 0
0.362872, -112.0515, [74], CHUNK, ['I'], VKLTPLCVTLNCTDNENNITT-------------------------------------EMRGEIKN----CSFNI-T-TE--LRD-KK-QKE-YALF-YKLDVVPINENQGNRSNNS------------------------------------------NTSYRLI---NCNTSAI-T---QA, 0.1502, 0
0.362872, -110.4540, [74], CHUNK, ['I'], VKLTPLCVTLNCTDNENNITT-------------------------------------EMRGEIKN----CSFNI-T-TE--LRD-KK-QKE-YALF-YKLDVVPINENQGNRSNNS------------------------------------------NTSYRLI---NCNTSAI-T---QA, 0.2790, 0
0.352784, -118.8950, 13, POINT, N, VKLTPLCVTLNCTNNENNITT-------------------------------------EMRGEIKN----CSFNM-T-TE--LRD-KK-QKE-YALF-YKLDVVPINENQGNRSNNS------------------------------------------NTSYRLI---NCNTSAI-T---QA, 0.1050, 1
0.364177, -104.2696, [74], CHUNK, ['I'], VKLTPLCVTLNCTNNENNITT-------------------------------------EMRGEIKN----CSFNI-T-TE--LRD-KK-QKE-YALF-YKLDVVPINENQGNRSNNS------------------------------------------NTSYRLI---NCNTSAI-T---QA, 0.2943, 0
0.364136, -113.2229, [74, 79], CHUNK, ['I', 'N'], VKLTPLCVTLNCTNNENNITT-------------------------------------EMRGEIKN----CSFNI-T-TN--LRD-KK-QKE-YALF-YKLDVVPINENQGNRSNNS------------------------------------------NTSYRLI---NCNTSAI-T---QA, 0.1028, 0
0.364177, -111.1190, [74], CHUNK, ['I'], VKLTPLCVTLNCTNNENNITT-------------------------------------EMRGEIKN----CSFNI-T-TE--LRD-KK-QKE-YALF-YKLDVVPINENQGNRSNNS------------------------------------------NTSYRLI---NCNTSAI-T---QA, 0.2283, 0
0.364177, -105.5797, [74], CHUNK, ['I'], VKLTPLCVTLNCTNNENNITT-------------------------------------EMRGEIKN----CSFNI-T-TE--LRD-KK-QKE-YALF-YKLDVVPINENQGNRSNNS------------------------------------------NTSYRLI---NCNTSAI-T---QA, 0.2949, 0
0.362831, -107.9503, [74, 79], CHUNK, ['I', 'N'], VKLTPLCVTLNCTDNENNITT-------------------------------------EMRGEIKN----CSFNI-T-TN--LRD-KK-QKE-YALF-YKLDVVPINENQGNRSNNS------------------------------------------NTSYRLI---NCNTSAI-T---QA, 0.1774, 0
0.360199, -96.1713, [169, 174], CHUNK, ['S', 'V'], VKLTPLCVTLNCTDNENNITT-------------------------------------EMRGEIKN----CSFNM-T-TE--LRD-KK-QKE-YALF-YKLDVVPINENQGNRSNNS------------------------------------------NTSYRLI---SCNTSVI-T---QA, 0.2151, 0
0.353642, -33.2276, 82, POINT, I, VKLTPLCVTLNCTDNENNITT-------------------------------------EMRGEIKN----CSFNM-T-TE--IRD-KK-QKE-YALF-YKLDVVPINENQGNRSNNS------------------------------------------NTSYRLI---NCNTSAI-T---QA, 0.2295, 0
0.362872, -110.5527, [74], CHUNK, ['I'], VKLTPLCVTLNCTDNENNITT-------------------------------------EMRGEIKN----CSFNI-T-TE--LRD-KK-QKE-YALF-YKLDVVPINENQGNRSNNS------------------------------------------NTSYRLI---NCNTSAI-T---QA, 0.3095, 0
0.355414, -104.0460, 174, POINT, V, VKLTPLCVTLNCTDNENNITD-------------------------------------EMRGEIKN----CSFNM-T-TE--LRD-KK-QKE-YALF-YKLDVVPINENQGNRSNNS------------------------------------------NTSYRLI---NCNTSVI-T---QA, 0.3318, 0
0.359483, -110.5772, [74, 79], CHUNK, ['I', 'N'], VKLTPLCVTLNCTDNENNITD-------------------------------------EMRGEIKN----CSFNI-T-TN--LRD-KK-QKE-YALF-YKLDVVPINENQGNRSNNS------------------------------------------NTSYRLI---NCNTSAI-T---QA, 0.2028, 0
0.359525, -107.4823, [74], CHUNK, ['I'], VKLTPLCVTLNCTDNENNITD-------------------------------------EMRGEIKN----CSFNI-T-TE--LRD-KK-QKE-YALF-YKLDVVPINENQGNRSNNS------------------------------------------NTSYRLI---NCNTSAI-T---QA, 0.3931, 0
0.351960, -122.3673, 107, POINT, N, VKLTPLCVTLNCTDNENNITD-------------------------------------EMRGEIKN----CSFNM-T-TE--LRD-KK-QKE-YALF-YKLDVVPINNNQGNRSNNS------------------------------------------NTSYRLI---NCNTSAI-T---QA, 0.1182, 0
0.338469, -111.7102, [74], CHUNK, ['V'], VKLTPLCVTLNCTDNENNITD-------------------------------------EMRGEIKN----CSFNV-T-TE--LRD-KK-QKE-YSLF-YKLDVVPINENQGNRSNNS------------------------------------------NTSYRLI---NCNTSAI-T---QA, 0.2403, 0
0.342544, -98.9312, [169, 174], CHUNK, ['S', 'V'], VKLTPLCVTLNCTDNENNITD-------------------------------------EMRGEIKN----CSFNM-T-TE--LRD-KK-QKE-YSLF-YKLDVVPINENQGNRSNNS------------------------------------------NTSYRLI---SCNTSVI-T---QA, 0.3615, 0
0.336190, -122.1314, 59, POINT, N, VKLTPLCVTLNCTDNENNITD-------------------------------------ENRGEIKN----CSFNM-T-TE--LRD-KK-QKE-YSLF-YKLDVVPINENQGNRSNNS------------------------------------------NTSYRLI---NCNTSAI-T---QA, 0.0740, 0
0.336640, -122.4714, 20, POINT, N, VKLTPLCVTLNCTDNENNITN-------------------------------------EMRGEIKN----CSFNM-T-TE--LRD-KK-QKE-YSLF-YKLDVVPINENQGNRSNNS------------------------------------------NTSYRLI---NCNTSAI-T---QA, 0.1164, 1
0.354306, -5.5067, [74, 79, 82], CHUNK, ['I', 'N', 'I'], VKLTPLCVTLNCTDNENNITN-------------------------------------EMRGEIKN----CSFNI-T-TN--IRD-KK-QKE-YSLF-YKLDVVPINENQGNRSNNS------------------------------------------NTSYRLI---NCNTSAI-T---QA, 0.3388, 0
0.348080, -116.0023, [87, 94], CHUNK, ['L', 'A'], VKLTPLCVTLNCTDNENNITN-------------------------------------EMRGEIKN----CSFNM-T-TE--LRD-KL-QKE-YALF-YKLDVVPINENQGNRSNNS------------------------------------------NTSYRLI---NCNTSAI-T---QA, 0.1164, 0
0.340009, -120.8551, 18, POINT, T, VKLTPLCVTLNCTDNENNTTN-------------------------------------EMRGEIKN----CSFNM-T-TE--LRD-KK-QKE-YSLF-YKLDVVPINENQGNRSNNS------------------------------------------NTSYRLI---NCNTSAI-T---QA, 0.1164, 0
0.338809, -120.0308, 174, POINT, T, VKLTPLCVTLNCTDNENNITN-------------------------------------EMRGEIKN----CSFNM-T-TE--LRD-KK-QKE-YSLF-YKLDVVPINENQGNRSNNS------------------------------------------NTSYRLI---NCNTSTI-T---QA, 0.1164, 0
0.347834, -122.0621, [89, 94], CHUNK, ['K', 'A'], VKLTPLCVTLNCTDNENNITD-------------------------------------EMRGEIKN----CSFNM-T-TE--LRD-KK-KKE-YALF-YKLDVVPINENQGNRSNNS------------------------------------------NTSYRLI---NCNTSAI-T---QA, 0.1050, 0
0.346058, -111.4607, [87, 94], CHUNK, ['I', 'A'], VKLTPLCVTLNCTDNENNITD-------------------------------------EMRGEIKN----CSFNM-T-TE--LRD-KI-QKE-YALF-YKLDVVPINENQGNRSNNS------------------------------------------NTSYRLI---NCNTSAI-T---QA, 0.1714, 0
0.348132, -122.3454, [94], CHUNK, ['A'], VKLTPLCVTLNCTDNENNITD-------------------------------------EMRGEIKN----CSFNM-T-TE--LRD-KK-QKE-YALF-YKLDVVPINENQGNRSNNS------------------------------------------NTSYRLI---NCNTSAI-T---QA, 0.1042, 1
0.349931, -120.1478, 60, POINT, K, VKLTPLCVTLNCTDNENNITD-------------------------------------EMKGEIKN----CSFNM-T-TE--LRD-KK-QKE-YALF-YKLDVVPINENQGNRSNNS------------------------------------------NTSYRLI---NCNTSAI-T---QA, 0.1042, 1
0.354228, -120.1070, 15, POINT, N, VKLTPLCVTLNCTDNNNNITD-------------------------------------EMKGEIKN----CSFNM-T-TE--LRD-KK-QKE-YALF-YKLDVVPINENQGNRSNNS------------------------------------------NTSYRLI---NCNTSAI-T---QA, 0.1042, 1
0.365621, -111.8998, [74], CHUNK, ['I'], VKLTPLCVTLNCTDNNNNITD-------------------------------------EMKGEIKN----CSFNI-T-TE--LRD-KK-QKE-YALF-YKLDVVPINENQGNRSNNS------------------------------------------NTSYRLI---NCNTSAI-T---QA, 0.1375, 0
0.354273, -120.2294, 58, POINT, K, VKLTPLCVTLNCTDNNNNITD-------------------------------------KMKGEIKN----CSFNM-T-TE--LRD-KK-QKE-YALF-YKLDVVPINENQGNRSNNS------------------------------------------NTSYRLI---NCNTSAI-T---QA, 0.1042, 0
0.356997, 0.6931, [79, 82], CHUNK, ['N', 'I'], VKLTPLCVTLNCTDNNNNITD-------------------------------------EMKGEIKN----CSFNM-T-TN--IRD-KK-QKE-YALF-YKLDVVPINENQGNRSNNS------------------------------------------NTSYRLI---NCNTSAI-T---QA, 0.1161, 0
0.355689, -120.3624, 13, POINT, N, VKLTPLCVTLNCTNNNNNITD-------------------------------------EMKGEIKN----CSFNM-T-TE--LRD-KK-QKE-YALF-YKLDVVPINENQGNRSNNS------------------------------------------NTSYRLI---NCNTSAI-T---QA, 0.1096, 0
0.361324, -112.3253, [74], CHUNK, ['I'], VKLTPLCVTLNCTDNENNITD-------------------------------------EMKGEIKN----CSFNI-T-TE--LRD-KK-QKE-YALF-YKLDVVPINENQGNRSNNS------------------------------------------NTSYRLI---NCNTSAI-T---QA, 0.1925, 0
0.354954, -107.8040, [74, 79], CHUNK, ['I', 'R'], VKLTPLCVTLNCTDNENNITD-------------------------------------EMKGEIKN----CSFNI-T-TR--LRD-KK-QKE-YALF-YKLDVVPINENQGNRSNNS------------------------------------------NTSYRLI---NCNTSAI-T---QA, 0.1405, 0
0.357214, -101.6213, [174], CHUNK, ['V'], VKLTPLCVTLNCTDNENNITD-------------------------------------EMKGEIKN----CSFNM-T-TE--LRD-KK-QKE-YALF-YKLDVVPINENQGNRSNNS------------------------------------------NTSYRLI---NCNTSVI-T---QA, 0.3383, 0
0.354576, -110.8926, [74], CHUNK, ['V'], VKLTPLCVTLNCTDNENNITD-------------------------------------EMKGEIKN----CSFNV-T-TE--LRD-KK-QKE-YALF-YKLDVVPINENQGNRSNNS------------------------------------------NTSYRLI---NCNTSAI-T---QA, 0.3611, 0
0.357904, -115.6642, [74, 79], CHUNK, ['I', 'S'], VKLTPLCVTLNCTDNENNITD-------------------------------------EMRGEIKN----CSFNI-T-TS--LRD-KK-QKE-YALF-YKLDVVPINENQGNRSNNS------------------------------------------NTSYRLI---NCNTSAI-T---QA, 0.1087, 0
0.349093, -122.3348, 107, POINT, D, VKLTPLCVTLNCTDNENNITD-------------------------------------EMRGEIKN----CSFNM-T-TE--LRD-KK-QKE-YALF-YKLDVVPINDNQGNRSNNS------------------------------------------NTSYRLI---NCNTSAI-T---QA, 0.1042, 0
0.363780, -33.4111, [74, 79, 82], CHUNK, ['I', 'S', 'I'], VKLTPLCVTLNCTDNENNITD-------------------------------------EMRGEIKN----CSFNI-T-TS--IRD-KK-QKE-YALF-YKLDVVPINENQGNRSNNS------------------------------------------NTSYRLI---NCNTSAI-T---QA, 0.6224, 0
0.349140, -122.2451, 13, POINT, N, VKLTPLCVTLNCTNNENNITD-------------------------------------EMRGEIKN----CSFNM-T-TE--LRD-KK-QKE-YALF-YKLDVVPINENQGNRSNNS------------------------------------------NTSYRLI---NCNTSAI-T---QA, 0.1042, 0
0.336190, -122.0400, 59, POINT, N, VKLTPLCVTLNCTDNENNITD-------------------------------------ENRGEIKN----CSFNM-T-TE--LRD-KK-QKE-YSLF-YKLDVVPINENQGNRSNNS------------------------------------------NTSYRLI---NCNTSAI-T---QA, 0.1050, 0
0.348132, -122.2215, [94], CHUNK, ['A'], VKLTPLCVTLNCTDNENNITD-------------------------------------EMRGEIKN----CSFNM-T-TE--LRD-KK-QKE-YALF-YKLDVVPINENQGNRSNNS------------------------------------------NTSYRLI---NCNTSAI-T---QA, 0.1050, 0
0.335365, -121.0196, 18, POINT, S, VKLTPLCVTLNCTDNENNSTD-------------------------------------EMRGEIKN----CSFNM-T-TE--LRD-KK-QKE-YSLF-YKLDVVPINENQGNRSNNS------------------------------------------NTSYRLI---NCNTSAI-T---QA, 0.1096, 1
0.335388, -116.9210, 58, POINT, I, VKLTPLCVTLNCTDNENNSTD-------------------------------------IMRGEIKN----CSFNM-T-TE--LRD-KK-QKE-YSLF-YKLDVVPINENQGNRSNNS------------------------------------------NTSYRLI---NCNTSAI-T---QA, 0.1178, 0
0.336608, -120.8972, 18, POINT, T, VKLTPLCVTLNCTDNENNTTD-------------------------------------EMRGEIKN----CSFNM-T-TE--LRD-KK-QKE-YSLF-YKLDVVPINENQGNRSNNS------------------------------------------NTSYRLI---NCNTSAI-T---QA, 0.1131, 0
0.342647, -93.9597, 174, POINT, V, VKLTPLCVTLNCTDNENNSTD-------------------------------------EMRGEIKN----CSFNM-T-TE--LRD-KK-QKE-YSLF-YKLDVVPINENQGNRSNNS------------------------------------------NTSYRLI---NCNTSVI-T---QA, 0.5404, 0
0.338712, -121.3932, 20, POINT, N, VKLTPLCVTLNCTDNENNSTN-------------------------------------EMRGEIKN----CSFNM-T-TE--LRD-KK-QKE-YSLF-YKLDVVPINENQGNRSNNS------------------------------------------NTSYRLI---NCNTSAI-T---QA, 0.1096, 0
0.345217, -117.1231, [74], CHUNK, ['I'], VKLTPLCVTLNCTDNENNITD-------------------------------------EMRGEIKN----CSFNI-T-TE--LRD-KK-QKE-YSLF-YKLDVVPINENQGNRSNNS------------------------------------------NTSYRLI---NCNTSAI-T---QA, 0.0993, 0
0.349006, -14.2466, [74, 82], CHUNK, ['I', 'I'], VKLTPLCVTLNCTDNENNITD-------------------------------------EMRGEIKN----CSFNI-T-TE--IRD-KK-QKE-YSLF-YKLDVVPINENQGNRSNNS------------------------------------------NTSYRLI---NCNTSAI-T---QA, 0.3649, 0
0.346530, -121.6309, [87, 94], CHUNK, ['T', 'A'], VKLTPLCVTLNCTDNENNITD-------------------------------------EMRGEIKN----CSFNM-T-TE--LRD-KT-QKE-YALF-YKLDVVPINENQGNRSNNS------------------------------------------NTSYRLI---NCNTSAI-T---QA, 0.1050, 0
0.335994, -119.7457, 174, POINT, T, VKLTPLCVTLNCTDNENNITD-------------------------------------EMRGEIKN----CSFNM-T-TE--LRD-KK-QKE-YSLF-YKLDVVPINENQGNRSNNS------------------------------------------NTSYRLI---NCNTSTI-T---QA, 0.0959, 0
