Name base = V1V2_200_sq_1_7_ni
Iters = 200
Soft coverage = 1.31203964383
Energy = -131.084795486
Hard Covereage = 0.0368019545157
Num epitopes = 65
Initial seq = VKLTPLCVTLQCTNVTNNITD-------------------------------------DMRGELKN----CSFNM-T-TE--LRD-KK-QKV-YSLF-YRLDVVQINENQGNRSNNS------------------------------------------NKEYRLI---NCNTSAI-T---QA
-------START OF DATA------
1.332037, -129.5218, 18, POINT, T, VKLTPLCVTLQCTNVTNNTTD-------------------------------------DMRGELKN----CSFNM-T-TE--LRD-KK-QKV-YSLF-YRLDVVQINENQGNRSNNS------------------------------------------NKEYRLI---NCNTSAI-T---QA, 0.0000, 1
1.351536, -129.0634, 79, POINT, N, VKLTPLCVTLQCTNVTNNTTD-------------------------------------DMRGELKN----CSFNM-T-TN--LRD-KK-QKV-YSLF-YRLDVVQINENQGNRSNNS------------------------------------------NKEYRLI---NCNTSAI-T---QA, 0.0386, 1
1.374912, -128.5791, 107, POINT, T, VKLTPLCVTLQCTNVTNNTTD-------------------------------------DMRGELKN----CSFNM-T-TN--LRD-KK-QKV-YSLF-YRLDVVQINTNQGNRSNNS------------------------------------------NKEYRLI---NCNTSAI-T---QA, 0.0386, 1
1.397269, -125.4074, 20, POINT, T, VKLTPLCVTLQCTNVTNNTTT-------------------------------------DMRGELKN----CSFNM-T-TN--LRD-KK-QKV-YSLF-YRLDVVQINTNQGNRSNNS------------------------------------------NKEYRLI---NCNTSAI-T---QA, 0.0767, 0
1.400794, -128.8922, 58, POINT, N, VKLTPLCVTLQCTNVTNNTTD-------------------------------------NMRGELKN----CSFNM-T-TN--LRD-KK-QKV-YSLF-YRLDVVQINTNQGNRSNNS------------------------------------------NKEYRLI---NCNTSAI-T---QA, 0.0386, 1
1.452787, -104.9935, [59, 60, 61, 63], CHUNK, ['C', 'N', 'T', 'M'], VKLTPLCVTLQCTNVTNNTTD-------------------------------------NCNTEMKN----CSFNM-T-TN--LRD-KK-QKV-YSLF-YRLDVVQINTNQGNRSNNS------------------------------------------NKEYRLI---NCNTSAI-T---QA, 0.0536, 1
1.502077, -104.9022, [10], CHUNK, ['N'], VKLTPLCVTLNCTNVTNNTTD-------------------------------------NCNTEMKN----CSFNM-T-TN--LRD-KK-QKV-YSLF-YRLDVVQINTNQGNRSNNS------------------------------------------NKEYRLI---NCNTSAI-T---QA, 0.0536, 0
1.485466, -101.7100, [10, 14, 15], CHUNK, ['N', 'A', 'N'], VKLTPLCVTLNCTNANNNTTD-------------------------------------NCNTEMKN----CSFNM-T-TN--LRD-KK-QKV-YSLF-YRLDVVQINTNQGNRSNNS------------------------------------------NKEYRLI---NCNTSAI-T---QA, 0.0536, 0
1.477192, -102.0882, 20, POINT, T, VKLTPLCVTLQCTNVTNNTTT-------------------------------------NCNTEMKN----CSFNM-T-TN--LRD-KK-QKV-YSLF-YRLDVVQINTNQGNRSNNS------------------------------------------NKEYRLI---NCNTSAI-T---QA, 0.0535, 0
1.476113, -102.2174, [159, 160, 165], CHUNK, ['T', 'S', 'T'], VKLTPLCVTLQCTNVTNNTTD-------------------------------------NCNTEMKN----CSFNM-T-TN--LRD-KK-QKV-YSLF-YRLDVVQINTNQGNRSNNS------------------------------------------TSEYRLT---NCNTSAI-T---QA, 0.0492, 0
1.429064, -126.9117, [160, 161, 164], CHUNK, ['T', 'S', 'V'], VKLTPLCVTLQCTNVTNNTTD-------------------------------------NMRGELKN----CSFNM-T-TN--LRD-KK-QKV-YSLF-YRLDVVQINTNQGNRSNNS------------------------------------------NTSYRVI---NCNTSAI-T---QA, 0.0386, 1
1.459906, -126.4207, [10, 12], CHUNK, ['N', 'S'], VKLTPLCVTLNCSNVTNNTTD-------------------------------------NMRGELKN----CSFNM-T-TN--LRD-KK-QKV-YSLF-YRLDVVQINTNQGNRSNNS------------------------------------------NTSYRVI---NCNTSAI-T---QA, 0.0479, 0
1.459409, -126.2158, [10], CHUNK, ['T'], VKLTPLCVTLTCTNVTNNTTD-------------------------------------NMRGELKN----CSFNM-T-TN--LRD-KK-QKV-YSLF-YRLDVVQINTNQGNRSNNS------------------------------------------NTSYRVI---NCNTSAI-T---QA, 0.0386, 1
1.479112, -78.9143, [74], CHUNK, ['I'], VKLTPLCVTLTCTNVTNNTTD-------------------------------------NMRGELKN----CSFNI-T-TN--LRD-KK-QKV-YSLF-YRLDVVQINTNQGNRSNNS------------------------------------------NTSYRVI---NCNTSAI-T---QA, 0.2469, 0
1.474075, -127.2058, [164], CHUNK, ['L'], VKLTPLCVTLTCTNVTNNTTD-------------------------------------NMRGELKN----CSFNM-T-TN--LRD-KK-QKV-YSLF-YRLDVVQINTNQGNRSNNS------------------------------------------NTSYRLI---NCNTSAI-T---QA, 0.0386, 1
1.493779, -83.0285, [74], CHUNK, ['I'], VKLTPLCVTLTCTNVTNNTTD-------------------------------------NMRGELKN----CSFNI-T-TN--LRD-KK-QKV-YSLF-YRLDVVQINTNQGNRSNNS------------------------------------------NTSYRLI---NCNTSAI-T---QA, 0.2396, 0
1.493779, -83.7321, [74], CHUNK, ['I'], VKLTPLCVTLTCTNVTNNTTD-------------------------------------NMRGELKN----CSFNI-T-TN--LRD-KK-QKV-YSLF-YRLDVVQINTNQGNRSNNS------------------------------------------NTSYRLI---NCNTSAI-T---QA, 0.2965, 0
1.481089, -106.6776, 174, POINT, V, VKLTPLCVTLTCTNVTNNTTD-------------------------------------NMRGELKN----CSFNM-T-TN--LRD-KK-QKV-YSLF-YRLDVVQINTNQGNRSNNS------------------------------------------NTSYRLI---NCNTSVI-T---QA, 0.3750, 0
1.493779, -85.6485, [74], CHUNK, ['I'], VKLTPLCVTLTCTNVTNNTTD-------------------------------------NMRGELKN----CSFNI-T-TN--LRD-KK-QKV-YSLF-YRLDVVQINTNQGNRSNNS------------------------------------------NTSYRLI---NCNTSAI-T---QA, 0.3696, 0
1.469275, -124.4484, 93, POINT, N, VKLTPLCVTLTCTNVTNNTTD-------------------------------------NMRGELKN----CSFNM-T-TN--LRD-KK-QKV-NSLF-YRLDVVQINTNQGNRSNNS------------------------------------------NTSYRVI---NCNTSAI-T---QA, 0.0386, 1
1.488220, -125.4865, 10, POINT, N, VKLTPLCVTLNCTNVTNNTTD-------------------------------------NMRGELKN----CSFNM-T-TN--LRD-KK-QKV-NSLF-YRLDVVQINTNQGNRSNNS------------------------------------------NTSYRVI---NCNTSAI-T---QA, 0.0561, 0
1.474595, -122.3572, 63, POINT, I, VKLTPLCVTLTCTNVTNNTTD-------------------------------------NMRGEIKN----CSFNM-T-TN--LRD-KK-QKV-NSLF-YRLDVVQINTNQGNRSNNS------------------------------------------NTSYRVI---NCNTSAI-T---QA, 0.0386, 1
1.491607, -106.6055, [74], CHUNK, ['V'], VKLTPLCVTLTCTNVTNNTTD-------------------------------------NMRGEIKN----CSFNV-T-TN--LRD-KK-QKV-NSLF-YRLDVVQINTNQGNRSNNS------------------------------------------NTSYRVI---NCNTSAI-T---QA, 0.1606, 0
1.482432, -122.5674, 59, POINT, D, VKLTPLCVTLTCTNVTNNTTD-------------------------------------NDRGEIKN----CSFNM-T-TN--LRD-KK-QKV-NSLF-YRLDVVQINTNQGNRSNNS------------------------------------------NTSYRVI---NCNTSAI-T---QA, 0.0386, 0
1.505179, -124.4728, 110, POINT, N, VKLTPLCVTLTCTNVTNNTTD-------------------------------------NMRGEIKN----CSFNM-T-TN--LRD-KK-QKV-NSLF-YRLDVVQINTNQNNRSNNS------------------------------------------NTSYRVI---NCNTSAI-T---QA, 0.0458, 0
1.508196, -118.5123, [74], CHUNK, ['T'], VKLTPLCVTLTCTNVTNNTTD-------------------------------------NMRGEIKN----CSFNT-T-TN--LRD-KK-QKV-NSLF-YRLDVVQINTNQGNRSNNS------------------------------------------NTSYRVI---NCNTSAI-T---QA, 0.0321, 1
1.526367, -115.6628, [98, 99, 102, 104], CHUNK, ['N', 'K', 'I', 'P'], VKLTPLCVTLTCTNVTNNTTD-------------------------------------NMRGEIKN----CSFNT-T-TN--LRD-KK-QKV-NSLF-NKLDIVPINTNQGNRSNNS------------------------------------------NTSYRVI---NCNTSAI-T---QA, 0.0460, 0
1.514986, -117.7963, [160, 163, 164, 165], CHUNK, ['N', 'M', 'L', 'T'], VKLTPLCVTLTCTNVTNNTTD-------------------------------------NMRGEIKN----CSFNT-T-TN--LRD-KK-QKV-NSLF-YRLDVVQINTNQGNRSNNS------------------------------------------NNSYMLT---NCNTSAI-T---QA, 0.0371, 0
1.522863, -120.0640, [164], CHUNK, ['L'], VKLTPLCVTLTCTNVTNNTTD-------------------------------------NMRGEIKN----CSFNT-T-TN--LRD-KK-QKV-NSLF-YRLDVVQINTNQGNRSNNS------------------------------------------NTSYRLI---NCNTSAI-T---QA, 0.0406, 0
1.522863, -119.5071, [164], CHUNK, ['L'], VKLTPLCVTLTCTNVTNNTTD-------------------------------------NMRGEIKN----CSFNT-T-TN--LRD-KK-QKV-NSLF-YRLDVVQINTNQGNRSNNS------------------------------------------NTSYRLI---NCNTSAI-T---QA, 0.0321, 0
1.494760, -106.5457, [74], CHUNK, ['I'], VKLTPLCVTLTCTNVTNNTTD-------------------------------------NMRGEIKN----CSFNI-T-TN--LRD-KK-QKV-NSLF-YRLDVVQINTNQGNRSNNS------------------------------------------NTSYRVI---NCNTSAI-T---QA, 0.1960, 0
1.488899, -120.0765, [174], CHUNK, ['T'], VKLTPLCVTLTCTNVTNNTTD-------------------------------------NMRGEIKN----CSFNM-T-TN--LRD-KK-QKV-NSLF-YRLDVVQINTNQGNRSNNS------------------------------------------NTSYRVI---NCNTSTI-T---QA, 0.0386, 0
1.489261, -123.3472, 164, POINT, L, VKLTPLCVTLTCTNVTNNTTD-------------------------------------NMRGEIKN----CSFNM-T-TN--LRD-KK-QKV-NSLF-YRLDVVQINTNQGNRSNNS------------------------------------------NTSYRLI---NCNTSAI-T---QA, 0.0386, 0
1.502345, -122.8337, 59, POINT, N, VKLTPLCVTLTCTNVTNNTTD-------------------------------------NNRGEIKN----CSFNM-T-TN--LRD-KK-QKV-NSLF-YRLDVVQINTNQGNRSNNS------------------------------------------NTSYRVI---NCNTSAI-T---QA, 0.1098, 0
1.488220, -125.2352, [10], CHUNK, ['N'], VKLTPLCVTLNCTNVTNNTTD-------------------------------------NMRGELKN----CSFNM-T-TN--LRD-KK-QKV-NSLF-YRLDVVQINTNQGNRSNNS------------------------------------------NTSYRVI---NCNTSAI-T---QA, 0.0838, 0
1.483801, -124.0886, 103, POINT, T, VKLTPLCVTLTCTNVTNNTTD-------------------------------------NMRGELKN----CSFNM-T-TN--LRD-KK-QKV-NSLF-YRLDVTQINTNQGNRSNNS------------------------------------------NTSYRVI---NCNTSAI-T---QA, 0.0499, 0
1.482849, -123.4285, 165, POINT, T, VKLTPLCVTLTCTNVTNNTTD-------------------------------------NMRGELKN----CSFNM-T-TN--LRD-KK-QKV-NSLF-YRLDVVQINTNQGNRSNNS------------------------------------------NTSYRVT---NCNTSAI-T---QA, 0.0860, 0
1.488979, -111.7250, [74], CHUNK, ['I'], VKLTPLCVTLTCTNVTNNTTD-------------------------------------NMRGELKN----CSFNI-T-TN--LRD-KK-QKV-NSLF-YRLDVVQINTNQGNRSNNS------------------------------------------NTSYRVI---NCNTSAI-T---QA, 0.3287, 0
1.482924, -123.1705, 20, POINT, T, VKLTPLCVTLTCTNVTNNTTT-------------------------------------NMRGELKN----CSFNM-T-TN--LRD-KK-QKV-YSLF-YRLDVVQINTNQGNRSNNS------------------------------------------NTSYRVI---NCNTSAI-T---QA, 0.0593, 0
1.485710, -122.7062, [163, 164, 165, 169], CHUNK, ['T', 'L', 'T', 'S'], VKLTPLCVTLTCTNVTNNTTD-------------------------------------NMRGELKN----CSFNM-T-TN--LRD-KK-QKV-YSLF-YRLDVVQINTNQGNRSNNS------------------------------------------NTSYTLT---SCNTSAI-T---QA, 0.1017, 0
1.490282, -84.7328, [59, 60, 61, 63], CHUNK, ['L', 'T', 'E', 'V'], VKLTPLCVTLTCTNVTNNTTD-------------------------------------NLTEEVKN----CSFNM-T-TN--LRD-KK-QKV-YSLF-YRLDVVQINTNQGNRSNNS------------------------------------------NTSYRVI---NCNTSAI-T---QA, 0.1528, 0
1.478353, -126.9150, [10], CHUNK, ['N'], VKLTPLCVTLNCTNVTNNTTD-------------------------------------NMRGELKN----CSFNM-T-TN--LRD-KK-QKV-YSLF-YRLDVVQINTNQGNRSNNS------------------------------------------NTSYRVI---NCNTSAI-T---QA, 0.0386, 1
1.496143, -108.3359, [74], CHUNK, ['V'], VKLTPLCVTLNCTNVTNNTTD-------------------------------------NMRGELKN----CSFNV-T-TN--LRD-KK-QKV-YSLF-YRLDVVQINTNQGNRSNNS------------------------------------------NTSYRVI---NCNTSAI-T---QA, 0.1363, 0
1.500577, -127.3172, 20, POINT, N, VKLTPLCVTLNCTNVTNNTTN-------------------------------------NMRGELKN----CSFNM-T-TN--LRD-KK-QKV-YSLF-YRLDVVQINTNQGNRSNNS------------------------------------------NTSYRVI---NCNTSAI-T---QA, 0.0386, 1
1.520280, -87.0842, [74], CHUNK, ['I'], VKLTPLCVTLNCTNVTNNTTN-------------------------------------NMRGELKN----CSFNI-T-TN--LRD-KK-QKV-YSLF-YRLDVVQINTNQGNRSNNS------------------------------------------NTSYRVI---NCNTSAI-T---QA, 0.6705, 0
1.510850, -10.2296, [82, 87, 89], CHUNK, ['I', 'V', 'K'], VKLTPLCVTLNCTNVTNNTTN-------------------------------------NMRGELKN----CSFNM-T-TN--IRD-KV-KKV-YSLF-YRLDVVQINTNQGNRSNNS------------------------------------------NTSYRVI---NCNTSAI-T---QA, 0.3322, 0
1.525775, -89.1443, [59, 60, 61, 63], CHUNK, ['Q', 'N', 'E', 'I'], VKLTPLCVTLNCTNVTNNTTN-------------------------------------NQNEEIKN----CSFNM-T-TN--LRD-KK-QKV-YSLF-YRLDVVQINTNQGNRSNNS------------------------------------------NTSYRVI---NCNTSAI-T---QA, 0.1304, 0
1.535266, -90.9340, [59, 60, 61, 63], CHUNK, ['L', 'T', 'E', 'V'], VKLTPLCVTLNCTNVTNNTTN-------------------------------------NLTEEVKN----CSFNM-T-TN--LRD-KK-QKV-YSLF-YRLDVVQINTNQGNRSNNS------------------------------------------NTSYRVI---NCNTSAI-T---QA, 0.1153, 0
1.495413, -125.9542, 104, POINT, S, VKLTPLCVTLNCTNVTNNTTD-------------------------------------NMRGELKN----CSFNM-T-TN--LRD-KK-QKV-YSLF-YRLDVVSINTNQGNRSNNS------------------------------------------NTSYRVI---NCNTSAI-T---QA, 0.0386, 1
1.512584, -123.9896, [87, 93, 94], CHUNK, ['T', 'N', 'A'], VKLTPLCVTLNCTNVTNNTTD-------------------------------------NMRGELKN----CSFNM-T-TN--LRD-KT-QKV-NALF-YRLDVVSINTNQGNRSNNS------------------------------------------NTSYRVI---NCNTSAI-T---QA, 0.0488, 0
1.515116, -82.8841, [74], CHUNK, ['I'], VKLTPLCVTLNCTNVTNNTTD-------------------------------------NMRGELKN----CSFNI-T-TN--LRD-KK-QKV-YSLF-YRLDVVSINTNQGNRSNNS------------------------------------------NTSYRVI---NCNTSAI-T---QA, 0.3540, 0
1.514208, -125.4984, 103, POINT, T, VKLTPLCVTLNCTNVTNNTTD-------------------------------------NMRGELKN----CSFNM-T-TN--LRD-KK-QKV-YSLF-YRLDVTSINTNQGNRSNNS------------------------------------------NTSYRVI---NCNTSAI-T---QA, 0.0744, 1
1.585339, -98.1911, [59, 60, 61, 63, 64], CHUNK, ['T', 'T', 'T', 'I', 'Q'], VKLTPLCVTLNCTNVTNNTTD-------------------------------------NTTTEIQN----CSFNM-T-TN--LRD-KK-QKV-YSLF-YRLDVTSINTNQGNRSNNS------------------------------------------NTSYRVI---NCNTSAI-T---QA, 0.0804, 0
1.521439, -124.8225, 162, POINT, S, VKLTPLCVTLNCTNVTNNTTD-------------------------------------NMRGELKN----CSFNM-T-TN--LRD-KK-QKV-YSLF-YRLDVTSINTNQGNRSNNS------------------------------------------NTSSRVI---NCNTSAI-T---QA, 0.0744, 0
1.528512, -123.3570, 174, POINT, T, VKLTPLCVTLNCTNVTNNTTD-------------------------------------NMRGELKN----CSFNM-T-TN--LRD-KK-QKV-YSLF-YRLDVTSINTNQGNRSNNS------------------------------------------NTSYRVI---NCNTSTI-T---QA, 0.0744, 0
1.546544, -25.0222, [82, 83, 84, 87], CHUNK, ['I', 'N', 'T', 'V'], VKLTPLCVTLNCTNVTNNTTD-------------------------------------NMRGELKN----CSFNM-T-TN--INT-KV-QKV-YSLF-YRLDVTSINTNQGNRSNNS------------------------------------------NTSYRVI---NCNTSAI-T---QA, 0.2158, 0
1.499834, -123.4310, 99, POINT, S, VKLTPLCVTLNCTNVTNNTTD-------------------------------------NMRGELKN----CSFNM-T-TN--LRD-KK-QKV-YSLF-YSLDVVSINTNQGNRSNNS------------------------------------------NTSYRVI---NCNTSAI-T---QA, 0.0386, 0
1.529552, -121.7370, [74], CHUNK, ['T'], VKLTPLCVTLNCTNVTNNTTD-------------------------------------NMRGELKN----CSFNT-T-TN--LRD-KK-QKV-YSLF-YRLDVVSINTNQGNRSNNS------------------------------------------NTSYRVI---NCNTSAI-T---QA, 0.0447, 0
1.518928, -122.7679, 20, POINT, T, VKLTPLCVTLNCTNVTNNTTT-------------------------------------NMRGELKN----CSFNM-T-TN--LRD-KK-QKV-YSLF-YRLDVVSINTNQGNRSNNS------------------------------------------NTSYRVI---NCNTSAI-T---QA, 0.0377, 1
1.533595, -123.9696, [164], CHUNK, ['L'], VKLTPLCVTLNCTNVTNNTTT-------------------------------------NMRGELKN----CSFNM-T-TN--LRD-KK-QKV-YSLF-YRLDVVSINTNQGNRSNNS------------------------------------------NTSYRLI---NCNTSAI-T---QA, 0.0825, 1
1.567735, -119.7001, [74], CHUNK, ['T'], VKLTPLCVTLNCTNVTNNTTT-------------------------------------NMRGELKN----CSFNT-T-TN--LRD-KK-QKV-YSLF-YRLDVVSINTNQGNRSNNS------------------------------------------NTSYRLI---NCNTSAI-T---QA, 0.0825, 0
1.553299, -76.0198, [74], CHUNK, ['I'], VKLTPLCVTLNCTNVTNNTTT-------------------------------------NMRGELKN----CSFNI-T-TN--LRD-KK-QKV-YSLF-YRLDVVSINTNQGNRSNNS------------------------------------------NTSYRLI---NCNTSAI-T---QA, 0.2777, 0
1.560099, -119.1670, 60, POINT, T, VKLTPLCVTLNCTNVTNNTTT-------------------------------------NMTGELKN----CSFNM-T-TN--LRD-KK-QKV-YSLF-YRLDVVSINTNQGNRSNNS------------------------------------------NTSYRLI---NCNTSAI-T---QA, 0.0775, 1
1.566575, -119.7679, 59, POINT, E, VKLTPLCVTLNCTNVTNNTTT-------------------------------------NETGELKN----CSFNM-T-TN--LRD-KK-QKV-YSLF-YRLDVVSINTNQGNRSNNS------------------------------------------NTSYRLI---NCNTSAI-T---QA, 0.0775, 1
1.581276, -117.5897, [174], CHUNK, ['T'], VKLTPLCVTLNCTNVTNNTTT-------------------------------------NETGELKN----CSFNM-T-TN--LRD-KK-QKV-YSLF-YRLDVVSINTNQGNRSNNS------------------------------------------NTSYRLI---NCNTSTI-T---QA, 0.0775, 0
1.586279, -77.5514, 74, POINT, I, VKLTPLCVTLNCTNVTNNTTT-------------------------------------NETGELKN----CSFNI-T-TN--LRD-KK-QKV-YSLF-YRLDVVSINTNQGNRSNNS------------------------------------------NTSYRLI---NCNTSAI-T---QA, 0.4024, 0
1.600715, -115.4921, [74], CHUNK, ['T'], VKLTPLCVTLNCTNVTNNTTT-------------------------------------NETGELKN----CSFNT-T-TN--LRD-KK-QKV-YSLF-YRLDVVSINTNQGNRSNNS------------------------------------------NTSYRLI---NCNTSAI-T---QA, 0.0775, 1
1.607728, -93.2815, [174], CHUNK, ['V'], VKLTPLCVTLNCTNVTNNTTT-------------------------------------NETGELKN----CSFNT-T-TN--LRD-KK-QKV-YSLF-YRLDVVSINTNQGNRSNNS------------------------------------------NTSYRLI---NCNTSVI-T---QA, 0.4416, 0
1.607728, -98.0720, 174, POINT, V, VKLTPLCVTLNCTNVTNNTTT-------------------------------------NETGELKN----CSFNT-T-TN--LRD-KK-QKV-YSLF-YRLDVVSINTNQGNRSNNS------------------------------------------NTSYRLI---NCNTSVI-T---QA, 0.3337, 0
1.610581, -114.6016, 93, POINT, N, VKLTPLCVTLNCTNVTNNTTT-------------------------------------NETGELKN----CSFNT-T-TN--LRD-KK-QKV-NSLF-YRLDVVSINTNQGNRSNNS------------------------------------------NTSYRLI---NCNTSAI-T---QA, 0.0759, 1
1.616431, -112.2073, [63], CHUNK, ['I'], VKLTPLCVTLNCTNVTNNTTT-------------------------------------NETGEIKN----CSFNT-T-TN--LRD-KK-QKV-NSLF-YRLDVVSINTNQGNRSNNS------------------------------------------NTSYRLI---NCNTSAI-T---QA, 0.0759, 1
1.630217, -113.7713, [163], CHUNK, ['T'], VKLTPLCVTLNCTNVTNNTTT-------------------------------------NETGEIKN----CSFNT-T-TN--LRD-KK-QKV-NSLF-YRLDVVSINTNQGNRSNNS------------------------------------------NTSYTLI---NCNTSAI-T---QA, 0.0759, 0
1.623693, -110.2977, [174, 175], CHUNK, ['T', 'V'], VKLTPLCVTLNCTNVTNNTTT-------------------------------------NETGEIKN----CSFNT-T-TN--LRD-KK-QKV-NSLF-YRLDVVSINTNQGNRSNNS------------------------------------------NTSYRLI---NCNTSTV-T---QA, 0.0759, 0
1.623444, -94.0322, [174], CHUNK, ['V'], VKLTPLCVTLNCTNVTNNTTT-------------------------------------NETGEIKN----CSFNT-T-TN--LRD-KK-QKV-NSLF-YRLDVVSINTNQGNRSNNS------------------------------------------NTSYRLI---NCNTSVI-T---QA, 0.2820, 0
1.625759, -109.5195, 84, POINT, T, VKLTPLCVTLNCTNVTNNTTT-------------------------------------NETGEIKN----CSFNT-T-TN--LRT-KK-QKV-NSLF-YRLDVVSINTNQGNRSNNS------------------------------------------NTSYRLI---NCNTSAI-T---QA, 0.0759, 0
1.616915, -112.5648, 99, POINT, K, VKLTPLCVTLNCTNVTNNTTT-------------------------------------NETGELKN----CSFNT-T-TN--LRD-KK-QKV-NSLF-YKLDVVSINTNQGNRSNNS------------------------------------------NTSYRLI---NCNTSAI-T---QA, 0.0759, 1
1.617599, -112.3833, 71, POINT, T, VKLTPLCVTLNCTNVTNNTTT-------------------------------------NETGELKN----CTFNT-T-TN--LRD-KK-QKV-NSLF-YKLDVVSINTNQGNRSNNS------------------------------------------NTSYRLI---NCNTSAI-T---QA, 0.0759, 0
1.623929, -95.8065, [174], CHUNK, ['V'], VKLTPLCVTLNCTNVTNNTTT-------------------------------------NETGELKN----CSFNT-T-TN--LRD-KK-QKV-NSLF-YKLDVVSINTNQGNRSNNS------------------------------------------NTSYRLI---NCNTSVI-T---QA, 0.3094, 0
1.631617, -111.2178, [174], CHUNK, ['T'], VKLTPLCVTLNCTNVTNNTTT-------------------------------------NETGELKN----CSFNT-T-TN--LRD-KK-QKV-NSLF-YKLDVVSINTNQGNRSNNS------------------------------------------NTSYRLI---NCNTSTI-T---QA, 0.0831, 0
1.630701, -114.1288, 163, POINT, T, VKLTPLCVTLNCTNVTNNTTT-------------------------------------NETGELKN----CSFNT-T-TN--LRD-KK-QKV-NSLF-YKLDVVSINTNQGNRSNNS------------------------------------------NTSYTLI---NCNTSAI-T---QA, 0.0759, 0
1.623727, -112.2404, 95, POINT, T, VKLTPLCVTLNCTNVTNNTTT-------------------------------------NETGELKN----CSFNT-T-TN--LRD-KK-QKV-NSTF-YRLDVVSINTNQGNRSNNS------------------------------------------NTSYRLI---NCNTSAI-T---QA, 0.0759, 0
1.616431, -112.3347, [63], CHUNK, ['I'], VKLTPLCVTLNCTNVTNNTTT-------------------------------------NETGEIKN----CSFNT-T-TN--LRD-KK-QKV-NSLF-YRLDVVSINTNQGNRSNNS------------------------------------------NTSYRLI---NCNTSAI-T---QA, 0.0870, 0
1.616915, -112.5648, 99, POINT, K, VKLTPLCVTLNCTNVTNNTTT-------------------------------------NETGELKN----CSFNT-T-TN--LRD-KK-QKV-NSLF-YKLDVVSINTNQGNRSNNS------------------------------------------NTSYRLI---NCNTSAI-T---QA, 0.0759, 0
1.617776, -114.1460, [89], CHUNK, ['K'], VKLTPLCVTLNCTNVTNNTTT-------------------------------------NETGELKN----CSFNT-T-TN--LRD-KK-KKV-NSLF-YRLDVVSINTNQGNRSNNS------------------------------------------NTSYRLI---NCNTSAI-T---QA, 0.0759, 1
1.628580, -114.7945, 90, POINT, N, VKLTPLCVTLNCTNVTNNTTT-------------------------------------NETGELKN----CSFNT-T-TN--LRD-KK-KNV-NSLF-YRLDVVSINTNQGNRSNNS------------------------------------------NTSYRLI---NCNTSAI-T---QA, 0.0759, 0
1.624293, -113.9002, 90, POINT, T, VKLTPLCVTLNCTNVTNNTTT-------------------------------------NETGELKN----CSFNT-T-TN--LRD-KK-KTV-NSLF-YRLDVVSINTNQGNRSNNS------------------------------------------NTSYRLI---NCNTSAI-T---QA, 0.0782, 0
1.623626, -111.7518, [63], CHUNK, ['I'], VKLTPLCVTLNCTNVTNNTTT-------------------------------------NETGEIKN----CSFNT-T-TN--LRD-KK-KKV-NSLF-YRLDVVSINTNQGNRSNNS------------------------------------------NTSYRLI---NCNTSAI-T---QA, 0.0759, 0
1.619231, -117.7410, 20, POINT, N, VKLTPLCVTLNCTNVTNNTTN-------------------------------------NETGELKN----CSFNT-T-TN--LRD-KK-KKV-NSLF-YRLDVVSINTNQGNRSNNS------------------------------------------NTSYRLI---NCNTSAI-T---QA, 0.0759, 1
1.633017, -119.3050, 163, POINT, T, VKLTPLCVTLNCTNVTNNTTN-------------------------------------NETGELKN----CSFNT-T-TN--LRD-KK-KKV-NSLF-YRLDVVSINTNQGNRSNNS------------------------------------------NTSYTLI---NCNTSAI-T---QA, 0.0759, 0
1.626833, -115.6051, [91, 94, 99], CHUNK, ['E', 'A', 'K'], VKLTPLCVTLNCTNVTNNTTN-------------------------------------NETGELKN----CSFNT-T-TN--LRD-KK-KKE-NALF-YKLDVVSINTNQGNRSNNS------------------------------------------NTSYRLI---NCNTSAI-T---QA, 0.0759, 0
1.622818, -115.7666, [99, 102], CHUNK, ['K', 'I'], VKLTPLCVTLNCTNVTNNTTN-------------------------------------NETGELKN----CSFNT-T-TN--LRD-KK-KKV-NSLF-YKLDIVSINTNQGNRSNNS------------------------------------------NTSYRLI---NCNTSAI-T---QA, 0.0759, 0
1.626380, -115.9340, 63, POINT, I, VKLTPLCVTLNCTNVTNNTTN-------------------------------------NETGEIKN----CSFNT-T-TN--LRD-KK-KKV-NSLF-YRLDVVSINTNQGNRSNNS------------------------------------------NTSYRLI---NCNTSAI-T---QA, 0.0602, 0
1.617836, -114.1346, 83, POINT, K, VKLTPLCVTLNCTNVTNNTTT-------------------------------------NETGELKN----CSFNT-T-TN--LKD-KK-KKV-NSLF-YRLDVVSINTNQGNRSNNS------------------------------------------NTSYRLI---NCNTSAI-T---QA, 0.0759, 0
1.636613, -79.8802, [160, 161, 162, 163], CHUNK, ['N', 'T', 'S', 'I'], VKLTPLCVTLNCTNVTNNTTT-------------------------------------NETGELKN----CSFNT-T-TN--LRD-KK-KKV-NSLF-YRLDVVSINTNQGNRSNNS------------------------------------------NNTSILI---NCNTSAI-T---QA, 0.4774, 0
1.627964, -111.4582, 84, POINT, T, VKLTPLCVTLNCTNVTNNTTT-------------------------------------NETGELKN----CSFNT-T-TN--LRT-KK-KKV-NSLF-YRLDVVSINTNQGNRSNNS------------------------------------------NTSYRLI---NCNTSAI-T---QA, 0.0759, 0
1.623081, -111.5607, 99, POINT, S, VKLTPLCVTLNCTNVTNNTTT-------------------------------------NETGELKN----CSFNT-T-TN--LRD-KK-KKV-NSLF-YSLDVVSINTNQGNRSNNS------------------------------------------NTSYRLI---NCNTSAI-T---QA, 0.0759, 0
1.623993, -113.6137, 62, POINT, T, VKLTPLCVTLNCTNVTNNTTT-------------------------------------NETGTLKN----CSFNT-T-TN--LRD-KK-QKV-NSLF-YRLDVVSINTNQGNRSNNS------------------------------------------NTSYRLI---NCNTSAI-T---QA, 0.0759, 0
1.649516, -113.2736, 109, POINT, T, VKLTPLCVTLNCTNVTNNTTT-------------------------------------NETGELKN----CSFNT-T-TN--LRD-KK-QKV-NSLF-YRLDVVSINTNTGNRSNNS------------------------------------------NTSYRLI---NCNTSAI-T---QA, 0.0759, 0
1.623627, -110.8867, 99, POINT, N, VKLTPLCVTLNCTNVTNNTTT-------------------------------------NETGELKN----CSFNT-T-TN--LRD-KK-QKV-NSLF-YNLDVVSINTNQGNRSNNS------------------------------------------NTSYRLI---NCNTSAI-T---QA, 0.1380, 0
1.620510, -112.6185, [165], CHUNK, ['T'], VKLTPLCVTLNCTNVTNNTTT-------------------------------------NETGELKN----CSFNT-T-TN--LRD-KK-QKV-NSLF-YRLDVVSINTNQGNRSNNS------------------------------------------NTSYRLT---NCNTSAI-T---QA, 0.0759, 0
1.615416, -113.3139, [174], CHUNK, ['T'], VKLTPLCVTLNCTNVTNNTTT-------------------------------------NETGELKN----CSFNT-T-TN--LRD-KK-QKV-YSLF-YRLDVVSINTNQGNRSNNS------------------------------------------NTSYRLI---NCNTSTI-T---QA, 0.0775, 0
1.606564, -113.8006, 63, POINT, I, VKLTPLCVTLNCTNVTNNTTT-------------------------------------NETGEIKN----CSFNT-T-TN--LRD-KK-QKV-YSLF-YRLDVVSINTNQGNRSNNS------------------------------------------NTSYRLI---NCNTSAI-T---QA, 0.0934, 0
1.615416, -113.3139, [174], CHUNK, ['T'], VKLTPLCVTLNCTNVTNNTTT-------------------------------------NETGELKN----CSFNT-T-TN--LRD-KK-QKV-YSLF-YRLDVVSINTNQGNRSNNS------------------------------------------NTSYRLI---NCNTSTI-T---QA, 0.0775, 0
1.610656, -114.8547, [89, 91], CHUNK, ['K', 'E'], VKLTPLCVTLNCTNVTNNTTT-------------------------------------NETGELKN----CSFNT-T-TN--LRD-KK-KKE-YSLF-YRLDVVSINTNQGNRSNNS------------------------------------------NTSYRLI---NCNTSAI-T---QA, 0.0644, 0
1.592737, -67.7199, [74, 79, 82], CHUNK, ['I', 'T', 'T'], VKLTPLCVTLNCTNVTNNTTT-------------------------------------NETGELKN----CSFNI-T-TT--TRD-KK-QKV-YSLF-YRLDVVSINTNQGNRSNNS------------------------------------------NTSYRLI---NCNTSAI-T---QA, 0.3980, 0
1.572459, -117.1059, 98, POINT, N, VKLTPLCVTLNCTNVTNNTTT-------------------------------------NETGELKN----CSFNM-T-TN--LRD-KK-QKV-YSLF-NRLDVVSINTNQGNRSNNS------------------------------------------NTSYRLI---NCNTSAI-T---QA, 0.0775, 0
1.586279, -67.0792, [74], CHUNK, ['I'], VKLTPLCVTLNCTNVTNNTTT-------------------------------------NETGELKN----CSFNI-T-TN--LRD-KK-QKV-YSLF-YRLDVVSINTNQGNRSNNS------------------------------------------NTSYRLI---NCNTSAI-T---QA, 0.2402, 0
1.576504, -117.9912, 165, POINT, T, VKLTPLCVTLNCTNVTNNTTT-------------------------------------NETGELKN----CSFNM-T-TN--LRD-KK-QKV-YSLF-YRLDVVSINTNQGNRSNNS------------------------------------------NTSYRLT---NCNTSAI-T---QA, 0.0704, 0
