Name base = V1V2_70_sq_3_5_ni
Iters = 70
Soft coverage = 1.31203964383
Energy = -131.26175752
Hard Covereage = 0.0368019545157
Num epitopes = 65
Initial seq = VKLTPLCVTLQCTNVTNNITD-------------------------------------DMRGELKN----CSFNM-T-TE--LRD-KK-QKV-YSLF-YRLDVVQINENQGNRSNNS------------------------------------------NKEYRLI---NCNTSAI-T---QA
-------START OF DATA------
1.361196, -131.1717, [10], CHUNK, ['N'], VKLTPLCVTLNCTNVTNNITD-------------------------------------DMRGELKN----CSFNM-T-TE--LRD-KK-QKV-YSLF-YRLDVVQINENQGNRSNNS------------------------------------------NKEYRLI---NCNTSAI-T---QA, 0.0000, 1
1.380695, -130.4502, 79, POINT, N, VKLTPLCVTLNCTNVTNNITD-------------------------------------DMRGELKN----CSFNM-T-TN--LRD-KK-QKV-YSLF-YRLDVVQINENQGNRSNNS------------------------------------------NKEYRLI---NCNTSAI-T---QA, 0.0000, 0
1.365778, -129.4924, 63, POINT, I, VKLTPLCVTLNCTNVTNNITD-------------------------------------DMRGEIKN----CSFNM-T-TE--LRD-KK-QKV-YSLF-YRLDVVQINENQGNRSNNS------------------------------------------NKEYRLI---NCNTSAI-T---QA, 0.0000, 1
1.396163, -130.9309, 110, POINT, N, VKLTPLCVTLNCTNVTNNITD-------------------------------------DMRGEIKN----CSFNM-T-TE--LRD-KK-QKV-YSLF-YRLDVVQINENQNNRSNNS------------------------------------------NKEYRLI---NCNTSAI-T---QA, 0.0000, 1
1.420479, -131.0991, 107, POINT, N, VKLTPLCVTLNCTNVTNNITD-------------------------------------DMRGEIKN----CSFNM-T-TE--LRD-KK-QKV-YSLF-YRLDVVQINNNQNNRSNNS------------------------------------------NKEYRLI---NCNTSAI-T---QA, 0.0000, 1
1.443853, -130.0995, 59, POINT, T, VKLTPLCVTLNCTNVTNNITD-------------------------------------DTRGEIKN----CSFNM-T-TE--LRD-KK-QKV-YSLF-YRLDVVQINNNQNNRSNNS------------------------------------------NKEYRLI---NCNTSAI-T---QA, 0.0000, 1
1.465914, -128.9880, 18, POINT, T, VKLTPLCVTLNCTNVTNNTTD-------------------------------------DTRGEIKN----CSFNM-T-TE--LRD-KK-QKV-YSLF-YRLDVVQINNNQNNRSNNS------------------------------------------NKEYRLI---NCNTSAI-T---QA, 0.0000, 1
1.485413, -128.5007, [79], CHUNK, ['N'], VKLTPLCVTLNCTNVTNNTTD-------------------------------------DTRGEIKN----CSFNM-T-TN--LRD-KK-QKV-YSLF-YRLDVVQINNNQNNRSNNS------------------------------------------NKEYRLI---NCNTSAI-T---QA, 0.0225, 0
1.480868, -111.4373, 74, POINT, V, VKLTPLCVTLNCTNVTNNTTD-------------------------------------DTRGEIKN----CSFNV-T-TE--LRD-KK-QKV-YSLF-YRLDVVQINNNQNNRSNNS------------------------------------------NKEYRLI---NCNTSAI-T---QA, 0.1663, 0
1.472927, -109.2679, 174, POINT, V, VKLTPLCVTLNCTNVTNNTTD-------------------------------------DTRGEIKN----CSFNM-T-TE--LRD-KK-QKV-YSLF-YRLDVVQINNNQNNRSNNS------------------------------------------NKEYRLI---NCNTSVI-T---QA, 0.4837, 0
1.472055, -125.2313, 72, POINT, S, VKLTPLCVTLNCTNVTNNTTD-------------------------------------DTRGEIKN----CSSNM-T-TE--LRD-KK-QKV-YSLF-YRLDVVQINNNQNNRSNNS------------------------------------------NKEYRLI---NCNTSAI-T---QA, 0.0000, 1
1.501006, -123.6529, [159, 160, 161], CHUNK, ['S', 'T', 'S'], VKLTPLCVTLNCTNVTNNTTD-------------------------------------DTRGEIKN----CSSNM-T-TE--LRD-KK-QKV-YSLF-YRLDVVQINNNQNNRSNNS------------------------------------------STSYRLI---NCNTSAI-T---QA, 0.0000, 1
1.509746, -121.8431, 165, POINT, T, VKLTPLCVTLNCTNVTNNTTD-------------------------------------DTRGEIKN----CSSNM-T-TE--LRD-KK-QKV-YSLF-YRLDVVQINNNQNNRSNNS------------------------------------------STSYRLT---NCNTSAI-T---QA, 0.0109, 0
1.518932, -109.5456, [74], CHUNK, ['I'], VKLTPLCVTLNCTNVTNNTTD-------------------------------------DTRGEIKN----CSSNI-T-TE--LRD-KK-QKV-YSLF-YRLDVVQINNNQNNRSNNS------------------------------------------STSYRLI---NCNTSAI-T---QA, 0.0766, 0
1.514936, -124.3440, [159], CHUNK, ['N'], VKLTPLCVTLNCTNVTNNTTD-------------------------------------DTRGEIKN----CSSNM-T-TE--LRD-KK-QKV-YSLF-YRLDVVQINNNQNNRSNNS------------------------------------------NTSYRLI---NCNTSAI-T---QA, 0.0000, 1
1.539483, -119.4628, 60, POINT, T, VKLTPLCVTLNCTNVTNNTTD-------------------------------------DTTGEIKN----CSSNM-T-TE--LRD-KK-QKV-YSLF-YRLDVVQINNNQNNRSNNS------------------------------------------NTSYRLI---NCNTSAI-T---QA, 0.0536, 0
1.545809, -124.6578, 20, POINT, N, VKLTPLCVTLNCTNVTNNTTN-------------------------------------DTRGEIKN----CSSNM-T-TE--LRD-KK-QKV-YSLF-YRLDVVQINNNQNNRSNNS------------------------------------------NTSYRLI---NCNTSAI-T---QA, 0.0000, 0
1.521548, -122.9960, [99], CHUNK, ['K'], VKLTPLCVTLNCTNVTNNTTD-------------------------------------DTRGEIKN----CSSNM-T-TE--LRD-KK-QKV-YSLF-YKLDVVQINNNQNNRSNNS------------------------------------------NTSYRLI---NCNTSAI-T---QA, 0.0408, 0
1.532862, -113.8540, [74], CHUNK, ['I'], VKLTPLCVTLNCTNVTNNTTD-------------------------------------DTRGEIKN----CSSNI-T-TE--LRD-KK-QKV-YSLF-YRLDVVQINNNQNNRSNNS------------------------------------------NTSYRLI---NCNTSAI-T---QA, 0.1386, 0
1.506876, -123.0744, [87], CHUNK, ['T'], VKLTPLCVTLNCTNVTNNTTD-------------------------------------DTRGEIKN----CSSNM-T-TE--LRD-KT-QKV-YSLF-YRLDVVQINNNQNNRSNNS------------------------------------------STSYRLI---NCNTSAI-T---QA, 0.0000, 1
1.513488, -121.2257, 99, POINT, K, VKLTPLCVTLNCTNVTNNTTD-------------------------------------DTRGEIKN----CSSNM-T-TE--LRD-KT-QKV-YSLF-YKLDVVQINNNQNNRSNNS------------------------------------------STSYRLI---NCNTSAI-T---QA, 0.0000, 0
1.515752, -122.4738, 62, POINT, T, VKLTPLCVTLNCTNVTNNTTD-------------------------------------DTRGTIKN----CSSNM-T-TE--LRD-KT-QKV-YSLF-YRLDVVQINNNQNNRSNNS------------------------------------------STSYRLI---NCNTSAI-T---QA, 0.0217, 0
1.530251, -119.8651, 20, POINT, T, VKLTPLCVTLNCTNVTNNTTT-------------------------------------DTRGEIKN----CSSNM-T-TE--LRD-KT-QKV-YSLF-YRLDVVQINNNQNNRSNNS------------------------------------------STSYRLI---NCNTSAI-T---QA, 0.0000, 0
1.512459, -120.6353, 60, POINT, K, VKLTPLCVTLNCTNVTNNTTD-------------------------------------DTKGEIKN----CSSNM-T-TE--LRD-KT-QKV-YSLF-YRLDVVQINNNQNNRSNNS------------------------------------------STSYRLI---NCNTSAI-T---QA, 0.0000, 0
1.508019, -104.1972, 174, POINT, V, VKLTPLCVTLNCTNVTNNTTD-------------------------------------DTRGEIKN----CSSNM-T-TE--LRD-KK-QKV-YSLF-YRLDVVQINNNQNNRSNNS------------------------------------------STSYRLI---NCNTSVI-T---QA, 0.1803, 0
1.508490, -123.3866, 89, POINT, K, VKLTPLCVTLNCTNVTNNTTD-------------------------------------DTRGEIKN----CSSNM-T-TE--LRD-KK-KKV-YSLF-YRLDVVQINNNQNNRSNNS------------------------------------------STSYRLI---NCNTSAI-T---QA, 0.0000, 0
1.518932, -113.9875, 74, POINT, I, VKLTPLCVTLNCTNVTNNTTD-------------------------------------DTRGEIKN----CSSNI-T-TE--LRD-KK-QKV-YSLF-YRLDVVQINNNQNNRSNNS------------------------------------------STSYRLI---NCNTSAI-T---QA, 0.2245, 0
1.520840, -123.1980, [79], CHUNK, ['N'], VKLTPLCVTLNCTNVTNNTTD-------------------------------------DTRGEIKN----CSSNM-T-TN--LRD-KK-QKV-YSLF-YRLDVVQINNNQNNRSNNS------------------------------------------STSYRLI---NCNTSAI-T---QA, 0.0269, 0
1.482049, -124.3589, 160, POINT, S, VKLTPLCVTLNCTNVTNNTTD-------------------------------------DTRGEIKN----CSSNM-T-TE--LRD-KK-QKV-YSLF-YRLDVVQINNNQNNRSNNS------------------------------------------NSEYRLI---NCNTSAI-T---QA, 0.0000, 0
1.516208, -125.2660, [160, 161], CHUNK, ['T', 'N'], VKLTPLCVTLNCTNVTNNTTD-------------------------------------DTRGEIKN----CSSNM-T-TE--LRD-KK-QKV-YSLF-YRLDVVQINNNQNNRSNNS------------------------------------------NTNYRLI---NCNTSAI-T---QA, 0.0000, 1
1.522011, -125.4701, 104, POINT, P, VKLTPLCVTLNCTNVTNNTTD-------------------------------------DTRGEIKN----CSSNM-T-TE--LRD-KK-QKV-YSLF-YRLDVVPINNNQNNRSNNS------------------------------------------NTNYRLI---NCNTSAI-T---QA, 0.0000, 1
1.536821, -115.5129, 74, POINT, V, VKLTPLCVTLNCTNVTNNTTD-------------------------------------DTRGEIKN----CSSNV-T-TE--LRD-KK-QKV-YSLF-YRLDVVPINNNQNNRSNNS------------------------------------------NTNYRLI---NCNTSAI-T---QA, 0.0450, 0
1.544069, -126.9445, 163, POINT, T, VKLTPLCVTLNCTNVTNNTTD-------------------------------------DTRGEIKN----CSSNM-T-TE--LRD-KK-QKV-YSLF-YRLDVVPINNNQNNRSNNS------------------------------------------NTNYTLI---NCNTSAI-T---QA, 0.0000, 0
1.553064, -125.8056, 58, POINT, N, VKLTPLCVTLNCTNVTNNTTD-------------------------------------NTRGEIKN----CSSNM-T-TE--LRD-KK-QKV-YSLF-YRLDVVPINNNQNNRSNNS------------------------------------------NTNYRLI---NCNTSAI-T---QA, 0.0000, 1
1.569881, -123.7362, 99, POINT, T, VKLTPLCVTLNCTNVTNNTTD-------------------------------------NTRGEIKN----CSSNM-T-TE--LRD-KK-QKV-YSLF-YTLDVVPINNNQNNRSNNS------------------------------------------NTNYRLI---NCNTSAI-T---QA, 0.0000, 0
1.572899, -125.0841, [79], CHUNK, ['N'], VKLTPLCVTLNCTNVTNNTTD-------------------------------------NTRGEIKN----CSSNM-T-TN--LRD-KK-QKV-YSLF-YRLDVVPINNNQNNRSNNS------------------------------------------NTNYRLI---NCNTSAI-T---QA, 0.0000, 1
1.599007, -125.2336, [18, 20], CHUNK, ['N', 'N'], VKLTPLCVTLNCTNVTNNNTN-------------------------------------NTRGEIKN----CSSNM-T-TN--LRD-KK-QKV-YSLF-YRLDVVPINNNQNNRSNNS------------------------------------------NTNYRLI---NCNTSAI-T---QA, 0.0731, 0
1.579615, -124.6135, 89, POINT, K, VKLTPLCVTLNCTNVTNNTTD-------------------------------------NTRGEIKN----CSSNM-T-TN--LRD-KK-KKV-YSLF-YRLDVVPINNNQNNRSNNS------------------------------------------NTNYRLI---NCNTSAI-T---QA, 0.0128, 0
1.587600, -123.4747, 174, POINT, T, VKLTPLCVTLNCTNVTNNTTD-------------------------------------NTRGEIKN----CSSNM-T-TN--LRD-KK-QKV-YSLF-YRLDVVPINNNQNNRSNNS------------------------------------------NTNYRLI---NCNTSTI-T---QA, 0.0310, 0
1.578315, -122.5832, 71, POINT, T, VKLTPLCVTLNCTNVTNNTTD-------------------------------------NTRGEIKN----CTSNM-T-TN--LRD-KK-QKV-YSLF-YRLDVVPINNNQNNRSNNS------------------------------------------NTNYRLI---NCNTSAI-T---QA, 0.1645, 1
1.599748, -110.0041, 74, POINT, I, VKLTPLCVTLNCTNVTNNTTD-------------------------------------NTRGEIKN----CTSNI-T-TN--LRD-KK-QKV-YSLF-YRLDVVPINNNQNNRSNNS------------------------------------------NTNYRLI---NCNTSAI-T---QA, 0.1785, 0
1.599748, -112.8249, [74], CHUNK, ['I'], VKLTPLCVTLNCTNVTNNTTD-------------------------------------NTRGEIKN----CTSNI-T-TN--LRD-KK-QKV-YSLF-YRLDVVPINNNQNNRSNNS------------------------------------------NTNYRLI---NCNTSAI-T---QA, 0.2172, 1
1.602474, -112.5736, 161, POINT, T, VKLTPLCVTLNCTNVTNNTTD-------------------------------------NTRGEIKN----CTSNI-T-TN--LRD-KK-QKV-YSLF-YRLDVVPINNNQNNRSNNS------------------------------------------NTTYRLI---NCNTSAI-T---QA, 0.2172, 0
1.609421, -112.3207, 64, POINT, T, VKLTPLCVTLNCTNVTNNTTD-------------------------------------NTRGEITN----CTSNI-T-TN--LRD-KK-QKV-YSLF-YRLDVVPINNNQNNRSNNS------------------------------------------NTNYRLI---NCNTSAI-T---QA, 0.2322, 0
1.606761, -106.5278, 174, POINT, V, VKLTPLCVTLNCTNVTNNTTD-------------------------------------NTRGEIKN----CTSNI-T-TN--LRD-KK-QKV-YSLF-YRLDVVPINNNQNNRSNNS------------------------------------------NTNYRLI---NCNTSVI-T---QA, 0.3625, 0
1.604345, -90.2686, 61, POINT, D, VKLTPLCVTLNCTNVTNNTTD-------------------------------------NTRDEIKN----CTSNI-T-TN--LRD-KK-QKV-YSLF-YRLDVVPINNNQNNRSNNS------------------------------------------NTNYRLI---NCNTSAI-T---QA, 0.2283, 0
1.593017, -121.1981, [174], CHUNK, ['T'], VKLTPLCVTLNCTNVTNNTTD-------------------------------------NTRGEIKN----CTSNM-T-TN--LRD-KK-QKV-YSLF-YRLDVVPINNNQNNRSNNS------------------------------------------NTNYRLI---NCNTSTI-T---QA, 0.1579, 1
1.599779, -119.6955, 99, POINT, K, VKLTPLCVTLNCTNVTNNTTD-------------------------------------NTRGEIKN----CTSNM-T-TN--LRD-KK-QKV-YSLF-YKLDVVPINNNQNNRSNNS------------------------------------------NTNYRLI---NCNTSTI-T---QA, 0.1577, 0
1.595554, -119.9721, 91, POINT, E, VKLTPLCVTLNCTNVTNNTTD-------------------------------------NTRGEIKN----CTSNM-T-TN--LRD-KK-QKE-YSLF-YRLDVVPINNNQNNRSNNS------------------------------------------NTNYRLI---NCNTSTI-T---QA, 0.1621, 0
1.601669, -121.0454, [112, 113], CHUNK, ['N', 'G'], VKLTPLCVTLNCTNVTNNTTD-------------------------------------NTRGEIKN----CTSNM-T-TN--LRD-KK-QKV-YSLF-YRLDVVPINNNQNNNGNNS------------------------------------------NTNYRLI---NCNTSTI-T---QA, 0.1579, 1
1.635191, -120.4918, 74, POINT, T, VKLTPLCVTLNCTNVTNNTTD-------------------------------------NTRGEIKN----CTSNT-T-TN--LRD-KK-QKV-YSLF-YRLDVVPINNNQNNNGNNS------------------------------------------NTNYRLI---NCNTSTI-T---QA, 0.1579, 0
1.625917, -103.1050, [61], CHUNK, ['N'], VKLTPLCVTLNCTNVTNNTTD-------------------------------------NTRNEIKN----CTSNM-T-TN--LRD-KK-QKV-YSLF-YRLDVVPINNNQNNNGNNS------------------------------------------NTNYRLI---NCNTSTI-T---QA, 0.1673, 0
1.623101, -110.1766, [74], CHUNK, ['I'], VKLTPLCVTLNCTNVTNNTTD-------------------------------------NTRGEIKN----CTSNI-T-TN--LRD-KK-QKV-YSLF-YRLDVVPINNNQNNNGNNS------------------------------------------NTNYRLI---NCNTSTI-T---QA, 0.2736, 0
1.617432, -116.3400, [82], CHUNK, ['T'], VKLTPLCVTLNCTNVTNNTTD-------------------------------------NTRGEIKN----CTSNM-T-TN--TRD-KK-QKV-YSLF-YRLDVVPINNNQNNNGNNS------------------------------------------NTNYRLI---NCNTSTI-T---QA, 0.1579, 0
1.613804, -117.5994, [89, 91], CHUNK, ['E', 'N'], VKLTPLCVTLNCTNVTNNTTD-------------------------------------NTRGEIKN----CTSNM-T-TN--LRD-KK-EKN-YSLF-YRLDVVPINNNQNNRSNNS------------------------------------------NTNYRLI---NCNTSTI-T---QA, 0.1579, 0
1.596736, -120.6305, 162, POINT, S, VKLTPLCVTLNCTNVTNNTTD-------------------------------------NTRGEIKN----CTSNM-T-TN--LRD-KK-QKV-YSLF-YRLDVVPINNNQNNRSNNS------------------------------------------NTNSRLI---NCNTSTI-T---QA, 0.1500, 0
1.613629, -83.2944, [60, 61], CHUNK, ['S', 'E'], VKLTPLCVTLNCTNVTNNTTD-------------------------------------NTSEEIKN----CTSNM-T-TN--LRD-KK-QKV-YSLF-YRLDVVPINNNQNNRSNNS------------------------------------------NTNYRLI---NCNTSTI-T---QA, 0.2507, 0
1.599779, -119.5303, 99, POINT, K, VKLTPLCVTLNCTNVTNNTTD-------------------------------------NTRGEIKN----CTSNM-T-TN--LRD-KK-QKV-YSLF-YKLDVVPINNNQNNRSNNS------------------------------------------NTNYRLI---NCNTSTI-T---QA, 0.1809, 0
1.588857, -118.4828, [99], CHUNK, ['N'], VKLTPLCVTLNCTNVTNNTTD-------------------------------------NTRGEIKN----CTSNM-T-TN--LRD-KK-QKV-YSLF-YNLDVVPINNNQNNRSNNS------------------------------------------NTNYRLI---NCNTSAI-T---QA, 0.1784, 0
1.580853, -121.6965, 91, POINT, E, VKLTPLCVTLNCTNVTNNTTD-------------------------------------NTRGEIKN----CTSNM-T-TN--LRD-KK-QKE-YSLF-YRLDVVPINNNQNNRSNNS------------------------------------------NTNYRLI---NCNTSAI-T---QA, 0.1689, 0
1.580853, -121.8560, 91, POINT, E, VKLTPLCVTLNCTNVTNNTTD-------------------------------------NTRGEIKN----CTSNM-T-TN--LRD-KK-QKE-YSLF-YRLDVVPINNNQNNRSNNS------------------------------------------NTNYRLI---NCNTSAI-T---QA, 0.1629, 0
1.599748, -111.5040, 74, POINT, I, VKLTPLCVTLNCTNVTNNTTD-------------------------------------NTRGEIKN----CTSNI-T-TN--LRD-KK-QKV-YSLF-YRLDVVPINNNQNNRSNNS------------------------------------------NTNYRLI---NCNTSAI-T---QA, 0.1983, 1
1.609421, -111.4899, 64, POINT, T, VKLTPLCVTLNCTNVTNNTTD-------------------------------------NTRGEITN----CTSNI-T-TN--LRD-KK-QKV-YSLF-YRLDVVPINNNQNNRSNNS------------------------------------------NTNYRLI---NCNTSAI-T---QA, 0.1342, 0
1.632814, -116.0867, [163, 165], CHUNK, ['T', 'T'], VKLTPLCVTLNCTNVTNNTTD-------------------------------------NTRGEIKN----CTSNI-T-TN--LRD-KK-QKV-YSLF-YRLDVVPINNNQNNRSNNS------------------------------------------NTNYTLT---NCNTSAI-T---QA, 0.2113, 0
1.606126, -15.9540, [82], CHUNK, ['I'], VKLTPLCVTLNCTNVTNNTTD-------------------------------------NTRGEIKN----CTSNI-T-TN--IRD-KK-QKV-YSLF-YRLDVVPINNNQNNRSNNS------------------------------------------NTNYRLI---NCNTSAI-T---QA, 0.1800, 0
1.616071, -111.0482, 83, POINT, N, VKLTPLCVTLNCTNVTNNTTD-------------------------------------NTRGEIKN----CTSNI-T-TN--LND-KK-QKV-YSLF-YRLDVVPINNNQNNRSNNS------------------------------------------NTNYRLI---NCNTSAI-T---QA, 0.1983, 0
1.582035, -121.8532, 162, POINT, S, VKLTPLCVTLNCTNVTNNTTD-------------------------------------NTRGEIKN----CTSNM-T-TN--LRD-KK-QKV-YSLF-YRLDVVPINNNQNNRSNNS------------------------------------------NTNSRLI---NCNTSAI-T---QA, 0.1645, 0
1.599748, -111.1743, [74], CHUNK, ['I'], VKLTPLCVTLNCTNVTNNTTD-------------------------------------NTRGEIKN----CTSNI-T-TN--LRD-KK-QKV-YSLF-YRLDVVPINNNQNNRSNNS------------------------------------------NTNYRLI---NCNTSAI-T---QA, 0.2140, 1
1.605577, -114.7939, [111, 112, 113], CHUNK, ['V', 'S', 'N'], VKLTPLCVTLNCTNVTNNTTD-------------------------------------NTRGEIKN----CTSNI-T-TN--LRD-KK-QKV-YSLF-YRLDVVPINNNQNVSNNNS------------------------------------------NTNYRLI---NCNTSAI-T---QA, 0.2300, 0
1.612450, -25.1041, [82, 83], CHUNK, ['V', 'N'], VKLTPLCVTLNCTNVTNNTTD-------------------------------------NTRGEIKN----CTSNI-T-TN--VND-KK-QKV-YSLF-YRLDVVPINNNQNNRSNNS------------------------------------------NTNYRLI---NCNTSAI-T---QA, 0.2421, 0
------END OF DATA------
Best coverage = 1.60166901978
Best sequence = VKLTPLCVTLNCTNVTNNTTD-------------------------------------NTRGEIKN----CTSNM-T-TN--LRD-KK-QKV-YSLF-YRLDVVPINNNQNNNGNNS------------------------------------------NTNYRLI---NCNTSTI-T---QA
Best energy = -121.045401576
Best RMSD = 0.157865181565
Hard Covereage = 0.0578426067532
Num epitopes = 59
