Name base = V1V2_200_sq_6_7_ni
Iters = 200
Soft coverage = 1.31203964383
Energy = -131.577269781
Hard Covereage = 0.0368019545157
Num epitopes = 65
Initial seq = VKLTPLCVTLQCTNVTNNITD-------------------------------------DMRGELKN----CSFNM-T-TE--LRD-KK-QKV-YSLF-YRLDVVQINENQGNRSNNS------------------------------------------NKEYRLI---NCNTSAI-T---QA
-------START OF DATA------
1.332037, -130.0291, 18, POINT, T, VKLTPLCVTLQCTNVTNNTTD-------------------------------------DMRGELKN----CSFNM-T-TE--LRD-KK-QKV-YSLF-YRLDVVQINENQGNRSNNS------------------------------------------NKEYRLI---NCNTSAI-T---QA, 0.0000, 0
1.354976, -130.6899, [160, 161], CHUNK, ['T', 'S'], VKLTPLCVTLQCTNVTNNITD-------------------------------------DMRGELKN----CSFNM-T-TE--LRD-KK-QKV-YSLF-YRLDVVQINENQGNRSNNS------------------------------------------NTSYRLI---NCNTSAI-T---QA, 0.0000, 0
1.344326, -10.5615, [74, 79, 82], CHUNK, ['I', 'S', 'I'], VKLTPLCVTLQCTNVTNNITD-------------------------------------DMRGELKN----CSFNI-T-TS--IRD-KK-QKV-YSLF-YRLDVVQINENQGNRSNNS------------------------------------------NKEYRLI---NCNTSAI-T---QA, 0.3422, 0
1.361196, -131.4813, [10], CHUNK, ['N'], VKLTPLCVTLNCTNVTNNITD-------------------------------------DMRGELKN----CSFNM-T-TE--LRD-KK-QKV-YSLF-YRLDVVQINENQGNRSNNS------------------------------------------NKEYRLI---NCNTSAI-T---QA, 0.0000, 1
1.376927, -112.1805, 74, POINT, V, VKLTPLCVTLNCTNVTNNITD-------------------------------------DMRGELKN----CSFNV-T-TE--LRD-KK-QKV-YSLF-YRLDVVQINENQGNRSNNS------------------------------------------NKEYRLI---NCNTSAI-T---QA, 0.1331, 0
1.388615, -99.9692, [74, 79], CHUNK, ['I', 'S'], VKLTPLCVTLNCTNVTNNITD-------------------------------------DMRGELKN----CSFNI-T-TS--LRD-KK-QKV-YSLF-YRLDVVQINENQGNRSNNS------------------------------------------NKEYRLI---NCNTSAI-T---QA, 0.6847, 0
1.404132, -130.6405, [160, 161], CHUNK, ['T', 'S'], VKLTPLCVTLNCTNVTNNITD-------------------------------------DMRGELKN----CSFNM-T-TE--LRD-KK-QKV-YSLF-YRLDVVQINENQGNRSNNS------------------------------------------NTSYRLI---NCNTSAI-T---QA, 0.0336, 1
1.431551, -81.6605, [74, 79], CHUNK, ['I', 'S'], VKLTPLCVTLNCTNVTNNITD-------------------------------------DMRGELKN----CSFNI-T-TS--LRD-KK-QKV-YSLF-YRLDVVQINENQGNRSNNS------------------------------------------NTSYRLI---NCNTSAI-T---QA, 0.5310, 0
1.421297, -85.4948, [74], CHUNK, ['I'], VKLTPLCVTLNCTNVTNNITD-------------------------------------DMRGELKN----CSFNI-T-TE--LRD-KK-QKV-YSLF-YRLDVVQINENQGNRSNNS------------------------------------------NTSYRLI---NCNTSAI-T---QA, 0.3173, 0
1.444609, -79.6096, [59, 60, 61, 63], CHUNK, ['N', 'S', 'C', 'I'], VKLTPLCVTLNCTNVTNNITD-------------------------------------DNSCEIKN----CSFNM-T-TE--LRD-KK-QKV-YSLF-YRLDVVQINENQGNRSNNS------------------------------------------NTSYRLI---NCNTSAI-T---QA, 0.0336, 0
1.415760, -129.9354, 103, POINT, T, VKLTPLCVTLNCTNVTNNITD-------------------------------------DMRGELKN----CSFNM-T-TE--LRD-KK-QKV-YSLF-YRLDVTQINENQGNRSNNS------------------------------------------NTSYRLI---NCNTSAI-T---QA, 0.0336, 1
1.448363, -86.5182, [74, 79], CHUNK, ['I', 'T'], VKLTPLCVTLNCTNVTNNITD-------------------------------------DMRGELKN----CSFNI-T-TT--LRD-KK-QKV-YSLF-YRLDVTQINENQGNRSNNS------------------------------------------NTSYRLI---NCNTSAI-T---QA, 0.4600, 0
1.425616, -130.3463, 59, POINT, K, VKLTPLCVTLNCTNVTNNITD-------------------------------------DKRGELKN----CSFNM-T-TE--LRD-KK-QKV-YSLF-YRLDVTQINENQGNRSNNS------------------------------------------NTSYRLI---NCNTSAI-T---QA, 0.0336, 1
1.441347, -114.9605, 74, POINT, V, VKLTPLCVTLNCTNVTNNITD-------------------------------------DKRGELKN----CSFNV-T-TE--LRD-KK-QKV-YSLF-YRLDVTQINENQGNRSNNS------------------------------------------NTSYRLI---NCNTSAI-T---QA, 0.3243, 0
1.442781, -94.5792, [74], CHUNK, ['I'], VKLTPLCVTLNCTNVTNNITD-------------------------------------DKRGELKN----CSFNI-T-TE--LRD-KK-QKV-YSLF-YRLDVTQINENQGNRSNNS------------------------------------------NTSYRLI---NCNTSAI-T---QA, 0.3941, 0
1.446171, -128.9535, 18, POINT, T, VKLTPLCVTLNCTNVTNNTTD-------------------------------------DKRGELKN----CSFNM-T-TE--LRD-KK-QKV-YSLF-YRLDVTQINENQGNRSNNS------------------------------------------NTSYRLI---NCNTSAI-T---QA, 0.0336, 1
1.477894, -124.6425, [74], CHUNK, ['T'], VKLTPLCVTLNCTNVTNNTTD-------------------------------------DKRGELKN----CSFNT-T-TE--LRD-KK-QKV-YSLF-YRLDVTQINENQGNRSNNS------------------------------------------NTSYRLI---NCNTSAI-T---QA, 0.0336, 0
1.468189, -125.5369, 20, POINT, T, VKLTPLCVTLNCTNVTNNTTT-------------------------------------DKRGELKN----CSFNM-T-TE--LRD-KK-QKV-YSLF-YRLDVTQINENQGNRSNNS------------------------------------------NTSYRLI---NCNTSAI-T---QA, 0.0336, 0
1.478457, -22.8215, [74, 79, 82], CHUNK, ['I', 'S', 'I'], VKLTPLCVTLNCTNVTNNTTD-------------------------------------DKRGELKN----CSFNI-T-TS--IRD-KK-QKV-YSLF-YRLDVTQINENQGNRSNNS------------------------------------------NTSYRLI---NCNTSAI-T---QA, 0.5107, 0
1.471664, -24.5761, [79, 82], CHUNK, ['N', 'I'], VKLTPLCVTLNCTNVTNNTTD-------------------------------------DKRGELKN----CSFNM-T-TN--IRD-KK-QKV-YSLF-YRLDVTQINENQGNRSNNS------------------------------------------NTSYRLI---NCNTSAI-T---QA, 0.0748, 0
1.444105, -129.0752, [94, 99], CHUNK, ['A', 'T'], VKLTPLCVTLNCTNVTNNITD-------------------------------------DKRGELKN----CSFNM-T-TE--LRD-KK-QKV-YALF-YTLDVTQINENQGNRSNNS------------------------------------------NTSYRLI---NCNTSAI-T---QA, 0.0369, 0
1.446171, -128.9535, 18, POINT, T, VKLTPLCVTLNCTNVTNNTTD-------------------------------------DKRGELKN----CSFNM-T-TE--LRD-KK-QKV-YSLF-YRLDVTQINENQGNRSNNS------------------------------------------NTSYRLI---NCNTSAI-T---QA, 0.0336, 0
1.442611, -38.2094, [82, 89], CHUNK, ['V', 'N'], VKLTPLCVTLNCTNVTNNITD-------------------------------------DKRGELKN----CSFNM-T-TE--VRD-KK-NKV-YSLF-YRLDVTQINENQGNRSNNS------------------------------------------NTSYRLI---NCNTSAI-T---QA, 0.0339, 0
1.441347, -117.1591, [74], CHUNK, ['V'], VKLTPLCVTLNCTNVTNNITD-------------------------------------DKRGELKN----CSFNV-T-TE--LRD-KK-QKV-YSLF-YRLDVTQINENQGNRSNNS------------------------------------------NTSYRLI---NCNTSAI-T---QA, 0.1131, 1
1.476931, -36.5938, [79, 82, 83, 87], CHUNK, ['N', 'I', 'S', 'V'], VKLTPLCVTLNCTNVTNNITD-------------------------------------DKRGELKN----CSFNV-T-TN--ISD-KV-QKV-YSLF-YRLDVTQINENQGNRSNNS------------------------------------------NTSYRLI---NCNTSAI-T---QA, 0.4434, 0
1.455603, 18.6573, [79, 82], CHUNK, ['S', 'I'], VKLTPLCVTLNCTNVTNNITD-------------------------------------DKRGELKN----CSFNV-T-TS--IRD-KK-QKV-YSLF-YRLDVTQINENQGNRSNNS------------------------------------------NTSYRLI---NCNTSAI-T---QA, 0.1145, 0
1.451454, -116.2626, 58, POINT, S, VKLTPLCVTLNCTNVTNNITD-------------------------------------SKRGELKN----CSFNV-T-TE--LRD-KK-QKV-YSLF-YRLDVTQINENQGNRSNNS------------------------------------------NTSYRLI---NCNTSAI-T---QA, 0.1131, 0
1.455475, -1.3958, [79, 82, 83, 84], CHUNK, ['S', 'I', 'G', 'N'], VKLTPLCVTLNCTNVTNNITD-------------------------------------DKRGELKN----CSFNV-T-TS--IGN-KK-QKV-YSLF-YRLDVTQINENQGNRSNNS------------------------------------------NTSYRLI---NCNTSAI-T---QA, 0.4735, 0
1.449703, -130.6619, 58, POINT, N, VKLTPLCVTLNCTNVTNNITD-------------------------------------NKRGELKN----CSFNM-T-TE--LRD-KK-QKV-YSLF-YRLDVTQINENQGNRSNNS------------------------------------------NTSYRLI---NCNTSAI-T---QA, 0.0336, 1
1.471285, -130.7564, 60, POINT, N, VKLTPLCVTLNCTNVTNNITD-------------------------------------NKNGELKN----CSFNM-T-TE--LRD-KK-QKV-YSLF-YRLDVTQINENQGNRSNNS------------------------------------------NTSYRLI---NCNTSAI-T---QA, 0.0361, 1
1.485266, -31.0040, [79, 82], CHUNK, ['S', 'I'], VKLTPLCVTLNCTNVTNNITD-------------------------------------NKNGELKN----CSFNM-T-TS--IRD-KK-QKV-YSLF-YRLDVTQINENQGNRSNNS------------------------------------------NTSYRLI---NCNTSAI-T---QA, 0.1697, 0
1.472354, -130.9330, 94, POINT, A, VKLTPLCVTLNCTNVTNNITD-------------------------------------NKNGELKN----CSFNM-T-TE--LRD-KK-QKV-YALF-YRLDVTQINENQGNRSNNS------------------------------------------NTSYRLI---NCNTSAI-T---QA, 0.0361, 1
1.499773, -113.7219, [74, 79], CHUNK, ['I', 'S'], VKLTPLCVTLNCTNVTNNITD-------------------------------------NKNGELKN----CSFNI-T-TS--LRD-KK-QKV-YALF-YRLDVTQINENQGNRSNNS------------------------------------------NTSYRLI---NCNTSAI-T---QA, 0.3715, 0
1.489519, -87.2963, [74], CHUNK, ['I'], VKLTPLCVTLNCTNVTNNITD-------------------------------------NKNGELKN----CSFNI-T-TE--LRD-KK-QKV-YALF-YRLDVTQINENQGNRSNNS------------------------------------------NTSYRLI---NCNTSAI-T---QA, 0.7977, 0
1.487055, -128.7252, 174, POINT, T, VKLTPLCVTLNCTNVTNNITD-------------------------------------NKNGELKN----CSFNM-T-TE--LRD-KK-QKV-YALF-YRLDVTQINENQGNRSNNS------------------------------------------NTSYRLI---NCNTSTI-T---QA, 0.0361, 1
1.514474, -8.4964, [79, 82, 83], CHUNK, ['S', 'I', 'N'], VKLTPLCVTLNCTNVTNNITD-------------------------------------NKNGELKN----CSFNM-T-TS--IND-KK-QKV-YALF-YRLDVTQINENQGNRSNNS------------------------------------------NTSYRLI---NCNTSTI-T---QA, 0.3813, 0
1.491929, -126.3479, 99, POINT, S, VKLTPLCVTLNCTNVTNNITD-------------------------------------NKNGELKN----CSFNM-T-TE--LRD-KK-QKV-YALF-YSLDVTQINENQGNRSNNS------------------------------------------NTSYRLI---NCNTSTI-T---QA, 0.0361, 0
1.526258, -83.7420, [74, 79], CHUNK, ['I', 'N'], VKLTPLCVTLNCTNVTNNITD-------------------------------------NKNGELKN----CSFNI-T-TN--LRD-KK-QKV-YALF-YRLDVTQINENQGNRSNNS------------------------------------------NTSYRLI---NCNTSTI-T---QA, 0.2411, 0
1.493519, -127.0504, 99, POINT, K, VKLTPLCVTLNCTNVTNNITD-------------------------------------NKNGELKN----CSFNM-T-TE--LRD-KK-QKV-YALF-YKLDVTQINENQGNRSNNS------------------------------------------NTSYRLI---NCNTSTI-T---QA, 0.0361, 1
1.499765, -74.8699, [74, 79], CHUNK, ['I', 'Q'], VKLTPLCVTLNCTNVTNNITD-------------------------------------NKNGELKN----CSFNI-T-TQ--LRD-KK-QKV-YALF-YKLDVTQINENQGNRSNNS------------------------------------------NTSYRLI---NCNTSTI-T---QA, 0.6742, 0
1.532723, -74.6246, [74, 79], CHUNK, ['I', 'N'], VKLTPLCVTLNCTNVTNNITD-------------------------------------NKNGELKN----CSFNI-T-TN--LRD-KK-QKV-YALF-YKLDVTQINENQGNRSNNS------------------------------------------NTSYRLI---NCNTSTI-T---QA, 0.6123, 0
1.525242, -122.7499, [74], CHUNK, ['T'], VKLTPLCVTLNCTNVTNNITD-------------------------------------NKNGELKN----CSFNT-T-TE--LRD-KK-QKV-YALF-YKLDVTQINENQGNRSNNS------------------------------------------NTSYRLI---NCNTSTI-T---QA, 0.0361, 1
1.552682, -10.5998, [79, 82], CHUNK, ['N', 'I'], VKLTPLCVTLNCTNVTNNITD-------------------------------------NKNGELKN----CSFNT-T-TN--IRD-KK-QKV-YALF-YKLDVTQINENQGNRSNNS------------------------------------------NTSYRLI---NCNTSTI-T---QA, 0.2817, 0
1.549570, -122.9128, 107, POINT, N, VKLTPLCVTLNCTNVTNNITD-------------------------------------NKNGELKN----CSFNT-T-TE--LRD-KK-QKV-YALF-YKLDVTQINNNQGNRSNNS------------------------------------------NTSYRLI---NCNTSTI-T---QA, 0.0699, 0
1.526893, -121.7110, [91, 99], CHUNK, ['E', 'S'], VKLTPLCVTLNCTNVTNNITD-------------------------------------NKNGELKN----CSFNT-T-TE--LRD-KK-QKE-YALF-YSLDVTQINENQGNRSNNS------------------------------------------NTSYRLI---NCNTSTI-T---QA, 0.0361, 1
1.547119, -120.7548, 104, POINT, S, VKLTPLCVTLNCTNVTNNITD-------------------------------------NKNGELKN----CSFNT-T-TE--LRD-KK-QKE-YALF-YSLDVTSINENQGNRSNNS------------------------------------------NTSYRLI---NCNTSTI-T---QA, 0.0361, 1
1.554534, -119.9751, [87, 89, 90], CHUNK, ['V', 'K', 'T'], VKLTPLCVTLNCTNVTNNITD-------------------------------------NKNGELKN----CSFNT-T-TE--LRD-KV-KTE-YALF-YSLDVTSINENQGNRSNNS------------------------------------------NTSYRLI---NCNTSTI-T---QA, 0.0361, 0
1.549184, -120.0894, 162, POINT, S, VKLTPLCVTLNCTNVTNNITD-------------------------------------NKNGELKN----CSFNT-T-TE--LRD-KK-QKE-YALF-YSLDVTSINENQGNRSNNS------------------------------------------NTSSRLI---NCNTSTI-T---QA, 0.0361, 1
1.575261, -100.8623, 61, POINT, T, VKLTPLCVTLNCTNVTNNITD-------------------------------------NKNTELKN----CSFNT-T-TE--LRD-KK-QKE-YALF-YSLDVTSINENQGNRSNNS------------------------------------------NTSSRLI---NCNTSTI-T---QA, 0.0366, 0
1.554785, -12.1102, 82, POINT, I, VKLTPLCVTLNCTNVTNNITD-------------------------------------NKNGELKN----CSFNT-T-TE--IRD-KK-QKE-YALF-YSLDVTSINENQGNRSNNS------------------------------------------NTSSRLI---NCNTSTI-T---QA, 0.1737, 0
1.561562, 2.2229, [79, 82, 83, 84], CHUNK, ['S', 'I', 'Q', 'T'], VKLTPLCVTLNCTNVTNNITD-------------------------------------NKNGELKN----CSFNT-T-TS--IQT-KK-QKE-YALF-YSLDVTSINENQGNRSNNS------------------------------------------NTSSRLI---NCNTSTI-T---QA, 0.2211, 0
1.559799, -117.4177, 98, POINT, N, VKLTPLCVTLNCTNVTNNITD-------------------------------------NKNGELKN----CSFNT-T-TE--LRD-KK-QKE-YALF-NSLDVTSINENQGNRSNNS------------------------------------------NTSSRLI---NCNTSTI-T---QA, 0.0361, 0
1.548588, -120.9659, 90, POINT, T, VKLTPLCVTLNCTNVTNNITD-------------------------------------NKNGELKN----CSFNT-T-TE--LRD-KK-QTE-YALF-YSLDVTSINENQGNRSNNS------------------------------------------NTSYRLI---NCNTSTI-T---QA, 0.0435, 0
1.568449, -119.3671, 59, POINT, T, VKLTPLCVTLNCTNVTNNITD-------------------------------------NTNGELKN----CSFNT-T-TE--LRD-KK-QKE-YALF-YSLDVTSINENQGNRSNNS------------------------------------------NTSYRLI---NCNTSTI-T---QA, 0.0361, 1
1.591599, -118.2725, 18, POINT, T, VKLTPLCVTLNCTNVTNNTTD-------------------------------------NTNGELKN----CSFNT-T-TE--LRD-KK-QKE-YALF-YSLDVTSINENQGNRSNNS------------------------------------------NTSYRLI---NCNTSTI-T---QA, 0.0361, 0
1.574050, -1.1418, [82], CHUNK, ['I'], VKLTPLCVTLNCTNVTNNITD-------------------------------------NTNGELKN----CSFNT-T-TE--IRD-KK-QKE-YALF-YSLDVTSINENQGNRSNNS------------------------------------------NTSYRLI---NCNTSTI-T---QA, 0.0797, 0
1.594551, -118.7856, [163, 165], CHUNK, ['T', 'T'], VKLTPLCVTLNCTNVTNNITD-------------------------------------NTNGELKN----CSFNT-T-TE--LRD-KK-QKE-YALF-YSLDVTSINENQGNRSNNS------------------------------------------NTSYTLT---NCNTSTI-T---QA, 0.0361, 0
1.584617, -30.3992, [79, 82], CHUNK, ['S', 'I'], VKLTPLCVTLNCTNVTNNITD-------------------------------------NTNGELKN----CSFNT-T-TS--IRD-KK-QKE-YALF-YSLDVTSINENQGNRSNNS------------------------------------------NTSYRLI---NCNTSTI-T---QA, 0.2916, 0
1.568588, -121.6503, 110, POINT, S, VKLTPLCVTLNCTNVTNNITD-------------------------------------NKNGELKN----CSFNT-T-TE--LRD-KK-QKE-YALF-YSLDVTSINENQSNRSNNS------------------------------------------NTSYRLI---NCNTSTI-T---QA, 0.0385, 0
1.569322, -120.6699, 79, POINT, N, VKLTPLCVTLNCTNVTNNITD-------------------------------------NKNGELKN----CSFNT-T-TN--LRD-KK-QKE-YALF-YSLDVTSINENQGNRSNNS------------------------------------------NTSYRLI---NCNTSTI-T---QA, 0.0458, 0
1.552972, -119.1735, [74, 79], CHUNK, ['V', 'N'], VKLTPLCVTLNCTNVTNNITD-------------------------------------NKNGELKN----CSFNV-T-TN--LRD-KK-QKE-YALF-YSLDVTSINENQGNRSNNS------------------------------------------NTSYRLI---NCNTSTI-T---QA, 0.0631, 0
1.558618, -119.9553, 107, POINT, S, VKLTPLCVTLNCTNVTNNITD-------------------------------------NKNGELKN----CSFNT-T-TE--LRD-KK-QKE-YALF-YSLDVTSINSNQGNRSNNS------------------------------------------NTSYRLI---NCNTSTI-T---QA, 0.0361, 0
1.534543, -115.5461, [60, 63], CHUNK, ['T', 'I'], VKLTPLCVTLNCTNVTNNITD-------------------------------------NKTGEIKN----CSFNT-T-TE--LRD-KK-QKE-YALF-YSLDVTQINENQGNRSNNS------------------------------------------NTSYRLI---NCNTSTI-T---QA, 0.0408, 0
1.548002, -122.2481, [20], CHUNK, ['N'], VKLTPLCVTLNCTNVTNNITN-------------------------------------NKNGELKN----CSFNT-T-TE--LRD-KK-QKE-YALF-YSLDVTQINENQGNRSNNS------------------------------------------NTSYRLI---NCNTSTI-T---QA, 0.0555, 0
1.538680, -118.4947, [102, 103, 104, 105, 107, 108, 109], CHUNK, ['I', 'V', 'P', 'L', 'S', 'T', 'G'], VKLTPLCVTLNCTNVTNNITD-------------------------------------NKNGELKN----CSFNT-T-TE--LRD-KK-QKE-YALF-YSLDIVPLNSTGGNRSNNS------------------------------------------NTSYRLI---NCNTSTI-T---QA, 0.0568, 0
1.543061, -4.9495, [79, 82], CHUNK, ['S', 'I'], VKLTPLCVTLNCTNVTNNITD-------------------------------------NKNGELKN----CSFNT-T-TS--IRD-KK-QKE-YALF-YSLDVTQINENQGNRSNNS------------------------------------------NTSYRLI---NCNTSTI-T---QA, 0.2230, 0
1.532088, -35.0436, [82, 87, 89], CHUNK, ['I', 'I', 'K'], VKLTPLCVTLNCTNVTNNITD-------------------------------------NKNGELKN----CSFNT-T-TE--IRD-KI-KKV-YALF-YKLDVTQINENQGNRSNNS------------------------------------------NTSYRLI---NCNTSTI-T---QA, 0.3309, 0
1.526147, -120.2885, 71, POINT, T, VKLTPLCVTLNCTNVTNNITD-------------------------------------NKNGELKN----CTFNT-T-TE--LRD-KK-QKV-YALF-YKLDVTQINENQGNRSNNS------------------------------------------NTSYRLI---NCNTSTI-T---QA, 0.0361, 0
1.539442, -124.1871, [163], CHUNK, ['T'], VKLTPLCVTLNCTNVTNNITD-------------------------------------NKNGELKN----CSFNT-T-TE--LRD-KK-QKV-YALF-YKLDVTQINENQGNRSNNS------------------------------------------NTSYTLI---NCNTSTI-T---QA, 0.0361, 1
1.545841, -125.3015, 161, POINT, T, VKLTPLCVTLNCTNVTNNITD-------------------------------------NKNGELKN----CSFNT-T-TE--LRD-KK-QKV-YALF-YKLDVTQINENQGNRSNNS------------------------------------------NTTYTLI---NCNTSTI-T---QA, 0.0852, 0
1.568198, -35.0699, [79, 82, 83, 84], CHUNK, ['N', 'I', 'G', 'N'], VKLTPLCVTLNCTNVTNNITD-------------------------------------NKNGELKN----CSFNT-T-TN--IGN-KK-QKV-YALF-YKLDVTQINENQGNRSNNS------------------------------------------NTSYTLI---NCNTSTI-T---QA, 0.2021, 0
1.561107, -123.0653, 18, POINT, T, VKLTPLCVTLNCTNVTNNTTD-------------------------------------NKNGELKN----CSFNT-T-TE--LRD-KK-QKV-YALF-YKLDVTQINENQGNRSNNS------------------------------------------NTSYTLI---NCNTSTI-T---QA, 0.0411, 0
1.545913, -124.2669, [99, 102, 103, 104, 105, 107], CHUNK, ['R', 'I', 'V', 'P', 'L', 'N'], VKLTPLCVTLNCTNVTNNITD-------------------------------------NKNGELKN----CSFNT-T-TE--LRD-KK-QKV-YALF-YRLDIVPLNNNQGNRSNNS------------------------------------------NTSYTLI---NCNTSTI-T---QA, 0.0351, 1
1.560756, -102.9915, [61, 63], CHUNK, ['T', 'M'], VKLTPLCVTLNCTNVTNNITD-------------------------------------NKNTEMKN----CSFNT-T-TE--LRD-KK-QKV-YALF-YRLDIVPLNNNQGNRSNNS------------------------------------------NTSYTLI---NCNTSTI-T---QA, 0.0445, 0
1.573353, -2.6014, [79, 82], CHUNK, ['N', 'I'], VKLTPLCVTLNCTNVTNNITD-------------------------------------NKNGELKN----CSFNT-T-TN--IRD-KK-QKV-YALF-YRLDIVPLNNNQGNRSNNS------------------------------------------NTSYTLI---NCNTSTI-T---QA, 0.1778, 0
1.576693, -123.2949, 109, POINT, S, VKLTPLCVTLNCTNVTNNITD-------------------------------------NKNGELKN----CSFNT-T-TE--LRD-KK-QKV-YALF-YRLDIVPLNNNSGNRSNNS------------------------------------------NTSYTLI---NCNTSTI-T---QA, 0.0405, 0
1.566700, -120.8727, 20, POINT, T, VKLTPLCVTLNCTNVTNNITT-------------------------------------NKNGELKN----CSFNT-T-TE--LRD-KK-QKV-YALF-YRLDIVPLNNNQGNRSNNS------------------------------------------NTSYTLI---NCNTSTI-T---QA, 0.0351, 1
1.570825, -118.2011, 98, POINT, N, VKLTPLCVTLNCTNVTNNITT-------------------------------------NKNGELKN----CSFNT-T-TE--LRD-KK-QKV-YALF-NRLDIVPLNNNQGNRSNNS------------------------------------------NTSYTLI---NCNTSTI-T---QA, 0.0351, 0
1.573051, -120.1778, [99], CHUNK, ['K'], VKLTPLCVTLNCTNVTNNITT-------------------------------------NKNGELKN----CSFNT-T-TE--LRD-KK-QKV-YALF-YKLDIVPLNNNQGNRSNNS------------------------------------------NTSYTLI---NCNTSTI-T---QA, 0.0362, 0
1.573051, -119.6192, 99, POINT, K, VKLTPLCVTLNCTNVTNNITT-------------------------------------NKNGELKN----CSFNT-T-TE--LRD-KK-QKV-YALF-YKLDIVPLNNNQGNRSNNS------------------------------------------NTSYTLI---NCNTSTI-T---QA, 0.0351, 0
1.582461, -120.4025, [116], CHUNK, ['T'], VKLTPLCVTLNCTNVTNNITT-------------------------------------NKNGELKN----CSFNT-T-TE--LRD-KK-QKV-YALF-YRLDIVPLNNNQGNRSNNT------------------------------------------NTSYTLI---NCNTSTI-T---QA, 0.0351, 0
1.567829, -123.5427, 79, POINT, N, VKLTPLCVTLNCTNVTNNITD-------------------------------------NKNGELKN----CSFNT-T-TN--LRD-KK-QKV-YALF-YRLDIVPLNNNQGNRSNNS------------------------------------------NTSYTLI---NCNTSTI-T---QA, 0.0351, 0
1.549131, -122.5491, 63, POINT, I, VKLTPLCVTLNCTNVTNNITD-------------------------------------NKNGEIKN----CSFNT-T-TE--LRD-KK-QKV-YALF-YRLDIVPLNNNQGNRSNNS------------------------------------------NTSYTLI---NCNTSTI-T---QA, 0.0384, 0
1.558878, -125.6704, 105, POINT, T, VKLTPLCVTLNCTNVTNNITD-------------------------------------NKNGELKN----CSFNT-T-TE--LRD-KK-QKV-YALF-YRLDIVPTNNNQGNRSNNS------------------------------------------NTSYTLI---NCNTSTI-T---QA, 0.0351, 1
1.563801, -123.4110, 98, POINT, N, VKLTPLCVTLNCTNVTNNITD-------------------------------------NKNGELKN----CSFNT-T-TE--LRD-KK-QKV-YALF-NRLDIVPTNNNQGNRSNNS------------------------------------------NTSYTLI---NCNTSTI-T---QA, 0.0459, 1
1.584909, -123.6543, 20, POINT, N, VKLTPLCVTLNCTNVTNNITN-------------------------------------NKNGELKN----CSFNT-T-TE--LRD-KK-QKV-YALF-NRLDIVPTNNNQGNRSNNS------------------------------------------NTSYTLI---NCNTSTI-T---QA, 0.0459, 0
1.592097, -102.4882, [61, 63], CHUNK, ['T', 'I'], VKLTPLCVTLNCTNVTNNITD-------------------------------------NKNTEIKN----CSFNT-T-TE--LRD-KK-QKV-YALF-NRLDIVPTNNNQGNRSNNS------------------------------------------NTSYTLI---NCNTSTI-T---QA, 0.0459, 0
1.585704, -122.5157, 162, POINT, N, VKLTPLCVTLNCTNVTNNITD-------------------------------------NKNGELKN----CSFNT-T-TE--LRD-KK-QKV-YALF-NRLDIVPTNNNQGNRSNNS------------------------------------------NTSNTLI---NCNTSTI-T---QA, 0.0459, 0
1.569472, -123.6749, 16, POINT, T, VKLTPLCVTLNCTNVTTNITD-------------------------------------NKNGELKN----CSFNT-T-TE--LRD-KK-QKV-YALF-NRLDIVPTNNNQGNRSNNS------------------------------------------NTSYTLI---NCNTSTI-T---QA, 0.0459, 0
1.579665, -122.2762, 20, POINT, T, VKLTPLCVTLNCTNVTNNITT-------------------------------------NKNGELKN----CSFNT-T-TE--LRD-KK-QKV-YALF-YRLDIVPTNNNQGNRSNNS------------------------------------------NTSYTLI---NCNTSTI-T---QA, 0.0351, 1
1.590743, -121.6359, 79, POINT, S, VKLTPLCVTLNCTNVTNNITT-------------------------------------NKNGELKN----CSFNT-T-TS--LRD-KK-QKV-YALF-YRLDIVPTNNNQGNRSNNS------------------------------------------NTSYTLI---NCNTSTI-T---QA, 0.0387, 0
1.584966, -119.5880, 84, POINT, T, VKLTPLCVTLNCTNVTNNITT-------------------------------------NKNGELKN----CSFNT-T-TE--LRT-KK-QKV-YALF-YRLDIVPTNNNQGNRSNNS------------------------------------------NTSYTLI---NCNTSTI-T---QA, 0.0351, 1
1.590286, -121.1837, [84, 87, 89, 90, 91], CHUNK, ['D', 'V', 'K', 'T', 'E'], VKLTPLCVTLNCTNVTNNITT-------------------------------------NKNGELKN----CSFNT-T-TE--LRD-KV-KTE-YALF-YRLDIVPTNNNQGNRSNNS------------------------------------------NTSYTLI---NCNTSTI-T---QA, 0.0333, 1
1.596373, -119.9855, [99], CHUNK, ['K'], VKLTPLCVTLNCTNVTNNITT-------------------------------------NKNGELKN----CSFNT-T-TE--LRD-KV-KTE-YALF-YKLDIVPTNNNQGNRSNNS------------------------------------------NTSYTLI---NCNTSTI-T---QA, 0.0333, 0
1.596373, -119.9855, 99, POINT, K, VKLTPLCVTLNCTNVTNNITT-------------------------------------NKNGELKN----CSFNT-T-TE--LRD-KV-KTE-YALF-YKLDIVPTNNNQGNRSNNS------------------------------------------NTSYTLI---NCNTSTI-T---QA, 0.0333, 1
1.599921, -119.8553, 4, POINT, T, VKLTTLCVTLNCTNVTNNITT-------------------------------------NKNGELKN----CSFNT-T-TE--LRD-KV-KTE-YALF-YKLDIVPTNNNQGNRSNNS------------------------------------------NTSYTLI---NCNTSTI-T---QA, 0.0333, 0
1.599286, -29.6405, [79, 82], CHUNK, ['V', 'I'], VKLTPLCVTLNCTNVTNNITT-------------------------------------NKNGELKN----CSFNT-T-TV--IRD-KV-KTE-YALF-YKLDIVPTNNNQGNRSNNS------------------------------------------NTSYTLI---NCNTSTI-T---QA, 0.2465, 0
1.601234, -1.4147, 82, POINT, I, VKLTPLCVTLNCTNVTNNITT-------------------------------------NKNGELKN----CSFNT-T-TE--IRD-KV-KTE-YALF-YKLDIVPTNNNQGNRSNNS------------------------------------------NTSYTLI---NCNTSTI-T---QA, 0.1910, 0
1.631508, -120.3113, 110, POINT, T, VKLTPLCVTLNCTNVTNNITT-------------------------------------NKNGELKN----CSFNT-T-TE--LRD-KV-KTE-YALF-YKLDIVPTNNNQTNRSNNS------------------------------------------NTSYTLI---NCNTSTI-T---QA, 0.0333, 0
1.607097, -121.2034, [104, 105, 107, 108, 109, 110], CHUNK, ['Q', 'I', 'S', 'T', 'D', 'N'], VKLTPLCVTLNCTNVTNNITT-------------------------------------NKNGELKN----CSFNT-T-TE--LRD-KV-KTE-YALF-YRLDIVQINSTDNNRSNNS------------------------------------------NTSYTLI---NCNTSTI-T---QA, 0.0344, 0
1.601490, -120.0009, 62, POINT, S, VKLTPLCVTLNCTNVTNNITT-------------------------------------NKNGSLKN----CSFNT-T-TE--LRD-KV-KTE-YALF-YRLDIVPTNNNQGNRSNNS------------------------------------------NTSYTLI---NCNTSTI-T---QA, 0.0522, 0
1.598892, -118.6396, 84, POINT, T, VKLTPLCVTLNCTNVTNNITT-------------------------------------NKNGELKN----CSFNT-T-TE--LRT-KV-KTE-YALF-YRLDIVPTNNNQGNRSNNS------------------------------------------NTSYTLI---NCNTSTI-T---QA, 0.0333, 0
1.614042, -120.2528, 79, POINT, N, VKLTPLCVTLNCTNVTNNITT-------------------------------------NKNGELKN----CSFNT-T-TN--LRD-KV-KTE-YALF-YRLDIVPTNNNQGNRSNNS------------------------------------------NTSYTLI---NCNTSTI-T---QA, 0.0333, 0
1.597982, -89.9451, [74, 79, 82], CHUNK, ['I', 'S', 'T'], VKLTPLCVTLNCTNVTNNITT-------------------------------------NKNGELKN----CSFNI-T-TS--TRT-KK-QKV-YALF-YRLDIVPTNNNQGNRSNNS------------------------------------------NTSYTLI---NCNTSTI-T---QA, 0.7063, 0
1.591179, -118.0948, 109, POINT, G, VKLTPLCVTLNCTNVTNNITT-------------------------------------NKNGELKN----CSFNT-T-TE--LRT-KK-QKV-YALF-YRLDIVPTNNNGGNRSNNS------------------------------------------NTSYTLI---NCNTSTI-T---QA, 0.0351, 0
1.587606, -117.8673, 63, POINT, I, VKLTPLCVTLNCTNVTNNITT-------------------------------------NKNGEIKN----CSFNT-T-TE--LRT-KK-QKV-YALF-YRLDIVPTNNNQGNRSNNS------------------------------------------NTSYTLI---NCNTSTI-T---QA, 0.0351, 1
1.614790, -116.6551, 18, POINT, N, VKLTPLCVTLNCTNVTNNNTT-------------------------------------NKNGEIKN----CSFNT-T-TE--LRT-KK-QKV-YALF-YRLDIVPTNNNQGNRSNNS------------------------------------------NTSYTLI---NCNTSTI-T---QA, 0.0583, 1
1.639183, -29.6954, [79, 82, 83, 84], CHUNK, ['S', 'I', 'T', 'D'], VKLTPLCVTLNCTNVTNNNTT-------------------------------------NKNGEIKN----CSFNT-T-TS--ITD-KK-QKV-YALF-YRLDIVPTNNNQGNRSNNS------------------------------------------NTSYTLI---NCNTSTI-T---QA, 0.2380, 0
1.623786, -115.3199, [91, 99], CHUNK, ['E', 'K'], VKLTPLCVTLNCTNVTNNNTT-------------------------------------NKNGEIKN----CSFNT-T-TE--LRT-KK-QKE-YALF-YKLDIVPTNNNQGNRSNNS------------------------------------------NTSYTLI---NCNTSTI-T---QA, 0.0568, 0
1.653507, -116.3662, 109, POINT, N, VKLTPLCVTLNCTNVTNNNTT-------------------------------------NKNGEIKN----CSFNT-T-TE--LRT-KK-QKV-YALF-YRLDIVPTNNNNGNRSNNS------------------------------------------NTSYTLI---NCNTSTI-T---QA, 0.0583, 1
1.656588, -116.4425, [91], CHUNK, ['E'], VKLTPLCVTLNCTNVTNNNTT-------------------------------------NKNGEIKN----CSFNT-T-TE--LRT-KK-QKE-YALF-YRLDIVPTNNNNGNRSNNS------------------------------------------NTSYTLI---NCNTSTI-T---QA, 0.0488, 1
1.657719, -113.3671, [161, 163, 165], CHUNK, ['T', 'R', 'T'], VKLTPLCVTLNCTNVTNNNTT-------------------------------------NKNGEIKN----CSFNT-T-TE--LRT-KK-QKE-YALF-YRLDIVPTNNNNGNRSNNS------------------------------------------NTTYRLT---NCNTSTI-T---QA, 0.0488, 0
1.667126, -19.7927, [74, 79, 82], CHUNK, ['I', 'N', 'V'], VKLTPLCVTLNCTNVTNNNTT-------------------------------------NKNGEIKN----CSFNI-T-TN--VRT-KK-QKE-YALF-YRLDIVPTNNNNGNRSNNS------------------------------------------NTSYTLI---NCNTSTI-T---QA, 0.1128, 0
1.664398, -115.3875, 86, POINT, T, VKLTPLCVTLNCTNVTNNNTT-------------------------------------NKNGEIKN----CSFNT-T-TE--LRT-TK-QKE-YALF-YRLDIVPTNNNNGNRSNNS------------------------------------------NTSYTLI---NCNTSTI-T---QA, 0.0488, 0
1.668574, -115.8635, 59, POINT, S, VKLTPLCVTLNCTNVTNNNTT-------------------------------------NSNGEIKN----CSFNT-T-TE--LRT-KK-QKE-YALF-YRLDIVPTNNNNGNRSNNS------------------------------------------NTSYTLI---NCNTSTI-T---QA, 0.0543, 0
1.687689, -117.9146, 110, POINT, N, VKLTPLCVTLNCTNVTNNNTT-------------------------------------NKNGEIKN----CSFNT-T-TE--LRT-KK-QKV-YALF-YRLDIVPTNNNNNNRSNNS------------------------------------------NTSYTLI---NCNTSTI-T---QA, 0.0583, 0
1.667240, -115.5164, 79, POINT, S, VKLTPLCVTLNCTNVTNNNTT-------------------------------------NKNGEIKN----CSFNT-T-TS--LRT-KK-QKV-YALF-YRLDIVPTNNNNGNRSNNS------------------------------------------NTSYTLI---NCNTSTI-T---QA, 0.0583, 0
1.654845, -116.1339, 182, POINT, T, VKLTPLCVTLNCTNVTNNNTT-------------------------------------NKNGEIKN----CSFNT-T-TE--LRT-KK-QKV-YALF-YRLDIVPTNNNNGNRSNNS------------------------------------------NTSYTLI---NCNTSTI-T---QT, 0.0583, 1
1.668578, -115.2841, 79, POINT, S, VKLTPLCVTLNCTNVTNNNTT-------------------------------------NKNGEIKN----CSFNT-T-TS--LRT-KK-QKV-YALF-YRLDIVPTNNNNGNRSNNS------------------------------------------NTSYTLI---NCNTSTI-T---QT, 0.0583, 1
1.671867, -114.8988, 91, POINT, E, VKLTPLCVTLNCTNVTNNNTT-------------------------------------NKNGEIKN----CSFNT-T-TS--LRT-KK-QKE-YALF-YRLDIVPTNNNNGNRSNNS------------------------------------------NTSYTLI---NCNTSTI-T---QT, 0.0583, 0
1.672846, -1.1790, 82, POINT, I, VKLTPLCVTLNCTNVTNNNTT-------------------------------------NKNGEIKN----CSFNT-T-TS--IRT-KK-QKV-YALF-YRLDIVPTNNNNGNRSNNS------------------------------------------NTSYTLI---NCNTSTI-T---QT, 0.4373, 0
1.679406, -115.4100, 79, POINT, N, VKLTPLCVTLNCTNVTNNNTT-------------------------------------NKNGEIKN----CSFNT-T-TN--LRT-KK-QKV-YALF-YRLDIVPTNNNNGNRSNNS------------------------------------------NTSYTLI---NCNTSTI-T---QT, 0.0583, 0
1.680480, -113.2678, 165, POINT, T, VKLTPLCVTLNCTNVTNNNTT-------------------------------------NKNGEIKN----CSFNT-T-TS--LRT-KK-QKV-YALF-YRLDIVPTNNNNGNRSNNS------------------------------------------NTSYTLT---NCNTSTI-T---QT, 0.0583, 0
1.676936, -13.9856, [82, 84, 87, 89, 90], CHUNK, ['I', 'D', 'T', 'K', 'N'], VKLTPLCVTLNCTNVTNNNTT-------------------------------------NKNGEIKN----CSFNT-T-TE--IRD-KT-KNV-YALF-YRLDIVPTNNNNGNRSNNS------------------------------------------NTSYTLI---NCNTSTI-T---QT, 0.1241, 0
1.656199, -114.2341, 71, POINT, T, VKLTPLCVTLNCTNVTNNNTT-------------------------------------NKNGEIKN----CTFNT-T-TE--LRT-KK-QKV-YALF-YRLDIVPTNNNNGNRSNNS------------------------------------------NTSYTLI---NCNTSTI-T---QT, 0.0613, 1
1.659243, -114.2571, 102, POINT, V, VKLTPLCVTLNCTNVTNNNTT-------------------------------------NKNGEIKN----CTFNT-T-TE--LRT-KK-QKV-YALF-YRLDVVPTNNNNGNRSNNS------------------------------------------NTSYTLI---NCNTSTI-T---QT, 0.0809, 1
1.688227, -113.3212, [87, 89, 90, 91], CHUNK, ['T', 'K', 'N', 'E'], VKLTPLCVTLNCTNVTNNNTT-------------------------------------NKNGEIKN----CTFNT-T-TE--LRT-KT-KNE-YALF-YRLDVVPTNNNNGNRSNNS------------------------------------------NTSYTLI---NCNTSTI-T---QT, 0.0762, 1
1.703505, -111.7626, 99, POINT, T, VKLTPLCVTLNCTNVTNNNTT-------------------------------------NKNGEIKN----CTFNT-T-TE--LRT-KT-KNE-YALF-YTLDVVPTNNNNGNRSNNS------------------------------------------NTSYTLI---NCNTSTI-T---QT, 0.0762, 0
1.700129, -111.4453, 165, POINT, T, VKLTPLCVTLNCTNVTNNNTT-------------------------------------NKNGEIKN----CTFNT-T-TE--LRT-KT-KNE-YALF-YRLDVVPTNNNNGNRSNNS------------------------------------------NTSYTLT---NCNTSTI-T---QT, 0.0761, 0
1.697820, 9.5378, [74, 79, 82], CHUNK, ['I', 'S', 'I'], VKLTPLCVTLNCTNVTNNNTT-------------------------------------NKNGEIKN----CTFNI-T-TS--IRT-KT-KNE-YALF-YRLDVVPTNNNNGNRSNNS------------------------------------------NTSYTLI---NCNTSTI-T---QT, 0.2187, 0
1.692450, -80.7075, 61, POINT, K, VKLTPLCVTLNCTNVTNNNTT-------------------------------------NKNKEIKN----CTFNT-T-TE--LRT-KT-KNE-YALF-YRLDVVPTNNNNGNRSNNS------------------------------------------NTSYTLI---NCNTSTI-T---QT, 0.0768, 0
1.662324, -113.8314, 91, POINT, E, VKLTPLCVTLNCTNVTNNNTT-------------------------------------NKNGEIKN----CTFNT-T-TE--LRT-KK-QKE-YALF-YRLDVVPTNNNNGNRSNNS------------------------------------------NTSYTLI---NCNTSTI-T---QT, 0.0809, 0
1.665156, -112.8830, [99], CHUNK, ['K'], VKLTPLCVTLNCTNVTNNNTT-------------------------------------NKNGEIKN----CTFNT-T-TE--LRT-KK-QKV-YALF-YKLDVVPTNNNNGNRSNNS------------------------------------------NTSYTLI---NCNTSTI-T---QT, 0.0809, 0
1.672148, -112.9237, [93, 99], CHUNK, ['N', 'K'], VKLTPLCVTLNCTNVTNNNTT-------------------------------------NKNGEIKN----CTFNT-T-TE--LRT-KK-QKV-NALF-YKLDVVPTNNNNGNRSNNS------------------------------------------NTSYTLI---NCNTSTI-T---QT, 0.0809, 0
1.681791, -15.7010, [79, 82, 84], CHUNK, ['N', 'I', 'D'], VKLTPLCVTLNCTNVTNNNTT-------------------------------------NKNGEIKN----CTFNT-T-TN--IRD-KK-QKV-YALF-YRLDVVPTNNNNGNRSNNS------------------------------------------NTSYTLI---NCNTSTI-T---QT, 0.1583, 0
1.663040, -113.7896, 87, POINT, T, VKLTPLCVTLNCTNVTNNNTT-------------------------------------NKNGEIKN----CTFNT-T-TE--LRT-KT-QKV-YALF-YRLDIVPTNNNNGNRSNNS------------------------------------------NTSYTLI---NCNTSTI-T---QT, 0.0613, 0
1.661022, -5.4747, 82, POINT, I, VKLTPLCVTLNCTNVTNNNTT-------------------------------------NKNGEIKN----CTFNT-T-TE--IRT-KK-QKV-YALF-YRLDIVPTNNNNGNRSNNS------------------------------------------NTSYTLI---NCNTSTI-T---QT, 0.1567, 0
1.664229, -113.9645, 89, POINT, K, VKLTPLCVTLNCTNVTNNNTT-------------------------------------NKNGEIKN----CTFNT-T-TE--LRT-KK-KKV-YALF-YRLDIVPTNNNNGNRSNNS------------------------------------------NTSYTLI---NCNTSTI-T---QT, 0.0613, 0
1.672052, -113.8363, [89, 90], CHUNK, ['K', 'N'], VKLTPLCVTLNCTNVTNNNTT-------------------------------------NKNGEIKN----CTFNT-T-TE--LRT-KK-KNV-YALF-YRLDIVPTNNNNGNRSNNS------------------------------------------NTSYTLI---NCNTSTI-T---QT, 0.0613, 0
1.656857, -115.8890, 83, POINT, K, VKLTPLCVTLNCTNVTNNNTT-------------------------------------NKNGEIKN----CSFNT-T-TE--LKT-KK-QKV-YALF-YRLDIVPTNNNNGNRSNNS------------------------------------------NTSYTLI---NCNTSTI-T---QT, 0.0749, 0
1.679406, -115.4100, 79, POINT, N, VKLTPLCVTLNCTNVTNNNTT-------------------------------------NKNGEIKN----CSFNT-T-TN--LRT-KK-QKV-YALF-YRLDIVPTNNNNGNRSNNS------------------------------------------NTSYTLI---NCNTSTI-T---QT, 0.0583, 0
1.659749, -116.5006, 16, POINT, T, VKLTPLCVTLNCTNVTTNNTT-------------------------------------NKNGEIKN----CSFNT-T-TE--LRT-KK-QKV-YALF-YRLDIVPTNNNNGNRSNNS------------------------------------------NTSYTLI---NCNTSTI-T---QT, 0.0616, 0
1.658411, -115.3075, [89, 91], CHUNK, ['R', 'E'], VKLTPLCVTLNCTNVTNNNTT-------------------------------------NKNGEIKN----CSFNT-T-TE--LRT-KK-RKE-YALF-YRLDIVPTNNNNGNRSNNS------------------------------------------NTSYTLI---NCNTSTI-T---QT, 0.0571, 0
1.661758, -112.2216, [95, 99], CHUNK, ['T', 'N'], VKLTPLCVTLNCTNVTNNNTT-------------------------------------NKNGEIKN----CSFNT-T-TE--LRT-KK-QKV-YATF-YNLDIVPTNNNNGNRSNNS------------------------------------------NTSYTLI---NCNTSTI-T---QA, 0.0583, 0
1.656477, -119.8638, 84, POINT, N, VKLTPLCVTLNCTNVTNNNTT-------------------------------------NKNGEIKN----CSFNT-T-TE--LRN-KK-QKV-YALF-YRLDIVPTNNNNGNRSNNS------------------------------------------NTSYTLI---NCNTSTI-T---QA, 0.0676, 0
1.665406, -112.8218, [95, 99, 102], CHUNK, ['T', 'N', 'V'], VKLTPLCVTLNCTNVTNNNTT-------------------------------------NKNGEIKN----CSFNT-T-TE--LRT-KK-QKV-YATF-YNLDVVPTNNNNGNRSNNS------------------------------------------NTSYTLI---NCNTSTI-T---QA, 0.0610, 0
1.656588, -115.9809, [91], CHUNK, ['E'], VKLTPLCVTLNCTNVTNNNTT-------------------------------------NKNGEIKN----CSFNT-T-TE--LRT-KK-QKE-YALF-YRLDIVPTNNNNGNRSNNS------------------------------------------NTSYTLI---NCNTSTI-T---QA, 0.0583, 0
