Name base = V1V2_200_exp_9_1_ni
Iters = 200
Soft coverage = 0.284621885725
Energy = -131.065292449
Hard Covereage = 0.0368019545157
Num epitopes = 65
Initial seq = VKLTPLCVTLQCTNVTNNITD-------------------------------------DMRGELKN----CSFNM-T-TE--LRD-KK-QKV-YSLF-YRLDVVQINENQGNRSNNS------------------------------------------NKEYRLI---NCNTSAI-T---QA
-------START OF DATA------
0.287585, -130.6921, 160, POINT, N, VKLTPLCVTLQCTNVTNNITD-------------------------------------DMRGELKN----CSFNM-T-TE--LRD-KK-QKV-YSLF-YRLDVVQINENQGNRSNNS------------------------------------------NNEYRLI---NCNTSAI-T---QA, 0.0786, 1
0.295966, -130.8684, 94, POINT, A, VKLTPLCVTLQCTNVTNNITD-------------------------------------DMRGELKN----CSFNM-T-TE--LRD-KK-QKV-YALF-YRLDVVQINENQGNRSNNS------------------------------------------NNEYRLI---NCNTSAI-T---QA, 0.0786, 1
0.312967, -102.1307, [10, 13, 14, 15, 16], CHUNK, ['N', 'D', 'L', 'N', 'G'], VKLTPLCVTLNCTDLNGNITD-------------------------------------DMRGELKN----CSFNM-T-TE--LRD-KK-QKV-YALF-YRLDVVQINENQGNRSNNS------------------------------------------NNEYRLI---NCNTSAI-T---QA, 0.2826, 0
0.319633, -130.7766, [10], CHUNK, ['N'], VKLTPLCVTLNCTNVTNNITD-------------------------------------DMRGELKN----CSFNM-T-TE--LRD-KK-QKV-YALF-YRLDVVQINENQGNRSNNS------------------------------------------NNEYRLI---NCNTSAI-T---QA, 0.0786, 1
0.329605, -86.2664, 74, POINT, I, VKLTPLCVTLNCTNVTNNITD-------------------------------------DMRGELKN----CSFNI-T-TE--LRD-KK-QKV-YALF-YRLDVVQINENQGNRSNNS------------------------------------------NNEYRLI---NCNTSAI-T---QA, 0.2666, 0
0.327821, -94.5172, [74, 79], CHUNK, ['I', 'S'], VKLTPLCVTLNCTNVTNNITD-------------------------------------DMRGELKN----CSFNI-T-TS--LRD-KK-QKV-YALF-YRLDVVQINENQGNRSNNS------------------------------------------NNEYRLI---NCNTSAI-T---QA, 0.4475, 0
0.331361, -129.0734, [99, 104, 106, 107], CHUNK, ['K', 'P', 'D', 'D'], VKLTPLCVTLNCTNVTNNITD-------------------------------------DMRGELKN----CSFNM-T-TE--LRD-KK-QKV-YALF-YKLDVVPIDDNQGNRSNNS------------------------------------------NNEYRLI---NCNTSAI-T---QA, 0.0786, 1
0.339932, -130.0309, [107, 109, 110], CHUNK, ['K', 'N', 'N'], VKLTPLCVTLNCTNVTNNITD-------------------------------------DMRGELKN----CSFNM-T-TE--LRD-KK-QKV-YALF-YKLDVVPIDKNNNNRSNNS------------------------------------------NNEYRLI---NCNTSAI-T---QA, 0.0786, 1
0.349096, -129.7743, [160, 161], CHUNK, ['T', 'S'], VKLTPLCVTLNCTNVTNNITD-------------------------------------DMRGELKN----CSFNM-T-TE--LRD-KK-QKV-YALF-YKLDVVPIDKNNNNRSNNS------------------------------------------NTSYRLI---NCNTSAI-T---QA, 0.0786, 1
0.359068, -76.0446, [74], CHUNK, ['I'], VKLTPLCVTLNCTNVTNNITD-------------------------------------DMRGELKN----CSFNI-T-TE--LRD-KK-QKV-YALF-YKLDVVPIDKNNNNRSNNS------------------------------------------NTSYRLI---NCNTSAI-T---QA, 0.4971, 0
0.359068, -87.1166, [74], CHUNK, ['I'], VKLTPLCVTLNCTNVTNNITD-------------------------------------DMRGELKN----CSFNI-T-TE--LRD-KK-QKV-YALF-YKLDVVPIDKNNNNRSNNS------------------------------------------NTSYRLI---NCNTSAI-T---QA, 0.3012, 0
0.359068, -80.9444, [74], CHUNK, ['I'], VKLTPLCVTLNCTNVTNNITD-------------------------------------DMRGELKN----CSFNI-T-TE--LRD-KK-QKV-YALF-YKLDVVPIDKNNNNRSNNS------------------------------------------NTSYRLI---NCNTSAI-T---QA, 0.4740, 0
0.355154, -128.8356, 91, POINT, E, VKLTPLCVTLNCTNVTNNITD-------------------------------------DMRGELKN----CSFNM-T-TE--LRD-KK-QKE-YALF-YKLDVVPIDKNNNNRSNNS------------------------------------------NTSYRLI---NCNTSAI-T---QA, 0.0791, 1
0.355642, -128.9472, 106, POINT, N, VKLTPLCVTLNCTNVTNNITD-------------------------------------DMRGELKN----CSFNM-T-TE--LRD-KK-QKE-YALF-YKLDVVPINKNNNNRSNNS------------------------------------------NTSYRLI---NCNTSAI-T---QA, 0.0791, 0
0.365126, -119.3383, [74], CHUNK, ['I'], VKLTPLCVTLNCTNVTNNITD-------------------------------------DMRGELKN----CSFNI-T-TE--LRD-KK-QKE-YALF-YKLDVVPIDKNNNNRSNNS------------------------------------------NTSYRLI---NCNTSAI-T---QA, 0.1965, 0
0.362436, -106.7256, 174, POINT, V, VKLTPLCVTLNCTNVTNNITD-------------------------------------DMRGELKN----CSFNM-T-TE--LRD-KK-QKE-YALF-YKLDVVPIDKNNNNRSNNS------------------------------------------NTSYRLI---NCNTSVI-T---QA, 0.1742, 0
0.363873, -103.1188, [169, 174], CHUNK, ['S', 'V'], VKLTPLCVTLNCTNVTNNITD-------------------------------------DMRGELKN----CSFNM-T-TE--LRD-KK-QKE-YALF-YKLDVVPIDKNNNNRSNNS------------------------------------------NTSYRLI---SCNTSVI-T---QA, 0.3826, 0
0.356378, -109.3161, [174], CHUNK, ['V'], VKLTPLCVTLNCTNVTNNITD-------------------------------------DMRGELKN----CSFNM-T-TE--LRD-KK-QKV-YALF-YKLDVVPIDKNNNNRSNNS------------------------------------------NTSYRLI---NCNTSVI-T---QA, 0.3204, 0
0.359068, -84.6161, [74], CHUNK, ['I'], VKLTPLCVTLNCTNVTNNITD-------------------------------------DMRGELKN----CSFNI-T-TE--LRD-KK-QKV-YALF-YKLDVVPIDKNNNNRSNNS------------------------------------------NTSYRLI---NCNTSAI-T---QA, 0.6510, 0
0.350381, -127.6687, 60, POINT, K, VKLTPLCVTLNCTNVTNNITD-------------------------------------DMKGELKN----CSFNM-T-TE--LRD-KK-QKV-YALF-YKLDVVPIDKNNNNRSNNS------------------------------------------NTSYRLI---NCNTSAI-T---QA, 0.0786, 1
0.360353, -103.5159, [74], CHUNK, ['I'], VKLTPLCVTLNCTNVTNNITD-------------------------------------DMKGELKN----CSFNI-T-TE--LRD-KK-QKV-YALF-YKLDVVPIDKNNNNRSNNS------------------------------------------NTSYRLI---NCNTSAI-T---QA, 0.2081, 0
0.356439, -126.1400, 91, POINT, E, VKLTPLCVTLNCTNVTNNITD-------------------------------------DMKGELKN----CSFNM-T-TE--LRD-KK-QKE-YALF-YKLDVVPIDKNNNNRSNNS------------------------------------------NTSYRLI---NCNTSAI-T---QA, 0.0786, 1
0.366410, -109.6548, [74], CHUNK, ['I'], VKLTPLCVTLNCTNVTNNITD-------------------------------------DMKGELKN----CSFNI-T-TE--LRD-KK-QKE-YALF-YKLDVVPIDKNNNNRSNNS------------------------------------------NTSYRLI---NCNTSAI-T---QA, 0.1547, 0
0.366410, -120.4492, [74], CHUNK, ['I'], VKLTPLCVTLNCTNVTNNITD-------------------------------------DMKGELKN----CSFNI-T-TE--LRD-KK-QKE-YALF-YKLDVVPIDKNNNNRSNNS------------------------------------------NTSYRLI---NCNTSAI-T---QA, 0.0474, 0
0.364207, -124.4137, 63, POINT, I, VKLTPLCVTLNCTNVTNNITD-------------------------------------DMKGEIKN----CSFNM-T-TE--LRD-KK-QKE-YALF-YKLDVVPIDKNNNNRSNNS------------------------------------------NTSYRLI---NCNTSAI-T---QA, 0.0792, 0
0.366410, -120.4849, [74], CHUNK, ['I'], VKLTPLCVTLNCTNVTNNITD-------------------------------------DMKGELKN----CSFNI-T-TE--LRD-KK-QKE-YALF-YKLDVVPIDKNNNNRSNNS------------------------------------------NTSYRLI---NCNTSAI-T---QA, 0.0745, 0
0.354422, -123.7915, 74, POINT, T, VKLTPLCVTLNCTNVTNNITD-------------------------------------DMKGELKN----CSFNT-T-TE--LRD-KK-QKV-YALF-YKLDVVPIDKNNNNRSNNS------------------------------------------NTSYRLI---NCNTSAI-T---QA, 0.0780, 1
0.361704, -109.0417, [174], CHUNK, ['V'], VKLTPLCVTLNCTNVTNNITD-------------------------------------DMKGELKN----CSFNT-T-TE--LRD-KK-QKV-YALF-YKLDVVPIDKNNNNRSNNS------------------------------------------NTSYRLI---NCNTSVI-T---QA, 0.3105, 0
0.359351, -124.0797, 107, POINT, N, VKLTPLCVTLNCTNVTNNITD-------------------------------------DMKGELKN----CSFNT-T-TE--LRD-KK-QKV-YALF-YKLDVVPIDNNNNNRSNNS------------------------------------------NTSYRLI---NCNTSAI-T---QA, 0.0780, 0
0.356804, -120.5538, 20, POINT, T, VKLTPLCVTLNCTNVTNNITT-------------------------------------DMKGELKN----CSFNT-T-TE--LRD-KK-QKV-YALF-YKLDVVPIDKNNNNRSNNS------------------------------------------NTSYRLI---NCNTSAI-T---QA, 0.0840, 0
0.362222, -121.9815, [63], CHUNK, ['I'], VKLTPLCVTLNCTNVTNNITD-------------------------------------DMKGEIKN----CSFNT-T-TE--LRD-KK-QKV-YALF-YKLDVVPIDKNNNNRSNNS------------------------------------------NTSYRLI---NCNTSAI-T---QA, 0.0780, 0
0.350870, -127.7803, 106, POINT, N, VKLTPLCVTLNCTNVTNNITD-------------------------------------DMKGELKN----CSFNM-T-TE--LRD-KK-QKV-YALF-YKLDVVPINKNNNNRSNNS------------------------------------------NTSYRLI---NCNTSAI-T---QA, 0.0786, 0
0.357663, -108.5182, 174, POINT, V, VKLTPLCVTLNCTNVTNNITD-------------------------------------DMKGELKN----CSFNM-T-TE--LRD-KK-QKV-YALF-YKLDVVPIDKNNNNRSNNS------------------------------------------NTSYRLI---NCNTSVI-T---QA, 0.3039, 0
0.360353, -96.5749, [74], CHUNK, ['I'], VKLTPLCVTLNCTNVTNNITD-------------------------------------DMKGELKN----CSFNI-T-TE--LRD-KK-QKV-YALF-YKLDVVPIDKNNNNRSNNS------------------------------------------NTSYRLI---NCNTSAI-T---QA, 0.8937, 0
0.360353, -85.1340, [74], CHUNK, ['I'], VKLTPLCVTLNCTNVTNNITD-------------------------------------DMKGELKN----CSFNI-T-TE--LRD-KK-QKV-YALF-YKLDVVPIDKNNNNRSNNS------------------------------------------NTSYRLI---NCNTSAI-T---QA, 0.6592, 0
0.359068, -101.0779, [74], CHUNK, ['I'], VKLTPLCVTLNCTNVTNNITD-------------------------------------DMRGELKN----CSFNI-T-TE--LRD-KK-QKV-YALF-YKLDVVPIDKNNNNRSNNS------------------------------------------NTSYRLI---NCNTSAI-T---QA, 0.4185, 0
0.357283, -81.2471, [74, 79], CHUNK, ['I', 'S'], VKLTPLCVTLNCTNVTNNITD-------------------------------------DMRGELKN----CSFNI-T-TS--LRD-KK-QKV-YALF-YKLDVVPIDKNNNNRSNNS------------------------------------------NTSYRLI---NCNTSAI-T---QA, 0.4881, 0
0.356378, -112.9788, 174, POINT, V, VKLTPLCVTLNCTNVTNNITD-------------------------------------DMRGELKN----CSFNM-T-TE--LRD-KK-QKV-YALF-YKLDVVPIDKNNNNRSNNS------------------------------------------NTSYRLI---NCNTSVI-T---QA, 0.2295, 0
0.351265, -127.7566, 174, POINT, T, VKLTPLCVTLNCTNVTNNITD-------------------------------------DMRGELKN----CSFNM-T-TE--LRD-KK-QKV-YALF-YKLDVVPIDKNNNNRSNNS------------------------------------------NTSYRLI---NCNTSTI-T---QA, 0.0932, 1
0.353209, -123.1361, 60, POINT, T, VKLTPLCVTLNCTNVTNNITD-------------------------------------DMTGELKN----CSFNM-T-TE--LRD-KK-QKV-YALF-YKLDVVPIDKNNNNRSNNS------------------------------------------NTSYRLI---NCNTSTI-T---QA, 0.0922, 0
0.353569, -125.7897, 63, POINT, M, VKLTPLCVTLNCTNVTNNITD-------------------------------------DMRGEMKN----CSFNM-T-TE--LRD-KK-QKV-YALF-YKLDVVPIDKNNNNRSNNS------------------------------------------NTSYRLI---NCNTSTI-T---QA, 0.0932, 1
0.364004, -83.7497, [74], CHUNK, ['I'], VKLTPLCVTLNCTNVTNNITD-------------------------------------DMRGEMKN----CSFNI-T-TE--LRD-KK-QKV-YALF-YKLDVVPIDKNNNNRSNNS------------------------------------------NTSYRLI---NCNTSTI-T---QA, 0.5465, 0
0.364004, -105.9595, [74], CHUNK, ['I'], VKLTPLCVTLNCTNVTNNITD-------------------------------------DMRGEMKN----CSFNI-T-TE--LRD-KK-QKV-YALF-YKLDVVPIDKNNNNRSNNS------------------------------------------NTSYRLI---NCNTSTI-T---QA, 0.3281, 0
0.364004, -93.7630, [74], CHUNK, ['I'], VKLTPLCVTLNCTNVTNNITD-------------------------------------DMRGEMKN----CSFNI-T-TE--LRD-KK-QKV-YALF-YKLDVVPIDKNNNNRSNNS------------------------------------------NTSYRLI---NCNTSTI-T---QA, 0.3015, 0
0.355949, -122.9616, 58, POINT, T, VKLTPLCVTLNCTNVTNNITD-------------------------------------TMRGEMKN----CSFNM-T-TE--LRD-KK-QKV-YALF-YKLDVVPIDKNNNNRSNNS------------------------------------------NTSYRLI---NCNTSTI-T---QA, 0.0932, 0
0.361620, -124.1807, [59, 60, 63], CHUNK, ['E', 'K', 'I'], VKLTPLCVTLNCTNVTNNITD-------------------------------------DEKGEIKN----CSFNM-T-TE--LRD-KK-QKV-YALF-YKLDVVPIDKNNNNRSNNS------------------------------------------NTSYRLI---NCNTSTI-T---QA, 0.1035, 0
0.356195, -128.0450, 107, POINT, N, VKLTPLCVTLNCTNVTNNITD-------------------------------------DMRGELKN----CSFNM-T-TE--LRD-KK-QKV-YALF-YKLDVVPIDNNNNNRSNNS------------------------------------------NTSYRLI---NCNTSTI-T---QA, 0.0932, 1
0.362745, -104.7572, [169, 174], CHUNK, ['S', 'V'], VKLTPLCVTLNCTNVTNNITD-------------------------------------DMRGELKN----CSFNM-T-TE--LRD-KK-QKV-YALF-YKLDVVPIDNNNNNRSNNS------------------------------------------NTSYRLI---SCNTSVI-T---QA, 0.5126, 0
0.362253, -126.6616, [91], CHUNK, ['E'], VKLTPLCVTLNCTNVTNNITD-------------------------------------DMRGELKN----CSFNM-T-TE--LRD-KK-QKE-YALF-YKLDVVPIDNNNNNRSNNS------------------------------------------NTSYRLI---NCNTSTI-T---QA, 0.0783, 0
0.363466, -126.2454, [63], CHUNK, ['I'], VKLTPLCVTLNCTNVTNNITD-------------------------------------DMRGEIKN----CSFNM-T-TE--LRD-KK-QKV-YALF-YKLDVVPIDNNNNNRSNNS------------------------------------------NTSYRLI---NCNTSTI-T---QA, 0.0932, 0
0.364582, -119.1392, [58, 60, 63], CHUNK, ['E', 'I', 'I'], VKLTPLCVTLNCTNVTNNITD-------------------------------------EMIGEIKN----CSFNM-T-TE--LRD-KK-QKV-YALF-YKLDVVPIDNNNNNRSNNS------------------------------------------NTSYRLI---NCNTSTI-T---QA, 0.0852, 0
0.358536, -125.9570, 63, POINT, I, VKLTPLCVTLNCTNVTNNITD-------------------------------------DMRGEIKN----CSFNM-T-TE--LRD-KK-QKV-YALF-YKLDVVPIDKNNNNRSNNS------------------------------------------NTSYRLI---NCNTSTI-T---QA, 0.0932, 1
0.363466, -126.2454, 107, POINT, N, VKLTPLCVTLNCTNVTNNITD-------------------------------------DMRGEIKN----CSFNM-T-TE--LRD-KK-QKV-YALF-YKLDVVPIDNNNNNRSNNS------------------------------------------NTSYRLI---NCNTSTI-T---QA, 0.0932, 1
0.374859, -80.4036, [74], CHUNK, ['I'], VKLTPLCVTLNCTNVTNNITD-------------------------------------DMRGEIKN----CSFNI-T-TE--LRD-KK-QKV-YALF-YKLDVVPIDNNNNNRSNNS------------------------------------------NTSYRLI---NCNTSTI-T---QA, 0.4777, 0
0.368579, -109.1713, 174, POINT, V, VKLTPLCVTLNCTNVTNNITD-------------------------------------DMRGEIKN----CSFNM-T-TE--LRD-KK-QKV-YALF-YKLDVVPIDNNNNNRSNNS------------------------------------------NTSYRLI---NCNTSVI-T---QA, 0.3194, 0
0.374859, -109.7323, [74], CHUNK, ['I'], VKLTPLCVTLNCTNVTNNITD-------------------------------------DMRGEIKN----CSFNI-T-TE--LRD-KK-QKV-YALF-YKLDVVPIDNNNNNRSNNS------------------------------------------NTSYRLI---NCNTSTI-T---QA, 0.3834, 0
0.365820, -123.4173, 58, POINT, T, VKLTPLCVTLNCTNVTNNITD-------------------------------------TMRGEIKN----CSFNM-T-TE--LRD-KK-QKV-YALF-YKLDVVPIDNNNNNRSNNS------------------------------------------NTSYRLI---NCNTSTI-T---QA, 0.0932, 1
0.368626, -123.8461, 20, POINT, N, VKLTPLCVTLNCTNVTNNITN-------------------------------------TMRGEIKN----CSFNM-T-TE--LRD-KK-QKV-YALF-YKLDVVPIDNNNNNRSNNS------------------------------------------NTSYRLI---NCNTSTI-T---QA, 0.0932, 0
0.377027, -77.8258, [74, 79], CHUNK, ['I', 'N'], VKLTPLCVTLNCTNVTNNITD-------------------------------------TMRGEIKN----CSFNI-T-TN--LRD-KK-QKV-YALF-YKLDVVPIDNNNNNRSNNS------------------------------------------NTSYRLI---NCNTSTI-T---QA, 0.5534, 0
0.368626, -124.1119, 20, POINT, N, VKLTPLCVTLNCTNVTNNITN-------------------------------------TMRGEIKN----CSFNM-T-TE--LRD-KK-QKV-YALF-YKLDVVPIDNNNNNRSNNS------------------------------------------NTSYRLI---NCNTSTI-T---QA, 0.1076, 1
0.380019, -100.3029, [74], CHUNK, ['I'], VKLTPLCVTLNCTNVTNNITN-------------------------------------TMRGEIKN----CSFNI-T-TE--LRD-KK-QKV-YALF-YKLDVVPIDNNNNNRSNNS------------------------------------------NTSYRLI---NCNTSTI-T---QA, 0.6312, 0
0.371768, -122.3453, 18, POINT, N, VKLTPLCVTLNCTNVTNNNTN-------------------------------------TMRGEIKN----CSFNM-T-TE--LRD-KK-QKV-YALF-YKLDVVPIDNNNNNRSNNS------------------------------------------NTSYRLI---NCNTSTI-T---QA, 0.1078, 0
0.373739, -107.2206, [174], CHUNK, ['V'], VKLTPLCVTLNCTNVTNNITN-------------------------------------TMRGEIKN----CSFNM-T-TE--LRD-KK-QKV-YALF-YKLDVVPIDNNNNNRSNNS------------------------------------------NTSYRLI---NCNTSVI-T---QA, 0.2888, 0
0.368916, -120.6125, 20, POINT, T, VKLTPLCVTLNCTNVTNNITT-------------------------------------TMRGEIKN----CSFNM-T-TE--LRD-KK-QKV-YALF-YKLDVVPIDNNNNNRSNNS------------------------------------------NTSYRLI---NCNTSTI-T---QA, 0.1114, 0
0.377027, -101.3372, [74, 79], CHUNK, ['I', 'N'], VKLTPLCVTLNCTNVTNNITD-------------------------------------TMRGEIKN----CSFNI-T-TN--LRD-KK-QKV-YALF-YKLDVVPIDNNNNNRSNNS------------------------------------------NTSYRLI---NCNTSTI-T---QA, 0.3065, 0
0.371878, -121.8883, [91], CHUNK, ['E'], VKLTPLCVTLNCTNVTNNITD-------------------------------------TMRGEIKN----CSFNM-T-TE--LRD-KK-QKE-YALF-YKLDVVPIDNNNNNRSNNS------------------------------------------NTSYRLI---NCNTSTI-T---QA, 0.0932, 1
0.373635, -120.1610, 60, POINT, K, VKLTPLCVTLNCTNVTNNITD-------------------------------------TMKGEIKN----CSFNM-T-TE--LRD-KK-QKE-YALF-YKLDVVPIDNNNNNRSNNS------------------------------------------NTSYRLI---NCNTSTI-T---QA, 0.0839, 0
0.383271, -108.4484, [74], CHUNK, ['I'], VKLTPLCVTLNCTNVTNNITD-------------------------------------TMRGEIKN----CSFNI-T-TE--LRD-KK-QKE-YALF-YKLDVVPIDNNNNNRSNNS------------------------------------------NTSYRLI---NCNTSTI-T---QA, 0.5060, 0
0.383271, -115.1704, [74], CHUNK, ['I'], VKLTPLCVTLNCTNVTNNITD-------------------------------------TMRGEIKN----CSFNI-T-TE--LRD-KK-QKE-YALF-YKLDVVPIDNNNNNRSNNS------------------------------------------NTSYRLI---NCNTSTI-T---QA, 0.2166, 0
0.383271, -109.0428, [74], CHUNK, ['I'], VKLTPLCVTLNCTNVTNNITD-------------------------------------TMRGEIKN----CSFNI-T-TE--LRD-KK-QKE-YALF-YKLDVVPIDNNNNNRSNNS------------------------------------------NTSYRLI---NCNTSTI-T---QA, 0.2959, 0
0.377213, -102.7939, [74], CHUNK, ['I'], VKLTPLCVTLNCTNVTNNITD-------------------------------------TMRGEIKN----CSFNI-T-TE--LRD-KK-QKV-YALF-YKLDVVPIDNNNNNRSNNS------------------------------------------NTSYRLI---NCNTSTI-T---QA, 0.2246, 0
0.382842, 28.1882, [74, 79, 82], CHUNK, ['I', 'N', 'I'], VKLTPLCVTLNCTNVTNNITD-------------------------------------TMRGEIKN----CSFNI-T-TN--IRD-KK-QKV-YALF-YKLDVVPIDNNNNNRSNNS------------------------------------------NTSYRLI---NCNTSTI-T---QA, 0.2057, 0
0.377213, -75.4502, 74, POINT, I, VKLTPLCVTLNCTNVTNNITD-------------------------------------TMRGEIKN----CSFNI-T-TE--LRD-KK-QKV-YALF-YKLDVVPIDNNNNNRSNNS------------------------------------------NTSYRLI---NCNTSTI-T---QA, 0.3106, 0
0.377213, -100.3909, 74, POINT, I, VKLTPLCVTLNCTNVTNNITD-------------------------------------TMRGEIKN----CSFNI-T-TE--LRD-KK-QKV-YALF-YKLDVVPIDNNNNNRSNNS------------------------------------------NTSYRLI---NCNTSTI-T---QA, 0.5142, 0
0.368618, -123.9800, [87, 89, 91], CHUNK, ['V', 'K', 'E'], VKLTPLCVTLNCTNVTNNITD-------------------------------------DMRGEIKN----CSFNM-T-TE--LRD-KV-KKE-YALF-YKLDVVPIDNNNNNRSNNS------------------------------------------NTSYRLI---NCNTSTI-T---QA, 0.0932, 0
0.369524, -124.7164, 91, POINT, E, VKLTPLCVTLNCTNVTNNITD-------------------------------------DMRGEIKN----CSFNM-T-TE--LRD-KK-QKE-YALF-YKLDVVPIDNNNNNRSNNS------------------------------------------NTSYRLI---NCNTSTI-T---QA, 0.0932, 1
0.380916, -115.1594, 74, POINT, I, VKLTPLCVTLNCTNVTNNITD-------------------------------------DMRGEIKN----CSFNI-T-TE--LRD-KK-QKE-YALF-YKLDVVPIDNNNNNRSNNS------------------------------------------NTSYRLI---NCNTSTI-T---QA, 0.1367, 0
0.371192, -123.7767, 58, POINT, S, VKLTPLCVTLNCTNVTNNITD-------------------------------------SMRGEIKN----CSFNM-T-TE--LRD-KK-QKE-YALF-YKLDVVPIDNNNNNRSNNS------------------------------------------NTSYRLI---NCNTSTI-T---QA, 0.0932, 0
0.371934, -123.7167, 59, POINT, T, VKLTPLCVTLNCTNVTNNITD-------------------------------------DTRGEIKN----CSFNM-T-TE--LRD-KK-QKE-YALF-YKLDVVPIDNNNNNRSNNS------------------------------------------NTSYRLI---NCNTSTI-T---QA, 0.0932, 0
0.374637, -107.4191, [174], CHUNK, ['V'], VKLTPLCVTLNCTNVTNNITD-------------------------------------DMRGEIKN----CSFNM-T-TE--LRD-KK-QKE-YALF-YKLDVVPIDNNNNNRSNNS------------------------------------------NTSYRLI---NCNTSVI-T---QA, 0.3559, 0
0.368110, -113.2552, 74, POINT, V, VKLTPLCVTLNCTNVTNNITD-------------------------------------DMRGEIKN----CSFNV-T-TE--LRD-KK-QKV-YALF-YKLDVVPIDNNNNNRSNNS------------------------------------------NTSYRLI---NCNTSTI-T---QA, 0.2383, 0
0.369805, -124.1911, [87, 91], CHUNK, ['V', 'E'], VKLTPLCVTLNCTNVTNNITD-------------------------------------DMRGEIKN----CSFNM-T-TE--LRD-KV-QKE-YALF-YKLDVVPIDNNNNNRSNNS------------------------------------------NTSYRLI---NCNTSTI-T---QA, 0.0932, 1
0.372159, -121.3646, 58, POINT, T, VKLTPLCVTLNCTNVTNNITD-------------------------------------TMRGEIKN----CSFNM-T-TE--LRD-KV-QKE-YALF-YKLDVVPIDNNNNNRSNNS------------------------------------------NTSYRLI---NCNTSTI-T---QA, 0.0957, 0
0.374918, -106.8759, [174], CHUNK, ['V'], VKLTPLCVTLNCTNVTNNITD-------------------------------------DMRGEIKN----CSFNM-T-TE--LRD-KV-QKE-YALF-YKLDVVPIDNNNNNRSNNS------------------------------------------NTSYRLI---NCNTSVI-T---QA, 0.3047, 0
0.372987, -5.5307, 82, POINT, I, VKLTPLCVTLNCTNVTNNITD-------------------------------------DMRGEIKN----CSFNM-T-TE--IRD-KV-QKE-YALF-YKLDVVPIDNNNNNRSNNS------------------------------------------NTSYRLI---NCNTSTI-T---QA, 0.3228, 0
0.381250, -113.9594, [74], CHUNK, ['I'], VKLTPLCVTLNCTNVTNNITD-------------------------------------DMRGEIKN----CSFNI-T-TE--LRD-KV-QKE-YALF-YKLDVVPIDNNNNNRSNNS------------------------------------------NTSYRLI---NCNTSTI-T---QA, 0.1979, 0
0.369524, -124.7164, [91], CHUNK, ['E'], VKLTPLCVTLNCTNVTNNITD-------------------------------------DMRGEIKN----CSFNM-T-TE--LRD-KK-QKE-YALF-YKLDVVPIDNNNNNRSNNS------------------------------------------NTSYRLI---NCNTSTI-T---QA, 0.0932, 1
0.370435, -125.1353, 59, POINT, E, VKLTPLCVTLNCTNVTNNITD-------------------------------------DERGEIKN----CSFNM-T-TE--LRD-KK-QKE-YALF-YKLDVVPIDNNNNNRSNNS------------------------------------------NTSYRLI---NCNTSTI-T---QA, 0.0944, 0
0.380916, -101.3211, [74], CHUNK, ['I'], VKLTPLCVTLNCTNVTNNITD-------------------------------------DMRGEIKN----CSFNI-T-TE--LRD-KK-QKE-YALF-YKLDVVPIDNNNNNRSNNS------------------------------------------NTSYRLI---NCNTSTI-T---QA, 0.2183, 0
0.371688, -122.3760, 18, POINT, N, VKLTPLCVTLNCTNVTNNNTD-------------------------------------DMRGEIKN----CSFNM-T-TE--LRD-KK-QKE-YALF-YKLDVVPIDNNNNNRSNNS------------------------------------------NTSYRLI---NCNTSTI-T---QA, 0.0932, 1
0.383039, -113.4526, [74, 79], CHUNK, ['I', 'N'], VKLTPLCVTLNCTNVTNNNTD-------------------------------------DMRGEIKN----CSFNI-T-TN--LRD-KK-QKE-YALF-YKLDVVPIDNNNNNRSNNS------------------------------------------NTSYRLI---NCNTSTI-T---QA, 0.1298, 0
0.383080, -113.4632, [74], CHUNK, ['I'], VKLTPLCVTLNCTNVTNNNTD-------------------------------------DMRGEIKN----CSFNI-T-TE--LRD-KK-QKE-YALF-YKLDVVPIDNNNNNRSNNS------------------------------------------NTSYRLI---NCNTSTI-T---QA, 0.1926, 0
0.372777, -123.0483, 59, POINT, E, VKLTPLCVTLNCTNVTNNNTD-------------------------------------DERGEIKN----CSFNM-T-TE--LRD-KK-QKE-YALF-YKLDVVPIDNNNNNRSNNS------------------------------------------NTSYRLI---NCNTSTI-T---QA, 0.1025, 0
0.375820, -116.7795, [74, 79], CHUNK, ['V', 'N'], VKLTPLCVTLNCTNVTNNNTD-------------------------------------DMRGEIKN----CSFNV-T-TN--LRD-KK-QKE-YALF-YKLDVVPIDNNNNNRSNNS------------------------------------------NTSYRLI---NCNTSTI-T---QA, 0.1526, 0
0.374637, -104.0039, [174], CHUNK, ['V'], VKLTPLCVTLNCTNVTNNITD-------------------------------------DMRGEIKN----CSFNM-T-TE--LRD-KK-QKE-YALF-YKLDVVPIDNNNNNRSNNS------------------------------------------NTSYRLI---NCNTSVI-T---QA, 0.3335, 0
0.371686, -59.5381, 82, POINT, I, VKLTPLCVTLNCTNVTNNITD-------------------------------------DMRGEIKN----CSFNM-T-TE--IRD-KK-QKE-YALF-YKLDVVPIDNNNNNRSNNS------------------------------------------NTSYRLI---NCNTSTI-T---QA, 0.3066, 0
0.374637, -103.7155, 174, POINT, V, VKLTPLCVTLNCTNVTNNITD-------------------------------------DMRGEIKN----CSFNM-T-TE--LRD-KK-QKE-YALF-YKLDVVPIDNNNNNRSNNS------------------------------------------NTSYRLI---NCNTSVI-T---QA, 0.2567, 1
0.386030, -101.3087, [74], CHUNK, ['I'], VKLTPLCVTLNCTNVTNNITD-------------------------------------DMRGEIKN----CSFNI-T-TE--LRD-KK-QKE-YALF-YKLDVVPIDNNNNNRSNNS------------------------------------------NTSYRLI---NCNTSVI-T---QA, 0.5322, 0
0.377406, -41.9424, [79, 82], CHUNK, ['N', 'I'], VKLTPLCVTLNCTNVTNNITD-------------------------------------DMRGEIKN----CSFNM-T-TN--IRD-KK-QKE-YALF-YKLDVVPIDNNNNNRSNNS------------------------------------------NTSYRLI---NCNTSVI-T---QA, 0.5638, 0
0.377129, -97.2955, [74, 79], CHUNK, ['V', 'S'], VKLTPLCVTLNCTNVTNNITD-------------------------------------DMRGEIKN----CSFNV-T-TS--LRD-KK-QKE-YALF-YKLDVVPIDNNNNNRSNNS------------------------------------------NTSYRLI---NCNTSVI-T---QA, 0.5694, 0
0.377002, -110.9816, 18, POINT, T, VKLTPLCVTLNCTNVTNNTTD-------------------------------------DMRGEIKN----CSFNM-T-TE--LRD-KK-QKE-YALF-YKLDVVPIDNNNNNRSNNS------------------------------------------NTSYRLI---NCNTSVI-T---QA, 0.5930, 0
0.370435, -124.9233, 59, POINT, E, VKLTPLCVTLNCTNVTNNITD-------------------------------------DERGEIKN----CSFNM-T-TE--LRD-KK-QKE-YALF-YKLDVVPIDNNNNNRSNNS------------------------------------------NTSYRLI---NCNTSTI-T---QA, 0.0932, 1
0.375548, -114.6070, [174], CHUNK, ['V'], VKLTPLCVTLNCTNVTNNITD-------------------------------------DERGEIKN----CSFNM-T-TE--LRD-KK-QKE-YALF-YKLDVVPIDNNNNNRSNNS------------------------------------------NTSYRLI---NCNTSVI-T---QA, 0.3170, 0
0.381828, -106.6693, [74], CHUNK, ['I'], VKLTPLCVTLNCTNVTNNITD-------------------------------------DERGEIKN----CSFNI-T-TE--LRD-KK-QKE-YALF-YKLDVVPIDNNNNNRSNNS------------------------------------------NTSYRLI---NCNTSTI-T---QA, 0.2514, 1
0.385617, 14.3829, [82], CHUNK, ['I'], VKLTPLCVTLNCTNVTNNITD-------------------------------------DERGEIKN----CSFNI-T-TE--IRD-KK-QKE-YALF-YKLDVVPIDNNNNNRSNNS------------------------------------------NTSYRLI---NCNTSTI-T---QA, 0.2288, 0
0.388378, -103.6226, [169, 174], CHUNK, ['S', 'V'], VKLTPLCVTLNCTNVTNNITD-------------------------------------DERGEIKN----CSFNI-T-TE--LRD-KK-QKE-YALF-YKLDVVPIDNNNNNRSNNS------------------------------------------NTSYRLI---SCNTSVI-T---QA, 0.5685, 0
0.386941, -101.6751, [174], CHUNK, ['V'], VKLTPLCVTLNCTNVTNNITD-------------------------------------DERGEIKN----CSFNI-T-TE--LRD-KK-QKE-YALF-YKLDVVPIDNNNNNRSNNS------------------------------------------NTSYRLI---NCNTSVI-T---QA, 0.9172, 0
0.386941, -96.0062, [174], CHUNK, ['V'], VKLTPLCVTLNCTNVTNNITD-------------------------------------DERGEIKN----CSFNI-T-TE--LRD-KK-QKE-YALF-YKLDVVPIDNNNNNRSNNS------------------------------------------NTSYRLI---NCNTSVI-T---QA, 0.4446, 0
0.380207, -117.0764, [74, 79], CHUNK, ['I', 'S'], VKLTPLCVTLNCTNVTNNITD-------------------------------------DERGEIKN----CSFNI-T-TS--LRD-KK-QKE-YALF-YKLDVVPIDNNNNNRSNNS------------------------------------------NTSYRLI---NCNTSTI-T---QA, 0.1888, 0
0.375079, -117.5431, 74, POINT, V, VKLTPLCVTLNCTNVTNNITD-------------------------------------DERGEIKN----CSFNV-T-TE--LRD-KK-QKE-YALF-YKLDVVPIDNNNNNRSNNS------------------------------------------NTSYRLI---NCNTSTI-T---QA, 0.2560, 0
0.372947, -122.1723, 58, POINT, T, VKLTPLCVTLNCTNVTNNITD-------------------------------------TERGEIKN----CSFNM-T-TE--LRD-KK-QKE-YALF-YKLDVVPIDNNNNNRSNNS------------------------------------------NTSYRLI---NCNTSTI-T---QA, 0.0876, 1
0.384340, -114.7487, [74], CHUNK, ['I'], VKLTPLCVTLNCTNVTNNITD-------------------------------------TERGEIKN----CSFNI-T-TE--LRD-KK-QKE-YALF-YKLDVVPIDNNNNNRSNNS------------------------------------------NTSYRLI---NCNTSTI-T---QA, 0.0801, 0
0.375110, -0.7332, 82, POINT, I, VKLTPLCVTLNCTNVTNNITD-------------------------------------TERGEIKN----CSFNM-T-TE--IRD-KK-QKE-YALF-YKLDVVPIDNNNNNRSNNS------------------------------------------NTSYRLI---NCNTSTI-T---QA, 0.2182, 0
0.375173, -122.1192, 60, POINT, N, VKLTPLCVTLNCTNVTNNITD-------------------------------------TENGEIKN----CSFNM-T-TE--LRD-KK-QKE-YALF-YKLDVVPIDNNNNNRSNNS------------------------------------------NTSYRLI---NCNTSTI-T---QA, 0.0876, 0
0.384340, -116.3203, [74], CHUNK, ['I'], VKLTPLCVTLNCTNVTNNITD-------------------------------------TERGEIKN----CSFNI-T-TE--LRD-KK-QKE-YALF-YKLDVVPIDNNNNNRSNNS------------------------------------------NTSYRLI---NCNTSTI-T---QA, 0.0957, 0
0.372817, -125.3633, 20, POINT, N, VKLTPLCVTLNCTNVTNNITN-------------------------------------DERGEIKN----CSFNM-T-TE--LRD-KK-QKE-YALF-YKLDVVPIDNNNNNRSNNS------------------------------------------NTSYRLI---NCNTSTI-T---QA, 0.0932, 0
0.372947, -122.0968, 58, POINT, T, VKLTPLCVTLNCTNVTNNITD-------------------------------------TERGEIKN----CSFNM-T-TE--LRD-KK-QKE-YALF-YKLDVVPIDNNNNNRSNNS------------------------------------------NTSYRLI---NCNTSTI-T---QA, 0.0932, 0
0.375548, -108.4442, [174], CHUNK, ['V'], VKLTPLCVTLNCTNVTNNITD-------------------------------------DERGEIKN----CSFNM-T-TE--LRD-KK-QKE-YALF-YKLDVVPIDNNNNNRSNNS------------------------------------------NTSYRLI---NCNTSVI-T---QA, 0.2235, 0
0.380207, -111.6215, [74, 79], CHUNK, ['I', 'S'], VKLTPLCVTLNCTNVTNNITD-------------------------------------DERGEIKN----CSFNI-T-TS--LRD-KK-QKE-YALF-YKLDVVPIDNNNNNRSNNS------------------------------------------NTSYRLI---NCNTSTI-T---QA, 0.2445, 0
0.369805, -124.1911, 87, POINT, V, VKLTPLCVTLNCTNVTNNITD-------------------------------------DMRGEIKN----CSFNM-T-TE--LRD-KV-QKE-YALF-YKLDVVPIDNNNNNRSNNS------------------------------------------NTSYRLI---NCNTSTI-T---QA, 0.0932, 0
0.380875, -112.7868, [74, 79], CHUNK, ['I', 'N'], VKLTPLCVTLNCTNVTNNITD-------------------------------------DMRGEIKN----CSFNI-T-TN--LRD-KK-QKE-YALF-YKLDVVPIDNNNNNRSNNS------------------------------------------NTSYRLI---NCNTSTI-T---QA, 0.3565, 0
0.371889, -123.1674, 18, POINT, T, VKLTPLCVTLNCTNVTNNTTD-------------------------------------DMRGEIKN----CSFNM-T-TE--LRD-KK-QKE-YALF-YKLDVVPIDNNNNNRSNNS------------------------------------------NTSYRLI---NCNTSTI-T---QA, 0.0932, 0
0.380916, -117.6048, [74], CHUNK, ['I'], VKLTPLCVTLNCTNVTNNITD-------------------------------------DMRGEIKN----CSFNI-T-TE--LRD-KK-QKE-YALF-YKLDVVPIDNNNNNRSNNS------------------------------------------NTSYRLI---NCNTSTI-T---QA, 0.2382, 0
0.365248, -124.0642, 60, POINT, K, VKLTPLCVTLNCTNVTNNITD-------------------------------------DMKGEIKN----CSFNM-T-TE--LRD-KK-QKV-YALF-YKLDVVPIDNNNNNRSNNS------------------------------------------NTSYRLI---NCNTSTI-T---QA, 0.0932, 0
0.370073, -2.3770, [74, 82], CHUNK, ['T', 'I'], VKLTPLCVTLNCTNVTNNITD-------------------------------------DMRGEIKN----CSFNT-T-TE--IRD-KK-QKV-YALF-YKLDVVPIDNNNNNRSNNS------------------------------------------NTSYRLI---NCNTSTI-T---QA, 0.1574, 0
0.374859, -87.9743, [74], CHUNK, ['I'], VKLTPLCVTLNCTNVTNNITD-------------------------------------DMRGEIKN----CSFNI-T-TE--LRD-KK-QKV-YALF-YKLDVVPIDNNNNNRSNNS------------------------------------------NTSYRLI---NCNTSTI-T---QA, 0.5395, 0
0.368331, -80.6193, [74, 79], CHUNK, ['I', 'A'], VKLTPLCVTLNCTNVTNNITD-------------------------------------DMRGEIKN----CSFNI-T-TA--LRD-KK-QKV-YALF-YKLDVVPIDNNNNNRSNNS------------------------------------------NTSYRLI---NCNTSTI-T---QA, 0.3131, 0
0.360319, -123.7783, 60, POINT, K, VKLTPLCVTLNCTNVTNNITD-------------------------------------DMKGEIKN----CSFNM-T-TE--LRD-KK-QKV-YALF-YKLDVVPIDKNNNNRSNNS------------------------------------------NTSYRLI---NCNTSTI-T---QA, 0.1049, 1
0.366869, -102.0314, [169, 174], CHUNK, ['S', 'V'], VKLTPLCVTLNCTNVTNNITD-------------------------------------DMKGEIKN----CSFNM-T-TE--LRD-KK-QKV-YALF-YKLDVVPIDKNNNNRSNNS------------------------------------------NTSYRLI---SCNTSVI-T---QA, 0.3477, 0
0.371711, -75.8362, [74], CHUNK, ['I'], VKLTPLCVTLNCTNVTNNITD-------------------------------------DMKGEIKN----CSFNI-T-TE--LRD-KK-QKV-YALF-YKLDVVPIDKNNNNRSNNS------------------------------------------NTSYRLI---NCNTSTI-T---QA, 0.3596, 0
0.365432, -109.5303, 174, POINT, V, VKLTPLCVTLNCTNVTNNITD-------------------------------------DMKGEIKN----CSFNM-T-TE--LRD-KK-QKV-YALF-YKLDVVPIDKNNNNRSNNS------------------------------------------NTSYRLI---NCNTSVI-T---QA, 0.3920, 0
0.362771, -122.2466, 18, POINT, T, VKLTPLCVTLNCTNVTNNTTD-------------------------------------DMKGEIKN----CSFNM-T-TE--LRD-KK-QKV-YALF-YKLDVVPIDKNNNNRSNNS------------------------------------------NTSYRLI---NCNTSTI-T---QA, 0.1049, 1
0.368829, -120.8691, [91], CHUNK, ['E'], VKLTPLCVTLNCTNVTNNTTD-------------------------------------DMKGEIKN----CSFNM-T-TE--LRD-KK-QKE-YALF-YKLDVVPIDKNNNNRSNNS------------------------------------------NTSYRLI---NCNTSTI-T---QA, 0.1009, 1
0.371835, -121.3812, 20, POINT, N, VKLTPLCVTLNCTNVTNNTTN-------------------------------------DMKGEIKN----CSFNM-T-TE--LRD-KK-QKE-YALF-YKLDVVPIDKNNNNRSNNS------------------------------------------NTSYRLI---NCNTSTI-T---QA, 0.0985, 1
0.373998, -34.9174, 82, POINT, I, VKLTPLCVTLNCTNVTNNTTN-------------------------------------DMKGEIKN----CSFNM-T-TE--IRD-KK-QKE-YALF-YKLDVVPIDKNNNNRSNNS------------------------------------------NTSYRLI---NCNTSTI-T---QA, 0.2635, 0
0.383228, -112.7654, 74, POINT, I, VKLTPLCVTLNCTNVTNNTTN-------------------------------------DMKGEIKN----CSFNI-T-TE--LRD-KK-QKE-YALF-YKLDVVPIDKNNNNRSNNS------------------------------------------NTSYRLI---NCNTSTI-T---QA, 0.2077, 1
0.383846, -113.4030, 107, POINT, D, VKLTPLCVTLNCTNVTNNTTN-------------------------------------DMKGEIKN----CSFNI-T-TE--LRD-KK-QKE-YALF-YKLDVVPIDDNNNNRSNNS------------------------------------------NTSYRLI---NCNTSTI-T---QA, 0.2006, 0
0.383562, -112.4405, [87], CHUNK, ['V'], VKLTPLCVTLNCTNVTNNTTN-------------------------------------DMKGEIKN----CSFNI-T-TE--LRD-KV-QKE-YALF-YKLDVVPIDKNNNNRSNNS------------------------------------------NTSYRLI---NCNTSTI-T---QA, 0.2076, 0
0.388341, -94.1922, [174], CHUNK, ['V'], VKLTPLCVTLNCTNVTNNTTN-------------------------------------DMKGEIKN----CSFNI-T-TE--LRD-KK-QKE-YALF-YKLDVVPIDKNNNNRSNNS------------------------------------------NTSYRLI---NCNTSVI-T---QA, 0.4071, 0
0.388341, -95.9278, [174], CHUNK, ['V'], VKLTPLCVTLNCTNVTNNTTN-------------------------------------DMKGEIKN----CSFNI-T-TE--LRD-KK-QKE-YALF-YKLDVVPIDKNNNNRSNNS------------------------------------------NTSYRLI---NCNTSVI-T---QA, 0.2834, 0
0.372879, -121.2892, 59, POINT, I, VKLTPLCVTLNCTNVTNNTTN-------------------------------------DIKGEIKN----CSFNM-T-TE--LRD-KK-QKE-YALF-YKLDVVPIDKNNNNRSNNS------------------------------------------NTSYRLI---NCNTSTI-T---QA, 0.0981, 1
0.379430, -101.3928, [169, 174], CHUNK, ['S', 'V'], VKLTPLCVTLNCTNVTNNTTN-------------------------------------DIKGEIKN----CSFNM-T-TE--LRD-KK-QKE-YALF-YKLDVVPIDKNNNNRSNNS------------------------------------------NTSYRLI---SCNTSVI-T---QA, 0.2083, 0
0.382781, -1.9293, [74, 79, 82], CHUNK, ['I', 'D', 'I'], VKLTPLCVTLNCTNVTNNTTN-------------------------------------DIKGEIKN----CSFNI-T-TD--IRD-KK-QKE-YALF-YKLDVVPIDKNNNNRSNNS------------------------------------------NTSYRLI---NCNTSTI-T---QA, 0.4054, 0
0.384272, -109.6335, [74], CHUNK, ['I'], VKLTPLCVTLNCTNVTNNTTN-------------------------------------DIKGEIKN----CSFNI-T-TE--LRD-KK-QKE-YALF-YKLDVVPIDKNNNNRSNNS------------------------------------------NTSYRLI---NCNTSTI-T---QA, 0.2346, 0
0.377809, -121.5586, 107, POINT, N, VKLTPLCVTLNCTNVTNNTTN-------------------------------------DIKGEIKN----CSFNM-T-TE--LRD-KK-QKE-YALF-YKLDVVPIDNNNNNRSNNS------------------------------------------NTSYRLI---NCNTSTI-T---QA, 0.0981, 1
0.389202, -113.7535, [74], CHUNK, ['I'], VKLTPLCVTLNCTNVTNNTTN-------------------------------------DIKGEIKN----CSFNI-T-TE--LRD-KK-QKE-YALF-YKLDVVPIDNNNNNRSNNS------------------------------------------NTSYRLI---NCNTSTI-T---QA, 0.1495, 0
0.382923, -107.1554, [174], CHUNK, ['V'], VKLTPLCVTLNCTNVTNNTTN-------------------------------------DIKGEIKN----CSFNM-T-TE--LRD-KK-QKE-YALF-YKLDVVPIDNNNNNRSNNS------------------------------------------NTSYRLI---NCNTSVI-T---QA, 0.3175, 0
0.381882, -118.6416, 74, POINT, T, VKLTPLCVTLNCTNVTNNTTN-------------------------------------DIKGEIKN----CSFNT-T-TE--LRD-KK-QKE-YALF-YKLDVVPIDNNNNNRSNNS------------------------------------------NTSYRLI---NCNTSTI-T---QA, 0.1415, 0
0.389202, -109.1570, [74], CHUNK, ['I'], VKLTPLCVTLNCTNVTNNTTN-------------------------------------DIKGEIKN----CSFNI-T-TE--LRD-KK-QKE-YALF-YKLDVVPIDNNNNNRSNNS------------------------------------------NTSYRLI---NCNTSTI-T---QA, 0.2416, 0
0.375907, -121.0217, 59, POINT, T, VKLTPLCVTLNCTNVTNNTTN-------------------------------------DTKGEIKN----CSFNM-T-TE--LRD-KK-QKE-YALF-YKLDVVPIDKNNNNRSNNS------------------------------------------NTSYRLI---NCNTSTI-T---QA, 0.0981, 0
0.384272, -113.4526, [74], CHUNK, ['I'], VKLTPLCVTLNCTNVTNNTTN-------------------------------------DIKGEIKN----CSFNI-T-TE--LRD-KK-QKE-YALF-YKLDVVPIDKNNNNRSNNS------------------------------------------NTSYRLI---NCNTSTI-T---QA, 0.1955, 0
0.390545, -9.2726, [74, 79, 82], CHUNK, ['I', 'N', 'I'], VKLTPLCVTLNCTNVTNNTTN-------------------------------------DIKGEIKN----CSFNI-T-TN--IRD-KK-QKE-YALF-YKLDVVPIDKNNNNRSNNS------------------------------------------NTSYRLI---NCNTSTI-T---QA, 0.3046, 0
0.384272, -114.7713, [74], CHUNK, ['I'], VKLTPLCVTLNCTNVTNNTTN-------------------------------------DIKGEIKN----CSFNI-T-TE--LRD-KK-QKE-YALF-YKLDVVPIDKNNNNRSNNS------------------------------------------NTSYRLI---NCNTSTI-T---QA, 0.1041, 0
0.383228, -101.8838, [74], CHUNK, ['I'], VKLTPLCVTLNCTNVTNNTTN-------------------------------------DMKGEIKN----CSFNI-T-TE--LRD-KK-QKE-YALF-YKLDVVPIDKNNNNRSNNS------------------------------------------NTSYRLI---NCNTSTI-T---QA, 0.3125, 0
0.378385, -97.2220, [169, 174], CHUNK, ['S', 'V'], VKLTPLCVTLNCTNVTNNTTN-------------------------------------DMKGEIKN----CSFNM-T-TE--LRD-KK-QKE-YALF-YKLDVVPIDKNNNNRSNNS------------------------------------------NTSYRLI---SCNTSVI-T---QA, 0.2805, 0
0.373998, -57.7892, 82, POINT, I, VKLTPLCVTLNCTNVTNNTTN-------------------------------------DMKGEIKN----CSFNM-T-TE--IRD-KK-QKE-YALF-YKLDVVPIDKNNNNRSNNS------------------------------------------NTSYRLI---NCNTSTI-T---QA, 0.4153, 0
0.377108, -21.9868, [79, 82, 87], CHUNK, ['N', 'I', 'V'], VKLTPLCVTLNCTNVTNNTTN-------------------------------------DMKGEIKN----CSFNM-T-TN--IRD-KV-QKE-YALF-YKLDVVPIDKNNNNRSNNS------------------------------------------NTSYRLI---NCNTSTI-T---QA, 0.3837, 0
0.369110, -120.3408, 87, POINT, V, VKLTPLCVTLNCTNVTNNTTD-------------------------------------DMKGEIKN----CSFNM-T-TE--LRD-KV-QKE-YALF-YKLDVVPIDKNNNNRSNNS------------------------------------------NTSYRLI---NCNTSTI-T---QA, 0.1009, 0
0.380221, -112.5080, [74], CHUNK, ['I'], VKLTPLCVTLNCTNVTNNTTD-------------------------------------DMKGEIKN----CSFNI-T-TE--LRD-KK-QKE-YALF-YKLDVVPIDKNNNNRSNNS------------------------------------------NTSYRLI---NCNTSTI-T---QA, 0.1440, 0
0.370991, 1.4539, 82, POINT, I, VKLTPLCVTLNCTNVTNNTTD-------------------------------------DMKGEIKN----CSFNM-T-TE--IRD-KK-QKE-YALF-YKLDVVPIDKNNNNRSNNS------------------------------------------NTSYRLI---NCNTSTI-T---QA, 0.0956, 0
0.380221, -110.0379, 74, POINT, I, VKLTPLCVTLNCTNVTNNTTD-------------------------------------DMKGEIKN----CSFNI-T-TE--LRD-KK-QKE-YALF-YKLDVVPIDKNNNNRSNNS------------------------------------------NTSYRLI---NCNTSTI-T---QA, 0.2138, 0
0.374164, -77.9577, [74], CHUNK, ['I'], VKLTPLCVTLNCTNVTNNTTD-------------------------------------DMKGEIKN----CSFNI-T-TE--LRD-KK-QKV-YALF-YKLDVVPIDKNNNNRSNNS------------------------------------------NTSYRLI---NCNTSTI-T---QA, 0.6853, 0
0.367923, -119.9674, [87, 89, 91], CHUNK, ['V', 'K', 'E'], VKLTPLCVTLNCTNVTNNTTD-------------------------------------DMKGEIKN----CSFNM-T-TE--LRD-KV-KKE-YALF-YKLDVVPIDKNNNNRSNNS------------------------------------------NTSYRLI---NCNTSTI-T---QA, 0.1049, 0
0.374164, -68.3153, [74], CHUNK, ['I'], VKLTPLCVTLNCTNVTNNTTD-------------------------------------DMKGEIKN----CSFNI-T-TE--LRD-KK-QKV-YALF-YKLDVVPIDKNNNNRSNNS------------------------------------------NTSYRLI---NCNTSTI-T---QA, 0.4883, 0
0.364443, -12.3625, 82, POINT, I, VKLTPLCVTLNCTNVTNNTTD-------------------------------------DMKGEIKN----CSFNM-T-TE--IRD-KK-QKV-YALF-YKLDVVPIDKNNNNRSNNS------------------------------------------NTSYRLI---NCNTSTI-T---QA, 0.1538, 0
