Name base = V1V2_200_sq_3_11_ni
Iters = 200
Soft coverage = 1.31203964383
Energy = -130.650970034
Hard Covereage = 0.0368019545157
Num epitopes = 65
Initial seq = VKLTPLCVTLQCTNVTNNITD-------------------------------------DMRGELKN----CSFNM-T-TE--LRD-KK-QKV-YSLF-YRLDVVQINENQGNRSNNS------------------------------------------NKEYRLI---NCNTSAI-T---QA
-------START OF DATA------
1.335314, -130.7638, 107, POINT, N, VKLTPLCVTLQCTNVTNNITD-------------------------------------DMRGELKN----CSFNM-T-TE--LRD-KK-QKV-YSLF-YRLDVVQINNNQGNRSNNS------------------------------------------NKEYRLI---NCNTSAI-T---QA, 0.0000, 1
1.354735, -131.1519, 20, POINT, N, VKLTPLCVTLQCTNVTNNITN-------------------------------------DMRGELKN----CSFNM-T-TE--LRD-KK-QKV-YSLF-YRLDVVQINNNQGNRSNNS------------------------------------------NKEYRLI---NCNTSAI-T---QA, 0.0000, 1
1.368272, -131.1685, 58, POINT, S, VKLTPLCVTLQCTNVTNNITN-------------------------------------SMRGELKN----CSFNM-T-TE--LRD-KK-QKV-YSLF-YRLDVVQINNNQGNRSNNS------------------------------------------NKEYRLI---NCNTSAI-T---QA, 0.0552, 1
1.417428, -131.0883, [10], CHUNK, ['N'], VKLTPLCVTLNCTNVTNNITN-------------------------------------SMRGELKN----CSFNM-T-TE--LRD-KK-QKV-YSLF-YRLDVVQINNNQGNRSNNS------------------------------------------NKEYRLI---NCNTSAI-T---QA, 0.0552, 1
1.442921, -17.9772, [79, 82], CHUNK, ['N', 'I'], VKLTPLCVTLNCTNVTNNITN-------------------------------------SMRGELKN----CSFNM-T-TN--IRD-KK-QKV-YSLF-YRLDVVQINNNQGNRSNNS------------------------------------------NKEYRLI---NCNTSAI-T---QA, 0.1864, 0
1.455279, -130.7313, 109, POINT, N, VKLTPLCVTLNCTNVTNNITN-------------------------------------SMRGELKN----CSFNM-T-TE--LRD-KK-QKV-YSLF-YRLDVVQINNNNGNRSNNS------------------------------------------NKEYRLI---NCNTSAI-T---QA, 0.0552, 1
1.483129, -129.0033, [160, 161, 165], CHUNK, ['T', 'N', 'R'], VKLTPLCVTLNCTNVTNNITN-------------------------------------SMRGELKN----CSFNM-T-TE--LRD-KK-QKV-YSLF-YRLDVVQINNNNGNRSNNS------------------------------------------NTNYRLR---NCNTSAI-T---QA, 0.0552, 1
1.493131, -124.3568, 82, POINT, T, VKLTPLCVTLNCTNVTNNITN-------------------------------------SMRGELKN----CSFNM-T-TE--TRD-KK-QKV-YSLF-YRLDVVQINNNNGNRSNNS------------------------------------------NTNYRLR---NCNTSAI-T---QA, 0.0542, 0
1.514852, -124.6283, [74], CHUNK, ['T'], VKLTPLCVTLNCTNVTNNITN-------------------------------------SMRGELKN----CSFNT-T-TE--LRD-KK-QKV-YSLF-YRLDVVQINNNNGNRSNNS------------------------------------------NTNYRLR---NCNTSAI-T---QA, 0.0552, 1
1.520162, -124.9343, 104, POINT, P, VKLTPLCVTLNCTNVTNNITN-------------------------------------SMRGELKN----CSFNT-T-TE--LRD-KK-QKV-YSLF-YRLDVVPINNNNGNRSNNS------------------------------------------NTNYRLR---NCNTSAI-T---QA, 0.0552, 1
1.526925, -123.3479, 99, POINT, K, VKLTPLCVTLNCTNVTNNITN-------------------------------------SMRGELKN----CSFNT-T-TE--LRD-KK-QKV-YSLF-YKLDVVPINNNNGNRSNNS------------------------------------------NTNYRLR---NCNTSAI-T---QA, 0.0549, 1
1.540127, -122.9896, [89, 91, 94], CHUNK, ['K', 'E', 'A'], VKLTPLCVTLNCTNVTNNITN-------------------------------------SMRGELKN----CSFNT-T-TE--LRD-KK-KKE-YALF-YKLDVVPINNNNGNRSNNS------------------------------------------NTNYRLR---NCNTSAI-T---QA, 0.0549, 0
1.548872, -124.6996, 163, POINT, T, VKLTPLCVTLNCTNVTNNITN-------------------------------------SMRGELKN----CSFNT-T-TE--LRD-KK-QKV-YSLF-YKLDVVPINNNNGNRSNNS------------------------------------------NTNYTLR---NCNTSAI-T---QA, 0.0549, 0
1.552294, -123.1334, 165, POINT, T, VKLTPLCVTLNCTNVTNNITN-------------------------------------SMRGELKN----CSFNT-T-TE--LRD-KK-QKV-YSLF-YKLDVVPINNNNGNRSNNS------------------------------------------NTNYRLT---NCNTSAI-T---QA, 0.0549, 0
1.554365, -12.2779, [79, 82], CHUNK, ['N', 'I'], VKLTPLCVTLNCTNVTNNITN-------------------------------------SMRGELKN----CSFNT-T-TN--IRD-KK-QKV-YSLF-YKLDVVPINNNNGNRSNNS------------------------------------------NTNYRLR---NCNTSAI-T---QA, 0.2117, 0
1.525317, -124.8811, 59, POINT, D, VKLTPLCVTLNCTNVTNNITN-------------------------------------SDRGELKN----CSFNT-T-TE--LRD-KK-QKV-YSLF-YRLDVVPINNNNGNRSNNS------------------------------------------NTNYRLR---NCNTSAI-T---QA, 0.0552, 0
1.532800, -124.1539, 103, POINT, T, VKLTPLCVTLNCTNVTNNITN-------------------------------------SMRGELKN----CSFNT-T-TE--LRD-KK-QKV-YSLF-YRLDVTPINNNNGNRSNNS------------------------------------------NTNYRLR---NCNTSAI-T---QA, 0.0552, 1
1.549158, -125.8999, [165], CHUNK, ['I'], VKLTPLCVTLNCTNVTNNITN-------------------------------------SMRGELKN----CSFNT-T-TE--LRD-KK-QKV-YSLF-YRLDVTPINNNNGNRSNNS------------------------------------------NTNYRLI---NCNTSAI-T---QA, 0.0552, 0
1.539578, -121.4760, 98, POINT, N, VKLTPLCVTLNCTNVTNNITN-------------------------------------SMRGELKN----CSFNT-T-TE--LRD-KK-QKV-YSLF-NRLDVTPINNNNGNRSNNS------------------------------------------NTNYRLR---NCNTSAI-T---QA, 0.0552, 1
1.568248, -91.7804, [59, 60, 61, 62, 63, 64], CHUNK, ['T', 'K', 'D', 'T', 'M', 'R'], VKLTPLCVTLNCTNVTNNITN-------------------------------------STKDTMRN----CSFNT-T-TE--LRD-KK-QKV-YSLF-NRLDVTPINNNNGNRSNNS------------------------------------------NTNYRLR---NCNTSAI-T---QA, 0.0552, 0
1.555936, -123.2220, [165], CHUNK, ['I'], VKLTPLCVTLNCTNVTNNITN-------------------------------------SMRGELKN----CSFNT-T-TE--LRD-KK-QKV-YSLF-NRLDVTPINNNNGNRSNNS------------------------------------------NTNYRLI---NCNTSAI-T---QA, 0.0552, 0
1.555936, -123.2220, [165], CHUNK, ['I'], VKLTPLCVTLNCTNVTNNITN-------------------------------------SMRGELKN----CSFNT-T-TE--LRD-KK-QKV-YSLF-NRLDVTPINNNNGNRSNNS------------------------------------------NTNYRLI---NCNTSAI-T---QA, 0.0552, 0
1.554496, -119.1893, [174], CHUNK, ['T'], VKLTPLCVTLNCTNVTNNITN-------------------------------------SMRGELKN----CSFNT-T-TE--LRD-KK-QKV-YSLF-NRLDVTPINNNNGNRSNNS------------------------------------------NTNYRLR---NCNTSTI-T---QA, 0.0552, 0
1.547718, -121.8672, [174], CHUNK, ['T'], VKLTPLCVTLNCTNVTNNITN-------------------------------------SMRGELKN----CSFNT-T-TE--LRD-KK-QKV-YSLF-YRLDVTPINNNNGNRSNNS------------------------------------------NTNYRLR---NCNTSTI-T---QA, 0.0552, 0
1.560120, -124.2476, 59, POINT, N, VKLTPLCVTLNCTNVTNNITN-------------------------------------SNRGELKN----CSFNT-T-TE--LRD-KK-QKV-YSLF-YRLDVTPINNNNGNRSNNS------------------------------------------NTNYRLR---NCNTSAI-T---QA, 0.0651, 0
1.549158, -125.8999, 165, POINT, I, VKLTPLCVTLNCTNVTNNITN-------------------------------------SMRGELKN----CSFNT-T-TE--LRD-KK-QKV-YSLF-YRLDVTPINNNNGNRSNNS------------------------------------------NTNYRLI---NCNTSAI-T---QA, 0.0552, 1
1.576598, -5.6887, [79, 82], CHUNK, ['N', 'I'], VKLTPLCVTLNCTNVTNNITN-------------------------------------SMRGELKN----CSFNT-T-TN--IRD-KK-QKV-YSLF-YRLDVTPINNNNGNRSNNS------------------------------------------NTNYRLI---NCNTSAI-T---QA, 0.0691, 0
1.554000, -124.3856, 63, POINT, I, VKLTPLCVTLNCTNVTNNITN-------------------------------------SMRGEIKN----CSFNT-T-TE--LRD-KK-QKV-YSLF-YRLDVTPINNNNGNRSNNS------------------------------------------NTNYRLI---NCNTSAI-T---QA, 0.0560, 1
1.561686, -122.7931, [93, 94], CHUNK, ['N', 'A'], VKLTPLCVTLNCTNVTNNITN-------------------------------------SMRGEIKN----CSFNT-T-TE--LRD-KK-QKV-NALF-YRLDVTPINNNNGNRSNNS------------------------------------------NTNYRLI---NCNTSAI-T---QA, 0.0560, 0
1.566865, -123.0782, 18, POINT, S, VKLTPLCVTLNCTNVTNNSTN-------------------------------------SMRGEIKN----CSFNT-T-TE--LRD-KK-QKV-YSLF-YRLDVTPINNNNGNRSNNS------------------------------------------NTNYRLI---NCNTSAI-T---QA, 0.0560, 0
1.562185, -122.6253, 58, POINT, T, VKLTPLCVTLNCTNVTNNITN-------------------------------------TMRGEIKN----CSFNT-T-TE--LRD-KK-QKV-YSLF-YRLDVTPINNNNGNRSNNS------------------------------------------NTNYRLI---NCNTSAI-T---QA, 0.0560, 0
1.568701, -122.0999, [174], CHUNK, ['T'], VKLTPLCVTLNCTNVTNNITN-------------------------------------SMRGEIKN----CSFNT-T-TE--LRD-KK-QKV-YSLF-YRLDVTPINNNNGNRSNNS------------------------------------------NTNYRLI---NCNTSTI-T---QA, 0.0560, 0
1.555459, -124.4756, 99, POINT, K, VKLTPLCVTLNCTNVTNNITN-------------------------------------SMRGELKN----CSFNT-T-TE--LRD-KK-QKV-YSLF-YKLDVTPINNNNGNRSNNS------------------------------------------NTNYRLI---NCNTSAI-T---QA, 0.0576, 0
1.563859, -123.6131, 174, POINT, T, VKLTPLCVTLNCTNVTNNITN-------------------------------------SMRGELKN----CSFNT-T-TE--LRD-KK-QKV-YSLF-YRLDVTPINNNNGNRSNNS------------------------------------------NTNYRLI---NCNTSTI-T---QA, 0.0552, 0
1.555459, -124.4891, 99, POINT, K, VKLTPLCVTLNCTNVTNNITN-------------------------------------SMRGELKN----CSFNT-T-TE--LRD-KK-QKV-YSLF-YKLDVTPINNNNGNRSNNS------------------------------------------NTNYRLI---NCNTSAI-T---QA, 0.0559, 0
1.551346, -125.6056, 89, POINT, E, VKLTPLCVTLNCTNVTNNITN-------------------------------------SMRGELKN----CSFNT-T-TE--LRD-KK-EKV-YSLF-YRLDVTPINNNNGNRSNNS------------------------------------------NTNYRLI---NCNTSAI-T---QA, 0.0552, 0
1.558330, -27.6413, [79, 82, 87], CHUNK, ['N', 'I', 'V'], VKLTPLCVTLNCTNVTNNITN-------------------------------------SMRGELKN----CSFNT-T-TN--IRD-KV-QKV-YSLF-YRLDVTPINNNNGNRSNNS------------------------------------------NTNYRLR---NCNTSAI-T---QA, 0.1970, 0
1.535043, -120.4543, 20, POINT, T, VKLTPLCVTLNCTNVTNNITT-------------------------------------SMRGELKN----CSFNT-T-TE--LRD-KK-QKV-YSLF-YRLDVTPINNNNGNRSNNS------------------------------------------NTNYRLR---NCNTSAI-T---QA, 0.0552, 1
1.551401, -122.2003, 165, POINT, I, VKLTPLCVTLNCTNVTNNITT-------------------------------------SMRGELKN----CSFNT-T-TE--LRD-KK-QKV-YSLF-YRLDVTPINNNNGNRSNNS------------------------------------------NTNYRLI---NCNTSAI-T---QA, 0.0552, 0
1.542822, -118.9810, [94, 99], CHUNK, ['A', 'K'], VKLTPLCVTLNCTNVTNNITT-------------------------------------SMRGELKN----CSFNT-T-TE--LRD-KK-QKV-YALF-YKLDVTPINNNNGNRSNNS------------------------------------------NTNYRLR---NCNTSAI-T---QA, 0.0606, 0
1.561557, -118.0884, 18, POINT, N, VKLTPLCVTLNCTNVTNNNTT-------------------------------------SMRGELKN----CSFNT-T-TE--LRD-KK-QKV-YSLF-YRLDVTPINNNNGNRSNNS------------------------------------------NTNYRLR---NCNTSAI-T---QA, 0.0552, 0
1.538512, -118.7460, 104, POINT, K, VKLTPLCVTLNCTNVTNNITT-------------------------------------SMRGELKN----CSFNT-T-TE--LRD-KK-QKV-YSLF-YRLDVTKINNNNGNRSNNS------------------------------------------NTNYRLR---NCNTSAI-T---QA, 0.0552, 0
1.540280, -88.0542, [74, 79], CHUNK, ['I', 'N'], VKLTPLCVTLNCTNVTNNITN-------------------------------------SMRGELKN----CSFNI-T-TN--LRD-KK-QKV-YSLF-YRLDVTPINNNNGNRSNNS------------------------------------------NTNYRLR---NCNTSAI-T---QA, 0.4258, 0
1.549158, -125.8999, [165], CHUNK, ['I'], VKLTPLCVTLNCTNVTNNITN-------------------------------------SMRGELKN----CSFNT-T-TE--LRD-KK-QKV-YSLF-YRLDVTPINNNNGNRSNNS------------------------------------------NTNYRLI---NCNTSAI-T---QA, 0.0552, 0
1.549158, -126.1582, 165, POINT, I, VKLTPLCVTLNCTNVTNNITN-------------------------------------SMRGELKN----CSFNT-T-TE--LRD-KK-QKV-YSLF-YRLDVTPINNNNGNRSNNS------------------------------------------NTNYRLI---NCNTSAI-T---QA, 0.0551, 1
1.566191, -122.6468, [59, 60, 62, 63], CHUNK, ['T', 'E', 'D', 'M'], VKLTPLCVTLNCTNVTNNITN-------------------------------------STEGDMKN----CSFNT-T-TE--LRD-KK-QKV-YSLF-YRLDVTPINNNNGNRSNNS------------------------------------------NTNYRLI---NCNTSAI-T---QA, 0.0551, 0
1.572692, -86.6246, [58, 59, 60, 61, 63], CHUNK, ['T', 'E', 'K', 'E', 'I'], VKLTPLCVTLNCTNVTNNITN-------------------------------------TEKEEIKN----CSFNT-T-TE--LRD-KK-QKV-YSLF-YRLDVTPINNNNGNRSNNS------------------------------------------NTNYRLI---NCNTSAI-T---QA, 0.1979, 0
1.562023, -124.8490, 18, POINT, S, VKLTPLCVTLNCTNVTNNSTN-------------------------------------SMRGELKN----CSFNT-T-TE--LRD-KK-QKV-YSLF-YRLDVTPINNNNGNRSNNS------------------------------------------NTNYRLI---NCNTSAI-T---QA, 0.0551, 1
1.571890, -123.2883, 93, POINT, N, VKLTPLCVTLNCTNVTNNSTN-------------------------------------SMRGELKN----CSFNT-T-TE--LRD-KK-QKV-NSLF-YRLDVTPINNNNGNRSNNS------------------------------------------NTNYRLI---NCNTSAI-T---QA, 0.0464, 1
1.578073, -122.8531, 72, POINT, S, VKLTPLCVTLNCTNVTNNSTN-------------------------------------SMRGELKN----CSSNT-T-TE--LRD-KK-QKV-NSLF-YRLDVTPINNNNGNRSNNS------------------------------------------NTNYRLI---NCNTSAI-T---QA, 0.0464, 0
1.580407, -119.4826, [60, 63], CHUNK, ['K', 'I'], VKLTPLCVTLNCTNVTNNSTN-------------------------------------SMKGEIKN----CSFNT-T-TE--LRD-KK-QKV-NSLF-YRLDVTPINNNNGNRSNNS------------------------------------------NTNYRLI---NCNTSAI-T---QA, 0.0464, 1
1.591574, -117.7571, 58, POINT, T, VKLTPLCVTLNCTNVTNNSTN-------------------------------------TMKGEIKN----CSFNT-T-TE--LRD-KK-QKV-NSLF-YRLDVTPINNNNGNRSNNS------------------------------------------NTNYRLI---NCNTSAI-T---QA, 0.0464, 0
1.603937, -58.1757, [79, 82, 83, 84, 87], CHUNK, ['S', 'I', 'K', 'T', 'V'], VKLTPLCVTLNCTNVTNNSTN-------------------------------------SMKGEIKN----CSFNT-T-TS--IKT-KV-QKV-NSLF-YRLDVTPINNNNGNRSNNS------------------------------------------NTNYRLI---NCNTSAI-T---QA, 0.3198, 0
1.607323, -4.3042, [79, 82], CHUNK, ['N', 'I'], VKLTPLCVTLNCTNVTNNSTN-------------------------------------SMKGEIKN----CSFNT-T-TN--IRD-KK-QKV-NSLF-YRLDVTPINNNNGNRSNNS------------------------------------------NTNYRLI---NCNTSAI-T---QA, 0.1977, 0
1.601152, -102.0598, 61, POINT, N, VKLTPLCVTLNCTNVTNNSTN-------------------------------------SMKNEIKN----CSFNT-T-TE--LRD-KK-QKV-NSLF-YRLDVTPINNNNGNRSNNS------------------------------------------NTNYRLI---NCNTSAI-T---QA, 0.0464, 0
1.598806, -4.7743, [79, 82], CHUNK, ['N', 'I'], VKLTPLCVTLNCTNVTNNSTN-------------------------------------SMRGELKN----CSFNT-T-TN--IRD-KK-QKV-NSLF-YRLDVTPINNNNGNRSNNS------------------------------------------NTNYRLI---NCNTSAI-T---QA, 0.1554, 0
1.582968, -122.4400, 79, POINT, S, VKLTPLCVTLNCTNVTNNSTN-------------------------------------SMRGELKN----CSFNT-T-TS--LRD-KK-QKV-NSLF-YRLDVTPINNNNGNRSNNS------------------------------------------NTNYRLI---NCNTSAI-T---QA, 0.0464, 0
1.593947, -124.6549, 163, POINT, T, VKLTPLCVTLNCTNVTNNSTN-------------------------------------SMRGELKN----CSFNT-T-TE--LRD-KK-QKV-NSLF-YRLDVTPINNNNGNRSNNS------------------------------------------NTNYTLI---NCNTSAI-T---QA, 0.0469, 1
1.604219, -125.7546, 58, POINT, N, VKLTPLCVTLNCTNVTNNSTN-------------------------------------NMRGELKN----CSFNT-T-TE--LRD-KK-QKV-NSLF-YRLDVTPINNNNGNRSNNS------------------------------------------NTNYTLI---NCNTSAI-T---QA, 0.0469, 1
1.613548, -118.9974, [58, 59, 60, 63], CHUNK, ['T', 'D', 'S', 'M'], VKLTPLCVTLNCTNVTNNSTN-------------------------------------TDSGEMKN----CSFNT-T-TE--LRD-KK-QKV-NSLF-YRLDVTPINNNNGNRSNNS------------------------------------------NTNYTLI---NCNTSAI-T---QA, 0.0638, 0
1.628136, -125.4820, 59, POINT, S, VKLTPLCVTLNCTNVTNNSTN-------------------------------------NSRGELKN----CSFNT-T-TE--LRD-KK-QKV-NSLF-YRLDVTPINNNNGNRSNNS------------------------------------------NTNYTLI---NCNTSAI-T---QA, 0.0469, 0
1.613377, 7.1131, [82, 87, 89], CHUNK, ['I', 'I', 'K'], VKLTPLCVTLNCTNVTNNSTN-------------------------------------NMRGELKN----CSFNT-T-TE--IRD-KI-KKV-NSLF-YRLDVTPINNNNGNRSNNS------------------------------------------NTNYTLI---NCNTSAI-T---QA, 0.1851, 0
1.607767, -125.6205, 4, POINT, T, VKLTTLCVTLNCTNVTNNSTN-------------------------------------NMRGELKN----CSFNT-T-TE--LRD-KK-QKV-NSLF-YRLDVTPINNNNGNRSNNS------------------------------------------NTNYTLI---NCNTSAI-T---QA, 0.0469, 1
1.617401, -123.0717, 98, POINT, N, VKLTTLCVTLNCTNVTNNSTN-------------------------------------NMRGELKN----CSFNT-T-TE--LRD-KK-QKV-NSLF-NRLDVTPINNNNGNRSNNS------------------------------------------NTNYTLI---NCNTSAI-T---QA, 0.0531, 0
1.636782, -120.7803, 60, POINT, T, VKLTTLCVTLNCTNVTNNSTN-------------------------------------NMTGELKN----CSFNT-T-TE--LRD-KK-QKV-NSLF-YRLDVTPINNNNGNRSNNS------------------------------------------NTNYTLI---NCNTSAI-T---QA, 0.0469, 0
1.622882, -123.5022, [174], CHUNK, ['T'], VKLTTLCVTLNCTNVTNNSTN-------------------------------------NMRGELKN----CSFNT-T-TE--LRD-KK-QKV-NSLF-YRLDVTPINNNNGNRSNNS------------------------------------------NTNYTLI---NCNTSTI-T---QA, 0.0469, 0
1.624531, -124.0476, [94, 99], CHUNK, ['A', 'T'], VKLTTLCVTLNCTNVTNNSTN-------------------------------------NMRGELKN----CSFNT-T-TE--LRD-KK-QKV-NALF-YTLDVTPINNNNGNRSNNS------------------------------------------NTNYTLI---NCNTSAI-T---QA, 0.0469, 0
1.612955, -124.8121, 18, POINT, N, VKLTPLCVTLNCTNVTNNNTN-------------------------------------NMRGELKN----CSFNT-T-TE--LRD-KK-QKV-NSLF-YRLDVTPINNNNGNRSNNS------------------------------------------NTNYTLI---NCNTSAI-T---QA, 0.0664, 1
1.623980, -83.6804, [59, 60, 61, 63], CHUNK, ['A', 'K', 'E', 'I'], VKLTPLCVTLNCTNVTNNNTN-------------------------------------NAKEEIKN----CSFNT-T-TE--LRD-KK-QKV-NSLF-YRLDVTPINNNNGNRSNNS------------------------------------------NTNYTLI---NCNTSAI-T---QA, 0.1551, 0
1.628070, -122.5338, [174], CHUNK, ['T'], VKLTPLCVTLNCTNVTNNNTN-------------------------------------NMRGELKN----CSFNT-T-TE--LRD-KK-QKV-NSLF-YRLDVTPINNNNGNRSNNS------------------------------------------NTNYTLI---NCNTSTI-T---QA, 0.0664, 0
1.628070, -122.5338, [174], CHUNK, ['T'], VKLTPLCVTLNCTNVTNNNTN-------------------------------------NMRGELKN----CSFNT-T-TE--LRD-KK-QKV-NSLF-YRLDVTPINNNNGNRSNNS------------------------------------------NTNYTLI---NCNTSTI-T---QA, 0.0664, 1
1.650079, -122.6595, 60, POINT, N, VKLTPLCVTLNCTNVTNNNTN-------------------------------------NMNGELKN----CSFNT-T-TE--LRD-KK-QKV-NSLF-YRLDVTPINNNNGNRSNNS------------------------------------------NTNYTLI---NCNTSTI-T---QA, 0.0664, 0
1.646235, -2.7935, [79, 82], CHUNK, ['T', 'I'], VKLTPLCVTLNCTNVTNNNTN-------------------------------------NMRGELKN----CSFNT-T-TT--IRD-KK-QKV-NSLF-YRLDVTPINNNNGNRSNNS------------------------------------------NTNYTLI---NCNTSTI-T---QA, 0.1344, 0
1.636142, -118.9680, 20, POINT, T, VKLTPLCVTLNCTNVTNNNTT-------------------------------------NMRGELKN----CSFNT-T-TE--LRD-KK-QKV-NSLF-YRLDVTPINNNNGNRSNNS------------------------------------------NTNYTLI---NCNTSTI-T---QA, 0.0702, 1
1.663058, -3.8256, [79, 82], CHUNK, ['N', 'I'], VKLTPLCVTLNCTNVTNNNTT-------------------------------------NMRGELKN----CSFNT-T-TN--IRD-KK-QKV-NSLF-YRLDVTPINNNNGNRSNNS------------------------------------------NTNYTLI---NCNTSTI-T---QA, 0.2459, 0
1.656821, -117.7063, 99, POINT, T, VKLTPLCVTLNCTNVTNNNTT-------------------------------------NMRGELKN----CSFNT-T-TE--LRD-KK-QKV-NSLF-YTLDVTPINNNNGNRSNNS------------------------------------------NTNYTLI---NCNTSTI-T---QA, 0.0726, 1
1.660049, -117.4441, [175], CHUNK, ['T'], VKLTPLCVTLNCTNVTNNNTT-------------------------------------NMRGELKN----CSFNT-T-TE--LRD-KK-QKV-NSLF-YTLDVTPINNNNGNRSNNS------------------------------------------NTNYTLI---NCNTSTT-T---QA, 0.0914, 1
1.680201, -29.4539, [82, 83], CHUNK, ['I', 'T'], VKLTPLCVTLNCTNVTNNNTT-------------------------------------NMRGELKN----CSFNT-T-TE--ITD-KK-QKV-NSLF-YTLDVTPINNNNGNRSNNS------------------------------------------NTNYTLI---NCNTSTT-T---QA, 0.4725, 0
1.676698, -115.2018, 98, POINT, N, VKLTPLCVTLNCTNVTNNNTT-------------------------------------NMRGELKN----CSFNT-T-TE--LRD-KK-QKV-NSLF-NTLDVTPINNNNGNRSNNS------------------------------------------NTNYTLI---NCNTSTT-T---QA, 0.1310, 0
1.674498, -1.5822, [79, 82, 83], CHUNK, ['S', 'I', 'K'], VKLTPLCVTLNCTNVTNNNTT-------------------------------------NMRGELKN----CSFNT-T-TS--IKD-KK-QKV-NSLF-YTLDVTPINNNNGNRSNNS------------------------------------------NTNYTLI---NCNTSTT-T---QA, 0.1639, 0
1.676295, -116.6445, [84, 87, 89, 90, 91], CHUNK, ['N', 'R', 'K', 'T', 'E'], VKLTPLCVTLNCTNVTNNNTT-------------------------------------NMRGELKN----CSFNT-T-TE--LRN-KR-KTE-NSLF-YTLDVTPINNNNGNRSNNS------------------------------------------NTNYTLI---NCNTSTT-T---QA, 0.0906, 0
1.691224, -119.2463, 110, POINT, N, VKLTPLCVTLNCTNVTNNNTT-------------------------------------NMRGELKN----CSFNT-T-TE--LRD-KK-QKV-NSLF-YTLDVTPINNNNNNRSNNS------------------------------------------NTNYTLI---NCNTSTI-T---QA, 0.0726, 1
1.700890, -119.8636, 84, POINT, N, VKLTPLCVTLNCTNVTNNNTT-------------------------------------NMRGELKN----CSFNT-T-TE--LRN-KK-QKV-NSLF-YTLDVTPINNNNNNRSNNS------------------------------------------NTNYTLI---NCNTSTI-T---QA, 0.0726, 0
1.714654, -99.4832, 61, POINT, T, VKLTPLCVTLNCTNVTNNNTT-------------------------------------NMRTELKN----CSFNT-T-TE--LRD-KK-QKV-NSLF-YTLDVTPINNNNNNRSNNS------------------------------------------NTNYTLI---NCNTSTI-T---QA, 0.0726, 0
1.709685, -27.4323, [79, 82, 87], CHUNK, ['N', 'V', 'V'], VKLTPLCVTLNCTNVTNNNTT-------------------------------------NMRGELKN----CSFNT-T-TN--VRD-KV-QKV-NSLF-YTLDVTPINNNNNNRSNNS------------------------------------------NTNYTLI---NCNTSTI-T---QA, 0.0939, 0
1.695416, -117.6333, 63, POINT, I, VKLTPLCVTLNCTNVTNNNTT-------------------------------------NMRGEIKN----CSFNT-T-TE--LRD-KK-QKV-NSLF-YTLDVTPINNNNNNRSNNS------------------------------------------NTNYTLI---NCNTSTI-T---QA, 0.0998, 0
1.660369, -117.6876, 4, POINT, T, VKLTTLCVTLNCTNVTNNNTT-------------------------------------NMRGELKN----CSFNT-T-TE--LRD-KK-QKV-NSLF-YTLDVTPINNNNGNRSNNS------------------------------------------NTNYTLI---NCNTSTI-T---QA, 0.1165, 0
1.676956, -79.3772, [59, 60, 61, 63], CHUNK, ['Q', 'N', 'E', 'I'], VKLTPLCVTLNCTNVTNNNTT-------------------------------------NQNEEIKN----CSFNT-T-TE--LRD-KK-QKV-NSLF-YTLDVTPINNNNGNRSNNS------------------------------------------NTNYTLI---NCNTSTI-T---QA, 0.3802, 0
1.670541, -112.1488, [79, 82, 83], CHUNK, ['S', 'T', 'Q'], VKLTPLCVTLNCTNVTNNNTT-------------------------------------NMRGELKN----CSFNT-T-TS--TQD-KK-QKV-NSLF-YTLDVTPINNNNGNRSNNS------------------------------------------NTNYTLI---NCNTSTI-T---QA, 0.0726, 0
1.661013, -116.0662, [63], CHUNK, ['I'], VKLTPLCVTLNCTNVTNNNTT-------------------------------------NMRGEIKN----CSFNT-T-TE--LRD-KK-QKV-NSLF-YTLDVTPINNNNGNRSNNS------------------------------------------NTNYTLI---NCNTSTI-T---QA, 0.0726, 0
1.650773, -117.8761, 104, POINT, S, VKLTPLCVTLNCTNVTNNNTT-------------------------------------NMRGELKN----CSFNT-T-TE--LRD-KK-QKV-NSLF-YRLDVTSINNNNGNRSNNS------------------------------------------NTNYTLI---NCNTSTI-T---QA, 0.0702, 0
1.640334, -117.4460, 63, POINT, I, VKLTPLCVTLNCTNVTNNNTT-------------------------------------NMRGEIKN----CSFNT-T-TE--LRD-KK-QKV-NSLF-YRLDVTPINNNNGNRSNNS------------------------------------------NTNYTLI---NCNTSTI-T---QA, 0.1167, 0
1.637099, -118.9564, 83, POINT, K, VKLTPLCVTLNCTNVTNNNTT-------------------------------------NMRGELKN----CSFNT-T-TE--LKD-KK-QKV-NSLF-YRLDVTPINNNNGNRSNNS------------------------------------------NTNYTLI---NCNTSTI-T---QA, 0.0702, 0
1.650425, -80.6271, [58, 59, 60, 61, 63], CHUNK, ['T', 'S', 'A', 'E', 'I'], VKLTPLCVTLNCTNVTNNNTT-------------------------------------TSAEEIKN----CSFNT-T-TE--LRD-KK-QKV-NSLF-YRLDVTPINNNNGNRSNNS------------------------------------------NTNYTLI---NCNTSTI-T---QA, 0.1243, 0
1.639055, -120.5349, 165, POINT, T, VKLTPLCVTLNCTNVTNNNTN-------------------------------------NMRGELKN----CSFNT-T-TE--LRD-KK-QKV-NSLF-YRLDVTPINNNNGNRSNNS------------------------------------------NTNYTLT---NCNTSTI-T---QA, 0.0664, 0
1.636142, -118.8725, 20, POINT, T, VKLTPLCVTLNCTNVTNNNTT-------------------------------------NMRGELKN----CSFNT-T-TE--LRD-KK-QKV-NSLF-YRLDVTPINNNNGNRSNNS------------------------------------------NTNYTLI---NCNTSTI-T---QA, 0.0664, 0
1.632643, -120.4371, [62, 63], CHUNK, ['I', 'I'], VKLTPLCVTLNCTNVTNNNTN-------------------------------------NMRGIIKN----CSFNT-T-TE--LRD-KK-QKV-NSLF-YRLDVTPINNNNGNRSNNS------------------------------------------NTNYTLI---NCNTSTI-T---QA, 0.1089, 1
1.656631, -102.8944, 61, POINT, N, VKLTPLCVTLNCTNVTNNNTN-------------------------------------NMRNIIKN----CSFNT-T-TE--LRD-KK-QKV-NSLF-YRLDVTPINNNNGNRSNNS------------------------------------------NTNYTLI---NCNTSTI-T---QA, 0.1089, 0
1.642309, -121.0543, 84, POINT, N, VKLTPLCVTLNCTNVTNNNTN-------------------------------------NMRGIIKN----CSFNT-T-TE--LRN-KK-QKV-NSLF-YRLDVTPINNNNGNRSNNS------------------------------------------NTNYTLI---NCNTSTI-T---QA, 0.1089, 0
1.640037, -119.7411, 162, POINT, S, VKLTPLCVTLNCTNVTNNNTN-------------------------------------NMRGIIKN----CSFNT-T-TE--LRD-KK-QKV-NSLF-YRLDVTPINNNNGNRSNNS------------------------------------------NTNSTLI---NCNTSTI-T---QA, 0.1089, 0
1.670305, -120.7896, 110, POINT, T, VKLTPLCVTLNCTNVTNNNTN-------------------------------------NMRGIIKN----CSFNT-T-TE--LRD-KK-QKV-NSLF-YRLDVTPINNNNTNRSNNS------------------------------------------NTNYTLI---NCNTSTI-T---QA, 0.1089, 0
1.641934, -121.9859, 116, POINT, N, VKLTPLCVTLNCTNVTNNNTN-------------------------------------NMRGELKN----CSFNT-T-TE--LRD-KK-QKV-NSLF-YRLDVTPINNNNGNRSNNN------------------------------------------NTNYTLI---NCNTSTI-T---QA, 0.0744, 0
1.639055, -120.5349, 165, POINT, T, VKLTPLCVTLNCTNVTNNNTN-------------------------------------NMRGELKN----CSFNT-T-TE--LRD-KK-QKV-NSLF-YRLDVTPINNNNGNRSNNS------------------------------------------NTNYTLT---NCNTSTI-T---QA, 0.0664, 1
1.648977, -120.0424, 162, POINT, S, VKLTPLCVTLNCTNVTNNNTN-------------------------------------NMRGELKN----CSFNT-T-TE--LRD-KK-QKV-NSLF-YRLDVTPINNNNGNRSNNS------------------------------------------NTNSTLT---NCNTSTI-T---QA, 0.0639, 1
1.654825, -118.3627, 99, POINT, K, VKLTPLCVTLNCTNVTNNNTN-------------------------------------NMRGELKN----CSFNT-T-TE--LRD-KK-QKV-NSLF-YKLDVTPINNNNGNRSNNS------------------------------------------NTNSTLT---NCNTSTI-T---QA, 0.0639, 0
1.658612, -117.3638, 98, POINT, N, VKLTPLCVTLNCTNVTNNNTN-------------------------------------NMRGELKN----CSFNT-T-TE--LRD-KK-QKV-NSLF-NRLDVTPINNNNGNRSNNS------------------------------------------NTNSTLT---NCNTSTI-T---QA, 0.0639, 0
1.668390, -115.2831, [99, 100, 102, 104], CHUNK, ['K', 'T', 'I', 'S'], VKLTPLCVTLNCTNVTNNNTN-------------------------------------NMRGELKN----CSFNT-T-TE--LRD-KK-QKV-NSLF-YKTDITSINNNNGNRSNNS------------------------------------------NTNSTLT---NCNTSTI-T---QA, 0.0639, 0
1.669142, -119.3675, 91, POINT, N, VKLTPLCVTLNCTNVTNNNTN-------------------------------------NMRGELKN----CSFNT-T-TE--LRD-KK-QKN-NSLF-YRLDVTPINNNNGNRSNNS------------------------------------------NTNSTLT---NCNTSTI-T---QA, 0.0639, 1
1.670695, -117.9797, 173, POINT, T, VKLTPLCVTLNCTNVTNNNTN-------------------------------------NMRGELKN----CSFNT-T-TE--LRD-KK-QKN-NSLF-YRLDVTPINNNNGNRSNNS------------------------------------------NTNSTLT---NCNTTTI-T---QA, 0.0639, 0
1.687200, -119.1902, [116], CHUNK, ['T'], VKLTPLCVTLNCTNVTNNNTN-------------------------------------NMRGELKN----CSFNT-T-TE--LRD-KK-QKN-NSLF-YRLDVTPINNNNGNRSNNT------------------------------------------NTNSTLT---NCNTSTI-T---QA, 0.0770, 0
1.685080, -118.6958, [116], CHUNK, ['N'], VKLTPLCVTLNCTNVTNNNTN-------------------------------------NMRGELKN----CSFNT-T-TE--LRD-KK-QKN-NSLF-YRLDVTPINNNNGNRSNNN------------------------------------------NTNSTLT---NCNTSTI-T---QA, 0.0639, 0
1.696987, -13.4725, [79, 82], CHUNK, ['N', 'I'], VKLTPLCVTLNCTNVTNNNTN-------------------------------------NMRGELKN----CSFNT-T-TN--IRD-KK-QKN-NSLF-YRLDVTPINNNNGNRSNNS------------------------------------------NTNSTLT---NCNTSTI-T---QA, 0.4465, 0
1.660056, -119.1939, 79, POINT, S, VKLTPLCVTLNCTNVTNNNTN-------------------------------------NMRGELKN----CSFNT-T-TS--LRD-KK-QKV-NSLF-YRLDVTPINNNNGNRSNNS------------------------------------------NTNSTLT---NCNTSTI-T---QA, 0.0639, 1
1.675894, 0.7796, [79, 82], CHUNK, ['N', 'I'], VKLTPLCVTLNCTNVTNNNTN-------------------------------------NMRGELKN----CSFNT-T-TN--IRD-KK-QKV-NSLF-YRLDVTPINNNNGNRSNNS------------------------------------------NTNSTLT---NCNTSTI-T---QA, 0.1810, 0
1.668128, -115.5325, 20, POINT, T, VKLTPLCVTLNCTNVTNNNTT-------------------------------------NMRGELKN----CSFNT-T-TS--LRD-KK-QKV-NSLF-YRLDVTPINNNNGNRSNNS------------------------------------------NTNSTLT---NCNTSTI-T---QA, 0.0639, 0
1.680735, -117.4425, 99, POINT, T, VKLTPLCVTLNCTNVTNNNTN-------------------------------------NMRGELKN----CSFNT-T-TS--LRD-KK-QKV-NSLF-YTLDVTPINNNNGNRSNNS------------------------------------------NTNSTLT---NCNTSTI-T---QA, 0.0639, 0
1.662529, -31.2580, [82, 87, 89], CHUNK, ['I', 'R', 'K'], VKLTPLCVTLNCTNVTNNNTN-------------------------------------NMRGELKN----CSFNT-T-TS--IRD-KR-KKV-NSLF-YRLDVTPINNNNGNRSNNS------------------------------------------NTNSTLT---NCNTSTI-T---QA, 0.3533, 0
1.675894, -15.8337, [79, 82], CHUNK, ['N', 'I'], VKLTPLCVTLNCTNVTNNNTN-------------------------------------NMRGELKN----CSFNT-T-TN--IRD-KK-QKV-NSLF-YRLDVTPINNNNGNRSNNS------------------------------------------NTNSTLT---NCNTSTI-T---QA, 0.2366, 0
1.654469, -118.8162, [63], CHUNK, ['I'], VKLTPLCVTLNCTNVTNNNTN-------------------------------------NMRGEIKN----CSFNT-T-TE--LRD-KK-QKV-NSLF-YRLDVTPINNNNGNRSNNS------------------------------------------NTNSTLT---NCNTSTI-T---QA, 0.0599, 0
1.653134, -9.3044, [82], CHUNK, ['I'], VKLTPLCVTLNCTNVTNNNTN-------------------------------------NMRGELKN----CSFNT-T-TE--IRD-KK-QKV-NSLF-YRLDVTPINNNNGNRSNNS------------------------------------------NTNSTLT---NCNTSTI-T---QA, 0.1985, 0
1.649741, -119.7426, 91, POINT, E, VKLTPLCVTLNCTNVTNNNTN-------------------------------------NMRGELKN----CSFNT-T-TE--LRD-KK-QKE-NSLF-YRLDVTPINNNNGNRSNNS------------------------------------------NTNSTLT---NCNTSTI-T---QA, 0.0639, 1
1.655767, -118.4809, 99, POINT, K, VKLTPLCVTLNCTNVTNNNTN-------------------------------------NMRGELKN----CSFNT-T-TE--LRD-KK-QKE-NSLF-YKLDVTPINNNNGNRSNNS------------------------------------------NTNSTLT---NCNTSTI-T---QA, 0.0639, 0
1.655813, -120.2033, 59, POINT, E, VKLTPLCVTLNCTNVTNNNTN-------------------------------------NERGELKN----CSFNT-T-TE--LRD-KK-QKE-NSLF-YRLDVTPINNNNGNRSNNS------------------------------------------NTNSTLT---NCNTSTI-T---QA, 0.0639, 0
1.671811, -79.3795, [58, 59, 60, 61, 63, 65], CHUNK, ['T', 'N', 'V', 'N', 'I', 'V'], VKLTPLCVTLNCTNVTNNNTN-------------------------------------TNVNEIKV----CSFNT-T-TE--LRD-KK-QKE-NSLF-YRLDVTPINNNNGNRSNNS------------------------------------------NTNSTLT---NCNTSTI-T---QA, 0.3970, 0
1.655929, -115.3498, [87, 89, 90], CHUNK, ['N', 'K', 'Q'], VKLTPLCVTLNCTNVTNNNTN-------------------------------------NMRGELKN----CSFNT-T-TE--LRD-KN-KQE-NSLF-YRLDVTPINNNNGNRSNNS------------------------------------------NTNSTLT---NCNTSTI-T---QA, 0.0817, 1
1.687130, -115.0788, 90, POINT, T, VKLTPLCVTLNCTNVTNNNTN-------------------------------------NMRGELKN----CSFNT-T-TE--LRD-KN-KTE-NSLF-YRLDVTPINNNNGNRSNNS------------------------------------------NTNSTLT---NCNTSTI-T---QA, 0.0817, 0
1.675512, -110.4774, [89, 90, 91, 93, 94, 96], CHUNK, ['Q', 'T', 'T', 'Y', 'A', 'L'], VKLTPLCVTLNCTNVTNNNTN-------------------------------------NMRGELKN----CSFNT-T-TE--LRD-KN-QTT-YALL-YRLDVTPINNNNGNRSNNS------------------------------------------NTNSTLT---NCNTSTI-T---QA, 0.1130, 0
1.661420, -113.9146, [63], CHUNK, ['I'], VKLTPLCVTLNCTNVTNNNTN-------------------------------------NMRGEIKN----CSFNT-T-TE--LRD-KN-KQE-NSLF-YRLDVTPINNNNGNRSNNS------------------------------------------NTNSTLT---NCNTSTI-T---QA, 0.0782, 0
1.676553, -116.2755, 91, POINT, N, VKLTPLCVTLNCTNVTNNNTN-------------------------------------NMRGELKN----CSFNT-T-TE--LRD-KN-KQN-NSLF-YRLDVTPINNNNGNRSNNS------------------------------------------NTNSTLT---NCNTSTI-T---QA, 0.0931, 0
1.655813, -120.2033, 59, POINT, E, VKLTPLCVTLNCTNVTNNNTN-------------------------------------NERGELKN----CSFNT-T-TE--LRD-KK-QKE-NSLF-YRLDVTPINNNNGNRSNNS------------------------------------------NTNSTLT---NCNTSTI-T---QA, 0.0639, 0
1.670214, -118.1638, 99, POINT, T, VKLTPLCVTLNCTNVTNNNTN-------------------------------------NMRGELKN----CSFNT-T-TE--LRD-KK-QKE-NSLF-YTLDVTPINNNNGNRSNNS------------------------------------------NTNSTLT---NCNTSTI-T---QA, 0.0885, 0
1.664372, -118.9477, 104, POINT, S, VKLTPLCVTLNCTNVTNNNTN-------------------------------------NMRGELKN----CSFNT-T-TE--LRD-KK-QKE-NSLF-YRLDVTSINNNNGNRSNNS------------------------------------------NTNSTLT---NCNTSTI-T---QA, 0.0743, 0
1.664372, -118.6495, 104, POINT, S, VKLTPLCVTLNCTNVTNNNTN-------------------------------------NMRGELKN----CSFNT-T-TE--LRD-KK-QKE-NSLF-YRLDVTSINNNNGNRSNNS------------------------------------------NTNSTLT---NCNTSTI-T---QA, 0.0639, 0
1.661693, -99.1839, [61, 63], CHUNK, ['T', 'M'], VKLTPLCVTLNCTNVTNNNTN-------------------------------------NMRTEMKN----CSFNT-T-TE--LRD-KK-QKV-NSLF-YRLDVTPINNNNGNRSNNS------------------------------------------NTNSTLT---NCNTSTI-T---QA, 0.1154, 0
1.658643, -120.8807, 84, POINT, N, VKLTPLCVTLNCTNVTNNNTN-------------------------------------NMRGELKN----CSFNT-T-TE--LRN-KK-QKV-NSLF-YRLDVTPINNNNGNRSNNS------------------------------------------NTNSTLT---NCNTSTI-T---QA, 0.0656, 0
1.654469, -118.6209, 63, POINT, I, VKLTPLCVTLNCTNVTNNNTN-------------------------------------NMRGEIKN----CSFNT-T-TE--LRD-KK-QKV-NSLF-YRLDVTPINNNNGNRSNNS------------------------------------------NTNSTLT---NCNTSTI-T---QA, 0.1262, 0
1.657230, -118.5535, [93, 94, 99], CHUNK, ['Y', 'A', 'T'], VKLTPLCVTLNCTNVTNNNTN-------------------------------------NMRGELKN----CSFNT-T-TE--LRD-KK-QKV-YALF-YTLDVTPINNNNGNRSNNS------------------------------------------NTNSTLT---NCNTSTI-T---QA, 0.1706, 0
1.652586, -118.1579, 95, POINT, T, VKLTPLCVTLNCTNVTNNNTN-------------------------------------NMRGELKN----CSFNT-T-TE--LRD-KK-QKV-NSTF-YRLDVTPINNNNGNRSNNS------------------------------------------NTNYTLT---NCNTSTI-T---QA, 0.0664, 0
1.665971, -0.8209, [79, 82], CHUNK, ['N', 'I'], VKLTPLCVTLNCTNVTNNNTN-------------------------------------NMRGELKN----CSFNT-T-TN--IRD-KK-QKV-NSLF-YRLDVTPINNNNGNRSNNS------------------------------------------NTNYTLT---NCNTSTI-T---QA, 0.1058, 0
1.651579, -17.9221, [82, 87], CHUNK, ['I', 'T'], VKLTPLCVTLNCTNVTNNNTN-------------------------------------NMRGELKN----CSFNT-T-TE--IRD-KT-QKV-NSLF-YRLDVTPINNNNGNRSNNS------------------------------------------NTNYTLT---NCNTSTI-T---QA, 0.2478, 0
1.664767, -33.7757, [79, 82, 83, 86, 87], CHUNK, ['N', 'I', 'K', 'R', 'T'], VKLTPLCVTLNCTNVTNNNTN-------------------------------------NMRGELKN----CSFNT-T-TN--IKD-RT-QKV-NSLF-YRLDVTPINNNNGNRSNNS------------------------------------------NTNYTLT---NCNTSTI-T---QA, 0.2708, 0
1.633918, -120.9750, 99, POINT, K, VKLTPLCVTLNCTNVTNNNTN-------------------------------------NMRGELKN----CSFNT-T-TE--LRD-KK-QKV-NSLF-YKLDVTPINNNNGNRSNNS------------------------------------------NTNYTLI---NCNTSTI-T---QA, 0.0954, 0
1.642585, -24.6929, [79, 82], CHUNK, ['S', 'I'], VKLTPLCVTLNCTNVTNNNTN-------------------------------------NMRGELKN----CSFNT-T-TS--IRD-KK-QKV-NSLF-YRLDVTPINNNNGNRSNNS------------------------------------------NTNYTLI---NCNTSTI-T---QA, 0.3045, 0
1.628371, -37.5268, [79, 82, 83, 87], CHUNK, ['S', 'I', 'Q', 'V'], VKLTPLCVTLNCTNVTNNNTN-------------------------------------NMRGELKN----CSFNT-T-TS--IQD-KV-QKV-NSLF-YRLDVTPINNNNGNRSNNS------------------------------------------NTNYTLI---NCNTSTI-T---QA, 0.1723, 0
1.655510, -120.1961, 14, POINT, N, VKLTPLCVTLNCTNNTNNNTN-------------------------------------NMRGELKN----CSFNT-T-TE--LRD-KK-QKV-NSLF-YRLDVTPINNNNGNRSNNS------------------------------------------NTNYTLI---NCNTSTI-T---QA, 0.0664, 0
