Name base = V1V2_200_exp_9_10_ni
Iters = 200
Soft coverage = 0.284621885725
Energy = -129.663332714
Hard Covereage = 0.0368019545157
Num epitopes = 65
Initial seq = VKLTPLCVTLQCTNVTNNITD-------------------------------------DMRGELKN----CSFNM-T-TE--LRD-KK-QKV-YSLF-YRLDVVQINENQGNRSNNS------------------------------------------NKEYRLI---NCNTSAI-T---QA
-------START OF DATA------
0.296728, -129.3778, [160, 161], CHUNK, ['T', 'S'], VKLTPLCVTLQCTNVTNNITD-------------------------------------DMRGELKN----CSFNM-T-TE--LRD-KK-QKV-YSLF-YRLDVVQINENQGNRSNNS------------------------------------------NTSYRLI---NCNTSAI-T---QA, 0.0857, 1
0.298793, -127.8169, 18, POINT, N, VKLTPLCVTLQCTNVTNNNTD-------------------------------------DMRGELKN----CSFNM-T-TE--LRD-KK-QKV-YSLF-YRLDVVQINENQGNRSNNS------------------------------------------NTSYRLI---NCNTSAI-T---QA, 0.0942, 1
0.302761, -124.5225, 20, POINT, T, VKLTPLCVTLQCTNVTNNNTT-------------------------------------DMRGELKN----CSFNM-T-TE--LRD-KK-QKV-YSLF-YRLDVVQINENQGNRSNNS------------------------------------------NTSYRLI---NCNTSAI-T---QA, 0.0942, 0
0.322570, -127.8305, [10], CHUNK, ['N'], VKLTPLCVTLNCTNVTNNNTD-------------------------------------DMRGELKN----CSFNM-T-TE--LRD-KK-QKV-YSLF-YRLDVVQINENQGNRSNNS------------------------------------------NTSYRLI---NCNTSAI-T---QA, 0.1032, 1
0.327188, -126.2088, 99, POINT, K, VKLTPLCVTLNCTNVTNNNTD-------------------------------------DMRGELKN----CSFNM-T-TE--LRD-KK-QKV-YSLF-YKLDVVQINENQGNRSNNS------------------------------------------NTSYRLI---NCNTSAI-T---QA, 0.1058, 1
0.328399, -125.4120, 107, POINT, S, VKLTPLCVTLNCTNVTNNNTD-------------------------------------DMRGELKN----CSFNM-T-TE--LRD-KK-QKV-YSLF-YKLDVVQINSNQGNRSNNS------------------------------------------NTSYRLI---NCNTSAI-T---QA, 0.1058, 1
0.332891, -106.8268, 74, POINT, V, VKLTPLCVTLNCTNVTNNNTD-------------------------------------DMRGELKN----CSFNV-T-TE--LRD-KK-QKV-YSLF-YKLDVVQINSNQGNRSNNS------------------------------------------NTSYRLI---NCNTSAI-T---QA, 0.1999, 0
0.341930, 58.8659, [74, 79, 82], CHUNK, ['I', 'S', 'I'], VKLTPLCVTLNCTNVTNNNTD-------------------------------------DMRGELKN----CSFNI-T-TS--IRD-KK-QKV-YSLF-YKLDVVQINSNQGNRSNNS------------------------------------------NTSYRLI---NCNTSAI-T---QA, 0.5664, 0
0.330716, -123.8659, 91, POINT, E, VKLTPLCVTLNCTNVTNNNTD-------------------------------------DMRGELKN----CSFNM-T-TE--LRD-KK-QKE-YSLF-YKLDVVQINSNQGNRSNNS------------------------------------------NTSYRLI---NCNTSAI-T---QA, 0.1058, 1
0.340688, -116.8576, 74, POINT, I, VKLTPLCVTLNCTNVTNNNTD-------------------------------------DMRGELKN----CSFNI-T-TE--LRD-KK-QKE-YSLF-YKLDVVQINSNQGNRSNNS------------------------------------------NTSYRLI---NCNTSAI-T---QA, 0.1372, 0
0.339436, -104.1889, [169, 174], CHUNK, ['S', 'V'], VKLTPLCVTLNCTNVTNNNTD-------------------------------------DMRGELKN----CSFNM-T-TE--LRD-KK-QKE-YSLF-YKLDVVQINSNQGNRSNNS------------------------------------------NTSYRLI---SCNTSVI-T---QA, 0.4959, 0
0.334685, -120.6065, 20, POINT, T, VKLTPLCVTLNCTNVTNNNTT-------------------------------------DMRGELKN----CSFNM-T-TE--LRD-KK-QKE-YSLF-YKLDVVQINSNQGNRSNNS------------------------------------------NTSYRLI---NCNTSAI-T---QA, 0.1058, 0
0.340688, -116.2540, [74], CHUNK, ['I'], VKLTPLCVTLNCTNVTNNNTD-------------------------------------DMRGELKN----CSFNI-T-TE--LRD-KK-QKE-YSLF-YKLDVVQINSNQGNRSNNS------------------------------------------NTSYRLI---NCNTSAI-T---QA, 0.1502, 0
0.335659, -123.4240, 63, POINT, I, VKLTPLCVTLNCTNVTNNNTD-------------------------------------DMRGEIKN----CSFNM-T-TE--LRD-KK-QKV-YSLF-YKLDVVQINSNQGNRSNNS------------------------------------------NTSYRLI---NCNTSAI-T---QA, 0.1058, 1
0.347052, -81.0744, [74], CHUNK, ['I'], VKLTPLCVTLNCTNVTNNNTD-------------------------------------DMRGEIKN----CSFNI-T-TE--LRD-KK-QKV-YSLF-YKLDVVQINSNQGNRSNNS------------------------------------------NTSYRLI---NCNTSAI-T---QA, 0.4900, 0
0.351986, -121.7808, [89, 91, 94], CHUNK, ['K', 'E', 'A'], VKLTPLCVTLNCTNVTNNNTD-------------------------------------DMRGEIKN----CSFNM-T-TE--LRD-KK-KKE-YALF-YKLDVVQINSNQGNRSNNS------------------------------------------NTSYRLI---NCNTSAI-T---QA, 0.1058, 1
0.354677, -118.9384, 58, POINT, T, VKLTPLCVTLNCTNVTNNNTD-------------------------------------TMRGEIKN----CSFNM-T-TE--LRD-KK-KKE-YALF-YKLDVVQINSNQGNRSNNS------------------------------------------NTSYRLI---NCNTSAI-T---QA, 0.1058, 0
0.359269, -104.3886, [174], CHUNK, ['V'], VKLTPLCVTLNCTNVTNNNTD-------------------------------------DMRGEIKN----CSFNM-T-TE--LRD-KK-KKE-YALF-YKLDVVQINSNQGNRSNNS------------------------------------------NTSYRLI---NCNTSVI-T---QA, 0.4121, 0
0.359412, -123.1244, [104, 106, 107], CHUNK, ['P', 'D', 'N'], VKLTPLCVTLNCTNVTNNNTD-------------------------------------DMRGEIKN----CSFNM-T-TE--LRD-KK-KKE-YALF-YKLDVVPIDNNQGNRSNNS------------------------------------------NTSYRLI---NCNTSAI-T---QA, 0.1118, 0
0.363379, -115.9711, 74, POINT, I, VKLTPLCVTLNCTNVTNNNTD-------------------------------------DMRGEIKN----CSFNI-T-TE--LRD-KK-KKE-YALF-YKLDVVQINSNQGNRSNNS------------------------------------------NTSYRLI---NCNTSAI-T---QA, 0.1574, 1
0.370661, -96.1624, [174], CHUNK, ['V'], VKLTPLCVTLNCTNVTNNNTD-------------------------------------DMRGEIKN----CSFNI-T-TE--LRD-KK-KKE-YALF-YKLDVVQINSNQGNRSNNS------------------------------------------NTSYRLI---NCNTSVI-T---QA, 0.5497, 0
0.367329, -112.7143, 20, POINT, T, VKLTPLCVTLNCTNVTNNNTT-------------------------------------DMRGEIKN----CSFNI-T-TE--LRD-KK-KKE-YALF-YKLDVVQINSNQGNRSNNS------------------------------------------NTSYRLI---NCNTSAI-T---QA, 0.1574, 0
0.365780, -118.2582, 107, POINT, N, VKLTPLCVTLNCTNVTNNNTD-------------------------------------DMRGEIKN----CSFNI-T-TE--LRD-KK-KKE-YALF-YKLDVVQINNNQGNRSNNS------------------------------------------NTSYRLI---NCNTSAI-T---QA, 0.1723, 0
0.367764, -116.0516, 104, POINT, P, VKLTPLCVTLNCTNVTNNNTD-------------------------------------DMRGEIKN----CSFNI-T-TE--LRD-KK-KKE-YALF-YKLDVVPINSNQGNRSNNS------------------------------------------NTSYRLI---NCNTSAI-T---QA, 0.1574, 0
0.363379, -111.1353, [74], CHUNK, ['I'], VKLTPLCVTLNCTNVTNNNTD-------------------------------------DMRGEIKN----CSFNI-T-TE--LRD-KK-KKE-YALF-YKLDVVQINSNQGNRSNNS------------------------------------------NTSYRLI---NCNTSAI-T---QA, 0.1891, 0
0.360706, -97.3267, [169, 174], CHUNK, ['S', 'V'], VKLTPLCVTLNCTNVTNNNTD-------------------------------------DMRGEIKN----CSFNM-T-TE--LRD-KK-KKE-YALF-YKLDVVQINSNQGNRSNNS------------------------------------------NTSYRLI---SCNTSVI-T---QA, 0.3360, 0
0.353806, -119.8819, 60, POINT, K, VKLTPLCVTLNCTNVTNNNTD-------------------------------------DMKGEIKN----CSFNM-T-TE--LRD-KK-KKE-YALF-YKLDVVQINSNQGNRSNNS------------------------------------------NTSYRLI---NCNTSAI-T---QA, 0.1052, 0
0.363379, -112.0150, [74], CHUNK, ['I'], VKLTPLCVTLNCTNVTNNNTD-------------------------------------DMRGEIKN----CSFNI-T-TE--LRD-KK-KKE-YALF-YKLDVVQINSNQGNRSNNS------------------------------------------NTSYRLI---NCNTSAI-T---QA, 0.2353, 0
0.338540, -123.7976, 20, POINT, N, VKLTPLCVTLNCTNVTNNNTN-------------------------------------DMRGEIKN----CSFNM-T-TE--LRD-KK-QKV-YSLF-YKLDVVQINSNQGNRSNNS------------------------------------------NTSYRLI---NCNTSAI-T---QA, 0.1058, 0
0.347052, -74.2281, [74], CHUNK, ['I'], VKLTPLCVTLNCTNVTNNNTD-------------------------------------DMRGEIKN----CSFNI-T-TE--LRD-KK-QKV-YSLF-YKLDVVQINSNQGNRSNNS------------------------------------------NTSYRLI---NCNTSAI-T---QA, 0.4766, 0
0.343352, -87.1615, [74, 79], CHUNK, ['I', 'T'], VKLTPLCVTLNCTNVTNNNTD-------------------------------------DMRGEIKN----CSFNI-T-TT--LRD-KK-QKV-YSLF-YKLDVVQINSNQGNRSNNS------------------------------------------NTSYRLI---NCNTSAI-T---QA, 0.5122, 0
0.340044, -123.5079, 104, POINT, P, VKLTPLCVTLNCTNVTNNNTD-------------------------------------DMRGEIKN----CSFNM-T-TE--LRD-KK-QKV-YSLF-YKLDVVPINSNQGNRSNNS------------------------------------------NTSYRLI---NCNTSAI-T---QA, 0.1058, 0
0.337118, -105.2533, [169, 174], CHUNK, ['S', 'V'], VKLTPLCVTLNCTNVTNNNTD-------------------------------------DMRGELKN----CSFNM-T-TE--LRD-KK-QKV-YSLF-YKLDVVQINSNQGNRSNNS------------------------------------------NTSYRLI---SCNTSVI-T---QA, 0.4693, 0
0.330716, -123.8659, 91, POINT, E, VKLTPLCVTLNCTNVTNNNTD-------------------------------------DMRGELKN----CSFNM-T-TE--LRD-KK-QKE-YSLF-YKLDVVQINSNQGNRSNNS------------------------------------------NTSYRLI---NCNTSAI-T---QA, 0.1058, 1
0.345024, -124.0082, [94], CHUNK, ['A'], VKLTPLCVTLNCTNVTNNNTD-------------------------------------DMRGELKN----CSFNM-T-TE--LRD-KK-QKE-YALF-YKLDVVQINSNQGNRSNNS------------------------------------------NTSYRLI---NCNTSAI-T---QA, 0.1058, 1
0.354996, -112.0091, [74], CHUNK, ['I'], VKLTPLCVTLNCTNVTNNNTD-------------------------------------DMRGELKN----CSFNI-T-TE--LRD-KK-QKE-YALF-YKLDVVQINSNQGNRSNNS------------------------------------------NTSYRLI---NCNTSAI-T---QA, 0.4281, 1
0.362278, -105.0471, [174], CHUNK, ['V'], VKLTPLCVTLNCTNVTNNNTD-------------------------------------DMRGELKN----CSFNI-T-TE--LRD-KK-QKE-YALF-YKLDVVQINSNQGNRSNNS------------------------------------------NTSYRLI---NCNTSVI-T---QA, 0.6682, 0
0.363715, -102.4832, [169, 174], CHUNK, ['S', 'V'], VKLTPLCVTLNCTNVTNNNTD-------------------------------------DMRGELKN----CSFNI-T-TE--LRD-KK-QKE-YALF-YKLDVVQINSNQGNRSNNS------------------------------------------NTSYRLI---SCNTSVI-T---QA, 0.4515, 0
0.357165, -111.0766, [174], CHUNK, ['T'], VKLTPLCVTLNCTNVTNNNTD-------------------------------------DMRGELKN----CSFNI-T-TE--LRD-KK-QKE-YALF-YKLDVVQINSNQGNRSNNS------------------------------------------NTSYRLI---NCNTSTI-T---QA, 0.4281, 0
0.357810, -113.1422, 20, POINT, N, VKLTPLCVTLNCTNVTNNNTN-------------------------------------DMRGELKN----CSFNI-T-TE--LRD-KK-QKE-YALF-YKLDVVQINSNQGNRSNNS------------------------------------------NTSYRLI---NCNTSAI-T---QA, 0.4875, 0
0.352284, -122.0202, 63, POINT, I, VKLTPLCVTLNCTNVTNNNTD-------------------------------------DMRGEIKN----CSFNM-T-TE--LRD-KK-QKE-YALF-YKLDVVQINSNQGNRSNNS------------------------------------------NTSYRLI---NCNTSAI-T---QA, 0.1058, 1
0.356233, -119.0508, 20, POINT, T, VKLTPLCVTLNCTNVTNNNTT-------------------------------------DMRGEIKN----CSFNM-T-TE--LRD-KK-QKE-YALF-YKLDVVQINSNQGNRSNNS------------------------------------------NTSYRLI---NCNTSAI-T---QA, 0.1176, 0
0.354685, -122.9313, 107, POINT, N, VKLTPLCVTLNCTNVTNNNTD-------------------------------------DMRGEIKN----CSFNM-T-TE--LRD-KK-QKE-YALF-YKLDVVQINNNQGNRSNNS------------------------------------------NTSYRLI---NCNTSAI-T---QA, 0.1058, 0
0.361003, -103.9191, [169, 174], CHUNK, ['S', 'V'], VKLTPLCVTLNCTNVTNNNTD-------------------------------------DMRGEIKN----CSFNM-T-TE--LRD-KK-QKE-YALF-YKLDVVQINSNQGNRSNNS------------------------------------------NTSYRLI---SCNTSVI-T---QA, 0.4115, 0
0.367932, -24.1503, [74, 79, 82], CHUNK, ['I', 'S', 'I'], VKLTPLCVTLNCTNVTNNNTD-------------------------------------DMRGEIKN----CSFNI-T-TS--IRD-KK-QKE-YALF-YKLDVVQINSNQGNRSNNS------------------------------------------NTSYRLI---NCNTSAI-T---QA, 0.3632, 0
0.349409, -124.0922, 104, POINT, P, VKLTPLCVTLNCTNVTNNNTD-------------------------------------DMRGELKN----CSFNM-T-TE--LRD-KK-QKE-YALF-YKLDVVPINSNQGNRSNNS------------------------------------------NTSYRLI---NCNTSAI-T---QA, 0.1058, 1
0.359381, -112.9313, [74], CHUNK, ['I'], VKLTPLCVTLNCTNVTNNNTD-------------------------------------DMRGELKN----CSFNI-T-TE--LRD-KK-QKE-YALF-YKLDVVPINSNQGNRSNNS------------------------------------------NTSYRLI---NCNTSAI-T---QA, 0.1292, 0
0.356691, -104.9167, 174, POINT, V, VKLTPLCVTLNCTNVTNNNTD-------------------------------------DMRGELKN----CSFNM-T-TE--LRD-KK-QKE-YALF-YKLDVVPINSNQGNRSNNS------------------------------------------NTSYRLI---NCNTSVI-T---QA, 0.4596, 0
0.351572, -31.7436, 82, POINT, I, VKLTPLCVTLNCTNVTNNNTD-------------------------------------DMRGELKN----CSFNM-T-TE--IRD-KK-QKE-YALF-YKLDVVPINSNQGNRSNNS------------------------------------------NTSYRLI---NCNTSAI-T---QA, 0.2191, 0
0.352224, -124.4658, 20, POINT, N, VKLTPLCVTLNCTNVTNNNTN-------------------------------------DMRGELKN----CSFNM-T-TE--LRD-KK-QKE-YALF-YKLDVVPINSNQGNRSNNS------------------------------------------NTSYRLI---NCNTSAI-T---QA, 0.1058, 1
0.360943, -102.5766, [169, 174], CHUNK, ['S', 'V'], VKLTPLCVTLNCTNVTNNNTN-------------------------------------DMRGELKN----CSFNM-T-TE--LRD-KK-QKE-YALF-YKLDVVPINSNQGNRSNNS------------------------------------------NTSYRLI---SCNTSVI-T---QA, 0.3574, 0
0.353377, -121.1707, 20, POINT, T, VKLTPLCVTLNCTNVTNNNTT-------------------------------------DMRGELKN----CSFNM-T-TE--LRD-KK-QKE-YALF-YKLDVVPINSNQGNRSNNS------------------------------------------NTSYRLI---NCNTSAI-T---QA, 0.1084, 0
0.368468, 7.5532, [74, 79, 82], CHUNK, ['I', 'N', 'I'], VKLTPLCVTLNCTNVTNNNTN-------------------------------------DMRGELKN----CSFNI-T-TN--IRD-KK-QKE-YALF-YKLDVVPINSNQGNRSNNS------------------------------------------NTSYRLI---NCNTSAI-T---QA, 0.2158, 0
0.359506, -103.8673, [174], CHUNK, ['V'], VKLTPLCVTLNCTNVTNNNTN-------------------------------------DMRGELKN----CSFNM-T-TE--LRD-KK-QKE-YALF-YKLDVVPINSNQGNRSNNS------------------------------------------NTSYRLI---NCNTSVI-T---QA, 0.2755, 0
0.352903, -124.4186, 58, POINT, N, VKLTPLCVTLNCTNVTNNNTD-------------------------------------NMRGELKN----CSFNM-T-TE--LRD-KK-QKE-YALF-YKLDVVPINSNQGNRSNNS------------------------------------------NTSYRLI---NCNTSAI-T---QA, 0.1058, 1
0.367130, -17.6595, [74, 79, 82], CHUNK, ['I', 'S', 'I'], VKLTPLCVTLNCTNVTNNNTD-------------------------------------NMRGELKN----CSFNI-T-TS--IRD-KK-QKE-YALF-YKLDVVPINSNQGNRSNNS------------------------------------------NTSYRLI---NCNTSAI-T---QA, 0.2623, 0
0.361110, -123.5804, [59, 60, 63], CHUNK, ['E', 'E', 'I'], VKLTPLCVTLNCTNVTNNNTD-------------------------------------NEEGEIKN----CSFNM-T-TE--LRD-KK-QKE-YALF-YKLDVVPINSNQGNRSNNS------------------------------------------NTSYRLI---NCNTSAI-T---QA, 0.1058, 1
0.368392, -104.6249, [174], CHUNK, ['V'], VKLTPLCVTLNCTNVTNNNTD-------------------------------------NEEGEIKN----CSFNM-T-TE--LRD-KK-QKE-YALF-YKLDVVPINSNQGNRSNNS------------------------------------------NTSYRLI---NCNTSVI-T---QA, 0.4669, 0
0.363273, -56.3463, 82, POINT, I, VKLTPLCVTLNCTNVTNNNTD-------------------------------------NEEGEIKN----CSFNM-T-TE--IRD-KK-QKE-YALF-YKLDVVPINSNQGNRSNNS------------------------------------------NTSYRLI---NCNTSAI-T---QA, 0.3113, 0
0.366037, -122.2460, 109, POINT, T, VKLTPLCVTLNCTNVTNNNTD-------------------------------------NEEGEIKN----CSFNM-T-TE--LRD-KK-QKE-YALF-YKLDVVPINSNTGNRSNNS------------------------------------------NTSYRLI---NCNTSAI-T---QA, 0.1058, 0
0.369829, -102.4975, [169, 174], CHUNK, ['S', 'V'], VKLTPLCVTLNCTNVTNNNTD-------------------------------------NEEGEIKN----CSFNM-T-TE--LRD-KK-QKE-YALF-YKLDVVPINSNQGNRSNNS------------------------------------------NTSYRLI---SCNTSVI-T---QA, 0.3872, 0
0.354139, -122.3513, 60, POINT, K, VKLTPLCVTLNCTNVTNNNTD-------------------------------------NMKGELKN----CSFNM-T-TE--LRD-KK-QKE-YALF-YKLDVVPINSNQGNRSNNS------------------------------------------NTSYRLI---NCNTSAI-T---QA, 0.1058, 0
0.353014, -125.3967, 16, POINT, T, VKLTPLCVTLNCTNVTTNNTD-------------------------------------NMRGELKN----CSFNM-T-TE--LRD-KK-QKE-YALF-YKLDVVPINSNQGNRSNNS------------------------------------------NTSYRLI---NCNTSAI-T---QA, 0.0869, 0
0.353117, -124.7660, 18, POINT, T, VKLTPLCVTLNCTNVTNNTTD-------------------------------------NMRGELKN----CSFNM-T-TE--LRD-KK-QKE-YALF-YKLDVVPINSNQGNRSNNS------------------------------------------NTSYRLI---NCNTSAI-T---QA, 0.1058, 0
0.355558, -125.3297, 107, POINT, N, VKLTPLCVTLNCTNVTNNNTD-------------------------------------NMRGELKN----CSFNM-T-TE--LRD-KK-QKE-YALF-YKLDVVPINNNQGNRSNNS------------------------------------------NTSYRLI---NCNTSAI-T---QA, 0.1058, 0
0.363170, -17.7444, [74, 82], CHUNK, ['I', 'I'], VKLTPLCVTLNCTNVTNNNTD-------------------------------------DMRGELKN----CSFNI-T-TE--IRD-KK-QKE-YALF-YKLDVVPINSNQGNRSNNS------------------------------------------NTSYRLI---NCNTSAI-T---QA, 0.2556, 0
0.358489, -120.1052, [60, 63], CHUNK, ['K', 'I'], VKLTPLCVTLNCTNVTNNNTD-------------------------------------DMKGEIKN----CSFNM-T-TE--LRD-KK-QKE-YALF-YKLDVVPINSNQGNRSNNS------------------------------------------NTSYRLI---NCNTSAI-T---QA, 0.1052, 1
0.369882, -113.5682, [74], CHUNK, ['I'], VKLTPLCVTLNCTNVTNNNTD-------------------------------------DMKGEIKN----CSFNI-T-TE--LRD-KK-QKE-YALF-YKLDVVPINSNQGNRSNNS------------------------------------------NTSYRLI---NCNTSAI-T---QA, 0.1482, 0
0.369882, -114.0464, 74, POINT, I, VKLTPLCVTLNCTNVTNNNTD-------------------------------------DMKGEIKN----CSFNI-T-TE--LRD-KK-QKE-YALF-YKLDVVPINSNQGNRSNNS------------------------------------------NTSYRLI---NCNTSAI-T---QA, 0.1600, 1
0.370133, -114.3981, 18, POINT, T, VKLTPLCVTLNCTNVTNNTTD-------------------------------------DMKGEIKN----CSFNI-T-TE--LRD-KK-QKE-YALF-YKLDVVPINSNQGNRSNNS------------------------------------------NTSYRLI---NCNTSAI-T---QA, 0.1600, 1
0.377415, -100.5161, [174], CHUNK, ['V'], VKLTPLCVTLNCTNVTNNTTD-------------------------------------DMKGEIKN----CSFNI-T-TE--LRD-KK-QKE-YALF-YKLDVVPINSNQGNRSNNS------------------------------------------NTSYRLI---NCNTSVI-T---QA, 0.5072, 0
0.376406, -28.2866, [79, 82], CHUNK, ['N', 'I'], VKLTPLCVTLNCTNVTNNTTD-------------------------------------DMKGEIKN----CSFNI-T-TN--IRD-KK-QKE-YALF-YKLDVVPINSNQGNRSNNS------------------------------------------NTSYRLI---NCNTSAI-T---QA, 0.3430, 0
0.370292, -108.9847, [169, 174], CHUNK, ['S', 'T'], VKLTPLCVTLNCTNVTNNTTD-------------------------------------DMKGEIKN----CSFNI-T-TE--LRD-KK-QKE-YALF-YKLDVVPINSNQGNRSNNS------------------------------------------NTSYRLI---SCNTSTI-T---QA, 0.1600, 0
0.377415, -94.5683, [174], CHUNK, ['V'], VKLTPLCVTLNCTNVTNNTTD-------------------------------------DMKGEIKN----CSFNI-T-TE--LRD-KK-QKE-YALF-YKLDVVPINSNQGNRSNNS------------------------------------------NTSYRLI---NCNTSVI-T---QA, 0.3043, 0
0.377164, -97.8078, [174], CHUNK, ['V'], VKLTPLCVTLNCTNVTNNNTD-------------------------------------DMKGEIKN----CSFNI-T-TE--LRD-KK-QKE-YALF-YKLDVVPINSNQGNRSNNS------------------------------------------NTSYRLI---NCNTSVI-T---QA, 0.5259, 0
0.373489, -110.7874, 20, POINT, T, VKLTPLCVTLNCTNVTNNNTT-------------------------------------DMKGEIKN----CSFNI-T-TE--LRD-KK-QKE-YALF-YKLDVVPINSNQGNRSNNS------------------------------------------NTSYRLI---NCNTSAI-T---QA, 0.1600, 1
0.373926, -113.0046, 60, POINT, N, VKLTPLCVTLNCTNVTNNNTT-------------------------------------DMNGEIKN----CSFNI-T-TE--LRD-KK-QKE-YALF-YKLDVVPINSNQGNRSNNS------------------------------------------NTSYRLI---NCNTSAI-T---QA, 0.1600, 0
0.377278, -15.9872, [82], CHUNK, ['I'], VKLTPLCVTLNCTNVTNNNTT-------------------------------------DMKGEIKN----CSFNI-T-TE--IRD-KK-QKE-YALF-YKLDVVPINSNQGNRSNNS------------------------------------------NTSYRLI---NCNTSAI-T---QA, 0.6792, 0
0.382208, -89.3693, [169, 174], CHUNK, ['S', 'V'], VKLTPLCVTLNCTNVTNNNTT-------------------------------------DMKGEIKN----CSFNI-T-TE--LRD-KK-QKE-YALF-YKLDVVPINSNQGNRSNNS------------------------------------------NTSYRLI---SCNTSVI-T---QA, 0.5331, 0
0.374227, -110.7580, 58, POINT, E, VKLTPLCVTLNCTNVTNNNTT-------------------------------------EMKGEIKN----CSFNI-T-TE--LRD-KK-QKE-YALF-YKLDVVPINSNQGNRSNNS------------------------------------------NTSYRLI---NCNTSAI-T---QA, 0.1657, 1
0.378482, 9.3290, [79, 82], CHUNK, ['S', 'I'], VKLTPLCVTLNCTNVTNNNTT-------------------------------------EMKGEIKN----CSFNI-T-TS--IRD-KK-QKE-YALF-YKLDVVPINSNQGNRSNNS------------------------------------------NTSYRLI---NCNTSAI-T---QA, 0.1575, 0
0.374828, -4.9276, [79, 82], CHUNK, ['T', 'I'], VKLTPLCVTLNCTNVTNNNTT-------------------------------------EMKGEIKN----CSFNI-T-TT--IRD-KK-QKE-YALF-YKLDVVPINSNQGNRSNNS------------------------------------------NTSYRLI---NCNTSAI-T---QA, 0.2473, 0
0.375913, -111.2214, 59, POINT, E, VKLTPLCVTLNCTNVTNNNTT-------------------------------------EEKGEIKN----CSFNI-T-TE--LRD-KK-QKE-YALF-YKLDVVPINSNQGNRSNNS------------------------------------------NTSYRLI---NCNTSAI-T---QA, 0.1657, 0
0.377426, -111.6809, 58, POINT, N, VKLTPLCVTLNCTNVTNNNTT-------------------------------------NMKGEIKN----CSFNI-T-TE--LRD-KK-QKE-YALF-YKLDVVPINSNQGNRSNNS------------------------------------------NTSYRLI---NCNTSAI-T---QA, 0.1657, 0
0.375658, -108.3023, 174, POINT, T, VKLTPLCVTLNCTNVTNNNTT-------------------------------------DMKGEIKN----CSFNI-T-TE--LRD-KK-QKE-YALF-YKLDVVPINSNQGNRSNNS------------------------------------------NTSYRLI---NCNTSTI-T---QA, 0.1600, 1
0.377678, -107.5040, 58, POINT, S, VKLTPLCVTLNCTNVTNNNTT-------------------------------------SMKGEIKN----CSFNI-T-TE--LRD-KK-QKE-YALF-YKLDVVPINSNQGNRSNNS------------------------------------------NTSYRLI---NCNTSTI-T---QA, 0.1600, 0
0.380771, -95.0695, [174], CHUNK, ['V'], VKLTPLCVTLNCTNVTNNNTT-------------------------------------DMKGEIKN----CSFNI-T-TE--LRD-KK-QKE-YALF-YKLDVVPINSNQGNRSNNS------------------------------------------NTSYRLI---NCNTSVI-T---QA, 0.4892, 0
0.378313, -109.7495, 107, POINT, N, VKLTPLCVTLNCTNVTNNNTT-------------------------------------DMKGEIKN----CSFNI-T-TE--LRD-KK-QKE-YALF-YKLDVVPINNNQGNRSNNS------------------------------------------NTSYRLI---NCNTSTI-T---QA, 0.1690, 0
0.377309, -107.8796, [106, 107, 108, 109], CHUNK, ['D', 'G', 'S', 'N'], VKLTPLCVTLNCTNVTNNNTT-------------------------------------DMKGEIKN----CSFNI-T-TE--LRD-KK-QKE-YALF-YKLDVVPIDGSNGNRSNNS------------------------------------------NTSYRLI---NCNTSTI-T---QA, 0.1688, 0
0.375658, -108.3023, 174, POINT, T, VKLTPLCVTLNCTNVTNNNTT-------------------------------------DMKGEIKN----CSFNI-T-TE--LRD-KK-QKE-YALF-YKLDVVPINSNQGNRSNNS------------------------------------------NTSYRLI---NCNTSTI-T---QA, 0.1600, 0
0.375257, -111.2506, 59, POINT, E, VKLTPLCVTLNCTNVTNNNTT-------------------------------------DEKGEIKN----CSFNI-T-TE--LRD-KK-QKE-YALF-YKLDVVPINSNQGNRSNNS------------------------------------------NTSYRLI---NCNTSAI-T---QA, 0.1600, 0
0.373926, -113.0046, 60, POINT, N, VKLTPLCVTLNCTNVTNNNTT-------------------------------------DMNGEIKN----CSFNI-T-TE--LRD-KK-QKE-YALF-YKLDVVPINSNQGNRSNNS------------------------------------------NTSYRLI---NCNTSAI-T---QA, 0.1600, 0
0.374227, -110.3144, 58, POINT, E, VKLTPLCVTLNCTNVTNNNTT-------------------------------------EMKGEIKN----CSFNI-T-TE--LRD-KK-QKE-YALF-YKLDVVPINSNQGNRSNNS------------------------------------------NTSYRLI---NCNTSAI-T---QA, 0.1600, 0
0.376155, 4.5157, [79, 82], CHUNK, ['N', 'I'], VKLTPLCVTLNCTNVTNNNTD-------------------------------------DMKGEIKN----CSFNI-T-TN--IRD-KK-QKE-YALF-YKLDVVPINSNQGNRSNNS------------------------------------------NTSYRLI---NCNTSAI-T---QA, 0.2740, 0
0.374137, -28.0391, [79, 82], CHUNK, ['S', 'I'], VKLTPLCVTLNCTNVTNNNTD-------------------------------------DMKGEIKN----CSFNI-T-TS--IRD-KK-QKE-YALF-YKLDVVPINSNQGNRSNNS------------------------------------------NTSYRLI---NCNTSAI-T---QA, 0.3796, 0
0.376155, 9.4299, [79, 82], CHUNK, ['N', 'I'], VKLTPLCVTLNCTNVTNNNTD-------------------------------------DMKGEIKN----CSFNI-T-TN--IRD-KK-QKE-YALF-YKLDVVPINSNQGNRSNNS------------------------------------------NTSYRLI---NCNTSAI-T---QA, 0.1563, 0
0.377164, -98.9048, [174], CHUNK, ['V'], VKLTPLCVTLNCTNVTNNNTD-------------------------------------DMKGEIKN----CSFNI-T-TE--LRD-KK-QKE-YALF-YKLDVVPINSNQGNRSNNS------------------------------------------NTSYRLI---NCNTSVI-T---QA, 0.3884, 0
0.369882, -113.1912, [74], CHUNK, ['I'], VKLTPLCVTLNCTNVTNNNTD-------------------------------------DMKGEIKN----CSFNI-T-TE--LRD-KK-QKE-YALF-YKLDVVPINSNQGNRSNNS------------------------------------------NTSYRLI---NCNTSAI-T---QA, 0.1045, 0
0.362420, -121.5209, 110, POINT, N, VKLTPLCVTLNCTNVTNNNTD-------------------------------------DMKGEIKN----CSFNM-T-TE--LRD-KK-QKE-YALF-YKLDVVPINSNQNNRSNNS------------------------------------------NTSYRLI---NCNTSAI-T---QA, 0.1052, 0
0.374137, 3.2113, [74, 79, 82], CHUNK, ['I', 'S', 'I'], VKLTPLCVTLNCTNVTNNNTD-------------------------------------DMKGEIKN----CSFNI-T-TS--IRD-KK-QKE-YALF-YKLDVVPINSNQGNRSNNS------------------------------------------NTSYRLI---NCNTSAI-T---QA, 0.2891, 0
0.358740, -120.4603, 18, POINT, T, VKLTPLCVTLNCTNVTNNTTD-------------------------------------DMKGEIKN----CSFNM-T-TE--LRD-KK-QKE-YALF-YKLDVVPINSNQGNRSNNS------------------------------------------NTSYRLI---NCNTSAI-T---QA, 0.1052, 1
0.363384, -112.7826, [74], CHUNK, ['V'], VKLTPLCVTLNCTNVTNNTTD-------------------------------------DMKGEIKN----CSFNV-T-TE--LRD-KK-QKE-YALF-YKLDVVPINSNQGNRSNNS------------------------------------------NTSYRLI---NCNTSAI-T---QA, 0.1715, 0
0.370133, -111.6684, [74], CHUNK, ['I'], VKLTPLCVTLNCTNVTNNTTD-------------------------------------DMKGEIKN----CSFNI-T-TE--LRD-KK-QKE-YALF-YKLDVVPINSNQGNRSNNS------------------------------------------NTSYRLI---NCNTSAI-T---QA, 0.2354, 0
0.359555, -119.9610, 58, POINT, E, VKLTPLCVTLNCTNVTNNTTD-------------------------------------EMKGEIKN----CSFNM-T-TE--LRD-KK-QKE-YALF-YKLDVVPINSNQGNRSNNS------------------------------------------NTSYRLI---NCNTSAI-T---QA, 0.1052, 0
0.359555, -119.9610, 58, POINT, E, VKLTPLCVTLNCTNVTNNTTD-------------------------------------EMKGEIKN----CSFNM-T-TE--LRD-KK-QKE-YALF-YKLDVVPINSNQGNRSNNS------------------------------------------NTSYRLI---NCNTSAI-T---QA, 0.1052, 1
0.370948, -107.7439, [74], CHUNK, ['I'], VKLTPLCVTLNCTNVTNNTTD-------------------------------------EMKGEIKN----CSFNI-T-TE--LRD-KK-QKE-YALF-YKLDVVPINSNQGNRSNNS------------------------------------------NTSYRLI---NCNTSAI-T---QA, 0.3116, 0
0.366837, -103.0172, 174, POINT, V, VKLTPLCVTLNCTNVTNNTTD-------------------------------------EMKGEIKN----CSFNM-T-TE--LRD-KK-QKE-YALF-YKLDVVPINSNQGNRSNNS------------------------------------------NTSYRLI---NCNTSVI-T---QA, 0.3643, 0
0.362414, -116.7814, 20, POINT, T, VKLTPLCVTLNCTNVTNNTTT-------------------------------------EMKGEIKN----CSFNM-T-TE--LRD-KK-QKE-YALF-YKLDVVPINSNQGNRSNNS------------------------------------------NTSYRLI---NCNTSAI-T---QA, 0.1052, 0
0.370948, -109.2688, [74], CHUNK, ['I'], VKLTPLCVTLNCTNVTNNTTD-------------------------------------EMKGEIKN----CSFNI-T-TE--LRD-KK-QKE-YALF-YKLDVVPINSNQGNRSNNS------------------------------------------NTSYRLI---NCNTSAI-T---QA, 0.2446, 0
0.366022, -100.9463, 174, POINT, V, VKLTPLCVTLNCTNVTNNTTD-------------------------------------DMKGEIKN----CSFNM-T-TE--LRD-KK-QKE-YALF-YKLDVVPINSNQGNRSNNS------------------------------------------NTSYRLI---NCNTSVI-T---QA, 0.3701, 0
0.360189, -120.9932, 59, POINT, E, VKLTPLCVTLNCTNVTNNTTD-------------------------------------DEKGEIKN----CSFNM-T-TE--LRD-KK-QKE-YALF-YKLDVVPINSNQGNRSNNS------------------------------------------NTSYRLI---NCNTSAI-T---QA, 0.1052, 0
0.359555, -120.2181, 58, POINT, E, VKLTPLCVTLNCTNVTNNTTD-------------------------------------EMKGEIKN----CSFNM-T-TE--LRD-KK-QKE-YALF-YKLDVVPINSNQGNRSNNS------------------------------------------NTSYRLI---NCNTSAI-T---QA, 0.1131, 0
0.370092, -108.2526, [74, 79], CHUNK, ['I', 'N'], VKLTPLCVTLNCTNVTNNTTD-------------------------------------DMKGEIKN----CSFNI-T-TN--LRD-KK-QKE-YALF-YKLDVVPINSNQGNRSNNS------------------------------------------NTSYRLI---NCNTSAI-T---QA, 0.3262, 1
0.370684, -107.7092, 58, POINT, V, VKLTPLCVTLNCTNVTNNTTD-------------------------------------VMKGEIKN----CSFNI-T-TN--LRD-KK-QKE-YALF-YKLDVVPINSNQGNRSNNS------------------------------------------NTSYRLI---NCNTSAI-T---QA, 0.2921, 0
0.377374, -98.7641, 174, POINT, V, VKLTPLCVTLNCTNVTNNTTD-------------------------------------DMKGEIKN----CSFNI-T-TN--LRD-KK-QKE-YALF-YKLDVVPINSNQGNRSNNS------------------------------------------NTSYRLI---NCNTSVI-T---QA, 0.4009, 0
0.376406, -13.8845, [82], CHUNK, ['I'], VKLTPLCVTLNCTNVTNNTTD-------------------------------------DMKGEIKN----CSFNI-T-TN--IRD-KK-QKE-YALF-YKLDVVPINSNQGNRSNNS------------------------------------------NTSYRLI---NCNTSAI-T---QA, 0.3768, 0
0.379130, -34.8360, [82, 87], CHUNK, ['I', 'V'], VKLTPLCVTLNCTNVTNNTTD-------------------------------------DMKGEIKN----CSFNI-T-TN--IRD-KV-QKE-YALF-YKLDVVPINSNQGNRSNNS------------------------------------------NTSYRLI---NCNTSAI-T---QA, 0.4696, 0
0.358885, -122.6393, 60, POINT, N, VKLTPLCVTLNCTNVTNNTTD-------------------------------------DMNGEIKN----CSFNM-T-TE--LRD-KK-QKE-YALF-YKLDVVPINSNQGNRSNNS------------------------------------------NTSYRLI---NCNTSAI-T---QA, 0.1052, 1
0.360350, -123.4060, 110, POINT, K, VKLTPLCVTLNCTNVTNNTTD-------------------------------------DMNGEIKN----CSFNM-T-TE--LRD-KK-QKE-YALF-YKLDVVPINSNQKNRSNNS------------------------------------------NTSYRLI---NCNTSAI-T---QA, 0.1052, 1
0.362992, -124.5804, 107, POINT, N, VKLTPLCVTLNCTNVTNNTTD-------------------------------------DMNGEIKN----CSFNM-T-TE--LRD-KK-QKE-YALF-YKLDVVPINNNQKNRSNNS------------------------------------------NTSYRLI---NCNTSAI-T---QA, 0.0974, 1
0.374385, -117.0974, [74], CHUNK, ['I'], VKLTPLCVTLNCTNVTNNTTD-------------------------------------DMNGEIKN----CSFNI-T-TE--LRD-KK-QKE-YALF-YKLDVVPINNNQKNRSNNS------------------------------------------NTSYRLI---NCNTSAI-T---QA, 0.2142, 0
0.366417, -124.9580, 20, POINT, N, VKLTPLCVTLNCTNVTNNTTN-------------------------------------DMNGEIKN----CSFNM-T-TE--LRD-KK-QKE-YALF-YKLDVVPINNNQKNRSNNS------------------------------------------NTSYRLI---NCNTSAI-T---QA, 0.0974, 0
0.374385, -117.1966, 74, POINT, I, VKLTPLCVTLNCTNVTNNTTD-------------------------------------DMNGEIKN----CSFNI-T-TE--LRD-KK-QKE-YALF-YKLDVVPINNNQKNRSNNS------------------------------------------NTSYRLI---NCNTSAI-T---QA, 0.1048, 0
0.374385, -110.5642, [74], CHUNK, ['I'], VKLTPLCVTLNCTNVTNNTTD-------------------------------------DMNGEIKN----CSFNI-T-TE--LRD-KK-QKE-YALF-YKLDVVPINNNQKNRSNNS------------------------------------------NTSYRLI---NCNTSAI-T---QA, 0.4719, 0
0.364994, -115.1525, [74], CHUNK, ['V'], VKLTPLCVTLNCTNVTNNTTD-------------------------------------DMNGEIKN----CSFNV-T-TE--LRD-KK-QKE-YALF-YKLDVVPINSNQKNRSNNS------------------------------------------NTSYRLI---NCNTSAI-T---QA, 0.2853, 0
0.363429, -120.8993, 58, POINT, T, VKLTPLCVTLNCTNVTNNTTD-------------------------------------TMNGEIKN----CSFNM-T-TE--LRD-KK-QKE-YALF-YKLDVVPINSNQKNRSNNS------------------------------------------NTSYRLI---NCNTSAI-T---QA, 0.1052, 1
0.363537, -119.5949, 19, POINT, N, VKLTPLCVTLNCTNVTNNTND-------------------------------------TMNGEIKN----CSFNM-T-TE--LRD-KK-QKE-YALF-YKLDVVPINSNQKNRSNNS------------------------------------------NTSYRLI---NCNTSAI-T---QA, 0.1052, 1
0.370819, -99.4878, 174, POINT, V, VKLTPLCVTLNCTNVTNNTND-------------------------------------TMNGEIKN----CSFNM-T-TE--LRD-KK-QKE-YALF-YKLDVVPINSNQKNRSNNS------------------------------------------NTSYRLI---NCNTSVI-T---QA, 0.4137, 0
0.374929, -113.3699, [74], CHUNK, ['I'], VKLTPLCVTLNCTNVTNNTND-------------------------------------TMNGEIKN----CSFNI-T-TE--LRD-KK-QKE-YALF-YKLDVVPINSNQKNRSNNS------------------------------------------NTSYRLI---NCNTSAI-T---QA, 0.1066, 0
0.374929, -113.8212, [74], CHUNK, ['I'], VKLTPLCVTLNCTNVTNNTND-------------------------------------TMNGEIKN----CSFNI-T-TE--LRD-KK-QKE-YALF-YKLDVVPINSNQKNRSNNS------------------------------------------NTSYRLI---NCNTSAI-T---QA, 0.1589, 0
0.374929, -111.2892, [74], CHUNK, ['I'], VKLTPLCVTLNCTNVTNNTND-------------------------------------TMNGEIKN----CSFNI-T-TE--LRD-KK-QKE-YALF-YKLDVVPINSNQKNRSNNS------------------------------------------NTSYRLI---NCNTSAI-T---QA, 0.1480, 0
0.374822, -115.1604, [74], CHUNK, ['I'], VKLTPLCVTLNCTNVTNNTTD-------------------------------------TMNGEIKN----CSFNI-T-TE--LRD-KK-QKE-YALF-YKLDVVPINSNQKNRSNNS------------------------------------------NTSYRLI---NCNTSAI-T---QA, 0.1643, 0
0.372149, -104.1400, [169, 174], CHUNK, ['S', 'V'], VKLTPLCVTLNCTNVTNNTTD-------------------------------------TMNGEIKN----CSFNM-T-TE--LRD-KK-QKE-YALF-YKLDVVPINSNQKNRSNNS------------------------------------------NTSYRLI---SCNTSVI-T---QA, 0.4335, 0
0.374822, -113.8486, [74], CHUNK, ['I'], VKLTPLCVTLNCTNVTNNTTD-------------------------------------TMNGEIKN----CSFNI-T-TE--LRD-KK-QKE-YALF-YKLDVVPINSNQKNRSNNS------------------------------------------NTSYRLI---NCNTSAI-T---QA, 0.2366, 0
0.364352, -121.4553, 59, POINT, K, VKLTPLCVTLNCTNVTNNTTD-------------------------------------TKNGEIKN----CSFNM-T-TE--LRD-KK-QKE-YALF-YKLDVVPINSNQKNRSNNS------------------------------------------NTSYRLI---NCNTSAI-T---QA, 0.1052, 1
0.375745, -113.9513, [74], CHUNK, ['I'], VKLTPLCVTLNCTNVTNNTTD-------------------------------------TKNGEIKN----CSFNI-T-TE--LRD-KK-QKE-YALF-YKLDVVPINSNQKNRSNNS------------------------------------------NTSYRLI---NCNTSAI-T---QA, 0.1715, 0
0.375745, -109.9487, [74], CHUNK, ['I'], VKLTPLCVTLNCTNVTNNTTD-------------------------------------TKNGEIKN----CSFNI-T-TE--LRD-KK-QKE-YALF-YKLDVVPINSNQKNRSNNS------------------------------------------NTSYRLI---NCNTSAI-T---QA, 0.2069, 0
0.364633, -121.3067, 87, POINT, V, VKLTPLCVTLNCTNVTNNTTD-------------------------------------TKNGEIKN----CSFNM-T-TE--LRD-KV-QKE-YALF-YKLDVVPINSNQKNRSNNS------------------------------------------NTSYRLI---NCNTSAI-T---QA, 0.1018, 0
0.380000, -38.4638, [74, 79, 82], CHUNK, ['I', 'S', 'I'], VKLTPLCVTLNCTNVTNNTTD-------------------------------------TKNGEIKN----CSFNI-T-TS--IRD-KK-QKE-YALF-YKLDVVPINSNQKNRSNNS------------------------------------------NTSYRLI---NCNTSAI-T---QA, 0.3841, 0
0.370712, -109.1967, 174, POINT, V, VKLTPLCVTLNCTNVTNNTTD-------------------------------------TMNGEIKN----CSFNM-T-TE--LRD-KK-QKE-YALF-YKLDVVPINSNQKNRSNNS------------------------------------------NTSYRLI---NCNTSVI-T---QA, 0.4268, 0
0.379077, -54.6126, [74, 79, 82], CHUNK, ['I', 'S', 'I'], VKLTPLCVTLNCTNVTNNTTD-------------------------------------TMNGEIKN----CSFNI-T-TS--IRD-KK-QKE-YALF-YKLDVVPINSNQKNRSNNS------------------------------------------NTSYRLI---NCNTSAI-T---QA, 0.2502, 0
0.374822, -113.0650, [74], CHUNK, ['I'], VKLTPLCVTLNCTNVTNNTTD-------------------------------------TMNGEIKN----CSFNI-T-TE--LRD-KK-QKE-YALF-YKLDVVPINSNQKNRSNNS------------------------------------------NTSYRLI---NCNTSAI-T---QA, 0.3042, 1
0.374929, -112.9572, 19, POINT, N, VKLTPLCVTLNCTNVTNNTND-------------------------------------TMNGEIKN----CSFNI-T-TE--LRD-KK-QKE-YALF-YKLDVVPINSNQKNRSNNS------------------------------------------NTSYRLI---NCNTSAI-T---QA, 0.3198, 0
0.378035, -28.3497, [82, 89], CHUNK, ['I', 'K'], VKLTPLCVTLNCTNVTNNTTD-------------------------------------TMNGEIKN----CSFNI-T-TE--IRD-KK-KKE-YALF-YKLDVVPINSNQKNRSNNS------------------------------------------NTSYRLI---NCNTSAI-T---QA, 0.7708, 0
0.382104, -97.4548, 174, POINT, V, VKLTPLCVTLNCTNVTNNTTD-------------------------------------TMNGEIKN----CSFNI-T-TE--LRD-KK-QKE-YALF-YKLDVVPINSNQKNRSNNS------------------------------------------NTSYRLI---NCNTSVI-T---QA, 0.5377, 0
0.378794, -114.1914, 20, POINT, N, VKLTPLCVTLNCTNVTNNTTN-------------------------------------TMNGEIKN----CSFNI-T-TE--LRD-KK-QKE-YALF-YKLDVVPINSNQKNRSNNS------------------------------------------NTSYRLI---NCNTSAI-T---QA, 0.3509, 1
0.382907, -112.1832, [107, 108, 109, 110, 111, 112], CHUNK, ['N', 'D', 'K', 'V', 'T', 'N'], VKLTPLCVTLNCTNVTNNTTN-------------------------------------TMNGEIKN----CSFNI-T-TE--LRD-KK-QKE-YALF-YKLDVVPINNDKVTNSNNS------------------------------------------NTSYRLI---NCNTSAI-T---QA, 0.3509, 0
0.387513, -98.2752, [169, 174], CHUNK, ['S', 'V'], VKLTPLCVTLNCTNVTNNTTN-------------------------------------TMNGEIKN----CSFNI-T-TE--LRD-KK-QKE-YALF-YKLDVVPINSNQKNRSNNS------------------------------------------NTSYRLI---SCNTSVI-T---QA, 0.4783, 0
0.387513, -91.3799, [169, 174], CHUNK, ['S', 'V'], VKLTPLCVTLNCTNVTNNTTN-------------------------------------TMNGEIKN----CSFNI-T-TE--LRD-KK-QKE-YALF-YKLDVVPINSNQKNRSNNS------------------------------------------NTSYRLI---SCNTSVI-T---QA, 0.5931, 0
0.384029, -114.4720, 109, POINT, N, VKLTPLCVTLNCTNVTNNTTN-------------------------------------TMNGEIKN----CSFNI-T-TE--LRD-KK-QKE-YALF-YKLDVVPINSNNKNRSNNS------------------------------------------NTSYRLI---NCNTSAI-T---QA, 0.3758, 0
0.374929, -112.3156, 19, POINT, N, VKLTPLCVTLNCTNVTNNTND-------------------------------------TMNGEIKN----CSFNI-T-TE--LRD-KK-QKE-YALF-YKLDVVPINSNQKNRSNNS------------------------------------------NTSYRLI---NCNTSAI-T---QA, 0.2880, 0
0.377956, -110.7883, [20], CHUNK, ['T'], VKLTPLCVTLNCTNVTNNTTT-------------------------------------TMNGEIKN----CSFNI-T-TE--LRD-KK-QKE-YALF-YKLDVVPINSNQKNRSNNS------------------------------------------NTSYRLI---NCNTSAI-T---QA, 0.2474, 1
0.384229, -24.9829, [79, 82], CHUNK, ['N', 'I'], VKLTPLCVTLNCTNVTNNTTT-------------------------------------TMNGEIKN----CSFNI-T-TN--IRD-KK-QKE-YALF-YKLDVVPINSNQKNRSNNS------------------------------------------NTSYRLI---NCNTSAI-T---QA, 0.3274, 0
0.383174, 9.7734, [82, 87], CHUNK, ['I', 'V'], VKLTPLCVTLNCTNVTNNTTT-------------------------------------TMNGEIKN----CSFNI-T-TE--IRD-KV-QKE-YALF-YKLDVVPINSNQKNRSNNS------------------------------------------NTSYRLI---NCNTSAI-T---QA, 0.2724, 0
0.385238, -90.7971, [174], CHUNK, ['V'], VKLTPLCVTLNCTNVTNNTTT-------------------------------------TMNGEIKN----CSFNI-T-TE--LRD-KK-QKE-YALF-YKLDVVPINSNQKNRSNNS------------------------------------------NTSYRLI---NCNTSVI-T---QA, 0.4408, 0
0.385238, -95.9204, [174], CHUNK, ['V'], VKLTPLCVTLNCTNVTNNTTT-------------------------------------TMNGEIKN----CSFNI-T-TE--LRD-KK-QKE-YALF-YKLDVVPINSNQKNRSNNS------------------------------------------NTSYRLI---NCNTSVI-T---QA, 0.3380, 0
0.382104, -91.4722, 174, POINT, V, VKLTPLCVTLNCTNVTNNTTD-------------------------------------TMNGEIKN----CSFNI-T-TE--LRD-KK-QKE-YALF-YKLDVVPINSNQKNRSNNS------------------------------------------NTSYRLI---NCNTSVI-T---QA, 0.2924, 0
0.378611, -21.3251, 82, POINT, I, VKLTPLCVTLNCTNVTNNTTD-------------------------------------TMNGEIKN----CSFNI-T-TE--IRD-KK-QKE-YALF-YKLDVVPINSNQKNRSNNS------------------------------------------NTSYRLI---NCNTSAI-T---QA, 0.3980, 0
0.377956, -109.9323, 20, POINT, T, VKLTPLCVTLNCTNVTNNTTT-------------------------------------TMNGEIKN----CSFNI-T-TE--LRD-KK-QKE-YALF-YKLDVVPINSNQKNRSNNS------------------------------------------NTSYRLI---NCNTSAI-T---QA, 0.3042, 0
0.375156, -113.3784, 87, POINT, V, VKLTPLCVTLNCTNVTNNTTD-------------------------------------TMNGEIKN----CSFNI-T-TE--LRD-KV-QKE-YALF-YKLDVVPINSNQKNRSNNS------------------------------------------NTSYRLI---NCNTSAI-T---QA, 0.3006, 0
0.374822, -111.3064, 74, POINT, I, VKLTPLCVTLNCTNVTNNTTD-------------------------------------TMNGEIKN----CSFNI-T-TE--LRD-KK-QKE-YALF-YKLDVVPINSNQKNRSNNS------------------------------------------NTSYRLI---NCNTSAI-T---QA, 0.2144, 0
0.379077, 3.8489, [74, 79, 82], CHUNK, ['I', 'S', 'I'], VKLTPLCVTLNCTNVTNNTTD-------------------------------------TMNGEIKN----CSFNI-T-TS--IRD-KK-QKE-YALF-YKLDVVPINSNQKNRSNNS------------------------------------------NTSYRLI---NCNTSAI-T---QA, 0.2051, 0
0.364706, -121.4338, 59, POINT, E, VKLTPLCVTLNCTNVTNNTTD-------------------------------------TENGEIKN----CSFNM-T-TE--LRD-KK-QKE-YALF-YKLDVVPINSNQKNRSNNS------------------------------------------NTSYRLI---NCNTSAI-T---QA, 0.1052, 1
0.364778, -116.7717, 60, POINT, T, VKLTPLCVTLNCTNVTNNTTD-------------------------------------TETGEIKN----CSFNM-T-TE--LRD-KK-QKE-YALF-YKLDVVPINSNQKNRSNNS------------------------------------------NTSYRLI---NCNTSAI-T---QA, 0.1052, 0
0.376099, -116.2783, [74], CHUNK, ['I'], VKLTPLCVTLNCTNVTNNTTD-------------------------------------TENGEIKN----CSFNI-T-TE--LRD-KK-QKE-YALF-YKLDVVPINSNQKNRSNNS------------------------------------------NTSYRLI---NCNTSAI-T---QA, 0.2341, 0
0.376099, -109.8180, [74], CHUNK, ['I'], VKLTPLCVTLNCTNVTNNTTD-------------------------------------TENGEIKN----CSFNI-T-TE--LRD-KK-QKE-YALF-YKLDVVPINSNQKNRSNNS------------------------------------------NTSYRLI---NCNTSAI-T---QA, 0.2474, 0
0.373426, -101.3073, [169, 174], CHUNK, ['S', 'V'], VKLTPLCVTLNCTNVTNNTTD-------------------------------------TENGEIKN----CSFNM-T-TE--LRD-KK-QKE-YALF-YKLDVVPINSNQKNRSNNS------------------------------------------NTSYRLI---SCNTSVI-T---QA, 0.3548, 0
0.368074, -111.0729, [74], CHUNK, ['V'], VKLTPLCVTLNCTNVTNNTTD-------------------------------------TMNGEIKN----CSFNV-T-TE--LRD-KK-QKE-YALF-YKLDVVPINSNQKNRSNNS------------------------------------------NTSYRLI---NCNTSAI-T---QA, 0.2820, 1
0.379077, -35.4640, [74, 79, 82], CHUNK, ['I', 'S', 'I'], VKLTPLCVTLNCTNVTNNTTD-------------------------------------TMNGEIKN----CSFNI-T-TS--IRD-KK-QKE-YALF-YKLDVVPINSNQKNRSNNS------------------------------------------NTSYRLI---NCNTSAI-T---QA, 0.4169, 0
0.375356, -97.8702, [174], CHUNK, ['V'], VKLTPLCVTLNCTNVTNNTTD-------------------------------------TMNGEIKN----CSFNV-T-TE--LRD-KK-QKE-YALF-YKLDVVPINSNQKNRSNNS------------------------------------------NTSYRLI---NCNTSVI-T---QA, 0.4006, 0
0.376793, -96.1976, [169, 174], CHUNK, ['S', 'V'], VKLTPLCVTLNCTNVTNNTTD-------------------------------------TMNGEIKN----CSFNV-T-TE--LRD-KK-QKE-YALF-YKLDVVPINSNQKNRSNNS------------------------------------------NTSYRLI---SCNTSVI-T---QA, 0.4988, 0
0.373202, -107.8980, [74, 79], CHUNK, ['I', 'S'], VKLTPLCVTLNCTNVTNNTTD-------------------------------------TMNGEIKN----CSFNI-T-TS--LRD-KK-QKE-YALF-YKLDVVPINSNQKNRSNNS------------------------------------------NTSYRLI---NCNTSAI-T---QA, 0.2820, 0
0.364706, -121.4338, 59, POINT, E, VKLTPLCVTLNCTNVTNNTTD-------------------------------------TENGEIKN----CSFNM-T-TE--LRD-KK-QKE-YALF-YKLDVVPINSNQKNRSNNS------------------------------------------NTSYRLI---NCNTSAI-T---QA, 0.1052, 0
0.368074, -113.0728, [74], CHUNK, ['V'], VKLTPLCVTLNCTNVTNNTTD-------------------------------------TMNGEIKN----CSFNV-T-TE--LRD-KK-QKE-YALF-YKLDVVPINSNQKNRSNNS------------------------------------------NTSYRLI---NCNTSAI-T---QA, 0.2639, 0
0.374822, -112.4365, [74], CHUNK, ['I'], VKLTPLCVTLNCTNVTNNTTD-------------------------------------TMNGEIKN----CSFNI-T-TE--LRD-KK-QKE-YALF-YKLDVVPINSNQKNRSNNS------------------------------------------NTSYRLI---NCNTSAI-T---QA, 0.1969, 0
0.374781, -110.9408, [74, 79], CHUNK, ['I', 'N'], VKLTPLCVTLNCTNVTNNTTD-------------------------------------TMNGEIKN----CSFNI-T-TN--LRD-KK-QKE-YALF-YKLDVVPINSNQKNRSNNS------------------------------------------NTSYRLI---NCNTSAI-T---QA, 0.1995, 0
0.371743, -116.9088, [74], CHUNK, ['I'], VKLTPLCVTLNCTNVTNNTTD-------------------------------------DMNGEIKN----CSFNI-T-TE--LRD-KK-QKE-YALF-YKLDVVPINSNQKNRSNNS------------------------------------------NTSYRLI---NCNTSAI-T---QA, 0.2414, 0
0.364994, -111.2762, [74], CHUNK, ['V'], VKLTPLCVTLNCTNVTNNTTD-------------------------------------DMNGEIKN----CSFNV-T-TE--LRD-KK-QKE-YALF-YKLDVVPINSNQKNRSNNS------------------------------------------NTSYRLI---NCNTSAI-T---QA, 0.2465, 0
0.371743, -112.9981, [74], CHUNK, ['I'], VKLTPLCVTLNCTNVTNNTTD-------------------------------------DMNGEIKN----CSFNI-T-TE--LRD-KK-QKE-YALF-YKLDVVPINSNQKNRSNNS------------------------------------------NTSYRLI---NCNTSAI-T---QA, 0.1526, 0
0.369070, -111.9831, [169, 174], CHUNK, ['S', 'V'], VKLTPLCVTLNCTNVTNNTTD-------------------------------------DMNGEIKN----CSFNM-T-TE--LRD-KK-QKE-YALF-YKLDVVPINSNQKNRSNNS------------------------------------------NTSYRLI---SCNTSVI-T---QA, 0.3677, 0
0.362348, -5.1703, [82, 87], CHUNK, ['I', 'V'], VKLTPLCVTLNCTNVTNNTTD-------------------------------------DMNGEIKN----CSFNM-T-TE--IRD-KV-QKE-YALF-YKLDVVPINSNQGNRSNNS------------------------------------------NTSYRLI---NCNTSAI-T---QA, 0.2588, 0
0.374533, -2.3696, [74, 79, 82], CHUNK, ['I', 'S', 'I'], VKLTPLCVTLNCTNVTNNTTD-------------------------------------DMNGEIKN----CSFNI-T-TS--IRD-KK-QKE-YALF-YKLDVVPINSNQGNRSNNS------------------------------------------NTSYRLI---NCNTSAI-T---QA, 0.1849, 0
0.359166, -122.3033, 87, POINT, V, VKLTPLCVTLNCTNVTNNTTD-------------------------------------DMNGEIKN----CSFNM-T-TE--LRD-KV-QKE-YALF-YKLDVVPINSNQGNRSNNS------------------------------------------NTSYRLI---NCNTSAI-T---QA, 0.1110, 0
0.362533, -119.1060, [18, 20], CHUNK, ['N', 'T'], VKLTPLCVTLNCTNVTNNNTT-------------------------------------DMNGEIKN----CSFNM-T-TE--LRD-KK-QKE-YALF-YKLDVVPINSNQGNRSNNS------------------------------------------NTSYRLI---NCNTSAI-T---QA, 0.1052, 0
