Name base = V1V2_70_exp_9_4_i
Iters = 70
Soft coverage = 0.284621885725
Energy = -130.355286784
Hard Covereage = 0.0368019545157
Num epitopes = 65
Initial seq = VKLTPLCVTLQCTNVTNNITD-------------------------------------DMRGELKN----CSFNM-T-TE--LRD-KK-QKV-YSLF-YRLDVVQINENQGNRSNNS------------------------------------------NKEYRLI---NCNTSAI-T---QA
-------START OF DATA------
0.293003, -130.5317, 94, POINT, A, VKLTPLCVTLQCTNVTNNITD-------------------------------------DMRGELKN----CSFNM-T-TE--LRD-KK-QKV-YALF-YRLDVVQINENQGNRSNNS------------------------------------------NKEYRLI---NCNTSAI-T---QA, 0.0000, 1
0.299808, -129.4343, 99, POINT, K, VKLTPLCVTLQCTNVTNNITD-------------------------------------DMRGELKN----CSFNM-T-TE--LRD-KK-QKV-YALF-YKLDVVQINENQGNRSNNS------------------------------------------NKEYRLI---NCNTSAI-T---QA, 0.0640, 1
0.307090, -103.6178, 174, POINT, V, VKLTPLCVTLQCTNVTNNITD-------------------------------------DMRGELKN----CSFNM-T-TE--LRD-KK-QKV-YALF-YKLDVVQINENQGNRSNNS------------------------------------------NKEYRLI---NCNTSVI-T---QA, 0.2111, 0
0.323474, -129.5225, 10, POINT, N, VKLTPLCVTLNCTNVTNNITD-------------------------------------DMRGELKN----CSFNM-T-TE--LRD-KK-QKV-YALF-YKLDVVQINENQGNRSNNS------------------------------------------NKEYRLI---NCNTSAI-T---QA, 0.0356, 1
0.328557, -128.9463, 160, POINT, T, VKLTPLCVTLNCTNVTNNITD-------------------------------------DMRGELKN----CSFNM-T-TE--LRD-KK-QKV-YALF-YKLDVVQINENQGNRSNNS------------------------------------------NTEYRLI---NCNTSAI-T---QA, 0.0356, 1
0.335581, -128.6351, 161, POINT, S, VKLTPLCVTLNCTNVTNNITD-------------------------------------DMRGELKN----CSFNM-T-TE--LRD-KK-QKV-YALF-YKLDVVQINENQGNRSNNS------------------------------------------NTSYRLI---NCNTSAI-T---QA, 0.0356, 1
0.336159, -63.5759, 134, POINT, T, VKLTPLCVTLNCTNVTNNITD-------------------------------------DMRGELKN----CSFNM-T-TE--LRD-KK-QKV-YALF-YKLDVVQINENQGNRSNNN-----------------S------------------------TTSYRLI---NCNTSAI-T---QA, 1.6160, 0
0.345553, -73.9064, 74, POINT, I, VKLTPLCVTLNCTNVTNNITD-------------------------------------DMRGELKN----CSFNI-T-TE--LRD-KK-QKV-YALF-YKLDVVQINENQGNRSNNS------------------------------------------NTSYRLI---NCNTSAI-T---QA, 0.1064, 0
0.342852, -126.9751, 63, POINT, I, VKLTPLCVTLNCTNVTNNITD-------------------------------------DMRGEIKN----CSFNM-T-TE--LRD-KK-QKV-YALF-YKLDVVQINENQGNRSNNS------------------------------------------NTSYRLI---NCNTSAI-T---QA, 0.0356, 1
0.348910, -125.4402, 91, POINT, E, VKLTPLCVTLNCTNVTNNITD-------------------------------------DMRGEIKN----CSFNM-T-TE--LRD-KK-QKE-YALF-YKLDVVQINENQGNRSNNS------------------------------------------NTSYRLI---NCNTSAI-T---QA, 0.0356, 1
0.353677, -125.0822, 109, POINT, N, VKLTPLCVTLNCTNVTNNITD-------------------------------------DMRGEIKN----CSFNM-T-TE--LRD-KK-QKE-YALF-YKLDVVQINENNGNRSNNS------------------------------------------NTSYRLI---NCNTSAI-T---QA, 0.0356, 1
0.354727, 1.6777, 123, POINT, T, VKLTPLCVTLNCTNVTNNITD-------------------------------------DMRGEIKN----CSFNM-T-TE--LRD-KK-QKE-YALF-YKLDVVQINENNGNRSNNS------D-----------------------------------NTSYRLI---NCNTSAI-T---QA, 1.6268, 0
0.358316, -125.3234, 104, POINT, P, VKLTPLCVTLNCTNVTNNITD-------------------------------------DMRGEIKN----CSFNM-T-TE--LRD-KK-QKE-YALF-YKLDVVPINENNGNRSNNS------------------------------------------NTSYRLI---NCNTSAI-T---QA, 0.0356, 0
0.345020, -117.7558, 143, POINT, T, VKLTPLCVTLNCTNVTNNITD-------------------------------------DMRGEIKN----CSFNM-T-TE--LRD-KK-QKE-YALF-YKLDVVQINENNGNRSNNS--------------------------K---------------QTSYRLI---NCNTSAI-T---QA, 1.6113, 1
0.352302, -90.5093, 174, POINT, V, VKLTPLCVTLNCTNVTNNITD-------------------------------------DMRGEIKN----CSFNM-T-TE--LRD-KK-QKE-YALF-YKLDVVQINENNGNRSNNS--------------------------K---------------QTSYRLI---NCNTSVI-T---QA, 1.6081, 0
0.356413, -110.4615, 74, POINT, I, VKLTPLCVTLNCTNVTNNITD-------------------------------------DMRGEIKN----CSFNI-T-TE--LRD-KK-QKE-YALF-YKLDVVQINENNGNRSNNS--------------------------K---------------QTSYRLI---NCNTSAI-T---QA, 1.6123, 1
0.364800, -111.3577, 159, POINT, N, VKLTPLCVTLNCTNVTNNITD-------------------------------------DMRGEIKN----CSFNI-T-TE--LRD-KK-QKE-YALF-YKLDVVQINENNGNRSNNS--------------------------K---------------NTSYRLI---NCNTSAI-T---QA, 1.6068, 0
0.364800, -110.1786, 159, POINT, N, VKLTPLCVTLNCTNVTNNITD-------------------------------------DMRGEIKN----CSFNI-T-TE--LRD-KK-QKE-YALF-YKLDVVQINENNGNRSNNS--------------------------K---------------NTSYRLI---NCNTSAI-T---QA, 1.6123, 0
0.363439, -92.4654, 144, POINT, T, VKLTPLCVTLNCTNVTNNITD-------------------------------------DMRGEIKN----CSFNI-T-TE--LRD-KK-QKE-YALF-YKLDVVQINENNGNRSNNS--------------------------SK--------------STSYRLI---NCNTSAI-T---QA, 2.5931, 0
0.362434, 1057.5030, 144, POINT, T, VKLTPLCVTLNCTNVTNNITD-------------------------------------DMRGEIKN----CSFNI-T-TE--LRD-KK-QKE-YALF-YKLDVVQINENNGNRSNNS--------------------------NV--------------KTSYRLI---NCNTSAI-T---QA, 2.6111, 0
0.353407, -117.5278, 159, POINT, N, VKLTPLCVTLNCTNVTNNITD-------------------------------------DMRGEIKN----CSFNM-T-TE--LRD-KK-QKE-YALF-YKLDVVQINENNGNRSNNS--------------------------K---------------NTSYRLI---NCNTSAI-T---QA, 1.6113, 0
0.352302, -89.9739, 174, POINT, V, VKLTPLCVTLNCTNVTNNITD-------------------------------------DMRGEIKN----CSFNM-T-TE--LRD-KK-QKE-YALF-YKLDVVQINENNGNRSNNS--------------------------K---------------QTSYRLI---NCNTSVI-T---QA, 1.6130, 0
0.356413, -109.8136, 74, POINT, I, VKLTPLCVTLNCTNVTNNITD-------------------------------------DMRGEIKN----CSFNI-T-TE--LRD-KK-QKE-YALF-YKLDVVQINENNGNRSNNS--------------------------K---------------QTSYRLI---NCNTSAI-T---QA, 1.6029, 0
0.354547, -97.2497, 154, POINT, T, VKLTPLCVTLNCTNVTNNITD-------------------------------------DMRGEIKN----CSFNM-T-TE--LRD-KK-QKE-YALF-YKLDVVQINENNGNRSNNS--------------------------S----------S----STSYRLI---NCNTSAI-T---QA, 2.5980, 0
0.352931, 2549.2352, 119, POINT, T, VKLTPLCVTLNCTNVTNNITD-------------------------------------DMRGEIKN----CSFNM-T-TE--LRD-KK-QKE-YALF-YKLDVVQINENNGNRSNNS--V---------------------------------------NTSYRLI---NCNTSAI-T---QA, 1.6481, 0
0.365070, -119.3479, 74, POINT, I, VKLTPLCVTLNCTNVTNNITD-------------------------------------DMRGEIKN----CSFNI-T-TE--LRD-KK-QKE-YALF-YKLDVVQINENNGNRSNNS------------------------------------------NTSYRLI---NCNTSAI-T---QA, 0.0460, 0
0.360959, -99.0895, 174, POINT, V, VKLTPLCVTLNCTNVTNNITD-------------------------------------DMRGEIKN----CSFNM-T-TE--LRD-KK-QKE-YALF-YKLDVVQINENNGNRSNNS------------------------------------------NTSYRLI---NCNTSVI-T---QA, 0.1659, 0
0.356131, -99.0886, 121, POINT, T, VKLTPLCVTLNCTNVTNNITD-------------------------------------DMRGEIKN----CSFNM-T-TE--LRD-KK-QKE-YALF-YKLDVVQINENNGNRSNNS----S-------------------------------------NTSYRLI---NCNTSAI-T---QA, 1.6130, 0
0.353677, -125.0822, 109, POINT, N, VKLTPLCVTLNCTNVTNNITD-------------------------------------DMRGEIKN----CSFNM-T-TE--LRD-KK-QKE-YALF-YKLDVVQINENNGNRSNNS------------------------------------------NTSYRLI---NCNTSAI-T---QA, 0.0356, 0
0.337833, -99.1276, 132, POINT, T, VKLTPLCVTLNCTNVTNNITD-------------------------------------DMRGEIKN----CSFNM-T-TE--LRD-KK-QKE-YALF-YKLDVVQINENQGNRSNNE---------------K--------------------------QTSYRLI---NCNTSAI-T---QA, 1.6147, 0
0.345229, 60.2512, 143, POINT, T, VKLTPLCVTLNCTNVTNNITD-------------------------------------DMRGEIKN----CSFNM-T-TE--LRD-KK-QKE-YALF-YKLDVVQINENQGNRSNNS--------------------------D---------------TTSYRLI---NCNTSAI-T---QA, 1.6268, 0
0.353333, -125.8123, 104, POINT, P, VKLTPLCVTLNCTNVTNNITD-------------------------------------DMRGEIKN----CSFNM-T-TE--LRD-KK-QKE-YALF-YKLDVVPINENQGNRSNNS------------------------------------------NTSYRLI---NCNTSAI-T---QA, 0.0496, 0
0.348910, -125.4402, 91, POINT, E, VKLTPLCVTLNCTNVTNNITD-------------------------------------DMRGEIKN----CSFNM-T-TE--LRD-KK-QKE-YALF-YKLDVVQINENQGNRSNNS------------------------------------------NTSYRLI---NCNTSAI-T---QA, 0.0356, 0
0.347698, -125.5233, 109, POINT, T, VKLTPLCVTLNCTNVTNNITD-------------------------------------DMRGEIKN----CSFNM-T-TE--LRD-KK-QKV-YALF-YKLDVVQINENTGNRSNNS------------------------------------------NTSYRLI---NCNTSAI-T---QA, 0.0356, 0
0.347698, -125.5233, 109, POINT, T, VKLTPLCVTLNCTNVTNNITD-------------------------------------DMRGEIKN----CSFNM-T-TE--LRD-KK-QKV-YALF-YKLDVVQINENTGNRSNNS------------------------------------------NTSYRLI---NCNTSAI-T---QA, 0.0356, 0
0.347014, -127.3627, 112, POINT, N, VKLTPLCVTLNCTNVTNNITD-------------------------------------DMRGEIKN----CSFNM-T-TE--LRD-KK-QKV-YALF-YKLDVVQINENQGNNSNNS------------------------------------------NTSYRLI---NCNTSAI-T---QA, 0.0356, 0
