Name base = V1V2_200_sq_9_9_ni
Iters = 200
Soft coverage = 1.31203964383
Energy = -130.538382511
Hard Covereage = 0.0368019545157
Num epitopes = 65
Initial seq = VKLTPLCVTLQCTNVTNNITD-------------------------------------DMRGELKN----CSFNM-T-TE--LRD-KK-QKV-YSLF-YRLDVVQINENQGNRSNNS------------------------------------------NKEYRLI---NCNTSAI-T---QA
-------START OF DATA------
1.332479, -128.0752, 20, POINT, T, VKLTPLCVTLQCTNVTNNITT-------------------------------------DMRGELKN----CSFNM-T-TE--LRD-KK-QKV-YSLF-YRLDVVQINENQGNRSNNS------------------------------------------NKEYRLI---NCNTSAI-T---QA, 0.0163, 1
1.337361, -123.4314, 9, POINT, N, VKLTPLCVTNQCTNVTNNITT-------------------------------------DMRGELKN----CSFNM-T-TE--LRD-KK-QKV-YSLF-YRLDVVQINENQGNRSNNS------------------------------------------NKEYRLI---NCNTSAI-T---QA, 0.0163, 0
1.371617, -90.4732, [160, 161, 163], CHUNK, ['N', 'S', 'I'], VKLTPLCVTLQCTNVTNNITT-------------------------------------DMRGELKN----CSFNM-T-TE--LRD-KK-QKV-YSLF-YRLDVVQINENQGNRSNNS------------------------------------------NNSYILI---NCNTSAI-T---QA, 0.3058, 0
1.346320, -129.3403, 163, POINT, T, VKLTPLCVTLQCTNVTNNITT-------------------------------------DMRGELKN----CSFNM-T-TE--LRD-KK-QKV-YSLF-YRLDVVQINENQGNRSNNS------------------------------------------NKEYTLI---NCNTSAI-T---QA, 0.0163, 1
1.354762, -129.9574, 84, POINT, N, VKLTPLCVTLQCTNVTNNITT-------------------------------------DMRGELKN----CSFNM-T-TE--LRN-KK-QKV-YSLF-YRLDVVQINENQGNRSNNS------------------------------------------NKEYTLI---NCNTSAI-T---QA, 0.0163, 1
1.403918, -129.8754, 10, POINT, N, VKLTPLCVTLNCTNVTNNITT-------------------------------------DMRGELKN----CSFNM-T-TE--LRN-KK-QKV-YSLF-YRLDVVQINENQGNRSNNS------------------------------------------NKEYTLI---NCNTSAI-T---QA, 0.0163, 1
1.427193, -130.0100, 107, POINT, N, VKLTPLCVTLNCTNVTNNITT-------------------------------------DMRGELKN----CSFNM-T-TE--LRN-KK-QKV-YSLF-YRLDVVQINNNQGNRSNNS------------------------------------------NKEYTLI---NCNTSAI-T---QA, 0.0163, 1
1.447009, -129.2856, 79, POINT, N, VKLTPLCVTLNCTNVTNNITT-------------------------------------DMRGELKN----CSFNM-T-TN--LRN-KK-QKV-YSLF-YRLDVVQINNNQGNRSNNS------------------------------------------NKEYTLI---NCNTSAI-T---QA, 0.0163, 1
1.458285, 31.5044, [74, 79, 82], CHUNK, ['I', 'S', 'I'], VKLTPLCVTLNCTNVTNNITT-------------------------------------DMRGELKN----CSFNI-T-TS--IRN-KK-QKV-YSLF-YRLDVVQINNNQGNRSNNS------------------------------------------NKEYTLI---NCNTSAI-T---QA, 0.3672, 0
1.481536, -122.5253, [71, 74], CHUNK, ['T', 'T'], VKLTPLCVTLNCTNVTNNITT-------------------------------------DMRGELKN----CTFNT-T-TN--LRN-KK-QKV-YSLF-YRLDVVQINNNQGNRSNNS------------------------------------------NKEYTLI---NCNTSAI-T---QA, 0.0163, 1
1.524418, -121.8346, [160, 161], CHUNK, ['T', 'S'], VKLTPLCVTLNCTNVTNNITT-------------------------------------DMRGELKN----CTFNT-T-TN--LRN-KK-QKV-YSLF-YRLDVVQINNNQGNRSNNS------------------------------------------NTSYTLI---NCNTSAI-T---QA, 0.0163, 0
1.504125, -123.5131, 160, POINT, T, VKLTPLCVTLNCTNVTNNITT-------------------------------------DMRGELKN----CTFNT-T-TN--LRN-KK-QKV-YSLF-YRLDVVQINNNQGNRSNNS------------------------------------------NTEYTLI---NCNTSAI-T---QA, 0.1107, 1
1.510737, -121.5790, 99, POINT, K, VKLTPLCVTLNCTNVTNNITT-------------------------------------DMRGELKN----CTFNT-T-TN--LRN-KK-QKV-YSLF-YKLDVVQINNNQGNRSNNS------------------------------------------NTEYTLI---NCNTSAI-T---QA, 0.1107, 1
1.517852, -100.2130, 174, POINT, V, VKLTPLCVTLNCTNVTNNITT-------------------------------------DMRGELKN----CTFNT-T-TN--LRN-KK-QKV-YSLF-YKLDVVQINNNQGNRSNNS------------------------------------------NTEYTLI---NCNTSVI-T---QA, 0.3886, 0
1.528926, -119.3368, [87, 89, 91], CHUNK, ['S', 'K', 'E'], VKLTPLCVTLNCTNVTNNITT-------------------------------------DMRGELKN----CTFNT-T-TN--LRN-KS-KKE-YSLF-YKLDVVQINNNQGNRSNNS------------------------------------------NTEYTLI---NCNTSAI-T---QA, 0.1086, 0
1.528878, -115.2236, [161, 165, 169], CHUNK, ['S', 'T', 'S'], VKLTPLCVTLNCTNVTNNITT-------------------------------------DMRGELKN----CTFNT-T-TN--LRN-KK-QKV-YSLF-YKLDVVQINNNQGNRSNNS------------------------------------------NTSYTLT---SCNTSAI-T---QA, 0.1107, 1
1.535639, -98.5461, [174], CHUNK, ['V'], VKLTPLCVTLNCTNVTNNITT-------------------------------------DMRGELKN----CTFNT-T-TN--LRN-KK-QKV-YSLF-YKLDVVQINNNQGNRSNNS------------------------------------------NTSYTLT---SCNTSVI-T---QA, 0.3857, 0
1.554798, -112.9322, 18, POINT, N, VKLTPLCVTLNCTNVTNNNTT-------------------------------------DMRGELKN----CTFNT-T-TN--LRN-KK-QKV-YSLF-YKLDVVQINNNQGNRSNNS------------------------------------------NTSYTLT---SCNTSAI-T---QA, 0.1181, 0
1.543203, -112.6341, [174], CHUNK, ['T'], VKLTPLCVTLNCTNVTNNITT-------------------------------------DMRGELKN----CTFNT-T-TN--LRN-KK-QKV-YSLF-YKLDVVQINNNQGNRSNNS------------------------------------------NTSYTLT---SCNTSTI-T---QA, 0.1107, 1
1.543341, -112.3919, [89, 90, 93, 94], CHUNK, ['K', 'Q', 'N', 'A'], VKLTPLCVTLNCTNVTNNITT-------------------------------------DMRGELKN----CTFNT-T-TN--LRN-KK-KQV-NALF-YKLDVVQINNNQGNRSNNS------------------------------------------NTSYTLT---SCNTSTI-T---QA, 0.1049, 0
1.548036, -110.2590, 60, POINT, K, VKLTPLCVTLNCTNVTNNITT-------------------------------------DMKGELKN----CTFNT-T-TN--LRN-KK-QKV-YSLF-YKLDVVQINNNQGNRSNNS------------------------------------------NTSYTLT---SCNTSTI-T---QA, 0.1107, 0
1.581703, -110.2949, [58, 60, 63], CHUNK, ['S', 'N', 'I'], VKLTPLCVTLNCTNVTNNITT-------------------------------------SMNGEIKN----CTFNT-T-TN--LRN-KK-QKV-YSLF-YKLDVVQINNNQGNRSNNS------------------------------------------NTSYTLT---SCNTSTI-T---QA, 0.1315, 0
1.550612, -112.4087, 89, POINT, K, VKLTPLCVTLNCTNVTNNITT-------------------------------------DMRGELKN----CTFNT-T-TN--LRN-KK-KKV-YSLF-YKLDVVQINNNQGNRSNNS------------------------------------------NTSYTLT---SCNTSTI-T---QA, 0.1012, 0
1.543639, -114.6600, 58, POINT, S, VKLTPLCVTLNCTNVTNNITT-------------------------------------SMRGELKN----CTFNT-T-TN--LRN-KK-QKV-YSLF-YKLDVVQINNNQGNRSNNS------------------------------------------NTSYTLT---SCNTSAI-T---QA, 0.1097, 0
1.544691, -108.8440, [58, 59, 60, 63], CHUNK, ['V', 'E', 'K', 'I'], VKLTPLCVTLNCTNVTNNITT-------------------------------------VEKGEIKN----CTFNT-T-TN--LRN-KK-QKV-YSLF-YKLDVVQINNNQGNRSNNS------------------------------------------NTSYTLT---SCNTSAI-T---QA, 0.1125, 0
1.554568, -113.5981, [102, 104, 105], CHUNK, ['I', 'S', 'T'], VKLTPLCVTLNCTNVTNNITT-------------------------------------DMRGELKN----CTFNT-T-TN--LRN-KK-QKV-YSLF-YKLDIVSTNNNQGNRSNNS------------------------------------------NTSYTLT---SCNTSAI-T---QA, 0.1107, 0
1.532926, -112.7522, 99, POINT, N, VKLTPLCVTLNCTNVTNNITT-------------------------------------DMRGELKN----CTFNT-T-TN--LRN-KK-QKV-YSLF-YNLDVVQINNNQGNRSNNS------------------------------------------NTSYTLT---SCNTSAI-T---QA, 0.1107, 0
1.518413, -118.9426, [174, 175], CHUNK, ['T', 'V'], VKLTPLCVTLNCTNVTNNITT-------------------------------------DMRGELKN----CTFNT-T-TN--LRN-KK-QKV-YSLF-YKLDVVQINNNQGNRSNNS------------------------------------------NTEYTLI---NCNTSTV-T---QA, 0.1107, 0
1.518413, -118.9426, [174, 175], CHUNK, ['T', 'V'], VKLTPLCVTLNCTNVTNNITT-------------------------------------DMRGELKN----CTFNT-T-TN--LRN-KK-QKV-YSLF-YKLDVVQINNNQGNRSNNS------------------------------------------NTEYTLI---NCNTSTV-T---QA, 0.1107, 0
1.514712, -115.9492, 58, POINT, I, VKLTPLCVTLNCTNVTNNITT-------------------------------------IMRGELKN----CTFNT-T-TN--LRN-KK-QKV-YSLF-YKLDVVQINNNQGNRSNNS------------------------------------------NTEYTLI---NCNTSAI-T---QA, 0.1566, 0
1.532785, -120.4460, 18, POINT, T, VKLTPLCVTLNCTNVTNNTTT-------------------------------------DMRGELKN----CTFNT-T-TN--LRN-KK-QKV-YSLF-YKLDVVQINNNQGNRSNNS------------------------------------------NTEYTLI---NCNTSAI-T---QA, 0.1134, 0
1.526174, -122.1676, 18, POINT, T, VKLTPLCVTLNCTNVTNNTTT-------------------------------------DMRGELKN----CTFNT-T-TN--LRN-KK-QKV-YSLF-YRLDVVQINNNQGNRSNNS------------------------------------------NTEYTLI---NCNTSAI-T---QA, 0.1107, 0
1.505098, -123.7458, 94, POINT, A, VKLTPLCVTLNCTNVTNNITT-------------------------------------DMRGELKN----CTFNT-T-TN--LRN-KK-QKV-YALF-YRLDVVQINNNQGNRSNNS------------------------------------------NTEYTLI---NCNTSAI-T---QA, 0.0982, 0
1.519240, -120.8476, [174], CHUNK, ['T'], VKLTPLCVTLNCTNVTNNITT-------------------------------------DMRGELKN----CTFNT-T-TN--LRN-KK-QKV-YSLF-YRLDVVQINNNQGNRSNNS------------------------------------------NTEYTLI---NCNTSTI-T---QA, 0.1107, 0
1.524418, -123.2128, 161, POINT, S, VKLTPLCVTLNCTNVTNNITT-------------------------------------DMRGELKN----CTFNT-T-TN--LRN-KK-QKV-YSLF-YRLDVVQINNNQGNRSNNS------------------------------------------NTSYTLI---NCNTSAI-T---QA, 0.1107, 0
1.487308, -122.5201, 159, POINT, T, VKLTPLCVTLNCTNVTNNITT-------------------------------------DMRGELKN----CTFNT-T-TN--LRN-KK-QKV-YSLF-YRLDVVQINNNQGNRSNNS------------------------------------------TKEYTLI---NCNTSAI-T---QA, 0.0163, 0
1.501509, -103.2515, 61, POINT, T, VKLTPLCVTLNCTNVTNNITT-------------------------------------DMRTELKN----CTFNT-T-TN--LRN-KK-QKV-YSLF-YRLDVVQINNNQGNRSNNS------------------------------------------NKEYTLI---NCNTSAI-T---QA, 0.0498, 0
1.511904, -121.1867, [160, 161, 163], CHUNK, ['T', 'N', 'R'], VKLTPLCVTLNCTNVTNNITT-------------------------------------DMRGELKN----CTFNT-T-TN--LRN-KK-QKV-YSLF-YRLDVVQINNNQGNRSNNS------------------------------------------NTNYRLI---NCNTSAI-T---QA, 0.0163, 1
1.518917, -104.6617, [174], CHUNK, ['V'], VKLTPLCVTLNCTNVTNNITT-------------------------------------DMRGELKN----CTFNT-T-TN--LRN-KK-QKV-YSLF-YRLDVVQINNNQGNRSNNS------------------------------------------NTNYRLI---NCNTSVI-T---QA, 0.2295, 0
1.523590, -86.8426, [59, 61, 63], CHUNK, ['V', 'E', 'I'], VKLTPLCVTLNCTNVTNNITT-------------------------------------DVREEIKN----CTFNT-T-TN--LRN-KK-QKV-YSLF-YRLDVVQINNNQGNRSNNS------------------------------------------NTNYRLI---NCNTSAI-T---QA, 0.1119, 0
1.542305, -113.1535, [58, 59, 60, 63], CHUNK, ['M', 'I', 'T', 'I'], VKLTPLCVTLNCTNVTNNITT-------------------------------------MITGEIKN----CTFNT-T-TN--LRN-KK-QKV-YSLF-YRLDVVQINNNQGNRSNNS------------------------------------------NTNYRLI---NCNTSAI-T---QA, 0.0384, 0
1.527525, -120.7654, [116], CHUNK, ['T'], VKLTPLCVTLNCTNVTNNITT-------------------------------------DMRGELKN----CTFNT-T-TN--LRN-KK-QKV-YSLF-YRLDVVQINNNQGNRSNNT------------------------------------------NTNYRLI---NCNTSAI-T---QA, 0.0163, 0
1.496651, -120.3151, [174], CHUNK, ['T'], VKLTPLCVTLNCTNVTNNITT-------------------------------------DMRGELKN----CTFNT-T-TN--LRN-KK-QKV-YSLF-YRLDVVQINNNQGNRSNNS------------------------------------------NKEYTLI---NCNTSTI-T---QA, 0.0163, 0
1.488975, -122.0739, 89, POINT, K, VKLTPLCVTLNCTNVTNNITT-------------------------------------DMRGELKN----CTFNT-T-TN--LRN-KK-KKV-YSLF-YRLDVVQINNNQGNRSNNS------------------------------------------NKEYTLI---NCNTSAI-T---QA, 0.0206, 0
1.491488, -121.2168, 14, POINT, S, VKLTPLCVTLNCTNSTNNITT-------------------------------------DMRGELKN----CTFNT-T-TN--LRN-KK-QKV-YSLF-YRLDVVQINNNQGNRSNNS------------------------------------------NKEYTLI---NCNTSAI-T---QA, 0.0163, 0
1.492542, -123.1633, 59, POINT, L, VKLTPLCVTLNCTNVTNNITT-------------------------------------DLRGELKN----CTFNT-T-TN--LRN-KK-QKV-YSLF-YRLDVVQINNNQGNRSNNS------------------------------------------NKEYTLI---NCNTSAI-T---QA, 0.0884, 0
