Name base = V1V2_200_sq_9_7_ni
Iters = 200
Soft coverage = 1.31203964383
Energy = -130.784901566
Hard Covereage = 0.0368019545157
Num epitopes = 65
Initial seq = VKLTPLCVTLQCTNVTNNITD-------------------------------------DMRGELKN----CSFNM-T-TE--LRD-KK-QKV-YSLF-YRLDVVQINENQGNRSNNS------------------------------------------NKEYRLI---NCNTSAI-T---QA
-------START OF DATA------
1.318555, -128.9562, 99, POINT, K, VKLTPLCVTLQCTNVTNNITD-------------------------------------DMRGELKN----CSFNM-T-TE--LRD-KK-QKV-YSLF-YKLDVVQINENQGNRSNNS------------------------------------------NKEYRLI---NCNTSAI-T---QA, 0.0000, 1
1.341582, -128.9375, 160, POINT, T, VKLTPLCVTLQCTNVTNNITD-------------------------------------DMRGELKN----CSFNM-T-TE--LRD-KK-QKV-YSLF-YKLDVVQINENQGNRSNNS------------------------------------------NTEYRLI---NCNTSAI-T---QA, 0.0122, 0
1.338055, -128.2317, 79, POINT, N, VKLTPLCVTLQCTNVTNNITD-------------------------------------DMRGELKN----CSFNM-T-TN--LRD-KK-QKV-YSLF-YKLDVVQINENQGNRSNNS------------------------------------------NKEYRLI---NCNTSAI-T---QA, 0.0000, 0
1.342134, -128.7981, 107, POINT, T, VKLTPLCVTLQCTNVTNNITD-------------------------------------DMRGELKN----CSFNM-T-TE--LRD-KK-QKV-YSLF-YKLDVVQINTNQGNRSNNS------------------------------------------NKEYRLI---NCNTSAI-T---QA, 0.0352, 1
1.357033, -128.0249, 89, POINT, T, VKLTPLCVTLQCTNVTNNITD-------------------------------------DMRGELKN----CSFNM-T-TE--LRD-KK-TKV-YSLF-YKLDVVQINTNQGNRSNNS------------------------------------------NKEYRLI---NCNTSAI-T---QA, 0.0352, 1
1.388755, -123.9843, [74], CHUNK, ['T'], VKLTPLCVTLQCTNVTNNITD-------------------------------------DMRGELKN----CSFNT-T-TE--LRD-KK-TKV-YSLF-YKLDVVQINTNQGNRSNNS------------------------------------------NKEYRLI---NCNTSAI-T---QA, 0.0494, 1
1.397716, -124.4759, 90, POINT, N, VKLTPLCVTLQCTNVTNNITD-------------------------------------DMRGELKN----CSFNT-T-TE--LRD-KK-TNV-YSLF-YKLDVVQINTNQGNRSNNS------------------------------------------NKEYRLI---NCNTSAI-T---QA, 0.0487, 0
1.411495, -123.3351, 79, POINT, N, VKLTPLCVTLQCTNVTNNITD-------------------------------------DMRGELKN----CSFNT-T-TN--LRD-KK-TKV-YSLF-YKLDVVQINTNQGNRSNNS------------------------------------------NKEYRLI---NCNTSAI-T---QA, 0.0494, 1
1.418062, -121.7076, 165, POINT, T, VKLTPLCVTLQCTNVTNNITD-------------------------------------DMRGELKN----CSFNT-T-TN--LRD-KK-TKV-YSLF-YKLDVVQINTNQGNRSNNS------------------------------------------NKEYRLT---NCNTSAI-T---QA, 0.0585, 0
1.460651, -123.6913, 10, POINT, N, VKLTPLCVTLNCTNVTNNITD-------------------------------------DMRGELKN----CSFNT-T-TN--LRD-KK-TKV-YSLF-YKLDVVQINTNQGNRSNNS------------------------------------------NKEYRLI---NCNTSAI-T---QA, 0.0746, 1
1.480072, -124.3442, 20, POINT, N, VKLTPLCVTLNCTNVTNNITN-------------------------------------DMRGELKN----CSFNT-T-TN--LRD-KK-TKV-YSLF-YKLDVVQINTNQGNRSNNS------------------------------------------NKEYRLI---NCNTSAI-T---QA, 0.0732, 1
1.494774, -122.2445, 174, POINT, T, VKLTPLCVTLNCTNVTNNITN-------------------------------------DMRGELKN----CSFNT-T-TN--LRD-KK-TKV-YSLF-YKLDVVQINTNQGNRSNNS------------------------------------------NKEYRLI---NCNTSTI-T---QA, 0.0732, 0
1.488071, -115.5024, [58, 60, 63], CHUNK, ['E', 'I', 'I'], VKLTPLCVTLNCTNVTNNITN-------------------------------------EMIGEIKN----CSFNT-T-TN--LRD-KK-TKV-YSLF-YKLDVVQINTNQGNRSNNS------------------------------------------NKEYRLI---NCNTSAI-T---QA, 0.0732, 1
1.532246, -113.9451, [107, 108, 109, 110, 111, 112], CHUNK, ['S', 'T', 'D', 'N', 'V', 'T'], VKLTPLCVTLNCTNVTNNITN-------------------------------------EMIGEIKN----CSFNT-T-TN--LRD-KK-TKV-YSLF-YKLDVVQINSTDNVTSNNS------------------------------------------NKEYRLI---NCNTSAI-T---QA, 0.0893, 0
1.512212, -113.9734, 18, POINT, T, VKLTPLCVTLNCTNVTNNTTN-------------------------------------EMIGEIKN----CSFNT-T-TN--LRD-KK-TKV-YSLF-YKLDVVQINTNQGNRSNNS------------------------------------------NKEYRLI---NCNTSAI-T---QA, 0.0732, 0
1.512212, -113.9734, 18, POINT, T, VKLTPLCVTLNCTNVTNNTTN-------------------------------------EMIGEIKN----CSFNT-T-TN--LRD-KK-TKV-YSLF-YKLDVVQINTNQGNRSNNS------------------------------------------NKEYRLI---NCNTSAI-T---QA, 0.0732, 0
1.516353, -115.7900, 59, POINT, N, VKLTPLCVTLNCTNVTNNITN-------------------------------------ENIGEIKN----CSFNT-T-TN--LRD-KK-TKV-YSLF-YKLDVVQINTNQGNRSNNS------------------------------------------NKEYRLI---NCNTSAI-T---QA, 0.0700, 0
1.495259, -123.5442, [161], CHUNK, ['S'], VKLTPLCVTLNCTNVTNNITN-------------------------------------DMRGELKN----CSFNT-T-TN--LRD-KK-TKV-YSLF-YKLDVVQINTNQGNRSNNS------------------------------------------NKSYRLI---NCNTSAI-T---QA, 0.0732, 0
1.493913, -125.5593, 163, POINT, T, VKLTPLCVTLNCTNVTNNITN-------------------------------------DMRGELKN----CSFNT-T-TN--LRD-KK-TKV-YSLF-YKLDVVQINTNQGNRSNNS------------------------------------------NKEYTLI---NCNTSAI-T---QA, 0.0732, 1
1.497365, -125.1228, 58, POINT, K, VKLTPLCVTLNCTNVTNNITN-------------------------------------KMRGELKN----CSFNT-T-TN--LRD-KK-TKV-YSLF-YKLDVVQINTNQGNRSNNS------------------------------------------NKEYTLI---NCNTSAI-T---QA, 0.0732, 0
1.506056, -123.7845, 93, POINT, N, VKLTPLCVTLNCTNVTNNITN-------------------------------------DMRGELKN----CSFNT-T-TN--LRD-KK-TKV-NSLF-YKLDVVQINTNQGNRSNNS------------------------------------------NKEYTLI---NCNTSAI-T---QA, 0.0732, 0
1.523009, -123.4875, [160, 161, 163], CHUNK, ['T', 'S', 'R'], VKLTPLCVTLNCTNVTNNITN-------------------------------------DMRGELKN----CSFNT-T-TN--LRD-KK-TKV-YSLF-YKLDVVQINTNQGNRSNNS------------------------------------------NTSYRLI---NCNTSAI-T---QA, 0.0698, 0
1.522001, -126.0685, 161, POINT, N, VKLTPLCVTLNCTNVTNNITN-------------------------------------DMRGELKN----CSFNT-T-TN--LRD-KK-TKV-YSLF-YKLDVVQINTNQGNRSNNS------------------------------------------NKNYTLI---NCNTSAI-T---QA, 0.0732, 1
1.529827, -125.7056, [174], CHUNK, ['S'], VKLTPLCVTLNCTNVTNNITN-------------------------------------DMRGELKN----CSFNT-T-TN--LRD-KK-TKV-YSLF-YKLDVVQINTNQGNRSNNS------------------------------------------NKNYTLI---NCNTSSI-T---QA, 0.0732, 1
1.537116, -123.9688, [174], CHUNK, ['T'], VKLTPLCVTLNCTNVTNNITN-------------------------------------DMRGELKN----CSFNT-T-TN--LRD-KK-TKV-YSLF-YKLDVVQINTNQGNRSNNS------------------------------------------NKNYTLI---NCNTSTI-T---QA, 0.0732, 0
1.537116, -123.9688, [174], CHUNK, ['T'], VKLTPLCVTLNCTNVTNNITN-------------------------------------DMRGELKN----CSFNT-T-TN--LRD-KK-TKV-YSLF-YKLDVVQINTNQGNRSNNS------------------------------------------NKNYTLI---NCNTSTI-T---QA, 0.0732, 0
1.534592, -124.1713, [63], CHUNK, ['I'], VKLTPLCVTLNCTNVTNNITN-------------------------------------DMRGEIKN----CSFNT-T-TN--LRD-KK-TKV-YSLF-YKLDVVQINTNQGNRSNNS------------------------------------------NKNYTLI---NCNTSSI-T---QA, 0.0732, 0
1.535199, -121.1795, 9, POINT, N, VKLTPLCVTNNCTNVTNNITN-------------------------------------DMRGELKN----CSFNT-T-TN--LRD-KK-TKV-YSLF-YKLDVVQINTNQGNRSNNS------------------------------------------NKNYTLI---NCNTSSI-T---QA, 0.0732, 1
1.539964, -119.6452, [63], CHUNK, ['I'], VKLTPLCVTNNCTNVTNNITN-------------------------------------DMRGEIKN----CSFNT-T-TN--LRD-KK-TKV-YSLF-YKLDVVQINTNQGNRSNNS------------------------------------------NKNYTLI---NCNTSSI-T---QA, 0.0732, 0
1.544827, -121.4274, 59, POINT, K, VKLTPLCVTNNCTNVTNNITN-------------------------------------DKRGELKN----CSFNT-T-TN--LRD-KK-TKV-YSLF-YKLDVVQINTNQGNRSNNS------------------------------------------NKNYTLI---NCNTSSI-T---QA, 0.0732, 0
1.537555, -117.3268, 60, POINT, V, VKLTPLCVTNNCTNVTNNITN-------------------------------------DMVGELKN----CSFNT-T-TN--LRD-KK-TKV-YSLF-YKLDVVQINTNQGNRSNNS------------------------------------------NKNYTLI---NCNTSSI-T---QA, 0.0761, 0
1.590409, -97.7280, [58, 59, 60, 61, 62, 63], CHUNK, ['V', 'N', 'N', 'S', 'D', 'M'], VKLTPLCVTNNCTNVTNNITN-------------------------------------VNNSDMKN----CSFNT-T-TN--LRD-KK-TKV-YSLF-YKLDVVQINTNQGNRSNNS------------------------------------------NKNYTLI---NCNTSSI-T---QA, 0.1774, 0
1.539611, -121.8141, [60, 63], CHUNK, ['K', 'I'], VKLTPLCVTLNCTNVTNNITN-------------------------------------DMKGEIKN----CSFNT-T-TN--LRD-KK-TKV-YSLF-YKLDVVQINTNQGNRSNNS------------------------------------------NKNYTLI---NCNTSSI-T---QA, 0.0732, 1
1.546900, -120.1183, [174], CHUNK, ['T'], VKLTPLCVTLNCTNVTNNITN-------------------------------------DMKGEIKN----CSFNT-T-TN--LRD-KK-TKV-YSLF-YKLDVVQINTNQGNRSNNS------------------------------------------NKNYTLI---NCNTSTI-T---QA, 0.0978, 0
1.552981, -122.4309, 84, POINT, N, VKLTPLCVTLNCTNVTNNITN-------------------------------------DMKGEIKN----CSFNT-T-TN--LRN-KK-TKV-YSLF-YKLDVVQINTNQGNRSNNS------------------------------------------NKNYTLI---NCNTSSI-T---QA, 0.0732, 0
1.546900, -120.0773, [174], CHUNK, ['T'], VKLTPLCVTLNCTNVTNNITN-------------------------------------DMKGEIKN----CSFNT-T-TN--LRD-KK-TKV-YSLF-YKLDVVQINTNQGNRSNNS------------------------------------------NKNYTLI---NCNTSTI-T---QA, 0.0732, 0
1.550986, -87.7954, [59, 60, 61, 63, 64], CHUNK, ['S', 'S', 'E', 'L', 'R'], VKLTPLCVTLNCTNVTNNITN-------------------------------------DSSEELRN----CSFNT-T-TN--LRD-KK-TKV-YSLF-YKLDVVQINTNQGNRSNNS------------------------------------------NKNYTLI---NCNTSSI-T---QA, 0.0924, 0
1.535134, -14.8312, [82, 87], CHUNK, ['I', 'V'], VKLTPLCVTLNCTNVTNNITN-------------------------------------DMRGELKN----CSFNT-T-TN--IRD-KV-TKV-YSLF-YKLDVVQINTNQGNRSNNS------------------------------------------NKNYTLI---NCNTSSI-T---QA, 0.2342, 0
1.549935, -123.3684, 18, POINT, N, VKLTPLCVTLNCTNVTNNNTN-------------------------------------DMRGELKN----CSFNT-T-TN--LRD-KK-TKV-YSLF-YKLDVVQINTNQGNRSNNS------------------------------------------NKNYTLI---NCNTSSI-T---QA, 0.0732, 1
1.558163, -108.0487, 61, POINT, S, VKLTPLCVTLNCTNVTNNNTN-------------------------------------DMRSELKN----CSFNT-T-TN--LRD-KK-TKV-YSLF-YKLDVVQINTNQGNRSNNS------------------------------------------NKNYTLI---NCNTSSI-T---QA, 0.0732, 0
1.557224, -121.6316, [174], CHUNK, ['T'], VKLTPLCVTLNCTNVTNNNTN-------------------------------------DMRGELKN----CSFNT-T-TN--LRD-KK-TKV-YSLF-YKLDVVQINTNQGNRSNNS------------------------------------------NKNYTLI---NCNTSTI-T---QA, 0.0732, 1
1.581561, -121.3759, 160, POINT, T, VKLTPLCVTLNCTNVTNNNTN-------------------------------------DMRGELKN----CSFNT-T-TN--LRD-KK-TKV-YSLF-YKLDVVQINTNQGNRSNNS------------------------------------------NTNYTLI---NCNTSTI-T---QA, 0.0732, 1
1.613995, -84.5478, [58, 59, 60, 61], CHUNK, ['N', 'G', 'K', 'E'], VKLTPLCVTLNCTNVTNNNTN-------------------------------------NGKEELKN----CSFNT-T-TN--LRD-KK-TKV-YSLF-YKLDVVQINTNQGNRSNNS------------------------------------------NTNYTLI---NCNTSTI-T---QA, 0.0976, 0
1.594931, -121.9927, 84, POINT, N, VKLTPLCVTLNCTNVTNNNTN-------------------------------------DMRGELKN----CSFNT-T-TN--LRN-KK-TKV-YSLF-YKLDVVQINTNQGNRSNNS------------------------------------------NTNYTLI---NCNTSTI-T---QA, 0.0732, 0
1.589306, -120.7026, 59, POINT, V, VKLTPLCVTLNCTNVTNNNTN-------------------------------------DVRGELKN----CSFNT-T-TN--LRD-KK-TKV-YSLF-YKLDVVQINTNQGNRSNNS------------------------------------------NTNYTLI---NCNTSTI-T---QA, 0.0732, 1
1.594175, -119.1683, 63, POINT, I, VKLTPLCVTLNCTNVTNNNTN-------------------------------------DVRGEIKN----CSFNT-T-TN--LRD-KK-TKV-YSLF-YKLDVVQINTNQGNRSNNS------------------------------------------NTNYTLI---NCNTSTI-T---QA, 0.0732, 0
1.607947, -117.0794, 82, POINT, T, VKLTPLCVTLNCTNVTNNNTN-------------------------------------DVRGELKN----CSFNT-T-TN--TRD-KK-TKV-YSLF-YKLDVVQINTNQGNRSNNS------------------------------------------NTNYTLI---NCNTSTI-T---QA, 0.1097, 0
1.593089, -121.6826, 18, POINT, T, VKLTPLCVTLNCTNVTNNTTN-------------------------------------DVRGELKN----CSFNT-T-TN--LRD-KK-TKV-YSLF-YKLDVVQINTNQGNRSNNS------------------------------------------NTNYTLI---NCNTSTI-T---QA, 0.0971, 0
1.599262, -97.1450, [59, 60, 61, 63, 64], CHUNK, ['S', 'M', 'T', 'I', 'Q'], VKLTPLCVTLNCTNVTNNNTN-------------------------------------DSMTEIQN----CSFNT-T-TN--LRD-KK-TKV-YSLF-YKLDVVQINTNQGNRSNNS------------------------------------------NTNYTLI---NCNTSTI-T---QA, 0.1478, 0
1.597015, -118.4442, [59, 60, 63], CHUNK, ['E', 'K', 'I'], VKLTPLCVTLNCTNVTNNNTN-------------------------------------DEKGEIKN----CSFNT-T-TN--LRD-KK-TKV-YSLF-YKLDVVQINTNQGNRSNNS------------------------------------------NTNYTLI---NCNTSTI-T---QA, 0.0709, 0
1.587680, -121.9944, 101, POINT, N, VKLTPLCVTLNCTNVTNNNTN-------------------------------------DMRGELKN----CSFNT-T-TN--LRD-KK-TKV-YSLF-YKLNVVQINTNQGNRSNNS------------------------------------------NTNYTLI---NCNTSTI-T---QA, 0.0758, 0
1.599407, -116.8935, [58, 59, 60, 63], CHUNK, ['L', 'E', 'K', 'I'], VKLTPLCVTLNCTNVTNNNTN-------------------------------------LEKGEIKN----CSFNT-T-TN--LRD-KK-TKV-YSLF-YKLDVVQINTNQGNRSNNS------------------------------------------NTNYTLI---NCNTSTI-T---QA, 0.0752, 0
1.591234, -26.1086, [82, 83, 84, 87], CHUNK, ['I', 'G', 'N', 'V'], VKLTPLCVTLNCTNVTNNNTN-------------------------------------DMRGELKN----CSFNT-T-TN--IGN-KV-TKV-YSLF-YKLDVVQINTNQGNRSNNS------------------------------------------NTNYTLI---NCNTSTI-T---QA, 0.1972, 0
1.565891, -121.9295, [94, 99], CHUNK, ['A', 'T'], VKLTPLCVTLNCTNVTNNNTN-------------------------------------DMRGELKN----CSFNT-T-TN--LRD-KK-TKV-YALF-YTLDVVQINTNQGNRSNNS------------------------------------------NKNYTLI---NCNTSTI-T---QA, 0.0732, 1
1.570049, -117.1605, [159, 160, 161, 163, 165], CHUNK, ['T', 'T', 'S', 'K', 'T'], VKLTPLCVTLNCTNVTNNNTN-------------------------------------DMRGELKN----CSFNT-T-TN--LRD-KK-TKV-YALF-YTLDVVQINTNQGNRSNNS------------------------------------------TTSYKLT---NCNTSTI-T---QA, 0.0732, 0
1.607077, -119.8538, [58, 60, 63], CHUNK, ['S', 'N', 'I'], VKLTPLCVTLNCTNVTNNNTN-------------------------------------SMNGEIKN----CSFNT-T-TN--LRD-KK-TKV-YALF-YTLDVVQINTNQGNRSNNS------------------------------------------NKNYTLI---NCNTSTI-T---QA, 0.0643, 0
1.573677, -118.9622, [58, 59, 63], CHUNK, ['E', 'G', 'I'], VKLTPLCVTLNCTNVTNNNTN-------------------------------------EGRGEIKN----CSFNT-T-TN--LRD-KK-TKV-YALF-YTLDVVQINTNQGNRSNNS------------------------------------------NKNYTLI---NCNTSTI-T---QA, 0.0732, 1
1.577746, -119.3019, 104, POINT, P, VKLTPLCVTLNCTNVTNNNTN-------------------------------------EGRGEIKN----CSFNT-T-TN--LRD-KK-TKV-YALF-YTLDVVPINTNQGNRSNNS------------------------------------------NKNYTLI---NCNTSTI-T---QA, 0.1717, 0
1.598014, -118.7066, 160, POINT, T, VKLTPLCVTLNCTNVTNNNTN-------------------------------------EGRGEIKN----CSFNT-T-TN--LRD-KK-TKV-YALF-YTLDVVQINTNQGNRSNNS------------------------------------------NTNYTLI---NCNTSTI-T---QA, 0.0732, 0
1.575171, -119.4623, [86, 87, 89, 91], CHUNK, ['T', 'V', 'Q', 'T'], VKLTPLCVTLNCTNVTNNNTN-------------------------------------EGRGEIKN----CSFNT-T-TN--LRD-TV-QKT-YALF-YTLDVVQINTNQGNRSNNS------------------------------------------NKNYTLI---NCNTSTI-T---QA, 0.0997, 0
1.596581, -113.9877, 60, POINT, T, VKLTPLCVTLNCTNVTNNNTN-------------------------------------EGTGEIKN----CSFNT-T-TN--LRD-KK-TKV-YALF-YTLDVVQINTNQGNRSNNS------------------------------------------NKNYTLI---NCNTSTI-T---QA, 0.0732, 0
1.584321, -91.7516, [160, 161, 163, 165], CHUNK, ['T', 'T', 'I', 'N'], VKLTPLCVTLNCTNVTNNNTN-------------------------------------DMRGELKN----CSFNT-T-TN--LRD-KK-TKV-YALF-YTLDVVQINTNQGNRSNNS------------------------------------------NTTYILN---NCNTSTI-T---QA, 0.6165, 0
1.600354, -116.6666, [59, 60, 63], CHUNK, ['E', 'T', 'I'], VKLTPLCVTLNCTNVTNNNTN-------------------------------------DETGEIKN----CSFNT-T-TN--LRD-KK-TKV-YALF-YTLDVVQINTNQGNRSNNS------------------------------------------NKNYTLI---NCNTSTI-T---QA, 0.0817, 0
1.598953, -120.6102, [105, 107, 108, 109, 110, 111, 112, 113], CHUNK, ['L', 'E', 'G', 'N', 'S', 'S', 'N', 'N'], VKLTPLCVTLNCTNVTNNNTN-------------------------------------DMRGELKN----CSFNT-T-TN--LRD-KK-TKV-YALF-YTLDVVQLNEGNSSNNNNS------------------------------------------NKNYTLI---NCNTSTI-T---QA, 0.1018, 1
1.611857, -121.2797, 84, POINT, N, VKLTPLCVTLNCTNVTNNNTN-------------------------------------DMRGELKN----CSFNT-T-TN--LRN-KK-TKV-YALF-YTLDVVQLNEGNSSNNNNS------------------------------------------NKNYTLI---NCNTSTI-T---QA, 0.1018, 1
1.618349, -119.2005, [160, 161, 163], CHUNK, ['T', 'T', 'R'], VKLTPLCVTLNCTNVTNNNTN-------------------------------------DMRGELKN----CSFNT-T-TN--LRN-KK-TKV-YALF-YTLDVVQLNEGNSSNNNNS------------------------------------------NTTYRLI---NCNTSTI-T---QA, 0.1018, 0
1.635634, -118.4778, 58, POINT, T, VKLTPLCVTLNCTNVTNNNTN-------------------------------------TMRGELKN----CSFNT-T-TN--LRN-KK-TKV-YALF-YTLDVVQLNEGNSSNNNNS------------------------------------------NKNYTLI---NCNTSTI-T---QA, 0.1018, 0
1.616688, -121.2931, 107, POINT, K, VKLTPLCVTLNCTNVTNNNTN-------------------------------------DMRGELKN----CSFNT-T-TN--LRN-KK-TKV-YALF-YTLDVVQLNKGNSSNNNNS------------------------------------------NKNYTLI---NCNTSTI-T---QA, 0.0963, 0
1.626764, -122.9278, [99, 102, 104, 107], CHUNK, ['R', 'I', 'P', 'N'], VKLTPLCVTLNCTNVTNNNTN-------------------------------------DMRGELKN----CSFNT-T-TN--LRN-KK-TKV-YALF-YRLDIVPLNNGNSSNNNNS------------------------------------------NKNYTLI---NCNTSTI-T---QA, 0.1332, 0
1.602181, -119.8398, [175], CHUNK, ['T'], VKLTPLCVTLNCTNVTNNNTN-------------------------------------DMRGELKN----CSFNT-T-TN--LRD-KK-TKV-YALF-YTLDVVQLNEGNSSNNNNS------------------------------------------NKNYTLI---NCNTSTT-T---QA, 0.1019, 0
1.615820, -120.4078, [102, 104, 108, 109], CHUNK, ['I', 'P', 'N', 'S'], VKLTPLCVTLNCTNVTNNNTN-------------------------------------DMRGELKN----CSFNT-T-TN--LRD-KK-TKV-YALF-YTLDIVPLNENSSSNNNNS------------------------------------------NKNYTLI---NCNTSTI-T---QA, 0.1018, 0
1.610706, -120.7554, 160, POINT, S, VKLTPLCVTLNCTNVTNNNTN-------------------------------------DMRGELKN----CSFNT-T-TN--LRD-KK-TKV-YALF-YTLDVVQLNEGNSSNNNNS------------------------------------------NSNYTLI---NCNTSTI-T---QA, 0.0910, 0
1.599046, -118.3674, 71, POINT, T, VKLTPLCVTLNCTNVTNNNTN-------------------------------------DMRGELKN----CTFNT-T-TN--LRD-KK-TKV-YALF-YTLDVVQLNEGNSSNNNNS------------------------------------------NKNYTLI---NCNTSTI-T---QA, 0.1420, 1
1.609170, -95.6478, [60, 61, 63, 64], CHUNK, ['V', 'N', 'I', 'Q'], VKLTPLCVTLNCTNVTNNNTN-------------------------------------DMVNEIQN----CTFNT-T-TN--LRD-KK-TKV-YALF-YTLDVVQLNEGNSSNNNNS------------------------------------------NKNYTLI---NCNTSTI-T---QA, 0.1330, 0
1.604272, -117.5351, [63], CHUNK, ['I'], VKLTPLCVTLNCTNVTNNNTN-------------------------------------DMRGEIKN----CTFNT-T-TN--LRD-KK-TKV-YALF-YTLDVVQLNEGNSSNNNNS------------------------------------------NKNYTLI---NCNTSTI-T---QA, 0.1673, 0
1.611951, -118.9434, 84, POINT, N, VKLTPLCVTLNCTNVTNNNTN-------------------------------------DMRGELKN----CTFNT-T-TN--LRN-KK-TKV-YALF-YTLDVVQLNEGNSSNNNNS------------------------------------------NKNYTLI---NCNTSTI-T---QA, 0.1420, 0
1.611584, -114.8486, [98, 99, 104], CHUNK, ['N', 'K', 'S'], VKLTPLCVTLNCTNVTNNNTN-------------------------------------DMRGELKN----CTFNT-T-TN--LRD-KK-TKV-YALF-NKLDVVSLNEGNSSNNNNS------------------------------------------NKNYTLI---NCNTSTI-T---QA, 0.1420, 0
1.599046, -117.6964, [71], CHUNK, ['T'], VKLTPLCVTLNCTNVTNNNTN-------------------------------------DMRGELKN----CTFNT-T-TN--LRD-KK-TKV-YALF-YTLDVVQLNEGNSSNNNNS------------------------------------------NKNYTLI---NCNTSTI-T---QA, 0.1330, 1
1.623714, -118.2836, 160, POINT, T, VKLTPLCVTLNCTNVTNNNTN-------------------------------------DMRGELKN----CTFNT-T-TN--LRD-KK-TKV-YALF-YTLDVVQLNEGNSSNNNNS------------------------------------------NTNYTLI---NCNTSTI-T---QA, 0.1804, 1
1.627903, -89.4647, [61, 63], CHUNK, ['R', 'I'], VKLTPLCVTLNCTNVTNNNTN-------------------------------------DMRREIKN----CTFNT-T-TN--LRD-KK-TKV-YALF-YTLDVVQLNEGNSSNNNNS------------------------------------------NTNYTLI---NCNTSTI-T---QA, 0.2138, 0
1.633261, -113.4288, [58, 59, 60, 63], CHUNK, ['M', 'E', 'K', 'I'], VKLTPLCVTLNCTNVTNNNTN-------------------------------------MEKGEIKN----CTFNT-T-TN--LRD-KK-TKV-YALF-YTLDVVQLNEGNSSNNNNS------------------------------------------NTNYTLI---NCNTSTI-T---QA, 0.1804, 0
1.640866, -114.9946, [59, 60, 63], CHUNK, ['E', 'K', 'I'], VKLTPLCVTLNCTNVTNNNTN-------------------------------------DEKGEIKN----CTFNT-T-TN--LRD-KK-TKV-YALF-YTLDVVQLNEGNSSNNNNS------------------------------------------NTNYTLI---NCNTSTI-T---QA, 0.1804, 0
1.627956, -53.3843, [82], CHUNK, ['I'], VKLTPLCVTLNCTNVTNNNTN-------------------------------------DMRGELKN----CTFNT-T-TN--IRD-KK-TKV-YALF-YTLDVVQLNEGNSSNNNNS------------------------------------------NTNYTLI---NCNTSTI-T---QA, 0.5197, 0
1.601643, -117.5732, [91], CHUNK, ['E'], VKLTPLCVTLNCTNVTNNNTN-------------------------------------DMRGELKN----CTFNT-T-TN--LRD-KK-TKE-YALF-YTLDVVQLNEGNSSNNNNS------------------------------------------NKNYTLI---NCNTSTI-T---QA, 0.1312, 0
1.605202, -115.3119, 60, POINT, K, VKLTPLCVTLNCTNVTNNNTN-------------------------------------DMKGELKN----CTFNT-T-TN--LRD-KK-TKV-YALF-YTLDVVQLNEGNSSNNNNS------------------------------------------NKNYTLI---NCNTSTI-T---QA, 0.1330, 0
1.626701, -117.8562, 107, POINT, N, VKLTPLCVTLNCTNVTNNNTN-------------------------------------DMRGELKN----CTFNT-T-TN--LRD-KK-TKV-YALF-YTLDVVQLNNGNSSNNNNS------------------------------------------NKNYTLI---NCNTSTI-T---QA, 0.1330, 1
1.637943, -118.4884, 93, POINT, N, VKLTPLCVTLNCTNVTNNNTN-------------------------------------DMRGELKN----CTFNT-T-TN--LRD-KK-TKV-NALF-YTLDVVQLNNGNSSNNNNS------------------------------------------NKNYTLI---NCNTSTI-T---QA, 0.1330, 0
1.645583, -70.6642, [60, 61, 63], CHUNK, ['T', 'E', 'V'], VKLTPLCVTLNCTNVTNNNTN-------------------------------------DMTEEVKN----CTFNT-T-TN--LRD-KK-TKV-YALF-YTLDVVQLNNGNSSNNNNS------------------------------------------NKNYTLI---NCNTSTI-T---QA, 0.2284, 0
1.630890, -117.2396, 181, POINT, N, VKLTPLCVTLNCTNVTNNNTN-------------------------------------DMRGELKN----CTFNT-T-TN--LRD-KK-TKV-YALF-YTLDVVQLNNGNSSNNNNS------------------------------------------NKNYTLI---NCNTSTI-T---NA, 0.1330, 0
1.639606, -118.5257, 84, POINT, N, VKLTPLCVTLNCTNVTNNNTN-------------------------------------DMRGELKN----CTFNT-T-TN--LRN-KK-TKV-YALF-YTLDVVQLNNGNSSNNNNS------------------------------------------NKNYTLI---NCNTSTI-T---QA, 0.1330, 0
1.622823, -116.0578, 58, POINT, T, VKLTPLCVTLNCTNVTNNNTN-------------------------------------TMRGELKN----CTFNT-T-TN--LRD-KK-TKV-YALF-YTLDVVQLNEGNSSNNNNS------------------------------------------NKNYTLI---NCNTSTI-T---QA, 0.1118, 0
1.606148, -118.1002, [116], CHUNK, ['N'], VKLTPLCVTLNCTNVTNNNTN-------------------------------------DMRGELKN----CTFNT-T-TN--LRD-KK-TKV-YALF-YTLDVVQLNEGNSSNNNNN------------------------------------------NKNYTLI---NCNTSTI-T---QA, 0.1560, 0
1.601643, -117.2346, [91], CHUNK, ['E'], VKLTPLCVTLNCTNVTNNNTN-------------------------------------DMRGELKN----CTFNT-T-TN--LRD-KK-TKE-YALF-YTLDVVQLNEGNSSNNNNS------------------------------------------NKNYTLI---NCNTSTI-T---QA, 0.1330, 0
1.604272, -116.3307, 63, POINT, I, VKLTPLCVTLNCTNVTNNNTN-------------------------------------DMRGEIKN----CTFNT-T-TN--LRD-KK-TKV-YALF-YTLDVVQLNEGNSSNNNNS------------------------------------------NKNYTLI---NCNTSTI-T---QA, 0.1330, 0
1.600108, -122.8218, [99, 102, 104, 105, 106, 107], CHUNK, ['K', 'I', 'P', 'I', 'D', 'N'], VKLTPLCVTLNCTNVTNNNTN-------------------------------------DMRGELKN----CSFNT-T-TN--LRD-KK-TKV-YALF-YKLDIVPIDNGNSSNNNNS------------------------------------------NKNYTLI---NCNTSTI-T---QA, 0.0941, 0
1.628843, -75.9670, [58, 59, 60, 61, 63], CHUNK, ['T', 'G', 'I', 'K', 'M'], VKLTPLCVTLNCTNVTNNNTN-------------------------------------TGIKEMKN----CSFNT-T-TN--LRD-KK-TKV-YALF-YTLDVVQLNEGNSSNNNNS------------------------------------------NKNYTLI---NCNTSTI-T---QA, 0.1018, 0
1.626608, -120.7700, 107, POINT, N, VKLTPLCVTLNCTNVTNNNTN-------------------------------------DMRGELKN----CSFNT-T-TN--LRD-KK-TKV-YALF-YTLDVVQLNNGNSSNNNNS------------------------------------------NKNYTLI---NCNTSTI-T---QA, 0.1018, 0
1.624255, -121.1042, 58, POINT, N, VKLTPLCVTLNCTNVTNNNTN-------------------------------------NMRGELKN----CSFNT-T-TN--LRD-KK-TKV-YALF-YTLDVVQLNEGNSSNNNNS------------------------------------------NKNYTLI---NCNTSTI-T---QA, 0.1035, 1
1.642112, -99.1134, [58, 59, 60, 61, 62, 63, 64], CHUNK, ['R', 'N', 'D', 'T', 'S', 'M', 'R'], VKLTPLCVTLNCTNVTNNNTN-------------------------------------RNDTSMRN----CSFNT-T-TN--LRD-KK-TKV-YALF-YTLDVVQLNEGNSSNNNNS------------------------------------------NKNYTLI---NCNTSTI-T---QA, 0.1174, 0
1.635497, -119.8416, 93, POINT, N, VKLTPLCVTLNCTNVTNNNTN-------------------------------------NMRGELKN----CSFNT-T-TN--LRD-KK-TKV-NALF-YTLDVVQLNEGNSSNNNNS------------------------------------------NKNYTLI---NCNTSTI-T---QA, 0.1027, 0
1.630438, -121.0859, 90, POINT, T, VKLTPLCVTLNCTNVTNNNTN-------------------------------------NMRGELKN----CSFNT-T-TN--LRD-KK-TTV-YALF-YTLDVVQLNEGNSSNNNNS------------------------------------------NKNYTLI---NCNTSTI-T---QA, 0.1035, 1
1.635930, -119.7235, 63, POINT, I, VKLTPLCVTLNCTNVTNNNTN-------------------------------------NMRGEIKN----CSFNT-T-TN--LRD-KK-TTV-YALF-YTLDVVQLNEGNSSNNNNS------------------------------------------NKNYTLI---NCNTSTI-T---QA, 0.1035, 0
1.664178, -121.4999, 108, POINT, T, VKLTPLCVTLNCTNVTNNNTN-------------------------------------NMRGELKN----CSFNT-T-TN--LRD-KK-TTV-YALF-YTLDVVQLNETNSSNNNNS------------------------------------------NKNYTLI---NCNTSTI-T---QA, 0.1035, 1
1.677304, -118.8527, 84, POINT, T, VKLTPLCVTLNCTNVTNNNTN-------------------------------------NMRGELKN----CSFNT-T-TN--LRT-KK-TTV-YALF-YTLDVVQLNETNSSNNNNS------------------------------------------NKNYTLI---NCNTSTI-T---QA, 0.1035, 0
1.672539, -121.9751, 59, POINT, K, VKLTPLCVTLNCTNVTNNNTN-------------------------------------NKRGELKN----CSFNT-T-TN--LRD-KK-TTV-YALF-YTLDVVQLNETNSSNNNNS------------------------------------------NKNYTLI---NCNTSTI-T---QA, 0.1035, 0
1.667583, -121.8531, 18, POINT, T, VKLTPLCVTLNCTNVTNNTTN-------------------------------------NMRGELKN----CSFNT-T-TN--LRD-KK-TTV-YALF-YTLDVVQLNETNSSNNNNS------------------------------------------NKNYTLI---NCNTSTI-T---QA, 0.1035, 1
1.671880, 264.3305, [59, 60, 63], CHUNK, ['K', 'P', 'I'], VKLTPLCVTLNCTNVTNNTTN-------------------------------------NKPGEIKN----CSFNT-T-TN--LRD-KK-TTV-YALF-YTLDVVQLNETNSSNNNNS------------------------------------------NKNYTLI---NCNTSTI-T---QA, 0.2055, 0
1.676534, -122.2335, 101, POINT, N, VKLTPLCVTLNCTNVTNNTTN-------------------------------------NMRGELKN----CSFNT-T-TN--LRD-KK-TTV-YALF-YTLNVVQLNETNSSNNNNS------------------------------------------NKNYTLI---NCNTSTI-T---QA, 0.1026, 0
1.673084, -120.4908, [63], CHUNK, ['I'], VKLTPLCVTLNCTNVTNNTTN-------------------------------------NMRGEIKN----CSFNT-T-TN--LRD-KK-TTV-YALF-YTLDVVQLNETNSSNNNNS------------------------------------------NKNYTLI---NCNTSTI-T---QA, 0.1035, 0
1.673084, -120.4908, [63], CHUNK, ['I'], VKLTPLCVTLNCTNVTNNTTN-------------------------------------NMRGEIKN----CSFNT-T-TN--LRD-KK-TTV-YALF-YTLDVVQLNETNSSNNNNS------------------------------------------NKNYTLI---NCNTSTI-T---QA, 0.1035, 0
1.670250, -121.9605, 59, POINT, E, VKLTPLCVTLNCTNVTNNNTN-------------------------------------NERGELKN----CSFNT-T-TN--LRD-KK-TTV-YALF-YTLDVVQLNETNSSNNNNS------------------------------------------NKNYTLI---NCNTSTI-T---QA, 0.1035, 1
1.692214, -118.2609, [59, 63, 64], CHUNK, ['T', 'I', 'R'], VKLTPLCVTLNCTNVTNNNTN-------------------------------------NTRGEIRN----CSFNT-T-TN--LRD-KK-TTV-YALF-YTLDVVQLNETNSSNNNNS------------------------------------------NKNYTLI---NCNTSTI-T---QA, 0.1035, 0
1.694917, -121.7821, 160, POINT, T, VKLTPLCVTLNCTNVTNNNTN-------------------------------------NERGELKN----CSFNT-T-TN--LRD-KK-TTV-YALF-YTLDVVQLNETNSSNNNNS------------------------------------------NTNYTLI---NCNTSTI-T---QA, 0.1075, 0
1.672986, -121.5310, 91, POINT, E, VKLTPLCVTLNCTNVTNNNTN-------------------------------------NERGELKN----CSFNT-T-TN--LRD-KK-TTE-YALF-YTLDVVQLNETNSSNNNNS------------------------------------------NKNYTLI---NCNTSTI-T---QA, 0.1035, 0
1.676024, -120.6768, [63], CHUNK, ['I'], VKLTPLCVTLNCTNVTNNNTN-------------------------------------NERGEIKN----CSFNT-T-TN--LRD-KK-TTV-YALF-YTLDVVQLNETNSSNNNNS------------------------------------------NKNYTLI---NCNTSTI-T---QA, 0.1405, 0
1.667679, -16.6599, [82], CHUNK, ['I'], VKLTPLCVTLNCTNVTNNNTN-------------------------------------NMRGELKN----CSFNT-T-TN--IRD-KK-TTV-YALF-YTLDVVQLNETNSSNNNNS------------------------------------------NKNYTLI---NCNTSTI-T---QA, 0.2073, 0
1.669669, -120.1376, [63], CHUNK, ['I'], VKLTPLCVTLNCTNVTNNNTN-------------------------------------NMRGEIKN----CSFNT-T-TN--LRD-KK-TTV-YALF-YTLDVVQLNETNSSNNNNS------------------------------------------NKNYTLI---NCNTSTI-T---QA, 0.1035, 1
1.682176, -119.7943, 103, POINT, T, VKLTPLCVTLNCTNVTNNNTN-------------------------------------NMRGEIKN----CSFNT-T-TN--LRD-KK-TTV-YALF-YTLDVTQLNETNSSNNNNS------------------------------------------NKNYTLI---NCNTSTI-T---QA, 0.1035, 0
1.673171, -61.1724, 82, POINT, I, VKLTPLCVTLNCTNVTNNNTN-------------------------------------NMRGEIKN----CSFNT-T-TN--IRD-KK-TTV-YALF-YTLDVVQLNETNSSNNNNS------------------------------------------NKNYTLI---NCNTSTI-T---QA, 0.3074, 0
1.678082, -119.8022, [100, 105, 106, 107, 108], CHUNK, ['T', 'I', 'D', 'N', 'N'], VKLTPLCVTLNCTNVTNNNTN-------------------------------------NMRGEIKN----CSFNT-T-TN--LRD-KK-TTV-YALF-YTTDVVQIDNNNSSNNNNS------------------------------------------NKNYTLI---NCNTSTI-T---QA, 0.1035, 0
1.675335, -119.0389, [99, 102, 104], CHUNK, ['K', 'I', 'S'], VKLTPLCVTLNCTNVTNNNTN-------------------------------------NMRGEIKN----CSFNT-T-TN--LRD-KK-TTV-YALF-YKLDIVSLNETNSSNNNNS------------------------------------------NKNYTLI---NCNTSTI-T---QA, 0.1035, 0
1.673421, -119.4877, 165, POINT, T, VKLTPLCVTLNCTNVTNNNTN-------------------------------------NMRGELKN----CSFNT-T-TN--LRD-KK-TTV-YALF-YTLDVVQLNETNSSNNNNS------------------------------------------NKNYTLT---NCNTSTI-T---QA, 0.1035, 0
1.666948, -121.2760, [86, 89, 91], CHUNK, ['N', 'K', 'E'], VKLTPLCVTLNCTNVTNNNTN-------------------------------------NMRGELKN----CSFNT-T-TN--LRD-NK-KTE-YALF-YTLDVVQLNETNSSNNNNS------------------------------------------NKNYTLI---NCNTSTI-T---QA, 0.1035, 0
1.668372, -119.2102, 60, POINT, K, VKLTPLCVTLNCTNVTNNNTN-------------------------------------NMKGELKN----CSFNT-T-TN--LRD-KK-TTV-YALF-YTLDVVQLNETNSSNNNNS------------------------------------------NKNYTLI---NCNTSTI-T---QA, 0.1035, 0
1.695818, -78.3302, [59, 60, 61, 62, 63, 65], CHUNK, ['S', 'T', 'D', 'T', 'M', 'I'], VKLTPLCVTLNCTNVTNNNTN-------------------------------------NSTDTMKI----CSFNT-T-TN--LRD-KK-TTV-YALF-YTLDVVQLNETNSSNNNNS------------------------------------------NKNYTLI---NCNTSTI-T---QA, 0.3233, 0
1.631805, -117.9403, [91, 98, 99], CHUNK, ['E', 'N', 'K'], VKLTPLCVTLNCTNVTNNNTN-------------------------------------NMRGELKN----CSFNT-T-TN--LRD-KK-TTE-YALF-NKLDVVQLNEGNSSNNNNS------------------------------------------NKNYTLI---NCNTSTI-T---QA, 0.1035, 0
1.655772, -120.5174, 59, POINT, S, VKLTPLCVTLNCTNVTNNNTN-------------------------------------NSRGELKN----CSFNT-T-TN--LRD-KK-TTV-YALF-YTLDVVQLNEGNSSNNNNS------------------------------------------NKNYTLI---NCNTSTI-T---QA, 0.1035, 0
1.673688, -119.4290, [59, 60, 63], CHUNK, ['I', 'N', 'I'], VKLTPLCVTLNCTNVTNNNTN-------------------------------------NINGEIKN----CSFNT-T-TN--LRD-KK-TTV-YALF-YTLDVVQLNEGNSSNNNNS------------------------------------------NKNYTLI---NCNTSTI-T---QA, 0.1035, 0
1.644283, -118.5876, 98, POINT, N, VKLTPLCVTLNCTNVTNNNTN-------------------------------------NMRGELKN----CSFNT-T-TN--LRD-KK-TTV-YALF-NTLDVVQLNEGNSSNNNNS------------------------------------------NKNYTLI---NCNTSTI-T---QA, 0.1035, 0
1.651910, -121.4203, 107, POINT, N, VKLTPLCVTLNCTNVTNNNTN-------------------------------------NMRGELKN----CSFNT-T-TN--LRD-KK-TKV-YALF-YTLDVVQLNNGNSSNNNNS------------------------------------------NKNYTLI---NCNTSTI-T---QA, 0.1090, 0
1.655011, -19.9298, [82, 83], CHUNK, ['I', 'T'], VKLTPLCVTLNCTNVTNNNTN-------------------------------------NMRGELKN----CSFNT-T-TN--ITD-KK-TKV-YALF-YTLDVVQLNEGNSSNNNNS------------------------------------------NKNYTLI---NCNTSTI-T---QA, 0.3107, 0
1.640256, -20.6644, [82, 84, 87], CHUNK, ['I', 'N', 'V'], VKLTPLCVTLNCTNVTNNNTN-------------------------------------NMRGELKN----CSFNT-T-TN--IRN-KV-TKV-YALF-YTLDVVQLNEGNSSNNNNS------------------------------------------NKNYTLI---NCNTSTI-T---QA, 0.1860, 0
1.629434, -34.4131, [82, 87], CHUNK, ['I', 'V'], VKLTPLCVTLNCTNVTNNNTN-------------------------------------NMRGELKN----CSFNT-T-TN--IRD-KV-TKV-YALF-YTLDVVQLNEGNSSNNNNS------------------------------------------NKNYTLI---NCNTSTI-T---QA, 0.3955, 0
1.603729, -119.2532, 63, POINT, I, VKLTPLCVTLNCTNVTNNNTN-------------------------------------DMRGEIKN----CSFNT-T-TN--LRD-KK-TKV-YALF-YTLDVVQLNEGNSSNNNNS------------------------------------------NKNYTLI---NCNTSTI-T---QA, 0.1018, 0
1.650250, -72.6443, [58, 59, 60, 61, 64], CHUNK, ['T', 'S', 'S', 'E', 'R'], VKLTPLCVTLNCTNVTNNNTN-------------------------------------TSSEELRN----CSFNT-T-TN--LRD-KK-TKV-YALF-YTLDVVQLNEGNSSNNNNS------------------------------------------NKNYTLI---NCNTSTI-T---QA, 0.3283, 0
1.610213, -120.3867, [103], CHUNK, ['T'], VKLTPLCVTLNCTNVTNNNTN-------------------------------------DMRGELKN----CSFNT-T-TN--LRD-KK-TKV-YALF-YTLDVTQLNEGNSSNNNNS------------------------------------------NKNYTLI---NCNTSTI-T---QA, 0.0946, 0
1.617892, -116.4784, 87, POINT, N, VKLTPLCVTLNCTNVTNNNTN-------------------------------------DMRGELKN----CSFNT-T-TN--LRD-KN-TKV-YALF-YTLDVVQLNEGNSSNNNNS------------------------------------------NKNYTLI---NCNTSTI-T---QA, 0.1018, 0
