Name base = v1v2_6_2.1
Iters = 70
Soft coverage = 0.284621885725
Energy = -129.278793157
Hard Covereage = 0.0368019545157
Num epitopes = 65
Initial seq = VKLTPLCVTLQCTNVTNNITD-------------------------------------DMRGELKN----CSFNM-T-TE--LRD-KK-QKV-YSLF-YRLDVVQINENQGNRSNNS------------------------------------------NKEYRLI---NCNTSAI-T---QA
-------START OF DATA------
0.294594, -88.7533, [74], CHUNK, ['I'], VKLTPLCVTLQCTNVTNNITD-------------------------------------DMRGELKN----CSFNI-T-TE--LRD-KK-QKV-YSLF-YRLDVVQINENQGNRSNNS------------------------------------------NKEYRLI---NCNTSAI-T---QA, 0.2690, 0
0.291893, -127.7570, 63, POINT, I, VKLTPLCVTLQCTNVTNNITD-------------------------------------DMRGEIKN----CSFNM-T-TE--LRD-KK-QKV-YSLF-YRLDVVQINENQGNRSNNS------------------------------------------NKEYRLI---NCNTSAI-T---QA, 0.0000, 1
0.315560, -127.6862, 10, POINT, N, VKLTPLCVTLNCTNVTNNITD-------------------------------------DMRGEIKN----CSFNM-T-TE--LRD-KK-QKV-YSLF-YRLDVVQINENQGNRSNNS------------------------------------------NKEYRLI---NCNTSAI-T---QA, 0.0000, 1
0.319066, -128.1074, 107, POINT, N, VKLTPLCVTLNCTNVTNNITD-------------------------------------DMRGEIKN----CSFNM-T-TE--LRD-KK-QKV-YSLF-YRLDVVQINNNQGNRSNNS------------------------------------------NKEYRLI---NCNTSAI-T---QA, 0.0342, 1
0.327448, -128.3136, 94, POINT, A, VKLTPLCVTLNCTNVTNNITD-------------------------------------DMRGEIKN----CSFNM-T-TE--LRD-KK-QKV-YALF-YRLDVVQINNNQGNRSNNS------------------------------------------NKEYRLI---NCNTSAI-T---QA, 0.0342, 1
0.331902, -125.9389, [59, 60], CHUNK, ['N', 'K'], VKLTPLCVTLNCTNVTNNITD-------------------------------------DNKGEIKN----CSFNM-T-TE--LRD-KK-QKV-YALF-YRLDVVQINNNQGNRSNNS------------------------------------------NKEYRLI---NCNTSAI-T---QA, 0.0342, 1
0.336113, -125.1385, 161, POINT, S, VKLTPLCVTLNCTNVTNNITD-------------------------------------DNKGEIKN----CSFNM-T-TE--LRD-KK-QKV-YALF-YRLDVVQINNNQGNRSNNS------------------------------------------NKSYRLI---NCNTSAI-T---QA, 0.0342, 0
0.335974, -121.7517, [74], CHUNK, ['T'], VKLTPLCVTLNCTNVTNNITD-------------------------------------DNKGEIKN----CSFNT-T-TE--LRD-KK-QKV-YALF-YRLDVVQINNNQGNRSNNS------------------------------------------NKEYRLI---NCNTSAI-T---QA, 0.0966, 1
0.343294, -88.3360, 74, POINT, I, VKLTPLCVTLNCTNVTNNITD-------------------------------------DNKGEIKN----CSFNI-T-TE--LRD-KK-QKV-YALF-YRLDVVQINNNQGNRSNNS------------------------------------------NKEYRLI---NCNTSAI-T---QA, 0.3449, 0
0.343294, -109.2342, 74, POINT, I, VKLTPLCVTLNCTNVTNNITD-------------------------------------DNKGEIKN----CSFNI-T-TE--LRD-KK-QKV-YALF-YRLDVVQINNNQGNRSNNS------------------------------------------NKEYRLI---NCNTSAI-T---QA, 0.1771, 1
0.347134, -108.2888, [160, 161], CHUNK, ['R', 'S'], VKLTPLCVTLNCTNVTNNITD-------------------------------------DNKGEIKN----CSFNI-T-TE--LRD-KK-QKV-YALF-YRLDVVQINNNQGNRSNNS------------------------------------------NRSYRLI---NCNTSAI-T---QA, 0.1800, 0
0.345992, -108.0365, 18, POINT, T, VKLTPLCVTLNCTNVTNNTTD-------------------------------------DNKGEIKN----CSFNI-T-TE--LRD-KK-QKV-YALF-YRLDVVQINNNQGNRSNNS------------------------------------------NKEYRLI---NCNTSAI-T---QA, 0.1771, 0
0.347506, -108.9023, 161, POINT, S, VKLTPLCVTLNCTNVTNNITD-------------------------------------DNKGEIKN----CSFNI-T-TE--LRD-KK-QKV-YALF-YRLDVVQINNNQGNRSNNS------------------------------------------NKSYRLI---NCNTSAI-T---QA, 0.1974, 0
0.348265, -117.2438, 91, POINT, E, VKLTPLCVTLNCTNVTNNITD-------------------------------------DNKGEIKN----CSFNI-T-TE--LRD-KK-QKE-YALF-YRLDVVQINNNQGNRSNNS------------------------------------------NKEYRLI---NCNTSAI-T---QA, 0.2165, 0
0.348265, -117.9811, [91], CHUNK, ['E'], VKLTPLCVTLNCTNVTNNITD-------------------------------------DNKGEIKN----CSFNI-T-TE--LRD-KK-QKE-YALF-YRLDVVQINNNQGNRSNNS------------------------------------------NKEYRLI---NCNTSAI-T---QA, 0.2146, 0
0.350577, -91.9884, 174, POINT, V, VKLTPLCVTLNCTNVTNNITD-------------------------------------DNKGEIKN----CSFNI-T-TE--LRD-KK-QKV-YALF-YRLDVVQINNNQGNRSNNS------------------------------------------NKEYRLI---NCNTSVI-T---QA, 0.3362, 0
0.350203, -108.1979, 99, POINT, K, VKLTPLCVTLNCTNVTNNITD-------------------------------------DNKGEIKN----CSFNI-T-TE--LRD-KK-QKV-YALF-YKLDVVQINNNQGNRSNNS------------------------------------------NKEYRLI---NCNTSAI-T---QA, 0.1754, 0
0.348265, -116.4018, 91, POINT, E, VKLTPLCVTLNCTNVTNNITD-------------------------------------DNKGEIKN----CSFNI-T-TE--LRD-KK-QKE-YALF-YRLDVVQINNNQGNRSNNS------------------------------------------NKEYRLI---NCNTSAI-T---QA, 0.1771, 0
0.347554, -109.8138, 109, POINT, S, VKLTPLCVTLNCTNVTNNITD-------------------------------------DNKGEIKN----CSFNI-T-TE--LRD-KK-QKV-YALF-YRLDVVQINNNSGNRSNNS------------------------------------------NKEYRLI---NCNTSAI-T---QA, 0.2176, 0
0.347506, -109.2522, 161, POINT, S, VKLTPLCVTLNCTNVTNNITD-------------------------------------DNKGEIKN----CSFNI-T-TE--LRD-KK-QKV-YALF-YRLDVVQINNNQGNRSNNS------------------------------------------NKSYRLI---NCNTSAI-T---QA, 0.2176, 0
0.350203, -107.9522, 99, POINT, K, VKLTPLCVTLNCTNVTNNITD-------------------------------------DNKGEIKN----CSFNI-T-TE--LRD-KK-QKV-YALF-YKLDVVQINNNQGNRSNNS------------------------------------------NKEYRLI---NCNTSAI-T---QA, 0.2116, 0
0.350577, -102.4019, 174, POINT, V, VKLTPLCVTLNCTNVTNNITD-------------------------------------DNKGEIKN----CSFNI-T-TE--LRD-KK-QKV-YALF-YRLDVVQINNNQGNRSNNS------------------------------------------NKEYRLI---NCNTSVI-T---QA, 0.3558, 0
0.347556, -111.7287, 110, POINT, T, VKLTPLCVTLNCTNVTNNITD-------------------------------------DNKGEIKN----CSFNI-T-TE--LRD-KK-QKV-YALF-YRLDVVQINNNQTNRSNNS------------------------------------------NKEYRLI---NCNTSAI-T---QA, 0.2086, 0
0.347292, -110.9646, 110, POINT, N, VKLTPLCVTLNCTNVTNNITD-------------------------------------DNKGEIKN----CSFNI-T-TE--LRD-KK-QKV-YALF-YRLDVVQINNNQNNRSNNS------------------------------------------NKEYRLI---NCNTSAI-T---QA, 0.1725, 1
0.352385, -111.0681, 160, POINT, T, VKLTPLCVTLNCTNVTNNITD-------------------------------------DNKGEIKN----CSFNI-T-TE--LRD-KK-QKV-YALF-YRLDVVQINNNQNNRSNNS------------------------------------------NTEYRLI---NCNTSAI-T---QA, 0.2047, 0
0.351398, -113.3808, 104, POINT, P, VKLTPLCVTLNCTNVTNNITD-------------------------------------DNKGEIKN----CSFNI-T-TE--LRD-KK-QKV-YALF-YRLDVVPINNNQNNRSNNS------------------------------------------NKEYRLI---NCNTSAI-T---QA, 0.2112, 0
0.352262, -118.5986, 91, POINT, E, VKLTPLCVTLNCTNVTNNITD-------------------------------------DNKGEIKN----CSFNI-T-TE--LRD-KK-QKE-YALF-YRLDVVQINNNQNNRSNNS------------------------------------------NKEYRLI---NCNTSAI-T---QA, 0.1737, 0
0.354574, -92.9937, [174], CHUNK, ['V'], VKLTPLCVTLNCTNVTNNITD-------------------------------------DNKGEIKN----CSFNI-T-TE--LRD-KK-QKV-YALF-YRLDVVQINNNQNNRSNNS------------------------------------------NKEYRLI---NCNTSVI-T---QA, 0.2961, 0
0.350590, 7.7404, [82], CHUNK, ['I'], VKLTPLCVTLNCTNVTNNITD-------------------------------------DNKGEIKN----CSFNI-T-TE--IRD-KK-QKV-YALF-YRLDVVQINNNQNNRSNNS------------------------------------------NKEYRLI---NCNTSAI-T---QA, 0.2557, 0
0.352385, -110.5704, 160, POINT, T, VKLTPLCVTLNCTNVTNNITD-------------------------------------DNKGEIKN----CSFNI-T-TE--LRD-KK-QKV-YALF-YRLDVVQINNNQNNRSNNS------------------------------------------NTEYRLI---NCNTSAI-T---QA, 0.1725, 0
0.352262, -118.1391, 91, POINT, E, VKLTPLCVTLNCTNVTNNITD-------------------------------------DNKGEIKN----CSFNI-T-TE--LRD-KK-QKE-YALF-YRLDVVQINNNQNNRSNNS------------------------------------------NKEYRLI---NCNTSAI-T---QA, 0.1725, 0
0.350014, -108.2386, 20, POINT, T, VKLTPLCVTLNCTNVTNNITT-------------------------------------DNKGEIKN----CSFNI-T-TE--LRD-KK-QKV-YALF-YRLDVVQINNNQNNRSNNS------------------------------------------NKEYRLI---NCNTSAI-T---QA, 0.1754, 0
0.352262, -118.1391, 91, POINT, E, VKLTPLCVTLNCTNVTNNITD-------------------------------------DNKGEIKN----CSFNI-T-TE--LRD-KK-QKE-YALF-YRLDVVQINNNQNNRSNNS------------------------------------------NKEYRLI---NCNTSAI-T---QA, 0.1725, 0
0.351398, -112.6763, 104, POINT, P, VKLTPLCVTLNCTNVTNNITD-------------------------------------DNKGEIKN----CSFNI-T-TE--LRD-KK-QKV-YALF-YRLDVVPINNNQNNRSNNS------------------------------------------NKEYRLI---NCNTSAI-T---QA, 0.1551, 0
0.354574, -95.3569, 174, POINT, V, VKLTPLCVTLNCTNVTNNITD-------------------------------------DNKGEIKN----CSFNI-T-TE--LRD-KK-QKV-YALF-YRLDVVQINNNQNNRSNNS------------------------------------------NKEYRLI---NCNTSVI-T---QA, 0.3104, 0
0.349989, -110.6433, 18, POINT, T, VKLTPLCVTLNCTNVTNNTTD-------------------------------------DNKGEIKN----CSFNI-T-TE--LRD-KK-QKV-YALF-YRLDVVQINNNQNNRSNNS------------------------------------------NKEYRLI---NCNTSAI-T---QA, 0.1565, 0
0.349461, -111.5215, 174, POINT, T, VKLTPLCVTLNCTNVTNNITD-------------------------------------DNKGEIKN----CSFNI-T-TE--LRD-KK-QKV-YALF-YRLDVVQINNNQNNRSNNS------------------------------------------NKEYRLI---NCNTSTI-T---QA, 0.2878, 0
0.350045, -111.0668, 160, POINT, S, VKLTPLCVTLNCTNVTNNITD-------------------------------------DNKGEIKN----CSFNI-T-TE--LRD-KK-QKV-YALF-YRLDVVQINNNQNNRSNNS------------------------------------------NSEYRLI---NCNTSAI-T---QA, 0.1775, 0
0.349989, -110.3619, [18], CHUNK, ['T'], VKLTPLCVTLNCTNVTNNTTD-------------------------------------DNKGEIKN----CSFNI-T-TE--LRD-KK-QKV-YALF-YRLDVVQINNNQNNRSNNS------------------------------------------NKEYRLI---NCNTSAI-T---QA, 0.1782, 0
0.354201, -110.7797, [99], CHUNK, ['K'], VKLTPLCVTLNCTNVTNNITD-------------------------------------DNKGEIKN----CSFNI-T-TE--LRD-KK-QKV-YALF-YKLDVVQINNNQNNRSNNS------------------------------------------NKEYRLI---NCNTSAI-T---QA, 0.1731, 0
0.354574, -95.0861, 174, POINT, V, VKLTPLCVTLNCTNVTNNITD-------------------------------------DNKGEIKN----CSFNI-T-TE--LRD-KK-QKV-YALF-YRLDVVQINNNQNNRSNNS------------------------------------------NKEYRLI---NCNTSVI-T---QA, 0.2720, 0
0.350961, -111.1243, [159, 160], CHUNK, ['S', 'T'], VKLTPLCVTLNCTNVTNNITD-------------------------------------DNKGEIKN----CSFNI-T-TE--LRD-KK-QKV-YALF-YRLDVVQINNNQNNRSNNS------------------------------------------STEYRLI---NCNTSAI-T---QA, 0.2144, 0
0.348373, -112.3436, [113], CHUNK, ['N'], VKLTPLCVTLNCTNVTNNITD-------------------------------------DNKGEIKN----CSFNI-T-TE--LRD-KK-QKV-YALF-YRLDVVQINNNQNNRNNNS------------------------------------------NKEYRLI---NCNTSAI-T---QA, 0.1945, 0
0.350590, -23.4292, [82], CHUNK, ['I'], VKLTPLCVTLNCTNVTNNITD-------------------------------------DNKGEIKN----CSFNI-T-TE--IRD-KK-QKV-YALF-YRLDVVQINNNQNNRSNNS------------------------------------------NKEYRLI---NCNTSAI-T---QA, 0.6345, 0
0.352262, -118.7541, 91, POINT, E, VKLTPLCVTLNCTNVTNNITD-------------------------------------DNKGEIKN----CSFNI-T-TE--LRD-KK-QKE-YALF-YRLDVVQINNNQNNRSNNS------------------------------------------NKEYRLI---NCNTSAI-T---QA, 0.1724, 0
0.354201, -109.8249, [99], CHUNK, ['K'], VKLTPLCVTLNCTNVTNNITD-------------------------------------DNKGEIKN----CSFNI-T-TE--LRD-KK-QKV-YALF-YKLDVVQINNNQNNRSNNS------------------------------------------NKEYRLI---NCNTSAI-T---QA, 0.2487, 0
0.351503, -110.2613, 161, POINT, S, VKLTPLCVTLNCTNVTNNITD-------------------------------------DNKGEIKN----CSFNI-T-TE--LRD-KK-QKV-YALF-YRLDVVQINNNQNNRSNNS------------------------------------------NKSYRLI---NCNTSAI-T---QA, 0.1725, 0
0.349980, -111.8266, 20, POINT, N, VKLTPLCVTLNCTNVTNNITN-------------------------------------DNKGEIKN----CSFNI-T-TE--LRD-KK-QKV-YALF-YRLDVVQINNNQNNRSNNS------------------------------------------NKEYRLI---NCNTSAI-T---QA, 0.2048, 0
0.348748, -106.2802, [19, 20], CHUNK, ['N', 'T'], VKLTPLCVTLNCTNVTNNINT-------------------------------------DNKGEIKN----CSFNI-T-TE--LRD-KK-QKV-YALF-YRLDVVQINNNQNNRSNNS------------------------------------------NKEYRLI---NCNTSAI-T---QA, 0.1725, 0
0.349810, -110.9782, 18, POINT, N, VKLTPLCVTLNCTNVTNNNTD-------------------------------------DNKGEIKN----CSFNI-T-TE--LRD-KK-QKV-YALF-YRLDVVQINNNQNNRSNNS------------------------------------------NKEYRLI---NCNTSAI-T---QA, 0.1883, 0
0.348791, -111.8785, 58, POINT, S, VKLTPLCVTLNCTNVTNNITD-------------------------------------SNKGEIKN----CSFNI-T-TE--LRD-KK-QKV-YALF-YRLDVVQINNNQNNRSNNS------------------------------------------NKEYRLI---NCNTSAI-T---QA, 0.2075, 0
0.349989, -112.6317, 18, POINT, T, VKLTPLCVTLNCTNVTNNTTD-------------------------------------DNKGEIKN----CSFNI-T-TE--LRD-KK-QKV-YALF-YRLDVVQINNNQNNRSNNS------------------------------------------NKEYRLI---NCNTSAI-T---QA, 0.1742, 0
0.352262, -120.3236, 91, POINT, E, VKLTPLCVTLNCTNVTNNITD-------------------------------------DNKGEIKN----CSFNI-T-TE--LRD-KK-QKE-YALF-YRLDVVQINNNQNNRSNNS------------------------------------------NKEYRLI---NCNTSAI-T---QA, 0.1968, 0
0.352262, -118.4676, 91, POINT, E, VKLTPLCVTLNCTNVTNNITD-------------------------------------DNKGEIKN----CSFNI-T-TE--LRD-KK-QKE-YALF-YRLDVVQINNNQNNRSNNS------------------------------------------NKEYRLI---NCNTSAI-T---QA, 0.1664, 0
0.348791, -110.7605, 58, POINT, S, VKLTPLCVTLNCTNVTNNITD-------------------------------------SNKGEIKN----CSFNI-T-TE--LRD-KK-QKV-YALF-YRLDVVQINNNQNNRSNNS------------------------------------------NKEYRLI---NCNTSAI-T---QA, 0.2177, 0
0.351398, -111.6298, 104, POINT, P, VKLTPLCVTLNCTNVTNNITD-------------------------------------DNKGEIKN----CSFNI-T-TE--LRD-KK-QKV-YALF-YRLDVVPINNNQNNRSNNS------------------------------------------NKEYRLI---NCNTSAI-T---QA, 0.1725, 0
0.351503, -110.2613, 161, POINT, S, VKLTPLCVTLNCTNVTNNITD-------------------------------------DNKGEIKN----CSFNI-T-TE--LRD-KK-QKV-YALF-YRLDVVQINNNQNNRSNNS------------------------------------------NKSYRLI---NCNTSAI-T---QA, 0.1725, 0
0.354574, -91.5518, [174], CHUNK, ['V'], VKLTPLCVTLNCTNVTNNITD-------------------------------------DNKGEIKN----CSFNI-T-TE--LRD-KK-QKV-YALF-YRLDVVQINNNQNNRSNNS------------------------------------------NKEYRLI---NCNTSVI-T---QA, 0.2846, 0
0.354201, -111.8508, 99, POINT, K, VKLTPLCVTLNCTNVTNNITD-------------------------------------DNKGEIKN----CSFNI-T-TE--LRD-KK-QKV-YALF-YKLDVVQINNNQNNRSNNS------------------------------------------NKEYRLI---NCNTSAI-T---QA, 0.1936, 0
0.348465, -111.2383, 16, POINT, T, VKLTPLCVTLNCTNVTTNITD-------------------------------------DNKGEIKN----CSFNI-T-TE--LRD-KK-QKV-YALF-YRLDVVQINNNQNNRSNNS------------------------------------------NKEYRLI---NCNTSAI-T---QA, 0.1734, 0
0.349461, -109.9267, [174], CHUNK, ['T'], VKLTPLCVTLNCTNVTNNITD-------------------------------------DNKGEIKN----CSFNI-T-TE--LRD-KK-QKV-YALF-YRLDVVQINNNQNNRSNNS------------------------------------------NKEYRLI---NCNTSTI-T---QA, 0.1725, 0
0.353573, -109.5058, [109, 110], CHUNK, ['N', 'T'], VKLTPLCVTLNCTNVTNNITD-------------------------------------DNKGEIKN----CSFNI-T-TE--LRD-KK-QKV-YALF-YRLDVVQINNNNTNRSNNS------------------------------------------NKEYRLI---NCNTSAI-T---QA, 0.1725, 0
0.350045, -110.5110, 160, POINT, S, VKLTPLCVTLNCTNVTNNITD-------------------------------------DNKGEIKN----CSFNI-T-TE--LRD-KK-QKV-YALF-YRLDVVQINNNQNNRSNNS------------------------------------------NSEYRLI---NCNTSAI-T---QA, 0.1975, 0
0.359408, -110.7400, [160, 161], CHUNK, ['T', 'S'], VKLTPLCVTLNCTNVTNNITD-------------------------------------DNKGEIKN----CSFNI-T-TE--LRD-KK-QKV-YALF-YRLDVVQINNNQNNRSNNS------------------------------------------NTSYRLI---NCNTSAI-T---QA, 0.1880, 0
0.350014, -108.9807, 20, POINT, T, VKLTPLCVTLNCTNVTNNITT-------------------------------------DNKGEIKN----CSFNI-T-TE--LRD-KK-QKV-YALF-YRLDVVQINNNQNNRSNNS------------------------------------------NKEYRLI---NCNTSAI-T---QA, 0.1855, 0
0.354767, -110.1950, [160, 161], CHUNK, ['S', 'S'], VKLTPLCVTLNCTNVTNNITD-------------------------------------DNKGEIKN----CSFNI-T-TE--LRD-KK-QKV-YALF-YRLDVVQINNNQNNRSNNS------------------------------------------NSSYRLI---NCNTSAI-T---QA, 0.2376, 0
0.350045, -111.9962, [160], CHUNK, ['S'], VKLTPLCVTLNCTNVTNNITD-------------------------------------DNKGEIKN----CSFNI-T-TE--LRD-KK-QKV-YALF-YRLDVVQINNNQNNRSNNS------------------------------------------NSEYRLI---NCNTSAI-T---QA, 0.2307, 0
0.351503, -111.3540, 161, POINT, S, VKLTPLCVTLNCTNVTNNITD-------------------------------------DNKGEIKN----CSFNI-T-TE--LRD-KK-QKV-YALF-YRLDVVQINNNQNNRSNNS------------------------------------------NKSYRLI---NCNTSAI-T---QA, 0.1627, 0
0.354574, -95.8198, 174, POINT, V, VKLTPLCVTLNCTNVTNNITD-------------------------------------DNKGEIKN----CSFNI-T-TE--LRD-KK-QKV-YALF-YRLDVVQINNNQNNRSNNS------------------------------------------NKEYRLI---NCNTSVI-T---QA, 0.3186, 0
0.354152, -112.2574, [112, 113], CHUNK, ['T', 'N'], VKLTPLCVTLNCTNVTNNITD-------------------------------------DNKGEIKN----CSFNI-T-TE--LRD-KK-QKV-YALF-YRLDVVQINNNQNNTNNNS------------------------------------------NKEYRLI---NCNTSAI-T---QA, 0.2003, 0
------END OF DATA------
Best coverage = 0.34729152733
Best sequence = VKLTPLCVTLNCTNVTNNITD-------------------------------------DNKGEIKN----CSFNI-T-TE--LRD-KK-QKV-YALF-YRLDVVQINNNQNNTNNNS------------------------------------------NKEYRLI---NCNTSAI-T---QA
Hard Covereage = 0.0792748065626
Num epitopes = 60
