Name base = V1V2_70_exp_9_1_ni
Iters = 70
Soft coverage = 0.284621885725
Energy = -131.063733407
Hard Covereage = 0.0368019545157
Num epitopes = 65
Initial seq = VKLTPLCVTLQCTNVTNNITD-------------------------------------DMRGELKN----CSFNM-T-TE--LRD-KK-QKV-YSLF-YRLDVVQINENQGNRSNNS------------------------------------------NKEYRLI---NCNTSAI-T---QA
-------START OF DATA------
0.299078, -130.1386, [10, 12], CHUNK, ['N', 'N'], VKLTPLCVTLNCNNVTNNITD-------------------------------------DMRGELKN----CSFNM-T-TE--LRD-KK-QKV-YSLF-YRLDVVQINENQGNRSNNS------------------------------------------NKEYRLI---NCNTSAI-T---QA, 0.0000, 0
0.296864, -126.7124, [10, 13, 14, 15, 16], CHUNK, ['N', 'D', 'I', 'A', 'G'], VKLTPLCVTLNCTDIAGNITD-------------------------------------DMRGELKN----CSFNM-T-TE--LRD-KK-QKV-YSLF-YRLDVVQINENQGNRSNNS------------------------------------------NKEYRLI---NCNTSAI-T---QA, 0.0267, 1
0.298896, -124.5566, 18, POINT, N, VKLTPLCVTLNCTDIAGNNTD-------------------------------------DMRGELKN----CSFNM-T-TE--LRD-KK-QKV-YSLF-YRLDVVQINENQGNRSNNS------------------------------------------NKEYRLI---NCNTSAI-T---QA, 0.0267, 0
0.304135, -124.9748, 63, POINT, I, VKLTPLCVTLNCTDIAGNITD-------------------------------------DMRGEIKN----CSFNM-T-TE--LRD-KK-QKV-YSLF-YRLDVVQINENQGNRSNNS------------------------------------------NKEYRLI---NCNTSAI-T---QA, 0.0267, 1
0.317487, -124.0686, [91, 94], CHUNK, ['E', 'A'], VKLTPLCVTLNCTDIAGNITD-------------------------------------DMRGEIKN----CSFNM-T-TE--LRD-KK-QKE-YALF-YRLDVVQINENQGNRSNNS------------------------------------------NKEYRLI---NCNTSAI-T---QA, 0.0562, 0
0.315771, -120.7984, [91, 94, 99], CHUNK, ['E', 'A', 'N'], VKLTPLCVTLNCTDIAGNITD-------------------------------------DMRGEIKN----CSFNM-T-TE--LRD-KK-QKE-YALF-YNLDVVQINENQGNRSNNS------------------------------------------NKEYRLI---NCNTSAI-T---QA, 0.0350, 0
0.312701, -123.2161, [99, 104, 106], CHUNK, ['K', 'P', 'D'], VKLTPLCVTLNCTDIAGNITD-------------------------------------DMRGEIKN----CSFNM-T-TE--LRD-KK-QKV-YSLF-YKLDVVPIDENQGNRSNNS------------------------------------------NKEYRLI---NCNTSAI-T---QA, 0.0267, 0
0.315528, -81.5406, [74], CHUNK, ['I'], VKLTPLCVTLNCTDIAGNITD-------------------------------------DMRGEIKN----CSFNI-T-TE--LRD-KK-QKV-YSLF-YRLDVVQINENQGNRSNNS------------------------------------------NKEYRLI---NCNTSAI-T---QA, 0.7034, 1
0.319276, -85.1353, 104, POINT, P, VKLTPLCVTLNCTDIAGNITD-------------------------------------DMRGEIKN----CSFNI-T-TE--LRD-KK-QKV-YSLF-YRLDVVPINENQGNRSNNS------------------------------------------NKEYRLI---NCNTSAI-T---QA, 0.6444, 0
0.322810, -75.9919, [174], CHUNK, ['V'], VKLTPLCVTLNCTDIAGNITD-------------------------------------DMRGEIKN----CSFNI-T-TE--LRD-KK-QKV-YSLF-YRLDVVQINENQGNRSNNS------------------------------------------NKEYRLI---NCNTSVI-T---QA, 0.7571, 0
0.328241, -85.0026, [94, 99, 102], CHUNK, ['A', 'K', 'I'], VKLTPLCVTLNCTDIAGNITD-------------------------------------DMRGEIKN----CSFNI-T-TE--LRD-KK-QKV-YALF-YKLDIVQINENQGNRSNNS------------------------------------------NKEYRLI---NCNTSAI-T---QA, 0.6686, 0
0.323546, -87.3049, [160, 161], CHUNK, ['N', 'S'], VKLTPLCVTLNCTDIAGNITD-------------------------------------DMRGEIKN----CSFNI-T-TE--LRD-KK-QKV-YSLF-YRLDVVQINENQGNRSNNS------------------------------------------NNSYRLI---NCNTSAI-T---QA, 0.4336, 0
0.311417, -104.5117, [174], CHUNK, ['V'], VKLTPLCVTLNCTDIAGNITD-------------------------------------DMRGEIKN----CSFNM-T-TE--LRD-KK-QKV-YSLF-YRLDVVQINENQGNRSNNS------------------------------------------NKEYRLI---NCNTSVI-T---QA, 0.2152, 0
0.311417, -99.3540, 174, POINT, V, VKLTPLCVTLNCTDIAGNITD-------------------------------------DMRGEIKN----CSFNM-T-TE--LRD-KK-QKV-YSLF-YRLDVVQINENQGNRSNNS------------------------------------------NKEYRLI---NCNTSVI-T---QA, 0.4621, 0
0.306625, -125.3630, 20, POINT, N, VKLTPLCVTLNCTDIAGNITN-------------------------------------DMRGEIKN----CSFNM-T-TE--LRD-KK-QKV-YSLF-YRLDVVQINENQGNRSNNS------------------------------------------NKEYRLI---NCNTSAI-T---QA, 0.0267, 0
0.308346, -124.1748, 161, POINT, S, VKLTPLCVTLNCTDIAGNITD-------------------------------------DMRGEIKN----CSFNM-T-TE--LRD-KK-QKV-YSLF-YRLDVVQINENQGNRSNNS------------------------------------------NKSYRLI---NCNTSAI-T---QA, 0.0267, 1
0.319739, -77.9096, [74], CHUNK, ['I'], VKLTPLCVTLNCTDIAGNITD-------------------------------------DMRGEIKN----CSFNI-T-TE--LRD-KK-QKV-YSLF-YRLDVVQINENQGNRSNNS------------------------------------------NKSYRLI---NCNTSAI-T---QA, 0.4031, 0
0.315629, -102.0468, 174, POINT, V, VKLTPLCVTLNCTDIAGNITD-------------------------------------DMRGEIKN----CSFNM-T-TE--LRD-KK-QKV-YSLF-YRLDVVQINENQGNRSNNS------------------------------------------NKSYRLI---NCNTSVI-T---QA, 0.3510, 0
0.315629, -102.8913, 174, POINT, V, VKLTPLCVTLNCTDIAGNITD-------------------------------------DMRGEIKN----CSFNM-T-TE--LRD-KK-QKV-YSLF-YRLDVVQINENQGNRSNNS------------------------------------------NKSYRLI---NCNTSVI-T---QA, 0.4538, 1
0.326835, -84.6465, [74, 79], CHUNK, ['I', 'N'], VKLTPLCVTLNCTDIAGNITD-------------------------------------DMRGEIKN----CSFNI-T-TN--LRD-KK-QKV-YSLF-YRLDVVQINENQGNRSNNS------------------------------------------NKSYRLI---NCNTSVI-T---QA, 0.7104, 0
0.317218, -102.5497, 18, POINT, T, VKLTPLCVTLNCTDIAGNTTD-------------------------------------DMRGEIKN----CSFNM-T-TE--LRD-KK-QKV-YSLF-YRLDVVQINENQGNRSNNS------------------------------------------NKSYRLI---NCNTSVI-T---QA, 0.4826, 0
0.317355, -101.3787, 60, POINT, K, VKLTPLCVTLNCTDIAGNITD-------------------------------------DMKGEIKN----CSFNM-T-TE--LRD-KK-QKV-YSLF-YRLDVVQINENQGNRSNNS------------------------------------------NKSYRLI---NCNTSVI-T---QA, 0.3847, 0
0.319562, -103.2243, 15, POINT, N, VKLTPLCVTLNCTDINGNITD-------------------------------------DMRGEIKN----CSFNM-T-TE--LRD-KK-QKV-YSLF-YRLDVVQINENQGNRSNNS------------------------------------------NKSYRLI---NCNTSVI-T---QA, 0.4538, 0
0.321601, -122.4986, [99, 104, 106, 107], CHUNK, ['K', 'P', 'D', 'N'], VKLTPLCVTLNCTDIAGNITD-------------------------------------DMRGEIKN----CSFNM-T-TE--LRD-KK-QKV-YSLF-YKLDVVPIDNNQGNRSNNS------------------------------------------NKSYRLI---NCNTSAI-T---QA, 0.0267, 1
0.325618, -123.4112, 15, POINT, T, VKLTPLCVTLNCTDITGNITD-------------------------------------DMRGEIKN----CSFNM-T-TE--LRD-KK-QKV-YSLF-YKLDVVPIDNNQGNRSNNS------------------------------------------NKSYRLI---NCNTSAI-T---QA, 0.0267, 1
0.333514, -123.6309, [160], CHUNK, ['T'], VKLTPLCVTLNCTDITGNITD-------------------------------------DMRGEIKN----CSFNM-T-TE--LRD-KK-QKV-YSLF-YKLDVVPIDNNQGNRSNNS------------------------------------------NTSYRLI---NCNTSAI-T---QA, 0.0406, 1
0.335271, -121.9145, 18, POINT, N, VKLTPLCVTLNCTDITGNNTD-------------------------------------DMRGEIKN----CSFNM-T-TE--LRD-KK-QKV-YSLF-YKLDVVPIDNNQGNRSNNS------------------------------------------NTSYRLI---NCNTSAI-T---QA, 0.0486, 1
0.337589, -120.3860, 91, POINT, E, VKLTPLCVTLNCTDITGNNTD-------------------------------------DMRGEIKN----CSFNM-T-TE--LRD-KK-QKE-YSLF-YKLDVVPIDNNQGNRSNNS------------------------------------------NTSYRLI---NCNTSAI-T---QA, 0.0486, 1
0.339752, -23.7082, 82, POINT, I, VKLTPLCVTLNCTDITGNNTD-------------------------------------DMRGEIKN----CSFNM-T-TE--IRD-KK-QKE-YSLF-YKLDVVPIDNNQGNRSNNS------------------------------------------NTSYRLI---NCNTSAI-T---QA, 0.4232, 0
0.348982, -110.2202, [74], CHUNK, ['I'], VKLTPLCVTLNCTDITGNNTD-------------------------------------DMRGEIKN----CSFNI-T-TE--LRD-KK-QKE-YSLF-YKLDVVPIDNNQGNRSNNS------------------------------------------NTSYRLI---NCNTSAI-T---QA, 0.1550, 0
0.348982, -113.9848, [74], CHUNK, ['I'], VKLTPLCVTLNCTDITGNNTD-------------------------------------DMRGEIKN----CSFNI-T-TE--LRD-KK-QKE-YSLF-YKLDVVPIDNNQGNRSNNS------------------------------------------NTSYRLI---NCNTSAI-T---QA, 0.1045, 0
0.351896, -120.5623, 94, POINT, A, VKLTPLCVTLNCTDITGNNTD-------------------------------------DMRGEIKN----CSFNM-T-TE--LRD-KK-QKE-YALF-YKLDVVPIDNNQGNRSNNS------------------------------------------NTSYRLI---NCNTSAI-T---QA, 0.0486, 1
0.354042, -115.7273, 60, POINT, T, VKLTPLCVTLNCTDITGNNTD-------------------------------------DMTGEIKN----CSFNM-T-TE--LRD-KK-QKE-YALF-YKLDVVPIDNNQGNRSNNS------------------------------------------NTSYRLI---NCNTSAI-T---QA, 0.0525, 1
0.365393, -105.1123, [74, 79], CHUNK, ['I', 'N'], VKLTPLCVTLNCTDITGNNTD-------------------------------------DMTGEIKN----CSFNI-T-TN--LRD-KK-QKE-YALF-YKLDVVPIDNNQGNRSNNS------------------------------------------NTSYRLI---NCNTSAI-T---QA, 0.1753, 0
0.358347, -116.1871, 58, POINT, N, VKLTPLCVTLNCTDITGNNTD-------------------------------------NMTGEIKN----CSFNM-T-TE--LRD-KK-QKE-YALF-YKLDVVPIDNNQGNRSNNS------------------------------------------NTSYRLI---NCNTSAI-T---QA, 0.0525, 0
0.365434, -106.2066, [74], CHUNK, ['I'], VKLTPLCVTLNCTDITGNNTD-------------------------------------DMTGEIKN----CSFNI-T-TE--LRD-KK-QKE-YALF-YKLDVVPIDNNQGNRSNNS------------------------------------------NTSYRLI---NCNTSAI-T---QA, 0.2076, 0
0.365434, -105.9945, [74], CHUNK, ['I'], VKLTPLCVTLNCTDITGNNTD-------------------------------------DMTGEIKN----CSFNI-T-TE--LRD-KK-QKE-YALF-YKLDVVPIDNNQGNRSNNS------------------------------------------NTSYRLI---NCNTSAI-T---QA, 0.1844, 0
0.355842, -121.3461, 16, POINT, N, VKLTPLCVTLNCTDITNNNTD-------------------------------------DMRGEIKN----CSFNM-T-TE--LRD-KK-QKE-YALF-YKLDVVPIDNNQGNRSNNS------------------------------------------NTSYRLI---NCNTSAI-T---QA, 0.0486, 0
0.359178, -102.1963, [174], CHUNK, ['V'], VKLTPLCVTLNCTDITGNNTD-------------------------------------DMRGEIKN----CSFNM-T-TE--LRD-KK-QKE-YALF-YKLDVVPIDNNQGNRSNNS------------------------------------------NTSYRLI---NCNTSVI-T---QA, 0.5329, 0
0.356540, -101.1931, [74], CHUNK, ['V'], VKLTPLCVTLNCTDITGNNTD-------------------------------------DMRGEIKN----CSFNV-T-TE--LRD-KK-QKE-YALF-YKLDVVPIDNNQGNRSNNS------------------------------------------NTSYRLI---NCNTSAI-T---QA, 0.2473, 0
0.363289, -114.1264, [74], CHUNK, ['I'], VKLTPLCVTLNCTDITGNNTD-------------------------------------DMRGEIKN----CSFNI-T-TE--LRD-KK-QKE-YALF-YKLDVVPIDNNQGNRSNNS------------------------------------------NTSYRLI---NCNTSAI-T---QA, 0.2031, 0
0.344871, -99.4424, 174, POINT, V, VKLTPLCVTLNCTDITGNNTD-------------------------------------DMRGEIKN----CSFNM-T-TE--LRD-KK-QKE-YSLF-YKLDVVPIDNNQGNRSNNS------------------------------------------NTSYRLI---NCNTSVI-T---QA, 0.2579, 0
0.341563, -121.8342, 110, POINT, N, VKLTPLCVTLNCTDITGNNTD-------------------------------------DMRGEIKN----CSFNM-T-TE--LRD-KK-QKE-YSLF-YKLDVVPIDNNQNNRSNNS------------------------------------------NTSYRLI---NCNTSAI-T---QA, 0.0486, 0
0.348982, -113.3213, [74], CHUNK, ['I'], VKLTPLCVTLNCTDITGNNTD-------------------------------------DMRGEIKN----CSFNI-T-TE--LRD-KK-QKE-YSLF-YKLDVVPIDNNQGNRSNNS------------------------------------------NTSYRLI---NCNTSAI-T---QA, 0.1752, 0
0.348982, -113.6984, [74], CHUNK, ['I'], VKLTPLCVTLNCTDITGNNTD-------------------------------------DMRGEIKN----CSFNI-T-TE--LRD-KK-QKE-YSLF-YKLDVVPIDNNQGNRSNNS------------------------------------------NTSYRLI---NCNTSAI-T---QA, 0.0757, 0
0.350223, 19.4871, [74, 79, 82], CHUNK, ['I', 'S', 'I'], VKLTPLCVTLNCTDITGNNTD-------------------------------------DMRGEIKN----CSFNI-T-TS--IRD-KK-QKV-YSLF-YKLDVVPIDNNQGNRSNNS------------------------------------------NTSYRLI---NCNTSAI-T---QA, 0.4377, 0
0.342553, -100.1539, [174], CHUNK, ['V'], VKLTPLCVTLNCTDITGNNTD-------------------------------------DMRGEIKN----CSFNM-T-TE--LRD-KK-QKV-YSLF-YKLDVVPIDNNQGNRSNNS------------------------------------------NTSYRLI---NCNTSVI-T---QA, 0.2085, 0
0.343991, -98.4979, [169, 174], CHUNK, ['S', 'V'], VKLTPLCVTLNCTDITGNNTD-------------------------------------DMRGEIKN----CSFNM-T-TE--LRD-KK-QKV-YSLF-YKLDVVPIDNNQGNRSNNS------------------------------------------NTSYRLI---SCNTSVI-T---QA, 0.5669, 0
0.351896, -120.5623, [91, 94], CHUNK, ['E', 'A'], VKLTPLCVTLNCTDITGNNTD-------------------------------------DMRGEIKN----CSFNM-T-TE--LRD-KK-QKE-YALF-YKLDVVPIDNNQGNRSNNS------------------------------------------NTSYRLI---NCNTSAI-T---QA, 0.0486, 0
0.337586, -119.3405, 74, POINT, T, VKLTPLCVTLNCTDITGNITD-------------------------------------DMRGEIKN----CSFNT-T-TE--LRD-KK-QKV-YSLF-YKLDVVPIDNNQGNRSNNS------------------------------------------NTSYRLI---NCNTSAI-T---QA, 0.0406, 1
0.339904, -118.9793, 91, POINT, E, VKLTPLCVTLNCTDITGNITD-------------------------------------DMRGEIKN----CSFNT-T-TE--LRD-KK-QKE-YSLF-YKLDVVPIDNNQGNRSNNS------------------------------------------NTSYRLI---NCNTSAI-T---QA, 0.0406, 0
0.348466, -11.7153, [74, 79, 82], CHUNK, ['I', 'S', 'I'], VKLTPLCVTLNCTDITGNITD-------------------------------------DMRGEIKN----CSFNI-T-TS--IRD-KK-QKV-YSLF-YKLDVVPIDNNQGNRSNNS------------------------------------------NTSYRLI---NCNTSAI-T---QA, 0.4010, 0
0.346306, -98.0622, [169, 174], CHUNK, ['S', 'V'], VKLTPLCVTLNCTDITGNITD-------------------------------------DMRGEIKN----CSFNT-T-TE--LRD-KK-QKV-YSLF-YKLDVVPIDNNQGNRSNNS------------------------------------------NTSYRLI---SCNTSVI-T---QA, 0.4857, 0
0.344906, -77.3741, [74], CHUNK, ['I'], VKLTPLCVTLNCTDITGNITD-------------------------------------DMRGEIKN----CSFNI-T-TE--LRD-KK-QKV-YSLF-YKLDVVPIDNNQGNRSNNS------------------------------------------NTSYRLI---NCNTSAI-T---QA, 0.2850, 0
0.344906, -98.4256, [74], CHUNK, ['I'], VKLTPLCVTLNCTDITGNITD-------------------------------------DMRGEIKN----CSFNI-T-TE--LRD-KK-QKV-YSLF-YKLDVVPIDNNQGNRSNNS------------------------------------------NTSYRLI---NCNTSAI-T---QA, 0.4324, 0
0.338158, -104.8396, 74, POINT, V, VKLTPLCVTLNCTDITGNITD-------------------------------------DMRGEIKN----CSFNV-T-TE--LRD-KK-QKV-YSLF-YKLDVVPIDNNQGNRSNNS------------------------------------------NTSYRLI---NCNTSAI-T---QA, 0.3129, 0
0.344906, -84.0814, [74], CHUNK, ['I'], VKLTPLCVTLNCTDITGNITD-------------------------------------DMRGEIKN----CSFNI-T-TE--LRD-KK-QKV-YSLF-YKLDVVPIDNNQGNRSNNS------------------------------------------NTSYRLI---NCNTSAI-T---QA, 0.4187, 0
0.335706, -123.4906, 13, POINT, N, VKLTPLCVTLNCTNITGNITD-------------------------------------DMRGEIKN----CSFNM-T-TE--LRD-KK-QKV-YSLF-YKLDVVPIDNNQGNRSNNS------------------------------------------NTSYRLI---NCNTSAI-T---QA, 0.0406, 0
