Name base = V1V2_200_exp_3_4_ni
Iters = 200
Soft coverage = 0.284621885725
Energy = -131.950922245
Hard Covereage = 0.0368019545157
Num epitopes = 65
Initial seq = VKLTPLCVTLQCTNVTNNITD-------------------------------------DMRGELKN----CSFNM-T-TE--LRD-KK-QKV-YSLF-YRLDVVQINENQGNRSNNS------------------------------------------NKEYRLI---NCNTSAI-T---QA
-------START OF DATA------
0.294594, -98.0818, 74, POINT, I, VKLTPLCVTLQCTNVTNNITD-------------------------------------DMRGELKN----CSFNI-T-TE--LRD-KK-QKV-YSLF-YRLDVVQINENQGNRSNNS------------------------------------------NKEYRLI---NCNTSAI-T---QA, 0.4992, 0
0.291904, -114.8694, 174, POINT, V, VKLTPLCVTLQCTNVTNNITD-------------------------------------DMRGELKN----CSFNM-T-TE--LRD-KK-QKV-YSLF-YRLDVVQINENQGNRSNNS------------------------------------------NKEYRLI---NCNTSVI-T---QA, 0.4243, 1
0.301876, -77.3169, [74], CHUNK, ['I'], VKLTPLCVTLQCTNVTNNITD-------------------------------------DMRGELKN----CSFNI-T-TE--LRD-KK-QKV-YSLF-YRLDVVQINENQGNRSNNS------------------------------------------NKEYRLI---NCNTSVI-T---QA, 0.8249, 0
0.294254, -112.3418, 58, POINT, T, VKLTPLCVTLQCTNVTNNITD-------------------------------------TMRGELKN----CSFNM-T-TE--LRD-KK-QKV-YSLF-YRLDVVQINENQGNRSNNS------------------------------------------NKEYRLI---NCNTSVI-T---QA, 0.4852, 0
0.315571, -115.4131, 10, POINT, N, VKLTPLCVTLNCTNVTNNITD-------------------------------------DMRGELKN----CSFNM-T-TE--LRD-KK-QKV-YSLF-YRLDVVQINENQGNRSNNS------------------------------------------NKEYRLI---NCNTSVI-T---QA, 0.5992, 0
0.296115, -115.9103, 161, POINT, S, VKLTPLCVTLQCTNVTNNITD-------------------------------------DMRGELKN----CSFNM-T-TE--LRD-KK-QKV-YSLF-YRLDVVQINENQGNRSNNS------------------------------------------NKSYRLI---NCNTSVI-T---QA, 0.4838, 0
0.293003, -132.1274, [94], CHUNK, ['A'], VKLTPLCVTLQCTNVTNNITD-------------------------------------DMRGELKN----CSFNM-T-TE--LRD-KK-QKV-YALF-YRLDVVQINENQGNRSNNS------------------------------------------NKEYRLI---NCNTSAI-T---QA, 0.0000, 1
0.299808, -130.1850, 99, POINT, K, VKLTPLCVTLQCTNVTNNITD-------------------------------------DMRGELKN----CSFNM-T-TE--LRD-KK-QKV-YALF-YKLDVVQINENQGNRSNNS------------------------------------------NKEYRLI---NCNTSAI-T---QA, 0.0000, 1
0.309779, -89.5063, [74], CHUNK, ['I'], VKLTPLCVTLQCTNVTNNITD-------------------------------------DMRGELKN----CSFNI-T-TE--LRD-KK-QKV-YALF-YKLDVVQINENQGNRSNNS------------------------------------------NKEYRLI---NCNTSAI-T---QA, 0.2631, 0
0.301484, -129.2748, 58, POINT, S, VKLTPLCVTLQCTNVTNNITD-------------------------------------SMRGELKN----CSFNM-T-TE--LRD-KK-QKV-YALF-YKLDVVQINENQGNRSNNS------------------------------------------NKEYRLI---NCNTSAI-T---QA, 0.0310, 1
0.325151, -129.1900, [10], CHUNK, ['N'], VKLTPLCVTLNCTNVTNNITD-------------------------------------SMRGELKN----CSFNM-T-TE--LRD-KK-QKV-YALF-YKLDVVQINENQGNRSNNS------------------------------------------NKEYRLI---NCNTSAI-T---QA, 0.0310, 0
0.308767, -112.3347, [174], CHUNK, ['V'], VKLTPLCVTLQCTNVTNNITD-------------------------------------SMRGELKN----CSFNM-T-TE--LRD-KK-QKV-YALF-YKLDVVQINENQGNRSNNS------------------------------------------NKEYRLI---NCNTSVI-T---QA, 0.2447, 0
0.307542, -127.8794, 91, POINT, E, VKLTPLCVTLQCTNVTNNITD-------------------------------------SMRGELKN----CSFNM-T-TE--LRD-KK-QKE-YALF-YKLDVVQINENQGNRSNNS------------------------------------------NKEYRLI---NCNTSAI-T---QA, 0.0294, 1
0.331209, -127.7937, [10], CHUNK, ['N'], VKLTPLCVTLNCTNVTNNITD-------------------------------------SMRGELKN----CSFNM-T-TE--LRD-KK-QKE-YALF-YKLDVVQINENQGNRSNNS------------------------------------------NKEYRLI---NCNTSAI-T---QA, 0.0294, 1
0.338471, -126.1345, 63, POINT, I, VKLTPLCVTLNCTNVTNNITD-------------------------------------SMRGEIKN----CSFNM-T-TE--LRD-KK-QKE-YALF-YKLDVVQINENQGNRSNNS------------------------------------------NKEYRLI---NCNTSAI-T---QA, 0.0306, 0
0.336055, -126.4827, 109, POINT, T, VKLTPLCVTLNCTNVTNNITD-------------------------------------SMRGELKN----CSFNM-T-TE--LRD-KK-QKE-YALF-YKLDVVQINENTGNRSNNS------------------------------------------NKEYRLI---NCNTSAI-T---QA, 0.0307, 1
0.346027, -117.1852, [74], CHUNK, ['I'], VKLTPLCVTLNCTNVTNNITD-------------------------------------SMRGELKN----CSFNI-T-TE--LRD-KK-QKE-YALF-YKLDVVQINENTGNRSNNS------------------------------------------NKEYRLI---NCNTSAI-T---QA, 0.2037, 0
0.338182, -126.4795, 60, POINT, N, VKLTPLCVTLNCTNVTNNITD-------------------------------------SMNGELKN----CSFNM-T-TE--LRD-KK-QKE-YALF-YKLDVVQINENTGNRSNNS------------------------------------------NKEYRLI---NCNTSAI-T---QA, 0.0307, 1
0.345271, -124.8222, [63], CHUNK, ['I'], VKLTPLCVTLNCTNVTNNITD-------------------------------------SMNGEIKN----CSFNM-T-TE--LRD-KK-QKE-YALF-YKLDVVQINENTGNRSNNS------------------------------------------NKEYRLI---NCNTSAI-T---QA, 0.0507, 1
0.345969, -125.3129, 59, POINT, K, VKLTPLCVTLNCTNVTNNITD-------------------------------------SKNGEIKN----CSFNM-T-TE--LRD-KK-QKE-YALF-YKLDVVQINENTGNRSNNS------------------------------------------NKEYRLI---NCNTSAI-T---QA, 0.0508, 0
0.352553, -109.4868, [174], CHUNK, ['V'], VKLTPLCVTLNCTNVTNNITD-------------------------------------SMNGEIKN----CSFNM-T-TE--LRD-KK-QKE-YALF-YKLDVVQINENTGNRSNNS------------------------------------------NKEYRLI---NCNTSVI-T---QA, 0.2399, 0
0.352553, -104.4645, [174], CHUNK, ['V'], VKLTPLCVTLNCTNVTNNITD-------------------------------------SMNGEIKN----CSFNM-T-TE--LRD-KK-QKE-YALF-YKLDVVQINENTGNRSNNS------------------------------------------NKEYRLI---NCNTSVI-T---QA, 0.2615, 0
0.352553, -105.6502, 174, POINT, V, VKLTPLCVTLNCTNVTNNITD-------------------------------------SMNGEIKN----CSFNM-T-TE--LRD-KK-QKE-YALF-YKLDVVQINENTGNRSNNS------------------------------------------NKEYRLI---NCNTSVI-T---QA, 0.3869, 0
0.340973, -124.9333, 18, POINT, T, VKLTPLCVTLNCTNVTNNTTD-------------------------------------SMNGELKN----CSFNM-T-TE--LRD-KK-QKE-YALF-YKLDVVQINENTGNRSNNS------------------------------------------NKEYRLI---NCNTSAI-T---QA, 0.0344, 1
0.350945, -113.3420, [74], CHUNK, ['I'], VKLTPLCVTLNCTNVTNNTTD-------------------------------------SMNGELKN----CSFNI-T-TE--LRD-KK-QKE-YALF-YKLDVVQINENTGNRSNNS------------------------------------------NKEYRLI---NCNTSAI-T---QA, 0.2225, 0
0.345465, -117.3056, [74], CHUNK, ['V'], VKLTPLCVTLNCTNVTNNTTD-------------------------------------SMNGELKN----CSFNV-T-TE--LRD-KK-QKE-YALF-YKLDVVQINENTGNRSNNS------------------------------------------NKEYRLI---NCNTSAI-T---QA, 0.1273, 0
0.348065, -123.3067, [63], CHUNK, ['I'], VKLTPLCVTLNCTNVTNNTTD-------------------------------------SMNGEIKN----CSFNM-T-TE--LRD-KK-QKE-YALF-YKLDVVQINENTGNRSNNS------------------------------------------NKEYRLI---NCNTSAI-T---QA, 0.0338, 1
0.352137, -120.2220, 74, POINT, T, VKLTPLCVTLNCTNVTNNTTD-------------------------------------SMNGEIKN----CSFNT-T-TE--LRD-KK-QKE-YALF-YKLDVVQINENTGNRSNNS------------------------------------------NKEYRLI---NCNTSAI-T---QA, 0.0338, 0
0.351857, -123.6982, 20, POINT, N, VKLTPLCVTLNCTNVTNNTTN-------------------------------------SMNGEIKN----CSFNM-T-TE--LRD-KK-QKE-YALF-YKLDVVQINENTGNRSNNS------------------------------------------NKEYRLI---NCNTSAI-T---QA, 0.0338, 0
0.355347, -105.2353, 174, POINT, V, VKLTPLCVTLNCTNVTNNTTD-------------------------------------SMNGEIKN----CSFNM-T-TE--LRD-KK-QKE-YALF-YKLDVVQINENTGNRSNNS------------------------------------------NKEYRLI---NCNTSVI-T---QA, 0.3082, 0
0.350760, -122.8716, [110, 111, 112], CHUNK, ['N', 'G', 'S'], VKLTPLCVTLNCTNVTNNTTD-------------------------------------SMNGEIKN----CSFNM-T-TE--LRD-KK-QKE-YALF-YKLDVVQINENTNGSSNNS------------------------------------------NKEYRLI---NCNTSAI-T---QA, 0.0326, 0
0.345882, -125.0461, 107, POINT, N, VKLTPLCVTLNCTNVTNNTTD-------------------------------------SMNGELKN----CSFNM-T-TE--LRD-KK-QKE-YALF-YKLDVVQINNNTGNRSNNS------------------------------------------NKEYRLI---NCNTSAI-T---QA, 0.0344, 0
0.348255, -104.2951, 174, POINT, V, VKLTPLCVTLNCTNVTNNTTD-------------------------------------SMNGELKN----CSFNM-T-TE--LRD-KK-QKE-YALF-YKLDVVQINENTGNRSNNS------------------------------------------NKEYRLI---NCNTSVI-T---QA, 0.4486, 0
0.345283, -125.4002, 112, POINT, N, VKLTPLCVTLNCTNVTNNTTD-------------------------------------SMNGELKN----CSFNM-T-TE--LRD-KK-QKE-YALF-YKLDVVQINENTGNNSNNS------------------------------------------NKEYRLI---NCNTSAI-T---QA, 0.0344, 1
0.349656, -125.6400, 104, POINT, P, VKLTPLCVTLNCTNVTNNTTD-------------------------------------SMNGELKN----CSFNM-T-TE--LRD-KK-QKE-YALF-YKLDVVPINENTGNNSNNS------------------------------------------NKEYRLI---NCNTSAI-T---QA, 0.0344, 1
0.353854, -124.8679, 161, POINT, S, VKLTPLCVTLNCTNVTNNTTD-------------------------------------SMNGELKN----CSFNM-T-TE--LRD-KK-QKE-YALF-YKLDVVPINENTGNNSNNS------------------------------------------NKSYRLI---NCNTSAI-T---QA, 0.0344, 0
0.356748, -123.9605, [63], CHUNK, ['I'], VKLTPLCVTLNCTNVTNNTTD-------------------------------------SMNGEIKN----CSFNM-T-TE--LRD-KK-QKE-YALF-YKLDVVPINENTGNNSNNS------------------------------------------NKEYRLI---NCNTSAI-T---QA, 0.0477, 0
0.354148, -118.0346, [74], CHUNK, ['V'], VKLTPLCVTLNCTNVTNNTTD-------------------------------------SMNGELKN----CSFNV-T-TE--LRD-KK-QKE-YALF-YKLDVVPINENTGNNSNNS------------------------------------------NKEYRLI---NCNTSAI-T---QA, 0.2084, 0
0.353177, -88.7068, [61, 63], CHUNK, ['E', 'I'], VKLTPLCVTLNCTNVTNNTTD-------------------------------------SMNEEIKN----CSFNM-T-TE--LRD-KK-QKE-YALF-YKLDVVPINENTGNNSNNS------------------------------------------NKEYRLI---NCNTSAI-T---QA, 0.1407, 0
0.352565, -105.7125, 174, POINT, V, VKLTPLCVTLNCTNVTNNTTD-------------------------------------SMNGELKN----CSFNM-T-TE--LRD-KK-QKE-YALF-YKLDVVQINENTGNNSNNS------------------------------------------NKEYRLI---NCNTSVI-T---QA, 0.1726, 0
0.355255, -111.1841, [74], CHUNK, ['I'], VKLTPLCVTLNCTNVTNNTTD-------------------------------------SMNGELKN----CSFNI-T-TE--LRD-KK-QKE-YALF-YKLDVVQINENTGNNSNNS------------------------------------------NKEYRLI---NCNTSAI-T---QA, 0.3036, 0
0.355255, -118.6102, [74], CHUNK, ['I'], VKLTPLCVTLNCTNVTNNTTD-------------------------------------SMNGELKN----CSFNI-T-TE--LRD-KK-QKE-YALF-YKLDVVQINENTGNNSNNS------------------------------------------NKEYRLI---NCNTSAI-T---QA, 0.0852, 0
0.355255, -113.0625, [74], CHUNK, ['I'], VKLTPLCVTLNCTNVTNNTTD-------------------------------------SMNGELKN----CSFNI-T-TE--LRD-KK-QKE-YALF-YKLDVVQINENTGNNSNNS------------------------------------------NKEYRLI---NCNTSAI-T---QA, 0.2551, 0
0.348255, -106.8358, 174, POINT, V, VKLTPLCVTLNCTNVTNNTTD-------------------------------------SMNGELKN----CSFNM-T-TE--LRD-KK-QKE-YALF-YKLDVVQINENTGNRSNNS------------------------------------------NKEYRLI---NCNTSVI-T---QA, 0.2912, 0
0.350945, -117.4305, [74], CHUNK, ['I'], VKLTPLCVTLNCTNVTNNTTD-------------------------------------SMNGELKN----CSFNI-T-TE--LRD-KK-QKE-YALF-YKLDVVQINENTGNRSNNS------------------------------------------NKEYRLI---NCNTSAI-T---QA, 0.1445, 0
0.345882, -125.0461, 107, POINT, N, VKLTPLCVTLNCTNVTNNTTD-------------------------------------SMNGELKN----CSFNM-T-TE--LRD-KK-QKE-YALF-YKLDVVQINNNTGNRSNNS------------------------------------------NKEYRLI---NCNTSAI-T---QA, 0.0344, 0
0.345465, -118.6293, [74], CHUNK, ['V'], VKLTPLCVTLNCTNVTNNTTD-------------------------------------SMNGELKN----CSFNV-T-TE--LRD-KK-QKE-YALF-YKLDVVQINENTGNRSNNS------------------------------------------NKEYRLI---NCNTSAI-T---QA, 0.0461, 0
0.345271, -124.7676, [63], CHUNK, ['I'], VKLTPLCVTLNCTNVTNNITD-------------------------------------SMNGEIKN----CSFNM-T-TE--LRD-KK-QKE-YALF-YKLDVVQINENTGNRSNNS------------------------------------------NKEYRLI---NCNTSAI-T---QA, 0.0307, 0
0.345464, -107.7779, [174], CHUNK, ['V'], VKLTPLCVTLNCTNVTNNITD-------------------------------------SMNGELKN----CSFNM-T-TE--LRD-KK-QKE-YALF-YKLDVVQINENTGNRSNNS------------------------------------------NKEYRLI---NCNTSVI-T---QA, 0.3184, 0
0.343265, -126.0132, 160, POINT, T, VKLTPLCVTLNCTNVTNNITD-------------------------------------SMNGELKN----CSFNM-T-TE--LRD-KK-QKE-YALF-YKLDVVQINENTGNRSNNS------------------------------------------NTEYRLI---NCNTSAI-T---QA, 0.0344, 1
0.346152, -126.4143, 20, POINT, N, VKLTPLCVTLNCTNVTNNITN-------------------------------------SMNGELKN----CSFNM-T-TE--LRD-KK-QKE-YALF-YKLDVVQINENTGNRSNNS------------------------------------------NTEYRLI---NCNTSAI-T---QA, 0.0344, 0
0.350353, -124.3020, [63], CHUNK, ['I'], VKLTPLCVTLNCTNVTNNITD-------------------------------------SMNGEIKN----CSFNM-T-TE--LRD-KK-QKE-YALF-YKLDVVQINENTGNRSNNS------------------------------------------NTEYRLI---NCNTSAI-T---QA, 0.0344, 0
0.343546, -125.4878, 87, POINT, V, VKLTPLCVTLNCTNVTNNITD-------------------------------------SMNGELKN----CSFNM-T-TE--LRD-KV-QKE-YALF-YKLDVVQINENTGNRSNNS------------------------------------------NTEYRLI---NCNTSAI-T---QA, 0.0344, 1
0.350635, -123.7766, 63, POINT, I, VKLTPLCVTLNCTNVTNNITD-------------------------------------SMNGEIKN----CSFNM-T-TE--LRD-KV-QKE-YALF-YKLDVVQINENTGNRSNNS------------------------------------------NTEYRLI---NCNTSAI-T---QA, 0.0344, 1
0.353817, -33.6017, [82], CHUNK, ['I'], VKLTPLCVTLNCTNVTNNITD-------------------------------------SMNGEIKN----CSFNM-T-TE--IRD-KV-QKE-YALF-YKLDVVQINENTGNRSNNS------------------------------------------NTEYRLI---NCNTSAI-T---QA, 0.3650, 0
0.357917, -103.0208, [174], CHUNK, ['V'], VKLTPLCVTLNCTNVTNNITD-------------------------------------SMNGEIKN----CSFNM-T-TE--LRD-KV-QKE-YALF-YKLDVVQINENTGNRSNNS------------------------------------------NTEYRLI---NCNTSVI-T---QA, 0.3332, 0
0.354997, -124.0401, [104], CHUNK, ['P'], VKLTPLCVTLNCTNVTNNITD-------------------------------------SMNGEIKN----CSFNM-T-TE--LRD-KV-QKE-YALF-YKLDVVPINENTGNRSNNS------------------------------------------NTEYRLI---NCNTSAI-T---QA, 0.0344, 0
0.352410, -125.0240, 58, POINT, N, VKLTPLCVTLNCTNVTNNITD-------------------------------------NMNGEIKN----CSFNM-T-TE--LRD-KV-QKE-YALF-YKLDVVQINENTGNRSNNS------------------------------------------NTEYRLI---NCNTSAI-T---QA, 0.0344, 0
0.350828, -106.0916, [174], CHUNK, ['V'], VKLTPLCVTLNCTNVTNNITD-------------------------------------SMNGELKN----CSFNM-T-TE--LRD-KV-QKE-YALF-YKLDVVQINENTGNRSNNS------------------------------------------NTEYRLI---NCNTSVI-T---QA, 0.2744, 1
0.355191, -106.3611, 104, POINT, P, VKLTPLCVTLNCTNVTNNITD-------------------------------------SMNGELKN----CSFNM-T-TE--LRD-KV-QKE-YALF-YKLDVVPINENTGNRSNNS------------------------------------------NTEYRLI---NCNTSVI-T---QA, 0.2744, 0
0.355191, -106.3611, 104, POINT, P, VKLTPLCVTLNCTNVTNNITD-------------------------------------SMNGELKN----CSFNM-T-TE--LRD-KV-QKE-YALF-YKLDVVPINENTGNRSNNS------------------------------------------NTEYRLI---NCNTSVI-T---QA, 0.2744, 0
0.351089, -107.5672, [107, 109], CHUNK, ['N', 'K'], VKLTPLCVTLNCTNVTNNITD-------------------------------------SMNGELKN----CSFNM-T-TE--LRD-KV-QKE-YALF-YKLDVVQINNNKGNRSNNS------------------------------------------NTEYRLI---NCNTSVI-T---QA, 0.3493, 0
0.351043, -105.9172, 59, POINT, G, VKLTPLCVTLNCTNVTNNITD-------------------------------------SGNGELKN----CSFNM-T-TE--LRD-KV-QKE-YALF-YKLDVVQINENTGNRSNNS------------------------------------------NTEYRLI---NCNTSVI-T---QA, 0.2962, 0
0.350570, -125.0446, [161], CHUNK, ['S'], VKLTPLCVTLNCTNVTNNITD-------------------------------------SMNGELKN----CSFNM-T-TE--LRD-KV-QKE-YALF-YKLDVVQINENTGNRSNNS------------------------------------------NTSYRLI---NCNTSAI-T---QA, 0.0344, 0
0.345915, -123.4825, [63], CHUNK, ['M'], VKLTPLCVTLNCTNVTNNITD-------------------------------------SMNGEMKN----CSFNM-T-TE--LRD-KV-QKE-YALF-YKLDVVQINENTGNRSNNS------------------------------------------NTEYRLI---NCNTSAI-T---QA, 0.0344, 0
0.353571, -118.2672, [74], CHUNK, ['I'], VKLTPLCVTLNCTNVTNNITD-------------------------------------SMNGELKN----CSFNI-T-TE--LRD-KV-QKE-YALF-YKLDVVQINENTGNRSNNS------------------------------------------NTEYRLI---NCNTSAI-T---QA, 0.1466, 0
0.350635, -123.7766, [63], CHUNK, ['I'], VKLTPLCVTLNCTNVTNNITD-------------------------------------SMNGEIKN----CSFNM-T-TE--LRD-KV-QKE-YALF-YKLDVVQINENTGNRSNNS------------------------------------------NTEYRLI---NCNTSAI-T---QA, 0.0344, 0
0.350289, -125.5700, [161], CHUNK, ['S'], VKLTPLCVTLNCTNVTNNITD-------------------------------------SMNGELKN----CSFNM-T-TE--LRD-KK-QKE-YALF-YKLDVVQINENTGNRSNNS------------------------------------------NTSYRLI---NCNTSAI-T---QA, 0.0344, 0
0.344770, -125.8356, 59, POINT, I, VKLTPLCVTLNCTNVTNNITD-------------------------------------SINGELKN----CSFNM-T-TE--LRD-KK-QKE-YALF-YKLDVVQINENTGNRSNNS------------------------------------------NTEYRLI---NCNTSAI-T---QA, 0.0344, 0
0.345760, -125.5992, [112, 114], CHUNK, ['N', 'S'], VKLTPLCVTLNCTNVTNNITD-------------------------------------SMNGELKN----CSFNM-T-TE--LRD-KK-QKE-YALF-YKLDVVQINENTGNNSSNS------------------------------------------NTEYRLI---NCNTSAI-T---QA, 0.0344, 0
0.347757, -110.9531, 74, POINT, V, VKLTPLCVTLNCTNVTNNITD-------------------------------------SMNGELKN----CSFNV-T-TE--LRD-KK-QKE-YALF-YKLDVVQINENTGNRSNNS------------------------------------------NTEYRLI---NCNTSAI-T---QA, 0.2657, 1
0.355039, -105.5623, 174, POINT, V, VKLTPLCVTLNCTNVTNNITD-------------------------------------SMNGELKN----CSFNV-T-TE--LRD-KK-QKE-YALF-YKLDVVQINENTGNRSNNS------------------------------------------NTEYRLI---NCNTSVI-T---QA, 0.5145, 0
0.354781, -111.3464, [161], CHUNK, ['S'], VKLTPLCVTLNCTNVTNNITD-------------------------------------SMNGELKN----CSFNV-T-TE--LRD-KK-QKE-YALF-YKLDVVQINENTGNRSNNS------------------------------------------NTSYRLI---NCNTSAI-T---QA, 0.2500, 0
0.352120, -111.2342, 104, POINT, P, VKLTPLCVTLNCTNVTNNITD-------------------------------------SMNGELKN----CSFNV-T-TE--LRD-KK-QKE-YALF-YKLDVVPINENTGNRSNNS------------------------------------------NTEYRLI---NCNTSAI-T---QA, 0.2657, 0
0.350775, -7.6089, [82], CHUNK, ['I'], VKLTPLCVTLNCTNVTNNITD-------------------------------------SMNGELKN----CSFNV-T-TE--IRD-KK-QKE-YALF-YKLDVVQINENTGNRSNNS------------------------------------------NTEYRLI---NCNTSAI-T---QA, 0.2837, 0
0.343546, -125.4878, 87, POINT, V, VKLTPLCVTLNCTNVTNNITD-------------------------------------SMNGELKN----CSFNM-T-TE--LRD-KV-QKE-YALF-YKLDVVQINENTGNRSNNS------------------------------------------NTEYRLI---NCNTSAI-T---QA, 0.0344, 1
0.350570, -125.0446, 161, POINT, S, VKLTPLCVTLNCTNVTNNITD-------------------------------------SMNGELKN----CSFNM-T-TE--LRD-KV-QKE-YALF-YKLDVVQINENTGNRSNNS------------------------------------------NTSYRLI---NCNTSAI-T---QA, 0.0344, 0
0.347909, -125.8428, [104], CHUNK, ['P'], VKLTPLCVTLNCTNVTNNITD-------------------------------------SMNGELKN----CSFNM-T-TE--LRD-KV-QKE-YALF-YKLDVVPINENTGNRSNNS------------------------------------------NTEYRLI---NCNTSAI-T---QA, 0.0355, 0
0.353571, -116.6158, 74, POINT, I, VKLTPLCVTLNCTNVTNNITD-------------------------------------SMNGELKN----CSFNI-T-TE--LRD-KV-QKE-YALF-YKLDVVQINENTGNRSNNS------------------------------------------NTEYRLI---NCNTSAI-T---QA, 0.1455, 0
0.346104, -123.2421, 18, POINT, N, VKLTPLCVTLNCTNVTNNNTD-------------------------------------SMNGELKN----CSFNM-T-TE--LRD-KV-QKE-YALF-YKLDVVQINENTGNRSNNS------------------------------------------NTEYRLI---NCNTSAI-T---QA, 0.0344, 0
0.346327, -122.7593, 20, POINT, T, VKLTPLCVTLNCTNVTNNITT-------------------------------------SMNGELKN----CSFNM-T-TE--LRD-KK-QKE-YALF-YKLDVVQINENTGNRSNNS------------------------------------------NTEYRLI---NCNTSAI-T---QA, 0.0344, 1
0.356299, -107.1304, [74], CHUNK, ['I'], VKLTPLCVTLNCTNVTNNITT-------------------------------------SMNGELKN----CSFNI-T-TE--LRD-KK-QKE-YALF-YKLDVVQINENTGNRSNNS------------------------------------------NTEYRLI---NCNTSAI-T---QA, 0.2810, 0
0.353609, -112.5862, [174], CHUNK, ['V'], VKLTPLCVTLNCTNVTNNITT-------------------------------------SMNGELKN----CSFNM-T-TE--LRD-KK-QKE-YALF-YKLDVVQINENTGNRSNNS------------------------------------------NTEYRLI---NCNTSVI-T---QA, 0.2678, 0
0.350152, -120.4967, 18, POINT, N, VKLTPLCVTLNCTNVTNNNTT-------------------------------------SMNGELKN----CSFNM-T-TE--LRD-KK-QKE-YALF-YKLDVVQINENTGNRSNNS------------------------------------------NTEYRLI---NCNTSAI-T---QA, 0.0344, 0
0.350690, -123.0228, 104, POINT, P, VKLTPLCVTLNCTNVTNNITT-------------------------------------SMNGELKN----CSFNM-T-TE--LRD-KK-QKE-YALF-YKLDVVPINENTGNRSNNS------------------------------------------NTEYRLI---NCNTSAI-T---QA, 0.0344, 1
0.360662, -112.3165, 74, POINT, I, VKLTPLCVTLNCTNVTNNITT-------------------------------------SMNGELKN----CSFNI-T-TE--LRD-KK-QKE-YALF-YKLDVVPINENTGNRSNNS------------------------------------------NTEYRLI---NCNTSAI-T---QA, 0.2207, 0
0.355182, -117.9269, [74], CHUNK, ['V'], VKLTPLCVTLNCTNVTNNITT-------------------------------------SMNGELKN----CSFNV-T-TE--LRD-KK-QKE-YALF-YKLDVVPINENTGNRSNNS------------------------------------------NTEYRLI---NCNTSAI-T---QA, 0.0854, 0
0.357972, -104.3095, [174], CHUNK, ['V'], VKLTPLCVTLNCTNVTNNITT-------------------------------------SMNGELKN----CSFNM-T-TE--LRD-KK-QKE-YALF-YKLDVVPINENTGNRSNNS------------------------------------------NTEYRLI---NCNTSVI-T---QA, 0.4284, 0
0.352859, -120.9758, 174, POINT, T, VKLTPLCVTLNCTNVTNNITT-------------------------------------SMNGELKN----CSFNM-T-TE--LRD-KK-QKE-YALF-YKLDVVPINENTGNRSNNS------------------------------------------NTEYRLI---NCNTSTI-T---QA, 0.0344, 1
0.354019, -120.9973, 107, POINT, D, VKLTPLCVTLNCTNVTNNITT-------------------------------------SMNGELKN----CSFNM-T-TE--LRD-KK-QKE-YALF-YKLDVVPINDNTGNRSNNS------------------------------------------NTEYRLI---NCNTSTI-T---QA, 0.0715, 0
0.355903, -119.4411, 18, POINT, T, VKLTPLCVTLNCTNVTNNTTT-------------------------------------SMNGELKN----CSFNM-T-TE--LRD-KK-QKE-YALF-YKLDVVPINENTGNRSNNS------------------------------------------NTEYRLI---NCNTSTI-T---QA, 0.0344, 0
0.362831, -114.2177, [74], CHUNK, ['I'], VKLTPLCVTLNCTNVTNNITT-------------------------------------SMNGELKN----CSFNI-T-TE--LRD-KK-QKE-YALF-YKLDVVPINENTGNRSNNS------------------------------------------NTEYRLI---NCNTSTI-T---QA, 0.1828, 1
0.371316, -112.6446, 63, POINT, I, VKLTPLCVTLNCTNVTNNITT-------------------------------------SMNGEIKN----CSFNI-T-TE--LRD-KK-QKE-YALF-YKLDVVPINENTGNRSNNS------------------------------------------NTEYRLI---NCNTSTI-T---QA, 0.2020, 0
0.366620, -7.9338, 82, POINT, I, VKLTPLCVTLNCTNVTNNITT-------------------------------------SMNGELKN----CSFNI-T-TE--IRD-KK-QKE-YALF-YKLDVVPINENTGNRSNNS------------------------------------------NTEYRLI---NCNTSTI-T---QA, 0.1996, 0
0.371316, -112.0712, [63], CHUNK, ['I'], VKLTPLCVTLNCTNVTNNITT-------------------------------------SMNGEIKN----CSFNI-T-TE--LRD-KK-QKE-YALF-YKLDVVPINENTGNRSNNS------------------------------------------NTEYRLI---NCNTSTI-T---QA, 0.1828, 1
0.376429, -102.2787, [174], CHUNK, ['V'], VKLTPLCVTLNCTNVTNNITT-------------------------------------SMNGEIKN----CSFNI-T-TE--LRD-KK-QKE-YALF-YKLDVVPINENTGNRSNNS------------------------------------------NTEYRLI---NCNTSVI-T---QA, 0.2860, 0
0.371717, -112.0531, 107, POINT, K, VKLTPLCVTLNCTNVTNNITT-------------------------------------SMNGEIKN----CSFNI-T-TE--LRD-KK-QKE-YALF-YKLDVVPINKNTGNRSNNS------------------------------------------NTEYRLI---NCNTSTI-T---QA, 0.2348, 0
0.373001, -112.5932, 161, POINT, N, VKLTPLCVTLNCTNVTNNITT-------------------------------------SMNGEIKN----CSFNI-T-TE--LRD-KK-QKE-YALF-YKLDVVPINENTGNRSNNS------------------------------------------NTNYRLI---NCNTSTI-T---QA, 0.1920, 0
0.376429, -97.9849, [174], CHUNK, ['V'], VKLTPLCVTLNCTNVTNNITT-------------------------------------SMNGEIKN----CSFNI-T-TE--LRD-KK-QKE-YALF-YKLDVVPINENTGNRSNNS------------------------------------------NTEYRLI---NCNTSVI-T---QA, 0.3986, 0
0.366620, 2.5270, 82, POINT, I, VKLTPLCVTLNCTNVTNNITT-------------------------------------SMNGELKN----CSFNI-T-TE--IRD-KK-QKE-YALF-YKLDVVPINENTGNRSNNS------------------------------------------NTEYRLI---NCNTSTI-T---QA, 0.2060, 0
0.366620, -6.3344, 82, POINT, I, VKLTPLCVTLNCTNVTNNITT-------------------------------------SMNGELKN----CSFNI-T-TE--IRD-KK-QKE-YALF-YKLDVVPINENTGNRSNNS------------------------------------------NTEYRLI---NCNTSTI-T---QA, 0.3759, 0
0.366656, -112.9303, 18, POINT, N, VKLTPLCVTLNCTNVTNNNTT-------------------------------------SMNGELKN----CSFNI-T-TE--LRD-KK-QKE-YALF-YKLDVVPINENTGNRSNNS------------------------------------------NTEYRLI---NCNTSTI-T---QA, 0.1665, 0
0.371316, -112.0712, 63, POINT, I, VKLTPLCVTLNCTNVTNNITT-------------------------------------SMNGEIKN----CSFNI-T-TE--LRD-KK-QKE-YALF-YKLDVVPINENTGNRSNNS------------------------------------------NTEYRLI---NCNTSTI-T---QA, 0.1828, 0
0.362831, -99.7627, 74, POINT, I, VKLTPLCVTLNCTNVTNNITT-------------------------------------SMNGELKN----CSFNI-T-TE--LRD-KK-QKE-YALF-YKLDVVPINENTGNRSNNS------------------------------------------NTEYRLI---NCNTSTI-T---QA, 0.2938, 0
0.353140, -120.4504, 87, POINT, V, VKLTPLCVTLNCTNVTNNITT-------------------------------------SMNGELKN----CSFNM-T-TE--LRD-KV-QKE-YALF-YKLDVVPINENTGNRSNNS------------------------------------------NTEYRLI---NCNTSTI-T---QA, 0.0344, 0
0.359923, -119.2647, [63], CHUNK, ['I'], VKLTPLCVTLNCTNVTNNITT-------------------------------------SMNGEIKN----CSFNM-T-TE--LRD-KK-QKE-YALF-YKLDVVPINENTGNRSNNS------------------------------------------NTEYRLI---NCNTSTI-T---QA, 0.0344, 1
0.371316, -109.3199, [74], CHUNK, ['I'], VKLTPLCVTLNCTNVTNNITT-------------------------------------SMNGEIKN----CSFNI-T-TE--LRD-KK-QKE-YALF-YKLDVVPINENTGNRSNNS------------------------------------------NTEYRLI---NCNTSTI-T---QA, 0.3865, 0
0.361802, -119.5386, 161, POINT, T, VKLTPLCVTLNCTNVTNNITT-------------------------------------SMNGEIKN----CSFNM-T-TE--LRD-KK-QKE-YALF-YKLDVVPINENTGNRSNNS------------------------------------------NTTYRLI---NCNTSTI-T---QA, 0.0344, 1
0.365482, -119.2180, 59, POINT, N, VKLTPLCVTLNCTNVTNNITT-------------------------------------SNNGEIKN----CSFNM-T-TE--LRD-KK-QKE-YALF-YKLDVVPINENTGNRSNNS------------------------------------------NTTYRLI---NCNTSTI-T---QA, 0.0344, 1
0.365763, -118.6926, [87], CHUNK, ['V'], VKLTPLCVTLNCTNVTNNITT-------------------------------------SNNGEIKN----CSFNM-T-TE--LRD-KV-QKE-YALF-YKLDVVPINENTGNRSNNS------------------------------------------NTTYRLI---NCNTSTI-T---QA, 0.0344, 0
0.369854, -117.7391, 18, POINT, N, VKLTPLCVTLNCTNVTNNNTT-------------------------------------SNNGEIKN----CSFNM-T-TE--LRD-KK-QKE-YALF-YKLDVVPINENTGNRSNNS------------------------------------------NTTYRLI---NCNTSTI-T---QA, 0.0344, 0
0.370626, -118.5009, [161], CHUNK, ['S'], VKLTPLCVTLNCTNVTNNITT-------------------------------------SNNGEIKN----CSFNM-T-TE--LRD-KK-QKE-YALF-YKLDVVPINENTGNRSNNS------------------------------------------NTSYRLI---NCNTSTI-T---QA, 0.0344, 0
0.370595, -102.8155, [174], CHUNK, ['V'], VKLTPLCVTLNCTNVTNNITT-------------------------------------SNNGEIKN----CSFNM-T-TE--LRD-KK-QKE-YALF-YKLDVVPINENTGNRSNNS------------------------------------------NTTYRLI---NCNTSVI-T---QA, 0.3095, 0
0.373195, -107.0322, [74], CHUNK, ['I'], VKLTPLCVTLNCTNVTNNITT-------------------------------------SMNGEIKN----CSFNI-T-TE--LRD-KK-QKE-YALF-YKLDVVPINENTGNRSNNS------------------------------------------NTTYRLI---NCNTSTI-T---QA, 0.2357, 0
0.366916, -102.0369, [174], CHUNK, ['V'], VKLTPLCVTLNCTNVTNNITT-------------------------------------SMNGEIKN----CSFNM-T-TE--LRD-KK-QKE-YALF-YKLDVVPINENTGNRSNNS------------------------------------------NTTYRLI---NCNTSVI-T---QA, 0.2920, 0
0.363965, -25.5069, [82], CHUNK, ['I'], VKLTPLCVTLNCTNVTNNITT-------------------------------------SMNGEIKN----CSFNM-T-TE--IRD-KK-QKE-YALF-YKLDVVPINENTGNRSNNS------------------------------------------NTTYRLI---NCNTSTI-T---QA, 0.3137, 0
0.363965, -19.2817, 82, POINT, I, VKLTPLCVTLNCTNVTNNITT-------------------------------------SMNGEIKN----CSFNM-T-TE--IRD-KK-QKE-YALF-YKLDVVPINENTGNRSNNS------------------------------------------NTTYRLI---NCNTSTI-T---QA, 0.3862, 0
0.362972, -117.8464, 18, POINT, T, VKLTPLCVTLNCTNVTNNTTT-------------------------------------SMNGEIKN----CSFNM-T-TE--LRD-KK-QKE-YALF-YKLDVVPINENTGNRSNNS------------------------------------------NTEYRLI---NCNTSTI-T---QA, 0.0379, 0
0.365036, -103.1182, 174, POINT, V, VKLTPLCVTLNCTNVTNNITT-------------------------------------SMNGEIKN----CSFNM-T-TE--LRD-KK-QKE-YALF-YKLDVVPINENTGNRSNNS------------------------------------------NTEYRLI---NCNTSVI-T---QA, 0.2594, 0
0.371316, -111.8084, [74], CHUNK, ['I'], VKLTPLCVTLNCTNVTNNITT-------------------------------------SMNGEIKN----CSFNI-T-TE--LRD-KK-QKE-YALF-YKLDVVPINENTGNRSNNS------------------------------------------NTEYRLI---NCNTSTI-T---QA, 0.2039, 0
0.364971, -119.4367, 107, POINT, N, VKLTPLCVTLNCTNVTNNITT-------------------------------------SMNGEIKN----CSFNM-T-TE--LRD-KK-QKE-YALF-YKLDVVPINNNTGNRSNNS------------------------------------------NTEYRLI---NCNTSTI-T---QA, 0.0418, 0
0.353853, -119.6643, 18, POINT, S, VKLTPLCVTLNCTNVTNNSTT-------------------------------------SMNGELKN----CSFNM-T-TE--LRD-KK-QKE-YALF-YKLDVVPINENTGNRSNNS------------------------------------------NTEYRLI---NCNTSTI-T---QA, 0.0344, 0
0.354560, -120.3707, [116], CHUNK, ['N'], VKLTPLCVTLNCTNVTNNITT-------------------------------------SMNGELKN----CSFNM-T-TE--LRD-KK-QKE-YALF-YKLDVVPINENTGNRSNNN------------------------------------------NTEYRLI---NCNTSTI-T---QA, 0.0344, 1
0.359673, -104.5981, [174], CHUNK, ['V'], VKLTPLCVTLNCTNVTNNITT-------------------------------------SMNGELKN----CSFNM-T-TE--LRD-KK-QKE-YALF-YKLDVVPINENTGNRSNNN------------------------------------------NTEYRLI---NCNTSVI-T---QA, 0.2462, 0
0.357603, -118.8360, [18], CHUNK, ['T'], VKLTPLCVTLNCTNVTNNTTT-------------------------------------SMNGELKN----CSFNM-T-TE--LRD-KK-QKE-YALF-YKLDVVPINENTGNRSNNN------------------------------------------NTEYRLI---NCNTSTI-T---QA, 0.0344, 0
0.361740, -119.7606, [161], CHUNK, ['S'], VKLTPLCVTLNCTNVTNNITT-------------------------------------SMNGELKN----CSFNM-T-TE--LRD-KK-QKE-YALF-YKLDVVPINENTGNRSNNN------------------------------------------NTSYRLI---NCNTSTI-T---QA, 0.0344, 1
0.362803, -120.0787, 59, POINT, E, VKLTPLCVTLNCTNVTNNITT-------------------------------------SENGELKN----CSFNM-T-TE--LRD-KK-QKE-YALF-YKLDVVPINENTGNRSNNN------------------------------------------NTSYRLI---NCNTSTI-T---QA, 0.0344, 1
0.370031, -118.3675, 63, POINT, I, VKLTPLCVTLNCTNVTNNITT-------------------------------------SENGEIKN----CSFNM-T-TE--LRD-KK-QKE-YALF-YKLDVVPINENTGNRSNNN------------------------------------------NTSYRLI---NCNTSTI-T---QA, 0.0344, 0
0.370031, -118.3675, [63], CHUNK, ['I'], VKLTPLCVTLNCTNVTNNITT-------------------------------------SENGEIKN----CSFNM-T-TE--LRD-KK-QKE-YALF-YKLDVVPINENTGNRSNNN------------------------------------------NTSYRLI---NCNTSTI-T---QA, 0.0344, 0
0.364966, -11.1880, 82, POINT, I, VKLTPLCVTLNCTNVTNNITT-------------------------------------SENGELKN----CSFNM-T-TE--IRD-KK-QKE-YALF-YKLDVVPINENTGNRSNNN------------------------------------------NTSYRLI---NCNTSTI-T---QA, 0.2264, 0
0.370031, -118.3675, 63, POINT, I, VKLTPLCVTLNCTNVTNNITT-------------------------------------SENGEIKN----CSFNM-T-TE--LRD-KK-QKE-YALF-YKLDVVPINENTGNRSNNN------------------------------------------NTSYRLI---NCNTSTI-T---QA, 0.0344, 0
0.368805, -118.0494, [63], CHUNK, ['I'], VKLTPLCVTLNCTNVTNNITT-------------------------------------SMNGEIKN----CSFNM-T-TE--LRD-KK-QKE-YALF-YKLDVVPINENTGNRSNNN------------------------------------------NTSYRLI---NCNTSTI-T---QA, 0.0344, 0
0.366854, -101.5450, [174], CHUNK, ['V'], VKLTPLCVTLNCTNVTNNITT-------------------------------------SMNGELKN----CSFNM-T-TE--LRD-KK-QKE-YALF-YKLDVVPINENTGNRSNNN------------------------------------------NTSYRLI---NCNTSVI-T---QA, 0.4079, 0
0.371712, -113.2002, 74, POINT, I, VKLTPLCVTLNCTNVTNNITT-------------------------------------SMNGELKN----CSFNI-T-TE--LRD-KK-QKE-YALF-YKLDVVPINENTGNRSNNN------------------------------------------NTSYRLI---NCNTSTI-T---QA, 0.1041, 1
0.374756, -112.4151, 18, POINT, T, VKLTPLCVTLNCTNVTNNTTT-------------------------------------SMNGELKN----CSFNI-T-TE--LRD-KK-QKE-YALF-YKLDVVPINENTGNRSNNN------------------------------------------NTSYRLI---NCNTSTI-T---QA, 0.1299, 0
0.380197, -111.8474, [63], CHUNK, ['I'], VKLTPLCVTLNCTNVTNNITT-------------------------------------SMNGEIKN----CSFNI-T-TE--LRD-KK-QKE-YALF-YKLDVVPINENTGNRSNNN------------------------------------------NTSYRLI---NCNTSTI-T---QA, 0.1041, 0
0.374756, -111.6612, 18, POINT, T, VKLTPLCVTLNCTNVTNNTTT-------------------------------------SMNGELKN----CSFNI-T-TE--LRD-KK-QKE-YALF-YKLDVVPINENTGNRSNNN------------------------------------------NTSYRLI---NCNTSTI-T---QA, 0.1041, 0
0.374508, -111.7768, 63, POINT, M, VKLTPLCVTLNCTNVTNNITT-------------------------------------SMNGEMKN----CSFNI-T-TE--LRD-KK-QKE-YALF-YKLDVVPINENTGNRSNNN------------------------------------------NTSYRLI---NCNTSTI-T---QA, 0.1371, 0
0.363903, 2.3528, 82, POINT, I, VKLTPLCVTLNCTNVTNNITT-------------------------------------SMNGELKN----CSFNM-T-TE--IRD-KK-QKE-YALF-YKLDVVPINENTGNRSNNN------------------------------------------NTSYRLI---NCNTSTI-T---QA, 0.0750, 0
0.366854, -101.9937, [174], CHUNK, ['V'], VKLTPLCVTLNCTNVTNNITT-------------------------------------SMNGELKN----CSFNM-T-TE--LRD-KK-QKE-YALF-YKLDVVPINENTGNRSNNN------------------------------------------NTSYRLI---NCNTSVI-T---QA, 0.3221, 0
0.364073, -117.7553, 63, POINT, M, VKLTPLCVTLNCTNVTNNITT-------------------------------------SMNGEMKN----CSFNM-T-TE--LRD-KK-QKE-YALF-YKLDVVPINENTGNRSNNN------------------------------------------NTSYRLI---NCNTSTI-T---QA, 0.0344, 0
0.362021, -118.2198, 59, POINT, G, VKLTPLCVTLNCTNVTNNITT-------------------------------------SGNGELKN----CSFNM-T-TE--LRD-KK-QKE-YALF-YKLDVVPINENTGNRSNNN------------------------------------------NTSYRLI---NCNTSTI-T---QA, 0.0344, 0
0.364531, -105.2584, [74], CHUNK, ['I'], VKLTPLCVTLNCTNVTNNITT-------------------------------------SMNGELKN----CSFNI-T-TE--LRD-KK-QKE-YALF-YKLDVVPINENTGNRSNNN------------------------------------------NTEYRLI---NCNTSTI-T---QA, 0.2109, 0
0.361624, -118.6595, [63], CHUNK, ['I'], VKLTPLCVTLNCTNVTNNITT-------------------------------------SMNGEIKN----CSFNM-T-TE--LRD-KK-QKE-YALF-YKLDVVPINENTGNRSNNN------------------------------------------NTEYRLI---NCNTSTI-T---QA, 0.0344, 1
0.368805, -118.0494, [161], CHUNK, ['S'], VKLTPLCVTLNCTNVTNNITT-------------------------------------SMNGEIKN----CSFNM-T-TE--LRD-KK-QKE-YALF-YKLDVVPINENTGNRSNNN------------------------------------------NTSYRLI---NCNTSTI-T---QA, 0.0344, 1
0.370967, -1.2838, 82, POINT, I, VKLTPLCVTLNCTNVTNNITT-------------------------------------SMNGEIKN----CSFNM-T-TE--IRD-KK-QKE-YALF-YKLDVVPINENTGNRSNNN------------------------------------------NTSYRLI---NCNTSTI-T---QA, 0.1546, 0
0.373918, -98.8438, 174, POINT, V, VKLTPLCVTLNCTNVTNNITT-------------------------------------SMNGEIKN----CSFNM-T-TE--LRD-KK-QKE-YALF-YKLDVVPINENTGNRSNNN------------------------------------------NTSYRLI---NCNTSVI-T---QA, 0.2106, 0
0.373918, -96.7753, 174, POINT, V, VKLTPLCVTLNCTNVTNNITT-------------------------------------SMNGEIKN----CSFNM-T-TE--LRD-KK-QKE-YALF-YKLDVVPINENTGNRSNNN------------------------------------------NTSYRLI---NCNTSVI-T---QA, 0.3536, 0
0.369086, -117.7490, 87, POINT, V, VKLTPLCVTLNCTNVTNNITT-------------------------------------SMNGEIKN----CSFNM-T-TE--LRD-KV-QKE-YALF-YKLDVVPINENTGNRSNNN------------------------------------------NTSYRLI---NCNTSTI-T---QA, 0.0390, 0
0.366268, -110.9293, 74, POINT, V, VKLTPLCVTLNCTNVTNNITT-------------------------------------SMNGEIKN----CSFNV-T-TE--LRD-KK-QKE-YALF-YKLDVVPINENTGNRSNNN------------------------------------------NTEYRLI---NCNTSTI-T---QA, 0.1704, 0
0.366737, -101.6215, [174], CHUNK, ['V'], VKLTPLCVTLNCTNVTNNITT-------------------------------------SMNGEIKN----CSFNM-T-TE--LRD-KK-QKE-YALF-YKLDVVPINENTGNRSNNN------------------------------------------NTEYRLI---NCNTSVI-T---QA, 0.2347, 0
0.366268, -112.5286, 74, POINT, V, VKLTPLCVTLNCTNVTNNITT-------------------------------------SMNGEIKN----CSFNV-T-TE--LRD-KK-QKE-YALF-YKLDVVPINENTGNRSNNN------------------------------------------NTEYRLI---NCNTSTI-T---QA, 0.1958, 0
0.366737, -101.3816, [174], CHUNK, ['V'], VKLTPLCVTLNCTNVTNNITT-------------------------------------SMNGEIKN----CSFNM-T-TE--LRD-KK-QKE-YALF-YKLDVVPINENTGNRSNNN------------------------------------------NTEYRLI---NCNTSVI-T---QA, 0.4128, 0
0.359607, -120.4834, 107, POINT, N, VKLTPLCVTLNCTNVTNNITT-------------------------------------SMNGELKN----CSFNM-T-TE--LRD-KK-QKE-YALF-YKLDVVPINNNTGNRSNNN------------------------------------------NTEYRLI---NCNTSTI-T---QA, 0.0344, 0
0.357603, -118.8360, 18, POINT, T, VKLTPLCVTLNCTNVTNNTTT-------------------------------------SMNGELKN----CSFNM-T-TE--LRD-KK-QKE-YALF-YKLDVVPINENTGNRSNNN------------------------------------------NTEYRLI---NCNTSTI-T---QA, 0.0344, 0
0.359673, -105.1570, [174], CHUNK, ['V'], VKLTPLCVTLNCTNVTNNITT-------------------------------------SMNGELKN----CSFNM-T-TE--LRD-KK-QKE-YALF-YKLDVVPINENTGNRSNNN------------------------------------------NTEYRLI---NCNTSVI-T---QA, 0.3479, 0
0.361740, -119.7606, [161], CHUNK, ['S'], VKLTPLCVTLNCTNVTNNITT-------------------------------------SMNGELKN----CSFNM-T-TE--LRD-KK-QKE-YALF-YKLDVVPINENTGNRSNNN------------------------------------------NTSYRLI---NCNTSTI-T---QA, 0.0344, 0
0.359923, -119.2647, [63], CHUNK, ['I'], VKLTPLCVTLNCTNVTNNITT-------------------------------------SMNGEIKN----CSFNM-T-TE--LRD-KK-QKE-YALF-YKLDVVPINENTGNRSNNS------------------------------------------NTEYRLI---NCNTSTI-T---QA, 0.0344, 0
0.357972, -105.2244, 174, POINT, V, VKLTPLCVTLNCTNVTNNITT-------------------------------------SMNGELKN----CSFNM-T-TE--LRD-KK-QKE-YALF-YKLDVVPINENTGNRSNNS------------------------------------------NTEYRLI---NCNTSVI-T---QA, 0.1767, 0
0.357889, -122.4734, [112, 113], CHUNK, ['N', 'N'], VKLTPLCVTLNCTNVTNNITT-------------------------------------SMNGELKN----CSFNM-T-TE--LRD-KK-QKE-YALF-YKLDVVPINENTGNNNNNS------------------------------------------NTEYRLI---NCNTSTI-T---QA, 0.0344, 0
0.357972, -103.9598, 174, POINT, V, VKLTPLCVTLNCTNVTNNITT-------------------------------------SMNGELKN----CSFNM-T-TE--LRD-KK-QKE-YALF-YKLDVVPINENTGNRSNNS------------------------------------------NTEYRLI---NCNTSVI-T---QA, 0.3782, 0
0.353023, -121.1960, [63], CHUNK, ['M'], VKLTPLCVTLNCTNVTNNITT-------------------------------------SMNGEMKN----CSFNM-T-TE--LRD-KK-QKE-YALF-YKLDVVPINENTGNRSNNS------------------------------------------NTEYRLI---NCNTSAI-T---QA, 0.0458, 0
0.355738, -123.1356, 107, POINT, N, VKLTPLCVTLNCTNVTNNITT-------------------------------------SMNGELKN----CSFNM-T-TE--LRD-KK-QKE-YALF-YKLDVVPINNNTGNRSNNS------------------------------------------NTEYRLI---NCNTSAI-T---QA, 0.0344, 0
0.352036, -123.6064, [109, 110, 111], CHUNK, ['N', 'S', 'S'], VKLTPLCVTLNCTNVTNNITT-------------------------------------SMNGELKN----CSFNM-T-TE--LRD-KK-QKE-YALF-YKLDVVPINENNSSRSNNS------------------------------------------NTEYRLI---NCNTSAI-T---QA, 0.0344, 0
0.357714, -122.5796, [161], CHUNK, ['S'], VKLTPLCVTLNCTNVTNNITT-------------------------------------SMNGELKN----CSFNM-T-TE--LRD-KK-QKE-YALF-YKLDVVPINENTGNRSNNS------------------------------------------NTSYRLI---NCNTSAI-T---QA, 0.0344, 0
