Name base = V1V2_70_sq_9_1_i
Iters = 70
Soft coverage = 1.31203964383
Energy = -130.137314982
Hard Covereage = 0.0368019545157
Num epitopes = 65
Initial seq = VKLTPLCVTLQCTNVTNNITD-------------------------------------DMRGELKN----CSFNM-T-TE--LRD-KK-QKV-YSLF-YRLDVVQINENQGNRSNNS------------------------------------------NKEYRLI---NCNTSAI-T---QA
-------START OF DATA------
1.308666, -73.0634, 121, POINT, K, VKLTPLCVTLQCTNVTNNITD-------------------------------------DMRGELKN----CSFNM-T-TE--LRD-KK-QKV-YSLF-YRLDVVQINENQGNRSNNT----D-------------------------------------EKEYRLI---NCNTSAI-T---QA, 1.6277, 0
1.320710, 2587.3274, 158, POINT, K, VKLTPLCVTLQCTNVTNNITD-------------------------------------DMRGELKN----CSFNM-T-TE--LRD-KK-QKV-YSLF-YRLDVVQINENQGNRSNNS-----------------------------------------VNKEYRLI---NCNTSAI-T---QA, 1.6469, 0
1.278081, -94.3058, 120, POINT, K, VKLTPLCVTLQCTNVTNNITD-------------------------------------DMRGELKN----CSFNM-T-TE--LRD-KK-QKV-YSLF-YRLDVVQINENQGNRSNND---Q--------------------------------------KKEYRLI---NCNTSAI-T---QA, 1.6705, 0
1.342792, -132.3688, 112, POINT, N, VKLTPLCVTLQCTNVTNNITD-------------------------------------DMRGELKN----CSFNM-T-TE--LRD-KK-QKV-YSLF-YRLDVVQINENQGNNSNNS------------------------------------------NKEYRLI---NCNTSAI-T---QA, 0.0758, 1
1.352683, 2581.3160, 127, POINT, K, VKLTPLCVTLQCTNVTNNITD-------------------------------------DMRGELKN----CSFNM-T-TE--LRD-KK-QKV-YSLF-YRLDVVQINENQGNNSNNS----------V-------------------------------NKEYRLI---NCNTSAI-T---QA, 1.6485, 0
1.367273, -68.3244, 21, POINT, M, VKLTPLCVTLQCTNVTNNITSD------------------------------------SMRGELKN----CSFNM-T-TE--LRD-KK-QKV-YSLF-YRLDVVQINENQGNNSNNS------------------------------------------NKEYRLI---NCNTSAI-T---QA, 3.2081, 0
1.348581, 88.6073, 137, POINT, K, VKLTPLCVTLQCTNVTNNITD-------------------------------------DMRGELKN----CSFNM-T-TE--LRD-KK-QKV-YSLF-YRLDVVQINENQGNNSNNS--------------------D---------------------TKEYRLI---NCNTSAI-T---QA, 1.6252, 0
1.366832, -124.0888, 128, POINT, K, VKLTPLCVTLQCTNVTNNITD-------------------------------------DMRGELKN----CSFNM-T-TE--LRD-KK-QKV-YSLF-YRLDVVQINENQGNNSNNS-----------S------------------------------TKEYRLI---NCNTSAI-T---QA, 1.6088, 1
1.357980, 284.1628, 150, POINT, K, VKLTPLCVTLQCTNVTNNITD-------------------------------------DMRGELKN----CSFNM-T-TE--LRD-KK-QKV-YSLF-YRLDVVQINENQGNNSNNS-----------H---------------------T--------SKEYRLI---NCNTSAI-T---QA, 2.5771, 0
1.363464, 933.3730, 136, POINT, K, VKLTPLCVTLQCTNVTNNITD-------------------------------------DMRGELKN----CSFNM-T-TE--LRD-KK-QKV-YSLF-YRLDVVQINENQGNNSNNS-----------N-------V----------------------KKEYRLI---NCNTSAI-T---QA, 2.6044, 0
1.363464, 935.5164, 133, POINT, K, VKLTPLCVTLQCTNVTNNITD-------------------------------------DMRGELKN----CSFNM-T-TE--LRD-KK-QKV-YSLF-YRLDVVQINENQGNNSNNS-----------N----V-------------------------KKEYRLI---NCNTSAI-T---QA, 2.6089, 0
1.360288, 205.0220, 129, POINT, K, VKLTPLCVTLQCTNVTNNITD-------------------------------------DMRGELKN----CSFNM-T-TE--LRD-KK-QKV-YSLF-YRLDVVQINENQGNNSNNS-----------HN-----------------------------SKEYRLI---NCNTSAI-T---QA, 2.5733, 0
1.352683, 2578.9882, 127, POINT, K, VKLTPLCVTLQCTNVTNNITD-------------------------------------DMRGELKN----CSFNM-T-TE--LRD-KK-QKV-YSLF-YRLDVVQINENQGNNSNNS----------V-------------------------------NKEYRLI---NCNTSAI-T---QA, 1.6469, 0
1.352683, 2579.6124, 138, POINT, K, VKLTPLCVTLQCTNVTNNITD-------------------------------------DMRGELKN----CSFNM-T-TE--LRD-KK-QKV-YSLF-YRLDVVQINENQGNNSNNS---------------------V--------------------NKEYRLI---NCNTSAI-T---QA, 1.6518, 0
1.348581, 34.2533, 138, POINT, K, VKLTPLCVTLQCTNVTNNITD-------------------------------------DMRGELKN----CSFNM-T-TE--LRD-KK-QKV-YSLF-YRLDVVQINENQGNNSNNS---------------------D--------------------TKEYRLI---NCNTSAI-T---QA, 1.6243, 0
1.353448, -7.0831, 137, POINT, K, VKLTPLCVTLQCTNVTNNITD-------------------------------------DMRGELKN----CSFNM-T-TE--LRD-KK-QKV-YSLF-YRLDVVQINENQGNNSNNS--------------------D---------------------NKEYRLI---NCNTSAI-T---QA, 1.6249, 0
1.317538, 49.4943, 158, POINT, K, VKLTPLCVTLQCTNVTNNITD-------------------------------------DMRGELKN----CSFNM-T-TE--LRD-KK-QKV-YSLF-YRLDVVQINENQGNRSNNS-----------------------------------------DTKEYRLI---NCNTSAI-T---QA, 1.6231, 0
1.317538, 76.2877, 137, POINT, K, VKLTPLCVTLQCTNVTNNITD-------------------------------------DMRGELKN----CSFNM-T-TE--LRD-KK-QKV-YSLF-YRLDVVQINENQGNRSNNS--------------------D---------------------TKEYRLI---NCNTSAI-T---QA, 1.6244, 0
1.315635, -122.7704, 138, POINT, K, VKLTPLCVTLQCTNVTNNITD-------------------------------------DMRGELKN----CSFNM-T-TE--LRD-KK-QKV-YSLF-YRLDVVQINENQGNRSNNS---------------------S--------------------DKEYRLI---NCNTSAI-T---QA, 1.6089, 0
1.304574, -116.3002, 123, POINT, K, VKLTPLCVTLQCTNVTNNITD-------------------------------------DMRGELKN----CSFNM-T-TE--LRD-KK-QKV-YSLF-YRLDVVQINENQGNRSNND------K-----------------------------------TKEYRLI---NCNTSAI-T---QA, 1.6043, 0
1.320710, 2585.2956, 118, POINT, K, VKLTPLCVTLQCTNVTNNITD-------------------------------------DMRGELKN----CSFNM-T-TE--LRD-KK-QKV-YSLF-YRLDVVQINENQGNRSNNS-V----------------------------------------NKEYRLI---NCNTSAI-T---QA, 1.6519, 0
1.346722, -130.9931, 109, POINT, N, VKLTPLCVTLQCTNVTNNITD-------------------------------------DMRGELKN----CSFNM-T-TE--LRD-KK-QKV-YSLF-YRLDVVQINENNGNRSNNS------------------------------------------NKEYRLI---NCNTSAI-T---QA, 0.0686, 1
1.354982, 2589.4723, 125, POINT, K, VKLTPLCVTLQCTNVTNNITD-------------------------------------DMRGELKN----CSFNM-T-TE--LRD-KK-QKV-YSLF-YRLDVVQINENNGNRSNNS--------V---------------------------------NKEYRLI---NCNTSAI-T---QA, 1.6445, 0
1.378677, -132.5117, 110, POINT, N, VKLTPLCVTLQCTNVTNNITD-------------------------------------DMRGELKN----CSFNM-T-TE--LRD-KK-QKV-YSLF-YRLDVVQINENNNNRSNNS------------------------------------------NKEYRLI---NCNTSAI-T---QA, 0.0515, 1
1.386612, -69.0307, 158, POINT, K, VKLTPLCVTLQCTNVTNNITD-------------------------------------DMRGELKN----CSFNM-T-TE--LRD-KK-QKV-YSLF-YRLDVVQINENNNNRSNNK-----------------------------------------STKEYRLI---NCNTSAI-T---QA, 1.6103, 0
1.343616, -84.7051, 137, POINT, K, VKLTPLCVTLQCTNVTNNITD-------------------------------------DMRGELKN----CSFNM-T-TE--LRD-KK-QKV-YSLF-YRLDVVQINENNNNRSNND--------------------Q---------------------KKEYRLI---NCNTSAI-T---QA, 1.6738, 0
1.387869, -89.1930, 128, POINT, K, VKLTPLCVTLQCTNVTNNITD-------------------------------------DMRGELKN----CSFNM-T-TE--LRD-KK-QKV-YSLF-YRLDVVQINENNNNRSNNT-----------S------------------------------QKEYRLI---NCNTSAI-T---QA, 1.6220, 0
1.386376, 2579.3057, 132, POINT, K, VKLTPLCVTLQCTNVTNNITD-------------------------------------DMRGELKN----CSFNM-T-TE--LRD-KK-QKV-YSLF-YRLDVVQINENNNNRSNNS---------------V--------------------------NKEYRLI---NCNTSAI-T---QA, 1.6500, 0
1.344235, -77.0611, 158, POINT, K, VKLTPLCVTLQCTNVTNNITD-------------------------------------DMRGELKN----CSFNM-T-TE--LRD-KK-QKV-YSLF-YRLDVVQINENNGNRSNNS-----------------------------------------KSKEYRLI---NCNTSAI-T---QA, 1.6177, 0
1.395878, -130.8978, 10, POINT, N, VKLTPLCVTLNCTNVTNNITD-------------------------------------DMRGELKN----CSFNM-T-TE--LRD-KK-QKV-YSLF-YRLDVVQINENNGNRSNNS------------------------------------------NKEYRLI---NCNTSAI-T---QA, 0.0686, 1
1.410776, -72.5325, 154, POINT, K, VKLTPLCVTLNCTNVTNNITD-------------------------------------DMRGELKN----CSFNM-T-TE--LRD-KK-QKV-YSLF-YRLDVVQINENNGNRSNNE-------------------------------------T----TKEYRLI---NCNTSAI-T---QA, 1.6136, 0
1.399407, -42.7961, 127, POINT, K, VKLTPLCVTLNCTNVTNNITD-------------------------------------DMRGELKN----CSFNM-T-TE--LRD-KK-QKV-YSLF-YRLDVVQINENNGNRSNNS----------E-------------------------------TKEYRLI---NCNTSAI-T---QA, 1.6097, 0
1.367708, -72.7678, 120, POINT, K, VKLTPLCVTLNCTNVTNNITD-------------------------------------DMRGELKN----CSFNM-T-TE--LRD-KK-QKV-YSLF-YRLDVVQINENNGNRSNND---E--------------------------------------KKEYRLI---NCNTSAI-T---QA, 1.6757, 0
1.400967, 51.3283, 119, POINT, K, VKLTPLCVTLNCTNVTNNITD-------------------------------------DMRGELKN----CSFNM-T-TE--LRD-KK-QKV-YSLF-YRLDVVQINENNGNRSNNS--D---------------------------------------TKEYRLI---NCNTSAI-T---QA, 1.6237, 0
1.351811, 56.2158, 136, POINT, K, VKLTPLCVTLQCTNVTNNITD-------------------------------------DMRGELKN----CSFNM-T-TE--LRD-KK-QKV-YSLF-YRLDVVQINENNGNRSNNS-------------------D----------------------TKEYRLI---NCNTSAI-T---QA, 1.6212, 0
1.354982, 2861.6341, 122, POINT, K, VKLTPLCVTLQCTNVTNNITD-------------------------------------DMRGELKN----CSFNM-T-TE--LRD-KK-QKV-YSLF-YRLDVVQINENNGNRSNNS-----V------------------------------------NKEYRLI---NCNTSAI-T---QA, 6.2396, 0
1.326472, -112.2940, 134, POINT, K, VKLTPLCVTLQCTNVTNNITD-------------------------------------DMRGELKN----CSFNM-T-TE--LRD-KK-QKV-YSLF-YRLDVVQINENNGNRSNNK-----------------K------------------------KKEYRLI---NCNTSAI-T---QA, 1.6088, 0
1.356432, 40.2430, 125, POINT, K, VKLTPLCVTLQCTNVTNNITD-------------------------------------DMRGELKN----CSFNM-T-TE--LRD-KK-QKV-YSLF-YRLDVVQINENNGNRSNNS--------D---------------------------------NKEYRLI---NCNTSAI-T---QA, 1.6505, 0
1.317312, -102.1470, 154, POINT, K, VKLTPLCVTLQCTNVTNNITD-------------------------------------DMRGELKN----CSFNM-T-TE--LRD-KK-QKV-YSLF-YRLDVVQINENQGNRSNNN-------------------------------------S----EKEYRLI---NCNTSAI-T---QA, 1.6276, 0
1.320710, 2584.6604, 158, POINT, K, VKLTPLCVTLQCTNVTNNITD-------------------------------------DMRGELKN----CSFNM-T-TE--LRD-KK-QKV-YSLF-YRLDVVQINENQGNRSNNS-----------------------------------------VNKEYRLI---NCNTSAI-T---QA, 1.6459, 0
1.320710, 2585.3357, 121, POINT, K, VKLTPLCVTLQCTNVTNNITD-------------------------------------DMRGELKN----CSFNM-T-TE--LRD-KK-QKV-YSLF-YRLDVVQINENQGNRSNNS----V-------------------------------------NKEYRLI---NCNTSAI-T---QA, 1.6479, 0
1.310535, -97.8988, 127, POINT, K, VKLTPLCVTLQCTNVTNNITD-------------------------------------DMRGELKN----CSFNM-T-TE--LRD-KK-QKV-YSLF-YRLDVVQINENQGNRSNNT----------E-------------------------------KKEYRLI---NCNTSAI-T---QA, 1.6181, 0
1.317538, 76.8175, 158, POINT, K, VKLTPLCVTLQCTNVTNNITD-------------------------------------DMRGELKN----CSFNM-T-TE--LRD-KK-QKV-YSLF-YRLDVVQINENQGNRSNNS-----------------------------------------DTKEYRLI---NCNTSAI-T---QA, 1.6212, 0
1.324142, -116.5724, 122, POINT, K, VKLTPLCVTLQCTNVTNNITD-------------------------------------DMRGELKN----CSFNM-T-TE--LRD-KK-QKV-YSLF-YRLDVVQINENQGNRSNNS-----K------------------------------------NKEYRLI---NCNTSAI-T---QA, 1.6135, 0
1.322160, 87.6115, 125, POINT, K, VKLTPLCVTLQCTNVTNNITD-------------------------------------DMRGELKN----CSFNM-T-TE--LRD-KK-QKV-YSLF-YRLDVVQINENQGNRSNNS--------D---------------------------------NKEYRLI---NCNTSAI-T---QA, 1.6245, 0
1.329877, -87.0712, 118, POINT, K, VKLTPLCVTLQCTNVTNNITD-------------------------------------DMRGELKN----CSFNM-T-TE--LRD-KK-QKV-YSLF-YRLDVVQINENQGNRSNNN-K----------------------------------------TKEYRLI---NCNTSAI-T---QA, 1.6075, 0
