Name base = V1V2_200_sq_6_1_ni
Iters = 200
Soft coverage = 1.31203964383
Energy = -128.717377515
Hard Covereage = 0.0368019545157
Num epitopes = 65
Initial seq = VKLTPLCVTLQCTNVTNNITD-------------------------------------DMRGELKN----CSFNM-T-TE--LRD-KK-QKV-YSLF-YRLDVVQINENQGNRSNNS------------------------------------------NKEYRLI---NCNTSAI-T---QA
-------START OF DATA------
1.358974, -131.0651, [160, 161], CHUNK, ['T', 'T'], VKLTPLCVTLQCTNVTNNITD-------------------------------------DMRGELKN----CSFNM-T-TE--LRD-KK-QKV-YSLF-YRLDVVQINENQGNRSNNS------------------------------------------NTTYRLI---NCNTSAI-T---QA, 0.0768, 1
1.376139, -109.6212, [74], CHUNK, ['I'], VKLTPLCVTLQCTNVTNNITD-------------------------------------DMRGELKN----CSFNI-T-TE--LRD-KK-QKV-YSLF-YRLDVVQINENQGNRSNNS------------------------------------------NTTYRLI---NCNTSAI-T---QA, 0.6899, 0
1.379914, -131.5753, 110, POINT, S, VKLTPLCVTLQCTNVTNNITD-------------------------------------DMRGELKN----CSFNM-T-TE--LRD-KK-QKV-YSLF-YRLDVVQINENQSNRSNNS------------------------------------------NTTYRLI---NCNTSAI-T---QA, 0.0768, 1
1.429070, -131.4960, [10], CHUNK, ['N'], VKLTPLCVTLNCTNVTNNITD-------------------------------------DMRGELKN----CSFNM-T-TE--LRD-KK-QKV-YSLF-YRLDVVQINENQSNRSNNS------------------------------------------NTTYRLI---NCNTSAI-T---QA, 0.0768, 1
1.438936, -129.7280, 93, POINT, N, VKLTPLCVTLNCTNVTNNITD-------------------------------------DMRGELKN----CSFNM-T-TE--LRD-KK-QKV-NSLF-YRLDVVQINENQSNRSNNS------------------------------------------NTTYRLI---NCNTSAI-T---QA, 0.0768, 1
1.471539, -103.9376, [74, 79], CHUNK, ['I', 'T'], VKLTPLCVTLNCTNVTNNITD-------------------------------------DMRGELKN----CSFNI-T-TT--LRD-KK-QKV-NSLF-YRLDVVQINENQSNRSNNS------------------------------------------NTTYRLI---NCNTSAI-T---QA, 0.3498, 0
1.459067, -128.1745, 18, POINT, T, VKLTPLCVTLNCTNVTNNTTD-------------------------------------DMRGELKN----CSFNM-T-TE--LRD-KK-QKV-NSLF-YRLDVVQINENQSNRSNNS------------------------------------------NTTYRLI---NCNTSAI-T---QA, 0.0768, 1
1.476232, -87.5154, [74], CHUNK, ['I'], VKLTPLCVTLNCTNVTNNTTD-------------------------------------DMRGELKN----CSFNI-T-TE--LRD-KK-QKV-NSLF-YRLDVVQINENQSNRSNNS------------------------------------------NTTYRLI---NCNTSAI-T---QA, 0.4775, 0
1.484949, -128.9754, 58, POINT, N, VKLTPLCVTLNCTNVTNNTTD-------------------------------------NMRGELKN----CSFNM-T-TE--LRD-KK-QKV-NSLF-YRLDVVQINENQSNRSNNS------------------------------------------NTTYRLI---NCNTSAI-T---QA, 0.0799, 1
1.499651, -127.1550, 174, POINT, T, VKLTPLCVTLNCTNVTNNTTD-------------------------------------NMRGELKN----CSFNM-T-TE--LRD-KK-QKV-NSLF-YRLDVVQINENQSNRSNNS------------------------------------------NTTYRLI---NCNTSTI-T---QA, 0.0799, 1
1.512845, -124.7824, 95, POINT, T, VKLTPLCVTLNCTNVTNNTTD-------------------------------------NMRGELKN----CSFNM-T-TE--LRD-KK-QKV-NSTF-YRLDVVQINENQSNRSNNS------------------------------------------NTTYRLI---NCNTSTI-T---QA, 0.0799, 0
1.519150, -126.4319, 79, POINT, N, VKLTPLCVTLNCTNVTNNTTD-------------------------------------NMRGELKN----CSFNM-T-TN--LRD-KK-QKV-NSLF-YRLDVVQINENQSNRSNNS------------------------------------------NTTYRLI---NCNTSTI-T---QA, 0.0799, 1
1.539161, -109.1848, 61, POINT, N, VKLTPLCVTLNCTNVTNNTTD-------------------------------------NMRNELKN----CSFNM-T-TN--LRD-KK-QKV-NSLF-YRLDVVQINENQSNRSNNS------------------------------------------NTTYRLI---NCNTSTI-T---QA, 0.0695, 0
1.528840, -127.0493, 84, POINT, N, VKLTPLCVTLNCTNVTNNTTD-------------------------------------NMRGELKN----CSFNM-T-TN--LRN-KK-QKV-NSLF-YRLDVVQINENQSNRSNNS------------------------------------------NTTYRLI---NCNTSTI-T---QA, 0.0799, 0
1.553290, -122.3526, 74, POINT, T, VKLTPLCVTLNCTNVTNNTTD-------------------------------------NMRGELKN----CSFNT-T-TN--LRD-KK-QKV-NSLF-YRLDVVQINENQSNRSNNS------------------------------------------NTTYRLI---NCNTSTI-T---QA, 0.0799, 0
1.531190, -122.0892, [99], CHUNK, ['N'], VKLTPLCVTLNCTNVTNNTTD-------------------------------------NMRGELKN----CSFNM-T-TN--LRD-KK-QKV-NSLF-YNLDVVQINENQSNRSNNS------------------------------------------NTTYRLI---NCNTSTI-T---QA, 0.0799, 1
1.545855, -120.6396, [59, 60, 62, 63], CHUNK, ['T', 'E', 'D', 'M'], VKLTPLCVTLNCTNVTNNTTD-------------------------------------NTEGDMKN----CSFNM-T-TN--LRD-KK-QKV-NSLF-YNLDVVQINENQSNRSNNS------------------------------------------NTTYRLI---NCNTSTI-T---QA, 0.0876, 1
1.575076, -103.5020, [61, 62], CHUNK, ['N', 'E'], VKLTPLCVTLNCTNVTNNTTD-------------------------------------NTENEMKN----CSFNM-T-TN--LRD-KK-QKV-NSLF-YNLDVVQINENQSNRSNNS------------------------------------------NTTYRLI---NCNTSTI-T---QA, 0.0876, 0
1.565382, -72.1650, [74], CHUNK, ['I'], VKLTPLCVTLNCTNVTNNTTD-------------------------------------NTEGDMKN----CSFNI-T-TN--LRD-KK-QKV-NSLF-YNLDVVQINENQSNRSNNS------------------------------------------NTTYRLI---NCNTSTI-T---QA, 0.2438, 0
1.570527, -117.5046, 20, POINT, T, VKLTPLCVTLNCTNVTNNTTT-------------------------------------NTEGDMKN----CSFNM-T-TN--LRD-KK-QKV-NSLF-YNLDVVQINENQSNRSNNS------------------------------------------NTTYRLI---NCNTSTI-T---QA, 0.0876, 0
1.556695, -120.1264, 105, POINT, T, VKLTPLCVTLNCTNVTNNTTD-------------------------------------NTEGDMKN----CSFNM-T-TN--LRD-KK-QKV-NSLF-YNLDVVQTNENQSNRSNNS------------------------------------------NTTYRLI---NCNTSTI-T---QA, 0.0876, 1
1.576684, -87.0360, [60, 61, 62, 63], CHUNK, ['R', 'E', 'E', 'I'], VKLTPLCVTLNCTNVTNNTTD-------------------------------------NTREEIKN----CSFNM-T-TN--LRD-KK-QKV-NSLF-YNLDVVQTNENQSNRSNNS------------------------------------------NTTYRLI---NCNTSTI-T---QA, 0.0979, 0
1.574660, -119.0914, 104, POINT, S, VKLTPLCVTLNCTNVTNNTTD-------------------------------------NTEGDMKN----CSFNM-T-TN--LRD-KK-QKV-NSLF-YNLDVVSTNENQSNRSNNS------------------------------------------NTTYRLI---NCNTSTI-T---QA, 0.0876, 0
1.576222, -74.9402, 74, POINT, I, VKLTPLCVTLNCTNVTNNTTD-------------------------------------NTEGDMKN----CSFNI-T-TN--LRD-KK-QKV-NSLF-YNLDVVQTNENQSNRSNNS------------------------------------------NTTYRLI---NCNTSTI-T---QA, 0.4691, 0
1.575912, -120.3174, [62, 63], CHUNK, ['E', 'I'], VKLTPLCVTLNCTNVTNNTTD-------------------------------------NTEGEIKN----CSFNM-T-TN--LRD-KK-QKV-NSLF-YNLDVVQTNENQSNRSNNS------------------------------------------NTTYRLI---NCNTSTI-T---QA, 0.0876, 0
1.553064, -120.7342, [62], CHUNK, ['E'], VKLTPLCVTLNCTNVTNNTTD-------------------------------------NTEGEMKN----CSFNM-T-TN--LRD-KK-QKV-NSLF-YNLDVVQINENQSNRSNNS------------------------------------------NTTYRLI---NCNTSTI-T---QA, 0.0876, 0
1.570527, -117.5046, [20], CHUNK, ['T'], VKLTPLCVTLNCTNVTNNTTT-------------------------------------NTEGDMKN----CSFNM-T-TN--LRD-KK-QKV-NSLF-YNLDVVQINENQSNRSNNS------------------------------------------NTTYRLI---NCNTSTI-T---QA, 0.0876, 0
1.558210, -120.7412, 63, POINT, I, VKLTPLCVTLNCTNVTNNTTD-------------------------------------NTEGDIKN----CSFNM-T-TN--LRD-KK-QKV-NSLF-YNLDVVQINENQSNRSNNS------------------------------------------NTTYRLI---NCNTSTI-T---QA, 0.0876, 0
1.565382, -81.5303, [74], CHUNK, ['I'], VKLTPLCVTLNCTNVTNNTTD-------------------------------------NTEGDMKN----CSFNI-T-TN--LRD-KK-QKV-NSLF-YNLDVVQINENQSNRSNNS------------------------------------------NTTYRLI---NCNTSTI-T---QA, 0.3909, 0
1.540879, -123.2340, 84, POINT, N, VKLTPLCVTLNCTNVTNNTTD-------------------------------------NMRGELKN----CSFNM-T-TN--LRN-KK-QKV-NSLF-YNLDVVQINENQSNRSNNS------------------------------------------NTTYRLI---NCNTSTI-T---QA, 0.1023, 1
1.552212, -121.4231, 165, POINT, T, VKLTPLCVTLNCTNVTNNTTD-------------------------------------NMRGELKN----CSFNM-T-TN--LRN-KK-QKV-NSLF-YNLDVVQINENQSNRSNNS------------------------------------------NTTYRLT---NCNTSTI-T---QA, 0.0957, 1
1.568345, -117.8103, [59, 60, 63], CHUNK, ['E', 'K', 'I'], VKLTPLCVTLNCTNVTNNTTD-------------------------------------NEKGEIKN----CSFNM-T-TN--LRN-KK-QKV-NSLF-YNLDVVQINENQSNRSNNS------------------------------------------NTTYRLT---NCNTSTI-T---QA, 0.0957, 0
1.569617, -107.3111, [74], CHUNK, ['V'], VKLTPLCVTLNCTNVTNNTTD-------------------------------------NMRGELKN----CSFNV-T-TN--LRN-KK-QKV-NSLF-YNLDVVQINENQSNRSNNS------------------------------------------NTTYRLT---NCNTSTI-T---QA, 0.2369, 0
1.559059, -77.7920, [74, 79], CHUNK, ['I', 'S'], VKLTPLCVTLNCTNVTNNTTD-------------------------------------NMRGELKN----CSFNI-T-TS--LRN-KK-QKV-NSLF-YNLDVVQINENQSNRSNNS------------------------------------------NTTYRLT---NCNTSTI-T---QA, 0.5939, 0
1.575727, -118.2301, 20, POINT, T, VKLTPLCVTLNCTNVTNNTTT-------------------------------------NMRGELKN----CSFNM-T-TN--LRN-KK-QKV-NSLF-YNLDVVQINENQSNRSNNS------------------------------------------NTTYRLT---NCNTSTI-T---QA, 0.0957, 1
1.595273, -73.3015, [74], CHUNK, ['I'], VKLTPLCVTLNCTNVTNNTTT-------------------------------------NMRGELKN----CSFNI-T-TN--LRN-KK-QKV-NSLF-YNLDVVQINENQSNRSNNS------------------------------------------NTTYRLT---NCNTSTI-T---QA, 0.1542, 0
1.610161, -114.7120, [74], CHUNK, ['T'], VKLTPLCVTLNCTNVTNNTTT-------------------------------------NMRGELKN----CSFNT-T-TN--LRN-KK-QKV-NSLF-YNLDVVQINENQSNRSNNS------------------------------------------NTTYRLT---NCNTSTI-T---QA, 0.1099, 0
1.595273, -46.1815, [74], CHUNK, ['I'], VKLTPLCVTLNCTNVTNNTTT-------------------------------------NMRGELKN----CSFNI-T-TN--LRN-KK-QKV-NSLF-YNLDVVQINENQSNRSNNS------------------------------------------NTTYRLT---NCNTSTI-T---QA, 0.4541, 0
1.639617, -116.7358, [104, 107, 109], CHUNK, ['N', 'T', 'G'], VKLTPLCVTLNCTNVTNNTTT-------------------------------------NMRGELKN----CSFNM-T-TN--LRN-KK-QKV-NSLF-YNLDVVNINTNGSNRSNNS------------------------------------------NTTYRLT---NCNTSTI-T---QA, 0.0957, 1
1.657023, -103.9061, [74], CHUNK, ['V'], VKLTPLCVTLNCTNVTNNTTT-------------------------------------NMRGELKN----CSFNV-T-TN--LRN-KK-QKV-NSLF-YNLDVVNINTNGSNRSNNS------------------------------------------NTTYRLT---NCNTSTI-T---QA, 0.1532, 0
1.644357, -114.9390, [63], CHUNK, ['I'], VKLTPLCVTLNCTNVTNNTTT-------------------------------------NMRGEIKN----CSFNM-T-TN--LRN-KK-QKV-NSLF-YNLDVVNINTNGSNRSNNS------------------------------------------NTTYRLT---NCNTSTI-T---QA, 0.0957, 1
1.655129, -115.8273, [161, 163], CHUNK, ['S', 'T'], VKLTPLCVTLNCTNVTNNTTT-------------------------------------NMRGEIKN----CSFNM-T-TN--LRN-KK-QKV-NSLF-YNLDVVNINTNGSNRSNNS------------------------------------------NTSYTLT---NCNTSTI-T---QA, 0.0957, 0
1.653485, -115.6682, 59, POINT, L, VKLTPLCVTLNCTNVTNNTTT-------------------------------------NLRGEIKN----CSFNM-T-TN--LRN-KK-QKV-NSLF-YNLDVVNINTNGSNRSNNS------------------------------------------NTTYRLT---NCNTSTI-T---QA, 0.0957, 1
1.658517, -2.2215, 82, POINT, I, VKLTPLCVTLNCTNVTNNTTT-------------------------------------NLRGEIKN----CSFNM-T-TN--IRN-KK-QKV-NSLF-YNLDVVNINTNGSNRSNNS------------------------------------------NTTYRLT---NCNTSTI-T---QA, 0.2466, 0
1.673493, -82.1038, [74], CHUNK, ['I'], VKLTPLCVTLNCTNVTNNTTT-------------------------------------NLRGEIKN----CSFNI-T-TN--LRN-KK-QKV-NSLF-YNLDVVNINTNGSNRSNNS------------------------------------------NTTYRLT---NCNTSTI-T---QA, 0.7037, 0
1.657907, -82.7651, 61, POINT, K, VKLTPLCVTLNCTNVTNNTTT-------------------------------------NLRKEIKN----CSFNM-T-TN--LRN-KK-QKV-NSLF-YNLDVVNINTNGSNRSNNS------------------------------------------NTTYRLT---NCNTSTI-T---QA, 0.0957, 0
1.656037, -115.6283, 83, POINT, K, VKLTPLCVTLNCTNVTNNTTT-------------------------------------NLRGEIKN----CSFNM-T-TN--LKN-KK-QKV-NSLF-YNLDVVNINTNGSNRSNNS------------------------------------------NTTYRLT---NCNTSTI-T---QA, 0.0957, 0
1.647730, -115.1497, [98, 99, 102], CHUNK, ['N', 'K', 'I'], VKLTPLCVTLNCTNVTNNTTT-------------------------------------NMRGEIKN----CSFNM-T-TN--LRN-KK-QKV-NSLF-NKLDIVNINTNGSNRSNNS------------------------------------------NTTYRLT---NCNTSTI-T---QA, 0.1106, 0
1.648959, -113.8572, [74], CHUNK, ['A'], VKLTPLCVTLNCTNVTNNTTT-------------------------------------NMRGEIKN----CSFNA-T-TN--LRN-KK-QKV-NSLF-YNLDVVNINTNGSNRSNNS------------------------------------------NTTYRLT---NCNTSTI-T---QA, 0.0957, 0
1.664365, -87.9631, [74], CHUNK, ['I'], VKLTPLCVTLNCTNVTNNTTT-------------------------------------NMRGEIKN----CSFNI-T-TN--LRN-KK-QKV-NSLF-YNLDVVNINTNGSNRSNNS------------------------------------------NTTYRLT---NCNTSTI-T---QA, 0.3159, 0
1.664365, -66.0801, [74], CHUNK, ['I'], VKLTPLCVTLNCTNVTNNTTT-------------------------------------NMRGEIKN----CSFNI-T-TN--LRN-KK-QKV-NSLF-YNLDVVNINTNGSNRSNNS------------------------------------------NTTYRLT---NCNTSTI-T---QA, 0.3126, 0
1.657023, -94.6793, 74, POINT, V, VKLTPLCVTLNCTNVTNNTTT-------------------------------------NMRGELKN----CSFNV-T-TN--LRN-KK-QKV-NSLF-YNLDVVNINTNGSNRSNNS------------------------------------------NTTYRLT---NCNTSTI-T---QA, 0.4108, 0
1.645938, -113.1707, 72, POINT, S, VKLTPLCVTLNCTNVTNNTTT-------------------------------------NMRGELKN----CSSNM-T-TN--LRN-KK-QKV-NSLF-YNLDVVNINTNGSNRSNNS------------------------------------------NTTYRLT---NCNTSTI-T---QA, 0.0977, 0
1.647691, -116.3831, 89, POINT, K, VKLTPLCVTLNCTNVTNNTTT-------------------------------------NMRGELKN----CSFNM-T-TN--LRN-KK-KKV-NSLF-YNLDVVNINTNGSNRSNNS------------------------------------------NTTYRLT---NCNTSTI-T---QA, 0.0772, 0
1.644648, -4.3258, 82, POINT, I, VKLTPLCVTLNCTNVTNNTTT-------------------------------------NMRGELKN----CSFNM-T-TN--IRN-KK-QKV-NSLF-YNLDVVNINTNGSNRSNNS------------------------------------------NTTYRLT---NCNTSTI-T---QA, 0.2467, 0
1.580496, -118.3822, 104, POINT, P, VKLTPLCVTLNCTNVTNNTTT-------------------------------------NMRGELKN----CSFNM-T-TN--LRN-KK-QKV-NSLF-YNLDVVPINENQSNRSNNS------------------------------------------NTTYRLT---NCNTSTI-T---QA, 0.0957, 1
1.600042, -57.1080, [74], CHUNK, ['I'], VKLTPLCVTLNCTNVTNNTTT-------------------------------------NMRGELKN----CSFNI-T-TN--LRN-KK-QKV-NSLF-YNLDVVPINENQSNRSNNS------------------------------------------NTTYRLT---NCNTSTI-T---QA, 0.3395, 0
1.591267, -119.2705, [161, 163], CHUNK, ['S', 'T'], VKLTPLCVTLNCTNVTNNTTT-------------------------------------NMRGELKN----CSFNM-T-TN--LRN-KK-QKV-NSLF-YNLDVVPINENQSNRSNNS------------------------------------------NTSYTLT---NCNTSTI-T---QA, 0.0957, 0
1.589207, -118.3803, 110, POINT, T, VKLTPLCVTLNCTNVTNNTTT-------------------------------------NMRGELKN----CSFNM-T-TN--LRN-KK-QKV-NSLF-YNLDVVPINENQTNRSNNS------------------------------------------NTTYRLT---NCNTSTI-T---QA, 0.0957, 0
1.615023, -114.0420, [71, 74], CHUNK, ['T', 'T'], VKLTPLCVTLNCTNVTNNTTT-------------------------------------NMRGELKN----CTFNT-T-TN--LRN-KK-QKV-NSLF-YNLDVVPINENQSNRSNNS------------------------------------------NTTYRLT---NCNTSTI-T---QA, 0.0957, 0
1.595273, -75.5106, [74], CHUNK, ['I'], VKLTPLCVTLNCTNVTNNTTT-------------------------------------NMRGELKN----CSFNI-T-TN--LRN-KK-QKV-NSLF-YNLDVVQINENQSNRSNNS------------------------------------------NTTYRLT---NCNTSTI-T---QA, 0.8322, 0
1.600956, -118.3697, [107], CHUNK, ['N'], VKLTPLCVTLNCTNVTNNTTT-------------------------------------NMRGELKN----CSFNM-T-TN--LRN-KK-QKV-NSLF-YNLDVVQINNNQSNRSNNS------------------------------------------NTTYRLT---NCNTSTI-T---QA, 0.0957, 0
1.610161, -114.0805, [74], CHUNK, ['T'], VKLTPLCVTLNCTNVTNNTTT-------------------------------------NMRGELKN----CSFNT-T-TN--LRN-KK-QKV-NSLF-YNLDVVQINENQSNRSNNS------------------------------------------NTTYRLT---NCNTSTI-T---QA, 0.1098, 0
1.593133, -103.9329, [74], CHUNK, ['V'], VKLTPLCVTLNCTNVTNNTTT-------------------------------------NMRGELKN----CSFNV-T-TN--LRN-KK-QKV-NSLF-YNLDVVQINENQSNRSNNS------------------------------------------NTTYRLT---NCNTSTI-T---QA, 0.1506, 0
1.575727, -118.2301, 20, POINT, T, VKLTPLCVTLNCTNVTNNTTT-------------------------------------NMRGELKN----CSFNM-T-TN--LRN-KK-QKV-NSLF-YNLDVVQINENQSNRSNNS------------------------------------------NTTYRLT---NCNTSTI-T---QA, 0.0957, 0
1.565257, -118.7516, 98, POINT, N, VKLTPLCVTLNCTNVTNNTTD-------------------------------------NMRGELKN----CSFNM-T-TN--LRN-KK-QKV-NSLF-NNLDVVQINENQSNRSNNS------------------------------------------NTTYRLT---NCNTSTI-T---QA, 0.0957, 0
1.569617, -104.9161, [74], CHUNK, ['V'], VKLTPLCVTLNCTNVTNNTTD-------------------------------------NMRGELKN----CSFNV-T-TN--LRN-KK-QKV-NSLF-YNLDVVQINENQSNRSNNS------------------------------------------NTTYRLT---NCNTSTI-T---QA, 0.2519, 0
1.574435, -121.8196, [20], CHUNK, ['N'], VKLTPLCVTLNCTNVTNNTTN-------------------------------------NMRGELKN----CSFNM-T-TN--LRN-KK-QKV-NSLF-YNLDVVQINENQSNRSNNS------------------------------------------NTTYRLT---NCNTSTI-T---QA, 0.0957, 1
1.593034, -123.5458, 163, POINT, T, VKLTPLCVTLNCTNVTNNTTN-------------------------------------NMRGELKN----CSFNM-T-TN--LRN-KK-QKV-NSLF-YNLDVVQINENQSNRSNNS------------------------------------------NTTYTLT---NCNTSTI-T---QA, 0.0957, 0
1.582509, -121.3552, 89, POINT, K, VKLTPLCVTLNCTNVTNNTTN-------------------------------------NMRGELKN----CSFNM-T-TN--LRN-KK-KKV-NSLF-YNLDVVQINENQSNRSNNS------------------------------------------NTTYRLT---NCNTSTI-T---QA, 0.0957, 1
1.599915, -105.7621, [74], CHUNK, ['V'], VKLTPLCVTLNCTNVTNNTTN-------------------------------------NMRGELKN----CSFNV-T-TN--LRN-KK-KKV-NSLF-YNLDVVQINENQSNRSNNS------------------------------------------NTTYRLT---NCNTSTI-T---QA, 0.4046, 0
1.585237, -72.3689, 61, POINT, V, VKLTPLCVTLNCTNVTNNTTN-------------------------------------NMRVELKN----CSFNM-T-TN--LRN-KK-KKV-NSLF-YNLDVVQINENQSNRSNNS------------------------------------------NTTYRLT---NCNTSTI-T---QA, 0.1763, 0
1.599915, -106.6168, [74], CHUNK, ['V'], VKLTPLCVTLNCTNVTNNTTN-------------------------------------NMRGELKN----CSFNV-T-TN--LRN-KK-KKV-NSLF-YNLDVVQINENQSNRSNNS------------------------------------------NTTYRLT---NCNTSTI-T---QA, 0.3263, 0
1.592115, -121.8124, 101, POINT, N, VKLTPLCVTLNCTNVTNNTTN-------------------------------------NMRGELKN----CSFNM-T-TN--LRN-KK-KKV-NSLF-YNLNVVQINENQSNRSNNS------------------------------------------NTTYRLT---NCNTSTI-T---QA, 0.1051, 0
1.582509, -121.3552, 89, POINT, K, VKLTPLCVTLNCTNVTNNTTN-------------------------------------NMRGELKN----CSFNM-T-TN--LRN-KK-KKV-NSLF-YNLDVVQINENQSNRSNNS------------------------------------------NTTYRLT---NCNTSTI-T---QA, 0.0957, 1
1.602055, -63.4422, [74], CHUNK, ['I'], VKLTPLCVTLNCTNVTNNTTN-------------------------------------NMRGELKN----CSFNI-T-TN--LRN-KK-KKV-NSLF-YNLDVVQINENQSNRSNNS------------------------------------------NTTYRLT---NCNTSTI-T---QA, 0.4276, 0
1.615214, -118.1349, [104, 105, 107, 109], CHUNK, ['P', 'L', 'K', 'S'], VKLTPLCVTLNCTNVTNNTTN-------------------------------------NMRGELKN----CSFNM-T-TN--LRN-KK-KKV-NSLF-YNLDVVPLNKNSSNRSNNS------------------------------------------NTTYRLT---NCNTSTI-T---QA, 0.0957, 0
1.602055, -96.9064, [74], CHUNK, ['I'], VKLTPLCVTLNCTNVTNNTTN-------------------------------------NMRGELKN----CSFNI-T-TN--LRN-KK-KKV-NSLF-YNLDVVQINENQSNRSNNS------------------------------------------NTTYRLT---NCNTSTI-T---QA, 0.3248, 0
1.616943, -117.2834, [74], CHUNK, ['T'], VKLTPLCVTLNCTNVTNNTTN-------------------------------------NMRGELKN----CSFNT-T-TN--LRN-KK-KKV-NSLF-YNLDVVQINENQSNRSNNS------------------------------------------NTTYRLT---NCNTSTI-T---QA, 0.0864, 0
1.599664, -121.9592, 107, POINT, N, VKLTPLCVTLNCTNVTNNTTN-------------------------------------NMRGELKN----CSFNM-T-TN--LRN-KK-QKV-NSLF-YNLDVVQINNNQSNRSNNS------------------------------------------NTTYRLT---NCNTSTI-T---QA, 0.0957, 0
1.608881, -86.8175, [60, 61, 63], CHUNK, ['T', 'R', 'I'], VKLTPLCVTLNCTNVTNNTTN-------------------------------------NMTREIKN----CSFNM-T-TN--LRN-KK-QKV-NSLF-YNLDVVQINENQSNRSNNS------------------------------------------NTTYRLT---NCNTSTI-T---QA, 0.2645, 0
1.583390, -121.5241, 90, POINT, T, VKLTPLCVTLNCTNVTNNTTN-------------------------------------NMRGELKN----CSFNM-T-TN--LRN-KK-QTV-NSLF-YNLDVVQINENQSNRSNNS------------------------------------------NTTYRLT---NCNTSTI-T---QA, 0.0957, 1
1.589429, -119.7272, 63, POINT, I, VKLTPLCVTLNCTNVTNNTTN-------------------------------------NMRGEIKN----CSFNM-T-TN--LRN-KK-QTV-NSLF-YNLDVVQINENQSNRSNNS------------------------------------------NTTYRLT---NCNTSTI-T---QA, 0.0957, 0
1.594341, -120.8894, 107, POINT, S, VKLTPLCVTLNCTNVTNNTTN-------------------------------------NMRGELKN----CSFNM-T-TN--LRN-KK-QTV-NSLF-YNLDVVQINSNQSNRSNNS------------------------------------------NTTYRLT---NCNTSTI-T---QA, 0.0957, 0
1.620249, -93.7181, [59, 60, 61, 63], CHUNK, ['T', 'M', 'D', 'I'], VKLTPLCVTLNCTNVTNNTTN-------------------------------------NTMDEIKN----CSFNM-T-TN--LRN-KK-QTV-NSLF-YNLDVVQINENQSNRSNNS------------------------------------------NTTYRLT---NCNTSTI-T---QA, 0.0985, 0
1.601988, -123.2503, 163, POINT, T, VKLTPLCVTLNCTNVTNNTTN-------------------------------------NMRGELKN----CSFNM-T-TN--LRN-KK-QTV-NSLF-YNLDVVQINENQSNRSNNS------------------------------------------NTTYTLT---NCNTSTI-T---QA, 0.0957, 0
1.593981, -71.6913, [74], CHUNK, ['I'], VKLTPLCVTLNCTNVTNNTTN-------------------------------------NMRGELKN----CSFNI-T-TN--LRN-KK-QKV-NSLF-YNLDVVQINENQSNRSNNS------------------------------------------NTTYRLT---NCNTSTI-T---QA, 0.3847, 0
1.593981, -77.7248, [74], CHUNK, ['I'], VKLTPLCVTLNCTNVTNNTTN-------------------------------------NMRGELKN----CSFNI-T-TN--LRN-KK-QKV-NSLF-YNLDVVQINENQSNRSNNS------------------------------------------NTTYRLT---NCNTSTI-T---QA, 0.2800, 0
1.581527, -122.2889, 59, POINT, D, VKLTPLCVTLNCTNVTNNTTN-------------------------------------NDRGELKN----CSFNM-T-TN--LRN-KK-QKV-NSLF-YNLDVVQINENQSNRSNNS------------------------------------------NTTYRLT---NCNTSTI-T---QA, 0.0987, 0
1.585904, -85.8793, [60, 61, 63], CHUNK, ['K', 'E', 'I'], VKLTPLCVTLNCTNVTNNTTN-------------------------------------NMKEEIKN----CSFNM-T-TN--LRN-KK-QKV-NSLF-YNLDVVQINENQSNRSNNS------------------------------------------NTTYRLT---NCNTSTI-T---QA, 0.1179, 0
1.594437, -101.2114, [58, 59, 60, 61, 63], CHUNK, ['T', 'I', 'N', 'N', 'M'], VKLTPLCVTLNCTNVTNNTTD-------------------------------------TINNEMKN----CSFNM-T-TN--LRN-KK-QKV-NSLF-YNLDVVQINENQSNRSNNS------------------------------------------NTTYRLT---NCNTSTI-T---QA, 0.0826, 0
1.571757, -92.7838, 74, POINT, I, VKLTPLCVTLNCTNVTNNTTD-------------------------------------NMRGELKN----CSFNI-T-TN--LRN-KK-QKV-NSLF-YNLDVVQINENQSNRSNNS------------------------------------------NTTYRLT---NCNTSTI-T---QA, 0.2868, 0
1.586645, -117.2713, [74], CHUNK, ['T'], VKLTPLCVTLNCTNVTNNTTD-------------------------------------NMRGELKN----CSFNT-T-TN--LRN-KK-QKV-NSLF-YNLDVVQINENQSNRSNNS------------------------------------------NTTYRLT---NCNTSTI-T---QA, 0.0957, 0
1.575727, -118.2301, 20, POINT, T, VKLTPLCVTLNCTNVTNNTTT-------------------------------------NMRGELKN----CSFNM-T-TN--LRN-KK-QKV-NSLF-YNLDVVQINENQSNRSNNS------------------------------------------NTTYRLT---NCNTSTI-T---QA, 0.0957, 0
