Name base = V1V2_200_exp_6_9_ni
Iters = 200
Soft coverage = 0.284621885725
Energy = -129.924522574
Hard Covereage = 0.0368019545157
Num epitopes = 65
Initial seq = VKLTPLCVTLQCTNVTNNITD-------------------------------------DMRGELKN----CSFNM-T-TE--LRD-KK-QKV-YSLF-YRLDVVQINENQGNRSNNS------------------------------------------NKEYRLI---NCNTSAI-T---QA
-------START OF DATA------
0.304730, -127.0268, [10, 14, 15], CHUNK, ['N', 'A', 'N'], VKLTPLCVTLNCTNANNNITD-------------------------------------DMRGELKN----CSFNM-T-TE--LRD-KK-QKV-YSLF-YRLDVVQINENQGNRSNNS------------------------------------------NKEYRLI---NCNTSAI-T---QA, 0.0000, 1
0.316837, -126.5144, [160, 161], CHUNK, ['T', 'S'], VKLTPLCVTLNCTNANNNITD-------------------------------------DMRGELKN----CSFNM-T-TE--LRD-KK-QKV-YSLF-YRLDVVQINENQGNRSNNS------------------------------------------NTSYRLI---NCNTSAI-T---QA, 0.0128, 1
0.326809, -80.9352, [74], CHUNK, ['I'], VKLTPLCVTLNCTNANNNITD-------------------------------------DMRGELKN----CSFNI-T-TE--LRD-KK-QKV-YSLF-YRLDVVQINENQGNRSNNS------------------------------------------NTSYRLI---NCNTSAI-T---QA, 0.4955, 0
0.325878, -124.6575, [99, 104], CHUNK, ['K', 'P'], VKLTPLCVTLNCTNANNNITD-------------------------------------DMRGELKN----CSFNM-T-TE--LRD-KK-QKV-YSLF-YKLDVVPINENQGNRSNNS------------------------------------------NTSYRLI---NCNTSAI-T---QA, 0.0128, 0
0.327969, -124.0064, [91, 94, 99], CHUNK, ['Q', 'A', 'K'], VKLTPLCVTLNCTNANNNITD-------------------------------------DMRGELKN----CSFNM-T-TE--LRD-KK-QKQ-YALF-YKLDVVQINENQGNRSNNS------------------------------------------NTSYRLI---NCNTSAI-T---QA, 0.0128, 1
0.338080, -123.2785, [91], CHUNK, ['E'], VKLTPLCVTLNCTNANNNITD-------------------------------------DMRGELKN----CSFNM-T-TE--LRD-KK-QKE-YALF-YKLDVVQINENQGNRSNNS------------------------------------------NTSYRLI---NCNTSAI-T---QA, 0.0128, 0
0.338293, -120.7085, [59, 60, 63], CHUNK, ['E', 'K', 'I'], VKLTPLCVTLNCTNANNNITD-------------------------------------DEKGEIKN----CSFNM-T-TE--LRD-KK-QKQ-YALF-YKLDVVQINENQGNRSNNS------------------------------------------NTSYRLI---NCNTSAI-T---QA, 0.0206, 1
0.349686, -112.6636, [74], CHUNK, ['I'], VKLTPLCVTLNCTNANNNITD-------------------------------------DEKGEIKN----CSFNI-T-TE--LRD-KK-QKQ-YALF-YKLDVVQINENQGNRSNNS------------------------------------------NTSYRLI---NCNTSAI-T---QA, 0.3180, 0
0.349686, -114.0955, [74], CHUNK, ['I'], VKLTPLCVTLNCTNANNNITD-------------------------------------DEKGEIKN----CSFNI-T-TE--LRD-KK-QKQ-YALF-YKLDVVQINENQGNRSNNS------------------------------------------NTSYRLI---NCNTSAI-T---QA, 0.0920, 0
0.349686, -107.3934, [74], CHUNK, ['I'], VKLTPLCVTLNCTNANNNITD-------------------------------------DEKGEIKN----CSFNI-T-TE--LRD-KK-QKQ-YALF-YKLDVVQINENQGNRSNNS------------------------------------------NTSYRLI---NCNTSAI-T---QA, 0.3620, 1
0.350619, -111.3704, 16, POINT, T, VKLTPLCVTLNCTNANTNITD-------------------------------------DEKGEIKN----CSFNI-T-TE--LRD-KK-QKQ-YALF-YKLDVVQINENQGNRSNNS------------------------------------------NTSYRLI---NCNTSAI-T---QA, 0.4008, 0
0.352489, -110.8674, 20, POINT, N, VKLTPLCVTLNCTNANNNITN-------------------------------------DEKGEIKN----CSFNI-T-TE--LRD-KK-QKQ-YALF-YKLDVVQINENQGNRSNNS------------------------------------------NTSYRLI---NCNTSAI-T---QA, 0.3777, 0
0.352428, -108.5704, 18, POINT, N, VKLTPLCVTLNCTNANNNNTD-------------------------------------DEKGEIKN----CSFNI-T-TE--LRD-KK-QKQ-YALF-YKLDVVQINENQGNRSNNS------------------------------------------NTSYRLI---NCNTSAI-T---QA, 0.3665, 0
0.359797, -106.8977, 91, POINT, E, VKLTPLCVTLNCTNANNNITD-------------------------------------DEKGEIKN----CSFNI-T-TE--LRD-KK-QKE-YALF-YKLDVVQINENQGNRSNNS------------------------------------------NTSYRLI---NCNTSAI-T---QA, 0.3620, 0
0.340104, -18.0801, 82, POINT, I, VKLTPLCVTLNCTNANNNITD-------------------------------------DEKGEIKN----CSFNM-T-TE--IRD-KK-QKQ-YALF-YKLDVVQINENQGNRSNNS------------------------------------------NTSYRLI---NCNTSAI-T---QA, 0.3039, 0
0.342365, -117.4837, 74, POINT, T, VKLTPLCVTLNCTNANNNITD-------------------------------------DEKGEIKN----CSFNT-T-TE--LRD-KK-QKQ-YALF-YKLDVVQINENQGNRSNNS------------------------------------------NTSYRLI---NCNTSAI-T---QA, 0.0206, 0
0.347013, -91.6572, [169, 174], CHUNK, ['S', 'V'], VKLTPLCVTLNCTNANNNITD-------------------------------------DEKGEIKN----CSFNM-T-TE--LRD-KK-QKQ-YALF-YKLDVVQINENQGNRSNNS------------------------------------------NTSYRLI---SCNTSVI-T---QA, 0.3272, 0
0.339911, -119.8410, 18, POINT, S, VKLTPLCVTLNCTNANNNSTD-------------------------------------DEKGEIKN----CSFNM-T-TE--LRD-KK-QKQ-YALF-YKLDVVQINENQGNRSNNS------------------------------------------NTSYRLI---NCNTSAI-T---QA, 0.0206, 0
0.337941, -110.4141, [74], CHUNK, ['I'], VKLTPLCVTLNCTNANNNITD-------------------------------------DMRGELKN----CSFNI-T-TE--LRD-KK-QKQ-YALF-YKLDVVQINENQGNRSNNS------------------------------------------NTSYRLI---NCNTSAI-T---QA, 0.2859, 0
0.338361, -122.7603, [87, 91], CHUNK, ['V', 'E'], VKLTPLCVTLNCTNANNNITD-------------------------------------DMRGELKN----CSFNM-T-TE--LRD-KV-QKE-YALF-YKLDVVQINENQGNRSNNS------------------------------------------NTSYRLI---NCNTSAI-T---QA, 0.0128, 0
0.338293, -120.0905, [59, 60, 63], CHUNK, ['E', 'K', 'I'], VKLTPLCVTLNCTNANNNITD-------------------------------------DEKGEIKN----CSFNM-T-TE--LRD-KK-QKQ-YALF-YKLDVVQINENQGNRSNNS------------------------------------------NTSYRLI---NCNTSAI-T---QA, 0.0599, 1
0.342716, -121.1156, 104, POINT, P, VKLTPLCVTLNCTNANNNITD-------------------------------------DEKGEIKN----CSFNM-T-TE--LRD-KK-QKQ-YALF-YKLDVVPINENQGNRSNNS------------------------------------------NTSYRLI---NCNTSAI-T---QA, 0.0674, 0
0.341491, -118.9122, 18, POINT, T, VKLTPLCVTLNCTNANNNTTD-------------------------------------DEKGEIKN----CSFNM-T-TE--LRD-KK-QKQ-YALF-YKLDVVQINENQGNRSNNS------------------------------------------NTSYRLI---NCNTSAI-T---QA, 0.0599, 0
0.348404, -119.3622, [91], CHUNK, ['E'], VKLTPLCVTLNCTNANNNITD-------------------------------------DEKGEIKN----CSFNM-T-TE--LRD-KK-QKE-YALF-YKLDVVQINENQGNRSNNS------------------------------------------NTSYRLI---NCNTSAI-T---QA, 0.0599, 0
0.349686, -114.1908, [74], CHUNK, ['I'], VKLTPLCVTLNCTNANNNITD-------------------------------------DEKGEIKN----CSFNI-T-TE--LRD-KK-QKQ-YALF-YKLDVVQINENQGNRSNNS------------------------------------------NTSYRLI---NCNTSAI-T---QA, 0.0935, 1
0.354109, -114.8985, 104, POINT, P, VKLTPLCVTLNCTNANNNITD-------------------------------------DEKGEIKN----CSFNI-T-TE--LRD-KK-QKQ-YALF-YKLDVVPINENQGNRSNNS------------------------------------------NTSYRLI---NCNTSAI-T---QA, 0.0913, 0
0.352428, -114.0182, 18, POINT, N, VKLTPLCVTLNCTNANNNNTD-------------------------------------DEKGEIKN----CSFNI-T-TE--LRD-KK-QKQ-YALF-YKLDVVQINENQGNRSNNS------------------------------------------NTSYRLI---NCNTSAI-T---QA, 0.0791, 0
0.356968, -98.8933, [174], CHUNK, ['V'], VKLTPLCVTLNCTNANNNITD-------------------------------------DEKGEIKN----CSFNI-T-TE--LRD-KK-QKQ-YALF-YKLDVVQINENQGNRSNNS------------------------------------------NTSYRLI---NCNTSVI-T---QA, 0.4773, 0
0.355552, -24.3280, [79, 82], CHUNK, ['N', 'I'], VKLTPLCVTLNCTNANNNITD-------------------------------------DEKGEIKN----CSFNI-T-TN--IRD-KK-QKQ-YALF-YKLDVVQINENQGNRSNNS------------------------------------------NTSYRLI---NCNTSAI-T---QA, 0.2880, 0
0.349686, -115.4552, [74], CHUNK, ['I'], VKLTPLCVTLNCTNANNNITD-------------------------------------DEKGEIKN----CSFNI-T-TE--LRD-KK-QKQ-YALF-YKLDVVQINENQGNRSNNS------------------------------------------NTSYRLI---NCNTSAI-T---QA, 0.0580, 0
0.349686, -114.3348, [74], CHUNK, ['I'], VKLTPLCVTLNCTNANNNITD-------------------------------------DEKGEIKN----CSFNI-T-TE--LRD-KK-QKQ-YALF-YKLDVVQINENQGNRSNNS------------------------------------------NTSYRLI---NCNTSAI-T---QA, 0.3533, 0
0.349686, -111.1100, [74], CHUNK, ['I'], VKLTPLCVTLNCTNANNNITD-------------------------------------DEKGEIKN----CSFNI-T-TE--LRD-KK-QKQ-YALF-YKLDVVQINENQGNRSNNS------------------------------------------NTSYRLI---NCNTSAI-T---QA, 0.2616, 0
0.349686, -114.4812, [74], CHUNK, ['I'], VKLTPLCVTLNCTNANNNITD-------------------------------------DEKGEIKN----CSFNI-T-TE--LRD-KK-QKQ-YALF-YKLDVVQINENQGNRSNNS------------------------------------------NTSYRLI---NCNTSAI-T---QA, 0.0758, 1
0.354109, -115.1710, 104, POINT, P, VKLTPLCVTLNCTNANNNITD-------------------------------------DEKGEIKN----CSFNI-T-TE--LRD-KK-QKQ-YALF-YKLDVVPINENQGNRSNNS------------------------------------------NTSYRLI---NCNTSAI-T---QA, 0.0723, 1
0.354303, -114.4551, 17, POINT, T, VKLTPLCVTLNCTNANNTITD-------------------------------------DEKGEIKN----CSFNI-T-TE--LRD-KK-QKQ-YALF-YKLDVVPINENQGNRSNNS------------------------------------------NTSYRLI---NCNTSAI-T---QA, 0.0723, 0
0.356278, -114.0093, 174, POINT, T, VKLTPLCVTLNCTNANNNITD-------------------------------------DEKGEIKN----CSFNI-T-TE--LRD-KK-QKQ-YALF-YKLDVVPINENQGNRSNNS------------------------------------------NTSYRLI---NCNTSTI-T---QA, 0.0844, 0
0.361391, -93.1138, [174], CHUNK, ['V'], VKLTPLCVTLNCTNANNNITD-------------------------------------DEKGEIKN----CSFNI-T-TE--LRD-KK-QKQ-YALF-YKLDVVPINENQGNRSNNS------------------------------------------NTSYRLI---NCNTSVI-T---QA, 0.3631, 0
0.362421, -105.6168, [87, 89, 91], CHUNK, ['I', 'K', 'E'], VKLTPLCVTLNCTNANNNITD-------------------------------------DEKGEIKN----CSFNI-T-TE--LRD-KI-KKE-YALF-YKLDVVPINENQGNRSNNS------------------------------------------NTSYRLI---NCNTSAI-T---QA, 0.0723, 0
0.356968, -94.1843, [174], CHUNK, ['V'], VKLTPLCVTLNCTNANNNITD-------------------------------------DEKGEIKN----CSFNI-T-TE--LRD-KK-QKQ-YALF-YKLDVVQINENQGNRSNNS------------------------------------------NTSYRLI---NCNTSVI-T---QA, 0.2303, 0
0.358405, -96.4126, [169, 174], CHUNK, ['S', 'V'], VKLTPLCVTLNCTNANNNITD-------------------------------------DEKGEIKN----CSFNI-T-TE--LRD-KK-QKQ-YALF-YKLDVVQINENQGNRSNNS------------------------------------------NTSYRLI---SCNTSVI-T---QA, 0.3067, 0
0.354109, -115.8599, 104, POINT, P, VKLTPLCVTLNCTNANNNITD-------------------------------------DEKGEIKN----CSFNI-T-TE--LRD-KK-QKQ-YALF-YKLDVVPINENQGNRSNNS------------------------------------------NTSYRLI---NCNTSAI-T---QA, 0.1457, 0
0.358405, -89.6815, [169, 174], CHUNK, ['S', 'V'], VKLTPLCVTLNCTNANNNITD-------------------------------------DEKGEIKN----CSFNI-T-TE--LRD-KK-QKQ-YALF-YKLDVVQINENQGNRSNNS------------------------------------------NTSYRLI---SCNTSVI-T---QA, 0.2178, 0
0.348106, -119.1776, [89, 91], CHUNK, ['K', 'E'], VKLTPLCVTLNCTNANNNITD-------------------------------------DEKGEIKN----CSFNM-T-TE--LRD-KK-KKE-YALF-YKLDVVQINENQGNRSNNS------------------------------------------NTSYRLI---NCNTSAI-T---QA, 0.0599, 0
0.349686, -115.0247, [74], CHUNK, ['I'], VKLTPLCVTLNCTNANNNITD-------------------------------------DEKGEIKN----CSFNI-T-TE--LRD-KK-QKQ-YALF-YKLDVVQINENQGNRSNNS------------------------------------------NTSYRLI---NCNTSAI-T---QA, 0.0640, 0
0.349686, -113.4908, [74], CHUNK, ['I'], VKLTPLCVTLNCTNANNNITD-------------------------------------DEKGEIKN----CSFNI-T-TE--LRD-KK-QKQ-YALF-YKLDVVQINENQGNRSNNS------------------------------------------NTSYRLI---NCNTSAI-T---QA, 0.1099, 0
0.340104, -2.8669, 82, POINT, I, VKLTPLCVTLNCTNANNNITD-------------------------------------DEKGEIKN----CSFNM-T-TE--IRD-KK-QKQ-YALF-YKLDVVQINENQGNRSNNS------------------------------------------NTSYRLI---NCNTSAI-T---QA, 0.1571, 0
0.335240, -122.8523, 63, POINT, I, VKLTPLCVTLNCTNANNNITD-------------------------------------DMRGEIKN----CSFNM-T-TE--LRD-KK-QKQ-YALF-YKLDVVQINENQGNRSNNS------------------------------------------NTSYRLI---NCNTSAI-T---QA, 0.0168, 0
0.337782, -123.0947, [89, 91], CHUNK, ['K', 'E'], VKLTPLCVTLNCTNANNNITD-------------------------------------DMRGELKN----CSFNM-T-TE--LRD-KK-KKE-YALF-YKLDVVQINENQGNRSNNS------------------------------------------NTSYRLI---NCNTSAI-T---QA, 0.0128, 1
0.347754, -117.4922, [74], CHUNK, ['I'], VKLTPLCVTLNCTNANNNITD-------------------------------------DMRGELKN----CSFNI-T-TE--LRD-KK-KKE-YALF-YKLDVVQINENQGNRSNNS------------------------------------------NTSYRLI---NCNTSAI-T---QA, 0.1551, 0
0.341823, -120.4065, 74, POINT, T, VKLTPLCVTLNCTNANNNITD-------------------------------------DMRGELKN----CSFNT-T-TE--LRD-KK-KKE-YALF-YKLDVVQINENQGNRSNNS------------------------------------------NTSYRLI---NCNTSAI-T---QA, 0.0169, 0
0.347754, -111.0018, [74], CHUNK, ['I'], VKLTPLCVTLNCTNANNNITD-------------------------------------DMRGELKN----CSFNI-T-TE--LRD-KK-KKE-YALF-YKLDVVQINENQGNRSNNS------------------------------------------NTSYRLI---NCNTSAI-T---QA, 0.2540, 0
0.345054, -121.2887, 63, POINT, I, VKLTPLCVTLNCTNANNNITD-------------------------------------DMRGEIKN----CSFNM-T-TE--LRD-KK-KKE-YALF-YKLDVVQINENQGNRSNNS------------------------------------------NTSYRLI---NCNTSAI-T---QA, 0.0128, 0
0.336689, -93.4098, [169, 174], CHUNK, ['S', 'V'], VKLTPLCVTLNCTNANNNITD-------------------------------------DMRGELKN----CSFNM-T-TE--LRD-KK-QKQ-YALF-YKLDVVQINENQGNRSNNS------------------------------------------NTSYRLI---SCNTSVI-T---QA, 0.3207, 0
0.330940, -122.9036, 18, POINT, T, VKLTPLCVTLNCTNANNNTTD-------------------------------------DMRGELKN----CSFNM-T-TE--LRD-KK-QKQ-YALF-YKLDVVQINENQGNRSNNS------------------------------------------NTSYRLI---NCNTSAI-T---QA, 0.0576, 1
0.340912, -118.1379, [74], CHUNK, ['I'], VKLTPLCVTLNCTNANNNTTD-------------------------------------DMRGELKN----CSFNI-T-TE--LRD-KK-QKQ-YALF-YKLDVVQINENQGNRSNNS------------------------------------------NTSYRLI---NCNTSAI-T---QA, 0.0601, 1
0.344382, -114.9154, 20, POINT, T, VKLTPLCVTLNCTNANNNTTT-------------------------------------DMRGELKN----CSFNI-T-TE--LRD-KK-QKQ-YALF-YKLDVVQINENQGNRSNNS------------------------------------------NTSYRLI---NCNTSAI-T---QA, 0.0601, 0
0.344395, -118.6277, 58, POINT, N, VKLTPLCVTLNCTNANNNTTD-------------------------------------NMRGELKN----CSFNI-T-TE--LRD-KK-QKQ-YALF-YKLDVVQINENQGNRSNNS------------------------------------------NTSYRLI---NCNTSAI-T---QA, 0.0588, 1
0.349162, -118.2744, 109, POINT, N, VKLTPLCVTLNCTNANNNTTD-------------------------------------NMRGELKN----CSFNI-T-TE--LRD-KK-QKQ-YALF-YKLDVVQINENNGNRSNNS------------------------------------------NTSYRLI---NCNTSAI-T---QA, 0.0635, 0
0.347897, -113.8126, 60, POINT, T, VKLTPLCVTLNCTNANNNTTD-------------------------------------NMTGELKN----CSFNI-T-TE--LRD-KK-QKQ-YALF-YKLDVVQINENQGNRSNNS------------------------------------------NTSYRLI---NCNTSAI-T---QA, 0.1304, 1
0.358341, -112.6103, [87, 91], CHUNK, ['V', 'E'], VKLTPLCVTLNCTNANNNTTD-------------------------------------NMTGELKN----CSFNI-T-TE--LRD-KV-QKE-YALF-YKLDVVQINENQGNRSNNS------------------------------------------NTSYRLI---NCNTSAI-T---QA, 0.1304, 1
0.367005, 3.3959, [79, 82], CHUNK, ['N', 'I'], VKLTPLCVTLNCTNANNNTTD-------------------------------------NMTGELKN----CSFNI-T-TN--IRD-KV-QKE-YALF-YKLDVVQINENQGNRSNNS------------------------------------------NTSYRLI---NCNTSAI-T---QA, 0.2006, 0
0.365624, -91.9572, 174, POINT, V, VKLTPLCVTLNCTNANNNTTD-------------------------------------NMTGELKN----CSFNI-T-TE--LRD-KV-QKE-YALF-YKLDVVQINENQGNRSNNS------------------------------------------NTSYRLI---NCNTSVI-T---QA, 0.2527, 0
0.367061, -88.9280, [169, 174], CHUNK, ['S', 'V'], VKLTPLCVTLNCTNANNNTTD-------------------------------------NMTGELKN----CSFNI-T-TE--LRD-KV-QKE-YALF-YKLDVVQINENQGNRSNNS------------------------------------------NTSYRLI---SCNTSVI-T---QA, 0.2858, 0
0.367061, -95.9655, [169, 174], CHUNK, ['S', 'V'], VKLTPLCVTLNCTNANNNTTD-------------------------------------NMTGELKN----CSFNI-T-TE--LRD-KV-QKE-YALF-YKLDVVQINENQGNRSNNS------------------------------------------NTSYRLI---SCNTSVI-T---QA, 0.4424, 0
0.351333, 4.9315, 82, POINT, I, VKLTPLCVTLNCTNANNNTTD-------------------------------------NMTGELKN----CSFNI-T-TE--IRD-KK-QKQ-YALF-YKLDVVQINENQGNRSNNS------------------------------------------NTSYRLI---NCNTSAI-T---QA, 0.1441, 0
0.356614, -112.7109, [63], CHUNK, ['I'], VKLTPLCVTLNCTNANNNTTD-------------------------------------NMTGEIKN----CSFNI-T-TE--LRD-KK-QKQ-YALF-YKLDVVQINENQGNRSNNS------------------------------------------NTSYRLI---NCNTSAI-T---QA, 0.1243, 0
0.351709, -110.7647, 20, POINT, T, VKLTPLCVTLNCTNANNNTTT-------------------------------------NMTGELKN----CSFNI-T-TE--LRD-KK-QKQ-YALF-YKLDVVQINENQGNRSNNS------------------------------------------NTSYRLI---NCNTSAI-T---QA, 0.1618, 0
0.352320, -114.0787, 104, POINT, P, VKLTPLCVTLNCTNANNNTTD-------------------------------------NMTGELKN----CSFNI-T-TE--LRD-KK-QKQ-YALF-YKLDVVPINENQGNRSNNS------------------------------------------NTSYRLI---NCNTSAI-T---QA, 0.1304, 0
0.347832, 2.1742, 82, POINT, I, VKLTPLCVTLNCTNANNNTTD-------------------------------------NMRGELKN----CSFNI-T-TE--IRD-KK-QKQ-YALF-YKLDVVQINENQGNRSNNS------------------------------------------NTSYRLI---NCNTSAI-T---QA, 0.1328, 0
0.348818, -118.7234, 104, POINT, P, VKLTPLCVTLNCTNANNNTTD-------------------------------------NMRGELKN----CSFNI-T-TE--LRD-KK-QKQ-YALF-YKLDVVPINENQGNRSNNS------------------------------------------NTSYRLI---NCNTSAI-T---QA, 0.0588, 1
0.351482, -116.8644, 63, POINT, M, VKLTPLCVTLNCTNANNNTTD-------------------------------------NMRGEMKN----CSFNI-T-TE--LRD-KK-QKQ-YALF-YKLDVVPINENQGNRSNNS------------------------------------------NTSYRLI---NCNTSAI-T---QA, 0.0588, 0
0.352605, 0.9090, [82, 87], CHUNK, ['I', 'V'], VKLTPLCVTLNCTNANNNTTD-------------------------------------NMRGELKN----CSFNI-T-TE--IRD-KV-QKQ-YALF-YKLDVVPINENQGNRSNNS------------------------------------------NTSYRLI---NCNTSAI-T---QA, 0.3242, 0
0.349631, -119.4538, 59, POINT, K, VKLTPLCVTLNCTNANNNTTD-------------------------------------NKRGELKN----CSFNI-T-TE--LRD-KK-QKQ-YALF-YKLDVVPINENQGNRSNNS------------------------------------------NTSYRLI---NCNTSAI-T---QA, 0.0640, 0
0.357538, -94.4252, [169, 174], CHUNK, ['S', 'V'], VKLTPLCVTLNCTNANNNTTD-------------------------------------NMRGELKN----CSFNI-T-TE--LRD-KK-QKQ-YALF-YKLDVVPINENQGNRSNNS------------------------------------------NTSYRLI---SCNTSVI-T---QA, 0.3030, 0
0.348285, -115.4394, 20, POINT, T, VKLTPLCVTLNCTNANNNTTT-------------------------------------NMRGELKN----CSFNI-T-TE--LRD-KK-QKQ-YALF-YKLDVVQINENQGNRSNNS------------------------------------------NTSYRLI---NCNTSAI-T---QA, 0.0588, 0
0.348285, -115.4394, 20, POINT, T, VKLTPLCVTLNCTNANNNTTT-------------------------------------NMRGELKN----CSFNI-T-TE--LRD-KK-QKQ-YALF-YKLDVVQINENQGNRSNNS------------------------------------------NTSYRLI---NCNTSAI-T---QA, 0.0588, 1
0.352443, -114.9050, 59, POINT, T, VKLTPLCVTLNCTNANNNTTT-------------------------------------NTRGELKN----CSFNI-T-TE--LRD-KK-QKQ-YALF-YKLDVVQINENQGNRSNNS------------------------------------------NTSYRLI---NCNTSAI-T---QA, 0.0588, 0
0.357005, -87.8926, [169, 174], CHUNK, ['S', 'V'], VKLTPLCVTLNCTNANNNTTT-------------------------------------NMRGELKN----CSFNI-T-TE--LRD-KK-QKQ-YALF-YKLDVVQINENQGNRSNNS------------------------------------------NTSYRLI---SCNTSVI-T---QA, 0.4311, 0
0.355568, -95.1094, [174], CHUNK, ['V'], VKLTPLCVTLNCTNANNNTTT-------------------------------------NMRGELKN----CSFNI-T-TE--LRD-KK-QKQ-YALF-YKLDVVQINENQGNRSNNS------------------------------------------NTSYRLI---NCNTSVI-T---QA, 0.3123, 0
0.357005, -91.3583, [169, 174], CHUNK, ['S', 'V'], VKLTPLCVTLNCTNANNNTTT-------------------------------------NMRGELKN----CSFNI-T-TE--LRD-KK-QKQ-YALF-YKLDVVQINENQGNRSNNS------------------------------------------NTSYRLI---SCNTSVI-T---QA, 0.2183, 0
0.348278, -120.0664, 110, POINT, N, VKLTPLCVTLNCTNANNNTTD-------------------------------------NMRGELKN----CSFNI-T-TE--LRD-KK-QKQ-YALF-YKLDVVQINENQNNRSNNS------------------------------------------NTSYRLI---NCNTSAI-T---QA, 0.0588, 1
0.358092, -119.1851, [89, 91], CHUNK, ['K', 'E'], VKLTPLCVTLNCTNANNNTTD-------------------------------------NMRGELKN----CSFNI-T-TE--LRD-KK-KKE-YALF-YKLDVVQINENQNNRSNNS------------------------------------------NTSYRLI---NCNTSAI-T---QA, 0.0588, 0
0.356984, 259.5833, [59, 60, 63], CHUNK, ['D', 'P', 'I'], VKLTPLCVTLNCTNANNNTTD-------------------------------------NDPGEIKN----CSFNI-T-TE--LRD-KK-QKQ-YALF-YKLDVVQINENQNNRSNNS------------------------------------------NTSYRLI---NCNTSAI-T---QA, 0.1346, 0
0.356986, -118.3148, [63], CHUNK, ['I'], VKLTPLCVTLNCTNANNNTTD-------------------------------------NMRGEIKN----CSFNI-T-TE--LRD-KK-QKQ-YALF-YKLDVVQINENQNNRSNNS------------------------------------------NTSYRLI---NCNTSAI-T---QA, 0.0588, 0
0.357536, -118.6669, [87, 89, 91], CHUNK, ['V', 'K', 'E'], VKLTPLCVTLNCTNANNNTTD-------------------------------------NMRGELKN----CSFNI-T-TE--LRD-KV-KKE-YALF-YKLDVVQINENQNNRSNNS------------------------------------------NTSYRLI---NCNTSAI-T---QA, 0.0588, 1
0.364819, -97.5262, [174], CHUNK, ['V'], VKLTPLCVTLNCTNANNNTTD-------------------------------------NMRGELKN----CSFNI-T-TE--LRD-KV-KKE-YALF-YKLDVVQINENQNNRSNNS------------------------------------------NTSYRLI---NCNTSVI-T---QA, 0.3454, 0
0.368010, -114.6381, [60, 63], CHUNK, ['K', 'I'], VKLTPLCVTLNCTNANNNTTD-------------------------------------NMKGEIKN----CSFNI-T-TE--LRD-KV-KKE-YALF-YKLDVVQINENQNNRSNNS------------------------------------------NTSYRLI---NCNTSAI-T---QA, 0.0588, 0
0.366243, -117.0244, [63], CHUNK, ['I'], VKLTPLCVTLNCTNANNNTTD-------------------------------------NMRGEIKN----CSFNI-T-TE--LRD-KV-KKE-YALF-YKLDVVQINENQNNRSNNS------------------------------------------NTSYRLI---NCNTSAI-T---QA, 0.0603, 0
0.366243, -116.9154, [63], CHUNK, ['I'], VKLTPLCVTLNCTNANNNTTD-------------------------------------NMRGEIKN----CSFNI-T-TE--LRD-KV-KKE-YALF-YKLDVVQINENQNNRSNNS------------------------------------------NTSYRLI---NCNTSAI-T---QA, 0.0588, 0
0.358752, -116.5070, [60, 63], CHUNK, ['K', 'I'], VKLTPLCVTLNCTNANNNTTD-------------------------------------NMKGEIKN----CSFNI-T-TE--LRD-KK-QKQ-YALF-YKLDVVQINENQNNRSNNS------------------------------------------NTSYRLI---NCNTSAI-T---QA, 0.0678, 0
0.358389, -119.3712, 91, POINT, E, VKLTPLCVTLNCTNANNNTTD-------------------------------------NMRGELKN----CSFNI-T-TE--LRD-KK-QKE-YALF-YKLDVVQINENQNNRSNNS------------------------------------------NTSYRLI---NCNTSAI-T---QA, 0.0588, 0
0.356986, -118.3148, [63], CHUNK, ['I'], VKLTPLCVTLNCTNANNNTTD-------------------------------------NMRGEIKN----CSFNI-T-TE--LRD-KK-QKQ-YALF-YKLDVVQINENQNNRSNNS------------------------------------------NTSYRLI---NCNTSAI-T---QA, 0.0588, 0
0.357536, -118.6669, [87, 89, 91], CHUNK, ['V', 'K', 'E'], VKLTPLCVTLNCTNANNNTTD-------------------------------------NMRGELKN----CSFNI-T-TE--LRD-KV-KKE-YALF-YKLDVVQINENQNNRSNNS------------------------------------------NTSYRLI---NCNTSAI-T---QA, 0.0588, 1
0.365567, -11.4286, [79, 82], CHUNK, ['N', 'I'], VKLTPLCVTLNCTNANNNTTD-------------------------------------NMRGELKN----CSFNI-T-TN--IRD-KV-KKE-YALF-YKLDVVQINENQNNRSNNS------------------------------------------NTSYRLI---NCNTSAI-T---QA, 0.1694, 0
0.363527, -34.6927, [79, 82], CHUNK, ['S', 'I'], VKLTPLCVTLNCTNANNNTTD-------------------------------------NMRGELKN----CSFNI-T-TS--IRD-KV-KKE-YALF-YKLDVVQINENQNNRSNNS------------------------------------------NTSYRLI---NCNTSAI-T---QA, 0.3640, 0
0.361426, -115.4787, 20, POINT, T, VKLTPLCVTLNCTNANNNTTT-------------------------------------NMRGELKN----CSFNI-T-TE--LRD-KV-KKE-YALF-YKLDVVQINENQNNRSNNS------------------------------------------NTSYRLI---NCNTSAI-T---QA, 0.0588, 0
0.366243, -117.1817, [63], CHUNK, ['I'], VKLTPLCVTLNCTNANNNTTD-------------------------------------NMRGEIKN----CSFNI-T-TE--LRD-KV-KKE-YALF-YKLDVVQINENQNNRSNNS------------------------------------------NTSYRLI---NCNTSAI-T---QA, 0.0728, 0
0.352848, -120.1622, 104, POINT, P, VKLTPLCVTLNCTNANNNTTD-------------------------------------NMRGELKN----CSFNI-T-TE--LRD-KK-QKQ-YALF-YKLDVVPINENQNNRSNNS------------------------------------------NTSYRLI---NCNTSAI-T---QA, 0.0588, 1
0.361567, -96.1901, [169, 174], CHUNK, ['S', 'V'], VKLTPLCVTLNCTNANNNTTD-------------------------------------NMRGELKN----CSFNI-T-TE--LRD-KK-QKQ-YALF-YKLDVVPINENQNNRSNNS------------------------------------------NTSYRLI---SCNTSVI-T---QA, 0.4006, 0
0.354131, -95.0210, 14, POINT, L, VKLTPLCVTLNCTNLNNNTTD-------------------------------------NMRGELKN----CSFNI-T-TE--LRD-KK-QKQ-YALF-YKLDVVPINENQNNRSNNS------------------------------------------NTSYRLI---NCNTSAI-T---QA, 0.4667, 0
0.353922, -119.3893, 107, POINT, S, VKLTPLCVTLNCTNANNNTTD-------------------------------------NMRGELKN----CSFNI-T-TE--LRD-KK-QKQ-YALF-YKLDVVPINSNQNNRSNNS------------------------------------------NTSYRLI---NCNTSAI-T---QA, 0.0588, 0
0.356738, -116.9739, 20, POINT, T, VKLTPLCVTLNCTNANNNTTT-------------------------------------NMRGELKN----CSFNI-T-TE--LRD-KK-QKQ-YALF-YKLDVVPINENQNNRSNNS------------------------------------------NTSYRLI---NCNTSAI-T---QA, 0.0588, 0
0.352848, -120.3194, 104, POINT, P, VKLTPLCVTLNCTNANNNTTD-------------------------------------NMRGELKN----CSFNI-T-TE--LRD-KK-QKQ-YALF-YKLDVVPINENQNNRSNNS------------------------------------------NTSYRLI---NCNTSAI-T---QA, 0.0687, 0
0.356986, -118.8135, 63, POINT, I, VKLTPLCVTLNCTNANNNTTD-------------------------------------NMRGEIKN----CSFNI-T-TE--LRD-KK-QKQ-YALF-YKLDVVQINENQNNRSNNS------------------------------------------NTSYRLI---NCNTSAI-T---QA, 0.0635, 0
0.349402, -119.2935, 107, POINT, S, VKLTPLCVTLNCTNANNNTTD-------------------------------------NMRGELKN----CSFNI-T-TE--LRD-KK-QKQ-YALF-YKLDVVQINSNQNNRSNNS------------------------------------------NTSYRLI---NCNTSAI-T---QA, 0.0588, 0
0.350942, -118.2074, 63, POINT, M, VKLTPLCVTLNCTNANNNTTD-------------------------------------NMRGEMKN----CSFNI-T-TE--LRD-KK-QKQ-YALF-YKLDVVQINENQNNRSNNS------------------------------------------NTSYRLI---NCNTSAI-T---QA, 0.0588, 0
0.353115, -89.9381, [169, 174], CHUNK, ['S', 'V'], VKLTPLCVTLNCTNANNNTTD-------------------------------------NMRGELKN----CSFNI-T-TE--LRD-KK-QKQ-YALF-YKLDVVQINENQGNRSNNS------------------------------------------NTSYRLI---SCNTSVI-T---QA, 0.6957, 0
0.348818, -118.7234, 104, POINT, P, VKLTPLCVTLNCTNANNNTTD-------------------------------------NMRGELKN----CSFNI-T-TE--LRD-KK-QKQ-YALF-YKLDVVPINENQGNRSNNS------------------------------------------NTSYRLI---NCNTSAI-T---QA, 0.0588, 0
0.354506, -117.9325, [91], CHUNK, ['E'], VKLTPLCVTLNCTNANNNTTD-------------------------------------NMRGELKN----CSFNI-T-TE--LRD-KK-QKE-YALF-YKLDVVQINENQGNRSNNS------------------------------------------NTSYRLI---NCNTSAI-T---QA, 0.0588, 0
0.348285, -115.4394, 20, POINT, T, VKLTPLCVTLNCTNANNNTTT-------------------------------------NMRGELKN----CSFNI-T-TE--LRD-KK-QKQ-YALF-YKLDVVQINENQGNRSNNS------------------------------------------NTSYRLI---NCNTSAI-T---QA, 0.0588, 0
0.351023, -117.4429, 91, POINT, E, VKLTPLCVTLNCTNANNNTTD-------------------------------------DMRGELKN----CSFNI-T-TE--LRD-KK-QKE-YALF-YKLDVVQINENQGNRSNNS------------------------------------------NTSYRLI---NCNTSAI-T---QA, 0.0601, 0
0.345335, -118.3283, 104, POINT, P, VKLTPLCVTLNCTNANNNTTD-------------------------------------DMRGELKN----CSFNI-T-TE--LRD-KK-QKQ-YALF-YKLDVVPINENQGNRSNNS------------------------------------------NTSYRLI---NCNTSAI-T---QA, 0.0601, 0
0.350725, -117.2554, [89, 91], CHUNK, ['K', 'E'], VKLTPLCVTLNCTNANNNTTD-------------------------------------DMRGELKN----CSFNI-T-TE--LRD-KK-KKE-YALF-YKLDVVQINENQGNRSNNS------------------------------------------NTSYRLI---NCNTSAI-T---QA, 0.0601, 0
0.349598, -116.5724, [63], CHUNK, ['I'], VKLTPLCVTLNCTNANNNTTD-------------------------------------DMRGEIKN----CSFNI-T-TE--LRD-KK-QKQ-YALF-YKLDVVQINENQGNRSNNS------------------------------------------NTSYRLI---NCNTSAI-T---QA, 0.0571, 0
0.334423, -123.2200, 58, POINT, N, VKLTPLCVTLNCTNANNNTTD-------------------------------------NMRGELKN----CSFNM-T-TE--LRD-KK-QKQ-YALF-YKLDVVQINENQGNRSNNS------------------------------------------NTSYRLI---NCNTSAI-T---QA, 0.0576, 0
0.339284, -115.9453, [74, 79], CHUNK, ['I', 'S'], VKLTPLCVTLNCTNANNNTTD-------------------------------------DMRGELKN----CSFNI-T-TS--LRD-KK-QKQ-YALF-YKLDVVQINENQGNRSNNS------------------------------------------NTSYRLI---NCNTSAI-T---QA, 0.0952, 0
0.335432, -107.2353, 74, POINT, V, VKLTPLCVTLNCTNANNNTTD-------------------------------------DMRGELKN----CSFNV-T-TE--LRD-KK-QKQ-YALF-YKLDVVQINENQGNRSNNS------------------------------------------NTSYRLI---NCNTSAI-T---QA, 0.2554, 0
0.331756, -122.8911, 107, POINT, D, VKLTPLCVTLNCTNANNNTTD-------------------------------------DMRGELKN----CSFNM-T-TE--LRD-KK-QKQ-YALF-YKLDVVQINDNQGNRSNNS------------------------------------------NTSYRLI---NCNTSAI-T---QA, 0.0576, 0
