Name base = V1V2_70_sq_9_0_i
Iters = 70
Soft coverage = 1.31203964383
Energy = -130.870423868
Hard Covereage = 0.0368019545157
Num epitopes = 65
Initial seq = VKLTPLCVTLQCTNVTNNITD-------------------------------------DMRGELKN----CSFNM-T-TE--LRD-KK-QKV-YSLF-YRLDVVQINENQGNRSNNS------------------------------------------NKEYRLI---NCNTSAI-T---QA
-------START OF DATA------
1.320710, 2579.6415, 120, POINT, K, VKLTPLCVTLQCTNVTNNITD-------------------------------------DMRGELKN----CSFNM-T-TE--LRD-KK-QKV-YSLF-YRLDVVQINENQGNRSNNS---V--------------------------------------NKEYRLI---NCNTSAI-T---QA, 1.6509, 0
1.315635, -119.1931, 119, POINT, K, VKLTPLCVTLQCTNVTNNITD-------------------------------------DMRGELKN----CSFNM-T-TE--LRD-KK-QKV-YSLF-YRLDVVQINENQGNRSNNS--S---------------------------------------DKEYRLI---NCNTSAI-T---QA, 1.6154, 0
1.304730, -102.1649, 158, POINT, K, VKLTPLCVTLQCTNVTNNITD-------------------------------------DMRGELKN----CSFNM-T-TE--LRD-KK-QKV-YSLF-YRLDVVQINENQGNRSNNK-----------------------------------------ETKEYRLI---NCNTSAI-T---QA, 1.6195, 0
1.307312, -45.1061, 129, POINT, K, VKLTPLCVTLQCTNVTNNITD-------------------------------------DMRGELKN----CSFNM-T-TE--LRD-KK-QKV-YSLF-YRLDVVQINENQGNRSNNK------------K-----------------------------TKEYRLI---NCNTSAI-T---QA, 1.6183, 0
1.361196, -131.3095, 10, POINT, N, VKLTPLCVTLNCTNVTNNITD-------------------------------------DMRGELKN----CSFNM-T-TE--LRD-KK-QKV-YSLF-YRLDVVQINENQGNRSNNS------------------------------------------NKEYRLI---NCNTSAI-T---QA, 0.0527, 1
1.351503, -115.6538, 158, POINT, K, VKLTPLCVTLNCTNVTNNITD-------------------------------------DMRGELKN----CSFNM-T-TE--LRD-KK-QKV-YSLF-YRLDVVQINENQGNRSNNE-----------------------------------------KTKEYRLI---NCNTSAI-T---QA, 1.6162, 0
1.369866, 2582.4349, 158, POINT, K, VKLTPLCVTLNCTNVTNNITD-------------------------------------DMRGELKN----CSFNM-T-TE--LRD-KK-QKV-YSLF-YRLDVVQINENQGNRSNNS-----------------------------------------VNKEYRLI---NCNTSAI-T---QA, 1.6603, 0
1.358936, -34.1067, 128, POINT, K, VKLTPLCVTLNCTNVTNNITD-------------------------------------DMRGELKN----CSFNM-T-TE--LRD-KK-QKV-YSLF-YRLDVVQINENQGNRSNNS-----------K------------------------------SKEYRLI---NCNTSAI-T---QA, 1.6197, 0
1.375374, -70.7046, 128, POINT, K, VKLTPLCVTLNCTNVTNNITD-------------------------------------DMRGELKN----CSFNM-T-TE--LRD-KK-QKV-YSLF-YRLDVVQINENQGNRSNNT-----------S------------------------------EKEYRLI---NCNTSAI-T---QA, 1.6364, 0
1.320710, 2579.6613, 121, POINT, K, VKLTPLCVTLQCTNVTNNITD-------------------------------------DMRGELKN----CSFNM-T-TE--LRD-KK-QKV-YSLF-YRLDVVQINENQGNRSNNS----V-------------------------------------NKEYRLI---NCNTSAI-T---QA, 1.6559, 0
1.326218, -95.7956, 158, POINT, K, VKLTPLCVTLQCTNVTNNITD-------------------------------------DMRGELKN----CSFNM-T-TE--LRD-KK-QKV-YSLF-YRLDVVQINENQGNRSNNT-----------------------------------------SEKEYRLI---NCNTSAI-T---QA, 1.6331, 0
1.342792, -131.2740, 112, POINT, N, VKLTPLCVTLQCTNVTNNITD-------------------------------------DMRGELKN----CSFNM-T-TE--LRD-KK-QKV-YSLF-YRLDVVQINENQGNNSNNS------------------------------------------NKEYRLI---NCNTSAI-T---QA, 0.0312, 1
1.339881, -14.5538, 121, POINT, K, VKLTPLCVTLQCTNVTNNITD-------------------------------------DMRGELKN----CSFNM-T-TE--LRD-KK-QKV-YSLF-YRLDVVQINENQGNNSNNS----D-------------------------------------SKEYRLI---NCNTSAI-T---QA, 1.6635, 0
1.339134, -122.2412, 121, POINT, K, VKLTPLCVTLQCTNVTNNITD-------------------------------------DMRGELKN----CSFNM-T-TE--LRD-KK-QKV-YSLF-YRLDVVQINENQGNNSNNS----S-------------------------------------QKEYRLI---NCNTSAI-T---QA, 1.6160, 0
1.347174, -124.0737, 129, POINT, K, VKLTPLCVTLQCTNVTNNITD-------------------------------------DMRGELKN----CSFNM-T-TE--LRD-KK-QKV-YSLF-YRLDVVQINENQGNNSNNS------------E-----------------------------TKEYRLI---NCNTSAI-T---QA, 1.6100, 1
1.347036, -99.2248, 123, POINT, T, VKLTPLCVTLQCTNVTNNITD-------------------------------------DMRGELKN----CSFNM-T-TE--LRD-KK-QKV-YSLF-YRLDVVQINENQGNNSNND------E-----S-----------------------------TKEYRLI---NCNTSAI-T---QA, 2.6467, 0
1.372984, 414.6664, 131, POINT, K, VKLTPLCVTLQCTNVTNNITD-------------------------------------DMRGELKN----CSFNM-T-TE--LRD-KK-QKV-YSLF-YRLDVVQINENQGNNSNNS------------D-N---------------------------SKEYRLI---NCNTSAI-T---QA, 2.5818, 0
1.396042, -110.2650, 120, POINT, T, VKLTPLCVTLQCTNVTNNITD-------------------------------------DMRGELKN----CSFNM-T-TE--LRD-KK-QKV-YSLF-YRLDVVQINENQGNNSNNS---S--------T-----------------------------TKEYRLI---NCNTSAI-T---QA, 2.6452, 0
1.342512, -65.2012, 125, POINT, T, VKLTPLCVTLQCTNVTNNITD-------------------------------------DMRGELKN----CSFNM-T-TE--LRD-KK-QKV-YSLF-YRLDVVQINENQGNNSNNH--------T---Q-----------------------------TKEYRLI---NCNTSAI-T---QA, 2.6535, 0
1.391948, -131.3226, 10, POINT, N, VKLTPLCVTLNCTNVTNNITD-------------------------------------DMRGELKN----CSFNM-T-TE--LRD-KK-QKV-YSLF-YRLDVVQINENQGNNSNNS------------------------------------------NKEYRLI---NCNTSAI-T---QA, 0.0378, 1
1.399759, -80.3758, 128, POINT, K, VKLTPLCVTLNCTNVTNNITD-------------------------------------DMRGELKN----CSFNM-T-TE--LRD-KK-QKV-YSLF-YRLDVVQINENQGNNSNNT-----------K------------------------------SKEYRLI---NCNTSAI-T---QA, 1.6305, 0
1.380296, -109.1657, 122, POINT, K, VKLTPLCVTLNCTNVTNNITD-------------------------------------DMRGELKN----CSFNM-T-TE--LRD-KK-QKV-YSLF-YRLDVVQINENQGNNSNNE-----K------------------------------------TKEYRLI---NCNTSAI-T---QA, 1.6152, 0
1.374452, -5.0201, 125, POINT, K, VKLTPLCVTLNCTNVTNNITD-------------------------------------DMRGELKN----CSFNM-T-TE--LRD-KK-QKV-YSLF-YRLDVVQINENQGNNSNNK--------Q---------------------------------TKEYRLI---NCNTSAI-T---QA, 1.6186, 0
1.401839, 2583.5689, 121, POINT, K, VKLTPLCVTLNCTNVTNNITD-------------------------------------DMRGELKN----CSFNM-T-TE--LRD-KK-QKV-YSLF-YRLDVVQINENQGNNSNNS----V-------------------------------------NKEYRLI---NCNTSAI-T---QA, 1.6576, 0
1.339134, -120.8730, 128, POINT, K, VKLTPLCVTLQCTNVTNNITD-------------------------------------DMRGELKN----CSFNM-T-TE--LRD-KK-QKV-YSLF-YRLDVVQINENQGNNSNNS-----------S------------------------------QKEYRLI---NCNTSAI-T---QA, 1.6199, 0
1.329463, 48.5419, 137, POINT, K, VKLTPLCVTLQCTNVTNNITD-------------------------------------DMRGELKN----CSFNM-T-TE--LRD-KK-QKV-YSLF-YRLDVVQINENQGNNSNNS--------------------D---------------------DKEYRLI---NCNTSAI-T---QA, 1.6567, 0
1.352683, 2587.9450, 120, POINT, K, VKLTPLCVTLQCTNVTNNITD-------------------------------------DMRGELKN----CSFNM-T-TE--LRD-KK-QKV-YSLF-YRLDVVQINENQGNNSNNS---V--------------------------------------NKEYRLI---NCNTSAI-T---QA, 1.6561, 0
1.332726, -124.7277, 122, POINT, K, VKLTPLCVTLQCTNVTNNITD-------------------------------------DMRGELKN----CSFNM-T-TE--LRD-KK-QKV-YSLF-YRLDVVQINENQGNNSNNS-----K------------------------------------KKEYRLI---NCNTSAI-T---QA, 1.6108, 0
1.317538, 59.8890, 123, POINT, K, VKLTPLCVTLQCTNVTNNITD-------------------------------------DMRGELKN----CSFNM-T-TE--LRD-KK-QKV-YSLF-YRLDVVQINENQGNRSNNS------D-----------------------------------TKEYRLI---NCNTSAI-T---QA, 1.6371, 0
1.318968, -89.7093, 122, POINT, K, VKLTPLCVTLQCTNVTNNITD-------------------------------------DMRGELKN----CSFNM-T-TE--LRD-KK-QKV-YSLF-YRLDVVQINENQGNRSNNT-----E------------------------------------SKEYRLI---NCNTSAI-T---QA, 1.6331, 0
1.334981, -125.2818, 123, POINT, K, VKLTPLCVTLQCTNVTNNITD-------------------------------------DMRGELKN----CSFNM-T-TE--LRD-KK-QKV-YSLF-YRLDVVQINENQGNRSNNS------S-----------------------------------TKEYRLI---NCNTSAI-T---QA, 1.6154, 0
1.313557, -34.7678, 119, POINT, K, VKLTPLCVTLQCTNVTNNITD-------------------------------------DMRGELKN----CSFNM-T-TE--LRD-KK-QKV-YSLF-YRLDVVQINENQGNRSNNS--S---------------------------------------EKEYRLI---NCNTSAI-T---QA, 1.6336, 0
1.316386, -118.0557, 121, POINT, K, VKLTPLCVTLQCTNVTNNITD-------------------------------------DMRGELKN----CSFNM-T-TE--LRD-KK-QKV-YSLF-YRLDVVQINENQGNRSNNS----T-------------------------------------QKEYRLI---NCNTSAI-T---QA, 1.6225, 1
1.365542, -117.9712, 10, POINT, N, VKLTPLCVTLNCTNVTNNITD-------------------------------------DMRGELKN----CSFNM-T-TE--LRD-KK-QKV-YSLF-YRLDVVQINENQGNRSNNS----T-------------------------------------QKEYRLI---NCNTSAI-T---QA, 1.6164, 0
1.332829, 1002.9827, 138, POINT, K, VKLTPLCVTLQCTNVTNNITD-------------------------------------DMRGELKN----CSFNM-T-TE--LRD-KK-QKV-YSLF-YRLDVVQINENQGNRSNNS----N----------------V--------------------KKEYRLI---NCNTSAI-T---QA, 2.6162, 0
1.332829, 1003.3488, 126, POINT, K, VKLTPLCVTLQCTNVTNNITD-------------------------------------DMRGELKN----CSFNM-T-TE--LRD-KK-QKV-YSLF-YRLDVVQINENQGNRSNNS----N----V--------------------------------KKEYRLI---NCNTSAI-T---QA, 2.6201, 0
1.310206, 435.9269, 143, POINT, K, VKLTPLCVTLQCTNVTNNITD-------------------------------------DMRGELKN----CSFNM-T-TE--LRD-KK-QKV-YSLF-YRLDVVQINENQGNRSNNS----Q---------------------K---------------SKEYRLI---NCNTSAI-T---QA, 2.6064, 0
1.350291, -120.1287, 158, POINT, K, VKLTPLCVTLQCTNVTNNITD-------------------------------------DMRGELKN----CSFNM-T-TE--LRD-KK-QKV-YSLF-YRLDVVQINENQGNRSNNT-----------------------------------------SNKEYRLI---NCNTSAI-T---QA, 1.6180, 1
1.304140, -112.9068, 137, POINT, N, VKLTPLCVTLQCTNVTNNITD-------------------------------------DMRGELKN----CSFNM-T-TE--LRD-KK-QKV-YSLF-YRLDVVQINENQGNRSNNH--------------------K--------------------DNKEYRLI---NCNTSAI-T---QA, 2.6490, 0
1.327028, -111.8741, 152, POINT, N, VKLTPLCVTLQCTNVTNNITD-------------------------------------DMRGELKN----CSFNM-T-TE--LRD-KK-QKV-YSLF-YRLDVVQINENQGNRSNND-----------------------------------S-----RNKEYRLI---NCNTSAI-T---QA, 2.6545, 0
1.335420, -116.5746, 128, POINT, N, VKLTPLCVTLQCTNVTNNITD-------------------------------------DMRGELKN----CSFNM-T-TE--LRD-KK-QKV-YSLF-YRLDVVQINENQGNRSNNS-----------E-----------------------------SNKEYRLI---NCNTSAI-T---QA, 2.6487, 1
1.335907, -105.9501, 119, POINT, S, VKLTPLCVTLQCTNVTNNITD-------------------------------------DMRGELKN----CSFNM-T-TE--LRD-KK-QKV-YSLF-YRLDVVQINENQGNRSNNS--Q--------D-----------------------------SNKEYRLI---NCNTSAI-T---QA, 3.5388, 0
1.335526, -111.3153, 126, POINT, S, VKLTPLCVTLQCTNVTNNITD-------------------------------------DMRGELKN----CSFNM-T-TE--LRD-KK-QKV-YSLF-YRLDVVQINENQGNRSNNS---------K-Q-----------------------------SNKEYRLI---NCNTSAI-T---QA, 3.5468, 0
1.335997, -111.5011, 123, POINT, S, VKLTPLCVTLQCTNVTNNITD-------------------------------------DMRGELKN----CSFNM-T-TE--LRD-KK-QKV-YSLF-YRLDVVQINENQGNRSNNS------D----Q-----------------------------SNKEYRLI---NCNTSAI-T---QA, 3.5547, 0
1.337168, -115.7694, 121, POINT, S, VKLTPLCVTLQCTNVTNNITD-------------------------------------DMRGELKN----CSFNM-T-TE--LRD-KK-QKV-YSLF-YRLDVVQINENQGNRSNNS----R------R-----------------------------SNKEYRLI---NCNTSAI-T---QA, 3.5426, 0
1.322624, -115.5321, 122, POINT, N, VKLTPLCVTLQCTNVTNNITD-------------------------------------DMRGELKN----CSFNM-T-TE--LRD-KK-QKV-YSLF-YRLDVVQINENQGNRSNNH-----K-----------------------------------TNKEYRLI---NCNTSAI-T---QA, 2.6503, 0
1.385646, -119.7706, 109, POINT, N, VKLTPLCVTLQCTNVTNNITD-------------------------------------DMRGELKN----CSFNM-T-TE--LRD-KK-QKV-YSLF-YRLDVVQINENNGNRSNNT-----------------------------------------SNKEYRLI---NCNTSAI-T---QA, 1.6180, 0
1.392911, -109.1328, 51, POINT, M, VKLTPLCVTLQCTNVTNNITN------------------------------D------SMRGELKN----CSFNM-T-TE--LRD-KK-QKV-YSLF-YRLDVVQINENQGNRSNNT-----------------------------------------SNKEYRLI---NCNTSAI-T---QA, 3.8078, 0
1.333055, 15.4075, 138, POINT, N, VKLTPLCVTLQCTNVTNNITD-------------------------------------DMRGELKN----CSFNM-T-TE--LRD-KK-QKV-YSLF-YRLDVVQINENQGNRSNND---------------------S-------------------KNKEYRLI---NCNTSAI-T---QA, 2.6099, 0
1.289852, -122.2388, 127, POINT, K, VKLTPLCVTLQCTNVTNNITD-------------------------------------DMRGELKN----CSFNM-T-TE--LRD-KK-QKV-YSLF-YRLDVVQINENQGNRSNNS----------E-------------------------------QKEYRLI---NCNTSAI-T---QA, 1.6178, 0
1.320710, 2580.1771, 125, POINT, K, VKLTPLCVTLQCTNVTNNITD-------------------------------------DMRGELKN----CSFNM-T-TE--LRD-KK-QKV-YSLF-YRLDVVQINENQGNRSNNS--------V---------------------------------NKEYRLI---NCNTSAI-T---QA, 1.6513, 0
1.316904, -33.6605, 128, POINT, K, VKLTPLCVTLQCTNVTNNITD-------------------------------------DMRGELKN----CSFNM-T-TE--LRD-KK-QKV-YSLF-YRLDVVQINENQGNRSNNS-----------S------------------------------KKEYRLI---NCNTSAI-T---QA, 1.6343, 0
1.334981, -113.0861, 153, POINT, K, VKLTPLCVTLQCTNVTNNITD-------------------------------------DMRGELKN----CSFNM-T-TE--LRD-KK-QKV-YSLF-YRLDVVQINENQGNRSNNS------------------------------------S-----TKEYRLI---NCNTSAI-T---QA, 1.6057, 0
1.320189, -83.4841, 127, POINT, K, VKLTPLCVTLQCTNVTNNITD-------------------------------------DMRGELKN----CSFNM-T-TE--LRD-KK-QKV-YSLF-YRLDVVQINENQGNRSNNN----------K-------------------------------SKEYRLI---NCNTSAI-T---QA, 1.6150, 0
1.329877, -97.3770, 118, POINT, K, VKLTPLCVTLQCTNVTNNITD-------------------------------------DMRGELKN----CSFNM-T-TE--LRD-KK-QKV-YSLF-YRLDVVQINENQGNRSNNN-K----------------------------------------TKEYRLI---NCNTSAI-T---QA, 1.6186, 0
1.361196, -130.9060, 10, POINT, N, VKLTPLCVTLNCTNVTNNITD-------------------------------------DMRGELKN----CSFNM-T-TE--LRD-KK-QKV-YSLF-YRLDVVQINENQGNRSNNS------------------------------------------NKEYRLI---NCNTSAI-T---QA, 0.0334, 1
1.346982, -60.7121, 158, POINT, K, VKLTPLCVTLNCTNVTNNITD-------------------------------------DMRGELKN----CSFNM-T-TE--LRD-KK-QKV-YSLF-YRLDVVQINENQGNRSNNK-----------------------------------------KSKEYRLI---NCNTSAI-T---QA, 1.6162, 0
1.371316, 82.0555, 138, POINT, K, VKLTPLCVTLNCTNVTNNITD-------------------------------------DMRGELKN----CSFNM-T-TE--LRD-KK-QKV-YSLF-YRLDVVQINENQGNRSNNS---------------------D--------------------NKEYRLI---NCNTSAI-T---QA, 1.6236, 0
1.369866, 2577.4462, 137, POINT, K, VKLTPLCVTLNCTNVTNNITD-------------------------------------DMRGELKN----CSFNM-T-TE--LRD-KK-QKV-YSLF-YRLDVVQINENQGNRSNNS--------------------V---------------------NKEYRLI---NCNTSAI-T---QA, 1.6525, 0
1.369866, 2576.7280, 137, POINT, K, VKLTPLCVTLNCTNVTNNITD-------------------------------------DMRGELKN----CSFNM-T-TE--LRD-KK-QKV-YSLF-YRLDVVQINENQGNRSNNS--------------------V---------------------NKEYRLI---NCNTSAI-T---QA, 1.6578, 0
1.320455, -17.3965, 158, POINT, K, VKLTPLCVTLQCTNVTNNITD-------------------------------------DMRGELKN----CSFNM-T-TE--LRD-KK-QKV-YSLF-YRLDVVQINENQGNRSNNK-----------------------------------------STKEYRLI---NCNTSAI-T---QA, 1.6171, 0
1.319570, -64.6128, 122, POINT, K, VKLTPLCVTLQCTNVTNNITD-------------------------------------DMRGELKN----CSFNM-T-TE--LRD-KK-QKV-YSLF-YRLDVVQINENQGNRSNNT-----S------------------------------------QKEYRLI---NCNTSAI-T---QA, 1.6213, 0
1.309780, -98.2888, 119, POINT, K, VKLTPLCVTLQCTNVTNNITD-------------------------------------DMRGELKN----CSFNM-T-TE--LRD-KK-QKV-YSLF-YRLDVVQINENQGNRSNNS--K---------------------------------------SKEYRLI---NCNTSAI-T---QA, 1.6359, 0
1.304574, -119.4439, 133, POINT, K, VKLTPLCVTLQCTNVTNNITD-------------------------------------DMRGELKN----CSFNM-T-TE--LRD-KK-QKV-YSLF-YRLDVVQINENQGNRSNND----------------K-------------------------TKEYRLI---NCNTSAI-T---QA, 1.6114, 0
