Name base = V1V2_200_exp_9_11_ni
Iters = 200
Soft coverage = 0.284621885725
Energy = -128.717377515
Hard Covereage = 0.0368019545157
Num epitopes = 65
Initial seq = VKLTPLCVTLQCTNVTNNITD-------------------------------------DMRGELKN----CSFNM-T-TE--LRD-KK-QKV-YSLF-YRLDVVQINENQGNRSNNS------------------------------------------NKEYRLI---NCNTSAI-T---QA
-------START OF DATA------
0.308289, -130.1975, 10, POINT, N, VKLTPLCVTLNCTNVTNNITD-------------------------------------DMRGELKN----CSFNM-T-TE--LRD-KK-QKV-YSLF-YRLDVVQINENQGNRSNNS------------------------------------------NKEYRLI---NCNTSAI-T---QA, 0.0796, 1
0.312907, -128.6884, 99, POINT, K, VKLTPLCVTLNCTNVTNNITD-------------------------------------DMRGELKN----CSFNM-T-TE--LRD-KK-QKV-YSLF-YKLDVVQINENQGNRSNNS------------------------------------------NKEYRLI---NCNTSAI-T---QA, 0.0824, 1
0.322879, -91.9372, [74], CHUNK, ['I'], VKLTPLCVTLNCTNVTNNITD-------------------------------------DMRGELKN----CSFNI-T-TE--LRD-KK-QKV-YSLF-YKLDVVQINENQGNRSNNS------------------------------------------NKEYRLI---NCNTSAI-T---QA, 0.3082, 0
0.317399, -113.0226, 74, POINT, V, VKLTPLCVTLNCTNVTNNITD-------------------------------------DMRGELKN----CSFNV-T-TE--LRD-KK-QKV-YSLF-YKLDVVQINENQGNRSNNS------------------------------------------NKEYRLI---NCNTSAI-T---QA, 0.1625, 0
0.317990, -128.2213, 160, POINT, T, VKLTPLCVTLNCTNVTNNITD-------------------------------------DMRGELKN----CSFNM-T-TE--LRD-KK-QKV-YSLF-YKLDVVQINENQGNRSNNS------------------------------------------NTEYRLI---NCNTSAI-T---QA, 0.0805, 1
0.319662, -11.5319, 82, POINT, I, VKLTPLCVTLNCTNVTNNITD-------------------------------------DMRGELKN----CSFNM-T-TE--IRD-KK-QKV-YSLF-YKLDVVQINENQGNRSNNS------------------------------------------NTEYRLI---NCNTSAI-T---QA, 0.1534, 0
0.325013, -127.8095, 161, POINT, S, VKLTPLCVTLNCTNVTNNITD-------------------------------------DMRGELKN----CSFNM-T-TE--LRD-KK-QKV-YSLF-YKLDVVQINENQGNRSNNS------------------------------------------NTSYRLI---NCNTSAI-T---QA, 0.0805, 1
0.329505, -111.8956, 74, POINT, V, VKLTPLCVTLNCTNVTNNITD-------------------------------------DMRGELKN----CSFNV-T-TE--LRD-KK-QKV-YSLF-YKLDVVQINENQGNRSNNS------------------------------------------NTSYRLI---NCNTSAI-T---QA, 0.1256, 0
0.341639, -126.4998, [91, 94], CHUNK, ['E', 'A'], VKLTPLCVTLNCTNVTNNITD-------------------------------------DMRGELKN----CSFNM-T-TE--LRD-KK-QKE-YALF-YKLDVVQINENQGNRSNNS------------------------------------------NTSYRLI---NCNTSAI-T---QA, 0.0805, 1
0.348910, -125.0527, [63], CHUNK, ['I'], VKLTPLCVTLNCTNVTNNITD-------------------------------------DMRGEIKN----CSFNM-T-TE--LRD-KK-QKE-YALF-YKLDVVQINENQGNRSNNS------------------------------------------NTSYRLI---NCNTSAI-T---QA, 0.0805, 0
0.350358, -105.5103, [169, 174], CHUNK, ['S', 'V'], VKLTPLCVTLNCTNVTNNITD-------------------------------------DMRGELKN----CSFNM-T-TE--LRD-KK-QKE-YALF-YKLDVVQINENQGNRSNNS------------------------------------------NTSYRLI---SCNTSVI-T---QA, 0.2295, 0
0.345054, -126.9351, 58, POINT, N, VKLTPLCVTLNCTNVTNNITD-------------------------------------NMRGELKN----CSFNM-T-TE--LRD-KK-QKE-YALF-YKLDVVQINENQGNRSNNS------------------------------------------NTSYRLI---NCNTSAI-T---QA, 0.0941, 0
0.351610, -116.1825, [74], CHUNK, ['I'], VKLTPLCVTLNCTNVTNNITD-------------------------------------DMRGELKN----CSFNI-T-TE--LRD-KK-QKE-YALF-YKLDVVQINENQGNRSNNS------------------------------------------NTSYRLI---NCNTSAI-T---QA, 0.1866, 0
0.327851, -124.5336, 20, POINT, T, VKLTPLCVTLNCTNVTNNITT-------------------------------------DMRGELKN----CSFNM-T-TE--LRD-KK-QKV-YSLF-YKLDVVQINENQGNRSNNS------------------------------------------NTSYRLI---NCNTSAI-T---QA, 0.0805, 1
0.344476, -123.2239, [91, 94], CHUNK, ['E', 'A'], VKLTPLCVTLNCTNVTNNITT-------------------------------------DMRGELKN----CSFNM-T-TE--LRD-KK-QKE-YALF-YKLDVVQINENQGNRSNNS------------------------------------------NTSYRLI---NCNTSAI-T---QA, 0.0805, 1
0.348899, -123.4337, 104, POINT, P, VKLTPLCVTLNCTNVTNNITT-------------------------------------DMRGELKN----CSFNM-T-TE--LRD-KK-QKE-YALF-YKLDVVPINENQGNRSNNS------------------------------------------NTSYRLI---NCNTSAI-T---QA, 0.0805, 1
0.353685, -122.0972, 109, POINT, T, VKLTPLCVTLNCTNVTNNITT-------------------------------------DMRGELKN----CSFNM-T-TE--LRD-KK-QKE-YALF-YKLDVVPINENTGNRSNNS------------------------------------------NTSYRLI---NCNTSAI-T---QA, 0.0805, 0
0.351068, -121.0025, 174, POINT, T, VKLTPLCVTLNCTNVTNNITT-------------------------------------DMRGELKN----CSFNM-T-TE--LRD-KK-QKE-YALF-YKLDVVPINENQGNRSNNS------------------------------------------NTSYRLI---NCNTSTI-T---QA, 0.0805, 0
0.356228, -115.3706, [60, 63], CHUNK, ['I', 'I'], VKLTPLCVTLNCTNVTNNITT-------------------------------------DMIGEIKN----CSFNM-T-TE--LRD-KK-QKE-YALF-YKLDVVPINENQGNRSNNS------------------------------------------NTSYRLI---NCNTSAI-T---QA, 0.0805, 0
0.357618, -104.8960, [169, 174], CHUNK, ['S', 'V'], VKLTPLCVTLNCTNVTNNITT-------------------------------------DMRGELKN----CSFNM-T-TE--LRD-KK-QKE-YALF-YKLDVVPINENQGNRSNNS------------------------------------------NTSYRLI---SCNTSVI-T---QA, 0.2983, 0
0.354448, -117.8287, [74], CHUNK, ['I'], VKLTPLCVTLNCTNVTNNITT-------------------------------------DMRGELKN----CSFNI-T-TE--LRD-KK-QKE-YALF-YKLDVVQINENQGNRSNNS------------------------------------------NTSYRLI---NCNTSAI-T---QA, 0.1719, 0
0.353280, -123.9507, [104, 106, 107, 108, 109, 110], CHUNK, ['P', 'D', 'N', 'D', 'V', 'D'], VKLTPLCVTLNCTNVTNNITT-------------------------------------DMRGELKN----CSFNM-T-TE--LRD-KK-QKE-YALF-YKLDVVPIDNDVDNRSNNS------------------------------------------NTSYRLI---NCNTSAI-T---QA, 0.0887, 0
0.351729, -122.0654, 63, POINT, I, VKLTPLCVTLNCTNVTNNITT-------------------------------------DMRGEIKN----CSFNM-T-TE--LRD-KK-QKE-YALF-YKLDVVQINENQGNRSNNS------------------------------------------NTSYRLI---NCNTSAI-T---QA, 0.0685, 1
0.366911, -8.9357, [74, 82], CHUNK, ['I', 'I'], VKLTPLCVTLNCTNVTNNITT-------------------------------------DMRGEIKN----CSFNI-T-TE--IRD-KK-QKE-YALF-YKLDVVQINENQGNRSNNS------------------------------------------NTSYRLI---NCNTSAI-T---QA, 0.4303, 0
0.356373, -116.7935, [74], CHUNK, ['V'], VKLTPLCVTLNCTNVTNNITT-------------------------------------DMRGEIKN----CSFNV-T-TE--LRD-KK-QKE-YALF-YKLDVVQINENQGNRSNNS------------------------------------------NTSYRLI---NCNTSAI-T---QA, 0.0964, 0
0.355023, -120.9314, 18, POINT, N, VKLTPLCVTLNCTNVTNNNTT-------------------------------------DMRGEIKN----CSFNM-T-TE--LRD-KK-QKE-YALF-YKLDVVQINENQGNRSNNS------------------------------------------NTSYRLI---NCNTSAI-T---QA, 0.0747, 0
0.361501, -114.2579, [74, 79], CHUNK, ['I', 'S'], VKLTPLCVTLNCTNVTNNITT-------------------------------------DMRGEIKN----CSFNI-T-TS--LRD-KK-QKE-YALF-YKLDVVQINENQGNRSNNS------------------------------------------NTSYRLI---NCNTSAI-T---QA, 0.1056, 0
0.354448, -116.6622, 74, POINT, I, VKLTPLCVTLNCTNVTNNITT-------------------------------------DMRGELKN----CSFNI-T-TE--LRD-KK-QKE-YALF-YKLDVVQINENQGNRSNNS------------------------------------------NTSYRLI---NCNTSAI-T---QA, 0.1173, 0
0.348087, -123.3371, 107, POINT, N, VKLTPLCVTLNCTNVTNNITT-------------------------------------DMRGELKN----CSFNM-T-TE--LRD-KK-QKE-YALF-YKLDVVQINNNQGNRSNNS------------------------------------------NTSYRLI---NCNTSAI-T---QA, 0.0805, 0
0.354407, -106.7711, [74, 79], CHUNK, ['I', 'N'], VKLTPLCVTLNCTNVTNNITT-------------------------------------DMRGELKN----CSFNI-T-TN--LRD-KK-QKE-YALF-YKLDVVQINENQGNRSNNS------------------------------------------NTSYRLI---NCNTSAI-T---QA, 0.3821, 0
0.349243, -122.8657, 109, POINT, N, VKLTPLCVTLNCTNVTNNITT-------------------------------------DMRGELKN----CSFNM-T-TE--LRD-KK-QKE-YALF-YKLDVVQINENNGNRSNNS------------------------------------------NTSYRLI---NCNTSAI-T---QA, 0.0805, 0
0.341593, -122.4651, [87, 89, 91, 94], CHUNK, ['M', 'K', 'E', 'A'], VKLTPLCVTLNCTNVTNNITT-------------------------------------DMRGELKN----CSFNM-T-TE--LRD-KM-KKE-YALF-YKLDVVQINENQGNRSNNS------------------------------------------NTSYRLI---NCNTSAI-T---QA, 0.0805, 1
0.348846, -121.0180, 63, POINT, I, VKLTPLCVTLNCTNVTNNITT-------------------------------------DMRGEIKN----CSFNM-T-TE--LRD-KM-KKE-YALF-YKLDVVQINENQGNRSNNS------------------------------------------NTSYRLI---NCNTSAI-T---QA, 0.0805, 0
0.352056, -122.1109, [104, 106, 107, 108, 109, 110, 111, 112], CHUNK, ['P', 'G', 'D', 'D', 'N', 'N', 'S', 'N'], VKLTPLCVTLNCTNVTNNITT-------------------------------------DMRGELKN----CSFNM-T-TE--LRD-KM-KKE-YALF-YKLDVVPIGDDNNSNSNNS------------------------------------------NTSYRLI---NCNTSAI-T---QA, 0.0805, 1
0.359339, -105.1097, 174, POINT, V, VKLTPLCVTLNCTNVTNNITT-------------------------------------DMRGELKN----CSFNM-T-TE--LRD-KM-KKE-YALF-YKLDVVPIGDDNNSNSNNS------------------------------------------NTSYRLI---NCNTSVI-T---QA, 0.2744, 0
0.355849, -122.1901, 107, POINT, N, VKLTPLCVTLNCTNVTNNITT-------------------------------------DMRGELKN----CSFNM-T-TE--LRD-KM-KKE-YALF-YKLDVVPIGNDNNSNSNNS------------------------------------------NTSYRLI---NCNTSAI-T---QA, 0.0805, 1
0.357825, -122.1544, 87, POINT, V, VKLTPLCVTLNCTNVTNNITT-------------------------------------DMRGELKN----CSFNM-T-TE--LRD-KV-KKE-YALF-YKLDVVPIGNDNNSNSNNS------------------------------------------NTSYRLI---NCNTSAI-T---QA, 0.0805, 0
0.361187, -123.1434, 106, POINT, D, VKLTPLCVTLNCTNVTNNITT-------------------------------------DMRGELKN----CSFNM-T-TE--LRD-KM-KKE-YALF-YKLDVVPIDNDNNSNSNNS------------------------------------------NTSYRLI---NCNTSAI-T---QA, 0.0805, 1
0.371127, -113.0779, [74], CHUNK, ['I'], VKLTPLCVTLNCTNVTNNITT-------------------------------------DMRGELKN----CSFNI-T-TE--LRD-KM-KKE-YALF-YKLDVVPIDNDNNSNSNNS------------------------------------------NTSYRLI---NCNTSAI-T---QA, 0.1556, 0
0.362082, -123.4789, 59, POINT, E, VKLTPLCVTLNCTNVTNNITT-------------------------------------DERGELKN----CSFNM-T-TE--LRD-KM-KKE-YALF-YKLDVVPIDNDNNSNSNNS------------------------------------------NTSYRLI---NCNTSAI-T---QA, 0.0805, 0
0.371127, -116.2912, [74], CHUNK, ['I'], VKLTPLCVTLNCTNVTNNITT-------------------------------------DMRGELKN----CSFNI-T-TE--LRD-KM-KKE-YALF-YKLDVVPIDNDNNSNSNNS------------------------------------------NTSYRLI---NCNTSAI-T---QA, 0.0999, 1
0.372774, -116.4219, 60, POINT, N, VKLTPLCVTLNCTNVTNNITT-------------------------------------DMNGELKN----CSFNI-T-TE--LRD-KM-KKE-YALF-YKLDVVPIDNDNNSNSNNS------------------------------------------NTSYRLI---NCNTSAI-T---QA, 0.1168, 1
0.374943, -114.5771, 174, POINT, T, VKLTPLCVTLNCTNVTNNITT-------------------------------------DMNGELKN----CSFNI-T-TE--LRD-KM-KKE-YALF-YKLDVVPIDNDNNSNSNNS------------------------------------------NTSYRLI---NCNTSTI-T---QA, 0.1168, 0
0.380056, -101.8972, [174], CHUNK, ['V'], VKLTPLCVTLNCTNVTNNITT-------------------------------------DMNGELKN----CSFNI-T-TE--LRD-KM-KKE-YALF-YKLDVVPIDNDNNSNSNNS------------------------------------------NTSYRLI---NCNTSVI-T---QA, 0.3333, 0
0.381246, -115.5826, 63, POINT, I, VKLTPLCVTLNCTNVTNNITT-------------------------------------DMNGEIKN----CSFNI-T-TE--LRD-KM-KKE-YALF-YKLDVVPIDNDNNSNSNNS------------------------------------------NTSYRLI---NCNTSAI-T---QA, 0.1050, 0
0.373558, -116.2640, 79, POINT, N, VKLTPLCVTLNCTNVTNNITT-------------------------------------DMNGELKN----CSFNI-T-TN--LRD-KM-KKE-YALF-YKLDVVPIDNDNNSNSNNS------------------------------------------NTSYRLI---NCNTSAI-T---QA, 0.1501, 0
0.378409, -97.9470, 174, POINT, V, VKLTPLCVTLNCTNVTNNITT-------------------------------------DMRGELKN----CSFNI-T-TE--LRD-KM-KKE-YALF-YKLDVVPIDNDNNSNSNNS------------------------------------------NTSYRLI---NCNTSVI-T---QA, 0.2452, 0
0.373859, -114.3689, 63, POINT, M, VKLTPLCVTLNCTNVTNNITT-------------------------------------DMRGEMKN----CSFNI-T-TE--LRD-KM-KKE-YALF-YKLDVVPIDNDNNSNSNNS------------------------------------------NTSYRLI---NCNTSAI-T---QA, 0.0999, 0
0.375167, -17.5356, 82, POINT, I, VKLTPLCVTLNCTNVTNNITT-------------------------------------DMRGELKN----CSFNI-T-TE--IRD-KM-KKE-YALF-YKLDVVPIDNDNNSNSNNS------------------------------------------NTSYRLI---NCNTSAI-T---QA, 0.2128, 0
0.379846, -96.7073, [169, 174], CHUNK, ['S', 'V'], VKLTPLCVTLNCTNVTNNITT-------------------------------------DMRGELKN----CSFNI-T-TE--LRD-KM-KKE-YALF-YKLDVVPIDNDNNSNSNNS------------------------------------------NTSYRLI---SCNTSVI-T---QA, 0.3230, 0
0.365695, -117.5404, 74, POINT, V, VKLTPLCVTLNCTNVTNNITT-------------------------------------DMRGELKN----CSFNV-T-TE--LRD-KM-KKE-YALF-YKLDVVPIDNDNNSNSNNS------------------------------------------NTSYRLI---NCNTSAI-T---QA, 0.1124, 1
0.371127, -115.7924, 74, POINT, I, VKLTPLCVTLNCTNVTNNITT-------------------------------------DMRGELKN----CSFNI-T-TE--LRD-KM-KKE-YALF-YKLDVVPIDNDNNSNSNNS------------------------------------------NTSYRLI---NCNTSAI-T---QA, 0.1205, 0
0.368264, -117.6695, 87, POINT, K, VKLTPLCVTLNCTNVTNNITT-------------------------------------DMRGELKN----CSFNV-T-TE--LRD-KK-KKE-YALF-YKLDVVPIDNDNNSNSNNS------------------------------------------NTSYRLI---NCNTSAI-T---QA, 0.1147, 1
0.370433, -116.9349, 174, POINT, T, VKLTPLCVTLNCTNVTNNITT-------------------------------------DMRGELKN----CSFNV-T-TE--LRD-KK-KKE-YALF-YKLDVVPIDNDNNSNSNNS------------------------------------------NTSYRLI---NCNTSTI-T---QA, 0.1172, 0
0.375546, -102.6508, 174, POINT, V, VKLTPLCVTLNCTNVTNNITT-------------------------------------DMRGELKN----CSFNV-T-TE--LRD-KK-KKE-YALF-YKLDVVPIDNDNNSNSNNS------------------------------------------NTSYRLI---NCNTSVI-T---QA, 0.4035, 0
0.375669, -116.4347, [63], CHUNK, ['I'], VKLTPLCVTLNCTNVTNNITT-------------------------------------DMRGEIKN----CSFNV-T-TE--LRD-KK-KKE-YALF-YKLDVVPIDNDNNSNSNNS------------------------------------------NTSYRLI---NCNTSAI-T---QA, 0.1147, 1
0.382951, -101.5507, [174], CHUNK, ['V'], VKLTPLCVTLNCTNVTNNITT-------------------------------------DMRGEIKN----CSFNV-T-TE--LRD-KK-KKE-YALF-YKLDVVPIDNDNNSNSNNS------------------------------------------NTSYRLI---NCNTSVI-T---QA, 0.3285, 0
0.378258, -114.9367, 18, POINT, T, VKLTPLCVTLNCTNVTNNTTT-------------------------------------DMRGEIKN----CSFNV-T-TE--LRD-KK-KKE-YALF-YKLDVVPIDNDNNSNSNNS------------------------------------------NTSYRLI---NCNTSAI-T---QA, 0.1147, 0
0.384389, -99.2079, [169, 174], CHUNK, ['S', 'V'], VKLTPLCVTLNCTNVTNNITT-------------------------------------DMRGEIKN----CSFNV-T-TE--LRD-KK-KKE-YALF-YKLDVVPIDNDNNSNSNNS------------------------------------------NTSYRLI---SCNTSVI-T---QA, 0.3079, 0
0.386210, -7.1461, [74, 79, 82], CHUNK, ['I', 'S', 'I'], VKLTPLCVTLNCTNVTNNITT-------------------------------------DMRGEIKN----CSFNI-T-TS--IRD-KK-KKE-YALF-YKLDVVPIDNDNNSNSNNS------------------------------------------NTSYRLI---NCNTSAI-T---QA, 0.3297, 0
0.373644, -114.6071, [74, 79], CHUNK, ['I', 'N'], VKLTPLCVTLNCTNVTNNITT-------------------------------------DMRGELKN----CSFNI-T-TN--LRD-KK-KKE-YALF-YKLDVVPIDNDNNSNSNNS------------------------------------------NTSYRLI---NCNTSAI-T---QA, 0.2018, 0
0.368441, -117.9710, 59, POINT, R, VKLTPLCVTLNCTNVTNNITT-------------------------------------DRRGELKN----CSFNV-T-TE--LRD-KK-KKE-YALF-YKLDVVPIDNDNNSNSNNS------------------------------------------NTSYRLI---NCNTSAI-T---QA, 0.1401, 0
0.376983, -99.6396, [169, 174], CHUNK, ['S', 'V'], VKLTPLCVTLNCTNVTNNITT-------------------------------------DMRGELKN----CSFNV-T-TE--LRD-KK-KKE-YALF-YKLDVVPIDNDNNSNSNNS------------------------------------------NTSYRLI---SCNTSVI-T---QA, 0.2719, 0
0.369949, -112.7355, 60, POINT, T, VKLTPLCVTLNCTNVTNNITT-------------------------------------DMTGELKN----CSFNV-T-TE--LRD-KK-KKE-YALF-YKLDVVPIDNDNNSNSNNS------------------------------------------NTSYRLI---NCNTSAI-T---QA, 0.1147, 1
0.370246, -112.8503, 89, POINT, Q, VKLTPLCVTLNCTNVTNNITT-------------------------------------DMTGELKN----CSFNV-T-TE--LRD-KK-QKE-YALF-YKLDVVPIDNDNNSNSNNS------------------------------------------NTSYRLI---NCNTSAI-T---QA, 0.1147, 0
0.377231, -96.5010, [174], CHUNK, ['V'], VKLTPLCVTLNCTNVTNNITT-------------------------------------DMTGELKN----CSFNV-T-TE--LRD-KK-KKE-YALF-YKLDVVPIDNDNNSNSNNS------------------------------------------NTSYRLI---NCNTSVI-T---QA, 0.3113, 0
0.373018, -111.6670, 18, POINT, T, VKLTPLCVTLNCTNVTNNTTT-------------------------------------DMTGELKN----CSFNV-T-TE--LRD-KK-KKE-YALF-YKLDVVPIDNDNNSNSNNS------------------------------------------NTSYRLI---NCNTSAI-T---QA, 0.1544, 0
0.374960, -113.3214, 58, POINT, N, VKLTPLCVTLNCTNVTNNITT-------------------------------------NMTGELKN----CSFNV-T-TE--LRD-KK-KKE-YALF-YKLDVVPIDNDNNSNSNNS------------------------------------------NTSYRLI---NCNTSAI-T---QA, 0.1196, 0
0.368561, -117.7843, 89, POINT, Q, VKLTPLCVTLNCTNVTNNITT-------------------------------------DMRGELKN----CSFNV-T-TE--LRD-KK-QKE-YALF-YKLDVVPIDNDNNSNSNNS------------------------------------------NTSYRLI---NCNTSAI-T---QA, 0.1147, 0
0.369139, -117.2488, 58, POINT, E, VKLTPLCVTLNCTNVTNNITT-------------------------------------EMRGELKN----CSFNV-T-TE--LRD-KK-KKE-YALF-YKLDVVPIDNDNNSNSNNS------------------------------------------NTSYRLI---NCNTSAI-T---QA, 0.1147, 0
0.369094, -116.1695, 60, POINT, K, VKLTPLCVTLNCTNVTNNITT-------------------------------------DMKGELKN----CSFNV-T-TE--LRD-KK-KKE-YALF-YKLDVVPIDNDNNSNSNNS------------------------------------------NTSYRLI---NCNTSAI-T---QA, 0.1413, 0
0.369949, -112.7355, 60, POINT, T, VKLTPLCVTLNCTNVTNNITT-------------------------------------DMTGELKN----CSFNV-T-TE--LRD-KK-KKE-YALF-YKLDVVPIDNDNNSNSNNS------------------------------------------NTSYRLI---NCNTSAI-T---QA, 0.1147, 0
0.372977, -108.9637, [174], CHUNK, ['V'], VKLTPLCVTLNCTNVTNNITT-------------------------------------DMRGELKN----CSFNV-T-TE--LRD-KM-KKE-YALF-YKLDVVPIDNDNNSNSNNS------------------------------------------NTSYRLI---NCNTSVI-T---QA, 0.3340, 0
0.373100, -116.3069, [63], CHUNK, ['I'], VKLTPLCVTLNCTNVTNNITT-------------------------------------DMRGEIKN----CSFNV-T-TE--LRD-KM-KKE-YALF-YKLDVVPIDNDNNSNSNNS------------------------------------------NTSYRLI---NCNTSAI-T---QA, 0.1124, 0
0.369168, -13.1287, [79, 82], CHUNK, ['S', 'I'], VKLTPLCVTLNCTNVTNNITT-------------------------------------DMRGELKN----CSFNV-T-TS--IRD-KM-KKE-YALF-YKLDVVPIDNDNNSNSNNS------------------------------------------NTSYRLI---NCNTSAI-T---QA, 0.2841, 0
0.371981, 281.5190, [58, 59, 60, 63], CHUNK, ['M', 'D', 'P', 'I'], VKLTPLCVTLNCTNVTNNITT-------------------------------------MDPGEIKN----CSFNV-T-TE--LRD-KM-KKE-YALF-YKLDVVPIDNDNNSNSNNS------------------------------------------NTSYRLI---NCNTSAI-T---QA, 0.1654, 0
0.370271, -113.9400, [74, 79], CHUNK, ['I', 'S'], VKLTPLCVTLNCTNVTNNITT-------------------------------------DMRGELKN----CSFNI-T-TS--LRD-KM-KKE-YALF-YKLDVVPIDNDNNSNSNNS------------------------------------------NTSYRLI---NCNTSAI-T---QA, 0.1353, 0
0.371127, -114.7793, [74], CHUNK, ['I'], VKLTPLCVTLNCTNVTNNITT-------------------------------------DMRGELKN----CSFNI-T-TE--LRD-KM-KKE-YALF-YKLDVVPIDNDNNSNSNNS------------------------------------------NTSYRLI---NCNTSAI-T---QA, 0.2700, 0
0.368469, -107.2592, [174], CHUNK, ['V'], VKLTPLCVTLNCTNVTNNITT-------------------------------------DMRGELKN----CSFNM-T-TE--LRD-KM-KKE-YALF-YKLDVVPIDNDNNSNSNNS------------------------------------------NTSYRLI---NCNTSVI-T---QA, 0.3548, 0
0.376314, 2.4406, [74, 79, 82], CHUNK, ['I', 'S', 'I'], VKLTPLCVTLNCTNVTNNITT-------------------------------------DMRGELKN----CSFNI-T-TS--IRD-KM-KKE-YALF-YKLDVVPIDNDNNSNSNNS------------------------------------------NTSYRLI---NCNTSAI-T---QA, 0.1554, 0
0.365789, -116.6565, [74], CHUNK, ['I'], VKLTPLCVTLNCTNVTNNITT-------------------------------------DMRGELKN----CSFNI-T-TE--LRD-KM-KKE-YALF-YKLDVVPIGNDNNSNSNNS------------------------------------------NTSYRLI---NCNTSAI-T---QA, 0.2101, 0
0.366573, -115.3631, [74, 79], CHUNK, ['I', 'N'], VKLTPLCVTLNCTNVTNNITT-------------------------------------DMRGELKN----CSFNI-T-TN--LRD-KM-KKE-YALF-YKLDVVPIGNDNNSNSNNS------------------------------------------NTSYRLI---NCNTSAI-T---QA, 0.1491, 0
0.355943, -120.6815, 59, POINT, G, VKLTPLCVTLNCTNVTNNITT-------------------------------------DGRGELKN----CSFNM-T-TE--LRD-KM-KKE-YALF-YKLDVVPIGNDNNSNSNNS------------------------------------------NTSYRLI---NCNTSAI-T---QA, 0.0805, 0
0.364189, -113.6074, [58, 60, 63], CHUNK, ['E', 'I', 'I'], VKLTPLCVTLNCTNVTNNITT-------------------------------------EMIGEIKN----CSFNM-T-TE--LRD-KM-KKE-YALF-YKLDVVPIGNDNNSNSNNS------------------------------------------NTSYRLI---NCNTSAI-T---QA, 0.0805, 0
