Name base = V1V2_200_exp_1_11_ni
Iters = 200
Soft coverage = 0.284621885725
Energy = -129.869014739
Hard Covereage = 0.0368019545157
Num epitopes = 65
Initial seq = VKLTPLCVTLQCTNVTNNITD-------------------------------------DMRGELKN----CSFNM-T-TE--LRD-KK-QKV-YSLF-YRLDVVQINENQGNRSNNS------------------------------------------NKEYRLI---NCNTSAI-T---QA
-------START OF DATA------
0.300276, -97.6196, [10, 13, 14, 15, 17, 18], CHUNK, ['N', 'D', 'L', 'R', 'D', 'T'], VKLTPLCVTLNCTDLRNDTTD-------------------------------------DMRGELKN----CSFNM-T-TE--LRD-KK-QKV-YSLF-YRLDVVQINENQGNRSNNS------------------------------------------NKEYRLI---NCNTSAI-T---QA, 0.2439, 0
0.294594, -77.5408, [74], CHUNK, ['I'], VKLTPLCVTLQCTNVTNNITD-------------------------------------DMRGELKN----CSFNI-T-TE--LRD-KK-QKV-YSLF-YRLDVVQINENQGNRSNNS------------------------------------------NKEYRLI---NCNTSAI-T---QA, 0.4580, 0
0.289240, -128.5138, 99, POINT, K, VKLTPLCVTLQCTNVTNNITD-------------------------------------DMRGELKN----CSFNM-T-TE--LRD-KK-QKV-YSLF-YKLDVVQINENQGNRSNNS------------------------------------------NKEYRLI---NCNTSAI-T---QA, 0.0615, 0
0.289240, -128.9078, 99, POINT, K, VKLTPLCVTLQCTNVTNNITD-------------------------------------DMRGELKN----CSFNM-T-TE--LRD-KK-QKV-YSLF-YKLDVVQINENQGNRSNNS------------------------------------------NKEYRLI---NCNTSAI-T---QA, 0.0092, 1
0.312907, -129.0627, [10], CHUNK, ['N'], VKLTPLCVTLNCTNVTNNITD-------------------------------------DMRGELKN----CSFNM-T-TE--LRD-KK-QKV-YSLF-YKLDVVQINENQGNRSNNS------------------------------------------NKEYRLI---NCNTSAI-T---QA, 0.1119, 0
0.312907, -129.0075, [10], CHUNK, ['N'], VKLTPLCVTLNCTNVTNNITD-------------------------------------DMRGELKN----CSFNM-T-TE--LRD-KK-QKV-YSLF-YKLDVVQINENQGNRSNNS------------------------------------------NKEYRLI---NCNTSAI-T---QA, 0.0295, 1
0.329234, -127.5189, [89, 91, 94], CHUNK, ['K', 'E', 'A'], VKLTPLCVTLNCTNVTNNITD-------------------------------------DMRGELKN----CSFNM-T-TE--LRD-KK-KKE-YALF-YKLDVVQINENQGNRSNNS------------------------------------------NKEYRLI---NCNTSAI-T---QA, 0.1401, 1
0.339206, -120.2245, [74], CHUNK, ['I'], VKLTPLCVTLNCTNVTNNITD-------------------------------------DMRGELKN----CSFNI-T-TE--LRD-KK-KKE-YALF-YKLDVVQINENQGNRSNNS------------------------------------------NKEYRLI---NCNTSAI-T---QA, 0.2618, 0
0.330590, -127.5738, 161, POINT, T, VKLTPLCVTLNCTNVTNNITD-------------------------------------DMRGELKN----CSFNM-T-TE--LRD-KK-KKE-YALF-YKLDVVQINENQGNRSNNS------------------------------------------NKTYRLI---NCNTSAI-T---QA, 0.1327, 0
0.341341, -126.6387, [160, 161], CHUNK, ['T', 'S'], VKLTPLCVTLNCTNVTNNITD-------------------------------------DMRGELKN----CSFNM-T-TE--LRD-KK-KKE-YALF-YKLDVVQINENQGNRSNNS------------------------------------------NTSYRLI---NCNTSAI-T---QA, 0.1401, 1
0.348623, -116.4722, [174], CHUNK, ['V'], VKLTPLCVTLNCTNVTNNITD-------------------------------------DMRGELKN----CSFNM-T-TE--LRD-KK-KKE-YALF-YKLDVVQINENQGNRSNNS------------------------------------------NTSYRLI---NCNTSVI-T---QA, 0.4406, 1
0.358595, -110.5951, [74], CHUNK, ['I'], VKLTPLCVTLNCTNVTNNITD-------------------------------------DMRGELKN----CSFNI-T-TE--LRD-KK-KKE-YALF-YKLDVVQINENQGNRSNNS------------------------------------------NTSYRLI---NCNTSVI-T---QA, 0.6802, 0
0.353046, -116.5049, 104, POINT, P, VKLTPLCVTLNCTNVTNNITD-------------------------------------DMRGELKN----CSFNM-T-TE--LRD-KK-KKE-YALF-YKLDVVPINENQGNRSNNS------------------------------------------NTSYRLI---NCNTSVI-T---QA, 0.4499, 1
0.362100, -112.7307, [60, 63], CHUNK, ['K', 'I'], VKLTPLCVTLNCTNVTNNITD-------------------------------------DMKGEIKN----CSFNM-T-TE--LRD-KK-KKE-YALF-YKLDVVPINENQGNRSNNS------------------------------------------NTSYRLI---NCNTSVI-T---QA, 0.4499, 0
0.355884, -113.2185, 20, POINT, T, VKLTPLCVTLNCTNVTNNITT-------------------------------------DMRGELKN----CSFNM-T-TE--LRD-KK-KKE-YALF-YKLDVVPINENQGNRSNNS------------------------------------------NTSYRLI---NCNTSVI-T---QA, 0.4499, 0
0.360317, -114.9261, [63], CHUNK, ['I'], VKLTPLCVTLNCTNVTNNITD-------------------------------------DMRGEIKN----CSFNM-T-TE--LRD-KK-KKE-YALF-YKLDVVPINENQGNRSNNS------------------------------------------NTSYRLI---NCNTSVI-T---QA, 0.4499, 1
0.361971, -114.8044, [116], CHUNK, ['T'], VKLTPLCVTLNCTNVTNNITD-------------------------------------DMRGEIKN----CSFNM-T-TE--LRD-KK-KKE-YALF-YKLDVVPINENQGNRSNNT------------------------------------------NTSYRLI---NCNTSVI-T---QA, 0.4499, 0
0.371710, -100.5311, [74], CHUNK, ['I'], VKLTPLCVTLNCTNVTNNITD-------------------------------------DMRGEIKN----CSFNI-T-TE--LRD-KK-KKE-YALF-YKLDVVPINENQGNRSNNS------------------------------------------NTSYRLI---NCNTSVI-T---QA, 0.7634, 0
0.371710, -102.4832, [74], CHUNK, ['I'], VKLTPLCVTLNCTNVTNNITD-------------------------------------DMRGEIKN----CSFNI-T-TE--LRD-KK-KKE-YALF-YKLDVVPINENQGNRSNNS------------------------------------------NTSYRLI---NCNTSVI-T---QA, 0.4920, 0
0.361755, -111.9205, [169], CHUNK, ['S'], VKLTPLCVTLNCTNVTNNITD-------------------------------------DMRGEIKN----CSFNM-T-TE--LRD-KK-KKE-YALF-YKLDVVPINENQGNRSNNS------------------------------------------NTSYRLI---SCNTSVI-T---QA, 0.4499, 0
0.362918, -110.1053, [74, 79], CHUNK, ['I', 'N'], VKLTPLCVTLNCTNVTNNITD-------------------------------------DMRGELKN----CSFNI-T-TN--LRD-KK-KKE-YALF-YKLDVVPINENQGNRSNNS------------------------------------------NTSYRLI---NCNTSVI-T---QA, 0.5660, 0
0.355396, -113.6663, 58, POINT, T, VKLTPLCVTLNCTNVTNNITD-------------------------------------TMRGELKN----CSFNM-T-TE--LRD-KK-KKE-YALF-YKLDVVPINENQGNRSNNS------------------------------------------NTSYRLI---NCNTSVI-T---QA, 0.4499, 1
0.359888, -105.0950, [74], CHUNK, ['V'], VKLTPLCVTLNCTNVTNNITD-------------------------------------TMRGELKN----CSFNV-T-TE--LRD-KK-KKE-YALF-YKLDVVPINENQGNRSNNS------------------------------------------NTSYRLI---NCNTSVI-T---QA, 0.5194, 0
0.362559, -110.7878, [59, 63], CHUNK, ['G', 'I'], VKLTPLCVTLNCTNVTNNITD-------------------------------------TGRGEIKN----CSFNM-T-TE--LRD-KK-KKE-YALF-YKLDVVPINENQGNRSNNS------------------------------------------NTSYRLI---NCNTSVI-T---QA, 0.4408, 0
0.365368, -106.2427, [74], CHUNK, ['I'], VKLTPLCVTLNCTNVTNNITD-------------------------------------TMRGELKN----CSFNI-T-TE--LRD-KK-KKE-YALF-YKLDVVPINENQGNRSNNS------------------------------------------NTSYRLI---NCNTSVI-T---QA, 0.4735, 0
0.357902, -112.0304, 18, POINT, N, VKLTPLCVTLNCTNVTNNNTD-------------------------------------TMRGELKN----CSFNM-T-TE--LRD-KK-KKE-YALF-YKLDVVPINENQGNRSNNS------------------------------------------NTSYRLI---NCNTSVI-T---QA, 0.3795, 0
0.362918, -109.9090, [74, 79], CHUNK, ['I', 'N'], VKLTPLCVTLNCTNVTNNITD-------------------------------------DMRGELKN----CSFNI-T-TN--LRD-KK-KKE-YALF-YKLDVVPINENQGNRSNNS------------------------------------------NTSYRLI---NCNTSVI-T---QA, 0.4903, 0
0.355350, -114.3948, [63], CHUNK, ['M'], VKLTPLCVTLNCTNVTNNITD-------------------------------------DMRGEMKN----CSFNM-T-TE--LRD-KK-KKE-YALF-YKLDVVPINENQGNRSNNS------------------------------------------NTSYRLI---NCNTSVI-T---QA, 0.4499, 0
0.363018, -110.1869, 74, POINT, I, VKLTPLCVTLNCTNVTNNITD-------------------------------------DMRGELKN----CSFNI-T-TE--LRD-KK-KKE-YALF-YKLDVVPINENQGNRSNNS------------------------------------------NTSYRLI---NCNTSVI-T---QA, 0.4291, 0
0.360317, -115.7753, 63, POINT, I, VKLTPLCVTLNCTNVTNNITD-------------------------------------DMRGEIKN----CSFNM-T-TE--LRD-KK-KKE-YALF-YKLDVVPINENQGNRSNNS------------------------------------------NTSYRLI---NCNTSVI-T---QA, 0.4668, 1
0.362100, -113.5807, 60, POINT, K, VKLTPLCVTLNCTNVTNNITD-------------------------------------DMKGEIKN----CSFNM-T-TE--LRD-KK-KKE-YALF-YKLDVVPINENQGNRSNNS------------------------------------------NTSYRLI---NCNTSVI-T---QA, 0.4668, 0
0.363137, -112.4892, 20, POINT, T, VKLTPLCVTLNCTNVTNNITT-------------------------------------DMRGEIKN----CSFNM-T-TE--LRD-KK-KKE-YALF-YKLDVVPINENQGNRSNNS------------------------------------------NTSYRLI---NCNTSVI-T---QA, 0.4668, 1
0.365021, -3.4968, 82, POINT, I, VKLTPLCVTLNCTNVTNNITT-------------------------------------DMRGEIKN----CSFNM-T-TE--IRD-KK-KKE-YALF-YKLDVVPINENQGNRSNNS------------------------------------------NTSYRLI---NCNTSVI-T---QA, 0.5957, 0
0.366965, -113.4310, 107, POINT, N, VKLTPLCVTLNCTNVTNNITT-------------------------------------DMRGEIKN----CSFNM-T-TE--LRD-KK-KKE-YALF-YKLDVVPINNNQGNRSNNS------------------------------------------NTSYRLI---NCNTSVI-T---QA, 0.5351, 0
0.366897, -54.2822, [82, 87, 89], CHUNK, ['I', 'V', 'Q'], VKLTPLCVTLNCTNVTNNITT-------------------------------------DMRGEIKN----CSFNM-T-TE--IRD-KV-QKE-YALF-YKLDVVPINENQGNRSNNS------------------------------------------NTSYRLI---NCNTSVI-T---QA, 0.6971, 0
0.367781, -108.2697, [74], CHUNK, ['V'], VKLTPLCVTLNCTNVTNNITT-------------------------------------DMRGEIKN----CSFNV-T-TE--LRD-KK-KKE-YALF-YKLDVVPINENQGNRSNNS------------------------------------------NTSYRLI---NCNTSVI-T---QA, 0.4537, 0
0.364962, -108.3052, [74], CHUNK, ['V'], VKLTPLCVTLNCTNVTNNITD-------------------------------------DMRGEIKN----CSFNV-T-TE--LRD-KK-KKE-YALF-YKLDVVPINENQGNRSNNS------------------------------------------NTSYRLI---NCNTSVI-T---QA, 0.4847, 0
0.364962, -103.3304, [74], CHUNK, ['V'], VKLTPLCVTLNCTNVTNNITD-------------------------------------DMRGEIKN----CSFNV-T-TE--LRD-KK-KKE-YALF-YKLDVVPINENQGNRSNNS------------------------------------------NTSYRLI---NCNTSVI-T---QA, 0.5876, 0
0.362201, -8.9693, 82, POINT, I, VKLTPLCVTLNCTNVTNNITD-------------------------------------DMRGEIKN----CSFNM-T-TE--IRD-KK-KKE-YALF-YKLDVVPINENQGNRSNNS------------------------------------------NTSYRLI---NCNTSVI-T---QA, 0.5852, 0
0.361755, -113.7755, 169, POINT, S, VKLTPLCVTLNCTNVTNNITD-------------------------------------DMRGEIKN----CSFNM-T-TE--LRD-KK-KKE-YALF-YKLDVVPINENQGNRSNNS------------------------------------------NTSYRLI---SCNTSVI-T---QA, 0.4977, 0
0.353589, -116.0131, 58, POINT, E, VKLTPLCVTLNCTNVTNNITD-------------------------------------EMRGELKN----CSFNM-T-TE--LRD-KK-KKE-YALF-YKLDVVPINENQGNRSNNS------------------------------------------NTSYRLI---NCNTSVI-T---QA, 0.4499, 0
0.357538, -110.6733, 74, POINT, V, VKLTPLCVTLNCTNVTNNITD-------------------------------------DMRGELKN----CSFNV-T-TE--LRD-KK-KKE-YALF-YKLDVVPINENQGNRSNNS------------------------------------------NTSYRLI---NCNTSVI-T---QA, 0.4038, 0
0.355787, 278.8121, [74, 79, 82], CHUNK, ['I', 'T', 'P'], VKLTPLCVTLNCTNVTNNITD-------------------------------------DMRGELKN----CSFNI-T-TT--PRD-KK-KKE-YALF-YKLDVVPINENQGNRSNNS------------------------------------------NTSYRLI---NCNTSVI-T---QA, 0.4116, 0
0.362918, -108.1403, [74, 79], CHUNK, ['I', 'N'], VKLTPLCVTLNCTNVTNNITD-------------------------------------DMRGELKN----CSFNI-T-TN--LRD-KK-KKE-YALF-YKLDVVPINENQGNRSNNS------------------------------------------NTSYRLI---NCNTSVI-T---QA, 0.5697, 0
0.355894, -114.9970, 63, POINT, I, VKLTPLCVTLNCTNVTNNITD-------------------------------------DMRGEIKN----CSFNM-T-TE--LRD-KK-KKE-YALF-YKLDVVQINENQGNRSNNS------------------------------------------NTSYRLI---NCNTSVI-T---QA, 0.4429, 0
0.355894, -114.9797, [63], CHUNK, ['I'], VKLTPLCVTLNCTNVTNNITD-------------------------------------DMRGEIKN----CSFNM-T-TE--LRD-KK-KKE-YALF-YKLDVVQINENQGNRSNNS------------------------------------------NTSYRLI---NCNTSVI-T---QA, 0.4406, 0
0.350973, -115.5101, 58, POINT, T, VKLTPLCVTLNCTNVTNNITD-------------------------------------TMRGELKN----CSFNM-T-TE--LRD-KK-KKE-YALF-YKLDVVQINENQGNRSNNS------------------------------------------NTSYRLI---NCNTSVI-T---QA, 0.4422, 0
0.349756, -116.7477, 16, POINT, T, VKLTPLCVTLNCTNVTTNITD-------------------------------------DMRGELKN----CSFNM-T-TE--LRD-KK-KKE-YALF-YKLDVVQINENQGNRSNNS------------------------------------------NTSYRLI---NCNTSVI-T---QA, 0.4406, 0
0.351313, -115.0295, 74, POINT, I, VKLTPLCVTLNCTNVTNNITD-------------------------------------DMRGELKN----CSFNI-T-TE--LRD-KK-KKE-YALF-YKLDVVQINENQGNRSNNS------------------------------------------NTSYRLI---NCNTSAI-T---QA, 0.3060, 1
0.354101, -115.0876, 59, POINT, T, VKLTPLCVTLNCTNVTNNITD-------------------------------------DTRGELKN----CSFNI-T-TE--LRD-KK-KKE-YALF-YKLDVVQINENQGNRSNNS------------------------------------------NTSYRLI---NCNTSAI-T---QA, 0.3119, 0
0.360005, -113.6994, 63, POINT, I, VKLTPLCVTLNCTNVTNNITD-------------------------------------DMRGEIKN----CSFNI-T-TE--LRD-KK-KKE-YALF-YKLDVVQINENQGNRSNNS------------------------------------------NTSYRLI---NCNTSAI-T---QA, 0.3152, 0
0.356542, -70.0774, [61, 63], CHUNK, ['E', 'I'], VKLTPLCVTLNCTNVTNNITD-------------------------------------DMREEIKN----CSFNI-T-TE--LRD-KK-KKE-YALF-YKLDVVQINENQGNRSNNS------------------------------------------NTSYRLI---NCNTSAI-T---QA, 0.3682, 0
0.354823, -39.0070, 82, POINT, I, VKLTPLCVTLNCTNVTNNITD-------------------------------------DMRGELKN----CSFNI-T-TE--IRD-KK-KKE-YALF-YKLDVVQINENQGNRSNNS------------------------------------------NTSYRLI---NCNTSAI-T---QA, 0.3510, 0
0.350395, -122.3056, [60, 63], CHUNK, ['K', 'I'], VKLTPLCVTLNCTNVTNNITD-------------------------------------DMKGEIKN----CSFNM-T-TE--LRD-KK-KKE-YALF-YKLDVVQINENQGNRSNNS------------------------------------------NTSYRLI---NCNTSAI-T---QA, 0.1401, 0
0.348572, -38.4197, [74, 82], CHUNK, ['V', 'I'], VKLTPLCVTLNCTNVTNNITD-------------------------------------DMRGELKN----CSFNV-T-TE--IRD-KK-KKE-YALF-YKLDVVQINENQGNRSNNS------------------------------------------NTSYRLI---NCNTSAI-T---QA, 0.3826, 0
0.348623, -100.5966, [174], CHUNK, ['V'], VKLTPLCVTLNCTNVTNNITD-------------------------------------DMRGELKN----CSFNM-T-TE--LRD-KK-KKE-YALF-YKLDVVQINENQGNRSNNS------------------------------------------NTSYRLI---NCNTSVI-T---QA, 0.5411, 0
0.351313, -119.3866, [74], CHUNK, ['I'], VKLTPLCVTLNCTNVTNNITD-------------------------------------DMRGELKN----CSFNI-T-TE--LRD-KK-KKE-YALF-YKLDVVQINENQGNRSNNS------------------------------------------NTSYRLI---NCNTSAI-T---QA, 0.1707, 1
0.351610, -121.3976, 89, POINT, Q, VKLTPLCVTLNCTNVTNNITD-------------------------------------DMRGELKN----CSFNI-T-TE--LRD-KK-QKE-YALF-YKLDVVQINENQGNRSNNS------------------------------------------NTSYRLI---NCNTSAI-T---QA, 0.1628, 0
0.358595, -102.4972, 174, POINT, V, VKLTPLCVTLNCTNVTNNITD-------------------------------------DMRGELKN----CSFNI-T-TE--LRD-KK-KKE-YALF-YKLDVVQINENQGNRSNNS------------------------------------------NTSYRLI---NCNTSVI-T---QA, 0.4521, 0
0.352200, -121.1567, 59, POINT, L, VKLTPLCVTLNCTNVTNNITD-------------------------------------DLRGELKN----CSFNI-T-TE--LRD-KK-KKE-YALF-YKLDVVQINENQGNRSNNS------------------------------------------NTSYRLI---NCNTSAI-T---QA, 0.1671, 1
0.354370, -119.2787, [174], CHUNK, ['T'], VKLTPLCVTLNCTNVTNNITD-------------------------------------DLRGELKN----CSFNI-T-TE--LRD-KK-KKE-YALF-YKLDVVQINENQGNRSNNS------------------------------------------NTSYRLI---NCNTSTI-T---QA, 0.1558, 0
0.360346, -120.6336, 63, POINT, I, VKLTPLCVTLNCTNVTNNITD-------------------------------------DLRGEIKN----CSFNI-T-TE--LRD-KK-KKE-YALF-YKLDVVQINENQGNRSNNS------------------------------------------NTSYRLI---NCNTSAI-T---QA, 0.1807, 0
0.355711, -26.4356, 82, POINT, I, VKLTPLCVTLNCTNVTNNITD-------------------------------------DLRGELKN----CSFNI-T-TE--IRD-KK-KKE-YALF-YKLDVVQINENQGNRSNNS------------------------------------------NTSYRLI---NCNTSAI-T---QA, 0.2651, 0
0.354502, -122.3224, 20, POINT, N, VKLTPLCVTLNCTNVTNNITN-------------------------------------DLRGELKN----CSFNI-T-TE--LRD-KK-KKE-YALF-YKLDVVQINENQGNRSNNS------------------------------------------NTSYRLI---NCNTSAI-T---QA, 0.1629, 1
0.357637, -121.3603, 109, POINT, S, VKLTPLCVTLNCTNVTNNITN-------------------------------------DLRGELKN----CSFNI-T-TE--LRD-KK-KKE-YALF-YKLDVVQINENSGNRSNNS------------------------------------------NTSYRLI---NCNTSAI-T---QA, 0.1441, 0
0.363138, -122.2497, [104, 106, 107], CHUNK, ['P', 'D', 'N'], VKLTPLCVTLNCTNVTNNITN-------------------------------------DLRGELKN----CSFNI-T-TE--LRD-KK-KKE-YALF-YKLDVVPIDNNQGNRSNNS------------------------------------------NTSYRLI---NCNTSAI-T---QA, 0.1581, 1
0.366649, -16.1432, [82], CHUNK, ['I'], VKLTPLCVTLNCTNVTNNITN-------------------------------------DLRGELKN----CSFNI-T-TE--IRD-KK-KKE-YALF-YKLDVVPIDNNQGNRSNNS------------------------------------------NTSYRLI---NCNTSAI-T---QA, 0.3938, 0
0.366649, -5.8689, 82, POINT, I, VKLTPLCVTLNCTNVTNNITN-------------------------------------DLRGELKN----CSFNI-T-TE--IRD-KK-KKE-YALF-YKLDVVPIDNNQGNRSNNS------------------------------------------NTSYRLI---NCNTSAI-T---QA, 0.3046, 0
0.371346, -120.6852, [63], CHUNK, ['I'], VKLTPLCVTLNCTNVTNNITN-------------------------------------DLRGEIKN----CSFNI-T-TE--LRD-KK-KKE-YALF-YKLDVVPIDNNQGNRSNNS------------------------------------------NTSYRLI---NCNTSAI-T---QA, 0.1581, 1
0.378629, -102.7136, 174, POINT, V, VKLTPLCVTLNCTNVTNNITN-------------------------------------DLRGEIKN----CSFNI-T-TE--LRD-KK-KKE-YALF-YKLDVVPIDNNQGNRSNNS------------------------------------------NTSYRLI---NCNTSVI-T---QA, 0.4306, 0
0.371989, -120.8849, 16, POINT, T, VKLTPLCVTLNCTNVTTNITN-------------------------------------DLRGEIKN----CSFNI-T-TE--LRD-KK-KKE-YALF-YKLDVVPIDNNQGNRSNNS------------------------------------------NTSYRLI---NCNTSAI-T---QA, 0.1581, 0
0.378629, -105.5347, [174], CHUNK, ['V'], VKLTPLCVTLNCTNVTNNITN-------------------------------------DLRGEIKN----CSFNI-T-TE--LRD-KK-KKE-YALF-YKLDVVPIDNNQGNRSNNS------------------------------------------NTSYRLI---NCNTSVI-T---QA, 0.4211, 0
0.380066, -98.4510, [169, 174], CHUNK, ['S', 'V'], VKLTPLCVTLNCTNVTNNITN-------------------------------------DLRGEIKN----CSFNI-T-TE--LRD-KK-KKE-YALF-YKLDVVPIDNNQGNRSNNS------------------------------------------NTSYRLI---SCNTSVI-T---QA, 0.2599, 0
0.371346, -120.6852, 63, POINT, I, VKLTPLCVTLNCTNVTNNITN-------------------------------------DLRGEIKN----CSFNI-T-TE--LRD-KK-KKE-YALF-YKLDVVPIDNNQGNRSNNS------------------------------------------NTSYRLI---NCNTSAI-T---QA, 0.1581, 1
0.374578, -119.4774, 18, POINT, T, VKLTPLCVTLNCTNVTNNTTN-------------------------------------DLRGEIKN----CSFNI-T-TE--LRD-KK-KKE-YALF-YKLDVVPIDNNQGNRSNNS------------------------------------------NTSYRLI---NCNTSAI-T---QA, 0.1886, 1
0.378088, 4.0825, [82], CHUNK, ['I'], VKLTPLCVTLNCTNVTNNTTN-------------------------------------DLRGEIKN----CSFNI-T-TE--IRD-KK-KKE-YALF-YKLDVVPIDNNQGNRSNNS------------------------------------------NTSYRLI---NCNTSAI-T---QA, 0.3017, 0
0.383297, -89.0644, [169, 174], CHUNK, ['S', 'V'], VKLTPLCVTLNCTNVTNNTTN-------------------------------------DLRGEIKN----CSFNI-T-TE--LRD-KK-KKE-YALF-YKLDVVPIDNNQGNRSNNS------------------------------------------NTSYRLI---SCNTSVI-T---QA, 0.4267, 0
0.381860, -95.7255, [174], CHUNK, ['V'], VKLTPLCVTLNCTNVTNNTTN-------------------------------------DLRGEIKN----CSFNI-T-TE--LRD-KK-KKE-YALF-YKLDVVPIDNNQGNRSNNS------------------------------------------NTSYRLI---NCNTSVI-T---QA, 0.3223, 0
0.383297, -91.9901, [169, 174], CHUNK, ['S', 'V'], VKLTPLCVTLNCTNVTNNTTN-------------------------------------DLRGEIKN----CSFNI-T-TE--LRD-KK-KKE-YALF-YKLDVVPIDNNQGNRSNNS------------------------------------------NTSYRLI---SCNTSVI-T---QA, 0.3972, 0
0.375139, -7.9130, [79, 82], CHUNK, ['S', 'I'], VKLTPLCVTLNCTNVTNNITN-------------------------------------DLRGEIKN----CSFNI-T-TS--IRD-KK-KKE-YALF-YKLDVVPIDNNQGNRSNNS------------------------------------------NTSYRLI---NCNTSAI-T---QA, 0.2410, 0
0.374118, -118.8232, 18, POINT, N, VKLTPLCVTLNCTNVTNNNTN-------------------------------------DLRGEIKN----CSFNI-T-TE--LRD-KK-KKE-YALF-YKLDVVPIDNNQGNRSNNS------------------------------------------NTSYRLI---NCNTSAI-T---QA, 0.1581, 0
0.374857, -4.6956, 82, POINT, I, VKLTPLCVTLNCTNVTNNITN-------------------------------------DLRGEIKN----CSFNI-T-TE--IRD-KK-KKE-YALF-YKLDVVPIDNNQGNRSNNS------------------------------------------NTSYRLI---NCNTSAI-T---QA, 0.2365, 0
0.380066, -107.6809, [169, 174], CHUNK, ['S', 'V'], VKLTPLCVTLNCTNVTNNITN-------------------------------------DLRGEIKN----CSFNI-T-TE--LRD-KK-KKE-YALF-YKLDVVPIDNNQGNRSNNS------------------------------------------NTSYRLI---SCNTSVI-T---QA, 0.3867, 0
0.366649, -3.8394, [82], CHUNK, ['I'], VKLTPLCVTLNCTNVTNNITN-------------------------------------DLRGELKN----CSFNI-T-TE--IRD-KK-KKE-YALF-YKLDVVPIDNNQGNRSNNS------------------------------------------NTSYRLI---NCNTSAI-T---QA, 0.1875, 0
0.374046, -118.3044, [59, 60, 63], CHUNK, ['E', 'K', 'I'], VKLTPLCVTLNCTNVTNNITN-------------------------------------DEKGEIKN----CSFNI-T-TE--LRD-KK-KKE-YALF-YKLDVVPIDNNQGNRSNNS------------------------------------------NTSYRLI---NCNTSAI-T---QA, 0.1581, 1
0.375470, -1.5718, [82, 87], CHUNK, ['I', 'M'], VKLTPLCVTLNCTNVTNNITN-------------------------------------DEKGEIKN----CSFNI-T-TE--IRD-KM-KKE-YALF-YKLDVVPIDNNQGNRSNNS------------------------------------------NTSYRLI---NCNTSAI-T---QA, 0.1653, 0
0.377557, -22.4532, 82, POINT, I, VKLTPLCVTLNCTNVTNNITN-------------------------------------DEKGEIKN----CSFNI-T-TE--IRD-KK-KKE-YALF-YKLDVVPIDNNQGNRSNNS------------------------------------------NTSYRLI---NCNTSAI-T---QA, 0.3483, 0
0.377465, -119.8489, 58, POINT, N, VKLTPLCVTLNCTNVTNNITN-------------------------------------NEKGEIKN----CSFNI-T-TE--LRD-KK-KKE-YALF-YKLDVVPIDNNQGNRSNNS------------------------------------------NTSYRLI---NCNTSAI-T---QA, 0.1547, 0
0.377557, -3.6439, 82, POINT, I, VKLTPLCVTLNCTNVTNNITN-------------------------------------DEKGEIKN----CSFNI-T-TE--IRD-KK-KKE-YALF-YKLDVVPIDNNQGNRSNNS------------------------------------------NTSYRLI---NCNTSAI-T---QA, 0.1917, 0
0.365307, -120.7861, [174], CHUNK, ['T'], VKLTPLCVTLNCTNVTNNITN-------------------------------------DLRGELKN----CSFNI-T-TE--LRD-KK-KKE-YALF-YKLDVVPIDNNQGNRSNNS------------------------------------------NTSYRLI---NCNTSTI-T---QA, 0.1618, 0
0.371858, -101.6285, [169, 174], CHUNK, ['S', 'V'], VKLTPLCVTLNCTNVTNNITN-------------------------------------DLRGELKN----CSFNI-T-TE--LRD-KK-KKE-YALF-YKLDVVPIDNNQGNRSNNS------------------------------------------NTSYRLI---SCNTSVI-T---QA, 0.2865, 0
0.371858, -100.3672, [169, 174], CHUNK, ['S', 'V'], VKLTPLCVTLNCTNVTNNITN-------------------------------------DLRGELKN----CSFNI-T-TE--LRD-KK-KKE-YALF-YKLDVVPIDNNQGNRSNNS------------------------------------------NTSYRLI---SCNTSVI-T---QA, 0.2913, 0
0.370421, -106.5643, [174], CHUNK, ['V'], VKLTPLCVTLNCTNVTNNITN-------------------------------------DLRGELKN----CSFNI-T-TE--LRD-KK-KKE-YALF-YKLDVVPIDNNQGNRSNNS------------------------------------------NTSYRLI---NCNTSVI-T---QA, 0.3092, 0
0.361784, -104.4788, [174], CHUNK, ['V'], VKLTPLCVTLNCTNVTNNITN-------------------------------------DLRGELKN----CSFNI-T-TE--LRD-KK-KKE-YALF-YKLDVVQINENQGNRSNNS------------------------------------------NTSYRLI---NCNTSVI-T---QA, 0.4048, 0
0.362020, 295.3691, [58, 59, 60, 63], CHUNK, ['M', 'E', 'P', 'I'], VKLTPLCVTLNCTNVTNNITN-------------------------------------MEPGEIKN----CSFNI-T-TE--LRD-KK-KKE-YALF-YKLDVVQINENQGNRSNNS------------------------------------------NTSYRLI---NCNTSAI-T---QA, 0.1752, 0
0.361784, -104.6229, 174, POINT, V, VKLTPLCVTLNCTNVTNNITN-------------------------------------DLRGELKN----CSFNI-T-TE--LRD-KK-KKE-YALF-YKLDVVQINENQGNRSNNS------------------------------------------NTSYRLI---NCNTSVI-T---QA, 0.3537, 0
0.363222, -102.5987, [169, 174], CHUNK, ['S', 'V'], VKLTPLCVTLNCTNVTNNITN-------------------------------------DLRGELKN----CSFNI-T-TE--LRD-KK-KKE-YALF-YKLDVVQINENQGNRSNNS------------------------------------------NTSYRLI---SCNTSVI-T---QA, 0.5360, 0
0.360920, -100.3950, [169, 174], CHUNK, ['S', 'V'], VKLTPLCVTLNCTNVTNNITD-------------------------------------DLRGELKN----CSFNI-T-TE--LRD-KK-KKE-YALF-YKLDVVQINENQGNRSNNS------------------------------------------NTSYRLI---SCNTSVI-T---QA, 0.3165, 0
0.355711, -6.8127, 82, POINT, I, VKLTPLCVTLNCTNVTNNITD-------------------------------------DLRGELKN----CSFNI-T-TE--IRD-KK-KKE-YALF-YKLDVVQINENQGNRSNNS------------------------------------------NTSYRLI---NCNTSAI-T---QA, 0.3121, 0
0.359483, -107.6463, [174], CHUNK, ['V'], VKLTPLCVTLNCTNVTNNITD-------------------------------------DLRGELKN----CSFNI-T-TE--LRD-KK-KKE-YALF-YKLDVVQINENQGNRSNNS------------------------------------------NTSYRLI---NCNTSVI-T---QA, 0.3251, 0
0.352800, -120.6825, 20, POINT, S, VKLTPLCVTLNCTNVTNNITS-------------------------------------DLRGELKN----CSFNI-T-TE--LRD-KK-KKE-YALF-YKLDVVQINENQGNRSNNS------------------------------------------NTSYRLI---NCNTSAI-T---QA, 0.1855, 0
