Name base = V1V2_200_exp_1_10_ni
Iters = 200
Soft coverage = 0.284621885725
Energy = -131.375582398
Hard Covereage = 0.0368019545157
Num epitopes = 65
Initial seq = VKLTPLCVTLQCTNVTNNITD-------------------------------------DMRGELKN----CSFNM-T-TE--LRD-KK-QKV-YSLF-YRLDVVQINENQGNRSNNS------------------------------------------NKEYRLI---NCNTSAI-T---QA
-------START OF DATA------
0.305689, -131.6012, [10, 13], CHUNK, ['N', 'D'], VKLTPLCVTLNCTDVTNNITD-------------------------------------DMRGELKN----CSFNM-T-TE--LRD-KK-QKV-YSLF-YRLDVVQINENQGNRSNNS------------------------------------------NKEYRLI---NCNTSAI-T---QA, 0.0000, 1
0.307858, -130.1683, 174, POINT, T, VKLTPLCVTLNCTDVTNNITD-------------------------------------DMRGELKN----CSFNM-T-TE--LRD-KK-QKV-YSLF-YRLDVVQINENQGNRSNNS------------------------------------------NKEYRLI---NCNTSTI-T---QA, 0.0115, 1
0.314734, -128.7770, [99, 102, 104], CHUNK, ['K', 'I', 'P'], VKLTPLCVTLNCTDVTNNITD-------------------------------------DMRGELKN----CSFNM-T-TE--LRD-KK-QKV-YSLF-YKLDIVPINENQGNRSNNS------------------------------------------NKEYRLI---NCNTSTI-T---QA, 0.0130, 1
0.326840, -127.8886, [160, 161], CHUNK, ['T', 'S'], VKLTPLCVTLNCTDVTNNITD-------------------------------------DMRGELKN----CSFNM-T-TE--LRD-KK-QKV-YSLF-YKLDIVPINENQGNRSNNS------------------------------------------NTSYRLI---NCNTSTI-T---QA, 0.0130, 1
0.329212, -128.2766, 20, POINT, N, VKLTPLCVTLNCTDVTNNITN-------------------------------------DMRGELKN----CSFNM-T-TE--LRD-KK-QKV-YSLF-YKLDIVPINENQGNRSNNS------------------------------------------NTSYRLI---NCNTSTI-T---QA, 0.0130, 0
0.329158, -126.6480, 91, POINT, E, VKLTPLCVTLNCTDVTNNITD-------------------------------------DMRGELKN----CSFNM-T-TE--LRD-KK-QKE-YSLF-YKLDIVPINENQGNRSNNS------------------------------------------NTSYRLI---NCNTSTI-T---QA, 0.0249, 0
0.331332, -110.9016, 74, POINT, V, VKLTPLCVTLNCTDVTNNITD-------------------------------------DMRGELKN----CSFNV-T-TE--LRD-KK-QKV-YSLF-YKLDIVPINENQGNRSNNS------------------------------------------NTSYRLI---NCNTSTI-T---QA, 0.1300, 0
0.329144, -126.2834, 63, POINT, M, VKLTPLCVTLNCTDVTNNITD-------------------------------------DMRGEMKN----CSFNM-T-TE--LRD-KK-QKV-YSLF-YKLDIVPINENQGNRSNNS------------------------------------------NTSYRLI---NCNTSTI-T---QA, 0.0266, 1
0.333956, -107.9557, 74, POINT, V, VKLTPLCVTLNCTDVTNNITD-------------------------------------DMRGEMKN----CSFNV-T-TE--LRD-KK-QKV-YSLF-YKLDIVPINENQGNRSNNS------------------------------------------NTSYRLI---NCNTSTI-T---QA, 0.1760, 0
0.339579, -76.7903, 74, POINT, I, VKLTPLCVTLNCTDVTNNITD-------------------------------------DMRGEMKN----CSFNI-T-TE--LRD-KK-QKV-YSLF-YKLDIVPINENQGNRSNNS------------------------------------------NTSYRLI---NCNTSTI-T---QA, 0.5620, 0
0.334111, -126.6472, 63, POINT, I, VKLTPLCVTLNCTDVTNNITD-------------------------------------DMRGEIKN----CSFNM-T-TE--LRD-KK-QKV-YSLF-YKLDIVPINENQGNRSNNS------------------------------------------NTSYRLI---NCNTSTI-T---QA, 0.0266, 1
0.349671, -125.1974, [89, 91, 94], CHUNK, ['K', 'E', 'A'], VKLTPLCVTLNCTDVTNNITD-------------------------------------DMRGEIKN----CSFNM-T-TE--LRD-KK-KKE-YALF-YKLDIVPINENQGNRSNNS------------------------------------------NTSYRLI---NCNTSTI-T---QA, 0.0371, 1
0.361064, -114.9669, [74], CHUNK, ['I'], VKLTPLCVTLNCTDVTNNITD-------------------------------------DMRGEIKN----CSFNI-T-TE--LRD-KK-KKE-YALF-YKLDIVPINENQGNRSNNS------------------------------------------NTSYRLI---NCNTSTI-T---QA, 0.1632, 0
0.354785, -116.2256, [174], CHUNK, ['V'], VKLTPLCVTLNCTDVTNNITD-------------------------------------DMRGEIKN----CSFNM-T-TE--LRD-KK-KKE-YALF-YKLDIVPINENQGNRSNNS------------------------------------------NTSYRLI---NCNTSVI-T---QA, 0.3389, 0
0.360964, -113.2881, [74, 79], CHUNK, ['I', 'N'], VKLTPLCVTLNCTDVTNNITD-------------------------------------DMRGEIKN----CSFNI-T-TN--LRD-KK-KKE-YALF-YKLDIVPINENQGNRSNNS------------------------------------------NTSYRLI---NCNTSTI-T---QA, 0.1060, 0
0.354785, -108.7046, [174], CHUNK, ['V'], VKLTPLCVTLNCTDVTNNITD-------------------------------------DMRGEIKN----CSFNM-T-TE--LRD-KK-KKE-YALF-YKLDIVPINENQGNRSNNS------------------------------------------NTSYRLI---NCNTSVI-T---QA, 0.1214, 0
0.345504, -86.3929, [74], CHUNK, ['I'], VKLTPLCVTLNCTDVTNNITD-------------------------------------DMRGEIKN----CSFNI-T-TE--LRD-KK-QKV-YSLF-YKLDIVPINENQGNRSNNS------------------------------------------NTSYRLI---NCNTSTI-T---QA, 0.7647, 0
0.345504, -68.6660, [74], CHUNK, ['I'], VKLTPLCVTLNCTDVTNNITD-------------------------------------DMRGEIKN----CSFNI-T-TE--LRD-KK-QKV-YSLF-YKLDIVPINENQGNRSNNS------------------------------------------NTSYRLI---NCNTSTI-T---QA, 0.3990, 0
0.345504, -76.6073, [74], CHUNK, ['I'], VKLTPLCVTLNCTDVTNNITD-------------------------------------DMRGEIKN----CSFNI-T-TE--LRD-KK-QKV-YSLF-YKLDIVPINENQGNRSNNS------------------------------------------NTSYRLI---NCNTSTI-T---QA, 0.3440, 0
0.339224, -111.1436, 174, POINT, V, VKLTPLCVTLNCTDVTNNITD-------------------------------------DMRGEIKN----CSFNM-T-TE--LRD-KK-QKV-YSLF-YKLDIVPINENQGNRSNNS------------------------------------------NTSYRLI---NCNTSVI-T---QA, 0.2123, 0
0.332641, -126.3965, 107, POINT, N, VKLTPLCVTLNCTDVTNNITD-------------------------------------DMRGEMKN----CSFNM-T-TE--LRD-KK-QKV-YSLF-YKLDIVPINNNQGNRSNNS------------------------------------------NTSYRLI---NCNTSTI-T---QA, 0.0266, 0
0.331744, -126.1390, 13, POINT, N, VKLTPLCVTLNCTNVTNNITD-------------------------------------DMRGEMKN----CSFNM-T-TE--LRD-KK-QKV-YSLF-YKLDIVPINENQGNRSNNS------------------------------------------NTSYRLI---NCNTSTI-T---QA, 0.0266, 0
0.331536, -126.6907, 20, POINT, N, VKLTPLCVTLNCTDVTNNITN-------------------------------------DMRGEMKN----CSFNM-T-TE--LRD-KK-QKV-YSLF-YKLDIVPINENQGNRSNNS------------------------------------------NTSYRLI---NCNTSTI-T---QA, 0.0825, 1
0.334043, -126.6196, 13, POINT, N, VKLTPLCVTLNCTNVTNNITN-------------------------------------DMRGEMKN----CSFNM-T-TE--LRD-KK-QKV-YSLF-YKLDIVPINENQGNRSNNS------------------------------------------NTSYRLI---NCNTSTI-T---QA, 0.0395, 0
0.341336, -126.8673, 94, POINT, A, VKLTPLCVTLNCTDVTNNITN-------------------------------------DMRGEMKN----CSFNM-T-TE--LRD-KK-QKV-YALF-YKLDIVPINENQGNRSNNS------------------------------------------NTSYRLI---NCNTSTI-T---QA, 0.0825, 0
0.347096, -125.1200, [89, 91, 94], CHUNK, ['K', 'E', 'A'], VKLTPLCVTLNCTDVTNNITN-------------------------------------DMRGEMKN----CSFNM-T-TE--LRD-KK-KKE-YALF-YKLDIVPINENQGNRSNNS------------------------------------------NTSYRLI---NCNTSTI-T---QA, 0.0825, 1
0.352108, -125.4616, [63], CHUNK, ['I'], VKLTPLCVTLNCTDVTNNITN-------------------------------------DMRGEIKN----CSFNM-T-TE--LRD-KK-KKE-YALF-YKLDIVPINENQGNRSNNS------------------------------------------NTSYRLI---NCNTSTI-T---QA, 0.0825, 0
0.348750, -124.6501, 116, POINT, T, VKLTPLCVTLNCTDVTNNITN-------------------------------------DMRGEMKN----CSFNM-T-TE--LRD-KK-KKE-YALF-YKLDIVPINENQGNRSNNT------------------------------------------NTSYRLI---NCNTSTI-T---QA, 0.0825, 0
0.357531, -119.4352, [74], CHUNK, ['I'], VKLTPLCVTLNCTDVTNNITN-------------------------------------DMRGEMKN----CSFNI-T-TE--LRD-KK-KKE-YALF-YKLDIVPINENQGNRSNNS------------------------------------------NTSYRLI---NCNTSTI-T---QA, 0.1592, 0
0.357531, -119.7619, [74], CHUNK, ['I'], VKLTPLCVTLNCTDVTNNITN-------------------------------------DMRGEMKN----CSFNI-T-TE--LRD-KK-KKE-YALF-YKLDIVPINENQGNRSNNS------------------------------------------NTSYRLI---NCNTSTI-T---QA, 0.0894, 1
0.362645, -107.3265, 174, POINT, V, VKLTPLCVTLNCTDVTNNITN-------------------------------------DMRGEMKN----CSFNI-T-TE--LRD-KK-KKE-YALF-YKLDIVPINENQGNRSNNS------------------------------------------NTSYRLI---NCNTSVI-T---QA, 0.3902, 0
0.361042, 0.1162, 82, POINT, I, VKLTPLCVTLNCTDVTNNITN-------------------------------------DMRGEMKN----CSFNI-T-TE--IRD-KK-KKE-YALF-YKLDIVPINENQGNRSNNS------------------------------------------NTSYRLI---NCNTSTI-T---QA, 0.0911, 0
0.363501, -119.6598, [63], CHUNK, ['I'], VKLTPLCVTLNCTDVTNNITN-------------------------------------DMRGEIKN----CSFNI-T-TE--LRD-KK-KKE-YALF-YKLDIVPINENQGNRSNNS------------------------------------------NTSYRLI---NCNTSTI-T---QA, 0.0894, 0
0.364082, -101.9236, [169, 174], CHUNK, ['S', 'V'], VKLTPLCVTLNCTDVTNNITN-------------------------------------DMRGEMKN----CSFNI-T-TE--LRD-KK-KKE-YALF-YKLDIVPINENQGNRSNNS------------------------------------------NTSYRLI---SCNTSVI-T---QA, 0.3282, 0
0.347538, -124.6291, 58, POINT, E, VKLTPLCVTLNCTDVTNNITN-------------------------------------EMRGEMKN----CSFNM-T-TE--LRD-KK-KKE-YALF-YKLDIVPINENQGNRSNNS------------------------------------------NTSYRLI---NCNTSTI-T---QA, 0.0868, 1
0.349617, -124.3620, 60, POINT, N, VKLTPLCVTLNCTDVTNNITN-------------------------------------EMNGEMKN----CSFNM-T-TE--LRD-KK-KKE-YALF-YKLDIVPINENQGNRSNNS------------------------------------------NTSYRLI---NCNTSTI-T---QA, 0.0868, 0
0.347553, -123.0716, 59, POINT, G, VKLTPLCVTLNCTDVTNNITN-------------------------------------EGRGEMKN----CSFNM-T-TE--LRD-KK-KKE-YALF-YKLDIVPINENQGNRSNNS------------------------------------------NTSYRLI---NCNTSTI-T---QA, 0.0868, 1
0.356238, -115.6705, [74, 79], CHUNK, ['I', 'S'], VKLTPLCVTLNCTDVTNNITN-------------------------------------EGRGEMKN----CSFNI-T-TS--LRD-KK-KKE-YALF-YKLDIVPINENQGNRSNNS------------------------------------------NTSYRLI---NCNTSTI-T---QA, 0.1746, 0
0.354103, -105.0295, [169, 174], CHUNK, ['S', 'V'], VKLTPLCVTLNCTDVTNNITN-------------------------------------EGRGEMKN----CSFNM-T-TE--LRD-KK-KKE-YALF-YKLDIVPINENQGNRSNNS------------------------------------------NTSYRLI---SCNTSVI-T---QA, 0.3909, 0
0.355755, -122.9760, [59, 60, 63], CHUNK, ['E', 'K', 'I'], VKLTPLCVTLNCTDVTNNITN-------------------------------------EEKGEIKN----CSFNM-T-TE--LRD-KK-KKE-YALF-YKLDIVPINENQGNRSNNS------------------------------------------NTSYRLI---NCNTSTI-T---QA, 0.0868, 0
0.357988, -113.1267, [74], CHUNK, ['I'], VKLTPLCVTLNCTDVTNNITN-------------------------------------EGRGEMKN----CSFNI-T-TE--LRD-KK-KKE-YALF-YKLDIVPINENQGNRSNNS------------------------------------------NTSYRLI---NCNTSTI-T---QA, 0.2674, 0
0.363971, -40.0816, [74, 79, 82], CHUNK, ['I', 'N', 'I'], VKLTPLCVTLNCTDVTNNITN-------------------------------------EMRGEMKN----CSFNI-T-TN--IRD-KK-KKE-YALF-YKLDIVPINENQGNRSNNS------------------------------------------NTSYRLI---NCNTSTI-T---QA, 0.2547, 0
0.352973, -126.6834, [59, 60, 63], CHUNK, ['E', 'G', 'I'], VKLTPLCVTLNCTDVTNNITN-------------------------------------EEGGEIKN----CSFNM-T-TE--LRD-KK-KKE-YALF-YKLDIVPINENQGNRSNNS------------------------------------------NTSYRLI---NCNTSTI-T---QA, 0.0868, 0
0.354088, -103.1589, [169, 174], CHUNK, ['S', 'V'], VKLTPLCVTLNCTDVTNNITN-------------------------------------EMRGEMKN----CSFNM-T-TE--LRD-KK-KKE-YALF-YKLDIVPINENQGNRSNNS------------------------------------------NTSYRLI---SCNTSVI-T---QA, 0.3267, 0
0.354088, -105.7862, [169, 174], CHUNK, ['S', 'V'], VKLTPLCVTLNCTDVTNNITN-------------------------------------EMRGEMKN----CSFNM-T-TE--LRD-KK-KKE-YALF-YKLDIVPINENQGNRSNNS------------------------------------------NTSYRLI---SCNTSVI-T---QA, 0.3125, 0
0.352108, -125.4616, [63], CHUNK, ['I'], VKLTPLCVTLNCTDVTNNITN-------------------------------------DMRGEIKN----CSFNM-T-TE--LRD-KK-KKE-YALF-YKLDIVPINENQGNRSNNS------------------------------------------NTSYRLI---NCNTSTI-T---QA, 0.0825, 0
0.349463, -124.1273, 59, POINT, S, VKLTPLCVTLNCTDVTNNITN-------------------------------------DSRGEMKN----CSFNM-T-TE--LRD-KK-KKE-YALF-YKLDIVPINENQGNRSNNS------------------------------------------NTSYRLI---NCNTSTI-T---QA, 0.0825, 0
0.353946, -124.8933, [109, 110, 112, 116], CHUNK, ['N', 'K', 'I', 'D'], VKLTPLCVTLNCTDVTNNITN-------------------------------------DMRGEMKN----CSFNM-T-TE--LRD-KK-KKE-YALF-YKLDIVPINENNKNISNND------------------------------------------NTSYRLI---NCNTSTI-T---QA, 0.0825, 1
0.356966, -124.8408, 102, POINT, V, VKLTPLCVTLNCTDVTNNITN-------------------------------------DMRGEMKN----CSFNM-T-TE--LRD-KK-KKE-YALF-YKLDVVPINENNKNISNND------------------------------------------NTSYRLI---NCNTSTI-T---QA, 0.0825, 0
0.362631, -114.9012, [74, 79], CHUNK, ['I', 'S'], VKLTPLCVTLNCTDVTNNITN-------------------------------------DMRGEMKN----CSFNI-T-TS--LRD-KK-KKE-YALF-YKLDIVPINENNKNISNND------------------------------------------NTSYRLI---NCNTSTI-T---QA, 0.1053, 0
0.358957, -125.2886, 63, POINT, I, VKLTPLCVTLNCTDVTNNITN-------------------------------------DMRGEIKN----CSFNM-T-TE--LRD-KK-KKE-YALF-YKLDIVPINENNKNISNND------------------------------------------NTSYRLI---NCNTSTI-T---QA, 0.0891, 0
0.354358, -124.9201, 59, POINT, D, VKLTPLCVTLNCTDVTNNITN-------------------------------------DDRGEMKN----CSFNM-T-TE--LRD-KK-KKE-YALF-YKLDIVPINENNKNISNND------------------------------------------NTSYRLI---NCNTSTI-T---QA, 0.0839, 0
0.347538, -124.6242, 58, POINT, E, VKLTPLCVTLNCTDVTNNITN-------------------------------------EMRGEMKN----CSFNM-T-TE--LRD-KK-KKE-YALF-YKLDIVPINENQGNRSNNS------------------------------------------NTSYRLI---NCNTSTI-T---QA, 0.0825, 1
0.352651, -109.9033, [174], CHUNK, ['V'], VKLTPLCVTLNCTDVTNNITN-------------------------------------EMRGEMKN----CSFNM-T-TE--LRD-KK-KKE-YALF-YKLDIVPINENQGNRSNNS------------------------------------------NTSYRLI---NCNTSVI-T---QA, 0.3310, 0
0.357973, -113.5430, 74, POINT, I, VKLTPLCVTLNCTDVTNNITN-------------------------------------EMRGEMKN----CSFNI-T-TE--LRD-KK-KKE-YALF-YKLDIVPINENQGNRSNNS------------------------------------------NTSYRLI---NCNTSTI-T---QA, 0.2036, 0
0.354088, -102.6462, [169, 174], CHUNK, ['S', 'V'], VKLTPLCVTLNCTDVTNNITN-------------------------------------EMRGEMKN----CSFNM-T-TE--LRD-KK-KKE-YALF-YKLDIVPINENQGNRSNNS------------------------------------------NTSYRLI---SCNTSVI-T---QA, 0.1644, 0
0.350758, -123.1010, 18, POINT, T, VKLTPLCVTLNCTDVTNNTTN-------------------------------------EMRGEMKN----CSFNM-T-TE--LRD-KK-KKE-YALF-YKLDIVPINENQGNRSNNS------------------------------------------NTSYRLI---NCNTSTI-T---QA, 0.0825, 0
0.351908, -113.0124, 74, POINT, V, VKLTPLCVTLNCTDVTNNITN-------------------------------------DMRGEMKN----CSFNV-T-TE--LRD-KK-KKE-YALF-YKLDIVPINENQGNRSNNS------------------------------------------NTSYRLI---NCNTSTI-T---QA, 0.1606, 0
0.357531, -119.0056, [74], CHUNK, ['I'], VKLTPLCVTLNCTDVTNNITN-------------------------------------DMRGEMKN----CSFNI-T-TE--LRD-KK-KKE-YALF-YKLDIVPINENQGNRSNNS------------------------------------------NTSYRLI---NCNTSTI-T---QA, 0.0875, 0
0.357531, -115.6937, [74], CHUNK, ['I'], VKLTPLCVTLNCTDVTNNITN-------------------------------------DMRGEMKN----CSFNI-T-TE--LRD-KK-KKE-YALF-YKLDIVPINENQGNRSNNS------------------------------------------NTSYRLI---NCNTSTI-T---QA, 0.2613, 0
0.353647, -113.0384, [169, 174], CHUNK, ['S', 'V'], VKLTPLCVTLNCTDVTNNITN-------------------------------------DMRGEMKN----CSFNM-T-TE--LRD-KK-KKE-YALF-YKLDIVPINENQGNRSNNS------------------------------------------NTSYRLI---SCNTSVI-T---QA, 0.3845, 0
0.341336, -126.8673, 94, POINT, A, VKLTPLCVTLNCTDVTNNITN-------------------------------------DMRGEMKN----CSFNM-T-TE--LRD-KK-QKV-YALF-YKLDIVPINENQGNRSNNS------------------------------------------NTSYRLI---NCNTSTI-T---QA, 0.0825, 1
0.351771, -91.3819, [74], CHUNK, ['I'], VKLTPLCVTLNCTDVTNNITN-------------------------------------DMRGEMKN----CSFNI-T-TE--LRD-KK-QKV-YALF-YKLDIVPINENQGNRSNNS------------------------------------------NTSYRLI---NCNTSTI-T---QA, 0.5638, 0
0.351771, -88.1778, [74], CHUNK, ['I'], VKLTPLCVTLNCTDVTNNITN-------------------------------------DMRGEMKN----CSFNI-T-TE--LRD-KK-QKV-YALF-YKLDIVPINENQGNRSNNS------------------------------------------NTSYRLI---NCNTSTI-T---QA, 0.5371, 0
0.343843, -126.7195, 13, POINT, N, VKLTPLCVTLNCTNVTNNITN-------------------------------------DMRGEMKN----CSFNM-T-TE--LRD-KK-QKV-YALF-YKLDIVPINENQGNRSNNS------------------------------------------NTSYRLI---NCNTSTI-T---QA, 0.0825, 1
0.354279, -79.0185, [74], CHUNK, ['I'], VKLTPLCVTLNCTNVTNNITN-------------------------------------DMRGEMKN----CSFNI-T-TE--LRD-KK-QKV-YALF-YKLDIVPINENQGNRSNNS------------------------------------------NTSYRLI---NCNTSTI-T---QA, 0.3439, 0
0.345407, -127.5364, 110, POINT, K, VKLTPLCVTLNCTNVTNNITN-------------------------------------DMRGEMKN----CSFNM-T-TE--LRD-KK-QKV-YALF-YKLDIVPINENQKNRSNNS------------------------------------------NTSYRLI---NCNTSTI-T---QA, 0.0825, 1
0.350418, -127.8780, [63], CHUNK, ['I'], VKLTPLCVTLNCTNVTNNITN-------------------------------------DMRGEIKN----CSFNM-T-TE--LRD-KK-QKV-YALF-YKLDIVPINENQKNRSNNS------------------------------------------NTSYRLI---NCNTSTI-T---QA, 0.0825, 1
0.361811, -86.2215, 74, POINT, I, VKLTPLCVTLNCTNVTNNITN-------------------------------------DMRGEIKN----CSFNI-T-TE--LRD-KK-QKV-YALF-YKLDIVPINENQKNRSNNS------------------------------------------NTSYRLI---NCNTSTI-T---QA, 0.6898, 0
0.351367, -128.2849, 59, POINT, E, VKLTPLCVTLNCTNVTNNITN-------------------------------------DERGEIKN----CSFNM-T-TE--LRD-KK-QKV-YALF-YKLDIVPINENQKNRSNNS------------------------------------------NTSYRLI---NCNTSTI-T---QA, 0.1022, 1
0.357425, -126.7582, 91, POINT, E, VKLTPLCVTLNCTNVTNNITN-------------------------------------DERGEIKN----CSFNM-T-TE--LRD-KK-QKE-YALF-YKLDIVPINENQKNRSNNS------------------------------------------NTSYRLI---NCNTSTI-T---QA, 0.1022, 1
0.359588, -7.9735, 82, POINT, I, VKLTPLCVTLNCTNVTNNITN-------------------------------------DERGEIKN----CSFNM-T-TE--IRD-KK-QKE-YALF-YKLDIVPINENQKNRSNNS------------------------------------------NTSYRLI---NCNTSTI-T---QA, 0.3036, 0
0.363976, -108.5331, [169, 174], CHUNK, ['S', 'V'], VKLTPLCVTLNCTNVTNNITN-------------------------------------DERGEIKN----CSFNM-T-TE--LRD-KK-QKE-YALF-YKLDIVPINENQKNRSNNS------------------------------------------NTSYRLI---SCNTSVI-T---QA, 0.1754, 0
0.359687, -126.4859, 59, POINT, N, VKLTPLCVTLNCTNVTNNITN-------------------------------------DNRGEIKN----CSFNM-T-TE--LRD-KK-QKE-YALF-YKLDIVPINENQKNRSNNS------------------------------------------NTSYRLI---NCNTSTI-T---QA, 0.1022, 0
0.360354, -126.7292, 102, POINT, V, VKLTPLCVTLNCTNVTNNITN-------------------------------------DERGEIKN----CSFNM-T-TE--LRD-KK-QKE-YALF-YKLDVVPINENQKNRSNNS------------------------------------------NTSYRLI---NCNTSTI-T---QA, 0.1022, 0
0.354228, -126.5803, 18, POINT, N, VKLTPLCVTLNCTNVTNNNTN-------------------------------------DERGEIKN----CSFNM-T-TE--LRD-KK-QKV-YALF-YKLDIVPINENQKNRSNNS------------------------------------------NTSYRLI---NCNTSTI-T---QA, 0.1022, 0
0.362760, -97.3948, [74], CHUNK, ['I'], VKLTPLCVTLNCTNVTNNITN-------------------------------------DERGEIKN----CSFNI-T-TE--LRD-KK-QKV-YALF-YKLDIVPINENQKNRSNNS------------------------------------------NTSYRLI---NCNTSTI-T---QA, 0.5309, 0
0.353974, -127.0295, 59, POINT, T, VKLTPLCVTLNCTNVTNNITN-------------------------------------DTRGEIKN----CSFNM-T-TE--LRD-KK-QKV-YALF-YKLDIVPINENQKNRSNNS------------------------------------------NTSYRLI---NCNTSTI-T---QA, 0.0975, 0
0.362760, -86.9213, [74], CHUNK, ['I'], VKLTPLCVTLNCTNVTNNITN-------------------------------------DERGEIKN----CSFNI-T-TE--LRD-KK-QKV-YALF-YKLDIVPINENQKNRSNNS------------------------------------------NTSYRLI---NCNTSTI-T---QA, 0.7511, 0
0.355062, -111.4523, 74, POINT, V, VKLTPLCVTLNCTNVTNNITN-------------------------------------DMRGEIKN----CSFNV-T-TE--LRD-KK-QKV-YALF-YKLDIVPINENQKNRSNNS------------------------------------------NTSYRLI---NCNTSTI-T---QA, 0.2095, 0
0.351979, -126.7423, 18, POINT, S, VKLTPLCVTLNCTNVTNNSTN-------------------------------------DMRGEIKN----CSFNM-T-TE--LRD-KK-QKV-YALF-YKLDIVPINENQKNRSNNS------------------------------------------NTSYRLI---NCNTSTI-T---QA, 0.0682, 1
0.361312, 16.3890, [74, 79, 82], CHUNK, ['I', 'D', 'I'], VKLTPLCVTLNCTNVTNNSTN-------------------------------------DMRGEIKN----CSFNI-T-TD--IRD-KK-QKV-YALF-YKLDIVPINENQKNRSNNS------------------------------------------NTSYRLI---NCNTSTI-T---QA, 0.4488, 0
0.353652, -20.6261, 82, POINT, I, VKLTPLCVTLNCTNVTNNSTN-------------------------------------DMRGEIKN----CSFNM-T-TE--IRD-KK-QKV-YALF-YKLDIVPINENQKNRSNNS------------------------------------------NTSYRLI---NCNTSTI-T---QA, 0.3132, 0
0.358037, -125.4235, 91, POINT, E, VKLTPLCVTLNCTNVTNNSTN-------------------------------------DMRGEIKN----CSFNM-T-TE--LRD-KK-QKE-YALF-YKLDIVPINENQKNRSNNS------------------------------------------NTSYRLI---NCNTSTI-T---QA, 0.0669, 1
0.360052, -124.7525, 58, POINT, S, VKLTPLCVTLNCTNVTNNSTN-------------------------------------SMRGEIKN----CSFNM-T-TE--LRD-KK-QKE-YALF-YKLDIVPINENQKNRSNNS------------------------------------------NTSYRLI---NCNTSTI-T---QA, 0.0615, 0
0.360966, -125.3901, 102, POINT, V, VKLTPLCVTLNCTNVTNNSTN-------------------------------------DMRGEIKN----CSFNM-T-TE--LRD-KK-QKE-YALF-YKLDVVPINENQKNRSNNS------------------------------------------NTSYRLI---NCNTSTI-T---QA, 0.0669, 0
0.361500, -5.3729, [82, 87], CHUNK, ['I', 'V'], VKLTPLCVTLNCTNVTNNSTN-------------------------------------DMRGEIKN----CSFNM-T-TE--IRD-KV-QKE-YALF-YKLDIVPINENQKNRSNNS------------------------------------------NTSYRLI---NCNTSTI-T---QA, 0.1326, 0
0.369430, -115.0345, [74], CHUNK, ['I'], VKLTPLCVTLNCTNVTNNSTN-------------------------------------DMRGEIKN----CSFNI-T-TE--LRD-KK-QKE-YALF-YKLDIVPINENQKNRSNNS------------------------------------------NTSYRLI---NCNTSTI-T---QA, 0.1874, 0
0.361179, -127.1757, [102, 106, 107, 108, 109, 110], CHUNK, ['V', 'D', 'N', 'D', 'D', 'N'], VKLTPLCVTLNCTNVTNNSTN-------------------------------------DMRGEIKN----CSFNM-T-TE--LRD-KK-QKV-YALF-YKLDVVPIDNDDNNRSNNS------------------------------------------NTSYRLI---NCNTSTI-T---QA, 0.0596, 1
0.366292, -111.2052, [174], CHUNK, ['V'], VKLTPLCVTLNCTNVTNNSTN-------------------------------------DMRGEIKN----CSFNM-T-TE--LRD-KK-QKV-YALF-YKLDVVPIDNDDNNRSNNS------------------------------------------NTSYRLI---NCNTSVI-T---QA, 0.0993, 0
0.367729, -104.9152, [169, 174], CHUNK, ['S', 'V'], VKLTPLCVTLNCTNVTNNSTN-------------------------------------DMRGEIKN----CSFNM-T-TE--LRD-KK-QKV-YALF-YKLDVVPIDNDDNNRSNNS------------------------------------------NTSYRLI---SCNTSVI-T---QA, 0.3161, 0
0.372572, -103.1542, [74], CHUNK, ['I'], VKLTPLCVTLNCTNVTNNSTN-------------------------------------DMRGEIKN----CSFNI-T-TE--LRD-KK-QKV-YALF-YKLDVVPIDNDDNNRSNNS------------------------------------------NTSYRLI---NCNTSTI-T---QA, 0.3634, 0
0.364499, -124.3859, 58, POINT, T, VKLTPLCVTLNCTNVTNNSTN-------------------------------------TMRGEIKN----CSFNM-T-TE--LRD-KK-QKV-YALF-YKLDVVPIDNDDNNRSNNS------------------------------------------NTSYRLI---NCNTSTI-T---QA, 0.0596, 1
0.375892, -80.4269, [74], CHUNK, ['I'], VKLTPLCVTLNCTNVTNNSTN-------------------------------------TMRGEIKN----CSFNI-T-TE--LRD-KK-QKV-YALF-YKLDVVPIDNDDNNRSNNS------------------------------------------NTSYRLI---NCNTSTI-T---QA, 0.5056, 0
0.371049, -107.7628, [169, 174], CHUNK, ['S', 'V'], VKLTPLCVTLNCTNVTNNSTN-------------------------------------TMRGEIKN----CSFNM-T-TE--LRD-KK-QKV-YALF-YKLDVVPIDNDDNNRSNNS------------------------------------------NTSYRLI---SCNTSVI-T---QA, 0.2909, 0
0.371671, 2.4428, [74, 82], CHUNK, ['V', 'I'], VKLTPLCVTLNCTNVTNNSTN-------------------------------------TMRGEIKN----CSFNV-T-TE--IRD-KK-QKV-YALF-YKLDVVPIDNDDNNRSNNS------------------------------------------NTSYRLI---NCNTSTI-T---QA, 0.3368, 0
0.371049, -109.8605, [169, 174], CHUNK, ['S', 'V'], VKLTPLCVTLNCTNVTNNSTN-------------------------------------TMRGEIKN----CSFNM-T-TE--LRD-KK-QKV-YALF-YKLDVVPIDNDDNNRSNNS------------------------------------------NTSYRLI---SCNTSVI-T---QA, 0.2597, 0
0.370787, -94.4902, [74, 79], CHUNK, ['I', 'S'], VKLTPLCVTLNCTNVTNNSTN-------------------------------------DMRGEIKN----CSFNI-T-TS--LRD-KK-QKV-YALF-YKLDVVPIDNDDNNRSNNS------------------------------------------NTSYRLI---NCNTSTI-T---QA, 0.9094, 0
0.365251, -122.9118, 74, POINT, T, VKLTPLCVTLNCTNVTNNSTN-------------------------------------DMRGEIKN----CSFNT-T-TE--LRD-KK-QKV-YALF-YKLDVVPIDNDDNNRSNNS------------------------------------------NTSYRLI---NCNTSTI-T---QA, 0.0596, 0
0.364499, -124.4334, 58, POINT, T, VKLTPLCVTLNCTNVTNNSTN-------------------------------------TMRGEIKN----CSFNM-T-TE--LRD-KK-QKV-YALF-YKLDVVPIDNDDNNRSNNS------------------------------------------NTSYRLI---NCNTSTI-T---QA, 0.0664, 0
0.361462, -127.0725, 108, POINT, S, VKLTPLCVTLNCTNVTNNSTN-------------------------------------DMRGEIKN----CSFNM-T-TE--LRD-KK-QKV-YALF-YKLDVVPIDNSDNNRSNNS------------------------------------------NTSYRLI---NCNTSTI-T---QA, 0.0596, 1
0.365431, -126.5284, 59, POINT, T, VKLTPLCVTLNCTNVTNNSTN-------------------------------------DTRGEIKN----CSFNM-T-TE--LRD-KK-QKV-YALF-YKLDVVPIDNSDNNRSNNS------------------------------------------NTSYRLI---NCNTSTI-T---QA, 0.0596, 0
0.367519, -125.5470, 91, POINT, E, VKLTPLCVTLNCTNVTNNSTN-------------------------------------DMRGEIKN----CSFNM-T-TE--LRD-KK-QKE-YALF-YKLDVVPIDNSDNNRSNNS------------------------------------------NTSYRLI---NCNTSTI-T---QA, 0.0596, 0
0.372854, -101.9464, [74], CHUNK, ['I'], VKLTPLCVTLNCTNVTNNSTN-------------------------------------DMRGEIKN----CSFNI-T-TE--LRD-KK-QKV-YALF-YKLDVVPIDNSDNNRSNNS------------------------------------------NTSYRLI---NCNTSTI-T---QA, 0.4440, 0
0.362415, -121.9719, 58, POINT, I, VKLTPLCVTLNCTNVTNNSTN-------------------------------------IMRGEIKN----CSFNM-T-TE--LRD-KK-QKV-YALF-YKLDVVPIDNSDNNRSNNS------------------------------------------NTSYRLI---NCNTSTI-T---QA, 0.1235, 1
0.367528, -108.3937, [174], CHUNK, ['V'], VKLTPLCVTLNCTNVTNNSTN-------------------------------------IMRGEIKN----CSFNM-T-TE--LRD-KK-QKV-YALF-YKLDVVPIDNSDNNRSNNS------------------------------------------NTSYRLI---NCNTSVI-T---QA, 0.1781, 0
0.364087, -2.2668, 82, POINT, I, VKLTPLCVTLNCTNVTNNSTN-------------------------------------IMRGEIKN----CSFNM-T-TE--IRD-KK-QKV-YALF-YKLDVVPIDNSDNNRSNNS------------------------------------------NTSYRLI---NCNTSTI-T---QA, 0.3048, 0
0.373807, -80.2650, 74, POINT, I, VKLTPLCVTLNCTNVTNNSTN-------------------------------------IMRGEIKN----CSFNI-T-TE--LRD-KK-QKV-YALF-YKLDVVPIDNSDNNRSNNS------------------------------------------NTSYRLI---NCNTSTI-T---QA, 0.5296, 0
0.364087, -6.5482, 82, POINT, I, VKLTPLCVTLNCTNVTNNSTN-------------------------------------IMRGEIKN----CSFNM-T-TE--IRD-KK-QKV-YALF-YKLDVVPIDNSDNNRSNNS------------------------------------------NTSYRLI---NCNTSTI-T---QA, 0.1572, 0
0.367519, -125.5470, 91, POINT, E, VKLTPLCVTLNCTNVTNNSTN-------------------------------------DMRGEIKN----CSFNM-T-TE--LRD-KK-QKE-YALF-YKLDVVPIDNSDNNRSNNS------------------------------------------NTSYRLI---NCNTSTI-T---QA, 0.0596, 1
0.372164, -116.6723, 74, POINT, V, VKLTPLCVTLNCTNVTNNSTN-------------------------------------DMRGEIKN----CSFNV-T-TE--LRD-KK-QKE-YALF-YKLDVVPIDNSDNNRSNNS------------------------------------------NTSYRLI---NCNTSTI-T---QA, 0.1836, 0
0.378912, -107.2847, [74], CHUNK, ['I'], VKLTPLCVTLNCTNVTNNSTN-------------------------------------DMRGEIKN----CSFNI-T-TE--LRD-KK-QKE-YALF-YKLDVVPIDNSDNNRSNNS------------------------------------------NTSYRLI---NCNTSTI-T---QA, 0.2994, 0
0.378912, -117.1836, [74], CHUNK, ['I'], VKLTPLCVTLNCTNVTNNSTN-------------------------------------DMRGEIKN----CSFNI-T-TE--LRD-KK-QKE-YALF-YKLDVVPIDNSDNNRSNNS------------------------------------------NTSYRLI---NCNTSTI-T---QA, 0.1127, 0
0.377292, -115.2500, [74, 79], CHUNK, ['I', 'S'], VKLTPLCVTLNCTNVTNNSTN-------------------------------------DMRGEIKN----CSFNI-T-TS--LRD-KK-QKE-YALF-YKLDVVPIDNSDNNRSNNS------------------------------------------NTSYRLI---NCNTSTI-T---QA, 0.1876, 1
0.380612, -114.0441, 58, POINT, T, VKLTPLCVTLNCTNVTNNSTN-------------------------------------TMRGEIKN----CSFNI-T-TS--LRD-KK-QKE-YALF-YKLDVVPIDNSDNNRSNNS------------------------------------------NTSYRLI---NCNTSTI-T---QA, 0.1886, 0
0.379985, -109.8289, [60], CHUNK, ['T'], VKLTPLCVTLNCTNVTNNSTN-------------------------------------DMTGEIKN----CSFNI-T-TS--LRD-KK-QKE-YALF-YKLDVVPIDNSDNNRSNNS------------------------------------------NTSYRLI---NCNTSTI-T---QA, 0.1876, 0
0.383842, -99.9613, [169, 174], CHUNK, ['S', 'V'], VKLTPLCVTLNCTNVTNNSTN-------------------------------------DMRGEIKN----CSFNI-T-TS--LRD-KK-QKE-YALF-YKLDVVPIDNSDNNRSNNS------------------------------------------NTSYRLI---SCNTSVI-T---QA, 0.2646, 0
0.383842, -95.6054, [169, 174], CHUNK, ['S', 'V'], VKLTPLCVTLNCTNVTNNSTN-------------------------------------DMRGEIKN----CSFNI-T-TS--LRD-KK-QKE-YALF-YKLDVVPIDNSDNNRSNNS------------------------------------------NTSYRLI---SCNTSVI-T---QA, 0.2104, 0
0.378912, -107.7571, [74], CHUNK, ['I'], VKLTPLCVTLNCTNVTNNSTN-------------------------------------DMRGEIKN----CSFNI-T-TE--LRD-KK-QKE-YALF-YKLDVVPIDNSDNNRSNNS------------------------------------------NTSYRLI---NCNTSTI-T---QA, 0.3582, 0
0.369506, -125.4014, 108, POINT, N, VKLTPLCVTLNCTNVTNNSTN-------------------------------------DMRGEIKN----CSFNM-T-TE--LRD-KK-QKE-YALF-YKLDVVPIDNNDNNRSNNS------------------------------------------NTSYRLI---NCNTSTI-T---QA, 0.0596, 0
0.378912, -118.9798, [74], CHUNK, ['I'], VKLTPLCVTLNCTNVTNNSTN-------------------------------------DMRGEIKN----CSFNI-T-TE--LRD-KK-QKE-YALF-YKLDVVPIDNSDNNRSNNS------------------------------------------NTSYRLI---NCNTSTI-T---QA, 0.1423, 1
0.382882, -119.7342, 59, POINT, T, VKLTPLCVTLNCTNVTNNSTN-------------------------------------DTRGEIKN----CSFNI-T-TE--LRD-KK-QKE-YALF-YKLDVVPIDNSDNNRSNNS------------------------------------------NTSYRLI---NCNTSTI-T---QA, 0.2240, 0
0.380052, -117.9722, 18, POINT, N, VKLTPLCVTLNCTNVTNNNTN-------------------------------------DMRGEIKN----CSFNI-T-TE--LRD-KK-QKE-YALF-YKLDVVPIDNSDNNRSNNS------------------------------------------NTSYRLI---NCNTSTI-T---QA, 0.1423, 1
0.385270, -11.3268, [82, 87], CHUNK, ['I', 'V'], VKLTPLCVTLNCTNVTNNNTN-------------------------------------DMRGEIKN----CSFNI-T-TE--IRD-KV-QKE-YALF-YKLDVVPIDNSDNNRSNNS------------------------------------------NTSYRLI---NCNTSTI-T---QA, 0.2336, 0
0.386602, -102.5495, [169, 174], CHUNK, ['S', 'V'], VKLTPLCVTLNCTNVTNNNTN-------------------------------------DMRGEIKN----CSFNI-T-TE--LRD-KK-QKE-YALF-YKLDVVPIDNSDNNRSNNS------------------------------------------NTSYRLI---SCNTSVI-T---QA, 0.3639, 0
0.382038, -117.9377, 108, POINT, N, VKLTPLCVTLNCTNVTNNNTN-------------------------------------DMRGEIKN----CSFNI-T-TE--LRD-KK-QKE-YALF-YKLDVVPIDNNDNNRSNNS------------------------------------------NTSYRLI---NCNTSTI-T---QA, 0.1502, 0
0.386602, -108.0695, [169, 174], CHUNK, ['S', 'V'], VKLTPLCVTLNCTNVTNNNTN-------------------------------------DMRGEIKN----CSFNI-T-TE--LRD-KK-QKE-YALF-YKLDVVPIDNSDNNRSNNS------------------------------------------NTSYRLI---SCNTSVI-T---QA, 0.3211, 0
0.385463, -101.2504, [169, 174], CHUNK, ['S', 'V'], VKLTPLCVTLNCTNVTNNSTN-------------------------------------DMRGEIKN----CSFNI-T-TE--LRD-KK-QKE-YALF-YKLDVVPIDNSDNNRSNNS------------------------------------------NTSYRLI---SCNTSVI-T---QA, 0.1903, 0
0.384025, -103.2307, [174], CHUNK, ['V'], VKLTPLCVTLNCTNVTNNSTN-------------------------------------DMRGEIKN----CSFNI-T-TE--LRD-KK-QKE-YALF-YKLDVVPIDNSDNNRSNNS------------------------------------------NTSYRLI---NCNTSVI-T---QA, 0.2492, 0
0.384025, -105.7779, [174], CHUNK, ['V'], VKLTPLCVTLNCTNVTNNSTN-------------------------------------DMRGEIKN----CSFNI-T-TE--LRD-KK-QKE-YALF-YKLDVVPIDNSDNNRSNNS------------------------------------------NTSYRLI---NCNTSVI-T---QA, 0.3503, 0
0.380899, -119.6103, 108, POINT, N, VKLTPLCVTLNCTNVTNNSTN-------------------------------------DMRGEIKN----CSFNI-T-TE--LRD-KK-QKE-YALF-YKLDVVPIDNNDNNRSNNS------------------------------------------NTSYRLI---NCNTSTI-T---QA, 0.1296, 0
0.372633, -108.9917, [174], CHUNK, ['V'], VKLTPLCVTLNCTNVTNNSTN-------------------------------------DMRGEIKN----CSFNM-T-TE--LRD-KK-QKE-YALF-YKLDVVPIDNSDNNRSNNS------------------------------------------NTSYRLI---NCNTSVI-T---QA, 0.3358, 0
0.371592, -122.5614, 74, POINT, T, VKLTPLCVTLNCTNVTNNSTN-------------------------------------DMRGEIKN----CSFNT-T-TE--LRD-KK-QKE-YALF-YKLDVVPIDNSDNNRSNNS------------------------------------------NTSYRLI---NCNTSTI-T---QA, 0.0596, 0
0.378912, -115.0313, 74, POINT, I, VKLTPLCVTLNCTNVTNNSTN-------------------------------------DMRGEIKN----CSFNI-T-TE--LRD-KK-QKE-YALF-YKLDVVPIDNSDNNRSNNS------------------------------------------NTSYRLI---NCNTSTI-T---QA, 0.1907, 0
0.378912, -109.6752, 74, POINT, I, VKLTPLCVTLNCTNVTNNSTN-------------------------------------DMRGEIKN----CSFNI-T-TE--LRD-KK-QKE-YALF-YKLDVVPIDNSDNNRSNNS------------------------------------------NTSYRLI---NCNTSTI-T---QA, 0.1622, 0
0.367519, -125.5470, [91], CHUNK, ['E'], VKLTPLCVTLNCTNVTNNSTN-------------------------------------DMRGEIKN----CSFNM-T-TE--LRD-KK-QKE-YALF-YKLDVVPIDNSDNNRSNNS------------------------------------------NTSYRLI---NCNTSTI-T---QA, 0.0596, 1
0.378912, -114.9199, 74, POINT, I, VKLTPLCVTLNCTNVTNNSTN-------------------------------------DMRGEIKN----CSFNI-T-TE--LRD-KK-QKE-YALF-YKLDVVPIDNSDNNRSNNS------------------------------------------NTSYRLI---NCNTSTI-T---QA, 0.1891, 0
0.378912, -119.5150, 74, POINT, I, VKLTPLCVTLNCTNVTNNSTN-------------------------------------DMRGEIKN----CSFNI-T-TE--LRD-KK-QKE-YALF-YKLDVVPIDNSDNNRSNNS------------------------------------------NTSYRLI---NCNTSTI-T---QA, 0.1226, 0
0.378912, -113.9545, [74], CHUNK, ['I'], VKLTPLCVTLNCTNVTNNSTN-------------------------------------DMRGEIKN----CSFNI-T-TE--LRD-KK-QKE-YALF-YKLDVVPIDNSDNNRSNNS------------------------------------------NTSYRLI---NCNTSTI-T---QA, 0.1565, 0
0.369037, -125.3426, 18, POINT, T, VKLTPLCVTLNCTNVTNNTTN-------------------------------------DMRGEIKN----CSFNM-T-TE--LRD-KK-QKE-YALF-YKLDVVPIDNSDNNRSNNS------------------------------------------NTSYRLI---NCNTSTI-T---QA, 0.0596, 0
0.372854, -81.4643, [74], CHUNK, ['I'], VKLTPLCVTLNCTNVTNNSTN-------------------------------------DMRGEIKN----CSFNI-T-TE--LRD-KK-QKV-YALF-YKLDVVPIDNSDNNRSNNS------------------------------------------NTSYRLI---NCNTSTI-T---QA, 0.5110, 0
0.372854, -87.2365, [74], CHUNK, ['I'], VKLTPLCVTLNCTNVTNNSTN-------------------------------------DMRGEIKN----CSFNI-T-TE--LRD-KK-QKV-YALF-YKLDVVPIDNSDNNRSNNS------------------------------------------NTSYRLI---NCNTSTI-T---QA, 0.4943, 0
0.363134, -33.9606, 82, POINT, I, VKLTPLCVTLNCTNVTNNSTN-------------------------------------DMRGEIKN----CSFNM-T-TE--IRD-KK-QKV-YALF-YKLDVVPIDNSDNNRSNNS------------------------------------------NTSYRLI---NCNTSTI-T---QA, 0.3041, 0
0.362119, -127.3019, 106, POINT, N, VKLTPLCVTLNCTNVTNNSTN-------------------------------------DMRGEIKN----CSFNM-T-TE--LRD-KK-QKV-YALF-YKLDVVPINNSDNNRSNNS------------------------------------------NTSYRLI---NCNTSTI-T---QA, 0.0608, 1
0.367879, -125.5423, [89, 91], CHUNK, ['K', 'E'], VKLTPLCVTLNCTNVTNNSTN-------------------------------------DMRGEIKN----CSFNM-T-TE--LRD-KK-KKE-YALF-YKLDVVPINNSDNNRSNNS------------------------------------------NTSYRLI---NCNTSTI-T---QA, 0.0608, 0
0.363258, -126.3025, 18, POINT, N, VKLTPLCVTLNCTNVTNNNTN-------------------------------------DMRGEIKN----CSFNM-T-TE--LRD-KK-QKV-YALF-YKLDVVPINNSDNNRSNNS------------------------------------------NTSYRLI---NCNTSTI-T---QA, 0.0608, 0
0.373512, -86.0099, [74], CHUNK, ['I'], VKLTPLCVTLNCTNVTNNSTN-------------------------------------DMRGEIKN----CSFNI-T-TE--LRD-KK-QKV-YALF-YKLDVVPINNSDNNRSNNS------------------------------------------NTSYRLI---NCNTSTI-T---QA, 0.5156, 0
0.365439, -124.8755, 58, POINT, T, VKLTPLCVTLNCTNVTNNSTN-------------------------------------TMRGEIKN----CSFNM-T-TE--LRD-KK-QKV-YALF-YKLDVVPINNSDNNRSNNS------------------------------------------NTSYRLI---NCNTSTI-T---QA, 0.0649, 0
0.366613, -124.7958, [87, 89, 91], CHUNK, ['V', 'K', 'E'], VKLTPLCVTLNCTNVTNNSTN-------------------------------------DMRGEIKN----CSFNM-T-TE--LRD-KV-KKE-YALF-YKLDVVPIDNSDNNRSNNS------------------------------------------NTSYRLI---NCNTSTI-T---QA, 0.0596, 1
0.367222, -125.2807, 87, POINT, K, VKLTPLCVTLNCTNVTNNSTN-------------------------------------DMRGEIKN----CSFNM-T-TE--LRD-KK-KKE-YALF-YKLDVVPIDNSDNNRSNNS------------------------------------------NTSYRLI---NCNTSTI-T---QA, 0.0839, 1
0.372335, -111.9815, [174], CHUNK, ['V'], VKLTPLCVTLNCTNVTNNSTN-------------------------------------DMRGEIKN----CSFNM-T-TE--LRD-KK-KKE-YALF-YKLDVVPIDNSDNNRSNNS------------------------------------------NTSYRLI---NCNTSVI-T---QA, 0.2037, 0
0.367519, -125.5719, 89, POINT, Q, VKLTPLCVTLNCTNVTNNSTN-------------------------------------DMRGEIKN----CSFNM-T-TE--LRD-KK-QKE-YALF-YKLDVVPIDNSDNNRSNNS------------------------------------------NTSYRLI---NCNTSTI-T---QA, 0.0807, 0
0.371866, -108.9585, 74, POINT, V, VKLTPLCVTLNCTNVTNNSTN-------------------------------------DMRGEIKN----CSFNV-T-TE--LRD-KK-KKE-YALF-YKLDVVPIDNSDNNRSNNS------------------------------------------NTSYRLI---NCNTSTI-T---QA, 0.1390, 0
0.382407, -41.9958, [74, 79, 82], CHUNK, ['I', 'S', 'I'], VKLTPLCVTLNCTNVTNNSTN-------------------------------------DMRGEIKN----CSFNI-T-TS--IRD-KK-KKE-YALF-YKLDVVPIDNSDNNRSNNS------------------------------------------NTSYRLI---NCNTSTI-T---QA, 0.3062, 0
0.369319, -13.6140, 82, POINT, I, VKLTPLCVTLNCTNVTNNSTN-------------------------------------DMRGEIKN----CSFNM-T-TE--IRD-KV-KKE-YALF-YKLDVVPIDNSDNNRSNNS------------------------------------------NTSYRLI---NCNTSTI-T---QA, 0.2802, 0
0.367339, -124.4079, 58, POINT, E, VKLTPLCVTLNCTNVTNNSTN-------------------------------------EMRGEIKN----CSFNM-T-TE--LRD-KV-KKE-YALF-YKLDVVPIDNSDNNRSNNS------------------------------------------NTSYRLI---NCNTSTI-T---QA, 0.0605, 0
0.367801, -125.4333, 89, POINT, Q, VKLTPLCVTLNCTNVTNNSTN-------------------------------------DMRGEIKN----CSFNM-T-TE--LRD-KV-QKE-YALF-YKLDVVPIDNSDNNRSNNS------------------------------------------NTSYRLI---NCNTSTI-T---QA, 0.0796, 0
0.373164, -102.2499, [169, 174], CHUNK, ['S', 'V'], VKLTPLCVTLNCTNVTNNSTN-------------------------------------DMRGEIKN----CSFNM-T-TE--LRD-KV-KKE-YALF-YKLDVVPIDNSDNNRSNNS------------------------------------------NTSYRLI---SCNTSVI-T---QA, 0.3499, 0
0.366575, -110.0879, 174, POINT, V, VKLTPLCVTLNCTNVTNNSTN-------------------------------------DMRGEIKN----CSFNM-T-TE--LRD-KK-QKV-YALF-YKLDVVPIDNSDNNRSNNS------------------------------------------NTSYRLI---NCNTSVI-T---QA, 0.2322, 0
0.366106, -111.0780, 74, POINT, V, VKLTPLCVTLNCTNVTNNSTN-------------------------------------DMRGEIKN----CSFNV-T-TE--LRD-KK-QKV-YALF-YKLDVVPIDNSDNNRSNNS------------------------------------------NTSYRLI---NCNTSTI-T---QA, 0.3234, 0
0.362119, -127.2484, 106, POINT, N, VKLTPLCVTLNCTNVTNNSTN-------------------------------------DMRGEIKN----CSFNM-T-TE--LRD-KK-QKV-YALF-YKLDVVPINNSDNNRSNNS------------------------------------------NTSYRLI---NCNTSTI-T---QA, 0.0596, 0
0.372854, -81.2163, 74, POINT, I, VKLTPLCVTLNCTNVTNNSTN-------------------------------------DMRGEIKN----CSFNI-T-TE--LRD-KK-QKV-YALF-YKLDVVPIDNSDNNRSNNS------------------------------------------NTSYRLI---NCNTSTI-T---QA, 0.5262, 0
0.367237, -125.6501, 91, POINT, E, VKLTPLCVTLNCTNVTNNSTN-------------------------------------DMRGEIKN----CSFNM-T-TE--LRD-KK-QKE-YALF-YKLDVVPIDNDDNNRSNNS------------------------------------------NTSYRLI---NCNTSTI-T---QA, 0.0596, 0
0.367237, -125.6501, 91, POINT, E, VKLTPLCVTLNCTNVTNNSTN-------------------------------------DMRGEIKN----CSFNM-T-TE--LRD-KK-QKE-YALF-YKLDVVPIDNDDNNRSNNS------------------------------------------NTSYRLI---NCNTSTI-T---QA, 0.0596, 0
0.366292, -113.0131, 174, POINT, V, VKLTPLCVTLNCTNVTNNSTN-------------------------------------DMRGEIKN----CSFNM-T-TE--LRD-KK-QKV-YALF-YKLDVVPIDNDDNNRSNNS------------------------------------------NTSYRLI---NCNTSVI-T---QA, 0.1646, 0
0.362132, -122.0341, 58, POINT, I, VKLTPLCVTLNCTNVTNNSTN-------------------------------------IMRGEIKN----CSFNM-T-TE--LRD-KK-QKV-YALF-YKLDVVPIDNDDNNRSNNS------------------------------------------NTSYRLI---NCNTSTI-T---QA, 0.1004, 0
