Name base = V1V2_10000_sq_6_6_0.01_ni
Iters = 10000
Soft coverage = 1.31203964383
Energy = -128.717377515
Hard Covereage = 0.0368019545157
Num epitopes = 65
Initial seq = VKLTPLCVTLQCTNVTNNITD-------------------------------------DMRGELKN----CSFNM-T-TE--LRD-KK-QKV-YSLF-YRLDVVQINENQGNRSNNS------------------------------------------NKEYRLI---NCNTSAI-T---QA
-------START OF DATA------
1.317518, -125.1089, [71, 74], CHUNK, ['T', 'A'], VKLTPLCVTLQCTNVTNNITD-------------------------------------DMRGELKN----CTFNA-T-TE--LRD-KK-QKV-YSLF-YRLDVVQINENQGNRSNNS------------------------------------------NKEYRLI---NCNTSAI-T---QA, 0.0000, 1, 0.036802
1.329205, -62.3146, [71, 74], CHUNK, ['S', 'I'], VKLTPLCVTLQCTNVTNNITD-------------------------------------DMRGELKN----CSFNI-T-TE--LRD-KK-QKV-YSLF-YRLDVVQINENQGNRSNNS------------------------------------------NKEYRLI---NCNTSAI-T---QA, 1.0782, 1, 0.033931
1.324516, -77.6013, 181, POINT, H, VKLTPLCVTLQCTNVTNNITD-------------------------------------DMRGELKN----CSFNI-T-TE--LRD-KK-QKV-YSLF-YRLDVVQINENQGNRSNNS------------------------------------------NKEYRLI---NCNTSAI-T---HA, 1.3699, 1, 0.041787
1.328035, -79.1367, 4, POINT, T, VKLTTLCVTLQCTNVTNNITD-------------------------------------DMRGELKN----CSFNI-T-TE--LRD-KK-QKV-YSLF-YRLDVVQINENQGNRSNNS------------------------------------------NKEYRLI---NCNTSAI-T---HA, 1.4468, 1, 0.041787
1.332840, -79.9457, [99, 102], CHUNK, ['K', 'I'], VKLTTLCVTLQCTNVTNNITD-------------------------------------DMRGELKN----CSFNI-T-TE--LRD-KK-QKV-YSLF-YKLDIVQINENQGNRSNNS------------------------------------------NKEYRLI---NCNTSAI-T---HA, 1.2913, 1, 0.041787
1.338426, -1.4608, 82, POINT, I, VKLTTLCVTLQCTNVTNNITD-------------------------------------DMRGELKN----CSFNI-T-TE--IRD-KK-QKV-YSLF-YKLDIVQINENQGNRSNNS------------------------------------------NKEYRLI---NCNTSAI-T---HA, 1.5883, 0, 0.017893
1.326548, -81.9330, [63], CHUNK, ['M'], VKLTTLCVTLQCTNVTNNITD-------------------------------------DMRGEMKN----CSFNI-T-TE--LRD-KK-QKV-YSLF-YKLDIVQINENQGNRSNNS------------------------------------------NKEYRLI---NCNTSAI-T---HA, 1.3093, 1, 0.017893
1.339096, -82.2819, 10, POINT, D, VKLTTLCVTLDCTNVTNNITD-------------------------------------DMRGEMKN----CSFNI-T-TE--LRD-KK-QKV-YSLF-YKLDIVQINENQGNRSNNS------------------------------------------NKEYRLI---NCNTSAI-T---HA, 1.3093, 1, 0.017893
1.343421, -90.0407, 104, POINT, P, VKLTTLCVTLDCTNVTNNITD-------------------------------------DMRGEMKN----CSFNI-T-TE--LRD-KK-QKV-YSLF-YKLDIVPINENQGNRSNNS------------------------------------------NKEYRLI---NCNTSAI-T---HA, 1.0681, 1, 0.020792
1.330223, -89.4330, 177, POINT, K, VKLTTLCVTLDCTNVTNNITD-------------------------------------DMRGEMKN----CSFNI-T-TE--LRD-KK-QKV-YSLF-YKLDIVPINENQGNRSNNS------------------------------------------NKEYRLI---NCNTSAI-K---HA, 1.0681, 1, 0.022039
1.337248, -86.8687, 98, POINT, N, VKLTTLCVTLDCTNVTNNITD-------------------------------------DMRGEMKN----CSFNI-T-TE--LRD-KK-QKV-YSLF-NKLDIVPINENQGNRSNNS------------------------------------------NKEYRLI---NCNTSAI-K---HA, 1.0681, 1, 0.022039
1.342834, 13.1604, 82, POINT, I, VKLTTLCVTLDCTNVTNNITD-------------------------------------DMRGEMKN----CSFNI-T-TE--IRD-KK-QKV-YSLF-NKLDIVPINENQGNRSNNS------------------------------------------NKEYRLI---NCNTSAI-K---HA, 0.7547, 0, 0.022039
1.329692, -90.7392, 175, POINT, V, VKLTTLCVTLDCTNVTNNITD-------------------------------------DMRGEMKN----CSFNI-T-TE--LRD-KK-QKV-YSLF-NKLDIVPINENQGNRSNNS------------------------------------------NKEYRLI---NCNTSAV-K---HA, 1.0084, 1, 0.022039
1.343651, -91.1681, [74], CHUNK, ['T'], VKLTTLCVTLDCTNVTNNITD-------------------------------------DMRGEMKN----CSFNT-T-TE--LRD-KK-QKV-YSLF-NKLDIVPINENQGNRSNNS------------------------------------------NKEYRLI---NCNTSAV-K---HA, 1.0084, 1, 0.022039
1.336626, -82.5803, [98], CHUNK, ['Y'], VKLTTLCVTLDCTNVTNNITD-------------------------------------DMRGEMKN----CSFNT-T-TE--LRD-KK-QKV-YSLF-YKLDIVPINENQGNRSNNS------------------------------------------NKEYRLI---NCNTSAV-K---HA, 1.5135, 1, 0.009823
1.342152, -86.4145, 62, POINT, T, VKLTTLCVTLDCTNVTNNITD-------------------------------------DMRGTMKN----CSFNT-T-TE--LRD-KK-QKV-YSLF-YKLDIVPINENQGNRSNNS------------------------------------------NKEYRLI---NCNTSAV-K---HA, 1.4362, 1, 0.009823
1.378789, -86.4219, 10, POINT, N, VKLTTLCVTLNCTNVTNNITD-------------------------------------DMRGTMKN----CSFNT-T-TE--LRD-KK-QKV-YSLF-YKLDIVPINENQGNRSNNS------------------------------------------NKEYRLI---NCNTSAV-K---HA, 1.5232, 1, 0.009823
1.414178, -86.3328, [174, 175, 177], CHUNK, ['T', 'I', 'T'], VKLTTLCVTLNCTNVTNNITD-------------------------------------DMRGTMKN----CSFNT-T-TE--LRD-KK-QKV-YSLF-YKLDIVPINENQGNRSNNS------------------------------------------NKEYRLI---NCNTSTI-T---HA, 1.1539, 1, 0.012555
1.408651, -87.2037, [62], CHUNK, ['E'], VKLTTLCVTLNCTNVTNNITD-------------------------------------DMRGEMKN----CSFNT-T-TE--LRD-KK-QKV-YSLF-YKLDIVPINENQGNRSNNS------------------------------------------NKEYRLI---NCNTSTI-T---HA, 1.3507, 1, 0.014251
1.413407, -89.4524, [181], CHUNK, ['Q'], VKLTTLCVTLNCTNVTNNITD-------------------------------------DMRGEMKN----CSFNT-T-TE--LRD-KK-QKV-YSLF-YKLDIVPINENQGNRSNNS------------------------------------------NKEYRLI---NCNTSTI-T---QA, 1.3615, 1, 0.014251
1.403278, -89.1803, 7, POINT, I, VKLTTLCITLNCTNVTNNITD-------------------------------------DMRGEMKN----CSFNT-T-TE--LRD-KK-QKV-YSLF-YKLDIVPINENQGNRSNNS------------------------------------------NKEYRLI---NCNTSTI-T---QA, 1.3615, 1, 0.014251
1.424054, -88.1629, [59, 60, 63], CHUNK, ['E', 'K', 'I'], VKLTTLCITLNCTNVTNNITD-------------------------------------DEKGEIKN----CSFNT-T-TE--LRD-KK-QKV-YSLF-YKLDIVPINENQGNRSNNS------------------------------------------NKEYRLI---NCNTSTI-T---QA, 1.3615, 1, 0.014251
1.428770, -88.5420, 90, POINT, N, VKLTTLCITLNCTNVTNNITD-------------------------------------DEKGEIKN----CSFNT-T-TE--LRD-KK-QNV-YSLF-YKLDIVPINENQGNRSNNS------------------------------------------NKEYRLI---NCNTSTI-T---QA, 1.3615, 1, 0.020695
1.421082, -74.1834, [174], CHUNK, ['V'], VKLTTLCITLNCTNVTNNITD-------------------------------------DEKGEIKN----CSFNT-T-TE--LRD-KK-QNV-YSLF-YKLDIVPINENQGNRSNNS------------------------------------------NKEYRLI---NCNTSVI-T---QA, 1.4598, 1, 0.020124
1.414716, 18.6756, [78, 79, 82, 83], CHUNK, ['A', 'N', 'I', 'K'], VKLTTLCITLNCTNVTNNITD-------------------------------------DEKGEIKN----CSFNT-T-AN--IKD-KK-QNV-YSLF-YKLDIVPINENQGNRSNNS------------------------------------------NKEYRLI---NCNTSVI-T---QA, 1.7190, 0, 0.020124
1.458781, -86.5435, [159, 160, 161], CHUNK, ['S', 'N', 'N'], VKLTTLCITLNCTNVTNNITD-------------------------------------DEKGEIKN----CSFNT-T-TE--LRD-KK-QNV-YSLF-YKLDIVPINENQGNRSNNS------------------------------------------SNNYRLI---NCNTSVI-T---QA, 1.4764, 1, 0.020124
1.454545, -85.9457, [87, 90, 91], CHUNK, ['V', 'K', 'E'], VKLTTLCITLNCTNVTNNITD-------------------------------------DEKGEIKN----CSFNT-T-TE--LRD-KV-QKE-YSLF-YKLDIVPINENQGNRSNNS------------------------------------------SNNYRLI---NCNTSVI-T---QA, 1.4764, 1, 0.024707
1.459783, -85.4844, [159, 160, 161], CHUNK, ['N', 'T', 'S'], VKLTTLCITLNCTNVTNNITD-------------------------------------DEKGEIKN----CSFNT-T-TE--LRD-KV-QKE-YSLF-YKLDIVPINENQGNRSNNS------------------------------------------NTSYRLI---NCNTSVI-T---QA, 1.4764, 1, 0.024707
1.481875, -7.4231, [79, 82], CHUNK, ['N', 'V'], VKLTTLCITLNCTNVTNNITD-------------------------------------DEKGEIKN----CSFNT-T-TN--VRD-KV-QKE-YSLF-YKLDIVPINENQGNRSNNS------------------------------------------NTSYRLI---NCNTSVI-T---QA, 1.3909, 0, 0.027126
1.448815, -49.3125, [78, 82], CHUNK, ['S', 'I'], VKLTTLCITLNCTNVTNNITD-------------------------------------DEKGEIKN----CSFNT-T-SE--IRD-KV-QKE-YSLF-YKLDIVPINENQGNRSNNS------------------------------------------NTSYRLI---NCNTSVI-T---QA, 1.8058, 1, 0.027126
1.448184, -53.4075, 79, POINT, V, VKLTTLCITLNCTNVTNNITD-------------------------------------DEKGEIKN----CSFNT-T-SV--IRD-KV-QKE-YSLF-YKLDIVPINENQGNRSNNS------------------------------------------NTSYRLI---NCNTSVI-T---QA, 1.9191, 1, 0.027126
1.458313, -59.1467, 7, POINT, V, VKLTTLCVTLNCTNVTNNITD-------------------------------------DEKGEIKN----CSFNT-T-SV--IRD-KV-QKE-YSLF-YKLDIVPINENQGNRSNNS------------------------------------------NTSYRLI---NCNTSVI-T---QA, 1.7294, 1, 0.027126
1.460595, -59.0129, 94, POINT, A, VKLTTLCVTLNCTNVTNNITD-------------------------------------DEKGEIKN----CSFNT-T-SV--IRD-KV-QKE-YALF-YKLDIVPINENQGNRSNNS------------------------------------------NTSYRLI---NCNTSVI-T---QA, 1.7294, 1, 0.027126
1.449147, -24.4941, [61, 63], CHUNK, ['E', 'M'], VKLTTLCVTLNCTNVTNNITD-------------------------------------DEKEEMKN----CSFNT-T-SV--IRD-KV-QKE-YALF-YKLDIVPINENQGNRSNNS------------------------------------------NTSYRLI---NCNTSVI-T---QA, 1.7383, 1, 0.037538
1.435198, -25.3064, [177], CHUNK, ['K'], VKLTTLCVTLNCTNVTNNITD-------------------------------------DEKEEMKN----CSFNT-T-SV--IRD-KV-QKE-YALF-YKLDIVPINENQGNRSNNS------------------------------------------NTSYRLI---NCNTSVI-K---QA, 1.6352, 1, 0.037538
1.419161, -15.0687, [74], CHUNK, ['V'], VKLTTLCVTLNCTNVTNNITD-------------------------------------DEKEEMKN----CSFNV-T-SV--IRD-KV-QKE-YALF-YKLDIVPINENQGNRSNNS------------------------------------------NTSYRLI---NCNTSVI-K---QA, 1.7551, 0, 0.037538
1.416626, -31.6475, 172, POINT, S, VKLTTLCVTLNCTNVTNNITD-------------------------------------DEKEEMKN----CSFNT-T-SV--IRD-KV-QKE-YALF-YKLDIVPINENQGNRSNNS------------------------------------------NTSYRLI---NCNSSVI-K---QA, 1.7347, 1, 0.037538
1.417258, -32.2541, 79, POINT, E, VKLTTLCVTLNCTNVTNNITD-------------------------------------DEKEEMKN----CSFNT-T-SE--IRD-KV-QKE-YALF-YKLDIVPINENQGNRSNNS------------------------------------------NTSYRLI---NCNSSVI-K---QA, 1.8788, 1, -1.000000
1.416393, -23.7134, [71], CHUNK, ['T'], VKLTTLCVTLNCTNVTNNITD-------------------------------------DEKEEMKN----CTFNT-T-SE--IRD-KV-QKE-YALF-YKLDIVPINENQGNRSNNS------------------------------------------NTSYRLI---NCNSSVI-K---QA, 1.9345, 1, -1.000000
1.435291, -20.3436, [58, 59, 60, 61], CHUNK, ['T', 'G', 'I', 'K'], VKLTTLCVTLNCTNVTNNITD-------------------------------------TGIKEMKN----CTFNT-T-SE--IRD-KV-QKE-YALF-YKLDIVPINENQGNRSNNS------------------------------------------NTSYRLI---NCNSSVI-K---QA, 1.9006, 1, -1.000000
1.442149, -22.7624, 89, POINT, K, VKLTTLCVTLNCTNVTNNITD-------------------------------------TGIKEMKN----CTFNT-T-SE--IRD-KV-KKE-YALF-YKLDIVPINENQGNRSNNS------------------------------------------NTSYRLI---NCNSSVI-K---QA, 2.0315, 1, 0.037538
1.440181, -22.7927, 94, POINT, S, VKLTTLCVTLNCTNVTNNITD-------------------------------------TGIKEMKN----CTFNT-T-SE--IRD-KV-KKE-YSLF-YKLDIVPINENQGNRSNNS------------------------------------------NTSYRLI---NCNSSVI-K---QA, 2.0315, 1, 0.037538
1.453249, -24.7565, [177], CHUNK, ['T'], VKLTTLCVTLNCTNVTNNITD-------------------------------------TGIKEMKN----CTFNT-T-SE--IRD-KV-KKE-YSLF-YKLDIVPINENQGNRSNNS------------------------------------------NTSYRLI---NCNSSVI-T---QA, 2.1079, 1, 0.037538
1.495199, -28.3315, [78, 79], CHUNK, ['T', 'N'], VKLTTLCVTLNCTNVTNNITD-------------------------------------TGIKEMKN----CTFNT-T-TN--IRD-KV-KKE-YSLF-YKLDIVPINENQGNRSNNS------------------------------------------NTSYRLI---NCNSSVI-T---QA, 2.1021, 1, 0.037538
1.518060, -28.2424, [19, 20], CHUNK, ['N', 'T'], VKLTTLCVTLNCTNVTNNINT-------------------------------------TGIKEMKN----CTFNT-T-TN--IRD-KV-KKE-YSLF-YKLDIVPINENQGNRSNNS------------------------------------------NTSYRLI---NCNSSVI-T---QA, 2.1150, 1, 0.005892
1.526408, -31.8626, 165, POINT, T, VKLTTLCVTLNCTNVTNNINT-------------------------------------TGIKEMKN----CTFNT-T-TN--IRD-KV-KKE-YSLF-YKLDIVPINENQGNRSNNS------------------------------------------NTSYRLT---NCNSSVI-T---QA, 2.0710, 1, 0.005892
1.528716, -32.6399, [102], CHUNK, ['V'], VKLTTLCVTLNCTNVTNNINT-------------------------------------TGIKEMKN----CTFNT-T-TN--IRD-KV-KKE-YSLF-YKLDVVPINENQGNRSNNS------------------------------------------NTSYRLT---NCNSSVI-T---QA, 1.9855, 1, 0.004291
1.520594, -31.6030, 171, POINT, T, VKLTTLCVTLNCTNVTNNINT-------------------------------------TGIKEMKN----CTFNT-T-TN--IRD-KV-KKE-YSLF-YKLDVVPINENQGNRSNNS------------------------------------------NTSYRLT---NCTSSVI-T---QA, 2.0215, 1, 0.006145
1.549166, -30.6297, 18, POINT, N, VKLTTLCVTLNCTNVTNNNNT-------------------------------------TGIKEMKN----CTFNT-T-TN--IRD-KV-KKE-YSLF-YKLDVVPINENQGNRSNNS------------------------------------------NTSYRLT---NCTSSVI-T---QA, 1.9940, 1, 0.006145
1.536987, -34.7647, 79, POINT, S, VKLTTLCVTLNCTNVTNNNNT-------------------------------------TGIKEMKN----CTFNT-T-TS--IRD-KV-KKE-YSLF-YKLDVVPINENQGNRSNNS------------------------------------------NTSYRLT---NCTSSVI-T---QA, 2.1094, 0, 0.006145
1.533176, -31.8879, 19, POINT, S, VKLTTLCVTLNCTNVTNNNST-------------------------------------TGIKEMKN----CTFNT-T-TN--IRD-KV-KKE-YSLF-YKLDVVPINENQGNRSNNS------------------------------------------NTSYRLT---NCTSSVI-T---QA, 2.0520, 1, 0.006145
1.537749, -33.2232, 101, POINT, N, VKLTTLCVTLNCTNVTNNNST-------------------------------------TGIKEMKN----CTFNT-T-TN--IRD-KV-KKE-YSLF-YKLNVVPINENQGNRSNNS------------------------------------------NTSYRLT---NCTSSVI-T---QA, 2.0075, 1, 0.006145
1.565234, -32.9481, [171, 172, 173], CHUNK, ['N', 'T', 'T'], VKLTTLCVTLNCTNVTNNNST-------------------------------------TGIKEMKN----CTFNT-T-TN--IRD-KV-KKE-YSLF-YKLNVVPINENQGNRSNNS------------------------------------------NTSYRLT---NCNTTVI-T---QA, 2.0981, 1, 0.006145
1.567609, -34.0132, [173, 174, 175], CHUNK, ['S', 'T', 'V'], VKLTTLCVTLNCTNVTNNNST-------------------------------------TGIKEMKN----CTFNT-T-TN--IRD-KV-KKE-YSLF-YKLNVVPINENQGNRSNNS------------------------------------------NTSYRLT---NCNTSTV-T---QA, 2.0981, 1, 0.002800
1.572573, -34.0293, 107, POINT, D, VKLTTLCVTLNCTNVTNNNST-------------------------------------TGIKEMKN----CTFNT-T-TN--IRD-KV-KKE-YSLF-YKLNVVPINDNQGNRSNNS------------------------------------------NTSYRLT---NCNTSTV-T---QA, 2.0981, 1, 0.002800
1.559949, -32.3300, [71, 74], CHUNK, ['S', 'I'], VKLTTLCVTLNCTNVTNNNST-------------------------------------TGIKEMKN----CSFNI-T-TN--IRD-KV-KKE-YSLF-YKLNVVPINDNQGNRSNNS------------------------------------------NTSYRLT---NCNTSTV-T---QA, 2.1830, 1, 0.002800
1.540834, -30.7497, [101, 103], CHUNK, ['D', 'A'], VKLTTLCVTLNCTNVTNNNST-------------------------------------TGIKEMKN----CSFNI-T-TN--IRD-KV-KKE-YSLF-YKLDVAPINDNQGNRSNNS------------------------------------------NTSYRLT---NCNTSTV-T---QA, 2.1830, 1, 0.002800
1.539887, -30.3750, [174, 175], CHUNK, ['V', 'I'], VKLTTLCVTLNCTNVTNNNST-------------------------------------TGIKEMKN----CSFNI-T-TN--IRD-KV-KKE-YSLF-YKLDVAPINDNQGNRSNNS------------------------------------------NTSYRLT---NCNTSVI-T---QA, 2.1830, 1, 0.002800
1.537429, -30.1471, 87, POINT, E, VKLTTLCVTLNCTNVTNNNST-------------------------------------TGIKEMKN----CSFNI-T-TN--IRD-KE-KKE-YSLF-YKLDVAPINDNQGNRSNNS------------------------------------------NTSYRLT---NCNTSVI-T---QA, 2.1768, 1, 0.002800
1.541038, -23.3866, 87, POINT, K, VKLTTLCVTLNCTNVTNNNST-------------------------------------TGIKEMKN----CSFNI-T-TN--IRD-KK-KKE-YSLF-YKLDVAPINDNQGNRSNNS------------------------------------------NTSYRLT---NCNTSVI-T---QA, 2.1768, 0, 0.002800
1.536000, -29.2861, 173, POINT, T, VKLTTLCVTLNCTNVTNNNST-------------------------------------TGIKEMKN----CSFNI-T-TN--IRD-KE-KKE-YSLF-YKLDVAPINDNQGNRSNNS------------------------------------------NTSYRLT---NCNTTVI-T---QA, 2.1768, 1, 0.002800
1.542929, -29.7091, 89, POINT, T, VKLTTLCVTLNCTNVTNNNST-------------------------------------TGIKEMKN----CSFNI-T-TN--IRD-KE-TKE-YSLF-YKLDVAPINDNQGNRSNNS------------------------------------------NTSYRLT---NCNTTVI-T---QA, 2.1768, 1, 0.002800
1.534982, -31.7311, [86, 87], CHUNK, ['R', 'V'], VKLTTLCVTLNCTNVTNNNST-------------------------------------TGIKEMKN----CSFNI-T-TN--IRD-RV-TKE-YSLF-YKLDVAPINDNQGNRSNNS------------------------------------------NTSYRLT---NCNTTVI-T---QA, 2.0812, 1, 0.002800
1.536579, 6.4472, 163, POINT, I, VKLTTLCVTLNCTNVTNNNST-------------------------------------TGIKEMKN----CSFNI-T-TN--IRD-RV-TKE-YSLF-YKLDVAPINDNQGNRSNNS------------------------------------------NTSYILT---NCNTTVI-T---QA, 2.5937, 0, -1.000000
1.505019, -31.8656, 65, POINT, S, VKLTTLCVTLNCTNVTNNNST-------------------------------------TGIKEMKS----CSFNI-T-TN--IRD-RV-TKE-YSLF-YKLDVAPINDNQGNRSNNS------------------------------------------NTSYRLT---NCNTTVI-T---QA, 2.0812, 1, -1.000000
1.512171, -31.1128, [100, 103, 104], CHUNK, ['T', 'V', 'Q'], VKLTTLCVTLNCTNVTNNNST-------------------------------------TGIKEMKS----CSFNI-T-TN--IRD-RV-TKE-YSLF-YKTDVVQINDNQGNRSNNS------------------------------------------NTSYRLT---NCNTTVI-T---QA, 2.0812, 1, -1.000000
1.495757, -30.7286, [76], CHUNK, ['S'], VKLTTLCVTLNCTNVTNNNST-------------------------------------TGIKEMKS----CSFNI-S-TN--IRD-RV-TKE-YSLF-YKTDVVQINDNQGNRSNNS------------------------------------------NTSYRLT---NCNTTVI-T---QA, 2.0812, 1, -1.000000
1.481725, -30.1565, 19, POINT, I, VKLTTLCVTLNCTNVTNNNIT-------------------------------------TGIKEMKS----CSFNI-S-TN--IRD-RV-TKE-YSLF-YKTDVVQINDNQGNRSNNS------------------------------------------NTSYRLT---NCNTTVI-T---QA, 2.0433, 1, -1.000000
1.482832, -29.9480, 182, POINT, T, VKLTTLCVTLNCTNVTNNNIT-------------------------------------TGIKEMKS----CSFNI-S-TN--IRD-RV-TKE-YSLF-YKTDVVQINDNQGNRSNNS------------------------------------------NTSYRLT---NCNTTVI-T---QT, 2.0433, 1, -1.000000
1.481789, -30.2802, 94, POINT, A, VKLTTLCVTLNCTNVTNNNIT-------------------------------------TGIKEMKS----CSFNI-S-TN--IRD-RV-TKE-YALF-YKTDVVQINDNQGNRSNNS------------------------------------------NTSYRLT---NCNTTVI-T---QT, 2.0433, 1, -1.000000
1.509802, -60.2675, [61, 64, 65], CHUNK, ['G', 'N', 'N'], VKLTTLCVTLNCTNVTNNNIT-------------------------------------TGIGEMNN----CSFNI-S-TN--IRD-RV-TKE-YALF-YKTDVVQINDNQGNRSNNS------------------------------------------NTSYRLT---NCNTTVI-T---QT, 2.0433, 1, -1.000000
1.510068, -59.2543, 89, POINT, N, VKLTTLCVTLNCTNVTNNNIT-------------------------------------TGIGEMNN----CSFNI-S-TN--IRD-RV-NKE-YALF-YKTDVVQINDNQGNRSNNS------------------------------------------NTSYRLT---NCNTTVI-T---QT, 2.0433, 1, -1.000000
1.491181, -59.7540, 3, POINT, A, VKLATLCVTLNCTNVTNNNIT-------------------------------------TGIGEMNN----CSFNI-S-TN--IRD-RV-NKE-YALF-YKTDVVQINDNQGNRSNNS------------------------------------------NTSYRLT---NCNTTVI-T---QT, 1.9767, 1, -1.000000
1.484710, -61.1029, 60, POINT, E, VKLATLCVTLNCTNVTNNNIT-------------------------------------TGEGEMNN----CSFNI-S-TN--IRD-RV-NKE-YALF-YKTDVVQINDNQGNRSNNS------------------------------------------NTSYRLT---NCNTTVI-T---QT, 1.9767, 1, -1.000000
1.485286, -59.5936, 19, POINT, C, VKLATLCVTLNCTNVTNNNCT-------------------------------------TGEGEMNN----CSFNI-S-TN--IRD-RV-NKE-YALF-YKTDVVQINDNQGNRSNNS------------------------------------------NTSYRLT---NCNTTVI-T---QT, 1.9767, 1, -1.000000
1.484179, -59.6873, [182], CHUNK, ['A'], VKLATLCVTLNCTNVTNNNCT-------------------------------------TGEGEMNN----CSFNI-S-TN--IRD-RV-NKE-YALF-YKTDVVQINDNQGNRSNNS------------------------------------------NTSYRLT---NCNTTVI-T---QA, 1.9767, 1, -1.000000
1.485211, -41.9623, 14, POINT, L, VKLATLCVTLNCTNLTNNNCT-------------------------------------TGEGEMNN----CSFNI-S-TN--IRD-RV-NKE-YALF-YKTDVVQINDNQGNRSNNS------------------------------------------NTSYRLT---NCNTTVI-T---QA, 1.9918, 1, -1.000000
1.483177, -53.2887, [82, 86, 87], CHUNK, ['L', 'K', 'M'], VKLATLCVTLNCTNLTNNNCT-------------------------------------TGEGEMNN----CSFNI-S-TN--LRD-KM-NKE-YALF-YKTDVVQINDNQGNRSNNS------------------------------------------NTSYRLT---NCNTTVI-T---QA, 2.1072, 1, -1.000000
1.478435, -57.1022, 4, POINT, S, VKLASLCVTLNCTNLTNNNCT-------------------------------------TGEGEMNN----CSFNI-S-TN--LRD-KM-NKE-YALF-YKTDVVQINDNQGNRSNNS------------------------------------------NTSYRLT---NCNTTVI-T---QA, 1.9807, 1, -1.000000
1.498515, -52.4062, [3, 4], CHUNK, ['T', 'P'], VKLTPLCVTLNCTNLTNNNCT-------------------------------------TGEGEMNN----CSFNI-S-TN--LRD-KM-NKE-YALF-YKTDVVQINDNQGNRSNNS------------------------------------------NTSYRLT---NCNTTVI-T---QA, 2.1168, 1, -1.000000
1.506774, -19.5745, 61, POINT, I, VKLTPLCVTLNCTNLTNNNCT-------------------------------------TGEIEMNN----CSFNI-S-TN--LRD-KM-NKE-YALF-YKTDVVQINDNQGNRSNNS------------------------------------------NTSYRLT---NCNTTVI-T---QA, 2.1168, 1, -1.000000
1.512195, -8.9410, 82, POINT, I, VKLTPLCVTLNCTNLTNNNCT-------------------------------------TGEIEMNN----CSFNI-S-TN--IRD-KM-NKE-YALF-YKTDVVQINDNQGNRSNNS------------------------------------------NTSYRLT---NCNTTVI-T---QA, 1.9588, 0, -1.000000
1.510721, -9.8463, 71, POINT, T, VKLTPLCVTLNCTNLTNNNCT-------------------------------------TGEIEMNN----CTFNI-S-TN--LRD-KM-NKE-YALF-YKTDVVQINDNQGNRSNNS------------------------------------------NTSYRLT---NCNTTVI-T---QA, 2.0932, 0, -1.000000
1.500622, -19.5347, [174], CHUNK, ['A'], VKLTPLCVTLNCTNLTNNNCT-------------------------------------TGEIEMNN----CSFNI-S-TN--LRD-KM-NKE-YALF-YKTDVVQINDNQGNRSNNS------------------------------------------NTSYRLT---NCNTTAI-T---QA, 2.1168, 1, -1.000000
1.496803, -19.6048, 103, POINT, I, VKLTPLCVTLNCTNLTNNNCT-------------------------------------TGEIEMNN----CSFNI-S-TN--LRD-KM-NKE-YALF-YKTDVIQINDNQGNRSNNS------------------------------------------NTSYRLT---NCNTTAI-T---QA, 2.2960, 1, -1.000000
1.503006, -17.3374, 9, POINT, N, VKLTPLCVTNNCTNLTNNNCT-------------------------------------TGEIEMNN----CSFNI-S-TN--LRD-KM-NKE-YALF-YKTDVIQINDNQGNRSNNS------------------------------------------NTSYRLT---NCNTTAI-T---QA, 2.3600, 1, -1.000000
1.503015, -21.9556, 19, POINT, V, VKLTPLCVTNNCTNLTNNNVT-------------------------------------TGEIEMNN----CSFNI-S-TN--LRD-KM-NKE-YALF-YKTDVIQINDNQGNRSNNS------------------------------------------NTSYRLT---NCNTTAI-T---QA, 2.3133, 1, -1.000000
1.512640, -23.5778, 87, POINT, V, VKLTPLCVTNNCTNLTNNNVT-------------------------------------TGEIEMNN----CSFNI-S-TN--LRD-KV-NKE-YALF-YKTDVIQINDNQGNRSNNS------------------------------------------NTSYRLT---NCNTTAI-T---QA, 2.2176, 0, -1.000000
1.501321, -17.8193, [14, 15, 16], CHUNK, ['V', 'N', 'T'], VKLTPLCVTNNCTNVNTNNVT-------------------------------------TGEIEMNN----CSFNI-S-TN--LRD-KM-NKE-YALF-YKTDVIQINDNQGNRSNNS------------------------------------------NTSYRLT---NCNTTAI-T---QA, 2.0276, 1, -1.000000
1.495270, -21.3122, [9], CHUNK, ['L'], VKLTPLCVTLNCTNVNTNNVT-------------------------------------TGEIEMNN----CSFNI-S-TN--LRD-KM-NKE-YALF-YKTDVIQINDNQGNRSNNS------------------------------------------NTSYRLT---NCNTTAI-T---QA, 2.0276, 1, -1.000000
1.499218, -28.0676, 71, POINT, T, VKLTPLCVTLNCTNVNTNNVT-------------------------------------TGEIEMNN----CTFNI-S-TN--LRD-KM-NKE-YALF-YKTDVIQINDNQGNRSNNS------------------------------------------NTSYRLT---NCNTTAI-T---QA, 2.0263, 1, -1.000000
1.497622, -28.0032, 60, POINT, D, VKLTPLCVTLNCTNVNTNNVT-------------------------------------TGDIEMNN----CTFNI-S-TN--LRD-KM-NKE-YALF-YKTDVIQINDNQGNRSNNS------------------------------------------NTSYRLT---NCNTTAI-T---QA, 2.0263, 1, -1.000000
1.517788, -27.4724, 98, POINT, N, VKLTPLCVTLNCTNVNTNNVT-------------------------------------TGDIEMNN----CTFNI-S-TN--LRD-KM-NKE-YALF-NKTDVIQINDNQGNRSNNS------------------------------------------NTSYRLT---NCNTTAI-T---QA, 2.0263, 1, -1.000000
1.530546, -27.4316, [87], CHUNK, ['K'], VKLTPLCVTLNCTNVNTNNVT-------------------------------------TGDIEMNN----CTFNI-S-TN--LRD-KK-NKE-YALF-NKTDVIQINDNQGNRSNNS------------------------------------------NTSYRLT---NCNTTAI-T---QA, 2.0263, 1, -1.000000
1.542384, -27.4534, 109, POINT, K, VKLTPLCVTLNCTNVNTNNVT-------------------------------------TGDIEMNN----CTFNI-S-TN--LRD-KK-NKE-YALF-NKTDVIQINDNKGNRSNNS------------------------------------------NTSYRLT---NCNTTAI-T---QA, 2.0263, 1, -1.000000
1.546137, -28.3195, 19, POINT, I, VKLTPLCVTLNCTNVNTNNIT-------------------------------------TGDIEMNN----CTFNI-S-TN--LRD-KK-NKE-YALF-NKTDVIQINDNKGNRSNNS------------------------------------------NTSYRLT---NCNTTAI-T---QA, 2.0584, 1, 0.002800
1.549200, -26.2899, 99, POINT, S, VKLTPLCVTLNCTNVNTNNIT-------------------------------------TGDIEMNN----CTFNI-S-TN--LRD-KK-NKE-YALF-NSTDVIQINDNKGNRSNNS------------------------------------------NTSYRLT---NCNTTAI-T---QA, 2.0584, 1, 0.002800
1.550828, -28.2755, [169, 173, 174], CHUNK, ['S', 'S', 'T'], VKLTPLCVTLNCTNVNTNNIT-------------------------------------TGDIEMNN----CTFNI-S-TN--LRD-KK-NKE-YALF-NSTDVIQINDNKGNRSNNS------------------------------------------NTSYRLT---SCNTSTI-T---QA, 2.0113, 1, 0.002800
1.547001, -31.7152, [71, 74], CHUNK, ['S', 'S'], VKLTPLCVTLNCTNVNTNNIT-------------------------------------TGDIEMNN----CSFNS-S-TN--LRD-KK-NKE-YALF-NSTDVIQINDNKGNRSNNS------------------------------------------NTSYRLT---SCNTSTI-T---QA, 2.0980, 1, 0.002800
1.540119, -58.5168, [60, 61, 64], CHUNK, ['K', 'G', 'K'], VKLTPLCVTLNCTNVNTNNIT-------------------------------------TGKGEMKN----CSFNS-S-TN--LRD-KK-NKE-YALF-NSTDVIQINDNKGNRSNNS------------------------------------------NTSYRLT---SCNTSTI-T---QA, 2.0712, 1, 0.002800
1.535919, -55.5363, 74, POINT, V, VKLTPLCVTLNCTNVNTNNIT-------------------------------------TGKGEMKN----CSFNV-S-TN--LRD-KK-NKE-YALF-NSTDVIQINDNKGNRSNNS------------------------------------------NTSYRLT---SCNTSTI-T---QA, 2.1471, 1, -1.000000
1.555359, -54.8271, [76], CHUNK, ['T'], VKLTPLCVTLNCTNVNTNNIT-------------------------------------TGKGEMKN----CSFNV-T-TN--LRD-KK-NKE-YALF-NSTDVIQINDNKGNRSNNS------------------------------------------NTSYRLT---SCNTSTI-T---QA, 2.1471, 1, -1.000000
1.557101, -51.0132, 96, POINT, L, VKLTPLCVTLNCTNVNTNNIT-------------------------------------TGKGEMKN----CSFNV-T-TN--LRD-KK-NKE-YALL-NSTDVIQINDNKGNRSNNS------------------------------------------NTSYRLT---SCNTSTI-T---QA, 2.2269, 1, 0.002800
1.543954, -52.9843, 7, POINT, I, VKLTPLCITLNCTNVNTNNIT-------------------------------------TGKGEMKN----CSFNV-T-TN--LRD-KK-NKE-YALL-NSTDVIQINDNKGNRSNNS------------------------------------------NTSYRLT---SCNTSTI-T---QA, 2.2080, 1, 0.002800
1.539575, -52.7787, 101, POINT, V, VKLTPLCITLNCTNVNTNNIT-------------------------------------TGKGEMKN----CSFNV-T-TN--LRD-KK-NKE-YALL-NSTVVIQINDNKGNRSNNS------------------------------------------NTSYRLT---SCNTSTI-T---QA, 2.0870, 1, -1.000000
1.540617, -52.8364, 102, POINT, I, VKLTPLCITLNCTNVNTNNIT-------------------------------------TGKGEMKN----CSFNV-T-TN--LRD-KK-NKE-YALL-NSTVIIQINDNKGNRSNNS------------------------------------------NTSYRLT---SCNTSTI-T---QA, 2.0853, 1, -1.000000
1.538522, -56.3146, [96], CHUNK, ['F'], VKLTPLCITLNCTNVNTNNIT-------------------------------------TGKGEMKN----CSFNV-T-TN--LRD-KK-NKE-YALF-NSTVIIQINDNKGNRSNNS------------------------------------------NTSYRLT---SCNTSTI-T---QA, 2.0853, 1, -1.000000
1.537243, -56.3187, 102, POINT, V, VKLTPLCITLNCTNVNTNNIT-------------------------------------TGKGEMKN----CSFNV-T-TN--LRD-KK-NKE-YALF-NSTVVIQINDNKGNRSNNS------------------------------------------NTSYRLT---SCNTSTI-T---QA, 2.0853, 0, -1.000000
1.552379, -55.0131, [169], CHUNK, ['N'], VKLTPLCITLNCTNVNTNNIT-------------------------------------TGKGEMKN----CSFNV-T-TN--LRD-KK-NKE-YALF-NSTVIIQINDNKGNRSNNS------------------------------------------NTSYRLT---NCNTSTI-T---QA, 2.0853, 1, -1.000000
1.542452, -54.2288, 175, POINT, A, VKLTPLCITLNCTNVNTNNIT-------------------------------------TGKGEMKN----CSFNV-T-TN--LRD-KK-NKE-YALF-NSTVIIQINDNKGNRSNNS------------------------------------------NTSYRLT---NCNTSTA-T---QA, 2.0853, 1, 0.002800
1.552379, -55.0131, 175, POINT, I, VKLTPLCITLNCTNVNTNNIT-------------------------------------TGKGEMKN----CSFNV-T-TN--LRD-KK-NKE-YALF-NSTVIIQINDNKGNRSNNS------------------------------------------NTSYRLT---NCNTSTI-T---QA, 2.0853, 1, -1.000000
1.542474, -56.3575, [165], CHUNK, ['I'], VKLTPLCITLNCTNVNTNNIT-------------------------------------TGKGEMKN----CSFNV-T-TN--LRD-KK-NKE-YALF-NSTVIIQINDNKGNRSNNS------------------------------------------NTSYRLI---NCNTSTI-T---QA, 2.0853, 1, 0.002800
1.554564, -57.0331, 63, POINT, I, VKLTPLCITLNCTNVNTNNIT-------------------------------------TGKGEIKN----CSFNV-T-TN--LRD-KK-NKE-YALF-NSTVIIQINDNKGNRSNNS------------------------------------------NTSYRLI---NCNTSTI-T---QA, 2.0853, 1, -1.000000
1.555694, -56.3187, 104, POINT, P, VKLTPLCITLNCTNVNTNNIT-------------------------------------TGKGEIKN----CSFNV-T-TN--LRD-KK-NKE-YALF-NSTVIIPINDNKGNRSNNS------------------------------------------NTSYRLI---NCNTSTI-T---QA, 2.0157, 1, 0.002800
1.558020, -54.1361, [71], CHUNK, ['T'], VKLTPLCITLNCTNVNTNNIT-------------------------------------TGKGEIKN----CTFNV-T-TN--LRD-KK-NKE-YALF-NSTVIIPINDNKGNRSNNS------------------------------------------NTSYRLI---NCNTSTI-T---QA, 1.9417, 1, 0.002800
1.566937, -56.2882, 99, POINT, N, VKLTPLCITLNCTNVNTNNIT-------------------------------------TGKGEIKN----CTFNV-T-TN--LRD-KK-NKE-YALF-NNTVIIPINDNKGNRSNNS------------------------------------------NTSYRLI---NCNTSTI-T---QA, 2.0288, 1, 0.002800
1.572240, -55.9179, 94, POINT, S, VKLTPLCITLNCTNVNTNNIT-------------------------------------TGKGEIKN----CTFNV-T-TN--LRD-KK-NKE-YSLF-NNTVIIPINDNKGNRSNNS------------------------------------------NTSYRLI---NCNTSTI-T---QA, 1.9027, 1, 0.002800
1.568744, -57.3234, [103, 104, 106, 107, 108], CHUNK, ['V', 'S', 'D', 'N', 'S'], VKLTPLCITLNCTNVNTNNIT-------------------------------------TGKGEIKN----CTFNV-T-TN--LRD-KK-NKE-YSLF-NNTVIVSIDNSKGNRSNNS------------------------------------------NTSYRLI---NCNTSTI-T---QA, 1.9027, 1, 0.002800
1.562295, -56.9070, 1, POINT, E, VELTPLCITLNCTNVNTNNIT-------------------------------------TGKGEIKN----CTFNV-T-TN--LRD-KK-NKE-YSLF-NNTVIVSIDNSKGNRSNNS------------------------------------------NTSYRLI---NCNTSTI-T---QA, 1.9027, 1, 0.002800
1.560277, -56.5485, 173, POINT, T, VELTPLCITLNCTNVNTNNIT-------------------------------------TGKGEIKN----CTFNV-T-TN--LRD-KK-NKE-YSLF-NNTVIVSIDNSKGNRSNNS------------------------------------------NTSYRLI---NCNTTTI-T---QA, 1.9027, 1, 0.002800
1.555211, -57.0379, [94], CHUNK, ['A'], VELTPLCITLNCTNVNTNNIT-------------------------------------TGKGEIKN----CTFNV-T-TN--LRD-KK-NKE-YALF-NNTVIVSIDNSKGNRSNNS------------------------------------------NTSYRLI---NCNTTTI-T---QA, 1.9027, 1, 0.002800
1.568234, -56.5395, [7], CHUNK, ['V'], VELTPLCVTLNCTNVNTNNIT-------------------------------------TGKGEIKN----CTFNV-T-TN--LRD-KK-NKE-YALF-NNTVIVSIDNSKGNRSNNS------------------------------------------NTSYRLI---NCNTTTI-T---QA, 1.9027, 1, -1.000000
1.569060, -58.4677, [71, 74], CHUNK, ['S', 'I'], VELTPLCVTLNCTNVNTNNIT-------------------------------------TGKGEIKN----CSFNI-T-TN--LRD-KK-NKE-YALF-NNTVIVSIDNSKGNRSNNS------------------------------------------NTSYRLI---NCNTTTI-T---QA, 1.9027, 1, 0.002800
1.574779, -58.4819, 59, POINT, E, VELTPLCVTLNCTNVNTNNIT-------------------------------------TEKGEIKN----CSFNI-T-TN--LRD-KK-NKE-YALF-NNTVIVSIDNSKGNRSNNS------------------------------------------NTSYRLI---NCNTTTI-T---QA, 1.9027, 1, 0.002800
1.571975, -57.8969, 0, POINT, A, AELTPLCVTLNCTNVNTNNIT-------------------------------------TEKGEIKN----CSFNI-T-TN--LRD-KK-NKE-YALF-NNTVIVSIDNSKGNRSNNS------------------------------------------NTSYRLI---NCNTTTI-T---QA, 1.9027, 1, 0.046382
1.578245, -58.3130, 1, POINT, K, AKLTPLCVTLNCTNVNTNNIT-------------------------------------TEKGEIKN----CSFNI-T-TN--LRD-KK-NKE-YALF-NNTVIVSIDNSKGNRSNNS------------------------------------------NTSYRLI---NCNTTTI-T---QA, 1.9027, 1, 0.046382
1.580262, -58.6714, 173, POINT, S, AKLTPLCVTLNCTNVNTNNIT-------------------------------------TEKGEIKN----CSFNI-T-TN--LRD-KK-NKE-YALF-NNTVIVSIDNSKGNRSNNS------------------------------------------NTSYRLI---NCNTSTI-T---QA, 1.9027, 1, 0.057197
1.577109, -58.0693, 74, POINT, V, AKLTPLCVTLNCTNVNTNNIT-------------------------------------TEKGEIKN----CSFNV-T-TN--LRD-KK-NKE-YALF-NNTVIVSIDNSKGNRSNNS------------------------------------------NTSYRLI---NCNTSTI-T---QA, 1.9027, 1, 0.066303
1.552541, -52.6030, 100, POINT, I, AKLTPLCVTLNCTNVNTNNIT-------------------------------------TEKGEIKN----CSFNV-T-TN--LRD-KK-NKE-YALF-NNIVIVSIDNSKGNRSNNS------------------------------------------NTSYRLI---NCNTSTI-T---QA, 1.9027, 1, 0.066303
1.564222, -52.2420, 108, POINT, N, AKLTPLCVTLNCTNVNTNNIT-------------------------------------TEKGEIKN----CSFNV-T-TN--LRD-KK-NKE-YALF-NNIVIVSIDNNKGNRSNNS------------------------------------------NTSYRLI---NCNTSTI-T---QA, 1.9027, 1, -1.000000
1.552377, -52.6534, [79], CHUNK, ['S'], AKLTPLCVTLNCTNVNTNNIT-------------------------------------TEKGEIKN----CSFNV-T-TS--LRD-KK-NKE-YALF-NNIVIVSIDNNKGNRSNNS------------------------------------------NTSYRLI---NCNTSTI-T---QA, 1.9027, 1, -1.000000
1.542783, -53.7599, [74], CHUNK, ['A'], AKLTPLCVTLNCTNVNTNNIT-------------------------------------TEKGEIKN----CSFNA-T-TS--LRD-KK-NKE-YALF-NNIVIVSIDNNKGNRSNNS------------------------------------------NTSYRLI---NCNTSTI-T---QA, 1.9115, 1, -1.000000
1.532719, -52.8978, 2, POINT, M, AKMTPLCVTLNCTNVNTNNIT-------------------------------------TEKGEIKN----CSFNA-T-TS--LRD-KK-NKE-YALF-NNIVIVSIDNNKGNRSNNS------------------------------------------NTSYRLI---NCNTSTI-T---QA, 1.8946, 1, -1.000000
1.530249, -54.1178, 160, POINT, N, AKMTPLCVTLNCTNVNTNNIT-------------------------------------TEKGEIKN----CSFNA-T-TS--LRD-KK-NKE-YALF-NNIVIVSIDNNKGNRSNNS------------------------------------------NNSYRLI---NCNTSTI-T---QA, 1.8665, 1, -1.000000
1.542318, -55.1033, [107, 110], CHUNK, ['D', 'N'], AKMTPLCVTLNCTNVNTNNIT-------------------------------------TEKGEIKN----CSFNA-T-TS--LRD-KK-NKE-YALF-NNIVIVSIDDNKNNRSNNS------------------------------------------NNSYRLI---NCNTSTI-T---QA, 1.8665, 1, -1.000000
1.546855, -44.8195, 82, POINT, I, AKMTPLCVTLNCTNVNTNNIT-------------------------------------TEKGEIKN----CSFNA-T-TS--IRD-KK-NKE-YALF-NNIVIVSIDDNKNNRSNNS------------------------------------------NNSYRLI---NCNTSTI-T---QA, 1.8665, 1, -1.000000
1.549295, -44.0810, [160], CHUNK, ['T'], AKMTPLCVTLNCTNVNTNNIT-------------------------------------TEKGEIKN----CSFNA-T-TS--IRD-KK-NKE-YALF-NNIVIVSIDDNKNNRSNNS------------------------------------------NTSYRLI---NCNTSTI-T---QA, 1.8665, 1, -1.000000
1.553293, -44.7288, 161, POINT, T, AKMTPLCVTLNCTNVNTNNIT-------------------------------------TEKGEIKN----CSFNA-T-TS--IRD-KK-NKE-YALF-NNIVIVSIDDNKNNRSNNS------------------------------------------NTTYRLI---NCNTSTI-T---QA, 1.8665, 1, -1.000000
1.580082, -48.6519, 19, POINT, N, AKMTPLCVTLNCTNVNTNNNT-------------------------------------TEKGEIKN----CSFNA-T-TS--IRD-KK-NKE-YALF-NNIVIVSIDDNKNNRSNNS------------------------------------------NTTYRLI---NCNTSTI-T---QA, 1.7566, 1, -1.000000
1.593376, -38.7923, [74], CHUNK, ['I'], AKMTPLCVTLNCTNVNTNNNT-------------------------------------TEKGEIKN----CSFNI-T-TS--IRD-KK-NKE-YALF-NNIVIVSIDDNKNNRSNNS------------------------------------------NTTYRLI---NCNTSTI-T---QA, 1.6472, 1, 0.066303
1.596259, -41.0904, [15], CHUNK, ['T'], AKMTPLCVTLNCTNVTTNNNT-------------------------------------TEKGEIKN----CSFNI-T-TS--IRD-KK-NKE-YALF-NNIVIVSIDDNKNNRSNNS------------------------------------------NTTYRLI---NCNTSTI-T---QA, 1.7562, 1, 0.047361
1.587353, -39.1610, [101, 103, 104, 105], CHUNK, ['D', 'I', 'P', 'L'], AKMTPLCVTLNCTNVTTNNNT-------------------------------------TEKGEIKN----CSFNI-T-TS--IRD-KK-NKE-YALF-NNIDIIPLDDNKNNRSNNS------------------------------------------NTTYRLI---NCNTSTI-T---QA, 1.7562, 1, 0.047361
1.592969, -40.4579, [102, 105, 106], CHUNK, ['V', 'I', 'K'], AKMTPLCVTLNCTNVTTNNNT-------------------------------------TEKGEIKN----CSFNI-T-TS--IRD-KK-NKE-YALF-NNIDVIPIKDNKNNRSNNS------------------------------------------NTTYRLI---NCNTSTI-T---QA, 1.7562, 1, 0.047361
1.573184, -44.8128, [76], CHUNK, ['S'], AKMTPLCVTLNCTNVTTNNNT-------------------------------------TEKGEIKN----CSFNI-S-TS--IRD-KK-NKE-YALF-NNIDVIPIKDNKNNRSNNS------------------------------------------NTTYRLI---NCNTSTI-T---QA, 1.6511, 1, 0.047361
1.583249, -47.9684, [2], CHUNK, ['L'], AKLTPLCVTLNCTNVTTNNNT-------------------------------------TEKGEIKN----CSFNI-S-TS--IRD-KK-NKE-YALF-NNIDVIPIKDNKNNRSNNS------------------------------------------NTTYRLI---NCNTSTI-T---QA, 1.6151, 1, 0.047361
1.575057, -47.5868, 95, POINT, I, AKLTPLCVTLNCTNVTTNNNT-------------------------------------TEKGEIKN----CSFNI-S-TS--IRD-KK-NKE-YAIF-NNIDVIPIKDNKNNRSNNS------------------------------------------NTTYRLI---NCNTSTI-T---QA, 1.6151, 1, 0.047361
1.608208, -47.4505, [76, 79], CHUNK, ['T', 'N'], AKLTPLCVTLNCTNVTTNNNT-------------------------------------TEKGEIKN----CSFNI-T-TN--IRD-KK-NKE-YAIF-NNIDVIPIKDNKNNRSNNS------------------------------------------NTTYRLI---NCNTSTI-T---QA, 1.5947, 1, 0.047361
1.611086, -44.2599, 96, POINT, L, AKLTPLCVTLNCTNVTTNNNT-------------------------------------TEKGEIKN----CSFNI-T-TN--IRD-KK-NKE-YAIL-NNIDVIPIKDNKNNRSNNS------------------------------------------NTTYRLI---NCNTSTI-T---QA, 1.5947, 1, 0.068088
1.611706, -58.3305, [95, 96, 98, 99, 100], CHUNK, ['L', 'F', 'Y', 'K', 'T'], AKLTPLCVTLNCTNVTTNNNT-------------------------------------TEKGEIKN----CSFNI-T-TN--IRD-KK-NKE-YALF-YKTDVIPIKDNKNNRSNNS------------------------------------------NTTYRLI---NCNTSTI-T---QA, 1.5702, 1, 0.068088
1.613407, -60.7463, 94, POINT, S, AKLTPLCVTLNCTNVTTNNNT-------------------------------------TEKGEIKN----CSFNI-T-TN--IRD-KK-NKE-YSLF-YKTDVIPIKDNKNNRSNNS------------------------------------------NTTYRLI---NCNTSTI-T---QA, 1.5801, 1, 0.069363
1.611706, -64.4540, [94], CHUNK, ['A'], AKLTPLCVTLNCTNVTTNNNT-------------------------------------TEKGEIKN----CSFNI-T-TN--IRD-KK-NKE-YALF-YKTDVIPIKDNKNNRSNNS------------------------------------------NTTYRLI---NCNTSTI-T---QA, 1.5733, 1, 0.068088
1.613867, -64.7519, [64], CHUNK, ['T'], AKLTPLCVTLNCTNVTTNNNT-------------------------------------TEKGEITN----CSFNI-T-TN--IRD-KK-NKE-YALF-YKTDVIPIKDNKNNRSNNS------------------------------------------NTTYRLI---NCNTSTI-T---QA, 1.5733, 1, 0.068088
1.615567, -65.3813, 94, POINT, S, AKLTPLCVTLNCTNVTTNNNT-------------------------------------TEKGEITN----CSFNI-T-TN--IRD-KK-NKE-YSLF-YKTDVIPIKDNKNNRSNNS------------------------------------------NTTYRLI---NCNTSTI-T---QA, 1.6697, 1, 0.053552
1.619176, -65.4887, 103, POINT, V, AKLTPLCVTLNCTNVTTNNNT-------------------------------------TEKGEITN----CSFNI-T-TN--IRD-KK-NKE-YSLF-YKTDVVPIKDNKNNRSNNS------------------------------------------NTTYRLI---NCNTSTI-T---QA, 1.6697, 1, 0.052277
1.612303, -64.5857, 2, POINT, I, AKITPLCVTLNCTNVTTNNNT-------------------------------------TEKGEITN----CSFNI-T-TN--IRD-KK-NKE-YSLF-YKTDVVPIKDNKNNRSNNS------------------------------------------NTTYRLI---NCNTSTI-T---QA, 1.6697, 1, 0.052277
1.608694, -64.4783, 103, POINT, I, AKITPLCVTLNCTNVTTNNNT-------------------------------------TEKGEITN----CSFNI-T-TN--IRD-KK-NKE-YSLF-YKTDVIPIKDNKNNRSNNS------------------------------------------NTTYRLI---NCNTSTI-T---QA, 1.6697, 1, 0.052277
1.607688, -64.4835, 102, POINT, I, AKITPLCVTLNCTNVTTNNNT-------------------------------------TEKGEITN----CSFNI-T-TN--IRD-KK-NKE-YSLF-YKTDIIPIKDNKNNRSNNS------------------------------------------NTTYRLI---NCNTSTI-T---QA, 1.6697, 1, 0.052277
1.598519, -63.9711, 87, POINT, R, AKITPLCVTLNCTNVTTNNNT-------------------------------------TEKGEITN----CSFNI-T-TN--IRD-KR-NKE-YSLF-YKTDIIPIKDNKNNRSNNS------------------------------------------NTTYRLI---NCNTSTI-T---QA, 1.6697, 1, -1.000000
1.539076, -63.0772, [160, 161, 164], CHUNK, ['R', 'S', 'M'], AKITPLCVTLNCTNVTTNNNT-------------------------------------TEKGEITN----CSFNI-T-TN--IRD-KR-NKE-YSLF-YKTDIIPIKDNKNNRSNNS------------------------------------------NRSYRMI---NCNTSTI-T---QA, 1.6356, 1, -1.000000
1.543105, -63.1845, 103, POINT, V, AKITPLCVTLNCTNVTTNNNT-------------------------------------TEKGEITN----CSFNI-T-TN--IRD-KR-NKE-YSLF-YKTDIVPIKDNKNNRSNNS------------------------------------------NRSYRMI---NCNTSTI-T---QA, 1.6356, 1, -1.000000
1.533051, -62.1180, 101, POINT, V, AKITPLCVTLNCTNVTTNNNT-------------------------------------TEKGEITN----CSFNI-T-TN--IRD-KR-NKE-YSLF-YKTVIVPIKDNKNNRSNNS------------------------------------------NRSYRMI---NCNTSTI-T---QA, 1.6356, 1, -1.000000
1.552187, -62.5297, [102, 106, 107], CHUNK, ['V', 'D', 'N'], AKITPLCVTLNCTNVTTNNNT-------------------------------------TEKGEITN----CSFNI-T-TN--IRD-KR-NKE-YSLF-YKTVVVPIDNNKNNRSNNS------------------------------------------NRSYRMI---NCNTSTI-T---QA, 1.6356, 1, -1.000000
1.562931, -63.5963, [101], CHUNK, ['D'], AKITPLCVTLNCTNVTTNNNT-------------------------------------TEKGEITN----CSFNI-T-TN--IRD-KR-NKE-YSLF-YKTDVVPIDNNKNNRSNNS------------------------------------------NRSYRMI---NCNTSTI-T---QA, 1.6356, 1, -1.000000
1.585627, -64.4836, [164], CHUNK, ['L'], AKITPLCVTLNCTNVTTNNNT-------------------------------------TEKGEITN----CSFNI-T-TN--IRD-KR-NKE-YSLF-YKTDVVPIDNNKNNRSNNS------------------------------------------NRSYRLI---NCNTSTI-T---QA, 1.6231, 1, -1.000000
1.590832, -51.1014, [71], CHUNK, ['T'], AKITPLCVTLNCTNVTTNNNT-------------------------------------TEKGEITN----CTFNI-T-TN--IRD-KR-NKE-YSLF-YKTDVVPIDNNKNNRSNNS------------------------------------------NRSYRLI---NCNTSTI-T---QA, 1.8164, 1, -1.000000
1.590003, -60.8060, 102, POINT, I, AKITPLCVTLNCTNVTTNNNT-------------------------------------TEKGEITN----CTFNI-T-TN--IRD-KR-NKE-YSLF-YKTDIVPIDNNKNNRSNNS------------------------------------------NRSYRLI---NCNTSTI-T---QA, 1.7587, 1, -1.000000
1.589758, -60.2907, [102, 103, 106], CHUNK, ['V', 'I', 'K'], AKITPLCVTLNCTNVTTNNNT-------------------------------------TEKGEITN----CTFNI-T-TN--IRD-KR-NKE-YSLF-YKTDVIPIKNNKNNRSNNS------------------------------------------NRSYRLI---NCNTSTI-T---QA, 1.7587, 1, -1.000000
1.608302, -59.8948, [160], CHUNK, ['S'], AKITPLCVTLNCTNVTTNNNT-------------------------------------TEKGEITN----CTFNI-T-TN--IRD-KR-NKE-YSLF-YKTDVIPIKNNKNNRSNNS------------------------------------------NSSYRLI---NCNTSTI-T---QA, 1.7587, 1, -1.000000
1.614912, -61.1408, [93, 94], CHUNK, ['N', 'A'], AKITPLCVTLNCTNVTTNNNT-------------------------------------TEKGEITN----CTFNI-T-TN--IRD-KR-NKE-NALF-YKTDVIPIKNNKNNRSNNS------------------------------------------NSSYRLI---NCNTSTI-T---QA, 1.7587, 1, -1.000000
1.629118, -61.1305, [160], CHUNK, ['T'], AKITPLCVTLNCTNVTTNNNT-------------------------------------TEKGEITN----CTFNI-T-TN--IRD-KR-NKE-NALF-YKTDVIPIKNNKNNRSNNS------------------------------------------NTSYRLI---NCNTSTI-T---QA, 1.7587, 1, 0.052277
1.621679, -61.1263, 175, POINT, V, AKITPLCVTLNCTNVTTNNNT-------------------------------------TEKGEITN----CTFNI-T-TN--IRD-KR-NKE-NALF-YKTDVIPIKNNKNNRSNNS------------------------------------------NTSYRLI---NCNTSTV-T---QA, 1.7587, 1, 0.031633
1.615023, -61.5712, 60, POINT, D, AKITPLCVTLNCTNVTTNNNT-------------------------------------TEDGEITN----CTFNI-T-TN--IRD-KR-NKE-NALF-YKTDVIPIKNNKNNRSNNS------------------------------------------NTSYRLI---NCNTSTV-T---QA, 1.7587, 1, 0.031633
1.611495, -63.2335, 87, POINT, M, AKITPLCVTLNCTNVTTNNNT-------------------------------------TEDGEITN----CTFNI-T-TN--IRD-KM-NKE-NALF-YKTDVIPIKNNKNNRSNNS------------------------------------------NTSYRLI---NCNTSTV-T---QA, 1.7176, 1, 0.031633
1.629051, -63.9540, 106, POINT, N, AKITPLCVTLNCTNVTTNNNT-------------------------------------TEDGEITN----CTFNI-T-TN--IRD-KM-NKE-NALF-YKTDVIPINNNKNNRSNNS------------------------------------------NTSYRLI---NCNTSTV-T---QA, 1.8692, 1, -1.000000
1.639031, -64.3120, [0, 2], CHUNK, ['V', 'L'], VKLTPLCVTLNCTNVTTNNNT-------------------------------------TEDGEITN----CTFNI-T-TN--IRD-KM-NKE-NALF-YKTDVIPINNNKNNRSNNS------------------------------------------NTSYRLI---NCNTSTV-T---QA, 1.8692, 1, 0.031633
1.638356, -30.3045, [163], CHUNK, ['I'], VKLTPLCVTLNCTNVTTNNNT-------------------------------------TEDGEITN----CTFNI-T-TN--IRD-KM-NKE-NALF-YKTDVIPINNNKNNRSNNS------------------------------------------NTSYILI---NCNTSTV-T---QA, 1.7031, 1, 0.057318
1.634479, -37.2775, 64, POINT, K, VKLTPLCVTLNCTNVTTNNNT-------------------------------------TEDGEIKN----CTFNI-T-TN--IRD-KM-NKE-NALF-YKTDVIPINNNKNNRSNNS------------------------------------------NTSYILI---NCNTSTV-T---QA, 1.7614, 1, 0.057318
1.622166, -37.8594, 95, POINT, V, VKLTPLCVTLNCTNVTTNNNT-------------------------------------TEDGEIKN----CTFNI-T-TN--IRD-KM-NKE-NAVF-YKTDVIPINNNKNNRSNNS------------------------------------------NTSYILI---NCNTSTV-T---QA, 1.8236, 1, 0.057318
1.635654, -45.3281, [87], CHUNK, ['K'], VKLTPLCVTLNCTNVTTNNNT-------------------------------------TEDGEIKN----CTFNI-T-TN--IRD-KK-NKE-NAVF-YKTDVIPINNNKNNRSNNS------------------------------------------NTSYILI---NCNTSTV-T---QA, 1.6600, 1, 0.057318
1.637268, -52.8924, 182, POINT, T, VKLTPLCVTLNCTNVTTNNNT-------------------------------------TEDGEIKN----CTFNI-T-TN--IRD-KK-NKE-NAVF-YKTDVIPINNNKNNRSNNS------------------------------------------NTSYILI---NCNTSTV-T---QT, 1.6138, 1, 0.057318
1.635418, -52.8883, [93, 95], CHUNK, ['S', 'L'], VKLTPLCVTLNCTNVTTNNNT-------------------------------------TEDGEIKN----CTFNI-T-TN--IRD-KK-NKE-SALF-YKTDVIPINNNKNNRSNNS------------------------------------------NTSYILI---NCNTSTV-T---QT, 1.6645, 1, 0.057318
1.645482, -44.8606, [94], CHUNK, ['T'], VKLTPLCVTLNCTNVTTNNNT-------------------------------------TEDGEIKN----CTFNI-T-TN--IRD-KK-NKE-STLF-YKTDVIPINNNKNNRSNNS------------------------------------------NTSYILI---NCNTSTV-T---QT, 1.8104, 1, 0.057318
1.649195, -52.8173, 103, POINT, V, VKLTPLCVTLNCTNVTTNNNT-------------------------------------TEDGEIKN----CTFNI-T-TN--IRD-KK-NKE-STLF-YKTDVVPINNNKNNRSNNS------------------------------------------NTSYILI---NCNTSTV-T---QT, 2.0647, 1, 0.051489
1.642059, -55.1006, [175, 177], CHUNK, ['I', 'K'], VKLTPLCVTLNCTNVTTNNNT-------------------------------------TEDGEIKN----CTFNI-T-TN--IRD-KK-NKE-STLF-YKTDVVPINNNKNNRSNNS------------------------------------------NTSYILI---NCNTSTI-K---QT, 1.9748, 1, 0.051489
1.643005, -57.0771, 19, POINT, T, VKLTPLCVTLNCTNVTTNNTT-------------------------------------TEDGEIKN----CTFNI-T-TN--IRD-KK-NKE-STLF-YKTDVVPINNNKNNRSNNS------------------------------------------NTSYILI---NCNTSTI-K---QT, 1.9387, 1, 0.051489
1.634512, -57.5018, [174], CHUNK, ['V'], VKLTPLCVTLNCTNVTTNNTT-------------------------------------TEDGEIKN----CTFNI-T-TN--IRD-KK-NKE-STLF-YKTDVVPINNNKNNRSNNS------------------------------------------NTSYILI---NCNTSVI-K---QT, 1.9609, 1, 0.051489
1.635280, -58.8328, [100], CHUNK, ['L'], VKLTPLCVTLNCTNVTTNNTT-------------------------------------TEDGEIKN----CTFNI-T-TN--IRD-KK-NKE-STLF-YKLDVVPINNNKNNRSNNS------------------------------------------NTSYILI---NCNTSVI-K---QT, 1.9609, 1, -1.000000
1.631458, -58.4754, 159, POINT, T, VKLTPLCVTLNCTNVTTNNTT-------------------------------------TEDGEIKN----CTFNI-T-TN--IRD-KK-NKE-STLF-YKLDVVPINNNKNNRSNNS------------------------------------------TTSYILI---NCNTSVI-K---QT, 1.9609, 1, 0.051489
1.644768, -59.3327, [177, 182], CHUNK, ['T', 'A'], VKLTPLCVTLNCTNVTTNNTT-------------------------------------TEDGEIKN----CTFNI-T-TN--IRD-KK-NKE-STLF-YKLDVVPINNNKNNRSNNS------------------------------------------TTSYILI---NCNTSVI-T---QA, 1.9609, 1, -1.000000
1.639679, -59.3727, 102, POINT, L, VKLTPLCVTLNCTNVTTNNTT-------------------------------------TEDGEIKN----CTFNI-T-TN--IRD-KK-NKE-STLF-YKLDLVPINNNKNNRSNNS------------------------------------------TTSYILI---NCNTSVI-T---QA, 1.9609, 1, 0.051489
1.656428, -60.9907, [116], CHUNK, ['T'], VKLTPLCVTLNCTNVTTNNTT-------------------------------------TEDGEIKN----CTFNI-T-TN--IRD-KK-NKE-STLF-YKLDLVPINNNKNNRSNNT------------------------------------------TTSYILI---NCNTSVI-T---QA, 1.8488, 1, 0.051489
1.640480, -58.5450, 5, POINT, V, VKLTPVCVTLNCTNVTTNNTT-------------------------------------TEDGEIKN----CTFNI-T-TN--IRD-KK-NKE-STLF-YKLDLVPINNNKNNRSNNT------------------------------------------TTSYILI---NCNTSVI-T---QA, 1.8318, 1, 0.060804
1.639282, -61.5380, 91, POINT, V, VKLTPVCVTLNCTNVTTNNTT-------------------------------------TEDGEIKN----CTFNI-T-TN--IRD-KK-NKV-STLF-YKLDLVPINNNKNNRSNNT------------------------------------------TTSYILI---NCNTSVI-T---QA, 1.7193, 1, 0.060804
1.641914, -62.3775, [163], CHUNK, ['R'], VKLTPVCVTLNCTNVTTNNTT-------------------------------------TEDGEIKN----CTFNI-T-TN--IRD-KK-NKV-STLF-YKLDLVPINNNKNNRSNNT------------------------------------------TTSYRLI---NCNTSVI-T---QA, 1.7193, 1, 0.060804
1.628627, -62.6790, 165, POINT, V, VKLTPVCVTLNCTNVTTNNTT-------------------------------------TEDGEIKN----CTFNI-T-TN--IRD-KK-NKV-STLF-YKLDLVPINNNKNNRSNNT------------------------------------------TTSYRLV---NCNTSVI-T---QA, 1.5653, 1, 0.060804
1.632012, -62.2531, [175], CHUNK, ['T'], VKLTPVCVTLNCTNVTTNNTT-------------------------------------TEDGEIKN----CTFNI-T-TN--IRD-KK-NKV-STLF-YKLDLVPINNNKNNRSNNT------------------------------------------TTSYRLV---NCNTSVT-T---QA, 1.5653, 1, -1.000000
1.608322, -62.7447, [79], CHUNK, ['E'], VKLTPVCVTLNCTNVTTNNTT-------------------------------------TEDGEIKN----CTFNI-T-TE--IRD-KK-NKV-STLF-YKLDLVPINNNKNNRSNNT------------------------------------------TTSYRLV---NCNTSVT-T---QA, 1.5653, 1, -1.000000
1.590564, -63.1599, 3, POINT, A, VKLAPVCVTLNCTNVTTNNTT-------------------------------------TEDGEIKN----CTFNI-T-TE--IRD-KK-NKV-STLF-YKLDLVPINNNKNNRSNNT------------------------------------------TTSYRLV---NCNTSVT-T---QA, 1.5653, 1, -1.000000
1.613993, -61.5693, 165, POINT, T, VKLAPVCVTLNCTNVTTNNTT-------------------------------------TEDGEIKN----CTFNI-T-TE--IRD-KK-NKV-STLF-YKLDLVPINNNKNNRSNNT------------------------------------------TTSYRLT---NCNTSVT-T---QA, 1.5662, 1, -1.000000
1.624303, -62.6428, 79, POINT, S, VKLAPVCVTLNCTNVTTNNTT-------------------------------------TEDGEIKN----CTFNI-T-TS--IRD-KK-NKV-STLF-YKLDLVPINNNKNNRSNNT------------------------------------------TTSYRLT---NCNTSVT-T---QA, 1.5414, 1, -1.000000
1.606925, -64.1730, [174, 175], CHUNK, ['A', 'V'], VKLAPVCVTLNCTNVTTNNTT-------------------------------------TEDGEIKN----CTFNI-T-TS--IRD-KK-NKV-STLF-YKLDLVPINNNKNNRSNNT------------------------------------------TTSYRLT---NCNTSAV-T---QA, 1.6066, 1, -1.000000
1.625492, -63.2493, 109, POINT, S, VKLAPVCVTLNCTNVTTNNTT-------------------------------------TEDGEIKN----CTFNI-T-TS--IRD-KK-NKV-STLF-YKLDLVPINNNSNNRSNNT------------------------------------------TTSYRLT---NCNTSAV-T---QA, 1.6066, 1, -1.000000
1.640201, -63.0428, [174], CHUNK, ['T'], VKLAPVCVTLNCTNVTTNNTT-------------------------------------TEDGEIKN----CTFNI-T-TS--IRD-KK-NKV-STLF-YKLDLVPINNNSNNRSNNT------------------------------------------TTSYRLT---NCNTSTV-T---QA, 1.5513, 1, -1.000000
1.621157, -62.4205, 162, POINT, H, VKLAPVCVTLNCTNVTTNNTT-------------------------------------TEDGEIKN----CTFNI-T-TS--IRD-KK-NKV-STLF-YKLDLVPINNNSNNRSNNT------------------------------------------TTSHRLT---NCNTSTV-T---QA, 1.5513, 1, 0.060804
1.607745, -62.2235, 159, POINT, S, VKLAPVCVTLNCTNVTTNNTT-------------------------------------TEDGEIKN----CTFNI-T-TS--IRD-KK-NKV-STLF-YKLDLVPINNNSNNRSNNT------------------------------------------STSHRLT---NCNTSTV-T---QA, 1.5384, 1, -1.000000
1.602428, -63.4240, [63], CHUNK, ['L'], VKLAPVCVTLNCTNVTTNNTT-------------------------------------TEDGELKN----CTFNI-T-TS--IRD-KK-NKV-STLF-YKLDLVPINNNSNNRSNNT------------------------------------------STSHRLT---NCNTSTV-T---QA, 1.5489, 1, -1.000000
1.601252, -63.7332, 182, POINT, D, VKLAPVCVTLNCTNVTTNNTT-------------------------------------TEDGELKN----CTFNI-T-TS--IRD-KK-NKV-STLF-YKLDLVPINNNSNNRSNNT------------------------------------------STSHRLT---NCNTSTV-T---QD, 1.5985, 1, -1.000000
1.607573, -63.9422, 101, POINT, N, VKLAPVCVTLNCTNVTTNNTT-------------------------------------TEDGELKN----CTFNI-T-TS--IRD-KK-NKV-STLF-YKLNLVPINNNSNNRSNNT------------------------------------------STSHRLT---NCNTSTV-T---QD, 1.5985, 1, -1.000000
1.622044, -63.8649, 93, POINT, N, VKLAPVCVTLNCTNVTTNNTT-------------------------------------TEDGELKN----CTFNI-T-TS--IRD-KK-NKV-NTLF-YKLNLVPINNNSNNRSNNT------------------------------------------STSHRLT---NCNTSTV-T---QD, 1.5985, 1, -1.000000
1.637264, -64.8387, [159], CHUNK, ['N'], VKLAPVCVTLNCTNVTTNNTT-------------------------------------TEDGELKN----CTFNI-T-TS--IRD-KK-NKV-NTLF-YKLNLVPINNNSNNRSNNT------------------------------------------NTSHRLT---NCNTSTV-T---QD, 1.5985, 1, -1.000000
1.645011, -52.0088, [60, 63], CHUNK, ['V', 'I'], VKLAPVCVTLNCTNVTTNNTT-------------------------------------TEVGEIKN----CTFNI-T-TS--IRD-KK-NKV-NTLF-YKLNLVPINNNSNNRSNNT------------------------------------------NTSHRLT---NCNTSTV-T---QD, 1.7156, 1, -1.000000
1.642107, -39.3819, 87, POINT, V, VKLAPVCVTLNCTNVTTNNTT-------------------------------------TEVGEIKN----CTFNI-T-TS--IRD-KV-NKV-NTLF-YKLNLVPINNNSNNRSNNT------------------------------------------NTSHRLT---NCNTSTV-T---QD, 2.1369, 1, 0.060804
1.635385, -48.9039, 2, POINT, I, VKIAPVCVTLNCTNVTTNNTT-------------------------------------TEVGEIKN----CTFNI-T-TS--IRD-KV-NKV-NTLF-YKLNLVPINNNSNNRSNNT------------------------------------------NTSHRLT---NCNTSTV-T---QD, 2.1373, 1, 0.060804
1.642107, -51.7561, 2, POINT, L, VKLAPVCVTLNCTNVTTNNTT-------------------------------------TEVGEIKN----CTFNI-T-TS--IRD-KV-NKV-NTLF-YKLNLVPINNNSNNRSNNT------------------------------------------NTSHRLT---NCNTSTV-T---QD, 2.1300, 1, -1.000000
1.643512, -39.5702, 61, POINT, D, VKLAPVCVTLNCTNVTTNNTT-------------------------------------TEVDEIKN----CTFNI-T-TS--IRD-KV-NKV-NTLF-YKLNLVPINNNSNNRSNNT------------------------------------------NTSHRLT---NCNTSTV-T---QD, 2.0838, 1, 0.060804
1.640697, -41.9726, [71], CHUNK, ['S'], VKLAPVCVTLNCTNVTTNNTT-------------------------------------TEVDEIKN----CSFNI-T-TS--IRD-KV-NKV-NTLF-YKLNLVPINNNSNNRSNNT------------------------------------------NTSHRLT---NCNTSTV-T---QD, 2.0093, 1, 0.060804
1.640099, -43.7716, 5, POINT, I, VKLAPICVTLNCTNVTTNNTT-------------------------------------TEVDEIKN----CSFNI-T-TS--IRD-KV-NKV-NTLF-YKLNLVPINNNSNNRSNNT------------------------------------------NTSHRLT---NCNTSTV-T---QD, 1.9958, 1, -1.000000
1.639035, -44.3854, 14, POINT, L, VKLAPICVTLNCTNLTTNNTT-------------------------------------TEVDEIKN----CSFNI-T-TS--IRD-KV-NKV-NTLF-YKLNLVPINNNSNNRSNNT------------------------------------------NTSHRLT---NCNTSTV-T---QD, 1.9958, 1, -1.000000
1.652552, -43.4158, 104, POINT, S, VKLAPICVTLNCTNLTTNNTT-------------------------------------TEVDEIKN----CSFNI-T-TS--IRD-KV-NKV-NTLF-YKLNLVSINNNSNNRSNNT------------------------------------------NTSHRLT---NCNTSTV-T---QD, 1.9958, 1, -1.000000
1.654331, -43.8281, [79], CHUNK, ['T'], VKLAPICVTLNCTNLTTNNTT-------------------------------------TEVDEIKN----CSFNI-T-TT--IRD-KV-NKV-NTLF-YKLNLVSINNNSNNRSNNT------------------------------------------NTSHRLT---NCNTSTV-T---QD, 1.9958, 1, 0.060804
1.659253, -43.0152, 99, POINT, S, VKLAPICVTLNCTNLTTNNTT-------------------------------------TEVDEIKN----CSFNI-T-TT--IRD-KV-NKV-NTLF-YSLNLVSINNNSNNRSNNT------------------------------------------NTSHRLT---NCNTSTV-T---QD, 1.9958, 1, 0.060804
1.651126, -43.3114, 174, POINT, V, VKLAPICVTLNCTNLTTNNTT-------------------------------------TEVDEIKN----CSFNI-T-TT--IRD-KV-NKV-NTLF-YSLNLVSINNNSNNRSNNT------------------------------------------NTSHRLT---NCNTSVV-T---QD, 1.9958, 1, 0.010389
1.685431, -44.0236, [3, 5], CHUNK, ['T', 'L'], VKLTPLCVTLNCTNLTTNNTT-------------------------------------TEVDEIKN----CSFNI-T-TT--IRD-KV-NKV-NTLF-YSLNLVSINNNSNNRSNNT------------------------------------------NTSHRLT---NCNTSVV-T---QD, 1.9958, 1, 0.010389
1.686885, -43.3251, [174, 175, 177], CHUNK, ['T', 'I', 'K'], VKLTPLCVTLNCTNLTTNNTT-------------------------------------TEVDEIKN----CSFNI-T-TT--IRD-KV-NKV-NTLF-YSLNLVSINNNSNNRSNNT------------------------------------------NTSHRLT---NCNTSTI-K---QD, 1.9958, 1, 0.057902
1.700220, -43.7723, [177], CHUNK, ['T'], VKLTPLCVTLNCTNLTTNNTT-------------------------------------TEVDEIKN----CSFNI-T-TT--IRD-KV-NKV-NTLF-YSLNLVSINNNSNNRSNNT------------------------------------------NTSHRLT---NCNTSTI-T---QD, 1.9958, 1, 0.057902
1.711801, -42.6234, [79], CHUNK, ['N'], VKLTPLCVTLNCTNLTTNNTT-------------------------------------TEVDEIKN----CSFNI-T-TN--IRD-KV-NKV-NTLF-YSLNLVSINNNSNNRSNNT------------------------------------------NTSHRLT---NCNTSTI-T---QD, 1.9958, 1, 0.058928
1.723100, -44.2873, [84], CHUNK, ['N'], VKLTPLCVTLNCTNLTTNNTT-------------------------------------TEVDEIKN----CSFNI-T-TN--IRN-KV-NKV-NTLF-YSLNLVSINNNSNNRSNNT------------------------------------------NTSHRLT---NCNTSTI-T---QD, 1.9929, 1, 0.065130
1.725872, -44.6585, 102, POINT, I, VKLTPLCVTLNCTNLTTNNTT-------------------------------------TEVDEIKN----CSFNI-T-TN--IRN-KV-NKV-NTLF-YSLNIVSINNNSNNRSNNT------------------------------------------NTSHRLT---NCNTSTI-T---QD, 1.9929, 1, 0.062593
1.697759, -46.5547, [172, 174], CHUNK, ['S', 'V'], VKLTPLCVTLNCTNLTTNNTT-------------------------------------TEVDEIKN----CSFNI-T-TN--IRN-KV-NKV-NTLF-YSLNIVSINNNSNNRSNNT------------------------------------------NTSHRLT---NCNSSVI-T---QD, 1.9929, 1, 0.062593
1.700330, -47.4236, 161, POINT, N, VKLTPLCVTLNCTNLTTNNTT-------------------------------------TEVDEIKN----CSFNI-T-TN--IRN-KV-NKV-NTLF-YSLNIVSINNNSNNRSNNT------------------------------------------NTNHRLT---NCNSSVI-T---QD, 1.9929, 1, 0.062593
1.696583, -47.0752, [74], CHUNK, ['V'], VKLTPLCVTLNCTNLTTNNTT-------------------------------------TEVDEIKN----CSFNV-T-TN--IRN-KV-NKV-NTLF-YSLNIVSINNNSNNRSNNT------------------------------------------NTNHRLT---NCNSSVI-T---QD, 1.9929, 1, 0.062593
1.702147, -41.8168, [169, 172], CHUNK, ['S', 'T'], VKLTPLCVTLNCTNLTTNNTT-------------------------------------TEVDEIKN----CSFNV-T-TN--IRN-KV-NKV-NTLF-YSLNIVSINNNSNNRSNNT------------------------------------------NTNHRLT---SCNTSVI-T---QD, 1.9929, 1, 0.062593
1.705791, -45.9551, [165, 169], CHUNK, ['I', 'N'], VKLTPLCVTLNCTNLTTNNTT-------------------------------------TEVDEIKN----CSFNV-T-TN--IRN-KV-NKV-NTLF-YSLNIVSINNNSNNRSNNT------------------------------------------NTNHRLI---NCNTSVI-T---QD, 1.9929, 1, 0.062593
1.707974, -51.8396, 60, POINT, K, VKLTPLCVTLNCTNLTTNNTT-------------------------------------TEKDEIKN----CSFNV-T-TN--IRN-KV-NKV-NTLF-YSLNIVSINNNSNNRSNNT------------------------------------------NTNHRLI---NCNTSVI-T---QD, 2.0323, 1, 0.062593
1.674160, -33.2385, [62, 63, 65], CHUNK, ['T', 'M', 'I'], VKLTPLCVTLNCTNLTTNNTT-------------------------------------TEKDTMKI----CSFNV-T-TN--IRN-KV-NKV-NTLF-YSLNIVSINNNSNNRSNNT------------------------------------------NTNHRLI---NCNTSVI-T---QD, 2.3483, 1, 0.062593
1.678636, -35.4520, [71], CHUNK, ['T'], VKLTPLCVTLNCTNLTTNNTT-------------------------------------TEKDTMKI----CTFNV-T-TN--IRN-KV-NKV-NTLF-YSLNIVSINNNSNNRSNNT------------------------------------------NTNHRLI---NCNTSVI-T---QD, 2.2407, 0, -1.000000
1.676714, -25.1800, 61, POINT, K, VKLTPLCVTLNCTNLTTNNTT-------------------------------------TEKKTMKI----CSFNV-T-TN--IRN-KV-NKV-NTLF-YSLNIVSINNNSNNRSNNT------------------------------------------NTNHRLI---NCNTSVI-T---QD, 2.1261, 1, -1.000000
1.697329, -31.0484, 98, POINT, N, VKLTPLCVTLNCTNLTTNNTT-------------------------------------TEKKTMKI----CSFNV-T-TN--IRN-KV-NKV-NTLF-NSLNIVSINNNSNNRSNNT------------------------------------------NTNHRLI---NCNTSVI-T---QD, 1.9925, 1, -1.000000
1.682278, -32.4791, [73, 74], CHUNK, ['S', 'T'], VKLTPLCVTLNCTNLTTNNTT-------------------------------------TEKKTMKI----CSFST-T-TN--IRN-KV-NKV-NTLF-NSLNIVSINNNSNNRSNNT------------------------------------------NTNHRLI---NCNTSVI-T---QD, 1.9374, 1, 0.062593
1.699771, -11.6749, [73, 74], CHUNK, ['N', 'I'], VKLTPLCVTLNCTNLTTNNTT-------------------------------------TEKKTMKI----CSFNI-T-TN--IRN-KV-NKV-NTLF-NSLNIVSINNNSNNRSNNT------------------------------------------NTNHRLI---NCNTSVI-T---QD, 2.1833, 0, -1.000000
1.688523, -19.7046, 96, POINT, L, VKLTPLCVTLNCTNLTTNNTT-------------------------------------TEKKTMKI----CSFST-T-TN--IRN-KV-NKV-NTLL-NSLNIVSINNNSNNRSNNT------------------------------------------NTNHRLI---NCNTSVI-T---QD, 1.9307, 1, -1.000000
1.705997, -17.4675, 60, POINT, T, VKLTPLCVTLNCTNLTTNNTT-------------------------------------TETKTMKI----CSFST-T-TN--IRN-KV-NKV-NTLL-NSLNIVSINNNSNNRSNNT------------------------------------------NTNHRLI---NCNTSVI-T---QD, 1.9307, 1, -1.000000
1.724075, -17.9506, [161, 162], CHUNK, ['S', 'Y'], VKLTPLCVTLNCTNLTTNNTT-------------------------------------TETKTMKI----CSFST-T-TN--IRN-KV-NKV-NTLL-NSLNIVSINNNSNNRSNNT------------------------------------------NTSYRLI---NCNTSVI-T---QD, 1.8855, 1, 0.062593
1.731972, -21.4986, 174, POINT, T, VKLTPLCVTLNCTNLTTNNTT-------------------------------------TETKTMKI----CSFST-T-TN--IRN-KV-NKV-NTLL-NSLNIVSINNNSNNRSNNT------------------------------------------NTSYRLI---NCNTSTI-T---QD, 1.8211, 1, 0.062593
1.731360, -20.9779, [163], CHUNK, ['I'], VKLTPLCVTLNCTNLTTNNTT-------------------------------------TETKTMKI----CSFST-T-TN--IRN-KV-NKV-NTLL-NSLNIVSINNNSNNRSNNT------------------------------------------NTSYILI---NCNTSTI-T---QD, 1.8211, 1, 0.058554
1.719003, -20.2545, 102, POINT, A, VKLTPLCVTLNCTNLTTNNTT-------------------------------------TETKTMKI----CSFST-T-TN--IRN-KV-NKV-NTLL-NSLNAVSINNNSNNRSNNT------------------------------------------NTSYILI---NCNTSTI-T---QD, 1.8211, 1, 0.058554
1.739476, -32.0485, 61, POINT, N, VKLTPLCVTLNCTNLTTNNTT-------------------------------------TETNTMKI----CSFST-T-TN--IRN-KV-NKV-NTLL-NSLNAVSINNNSNNRSNNT------------------------------------------NTSYILI---NCNTSTI-T---QD, 1.8211, 1, 0.058554
1.738443, -33.8642, [73, 74], CHUNK, ['N', 'M'], VKLTPLCVTLNCTNLTTNNTT-------------------------------------TETNTMKI----CSFNM-T-TN--IRN-KV-NKV-NTLL-NSLNAVSINNNSNNRSNNT------------------------------------------NTSYILI---NCNTSTI-T---QD, 1.8332, 1, 0.052725
1.754267, -37.9725, 163, POINT, T, VKLTPLCVTLNCTNLTTNNTT-------------------------------------TETNTMKI----CSFNM-T-TN--IRN-KV-NKV-NTLL-NSLNAVSINNNSNNRSNNT------------------------------------------NTSYTLI---NCNTSTI-T---QD, 1.8332, 1, 0.052725
1.785805, -38.3410, [74], CHUNK, ['T'], VKLTPLCVTLNCTNLTTNNTT-------------------------------------TETNTMKI----CSFNT-T-TN--IRN-KV-NKV-NTLL-NSLNAVSINNNSNNRSNNT------------------------------------------NTSYTLI---NCNTSTI-T---QD, 1.7867, 1, 0.051240
1.791706, -37.7667, 162, POINT, S, VKLTPLCVTLNCTNLTTNNTT-------------------------------------TETNTMKI----CSFNT-T-TN--IRN-KV-NKV-NTLL-NSLNAVSINNNSNNRSNNT------------------------------------------NTSSTLI---NCNTSTI-T---QD, 1.7867, 1, 0.051240
1.776739, -38.6510, [169], CHUNK, ['S'], VKLTPLCVTLNCTNLTTNNTT-------------------------------------TETNTMKI----CSFNT-T-TN--IRN-KV-NKV-NTLL-NSLNAVSINNNSNNRSNNT------------------------------------------NTSSTLI---SCNTSTI-T---QD, 1.7867, 1, 0.051240
1.791706, -39.2567, [169], CHUNK, ['N'], VKLTPLCVTLNCTNLTTNNTT-------------------------------------TETNTMKI----CSFNT-T-TN--IRN-KV-NKV-NTLL-NSLNAVSINNNSNNRSNNT------------------------------------------NTSSTLI---NCNTSTI-T---QD, 1.8033, 1, 0.051240
1.783016, -38.7357, [109, 110, 112, 114], CHUNK, ['D', 'S', 'N', 'S'], VKLTPLCVTLNCTNLTTNNTT-------------------------------------TETNTMKI----CSFNT-T-TN--IRN-KV-NKV-NTLL-NSLNAVSINNNDSNNSSNT------------------------------------------NTSSTLI---NCNTSTI-T---QD, 1.8033, 1, 0.051240
1.771225, -23.2232, 14, POINT, Y, VKLTPLCVTLNCTNYTTNNTT-------------------------------------TETNTMKI----CSFNT-T-TN--IRN-KV-NKV-NTLL-NSLNAVSINNNDSNNSSNT------------------------------------------NTSSTLI---NCNTSTI-T---QD, 2.3394, 1, 0.051240
1.796131, -29.8966, 100, POINT, T, VKLTPLCVTLNCTNYTTNNTT-------------------------------------TETNTMKI----CSFNT-T-TN--IRN-KV-NKV-NTLL-NSTNAVSINNNDSNNSSNT------------------------------------------NTSSTLI---NCNTSTI-T---QD, 2.4143, 1, 0.051240
1.775837, -31.5193, 163, POINT, V, VKLTPLCVTLNCTNYTTNNTT-------------------------------------TETNTMKI----CSFNT-T-TN--IRN-KV-NKV-NTLL-NSTNAVSINNNDSNNSSNT------------------------------------------NTSSVLI---NCNTSTI-T---QD, 2.2879, 1, 0.050881
1.767732, -36.0543, 96, POINT, F, VKLTPLCVTLNCTNYTTNNTT-------------------------------------TETNTMKI----CSFNT-T-TN--IRN-KV-NKV-NTLF-NSTNAVSINNNDSNNSSNT------------------------------------------NTSSVLI---NCNTSTI-T---QD, 2.2879, 1, 0.050881
1.775837, -34.0752, 96, POINT, L, VKLTPLCVTLNCTNYTTNNTT-------------------------------------TETNTMKI----CSFNT-T-TN--IRN-KV-NKV-NTLL-NSTNAVSINNNDSNNSSNT------------------------------------------NTSSVLI---NCNTSTI-T---QD, 2.3909, 1, 0.050881
1.762938, -33.6675, [177, 182], CHUNK, ['K', 'A'], VKLTPLCVTLNCTNYTTNNTT-------------------------------------TETNTMKI----CSFNT-T-TN--IRN-KV-NKV-NTLL-NSTNAVSINNNDSNNSSNT------------------------------------------NTSSVLI---NCNTSTI-K---QA, 2.4554, 1, 0.050881
1.800459, -31.7205, [65], CHUNK, ['N'], VKLTPLCVTLNCTNYTTNNTT-------------------------------------TETNTMKN----CSFNT-T-TN--IRN-KV-NKV-NTLL-NSTNAVSINNNDSNNSSNT------------------------------------------NTSSVLI---NCNTSTI-K---QA, 2.4554, 1, -1.000000
1.807030, -32.8152, 9, POINT, N, VKLTPLCVTNNCTNYTTNNTT-------------------------------------TETNTMKN----CSFNT-T-TN--IRN-KV-NKV-NTLL-NSTNAVSINNNDSNNSSNT------------------------------------------NTSSVLI---NCNTSTI-K---QA, 2.4037, 1, 0.049792
1.821400, -33.4306, [177], CHUNK, ['T'], VKLTPLCVTNNCTNYTTNNTT-------------------------------------TETNTMKN----CSFNT-T-TN--IRN-KV-NKV-NTLL-NSTNAVSINNNDSNNSSNT------------------------------------------NTSSVLI---NCNTSTI-T---QA, 2.4037, 1, 0.013069
1.833409, -34.1340, 102, POINT, I, VKLTPLCVTNNCTNYTTNNTT-------------------------------------TETNTMKN----CSFNT-T-TN--IRN-KV-NKV-NTLL-NSTNIVSINNNDSNNSSNT------------------------------------------NTSSVLI---NCNTSTI-T---QA, 2.4037, 1, 0.016397
1.835741, -34.1425, [163], CHUNK, ['R'], VKLTPLCVTNNCTNYTTNNTT-------------------------------------TETNTMKN----CSFNT-T-TN--IRN-KV-NKV-NTLL-NSTNIVSINNNDSNNSSNT------------------------------------------NTSSRLI---NCNTSTI-T---QA, 2.3132, 0, 0.016397
1.838325, -34.7931, 87, POINT, K, VKLTPLCVTNNCTNYTTNNTT-------------------------------------TETNTMKN----CSFNT-T-TN--IRN-KK-NKV-NTLL-NSTNIVSINNNDSNNSSNT------------------------------------------NTSSVLI---NCNTSTI-T---QA, 2.4037, 0, 0.016397
1.838124, -33.5996, 163, POINT, I, VKLTPLCVTNNCTNYTTNNTT-------------------------------------TETNTMKN----CSFNT-T-TN--IRN-KV-NKV-NTLL-NSTNIVSINNNDSNNSSNT------------------------------------------NTSSILI---NCNTSTI-T---QA, 2.4037, 1, 0.016397
1.838264, -32.9254, [165, 169], CHUNK, ['T', 'S'], VKLTPLCVTNNCTNYTTNNTT-------------------------------------TETNTMKN----CSFNT-T-TN--IRN-KV-NKV-NTLL-NSTNIVSINNNDSNNSSNT------------------------------------------NTSSILT---SCNTSTI-T---QA, 2.4037, 1, 0.017073
1.828508, -32.3645, 90, POINT, R, VKLTPLCVTNNCTNYTTNNTT-------------------------------------TETNTMKN----CSFNT-T-TN--IRN-KV-NRV-NTLL-NSTNIVSINNNDSNNSSNT------------------------------------------NTSSILT---SCNTSTI-T---QA, 2.7185, 1, 0.013029
1.804051, -32.4305, 79, POINT, E, VKLTPLCVTNNCTNYTTNNTT-------------------------------------TETNTMKN----CSFNT-T-TE--IRN-KV-NRV-NTLL-NSTNIVSINNNDSNNSSNT------------------------------------------NTSSILT---SCNTSTI-T---QA, 2.7185, 1, 0.013029
1.816239, -35.3472, 14, POINT, V, VKLTPLCVTNNCTNVTTNNTT-------------------------------------TETNTMKN----CSFNT-T-TE--IRN-KV-NRV-NTLL-NSTNIVSINNNDSNNSSNT------------------------------------------NTSSILT---SCNTSTI-T---QA, 2.3446, 1, 0.013029
1.809202, -34.6934, 2, POINT, I, VKITPLCVTNNCTNVTTNNTT-------------------------------------TETNTMKN----CSFNT-T-TE--IRN-KV-NRV-NTLL-NSTNIVSINNNDSNNSSNT------------------------------------------NTSSILT---SCNTSTI-T---QA, 2.2414, 1, 0.013029
1.807949, -34.2998, [79], CHUNK, ['V'], VKITPLCVTNNCTNVTTNNTT-------------------------------------TETNTMKN----CSFNT-T-TV--IRN-KV-NRV-NTLL-NSTNIVSINNNDSNNSSNT------------------------------------------NTSSILT---SCNTSTI-T---QA, 2.1847, 1, 0.013029
1.795413, -33.6251, [84], CHUNK, ['D'], VKITPLCVTNNCTNVTTNNTT-------------------------------------TETNTMKN----CSFNT-T-TV--IRD-KV-NRV-NTLL-NSTNIVSINNNDSNNSSNT------------------------------------------NTSSILT---SCNTSTI-T---QA, 2.1847, 1, 0.013029
1.794079, -34.1039, 87, POINT, I, VKITPLCVTNNCTNVTTNNTT-------------------------------------TETNTMKN----CSFNT-T-TV--IRD-KI-NRV-NTLL-NSTNIVSINNNDSNNSSNT------------------------------------------NTSSILT---SCNTSTI-T---QA, 2.1581, 1, -1.000000
1.781209, -33.8572, [177], CHUNK, ['K'], VKITPLCVTNNCTNVTTNNTT-------------------------------------TETNTMKN----CSFNT-T-TV--IRD-KI-NRV-NTLL-NSTNIVSINNNDSNNSSNT------------------------------------------NTSSILT---SCNTSTI-K---QA, 2.1581, 1, -1.000000
1.785289, -34.8309, 71, POINT, T, VKITPLCVTNNCTNVTTNNTT-------------------------------------TETNTMKN----CTFNT-T-TV--IRD-KI-NRV-NTLL-NSTNIVSINNNDSNNSSNT------------------------------------------NTSSILT---SCNTSTI-K---QA, 2.1581, 1, -1.000000
1.781596, -34.4930, 105, POINT, L, VKITPLCVTNNCTNVTTNNTT-------------------------------------TETNTMKN----CTFNT-T-TV--IRD-KI-NRV-NTLL-NSTNIVSLNNNDSNNSSNT------------------------------------------NTSSILT---SCNTSTI-K---QA, 2.1581, 1, -1.000000
1.768327, -34.7864, 99, POINT, K, VKITPLCVTNNCTNVTTNNTT-------------------------------------TETNTMKN----CTFNT-T-TV--IRD-KI-NRV-NTLL-NKTNIVSLNNNDSNNSSNT------------------------------------------NTSSILT---SCNTSTI-K---QA, 2.1581, 1, -1.000000
1.782481, -33.9847, [169], CHUNK, ['N'], VKITPLCVTNNCTNVTTNNTT-------------------------------------TETNTMKN----CTFNT-T-TV--IRD-KI-NRV-NTLL-NKTNIVSLNNNDSNNSSNT------------------------------------------NTSSILT---NCNTSTI-K---QA, 2.1581, 1, -1.000000
1.738809, -35.3568, 65, POINT, R, VKITPLCVTNNCTNVTTNNTT-------------------------------------TETNTMKR----CTFNT-T-TV--IRD-KI-NRV-NTLL-NKTNIVSLNNNDSNNSSNT------------------------------------------NTSSILT---NCNTSTI-K---QA, 2.1581, 1, -1.000000
1.750234, -35.5535, 90, POINT, K, VKITPLCVTNNCTNVTTNNTT-------------------------------------TETNTMKR----CTFNT-T-TV--IRD-KI-NKV-NTLL-NKTNIVSLNNNDSNNSSNT------------------------------------------NTSSILT---NCNTSTI-K---QA, 2.1581, 1, -1.000000
1.783020, -32.5621, [64, 65], CHUNK, ['N', 'C'], VKITPLCVTNNCTNVTTNNTT-------------------------------------TETNTMNC----CTFNT-T-TV--IRD-KI-NKV-NTLL-NKTNIVSLNNNDSNNSSNT------------------------------------------NTSSILT---NCNTSTI-K---QA, 2.1286, 1, -1.000000
1.789297, -35.1697, 63, POINT, V, VKITPLCVTNNCTNVTTNNTT-------------------------------------TETNTVNC----CTFNT-T-TV--IRD-KI-NKV-NTLL-NKTNIVSLNNNDSNNSSNT------------------------------------------NTSSILT---NCNTSTI-K---QA, 2.2317, 1, -1.000000
1.815736, -38.2063, [82, 84], CHUNK, ['T', 'T'], VKITPLCVTNNCTNVTTNNTT-------------------------------------TETNTVNC----CTFNT-T-TV--TRT-KI-NKV-NTLL-NKTNIVSLNNNDSNNSSNT------------------------------------------NTSSILT---NCNTSTI-K---QA, 2.3358, 1, -1.000000
1.809458, -40.3933, 63, POINT, M, VKITPLCVTNNCTNVTTNNTT-------------------------------------TETNTMNC----CTFNT-T-TV--TRT-KI-NKV-NTLL-NKTNIVSLNNNDSNNSSNT------------------------------------------NTSSILT---NCNTSTI-K---QA, 2.4257, 0, 0.013029
1.809491, -32.2577, [9], CHUNK, ['L'], VKITPLCVTLNCTNVTTNNTT-------------------------------------TETNTVNC----CTFNT-T-TV--TRT-KI-NKV-NTLL-NKTNIVSLNNNDSNNSSNT------------------------------------------NTSSILT---NCNTSTI-K---QA, 1.9906, 1, 0.013029
1.818772, -39.7851, 161, POINT, T, VKITPLCVTLNCTNVTTNNTT-------------------------------------TETNTVNC----CTFNT-T-TV--TRT-KI-NKV-NTLL-NKTNIVSLNNNDSNNSSNT------------------------------------------NTTSILT---NCNTSTI-K---QA, 1.9436, 1, 0.013029
1.816490, -38.5451, 2, POINT, G, VKGTPLCVTLNCTNVTTNNTT-------------------------------------TETNTVNC----CTFNT-T-TV--TRT-KI-NKV-NTLL-NKTNIVSLNNNDSNNSSNT------------------------------------------NTTSILT---NCNTSTI-K---QA, 1.9436, 1, 0.013029
1.808783, -41.6853, [62, 63, 64, 65], CHUNK, ['E', 'L', 'K', 'N'], VKGTPLCVTLNCTNVTTNNTT-------------------------------------TETNELKN----CTFNT-T-TV--TRT-KI-NKV-NTLL-NKTNIVSLNNNDSNNSSNT------------------------------------------NTTSILT---NCNTSTI-K---QA, 1.9436, 1, 0.013029
1.807392, -43.6459, [174, 177], CHUNK, ['A', 'T'], VKGTPLCVTLNCTNVTTNNTT-------------------------------------TETNELKN----CTFNT-T-TV--TRT-KI-NKV-NTLL-NKTNIVSLNNNDSNNSSNT------------------------------------------NTTSILT---NCNTSAI-T---QA, 1.9264, 1, -1.000000
1.799362, -43.0200, 17, POINT, T, VKGTPLCVTLNCTNVTTTNTT-------------------------------------TETNELKN----CTFNT-T-TV--TRT-KI-NKV-NTLL-NKTNIVSLNNNDSNNSSNT------------------------------------------NTTSILT---NCNTSAI-T---QA, 1.9264, 1, -1.000000
1.804707, -42.3303, [63], CHUNK, ['I'], VKGTPLCVTLNCTNVTTTNTT-------------------------------------TETNEIKN----CTFNT-T-TV--TRT-KI-NKV-NTLL-NKTNIVSLNNNDSNNSSNT------------------------------------------NTTSILT---NCNTSAI-T---QA, 1.9264, 1, -1.000000
1.844262, -39.7806, [86, 87, 89, 91], CHUNK, ['T', 'N', 'T', 'E'], VKGTPLCVTLNCTNVTTTNTT-------------------------------------TETNEIKN----CTFNT-T-TV--TRT-TN-TKE-NTLL-NKTNIVSLNNNDSNNSSNT------------------------------------------NTTSILT---NCNTSAI-T---QA, 1.9264, 1, -1.000000
1.831755, -39.6382, 64, POINT, R, VKGTPLCVTLNCTNVTTTNTT-------------------------------------TETNEIRN----CTFNT-T-TV--TRT-TN-TKE-NTLL-NKTNIVSLNNNDSNNSSNT------------------------------------------NTTSILT---NCNTSAI-T---QA, 1.9172, 1, 0.020102
1.843904, -37.9959, 99, POINT, S, VKGTPLCVTLNCTNVTTTNTT-------------------------------------TETNEIRN----CTFNT-T-TV--TRT-TN-TKE-NTLL-NSTNIVSLNNNDSNNSSNT------------------------------------------NTTSILT---NCNTSAI-T---QA, 1.9172, 1, 0.020102
1.850804, -39.4979, [174], CHUNK, ['V'], VKGTPLCVTLNCTNVTTTNTT-------------------------------------TETNEIRN----CTFNT-T-TV--TRT-TN-TKE-NTLL-NSTNIVSLNNNDSNNSSNT------------------------------------------NTTSILT---NCNTSVI-T---QA, 1.9172, 1, 0.020102
1.865277, -40.1642, [79], CHUNK, ['S'], VKGTPLCVTLNCTNVTTTNTT-------------------------------------TETNEIRN----CTFNT-T-TS--TRT-TN-TKE-NTLL-NSTNIVSLNNNDSNNSSNT------------------------------------------NTTSILT---NCNTSVI-T---QA, 1.9172, 1, 0.024720
1.861813, -40.3794, [71], CHUNK, ['S'], VKGTPLCVTLNCTNVTTTNTT-------------------------------------TETNEIRN----CSFNT-T-TS--TRT-TN-TKE-NTLL-NSTNIVSLNNNDSNNSSNT------------------------------------------NTTSILT---NCNTSVI-T---QA, 1.9796, 1, 0.024720
1.862795, -40.7239, 83, POINT, K, VKGTPLCVTLNCTNVTTTNTT-------------------------------------TETNEIRN----CSFNT-T-TS--TKT-TN-TKE-NTLL-NSTNIVSLNNNDSNNSSNT------------------------------------------NTTSILT---NCNTSVI-T---QA, 2.0308, 1, 0.024720
1.876197, -41.2125, [64], CHUNK, ['K'], VKGTPLCVTLNCTNVTTTNTT-------------------------------------TETNEIKN----CSFNT-T-TS--TKT-TN-TKE-NTLL-NSTNIVSLNNNDSNNSSNT------------------------------------------NTTSILT---NCNTSVI-T---QA, 2.0308, 1, 0.024720
1.885761, -40.6673, [64], CHUNK, ['T'], VKGTPLCVTLNCTNVTTTNTT-------------------------------------TETNEITN----CSFNT-T-TS--TKT-TN-TKE-NTLL-NSTNIVSLNNNDSNNSSNT------------------------------------------NTTSILT---NCNTSVI-T---QA, 2.0308, 1, 0.026316
1.895420, -39.0408, 2, POINT, L, VKLTPLCVTLNCTNVTTTNTT-------------------------------------TETNEITN----CSFNT-T-TS--TKT-TN-TKE-NTLL-NSTNIVSLNNNDSNNSSNT------------------------------------------NTTSILT---NCNTSVI-T---QA, 2.0946, 1, 0.024720
1.888450, -40.3084, 175, POINT, V, VKLTPLCVTLNCTNVTTTNTT-------------------------------------TETNEITN----CSFNT-T-TS--TKT-TN-TKE-NTLL-NSTNIVSLNNNDSNNSSNT------------------------------------------NTTSILT---NCNTSVV-T---QA, 2.0798, 1, 0.055050
1.886451, -42.6718, [1], CHUNK, ['T'], VTLTPLCVTLNCTNVTTTNTT-------------------------------------TETNEITN----CSFNT-T-TS--TKT-TN-TKE-NTLL-NSTNIVSLNNNDSNNSSNT------------------------------------------NTTSILT---NCNTSVV-T---QA, 2.1422, 1, 0.055050
1.881876, -42.1889, 1, POINT, E, VELTPLCVTLNCTNVTTTNTT-------------------------------------TETNEITN----CSFNT-T-TS--TKT-TN-TKE-NTLL-NSTNIVSLNNNDSNNSSNT------------------------------------------NTTSILT---NCNTSVV-T---QA, 2.1422, 1, 0.055050
1.879073, -42.0095, 0, POINT, A, AELTPLCVTLNCTNVTTTNTT-------------------------------------TETNEITN----CSFNT-T-TS--TKT-TN-TKE-NTLL-NSTNIVSLNNNDSNNSSNT------------------------------------------NTTSILT---NCNTSVV-T---QA, 2.1422, 1, 0.055050
1.874223, -42.8765, 163, POINT, V, AELTPLCVTLNCTNVTTTNTT-------------------------------------TETNEITN----CSFNT-T-TS--TKT-TN-TKE-NTLL-NSTNIVSLNNNDSNNSSNT------------------------------------------NTTSVLT---NCNTSVV-T---QA, 2.1422, 1, 0.055050
1.881193, -43.9335, [175], CHUNK, ['I'], AELTPLCVTLNCTNVTTTNTT-------------------------------------TETNEITN----CSFNT-T-TS--TKT-TN-TKE-NTLL-NSTNIVSLNNNDSNNSSNT------------------------------------------NTTSVLT---NCNTSVI-T---QA, 2.1502, 1, 0.055050
1.871629, -44.4638, [64], CHUNK, ['K'], AELTPLCVTLNCTNVTTTNTT-------------------------------------TETNEIKN----CSFNT-T-TS--TKT-TN-TKE-NTLL-NSTNIVSLNNNDSNNSSNT------------------------------------------NTTSVLT---NCNTSVI-T---QA, 2.1502, 1, 0.055050
1.875245, -45.2269, [175], CHUNK, ['T'], AELTPLCVTLNCTNVTTTNTT-------------------------------------TETNEIKN----CSFNT-T-TS--TKT-TN-TKE-NTLL-NSTNIVSLNNNDSNNSSNT------------------------------------------NTTSVLT---NCNTSVT-T---QA, 2.2405, 1, 0.055050
1.892102, -44.5873, [79], CHUNK, ['N'], AELTPLCVTLNCTNVTTTNTT-------------------------------------TETNEIKN----CSFNT-T-TN--TKT-TN-TKE-NTLL-NSTNIVSLNNNDSNNSSNT------------------------------------------NTTSVLT---NCNTSVT-T---QA, 2.2405, 1, 0.055050
1.888486, -44.9210, [175], CHUNK, ['I'], AELTPLCVTLNCTNVTTTNTT-------------------------------------TETNEIKN----CSFNT-T-TN--TKT-TN-TKE-NTLL-NSTNIVSLNNNDSNNSSNT------------------------------------------NTTSVLT---NCNTSVI-T---QA, 2.2405, 1, 0.055050
1.893336, -44.4412, 163, POINT, I, AELTPLCVTLNCTNVTTTNTT-------------------------------------TETNEIKN----CSFNT-T-TN--TKT-TN-TKE-NTLL-NSTNIVSLNNNDSNNSSNT------------------------------------------NTTSILT---NCNTSVI-T---QA, 2.2490, 1, 0.055050
1.896140, -44.8189, 0, POINT, V, VELTPLCVTLNCTNVTTTNTT-------------------------------------TETNEIKN----CSFNT-T-TN--TKT-TN-TKE-NTLL-NSTNIVSLNNNDSNNSSNT------------------------------------------NTTSILT---NCNTSVI-T---QA, 2.3739, 1, 0.055050
1.872733, -47.5907, 84, POINT, D, VELTPLCVTLNCTNVTTTNTT-------------------------------------TETNEIKN----CSFNT-T-TN--TKD-TN-TKE-NTLL-NSTNIVSLNNNDSNNSSNT------------------------------------------NTTSILT---NCNTSVI-T---QA, 2.3380, 0, 0.035041
1.888625, -47.1133, 103, POINT, E, VELTPLCVTLNCTNVTTTNTT-------------------------------------TETNEIKN----CSFNT-T-TN--TKT-TN-TKE-NTLL-NSTNIESLNNNDSNNSSNT------------------------------------------NTTSILT---NCNTSVI-T---QA, 2.3495, 0, 0.035041
1.896322, -44.8381, [1], CHUNK, ['R'], VRLTPLCVTLNCTNVTTTNTT-------------------------------------TETNEIKN----CSFNT-T-TN--TKT-TN-TKE-NTLL-NSTNIVSLNNNDSNNSSNT------------------------------------------NTTSILT---NCNTSVI-T---QA, 2.3739, 0, 0.035041
1.902713, -44.4658, [1], CHUNK, ['K'], VKLTPLCVTLNCTNVTTTNTT-------------------------------------TETNEIKN----CSFNT-T-TN--TKT-TN-TKE-NTLL-NSTNIVSLNNNDSNNSSNT------------------------------------------NTTSILT---NCNTSVI-T---QA, 2.3739, 1, 0.035041
1.911074, -44.9392, 174, POINT, T, VKLTPLCVTLNCTNVTTTNTT-------------------------------------TETNEIKN----CSFNT-T-TN--TKT-TN-TKE-NTLL-NSTNIVSLNNNDSNNSSNT------------------------------------------NTTSILT---NCNTSTI-T---QA, 2.5271, 1, 0.056646
1.903761, -44.7025, [175], CHUNK, ['L'], VKLTPLCVTLNCTNVTTTNTT-------------------------------------TETNEIKN----CSFNT-T-TN--TKT-TN-TKE-NTLL-NSTNIVSLNNNDSNNSSNT------------------------------------------NTTSILT---NCNTSTL-T---QA, 2.5271, 0, 0.051799
1.909122, -44.3732, 181, POINT, R, VKLTPLCVTLNCTNVTTTNTT-------------------------------------TETNEIKN----CSFNT-T-TN--TKT-TN-TKE-NTLL-NSTNIVSLNNNDSNNSSNT------------------------------------------NTTSILT---NCNTSTI-T---RA, 2.5271, 0, 0.051799
1.914181, -37.5304, [71], CHUNK, ['T'], VKLTPLCVTLNCTNVTTTNTT-------------------------------------TETNEIKN----CTFNT-T-TN--TKT-TN-TKE-NTLL-NSTNIVSLNNNDSNNSSNT------------------------------------------NTTSILT---NCNTSTI-T---QA, 2.5321, 1, 0.051799
1.941728, -37.8435, 90, POINT, T, VKLTPLCVTLNCTNVTTTNTT-------------------------------------TETNEIKN----CTFNT-T-TN--TKT-TN-TTE-NTLL-NSTNIVSLNNNDSNNSSNT------------------------------------------NTTSILT---NCNTSTI-T---QA, 2.5321, 1, 0.050203
1.943065, -39.2305, 182, POINT, T, VKLTPLCVTLNCTNVTTTNTT-------------------------------------TETNEIKN----CTFNT-T-TN--TKT-TN-TTE-NTLL-NSTNIVSLNNNDSNNSSNT------------------------------------------NTTSILT---NCNTSTI-T---QT, 2.6793, 0, 0.050203
1.924665, -38.4951, 94, POINT, S, VKLTPLCVTLNCTNVTTTNTT-------------------------------------TETNEIKN----CTFNT-T-TN--TKT-TN-TTE-NSLL-NSTNIVSLNNNDSNNSSNT------------------------------------------NTTSILT---NCNTSTI-T---QA, 2.6318, 1, 0.050203
1.905016, -39.5756, [91, 93, 94, 96], CHUNK, ['V', 'T', 'A', 'F'], VKLTPLCVTLNCTNVTTTNTT-------------------------------------TETNEIKN----CTFNT-T-TN--TKT-TN-TTV-TALF-NSTNIVSLNNNDSNNSSNT------------------------------------------NTTSILT---NCNTSTI-T---QA, 2.6212, 0, 0.050203
1.921558, -41.5680, 0, POINT, A, AKLTPLCVTLNCTNVTTTNTT-------------------------------------TETNEIKN----CTFNT-T-TN--TKT-TN-TTE-NSLL-NSTNIVSLNNNDSNNSSNT------------------------------------------NTTSILT---NCNTSTI-T---QA, 2.5419, 1, 0.050203
1.911240, -39.6662, [71, 72, 74], CHUNK, ['S', 'S', 'I'], AKLTPLCVTLNCTNVTTTNTT-------------------------------------TETNEIKN----CSSNI-T-TN--TKT-TN-TTE-NSLL-NSTNIVSLNNNDSNNSSNT------------------------------------------NTTSILT---NCNTSTI-T---QA, 2.5419, 0, 0.050203
1.919606, -41.5231, 181, POINT, R, AKLTPLCVTLNCTNVTTTNTT-------------------------------------TETNEIKN----CTFNT-T-TN--TKT-TN-TTE-NSLL-NSTNIVSLNNNDSNNSSNT------------------------------------------NTTSILT---NCNTSTI-T---RA, 2.6087, 1, 0.050203
1.908163, -40.9762, 103, POINT, A, AKLTPLCVTLNCTNVTTTNTT-------------------------------------TETNEIKN----CTFNT-T-TN--TKT-TN-TTE-NSLL-NSTNIASLNNNDSNNSSNT------------------------------------------NTTSILT---NCNTSTI-T---RA, 2.6087, 0, 0.050203
1.916499, -41.0719, [71], CHUNK, ['S'], AKLTPLCVTLNCTNVTTTNTT-------------------------------------TETNEIKN----CSFNT-T-TN--TKT-TN-TTE-NSLL-NSTNIVSLNNNDSNNSSNT------------------------------------------NTTSILT---NCNTSTI-T---RA, 2.6087, 0, 0.050203
1.916499, -41.9221, [71], CHUNK, ['S'], AKLTPLCVTLNCTNVTTTNTT-------------------------------------TETNEIKN----CSFNT-T-TN--TKT-TN-TTE-NSLL-NSTNIVSLNNNDSNNSSNT------------------------------------------NTTSILT---NCNTSTI-T---RA, 2.5814, 1, 0.050203
1.910811, -41.0118, 83, POINT, G, AKLTPLCVTLNCTNVTTTNTT-------------------------------------TETNEIKN----CSFNT-T-TN--TGT-TN-TTE-NSLL-NSTNIVSLNNNDSNNSSNT------------------------------------------NTTSILT---NCNTSTI-T---RA, 2.5814, 0, 0.050203
1.913033, -42.7933, [0, 1], CHUNK, ['V', 'E'], VELTPLCVTLNCTNVTTTNTT-------------------------------------TETNEIKN----CSFNT-T-TN--TKT-TN-TTE-NSLL-NSTNIVSLNNNDSNNSSNT------------------------------------------NTTSILT---NCNTSTI-T---RA, 2.4703, 1, 0.050203
1.903804, -44.8434, [174], CHUNK, ['V'], VELTPLCVTLNCTNVTTTNTT-------------------------------------TETNEIKN----CSFNT-T-TN--TKT-TN-TTE-NSLL-NSTNIVSLNNNDSNNSSNT------------------------------------------NTTSILT---NCNTSVI-T---RA, 2.2775, 1, 0.050203
1.878842, -46.1093, [162, 165], CHUNK, ['Y', 'I'], VELTPLCVTLNCTNVTTTNTT-------------------------------------TETNEIKN----CSFNT-T-TN--TKT-TN-TTE-NSLL-NSTNIVSLNNNDSNNSSNT------------------------------------------NTTYILI---NCNTSVI-T---RA, 2.2775, 1, 0.050203
1.853202, -47.6017, 90, POINT, K, VELTPLCVTLNCTNVTTTNTT-------------------------------------TETNEIKN----CSFNT-T-TN--TKT-TN-TKE-NSLL-NSTNIVSLNNNDSNNSSNT------------------------------------------NTTYILI---NCNTSVI-T---RA, 2.1572, 1, -1.000000
1.851668, -32.2996, 162, POINT, I, VELTPLCVTLNCTNVTTTNTT-------------------------------------TETNEIKN----CSFNT-T-TN--TKT-TN-TKE-NSLL-NSTNIVSLNNNDSNNSSNT------------------------------------------NTTIILI---NCNTSVI-T---RA, 2.5644, 1, -1.000000
1.845760, -37.3715, [161], CHUNK, ['S'], VELTPLCVTLNCTNVTTTNTT-------------------------------------TETNEIKN----CSFNT-T-TN--TKT-TN-TKE-NSLL-NSTNIVSLNNNDSNNSSNT------------------------------------------NTSIILI---NCNTSVI-T---RA, 2.6417, 1, -1.000000
1.855324, -36.9327, [64], CHUNK, ['T'], VELTPLCVTLNCTNVTTTNTT-------------------------------------TETNEITN----CSFNT-T-TN--TKT-TN-TKE-NSLL-NSTNIVSLNNNDSNNSSNT------------------------------------------NTSIILI---NCNTSVI-T---RA, 2.5019, 0, -1.000000
1.836974, -35.8189, 72, POINT, Y, VELTPLCVTLNCTNVTTTNTT-------------------------------------TETNEIKN----CSYNT-T-TN--TKT-TN-TKE-NSLL-NSTNIVSLNNNDSNNSSNT------------------------------------------NTSIILI---NCNTSVI-T---RA, 2.6417, 1, -1.000000
1.848867, -37.4301, [71, 72], CHUNK, ['T', 'F'], VELTPLCVTLNCTNVTTTNTT-------------------------------------TETNEIKN----CTFNT-T-TN--TKT-TN-TKE-NSLL-NSTNIVSLNNNDSNNSSNT------------------------------------------NTSIILI---NCNTSVI-T---RA, 2.6431, 1, -1.000000
1.811154, -37.1120, [12], CHUNK, ['I'], VELTPLCVTLNCINVTTTNTT-------------------------------------TETNEIKN----CTFNT-T-TN--TKT-TN-TKE-NSLL-NSTNIVSLNNNDSNNSSNT------------------------------------------NTSIILI---NCNTSVI-T---RA, 2.6431, 0, -1.000000
1.862404, -38.8407, 165, POINT, T, VELTPLCVTLNCTNVTTTNTT-------------------------------------TETNEIKN----CTFNT-T-TN--TKT-TN-TKE-NSLL-NSTNIVSLNNNDSNNSSNT------------------------------------------NTSIILT---NCNTSVI-T---RA, 2.5110, 0, -1.000000
1.845043, -36.9531, 59, POINT, G, VELTPLCVTLNCTNVTTTNTT-------------------------------------TGTNEIKN----CTFNT-T-TN--TKT-TN-TKE-NSLL-NSTNIVSLNNNDSNNSSNT------------------------------------------NTSIILI---NCNTSVI-T---RA, 2.6364, 1, -1.000000
1.836190, -41.1132, [172, 174], CHUNK, ['S', 'T'], VELTPLCVTLNCTNVTTTNTT-------------------------------------TGTNEIKN----CTFNT-T-TN--TKT-TN-TKE-NSLL-NSTNIVSLNNNDSNNSSNT------------------------------------------NTSIILI---NCNSSTI-T---RA, 2.7494, 0, -1.000000
1.848553, -42.1496, [162, 163], CHUNK, ['Y', 'R'], VELTPLCVTLNCTNVTTTNTT-------------------------------------TGTNEIKN----CTFNT-T-TN--TKT-TN-TKE-NSLL-NSTNIVSLNNNDSNNSSNT------------------------------------------NTSYRLI---NCNTSVI-T---RA, 2.6364, 0, -1.000000
1.847739, -42.3443, 162, POINT, Y, VELTPLCVTLNCTNVTTTNTT-------------------------------------TGTNEIKN----CTFNT-T-TN--TKT-TN-TKE-NSLL-NSTNIVSLNNNDSNNSSNT------------------------------------------NTSYILI---NCNTSVI-T---RA, 2.5638, 1, -1.000000
1.854312, -43.3126, [1], CHUNK, ['K'], VKLTPLCVTLNCTNVTTTNTT-------------------------------------TGTNEIKN----CTFNT-T-TN--TKT-TN-TKE-NSLL-NSTNIVSLNNNDSNNSSNT------------------------------------------NTSYILI---NCNTSVI-T---RA, 2.4913, 0, -1.000000
1.848553, -42.5716, 163, POINT, R, VELTPLCVTLNCTNVTTTNTT-------------------------------------TGTNEIKN----CTFNT-T-TN--TKT-TN-TKE-NSLL-NSTNIVSLNNNDSNNSSNT------------------------------------------NTSYRLI---NCNTSVI-T---RA, 2.5638, 1, -1.000000
1.837424, -46.1890, [177, 181], CHUNK, ['K', 'Q'], VELTPLCVTLNCTNVTTTNTT-------------------------------------TGTNEIKN----CTFNT-T-TN--TKT-TN-TKE-NSLL-NSTNIVSLNNNDSNNSSNT------------------------------------------NTSYRLI---NCNTSVI-K---QA, 2.5433, 0, -1.000000
1.852377, -45.0548, 59, POINT, E, VELTPLCVTLNCTNVTTTNTT-------------------------------------TETNEIKN----CTFNT-T-TN--TKT-TN-TKE-NSLL-NSTNIVSLNNNDSNNSSNT------------------------------------------NTSYRLI---NCNTSVI-T---RA, 2.5977, 1, -1.000000
1.835778, -45.7116, 60, POINT, K, VELTPLCVTLNCTNVTTTNTT-------------------------------------TEKNEIKN----CTFNT-T-TN--TKT-TN-TKE-NSLL-NSTNIVSLNNNDSNNSSNT------------------------------------------NTSYRLI---NCNTSVI-T---RA, 2.5977, 0, -1.000000
1.860407, -45.8948, 17, POINT, N, VELTPLCVTLNCTNVTTNNTT-------------------------------------TETNEIKN----CTFNT-T-TN--TKT-TN-TKE-NSLL-NSTNIVSLNNNDSNNSSNT------------------------------------------NTSYRLI---NCNTSVI-T---RA, 2.5977, 1, -1.000000
1.857603, -45.7107, 0, POINT, A, AELTPLCVTLNCTNVTTNNTT-------------------------------------TETNEIKN----CTFNT-T-TN--TKT-TN-TKE-NSLL-NSTNIVSLNNNDSNNSSNT------------------------------------------NTSYRLI---NCNTSVI-T---RA, 2.5977, 1, -1.000000
1.843541, -47.7505, [169], CHUNK, ['S'], AELTPLCVTLNCTNVTTNNTT-------------------------------------TETNEIKN----CTFNT-T-TN--TKT-TN-TKE-NSLL-NSTNIVSLNNNDSNNSSNT------------------------------------------NTSYRLI---SCNTSVI-T---RA, 2.6314, 0, -1.000000
1.863873, -45.6693, [1], CHUNK, ['K'], AKLTPLCVTLNCTNVTTNNTT-------------------------------------TETNEIKN----CTFNT-T-TN--TKT-TN-TKE-NSLL-NSTNIVSLNNNDSNNSSNT------------------------------------------NTSYRLI---NCNTSVI-T---RA, 2.5977, 0, -1.000000
1.865452, -46.5101, [116], CHUNK, ['N'], AELTPLCVTLNCTNVTTNNTT-------------------------------------TETNEIKN----CTFNT-T-TN--TKT-TN-TKE-NSLL-NSTNIVSLNNNDSNNSSNN------------------------------------------NTSYRLI---NCNTSVI-T---RA, 2.6341, 1, -1.000000
1.868272, -46.9639, [181], CHUNK, ['Q'], AELTPLCVTLNCTNVTTNNTT-------------------------------------TETNEIKN----CTFNT-T-TN--TKT-TN-TKE-NSLL-NSTNIVSLNNNDSNNSSNN------------------------------------------NTSYRLI---NCNTSVI-T---QA, 2.6341, 1, -1.000000
1.854290, -47.6693, 169, POINT, S, AELTPLCVTLNCTNVTTNNTT-------------------------------------TETNEIKN----CTFNT-T-TN--TKT-TN-TKE-NSLL-NSTNIVSLNNNDSNNSSNN------------------------------------------NTSYRLI---SCNTSVI-T---QA, 2.6339, 0, -1.000000
1.863333, -45.9794, 181, POINT, H, AELTPLCVTLNCTNVTTNNTT-------------------------------------TETNEIKN----CTFNT-T-TN--TKT-TN-TKE-NSLL-NSTNIVSLNNNDSNNSSNN------------------------------------------NTSYRLI---NCNTSVI-T---HA, 2.6341, 1, -1.000000
1.865047, -46.9692, [0, 1], CHUNK, ['V', 'Q'], VQLTPLCVTLNCTNVTTNNTT-------------------------------------TETNEIKN----CTFNT-T-TN--TKT-TN-TKE-NSLL-NSTNIVSLNNNDSNNSSNN------------------------------------------NTSYRLI---NCNTSVI-T---HA, 2.5404, 1, -1.000000
1.872918, -47.2954, [174], CHUNK, ['T'], VQLTPLCVTLNCTNVTTNNTT-------------------------------------TETNEIKN----CTFNT-T-TN--TKT-TN-TKE-NSLL-NSTNIVSLNNNDSNNSSNN------------------------------------------NTSYRLI---NCNTSTI-T---HA, 2.5404, 0, -1.000000
1.857809, -46.0954, [174, 177], CHUNK, ['T', 'A'], VQLTPLCVTLNCTNVTTNNTT-------------------------------------TETNEIKN----CTFNT-T-TN--TKT-TN-TKE-NSLL-NSTNIVSLNNNDSNNSSNN------------------------------------------NTSYRLI---NCNTSTI-A---HA, 2.5404, 0, -1.000000
1.858065, -48.2414, [175], CHUNK, ['V'], VQLTPLCVTLNCTNVTTNNTT-------------------------------------TETNEIKN----CTFNT-T-TN--TKT-TN-TKE-NSLL-NSTNIVSLNNNDSNNSSNN------------------------------------------NTSYRLI---NCNTSVV-T---HA, 2.5736, 0, -1.000000
1.868740, -47.0866, 105, POINT, I, VQLTPLCVTLNCTNVTTNNTT-------------------------------------TETNEIKN----CTFNT-T-TN--TKT-TN-TKE-NSLL-NSTNIVSINNNDSNNSSNN------------------------------------------NTSYRLI---NCNTSVI-T---HA, 2.5404, 0, -1.000000
1.853532, -46.3814, 160, POINT, N, VELTPLCVTLNCTNVTTNNTT-------------------------------------TETNEIKN----CTFNT-T-TN--TKT-TN-TKE-NSLL-NSTNIVSLNNNDSNNSSNT------------------------------------------NNSYRLI---NCNTSVI-T---RA, 2.5977, 0, -1.000000
1.871877, -46.0088, 64, POINT, T, VELTPLCVTLNCTNVTTNNTT-------------------------------------TETNEITN----CTFNT-T-TN--TKT-TN-TKE-NSLL-NSTNIVSLNNNDSNNSSNT------------------------------------------NTSYRLI---NCNTSVI-T---RA, 2.5396, 0, -1.000000
1.868963, -46.2536, 174, POINT, T, VELTPLCVTLNCTNVTTNNTT-------------------------------------TETNEIKN----CTFNT-T-TN--TKT-TN-TKE-NSLL-NSTNIVSLNNNDSNNSSNT------------------------------------------NTSYRLI---NCNTSTI-T---RA, 2.5977, 1, -1.000000
1.860407, -45.8948, [174], CHUNK, ['V'], VELTPLCVTLNCTNVTTNNTT-------------------------------------TETNEIKN----CTFNT-T-TN--TKT-TN-TKE-NSLL-NSTNIVSLNNNDSNNSSNT------------------------------------------NTSYRLI---NCNTSVI-T---RA, 2.5977, 0, -1.000000
1.850825, -46.9104, 60, POINT, K, VELTPLCVTLNCTNVTTNNTT-------------------------------------TEKNEIKN----CTFNT-T-TN--TKT-TN-TKE-NSLL-NSTNIVSLNNNDSNNSSNT------------------------------------------NTSYRLI---NCNTSTI-T---RA, 2.5977, 1, -1.000000
1.861210, -45.3984, 165, POINT, T, VELTPLCVTLNCTNVTTNNTT-------------------------------------TEKNEIKN----CTFNT-T-TN--TKT-TN-TKE-NSLL-NSTNIVSLNNNDSNNSSNT------------------------------------------NTSYRLT---NCNTSTI-T---RA, 2.5977, 0, -1.000000
1.855695, -52.4483, 84, POINT, N, VELTPLCVTLNCTNVTTNNTT-------------------------------------TEKNEIKN----CTFNT-T-TN--TKN-TN-TKE-NSLL-NSTNIVSLNNNDSNNSSNT------------------------------------------NTSYRLI---NCNTSTI-T---RA, 2.6033, 0, -1.000000
1.857398, -48.5131, [1], CHUNK, ['K'], VKLTPLCVTLNCTNVTTNNTT-------------------------------------TEKNEIKN----CTFNT-T-TN--TKT-TN-TKE-NSLL-NSTNIVSLNNNDSNNSSNT------------------------------------------NTSYRLI---NCNTSTI-T---RA, 2.5618, 1, -1.000000
1.867783, -46.9754, 165, POINT, T, VKLTPLCVTLNCTNVTTNNTT-------------------------------------TEKNEIKN----CTFNT-T-TN--TKT-TN-TKE-NSLL-NSTNIVSLNNNDSNNSSNT------------------------------------------NTSYRLT---NCNTSTI-T---RA, 2.5618, 0, -1.000000
1.842685, -49.7340, [169], CHUNK, ['S'], VKLTPLCVTLNCTNVTTNNTT-------------------------------------TEKNEIKN----CTFNT-T-TN--TKT-TN-TKE-NSLL-NSTNIVSLNNNDSNNSSNT------------------------------------------NTSYRLI---SCNTSTI-T---RA, 2.5618, 1, -1.000000
1.842130, -48.8008, [169, 174], CHUNK, ['N', 'A'], VKLTPLCVTLNCTNVTTNNTT-------------------------------------TEKNEIKN----CTFNT-T-TN--TKT-TN-TKE-NSLL-NSTNIVSLNNNDSNNSSNT------------------------------------------NTSYRLI---NCNTSAI-T---RA, 2.5618, 1, -1.000000
1.820392, -48.7791, 89, POINT, K, VKLTPLCVTLNCTNVTTNNTT-------------------------------------TEKNEIKN----CTFNT-T-TN--TKT-TN-KKE-NSLL-NSTNIVSLNNNDSNNSSNT------------------------------------------NTSYRLI---NCNTSAI-T---RA, 2.5618, 1, -1.000000
1.835660, -48.4598, [174], CHUNK, ['T'], VKLTPLCVTLNCTNVTTNNTT-------------------------------------TEKNEIKN----CTFNT-T-TN--TKT-TN-KKE-NSLL-NSTNIVSLNNNDSNNSSNT------------------------------------------NTSYRLI---NCNTSTI-T---RA, 2.5618, 0, -1.000000
1.829165, -47.9042, 64, POINT, T, VKLTPLCVTLNCTNVTTNNTT-------------------------------------TEKNEITN----CTFNT-T-TN--TKT-TN-KKE-NSLL-NSTNIVSLNNNDSNNSSNT------------------------------------------NTSYRLI---NCNTSAI-T---RA, 2.5618, 0, -1.000000
1.808950, -49.9206, 103, POINT, A, VKLTPLCVTLNCTNVTTNNTT-------------------------------------TEKNEIKN----CTFNT-T-TN--TKT-TN-KKE-NSLL-NSTNIASLNNNDSNNSSNT------------------------------------------NTSYRLI---NCNTSAI-T---RA, 2.5618, 0, -1.000000
1.799005, -50.5870, 61, POINT, G, VKLTPLCVTLNCTNVTTNNTT-------------------------------------TEKGEIKN----CTFNT-T-TN--TKT-TN-KKE-NSLL-NSTNIVSLNNNDSNNSSNT------------------------------------------NTSYRLI---NCNTSAI-T---RA, 2.5618, 1, -1.000000
1.765728, -50.7109, [79, 82, 83], CHUNK, ['S', 'L', 'R'], VKLTPLCVTLNCTNVTTNNTT-------------------------------------TEKGEIKN----CTFNT-T-TS--LRT-TN-KKE-NSLL-NSTNIVSLNNNDSNNSSNT------------------------------------------NTSYRLI---NCNTSAI-T---RA, 2.5618, 0, -1.000000
1.822057, -16.2436, [58, 59, 60, 61, 62, 63], CHUNK, ['N', 'T', 'A', 'T', 'D', 'M'], VKLTPLCVTLNCTNVTTNNTT-------------------------------------NTATDMKN----CTFNT-T-TN--TKT-TN-KKE-NSLL-NSTNIVSLNNNDSNNSSNT------------------------------------------NTSYRLI---NCNTSAI-T---RA, 2.4882, 1, -1.000000
1.789354, -30.8759, 79, POINT, D, VKLTPLCVTLNCTNVTTNNTT-------------------------------------NTATDMKN----CTFNT-T-TD--TKT-TN-KKE-NSLL-NSTNIVSLNNNDSNNSSNT------------------------------------------NTSYRLI---NCNTSAI-T---RA, 2.4002, 0, -1.000000
------END OF DATA------
Best coverage = 1.94172759838
Best sequence = VKLTPLCVTLNCTNVTTTNTT-------------------------------------TETNEIKN----CTFNT-T-TN--TKT-TN-TTE-NTLL-NSTNIVSLNNNDSNNSSNT------------------------------------------NTTSILT---NCNTSTI-T---QA
Best energy = -37.8434994503
Best RMSD = 2.53210473061
Hard Covereage = 0.0502027813624
Num epitopes = 33
