Name base = V1V2_200_sq_6_9_ni
Iters = 200
Soft coverage = 1.31203964383
Energy = -130.677833037
Hard Covereage = 0.0368019545157
Num epitopes = 65
Initial seq = VKLTPLCVTLQCTNVTNNITD-------------------------------------DMRGELKN----CSFNM-T-TE--LRD-KK-QKV-YSLF-YRLDVVQINENQGNRSNNS------------------------------------------NKEYRLI---NCNTSAI-T---QA
-------START OF DATA------
1.326741, -129.1399, 174, POINT, T, VKLTPLCVTLQCTNVTNNITD-------------------------------------DMRGELKN----CSFNM-T-TE--LRD-KK-QKV-YSLF-YRLDVVQINENQGNRSNNS------------------------------------------NKEYRLI---NCNTSTI-T---QA, 0.0255, 0
1.329205, -97.9099, 74, POINT, I, VKLTPLCVTLQCTNVTNNITD-------------------------------------DMRGELKN----CSFNI-T-TE--LRD-KK-QKV-YSLF-YRLDVVQINENQGNRSNNS------------------------------------------NKEYRLI---NCNTSAI-T---QA, 0.2844, 0
1.354976, -129.7883, [160, 161], CHUNK, ['T', 'S'], VKLTPLCVTLQCTNVTNNITD-------------------------------------DMRGELKN----CSFNM-T-TE--LRD-KK-QKV-YSLF-YRLDVVQINENQGNRSNNS------------------------------------------NTSYRLI---NCNTSAI-T---QA, 0.0000, 1
1.404132, -130.3409, 10, POINT, N, VKLTPLCVTLNCTNVTNNITD-------------------------------------DMRGELKN----CSFNM-T-TE--LRD-KK-QKV-YSLF-YRLDVVQINENQGNRSNNS------------------------------------------NTSYRLI---NCNTSAI-T---QA, 0.0469, 1
1.419183, -129.4938, 104, POINT, S, VKLTPLCVTLNCTNVTNNITD-------------------------------------DMRGELKN----CSFNM-T-TE--LRD-KK-QKV-YSLF-YRLDVVSINENQGNRSNNS------------------------------------------NTSYRLI---NCNTSAI-T---QA, 0.0400, 0
1.418833, -128.7648, [174], CHUNK, ['T'], VKLTPLCVTLNCTNVTNNITD-------------------------------------DMRGELKN----CSFNM-T-TE--LRD-KK-QKV-YSLF-YRLDVVQINENQGNRSNNS------------------------------------------NTSYRLI---NCNTSTI-T---QA, 0.0469, 0
1.437946, -28.2039, [79, 82, 84], CHUNK, ['N', 'I', 'N'], VKLTPLCVTLNCTNVTNNITD-------------------------------------DMRGELKN----CSFNM-T-TN--IRN-KK-QKV-YSLF-YRLDVVQINENQGNRSNNS------------------------------------------NTSYRLI---NCNTSAI-T---QA, 0.1901, 0
1.435855, -126.0960, [74], CHUNK, ['T'], VKLTPLCVTLNCTNVTNNITD-------------------------------------DMRGELKN----CSFNT-T-TE--LRD-KK-QKV-YSLF-YRLDVVQINENQGNRSNNS------------------------------------------NTSYRLI---NCNTSAI-T---QA, 0.0469, 0
1.376398, -97.8956, [58, 59, 61, 63], CHUNK, ['T', 'I', 'R', 'M'], VKLTPLCVTLQCTNVTNNITD-------------------------------------TIRREMKN----CSFNM-T-TE--LRD-KK-QKV-YSLF-YRLDVVQINENQGNRSNNS------------------------------------------NTSYRLI---NCNTSAI-T---QA, 0.0820, 0
1.372141, -95.7488, [74], CHUNK, ['I'], VKLTPLCVTLQCTNVTNNITD-------------------------------------DMRGELKN----CSFNI-T-TE--LRD-KK-QKV-YSLF-YRLDVVQINENQGNRSNNS------------------------------------------NTSYRLI---NCNTSAI-T---QA, 0.4863, 0
1.363418, -130.7386, 84, POINT, N, VKLTPLCVTLQCTNVTNNITD-------------------------------------DMRGELKN----CSFNM-T-TE--LRN-KK-QKV-YSLF-YRLDVVQINENQGNRSNNS------------------------------------------NTSYRLI---NCNTSAI-T---QA, 0.0221, 1
1.383415, -129.1874, 18, POINT, T, VKLTPLCVTLQCTNVTNNTTD-------------------------------------DMRGELKN----CSFNM-T-TE--LRN-KK-QKV-YSLF-YRLDVVQINENQGNRSNNS------------------------------------------NTSYRLI---NCNTSAI-T---QA, 0.0221, 1
1.392368, -128.3400, 79, POINT, S, VKLTPLCVTLQCTNVTNNTTD-------------------------------------DMRGELKN----CSFNM-T-TS--LRN-KK-QKV-YSLF-YRLDVVQINENQGNRSNNS------------------------------------------NTSYRLI---NCNTSAI-T---QA, 0.0221, 1
1.441657, -128.2658, [10], CHUNK, ['N'], VKLTPLCVTLNCTNVTNNTTD-------------------------------------DMRGELKN----CSFNM-T-TS--LRN-KK-QKV-YSLF-YRLDVVQINENQGNRSNNS------------------------------------------NTSYRLI---NCNTSAI-T---QA, 0.0221, 0
1.441657, -128.5957, [10], CHUNK, ['N'], VKLTPLCVTLNCTNVTNNTTD-------------------------------------DMRGELKN----CSFNM-T-TS--LRN-KK-QKV-YSLF-YRLDVVQINENQGNRSNNS------------------------------------------NTSYRLI---NCNTSAI-T---QA, 0.0359, 1
1.461300, -125.7812, 58, POINT, T, VKLTPLCVTLNCTNVTNNTTD-------------------------------------TMRGELKN----CSFNM-T-TS--LRN-KK-QKV-YSLF-YRLDVVQINENQGNRSNNS------------------------------------------NTSYRLI---NCNTSAI-T---QA, 0.0359, 0
1.459369, -90.1956, 74, POINT, I, VKLTPLCVTLNCTNVTNNTTD-------------------------------------DMRGELKN----CSFNI-T-TS--LRN-KK-QKV-YSLF-YRLDVVQINENQGNRSNNS------------------------------------------NTSYRLI---NCNTSAI-T---QA, 0.1608, 0
1.449558, -128.1401, 89, POINT, K, VKLTPLCVTLNCTNVTNNTTD-------------------------------------DMRGELKN----CSFNM-T-TS--LRN-KK-KKV-YSLF-YRLDVVQINENQGNRSNNS------------------------------------------NTSYRLI---NCNTSAI-T---QA, 0.0359, 0
1.460451, -125.6667, 91, POINT, N, VKLTPLCVTLNCTNVTNNTTD-------------------------------------DMRGELKN----CSFNM-T-TS--LRN-KK-QKN-YSLF-YRLDVVQINENQGNRSNNS------------------------------------------NTSYRLI---NCNTSAI-T---QA, 0.0658, 0
1.430286, -127.5927, [102, 104, 106, 107, 109], CHUNK, ['I', 'P', 'D', 'N', 'S'], VKLTPLCVTLQCTNVTNNTTD-------------------------------------DMRGELKN----CSFNM-T-TS--LRN-KK-QKV-YSLF-YRLDIVPIDNNSGNRSNNS------------------------------------------NTSYRLI---NCNTSAI-T---QA, 0.0221, 0
1.425912, -124.1028, [74], CHUNK, ['T'], VKLTPLCVTLQCTNVTNNTTD-------------------------------------DMRGELKN----CSFNT-T-TS--LRN-KK-QKV-YSLF-YRLDVVQINENQGNRSNNS------------------------------------------NTSYRLI---NCNTSAI-T---QA, 0.0221, 1
1.439698, -125.4911, 163, POINT, T, VKLTPLCVTLQCTNVTNNTTD-------------------------------------DMRGELKN----CSFNT-T-TS--LRN-KK-QKV-YSLF-YRLDVVQINENQGNRSNNS------------------------------------------NTSYTLI---NCNTSAI-T---QA, 0.0221, 0
1.451665, -123.5505, 59, POINT, T, VKLTPLCVTLQCTNVTNNTTD-------------------------------------DTRGELKN----CSFNT-T-TS--LRN-KK-QKV-YSLF-YRLDVVQINENQGNRSNNS------------------------------------------NTSYRLI---NCNTSAI-T---QA, 0.0221, 1
1.461594, -121.6330, 165, POINT, T, VKLTPLCVTLQCTNVTNNTTD-------------------------------------DTRGELKN----CSFNT-T-TS--LRN-KK-QKV-YSLF-YRLDVVQINENQGNRSNNS------------------------------------------NTSYRLT---NCNTSAI-T---QA, 0.0221, 1
1.472089, -118.0244, [99, 100, 106, 107], CHUNK, ['K', 'T', 'D', 'N'], VKLTPLCVTLQCTNVTNNTTD-------------------------------------DTRGELKN----CSFNT-T-TS--LRN-KK-QKV-YSLF-YKTDVVQIDNNQGNRSNNS------------------------------------------NTSYRLT---NCNTSAI-T---QA, 0.0221, 0
1.484523, -118.8337, 58, POINT, T, VKLTPLCVTLQCTNVTNNTTD-------------------------------------TTRGELKN----CSFNT-T-TS--LRN-KK-QKV-YSLF-YRLDVVQINENQGNRSNNS------------------------------------------NTSYRLT---NCNTSAI-T---QA, 0.0221, 0
1.473562, -120.9414, [89, 91, 94], CHUNK, ['K', 'E', 'A'], VKLTPLCVTLQCTNVTNNTTD-------------------------------------DTRGELKN----CSFNT-T-TS--LRN-KK-KKE-YALF-YRLDVVQINENQGNRSNNS------------------------------------------NTSYRLT---NCNTSAI-T---QA, 0.0221, 0
1.484868, -121.7455, 107, POINT, N, VKLTPLCVTLQCTNVTNNTTD-------------------------------------DTRGELKN----CSFNT-T-TS--LRN-KK-QKV-YSLF-YRLDVVQINNNQGNRSNNS------------------------------------------NTSYRLT---NCNTSAI-T---QA, 0.0221, 0
1.466716, -122.5820, 104, POINT, S, VKLTPLCVTLQCTNVTNNTTD-------------------------------------DTRGELKN----CSFNT-T-TS--LRN-KK-QKV-YSLF-YRLDVVSINENQGNRSNNS------------------------------------------NTSYRLI---NCNTSAI-T---QA, 0.0221, 0
1.500954, -123.4763, [10], CHUNK, ['N'], VKLTPLCVTLNCTNVTNNTTD-------------------------------------DTRGELKN----CSFNT-T-TS--LRN-KK-QKV-YSLF-YRLDVVQINENQGNRSNNS------------------------------------------NTSYRLI---NCNTSAI-T---QA, 0.0221, 0
1.481818, -123.9743, 20, POINT, N, VKLTPLCVTLQCTNVTNNTTN-------------------------------------DTRGELKN----CSFNT-T-TS--LRN-KK-QKV-YSLF-YRLDVVQINENQGNRSNNS------------------------------------------NTSYRLI---NCNTSAI-T---QA, 0.0221, 0
1.461594, -121.6372, 165, POINT, T, VKLTPLCVTLQCTNVTNNTTD-------------------------------------DTRGELKN----CSFNT-T-TS--LRN-KK-QKV-YSLF-YRLDVVQINENQGNRSNNS------------------------------------------NTSYRLT---NCNTSAI-T---QA, 0.0464, 0
1.467364, -123.1763, [10, 12], CHUNK, ['N', 'N'], VKLTPLCVTLNCNNVTNNTTD-------------------------------------DMRGELKN----CSFNT-T-TS--LRN-KK-QKV-YSLF-YRLDVVQINENQGNRSNNS------------------------------------------NTSYRLI---NCNTSAI-T---QA, 0.0221, 0
1.475202, -124.1860, [10], CHUNK, ['N'], VKLTPLCVTLNCTNVTNNTTD-------------------------------------DMRGELKN----CSFNT-T-TS--LRN-KK-QKV-YSLF-YRLDVVQINENQGNRSNNS------------------------------------------NTSYRLI---NCNTSAI-T---QA, 0.0303, 1
1.483102, -123.7840, 89, POINT, K, VKLTPLCVTLNCTNVTNNTTD-------------------------------------DMRGELKN----CSFNT-T-TS--LRN-KK-KKV-YSLF-YRLDVVQINENQGNRSNNS------------------------------------------NTSYRLI---NCNTSAI-T---QA, 0.0284, 1
1.501062, -122.3169, [99, 104, 106, 107], CHUNK, ['K', 'P', 'D', 'N'], VKLTPLCVTLNCTNVTNNTTD-------------------------------------DMRGELKN----CSFNT-T-TS--LRN-KK-KKV-YSLF-YKLDVVPIDNNQGNRSNNS------------------------------------------NTSYRLI---NCNTSAI-T---QA, 0.0284, 0
1.490656, -122.6974, [94, 99], CHUNK, ['A', 'K'], VKLTPLCVTLNCTNVTNNTTD-------------------------------------DMRGELKN----CSFNT-T-TS--LRN-KK-KKV-YALF-YKLDVVQINENQGNRSNNS------------------------------------------NTSYRLI---NCNTSAI-T---QA, 0.0409, 1
1.500585, -120.9655, 165, POINT, T, VKLTPLCVTLNCTNVTNNTTD-------------------------------------DMRGELKN----CSFNT-T-TS--LRN-KK-KKV-YALF-YKLDVVQINENQGNRSNNS------------------------------------------NTSYRLT---NCNTSAI-T---QA, 0.0964, 0
1.490659, -120.6321, 71, POINT, T, VKLTPLCVTLNCTNVTNNTTD-------------------------------------DMRGELKN----CTFNT-T-TS--LRN-KK-KKV-YALF-YKLDVVQINENQGNRSNNS------------------------------------------NTSYRLI---NCNTSAI-T---QA, 0.0544, 0
1.510334, -114.6122, [58, 59, 60, 63], CHUNK, ['V', 'E', 'K', 'I'], VKLTPLCVTLNCTNVTNNTTD-------------------------------------VEKGEIKN----CSFNT-T-TS--LRN-KK-KKV-YALF-YKLDVVQINENQGNRSNNS------------------------------------------NTSYRLI---NCNTSAI-T---QA, 0.1167, 0
1.495578, -122.8891, 104, POINT, P, VKLTPLCVTLNCTNVTNNTTD-------------------------------------DMRGELKN----CSFNT-T-TS--LRN-KK-KKV-YALF-YKLDVVPINENQGNRSNNS------------------------------------------NTSYRLI---NCNTSAI-T---QA, 0.0409, 0
1.486418, -122.0534, [94, 99], CHUNK, ['A', 'S'], VKLTPLCVTLNCTNVTNNTTD-------------------------------------DMRGELKN----CSFNT-T-TS--LRN-KK-KKV-YALF-YSLDVVQINENQGNRSNNS------------------------------------------NTSYRLI---NCNTSAI-T---QA, 0.0458, 0
1.489949, -91.7142, 61, POINT, K, VKLTPLCVTLNCTNVTNNTTD-------------------------------------DMRKELKN----CSFNT-T-TS--LRN-KK-KKV-YSLF-YRLDVVQINENQGNRSNNS------------------------------------------NTSYRLI---NCNTSAI-T---QA, 0.0284, 0
1.497804, -122.2035, [174], CHUNK, ['T'], VKLTPLCVTLNCTNVTNNTTD-------------------------------------DMRGELKN----CSFNT-T-TS--LRN-KK-KKV-YSLF-YRLDVVQINENQGNRSNNS------------------------------------------NTSYRLI---NCNTSTI-T---QA, 0.0284, 0
1.497804, -122.2035, 174, POINT, T, VKLTPLCVTLNCTNVTNNTTD-------------------------------------DMRGELKN----CSFNT-T-TS--LRN-KK-KKV-YSLF-YRLDVVQINENQGNRSNNS------------------------------------------NTSYRLI---NCNTSTI-T---QA, 0.0284, 1
1.521078, -122.3111, 107, POINT, N, VKLTPLCVTLNCTNVTNNTTD-------------------------------------DMRGELKN----CSFNT-T-TS--LRN-KK-KKV-YSLF-YRLDVVQINNNQGNRSNNS------------------------------------------NTSYRLI---NCNTSTI-T---QA, 0.0284, 0
1.521078, -122.3111, 107, POINT, N, VKLTPLCVTLNCTNVTNNTTD-------------------------------------DMRGELKN----CSFNT-T-TS--LRN-KK-KKV-YSLF-YRLDVVQINNNQGNRSNNS------------------------------------------NTSYRLI---NCNTSTI-T---QA, 0.0284, 0
1.510801, -117.6303, [99, 105, 107], CHUNK, ['K', 'M', 'N'], VKLTPLCVTLNCTNVTNNTTD-------------------------------------DMRGELKN----CSFNT-T-TS--LRN-KK-KKV-YSLF-YKLDVVQMNNNQGNRSNNS------------------------------------------NTSYRLI---NCNTSTI-T---QA, 0.0717, 1
1.535678, -115.6290, [58, 60, 63], CHUNK, ['N', 'A', 'I'], VKLTPLCVTLNCTNVTNNTTD-------------------------------------NMAGEIKN----CSFNT-T-TS--LRN-KK-KKV-YSLF-YKLDVVQMNNNQGNRSNNS------------------------------------------NTSYRLI---NCNTSTI-T---QA, 0.0717, 0
1.521033, -118.5175, [99, 102, 104, 105], CHUNK, ['R', 'L', 'P', 'L'], VKLTPLCVTLNCTNVTNNTTD-------------------------------------DMRGELKN----CSFNT-T-TS--LRN-KK-KKV-YSLF-YRLDLVPLNNNQGNRSNNS------------------------------------------NTSYRLI---NCNTSTI-T---QA, 0.0946, 0
1.527660, -120.1195, 105, POINT, I, VKLTPLCVTLNCTNVTNNTTD-------------------------------------DMRGELKN----CSFNT-T-TS--LRN-KK-KKV-YSLF-YKLDVVQINNNQGNRSNNS------------------------------------------NTSYRLI---NCNTSTI-T---QA, 0.0712, 0
1.511870, -117.8068, 94, POINT, A, VKLTPLCVTLNCTNVTNNTTD-------------------------------------DMRGELKN----CSFNT-T-TS--LRN-KK-KKV-YALF-YKLDVVQMNNNQGNRSNNS------------------------------------------NTSYRLI---NCNTSTI-T---QA, 0.0717, 0
1.521078, -122.4634, 107, POINT, N, VKLTPLCVTLNCTNVTNNTTD-------------------------------------DMRGELKN----CSFNT-T-TS--LRN-KK-KKV-YSLF-YRLDVVQINNNQGNRSNNS------------------------------------------NTSYRLI---NCNTSTI-T---QA, 0.0432, 0
1.512553, -121.7333, [116], CHUNK, ['T'], VKLTPLCVTLNCTNVTNNTTD-------------------------------------DMRGELKN----CSFNT-T-TS--LRN-KK-KKV-YSLF-YRLDVVQINENQGNRSNNT------------------------------------------NTSYRLI---NCNTSTI-T---QA, 0.0284, 1
1.517534, -122.2643, 59, POINT, E, VKLTPLCVTLNCTNVTNNTTD-------------------------------------DERGELKN----CSFNT-T-TS--LRN-KK-KKV-YSLF-YRLDVVQINENQGNRSNNT------------------------------------------NTSYRLI---NCNTSTI-T---QA, 0.0284, 1
1.540288, -121.5837, 72, POINT, T, VKLTPLCVTLNCTNVTNNTTD-------------------------------------DERGELKN----CSTNT-T-TS--LRN-KK-KKV-YSLF-YRLDVVQINENQGNRSNNT------------------------------------------NTSYRLI---NCNTSTI-T---QA, 0.0658, 0
1.540912, -119.1123, 20, POINT, T, VKLTPLCVTLNCTNVTNNTTT-------------------------------------DERGELKN----CSFNT-T-TS--LRN-KK-KKV-YSLF-YRLDVVQINENQGNRSNNT------------------------------------------NTSYRLI---NCNTSTI-T---QA, 0.0284, 0
1.538180, -119.5256, 58, POINT, T, VKLTPLCVTLNCTNVTNNTTD-------------------------------------TERGELKN----CSFNT-T-TS--LRN-KK-KKV-YSLF-YRLDVVQINENQGNRSNNT------------------------------------------NTSYRLI---NCNTSTI-T---QA, 0.0562, 0
1.541539, -121.2264, 109, POINT, S, VKLTPLCVTLNCTNVTNNTTD-------------------------------------DERGELKN----CSFNT-T-TS--LRN-KK-KKV-YSLF-YRLDVVQINENSGNRSNNT------------------------------------------NTSYRLI---NCNTSTI-T---QA, 0.0284, 1
1.556751, -122.6130, [163], CHUNK, ['T'], VKLTPLCVTLNCTNVTNNTTD-------------------------------------DERGELKN----CSFNT-T-TS--LRN-KK-KKV-YSLF-YRLDVVQINENSGNRSNNT------------------------------------------NTSYTLI---NCNTSTI-T---QA, 0.0284, 0
1.552202, -117.6419, [99], CHUNK, ['N'], VKLTPLCVTLNCTNVTNNTTD-------------------------------------DERGELKN----CSFNT-T-TS--LRN-KK-KKV-YSLF-YNLDVVQINENSGNRSNNT------------------------------------------NTSYRLI---NCNTSTI-T---QA, 0.0728, 0
1.547426, -118.5620, 98, POINT, N, VKLTPLCVTLNCTNVTNNTTD-------------------------------------DERGELKN----CSFNT-T-TS--LRN-KK-KKV-YSLF-NRLDVVQINENSGNRSNNT------------------------------------------NTSYRLI---NCNTSTI-T---QA, 0.0284, 0
1.545888, -119.7231, [63], CHUNK, ['I'], VKLTPLCVTLNCTNVTNNTTD-------------------------------------DERGEIKN----CSFNT-T-TS--LRN-KK-KKV-YSLF-YRLDVVQINENSGNRSNNT------------------------------------------NTSYRLI---NCNTSTI-T---QA, 0.1005, 0
1.522833, -122.2894, 59, POINT, K, VKLTPLCVTLNCTNVTNNTTD-------------------------------------DKRGELKN----CSFNT-T-TS--LRN-KK-KKV-YSLF-YRLDVVQINENQGNRSNNT------------------------------------------NTSYRLI---NCNTSTI-T---QA, 0.0270, 0
1.525088, -121.1463, [94, 99], CHUNK, ['A', 'K'], VKLTPLCVTLNCTNVTNNTTD-------------------------------------DERGELKN----CSFNT-T-TS--LRN-KK-KKV-YALF-YKLDVVQINENQGNRSNNT------------------------------------------NTSYRLI---NCNTSTI-T---QA, 0.0330, 0
1.524837, -121.8332, 72, POINT, S, VKLTPLCVTLNCTNVTNNTTD-------------------------------------DERGELKN----CSSNT-T-TS--LRN-KK-KKV-YSLF-YRLDVVQINENQGNRSNNT------------------------------------------NTSYRLI---NCNTSTI-T---QA, 0.0605, 0
1.526130, -118.1385, [99, 102], CHUNK, ['N', 'I'], VKLTPLCVTLNCTNVTNNTTD-------------------------------------DERGELKN----CSFNT-T-TS--LRN-KK-KKV-YSLF-YNLDIVQINENQGNRSNNT------------------------------------------NTSYRLI---NCNTSTI-T---QA, 0.0284, 0
1.524108, -81.3250, [60, 61, 63], CHUNK, ['T', 'E', 'M'], VKLTPLCVTLNCTNVTNNTTD-------------------------------------DMTEEMKN----CSFNT-T-TS--LRN-KK-KKV-YSLF-YRLDVVQINENQGNRSNNT------------------------------------------NTSYRLI---NCNTSTI-T---QA, 0.2368, 0
1.517862, -120.3348, [94, 99, 102], CHUNK, ['A', 'K', 'I'], VKLTPLCVTLNCTNVTNNTTD-------------------------------------DMRGELKN----CSFNT-T-TS--LRN-KK-KKV-YALF-YKLDIVQINENQGNRSNNT------------------------------------------NTSYRLI---NCNTSTI-T---QA, 0.0284, 0
1.519038, -120.1258, [99], CHUNK, ['K'], VKLTPLCVTLNCTNVTNNTTD-------------------------------------DMRGELKN----CSFNT-T-TS--LRN-KK-KKV-YSLF-YKLDVVQINENQGNRSNNT------------------------------------------NTSYRLI---NCNTSTI-T---QA, 0.0284, 0
1.519552, -38.8423, [79, 82, 84], CHUNK, ['N', 'I', 'D'], VKLTPLCVTLNCTNVTNNTTD-------------------------------------DMRGELKN----CSFNT-T-TN--IRD-KK-KKV-YSLF-YRLDVVQINENQGNRSNNT------------------------------------------NTSYRLI---NCNTSTI-T---QA, 0.1527, 0
1.510860, -120.7756, 93, POINT, T, VKLTPLCVTLNCTNVTNNTTD-------------------------------------DMRGELKN----CSFNT-T-TS--LRN-KK-KKV-TSLF-YRLDVVQINENQGNRSNNS------------------------------------------NTSYRLI---NCNTSTI-T---QA, 0.0284, 0
1.515409, -122.0682, 60, POINT, N, VKLTPLCVTLNCTNVTNNTTD-------------------------------------DMNGELKN----CSFNT-T-TS--LRN-KK-KKV-YSLF-YRLDVVQINENQGNRSNNS------------------------------------------NTSYRLI---NCNTSTI-T---QA, 0.0284, 1
1.529608, -123.4547, [163], CHUNK, ['T'], VKLTPLCVTLNCTNVTNNTTD-------------------------------------DMNGELKN----CSFNT-T-TS--LRN-KK-KKV-YSLF-YRLDVVQINENQGNRSNNS------------------------------------------NTSYTLI---NCNTSTI-T---QA, 0.0284, 1
1.544736, -121.4367, [93, 94, 99], CHUNK, ['N', 'A', 'K'], VKLTPLCVTLNCTNVTNNTTD-------------------------------------DMNGELKN----CSFNT-T-TS--LRN-KK-KKV-NALF-YKLDVVQINENQGNRSNNS------------------------------------------NTSYTLI---NCNTSTI-T---QA, 0.0450, 1
1.545974, -121.2535, [71], CHUNK, ['T'], VKLTPLCVTLNCTNVTNNTTD-------------------------------------DMNGELKN----CTFNT-T-TS--LRN-KK-KKV-NALF-YKLDVVQINENQGNRSNNS------------------------------------------NTSYTLI---NCNTSTI-T---QA, 0.0450, 1
1.567878, -120.6741, 162, POINT, N, VKLTPLCVTLNCTNVTNNTTD-------------------------------------DMNGELKN----CTFNT-T-TS--LRN-KK-KKV-NALF-YKLDVVQINENQGNRSNNS------------------------------------------NTSNTLI---NCNTSTI-T---QA, 0.0485, 0
1.570283, -121.6331, 20, POINT, N, VKLTPLCVTLNCTNVTNNTTN-------------------------------------DMNGELKN----CTFNT-T-TS--LRN-KK-KKV-NALF-YKLDVVQINENQGNRSNNS------------------------------------------NTSYTLI---NCNTSTI-T---QA, 0.0450, 1
1.575205, -121.7851, [104], CHUNK, ['P'], VKLTPLCVTLNCTNVTNNTTN-------------------------------------DMNGELKN----CTFNT-T-TS--LRN-KK-KKV-NALF-YKLDVVPINENQGNRSNNS------------------------------------------NTSYTLI---NCNTSTI-T---QA, 0.0450, 0
1.573822, -120.2491, [63, 71], CHUNK, ['I', 'S'], VKLTPLCVTLNCTNVTNNTTN-------------------------------------DMNGEIKN----CSFNT-T-TS--LRN-KK-KKV-NALF-YKLDVVQINENQGNRSNNS------------------------------------------NTSYTLI---NCNTSTI-T---QA, 0.0415, 0
1.575205, -121.7851, [104], CHUNK, ['P'], VKLTPLCVTLNCTNVTNNTTN-------------------------------------DMNGELKN----CTFNT-T-TS--LRN-KK-KKV-NALF-YKLDVVPINENQGNRSNNS------------------------------------------NTSYTLI---NCNTSTI-T---QA, 0.0450, 0
1.572647, -12.5392, [82, 84, 87], CHUNK, ['I', 'D', 'T'], VKLTPLCVTLNCTNVTNNTTN-------------------------------------DMNGELKN----CTFNT-T-TS--IRD-KT-KKV-NALF-YKLDVVQINENQGNRSNNS------------------------------------------NTSYTLI---NCNTSTI-T---QA, 0.1242, 0
1.554808, -121.9132, 79, POINT, T, VKLTPLCVTLNCTNVTNNTTD-------------------------------------DMNGELKN----CTFNT-T-TT--LRN-KK-KKV-NALF-YKLDVVQINENQGNRSNNS------------------------------------------NTSYTLI---NCNTSTI-T---QA, 0.0714, 0
1.548180, -121.4226, [102, 104], CHUNK, ['I', 'P'], VKLTPLCVTLNCTNVTNNTTD-------------------------------------DMNGELKN----CTFNT-T-TS--LRN-KK-KKV-NALF-YKLDIVPINENQGNRSNNS------------------------------------------NTSYTLI---NCNTSTI-T---QA, 0.0450, 0
1.548793, -119.7386, [63, 71], CHUNK, ['I', 'S'], VKLTPLCVTLNCTNVTNNTTD-------------------------------------DMNGEIKN----CSFNT-T-TS--LRN-KK-KKV-NALF-YKLDVVQINENQGNRSNNS------------------------------------------NTSYTLI---NCNTSTI-T---QA, 0.0450, 0
1.551182, -121.2303, 107, POINT, D, VKLTPLCVTLNCTNVTNNTTD-------------------------------------DMNGELKN----CTFNT-T-TS--LRN-KK-KKV-NALF-YKLDVVQINDNQGNRSNNS------------------------------------------NTSYTLI---NCNTSTI-T---QA, 0.0450, 0
1.550746, -3.5183, [79, 82, 84], CHUNK, ['N', 'I', 'D'], VKLTPLCVTLNCTNVTNNTTD-------------------------------------DMNGELKN----CSFNT-T-TN--IRD-KK-KKV-NALF-YKLDVVQINENQGNRSNNS------------------------------------------NTSYTLI---NCNTSTI-T---QA, 0.1857, 0
1.549658, -121.5886, [104], CHUNK, ['P'], VKLTPLCVTLNCTNVTNNTTD-------------------------------------DMNGELKN----CSFNT-T-TS--LRN-KK-KKV-NALF-YKLDVVPINENQGNRSNNS------------------------------------------NTSYTLI---NCNTSTI-T---QA, 0.0450, 0
1.549658, -121.5886, 104, POINT, P, VKLTPLCVTLNCTNVTNNTTD-------------------------------------DMNGELKN----CSFNT-T-TS--LRN-KK-KKV-NALF-YKLDVVPINENQGNRSNNS------------------------------------------NTSYTLI---NCNTSTI-T---QA, 0.0450, 0
1.548424, -5.5272, [79, 82, 83, 87], CHUNK, ['T', 'I', 'K', 'R'], VKLTPLCVTLNCTNVTNNTTD-------------------------------------DMNGELKN----CSFNT-T-TT--IKN-KR-KKV-NALF-YKLDVVQINENQGNRSNNS------------------------------------------NTSYTLI---NCNTSTI-T---QA, 0.1726, 0
1.545945, -8.7840, [79, 82], CHUNK, ['N', 'I'], VKLTPLCVTLNCTNVTNNTTD-------------------------------------DMNGELKN----CSFNT-T-TN--IRN-KK-KKV-YSLF-YRLDVVQINENQGNRSNNS------------------------------------------NTSYTLI---NCNTSTI-T---QA, 0.2104, 0
1.544477, -102.9151, [58, 59, 60, 61, 63, 64, 65], CHUNK, ['N', 'S', 'S', 'N', 'I', 'Q', 'K'], VKLTPLCVTLNCTNVTNNTTD-------------------------------------NSSNEIQK----CSFNT-T-TS--LRN-KK-KKV-YSLF-YRLDVVQINENQGNRSNNS------------------------------------------NTSYTLI---NCNTSTI-T---QA, 0.0552, 0
1.535496, -120.7903, 98, POINT, N, VKLTPLCVTLNCTNVTNNTTD-------------------------------------DMNGELKN----CSFNT-T-TS--LRN-KK-KKV-YSLF-NRLDVVQINENQGNRSNNS------------------------------------------NTSYTLI---NCNTSTI-T---QA, 0.0284, 0
1.534379, -123.7097, 104, POINT, P, VKLTPLCVTLNCTNVTNNTTD-------------------------------------DMNGELKN----CSFNT-T-TS--LRN-KK-KKV-YSLF-YRLDVVPINENQGNRSNNS------------------------------------------NTSYTLI---NCNTSTI-T---QA, 0.0284, 1
1.535618, -122.4964, 71, POINT, T, VKLTPLCVTLNCTNVTNNTTD-------------------------------------DMNGELKN----CTFNT-T-TS--LRN-KK-KKV-YSLF-YRLDVVPINENQGNRSNNS------------------------------------------NTSYTLI---NCNTSTI-T---QA, 0.0910, 0
1.538447, -123.7446, [91, 94], CHUNK, ['E', 'A'], VKLTPLCVTLNCTNVTNNTTD-------------------------------------DMNGELKN----CSFNT-T-TS--LRN-KK-KKE-YALF-YRLDVVPINENQGNRSNNS------------------------------------------NTSYTLI---NCNTSTI-T---QA, 0.0284, 0
1.538437, -121.8608, [63], CHUNK, ['I'], VKLTPLCVTLNCTNVTNNTTD-------------------------------------DMNGEIKN----CSFNT-T-TS--LRN-KK-KKV-YSLF-YRLDVVPINENQGNRSNNS------------------------------------------NTSYTLI---NCNTSTI-T---QA, 0.0284, 1
1.559745, -118.6345, 20, POINT, T, VKLTPLCVTLNCTNVTNNTTT-------------------------------------DMNGEIKN----CSFNT-T-TS--LRN-KK-KKV-YSLF-YRLDVVPINENQGNRSNNS------------------------------------------NTSYTLI---NCNTSTI-T---QA, 0.0284, 0
1.562431, -121.1241, 109, POINT, S, VKLTPLCVTLNCTNVTNNTTD-------------------------------------DMNGEIKN----CSFNT-T-TS--LRN-KK-KKV-YSLF-YRLDVVPINENSGNRSNNS------------------------------------------NTSYTLI---NCNTSTI-T---QA, 0.0299, 1
1.583740, -117.9508, 20, POINT, T, VKLTPLCVTLNCTNVTNNTTT-------------------------------------DMNGEIKN----CSFNT-T-TS--LRN-KK-KKV-YSLF-YRLDVVPINENSGNRSNNS------------------------------------------NTSYTLI---NCNTSTI-T---QA, 0.0368, 0
1.568067, -1.7267, [79, 82, 83, 84], CHUNK, ['N', 'I', 'K', 'K'], VKLTPLCVTLNCTNVTNNTTD-------------------------------------DMNGEIKN----CSFNT-T-TN--IKK-KK-KKV-YSLF-YRLDVVPINENSGNRSNNS------------------------------------------NTSYTLI---NCNTSTI-T---QA, 0.2043, 0
1.567317, -120.7577, 58, POINT, K, VKLTPLCVTLNCTNVTNNTTD-------------------------------------KMNGEIKN----CSFNT-T-TS--LRN-KK-KKV-YSLF-YRLDVVPINENSGNRSNNS------------------------------------------NTSYTLI---NCNTSTI-T---QA, 0.0299, 0
1.574310, -116.3039, [99, 102, 104, 105], CHUNK, ['K', 'I', 'S', 'L'], VKLTPLCVTLNCTNVTNNTTD-------------------------------------DMNGEIKN----CSFNT-T-TS--LRN-KK-KKV-YSLF-YKLDIVSLNENSGNRSNNS------------------------------------------NTSYTLI---NCNTSTI-T---QA, 0.0299, 0
1.545436, -5.1422, [79, 82, 84], CHUNK, ['N', 'I', 'D'], VKLTPLCVTLNCTNVTNNTTD-------------------------------------DMNGEIKN----CSFNT-T-TN--IRD-KK-KKV-YSLF-YRLDVVPINENQGNRSNNS------------------------------------------NTSYTLI---NCNTSTI-T---QA, 0.1162, 0
1.549729, -120.7416, [91, 94, 99], CHUNK, ['E', 'A', 'K'], VKLTPLCVTLNCTNVTNNTTD-------------------------------------DMNGEIKN----CSFNT-T-TS--LRN-KK-KKE-YALF-YKLDVVPINENQGNRSNNS------------------------------------------NTSYTLI---NCNTSTI-T---QA, 0.1291, 1
1.555144, -88.5445, 61, POINT, K, VKLTPLCVTLNCTNVTNNTTD-------------------------------------DMNKEIKN----CSFNT-T-TS--LRN-KK-KKE-YALF-YKLDVVPINENQGNRSNNS------------------------------------------NTSYTLI---NCNTSTI-T---QA, 0.1291, 0
1.551417, -118.4557, 71, POINT, T, VKLTPLCVTLNCTNVTNNTTD-------------------------------------DMNGEIKN----CTFNT-T-TS--LRN-KK-KKE-YALF-YKLDVVPINENQGNRSNNS------------------------------------------NTSYTLI---NCNTSTI-T---QA, 0.1451, 0
1.561632, -118.8956, 165, POINT, T, VKLTPLCVTLNCTNVTNNTTD-------------------------------------DMNGEIKN----CSFNT-T-TS--LRN-KK-KKE-YALF-YKLDVVPINENQGNRSNNS------------------------------------------NTSYTLT---NCNTSTI-T---QA, 0.1291, 0
1.554132, -9.2777, 82, POINT, I, VKLTPLCVTLNCTNVTNNTTD-------------------------------------DMNGEIKN----CSFNT-T-TS--IRN-KK-KKE-YALF-YKLDVVPINENQGNRSNNS------------------------------------------NTSYTLI---NCNTSTI-T---QA, 0.1570, 0
1.545073, -121.1754, [99], CHUNK, ['K'], VKLTPLCVTLNCTNVTNNTTD-------------------------------------DMNGEIKN----CSFNT-T-TS--LRN-KK-KKV-YSLF-YKLDVVPINENQGNRSNNS------------------------------------------NTSYTLI---NCNTSTI-T---QA, 0.0789, 0
1.545119, -114.4066, [91, 94, 96, 99], CHUNK, ['E', 'A', 'L', 'K'], VKLTPLCVTLNCTNVTNNTTD-------------------------------------DMNGEIKN----CSFNT-T-TS--LRN-KK-KKE-YALL-YKLDVVPINENQGNRSNNS------------------------------------------NTSYTLI---NCNTSTI-T---QA, 0.0284, 0
1.550905, -105.2970, [61, 63], CHUNK, ['N', 'V'], VKLTPLCVTLNCTNVTNNTTD-------------------------------------DMNNEVKN----CSFNT-T-TS--LRN-KK-KKV-YSLF-YRLDVVPINENQGNRSNNS------------------------------------------NTSYTLI---NCNTSTI-T---QA, 0.0284, 0
1.549729, -120.1686, [91, 94, 99], CHUNK, ['E', 'A', 'K'], VKLTPLCVTLNCTNVTNNTTD-------------------------------------DMNGEIKN----CSFNT-T-TS--LRN-KK-KKE-YALF-YKLDVVPINENQGNRSNNS------------------------------------------NTSYTLI---NCNTSTI-T---QA, 0.0444, 0
1.553329, -121.5653, [91, 94, 99], CHUNK, ['E', 'A', 'T'], VKLTPLCVTLNCTNVTNNTTD-------------------------------------DMNGELKN----CSFNT-T-TS--LRN-KK-KKE-YALF-YTLDVVPINENQGNRSNNS------------------------------------------NTSYTLI---NCNTSTI-T---QA, 0.0284, 0
1.539641, -123.7963, 107, POINT, D, VKLTPLCVTLNCTNVTNNTTD-------------------------------------DMNGELKN----CSFNT-T-TS--LRN-KK-KKV-YSLF-YRLDVVPINDNQGNRSNNS------------------------------------------NTSYTLI---NCNTSTI-T---QA, 0.0539, 0
1.557858, -123.8172, 107, POINT, N, VKLTPLCVTLNCTNVTNNTTD-------------------------------------DMNGELKN----CSFNT-T-TS--LRN-KK-KKV-YSLF-YRLDVVPINNNQGNRSNNS------------------------------------------NTSYTLI---NCNTSTI-T---QA, 0.0284, 0
1.544925, -119.7817, [99], CHUNK, ['N'], VKLTPLCVTLNCTNVTNNTTD-------------------------------------DMNGELKN----CSFNT-T-TS--LRN-KK-KKV-YSLF-YNLDVVPINENQGNRSNNS------------------------------------------NTSYTLI---NCNTSTI-T---QA, 0.1298, 0
1.551495, -120.2284, 20, POINT, T, VKLTPLCVTLNCTNVTNNTTT-------------------------------------DMNGELKN----CSFNT-T-TS--LRN-KK-KKV-YSLF-YRLDVVQINENQGNRSNNS------------------------------------------NTSYTLI---NCNTSTI-T---QA, 0.0284, 1
1.555563, -120.2536, [91, 94], CHUNK, ['E', 'A'], VKLTPLCVTLNCTNVTNNTTT-------------------------------------DMNGELKN----CSFNT-T-TS--LRN-KK-KKE-YALF-YRLDVVQINENQGNRSNNS------------------------------------------NTSYTLI---NCNTSTI-T---QA, 0.0552, 0
1.619866, -118.9308, [105, 107, 109, 110], CHUNK, ['L', 'K', 'N', 'N'], VKLTPLCVTLNCTNVTNNTTT-------------------------------------DMNGELKN----CSFNT-T-TS--LRN-KK-KKV-YSLF-YRLDVVQLNKNNNNRSNNS------------------------------------------NTSYTLI---NCNTSTI-T---QA, 0.0284, 0
1.569148, -118.5776, [99, 103], CHUNK, ['K', 'T'], VKLTPLCVTLNCTNVTNNTTT-------------------------------------DMNGELKN----CSFNT-T-TS--LRN-KK-KKV-YSLF-YKLDVTQINENQGNRSNNS------------------------------------------NTSYTLI---NCNTSTI-T---QA, 0.0639, 1
1.576698, -117.6966, 62, POINT, S, VKLTPLCVTLNCTNVTNNTTT-------------------------------------DMNGSLKN----CSFNT-T-TS--LRN-KK-KKV-YSLF-YKLDVTQINENQGNRSNNS------------------------------------------NTSYTLI---NCNTSTI-T---QA, 0.0639, 1
1.587306, -117.4442, 105, POINT, T, VKLTPLCVTLNCTNVTNNTTT-------------------------------------DMNGSLKN----CSFNT-T-TS--LRN-KK-KKV-YSLF-YKLDVTQTNENQGNRSNNS------------------------------------------NTSYTLI---NCNTSTI-T---QA, 0.0834, 0
1.584890, -79.0313, [58, 59, 60, 61, 62, 63], CHUNK, ['S', 'S', 'C', 'E', 'I', 'I'], VKLTPLCVTLNCTNVTNNTTT-------------------------------------SSCEIIKN----CSFNT-T-TS--LRN-KK-KKV-YSLF-YKLDVTQINENQGNRSNNS------------------------------------------NTSYTLI---NCNTSTI-T---QA, 0.1313, 0
1.580246, -117.8619, 4, POINT, T, VKLTTLCVTLNCTNVTNNTTT-------------------------------------DMNGSLKN----CSFNT-T-TS--LRN-KK-KKV-YSLF-YKLDVTQINENQGNRSNNS------------------------------------------NTSYTLI---NCNTSTI-T---QA, 0.1297, 1
1.594780, -114.2231, [58, 59, 60, 62, 63], CHUNK, ['T', 'T', 'E', 'D', 'M'], VKLTTLCVTLNCTNVTNNTTT-------------------------------------TTEGDMKN----CSFNT-T-TS--LRN-KK-KKV-YSLF-YKLDVTQINENQGNRSNNS------------------------------------------NTSYTLI---NCNTSTI-T---QA, 0.1297, 0
1.614877, -117.5031, 109, POINT, N, VKLTTLCVTLNCTNVTNNTTT-------------------------------------DMNGSLKN----CSFNT-T-TS--LRN-KK-KKV-YSLF-YKLDVTQINENNGNRSNNS------------------------------------------NTSYTLI---NCNTSTI-T---QA, 0.1297, 0
1.582695, -121.4721, 20, POINT, N, VKLTTLCVTLNCTNVTNNTTN-------------------------------------DMNGSLKN----CSFNT-T-TS--LRN-KK-KKV-YSLF-YKLDVTQINENQGNRSNNS------------------------------------------NTSYTLI---NCNTSTI-T---QA, 0.1297, 1
1.586753, -120.2379, [63], CHUNK, ['I'], VKLTTLCVTLNCTNVTNNTTN-------------------------------------DMNGSIKN----CSFNT-T-TS--LRN-KK-KKV-YSLF-YKLDVTQINENQGNRSNNS------------------------------------------NTSYTLI---NCNTSTI-T---QA, 0.1884, 0
1.583001, -114.3311, [87, 91], CHUNK, ['I', 'E'], VKLTTLCVTLNCTNVTNNTTN-------------------------------------DMNGSLKN----CSFNT-T-TS--LRN-KI-KKE-YSLF-YKLDVTQINENQGNRSNNS------------------------------------------NTSYTLI---NCNTSTI-T---QA, 0.1655, 0
1.586875, -117.9614, [84, 87], CHUNK, ['D', 'N'], VKLTTLCVTLNCTNVTNNTTN-------------------------------------DMNGSLKN----CSFNT-T-TS--LRD-KN-KKV-YSLF-YKLDVTQINENQGNRSNNS------------------------------------------NTSYTLI---NCNTSTI-T---QA, 0.1297, 0
1.587690, 1.0080, [79, 82, 84, 87], CHUNK, ['N', 'I', 'D', 'I'], VKLTTLCVTLNCTNVTNNTTN-------------------------------------DMNGSLKN----CSFNT-T-TN--IRD-KI-KKV-YSLF-YKLDVTQINENQGNRSNNS------------------------------------------NTSYTLI---NCNTSTI-T---QA, 0.2231, 0
1.581872, -114.4398, 58, POINT, V, VKLTTLCVTLNCTNVTNNTTT-------------------------------------VMNGSLKN----CSFNT-T-TS--LRN-KK-KKV-YSLF-YKLDVTQINENQGNRSNNS------------------------------------------NTSYTLI---NCNTSTI-T---QA, 0.1297, 1
1.586158, -114.6393, [91, 94], CHUNK, ['E', 'A'], VKLTTLCVTLNCTNVTNNTTT-------------------------------------VMNGSLKN----CSFNT-T-TS--LRN-KK-KKE-YALF-YKLDVTQINENQGNRSNNS------------------------------------------NTSYTLI---NCNTSTI-T---QA, 0.1358, 1
1.588368, -112.9340, [83, 84, 87], CHUNK, ['N', 'K', 'V'], VKLTTLCVTLNCTNVTNNTTT-------------------------------------VMNGSLKN----CSFNT-T-TS--LNK-KV-KKE-YALF-YKLDVTQINENQGNRSNNS------------------------------------------NTSYTLI---NCNTSTI-T---QA, 0.1358, 0
1.588746, -111.8476, [14], CHUNK, ['I'], VKLTTLCVTLNCTNITNNTTT-------------------------------------VMNGSLKN----CSFNT-T-TS--LRN-KK-KKE-YALF-YKLDVTQINENQGNRSNNS------------------------------------------NTSYTLI---NCNTSTI-T---QA, 0.1358, 0
1.593820, 6.7230, [79, 82, 84, 87], CHUNK, ['N', 'I', 'D', 'V'], VKLTTLCVTLNCTNVTNNTTT-------------------------------------VMNGSLKN----CSFNT-T-TN--IRD-KV-KKE-YALF-YKLDVTQINENQGNRSNNS------------------------------------------NTSYTLI---NCNTSTI-T---QA, 0.3540, 0
1.590144, -112.9289, [91, 93], CHUNK, ['V', 'N'], VKLTTLCVTLNCTNVTNNTTT-------------------------------------VMNGSLKN----CSFNT-T-TS--LRN-KK-KKV-NALF-YKLDVTQINENQGNRSNNS------------------------------------------NTSYTLI---NCNTSTI-T---QA, 0.1371, 0
1.593163, -114.7392, 79, POINT, N, VKLTTLCVTLNCTNVTNNTTT-------------------------------------VMNGSLKN----CSFNT-T-TN--LRN-KK-KKV-YSLF-YKLDVTQINENQGNRSNNS------------------------------------------NTSYTLI---NCNTSTI-T---QA, 0.1270, 0
1.617879, -113.9446, 59, POINT, T, VKLTTLCVTLNCTNVTNNTTT-------------------------------------VTNGSLKN----CSFNT-T-TS--LRN-KK-KKV-YSLF-YKLDVTQINENQGNRSNNS------------------------------------------NTSYTLI---NCNTSTI-T---QA, 0.1297, 0
1.587704, -114.4172, 107, POINT, D, VKLTTLCVTLNCTNVTNNTTT-------------------------------------VMNGSLKN----CSFNT-T-TS--LRN-KK-KKV-YSLF-YKLDVTQINDNQGNRSNNS------------------------------------------NTSYTLI---NCNTSTI-T---QA, 0.1297, 1
1.590171, -112.9140, [63], CHUNK, ['I'], VKLTTLCVTLNCTNVTNNTTT-------------------------------------VMNGSIKN----CSFNT-T-TS--LRN-KK-KKV-YSLF-YKLDVTQINDNQGNRSNNS------------------------------------------NTSYTLI---NCNTSTI-T---QA, 0.1327, 1
1.595257, -80.7906, 61, POINT, I, VKLTTLCVTLNCTNVTNNTTT-------------------------------------VMNISIKN----CSFNT-T-TS--LRN-KK-KKV-YSLF-YKLDVTQINDNQGNRSNNS------------------------------------------NTSYTLI---NCNTSTI-T---QA, 0.1782, 0
1.590870, -113.1238, [94], CHUNK, ['A'], VKLTTLCVTLNCTNVTNNTTT-------------------------------------VMNGSIKN----CSFNT-T-TS--LRN-KK-KKV-YALF-YKLDVTQINDNQGNRSNNS------------------------------------------NTSYTLI---NCNTSTI-T---QA, 0.1327, 0
1.591509, -112.6974, 182, POINT, T, VKLTTLCVTLNCTNVTNNTTT-------------------------------------VMNGSIKN----CSFNT-T-TS--LRN-KK-KKV-YSLF-YKLDVTQINDNQGNRSNNS------------------------------------------NTSYTLI---NCNTSTI-T---QT, 0.1327, 0
1.599165, -112.5942, 105, POINT, T, VKLTTLCVTLNCTNVTNNTTT-------------------------------------VMNGSIKN----CSFNT-T-TS--LRN-KK-KKV-YSLF-YKLDVTQTNDNQGNRSNNS------------------------------------------NTSYTLI---NCNTSTI-T---QA, 0.1536, 0
1.590486, -112.4862, [71], CHUNK, ['T'], VKLTTLCVTLNCTNVTNNTTT-------------------------------------VMNGSLKN----CTFNT-T-TS--LRN-KK-KKV-YSLF-YKLDVTQINDNQGNRSNNS------------------------------------------NTSYTLI---NCNTSTI-T---QA, 0.1297, 0
1.590171, -113.1698, [63], CHUNK, ['I'], VKLTTLCVTLNCTNVTNNTTT-------------------------------------VMNGSIKN----CSFNT-T-TS--LRN-KK-KKV-YSLF-YKLDVTQINDNQGNRSNNS------------------------------------------NTSYTLI---NCNTSTI-T---QA, 0.1145, 0
1.588435, -114.5213, [87, 91, 94], CHUNK, ['V', 'E', 'A'], VKLTTLCVTLNCTNVTNNTTT-------------------------------------VMNGSLKN----CSFNT-T-TS--LRN-KV-KKE-YALF-YKLDVTQINDNQGNRSNNS------------------------------------------NTSYTLI---NCNTSTI-T---QA, 0.1221, 0
1.593637, -114.5616, 104, POINT, E, VKLTTLCVTLNCTNVTNNTTT-------------------------------------VMNGSLKN----CSFNT-T-TS--LRN-KK-KKV-YSLF-YKLDVTEINDNQGNRSNNS------------------------------------------NTSYTLI---NCNTSTI-T---QA, 0.1297, 0
1.582369, -111.7353, [99, 103, 104], CHUNK, ['N', 'V', 'K'], VKLTTLCVTLNCTNVTNNTTT-------------------------------------VMNGSLKN----CSFNT-T-TS--LRN-KK-KKV-YSLF-YNLDVVKINENQGNRSNNS------------------------------------------NTSYTLI---NCNTSTI-T---QA, 0.1297, 0
1.584654, -112.5088, 71, POINT, T, VKLTTLCVTLNCTNVTNNTTT-------------------------------------VMNGSLKN----CTFNT-T-TS--LRN-KK-KKV-YSLF-YKLDVTQINENQGNRSNNS------------------------------------------NTSYTLI---NCNTSTI-T---QA, 0.1297, 0
1.593163, -114.6219, 79, POINT, N, VKLTTLCVTLNCTNVTNNTTT-------------------------------------VMNGSLKN----CSFNT-T-TN--LRN-KK-KKV-YSLF-YKLDVTQINENQGNRSNNS------------------------------------------NTSYTLI---NCNTSTI-T---QA, 0.1297, 0
1.586158, -114.5093, [91, 94], CHUNK, ['E', 'A'], VKLTTLCVTLNCTNVTNNTTT-------------------------------------VMNGSLKN----CSFNT-T-TS--LRN-KK-KKE-YALF-YKLDVTQINENQGNRSNNS------------------------------------------NTSYTLI---NCNTSTI-T---QA, 0.1297, 0
1.583029, -115.9309, 71, POINT, T, VKLTTLCVTLNCTNVTNNTTT-------------------------------------DMNGSLKN----CTFNT-T-TS--LRN-KK-KKV-YSLF-YKLDVTQINENQGNRSNNS------------------------------------------NTSYTLI---NCNTSTI-T---QA, 0.1297, 0
1.585273, -117.8366, 104, POINT, P, VKLTTLCVTLNCTNVTNNTTT-------------------------------------DMNGSLKN----CSFNT-T-TS--LRN-KK-KKV-YSLF-YKLDVTPINENQGNRSNNS------------------------------------------NTSYTLI---NCNTSTI-T---QA, 0.1297, 0
1.586462, -116.0204, 99, POINT, N, VKLTTLCVTLNCTNVTNNTTT-------------------------------------DMNGSLKN----CSFNT-T-TS--LRN-KK-KKV-YSLF-YNLDVTQINENQGNRSNNS------------------------------------------NTSYTLI---NCNTSTI-T---QA, 0.1297, 0
1.596008, -117.3914, [116], CHUNK, ['T'], VKLTTLCVTLNCTNVTNNTTT-------------------------------------DMNGSLKN----CSFNT-T-TS--LRN-KK-KKV-YSLF-YKLDVTQINENQGNRSNNT------------------------------------------NTSYTLI---NCNTSTI-T---QA, 0.1297, 0
1.607352, -118.2236, 58, POINT, N, VKLTPLCVTLNCTNVTNNTTT-------------------------------------NMNGSLKN----CSFNT-T-TS--LRN-KK-KKV-YSLF-YKLDVTQINENQGNRSNNS------------------------------------------NTSYTLI---NCNTSTI-T---QA, 0.0639, 0
1.581706, -116.4844, 59, POINT, Y, VKLTPLCVTLNCTNVTNNTTT-------------------------------------DYNGSLKN----CSFNT-T-TS--LRN-KK-KKV-YSLF-YKLDVTQINENQGNRSNNS------------------------------------------NTSYTLI---NCNTSTI-T---QA, 0.0639, 0
1.577499, -112.4714, [59, 60, 62, 63], CHUNK, ['E', 'T', 'D', 'I'], VKLTPLCVTLNCTNVTNNTTT-------------------------------------DETGDIKN----CSFNT-T-TS--LRN-KK-KKV-YSLF-YKLDVTQINENQGNRSNNS------------------------------------------NTSYTLI---NCNTSTI-T---QA, 0.0635, 0
1.577195, -115.6818, [99, 103, 104], CHUNK, ['N', 'V', 'K'], VKLTPLCVTLNCTNVTNNTTT-------------------------------------DMNGSLKN----CSFNT-T-TS--LRN-KK-KKV-YSLF-YNLDVVKINENQGNRSNNS------------------------------------------NTSYTLI---NCNTSTI-T---QA, 0.0964, 1
1.589098, -113.9838, [165], CHUNK, ['T'], VKLTPLCVTLNCTNVTNNTTT-------------------------------------DMNGSLKN----CSFNT-T-TS--LRN-KK-KKV-YSLF-YNLDVVKINENQGNRSNNS------------------------------------------NTSYTLT---NCNTSTI-T---QA, 0.0964, 0
1.588369, -114.3410, [91, 93, 94], CHUNK, ['E', 'N', 'A'], VKLTPLCVTLNCTNVTNNTTT-------------------------------------DMNGSLKN----CSFNT-T-TS--LRN-KK-KKE-NALF-YNLDVVKINENQGNRSNNS------------------------------------------NTSYTLI---NCNTSTI-T---QA, 0.0895, 0
1.585142, -114.3873, 64, POINT, T, VKLTPLCVTLNCTNVTNNTTT-------------------------------------DMNGSLTN----CSFNT-T-TS--LRN-KK-KKV-YSLF-YNLDVVKINENQGNRSNNS------------------------------------------NTSYTLI---NCNTSTI-T---QA, 0.0964, 0
1.593532, -3.0985, [79, 82], CHUNK, ['N', 'I'], VKLTPLCVTLNCTNVTNNTTT-------------------------------------DMNGSLKN----CSFNT-T-TN--IRN-KK-KKV-YSLF-YNLDVVKINENQGNRSNNS------------------------------------------NTSYTLI---NCNTSTI-T---QA, 0.3575, 0
1.601026, -117.8041, 107, POINT, N, VKLTPLCVTLNCTNVTNNTTT-------------------------------------DMNGSLKN----CSFNT-T-TS--LRN-KK-KKV-YSLF-YKLDVTQINNNQGNRSNNS------------------------------------------NTSYTLI---NCNTSTI-T---QA, 0.0639, 0
1.581207, -117.3889, 18, POINT, N, VKLTPLCVTLNCTNVTNNNTT-------------------------------------DMNGSLKN----CSFNT-T-TS--LRN-KK-KKV-YSLF-YKLDVTQINENQGNRSNNS------------------------------------------NTSYTLI---NCNTSTI-T---QA, 0.0639, 0
1.577397, -118.0738, 94, POINT, A, VKLTPLCVTLNCTNVTNNTTT-------------------------------------DMNGSLKN----CSFNT-T-TS--LRN-KK-KKV-YALF-YKLDVTQINENQGNRSNNS------------------------------------------NTSYTLI---NCNTSTI-T---QA, 0.0681, 0
1.585543, -117.2926, 72, POINT, S, VKLTPLCVTLNCTNVTNNTTT-------------------------------------DMNGSLKN----CSSNT-T-TS--LRN-KK-KKV-YSLF-YKLDVTQINENQGNRSNNS------------------------------------------NTSYTLI---NCNTSTI-T---QA, 0.0704, 0
