Name base = V1V2_70_exp_9_5_ni
Iters = 70
Soft coverage = 0.284621885725
Energy = -131.671420651
Hard Covereage = 0.0368019545157
Num epitopes = 65
Initial seq = VKLTPLCVTLQCTNVTNNITD-------------------------------------DMRGELKN----CSFNM-T-TE--LRD-KK-QKV-YSLF-YRLDVVQINENQGNRSNNS------------------------------------------NKEYRLI---NCNTSAI-T---QA
-------START OF DATA------
0.294594, -92.8612, 74, POINT, I, VKLTPLCVTLQCTNVTNNITD-------------------------------------DMRGELKN----CSFNI-T-TE--LRD-KK-QKV-YSLF-YRLDVVQINENQGNRSNNS------------------------------------------NKEYRLI---NCNTSAI-T---QA, 0.3933, 0
0.289705, -131.2591, 160, POINT, T, VKLTPLCVTLQCTNVTNNITD-------------------------------------DMRGELKN----CSFNM-T-TE--LRD-KK-QKV-YSLF-YRLDVVQINENQGNRSNNS------------------------------------------NTEYRLI---NCNTSAI-T---QA, 0.0000, 1
0.292055, -128.6669, 58, POINT, T, VKLTPLCVTLQCTNVTNNITD-------------------------------------TMRGELKN----CSFNM-T-TE--LRD-KK-QKV-YSLF-YRLDVVQINENQGNRSNNS------------------------------------------NTEYRLI---NCNTSAI-T---QA, 0.0242, 1
0.296673, -127.0171, 99, POINT, K, VKLTPLCVTLQCTNVTNNITD-------------------------------------TMRGELKN----CSFNM-T-TE--LRD-KK-QKV-YSLF-YKLDVVQINENQGNRSNNS------------------------------------------NTEYRLI---NCNTSAI-T---QA, 0.0241, 1
0.315422, -124.1826, [10, 14, 16, 17], CHUNK, ['N', 'A', 'S', 'T'], VKLTPLCVTLNCTNATSTITD-------------------------------------TMRGELKN----CSFNM-T-TE--LRD-KK-QKV-YSLF-YKLDVVQINENQGNRSNNS------------------------------------------NTEYRLI---NCNTSAI-T---QA, 0.0814, 0
0.307240, -127.2262, 94, POINT, A, VKLTPLCVTLQCTNVTNNITD-------------------------------------TMRGELKN----CSFNM-T-TE--LRD-KK-QKV-YALF-YKLDVVQINENQGNRSNNS------------------------------------------NTEYRLI---NCNTSAI-T---QA, 0.0241, 1
0.330907, -127.1348, [10], CHUNK, ['N'], VKLTPLCVTLNCTNVTNNITD-------------------------------------TMRGELKN----CSFNM-T-TE--LRD-KK-QKV-YALF-YKLDVVQINENQGNRSNNS------------------------------------------NTEYRLI---NCNTSAI-T---QA, 0.0241, 0
0.311732, -114.2646, 74, POINT, V, VKLTPLCVTLQCTNVTNNITD-------------------------------------TMRGELKN----CSFNV-T-TE--LRD-KK-QKV-YALF-YKLDVVQINENQGNRSNNS------------------------------------------NTEYRLI---NCNTSAI-T---QA, 0.1452, 0
0.309119, -127.4813, 161, POINT, T, VKLTPLCVTLQCTNVTNNITD-------------------------------------TMRGELKN----CSFNM-T-TE--LRD-KK-QKV-YALF-YKLDVVQINENQGNRSNNS------------------------------------------NTTYRLI---NCNTSAI-T---QA, 0.0241, 1
0.326572, -93.8833, [10, 13, 14, 15, 17, 18], CHUNK, ['N', 'D', 'L', 'V', 'S', 'N'], VKLTPLCVTLNCTDLVNSNTD-------------------------------------TMRGELKN----CSFNM-T-TE--LRD-KK-QKV-YALF-YKLDVVQINENQGNRSNNS------------------------------------------NTTYRLI---NCNTSAI-T---QA, 0.5184, 0
0.311584, -127.4288, 10, POINT, K, VKLTPLCVTLKCTNVTNNITD-------------------------------------TMRGELKN----CSFNM-T-TE--LRD-KK-QKV-YALF-YKLDVVQINENQGNRSNNS------------------------------------------NTTYRLI---NCNTSAI-T---QA, 0.0241, 0
0.314264, -126.8146, 161, POINT, S, VKLTPLCVTLQCTNVTNNITD-------------------------------------TMRGELKN----CSFNM-T-TE--LRD-KK-QKV-YALF-YKLDVVQINENQGNRSNNS------------------------------------------NTSYRLI---NCNTSAI-T---QA, 0.0241, 0
0.315177, -125.9674, 91, POINT, E, VKLTPLCVTLQCTNVTNNITD-------------------------------------TMRGELKN----CSFNM-T-TE--LRD-KK-QKE-YALF-YKLDVVQINENQGNRSNNS------------------------------------------NTTYRLI---NCNTSAI-T---QA, 0.0241, 0
0.313298, -125.7122, 91, POINT, E, VKLTPLCVTLQCTNVTNNITD-------------------------------------TMRGELKN----CSFNM-T-TE--LRD-KK-QKE-YALF-YKLDVVQINENQGNRSNNS------------------------------------------NTEYRLI---NCNTSAI-T---QA, 0.0241, 1
0.314388, -126.1651, 59, POINT, L, VKLTPLCVTLQCTNVTNNITD-------------------------------------TLRGELKN----CSFNM-T-TE--LRD-KK-QKE-YALF-YKLDVVQINENQGNRSNNS------------------------------------------NTEYRLI---NCNTSAI-T---QA, 0.0241, 0
0.334323, -125.7909, [10, 13], CHUNK, ['N', 'D'], VKLTPLCVTLNCTDVTNNITD-------------------------------------TMRGELKN----CSFNM-T-TE--LRD-KK-QKE-YALF-YKLDVVQINENQGNRSNNS------------------------------------------NTEYRLI---NCNTSAI-T---QA, 0.0305, 0
0.336965, -125.6209, [10], CHUNK, ['N'], VKLTPLCVTLNCTNVTNNITD-------------------------------------TMRGELKN----CSFNM-T-TE--LRD-KK-QKE-YALF-YKLDVVQINENQGNRSNNS------------------------------------------NTEYRLI---NCNTSAI-T---QA, 0.0241, 1
0.343999, -103.2026, [169, 174], CHUNK, ['S', 'V'], VKLTPLCVTLNCTNVTNNITD-------------------------------------TMRGELKN----CSFNM-T-TE--LRD-KK-QKE-YALF-YKLDVVQINENQGNRSNNS------------------------------------------NTEYRLI---SCNTSVI-T---QA, 0.3866, 1
0.348039, -101.4075, 74, POINT, T, VKLTPLCVTLNCTNVTNNITD-------------------------------------TMRGELKN----CSFNT-T-TE--LRD-KK-QKE-YALF-YKLDVVQINENQGNRSNNS------------------------------------------NTEYRLI---SCNTSVI-T---QA, 0.4464, 0
0.348422, -108.1967, 104, POINT, P, VKLTPLCVTLNCTNVTNNITD-------------------------------------TMRGELKN----CSFNM-T-TE--LRD-KK-QKE-YALF-YKLDVVPINENQGNRSNNS------------------------------------------NTEYRLI---SCNTSVI-T---QA, 0.4546, 0
0.351274, -104.7053, 63, POINT, I, VKLTPLCVTLNCTNVTNNITD-------------------------------------TMRGEIKN----CSFNM-T-TE--LRD-KK-QKE-YALF-YKLDVVQINENQGNRSNNS------------------------------------------NTEYRLI---SCNTSVI-T---QA, 0.4243, 0
0.346504, -107.0715, 18, POINT, N, VKLTPLCVTLNCTNVTNNNTD-------------------------------------TMRGELKN----CSFNM-T-TE--LRD-KK-QKE-YALF-YKLDVVQINENQGNRSNNS------------------------------------------NTEYRLI---SCNTSVI-T---QA, 0.4195, 0
0.344247, -104.9073, [174], CHUNK, ['V'], VKLTPLCVTLNCTNVTNNITD-------------------------------------TMRGELKN----CSFNM-T-TE--LRD-KK-QKE-YALF-YKLDVVQINENQGNRSNNS------------------------------------------NTEYRLI---NCNTSVI-T---QA, 0.1863, 0
0.341732, -125.2627, 109, POINT, N, VKLTPLCVTLNCTNVTNNITD-------------------------------------TMRGELKN----CSFNM-T-TE--LRD-KK-QKE-YALF-YKLDVVQINENNGNRSNNS------------------------------------------NTEYRLI---NCNTSAI-T---QA, 0.0241, 0
0.338212, -123.2883, 60, POINT, K, VKLTPLCVTLNCTNVTNNITD-------------------------------------TMKGELKN----CSFNM-T-TE--LRD-KK-QKE-YALF-YKLDVVQINENQGNRSNNS------------------------------------------NTEYRLI---NCNTSAI-T---QA, 0.0241, 0
0.339695, -126.0498, 20, POINT, N, VKLTPLCVTLNCTNVTNNITN-------------------------------------TMRGELKN----CSFNM-T-TE--LRD-KK-QKE-YALF-YKLDVVQINENQGNRSNNS------------------------------------------NTEYRLI---NCNTSAI-T---QA, 0.0241, 1
0.340855, -123.7173, 60, POINT, K, VKLTPLCVTLNCTNVTNNITN-------------------------------------TMKGELKN----CSFNM-T-TE--LRD-KK-QKE-YALF-YKLDVVQINENQGNRSNNS------------------------------------------NTEYRLI---NCNTSAI-T---QA, 0.0241, 1
0.345622, -123.3591, 109, POINT, N, VKLTPLCVTLNCTNVTNNITN-------------------------------------TMKGELKN----CSFNM-T-TE--LRD-KK-QKE-YALF-YKLDVVQINENNGNRSNNS------------------------------------------NTEYRLI---NCNTSAI-T---QA, 0.0241, 1
0.353485, -121.5280, [63], CHUNK, ['I'], VKLTPLCVTLNCTNVTNNITN-------------------------------------TMKGEIKN----CSFNM-T-TE--LRD-KK-QKE-YALF-YKLDVVQINENNGNRSNNS------------------------------------------NTEYRLI---NCNTSAI-T---QA, 0.0979, 0
0.347785, -6.5226, 82, POINT, I, VKLTPLCVTLNCTNVTNNITN-------------------------------------TMKGELKN----CSFNM-T-TE--IRD-KK-QKE-YALF-YKLDVVQINENNGNRSNNS------------------------------------------NTEYRLI---NCNTSAI-T---QA, 0.1816, 0
0.353963, -41.5419, [74, 79, 82], CHUNK, ['I', 'G', 'I'], VKLTPLCVTLNCTNVTNNITN-------------------------------------TMKGELKN----CSFNI-T-TG--IRD-KK-QKE-YALF-YKLDVVQINENNGNRSNNS------------------------------------------NTEYRLI---NCNTSAI-T---QA, 0.3537, 0
0.351203, -123.9865, [102, 104, 107], CHUNK, ['I', 'P', 'N'], VKLTPLCVTLNCTNVTNNITN-------------------------------------TMKGELKN----CSFNM-T-TE--LRD-KK-QKE-YALF-YKLDIVPINNNNGNRSNNS------------------------------------------NTEYRLI---NCNTSAI-T---QA, 0.0241, 1
0.361175, -115.1179, [74], CHUNK, ['I'], VKLTPLCVTLNCTNVTNNITN-------------------------------------TMKGELKN----CSFNI-T-TE--LRD-KK-QKE-YALF-YKLDIVPINNNNGNRSNNS------------------------------------------NTEYRLI---NCNTSAI-T---QA, 0.1459, 0
0.361175, -112.2792, [74], CHUNK, ['I'], VKLTPLCVTLNCTNVTNNITN-------------------------------------TMKGELKN----CSFNI-T-TE--LRD-KK-QKE-YALF-YKLDIVPINNNNGNRSNNS------------------------------------------NTEYRLI---NCNTSAI-T---QA, 0.2271, 0
0.354763, -122.4546, 18, POINT, T, VKLTPLCVTLNCTNVTNNTTN-------------------------------------TMKGELKN----CSFNM-T-TE--LRD-KK-QKE-YALF-YKLDIVPINNNNGNRSNNS------------------------------------------NTEYRLI---NCNTSAI-T---QA, 0.0241, 0
0.358485, -101.8783, [174], CHUNK, ['V'], VKLTPLCVTLNCTNVTNNITN-------------------------------------TMKGELKN----CSFNM-T-TE--LRD-KK-QKE-YALF-YKLDIVPINNNNGNRSNNS------------------------------------------NTEYRLI---NCNTSVI-T---QA, 0.3295, 0
0.347268, -122.5615, 107, POINT, S, VKLTPLCVTLNCTNVTNNITN-------------------------------------TMKGELKN----CSFNM-T-TE--LRD-KK-QKE-YALF-YKLDVVQINSNNGNRSNNS------------------------------------------NTEYRLI---NCNTSAI-T---QA, 0.0241, 0
0.355594, -107.5967, [74], CHUNK, ['I'], VKLTPLCVTLNCTNVTNNITN-------------------------------------TMKGELKN----CSFNI-T-TE--LRD-KK-QKE-YALF-YKLDVVQINENNGNRSNNS------------------------------------------NTEYRLI---NCNTSAI-T---QA, 0.6928, 0
0.352904, -102.4420, 174, POINT, V, VKLTPLCVTLNCTNVTNNITN-------------------------------------TMKGELKN----CSFNM-T-TE--LRD-KK-QKE-YALF-YKLDVVQINENNGNRSNNS------------------------------------------NTEYRLI---NCNTSVI-T---QA, 0.1198, 0
0.353485, -121.5193, 63, POINT, I, VKLTPLCVTLNCTNVTNNITN-------------------------------------TMKGEIKN----CSFNM-T-TE--LRD-KK-QKE-YALF-YKLDVVQINENNGNRSNNS------------------------------------------NTEYRLI---NCNTSAI-T---QA, 0.0241, 0
0.350827, -117.5072, [74], CHUNK, ['I'], VKLTPLCVTLNCTNVTNNITN-------------------------------------TMKGELKN----CSFNI-T-TE--LRD-KK-QKE-YALF-YKLDVVQINENQGNRSNNS------------------------------------------NTEYRLI---NCNTSAI-T---QA, 0.0703, 0
0.350827, -115.4723, [74], CHUNK, ['I'], VKLTPLCVTLNCTNVTNNITN-------------------------------------TMKGELKN----CSFNI-T-TE--LRD-KK-QKE-YALF-YKLDVVQINENQGNRSNNS------------------------------------------NTEYRLI---NCNTSAI-T---QA, 0.2379, 0
0.348137, -103.3095, [174], CHUNK, ['V'], VKLTPLCVTLNCTNVTNNITN-------------------------------------TMKGELKN----CSFNM-T-TE--LRD-KK-QKE-YALF-YKLDVVQINENQGNRSNNS------------------------------------------NTEYRLI---NCNTSVI-T---QA, 0.2047, 0
0.348718, -121.8775, [63], CHUNK, ['I'], VKLTPLCVTLNCTNVTNNITN-------------------------------------TMKGEIKN----CSFNM-T-TE--LRD-KK-QKE-YALF-YKLDVVQINENQGNRSNNS------------------------------------------NTEYRLI---NCNTSAI-T---QA, 0.0241, 1
0.360110, -111.0093, [74], CHUNK, ['I'], VKLTPLCVTLNCTNVTNNITN-------------------------------------TMKGEIKN----CSFNI-T-TE--LRD-KK-QKE-YALF-YKLDVVQINENQGNRSNNS------------------------------------------NTEYRLI---NCNTSAI-T---QA, 0.2566, 0
0.353141, -122.3183, 104, POINT, P, VKLTPLCVTLNCTNVTNNITN-------------------------------------TMKGEIKN----CSFNM-T-TE--LRD-KK-QKE-YALF-YKLDVVPINENQGNRSNNS------------------------------------------NTEYRLI---NCNTSAI-T---QA, 0.0241, 0
0.360110, -113.5977, [74], CHUNK, ['I'], VKLTPLCVTLNCTNVTNNITN-------------------------------------TMKGEIKN----CSFNI-T-TE--LRD-KK-QKE-YALF-YKLDVVQINENQGNRSNNS------------------------------------------NTEYRLI---NCNTSAI-T---QA, 0.2021, 0
0.355741, -121.6448, [161], CHUNK, ['S'], VKLTPLCVTLNCTNVTNNITN-------------------------------------TMKGEIKN----CSFNM-T-TE--LRD-KK-QKE-YALF-YKLDVVQINENQGNRSNNS------------------------------------------NTSYRLI---NCNTSAI-T---QA, 0.0236, 0
0.344049, -121.3703, 18, POINT, N, VKLTPLCVTLNCTNVTNNNTN-------------------------------------TMKGELKN----CSFNM-T-TE--LRD-KK-QKE-YALF-YKLDVVQINENQGNRSNNS------------------------------------------NTEYRLI---NCNTSAI-T---QA, 0.0241, 0
0.350827, -112.5534, [74], CHUNK, ['I'], VKLTPLCVTLNCTNVTNNITN-------------------------------------TMKGELKN----CSFNI-T-TE--LRD-KK-QKE-YALF-YKLDVVQINENQGNRSNNS------------------------------------------NTEYRLI---NCNTSAI-T---QA, 0.2182, 0
0.348719, -95.2043, [59, 60, 61, 63], CHUNK, ['S', 'T', 'D', 'I'], VKLTPLCVTLNCTNVTNNITN-------------------------------------TSTDEIKN----CSFNM-T-TE--LRD-KK-QKE-YALF-YKLDVVQINENQGNRSNNS------------------------------------------NTEYRLI---NCNTSAI-T---QA, 0.0241, 0
0.348718, -121.8775, 63, POINT, I, VKLTPLCVTLNCTNVTNNITN-------------------------------------TMKGEIKN----CSFNM-T-TE--LRD-KK-QKE-YALF-YKLDVVQINENQGNRSNNS------------------------------------------NTEYRLI---NCNTSAI-T---QA, 0.0241, 0
0.343735, -122.9873, 74, POINT, T, VKLTPLCVTLNCTNVTNNITN-------------------------------------TMRGELKN----CSFNT-T-TE--LRD-KK-QKE-YALF-YKLDVVQINENQGNRSNNS------------------------------------------NTEYRLI---NCNTSAI-T---QA, 0.0241, 0
0.347046, -124.2100, 63, POINT, I, VKLTPLCVTLNCTNVTNNITN-------------------------------------TMRGEIKN----CSFNM-T-TE--LRD-KK-QKE-YALF-YKLDVVQINENQGNRSNNS------------------------------------------NTEYRLI---NCNTSAI-T---QA, 0.0241, 0
0.349667, -115.3652, [74], CHUNK, ['I'], VKLTPLCVTLNCTNVTNNITN-------------------------------------TMRGELKN----CSFNI-T-TE--LRD-KK-QKE-YALF-YKLDVVQINENQGNRSNNS------------------------------------------NTEYRLI---NCNTSAI-T---QA, 0.1615, 0
0.349667, -120.1093, [74], CHUNK, ['I'], VKLTPLCVTLNCTNVTNNITN-------------------------------------TMRGELKN----CSFNI-T-TE--LRD-KK-QKE-YALF-YKLDVVQINENQGNRSNNS------------------------------------------NTEYRLI---NCNTSAI-T---QA, 0.0403, 0
0.339134, -123.6147, 174, POINT, T, VKLTPLCVTLNCTNVTNNITD-------------------------------------TMRGELKN----CSFNM-T-TE--LRD-KK-QKE-YALF-YKLDVVQINENQGNRSNNS------------------------------------------NTEYRLI---NCNTSTI-T---QA, 0.0237, 1
0.346409, -121.7750, [63], CHUNK, ['I'], VKLTPLCVTLNCTNVTNNITD-------------------------------------TMRGEIKN----CSFNM-T-TE--LRD-KK-QKE-YALF-YKLDVVQINENQGNRSNNS------------------------------------------NTEYRLI---NCNTSTI-T---QA, 0.0237, 1
0.351523, -104.8055, [174], CHUNK, ['V'], VKLTPLCVTLNCTNVTNNITD-------------------------------------TMRGEIKN----CSFNM-T-TE--LRD-KK-QKE-YALF-YKLDVVQINENQGNRSNNS------------------------------------------NTEYRLI---NCNTSVI-T---QA, 0.4386, 0
0.350832, -122.0246, 104, POINT, P, VKLTPLCVTLNCTNVTNNITD-------------------------------------TMRGEIKN----CSFNM-T-TE--LRD-KK-QKE-YALF-YKLDVVPINENQGNRSNNS------------------------------------------NTEYRLI---NCNTSTI-T---QA, 0.0237, 1
0.362225, -113.0595, 74, POINT, I, VKLTPLCVTLNCTNVTNNITD-------------------------------------TMRGEIKN----CSFNI-T-TE--LRD-KK-QKE-YALF-YKLDVVPINENQGNRSNNS------------------------------------------NTEYRLI---NCNTSTI-T---QA, 0.1365, 0
0.362225, -110.7795, 74, POINT, I, VKLTPLCVTLNCTNVTNNITD-------------------------------------TMRGEIKN----CSFNI-T-TE--LRD-KK-QKE-YALF-YKLDVVPINENQGNRSNNS------------------------------------------NTEYRLI---NCNTSTI-T---QA, 0.2166, 0
0.362225, -112.1203, [74], CHUNK, ['I'], VKLTPLCVTLNCTNVTNNITD-------------------------------------TMRGEIKN----CSFNI-T-TE--LRD-KK-QKE-YALF-YKLDVVPINENQGNRSNNS------------------------------------------NTEYRLI---NCNTSTI-T---QA, 0.1520, 0
0.352995, -7.3325, 82, POINT, I, VKLTPLCVTLNCTNVTNNITD-------------------------------------TMRGEIKN----CSFNM-T-TE--IRD-KK-QKE-YALF-YKLDVVPINENQGNRSNNS------------------------------------------NTEYRLI---NCNTSTI-T---QA, 0.2279, 0
0.357802, -110.7818, [74], CHUNK, ['I'], VKLTPLCVTLNCTNVTNNITD-------------------------------------TMRGEIKN----CSFNI-T-TE--LRD-KK-QKE-YALF-YKLDVVQINENQGNRSNNS------------------------------------------NTEYRLI---NCNTSTI-T---QA, 0.2613, 0
0.357761, -109.2466, [74, 79], CHUNK, ['I', 'N'], VKLTPLCVTLNCTNVTNNITD-------------------------------------TMRGEIKN----CSFNI-T-TN--LRD-KK-QKE-YALF-YKLDVVQINENQGNRSNNS------------------------------------------NTEYRLI---NCNTSTI-T---QA, 0.2751, 0
0.350832, -122.0246, 104, POINT, P, VKLTPLCVTLNCTNVTNNITD-------------------------------------TMRGEIKN----CSFNM-T-TE--LRD-KK-QKE-YALF-YKLDVVPINENQGNRSNNS------------------------------------------NTEYRLI---NCNTSTI-T---QA, 0.0237, 1
0.355946, -109.2428, [174], CHUNK, ['V'], VKLTPLCVTLNCTNVTNNITD-------------------------------------TMRGEIKN----CSFNM-T-TE--LRD-KK-QKE-YALF-YKLDVVPINENQGNRSNNS------------------------------------------NTEYRLI---NCNTSVI-T---QA, 0.2843, 0
0.353535, -120.4831, 18, POINT, T, VKLTPLCVTLNCTNVTNNTTD-------------------------------------TMRGEIKN----CSFNM-T-TE--LRD-KK-QKE-YALF-YKLDVVPINENQGNRSNNS------------------------------------------NTEYRLI---NCNTSTI-T---QA, 0.0237, 0
0.352995, -7.7242, 82, POINT, I, VKLTPLCVTLNCTNVTNNITD-------------------------------------TMRGEIKN----CSFNM-T-TE--IRD-KK-QKE-YALF-YKLDVVPINENQGNRSNNS------------------------------------------NTEYRLI---NCNTSTI-T---QA, 0.2825, 0
------END OF DATA------
Best coverage = 0.351203152736
Best sequence = VKLTPLCVTLNCTNVTNNITN-------------------------------------TMKGELKN----CSFNM-T-TE--LRD-KK-QKE-YALF-YKLDIVPINNNNGNRSNNS------------------------------------------NTEYRLI---NCNTSAI-T---QA
Best energy = -123.986484858
Best RMSD = 0.0241343025118
Hard Covereage = 0.0709349227615
Num epitopes = 61
