Name base = V1V2_200_exp_1_0_ni
Iters = 200
Soft coverage = 0.284621885725
Energy = -129.752689296
Hard Covereage = 0.0368019545157
Num epitopes = 65
Initial seq = VKLTPLCVTLQCTNVTNNITD-------------------------------------DMRGELKN----CSFNM-T-TE--LRD-KK-QKV-YSLF-YRLDVVQINENQGNRSNNS------------------------------------------NKEYRLI---NCNTSAI-T---QA
-------START OF DATA------
0.291904, -107.6478, 174, POINT, V, VKLTPLCVTLQCTNVTNNITD-------------------------------------DMRGELKN----CSFNM-T-TE--LRD-KK-QKV-YSLF-YRLDVVQINENQGNRSNNS------------------------------------------NKEYRLI---NCNTSVI-T---QA, 0.3625, 0
0.289240, -127.7941, 99, POINT, K, VKLTPLCVTLQCTNVTNNITD-------------------------------------DMRGELKN----CSFNM-T-TE--LRD-KK-QKV-YSLF-YKLDVVQINENQGNRSNNS------------------------------------------NKEYRLI---NCNTSAI-T---QA, 0.0000, 1
0.296522, -109.1784, 174, POINT, V, VKLTPLCVTLQCTNVTNNITD-------------------------------------DMRGELKN----CSFNM-T-TE--LRD-KK-QKV-YSLF-YKLDVVQINENQGNRSNNS------------------------------------------NKEYRLI---NCNTSVI-T---QA, 0.2231, 0
0.290525, -125.4244, [60], CHUNK, ['K'], VKLTPLCVTLQCTNVTNNITD-------------------------------------DMKGELKN----CSFNM-T-TE--LRD-KK-QKV-YSLF-YKLDVVQINENQGNRSNNS------------------------------------------NKEYRLI---NCNTSAI-T---QA, 0.0000, 1
0.300497, -83.2111, [74], CHUNK, ['I'], VKLTPLCVTLQCTNVTNNITD-------------------------------------DMKGELKN----CSFNI-T-TE--LRD-KK-QKV-YSLF-YKLDVVQINENQGNRSNNS------------------------------------------NKEYRLI---NCNTSAI-T---QA, 0.3596, 0
0.298294, -123.6798, 63, POINT, I, VKLTPLCVTLQCTNVTNNITD-------------------------------------DMKGEIKN----CSFNM-T-TE--LRD-KK-QKV-YSLF-YKLDVVQINENQGNRSNNS------------------------------------------NKEYRLI---NCNTSAI-T---QA, 0.0000, 1
0.303377, -123.5525, 160, POINT, T, VKLTPLCVTLQCTNVTNNITD-------------------------------------DMKGEIKN----CSFNM-T-TE--LRD-KK-QKV-YSLF-YKLDVVQINENQGNRSNNS------------------------------------------NTEYRLI---NCNTSAI-T---QA, 0.0035, 0
0.303377, -124.3285, 160, POINT, T, VKLTPLCVTLQCTNVTNNITD-------------------------------------DMKGEIKN----CSFNM-T-TE--LRD-KK-QKV-YSLF-YKLDVVQINENQGNRSNNS------------------------------------------NTEYRLI---NCNTSAI-T---QA, 0.0833, 0
0.309687, -75.6859, 74, POINT, I, VKLTPLCVTLQCTNVTNNITD-------------------------------------DMKGEIKN----CSFNI-T-TE--LRD-KK-QKV-YSLF-YKLDVVQINENQGNRSNNS------------------------------------------NKEYRLI---NCNTSAI-T---QA, 0.5104, 0
0.308861, -123.8527, 94, POINT, A, VKLTPLCVTLQCTNVTNNITD-------------------------------------DMKGEIKN----CSFNM-T-TE--LRD-KK-QKV-YALF-YKLDVVQINENQGNRSNNS------------------------------------------NKEYRLI---NCNTSAI-T---QA, 0.0000, 1
0.314919, -122.6121, 91, POINT, E, VKLTPLCVTLQCTNVTNNITD-------------------------------------DMKGEIKN----CSFNM-T-TE--LRD-KK-QKE-YALF-YKLDVVQINENQGNRSNNS------------------------------------------NKEYRLI---NCNTSAI-T---QA, 0.0474, 1
0.317631, -121.7401, [160], CHUNK, ['S'], VKLTPLCVTLQCTNVTNNITD-------------------------------------DMKGEIKN----CSFNM-T-TE--LRD-KK-QKE-YALF-YKLDVVQINENQGNRSNNS------------------------------------------NSEYRLI---NCNTSAI-T---QA, 0.0474, 0
0.319563, -113.5134, [74], CHUNK, ['V'], VKLTPLCVTLQCTNVTNNITD-------------------------------------DMKGEIKN----CSFNV-T-TE--LRD-KK-QKE-YALF-YKLDVVQINENQGNRSNNS------------------------------------------NKEYRLI---NCNTSAI-T---QA, 0.1816, 0
0.320002, -122.0359, [160], CHUNK, ['T'], VKLTPLCVTLQCTNVTNNITD-------------------------------------DMKGEIKN----CSFNM-T-TE--LRD-KK-QKE-YALF-YKLDVVQINENQGNRSNNS------------------------------------------NTEYRLI---NCNTSAI-T---QA, 0.0474, 0
0.319342, -122.9596, 104, POINT, P, VKLTPLCVTLQCTNVTNNITD-------------------------------------DMKGEIKN----CSFNM-T-TE--LRD-KK-QKE-YALF-YKLDVVPINENQGNRSNNS------------------------------------------NKEYRLI---NCNTSAI-T---QA, 0.0474, 0
0.314919, -123.4110, [91], CHUNK, ['E'], VKLTPLCVTLQCTNVTNNITD-------------------------------------DMKGEIKN----CSFNM-T-TE--LRD-KK-QKE-YALF-YKLDVVQINENQGNRSNNS------------------------------------------NKEYRLI---NCNTSAI-T---QA, 0.0547, 0
0.320254, -75.4534, 74, POINT, I, VKLTPLCVTLQCTNVTNNITD-------------------------------------DMKGEIKN----CSFNI-T-TE--LRD-KK-QKV-YALF-YKLDVVQINENQGNRSNNS------------------------------------------NKEYRLI---NCNTSAI-T---QA, 0.3630, 0
0.316143, -105.8777, 174, POINT, V, VKLTPLCVTLQCTNVTNNITD-------------------------------------DMKGEIKN----CSFNM-T-TE--LRD-KK-QKV-YALF-YKLDVVQINENQGNRSNNS------------------------------------------NKEYRLI---NCNTSVI-T---QA, 0.2374, 0
0.320254, -103.8053, 74, POINT, I, VKLTPLCVTLQCTNVTNNITD-------------------------------------DMKGEIKN----CSFNI-T-TE--LRD-KK-QKV-YALF-YKLDVVQINENQGNRSNNS------------------------------------------NKEYRLI---NCNTSAI-T---QA, 0.5039, 0
0.321961, -123.8226, 10, POINT, N, VKLTPLCVTLNCTNVTNNITD-------------------------------------DMKGEIKN----CSFNM-T-TE--LRD-KK-QKV-YSLF-YKLDVVQINENQGNRSNNS------------------------------------------NKEYRLI---NCNTSAI-T---QA, 0.0152, 0
0.298751, -120.9026, [58], CHUNK, ['V'], VKLTPLCVTLQCTNVTNNITD-------------------------------------VMKGEIKN----CSFNM-T-TE--LRD-KK-QKV-YSLF-YKLDVVQINENQGNRSNNS------------------------------------------NKEYRLI---NCNTSAI-T---QA, 0.0656, 0
0.302938, -108.6352, [74], CHUNK, ['V'], VKLTPLCVTLQCTNVTNNITD-------------------------------------DMKGEIKN----CSFNV-T-TE--LRD-KK-QKV-YSLF-YKLDVVQINENQGNRSNNS------------------------------------------NKEYRLI---NCNTSAI-T---QA, 0.1440, 0
0.309687, -81.3948, 74, POINT, I, VKLTPLCVTLQCTNVTNNITD-------------------------------------DMKGEIKN----CSFNI-T-TE--LRD-KK-QKV-YSLF-YKLDVVQINENQGNRSNNS------------------------------------------NKEYRLI---NCNTSAI-T---QA, 0.5956, 0
0.293237, -124.5523, [160], CHUNK, ['S'], VKLTPLCVTLQCTNVTNNITD-------------------------------------DMKGELKN----CSFNM-T-TE--LRD-KK-QKV-YSLF-YKLDVVQINENQGNRSNNS------------------------------------------NSEYRLI---NCNTSAI-T---QA, 0.0000, 0
0.298294, -124.2011, [63], CHUNK, ['I'], VKLTPLCVTLQCTNVTNNITD-------------------------------------DMKGEIKN----CSFNM-T-TE--LRD-KK-QKV-YSLF-YKLDVVQINENQGNRSNNS------------------------------------------NKEYRLI---NCNTSAI-T---QA, 0.0185, 1
0.308861, -124.3763, [94], CHUNK, ['A'], VKLTPLCVTLQCTNVTNNITD-------------------------------------DMKGEIKN----CSFNM-T-TE--LRD-KK-QKV-YALF-YKLDVVQINENQGNRSNNS------------------------------------------NKEYRLI---NCNTSAI-T---QA, 0.0185, 1
0.332528, -124.2695, 10, POINT, N, VKLTPLCVTLNCTNVTNNITD-------------------------------------DMKGEIKN----CSFNM-T-TE--LRD-KK-QKV-YALF-YKLDVVQINENQGNRSNNS------------------------------------------NKEYRLI---NCNTSAI-T---QA, 0.0185, 1
0.334857, -121.7435, [58], CHUNK, ['T'], VKLTPLCVTLNCTNVTNNITD-------------------------------------TMKGEIKN----CSFNM-T-TE--LRD-KK-QKV-YALF-YKLDVVQINENQGNRSNNS------------------------------------------NKEYRLI---NCNTSAI-T---QA, 0.0185, 0
0.338586, -122.7435, 91, POINT, E, VKLTPLCVTLNCTNVTNNITD-------------------------------------DMKGEIKN----CSFNM-T-TE--LRD-KK-QKE-YALF-YKLDVVQINENQGNRSNNS------------------------------------------NKEYRLI---NCNTSAI-T---QA, 0.0185, 1
0.340787, -120.9855, [18], CHUNK, ['N'], VKLTPLCVTLNCTNVTNNNTD-------------------------------------DMKGEIKN----CSFNM-T-TE--LRD-KK-QKE-YALF-YKLDVVQINENQGNRSNNS------------------------------------------NKEYRLI---NCNTSAI-T---QA, 0.1327, 0
0.339304, -121.9098, 104, POINT, S, VKLTPLCVTLNCTNVTNNITD-------------------------------------DMKGEIKN----CSFNM-T-TE--LRD-KK-QKE-YALF-YKLDVVSINENQGNRSNNS------------------------------------------NKEYRLI---NCNTSAI-T---QA, 0.0185, 1
0.339804, -121.2057, 20, POINT, S, VKLTPLCVTLNCTNVTNNITS-------------------------------------DMKGEIKN----CSFNM-T-TE--LRD-KK-QKE-YALF-YKLDVVSINENQGNRSNNS------------------------------------------NKEYRLI---NCNTSAI-T---QA, 0.0711, 1
0.347086, -99.7863, [174], CHUNK, ['V'], VKLTPLCVTLNCTNVTNNITS-------------------------------------DMKGEIKN----CSFNM-T-TE--LRD-KK-QKE-YALF-YKLDVVSINENQGNRSNNS------------------------------------------NKEYRLI---NCNTSVI-T---QA, 0.2504, 0
0.344820, -120.1641, 109, POINT, T, VKLTPLCVTLNCTNVTNNITS-------------------------------------DMKGEIKN----CSFNM-T-TE--LRD-KK-QKE-YALF-YKLDVVSINENTGNRSNNS------------------------------------------NKEYRLI---NCNTSAI-T---QA, 0.0808, 0
0.344887, -121.1845, [160], CHUNK, ['T'], VKLTPLCVTLNCTNVTNNITS-------------------------------------DMKGEIKN----CSFNM-T-TE--LRD-KK-QKE-YALF-YKLDVVSINENQGNRSNNS------------------------------------------NTEYRLI---NCNTSAI-T---QA, 0.0882, 0
0.340204, -121.6485, [59], CHUNK, ['K'], VKLTPLCVTLNCTNVTNNITS-------------------------------------DKKGEIKN----CSFNM-T-TE--LRD-KK-QKE-YALF-YKLDVVSINENQGNRSNNS------------------------------------------NKEYRLI---NCNTSAI-T---QA, 0.0969, 0
0.342143, -122.4192, [110], CHUNK, ['S'], VKLTPLCVTLNCTNVTNNITD-------------------------------------DMKGEIKN----CSFNM-T-TE--LRD-KK-QKE-YALF-YKLDVVSINENQSNRSNNS------------------------------------------NKEYRLI---NCNTSAI-T---QA, 0.0185, 0
0.341467, -14.8070, 82, POINT, I, VKLTPLCVTLNCTNVTNNITD-------------------------------------DMKGEIKN----CSFNM-T-TE--IRD-KK-QKE-YALF-YKLDVVSINENQGNRSNNS------------------------------------------NKEYRLI---NCNTSAI-T---QA, 0.2386, 0
0.344387, -121.3336, 160, POINT, T, VKLTPLCVTLNCTNVTNNITD-------------------------------------DMKGEIKN----CSFNM-T-TE--LRD-KK-QKE-YALF-YKLDVVSINENQGNRSNNS------------------------------------------NTEYRLI---NCNTSAI-T---QA, 0.0185, 0
0.342813, -122.0523, 107, POINT, N, VKLTPLCVTLNCTNVTNNITD-------------------------------------DMKGEIKN----CSFNM-T-TE--LRD-KK-QKE-YALF-YKLDVVSINNNQGNRSNNS------------------------------------------NKEYRLI---NCNTSAI-T---QA, 0.0994, 0
0.345868, -110.2042, [174], CHUNK, ['V'], VKLTPLCVTLNCTNVTNNITD-------------------------------------DMKGEIKN----CSFNM-T-TE--LRD-KK-QKE-YALF-YKLDVVQINENQGNRSNNS------------------------------------------NKEYRLI---NCNTSVI-T---QA, 0.3278, 1
0.350512, -102.0190, [74], CHUNK, ['V'], VKLTPLCVTLNCTNVTNNITD-------------------------------------DMKGEIKN----CSFNV-T-TE--LRD-KK-QKE-YALF-YKLDVVQINENQGNRSNNS------------------------------------------NKEYRLI---NCNTSVI-T---QA, 0.3605, 0
0.350512, -104.0450, 74, POINT, V, VKLTPLCVTLNCTNVTNNITD-------------------------------------DMKGEIKN----CSFNV-T-TE--LRD-KK-QKE-YALF-YKLDVVQINENQGNRSNNS------------------------------------------NKEYRLI---NCNTSVI-T---QA, 0.4296, 0
0.347504, -110.1141, [109], CHUNK, ['K'], VKLTPLCVTLNCTNVTNNITD-------------------------------------DMKGEIKN----CSFNM-T-TE--LRD-KK-QKE-YALF-YKLDVVQINENKGNRSNNS------------------------------------------NKEYRLI---NCNTSVI-T---QA, 0.3299, 0
0.346530, -106.1000, 58, POINT, I, VKLTPLCVTLNCTNVTNNITD-------------------------------------IMKGEIKN----CSFNM-T-TE--LRD-KK-QKE-YALF-YKLDVVQINENQGNRSNNS------------------------------------------NKEYRLI---NCNTSVI-T---QA, 0.3278, 0
0.339302, -121.1571, 109, POINT, G, VKLTPLCVTLNCTNVTNNITD-------------------------------------DMKGEIKN----CSFNM-T-TE--LRD-KK-QKE-YALF-YKLDVVQINENGGNRSNNS------------------------------------------NKEYRLI---NCNTSAI-T---QA, 0.0185, 0
0.343668, -122.1673, [160], CHUNK, ['T'], VKLTPLCVTLNCTNVTNNITD-------------------------------------DMKGEIKN----CSFNM-T-TE--LRD-KK-QKE-YALF-YKLDVVQINENQGNRSNNS------------------------------------------NTEYRLI---NCNTSAI-T---QA, 0.0185, 0
0.343230, -113.9353, [74], CHUNK, ['V'], VKLTPLCVTLNCTNVTNNITD-------------------------------------DMKGEIKN----CSFNV-T-TE--LRD-KK-QKE-YALF-YKLDVVQINENQGNRSNNS------------------------------------------NKEYRLI---NCNTSAI-T---QA, 0.1195, 0
0.349978, -114.1611, [74], CHUNK, ['I'], VKLTPLCVTLNCTNVTNNITD-------------------------------------DMKGEIKN----CSFNI-T-TE--LRD-KK-QKE-YALF-YKLDVVQINENQGNRSNNS------------------------------------------NKEYRLI---NCNTSAI-T---QA, 0.1569, 0
0.335663, -123.6190, 109, POINT, S, VKLTPLCVTLNCTNVTNNITD-------------------------------------DMKGEIKN----CSFNM-T-TE--LRD-KK-QKV-YALF-YKLDVVQINENSGNRSNNS------------------------------------------NKEYRLI---NCNTSAI-T---QA, 0.0549, 1
0.339735, -119.2817, [74], CHUNK, ['T'], VKLTPLCVTLNCTNVTNNITD-------------------------------------DMKGEIKN----CSFNT-T-TE--LRD-KK-QKV-YALF-YKLDVVQINENSGNRSNNS------------------------------------------NKEYRLI---NCNTSAI-T---QA, 0.0549, 0
0.340746, -123.0428, [160], CHUNK, ['T'], VKLTPLCVTLNCTNVTNNITD-------------------------------------DMKGEIKN----CSFNM-T-TE--LRD-KK-QKV-YALF-YKLDVVQINENSGNRSNNS------------------------------------------NTEYRLI---NCNTSAI-T---QA, 0.0549, 1
0.343010, -123.4309, 20, POINT, N, VKLTPLCVTLNCTNVTNNITN-------------------------------------DMKGEIKN----CSFNM-T-TE--LRD-KK-QKV-YALF-YKLDVVQINENSGNRSNNS------------------------------------------NTEYRLI---NCNTSAI-T---QA, 0.0549, 1
0.347539, -123.9710, [104], CHUNK, ['P'], VKLTPLCVTLNCTNVTNNITN-------------------------------------DMKGEIKN----CSFNM-T-TE--LRD-KK-QKV-YALF-YKLDVVPINENSGNRSNNS------------------------------------------NTEYRLI---NCNTSAI-T---QA, 0.0770, 0
0.350034, -123.1395, [161], CHUNK, ['S'], VKLTPLCVTLNCTNVTNNITN-------------------------------------DMKGEIKN----CSFNM-T-TE--LRD-KK-QKV-YALF-YKLDVVQINENSGNRSNNS------------------------------------------NTSYRLI---NCNTSAI-T---QA, 0.0549, 1
0.356091, -121.7242, [91], CHUNK, ['E'], VKLTPLCVTLNCTNVTNNITN-------------------------------------DMKGEIKN----CSFNM-T-TE--LRD-KK-QKE-YALF-YKLDVVQINENSGNRSNNS------------------------------------------NTSYRLI---NCNTSAI-T---QA, 0.0517, 1
0.358254, -2.5636, 82, POINT, I, VKLTPLCVTLNCTNVTNNITN-------------------------------------DMKGEIKN----CSFNM-T-TE--IRD-KK-QKE-YALF-YKLDVVQINENSGNRSNNS------------------------------------------NTSYRLI---NCNTSAI-T---QA, 0.1620, 0
0.360827, -121.8341, [107], CHUNK, ['N'], VKLTPLCVTLNCTNVTNNITN-------------------------------------DMKGEIKN----CSFNM-T-TE--LRD-KK-QKE-YALF-YKLDVVQINNNSGNRSNNS------------------------------------------NTSYRLI---NCNTSAI-T---QA, 0.0517, 0
0.358851, -119.3871, [18], CHUNK, ['N'], VKLTPLCVTLNCTNVTNNNTN-------------------------------------DMKGEIKN----CSFNM-T-TE--LRD-KK-QKE-YALF-YKLDVVQINENSGNRSNNS------------------------------------------NTSYRLI---NCNTSAI-T---QA, 0.0517, 0
0.358876, -119.2391, 58, POINT, T, VKLTPLCVTLNCTNVTNNITN-------------------------------------TMKGEIKN----CSFNM-T-TE--LRD-KK-QKE-YALF-YKLDVVQINENSGNRSNNS------------------------------------------NTSYRLI---NCNTSAI-T---QA, 0.0517, 0
0.352819, -120.6546, [58], CHUNK, ['T'], VKLTPLCVTLNCTNVTNNITN-------------------------------------TMKGEIKN----CSFNM-T-TE--LRD-KK-QKV-YALF-YKLDVVQINENSGNRSNNS------------------------------------------NTSYRLI---NCNTSAI-T---QA, 0.0549, 0
0.357316, -105.8801, [174], CHUNK, ['V'], VKLTPLCVTLNCTNVTNNITN-------------------------------------DMKGEIKN----CSFNM-T-TE--LRD-KK-QKV-YALF-YKLDVVQINENSGNRSNNS------------------------------------------NTSYRLI---NCNTSVI-T---QA, 0.2570, 0
0.354106, -118.8022, [74], CHUNK, ['T'], VKLTPLCVTLNCTNVTNNITN-------------------------------------DMKGEIKN----CSFNT-T-TE--LRD-KK-QKV-YALF-YKLDVVQINENSGNRSNNS------------------------------------------NTSYRLI---NCNTSAI-T---QA, 0.0549, 0
0.351666, -123.8166, [109], CHUNK, ['N'], VKLTPLCVTLNCTNVTNNITN-------------------------------------DMKGEIKN----CSFNM-T-TE--LRD-KK-QKV-YALF-YKLDVVQINENNGNRSNNS------------------------------------------NTSYRLI---NCNTSAI-T---QA, 0.0549, 0
0.347746, -123.5409, [107], CHUNK, ['N'], VKLTPLCVTLNCTNVTNNITN-------------------------------------DMKGEIKN----CSFNM-T-TE--LRD-KK-QKV-YALF-YKLDVVQINNNSGNRSNNS------------------------------------------NTEYRLI---NCNTSAI-T---QA, 0.0549, 0
0.345860, -123.0654, [112], CHUNK, ['S'], VKLTPLCVTLNCTNVTNNITN-------------------------------------DMKGEIKN----CSFNM-T-TE--LRD-KK-QKV-YALF-YKLDVVQINENSGNSSNNS------------------------------------------NTEYRLI---NCNTSAI-T---QA, 0.0549, 1
0.357252, -111.3950, [74], CHUNK, ['I'], VKLTPLCVTLNCTNVTNNITN-------------------------------------DMKGEIKN----CSFNI-T-TE--LRD-KK-QKV-YALF-YKLDVVQINENSGNSSNNS------------------------------------------NTEYRLI---NCNTSAI-T---QA, 0.3430, 1
0.364535, -98.4341, 174, POINT, V, VKLTPLCVTLNCTNVTNNITN-------------------------------------DMKGEIKN----CSFNI-T-TE--LRD-KK-QKV-YALF-YKLDVVQINENSGNSSNNS------------------------------------------NTEYRLI---NCNTSVI-T---QA, 0.4671, 0
0.360012, -110.0267, 18, POINT, N, VKLTPLCVTLNCTNVTNNNTN-------------------------------------DMKGEIKN----CSFNI-T-TE--LRD-KK-QKV-YALF-YKLDVVQINENSGNSSNNS------------------------------------------NTEYRLI---NCNTSAI-T---QA, 0.4603, 0
0.364120, -112.2920, 161, POINT, S, VKLTPLCVTLNCTNVTNNITN-------------------------------------DMKGEIKN----CSFNI-T-TE--LRD-KK-QKV-YALF-YKLDVVQINENSGNSSNNS------------------------------------------NTSYRLI---NCNTSAI-T---QA, 0.3758, 0
0.358999, -114.1359, 161, POINT, N, VKLTPLCVTLNCTNVTNNITN-------------------------------------DMKGEIKN----CSFNI-T-TE--LRD-KK-QKV-YALF-YKLDVVQINENSGNSSNNS------------------------------------------NTNYRLI---NCNTSAI-T---QA, 0.3907, 1
0.365057, -113.5719, 91, POINT, E, VKLTPLCVTLNCTNVTNNITN-------------------------------------DMKGEIKN----CSFNI-T-TE--LRD-KK-QKE-YALF-YKLDVVQINENSGNSSNNS------------------------------------------NTNYRLI---NCNTSAI-T---QA, 0.4603, 0
0.366282, -98.0706, 174, POINT, V, VKLTPLCVTLNCTNVTNNITN-------------------------------------DMKGEIKN----CSFNI-T-TE--LRD-KK-QKV-YALF-YKLDVVQINENSGNSSNNS------------------------------------------NTNYRLI---NCNTSVI-T---QA, 0.5654, 0
0.362371, -114.5696, [58], CHUNK, ['N'], VKLTPLCVTLNCTNVTNNITN-------------------------------------NMKGEIKN----CSFNI-T-TE--LRD-KK-QKV-YALF-YKLDVVQINENSGNSSNNS------------------------------------------NTNYRLI---NCNTSAI-T---QA, 0.3907, 0
0.363546, -114.4400, [104], CHUNK, ['P'], VKLTPLCVTLNCTNVTNNITN-------------------------------------DMKGEIKN----CSFNI-T-TE--LRD-KK-QKV-YALF-YKLDVVPINENSGNSSNNS------------------------------------------NTNYRLI---NCNTSAI-T---QA, 0.4874, 0
0.364120, -112.1132, 161, POINT, S, VKLTPLCVTLNCTNVTNNITN-------------------------------------DMKGEIKN----CSFNI-T-TE--LRD-KK-QKV-YALF-YKLDVVQINENSGNSSNNS------------------------------------------NTSYRLI---NCNTSAI-T---QA, 0.3657, 0
0.363310, -111.4426, 91, POINT, E, VKLTPLCVTLNCTNVTNNITN-------------------------------------DMKGEIKN----CSFNI-T-TE--LRD-KK-QKE-YALF-YKLDVVQINENSGNSSNNS------------------------------------------NTEYRLI---NCNTSAI-T---QA, 0.3928, 0
0.363310, -110.6562, [91], CHUNK, ['E'], VKLTPLCVTLNCTNVTNNITN-------------------------------------DMKGEIKN----CSFNI-T-TE--LRD-KK-QKE-YALF-YKLDVVQINENSGNSSNNS------------------------------------------NTEYRLI---NCNTSAI-T---QA, 0.3681, 0
0.361998, -113.4948, [107], CHUNK, ['N'], VKLTPLCVTLNCTNVTNNITN-------------------------------------DMKGEIKN----CSFNI-T-TE--LRD-KK-QKV-YALF-YKLDVVQINNNSGNSSNNS------------------------------------------NTEYRLI---NCNTSAI-T---QA, 0.3627, 0
0.351278, -124.5473, [110], CHUNK, ['N'], VKLTPLCVTLNCTNVTNNITN-------------------------------------DMKGEIKN----CSFNM-T-TE--LRD-KK-QKV-YALF-YKLDVVQINENSNNSSNNS------------------------------------------NTEYRLI---NCNTSAI-T---QA, 0.0549, 1
0.355983, -124.8984, 104, POINT, P, VKLTPLCVTLNCTNVTNNITN-------------------------------------DMKGEIKN----CSFNM-T-TE--LRD-KK-QKV-YALF-YKLDVVPINENSNNSSNNS------------------------------------------NTEYRLI---NCNTSAI-T---QA, 0.0549, 1
0.362041, -123.3688, [91], CHUNK, ['E'], VKLTPLCVTLNCTNVTNNITN-------------------------------------DMKGEIKN----CSFNM-T-TE--LRD-KK-QKE-YALF-YKLDVVPINENSNNSSNNS------------------------------------------NTEYRLI---NCNTSAI-T---QA, 0.0549, 0
0.357719, -124.1866, [58], CHUNK, ['S'], VKLTPLCVTLNCTNVTNNITN-------------------------------------SMKGEIKN----CSFNM-T-TE--LRD-KK-QKV-YALF-YKLDVVPINENSNNSSNNS------------------------------------------NTEYRLI---NCNTSAI-T---QA, 0.0603, 1
0.358073, -120.4868, [20], CHUNK, ['T'], VKLTPLCVTLNCTNVTNNITT-------------------------------------SMKGEIKN----CSFNM-T-TE--LRD-KK-QKV-YALF-YKLDVVPINENSNNSSNNS------------------------------------------NTEYRLI---NCNTSAI-T---QA, 0.0603, 1
0.364941, -120.0913, 161, POINT, S, VKLTPLCVTLNCTNVTNNITT-------------------------------------SMKGEIKN----CSFNM-T-TE--LRD-KK-QKV-YALF-YKLDVVPINENSNNSSNNS------------------------------------------NTSYRLI---NCNTSAI-T---QA, 0.0603, 0
0.361547, -118.1226, 18, POINT, N, VKLTPLCVTLNCTNVTNNNTT-------------------------------------SMKGEIKN----CSFNM-T-TE--LRD-KK-QKV-YALF-YKLDVVPINENSNNSSNNS------------------------------------------NTEYRLI---NCNTSAI-T---QA, 0.0603, 0
0.365355, -100.9800, [174], CHUNK, ['V'], VKLTPLCVTLNCTNVTNNITT-------------------------------------SMKGEIKN----CSFNM-T-TE--LRD-KK-QKV-YALF-YKLDVVPINENSNNSSNNS------------------------------------------NTEYRLI---NCNTSVI-T---QA, 0.2565, 0
0.359695, -120.8046, [59], CHUNK, ['E'], VKLTPLCVTLNCTNVTNNITT-------------------------------------SEKGEIKN----CSFNM-T-TE--LRD-KK-QKV-YALF-YKLDVVPINENSNNSSNNS------------------------------------------NTEYRLI---NCNTSAI-T---QA, 0.0603, 0
0.362363, -106.3880, [74], CHUNK, ['V'], VKLTPLCVTLNCTNVTNNITN-------------------------------------SMKGEIKN----CSFNV-T-TE--LRD-KK-QKV-YALF-YKLDVVPINENSNNSSNNS------------------------------------------NTEYRLI---NCNTSAI-T---QA, 0.2415, 0
0.358228, -124.4508, [16], CHUNK, ['T'], VKLTPLCVTLNCTNVTTNITN-------------------------------------SMKGEIKN----CSFNM-T-TE--LRD-KK-QKV-YALF-YKLDVVPINENSNNSSNNS------------------------------------------NTEYRLI---NCNTSAI-T---QA, 0.0603, 0
0.362832, -124.3521, 107, POINT, N, VKLTPLCVTLNCTNVTNNITN-------------------------------------SMKGEIKN----CSFNM-T-TE--LRD-KK-QKV-YALF-YKLDVVPINNNSNNSSNNS------------------------------------------NTEYRLI---NCNTSAI-T---QA, 0.0603, 0
0.363777, -122.6561, 91, POINT, E, VKLTPLCVTLNCTNVTNNITN-------------------------------------SMKGEIKN----CSFNM-T-TE--LRD-KK-QKE-YALF-YKLDVVPINENSNNSSNNS------------------------------------------NTEYRLI---NCNTSAI-T---QA, 0.0603, 0
0.362851, -124.6221, 161, POINT, S, VKLTPLCVTLNCTNVTNNITN-------------------------------------DMKGEIKN----CSFNM-T-TE--LRD-KK-QKV-YALF-YKLDVVPINENSNNSSNNS------------------------------------------NTSYRLI---NCNTSAI-T---QA, 0.0498, 1
0.367964, -124.7874, [107], CHUNK, ['N'], VKLTPLCVTLNCTNVTNNITN-------------------------------------DMKGEIKN----CSFNM-T-TE--LRD-KK-QKV-YALF-YKLDVVPINNNSNNSSNNS------------------------------------------NTSYRLI---NCNTSAI-T---QA, 0.0498, 0
0.368909, -123.0955, [91], CHUNK, ['E'], VKLTPLCVTLNCTNVTNNITN-------------------------------------DMKGEIKN----CSFNM-T-TE--LRD-KK-QKE-YALF-YKLDVVPINENSNNSSNNS------------------------------------------NTSYRLI---NCNTSAI-T---QA, 0.0498, 1
0.372103, -121.5565, [18], CHUNK, ['T'], VKLTPLCVTLNCTNVTNNTTN-------------------------------------DMKGEIKN----CSFNM-T-TE--LRD-KK-QKE-YALF-YKLDVVPINENSNNSSNNS------------------------------------------NTSYRLI---NCNTSAI-T---QA, 0.0498, 0
0.371071, -3.5164, [82], CHUNK, ['I'], VKLTPLCVTLNCTNVTNNITN-------------------------------------DMKGEIKN----CSFNM-T-TE--IRD-KK-QKE-YALF-YKLDVVPINENSNNSSNNS------------------------------------------NTSYRLI---NCNTSAI-T---QA, 0.3029, 0
0.369574, -123.3596, 16, POINT, T, VKLTPLCVTLNCTNVTTNITN-------------------------------------DMKGEIKN----CSFNM-T-TE--LRD-KK-QKE-YALF-YKLDVVPINENSNNSSNNS------------------------------------------NTSYRLI---NCNTSAI-T---QA, 0.0498, 0
0.369124, -120.1542, [18], CHUNK, ['C'], VKLTPLCVTLNCTNVTNNCTN-------------------------------------DMKGEIKN----CSFNM-T-TE--LRD-KK-QKE-YALF-YKLDVVPINENSNNSSNNS------------------------------------------NTSYRLI---NCNTSAI-T---QA, 0.0498, 0
0.365610, -122.2842, 18, POINT, N, VKLTPLCVTLNCTNVTNNNTN-------------------------------------DMKGEIKN----CSFNM-T-TE--LRD-KK-QKV-YALF-YKLDVVPINENSNNSSNNS------------------------------------------NTSYRLI---NCNTSAI-T---QA, 0.0498, 1
0.377003, -75.4423, [74], CHUNK, ['I'], VKLTPLCVTLNCTNVTNNNTN-------------------------------------DMKGEIKN----CSFNI-T-TE--LRD-KK-QKV-YALF-YKLDVVPINENSNNSSNNS------------------------------------------NTSYRLI---NCNTSAI-T---QA, 0.2777, 0
0.367735, -120.3061, 14, POINT, N, VKLTPLCVTLNCTNNTNNNTN-------------------------------------DMKGEIKN----CSFNM-T-TE--LRD-KK-QKV-YALF-YKLDVVPINENSNNSSNNS------------------------------------------NTSYRLI---NCNTSAI-T---QA, 0.0498, 0
0.369110, -123.2219, [58], CHUNK, ['N'], VKLTPLCVTLNCTNVTNNNTN-------------------------------------NMKGEIKN----CSFNM-T-TE--LRD-KK-QKV-YALF-YKLDVVPINENSNNSSNNS------------------------------------------NTSYRLI---NCNTSAI-T---QA, 0.0804, 0
0.371668, -120.8170, 91, POINT, E, VKLTPLCVTLNCTNVTNNNTN-------------------------------------DMKGEIKN----CSFNM-T-TE--LRD-KK-QKE-YALF-YKLDVVPINENSNNSSNNS------------------------------------------NTSYRLI---NCNTSAI-T---QA, 0.0453, 0
0.367495, -107.9066, 74, POINT, V, VKLTPLCVTLNCTNVTNNITN-------------------------------------DMKGEIKN----CSFNV-T-TE--LRD-KK-QKV-YALF-YKLDVVPINENSNNSSNNS------------------------------------------NTSYRLI---NCNTSAI-T---QA, 0.2012, 0
0.363961, -124.4316, [59], CHUNK, ['I'], VKLTPLCVTLNCTNVTNNITN-------------------------------------DIKGEIKN----CSFNM-T-TE--LRD-KK-QKV-YALF-YKLDVVPINENSNNSSNNS------------------------------------------NTSYRLI---NCNTSAI-T---QA, 0.0498, 1
0.365633, -23.8145, 82, POINT, I, VKLTPLCVTLNCTNVTNNITN-------------------------------------DIKGEIKN----CSFNM-T-TE--IRD-KK-QKV-YALF-YKLDVVPINENSNNSSNNS------------------------------------------NTSYRLI---NCNTSAI-T---QA, 0.1621, 0
0.375353, -89.9312, [74], CHUNK, ['I'], VKLTPLCVTLNCTNVTNNITN-------------------------------------DIKGEIKN----CSFNI-T-TE--LRD-KK-QKV-YALF-YKLDVVPINENSNNSSNNS------------------------------------------NTSYRLI---NCNTSAI-T---QA, 0.2151, 0
0.366772, -121.9464, [58], CHUNK, ['T'], VKLTPLCVTLNCTNVTNNITN-------------------------------------TIKGEIKN----CSFNM-T-TE--LRD-KK-QKV-YALF-YKLDVVPINENSNNSSNNS------------------------------------------NTSYRLI---NCNTSAI-T---QA, 0.0498, 0
0.365673, -124.3364, [109], CHUNK, ['T'], VKLTPLCVTLNCTNVTNNITN-------------------------------------DIKGEIKN----CSFNM-T-TE--LRD-KK-QKV-YALF-YKLDVVPINENTNNSSNNS------------------------------------------NTSYRLI---NCNTSAI-T---QA, 0.0642, 0
0.362950, -120.9149, 20, POINT, T, VKLTPLCVTLNCTNVTNNITT-------------------------------------DMKGEIKN----CSFNM-T-TE--LRD-KK-QKV-YALF-YKLDVVPINENSNNSSNNS------------------------------------------NTSYRLI---NCNTSAI-T---QA, 0.0498, 0
0.364523, -13.2740, 82, POINT, I, VKLTPLCVTLNCTNVTNNITN-------------------------------------DMKGEIKN----CSFNM-T-TE--IRD-KK-QKV-YALF-YKLDVVPINENSNNSSNNS------------------------------------------NTSYRLI---NCNTSAI-T---QA, 0.4018, 0
0.366346, -123.5407, 59, POINT, T, VKLTPLCVTLNCTNVTNNITN-------------------------------------DTKGEIKN----CSFNM-T-TE--LRD-KK-QKV-YALF-YKLDVVPINENSNNSSNNS------------------------------------------NTSYRLI---NCNTSAI-T---QA, 0.0498, 0
0.367495, -105.5111, 74, POINT, V, VKLTPLCVTLNCTNVTNNITN-------------------------------------DMKGEIKN----CSFNV-T-TE--LRD-KK-QKV-YALF-YKLDVVPINENSNNSSNNS------------------------------------------NTSYRLI---NCNTSAI-T---QA, 0.1805, 0
0.362851, -124.6605, 161, POINT, S, VKLTPLCVTLNCTNVTNNITN-------------------------------------DMKGEIKN----CSFNM-T-TE--LRD-KK-QKV-YALF-YKLDVVPINENSNNSSNNS------------------------------------------NTSYRLI---NCNTSAI-T---QA, 0.0793, 0
0.357599, -124.2498, [116], CHUNK, ['N'], VKLTPLCVTLNCTNVTNNITN-------------------------------------DMKGEIKN----CSFNM-T-TE--LRD-KK-QKV-YALF-YKLDVVPINENSNNSSNNN------------------------------------------NTEYRLI---NCNTSAI-T---QA, 0.0549, 1
0.359768, -121.9523, [174], CHUNK, ['T'], VKLTPLCVTLNCTNVTNNITN-------------------------------------DMKGEIKN----CSFNM-T-TE--LRD-KK-QKV-YALF-YKLDVVPINENSNNSSNNN------------------------------------------NTEYRLI---NCNTSTI-T---QA, 0.0549, 1
0.360469, -118.0801, [58], CHUNK, ['I'], VKLTPLCVTLNCTNVTNNITN-------------------------------------IMKGEIKN----CSFNM-T-TE--LRD-KK-QKV-YALF-YKLDVVPINENSNNSSNNN------------------------------------------NTEYRLI---NCNTSTI-T---QA, 0.0779, 0
0.364412, -105.6843, [74], CHUNK, ['V'], VKLTPLCVTLNCTNVTNNITN-------------------------------------DMKGEIKN----CSFNV-T-TE--LRD-KK-QKV-YALF-YKLDVVPINENSNNSSNNN------------------------------------------NTEYRLI---NCNTSTI-T---QA, 0.2730, 0
0.360514, -122.8177, [112], CHUNK, ['N'], VKLTPLCVTLNCTNVTNNITN-------------------------------------DMKGEIKN----CSFNM-T-TE--LRD-KK-QKV-YALF-YKLDVVPINENSNNNSNNN------------------------------------------NTEYRLI---NCNTSTI-T---QA, 0.0547, 0
0.361504, -121.1605, 58, POINT, S, VKLTPLCVTLNCTNVTNNITN-------------------------------------SMKGEIKN----CSFNM-T-TE--LRD-KK-QKV-YALF-YKLDVVPINENSNNSSNNN------------------------------------------NTEYRLI---NCNTSTI-T---QA, 0.0549, 0
0.357942, -121.3692, 58, POINT, V, VKLTPLCVTLNCTNVTNNITN-------------------------------------VMKGEIKN----CSFNM-T-TE--LRD-KK-QKV-YALF-YKLDVVPINENSNNSSNNN------------------------------------------NTEYRLI---NCNTSAI-T---QA, 0.0689, 0
0.357698, -120.5866, [20], CHUNK, ['T'], VKLTPLCVTLNCTNVTNNITT-------------------------------------DMKGEIKN----CSFNM-T-TE--LRD-KK-QKV-YALF-YKLDVVPINENSNNSSNNN------------------------------------------NTEYRLI---NCNTSAI-T---QA, 0.0549, 0
0.364630, -123.8073, [161], CHUNK, ['S'], VKLTPLCVTLNCTNVTNNITN-------------------------------------DMKGEIKN----CSFNM-T-TE--LRD-KK-QKV-YALF-YKLDVVPINENSNNSSNNN------------------------------------------NTSYRLI---NCNTSAI-T---QA, 0.0549, 1
0.365297, -124.6070, [113], CHUNK, ['N'], VKLTPLCVTLNCTNVTNNITN-------------------------------------DMKGEIKN----CSFNM-T-TE--LRD-KK-QKV-YALF-YKLDVVPINENSNNSNNNN------------------------------------------NTSYRLI---NCNTSAI-T---QA, 0.0549, 0
0.370688, -122.6678, [91], CHUNK, ['E'], VKLTPLCVTLNCTNVTNNITN-------------------------------------DMKGEIKN----CSFNM-T-TE--LRD-KK-QKE-YALF-YKLDVVPINENSNNSSNNN------------------------------------------NTSYRLI---NCNTSAI-T---QA, 0.0593, 1
0.382081, -115.0442, [74], CHUNK, ['I'], VKLTPLCVTLNCTNVTNNITN-------------------------------------DMKGEIKN----CSFNI-T-TE--LRD-KK-QKE-YALF-YKLDVVPINENSNNSSNNN------------------------------------------NTSYRLI---NCNTSAI-T---QA, 0.1518, 1
0.383439, -115.4491, [59], CHUNK, ['E'], VKLTPLCVTLNCTNVTNNITN-------------------------------------DEKGEIKN----CSFNI-T-TE--LRD-KK-QKE-YALF-YKLDVVPINENSNNSSNNN------------------------------------------NTSYRLI---NCNTSAI-T---QA, 0.1518, 0
0.384029, -114.4661, [59], CHUNK, ['S'], VKLTPLCVTLNCTNVTNNITN-------------------------------------DSKGEIKN----CSFNI-T-TE--LRD-KK-QKE-YALF-YKLDVVPINENSNNSSNNN------------------------------------------NTSYRLI---NCNTSAI-T---QA, 0.1637, 1
0.387818, 3.0179, [82], CHUNK, ['I'], VKLTPLCVTLNCTNVTNNITN-------------------------------------DSKGEIKN----CSFNI-T-TE--IRD-KK-QKE-YALF-YKLDVVPINENSNNSSNNN------------------------------------------NTSYRLI---NCNTSAI-T---QA, 0.3496, 0
0.384710, -114.9019, 16, POINT, T, VKLTPLCVTLNCTNVTTNITN-------------------------------------DSKGEIKN----CSFNI-T-TE--LRD-KK-QKE-YALF-YKLDVVPINENSNNSSNNN------------------------------------------NTSYRLI---NCNTSAI-T---QA, 0.1679, 0
0.387818, 16.2050, [82], CHUNK, ['I'], VKLTPLCVTLNCTNVTNNITN-------------------------------------DSKGEIKN----CSFNI-T-TE--IRD-KK-QKE-YALF-YKLDVVPINENSNNSSNNN------------------------------------------NTSYRLI---NCNTSAI-T---QA, 0.2507, 0
0.387144, -112.9410, [18], CHUNK, ['N'], VKLTPLCVTLNCTNVTNNNTN-------------------------------------DSKGEIKN----CSFNI-T-TE--LRD-KK-QKE-YALF-YKLDVVPINENSNNSSNNN------------------------------------------NTSYRLI---NCNTSAI-T---QA, 0.1637, 0
0.387194, -115.2097, 107, POINT, N, VKLTPLCVTLNCTNVTNNITN-------------------------------------DMKGEIKN----CSFNI-T-TE--LRD-KK-QKE-YALF-YKLDVVPINNNSNNSSNNN------------------------------------------NTSYRLI---NCNTSAI-T---QA, 0.1518, 0
0.382782, -111.1578, [58], CHUNK, ['I'], VKLTPLCVTLNCTNVTNNITN-------------------------------------IMKGEIKN----CSFNI-T-TE--LRD-KK-QKE-YALF-YKLDVVPINENSNNSSNNN------------------------------------------NTSYRLI---NCNTSAI-T---QA, 0.1680, 0
0.389363, -96.7947, [174], CHUNK, ['V'], VKLTPLCVTLNCTNVTNNITN-------------------------------------DMKGEIKN----CSFNI-T-TE--LRD-KK-QKE-YALF-YKLDVVPINENSNNSSNNN------------------------------------------NTSYRLI---NCNTSVI-T---QA, 0.2704, 0
0.389363, -100.1518, [174], CHUNK, ['V'], VKLTPLCVTLNCTNVTNNITN-------------------------------------DMKGEIKN----CSFNI-T-TE--LRD-KK-QKE-YALF-YKLDVVPINENSNNSSNNN------------------------------------------NTSYRLI---NCNTSVI-T---QA, 0.2601, 0
0.375332, -118.1006, 74, POINT, V, VKLTPLCVTLNCTNVTNNITN-------------------------------------DMKGEIKN----CSFNV-T-TE--LRD-KK-QKE-YALF-YKLDVVPINENSNNSSNNN------------------------------------------NTSYRLI---NCNTSAI-T---QA, 0.0691, 0
0.370969, -122.1426, [87], CHUNK, ['V'], VKLTPLCVTLNCTNVTNNITN-------------------------------------DMKGEIKN----CSFNM-T-TE--LRD-KV-QKE-YALF-YKLDVVPINENSNNSSNNN------------------------------------------NTSYRLI---NCNTSAI-T---QA, 0.0593, 0
0.371425, -122.1668, 58, POINT, E, VKLTPLCVTLNCTNVTNNITN-------------------------------------EMKGEIKN----CSFNM-T-TE--LRD-KK-QKE-YALF-YKLDVVPINENSNNSSNNN------------------------------------------NTSYRLI---NCNTSAI-T---QA, 0.0593, 1
0.374650, -120.6292, [18], CHUNK, ['T'], VKLTPLCVTLNCTNVTNNTTN-------------------------------------EMKGEIKN----CSFNM-T-TE--LRD-KK-QKE-YALF-YKLDVVPINENSNNSSNNN------------------------------------------NTSYRLI---NCNTSAI-T---QA, 0.0593, 0
0.372227, -122.1945, [107], CHUNK, ['D'], VKLTPLCVTLNCTNVTNNITN-------------------------------------EMKGEIKN----CSFNM-T-TE--LRD-KK-QKE-YALF-YKLDVVPINDNSNNSSNNN------------------------------------------NTSYRLI---NCNTSAI-T---QA, 0.0593, 0
0.374650, -120.6292, [18], CHUNK, ['T'], VKLTPLCVTLNCTNVTNNTTN-------------------------------------EMKGEIKN----CSFNM-T-TE--LRD-KK-QKE-YALF-YKLDVVPINENSNNSSNNN------------------------------------------NTSYRLI---NCNTSAI-T---QA, 0.0593, 0
0.378707, -105.5724, 174, POINT, V, VKLTPLCVTLNCTNVTNNITN-------------------------------------EMKGEIKN----CSFNM-T-TE--LRD-KK-QKE-YALF-YKLDVVPINENSNNSSNNN------------------------------------------NTSYRLI---NCNTSVI-T---QA, 0.2876, 0
0.382081, -109.6858, [74], CHUNK, ['I'], VKLTPLCVTLNCTNVTNNITN-------------------------------------DMKGEIKN----CSFNI-T-TE--LRD-KK-QKE-YALF-YKLDVVPINENSNNSSNNN------------------------------------------NTSYRLI---NCNTSAI-T---QA, 0.2377, 0
0.377970, -102.0451, 174, POINT, V, VKLTPLCVTLNCTNVTNNITN-------------------------------------DMKGEIKN----CSFNM-T-TE--LRD-KK-QKE-YALF-YKLDVVPINENSNNSSNNN------------------------------------------NTSYRLI---NCNTSVI-T---QA, 0.2154, 0
0.372851, -10.8332, [82], CHUNK, ['I'], VKLTPLCVTLNCTNVTNNITN-------------------------------------DMKGEIKN----CSFNM-T-TE--IRD-KK-QKE-YALF-YKLDVVPINENSNNSSNNN------------------------------------------NTSYRLI---NCNTSAI-T---QA, 0.1301, 0
0.377970, -104.3283, 174, POINT, V, VKLTPLCVTLNCTNVTNNITN-------------------------------------DMKGEIKN----CSFNM-T-TE--LRD-KK-QKE-YALF-YKLDVVPINENSNNSSNNN------------------------------------------NTSYRLI---NCNTSVI-T---QA, 0.3218, 0
0.367415, -121.3224, 58, POINT, T, VKLTPLCVTLNCTNVTNNITN-------------------------------------TMKGEIKN----CSFNM-T-TE--LRD-KK-QKV-YALF-YKLDVVPINENSNNSSNNN------------------------------------------NTSYRLI---NCNTSAI-T---QA, 0.0549, 0
0.365830, -123.0342, 107, POINT, S, VKLTPLCVTLNCTNVTNNITN-------------------------------------DMKGEIKN----CSFNM-T-TE--LRD-KK-QKV-YALF-YKLDVVPINSNSNNSSNNN------------------------------------------NTSYRLI---NCNTSAI-T---QA, 0.0549, 0
0.369744, -124.1329, 107, POINT, N, VKLTPLCVTLNCTNVTNNITN-------------------------------------DMKGEIKN----CSFNM-T-TE--LRD-KK-QKV-YALF-YKLDVVPINNNSNNSSNNN------------------------------------------NTSYRLI---NCNTSAI-T---QA, 0.0684, 1
0.373816, -120.2433, 74, POINT, T, VKLTPLCVTLNCTNVTNNITN-------------------------------------DMKGEIKN----CSFNT-T-TE--LRD-KK-QKV-YALF-YKLDVVPINNNSNNSSNNN------------------------------------------NTSYRLI---NCNTSAI-T---QA, 0.1290, 0
0.375801, -122.6031, 91, POINT, E, VKLTPLCVTLNCTNVTNNITN-------------------------------------DMKGEIKN----CSFNM-T-TE--LRD-KK-QKE-YALF-YKLDVVPINNNSNNSSNNN------------------------------------------NTSYRLI---NCNTSAI-T---QA, 0.0684, 0
0.381136, -84.3742, [74], CHUNK, ['I'], VKLTPLCVTLNCTNVTNNITN-------------------------------------DMKGEIKN----CSFNI-T-TE--LRD-KK-QKV-YALF-YKLDVVPINNNSNNSSNNN------------------------------------------NTSYRLI---NCNTSAI-T---QA, 0.5343, 0
0.371913, -121.8179, [174], CHUNK, ['T'], VKLTPLCVTLNCTNVTNNITN-------------------------------------DMKGEIKN----CSFNM-T-TE--LRD-KK-QKV-YALF-YKLDVVPINNNSNNSSNNN------------------------------------------NTSYRLI---NCNTSTI-T---QA, 0.0684, 0
0.367390, -121.4708, 18, POINT, N, VKLTPLCVTLNCTNVTNNNTN-------------------------------------DMKGEIKN----CSFNM-T-TE--LRD-KK-QKV-YALF-YKLDVVPINENSNNSSNNN------------------------------------------NTSYRLI---NCNTSAI-T---QA, 0.0549, 0
0.364729, -120.2816, [20], CHUNK, ['T'], VKLTPLCVTLNCTNVTNNITT-------------------------------------DMKGEIKN----CSFNM-T-TE--LRD-KK-QKV-YALF-YKLDVVPINENSNNSSNNN------------------------------------------NTSYRLI---NCNTSAI-T---QA, 0.0563, 0
0.367390, -121.4708, [18], CHUNK, ['N'], VKLTPLCVTLNCTNVTNNNTN-------------------------------------DMKGEIKN----CSFNM-T-TE--LRD-KK-QKV-YALF-YKLDVVPINENSNNSSNNN------------------------------------------NTSYRLI---NCNTSAI-T---QA, 0.0549, 1
0.369559, -119.9486, [174], CHUNK, ['T'], VKLTPLCVTLNCTNVTNNNTN-------------------------------------DMKGEIKN----CSFNM-T-TE--LRD-KK-QKV-YALF-YKLDVVPINENSNNSSNNN------------------------------------------NTSYRLI---NCNTSTI-T---QA, 0.1102, 0
0.378783, -74.8659, 74, POINT, I, VKLTPLCVTLNCTNVTNNNTN-------------------------------------DMKGEIKN----CSFNI-T-TE--LRD-KK-QKV-YALF-YKLDVVPINENSNNSSNNN------------------------------------------NTSYRLI---NCNTSAI-T---QA, 0.1876, 0
0.378783, -72.8658, [74], CHUNK, ['I'], VKLTPLCVTLNCTNVTNNNTN-------------------------------------DMKGEIKN----CSFNI-T-TE--LRD-KK-QKV-YALF-YKLDVVPINENSNNSSNNN------------------------------------------NTSYRLI---NCNTSAI-T---QA, 0.3448, 0
0.369278, -120.7438, 58, POINT, S, VKLTPLCVTLNCTNVTNNNTN-------------------------------------SMKGEIKN----CSFNM-T-TE--LRD-KK-QKV-YALF-YKLDVVPINENSNNSSNNN------------------------------------------NTSYRLI---NCNTSAI-T---QA, 0.0596, 0
0.367670, -123.7142, 107, POINT, T, VKLTPLCVTLNCTNVTNNITN-------------------------------------DMKGEIKN----CSFNM-T-TE--LRD-KK-QKV-YALF-YKLDVVPINTNSNNSSNNN------------------------------------------NTSYRLI---NCNTSAI-T---QA, 0.0931, 0
0.368703, -119.5712, [74], CHUNK, ['T'], VKLTPLCVTLNCTNVTNNITN-------------------------------------DMKGEIKN----CSFNT-T-TE--LRD-KK-QKV-YALF-YKLDVVPINENSNNSSNNN------------------------------------------NTSYRLI---NCNTSAI-T---QA, 0.0778, 0
0.366303, -5.6214, [82], CHUNK, ['I'], VKLTPLCVTLNCTNVTNNITN-------------------------------------DMKGEIKN----CSFNM-T-TE--IRD-KK-QKV-YALF-YKLDVVPINENSNNSSNNN------------------------------------------NTSYRLI---NCNTSAI-T---QA, 0.1266, 0
0.367390, -121.9930, 18, POINT, N, VKLTPLCVTLNCTNVTNNNTN-------------------------------------DMKGEIKN----CSFNM-T-TE--LRD-KK-QKV-YALF-YKLDVVPINENSNNSSNNN------------------------------------------NTSYRLI---NCNTSAI-T---QA, 0.0936, 0
0.360359, -122.9540, [18], CHUNK, ['N'], VKLTPLCVTLNCTNVTNNNTN-------------------------------------DMKGEIKN----CSFNM-T-TE--LRD-KK-QKV-YALF-YKLDVVPINENSNNSSNNN------------------------------------------NTEYRLI---NCNTSAI-T---QA, 0.0586, 0
0.363657, -122.7578, [91], CHUNK, ['E'], VKLTPLCVTLNCTNVTNNITN-------------------------------------DMKGEIKN----CSFNM-T-TE--LRD-KK-QKE-YALF-YKLDVVPINENSNNSSNNN------------------------------------------NTEYRLI---NCNTSAI-T---QA, 0.0525, 0
0.361672, -119.9125, [74], CHUNK, ['T'], VKLTPLCVTLNCTNVTNNITN-------------------------------------DMKGEIKN----CSFNT-T-TE--LRD-KK-QKV-YALF-YKLDVVPINENSNNSSNNN------------------------------------------NTEYRLI---NCNTSAI-T---QA, 0.0549, 0
0.362713, -124.4150, [107], CHUNK, ['N'], VKLTPLCVTLNCTNVTNNITN-------------------------------------DMKGEIKN----CSFNM-T-TE--LRD-KK-QKV-YALF-YKLDVVPINNNSNNSSNNN------------------------------------------NTEYRLI---NCNTSAI-T---QA, 0.0549, 0
