Name base = V1V2_200_sq_3_10_ni
Iters = 200
Soft coverage = 1.31203964383
Energy = -130.256435045
Hard Covereage = 0.0368019545157
Num epitopes = 65
Initial seq = VKLTPLCVTLQCTNVTNNITD-------------------------------------DMRGELKN----CSFNM-T-TE--LRD-KK-QKV-YSLF-YRLDVVQINENQGNRSNNS------------------------------------------NKEYRLI---NCNTSAI-T---QA
-------START OF DATA------
1.351795, -129.5795, [159, 160, 161], CHUNK, ['T', 'T', 'S'], VKLTPLCVTLQCTNVTNNITD-------------------------------------DMRGELKN----CSFNM-T-TE--LRD-KK-QKV-YSLF-YRLDVVQINENQGNRSNNS------------------------------------------TTSYRLI---NCNTSAI-T---QA, 0.0125, 1
1.367526, -114.1633, 74, POINT, V, VKLTPLCVTLQCTNVTNNITD-------------------------------------DMRGELKN----CSFNV-T-TE--LRD-KK-QKV-YSLF-YRLDVVQINENQGNRSNNS------------------------------------------TTSYRLI---NCNTSAI-T---QA, 0.1314, 0
1.383153, -121.4691, [79, 82, 84], CHUNK, ['S', 'T', 'T'], VKLTPLCVTLQCTNVTNNITD-------------------------------------DMRGELKN----CSFNM-T-TS--TRT-KK-QKV-YSLF-YRLDVVQINENQGNRSNNS------------------------------------------TTSYRLI---NCNTSAI-T---QA, 0.0125, 1
1.403150, -119.9233, 18, POINT, T, VKLTPLCVTLQCTNVTNNTTD-------------------------------------DMRGELKN----CSFNM-T-TS--TRT-KK-QKV-YSLF-YRLDVVQINENQGNRSNNS------------------------------------------TTSYRLI---NCNTSAI-T---QA, 0.0125, 1
1.452439, -119.9316, 10, POINT, N, VKLTPLCVTLNCTNVTNNTTD-------------------------------------DMRGELKN----CSFNM-T-TS--TRT-KK-QKV-YSLF-YRLDVVQINENQGNRSNNS------------------------------------------TTSYRLI---NCNTSAI-T---QA, 0.0656, 1
1.474817, -16.0672, [74, 79, 82], CHUNK, ['I', 'N', 'I'], VKLTPLCVTLNCTNVTNNTTD-------------------------------------DMRGELKN----CSFNI-T-TN--IRT-KK-QKV-YSLF-YRLDVVQINENQGNRSNNS------------------------------------------TTSYRLI---NCNTSAI-T---QA, 0.7143, 0
1.503977, -117.6117, [59, 60, 63], CHUNK, ['T', 'N', 'I'], VKLTPLCVTLNCTNVTNNTTD-------------------------------------DTNGEIKN----CSFNM-T-TS--TRT-KK-QKV-YSLF-YRLDVVQINENQGNRSNNS------------------------------------------TTSYRLI---NCNTSAI-T---QA, 0.0656, 0
1.471676, -74.8640, 74, POINT, I, VKLTPLCVTLNCTNVTNNTTD-------------------------------------DMRGELKN----CSFNI-T-TS--TRT-KK-QKV-YSLF-YRLDVVQINENQGNRSNNS------------------------------------------TTSYRLI---NCNTSAI-T---QA, 0.2541, 0
1.471676, -82.7883, [74], CHUNK, ['I'], VKLTPLCVTLNCTNVTNNTTD-------------------------------------DMRGELKN----CSFNI-T-TS--TRT-KK-QKV-YSLF-YRLDVVQINENQGNRSNNS------------------------------------------TTSYRLI---NCNTSAI-T---QA, 0.3002, 0
1.417023, -118.1275, [89, 91, 94], CHUNK, ['K', 'E', 'A'], VKLTPLCVTLQCTNVTNNTTD-------------------------------------DMRGELKN----CSFNM-T-TS--TRT-KK-KKE-YALF-YRLDVVQINENQGNRSNNS------------------------------------------TTSYRLI---NCNTSAI-T---QA, 0.0125, 0
1.426988, -118.8841, 109, POINT, S, VKLTPLCVTLQCTNVTNNTTD-------------------------------------DMRGELKN----CSFNM-T-TS--TRT-KK-QKV-YSLF-YRLDVVQINENSGNRSNNS------------------------------------------TTSYRLI---NCNTSAI-T---QA, 0.0125, 0
1.410163, -104.5207, 174, POINT, V, VKLTPLCVTLQCTNVTNNTTD-------------------------------------DMRGELKN----CSFNM-T-TS--TRT-KK-QKV-YSLF-YRLDVVQINENQGNRSNNS------------------------------------------TTSYRLI---NCNTSVI-T---QA, 0.3981, 0
1.415833, -120.5439, 59, POINT, I, VKLTPLCVTLQCTNVTNNTTD-------------------------------------DIRGELKN----CSFNM-T-TS--TRT-KK-QKV-YSLF-YRLDVVQINENQGNRSNNS------------------------------------------TTSYRLI---NCNTSAI-T---QA, 0.0731, 0
1.391894, -120.1336, 18, POINT, S, VKLTPLCVTLQCTNVTNNSTD-------------------------------------DMRGELKN----CSFNM-T-TS--TRT-KK-QKV-YSLF-YRLDVVQINENQGNRSNNS------------------------------------------TTSYRLI---NCNTSAI-T---QA, 0.0125, 0
1.419492, -117.1289, [74], CHUNK, ['T'], VKLTPLCVTLQCTNVTNNITD-------------------------------------DMRGELKN----CSFNT-T-TS--TRT-KK-QKV-YSLF-YRLDVVQINENQGNRSNNS------------------------------------------TTSYRLI---NCNTSAI-T---QA, 0.0125, 0
1.406561, -81.4146, [59, 60, 61, 62, 64], CHUNK, ['E', 'T', 'E', 'N', 'R'], VKLTPLCVTLQCTNVTNNITD-------------------------------------DETENLRN----CSFNM-T-TS--TRT-KK-QKV-YSLF-YRLDVVQINENQGNRSNNS------------------------------------------TTSYRLI---NCNTSAI-T---QA, 0.1272, 0
1.400083, -116.4748, 60, POINT, T, VKLTPLCVTLQCTNVTNNITD-------------------------------------DMTGELKN----CSFNM-T-TS--TRT-KK-QKV-YSLF-YRLDVVQINENQGNRSNNS------------------------------------------TTSYRLI---NCNTSAI-T---QA, 0.0550, 0
1.375070, -129.6920, 107, POINT, N, VKLTPLCVTLQCTNVTNNITD-------------------------------------DMRGELKN----CSFNM-T-TE--LRD-KK-QKV-YSLF-YRLDVVQINNNQGNRSNNS------------------------------------------TTSYRLI---NCNTSAI-T---QA, 0.0125, 0
1.383518, -125.2393, [74], CHUNK, ['T'], VKLTPLCVTLQCTNVTNNITD-------------------------------------DMRGELKN----CSFNT-T-TE--LRD-KK-QKV-YSLF-YRLDVVQINENQGNRSNNS------------------------------------------TTSYRLI---NCNTSAI-T---QA, 0.0125, 0
1.363008, -129.0718, 105, POINT, T, VKLTPLCVTLQCTNVTNNITD-------------------------------------DMRGELKN----CSFNM-T-TE--LRD-KK-QKV-YSLF-YRLDVVQTNENQGNRSNNS------------------------------------------TTSYRLI---NCNTSAI-T---QA, 0.0125, 1
1.394730, -124.9086, 74, POINT, T, VKLTPLCVTLQCTNVTNNITD-------------------------------------DMRGELKN----CSFNT-T-TE--LRD-KK-QKV-YSLF-YRLDVVQTNENQGNRSNNS------------------------------------------TTSYRLI---NCNTSAI-T---QA, 0.0190, 1
1.416647, -124.1879, 79, POINT, N, VKLTPLCVTLQCTNVTNNITD-------------------------------------DMRGELKN----CSFNT-T-TN--LRD-KK-QKV-YSLF-YRLDVVQTNENQGNRSNNS------------------------------------------TTSYRLI---NCNTSAI-T---QA, 0.0190, 1
1.428146, -122.3645, [10, 13, 14], CHUNK, ['N', 'D', 'D'], VKLTPLCVTLNCTDDTNNITD-------------------------------------DMRGELKN----CSFNT-T-TN--LRD-KK-QKV-YSLF-YRLDVVQTNENQGNRSNNS------------------------------------------TTSYRLI---NCNTSAI-T---QA, 0.0543, 0
1.420946, -94.7007, 174, POINT, I, VKLTPLCVTLQCTNVTNNITD-------------------------------------DMRGELKN----CSFNT-T-TN--LRD-KK-QKV-YSLF-YRLDVVQTNENQGNRSNNS------------------------------------------TTSYRLI---NCNTSII-T---QA, 0.3764, 0
1.433975, -122.3398, 18, POINT, N, VKLTPLCVTLQCTNVTNNNTD-------------------------------------DMRGELKN----CSFNT-T-TN--LRD-KK-QKV-YSLF-YRLDVVQTNENQGNRSNNS------------------------------------------TTSYRLI---NCNTSAI-T---QA, 0.0334, 1
1.449773, -121.5377, 20, POINT, S, VKLTPLCVTLQCTNVTNNNTS-------------------------------------DMRGELKN----CSFNT-T-TN--LRD-KK-QKV-YSLF-YRLDVVQTNENQGNRSNNS------------------------------------------TTSYRLI---NCNTSAI-T---QA, 0.0334, 0
1.446671, -122.7545, 10, POINT, D, VKLTPLCVTLDCTNVTNNNTD-------------------------------------DMRGELKN----CSFNT-T-TN--LRD-KK-QKV-YSLF-YRLDVVQTNENQGNRSNNS------------------------------------------TTSYRLI---NCNTSAI-T---QA, 0.0510, 0
1.461237, -122.0127, [83, 84, 87, 89, 91], CHUNK, ['S', 'N', 'V', 'K', 'E'], VKLTPLCVTLQCTNVTNNNTD-------------------------------------DMRGELKN----CSFNT-T-TN--LSN-KV-KKE-YSLF-YRLDVVQTNENQGNRSNNS------------------------------------------TTSYRLI---NCNTSAI-T---QA, 0.1042, 0
1.448543, -124.2848, 163, POINT, T, VKLTPLCVTLQCTNVTNNNTD-------------------------------------DMRGELKN----CSFNT-T-TN--LRD-KK-QKV-YSLF-YRLDVVQTNENQGNRSNNS------------------------------------------TTSYTLI---NCNTSAI-T---QA, 0.0334, 1
1.463658, -122.4716, [174], CHUNK, ['T'], VKLTPLCVTLQCTNVTNNNTD-------------------------------------DMRGELKN----CSFNT-T-TN--LRD-KK-QKV-YSLF-YRLDVVQTNENQGNRSNNS------------------------------------------TTSYTLI---NCNTSTI-T---QA, 0.0334, 1
1.502489, -120.5637, [10, 14], CHUNK, ['N', 'A'], VKLTPLCVTLNCTNATNNNTD-------------------------------------DMRGELKN----CSFNT-T-TN--LRD-KK-QKV-YSLF-YRLDVVQTNENQGNRSNNS------------------------------------------TTSYTLI---NCNTSTI-T---QA, 0.0333, 0
1.479258, -122.0377, [116], CHUNK, ['T'], VKLTPLCVTLQCTNVTNNNTD-------------------------------------DMRGELKN----CSFNT-T-TN--LRD-KK-QKV-YSLF-YRLDVVQTNENQGNRSNNT------------------------------------------TTSYTLI---NCNTSTI-T---QA, 0.0334, 1
1.499280, -119.2749, [10, 13, 14], CHUNK, ['N', 'D', 'I'], VKLTPLCVTLNCTDITNNNTD-------------------------------------DMRGELKN----CSFNT-T-TN--LRD-KK-QKV-YSLF-YRLDVVQTNENQGNRSNNT------------------------------------------TTSYTLI---NCNTSTI-T---QA, 0.0334, 1
1.533489, -66.4073, [58, 59, 60, 61, 63], CHUNK, ['S', 'L', 'T', 'E', 'V'], VKLTPLCVTLNCTDITNNNTD-------------------------------------SLTEEVKN----CSFNT-T-TN--LRD-KK-QKV-YSLF-YRLDVVQTNENQGNRSNNT------------------------------------------TTSYTLI---NCNTSTI-T---QA, 0.2061, 0
1.504349, -120.2429, 161, POINT, T, VKLTPLCVTLNCTDITNNNTD-------------------------------------DMRGELKN----CSFNT-T-TN--LRD-KK-QKV-YSLF-YRLDVVQTNENQGNRSNNT------------------------------------------TTTYTLI---NCNTSTI-T---QA, 0.0334, 0
1.508333, -120.0007, 84, POINT, N, VKLTPLCVTLNCTDITNNNTD-------------------------------------DMRGELKN----CSFNT-T-TN--LRN-KK-QKV-YSLF-YRLDVVQTNENQGNRSNNT------------------------------------------TTSYTLI---NCNTSTI-T---QA, 0.0326, 0
1.533489, -52.1467, [58, 59, 60, 61, 63], CHUNK, ['S', 'L', 'T', 'E', 'V'], VKLTPLCVTLNCTDITNNNTD-------------------------------------SLTEEVKN----CSFNT-T-TN--LRD-KK-QKV-YSLF-YRLDVVQTNENQGNRSNNT------------------------------------------TTSYTLI---NCNTSTI-T---QA, 0.0498, 0
1.487993, -119.4982, 60, POINT, S, VKLTPLCVTLQCTNVTNNNTD-------------------------------------DMSGELKN----CSFNT-T-TN--LRD-KK-QKV-YSLF-YRLDVVQTNENQGNRSNNT------------------------------------------TTSYTLI---NCNTSTI-T---QA, 0.0373, 0
1.501792, -119.0698, [10, 14, 16, 17], CHUNK, ['N', 'A', 'S', 'T'], VKLTPLCVTLNCTNATSTNTD-------------------------------------DMRGELKN----CSFNT-T-TN--LRD-KK-QKV-YSLF-YRLDVVQTNENQGNRSNNT------------------------------------------TTSYTLI---NCNTSTI-T---QA, 0.0334, 0
1.528747, -121.9352, [10], CHUNK, ['N'], VKLTPLCVTLNCTNVTNNNTD-------------------------------------DMRGELKN----CSFNT-T-TN--LRD-KK-QKV-YSLF-YRLDVVQTNENQGNRSNNT------------------------------------------TTSYTLI---NCNTSTI-T---QA, 0.0334, 0
1.505809, -77.2761, [58, 59, 60, 61, 63], CHUNK, ['T', 'G', 'I', 'K', 'M'], VKLTPLCVTLQCTNVTNNNTD-------------------------------------TGIKEMKN----CSFNT-T-TN--LRD-KK-QKV-YSLF-YRLDVVQTNENQGNRSNNT------------------------------------------TTSYTLI---NCNTSTI-T---QA, 0.0334, 0
1.469182, -26.3822, [82], CHUNK, ['I'], VKLTPLCVTLQCTNVTNNNTD-------------------------------------DMRGELKN----CSFNT-T-TN--IRD-KK-QKV-YSLF-YRLDVVQTNENQGNRSNNS------------------------------------------TTSYTLI---NCNTSTI-T---QA, 0.1776, 0
1.470761, -120.8120, [94, 99], CHUNK, ['A', 'K'], VKLTPLCVTLQCTNVTNNNTD-------------------------------------DMRGELKN----CSFNT-T-TN--LRD-KK-QKV-YALF-YKLDVVQTNENQGNRSNNS------------------------------------------TTSYTLI---NCNTSTI-T---QA, 0.0334, 0
1.472392, -119.9120, 60, POINT, S, VKLTPLCVTLQCTNVTNNNTD-------------------------------------DMSGELKN----CSFNT-T-TN--LRD-KK-QKV-YSLF-YRLDVVQTNENQGNRSNNS------------------------------------------TTSYTLI---NCNTSTI-T---QA, 0.0334, 0
1.471888, -121.0549, [87, 89, 91], CHUNK, ['V', 'K', 'E'], VKLTPLCVTLQCTNVTNNNTD-------------------------------------DMRGELKN----CSFNT-T-TN--LRD-KV-KKE-YSLF-YRLDVVQTNENQGNRSNNS------------------------------------------TTSYTLI---NCNTSTI-T---QA, 0.0334, 0
1.457593, -85.1509, [60, 61, 63], CHUNK, ['K', 'E', 'I'], VKLTPLCVTLQCTNVTNNNTD-------------------------------------DMKEEIKN----CSFNT-T-TN--LRD-KK-QKV-YSLF-YRLDVVQTNENQGNRSNNS------------------------------------------TTSYTLI---NCNTSAI-T---QA, 0.1058, 0
1.497274, -100.5166, [10, 14], CHUNK, ['N', 'L'], VKLTPLCVTLNCTNLTNNNTD-------------------------------------DMRGELKN----CSFNT-T-TN--LRD-KK-QKV-YSLF-YRLDVVQTNENQGNRSNNS------------------------------------------TTSYTLI---NCNTSAI-T---QA, 0.2811, 0
1.498031, -124.1824, [10], CHUNK, ['N'], VKLTPLCVTLNCTNVTNNNTD-------------------------------------DMRGELKN----CSFNT-T-TN--LRD-KK-QKV-YSLF-YRLDVVQTNENQGNRSNNS------------------------------------------TTSYTLI---NCNTSAI-T---QA, 0.0334, 0
1.460211, -124.9974, [105, 108, 109, 110, 111, 112, 113], CHUNK, ['I', 'V', 'S', 'S', 'K', 'N', 'N'], VKLTPLCVTLQCTNVTNNNTD-------------------------------------DMRGELKN----CSFNT-T-TN--LRD-KK-QKV-YSLF-YRLDVVQINEVSSKNNNNS------------------------------------------TTSYTLI---NCNTSAI-T---QA, 0.0334, 0
1.458523, -122.4046, 107, POINT, N, VKLTPLCVTLQCTNVTNNNTD-------------------------------------DMRGELKN----CSFNT-T-TN--LRD-KK-QKV-YSLF-YRLDVVQTNNNQGNRSNNS------------------------------------------TTSYRLI---NCNTSAI-T---QA, 0.0334, 1
1.465239, -121.9561, 89, POINT, K, VKLTPLCVTLQCTNVTNNNTD-------------------------------------DMRGELKN----CSFNT-T-TN--LRD-KK-KKV-YSLF-YRLDVVQTNNNQGNRSNNS------------------------------------------TTSYRLI---NCNTSAI-T---QA, 0.0334, 0
1.475274, -121.5208, 104, POINT, S, VKLTPLCVTLQCTNVTNNNTD-------------------------------------DMRGELKN----CSFNT-T-TN--LRD-KK-QKV-YSLF-YRLDVVSTNNNQGNRSNNS------------------------------------------TTSYRLI---NCNTSAI-T---QA, 0.0456, 0
1.497822, -81.5083, [58, 59, 60, 61, 63, 64], CHUNK, ['N', 'Y', 'T', 'K', 'M', 'R'], VKLTPLCVTLQCTNVTNNNTD-------------------------------------NYTKEMRN----CSFNT-T-TN--LRD-KK-QKV-YSLF-YRLDVVQTNNNQGNRSNNS------------------------------------------TTSYRLI---NCNTSAI-T---QA, 0.0344, 0
1.508011, -122.3022, [10], CHUNK, ['N'], VKLTPLCVTLNCTNVTNNNTD-------------------------------------DMRGELKN----CSFNT-T-TN--LRD-KK-QKV-YSLF-YRLDVVQTNNNQGNRSNNS------------------------------------------TTSYRLI---NCNTSAI-T---QA, 0.0334, 1
1.515211, -120.9225, [94, 99], CHUNK, ['A', 'K'], VKLTPLCVTLNCTNVTNNNTD-------------------------------------DMRGELKN----CSFNT-T-TN--LRD-KK-QKV-YALF-YKLDVVQTNNNQGNRSNNS------------------------------------------TTSYRLI---NCNTSAI-T---QA, 0.0367, 1
1.534616, -117.8249, [99, 102, 104], CHUNK, ['N', 'I', 'S'], VKLTPLCVTLNCTNVTNNNTD-------------------------------------DMRGELKN----CSFNT-T-TN--LRD-KK-QKV-YALF-YNLDIVSTNNNQGNRSNNS------------------------------------------TTSYRLI---NCNTSAI-T---QA, 0.0367, 0
1.530252, -120.0157, 162, POINT, N, VKLTPLCVTLNCTNVTNNNTD-------------------------------------DMRGELKN----CSFNT-T-TN--LRD-KK-QKV-YALF-YKLDVVQTNNNQGNRSNNS------------------------------------------TTSNRLI---NCNTSAI-T---QA, 0.0367, 0
1.537080, -121.2974, 20, POINT, N, VKLTPLCVTLNCTNVTNNNTN-------------------------------------DMRGELKN----CSFNT-T-TN--LRD-KK-QKV-YALF-YKLDVVQTNNNQGNRSNNS------------------------------------------TTSYRLI---NCNTSAI-T---QA, 0.0367, 1
1.546848, -103.8714, [174, 175], CHUNK, ['V', 'T'], VKLTPLCVTLNCTNVTNNNTN-------------------------------------DMRGELKN----CSFNT-T-TN--LRD-KK-QKV-YALF-YKLDVVQTNNNQGNRSNNS------------------------------------------TTSYRLI---NCNTSVT-T---QA, 0.3938, 0
1.542804, -121.8298, 59, POINT, E, VKLTPLCVTLNCTNVTNNNTN-------------------------------------DERGELKN----CSFNT-T-TN--LRD-KK-QKV-YALF-YKLDVVQTNNNQGNRSNNS------------------------------------------TTSYRLI---NCNTSAI-T---QA, 0.0401, 1
1.557505, -119.8744, [174], CHUNK, ['T'], VKLTPLCVTLNCTNVTNNNTN-------------------------------------DERGELKN----CSFNT-T-TN--LRD-KK-QKV-YALF-YKLDVVQTNNNQGNRSNNS------------------------------------------TTSYRLI---NCNTSTI-T---QA, 0.0401, 0
1.557505, -119.8744, [174], CHUNK, ['T'], VKLTPLCVTLNCTNVTNNNTN-------------------------------------DERGELKN----CSFNT-T-TN--LRD-KK-QKV-YALF-YKLDVVQTNNNQGNRSNNS------------------------------------------TTSYRLI---NCNTSTI-T---QA, 0.0401, 0
1.551778, -86.1886, [58, 59, 60, 61, 63], CHUNK, ['M', 'Q', 'N', 'E', 'I'], VKLTPLCVTLNCTNVTNNNTN-------------------------------------MQNEEIKN----CSFNT-T-TN--LRD-KK-QKV-YALF-YKLDVVQTNNNQGNRSNNS------------------------------------------TTSYRLI---NCNTSAI-T---QA, 0.0935, 0
1.557505, -119.8744, [174], CHUNK, ['T'], VKLTPLCVTLNCTNVTNNNTN-------------------------------------DERGELKN----CSFNT-T-TN--LRD-KK-QKV-YALF-YKLDVVQTNNNQGNRSNNS------------------------------------------TTSYRLI---NCNTSTI-T---QA, 0.0401, 0
1.547951, -120.4742, [89, 91], CHUNK, ['K', 'E'], VKLTPLCVTLNCTNVTNNNTN-------------------------------------DMRGELKN----CSFNT-T-TN--LRD-KK-KKE-YALF-YKLDVVQTNNNQGNRSNNS------------------------------------------TTSYRLI---NCNTSAI-T---QA, 0.0986, 1
1.557429, -35.1235, [79, 82, 83], CHUNK, ['S', 'I', 'N'], VKLTPLCVTLNCTNVTNNNTN-------------------------------------DMRGELKN----CSFNT-T-TS--IND-KK-KKE-YALF-YKLDVVQTNNNQGNRSNNS------------------------------------------TTSYRLI---NCNTSAI-T---QA, 0.2489, 0
1.568226, -103.1871, 61, POINT, N, VKLTPLCVTLNCTNVTNNNTN-------------------------------------DMRNELKN----CSFNT-T-TN--LRD-KK-KKE-YALF-YKLDVVQTNNNQGNRSNNS------------------------------------------TTSYRLI---NCNTSAI-T---QA, 0.0986, 0
1.554356, -22.0437, [82], CHUNK, ['I'], VKLTPLCVTLNCTNVTNNNTN-------------------------------------DMRGELKN----CSFNT-T-TN--IRD-KK-KKE-YALF-YKLDVVQTNNNQGNRSNNS------------------------------------------TTSYRLI---NCNTSAI-T---QA, 0.2916, 0
1.556489, -117.8303, 84, POINT, T, VKLTPLCVTLNCTNVTNNNTN-------------------------------------DMRGELKN----CSFNT-T-TN--LRT-KK-KKE-YALF-YKLDVVQTNNNQGNRSNNS------------------------------------------TTSYRLI---NCNTSAI-T---QA, 0.0986, 0
1.544909, -122.3882, 161, POINT, N, VKLTPLCVTLNCTNVTNNNTN-------------------------------------DMRGELKN----CSFNT-T-TN--LRD-KK-QKV-YALF-YKLDVVQTNNNQGNRSNNS------------------------------------------TTNYRLI---NCNTSAI-T---QA, 0.0835, 0
1.542100, -120.1410, 64, POINT, T, VKLTPLCVTLNCTNVTNNNTN-------------------------------------DMRGELTN----CSFNT-T-TN--LRD-KK-QKV-YALF-YKLDVVQTNNNQGNRSNNS------------------------------------------TTSYRLI---NCNTSAI-T---QA, 0.0367, 0
1.543451, -120.8495, 89, POINT, K, VKLTPLCVTLNCTNVTNNNTN-------------------------------------DMRGELKN----CSFNT-T-TN--LRD-KK-KKV-YALF-YKLDVVQTNNNQGNRSNNS------------------------------------------TTSYRLI---NCNTSAI-T---QA, 0.0367, 1
1.573287, -121.2314, 59, POINT, N, VKLTPLCVTLNCTNVTNNNTN-------------------------------------DNRGELKN----CSFNT-T-TN--LRD-KK-KKV-YALF-YKLDVVQTNNNQGNRSNNS------------------------------------------TTSYRLI---NCNTSAI-T---QA, 0.1557, 0
1.566734, -119.1789, [109, 110, 112, 113, 114], CHUNK, ['S', 'N', 'K', 'G', 'S'], VKLTPLCVTLNCTNVTNNNTN-------------------------------------DMRGELKN----CSFNT-T-TN--LRD-KK-KKV-YALF-YKLDVVQTNNNSNNKGSNS------------------------------------------TTSYRLI---NCNTSAI-T---QA, 0.0367, 1
1.576488, -115.2648, [60, 63], CHUNK, ['K', 'I'], VKLTPLCVTLNCTNVTNNNTN-------------------------------------DMKGEIKN----CSFNT-T-TN--LRD-KK-KKV-YALF-YKLDVVQTNNNSNNKGSNS------------------------------------------TTSYRLI---NCNTSAI-T---QA, 0.0367, 0
1.577278, -115.5718, [163, 165, 169], CHUNK, ['T', 'T', 'S'], VKLTPLCVTLNCTNVTNNNTN-------------------------------------DMRGELKN----CSFNT-T-TN--LRD-KK-KKV-YALF-YKLDVVQTNNNSNNKGSNS------------------------------------------TTSYTLT---SCNTSAI-T---QA, 0.0531, 0
1.620288, -94.4256, [60, 61, 62, 63], CHUNK, ['T', 'N', 'T', 'M'], VKLTPLCVTLNCTNVTNNNTN-------------------------------------DMTNTMKN----CSFNT-T-TN--LRD-KK-KKV-YALF-YKLDVVQTNNNSNNKGSNS------------------------------------------TTSYRLI---NCNTSAI-T---QA, 0.0367, 0
1.601904, -117.8885, [58, 59, 60], CHUNK, ['E', 'T', 'D'], VKLTPLCVTLNCTNVTNNNTN-------------------------------------ETDGELKN----CSFNT-T-TN--LRD-KK-KKV-YALF-YKLDVVQTNNNSNNKGSNS------------------------------------------TTSYRLI---NCNTSAI-T---QA, 0.0367, 0
1.557583, -119.9130, 58, POINT, S, VKLTPLCVTLNCTNVTNNNTN-------------------------------------SMRGELKN----CSFNT-T-TN--LRD-KK-KKV-YALF-YKLDVVQTNNNQGNRSNNS------------------------------------------TTSYRLI---NCNTSAI-T---QA, 0.0367, 1
1.564597, -110.8925, [174], CHUNK, ['V'], VKLTPLCVTLNCTNVTNNNTN-------------------------------------SMRGELKN----CSFNT-T-TN--LRD-KK-KKV-YALF-YKLDVVQTNNNQGNRSNNS------------------------------------------TTSYRLI---NCNTSVI-T---QA, 0.2812, 0
1.565638, -116.7691, 20, POINT, T, VKLTPLCVTLNCTNVTNNNTT-------------------------------------SMRGELKN----CSFNT-T-TN--LRD-KK-KKV-YALF-YKLDVVQTNNNQGNRSNNS------------------------------------------TTSYRLI---NCNTSAI-T---QA, 0.0831, 0
1.561959, -119.9318, 104, POINT, P, VKLTPLCVTLNCTNVTNNNTN-------------------------------------SMRGELKN----CSFNT-T-TN--LRD-KK-KKV-YALF-YKLDVVPTNNNQGNRSNNS------------------------------------------TTSYRLI---NCNTSAI-T---QA, 0.0367, 0
1.562436, -118.3548, [63], CHUNK, ['I'], VKLTPLCVTLNCTNVTNNNTN-------------------------------------SMRGEIKN----CSFNT-T-TN--LRD-KK-KKV-YALF-YKLDVVQTNNNQGNRSNNS------------------------------------------TTSYRLI---NCNTSAI-T---QA, 0.0367, 0
1.550630, -121.5165, [159, 161], CHUNK, ['N', 'T'], VKLTPLCVTLNCTNVTNNNTN-------------------------------------DMRGELKN----CSFNT-T-TN--LRD-KK-KKV-YALF-YKLDVVQTNNNQGNRSNNS------------------------------------------NTTYRLI---NCNTSAI-T---QA, 0.0376, 0
1.581854, -120.5117, 109, POINT, N, VKLTPLCVTLNCTNVTNNNTN-------------------------------------DMRGELKN----CSFNT-T-TN--LRD-KK-KKV-YALF-YKLDVVQTNNNNGNRSNNS------------------------------------------TTSYRLI---NCNTSAI-T---QA, 0.0367, 0
1.550049, -118.3503, 98, POINT, N, VKLTPLCVTLNCTNVTNNNTN-------------------------------------DMRGELKN----CSFNT-T-TN--LRD-KK-KKV-YALF-NKLDVVQTNNNQGNRSNNS------------------------------------------TTSYRLI---NCNTSAI-T---QA, 0.0799, 0
1.549970, -120.5597, 72, POINT, S, VKLTPLCVTLNCTNVTNNNTN-------------------------------------DMRGELKN----CSSNT-T-TN--LRD-KK-KKV-YALF-YKLDVVQTNNNQGNRSNNS------------------------------------------TTSYRLI---NCNTSAI-T---QA, 0.0367, 0
1.548102, -114.6286, [84, 87, 91], CHUNK, ['N', 'L', 'E'], VKLTPLCVTLNCTNVTNNNTN-------------------------------------DMRGELKN----CSFNT-T-TN--LRN-KL-QKE-YALF-YKLDVVQTNNNQGNRSNNS------------------------------------------TTSYRLI---NCNTSAI-T---QA, 0.0367, 0
1.544093, -103.5113, 174, POINT, V, VKLTPLCVTLNCTNVTNNNTN-------------------------------------DMRGELKN----CSFNT-T-TN--LRD-KK-QKV-YALF-YKLDVVQTNNNQGNRSNNS------------------------------------------TTSYRLI---NCNTSVI-T---QA, 0.1747, 0
1.551781, -119.4410, [174], CHUNK, ['T'], VKLTPLCVTLNCTNVTNNNTN-------------------------------------DMRGELKN----CSFNT-T-TN--LRD-KK-QKV-YALF-YKLDVVQTNNNQGNRSNNS------------------------------------------TTSYRLI---NCNTSTI-T---QA, 0.0367, 0
1.551781, -119.4834, [174], CHUNK, ['T'], VKLTPLCVTLNCTNVTNNNTN-------------------------------------DMRGELKN----CSFNT-T-TN--LRD-KK-QKV-YALF-YKLDVVQTNNNQGNRSNNS------------------------------------------TTSYRLI---NCNTSTI-T---QA, 0.0359, 0
1.524882, -118.8924, 165, POINT, T, VKLTPLCVTLNCTNVTNNNTD-------------------------------------DMRGELKN----CSFNT-T-TN--LRD-KK-QKV-YALF-YKLDVVQTNNNQGNRSNNS------------------------------------------TTSYRLT---NCNTSAI-T---QA, 0.0367, 0
1.526648, -116.8047, [163, 165, 169], CHUNK, ['T', 'T', 'S'], VKLTPLCVTLNCTNVTNNNTD-------------------------------------DMRGELKN----CSFNT-T-TN--LRD-KK-QKV-YALF-YKLDVVQTNNNQGNRSNNS------------------------------------------TTSYTLT---SCNTSAI-T---QA, 0.0367, 1
1.532172, -24.0924, [82], CHUNK, ['I'], VKLTPLCVTLNCTNVTNNNTD-------------------------------------DMRGELKN----CSFNT-T-TN--IRD-KK-QKV-YALF-YKLDVVQTNNNQGNRSNNS------------------------------------------TTSYTLT---SCNTSAI-T---QA, 0.3059, 0
1.556538, -118.9172, [169, 174], CHUNK, ['N', 'T'], VKLTPLCVTLNCTNVTNNNTD-------------------------------------DMRGELKN----CSFNT-T-TN--LRD-KK-QKV-YALF-YKLDVVQTNNNQGNRSNNS------------------------------------------TTSYTLT---NCNTSTI-T---QA, 0.0367, 1
1.573358, -118.0207, 104, POINT, S, VKLTPLCVTLNCTNVTNNNTD-------------------------------------DMRGELKN----CSFNT-T-TN--LRD-KK-QKV-YALF-YKLDVVSTNNNQGNRSNNS------------------------------------------TTSYTLT---NCNTSTI-T---QA, 0.0558, 0
1.578527, -79.1959, [58, 59, 60, 61, 63], CHUNK, ['I', 'D', 'K', 'E', 'I'], VKLTPLCVTLNCTNVTNNNTD-------------------------------------IDKEEIKN----CSFNT-T-TN--LRD-KK-QKV-YALF-YKLDVVQTNNNQGNRSNNS------------------------------------------TTSYTLT---NCNTSTI-T---QA, 0.1759, 0
1.565891, -115.0054, [60, 63], CHUNK, ['K', 'I'], VKLTPLCVTLNCTNVTNNNTD-------------------------------------DMKGEIKN----CSFNT-T-TN--LRD-KK-QKV-YALF-YKLDVVQTNNNQGNRSNNS------------------------------------------TTSYTLT---NCNTSTI-T---QA, 0.0401, 0
1.560730, -118.4603, 58, POINT, K, VKLTPLCVTLNCTNVTNNNTD-------------------------------------KMRGELKN----CSFNT-T-TN--LRD-KK-QKV-YALF-YKLDVVQTNNNQGNRSNNS------------------------------------------TTSYTLT---NCNTSTI-T---QA, 0.0367, 0
1.534594, -114.1608, 84, POINT, T, VKLTPLCVTLNCTNVTNNNTD-------------------------------------DMRGELKN----CSFNT-T-TN--LRT-KK-QKV-YALF-YKLDVVQTNNNQGNRSNNS------------------------------------------TTSYTLT---SCNTSAI-T---QA, 0.0367, 0
1.540973, -115.0593, 174, POINT, T, VKLTPLCVTLNCTNVTNNNTD-------------------------------------DMRGELKN----CSFNT-T-TN--LRD-KK-QKV-YALF-YKLDVVQTNNNQGNRSNNS------------------------------------------TTSYTLT---SCNTSTI-T---QA, 0.0367, 0
1.552035, -117.1323, 58, POINT, N, VKLTPLCVTLNCTNVTNNNTD-------------------------------------NMRGELKN----CSFNT-T-TN--LRD-KK-QKV-YALF-YKLDVVQTNNNQGNRSNNS------------------------------------------TTSYTLT---SCNTSAI-T---QA, 0.0367, 0
1.540506, -115.8629, [89, 90, 91], CHUNK, ['K', 'T', 'E'], VKLTPLCVTLNCTNVTNNNTD-------------------------------------DMRGELKN----CSFNT-T-TN--LRD-KK-KTE-YALF-YKLDVVQTNNNQGNRSNNS------------------------------------------TTSYTLT---SCNTSAI-T---QA, 0.0367, 0
1.521634, -118.2490, 98, POINT, N, VKLTPLCVTLNCTNVTNNNTD-------------------------------------DMRGELKN----CSFNT-T-TN--LRD-KK-QKV-YALF-NKLDVVQTNNNQGNRSNNS------------------------------------------TTSYRLI---NCNTSAI-T---QA, 0.0367, 0
1.529912, -119.0660, 174, POINT, T, VKLTPLCVTLNCTNVTNNNTD-------------------------------------DMRGELKN----CSFNT-T-TN--LRD-KK-QKV-YALF-YKLDVVQTNNNQGNRSNNS------------------------------------------TTSYRLI---NCNTSTI-T---QA, 0.0367, 0
1.529912, -119.2182, [174], CHUNK, ['T'], VKLTPLCVTLNCTNVTNNNTD-------------------------------------DMRGELKN----CSFNT-T-TN--LRD-KK-QKV-YALF-YKLDVVQTNNNQGNRSNNS------------------------------------------TTSYRLI---NCNTSTI-T---QA, 0.0461, 1
1.544698, -118.3634, [116], CHUNK, ['N'], VKLTPLCVTLNCTNVTNNNTD-------------------------------------DMRGELKN----CSFNT-T-TN--LRD-KK-QKV-YALF-YKLDVVQTNNNQGNRSNNN------------------------------------------TTSYRLI---NCNTSTI-T---QA, 0.0461, 0
1.538501, -119.8813, 84, POINT, N, VKLTPLCVTLNCTNVTNNNTD-------------------------------------DMRGELKN----CSFNT-T-TN--LRN-KK-QKV-YALF-YKLDVVQTNNNQGNRSNNS------------------------------------------TTSYRLI---NCNTSTI-T---QA, 0.0461, 1
1.547252, -113.4338, [89, 91, 93], CHUNK, ['Y', 'E', 'N'], VKLTPLCVTLNCTNVTNNNTD-------------------------------------DMRGELKN----CSFNT-T-TN--LRN-KK-YKE-NALF-YKLDVVQTNNNQGNRSNNS------------------------------------------TTSYRLI---NCNTSTI-T---QA, 0.0461, 1
1.553169, -118.1635, [89, 91], CHUNK, ['K', 'V'], VKLTPLCVTLNCTNVTNNNTD-------------------------------------DMRGELKN----CSFNT-T-TN--LRN-KK-KKV-NALF-YKLDVVQTNNNQGNRSNNS------------------------------------------TTSYRLI---NCNTSTI-T---QA, 0.0555, 0
1.549260, -119.3416, [89, 93], CHUNK, ['K', 'Y'], VKLTPLCVTLNCTNVTNNNTD-------------------------------------DMRGELKN----CSFNT-T-TN--LRN-KK-KKE-YALF-YKLDVVQTNNNQGNRSNNS------------------------------------------TTSYRLI---NCNTSTI-T---QA, 0.1203, 1
1.551730, -119.6992, 18, POINT, T, VKLTPLCVTLNCTNVTNNTTD-------------------------------------DMRGELKN----CSFNT-T-TN--LRN-KK-KKE-YALF-YKLDVVQTNNNQGNRSNNS------------------------------------------TTSYRLI---NCNTSTI-T---QA, 0.1203, 0
1.553374, -117.1699, 99, POINT, N, VKLTPLCVTLNCTNVTNNNTD-------------------------------------DMRGELKN----CSFNT-T-TN--LRN-KK-KKE-YALF-YNLDVVQTNNNQGNRSNNS------------------------------------------TTSYRLI---NCNTSTI-T---QA, 0.1203, 1
1.557430, -115.7274, [63], CHUNK, ['I'], VKLTPLCVTLNCTNVTNNNTD-------------------------------------DMRGEIKN----CSFNT-T-TN--LRN-KK-KKE-YALF-YNLDVVQTNNNQGNRSNNS------------------------------------------TTSYRLI---NCNTSTI-T---QA, 0.1203, 0
1.559340, -7.6422, 82, POINT, I, VKLTPLCVTLNCTNVTNNNTD-------------------------------------DMRGELKN----CSFNT-T-TN--IRN-KK-KKE-YALF-YNLDVVQTNNNQGNRSNNS------------------------------------------TTSYRLI---NCNTSTI-T---QA, 0.1125, 0
1.563021, -115.1609, 165, POINT, T, VKLTPLCVTLNCTNVTNNNTD-------------------------------------DMRGELKN----CSFNT-T-TN--LRN-KK-KKE-YALF-YNLDVVQTNNNQGNRSNNS------------------------------------------TTSYRLT---NCNTSTI-T---QA, 0.1203, 1
1.568987, -27.3439, [82], CHUNK, ['I'], VKLTPLCVTLNCTNVTNNNTD-------------------------------------DMRGELKN----CSFNT-T-TN--IRN-KK-KKE-YALF-YNLDVVQTNNNQGNRSNNS------------------------------------------TTSYRLT---NCNTSTI-T---QA, 0.4748, 0
1.570158, -116.2221, 91, POINT, T, VKLTPLCVTLNCTNVTNNNTD-------------------------------------DMRGELKN----CSFNT-T-TN--LRN-KK-KKT-YALF-YNLDVVQTNNNQGNRSNNS------------------------------------------TTSYRLT---NCNTSTI-T---QA, 0.1212, 0
1.568987, -32.0649, [82], CHUNK, ['I'], VKLTPLCVTLNCTNVTNNNTD-------------------------------------DMRGELKN----CSFNT-T-TN--IRN-KK-KKE-YALF-YNLDVVQTNNNQGNRSNNS------------------------------------------TTSYRLT---NCNTSTI-T---QA, 0.3160, 0
1.566568, -115.2097, 4, POINT, T, VKLTTLCVTLNCTNVTNNNTD-------------------------------------DMRGELKN----CSFNT-T-TN--LRN-KK-KKE-YALF-YNLDVVQTNNNQGNRSNNS------------------------------------------TTSYRLT---NCNTSTI-T---QA, 0.1203, 0
1.575243, -117.6807, 20, POINT, N, VKLTPLCVTLNCTNVTNNNTN-------------------------------------DMRGELKN----CSFNT-T-TN--LRN-KK-KKE-YALF-YNLDVVQTNNNQGNRSNNS------------------------------------------TTSYRLI---NCNTSTI-T---QA, 0.1128, 0
1.557430, -115.7274, [63], CHUNK, ['I'], VKLTPLCVTLNCTNVTNNNTD-------------------------------------DMRGEIKN----CSFNT-T-TN--LRN-KK-KKE-YALF-YNLDVVQTNNNQGNRSNNS------------------------------------------TTSYRLI---NCNTSTI-T---QA, 0.1203, 0
1.563021, -115.1609, 165, POINT, T, VKLTPLCVTLNCTNVTNNNTD-------------------------------------DMRGELKN----CSFNT-T-TN--LRN-KK-KKE-YALF-YNLDVVQTNNNQGNRSNNS------------------------------------------TTSYRLT---NCNTSTI-T---QA, 0.1203, 0
1.586100, -118.6638, 110, POINT, N, VKLTPLCVTLNCTNVTNNNTD-------------------------------------DMRGELKN----CSFNT-T-TN--LRN-KK-KKE-YALF-YNLDVVQTNNNQNNRSNNS------------------------------------------TTSYRLI---NCNTSTI-T---QA, 0.1203, 0
1.550950, -116.9116, [102, 104, 105, 107, 109, 110], CHUNK, ['I', 'P', 'L', 'G', 'G', 'N'], VKLTPLCVTLNCTNVTNNNTD-------------------------------------DMRGELKN----CSFNT-T-TN--LRN-KK-KKE-YALF-YKLDIVPLNGNGNNRSNNS------------------------------------------TTSYRLI---NCNTSTI-T---QA, 0.1203, 1
1.557487, -117.4848, [159, 161], CHUNK, ['N', 'T'], VKLTPLCVTLNCTNVTNNNTD-------------------------------------DMRGELKN----CSFNT-T-TN--LRN-KK-KKE-YALF-YKLDIVPLNGNGNNRSNNS------------------------------------------NTTYRLI---NCNTSTI-T---QA, 0.1203, 0
1.553192, -116.1735, 162, POINT, S, VKLTPLCVTLNCTNVTNNNTD-------------------------------------DMRGELKN----CSFNT-T-TN--LRN-KK-KKE-YALF-YKLDIVPLNGNGNNRSNNS------------------------------------------TTSSRLI---NCNTSTI-T---QA, 0.1203, 0
1.553059, -116.8715, 83, POINT, K, VKLTPLCVTLNCTNVTNNNTD-------------------------------------DMRGELKN----CSFNT-T-TN--LKN-KK-KKE-YALF-YKLDIVPLNGNGNNRSNNS------------------------------------------TTSYRLI---NCNTSTI-T---QA, 0.1203, 0
1.556916, -10.8509, 82, POINT, I, VKLTPLCVTLNCTNVTNNNTD-------------------------------------DMRGELKN----CSFNT-T-TN--IRN-KK-KKE-YALF-YKLDIVPLNGNGNNRSNNS------------------------------------------TTSYRLI---NCNTSTI-T---QA, 0.1718, 0
1.550496, -78.2889, [59, 61], CHUNK, ['G', 'E'], VKLTPLCVTLNCTNVTNNNTD-------------------------------------DGREELKN----CSFNT-T-TN--LRN-KK-KKE-YALF-YKLDVVQTNNNQGNRSNNS------------------------------------------TTSYRLI---NCNTSTI-T---QA, 0.3572, 0
1.560321, -115.1253, [163, 165, 169], CHUNK, ['T', 'T', 'S'], VKLTPLCVTLNCTNVTNNNTD-------------------------------------DMRGELKN----CSFNT-T-TN--LRN-KK-KKE-YALF-YKLDVVQTNNNQGNRSNNS------------------------------------------TTSYTLT---SCNTSTI-T---QA, 0.1203, 0
1.602087, -102.1974, [59, 60, 61, 62, 63], CHUNK, ['N', 'N', 'S', 'D', 'M'], VKLTPLCVTLNCTNVTNNNTD-------------------------------------DNNSDMKN----CSFNT-T-TN--LRN-KK-KKE-YALF-YKLDVVQTNNNQGNRSNNS------------------------------------------TTSYRLI---NCNTSTI-T---QA, 0.1203, 0
1.571129, -120.0173, 20, POINT, N, VKLTPLCVTLNCTNVTNNNTN-------------------------------------DMRGELKN----CSFNT-T-TN--LRN-KK-KKE-YALF-YKLDVVQTNNNQGNRSNNS------------------------------------------TTSYRLI---NCNTSTI-T---QA, 0.1348, 0
1.561016, -114.6980, 59, POINT, I, VKLTPLCVTLNCTNVTNNNTD-------------------------------------DIRGELKN----CSFNT-T-TN--LRN-KK-YKE-NALF-YKLDVVQTNNNQGNRSNNS------------------------------------------TTSYRLI---NCNTSTI-T---QA, 0.1508, 0
1.561840, -113.3254, [116], CHUNK, ['T'], VKLTPLCVTLNCTNVTNNNTD-------------------------------------DMRGELKN----CSFNT-T-TN--LRN-KK-YKE-NALF-YKLDVVQTNNNQGNRSNNT------------------------------------------TTSYRLI---NCNTSTI-T---QA, 0.1179, 0
1.555529, -112.8990, 95, POINT, T, VKLTPLCVTLNCTNVTNNNTD-------------------------------------DMRGELKN----CSFNT-T-TN--LRN-KK-YKE-NATF-YKLDVVQTNNNQGNRSNNS------------------------------------------TTSYRLI---NCNTSTI-T---QA, 0.0599, 1
1.569707, -113.1193, [99, 103, 104], CHUNK, ['R', 'T', 'P'], VKLTPLCVTLNCTNVTNNNTD-------------------------------------DMRGELKN----CSFNT-T-TN--LRN-KK-YKE-NATF-YRLDVTPTNNNQGNRSNNS------------------------------------------TTSYRLI---NCNTSTI-T---QA, 0.0920, 0
1.565744, -113.5185, 59, POINT, K, VKLTPLCVTLNCTNVTNNNTD-------------------------------------DKRGELKN----CSFNT-T-TN--LRN-KK-YKE-NATF-YKLDVVQTNNNQGNRSNNS------------------------------------------TTSYRLI---NCNTSTI-T---QA, 0.0599, 0
1.596928, -93.5628, [59, 60, 61, 64], CHUNK, ['S', 'A', 'N', 'T'], VKLTPLCVTLNCTNVTNNNTD-------------------------------------DSANELTN----CSFNT-T-TN--LRN-KK-YKE-NATF-YKLDVVQTNNNQGNRSNNS------------------------------------------TTSYRLI---NCNTSTI-T---QA, 0.0599, 0
1.570611, -112.7398, 104, POINT, L, VKLTPLCVTLNCTNVTNNNTD-------------------------------------DMRGELKN----CSFNT-T-TN--LRN-KK-YKE-NATF-YKLDVVLTNNNQGNRSNNS------------------------------------------TTSYRLI---NCNTSTI-T---QA, 0.0599, 0
1.555081, -115.5843, [161], CHUNK, ['N'], VKLTPLCVTLNCTNVTNNNTD-------------------------------------DMRGELKN----CSFNT-T-TN--LRN-KK-YKE-NALF-YKLDVVQTNNNQGNRSNNS------------------------------------------TTNYRLI---NCNTSTI-T---QA, 0.0573, 0
1.547829, -115.2977, 59, POINT, A, VKLTPLCVTLNCTNVTNNNTD-------------------------------------DARGELKN----CSFNT-T-TN--LRN-KK-YKE-NALF-YKLDVVQTNNNQGNRSNNS------------------------------------------TTSYRLI---NCNTSTI-T---QA, 0.0819, 0
1.553165, -83.5049, 61, POINT, K, VKLTPLCVTLNCTNVTNNNTD-------------------------------------DMRKELKN----CSFNT-T-TN--LRN-KK-YKE-NALF-YKLDVVQTNNNQGNRSNNS------------------------------------------TTSYRLI---NCNTSTI-T---QA, 0.1808, 0
1.576264, -81.8836, [58, 61, 63], CHUNK, ['N', 'E', 'I'], VKLTPLCVTLNCTNVTNNNTD-------------------------------------NMREEIKN----CSFNT-T-TN--LRN-KK-YKE-NALF-YKLDVVQTNNNQGNRSNNS------------------------------------------TTSYRLI---NCNTSTI-T---QA, 0.0741, 0
1.543223, -95.9569, [59, 61], CHUNK, ['G', 'D'], VKLTPLCVTLNCTNVTNNNTD-------------------------------------DGRDELKN----CSFNT-T-TN--LRN-KK-QKV-YALF-YKLDVVQTNNNQGNRSNNS------------------------------------------TTSYRLI---NCNTSTI-T---QA, 0.0461, 0
1.550477, -119.7596, 86, POINT, T, VKLTPLCVTLNCTNVTNNNTD-------------------------------------DMRGELKN----CSFNT-T-TN--LRN-TK-QKV-YALF-YKLDVVQTNNNQGNRSNNS------------------------------------------TTSYRLI---NCNTSTI-T---QA, 0.0461, 0
1.557415, -114.6204, 60, POINT, T, VKLTPLCVTLNCTNVTNNNTD-------------------------------------DMTGELKN----CSFNT-T-TN--LRN-KK-QKV-YALF-YKLDVVQTNNNQGNRSNNS------------------------------------------TTSYRLI---NCNTSTI-T---QA, 0.0461, 0
1.553482, -122.0139, 163, POINT, T, VKLTPLCVTLNCTNVTNNNTD-------------------------------------DMRGELKN----CSFNT-T-TN--LRN-KK-QKV-YALF-YKLDVVQTNNNQGNRSNNS------------------------------------------TTSYTLI---NCNTSTI-T---QA, 0.0604, 0
