Name base = V1V2_10000_sq_6_6_ni
Iters = 10000
Soft coverage = 1.31203964383
Energy = -128.717377515
Hard Covereage = 0.0368019545157
Num epitopes = 65
Initial seq = VKLTPLCVTLQCTNVTNNITD-------------------------------------DMRGELKN----CSFNM-T-TE--LRD-KK-QKV-YSLF-YRLDVVQINENQGNRSNNS------------------------------------------NKEYRLI---NCNTSAI-T---QA
-------START OF DATA------
1.328961, -128.3944, 10, POINT, I, VKLTPLCVTLICTNVTNNITD-------------------------------------DMRGELKN----CSFNM-T-TE--LRD-KK-QKV-YSLF-YRLDVVQINENQGNRSNNS------------------------------------------NKEYRLI---NCNTSAI-T---QA, 0.0000, 1, 0.036802
1.364087, -126.6125, [59, 60, 63], CHUNK, ['I', 'N', 'I'], VKLTPLCVTLICTNVTNNITD-------------------------------------DINGEIKN----CSFNM-T-TE--LRD-KK-QKV-YSLF-YRLDVVQINENQGNRSNNS------------------------------------------NKEYRLI---NCNTSAI-T---QA, 0.1032, 1, 0.036802
1.395272, -122.2004, [74], CHUNK, ['T'], VKLTPLCVTLICTNVTNNITD-------------------------------------DINGEIKN----CSFNT-T-TE--LRD-KK-QKV-YSLF-YRLDVVQINENQGNRSNNS------------------------------------------NKEYRLI---NCNTSAI-T---QA, 0.1032, 1, 0.040930
1.424651, -122.6925, 58, POINT, N, VKLTPLCVTLICTNVTNNITD-------------------------------------NINGEIKN----CSFNT-T-TE--LRD-KK-QKV-YSLF-YRLDVVQINENQGNRSNNS------------------------------------------NKEYRLI---NCNTSAI-T---QA, 0.1032, 1, 0.039803
1.422959, -75.1133, 163, POINT, I, VKLTPLCVTLICTNVTNNITD-------------------------------------NINGEIKN----CSFNT-T-TE--LRD-KK-QKV-YSLF-YRLDVVQINENQGNRSNNS------------------------------------------NKEYILI---NCNTSAI-T---QA, 1.0264, 1, 0.039803
1.450399, -24.1357, [79, 82], CHUNK, ['N', 'I'], VKLTPLCVTLICTNVTNNITD-------------------------------------NINGEIKN----CSFNT-T-TN--IRD-KK-QKV-YSLF-YRLDVVQINENQGNRSNNS------------------------------------------NKEYILI---NCNTSAI-T---QA, 1.3970, 1, 0.039803
1.459742, -40.3198, 93, POINT, N, VKLTPLCVTLICTNVTNNITD-------------------------------------NINGEIKN----CSFNT-T-TN--IRD-KK-QKV-NSLF-YRLDVVQINENQGNRSNNS------------------------------------------NKEYILI---NCNTSAI-T---QA, 1.5406, 1, 0.033343
1.465804, -44.7866, 99, POINT, K, VKLTPLCVTLICTNVTNNITD-------------------------------------NINGEIKN----CSFNT-T-TN--IRD-KK-QKV-NSLF-YKLDVVQINENQGNRSNNS------------------------------------------NKEYILI---NCNTSAI-T---QA, 1.5741, 1, 0.033343
1.474641, -48.3290, [102, 104, 106, 107], CHUNK, ['I', 'P', 'D', 'N'], VKLTPLCVTLICTNVTNNITD-------------------------------------NINGEIKN----CSFNT-T-TN--IRD-KK-QKV-NSLF-YKLDIVPIDNNQGNRSNNS------------------------------------------NKEYILI---NCNTSAI-T---QA, 2.0205, 1, 0.033917
1.485002, -49.2392, 160, POINT, S, VKLTPLCVTLICTNVTNNITD-------------------------------------NINGEIKN----CSFNT-T-TN--IRD-KK-QKV-NSLF-YKLDIVPIDNNQGNRSNNS------------------------------------------NSEYILI---NCNTSAI-T---QA, 1.9102, 1, 0.034833
1.483557, -27.4804, 61, POINT, E, VKLTPLCVTLICTNVTNNITD-------------------------------------NINEEIKN----CSFNT-T-TN--IRD-KK-QKV-NSLF-YKLDIVPIDNNQGNRSNNS------------------------------------------NSEYILI---NCNTSAI-T---QA, 1.4883, 1, 0.035379
1.515792, -28.5447, [10], CHUNK, ['N'], VKLTPLCVTLNCTNVTNNITD-------------------------------------NINEEIKN----CSFNT-T-TN--IRD-KK-QKV-NSLF-YKLDIVPIDNNQGNRSNNS------------------------------------------NSEYILI---NCNTSAI-T---QA, 1.4612, 1, 0.035379
1.517941, -34.2790, 91, POINT, E, VKLTPLCVTLNCTNVTNNITD-------------------------------------NINEEIKN----CSFNT-T-TN--IRD-KK-QKE-NSLF-YKLDIVPIDNNQGNRSNNS------------------------------------------NSEYILI---NCNTSAI-T---QA, 1.5817, 1, 0.058602
1.530400, -38.3458, 160, POINT, T, VKLTPLCVTLNCTNVTNNITD-------------------------------------NINEEIKN----CSFNT-T-TN--IRD-KK-QKE-NSLF-YKLDIVPIDNNQGNRSNNS------------------------------------------NTEYILI---NCNTSAI-T---QA, 1.6392, 1, 0.058602
1.529947, -38.2875, 182, POINT, S, VKLTPLCVTLNCTNVTNNITD-------------------------------------NINEEIKN----CSFNT-T-TN--IRD-KK-QKE-NSLF-YKLDIVPIDNNQGNRSNNS------------------------------------------NTEYILI---NCNTSAI-T---QS, 1.6392, 1, 0.058056
1.551529, -38.1653, 20, POINT, T, VKLTPLCVTLNCTNVTNNITT-------------------------------------NINEEIKN----CSFNT-T-TN--IRD-KK-QKE-NSLF-YKLDIVPIDNNQGNRSNNS------------------------------------------NTEYILI---NCNTSAI-T---QS, 1.6514, 1, 0.058056
1.551982, -38.1751, [182], CHUNK, ['A'], VKLTPLCVTLNCTNVTNNITT-------------------------------------NINEEIKN----CSFNT-T-TN--IRD-KK-QKE-NSLF-YKLDIVPIDNNQGNRSNNS------------------------------------------NTEYILI---NCNTSAI-T---QA, 1.6514, 1, 0.056751
1.542131, -38.0625, [91, 93, 94], CHUNK, ['V', 'Y', 'A'], VKLTPLCVTLNCTNVTNNITT-------------------------------------NINEEIKN----CSFNT-T-TN--IRD-KK-QKV-YALF-YKLDIVPIDNNQGNRSNNS------------------------------------------NTEYILI---NCNTSAI-T---QA, 1.6514, 1, 0.058056
1.546865, -38.4569, 91, POINT, E, VKLTPLCVTLNCTNVTNNITT-------------------------------------NINEEIKN----CSFNT-T-TN--IRD-KK-QKE-YALF-YKLDIVPIDNNQGNRSNNS------------------------------------------NTEYILI---NCNTSAI-T---QA, 1.7115, 1, 0.058056
1.554005, -38.7519, [174], CHUNK, ['V'], VKLTPLCVTLNCTNVTNNITT-------------------------------------NINEEIKN----CSFNT-T-TN--IRD-KK-QKE-YALF-YKLDIVPIDNNQGNRSNNS------------------------------------------NTEYILI---NCNTSVI-T---QA, 1.6129, 1, 0.058056
1.575687, -45.1262, [161, 163], CHUNK, ['S', 'R'], VKLTPLCVTLNCTNVTNNITT-------------------------------------NINEEIKN----CSFNT-T-TN--IRD-KK-QKE-YALF-YKLDIVPIDNNQGNRSNNS------------------------------------------NTSYRLI---NCNTSVI-T---QA, 1.6129, 1, 0.069527
1.584786, -47.9819, [89, 90], CHUNK, ['K', 'T'], VKLTPLCVTLNCTNVTNNITT-------------------------------------NINEEIKN----CSFNT-T-TN--IRD-KK-KTE-YALF-YKLDIVPIDNNQGNRSNNS------------------------------------------NTSYRLI---NCNTSVI-T---QA, 1.8964, 1, 0.075820
1.612545, -46.9658, 18, POINT, N, VKLTPLCVTLNCTNVTNNNTT-------------------------------------NINEEIKN----CSFNT-T-TN--IRD-KK-KTE-YALF-YKLDIVPIDNNQGNRSNNS------------------------------------------NTSYRLI---NCNTSVI-T---QA, 1.8964, 1, 0.072878
1.638120, -49.5336, [163, 165], CHUNK, ['T', 'T'], VKLTPLCVTLNCTNVTNNNTT-------------------------------------NINEEIKN----CSFNT-T-TN--IRD-KK-KTE-YALF-YKLDIVPIDNNQGNRSNNS------------------------------------------NTSYTLT---NCNTSVI-T---QA, 1.8964, 1, 0.072878
1.641667, -50.0272, 4, POINT, T, VKLTTLCVTLNCTNVTNNNTT-------------------------------------NINEEIKN----CSFNT-T-TN--IRD-KK-KTE-YALF-YKLDIVPIDNNQGNRSNNS------------------------------------------NTSYTLT---NCNTSVI-T---QA, 1.8964, 1, 0.062374
1.643845, -43.3726, 71, POINT, T, VKLTTLCVTLNCTNVTNNNTT-------------------------------------NINEEIKN----CTFNT-T-TN--IRD-KK-KTE-YALF-YKLDIVPIDNNQGNRSNNS------------------------------------------NTSYTLT---NCNTSVI-T---QA, 2.1227, 1, 0.016749
1.643884, -47.6068, [87, 90, 91], CHUNK, ['T', 'K', 'V'], VKLTTLCVTLNCTNVTNNNTT-------------------------------------NINEEIKN----CTFNT-T-TN--IRD-KT-KKV-YALF-YKLDIVPIDNNQGNRSNNS------------------------------------------NTSYTLT---NCNTSVI-T---QA, 2.1625, 1, 0.014554
1.652997, -49.0292, [99], CHUNK, ['T'], VKLTTLCVTLNCTNVTNNNTT-------------------------------------NINEEIKN----CTFNT-T-TN--IRD-KT-KKV-YALF-YTLDIVPIDNNQGNRSNNS------------------------------------------NTSYTLT---NCNTSVI-T---QA, 2.1010, 1, 0.013357
1.661623, -51.4322, 161, POINT, N, VKLTTLCVTLNCTNVTNNNTT-------------------------------------NINEEIKN----CTFNT-T-TN--IRD-KT-KKV-YALF-YTLDIVPIDNNQGNRSNNS------------------------------------------NTNYTLT---NCNTSVI-T---QA, 2.1482, 1, 0.009424
1.682852, -51.3087, 62, POINT, T, VKLTTLCVTLNCTNVTNNNTT-------------------------------------NINETIKN----CTFNT-T-TN--IRD-KT-KKV-YALF-YTLDIVPIDNNQGNRSNNS------------------------------------------NTNYTLT---NCNTSVI-T---QA, 2.1482, 1, 0.009424
1.688526, -50.6567, 91, POINT, E, VKLTTLCVTLNCTNVTNNNTT-------------------------------------NINETIKN----CTFNT-T-TN--IRD-KT-KKE-YALF-YTLDIVPIDNNQGNRSNNS------------------------------------------NTNYTLT---NCNTSVI-T---QA, 2.1482, 1, 0.009424
1.684978, -49.8334, [4], CHUNK, ['P'], VKLTPLCVTLNCTNVTNNNTT-------------------------------------NINETIKN----CTFNT-T-TN--IRD-KT-KKE-YALF-YTLDIVPIDNNQGNRSNNS------------------------------------------NTNYTLT---NCNTSVI-T---QA, 2.1482, 1, 0.010537
1.686592, -72.3562, 61, POINT, G, VKLTPLCVTLNCTNVTNNNTT-------------------------------------NINGTIKN----CTFNT-T-TN--IRD-KT-KKE-YALF-YTLDIVPIDNNQGNRSNNS------------------------------------------NTNYTLT---NCNTSVI-T---QA, 2.1482, 1, 0.010537
1.684805, -70.7198, [102, 104, 106, 107], CHUNK, ['V', 'K', 'N', 'G'], VKLTPLCVTLNCTNVTNNNTT-------------------------------------NINGTIKN----CTFNT-T-TN--IRD-KT-KKE-YALF-YTLDVVKINGNQGNRSNNS------------------------------------------NTNYTLT---NCNTSVI-T---QA, 2.1755, 1, 0.010537
1.695441, -68.7860, 98, POINT, N, VKLTPLCVTLNCTNVTNNNTT-------------------------------------NINGTIKN----CTFNT-T-TN--IRD-KT-KKE-YALF-NTLDVVKINGNQGNRSNNS------------------------------------------NTNYTLT---NCNTSVI-T---QA, 2.1546, 1, 0.010537
1.696399, -36.9292, 14, POINT, L, VKLTPLCVTLNCTNLTNNNTT-------------------------------------NINGTIKN----CTFNT-T-TN--IRD-KT-KKE-YALF-NTLDVVKINGNQGNRSNNS------------------------------------------NTNYTLT---NCNTSVI-T---QA, 2.4055, 1, 0.055050
1.697306, -39.2588, 60, POINT, T, VKLTPLCVTLNCTNLTNNNTT-------------------------------------NITGTIKN----CTFNT-T-TN--IRD-KT-KKE-YALF-NTLDVVKINGNQGNRSNNS------------------------------------------NTNYTLT---NCNTSVI-T---QA, 2.4950, 1, 0.055022
1.721864, -43.6065, 107, POINT, N, VKLTPLCVTLNCTNLTNNNTT-------------------------------------NITGTIKN----CTFNT-T-TN--IRD-KT-KKE-YALF-NTLDVVKINNNQGNRSNNS------------------------------------------NTNYTLT---NCNTSVI-T---QA, 2.2715, 1, 0.055022
1.711228, -45.0100, 98, POINT, Y, VKLTPLCVTLNCTNLTNNNTT-------------------------------------NITGTIKN----CTFNT-T-TN--IRD-KT-KKE-YALF-YTLDVVKINNNQGNRSNNS------------------------------------------NTNYTLT---NCNTSVI-T---QA, 2.2715, 1, 0.055022
1.719444, -45.6530, [174], CHUNK, ['T'], VKLTPLCVTLNCTNLTNNNTT-------------------------------------NITGTIKN----CTFNT-T-TN--IRD-KT-KKE-YALF-YTLDVVKINNNQGNRSNNS------------------------------------------NTNYTLT---NCNTSTI-T---QA, 2.3012, 1, 0.055022
1.732835, -45.0483, [64], CHUNK, ['T'], VKLTPLCVTLNCTNLTNNNTT-------------------------------------NITGTITN----CTFNT-T-TN--IRD-KT-KKE-YALF-YTLDVVKINNNQGNRSNNS------------------------------------------NTNYTLT---NCNTSTI-T---QA, 2.2772, 1, 0.055022
1.732522, -46.6488, 182, POINT, S, VKLTPLCVTLNCTNLTNNNTT-------------------------------------NITGTITN----CTFNT-T-TN--IRD-KT-KKE-YALF-YTLDVVKINNNQGNRSNNS------------------------------------------NTNYTLT---NCNTSTI-T---QS, 2.3286, 1, 0.051628
1.764055, -47.7316, 110, POINT, N, VKLTPLCVTLNCTNLTNNNTT-------------------------------------NITGTITN----CTFNT-T-TN--IRD-KT-KKE-YALF-YTLDVVKINNNQNNRSNNS------------------------------------------NTNYTLT---NCNTSTI-T---QS, 2.3007, 1, 0.051628
1.779836, -47.1692, [116], CHUNK, ['N'], VKLTPLCVTLNCTNLTNNNTT-------------------------------------NITGTITN----CTFNT-T-TN--IRD-KT-KKE-YALF-YTLDVVKINNNQNNRSNNN------------------------------------------NTNYTLT---NCNTSTI-T---QS, 2.3007, 1, 0.050351
1.761147, -46.1398, [103, 104], CHUNK, ['A', 'P'], VKLTPLCVTLNCTNLTNNNTT-------------------------------------NITGTITN----CTFNT-T-TN--IRD-KT-KKE-YALF-YTLDVAPINNNQNNRSNNN------------------------------------------NTNYTLT---NCNTSTI-T---QS, 2.3007, 1, 0.050351
1.761460, -46.2006, 182, POINT, A, VKLTPLCVTLNCTNLTNNNTT-------------------------------------NITGTITN----CTFNT-T-TN--IRD-KT-KKE-YALF-YTLDVAPINNNQNNRSNNN------------------------------------------NTNYTLT---NCNTSTI-T---QA, 2.3007, 1, 0.050351
1.765007, -47.2469, 4, POINT, T, VKLTTLCVTLNCTNLTNNNTT-------------------------------------NITGTITN----CTFNT-T-TN--IRD-KT-KKE-YALF-YTLDVAPINNNQNNRSNNN------------------------------------------NTNYTLT---NCNTSTI-T---QA, 2.3007, 1, 0.050351
1.773184, -49.1668, [99, 103], CHUNK, ['K', 'V'], VKLTTLCVTLNCTNLTNNNTT-------------------------------------NITGTITN----CTFNT-T-TN--IRD-KT-KKE-YALF-YKLDVVPINNNQNNRSNNN------------------------------------------NTNYTLT---NCNTSTI-T---QA, 2.3007, 1, 0.050351
1.768910, -48.9447, 15, POINT, N, VKLTTLCVTLNCTNLNNNNTT-------------------------------------NITGTITN----CTFNT-T-TN--IRD-KT-KKE-YALF-YKLDVVPINNNQNNRSNNN------------------------------------------NTNYTLT---NCNTSTI-T---QA, 2.3007, 1, 0.050351
1.781403, -48.3772, 103, POINT, T, VKLTTLCVTLNCTNLNNNNTT-------------------------------------NITGTITN----CTFNT-T-TN--IRD-KT-KKE-YALF-YKLDVTPINNNQNNRSNNN------------------------------------------NTNYTLT---NCNTSTI-T---QA, 2.3007, 1, 0.050351
1.788901, -48.0637, [102, 103, 104, 105], CHUNK, ['I', 'V', 'S', 'T'], VKLTTLCVTLNCTNLNNNNTT-------------------------------------NITGTITN----CTFNT-T-TN--IRD-KT-KKE-YALF-YKLDIVSTNNNQNNRSNNN------------------------------------------NTNYTLT---NCNTSTI-T---QA, 2.3007, 1, 0.010921
1.806560, -39.5250, [94, 98, 99], CHUNK, ['T', 'N', 'S'], VKLTTLCVTLNCTNLNNNNTT-------------------------------------NITGTITN----CTFNT-T-TN--IRD-KT-KKE-YTLF-NSLDIVSTNNNQNNRSNNN------------------------------------------NTNYTLT---NCNTSTI-T---QA, 2.3386, 1, 0.010993
1.806509, -41.8942, 83, POINT, K, VKLTTLCVTLNCTNLNNNNTT-------------------------------------NITGTITN----CTFNT-T-TN--IKD-KT-KKE-YTLF-NSLDIVSTNNNQNNRSNNN------------------------------------------NTNYTLT---NCNTSTI-T---QA, 2.4106, 1, 0.004549
1.798430, -42.9932, 94, POINT, S, VKLTTLCVTLNCTNLNNNNTT-------------------------------------NITGTITN----CTFNT-T-TN--IKD-KT-KKE-YSLF-NSLDIVSTNNNQNNRSNNN------------------------------------------NTNYTLT---NCNTSTI-T---QA, 2.4106, 1, 0.004549
1.812427, -44.2842, 93, POINT, N, VKLTTLCVTLNCTNLNNNNTT-------------------------------------NITGTITN----CTFNT-T-TN--IKD-KT-KKE-NSLF-NSLDIVSTNNNQNNRSNNN------------------------------------------NTNYTLT---NCNTSTI-T---QA, 2.6728, 1, 0.004549
1.828113, -43.8277, [111, 112, 113, 114, 115], CHUNK, ['S', 'N', 'N', 'S', 'S'], VKLTTLCVTLNCTNLNNNNTT-------------------------------------NITGTITN----CTFNT-T-TN--IKD-KT-KKE-NSLF-NSLDIVSTNNNQNSNNSSN------------------------------------------NTNYTLT---NCNTSTI-T---QA, 2.6525, 1, 0.004549
1.832072, -50.2019, [12, 13, 14], CHUNK, ['S', 'T', 'N'], VKLTTLCVTLNCSTNNNNNTT-------------------------------------NITGTITN----CTFNT-T-TN--IKD-KT-KKE-NSLF-NSLDIVSTNNNQNSNNSSN------------------------------------------NTNYTLT---NCNTSTI-T---QA, 2.6289, 1, 0.004549
1.815537, -50.4359, [98, 99, 100], CHUNK, ['Y', 'R', 'T'], VKLTTLCVTLNCSTNNNNNTT-------------------------------------NITGTITN----CTFNT-T-TN--IKD-KT-KKE-NSLF-YRTDIVSTNNNQNSNNSSN------------------------------------------NTNYTLT---NCNTSTI-T---QA, 2.6289, 1, 0.002303
1.815741, -51.4622, 102, POINT, V, VKLTTLCVTLNCSTNNNNNTT-------------------------------------NITGTITN----CTFNT-T-TN--IKD-KT-KKE-NSLF-YRTDVVSTNNNQNSNNSSN------------------------------------------NTNYTLT---NCNTSTI-T---QA, 2.7539, 1, 0.002303
1.812378, -55.5355, 20, POINT, N, VKLTTLCVTLNCSTNNNNNTN-------------------------------------NITGTITN----CTFNT-T-TN--IKD-KT-KKE-NSLF-YRTDVVSTNNNQNSNNSSN------------------------------------------NTNYTLT---NCNTSTI-T---QA, 2.6466, 1, 0.002303
1.801572, -56.5713, 59, POINT, E, VKLTTLCVTLNCSTNNNNNTN-------------------------------------NETGTITN----CTFNT-T-TN--IKD-KT-KKE-NSLF-YRTDVVSTNNNQNSNNSSN------------------------------------------NTNYTLT---NCNTSTI-T---QA, 2.6466, 1, 0.002303
1.797497, -56.9689, 1, POINT, S, VSLTTLCVTLNCSTNNNNNTN-------------------------------------NETGTITN----CTFNT-T-TN--IKD-KT-KKE-NSLF-YRTDVVSTNNNQNSNNSSN------------------------------------------NTNYTLT---NCNTSTI-T---QA, 2.4795, 1, 0.002303
1.792919, -56.2543, [4], CHUNK, ['P'], VSLTPLCVTLNCSTNNNNNTN-------------------------------------NETGTITN----CTFNT-T-TN--IKD-KT-KKE-NSLF-YRTDVVSTNNNQNSNNSSN------------------------------------------NTNYTLT---NCNTSTI-T---QA, 2.5276, 1, 0.002303
1.796402, -58.8866, [99, 100], CHUNK, ['K', 'L'], VSLTPLCVTLNCSTNNNNNTN-------------------------------------NETGTITN----CTFNT-T-TN--IKD-KT-KKE-NSLF-YKLDVVSTNNNQNSNNSSN------------------------------------------NTNYTLT---NCNTSTI-T---QA, 2.6202, 1, 0.002303
1.809187, -58.9117, [12], CHUNK, ['N'], VSLTPLCVTLNCNTNNNNNTN-------------------------------------NETGTITN----CTFNT-T-TN--IKD-KT-KKE-NSLF-YKLDVVSTNNNQNSNNSSN------------------------------------------NTNYTLT---NCNTSTI-T---QA, 2.6202, 1, 0.002303
1.804071, -60.2355, [99], CHUNK, ['R'], VSLTPLCVTLNCNTNNNNNTN-------------------------------------NETGTITN----CTFNT-T-TN--IKD-KT-KKE-NSLF-YRLDVVSTNNNQNSNNSSN------------------------------------------NTNYTLT---NCNTSTI-T---QA, 2.5577, 1, 0.002303
1.809187, -59.8944, [99], CHUNK, ['K'], VSLTPLCVTLNCNTNNNNNTN-------------------------------------NETGTITN----CTFNT-T-TN--IKD-KT-KKE-NSLF-YKLDVVSTNNNQNSNNSSN------------------------------------------NTNYTLT---NCNTSTI-T---QA, 2.5577, 1, 0.002303
1.800971, -61.6051, 174, POINT, V, VSLTPLCVTLNCNTNNNNNTN-------------------------------------NETGTITN----CTFNT-T-TN--IKD-KT-KKE-NSLF-YKLDVVSTNNNQNSNNSSN------------------------------------------NTNYTLT---NCNTSVI-T---QA, 2.5964, 1, 0.002303
1.811630, -58.8744, 98, POINT, N, VSLTPLCVTLNCNTNNNNNTN-------------------------------------NETGTITN----CTFNT-T-TN--IKD-KT-KKE-NSLF-NKLDVVSTNNNQNSNNSSN------------------------------------------NTNYTLT---NCNTSVI-T---QA, 2.5964, 1, 0.002303
1.825284, -60.8607, 91, POINT, T, VSLTPLCVTLNCNTNNNNNTN-------------------------------------NETGTITN----CTFNT-T-TN--IKD-KT-KKT-NSLF-NKLDVVSTNNNQNSNNSSN------------------------------------------NTNYTLT---NCNTSVI-T---QA, 2.6141, 1, 0.002303
------END OF DATA------
Best coverage = 1.83207175768
Best sequence = VKLTTLCVTLNCSTNNNNNTT-------------------------------------NITGTITN----CTFNT-T-TN--IKD-KT-KKE-NSLF-NSLDIVSTNNNQNSNNSSN------------------------------------------NTNYTLT---NCNTSTI-T---QA
Best energy = -50.2019134129
Best RMSD = 2.62885308266
Hard Covereage = 0.00230326324692
Num epitopes = 37
CTFNT-T-TN--TRN-KV-QKV-YALF-NTLDVVKINNNGGNGSNNT------------------------------------------NTSYTLT---NCNTSVI-T---QS, 1.2096, 1, 0.028598
1.715252, -75.6097, 83, POINT, K, VRLTTLCVTLNCTNVTNNNTT-------------------------------------NMTGTIKN----CTFNT-T-TN--TKN-KV-QKV-YALF-NTLDVVKINNNGGNGSNNT------------------------------------------NTSYTLT---NCNTSVI-T---QS, 1.2096, 1, 0.028598
------END OF DATA------
Best coverage = 1.74157501631
Best sequence = VRLTPLCVTLNCTNVTNNNTT-------------------------------------NGTGTIKN----CTFNT-T-TN--TRN-KK-KKN-YALF-NTLDVVPINNNGGNGSNNN------------------------------------------NTSYTLT---NCNTSTI-T---QA
Best energy = -76.0185256032
Best RMSD = 1.2391602993
Hard Covereage = 0.0285976840174
Num epitopes = 47
