Name base = V1V2_70_sq_6_7_ni
Iters = 70
Soft coverage = 1.31203964383
Energy = -131.813839669
Hard Covereage = 0.0368019545157
Num epitopes = 65
Initial seq = VKLTPLCVTLQCTNVTNNITD-------------------------------------DMRGELKN----CSFNM-T-TE--LRD-KK-QKV-YSLF-YRLDVVQINENQGNRSNNS------------------------------------------NKEYRLI---NCNTSAI-T---QA
-------START OF DATA------
1.361196, -131.7237, 10, POINT, N, VKLTPLCVTLNCTNVTNNITD-------------------------------------DMRGELKN----CSFNM-T-TE--LRD-KK-QKV-YSLF-YRLDVVQINENQGNRSNNS------------------------------------------NKEYRLI---NCNTSAI-T---QA, 0.0000, 1
1.378361, -93.1356, 74, POINT, I, VKLTPLCVTLNCTNVTNNITD-------------------------------------DMRGELKN----CSFNI-T-TE--LRD-KK-QKV-YSLF-YRLDVVQINENQGNRSNNS------------------------------------------NKEYRLI---NCNTSAI-T---QA, 0.3502, 0
1.384223, -131.1475, 160, POINT, T, VKLTPLCVTLNCTNVTNNITD-------------------------------------DMRGELKN----CSFNM-T-TE--LRD-KK-QKV-YSLF-YRLDVVQINENQGNRSNNS------------------------------------------NTEYRLI---NCNTSAI-T---QA, 0.0000, 1
1.427598, -25.2515, [74, 79, 82], CHUNK, ['V', 'N', 'I'], VKLTPLCVTLNCTNVTNNITD-------------------------------------DMRGELKN----CSFNV-T-TN--IRD-KK-QKV-YSLF-YRLDVVQINENQGNRSNNS------------------------------------------NTEYRLI---NCNTSAI-T---QA, 0.3286, 0
1.401662, -130.7588, [160, 161], CHUNK, ['N', 'S'], VKLTPLCVTLNCTNVTNNITD-------------------------------------DMRGELKN----CSFNM-T-TE--LRD-KK-QKV-YSLF-YRLDVVQINENQGNRSNNS------------------------------------------NNSYRLI---NCNTSAI-T---QA, 0.0000, 1
1.421083, -131.1470, 20, POINT, N, VKLTPLCVTLNCTNVTNNITN-------------------------------------DMRGELKN----CSFNM-T-TE--LRD-KK-QKV-YSLF-YRLDVVQINENQGNRSNNS------------------------------------------NNSYRLI---NCNTSAI-T---QA, 0.0000, 1
1.428096, -115.1032, 174, POINT, V, VKLTPLCVTLNCTNVTNNITN-------------------------------------DMRGELKN----CSFNM-T-TE--LRD-KK-QKV-YSLF-YRLDVVQINENQGNRSNNS------------------------------------------NNSYRLI---NCNTSVI-T---QA, 0.2872, 0
1.441191, -128.8093, 18, POINT, N, VKLTPLCVTLNCTNVTNNNTN-------------------------------------DMRGELKN----CSFNM-T-TE--LRD-KK-QKV-YSLF-YRLDVVQINENQGNRSNNS------------------------------------------NNSYRLI---NCNTSAI-T---QA, 0.0000, 0
1.444357, -131.2597, 107, POINT, N, VKLTPLCVTLNCTNVTNNITN-------------------------------------DMRGELKN----CSFNM-T-TE--LRD-KK-QKV-YSLF-YRLDVVQINNNQGNRSNNS------------------------------------------NNSYRLI---NCNTSAI-T---QA, 0.0000, 1
1.474496, -128.7900, [105, 107, 109, 110, 111], CHUNK, ['L', 'K', 'N', 'N', 'S'], VKLTPLCVTLNCTNVTNNITN-------------------------------------DMRGELKN----CSFNM-T-TE--LRD-KK-QKV-YSLF-YRLDVVQLNKNNNSRSNNS------------------------------------------NNSYRLI---NCNTSAI-T---QA, 0.0000, 1
1.491661, -67.2581, [74], CHUNK, ['I'], VKLTPLCVTLNCTNVTNNITN-------------------------------------DMRGELKN----CSFNI-T-TE--LRD-KK-QKV-YSLF-YRLDVVQLNKNNNSRSNNS------------------------------------------NNSYRLI---NCNTSAI-T---QA, 0.2956, 0
1.517297, -123.8097, [74, 79], CHUNK, ['T', 'S'], VKLTPLCVTLNCTNVTNNITN-------------------------------------DMRGELKN----CSFNT-T-TS--LRD-KK-QKV-YSLF-YRLDVVQLNKNNNSRSNNS------------------------------------------NNSYRLI---NCNTSAI-T---QA, 0.0350, 0
1.513699, -79.6354, [74, 79], CHUNK, ['I', 'N'], VKLTPLCVTLNCTNVTNNITN-------------------------------------DMRGELKN----CSFNI-T-TN--LRD-KK-QKV-YSLF-YRLDVVQLNKNNNSRSNNS------------------------------------------NNSYRLI---NCNTSAI-T---QA, 0.5327, 0
1.504483, 3.7008, [74, 79, 82], CHUNK, ['V', 'S', 'I'], VKLTPLCVTLNCTNVTNNITN-------------------------------------DMRGELKN----CSFNV-T-TS--IRD-KK-QKV-YSLF-YRLDVVQLNKNNNSRSNNS------------------------------------------NNSYRLI---NCNTSAI-T---QA, 0.2045, 0
1.461522, -89.2581, [74], CHUNK, ['I'], VKLTPLCVTLNCTNVTNNITN-------------------------------------DMRGELKN----CSFNI-T-TE--LRD-KK-QKV-YSLF-YRLDVVQINNNQGNRSNNS------------------------------------------NNSYRLI---NCNTSAI-T---QA, 0.5157, 0
1.471777, -74.4417, [74, 79], CHUNK, ['I', 'S'], VKLTPLCVTLNCTNVTNNITN-------------------------------------DMRGELKN----CSFNI-T-TS--LRD-KK-QKV-YSLF-YRLDVVQINNNQGNRSNNS------------------------------------------NNSYRLI---NCNTSAI-T---QA, 0.3343, 0
1.459059, -129.2684, 174, POINT, T, VKLTPLCVTLNCTNVTNNITN-------------------------------------DMRGELKN----CSFNM-T-TE--LRD-KK-QKV-YSLF-YRLDVVQINNNQGNRSNNS------------------------------------------NNSYRLI---NCNTSTI-T---QA, 0.0000, 1
1.476224, -63.7395, [74], CHUNK, ['I'], VKLTPLCVTLNCTNVTNNITN-------------------------------------DMRGELKN----CSFNI-T-TE--LRD-KK-QKV-YSLF-YRLDVVQINNNQGNRSNNS------------------------------------------NNSYRLI---NCNTSTI-T---QA, 0.4136, 0
1.490781, -124.9568, [74], CHUNK, ['T'], VKLTPLCVTLNCTNVTNNITN-------------------------------------DMRGELKN----CSFNT-T-TE--LRD-KK-QKV-YSLF-YRLDVVQINNNQGNRSNNS------------------------------------------NNSYRLI---NCNTSTI-T---QA, 0.0000, 0
1.476224, -103.2992, [74], CHUNK, ['I'], VKLTPLCVTLNCTNVTNNITN-------------------------------------DMRGELKN----CSFNI-T-TE--LRD-KK-QKV-YSLF-YRLDVVQINNNQGNRSNNS------------------------------------------NNSYRLI---NCNTSTI-T---QA, 0.2585, 0
1.475902, -128.3869, [99, 101, 104], CHUNK, ['K', 'N', 'P'], VKLTPLCVTLNCTNVTNNITN-------------------------------------DMRGELKN----CSFNM-T-TE--LRD-KK-QKV-YSLF-YKLNVVPINNNQGNRSNNS------------------------------------------NNSYRLI---NCNTSTI-T---QA, 0.0068, 0
1.464466, -128.9221, 18, POINT, N, VKLTPLCVTLNCTNVTNNNTN-------------------------------------DMRGELKN----CSFNM-T-TE--LRD-KK-QKV-YSLF-YRLDVVQINNNQGNRSNNS------------------------------------------NNSYRLI---NCNTSAI-T---QA, 0.0000, 1
1.471950, -128.6645, 89, POINT, K, VKLTPLCVTLNCTNVTNNNTN-------------------------------------DMRGELKN----CSFNM-T-TE--LRD-KK-KKV-YSLF-YRLDVVQINNNQGNRSNNS------------------------------------------NNSYRLI---NCNTSAI-T---QA, 0.0000, 1
1.496635, -54.3611, [79, 82], CHUNK, ['N', 'I'], VKLTPLCVTLNCTNVTNNNTN-------------------------------------DMRGELKN----CSFNM-T-TN--IRD-KK-KKV-YSLF-YRLDVVQINNNQGNRSNNS------------------------------------------NNSYRLI---NCNTSAI-T---QA, 0.2138, 0
1.504475, -90.6227, [59, 60, 61, 63, 64], CHUNK, ['N', 'K', 'E', 'I', 'I'], VKLTPLCVTLNCTNVTNNNTN-------------------------------------DNKEEIIN----CSFNM-T-TE--LRD-KK-KKV-YSLF-YRLDVVQINNNQGNRSNNS------------------------------------------NNSYRLI---NCNTSAI-T---QA, 0.0988, 0
1.492438, -128.9348, 14, POINT, T, VKLTPLCVTLNCTNTTNNNTN-------------------------------------DMRGELKN----CSFNM-T-TE--LRD-KK-KKV-YSLF-YRLDVVQINNNQGNRSNNS------------------------------------------NNSYRLI---NCNTSAI-T---QA, 0.0000, 1
1.524161, -125.0751, 74, POINT, T, VKLTPLCVTLNCTNTTNNNTN-------------------------------------DMRGELKN----CSFNT-T-TE--LRD-KK-KKV-YSLF-YRLDVVQINNNQGNRSNNS------------------------------------------NNSYRLI---NCNTSAI-T---QA, 0.0279, 0
1.499020, -127.3524, 99, POINT, K, VKLTPLCVTLNCTNTTNNNTN-------------------------------------DMRGELKN----CSFNM-T-TE--LRD-KK-KKV-YSLF-YKLDVVQINNNQGNRSNNS------------------------------------------NNSYRLI---NCNTSAI-T---QA, 0.0423, 1
1.509051, -124.7713, 60, POINT, S, VKLTPLCVTLNCTNTTNNNTN-------------------------------------DMSGELKN----CSFNM-T-TE--LRD-KK-KKV-YSLF-YKLDVVQINNNQGNRSNNS------------------------------------------NNSYRLI---NCNTSAI-T---QA, 0.0423, 1
1.521175, -124.2628, 103, POINT, T, VKLTPLCVTLNCTNTTNNNTN-------------------------------------DMSGELKN----CSFNM-T-TE--LRD-KK-KKV-YSLF-YKLDVTQINNNQGNRSNNS------------------------------------------NNSYRLI---NCNTSAI-T---QA, 0.0423, 1
1.535876, -121.8039, [174], CHUNK, ['T'], VKLTPLCVTLNCTNTTNNNTN-------------------------------------DMSGELKN----CSFNM-T-TE--LRD-KK-KKV-YSLF-YKLDVTQINNNQGNRSNNS------------------------------------------NNSYRLI---NCNTSTI-T---QA, 0.0423, 1
1.551607, -106.9196, 74, POINT, V, VKLTPLCVTLNCTNTTNNNTN-------------------------------------DMSGELKN----CSFNV-T-TE--LRD-KK-KKV-YSLF-YKLDVTQINNNQGNRSNNS------------------------------------------NNSYRLI---NCNTSTI-T---QA, 0.1817, 0
1.549441, -106.9739, [74, 79], CHUNK, ['V', 'D'], VKLTPLCVTLNCTNTTNNNTN-------------------------------------DMSGELKN----CSFNV-T-TD--LRD-KK-KKV-YSLF-YKLDVTQINNNQGNRSNNS------------------------------------------NNSYRLI---NCNTSTI-T---QA, 0.1268, 0
1.541950, -119.1157, 84, POINT, T, VKLTPLCVTLNCTNTTNNNTN-------------------------------------DMSGELKN----CSFNM-T-TE--LRT-KK-KKV-YSLF-YKLDVTQINNNQGNRSNNS------------------------------------------NNSYRLI---NCNTSTI-T---QA, 0.0423, 0
1.567599, -117.3607, [74], CHUNK, ['T'], VKLTPLCVTLNCTNTTNNNTN-------------------------------------DMSGELKN----CSFNT-T-TE--LRD-KK-KKV-YSLF-YKLDVTQINNNQGNRSNNS------------------------------------------NNSYRLI---NCNTSTI-T---QA, 0.0423, 1
1.572240, -12.1640, [82], CHUNK, ['I'], VKLTPLCVTLNCTNTTNNNTN-------------------------------------DMSGELKN----CSFNT-T-TE--IRD-KK-KKV-YSLF-YKLDVTQINNNQGNRSNNS------------------------------------------NNSYRLI---NCNTSTI-T---QA, 0.2533, 0
1.577111, -114.6767, 98, POINT, N, VKLTPLCVTLNCTNTTNNNTN-------------------------------------DMSGELKN----CSFNT-T-TE--LRD-KK-KKV-YSLF-NKLDVTQINNNQGNRSNNS------------------------------------------NNSYRLI---NCNTSTI-T---QA, 0.0423, 0
1.574311, -107.2148, [74, 79], CHUNK, ['I', 'N'], VKLTPLCVTLNCTNTTNNNTN-------------------------------------DMSGELKN----CSFNI-T-TN--LRD-KK-KKV-YSLF-YKLDVTQINNNQGNRSNNS------------------------------------------NNSYRLI---NCNTSTI-T---QA, 0.1999, 0
1.582291, -4.2714, [79, 82], CHUNK, ['S', 'I'], VKLTPLCVTLNCTNTTNNNTN-------------------------------------DMSGELKN----CSFNT-T-TS--IRD-KK-KKV-YSLF-YKLDVTQINNNQGNRSNNS------------------------------------------NNSYRLI---NCNTSTI-T---QA, 0.2853, 0
1.553042, -81.6162, [74], CHUNK, ['I'], VKLTPLCVTLNCTNTTNNNTN-------------------------------------DMSGELKN----CSFNI-T-TE--LRD-KK-KKV-YSLF-YKLDVTQINNNQGNRSNNS------------------------------------------NNSYRLI---NCNTSTI-T---QA, 0.2752, 0
1.537151, -121.2911, 104, POINT, A, VKLTPLCVTLNCTNTTNNNTN-------------------------------------DMSGELKN----CSFNM-T-TE--LRD-KK-KKV-YSLF-YKLDVTAINNNQGNRSNNS------------------------------------------NNSYRLI---NCNTSTI-T---QA, 0.0423, 0
1.562989, -79.6749, [74, 79], CHUNK, ['I', 'S'], VKLTPLCVTLNCTNTTNNNTN-------------------------------------DMSGELKN----CSFNI-T-TS--LRD-KK-KKV-YSLF-YKLDVTQINNNQGNRSNNS------------------------------------------NNSYRLI---NCNTSTI-T---QA, 0.4931, 0
1.569200, -75.9491, [74, 79], CHUNK, ['I', 'T'], VKLTPLCVTLNCTNTTNNNTN-------------------------------------DMSGELKN----CSFNI-T-TT--LRD-KK-KKV-YSLF-YKLDVTQINNNQGNRSNNS------------------------------------------NNSYRLI---NCNTSTI-T---QA, 0.3141, 0
1.538118, -4.3642, [82, 83, 84], CHUNK, ['I', 'S', 'N'], VKLTPLCVTLNCTNTTNNNTN-------------------------------------DMSGELKN----CSFNM-T-TE--ISN-KK-KKV-YSLF-YKLDVTQINNNQGNRSNNS------------------------------------------NNSYRLI---NCNTSAI-T---QA, 0.1615, 0
1.558281, -5.4938, [79, 82, 83, 84], CHUNK, ['N', 'I', 'K', 'N'], VKLTPLCVTLNCTNTTNNNTN-------------------------------------DMSGELKN----CSFNM-T-TN--IKN-KK-KKV-YSLF-YKLDVTQINNNQGNRSNNS------------------------------------------NNSYRLI---NCNTSAI-T---QA, 0.1238, 0
1.552898, -119.8195, [74], CHUNK, ['T'], VKLTPLCVTLNCTNTTNNNTN-------------------------------------DMSGELKN----CSFNT-T-TE--LRD-KK-KKV-YSLF-YKLDVTQINNNQGNRSNNS------------------------------------------NNSYRLI---NCNTSAI-T---QA, 0.0423, 0
1.528361, -121.6502, 14, POINT, N, VKLTPLCVTLNCTNNTNNNTN-------------------------------------DMSGELKN----CSFNM-T-TE--LRD-KK-KKV-YSLF-YKLDVTQINNNQGNRSNNS------------------------------------------NNSYRLI---NCNTSAI-T---QA, 0.0423, 0
1.524782, -108.5356, [74], CHUNK, ['V'], VKLTPLCVTLNCTNTTNNNTN-------------------------------------DMSGELKN----CSFNV-T-TE--LRD-KK-KKV-YSLF-YKLDVVQINNNQGNRSNNS------------------------------------------NNSYRLI---NCNTSAI-T---QA, 0.1869, 0
1.533735, -11.2384, [79, 82], CHUNK, ['N', 'I'], VKLTPLCVTLNCTNTTNNNTN-------------------------------------DMSGELKN----CSFNM-T-TN--IRD-KK-KKV-YSLF-YKLDVVQINNNQGNRSNNS------------------------------------------NNSYRLI---NCNTSAI-T---QA, 0.2877, 0
1.526216, -82.0000, [74], CHUNK, ['I'], VKLTPLCVTLNCTNTTNNNTN-------------------------------------DMSGELKN----CSFNI-T-TE--LRD-KK-KKV-YSLF-YKLDVVQINNNQGNRSNNS------------------------------------------NNSYRLI---NCNTSAI-T---QA, 0.4433, 0
1.540773, -120.3451, [74], CHUNK, ['T'], VKLTPLCVTLNCTNTTNNNTN-------------------------------------DMSGELKN----CSFNT-T-TE--LRD-KK-KKV-YSLF-YKLDVVQINNNQGNRSNNS------------------------------------------NNSYRLI---NCNTSAI-T---QA, 0.0379, 0
1.510155, -127.4754, 99, POINT, T, VKLTPLCVTLNCTNTTNNNTN-------------------------------------DMRGELKN----CSFNM-T-TE--LRD-KK-KKV-YSLF-YTLDVVQINNNQGNRSNNS------------------------------------------NNSYRLI---NCNTSAI-T---QA, 0.0423, 1
1.535556, 23.0510, [74, 78, 79, 82], CHUNK, ['I', 'S', 'N', 'I'], VKLTPLCVTLNCTNTTNNNTN-------------------------------------DMRGELKN----CSFNI-T-SN--IRD-KK-KKV-YSLF-YTLDVVQINNNQGNRSNNS------------------------------------------NNSYRLI---NCNTSAI-T---QA, 0.6359, 0
1.542415, -108.0765, [74, 79], CHUNK, ['V', 'T'], VKLTPLCVTLNCTNTTNNNTN-------------------------------------DMRGELKN----CSFNV-T-TT--LRD-KK-KKV-YSLF-YTLDVVQINNNQGNRSNNS------------------------------------------NNSYRLI---NCNTSAI-T---QA, 0.1693, 1
1.546951, -109.7939, [63], CHUNK, ['I'], VKLTPLCVTLNCTNTTNNNTN-------------------------------------DMRGEIKN----CSFNV-T-TT--LRD-KK-KKV-YSLF-YTLDVVQINNNQGNRSNNS------------------------------------------NNSYRLI---NCNTSAI-T---QA, 0.2472, 0
1.551879, -72.5578, [60, 61, 63], CHUNK, ['K', 'E', 'I'], VKLTPLCVTLNCTNTTNNNTN-------------------------------------DMKEEIKN----CSFNV-T-TT--LRD-KK-KKV-YSLF-YTLDVVQINNNQGNRSNNS------------------------------------------NNSYRLI---NCNTSAI-T---QA, 0.1492, 0
1.549428, -96.9635, [174], CHUNK, ['V'], VKLTPLCVTLNCTNTTNNNTN-------------------------------------DMRGELKN----CSFNV-T-TT--LRD-KK-KKV-YSLF-YTLDVVQINNNQGNRSNNS------------------------------------------NNSYRLI---NCNTSVI-T---QA, 0.3808, 0
1.552171, -108.6629, 59, POINT, L, VKLTPLCVTLNCTNTTNNNTN-------------------------------------DLRGELKN----CSFNV-T-TT--LRD-KK-KKV-YSLF-YTLDVVQINNNQGNRSNNS------------------------------------------NNSYRLI---NCNTSAI-T---QA, 0.1693, 0
1.513703, -127.4274, 4, POINT, T, VKLTTLCVTLNCTNTTNNNTN-------------------------------------DMRGELKN----CSFNM-T-TE--LRD-KK-KKV-YSLF-YTLDVVQINNNQGNRSNNS------------------------------------------NNSYRLI---NCNTSAI-T---QA, 0.0423, 0
1.518854, -125.4474, 165, POINT, T, VKLTPLCVTLNCTNTTNNNTN-------------------------------------DMRGELKN----CSFNM-T-TE--LRD-KK-KKV-YSLF-YTLDVVQINNNQGNRSNNS------------------------------------------NNSYRLT---NCNTSAI-T---QA, 0.0423, 1
1.544894, -125.7935, 58, POINT, N, VKLTPLCVTLNCTNTTNNNTN-------------------------------------NMRGELKN----CSFNM-T-TE--LRD-KK-KKV-YSLF-YTLDVVQINNNQGNRSNNS------------------------------------------NNSYRLT---NCNTSAI-T---QA, 0.0423, 0
1.555374, -107.7767, [74, 79], CHUNK, ['V', 'N'], VKLTPLCVTLNCTNTTNNNTN-------------------------------------DMRGELKN----CSFNV-T-TN--LRD-KK-KKV-YSLF-YTLDVVQINNNQGNRSNNS------------------------------------------NNSYRLT---NCNTSAI-T---QA, 0.1232, 0
1.521586, -123.9925, 91, POINT, E, VKLTPLCVTLNCTNTTNNNTN-------------------------------------DMRGELKN----CSFNM-T-TE--LRD-KK-KKE-YSLF-YTLDVVQINNNQGNRSNNS------------------------------------------NNSYRLT---NCNTSAI-T---QA, 0.0423, 0
1.523703, -125.8082, 18, POINT, T, VKLTPLCVTLNCTNTTNNTTN-------------------------------------DMRGELKN----CSFNM-T-TE--LRD-KK-KKV-YSLF-YTLDVVQINNNQGNRSNNS------------------------------------------NNSYRLT---NCNTSAI-T---QA, 0.0423, 1
1.537337, -9.5670, [79, 82], CHUNK, ['S', 'I'], VKLTPLCVTLNCTNTTNNTTN-------------------------------------DMRGELKN----CSFNM-T-TS--IRD-KK-KKV-YSLF-YTLDVVQINNNQGNRSNNS------------------------------------------NNSYRLT---NCNTSAI-T---QA, 0.3277, 0
1.529354, -123.3796, 60, POINT, K, VKLTPLCVTLNCTNTTNNTTN-------------------------------------DMKGELKN----CSFNM-T-TE--LRD-KK-KKV-YSLF-YTLDVVQINNNQGNRSNNS------------------------------------------NNSYRLT---NCNTSAI-T---QA, 0.0423, 1
1.550201, -123.0906, 59, POINT, S, VKLTPLCVTLNCTNTTNNTTN-------------------------------------DSKGELKN----CSFNM-T-TE--LRD-KK-KKV-YSLF-YTLDVVQINNNQGNRSNNS------------------------------------------NNSYRLT---NCNTSAI-T---QA, 0.0423, 0
1.540617, -91.0953, [58, 59, 60, 61, 63], CHUNK, ['M', 'Q', 'N', 'E', 'I'], VKLTPLCVTLNCTNTTNNTTN-------------------------------------MQNEEIKN----CSFNM-T-TE--LRD-KK-KKV-YSLF-YTLDVVQINNNQGNRSNNS------------------------------------------NNSYRLT---NCNTSAI-T---QA, 0.0467, 0
1.576509, -119.0028, [59, 60, 63], CHUNK, ['S', 'T', 'I'], VKLTPLCVTLNCTNTTNNTTN-------------------------------------DSTGEIKN----CSFNM-T-TE--LRD-KK-KKV-YSLF-YTLDVVQINNNQGNRSNNS------------------------------------------NNSYRLT---NCNTSAI-T---QA, 0.0644, 1
1.607694, -114.5659, [74], CHUNK, ['T'], VKLTPLCVTLNCTNTTNNTTN-------------------------------------DSTGEIKN----CSFNT-T-TE--LRD-KK-KKV-YSLF-YTLDVVQINNNQGNRSNNS------------------------------------------NNSYRLT---NCNTSAI-T---QA, 0.0644, 0
------END OF DATA------
Best coverage = 1.57650887204
Best sequence = VKLTPLCVTLNCTNTTNNTTN-------------------------------------DSTGEIKN----CSFNM-T-TE--LRD-KK-KKV-YSLF-YTLDVVQINNNQGNRSNNS------------------------------------------NNSYRLT---NCNTSAI-T---QA
Best energy = -119.002844221
Best RMSD = 0.0644194185734
Hard Covereage = 0.0575749328015
Num epitopes = 66
