Name base = V1V2_200_exp_9_7_ni
Iters = 200
Soft coverage = 0.284621885725
Energy = -130.423834124
Hard Covereage = 0.0368019545157
Num epitopes = 65
Initial seq = VKLTPLCVTLQCTNVTNNITD-------------------------------------DMRGELKN----CSFNM-T-TE--LRD-KK-QKV-YSLF-YRLDVVQINENQGNRSNNS------------------------------------------NKEYRLI---NCNTSAI-T---QA
-------START OF DATA------
0.299808, -128.8092, [94, 99], CHUNK, ['A', 'K'], VKLTPLCVTLQCTNVTNNITD-------------------------------------DMRGELKN----CSFNM-T-TE--LRD-KK-QKV-YALF-YKLDVVQINENQGNRSNNS------------------------------------------NKEYRLI---NCNTSAI-T---QA, 0.0000, 0
0.308289, -130.4560, [10], CHUNK, ['N'], VKLTPLCVTLNCTNVTNNITD-------------------------------------DMRGELKN----CSFNM-T-TE--LRD-KK-QKV-YSLF-YRLDVVQINENQGNRSNNS------------------------------------------NKEYRLI---NCNTSAI-T---QA, 0.0649, 1
0.309961, -11.4458, 82, POINT, I, VKLTPLCVTLNCTNVTNNITD-------------------------------------DMRGELKN----CSFNM-T-TE--IRD-KK-QKV-YSLF-YRLDVVQINENQGNRSNNS------------------------------------------NKEYRLI---NCNTSAI-T---QA, 0.1275, 0
0.318261, -89.3403, [74], CHUNK, ['I'], VKLTPLCVTLNCTNVTNNITD-------------------------------------DMRGELKN----CSFNI-T-TE--LRD-KK-QKV-YSLF-YRLDVVQINENQGNRSNNS------------------------------------------NKEYRLI---NCNTSAI-T---QA, 0.3893, 0
0.311001, -129.5839, 160, POINT, S, VKLTPLCVTLNCTNVTNNITD-------------------------------------DMRGELKN----CSFNM-T-TE--LRD-KK-QKV-YSLF-YRLDVVQINENQGNRSNNS------------------------------------------NSEYRLI---NCNTSAI-T---QA, 0.0649, 1
0.313305, -127.7301, 63, POINT, M, VKLTPLCVTLNCTNVTNNITD-------------------------------------DMRGEMKN----CSFNM-T-TE--LRD-KK-QKV-YSLF-YRLDVVQINENQGNRSNNS------------------------------------------NSEYRLI---NCNTSAI-T---QA, 0.0663, 1
0.320587, -103.5250, [174], CHUNK, ['V'], VKLTPLCVTLNCTNVTNNITD-------------------------------------DMRGEMKN----CSFNM-T-TE--LRD-KK-QKV-YSLF-YRLDVVQINENQGNRSNNS------------------------------------------NSEYRLI---NCNTSVI-T---QA, 0.2311, 0
0.318272, -127.8066, 63, POINT, I, VKLTPLCVTLNCTNVTNNITD-------------------------------------DMRGEIKN----CSFNM-T-TE--LRD-KK-QKV-YSLF-YRLDVVQINENQGNRSNNS------------------------------------------NSEYRLI---NCNTSAI-T---QA, 0.0663, 1
0.329665, -101.6945, 74, POINT, I, VKLTPLCVTLNCTNVTNNITD-------------------------------------DMRGEIKN----CSFNI-T-TE--LRD-KK-QKV-YSLF-YRLDVVQINENQGNRSNNS------------------------------------------NSEYRLI---NCNTSAI-T---QA, 0.1885, 0
0.333457, -126.1735, [94, 99], CHUNK, ['A', 'K'], VKLTPLCVTLNCTNVTNNITD-------------------------------------DMRGEIKN----CSFNM-T-TE--LRD-KK-QKV-YALF-YKLDVVQINENQGNRSNNS------------------------------------------NSEYRLI---NCNTSAI-T---QA, 0.0663, 1
0.340740, -108.7180, [174], CHUNK, ['V'], VKLTPLCVTLNCTNVTNNITD-------------------------------------DMRGEIKN----CSFNM-T-TE--LRD-KK-QKV-YALF-YKLDVVQINENQGNRSNNS------------------------------------------NSEYRLI---NCNTSVI-T---QA, 0.2919, 0
0.344850, -80.9899, [74], CHUNK, ['I'], VKLTPLCVTLNCTNVTNNITD-------------------------------------DMRGEIKN----CSFNI-T-TE--LRD-KK-QKV-YALF-YKLDVVQINENQGNRSNNS------------------------------------------NSEYRLI---NCNTSAI-T---QA, 0.5195, 0
0.340819, -125.8217, [104, 106, 107, 108, 109, 110, 111, 112], CHUNK, ['P', 'D', 'N', 'D', 'D', 'N', 'A', 'G'], VKLTPLCVTLNCTNVTNNITD-------------------------------------DMRGEIKN----CSFNM-T-TE--LRD-KK-QKV-YALF-YKLDVVPIDNDDNAGSNNS------------------------------------------NSEYRLI---NCNTSAI-T---QA, 0.0663, 1
0.342988, -123.5672, 174, POINT, T, VKLTPLCVTLNCTNVTNNITD-------------------------------------DMRGEIKN----CSFNM-T-TE--LRD-KK-QKV-YALF-YKLDVVPIDNDDNAGSNNS------------------------------------------NSEYRLI---NCNTSTI-T---QA, 0.0663, 0
0.355510, -0.7361, [74, 82], CHUNK, ['I', 'I'], VKLTPLCVTLNCTNVTNNITD-------------------------------------DMRGEIKN----CSFNI-T-TE--IRD-KK-QKV-YALF-YKLDVVPIDNDDNAGSNNS------------------------------------------NSEYRLI---NCNTSAI-T---QA, 0.5548, 0
0.346991, -102.1640, [169, 174], CHUNK, ['S', 'V'], VKLTPLCVTLNCTNVTNNITD-------------------------------------DMRGEIKN----CSFNM-T-TE--LRD-KK-QKV-YALF-YKLDVVPIDNDDNAGSNNS------------------------------------------NSEYRLI---SCNTSVI-T---QA, 0.3590, 0
0.341039, -126.0862, 160, POINT, N, VKLTPLCVTLNCTNVTNNITD-------------------------------------DMRGEIKN----CSFNM-T-TE--LRD-KK-QKV-YALF-YKLDVVPIDNDDNAGSNNS------------------------------------------NNEYRLI---NCNTSAI-T---QA, 0.0689, 1
0.342951, -121.4820, 60, POINT, T, VKLTPLCVTLNCTNVTNNITD-------------------------------------DMTGEIKN----CSFNM-T-TE--LRD-KK-QKV-YALF-YKLDVVPIDNDDNAGSNNS------------------------------------------NNEYRLI---NCNTSAI-T---QA, 0.0763, 0
0.349658, -125.8374, [160, 161], CHUNK, ['T', 'S'], VKLTPLCVTLNCTNVTNNITD-------------------------------------DMRGEIKN----CSFNM-T-TE--LRD-KK-QKV-YALF-YKLDVVPIDNDDNAGSNNS------------------------------------------NTSYRLI---NCNTSAI-T---QA, 0.0689, 0
0.342822, -123.8991, 60, POINT, K, VKLTPLCVTLNCTNVTNNITD-------------------------------------DMKGEIKN----CSFNM-T-TE--LRD-KK-QKV-YALF-YKLDVVPIDNDDNAGSNNS------------------------------------------NNEYRLI---NCNTSAI-T---QA, 0.0689, 0
0.348322, -104.1629, [174], CHUNK, ['V'], VKLTPLCVTLNCTNVTNNITD-------------------------------------DMRGEIKN----CSFNM-T-TE--LRD-KK-QKV-YALF-YKLDVVPIDNDDNAGSNNS------------------------------------------NNEYRLI---NCNTSVI-T---QA, 0.3966, 0
0.348101, -107.3521, [174], CHUNK, ['V'], VKLTPLCVTLNCTNVTNNITD-------------------------------------DMRGEIKN----CSFNM-T-TE--LRD-KK-QKV-YALF-YKLDVVPIDNDDNAGSNNS------------------------------------------NSEYRLI---NCNTSVI-T---QA, 0.2779, 0
0.348101, -106.1271, [174], CHUNK, ['V'], VKLTPLCVTLNCTNVTNNITD-------------------------------------DMRGEIKN----CSFNM-T-TE--LRD-KK-QKV-YALF-YKLDVVPIDNDDNAGSNNS------------------------------------------NSEYRLI---NCNTSVI-T---QA, 0.3035, 0
0.343163, -126.2096, 20, POINT, N, VKLTPLCVTLNCTNVTNNITN-------------------------------------DMRGEIKN----CSFNM-T-TE--LRD-KK-QKV-YALF-YKLDVVPIDNDDNAGSNNS------------------------------------------NSEYRLI---NCNTSAI-T---QA, 0.0663, 0
0.352211, -95.0861, [74], CHUNK, ['I'], VKLTPLCVTLNCTNVTNNITD-------------------------------------DMRGEIKN----CSFNI-T-TE--LRD-KK-QKV-YALF-YKLDVVPIDNDDNAGSNNS------------------------------------------NSEYRLI---NCNTSAI-T---QA, 0.3564, 0
0.342852, -126.3512, [160, 161], CHUNK, ['T', 'S'], VKLTPLCVTLNCTNVTNNITD-------------------------------------DMRGEIKN----CSFNM-T-TE--LRD-KK-QKV-YALF-YKLDVVQINENQGNRSNNS------------------------------------------NTSYRLI---NCNTSAI-T---QA, 0.0649, 1
0.346463, -126.4595, 107, POINT, N, VKLTPLCVTLNCTNVTNNITD-------------------------------------DMRGEIKN----CSFNM-T-TE--LRD-KK-QKV-YALF-YKLDVVQINNNQGNRSNNS------------------------------------------NTSYRLI---NCNTSAI-T---QA, 0.0649, 0
0.347275, -126.5458, 104, POINT, P, VKLTPLCVTLNCTNVTNNITD-------------------------------------DMRGEIKN----CSFNM-T-TE--LRD-KK-QKV-YALF-YKLDVVPINENQGNRSNNS------------------------------------------NTSYRLI---NCNTSAI-T---QA, 0.0649, 1
0.348408, -126.8229, 16, POINT, T, VKLTPLCVTLNCTNVTTNITD-------------------------------------DMRGEIKN----CSFNM-T-TE--LRD-KK-QKV-YALF-YKLDVVPINENQGNRSNNS------------------------------------------NTSYRLI---NCNTSAI-T---QA, 0.0633, 0
0.349685, -125.6613, 59, POINT, T, VKLTPLCVTLNCTNVTNNITD-------------------------------------DTRGEIKN----CSFNM-T-TE--LRD-KK-QKV-YALF-YKLDVVPINENQGNRSNNS------------------------------------------NTSYRLI---NCNTSAI-T---QA, 0.0659, 1
0.361078, -82.6798, [74], CHUNK, ['I'], VKLTPLCVTLNCTNVTNNITD-------------------------------------DTRGEIKN----CSFNI-T-TE--LRD-KK-QKV-YALF-YKLDVVPINENQGNRSNNS------------------------------------------NTSYRLI---NCNTSAI-T---QA, 0.5616, 0
0.361078, -75.6841, [74], CHUNK, ['I'], VKLTPLCVTLNCTNVTNNITD-------------------------------------DTRGEIKN----CSFNI-T-TE--LRD-KK-QKV-YALF-YKLDVVPINENQGNRSNNS------------------------------------------NTSYRLI---NCNTSAI-T---QA, 0.3715, 0
0.361078, -60.7479, [74], CHUNK, ['I'], VKLTPLCVTLNCTNVTNNITD-------------------------------------DTRGEIKN----CSFNI-T-TE--LRD-KK-QKV-YALF-YKLDVVPINENQGNRSNNS------------------------------------------NTSYRLI---NCNTSAI-T---QA, 0.4604, 0
0.352469, -124.6656, 18, POINT, T, VKLTPLCVTLNCTNVTNNTTD-------------------------------------DTRGEIKN----CSFNM-T-TE--LRD-KK-QKV-YALF-YKLDVVPINENQGNRSNNS------------------------------------------NTSYRLI---NCNTSAI-T---QA, 0.0779, 1
0.363861, -103.2168, [74], CHUNK, ['I'], VKLTPLCVTLNCTNVTNNTTD-------------------------------------DTRGEIKN----CSFNI-T-TE--LRD-KK-QKV-YALF-YKLDVVPINENQGNRSNNS------------------------------------------NTSYRLI---NCNTSAI-T---QA, 0.1754, 0
0.359751, -104.9660, [174], CHUNK, ['V'], VKLTPLCVTLNCTNVTNNTTD-------------------------------------DTRGEIKN----CSFNM-T-TE--LRD-KK-QKV-YALF-YKLDVVPINENQGNRSNNS------------------------------------------NTSYRLI---NCNTSVI-T---QA, 0.2291, 1
0.371144, -78.5009, [74], CHUNK, ['I'], VKLTPLCVTLNCTNVTNNTTD-------------------------------------DTRGEIKN----CSFNI-T-TE--LRD-KK-QKV-YALF-YKLDVVPINENQGNRSNNS------------------------------------------NTSYRLI---NCNTSVI-T---QA, 0.4174, 0
0.370958, -74.6210, [74, 79], CHUNK, ['I', 'N'], VKLTPLCVTLNCTNVTNNTTD-------------------------------------DTRGEIKN----CSFNI-T-TN--LRD-KK-QKV-YALF-YKLDVVPINENQGNRSNNS------------------------------------------NTSYRLI---NCNTSVI-T---QA, 0.4631, 0
0.371144, -66.8953, 74, POINT, I, VKLTPLCVTLNCTNVTNNTTD-------------------------------------DTRGEIKN----CSFNI-T-TE--LRD-KK-QKV-YALF-YKLDVVPINENQGNRSNNS------------------------------------------NTSYRLI---NCNTSVI-T---QA, 0.3842, 0
0.371144, -77.9635, [74], CHUNK, ['I'], VKLTPLCVTLNCTNVTNNTTD-------------------------------------DTRGEIKN----CSFNI-T-TE--LRD-KK-QKV-YALF-YKLDVVPINENQGNRSNNS------------------------------------------NTSYRLI---NCNTSVI-T---QA, 0.6266, 0
0.358526, -123.1315, 91, POINT, E, VKLTPLCVTLNCTNVTNNTTD-------------------------------------DTRGEIKN----CSFNM-T-TE--LRD-KK-QKE-YALF-YKLDVVPINENQGNRSNNS------------------------------------------NTSYRLI---NCNTSAI-T---QA, 0.0779, 0
0.357113, -106.0135, 74, POINT, V, VKLTPLCVTLNCTNVTNNTTD-------------------------------------DTRGEIKN----CSFNV-T-TE--LRD-KK-QKV-YALF-YKLDVVPINENQGNRSNNS------------------------------------------NTSYRLI---NCNTSAI-T---QA, 0.2270, 0
0.361188, -111.3616, [169, 174], CHUNK, ['S', 'V'], VKLTPLCVTLNCTNVTNNTTD-------------------------------------DTRGEIKN----CSFNM-T-TE--LRD-KK-QKV-YALF-YKLDVVPINENQGNRSNNS------------------------------------------NTSYRLI---SCNTSVI-T---QA, 0.1733, 0
0.359751, -104.1089, [174], CHUNK, ['V'], VKLTPLCVTLNCTNVTNNTTD-------------------------------------DTRGEIKN----CSFNM-T-TE--LRD-KK-QKV-YALF-YKLDVVPINENQGNRSNNS------------------------------------------NTSYRLI---NCNTSVI-T---QA, 0.2962, 0
0.355743, -124.2217, 91, POINT, E, VKLTPLCVTLNCTNVTNNITD-------------------------------------DTRGEIKN----CSFNM-T-TE--LRD-KK-QKE-YALF-YKLDVVPINENQGNRSNNS------------------------------------------NTSYRLI---NCNTSAI-T---QA, 0.0680, 1
0.367136, -117.6357, [74], CHUNK, ['I'], VKLTPLCVTLNCTNVTNNITD-------------------------------------DTRGEIKN----CSFNI-T-TE--LRD-KK-QKE-YALF-YKLDVVPINENQGNRSNNS------------------------------------------NTSYRLI---NCNTSAI-T---QA, 0.0662, 0
0.357906, -1.9231, 82, POINT, I, VKLTPLCVTLNCTNVTNNITD-------------------------------------DTRGEIKN----CSFNM-T-TE--IRD-KK-QKE-YALF-YKLDVVPINENQGNRSNNS------------------------------------------NTSYRLI---NCNTSAI-T---QA, 0.1505, 0
0.360387, -113.7125, 74, POINT, V, VKLTPLCVTLNCTNVTNNITD-------------------------------------DTRGEIKN----CSFNV-T-TE--LRD-KK-QKE-YALF-YKLDVVPINENQGNRSNNS------------------------------------------NTSYRLI---NCNTSAI-T---QA, 0.2180, 1
0.367669, -101.4533, [174], CHUNK, ['V'], VKLTPLCVTLNCTNVTNNITD-------------------------------------DTRGEIKN----CSFNV-T-TE--LRD-KK-QKE-YALF-YKLDVVPINENQGNRSNNS------------------------------------------NTSYRLI---NCNTSVI-T---QA, 0.2572, 0
0.367669, -99.7423, [174], CHUNK, ['V'], VKLTPLCVTLNCTNVTNNITD-------------------------------------DTRGEIKN----CSFNV-T-TE--LRD-KK-QKE-YALF-YKLDVVPINENQGNRSNNS------------------------------------------NTSYRLI---NCNTSVI-T---QA, 0.2404, 0
0.367136, -116.3258, [74], CHUNK, ['I'], VKLTPLCVTLNCTNVTNNITD-------------------------------------DTRGEIKN----CSFNI-T-TE--LRD-KK-QKE-YALF-YKLDVVPINENQGNRSNNS------------------------------------------NTSYRLI---NCNTSAI-T---QA, 0.2261, 1
0.374418, -107.5805, 174, POINT, V, VKLTPLCVTLNCTNVTNNITD-------------------------------------DTRGEIKN----CSFNI-T-TE--LRD-KK-QKE-YALF-YKLDVVPINENQGNRSNNS------------------------------------------NTSYRLI---NCNTSVI-T---QA, 0.2370, 0
0.369935, -113.6048, 58, POINT, T, VKLTPLCVTLNCTNVTNNITD-------------------------------------TTRGEIKN----CSFNI-T-TE--LRD-KK-QKE-YALF-YKLDVVPINENQGNRSNNS------------------------------------------NTSYRLI---NCNTSAI-T---QA, 0.2261, 0
0.370925, -45.4503, 82, POINT, I, VKLTPLCVTLNCTNVTNNITD-------------------------------------DTRGEIKN----CSFNI-T-TE--IRD-KK-QKE-YALF-YKLDVVPINENQGNRSNNS------------------------------------------NTSYRLI---NCNTSAI-T---QA, 0.4106, 0
0.374418, -108.5560, [174], CHUNK, ['V'], VKLTPLCVTLNCTNVTNNITD-------------------------------------DTRGEIKN----CSFNI-T-TE--LRD-KK-QKE-YALF-YKLDVVPINENQGNRSNNS------------------------------------------NTSYRLI---NCNTSVI-T---QA, 0.2386, 0
0.367669, -101.8456, [174], CHUNK, ['V'], VKLTPLCVTLNCTNVTNNITD-------------------------------------DTRGEIKN----CSFNV-T-TE--LRD-KK-QKE-YALF-YKLDVVPINENQGNRSNNS------------------------------------------NTSYRLI---NCNTSVI-T---QA, 0.2432, 0
0.367669, -104.9746, [174], CHUNK, ['V'], VKLTPLCVTLNCTNVTNNITD-------------------------------------DTRGEIKN----CSFNV-T-TE--LRD-KK-QKE-YALF-YKLDVVPINENQGNRSNNS------------------------------------------NTSYRLI---NCNTSVI-T---QA, 0.2011, 0
0.367136, -114.8270, [74], CHUNK, ['I'], VKLTPLCVTLNCTNVTNNITD-------------------------------------DTRGEIKN----CSFNI-T-TE--LRD-KK-QKE-YALF-YKLDVVPINENQGNRSNNS------------------------------------------NTSYRLI---NCNTSAI-T---QA, 0.2178, 0
0.367136, -113.5923, [74], CHUNK, ['I'], VKLTPLCVTLNCTNVTNNITD-------------------------------------DTRGEIKN----CSFNI-T-TE--LRD-KK-QKE-YALF-YKLDVVPINENQGNRSNNS------------------------------------------NTSYRLI---NCNTSAI-T---QA, 0.2237, 0
0.357906, -5.0922, 82, POINT, I, VKLTPLCVTLNCTNVTNNITD-------------------------------------DTRGEIKN----CSFNM-T-TE--IRD-KK-QKE-YALF-YKLDVVPINENQGNRSNNS------------------------------------------NTSYRLI---NCNTSAI-T---QA, 0.1554, 0
0.356024, -123.9995, 87, POINT, V, VKLTPLCVTLNCTNVTNNITD-------------------------------------DTRGEIKN----CSFNM-T-TE--LRD-KV-QKE-YALF-YKLDVVPINENQGNRSNNS------------------------------------------NTSYRLI---NCNTSAI-T---QA, 0.0677, 0
0.367136, -113.0973, [74], CHUNK, ['I'], VKLTPLCVTLNCTNVTNNITD-------------------------------------DTRGEIKN----CSFNI-T-TE--LRD-KK-QKE-YALF-YKLDVVPINENQGNRSNNS------------------------------------------NTSYRLI---NCNTSAI-T---QA, 0.2982, 0
0.357906, -33.9060, 82, POINT, I, VKLTPLCVTLNCTNVTNNITD-------------------------------------DTRGEIKN----CSFNM-T-TE--IRD-KK-QKE-YALF-YKLDVVPINENQGNRSNNS------------------------------------------NTSYRLI---NCNTSAI-T---QA, 0.2982, 0
0.351854, -123.4406, 174, POINT, T, VKLTPLCVTLNCTNVTNNITD-------------------------------------DTRGEIKN----CSFNM-T-TE--LRD-KK-QKV-YALF-YKLDVVPINENQGNRSNNS------------------------------------------NTSYRLI---NCNTSTI-T---QA, 0.0659, 0
0.351358, -6.2708, 82, POINT, I, VKLTPLCVTLNCTNVTNNITD-------------------------------------DTRGEIKN----CSFNM-T-TE--IRD-KK-QKV-YALF-YKLDVVPINENQGNRSNNS------------------------------------------NTSYRLI---NCNTSAI-T---QA, 0.1742, 0
0.361078, -82.1175, 74, POINT, I, VKLTPLCVTLNCTNVTNNITD-------------------------------------DTRGEIKN----CSFNI-T-TE--LRD-KK-QKV-YALF-YKLDVVPINENQGNRSNNS------------------------------------------NTSYRLI---NCNTSAI-T---QA, 0.7231, 0
0.358405, -106.0122, [169, 174], CHUNK, ['S', 'V'], VKLTPLCVTLNCTNVTNNITD-------------------------------------DTRGEIKN----CSFNM-T-TE--LRD-KK-QKV-YALF-YKLDVVPINENQGNRSNNS------------------------------------------NTSYRLI---SCNTSVI-T---QA, 0.2335, 0
0.354557, -109.4598, 174, POINT, V, VKLTPLCVTLNCTNVTNNITD-------------------------------------DMRGEIKN----CSFNM-T-TE--LRD-KK-QKV-YALF-YKLDVVPINENQGNRSNNS------------------------------------------NTSYRLI---NCNTSVI-T---QA, 0.2150, 0
0.358668, -72.4640, [74], CHUNK, ['I'], VKLTPLCVTLNCTNVTNNITD-------------------------------------DMRGEIKN----CSFNI-T-TE--LRD-KK-QKV-YALF-YKLDVVPINENQGNRSNNS------------------------------------------NTSYRLI---NCNTSAI-T---QA, 0.2656, 0
0.358668, -84.4798, [74], CHUNK, ['I'], VKLTPLCVTLNCTNVTNNITD-------------------------------------DMRGEIKN----CSFNI-T-TE--LRD-KK-QKV-YALF-YKLDVVPINENQGNRSNNS------------------------------------------NTSYRLI---NCNTSAI-T---QA, 0.3049, 0
0.358668, -79.6261, [74], CHUNK, ['I'], VKLTPLCVTLNCTNVTNNITD-------------------------------------DMRGEIKN----CSFNI-T-TE--LRD-KK-QKV-YALF-YKLDVVPINENQGNRSNNS------------------------------------------NTSYRLI---NCNTSAI-T---QA, 0.5151, 0
