Name base = V1V2_200_sq_3_9_ni
Iters = 200
Soft coverage = 1.31203964383
Energy = -130.783889074
Hard Covereage = 0.0368019545157
Num epitopes = 65
Initial seq = VKLTPLCVTLQCTNVTNNITD-------------------------------------DMRGELKN----CSFNM-T-TE--LRD-KK-QKV-YSLF-YRLDVVQINENQGNRSNNS------------------------------------------NKEYRLI---NCNTSAI-T---QA
-------START OF DATA------
1.327436, -130.6534, 104, POINT, L, VKLTPLCVTLQCTNVTNNITD-------------------------------------DMRGELKN----CSFNM-T-TE--LRD-KK-QKV-YSLF-YRLDVVLINENQGNRSNNS------------------------------------------NKEYRLI---NCNTSAI-T---QA, 0.0000, 1
1.367902, -129.6895, [160, 161], CHUNK, ['N', 'S'], VKLTPLCVTLQCTNVTNNITD-------------------------------------DMRGELKN----CSFNM-T-TE--LRD-KK-QKV-YSLF-YRLDVVLINENQGNRSNNS------------------------------------------NNSYRLI---NCNTSAI-T---QA, 0.0000, 1
1.385067, -87.0870, 74, POINT, I, VKLTPLCVTLQCTNVTNNITD-------------------------------------DMRGELKN----CSFNI-T-TE--LRD-KK-QKV-YSLF-YRLDVVLINENQGNRSNNS------------------------------------------NNSYRLI---NCNTSAI-T---QA, 0.4171, 0
1.417058, -129.6518, 10, POINT, N, VKLTPLCVTLNCTNVTNNITD-------------------------------------DMRGELKN----CSFNM-T-TE--LRD-KK-QKV-YSLF-YRLDVVLINENQGNRSNNS------------------------------------------NNSYRLI---NCNTSAI-T---QA, 0.0141, 1
1.434223, -87.2464, [74], CHUNK, ['I'], VKLTPLCVTLNCTNVTNNITD-------------------------------------DMRGELKN----CSFNI-T-TE--LRD-KK-QKV-YSLF-YRLDVVLINENQGNRSNNS------------------------------------------NNSYRLI---NCNTSAI-T---QA, 0.3808, 0
1.442769, -129.9675, 58, POINT, N, VKLTPLCVTLNCTNVTNNITD-------------------------------------NMRGELKN----CSFNM-T-TE--LRD-KK-QKV-YSLF-YRLDVVLINENQGNRSNNS------------------------------------------NNSYRLI---NCNTSAI-T---QA, 0.0141, 1
1.457769, -130.0198, 79, POINT, T, VKLTPLCVTLNCTNVTNNITD-------------------------------------NMRGELKN----CSFNM-T-TT--LRD-KK-QKV-YSLF-YRLDVVLINENQGNRSNNS------------------------------------------NNSYRLI---NCNTSAI-T---QA, 0.0917, 1
1.464783, -111.6035, [174], CHUNK, ['V'], VKLTPLCVTLNCTNVTNNITD-------------------------------------NMRGELKN----CSFNM-T-TT--LRD-KK-QKV-YSLF-YRLDVVLINENQGNRSNNS------------------------------------------NNSYRLI---NCNTSVI-T---QA, 0.3635, 0
1.491968, -123.5069, [71, 74], CHUNK, ['T', 'T'], VKLTPLCVTLNCTNVTNNITD-------------------------------------NMRGELKN----CTFNT-T-TT--LRD-KK-QKV-YSLF-YRLDVVLINENQGNRSNNS------------------------------------------NNSYRLI---NCNTSAI-T---QA, 0.0917, 0
1.479367, -126.7784, 20, POINT, T, VKLTPLCVTLNCTNVTNNITT-------------------------------------NMRGELKN----CSFNM-T-TT--LRD-KK-QKV-YSLF-YRLDVVLINENQGNRSNNS------------------------------------------NNSYRLI---NCNTSAI-T---QA, 0.0917, 1
1.486668, -124.0795, 84, POINT, T, VKLTPLCVTLNCTNVTNNITT-------------------------------------NMRGELKN----CSFNM-T-TT--LRT-KK-QKV-YSLF-YRLDVVLINENQGNRSNNS------------------------------------------NNSYRLI---NCNTSAI-T---QA, 0.0917, 1
1.499724, -123.4097, [116], CHUNK, ['T'], VKLTPLCVTLNCTNVTNNITT-------------------------------------NMRGELKN----CSFNM-T-TT--LRT-KK-QKV-YSLF-YRLDVVLINENQGNRSNNT------------------------------------------NNSYRLI---NCNTSAI-T---QA, 0.0917, 0
1.515227, 6.7073, [74, 79, 82], CHUNK, ['V', 'N', 'I'], VKLTPLCVTLNCTNVTNNITT-------------------------------------NMRGELKN----CSFNV-T-TN--IRT-KK-QKV-YSLF-YRLDVVLINENQGNRSNNS------------------------------------------NNSYRLI---NCNTSAI-T---QA, 0.1510, 0
1.489045, -48.2771, 82, POINT, I, VKLTPLCVTLNCTNVTNNITT-------------------------------------NMRGELKN----CSFNM-T-TT--IRT-KK-QKV-YSLF-YRLDVVLINENQGNRSNNS------------------------------------------NNSYRLI---NCNTSAI-T---QA, 0.3834, 0
1.495366, -122.1144, 165, POINT, T, VKLTPLCVTLNCTNVTNNITT-------------------------------------NMRGELKN----CSFNM-T-TT--LRT-KK-QKV-YSLF-YRLDVVLINENQGNRSNNS------------------------------------------NNSYRLT---NCNTSAI-T---QA, 0.0917, 0
1.495905, -114.4427, 74, POINT, V, VKLTPLCVTLNCTNVTNNITT-------------------------------------NMRGELKN----CSFNV-T-TT--LRD-KK-QKV-YSLF-YRLDVVLINENQGNRSNNS------------------------------------------NNSYRLI---NCNTSAI-T---QA, 0.1590, 1
1.500826, -111.7728, 98, POINT, N, VKLTPLCVTLNCTNVTNNITT-------------------------------------NMRGELKN----CSFNV-T-TT--LRD-KK-QKV-YSLF-NRLDVVLINENQGNRSNNS------------------------------------------NNSYRLI---NCNTSAI-T---QA, 0.1740, 0
1.526748, -116.4845, 110, POINT, N, VKLTPLCVTLNCTNVTNNITT-------------------------------------NMRGELKN----CSFNV-T-TT--LRD-KK-QKV-YSLF-YRLDVVLINENQNNRSNNS------------------------------------------NNSYRLI---NCNTSAI-T---QA, 0.1968, 1
1.535343, -114.9254, [94, 99], CHUNK, ['A', 'K'], VKLTPLCVTLNCTNVTNNITT-------------------------------------NMRGELKN----CSFNV-T-TT--LRD-KK-QKV-YALF-YKLDVVLINENQNNRSNNS------------------------------------------NNSYRLI---NCNTSAI-T---QA, 0.1968, 0
1.533722, -111.9158, [60, 63], CHUNK, ['K', 'I'], VKLTPLCVTLNCTNVTNNITT-------------------------------------NMKGEIKN----CSFNV-T-TT--LRD-KK-QKV-YSLF-YRLDVVLINENQNNRSNNS------------------------------------------NNSYRLI---NCNTSAI-T---QA, 0.1968, 0
1.535446, -114.6202, 165, POINT, T, VKLTPLCVTLNCTNVTNNITT-------------------------------------NMRGELKN----CSFNV-T-TT--LRD-KK-QKV-YSLF-YRLDVVLINENQNNRSNNS------------------------------------------NNSYRLT---NCNTSAI-T---QA, 0.1968, 1
1.543166, -113.1544, [174, 175], CHUNK, ['T', 'V'], VKLTPLCVTLNCTNVTNNITT-------------------------------------NMRGELKN----CSFNV-T-TT--LRD-KK-QKV-YSLF-YRLDVVLINENQNNRSNNS------------------------------------------NNSYRLT---NCNTSTV-T---QA, 0.1982, 0
1.550123, -113.3300, [174], CHUNK, ['T'], VKLTPLCVTLNCTNVTNNITT-------------------------------------NMRGELKN----CSFNV-T-TT--LRD-KK-QKV-YSLF-YRLDVVLINENQNNRSNNS------------------------------------------NNSYRLT---NCNTSTI-T---QA, 0.2259, 0
1.543652, -114.0903, 89, POINT, K, VKLTPLCVTLNCTNVTNNITT-------------------------------------NMRGELKN----CSFNV-T-TT--LRD-KK-KKV-YSLF-YRLDVVLINENQNNRSNNS------------------------------------------NNSYRLT---NCNTSAI-T---QA, 0.1968, 0
1.539116, -114.6799, 160, POINT, T, VKLTPLCVTLNCTNVTNNITT-------------------------------------NMRGELKN----CSFNV-T-TT--LRD-KK-QKV-YSLF-YRLDVVLINENQNNRSNNS------------------------------------------NTSYRLT---NCNTSAI-T---QA, 0.1968, 0
1.538617, -109.6606, 82, POINT, T, VKLTPLCVTLNCTNVTNNITT-------------------------------------NMRGELKN----CSFNV-T-TT--TRD-KK-QKV-YSLF-YRLDVVLINENQNNRSNNS------------------------------------------NNSYRLI---NCNTSAI-T---QA, 0.2506, 0
1.538943, -92.1000, [61, 63], CHUNK, ['T', 'M'], VKLTPLCVTLNCTNVTNNITT-------------------------------------NMRTEMKN----CSFNV-T-TT--LRD-KK-QKV-YSLF-YRLDVVLINENQNNRSNNS------------------------------------------NNSYRLI---NCNTSAI-T---QA, 0.2025, 0
1.541449, -114.8608, 174, POINT, T, VKLTPLCVTLNCTNVTNNITT-------------------------------------NMRGELKN----CSFNV-T-TT--LRD-KK-QKV-YSLF-YRLDVVLINENQNNRSNNS------------------------------------------NNSYRLI---NCNTSTI-T---QA, 0.1973, 0
1.533761, -101.5016, 174, POINT, V, VKLTPLCVTLNCTNVTNNITT-------------------------------------NMRGELKN----CSFNV-T-TT--LRD-KK-QKV-YSLF-YRLDVVLINENQNNRSNNS------------------------------------------NNSYRLI---NCNTSVI-T---QA, 0.4210, 0
1.503796, -114.7004, 59, POINT, K, VKLTPLCVTLNCTNVTNNITT-------------------------------------NKRGELKN----CSFNV-T-TT--LRD-KK-QKV-YSLF-YRLDVVLINENQGNRSNNS------------------------------------------NNSYRLI---NCNTSAI-T---QA, 0.1590, 0
1.509415, -119.4419, [89, 91, 94], CHUNK, ['K', 'E', 'A'], VKLTPLCVTLNCTNVTNNITT-------------------------------------NMRGELKN----CSFNV-T-TT--LRD-KK-KKE-YALF-YRLDVVLINENQGNRSNNS------------------------------------------NNSYRLI---NCNTSAI-T---QA, 0.1347, 0
1.505997, -116.0340, [89, 90], CHUNK, ['K', 'T'], VKLTPLCVTLNCTNVTNNITT-------------------------------------NMRGELKN----CSFNV-T-TT--LRD-KK-KTV-YSLF-YRLDVVLINENQGNRSNNS------------------------------------------NNSYRLI---NCNTSAI-T---QA, 0.2526, 0
1.504500, -113.0486, [94, 99], CHUNK, ['A', 'K'], VKLTPLCVTLNCTNVTNNITT-------------------------------------NMRGELKN----CSFNV-T-TT--LRD-KK-QKV-YALF-YKLDVVLINENQGNRSNNS------------------------------------------NNSYRLI---NCNTSAI-T---QA, 0.2127, 0
1.502022, -129.0198, [160, 161, 163], CHUNK, ['T', 'T', 'T'], VKLTPLCVTLNCTNVTNNITT-------------------------------------NMRGELKN----CSFNM-T-TT--LRD-KK-QKV-YSLF-YRLDVVLINENQGNRSNNS------------------------------------------NTTYTLI---NCNTSAI-T---QA, 0.0917, 0
1.499515, -123.2974, [89, 91, 93], CHUNK, ['K', 'E', 'N'], VKLTPLCVTLNCTNVTNNITT-------------------------------------NMRGELKN----CSFNM-T-TT--LRD-KK-KKE-NSLF-YRLDVVLINENQGNRSNNS------------------------------------------NNSYRLI---NCNTSAI-T---QA, 0.0930, 0
1.495905, -112.4046, [74], CHUNK, ['V'], VKLTPLCVTLNCTNVTNNITT-------------------------------------NMRGELKN----CSFNV-T-TT--LRD-KK-QKV-YSLF-YRLDVVLINENQGNRSNNS------------------------------------------NNSYRLI---NCNTSAI-T---QA, 0.1810, 1
1.497343, -112.6199, 94, POINT, A, VKLTPLCVTLNCTNVTNNITT-------------------------------------NMRGELKN----CSFNV-T-TT--LRD-KK-QKV-YALF-YRLDVVLINENQGNRSNNS------------------------------------------NNSYRLI---NCNTSAI-T---QA, 0.1810, 0
1.501655, -112.6152, 79, POINT, N, VKLTPLCVTLNCTNVTNNITT-------------------------------------NMRGELKN----CSFNV-T-TN--LRD-KK-QKV-YSLF-YRLDVVLINENQGNRSNNS------------------------------------------NNSYRLI---NCNTSAI-T---QA, 0.2294, 0
1.503790, -97.9544, 61, POINT, S, VKLTPLCVTLNCTNVTNNITT-------------------------------------NMRSELKN----CSFNV-T-TT--LRD-KK-QKV-YSLF-YRLDVVLINENQGNRSNNS------------------------------------------NNSYRLI---NCNTSAI-T---QA, 0.1628, 0
1.497159, -113.9403, 161, POINT, N, VKLTPLCVTLNCTNVTNNITT-------------------------------------NMRGELKN----CSFNV-T-TT--LRD-KK-QKV-YSLF-YRLDVVLINENQGNRSNNS------------------------------------------NNNYRLI---NCNTSAI-T---QA, 0.1822, 0
1.487180, -123.3825, [91, 94, 99], CHUNK, ['E', 'A', 'S'], VKLTPLCVTLNCTNVTNNITT-------------------------------------NMRGELKN----CSFNM-T-TT--LRD-KK-QKE-YALF-YSLDVVLINENQGNRSNNS------------------------------------------NNSYRLI---NCNTSAI-T---QA, 0.0826, 1
1.499663, -117.1538, [74, 79], CHUNK, ['I', 'S'], VKLTPLCVTLNCTNVTNNITT-------------------------------------NMRGELKN----CSFNI-T-TS--LRD-KK-QKE-YALF-YSLDVVLINENQGNRSNNS------------------------------------------NNSYRLI---NCNTSAI-T---QA, 0.1056, 0
1.520993, -120.1968, [74], CHUNK, ['T'], VKLTPLCVTLNCTNVTNNITT-------------------------------------NMRGELKN----CSFNT-T-TT--LRD-KK-QKE-YALF-YSLDVVLINENQGNRSNNS------------------------------------------NNSYRLI---NCNTSAI-T---QA, 0.0826, 0
1.501882, -122.0283, [174], CHUNK, ['T'], VKLTPLCVTLNCTNVTNNITT-------------------------------------NMRGELKN----CSFNM-T-TT--LRD-KK-QKE-YALF-YSLDVVLINENQGNRSNNS------------------------------------------NNSYRLI---NCNTSTI-T---QA, 0.0826, 1
1.523051, -43.5114, [82, 89], CHUNK, ['I', 'N'], VKLTPLCVTLNCTNVTNNITT-------------------------------------NMRGELKN----CSFNM-T-TT--IRD-KK-NKE-YALF-YSLDVVLINENQGNRSNNS------------------------------------------NNSYRLI---NCNTSTI-T---QA, 0.3697, 0
1.519484, -110.7364, [74], CHUNK, ['I'], VKLTPLCVTLNCTNVTNNITT-------------------------------------NMRGELKN----CSFNI-T-TT--LRD-KK-QKE-YALF-YSLDVVLINENQGNRSNNS------------------------------------------NNSYRLI---NCNTSTI-T---QA, 0.3197, 0
1.509143, 30.9718, [59, 60, 61, 63, 64], CHUNK, ['P', 'T', 'L', 'V', 'Q'], VKLTPLCVTLNCTNVTNNITT-------------------------------------NPTLEVQN----CSFNM-T-TT--LRD-KK-QKE-YALF-YSLDVVLINENQGNRSNNS------------------------------------------NNSYRLI---NCNTSTI-T---QA, 0.2731, 0
1.521542, -107.3129, [71, 74], CHUNK, ['T', 'I'], VKLTPLCVTLNCTNVTNNITT-------------------------------------NMRGELKN----CTFNI-T-TT--LRD-KK-QKE-YALF-YSLDVVLINENQGNRSNNS------------------------------------------NNSYRLI---NCNTSTI-T---QA, 0.2313, 0
1.504491, -124.8400, 163, POINT, T, VKLTPLCVTLNCTNVTNNITT-------------------------------------NMRGELKN----CSFNM-T-TT--LRD-KK-QKE-YALF-YSLDVVLINENQGNRSNNS------------------------------------------NNSYTLI---NCNTSAI-T---QA, 0.0826, 1
1.513122, -124.3318, 89, POINT, K, VKLTPLCVTLNCTNVTNNITT-------------------------------------NMRGELKN----CSFNM-T-TT--LRD-KK-KKE-YALF-YSLDVVLINENQGNRSNNS------------------------------------------NNSYTLI---NCNTSAI-T---QA, 0.0826, 0
1.521029, -119.0096, 74, POINT, V, VKLTPLCVTLNCTNVTNNITT-------------------------------------NMRGELKN----CSFNV-T-TT--LRD-KK-QKE-YALF-YSLDVVLINENQGNRSNNS------------------------------------------NNSYTLI---NCNTSAI-T---QA, 0.1166, 0
1.522093, -119.3748, 74, POINT, I, VKLTPLCVTLNCTNVTNNITT-------------------------------------NMRGELKN----CSFNI-T-TT--LRD-KK-QKE-YALF-YSLDVVLINENQGNRSNNS------------------------------------------NNSYTLI---NCNTSAI-T---QA, 0.0959, 0
1.517058, -124.1847, 162, POINT, S, VKLTPLCVTLNCTNVTNNITT-------------------------------------NMRGELKN----CSFNM-T-TT--LRD-KK-QKE-YALF-YSLDVVLINENQGNRSNNS------------------------------------------NNSSTLI---NCNTSAI-T---QA, 0.0884, 0
1.504782, -112.8994, [74], CHUNK, ['I'], VKLTPLCVTLNCTNVTNNITT-------------------------------------NMRGELKN----CSFNI-T-TT--LRD-KK-QKE-YALF-YSLDVVLINENQGNRSNNS------------------------------------------NNSYRLI---NCNTSAI-T---QA, 0.1910, 0
1.498016, -124.0045, 59, POINT, L, VKLTPLCVTLNCTNVTNNITT-------------------------------------NLRGELKN----CSFNM-T-TT--LRD-KK-QKE-YALF-YSLDVVLINENQGNRSNNS------------------------------------------NNSYRLI---NCNTSAI-T---QA, 0.0826, 0
1.494194, -107.1400, [174], CHUNK, ['V'], VKLTPLCVTLNCTNVTNNITT-------------------------------------NMRGELKN----CSFNM-T-TT--LRD-KK-QKE-YALF-YSLDVVLINENQGNRSNNS------------------------------------------NNSYRLI---NCNTSVI-T---QA, 0.4039, 0
1.509400, -121.8526, 18, POINT, T, VKLTPLCVTLNCTNVTNNTTT-------------------------------------NMRGELKN----CSFNM-T-TT--LRD-KK-QKE-YALF-YSLDVVLINENQGNRSNNS------------------------------------------NNSYRLI---NCNTSAI-T---QA, 0.0826, 0
1.504930, -90.5825, [74, 79, 82], CHUNK, ['I', 'S', 'T'], VKLTPLCVTLNCTNVTNNITT-------------------------------------NMRGELKN----CSFNI-T-TS--TRD-KK-QKV-YSLF-YRLDVVLINENQGNRSNNS------------------------------------------NNSYRLI---NCNTSAI-T---QA, 0.5773, 0
1.486380, -111.3816, 174, POINT, V, VKLTPLCVTLNCTNVTNNITT-------------------------------------NMRGELKN----CSFNM-T-TT--LRD-KK-QKV-YSLF-YRLDVVLINENQGNRSNNS------------------------------------------NNSYRLI---NCNTSVI-T---QA, 0.3240, 0
1.518006, -121.7438, [74, 79], CHUNK, ['T', 'N'], VKLTPLCVTLNCTNVTNNITT-------------------------------------NMRGELKN----CSFNT-T-TN--LRD-KK-QKV-YSLF-YRLDVVLINENQGNRSNNS------------------------------------------NNSYRLI---NCNTSAI-T---QA, 0.1030, 0
1.487572, -126.2361, 89, POINT, K, VKLTPLCVTLNCTNVTNNITT-------------------------------------NMRGELKN----CSFNM-T-TT--LRD-KK-KKV-YSLF-YRLDVVLINENQGNRSNNS------------------------------------------NNSYRLI---NCNTSAI-T---QA, 0.0917, 0
1.475371, -82.8888, 74, POINT, I, VKLTPLCVTLNCTNVTNNITD-------------------------------------NMRGELKN----CSFNI-T-TT--LRD-KK-QKV-YSLF-YRLDVVLINENQGNRSNNS------------------------------------------NNSYRLI---NCNTSAI-T---QA, 0.2954, 0
1.463289, -129.8704, 107, POINT, K, VKLTPLCVTLNCTNVTNNITD-------------------------------------NMRGELKN----CSFNM-T-TT--LRD-KK-QKV-YSLF-YRLDVVLINKNQGNRSNNS------------------------------------------NNSYRLI---NCNTSAI-T---QA, 0.0917, 0
1.475371, -86.5002, [74], CHUNK, ['I'], VKLTPLCVTLNCTNVTNNITD-------------------------------------NMRGELKN----CSFNI-T-TT--LRD-KK-QKV-YSLF-YRLDVVLINENQGNRSNNS------------------------------------------NNSYRLI---NCNTSAI-T---QA, 0.2746, 0
1.462645, -130.2267, 59, POINT, E, VKLTPLCVTLNCTNVTNNITD-------------------------------------NERGELKN----CSFNM-T-TT--LRD-KK-QKV-YSLF-YRLDVVLINENQGNRSNNS------------------------------------------NNSYRLI---NCNTSAI-T---QA, 0.0917, 1
1.479183, -116.1762, [74], CHUNK, ['V'], VKLTPLCVTLNCTNVTNNITD-------------------------------------NERGELKN----CSFNV-T-TT--LRD-KK-QKV-YSLF-YRLDVVLINENQGNRSNNS------------------------------------------NNSYRLI---NCNTSAI-T---QA, 0.1418, 0
1.486068, -129.0360, 59, POINT, T, VKLTPLCVTLNCTNVTNNITD-------------------------------------NTRGELKN----CSFNM-T-TT--LRD-KK-QKV-YSLF-YRLDVVLINENQGNRSNNS------------------------------------------NNSYRLI---NCNTSAI-T---QA, 0.0917, 1
1.500769, -127.6360, [174], CHUNK, ['T'], VKLTPLCVTLNCTNVTNNITD-------------------------------------NTRGELKN----CSFNM-T-TT--LRD-KK-QKV-YSLF-YRLDVVLINENQGNRSNNS------------------------------------------NNSYRLI---NCNTSTI-T---QA, 0.0917, 0
1.519881, -124.8984, [74], CHUNK, ['T'], VKLTPLCVTLNCTNVTNNITD-------------------------------------NTRGELKN----CSFNT-T-TT--LRD-KK-QKV-YSLF-YRLDVVLINENQGNRSNNS------------------------------------------NNSYRLI---NCNTSAI-T---QA, 0.0868, 0
1.510271, -85.2652, [74, 79], CHUNK, ['I', 'N'], VKLTPLCVTLNCTNVTNNITD-------------------------------------NTRGELKN----CSFNI-T-TN--LRD-KK-QKV-YSLF-YRLDVVLINENQGNRSNNS------------------------------------------NNSYRLI---NCNTSAI-T---QA, 0.5379, 0
1.503670, -86.0703, [74], CHUNK, ['I'], VKLTPLCVTLNCTNVTNNITD-------------------------------------NTRGELKN----CSFNI-T-TT--LRD-KK-QKV-YSLF-YRLDVVLINENQGNRSNNS------------------------------------------NNSYRLI---NCNTSAI-T---QA, 0.2916, 0
1.477347, -128.8267, [174], CHUNK, ['T'], VKLTPLCVTLNCTNVTNNITD-------------------------------------NERGELKN----CSFNM-T-TT--LRD-KK-QKV-YSLF-YRLDVVLINENQGNRSNNS------------------------------------------NNSYRLI---NCNTSTI-T---QA, 0.0917, 1
1.490576, -124.2916, [163, 165, 169], CHUNK, ['T', 'T', 'S'], VKLTPLCVTLNCTNVTNNITD-------------------------------------NERGELKN----CSFNM-T-TT--LRD-KK-QKV-YSLF-YRLDVVLINENQGNRSNNS------------------------------------------NNSYTLT---SCNTSTI-T---QA, 0.0917, 0
1.511159, -124.4994, [74], CHUNK, ['T'], VKLTPLCVTLNCTNVTNNITD-------------------------------------NERGELKN----CSFNT-T-TT--LRD-KK-QKV-YSLF-YRLDVVLINENQGNRSNNS------------------------------------------NNSYRLI---NCNTSTI-T---QA, 0.0917, 1
1.519755, -123.7940, [94, 99], CHUNK, ['A', 'K'], VKLTPLCVTLNCTNVTNNITD-------------------------------------NERGELKN----CSFNT-T-TT--LRD-KK-QKV-YALF-YKLDVVLINENQGNRSNNS------------------------------------------NNSYRLI---NCNTSTI-T---QA, 0.0911, 1
1.528839, -124.4105, 84, POINT, N, VKLTPLCVTLNCTNVTNNITD-------------------------------------NERGELKN----CSFNT-T-TT--LRN-KK-QKV-YALF-YKLDVVLINENQGNRSNNS------------------------------------------NNSYRLI---NCNTSTI-T---QA, 0.0911, 1
1.539958, -102.6470, [61, 63], CHUNK, ['T', 'M'], VKLTPLCVTLNCTNVTNNITD-------------------------------------NERTEMKN----CSFNT-T-TT--LRN-KK-QKV-YALF-YKLDVVLINENQGNRSNNS------------------------------------------NNSYRLI---NCNTSTI-T---QA, 0.0911, 0
1.545508, -125.8177, [160, 163], CHUNK, ['T', 'T'], VKLTPLCVTLNCTNVTNNITD-------------------------------------NERGELKN----CSFNT-T-TT--LRN-KK-QKV-YALF-YKLDVVLINENQGNRSNNS------------------------------------------NTSYTLI---NCNTSTI-T---QA, 0.0911, 0
1.544000, -123.5474, 162, POINT, N, VKLTPLCVTLNCTNVTNNITD-------------------------------------NERGELKN----CSFNT-T-TT--LRN-KK-QKV-YALF-YKLDVVLINENQGNRSNNS------------------------------------------NNSNRLI---NCNTSTI-T---QA, 0.0911, 1
1.556108, -122.6924, [89, 91], CHUNK, ['K', 'E'], VKLTPLCVTLNCTNVTNNITD-------------------------------------NERGELKN----CSFNT-T-TT--LRN-KK-KKE-YALF-YKLDVVLINENQGNRSNNS------------------------------------------NNSNRLI---NCNTSTI-T---QA, 0.0911, 0
1.544754, -123.9719, [91], CHUNK, ['K'], VKLTPLCVTLNCTNVTNNITD-------------------------------------NERGELKN----CSFNT-T-TT--LRN-KK-QKK-YALF-YKLDVVLINENQGNRSNNS------------------------------------------NNSNRLI---NCNTSTI-T---QA, 0.0874, 1
1.571701, -124.3055, [112, 113], CHUNK, ['S', 'N'], VKLTPLCVTLNCTNVTNNITD-------------------------------------NERGELKN----CSFNT-T-TT--LRN-KK-QKK-YALF-YKLDVVLINENQGNSNNNS------------------------------------------NNSNRLI---NCNTSTI-T---QA, 0.0874, 0
1.564332, -124.4304, 20, POINT, N, VKLTPLCVTLNCTNVTNNITN-------------------------------------NERGELKN----CSFNT-T-TT--LRN-KK-QKK-YALF-YKLDVVLINENQGNRSNNS------------------------------------------NNSNRLI---NCNTSTI-T---QA, 0.0874, 1
1.566415, -123.7736, [91], CHUNK, ['E'], VKLTPLCVTLNCTNVTNNITN-------------------------------------NERGELKN----CSFNT-T-TT--LRN-KK-QKE-YALF-YKLDVVLINENQGNRSNNS------------------------------------------NNSNRLI---NCNTSTI-T---QA, 0.0874, 1
1.580809, -123.0819, [116], CHUNK, ['T'], VKLTPLCVTLNCTNVTNNITN-------------------------------------NERGELKN----CSFNT-T-TT--LRN-KK-QKE-YALF-YKLDVVLINENQGNRSNNT------------------------------------------NNSNRLI---NCNTSTI-T---QA, 0.0874, 1
1.590080, -122.5812, [89], CHUNK, ['K'], VKLTPLCVTLNCTNVTNNITN-------------------------------------NERGELKN----CSFNT-T-TT--LRN-KK-KKE-YALF-YKLDVVLINENQGNRSNNT------------------------------------------NNSNRLI---NCNTSTI-T---QA, 0.0874, 0
1.583847, -119.4929, 20, POINT, T, VKLTPLCVTLNCTNVTNNITT-------------------------------------NERGELKN----CSFNT-T-TT--LRN-KK-QKE-YALF-YKLDVVLINENQGNRSNNT------------------------------------------NNSNRLI---NCNTSTI-T---QA, 0.0874, 0
1.584699, -123.1739, 160, POINT, T, VKLTPLCVTLNCTNVTNNITN-------------------------------------NERGELKN----CSFNT-T-TT--LRN-KK-QKE-YALF-YKLDVVLINENQGNRSNNT------------------------------------------NTSNRLI---NCNTSTI-T---QA, 0.0874, 1
1.588628, -120.7331, 60, POINT, K, VKLTPLCVTLNCTNVTNNITN-------------------------------------NEKGELKN----CSFNT-T-TT--LRN-KK-QKE-YALF-YKLDVVLINENQGNRSNNT------------------------------------------NTSNRLI---NCNTSTI-T---QA, 0.0874, 1
1.594612, -86.6720, [61, 63], CHUNK, ['E', 'I'], VKLTPLCVTLNCTNVTNNITN-------------------------------------NEKEEIKN----CSFNT-T-TT--LRN-KK-QKE-YALF-YKLDVVLINENQGNRSNNT------------------------------------------NTSNRLI---NCNTSTI-T---QA, 0.0911, 0
1.612180, -116.0686, [163, 165, 169], CHUNK, ['T', 'T', 'S'], VKLTPLCVTLNCTNVTNNITN-------------------------------------NEKGELKN----CSFNT-T-TT--LRN-KK-QKE-YALF-YKLDVVLINENQGNRSNNT------------------------------------------NTSNTLT---SCNTSTI-T---QA, 0.0874, 0
1.610854, -122.1795, 163, POINT, T, VKLTPLCVTLNCTNVTNNITN-------------------------------------NEKGELKN----CSFNT-T-TT--LRN-KK-QKE-YALF-YKLDVVLINENQGNRSNNT------------------------------------------NTSNTLI---NCNTSTI-T---QA, 0.0829, 0
1.597899, -120.2324, [89], CHUNK, ['K'], VKLTPLCVTLNCTNVTNNITN-------------------------------------NEKGELKN----CSFNT-T-TT--LRN-KK-KKE-YALF-YKLDVVLINENQGNRSNNT------------------------------------------NTSNRLI---NCNTSTI-T---QA, 0.0874, 0
1.592725, -122.5591, 72, POINT, S, VKLTPLCVTLNCTNVTNNITN-------------------------------------NERGELKN----CSSNT-T-TT--LRN-KK-QKE-YALF-YKLDVVLINENQGNRSNNT------------------------------------------NTSNRLI---NCNTSTI-T---QA, 0.0874, 0
1.590463, -121.2552, [63], CHUNK, ['I'], VKLTPLCVTLNCTNVTNNITN-------------------------------------NERGEIKN----CSFNT-T-TT--LRN-KK-QKE-YALF-YKLDVVLINENQGNRSNNT------------------------------------------NTSNRLI---NCNTSTI-T---QA, 0.0874, 1
1.614476, -120.5892, 109, POINT, S, VKLTPLCVTLNCTNVTNNITN-------------------------------------NERGEIKN----CSFNT-T-TT--LRN-KK-QKE-YALF-YKLDVVLINENSGNRSNNT------------------------------------------NTSNRLI---NCNTSTI-T---QA, 0.0754, 0
1.593626, -8.8408, [79, 82, 84], CHUNK, ['N', 'I', 'D'], VKLTPLCVTLNCTNVTNNITN-------------------------------------NERGEIKN----CSFNT-T-TN--IRD-KK-QKE-YALF-YKLDVVLINENQGNRSNNT------------------------------------------NTSNRLI---NCNTSTI-T---QA, 0.6265, 0
1.596070, -120.1315, 93, POINT, N, VKLTPLCVTLNCTNVTNNITN-------------------------------------NERGEIKN----CSFNT-T-TT--LRN-KK-QKE-NALF-YKLDVVLINENQGNRSNNT------------------------------------------NTSNRLI---NCNTSTI-T---QA, 0.0848, 0
1.599735, -120.7545, [89], CHUNK, ['K'], VKLTPLCVTLNCTNVTNNITN-------------------------------------NERGEIKN----CSFNT-T-TT--LRN-KK-KKE-YALF-YKLDVVLINENQGNRSNNT------------------------------------------NTSNRLI---NCNTSTI-T---QA, 0.0874, 1
1.603120, -81.0272, [59, 60, 61, 63, 64], CHUNK, ['Y', 'T', 'K', 'M', 'R'], VKLTPLCVTLNCTNVTNNITN-------------------------------------NYTKEMRN----CSFNT-T-TT--LRN-KK-KKE-YALF-YKLDVVLINENQGNRSNNT------------------------------------------NTSNRLI---NCNTSTI-T---QA, 0.0874, 0
1.602513, -118.7027, [12, 13, 14], CHUNK, ['S', 'T', 'N'], VKLTPLCVTLNCSTNTNNITN-------------------------------------NERGEIKN----CSFNT-T-TT--LRN-KK-KKE-YALF-YKLDVVLINENQGNRSNNT------------------------------------------NTSNRLI---NCNTSTI-T---QA, 0.0874, 1
1.606603, -116.1814, 60, POINT, K, VKLTPLCVTLNCSTNTNNITN-------------------------------------NEKGEIKN----CSFNT-T-TT--LRN-KK-KKE-YALF-YKLDVVLINENQGNRSNNT------------------------------------------NTSNRLI---NCNTSTI-T---QA, 0.0988, 0
1.607796, -118.1191, [87, 89], CHUNK, ['T', 'R'], VKLTPLCVTLNCSTNTNNITN-------------------------------------NERGEIKN----CSFNT-T-TT--LRN-KT-RKE-YALF-YKLDVVLINENQGNRSNNT------------------------------------------NTSNRLI---NCNTSTI-T---QA, 0.0836, 0
1.618591, -119.4867, [12], CHUNK, ['T'], VKLTPLCVTLNCTTNTNNITN-------------------------------------NERGEIKN----CSFNT-T-TT--LRN-KK-KKE-YALF-YKLDVVLINENQGNRSNNT------------------------------------------NTSNRLI---NCNTSTI-T---QA, 0.0874, 1
1.621044, -89.6246, [59, 60, 61, 63], CHUNK, ['S', 'G', 'E', 'M'], VKLTPLCVTLNCTTNTNNITN-------------------------------------NSGEEMKN----CSFNT-T-TT--LRN-KK-KKE-YALF-YKLDVVLINENQGNRSNNT------------------------------------------NTSNRLI---NCNTSTI-T---QA, 0.0874, 0
1.622681, -116.9330, [60], CHUNK, ['K'], VKLTPLCVTLNCTTNTNNITN-------------------------------------NEKGEIKN----CSFNT-T-TT--LRN-KK-KKE-YALF-YKLDVVLINENQGNRSNNT------------------------------------------NTSNRLI---NCNTSTI-T---QA, 0.0874, 0
1.641042, -117.6188, 18, POINT, N, VKLTPLCVTLNCTTNTNNNTN-------------------------------------NERGEIKN----CSFNT-T-TT--LRN-KK-KKE-YALF-YKLDVVLINENQGNRSNNT------------------------------------------NTSNRLI---NCNTSTI-T---QA, 0.0874, 0
1.622096, -86.4369, 163, POINT, I, VKLTPLCVTLNCTTNTNNITN-------------------------------------NERGEIKN----CSFNT-T-TT--LRN-KK-KKE-YALF-YKLDVVLINENQGNRSNNT------------------------------------------NTSNILI---NCNTSTI-T---QA, 0.4772, 0
1.606572, -116.8299, [98], CHUNK, ['N'], VKLTPLCVTLNCSTNTNNITN-------------------------------------NERGEIKN----CSFNT-T-TT--LRN-KK-KKE-YALF-NKLDVVLINENQGNRSNNT------------------------------------------NTSNRLI---NCNTSTI-T---QA, 0.0874, 1
1.610076, -79.3955, [163], CHUNK, ['I'], VKLTPLCVTLNCSTNTNNITN-------------------------------------NERGEIKN----CSFNT-T-TT--LRN-KK-KKE-YALF-NKLDVVLINENQGNRSNNT------------------------------------------NTSNILI---NCNTSTI-T---QA, 0.6358, 0
1.622650, -117.6140, 12, POINT, T, VKLTPLCVTLNCTTNTNNITN-------------------------------------NERGEIKN----CSFNT-T-TT--LRN-KK-KKE-YALF-NKLDVVLINENQGNRSNNT------------------------------------------NTSNRLI---NCNTSTI-T---QA, 0.0874, 0
1.610661, -114.2766, 60, POINT, K, VKLTPLCVTLNCSTNTNNITN-------------------------------------NEKGEIKN----CSFNT-T-TT--LRN-KK-KKE-YALF-NKLDVVLINENQGNRSNNT------------------------------------------NTSNRLI---NCNTSTI-T---QA, 0.0874, 1
1.614165, -85.4786, [163], CHUNK, ['I'], VKLTPLCVTLNCSTNTNNITN-------------------------------------NEKGEIKN----CSFNT-T-TT--LRN-KK-KKE-YALF-NKLDVVLINENQGNRSNNT------------------------------------------NTSNILI---NCNTSTI-T---QA, 0.5298, 0
1.611572, -3.8023, [79, 82, 84], CHUNK, ['N', 'I', 'D'], VKLTPLCVTLNCSTNTNNITN-------------------------------------NEKGEIKN----CSFNT-T-TN--IRD-KK-KKE-YALF-NKLDVVLINENQGNRSNNT------------------------------------------NTSNRLI---NCNTSTI-T---QA, 0.1769, 0
1.632887, -115.6495, 163, POINT, T, VKLTPLCVTLNCSTNTNNITN-------------------------------------NEKGEIKN----CSFNT-T-TT--LRN-KK-KKE-YALF-NKLDVVLINENQGNRSNNT------------------------------------------NTSNTLI---NCNTSTI-T---QA, 0.0874, 0
1.611999, -114.1432, 182, POINT, T, VKLTPLCVTLNCSTNTNNITN-------------------------------------NEKGEIKN----CSFNT-T-TT--LRN-KK-KKE-YALF-NKLDVVLINENQGNRSNNT------------------------------------------NTSNRLI---NCNTSTI-T---QT, 0.0870, 0
1.611069, -96.8324, [60, 61, 62, 64], CHUNK, ['E', 'T', 'K', 'R'], VKLTPLCVTLNCSTNTNNITN-------------------------------------NEETKIRN----CSFNT-T-TT--LRN-KK-KKE-YALF-NKLDVVLINENQGNRSNNT------------------------------------------NTSNRLI---NCNTSTI-T---QA, 0.0868, 0
1.643918, -87.0575, [59, 60, 61, 63], CHUNK, ['S', 'T', 'D', 'M'], VKLTPLCVTLNCSTNTNNITN-------------------------------------NSTDEMKN----CSFNT-T-TT--LRN-KK-KKE-YALF-NKLDVVLINENQGNRSNNT------------------------------------------NTSNRLI---NCNTSTI-T---QA, 0.0852, 0
1.642957, -116.5232, 109, POINT, N, VKLTPLCVTLNCSTNTNNITN-------------------------------------NERGEIKN----CSFNT-T-TT--LRN-KK-KKE-YALF-NKLDVVLINENNGNRSNNT------------------------------------------NTSNRLI---NCNTSTI-T---QA, 0.0874, 0
1.628385, -114.9619, 18, POINT, N, VKLTPLCVTLNCSTNTNNNTN-------------------------------------NERGEIKN----CSFNT-T-TT--LRN-KK-KKE-YALF-NKLDVVLINENQGNRSNNT------------------------------------------NTSNRLI---NCNTSTI-T---QA, 0.0874, 0
1.617268, -118.2415, 87, POINT, T, VKLTPLCVTLNCSTNTNNITN-------------------------------------NERGEIKN----CSFNT-T-TT--LRN-KT-KKE-YALF-YKLDVVLINENQGNRSNNT------------------------------------------NTSNRLI---NCNTSTI-T---QA, 0.0874, 0
1.624326, -116.8347, 18, POINT, N, VKLTPLCVTLNCSTNTNNNTN-------------------------------------NERGEIKN----CSFNT-T-TT--LRN-KK-KKE-YALF-YKLDVVLINENQGNRSNNT------------------------------------------NTSNRLI---NCNTSTI-T---QA, 0.0874, 0
1.606572, -116.8642, 98, POINT, N, VKLTPLCVTLNCSTNTNNITN-------------------------------------NERGEIKN----CSFNT-T-TT--LRN-KK-KKE-YALF-NKLDVVLINENQGNRSNNT------------------------------------------NTSNRLI---NCNTSTI-T---QA, 0.0859, 0
1.603613, -22.1777, [79, 82], CHUNK, ['N', 'V'], VKLTPLCVTLNCSTNTNNITN-------------------------------------NERGEIKN----CSFNT-T-TN--VRN-KK-KKE-YALF-YKLDVVLINENQGNRSNNT------------------------------------------NTSNRLI---NCNTSTI-T---QA, 0.3458, 0
1.605821, -119.6654, [93], CHUNK, ['N'], VKLTPLCVTLNCTNVTNNITN-------------------------------------NERGEIKN----CSFNT-T-TT--LRN-KK-KKE-NALF-YKLDVVLINENQGNRSNNT------------------------------------------NTSNRLI---NCNTSTI-T---QA, 0.0809, 1
1.614246, -21.9488, [79, 82], CHUNK, ['N', 'I'], VKLTPLCVTLNCTNVTNNITN-------------------------------------NERGEIKN----CSFNT-T-TN--IRN-KK-KKE-NALF-YKLDVVLINENQGNRSNNT------------------------------------------NTSNRLI---NCNTSTI-T---QA, 0.2550, 0
1.620657, -117.6890, 165, POINT, T, VKLTPLCVTLNCTNVTNNITN-------------------------------------NERGEIKN----CSFNT-T-TT--LRN-KK-KKE-NALF-YKLDVVLINENQGNRSNNT------------------------------------------NTSNRLT---NCNTSTI-T---QA, 0.0809, 0
1.608703, -118.0990, [104, 105, 108, 109], CHUNK, ['P', 'L', 'E', 'N'], VKLTPLCVTLNCTNVTNNITN-------------------------------------NERGEIKN----CSFNT-T-TT--LRN-KK-KKE-NALF-YKLDVVPLNEENGNRSNNT------------------------------------------NTSNRLI---NCNTSTI-T---QA, 0.0809, 0
1.608499, -81.1305, [60, 61, 63], CHUNK, ['S', 'E', 'M'], VKLTPLCVTLNCTNVTNNITN-------------------------------------NESEEMKN----CSFNT-T-TT--LRN-KK-KKE-NALF-YKLDVVLINENQGNRSNNT------------------------------------------NTSNRLI---NCNTSTI-T---QA, 0.1925, 0
1.620203, -121.2790, [14], CHUNK, ['T'], VKLTPLCVTLNCTNTTNNITN-------------------------------------NERGEIKN----CSFNT-T-TT--LRN-KK-KKE-YALF-YKLDVVLINENQGNRSNNT------------------------------------------NTSNRLI---NCNTSTI-T---QA, 0.1034, 0
1.603824, -118.3137, [60], CHUNK, ['K'], VKLTPLCVTLNCTNVTNNITN-------------------------------------NEKGEIKN----CSFNT-T-TT--LRN-KK-KKE-YALF-YKLDVVLINENQGNRSNNT------------------------------------------NTSNRLI---NCNTSTI-T---QA, 0.0874, 0
1.601073, -120.5411, 182, POINT, T, VKLTPLCVTLNCTNVTNNITN-------------------------------------NERGEIKN----CSFNT-T-TT--LRN-KK-KKE-YALF-YKLDVVLINENQGNRSNNT------------------------------------------NTSNRLI---NCNTSTI-T---QT, 0.0874, 0
1.618228, -119.5110, 59, POINT, S, VKLTPLCVTLNCTNVTNNITN-------------------------------------NSRGEIKN----CSFNT-T-TT--LRN-KK-KKE-YALF-YKLDVVLINENQGNRSNNT------------------------------------------NTSNRLI---NCNTSTI-T---QA, 0.0874, 0
1.612689, -122.6280, 163, POINT, T, VKLTPLCVTLNCTNVTNNITN-------------------------------------NERGEIKN----CSFNT-T-TT--LRN-KK-QKE-YALF-YKLDVVLINENQGNRSNNT------------------------------------------NTSNTLI---NCNTSTI-T---QA, 0.0874, 0
1.599928, -120.7376, 105, POINT, T, VKLTPLCVTLNCTNVTNNITN-------------------------------------NERGEIKN----CSFNT-T-TT--LRN-KK-QKE-YALF-YKLDVVLTNENQGNRSNNT------------------------------------------NTSNRLI---NCNTSTI-T---QA, 0.0874, 0
1.593000, -114.5902, 60, POINT, I, VKLTPLCVTLNCTNVTNNITN-------------------------------------NEIGEIKN----CSFNT-T-TT--LRN-KK-QKE-YALF-YKLDVVLINENQGNRSNNT------------------------------------------NTSNRLI---NCNTSTI-T---QA, 0.0874, 0
1.595561, -86.5688, [59, 60, 61], CHUNK, ['L', 'K', 'E'], VKLTPLCVTLNCTNVTNNITN-------------------------------------NLKEEIKN----CSFNT-T-TT--LRN-KK-QKE-YALF-YKLDVVLINENQGNRSNNT------------------------------------------NTSNRLI---NCNTSTI-T---QA, 0.0854, 0
