Name base = V1V2_200_exp_9_0_i
Iters = 200
Soft coverage = 0.284621885725
Energy = -131.246460358
Hard Covereage = 0.0368019545157
Num epitopes = 65
Initial seq = VKLTPLCVTLQCTNVTNNITD-------------------------------------DMRGELKN----CSFNM-T-TE--LRD-KK-QKV-YSLF-YRLDVVQINENQGNRSNNS------------------------------------------NKEYRLI---NCNTSAI-T---QA
-------START OF DATA------
0.285550, 2585.6336, 119, POINT, K, VKLTPLCVTLQCTNVTNNITD-------------------------------------DMRGELKN----CSFNM-T-TE--LRD-KK-QKV-YSLF-YRLDVVQINENQGNRSNNS--V---------------------------------------NKEYRLI---NCNTSAI-T---QA, 1.6452, 0
0.301400, -96.7189, [10, 13, 14], CHUNK, ['N', 'D', 'W'], VKLTPLCVTLNCTDWTNNITD-------------------------------------DMRGELKN----CSFNM-T-TE--LRD-KK-QKV-YSLF-YRLDVVQINENQGNRSNNS------------------------------------------NKEYRLI---NCNTSAI-T---QA, 0.0715, 0
0.305689, -131.4437, [10, 13], CHUNK, ['N', 'D'], VKLTPLCVTLNCTDVTNNITD-------------------------------------DMRGELKN----CSFNM-T-TE--LRD-KK-QKV-YSLF-YRLDVVQINENQGNRSNNS------------------------------------------NKEYRLI---NCNTSAI-T---QA, 0.0000, 1
0.310772, -130.8674, 160, POINT, T, VKLTPLCVTLNCTDVTNNITD-------------------------------------DMRGELKN----CSFNM-T-TE--LRD-KK-QKV-YSLF-YRLDVVQINENQGNRSNNS------------------------------------------NTEYRLI---NCNTSAI-T---QA, 0.0000, 1
0.319153, -131.0439, 94, POINT, A, VKLTPLCVTLNCTDVTNNITD-------------------------------------DMRGELKN----CSFNM-T-TE--LRD-KK-QKV-YALF-YRLDVVQINENQGNRSNNS------------------------------------------NTEYRLI---NCNTSAI-T---QA, 0.0000, 1
0.326177, -130.7327, 161, POINT, S, VKLTPLCVTLNCTDVTNNITD-------------------------------------DMRGELKN----CSFNM-T-TE--LRD-KK-QKV-YALF-YRLDVVQINENQGNRSNNS------------------------------------------NTSYRLI---NCNTSAI-T---QA, 0.0000, 1
0.341618, -129.0406, [99, 104, 106, 107], CHUNK, ['K', 'P', 'D', 'N'], VKLTPLCVTLNCTDVTNNITD-------------------------------------DMRGELKN----CSFNM-T-TE--LRD-KK-QKV-YALF-YKLDVVPIDNNQGNRSNNS------------------------------------------NTSYRLI---NCNTSAI-T---QA, 0.0000, 0
0.334897, -102.6314, [169, 174], CHUNK, ['S', 'V'], VKLTPLCVTLNCTDVTNNITD-------------------------------------DMRGELKN----CSFNM-T-TE--LRD-KK-QKV-YALF-YRLDVVQINENQGNRSNNS------------------------------------------NTSYRLI---SCNTSVI-T---QA, 0.1466, 0
0.330944, -130.3747, 109, POINT, N, VKLTPLCVTLNCTDVTNNITD-------------------------------------DMRGELKN----CSFNM-T-TE--LRD-KK-QKV-YALF-YRLDVVQINENNGNRSNNS------------------------------------------NTSYRLI---NCNTSAI-T---QA, 0.0000, 1
0.344215, 44.8502, [74, 82], CHUNK, ['I', 'I'], VKLTPLCVTLNCTDVTNNITD-------------------------------------DMRGELKN----CSFNI-T-TE--IRD-KK-QKV-YALF-YRLDVVQINENNGNRSNNS------------------------------------------NTSYRLI---NCNTSAI-T---QA, 0.0778, 0
0.338227, -103.5680, 174, POINT, V, VKLTPLCVTLNCTDVTNNITD-------------------------------------DMRGELKN----CSFNM-T-TE--LRD-KK-QKV-YALF-YRLDVVQINENNGNRSNNS------------------------------------------NTSYRLI---NCNTSVI-T---QA, 0.1643, 0
0.323637, -34.7720, 121, POINT, T, VKLTPLCVTLNCTDVTNNITD-------------------------------------DMRGELKN----CSFNM-T-TE--LRD-KK-QKV-YALF-YRLDVVQINENNGNRSNNS----K-------------------------------------KTSYRLI---NCNTSAI-T---QA, 1.6200, 0
0.340916, -78.0020, [74], CHUNK, ['I'], VKLTPLCVTLNCTDVTNNITD-------------------------------------DMRGELKN----CSFNI-T-TE--LRD-KK-QKV-YALF-YRLDVVQINENNGNRSNNS------------------------------------------NTSYRLI---NCNTSAI-T---QA, 0.0469, 0
0.336149, -77.7623, 74, POINT, I, VKLTPLCVTLNCTDVTNNITD-------------------------------------DMRGELKN----CSFNI-T-TE--LRD-KK-QKV-YALF-YRLDVVQINENQGNRSNNS------------------------------------------NTSYRLI---NCNTSAI-T---QA, 0.0768, 0
0.333459, -106.0594, 174, POINT, V, VKLTPLCVTLNCTDVTNNITD-------------------------------------DMRGELKN----CSFNM-T-TE--LRD-KK-QKV-YALF-YRLDVVQINENQGNRSNNS------------------------------------------NTSYRLI---NCNTSVI-T---QA, 0.1965, 0
0.335963, -74.4766, [74, 79], CHUNK, ['I', 'N'], VKLTPLCVTLNCTDVTNNITD-------------------------------------DMRGELKN----CSFNI-T-TN--LRD-KK-QKV-YALF-YRLDVVQINENQGNRSNNS------------------------------------------NTSYRLI---NCNTSAI-T---QA, 0.0728, 0
0.337248, -123.2656, [58, 59, 60, 63], CHUNK, ['V', 'E', 'K', 'I'], VKLTPLCVTLNCTDVTNNITD-------------------------------------VEKGEIKN----CSFNM-T-TE--LRD-KK-QKV-YALF-YRLDVVQINENQGNRSNNS------------------------------------------NTSYRLI---NCNTSAI-T---QA, 0.0469, 0
0.329125, -69.7459, [74], CHUNK, ['I'], VKLTPLCVTLNCTDVTNNITD-------------------------------------DMRGELKN----CSFNI-T-TE--LRD-KK-QKV-YALF-YRLDVVQINENQGNRSNNS------------------------------------------NTEYRLI---NCNTSAI-T---QA, 0.0800, 0
0.323921, -130.6858, 109, POINT, N, VKLTPLCVTLNCTDVTNNITD-------------------------------------DMRGELKN----CSFNM-T-TE--LRD-KK-QKV-YALF-YRLDVVQINENNGNRSNNS------------------------------------------NTEYRLI---NCNTSAI-T---QA, 0.0000, 1
0.333893, -83.2263, 74, POINT, I, VKLTPLCVTLNCTDVTNNITD-------------------------------------DMRGELKN----CSFNI-T-TE--LRD-KK-QKV-YALF-YRLDVVQINENNGNRSNNS------------------------------------------NTEYRLI---NCNTSAI-T---QA, 0.0757, 0
0.331203, -103.5913, 174, POINT, V, VKLTPLCVTLNCTDVTNNITD-------------------------------------DMRGELKN----CSFNM-T-TE--LRD-KK-QKV-YALF-YRLDVVQINENNGNRSNNS------------------------------------------NTEYRLI---NCNTSVI-T---QA, 0.1602, 0
0.330944, -130.3747, 161, POINT, S, VKLTPLCVTLNCTDVTNNITD-------------------------------------DMRGELKN----CSFNM-T-TE--LRD-KK-QKV-YALF-YRLDVVQINENNGNRSNNS------------------------------------------NTSYRLI---NCNTSAI-T---QA, 0.0000, 0
0.333893, -77.1321, [74], CHUNK, ['I'], VKLTPLCVTLNCTDVTNNITD-------------------------------------DMRGELKN----CSFNI-T-TE--LRD-KK-QKV-YALF-YRLDVVQINENNGNRSNNS------------------------------------------NTEYRLI---NCNTSAI-T---QA, 0.0602, 0
0.321940, -53.8452, 120, POINT, T, VKLTPLCVTLNCTDVTNNITD-------------------------------------DMRGELKN----CSFNM-T-TE--LRD-KK-QKV-YALF-YRLDVVQINENQGNRSNNT---S--------------------------------------TTEYRLI---NCNTSAI-T---QA, 1.6148, 0
0.329125, -76.9176, [74], CHUNK, ['I'], VKLTPLCVTLNCTDVTNNITD-------------------------------------DMRGELKN----CSFNI-T-TE--LRD-KK-QKV-YALF-YRLDVVQINENQGNRSNNS------------------------------------------NTEYRLI---NCNTSAI-T---QA, 0.1057, 0
0.332015, -128.0962, [91, 99], CHUNK, ['E', 'K'], VKLTPLCVTLNCTDVTNNITD-------------------------------------DMRGELKN----CSFNM-T-TE--LRD-KK-QKE-YALF-YKLDVVQINENQGNRSNNS------------------------------------------NTEYRLI---NCNTSAI-T---QA, 0.0270, 1
0.341946, -118.6984, [74, 79], CHUNK, ['I', 'N'], VKLTPLCVTLNCTDVTNNITD-------------------------------------DMRGELKN----CSFNI-T-TN--LRD-KK-QKE-YALF-YKLDVVQINENQGNRSNNS------------------------------------------NTEYRLI---NCNTSAI-T---QA, 0.0221, 0
0.343733, -118.9299, [58, 60, 63], CHUNK, ['T', 'T', 'I'], VKLTPLCVTLNCTDVTNNITD-------------------------------------TMTGEIKN----CSFNM-T-TE--LRD-KK-QKE-YALF-YKLDVVQINENQGNRSNNS------------------------------------------NTEYRLI---NCNTSAI-T---QA, 0.0270, 0
0.336438, -128.2869, 104, POINT, P, VKLTPLCVTLNCTDVTNNITD-------------------------------------DMRGELKN----CSFNM-T-TE--LRD-KK-QKE-YALF-YKLDVVPINENQGNRSNNS------------------------------------------NTEYRLI---NCNTSAI-T---QA, 0.0270, 1
0.343462, -127.8754, 161, POINT, S, VKLTPLCVTLNCTDVTNNITD-------------------------------------DMRGELKN----CSFNM-T-TE--LRD-KK-QKE-YALF-YKLDVVPINENQGNRSNNS------------------------------------------NTSYRLI---NCNTSAI-T---QA, 0.0270, 0
0.343721, -100.1963, 174, POINT, V, VKLTPLCVTLNCTDVTNNITD-------------------------------------DMRGELKN----CSFNM-T-TE--LRD-KK-QKE-YALF-YKLDVVPINENQGNRSNNS------------------------------------------NTEYRLI---NCNTSVI-T---QA, 0.1848, 0
0.350199, 1.2812, [74, 82], CHUNK, ['I', 'I'], VKLTPLCVTLNCTDVTNNITD-------------------------------------DMRGELKN----CSFNI-T-TE--IRD-KK-QKE-YALF-YKLDVVPINENQGNRSNNS------------------------------------------NTEYRLI---NCNTSAI-T---QA, 0.0555, 0
0.346410, -121.0885, [74], CHUNK, ['I'], VKLTPLCVTLNCTDVTNNITD-------------------------------------DMRGELKN----CSFNI-T-TE--LRD-KK-QKE-YALF-YKLDVVPINENQGNRSNNS------------------------------------------NTEYRLI---NCNTSAI-T---QA, 0.0568, 0
0.329148, -87.0882, 122, POINT, T, VKLTPLCVTLNCTDVTNNITD-------------------------------------DMRGELKN----CSFNM-T-TE--LRD-KK-QKE-YALF-YKLDVVQINENQGNRSNNS-----E------------------------------------STEYRLI---NCNTSAI-T---QA, 1.6187, 0
0.339298, -101.5978, [174], CHUNK, ['V'], VKLTPLCVTLNCTDVTNNITD-------------------------------------DMRGELKN----CSFNM-T-TE--LRD-KK-QKE-YALF-YKLDVVQINENQGNRSNNS------------------------------------------NTEYRLI---NCNTSVI-T---QA, 0.1203, 0
0.336861, -126.6444, 109, POINT, T, VKLTPLCVTLNCTDVTNNITD-------------------------------------DMRGELKN----CSFNM-T-TE--LRD-KK-QKE-YALF-YKLDVVQINENTGNRSNNS------------------------------------------NTEYRLI---NCNTSAI-T---QA, 0.0270, 1
0.346833, -120.5852, [74], CHUNK, ['I'], VKLTPLCVTLNCTDVTNNITD-------------------------------------DMRGELKN----CSFNI-T-TE--LRD-KK-QKE-YALF-YKLDVVQINENTGNRSNNS------------------------------------------NTEYRLI---NCNTSAI-T---QA, 0.0477, 0
0.344144, -98.7477, [174], CHUNK, ['V'], VKLTPLCVTLNCTDVTNNITD-------------------------------------DMRGELKN----CSFNM-T-TE--LRD-KK-QKE-YALF-YKLDVVQINENTGNRSNNS------------------------------------------NTEYRLI---NCNTSVI-T---QA, 0.2124, 0
0.347249, -121.1534, [58, 59, 60, 63], CHUNK, ['M', 'E', 'K', 'I'], VKLTPLCVTLNCTDVTNNITD-------------------------------------MEKGEIKN----CSFNM-T-TE--LRD-KK-QKE-YALF-YKLDVVQINENTGNRSNNS------------------------------------------NTEYRLI---NCNTSAI-T---QA, 0.0270, 0
0.341224, -126.9500, 104, POINT, P, VKLTPLCVTLNCTDVTNNITD-------------------------------------DMRGELKN----CSFNM-T-TE--LRD-KK-QKE-YALF-YKLDVVPINENTGNRSNNS------------------------------------------NTEYRLI---NCNTSAI-T---QA, 0.0270, 0
0.341987, -121.3164, [74], CHUNK, ['I'], VKLTPLCVTLNCTDVTNNITD-------------------------------------DMRGELKN----CSFNI-T-TE--LRD-KK-QKE-YALF-YKLDVVQINENQGNRSNNS------------------------------------------NTEYRLI---NCNTSAI-T---QA, 0.0355, 0
0.324863, -72.3848, 134, POINT, T, VKLTPLCVTLNCTDVTNNITD-------------------------------------DMRGELKN----CSFNM-T-TE--LRD-KK-QKE-YALF-YKLDVVQINENQGNRSNND-----------------E------------------------KTEYRLI---NCNTSAI-T---QA, 1.6761, 0
0.336507, -121.0347, 74, POINT, V, VKLTPLCVTLNCTDVTNNITD-------------------------------------DMRGELKN----CSFNV-T-TE--LRD-KK-QKE-YALF-YKLDVVQINENQGNRSNNS------------------------------------------NTEYRLI---NCNTSAI-T---QA, 0.0411, 1
0.336717, -114.9527, 119, POINT, T, VKLTPLCVTLNCTDVTNNITD-------------------------------------DMRGELKN----CSFNV-T-TE--LRD-KK-QKE-YALF-YKLDVVQINENQGNRSNNS--K---------------------------------------NTEYRLI---NCNTSAI-T---QA, 1.6072, 0
0.343531, -122.8045, 161, POINT, S, VKLTPLCVTLNCTDVTNNITD-------------------------------------DMRGELKN----CSFNV-T-TE--LRD-KK-QKE-YALF-YKLDVVQINENQGNRSNNS------------------------------------------NTSYRLI---NCNTSAI-T---QA, 0.0167, 1
0.349011, -121.5770, 74, POINT, I, VKLTPLCVTLNCTDVTNNITD-------------------------------------DMRGELKN----CSFNI-T-TE--LRD-KK-QKE-YALF-YKLDVVQINENQGNRSNNS------------------------------------------NTSYRLI---NCNTSAI-T---QA, 0.0189, 0
0.350813, -93.2743, [174], CHUNK, ['V'], VKLTPLCVTLNCTDVTNNITD-------------------------------------DMRGELKN----CSFNV-T-TE--LRD-KK-QKE-YALF-YKLDVVQINENQGNRSNNS------------------------------------------NTSYRLI---NCNTSVI-T---QA, 0.1219, 0
0.350954, -121.6229, 63, POINT, I, VKLTPLCVTLNCTDVTNNITD-------------------------------------DMRGEIKN----CSFNV-T-TE--LRD-KK-QKE-YALF-YKLDVVQINENQGNRSNNS------------------------------------------NTSYRLI---NCNTSAI-T---QA, 0.0333, 0
0.352251, -91.4692, [169, 174], CHUNK, ['S', 'V'], VKLTPLCVTLNCTDVTNNITD-------------------------------------DMRGELKN----CSFNV-T-TE--LRD-KK-QKE-YALF-YKLDVVQINENQGNRSNNS------------------------------------------NTSYRLI---SCNTSVI-T---QA, 0.1096, 0
0.336617, 2545.5654, 117, POINT, T, VKLTPLCVTLNCTDVTNNITD-------------------------------------DMRGELKN----CSFNV-T-TE--LRD-KK-QKE-YALF-YKLDVVQINENQGNRSNNSV-----------------------------------------NTEYRLI---NCNTSAI-T---QA, 1.6529, 0
0.343790, -95.9577, 174, POINT, V, VKLTPLCVTLNCTDVTNNITD-------------------------------------DMRGELKN----CSFNV-T-TE--LRD-KK-QKE-YALF-YKLDVVQINENQGNRSNNS------------------------------------------NTEYRLI---NCNTSVI-T---QA, 0.1530, 0
0.343790, -95.8315, [174], CHUNK, ['V'], VKLTPLCVTLNCTDVTNNITD-------------------------------------DMRGELKN----CSFNV-T-TE--LRD-KK-QKE-YALF-YKLDVVQINENQGNRSNNS------------------------------------------NTEYRLI---NCNTSVI-T---QA, 0.1596, 0
0.340930, -121.6984, 104, POINT, P, VKLTPLCVTLNCTDVTNNITD-------------------------------------DMRGELKN----CSFNV-T-TE--LRD-KK-QKE-YALF-YKLDVVPINENQGNRSNNS------------------------------------------NTEYRLI---NCNTSAI-T---QA, 0.0731, 0
0.341987, -119.2492, [74], CHUNK, ['I'], VKLTPLCVTLNCTDVTNNITD-------------------------------------DMRGELKN----CSFNI-T-TE--LRD-KK-QKE-YALF-YKLDVVQINENQGNRSNNS------------------------------------------NTEYRLI---NCNTSAI-T---QA, 0.0902, 0
0.339286, -126.3723, 63, POINT, I, VKLTPLCVTLNCTDVTNNITD-------------------------------------DMRGEIKN----CSFNM-T-TE--LRD-KK-QKE-YALF-YKLDVVQINENQGNRSNNS------------------------------------------NTEYRLI---NCNTSAI-T---QA, 0.0270, 0
0.339039, -127.6847, 161, POINT, S, VKLTPLCVTLNCTDVTNNITD-------------------------------------DMRGELKN----CSFNM-T-TE--LRD-KK-QKE-YALF-YKLDVVQINENQGNRSNNS------------------------------------------NTSYRLI---NCNTSAI-T---QA, 0.0270, 1
0.349011, -121.8378, [74], CHUNK, ['I'], VKLTPLCVTLNCTDVTNNITD-------------------------------------DMRGELKN----CSFNI-T-TE--LRD-KK-QKE-YALF-YKLDVVQINENQGNRSNNS------------------------------------------NTSYRLI---NCNTSAI-T---QA, 0.0340, 1
0.358403, -116.0442, [59, 60, 63], CHUNK, ['I', 'V', 'I'], VKLTPLCVTLNCTDVTNNITD-------------------------------------DIVGEIKN----CSFNI-T-TE--LRD-KK-QKE-YALF-YKLDVVQINENQGNRSNNS------------------------------------------NTSYRLI---NCNTSAI-T---QA, 0.0340, 0
0.357703, -120.1769, 63, POINT, I, VKLTPLCVTLNCTDVTNNITD-------------------------------------DMRGEIKN----CSFNI-T-TE--LRD-KK-QKE-YALF-YKLDVVQINENQGNRSNNS------------------------------------------NTSYRLI---NCNTSAI-T---QA, 0.0254, 0
0.356293, -93.4960, 174, POINT, V, VKLTPLCVTLNCTDVTNNITD-------------------------------------DMRGELKN----CSFNI-T-TE--LRD-KK-QKE-YALF-YKLDVVQINENQGNRSNNS------------------------------------------NTSYRLI---NCNTSVI-T---QA, 0.1711, 0
0.356293, -93.2667, 174, POINT, V, VKLTPLCVTLNCTDVTNNITD-------------------------------------DMRGELKN----CSFNI-T-TE--LRD-KK-QKE-YALF-YKLDVVQINENQGNRSNNS------------------------------------------NTSYRLI---NCNTSVI-T---QA, 0.1170, 0
0.333203, -93.5017, 121, POINT, T, VKLTPLCVTLNCTDVTNNITD-------------------------------------DMRGELKN----CSFNM-T-TE--LRD-KK-QKE-YALF-YKLDVVQINENQGNRSNNS----E-------------------------------------STSYRLI---NCNTSAI-T---QA, 1.6188, 0
0.349011, -121.8233, [74], CHUNK, ['I'], VKLTPLCVTLNCTDVTNNITD-------------------------------------DMRGELKN----CSFNI-T-TE--LRD-KK-QKE-YALF-YKLDVVQINENQGNRSNNS------------------------------------------NTSYRLI---NCNTSAI-T---QA, 0.0376, 0
0.349011, -120.7941, [74], CHUNK, ['I'], VKLTPLCVTLNCTDVTNNITD-------------------------------------DMRGELKN----CSFNI-T-TE--LRD-KK-QKE-YALF-YKLDVVQINENQGNRSNNS------------------------------------------NTSYRLI---NCNTSAI-T---QA, 0.0476, 0
0.343531, -121.4838, 74, POINT, V, VKLTPLCVTLNCTDVTNNITD-------------------------------------DMRGELKN----CSFNV-T-TE--LRD-KK-QKE-YALF-YKLDVVQINENQGNRSNNS------------------------------------------NTSYRLI---NCNTSAI-T---QA, 0.0555, 1
0.336380, -43.5142, 117, POINT, T, VKLTPLCVTLNCTDVTNNITD-------------------------------------DMRGELKN----CSFNV-T-TE--LRD-KK-QKE-YALF-YKLDVVQINENQGNRSNNKE-----------------------------------------TTSYRLI---NCNTSAI-T---QA, 1.6158, 0
0.353266, 0.1648, [74, 79, 82], CHUNK, ['I', 'S', 'I'], VKLTPLCVTLNCTDVTNNITD-------------------------------------DMRGELKN----CSFNI-T-TS--IRD-KK-QKE-YALF-YKLDVVQINENQGNRSNNS------------------------------------------NTSYRLI---NCNTSAI-T---QA, 0.0564, 0
0.352251, -92.2300, [169, 174], CHUNK, ['S', 'V'], VKLTPLCVTLNCTDVTNNITD-------------------------------------DMRGELKN----CSFNV-T-TE--LRD-KK-QKE-YALF-YKLDVVQINENQGNRSNNS------------------------------------------NTSYRLI---SCNTSVI-T---QA, 0.1867, 0
0.350813, -95.2998, 174, POINT, V, VKLTPLCVTLNCTDVTNNITD-------------------------------------DMRGELKN----CSFNV-T-TE--LRD-KK-QKE-YALF-YKLDVVQINENQGNRSNNS------------------------------------------NTSYRLI---NCNTSVI-T---QA, 0.1818, 0
0.349011, -120.1484, [74], CHUNK, ['I'], VKLTPLCVTLNCTDVTNNITD-------------------------------------DMRGELKN----CSFNI-T-TE--LRD-KK-QKE-YALF-YKLDVVQINENQGNRSNNS------------------------------------------NTSYRLI---NCNTSAI-T---QA, 0.0552, 0
0.349395, -123.7688, [59, 60, 63], CHUNK, ['E', 'K', 'I'], VKLTPLCVTLNCTDVTNNITD-------------------------------------DEKGEIKN----CSFNM-T-TE--LRD-KK-QKE-YALF-YKLDVVQINENQGNRSNNS------------------------------------------NTSYRLI---NCNTSAI-T---QA, 0.0270, 0
0.346321, -98.8452, 174, POINT, V, VKLTPLCVTLNCTDVTNNITD-------------------------------------DMRGELKN----CSFNM-T-TE--LRD-KK-QKE-YALF-YKLDVVQINENQGNRSNNS------------------------------------------NTSYRLI---NCNTSVI-T---QA, 0.1899, 0
0.355284, -0.8197, [74, 79, 82], CHUNK, ['I', 'N', 'I'], VKLTPLCVTLNCTDVTNNITD-------------------------------------DMRGELKN----CSFNI-T-TN--IRD-KK-QKE-YALF-YKLDVVQINENQGNRSNNS------------------------------------------NTSYRLI---NCNTSAI-T---QA, 0.0212, 0
0.341987, -120.0002, [74], CHUNK, ['I'], VKLTPLCVTLNCTDVTNNITD-------------------------------------DMRGELKN----CSFNI-T-TE--LRD-KK-QKE-YALF-YKLDVVQINENQGNRSNNS------------------------------------------NTEYRLI---NCNTSAI-T---QA, 0.0323, 0
0.341946, -119.1134, [74, 79], CHUNK, ['I', 'N'], VKLTPLCVTLNCTDVTNNITD-------------------------------------DMRGELKN----CSFNI-T-TN--LRD-KK-QKE-YALF-YKLDVVQINENQGNRSNNS------------------------------------------NTEYRLI---NCNTSAI-T---QA, 0.0658, 1
0.349228, -93.2384, [174], CHUNK, ['V'], VKLTPLCVTLNCTDVTNNITD-------------------------------------DMRGELKN----CSFNI-T-TN--LRD-KK-QKE-YALF-YKLDVVQINENQGNRSNNS------------------------------------------NTEYRLI---NCNTSVI-T---QA, 0.2218, 0
0.350638, -117.3561, [63], CHUNK, ['I'], VKLTPLCVTLNCTDVTNNITD-------------------------------------DMRGEIKN----CSFNI-T-TN--LRD-KK-QKE-YALF-YKLDVVQINENQGNRSNNS------------------------------------------NTEYRLI---NCNTSAI-T---QA, 0.0658, 0
0.351708, -89.4084, [58, 59, 60, 61, 63], CHUNK, ['T', 'N', 'I', 'T', 'M'], VKLTPLCVTLNCTDVTNNITD-------------------------------------TNITEMKN----CSFNI-T-TN--LRD-KK-QKE-YALF-YKLDVVQINENQGNRSNNS------------------------------------------NTEYRLI---NCNTSAI-T---QA, 0.0665, 0
0.337715, 23.5558, 134, POINT, T, VKLTPLCVTLNCTDVTNNITD-------------------------------------DMRGELKN----CSFNI-T-TN--LRD-KK-QKE-YALF-YKLDVVQINENQGNRSNNT-----------------Q------------------------KTEYRLI---NCNTSAI-T---QA, 1.6138, 0
0.341987, -121.7658, [74], CHUNK, ['I'], VKLTPLCVTLNCTDVTNNITD-------------------------------------DMRGELKN----CSFNI-T-TE--LRD-KK-QKE-YALF-YKLDVVQINENQGNRSNNS------------------------------------------NTEYRLI---NCNTSAI-T---QA, 0.0453, 0
0.336507, -123.4838, 74, POINT, V, VKLTPLCVTLNCTDVTNNITD-------------------------------------DMRGELKN----CSFNV-T-TE--LRD-KK-QKE-YALF-YKLDVVQINENQGNRSNNS------------------------------------------NTEYRLI---NCNTSAI-T---QA, 0.0432, 0
0.341987, -119.5375, [74], CHUNK, ['I'], VKLTPLCVTLNCTDVTNNITD-------------------------------------DMRGELKN----CSFNI-T-TE--LRD-KK-QKE-YALF-YKLDVVQINENQGNRSNNS------------------------------------------NTEYRLI---NCNTSAI-T---QA, 0.0738, 0
0.341987, -120.6027, [74], CHUNK, ['I'], VKLTPLCVTLNCTDVTNNITD-------------------------------------DMRGELKN----CSFNI-T-TE--LRD-KK-QKE-YALF-YKLDVVQINENQGNRSNNS------------------------------------------NTEYRLI---NCNTSAI-T---QA, 0.0590, 0
0.326425, -129.3172, 63, POINT, I, VKLTPLCVTLNCTDVTNNITD-------------------------------------DMRGEIKN----CSFNM-T-TE--LRD-KK-QKV-YALF-YRLDVVQINENQGNRSNNS------------------------------------------NTEYRLI---NCNTSAI-T---QA, 0.0000, 1
0.337817, -76.3337, [74], CHUNK, ['I'], VKLTPLCVTLNCTDVTNNITD-------------------------------------DMRGEIKN----CSFNI-T-TE--LRD-KK-QKV-YALF-YRLDVVQINENQGNRSNNS------------------------------------------NTEYRLI---NCNTSAI-T---QA, 0.1205, 0
0.333229, -127.7224, 99, POINT, K, VKLTPLCVTLNCTDVTNNITD-------------------------------------DMRGEIKN----CSFNM-T-TE--LRD-KK-QKV-YALF-YKLDVVQINENQGNRSNNS------------------------------------------NTEYRLI---NCNTSAI-T---QA, 0.0373, 1
0.348181, 48.2115, [74, 79, 82], CHUNK, ['I', 'S', 'I'], VKLTPLCVTLNCTDVTNNITD-------------------------------------DMRGEIKN----CSFNI-T-TS--IRD-KK-QKV-YALF-YKLDVVQINENQGNRSNNS------------------------------------------NTEYRLI---NCNTSAI-T---QA, 0.1025, 0
0.340252, -127.3109, 161, POINT, S, VKLTPLCVTLNCTDVTNNITD-------------------------------------DMRGEIKN----CSFNM-T-TE--LRD-KK-QKV-YALF-YKLDVVQINENQGNRSNNS------------------------------------------NTSYRLI---NCNTSAI-T---QA, 0.0373, 1
0.345020, -126.9528, 109, POINT, N, VKLTPLCVTLNCTDVTNNITD-------------------------------------DMRGEIKN----CSFNM-T-TE--LRD-KK-QKV-YALF-YKLDVVQINENNGNRSNNS------------------------------------------NTSYRLI---NCNTSAI-T---QA, 0.0373, 1
0.359711, 48.1249, [74, 82], CHUNK, ['I', 'I'], VKLTPLCVTLNCTDVTNNITD-------------------------------------DMRGEIKN----CSFNI-T-TE--IRD-KK-QKV-YALF-YKLDVVQINENNGNRSNNS------------------------------------------NTSYRLI---NCNTSAI-T---QA, 0.0985, 0
0.356412, -73.6529, [74], CHUNK, ['I'], VKLTPLCVTLNCTDVTNNITD-------------------------------------DMRGEIKN----CSFNI-T-TE--LRD-KK-QKV-YALF-YKLDVVQINENNGNRSNNS------------------------------------------NTSYRLI---NCNTSAI-T---QA, 0.0492, 0
0.356412, -72.6211, [74], CHUNK, ['I'], VKLTPLCVTLNCTDVTNNITD-------------------------------------DMRGEIKN----CSFNI-T-TE--LRD-KK-QKV-YALF-YKLDVVQINENNGNRSNNS------------------------------------------NTSYRLI---NCNTSAI-T---QA, 0.0549, 0
0.338277, -113.3847, 122, POINT, T, VKLTPLCVTLNCTDVTNNITD-------------------------------------DMRGEIKN----CSFNM-T-TE--LRD-KK-QKV-YALF-YKLDVVQINENNGNRSNND-----K------------------------------------TTSYRLI---NCNTSAI-T---QA, 1.6076, 1
0.345560, -87.5747, 174, POINT, V, VKLTPLCVTLNCTDVTNNITD-------------------------------------DMRGEIKN----CSFNM-T-TE--LRD-KK-QKV-YALF-YKLDVVQINENNGNRSNND-----K------------------------------------TTSYRLI---NCNTSVI-T---QA, 1.6134, 0
0.345560, -87.3048, 174, POINT, V, VKLTPLCVTLNCTDVTNNITD-------------------------------------DMRGEIKN----CSFNM-T-TE--LRD-KK-QKV-YALF-YKLDVVQINENNGNRSNND-----K------------------------------------TTSYRLI---NCNTSVI-T---QA, 1.6076, 0
0.349093, 474.2119, 133, POINT, T, VKLTPLCVTLNCTDVTNNITD-------------------------------------DMRGEIKN----CSFNM-T-TE--LRD-KK-QKV-YALF-YKLDVVQINENNGNRSNND-----S----------T-------------------------NTSYRLI---NCNTSAI-T---QA, 2.5898, 0
0.345963, 423.3642, 133, POINT, T, VKLTPLCVTLNCTDVTNNITD-------------------------------------DMRGEIKN----CSFNM-T-TE--LRD-KK-QKV-YALF-YKLDVVQINENNGNRSNND-----S----------K-------------------------NTSYRLI---NCNTSAI-T---QA, 2.5895, 0
0.356412, -75.1916, [74], CHUNK, ['I'], VKLTPLCVTLNCTDVTNNITD-------------------------------------DMRGEIKN----CSFNI-T-TE--LRD-KK-QKV-YALF-YKLDVVQINENNGNRSNNS------------------------------------------NTSYRLI---NCNTSAI-T---QA, 0.0826, 0
0.356412, -69.2367, [74], CHUNK, ['I'], VKLTPLCVTLNCTDVTNNITD-------------------------------------DMRGEIKN----CSFNI-T-TE--LRD-KK-QKV-YALF-YKLDVVQINENNGNRSNNS------------------------------------------NTSYRLI---NCNTSAI-T---QA, 0.0884, 0
0.351077, -125.4267, 91, POINT, E, VKLTPLCVTLNCTDVTNNITD-------------------------------------DMRGEIKN----CSFNM-T-TE--LRD-KK-QKE-YALF-YKLDVVQINENNGNRSNNS------------------------------------------NTSYRLI---NCNTSAI-T---QA, 0.0221, 0
0.349740, -127.6200, 112, POINT, N, VKLTPLCVTLNCTDVTNNITD-------------------------------------DMRGEIKN----CSFNM-T-TE--LRD-KK-QKV-YALF-YKLDVVQINENNGNNSNNS------------------------------------------NTSYRLI---NCNTSAI-T---QA, 0.0373, 1
0.361133, -73.8936, [74], CHUNK, ['I'], VKLTPLCVTLNCTDVTNNITD-------------------------------------DMRGEIKN----CSFNI-T-TE--LRD-KK-QKV-YALF-YKLDVVQINENNGNNSNNS------------------------------------------NTSYRLI---NCNTSAI-T---QA, 0.0619, 0
0.349442, 2545.1837, 121, POINT, T, VKLTPLCVTLNCTDVTNNITD-------------------------------------DMRGEIKN----CSFNM-T-TE--LRD-KK-QKV-YALF-YKLDVVQINENNGNNSNNS----V-------------------------------------NTSYRLI---NCNTSAI-T---QA, 1.6470, 0
0.361133, -68.0863, [74], CHUNK, ['I'], VKLTPLCVTLNCTDVTNNITD-------------------------------------DMRGEIKN----CSFNI-T-TE--LRD-KK-QKV-YALF-YKLDVVQINENNGNNSNNS------------------------------------------NTSYRLI---NCNTSAI-T---QA, 0.0805, 0
0.360947, -74.6331, [74, 79], CHUNK, ['I', 'N'], VKLTPLCVTLNCTDVTNNITD-------------------------------------DMRGEIKN----CSFNI-T-TN--LRD-KK-QKV-YALF-YKLDVVQINENNGNNSNNS------------------------------------------NTSYRLI---NCNTSAI-T---QA, 0.0517, 0
0.351077, -125.4146, 91, POINT, E, VKLTPLCVTLNCTDVTNNITD-------------------------------------DMRGEIKN----CSFNM-T-TE--LRD-KK-QKE-YALF-YKLDVVQINENNGNRSNNS------------------------------------------NTSYRLI---NCNTSAI-T---QA, 0.0373, 0
0.356412, -74.3154, [74], CHUNK, ['I'], VKLTPLCVTLNCTDVTNNITD-------------------------------------DMRGEIKN----CSFNI-T-TE--LRD-KK-QKV-YALF-YKLDVVQINENNGNRSNNS------------------------------------------NTSYRLI---NCNTSAI-T---QA, 0.0871, 0
0.340604, -119.3257, 119, POINT, T, VKLTPLCVTLNCTDVTNNITD-------------------------------------DMRGEIKN----CSFNM-T-TE--LRD-KK-QKV-YALF-YKLDVVQINENNGNRSNNS--K---------------------------------------TTSYRLI---NCNTSAI-T---QA, 1.6038, 0
0.351077, -125.4380, 91, POINT, E, VKLTPLCVTLNCTDVTNNITD-------------------------------------DMRGEIKN----CSFNM-T-TE--LRD-KK-QKE-YALF-YKLDVVQINENNGNRSNNS------------------------------------------NTSYRLI---NCNTSAI-T---QA, 0.0416, 1
0.362470, -119.1713, [74], CHUNK, ['I'], VKLTPLCVTLNCTDVTNNITD-------------------------------------DMRGEIKN----CSFNI-T-TE--LRD-KK-QKE-YALF-YKLDVVQINENNGNRSNNS------------------------------------------NTSYRLI---NCNTSAI-T---QA, 0.0794, 0
0.362470, -117.8210, [74], CHUNK, ['I'], VKLTPLCVTLNCTDVTNNITD-------------------------------------DMRGEIKN----CSFNI-T-TE--LRD-KK-QKE-YALF-YKLDVVQINENNGNRSNNS------------------------------------------NTSYRLI---NCNTSAI-T---QA, 0.0822, 0
0.362470, -120.0049, [74], CHUNK, ['I'], VKLTPLCVTLNCTDVTNNITD-------------------------------------DMRGEIKN----CSFNI-T-TE--LRD-KK-QKE-YALF-YKLDVVQINENNGNRSNNS------------------------------------------NTSYRLI---NCNTSAI-T---QA, 0.0284, 0
0.355798, -126.1051, 112, POINT, N, VKLTPLCVTLNCTDVTNNITD-------------------------------------DMRGEIKN----CSFNM-T-TE--LRD-KK-QKE-YALF-YKLDVVQINENNGNNSNNS------------------------------------------NTSYRLI---NCNTSAI-T---QA, 0.0416, 0
0.344274, 2545.9600, 143, POINT, T, VKLTPLCVTLNCTDVTNNITD-------------------------------------DMRGEIKN----CSFNM-T-TE--LRD-KK-QKV-YALF-YKLDVVQINENNGNRSNNS--------------------------V---------------NTSYRLI---NCNTSAI-T---QA, 1.6501, 0
0.356412, -74.9434, [74], CHUNK, ['I'], VKLTPLCVTLNCTDVTNNITD-------------------------------------DMRGEIKN----CSFNI-T-TE--LRD-KK-QKV-YALF-YKLDVVQINENNGNRSNNS------------------------------------------NTSYRLI---NCNTSAI-T---QA, 0.0891, 0
0.362041, 50.3323, [74, 79, 82], CHUNK, ['I', 'N', 'I'], VKLTPLCVTLNCTDVTNNITD-------------------------------------DMRGEIKN----CSFNI-T-TN--IRD-KK-QKV-YALF-YKLDVVQINENNGNRSNNS------------------------------------------NTSYRLI---NCNTSAI-T---QA, 0.0961, 0
0.352302, -101.2111, 174, POINT, V, VKLTPLCVTLNCTDVTNNITD-------------------------------------DMRGEIKN----CSFNM-T-TE--LRD-KK-QKV-YALF-YKLDVVQINENNGNRSNNS------------------------------------------NTSYRLI---NCNTSVI-T---QA, 0.2158, 0
0.351645, -67.5444, [74], CHUNK, ['I'], VKLTPLCVTLNCTDVTNNITD-------------------------------------DMRGEIKN----CSFNI-T-TE--LRD-KK-QKV-YALF-YKLDVVQINENQGNRSNNS------------------------------------------NTSYRLI---NCNTSAI-T---QA, 0.1035, 0
0.346310, -125.7726, 91, POINT, E, VKLTPLCVTLNCTDVTNNITD-------------------------------------DMRGEIKN----CSFNM-T-TE--LRD-KK-QKE-YALF-YKLDVVQINENQGNRSNNS------------------------------------------NTSYRLI---NCNTSAI-T---QA, 0.0373, 1
0.345634, 2546.2546, 134, POINT, T, VKLTPLCVTLNCTDVTNNITD-------------------------------------DMRGEIKN----CSFNM-T-TE--LRD-KK-QKE-YALF-YKLDVVQINENQGNRSNNS-----------------V------------------------NTSYRLI---NCNTSAI-T---QA, 1.6479, 0
0.353592, -99.9574, 174, POINT, V, VKLTPLCVTLNCTDVTNNITD-------------------------------------DMRGEIKN----CSFNM-T-TE--LRD-KK-QKE-YALF-YKLDVVQINENQGNRSNNS------------------------------------------NTSYRLI---NCNTSVI-T---QA, 0.1420, 0
0.357703, -116.3093, 74, POINT, I, VKLTPLCVTLNCTDVTNNITD-------------------------------------DMRGEIKN----CSFNI-T-TE--LRD-KK-QKE-YALF-YKLDVVQINENQGNRSNNS------------------------------------------NTSYRLI---NCNTSAI-T---QA, 0.1026, 0
0.353423, -125.9601, [104, 106, 107, 109, 110], CHUNK, ['P', 'G', 'D', 'N', 'D'], VKLTPLCVTLNCTDVTNNITD-------------------------------------DMRGEIKN----CSFNM-T-TE--LRD-KK-QKE-YALF-YKLDVVPIGDNNDNRSNNS------------------------------------------NTSYRLI---NCNTSAI-T---QA, 0.0373, 0
0.344897, -109.4815, 74, POINT, V, VKLTPLCVTLNCTDVTNNITD-------------------------------------DMRGEIKN----CSFNV-T-TE--LRD-KK-QKV-YALF-YKLDVVQINENQGNRSNNS------------------------------------------NTSYRLI---NCNTSAI-T---QA, 0.0467, 0
0.339577, 2546.7838, 144, POINT, T, VKLTPLCVTLNCTDVTNNITD-------------------------------------DMRGEIKN----CSFNM-T-TE--LRD-KK-QKV-YALF-YKLDVVQINENQGNRSNNS---------------------------V--------------NTSYRLI---NCNTSAI-T---QA, 1.6505, 0
0.349861, -74.2079, [74, 79], CHUNK, ['I', 'S'], VKLTPLCVTLNCTDVTNNITD-------------------------------------DMRGEIKN----CSFNI-T-TS--LRD-KK-QKV-YALF-YKLDVVQINENQGNRSNNS------------------------------------------NTSYRLI---NCNTSAI-T---QA, 0.0601, 0
0.349408, 40.6228, [74, 79, 82], CHUNK, ['I', 'G', 'I'], VKLTPLCVTLNCTDVTNNITD-------------------------------------DMRGEIKN----CSFNI-T-TG--IRD-KK-QKV-YALF-YKLDVVQINENQGNRSNNS------------------------------------------NTSYRLI---NCNTSAI-T---QA, 0.1083, 0
0.340511, -103.0319, [174], CHUNK, ['V'], VKLTPLCVTLNCTDVTNNITD-------------------------------------DMRGEIKN----CSFNM-T-TE--LRD-KK-QKV-YALF-YKLDVVQINENQGNRSNNS------------------------------------------NTEYRLI---NCNTSVI-T---QA, 0.2035, 0
0.344621, -68.3920, [74], CHUNK, ['I'], VKLTPLCVTLNCTDVTNNITD-------------------------------------DMRGEIKN----CSFNI-T-TE--LRD-KK-QKV-YALF-YKLDVVQINENQGNRSNNS------------------------------------------NTEYRLI---NCNTSAI-T---QA, 0.1532, 0
0.339286, -126.1841, 91, POINT, E, VKLTPLCVTLNCTDVTNNITD-------------------------------------DMRGEIKN----CSFNM-T-TE--LRD-KK-QKE-YALF-YKLDVVQINENQGNRSNNS------------------------------------------NTEYRLI---NCNTSAI-T---QA, 0.0373, 1
0.350679, -116.4087, [74], CHUNK, ['I'], VKLTPLCVTLNCTDVTNNITD-------------------------------------DMRGEIKN----CSFNI-T-TE--LRD-KK-QKE-YALF-YKLDVVQINENQGNRSNNS------------------------------------------NTEYRLI---NCNTSAI-T---QA, 0.0942, 1
0.346373, -42.2416, 131, POINT, T, VKLTPLCVTLNCTDVTNNITD-------------------------------------DMRGEIKN----CSFNI-T-TE--LRD-KK-QKE-YALF-YKLDVVQINENQGNRSNNK--------------K---------------------------STEYRLI---NCNTSAI-T---QA, 1.6118, 0
0.348244, -71.7685, 122, POINT, T, VKLTPLCVTLNCTDVTNNITD-------------------------------------DMRGEIKN----CSFNI-T-TE--LRD-KK-QKE-YALF-YKLDVVQINENQGNRSNNS-----K------------------------------------STEYRLI---NCNTSAI-T---QA, 1.6175, 0
0.357962, -92.7477, [174], CHUNK, ['V'], VKLTPLCVTLNCTDVTNNITD-------------------------------------DMRGEIKN----CSFNI-T-TE--LRD-KK-QKE-YALF-YKLDVVQINENQGNRSNNS------------------------------------------NTEYRLI---NCNTSVI-T---QA, 0.1409, 0
0.355446, -118.0449, 109, POINT, N, VKLTPLCVTLNCTDVTNNITD-------------------------------------DMRGEIKN----CSFNI-T-TE--LRD-KK-QKE-YALF-YKLDVVQINENNGNRSNNS------------------------------------------NTEYRLI---NCNTSAI-T---QA, 0.0588, 1
0.362480, -87.8116, [169, 174], CHUNK, ['S', 'V'], VKLTPLCVTLNCTDVTNNITD-------------------------------------DMRGEIKN----CSFNI-T-TE--LRD-KK-QKE-YALF-YKLDVVQINENNGNRSNNS------------------------------------------NTEYRLI---SCNTSVI-T---QA, 0.1529, 0
0.349533, -30.6542, 120, POINT, T, VKLTPLCVTLNCTDVTNNITD-------------------------------------DMRGEIKN----CSFNI-T-TE--LRD-KK-QKE-YALF-YKLDVVQINENNGNRSNNK---K--------------------------------------KTEYRLI---NCNTSAI-T---QA, 1.6189, 0
0.362729, -85.5108, [174], CHUNK, ['V'], VKLTPLCVTLNCTDVTNNITD-------------------------------------DMRGEIKN----CSFNI-T-TE--LRD-KK-QKE-YALF-YKLDVVQINENNGNRSNNS------------------------------------------NTEYRLI---NCNTSVI-T---QA, 0.1784, 0
0.362470, -117.6334, [161], CHUNK, ['S'], VKLTPLCVTLNCTDVTNNITD-------------------------------------DMRGEIKN----CSFNI-T-TE--LRD-KK-QKE-YALF-YKLDVVQINENNGNRSNNS------------------------------------------NTSYRLI---NCNTSAI-T---QA, 0.0588, 0
0.355446, -118.1566, 109, POINT, N, VKLTPLCVTLNCTDVTNNITD-------------------------------------DMRGEIKN----CSFNI-T-TE--LRD-KK-QKE-YALF-YKLDVVQINENNGNRSNNS------------------------------------------NTEYRLI---NCNTSAI-T---QA, 0.0627, 0
0.350085, 15.3428, 118, POINT, T, VKLTPLCVTLNCTDVTNNITD-------------------------------------DMRGEIKN----CSFNI-T-TE--LRD-KK-QKE-YALF-YKLDVVQINENQGNRSNNT-S----------------------------------------KTEYRLI---NCNTSAI-T---QA, 1.6176, 0
0.357962, -89.9994, [174], CHUNK, ['V'], VKLTPLCVTLNCTDVTNNITD-------------------------------------DMRGEIKN----CSFNI-T-TE--LRD-KK-QKE-YALF-YKLDVVQINENQGNRSNNS------------------------------------------NTEYRLI---NCNTSVI-T---QA, 0.1687, 0
0.357962, -92.9339, 174, POINT, V, VKLTPLCVTLNCTDVTNNITD-------------------------------------DMRGEIKN----CSFNI-T-TE--LRD-KK-QKE-YALF-YKLDVVQINENQGNRSNNS------------------------------------------NTEYRLI---NCNTSVI-T---QA, 0.2242, 0
0.346569, -100.1663, 174, POINT, V, VKLTPLCVTLNCTDVTNNITD-------------------------------------DMRGEIKN----CSFNM-T-TE--LRD-KK-QKE-YALF-YKLDVVQINENQGNRSNNS------------------------------------------NTEYRLI---NCNTSVI-T---QA, 0.2162, 0
0.339396, 2545.0200, 120, POINT, T, VKLTPLCVTLNCTDVTNNITD-------------------------------------DMRGEIKN----CSFNM-T-TE--LRD-KK-QKE-YALF-YKLDVVQINENQGNRSNNS---V--------------------------------------NTEYRLI---NCNTSAI-T---QA, 1.6522, 0
0.346310, -125.9405, 161, POINT, S, VKLTPLCVTLNCTDVTNNITD-------------------------------------DMRGEIKN----CSFNM-T-TE--LRD-KK-QKE-YALF-YKLDVVQINENQGNRSNNS------------------------------------------NTSYRLI---NCNTSAI-T---QA, 0.0393, 0
0.343709, -126.3748, 104, POINT, P, VKLTPLCVTLNCTDVTNNITD-------------------------------------DMRGEIKN----CSFNM-T-TE--LRD-KK-QKE-YALF-YKLDVVPINENQGNRSNNS------------------------------------------NTEYRLI---NCNTSAI-T---QA, 0.0373, 1
0.350992, -98.3285, [174], CHUNK, ['V'], VKLTPLCVTLNCTDVTNNITD-------------------------------------DMRGEIKN----CSFNM-T-TE--LRD-KK-QKE-YALF-YKLDVVPINENQGNRSNNS------------------------------------------NTEYRLI---NCNTSVI-T---QA, 0.1673, 0
0.358891, 1.6743, [74, 82], CHUNK, ['I', 'I'], VKLTPLCVTLNCTDVTNNITD-------------------------------------DMRGEIKN----CSFNI-T-TE--IRD-KK-QKE-YALF-YKLDVVPINENQGNRSNNS------------------------------------------NTEYRLI---NCNTSAI-T---QA, 0.0530, 0
0.350733, -125.9633, 161, POINT, S, VKLTPLCVTLNCTDVTNNITD-------------------------------------DMRGEIKN----CSFNM-T-TE--LRD-KK-QKE-YALF-YKLDVVPINENQGNRSNNS------------------------------------------NTSYRLI---NCNTSAI-T---QA, 0.0373, 0
0.350992, -99.9848, [174], CHUNK, ['V'], VKLTPLCVTLNCTDVTNNITD-------------------------------------DMRGEIKN----CSFNM-T-TE--LRD-KK-QKE-YALF-YKLDVVPINENQGNRSNNS------------------------------------------NTEYRLI---NCNTSVI-T---QA, 0.1756, 0
0.350679, -119.3272, [74], CHUNK, ['I'], VKLTPLCVTLNCTDVTNNITD-------------------------------------DMRGEIKN----CSFNI-T-TE--LRD-KK-QKE-YALF-YKLDVVQINENQGNRSNNS------------------------------------------NTEYRLI---NCNTSAI-T---QA, 0.0600, 0
0.331574, 46.5853, 136, POINT, T, VKLTPLCVTLNCTDVTNNITD-------------------------------------DMRGEIKN----CSFNM-T-TE--LRD-KK-QKE-YALF-YKLDVVQINENQGNRSNNE-------------------Q----------------------KTEYRLI---NCNTSAI-T---QA, 1.6148, 0
0.350679, -120.2824, [74], CHUNK, ['I'], VKLTPLCVTLNCTDVTNNITD-------------------------------------DMRGEIKN----CSFNI-T-TE--LRD-KK-QKE-YALF-YKLDVVQINENQGNRSNNS------------------------------------------NTEYRLI---NCNTSAI-T---QA, 0.0463, 0
0.350638, -119.1493, [74, 79], CHUNK, ['I', 'N'], VKLTPLCVTLNCTDVTNNITD-------------------------------------DMRGEIKN----CSFNI-T-TN--LRD-KK-QKE-YALF-YKLDVVQINENQGNRSNNS------------------------------------------NTEYRLI---NCNTSAI-T---QA, 0.0471, 0
0.344621, -67.4265, [74], CHUNK, ['I'], VKLTPLCVTLNCTDVTNNITD-------------------------------------DMRGEIKN----CSFNI-T-TE--LRD-KK-QKV-YALF-YKLDVVQINENQGNRSNNS------------------------------------------NTEYRLI---NCNTSAI-T---QA, 0.0408, 0
0.333093, -56.6983, 118, POINT, T, VKLTPLCVTLNCTDVTNNITD-------------------------------------DMRGEIKN----CSFNM-T-TE--LRD-KK-QKV-YALF-YKLDVVQINENQGNRSNNN-E----------------------------------------TTEYRLI---NCNTSAI-T---QA, 1.6111, 0
0.344436, -67.8752, [74, 79], CHUNK, ['I', 'N'], VKLTPLCVTLNCTDVTNNITD-------------------------------------DMRGEIKN----CSFNI-T-TN--LRD-KK-QKV-YALF-YKLDVVQINENQGNRSNNS------------------------------------------NTEYRLI---NCNTSAI-T---QA, 0.1316, 0
0.340252, -127.3109, 161, POINT, S, VKLTPLCVTLNCTDVTNNITD-------------------------------------DMRGEIKN----CSFNM-T-TE--LRD-KK-QKV-YALF-YKLDVVQINENQGNRSNNS------------------------------------------NTSYRLI---NCNTSAI-T---QA, 0.0373, 1
0.351645, -82.5940, 74, POINT, I, VKLTPLCVTLNCTDVTNNITD-------------------------------------DMRGEIKN----CSFNI-T-TE--LRD-KK-QKV-YALF-YKLDVVQINENQGNRSNNS------------------------------------------NTSYRLI---NCNTSAI-T---QA, 0.0484, 0
0.348972, -99.3247, [169, 174], CHUNK, ['S', 'V'], VKLTPLCVTLNCTDVTNNITD-------------------------------------DMRGEIKN----CSFNM-T-TE--LRD-KK-QKV-YALF-YKLDVVQINENQGNRSNNS------------------------------------------NTSYRLI---SCNTSVI-T---QA, 0.1446, 0
0.349861, -73.0305, [74, 79], CHUNK, ['I', 'S'], VKLTPLCVTLNCTDVTNNITD-------------------------------------DMRGEIKN----CSFNI-T-TS--LRD-KK-QKV-YALF-YKLDVVQINENQGNRSNNS------------------------------------------NTSYRLI---NCNTSAI-T---QA, 0.0860, 0
0.347535, -98.1698, 174, POINT, V, VKLTPLCVTLNCTDVTNNITD-------------------------------------DMRGEIKN----CSFNM-T-TE--LRD-KK-QKV-YALF-YKLDVVQINENQGNRSNNS------------------------------------------NTSYRLI---NCNTSVI-T---QA, 0.1805, 0
0.340922, -72.4663, [74, 79], CHUNK, ['I', 'T'], VKLTPLCVTLNCTDVTNNITD-------------------------------------DMRGEIKN----CSFNI-T-TT--LRD-KK-QKV-YALF-YKLDVVQINENQGNRSNNS------------------------------------------NTEYRLI---NCNTSAI-T---QA, 0.0676, 0
0.344621, -73.5260, [74], CHUNK, ['I'], VKLTPLCVTLNCTDVTNNITD-------------------------------------DMRGEIKN----CSFNI-T-TE--LRD-KK-QKV-YALF-YKLDVVQINENQGNRSNNS------------------------------------------NTEYRLI---NCNTSAI-T---QA, 0.0709, 0
0.339286, -126.1841, 91, POINT, E, VKLTPLCVTLNCTDVTNNITD-------------------------------------DMRGEIKN----CSFNM-T-TE--LRD-KK-QKE-YALF-YKLDVVQINENQGNRSNNS------------------------------------------NTEYRLI---NCNTSAI-T---QA, 0.0373, 0
0.339286, -126.1841, 91, POINT, E, VKLTPLCVTLNCTDVTNNITD-------------------------------------DMRGEIKN----CSFNM-T-TE--LRD-KK-QKE-YALF-YKLDVVQINENQGNRSNNS------------------------------------------NTEYRLI---NCNTSAI-T---QA, 0.0373, 1
0.356952, 5.0637, [74, 79, 82], CHUNK, ['I', 'N', 'I'], VKLTPLCVTLNCTDVTNNITD-------------------------------------DMRGEIKN----CSFNI-T-TN--IRD-KK-QKE-YALF-YKLDVVQINENQGNRSNNS------------------------------------------NTEYRLI---NCNTSAI-T---QA, 0.0813, 0
0.350679, -117.9592, [74], CHUNK, ['I'], VKLTPLCVTLNCTDVTNNITD-------------------------------------DMRGEIKN----CSFNI-T-TE--LRD-KK-QKE-YALF-YKLDVVQINENQGNRSNNS------------------------------------------NTEYRLI---NCNTSAI-T---QA, 0.0576, 0
0.346569, -98.6001, [174], CHUNK, ['V'], VKLTPLCVTLNCTDVTNNITD-------------------------------------DMRGEIKN----CSFNM-T-TE--LRD-KK-QKE-YALF-YKLDVVQINENQGNRSNNS------------------------------------------NTEYRLI---NCNTSVI-T---QA, 0.1819, 0
0.350679, -118.8859, [74], CHUNK, ['I'], VKLTPLCVTLNCTDVTNNITD-------------------------------------DMRGEIKN----CSFNI-T-TE--LRD-KK-QKE-YALF-YKLDVVQINENQGNRSNNS------------------------------------------NTEYRLI---NCNTSAI-T---QA, 0.0593, 0
0.344621, -74.0832, [74], CHUNK, ['I'], VKLTPLCVTLNCTDVTNNITD-------------------------------------DMRGEIKN----CSFNI-T-TE--LRD-KK-QKV-YALF-YKLDVVQINENQGNRSNNS------------------------------------------NTEYRLI---NCNTSAI-T---QA, 0.0396, 0
0.340252, -127.3109, 161, POINT, S, VKLTPLCVTLNCTDVTNNITD-------------------------------------DMRGEIKN----CSFNM-T-TE--LRD-KK-QKV-YALF-YKLDVVQINENQGNRSNNS------------------------------------------NTSYRLI---NCNTSAI-T---QA, 0.0373, 1
0.351645, -74.4089, [74], CHUNK, ['I'], VKLTPLCVTLNCTDVTNNITD-------------------------------------DMRGEIKN----CSFNI-T-TE--LRD-KK-QKV-YALF-YKLDVVQINENQGNRSNNS------------------------------------------NTSYRLI---NCNTSAI-T---QA, 0.0536, 0
0.355205, 49.0432, [74, 79, 82], CHUNK, ['I', 'S', 'I'], VKLTPLCVTLNCTDVTNNITD-------------------------------------DMRGEIKN----CSFNI-T-TS--IRD-KK-QKV-YALF-YKLDVVQINENQGNRSNNS------------------------------------------NTSYRLI---NCNTSAI-T---QA, 0.0906, 0
0.344675, -127.5016, 104, POINT, P, VKLTPLCVTLNCTDVTNNITD-------------------------------------DMRGEIKN----CSFNM-T-TE--LRD-KK-QKV-YALF-YKLDVVPINENQGNRSNNS------------------------------------------NTSYRLI---NCNTSAI-T---QA, 0.0373, 0
0.346310, -125.7726, 91, POINT, E, VKLTPLCVTLNCTDVTNNITD-------------------------------------DMRGEIKN----CSFNM-T-TE--LRD-KK-QKE-YALF-YKLDVVQINENQGNRSNNS------------------------------------------NTSYRLI---NCNTSAI-T---QA, 0.0373, 0
0.337652, -127.9131, 104, POINT, P, VKLTPLCVTLNCTDVTNNITD-------------------------------------DMRGEIKN----CSFNM-T-TE--LRD-KK-QKV-YALF-YKLDVVPINENQGNRSNNS------------------------------------------NTEYRLI---NCNTSAI-T---QA, 0.0373, 0
0.329872, 20.1253, 123, POINT, T, VKLTPLCVTLNCTDVTNNITD-------------------------------------DMRGEIKN----CSFNM-T-TE--LRD-KK-QKV-YALF-YKLDVVQINENQGNRSNNS------S-----------------------------------QTEYRLI---NCNTSAI-T---QA, 1.6132, 0
0.337996, -127.3643, 109, POINT, N, VKLTPLCVTLNCTDVTNNITD-------------------------------------DMRGEIKN----CSFNM-T-TE--LRD-KK-QKV-YALF-YKLDVVQINENNGNRSNNS------------------------------------------NTEYRLI---NCNTSAI-T---QA, 0.0373, 1
0.345278, -100.5895, 174, POINT, V, VKLTPLCVTLNCTDVTNNITD-------------------------------------DMRGEIKN----CSFNM-T-TE--LRD-KK-QKV-YALF-YKLDVVQINENNGNRSNNS------------------------------------------NTEYRLI---NCNTSVI-T---QA, 0.2183, 0
0.349389, -75.4154, [74], CHUNK, ['I'], VKLTPLCVTLNCTDVTNNITD-------------------------------------DMRGEIKN----CSFNI-T-TE--LRD-KK-QKV-YALF-YKLDVVQINENNGNRSNNS------------------------------------------NTEYRLI---NCNTSAI-T---QA, 0.0945, 0
0.345278, -100.1572, 174, POINT, V, VKLTPLCVTLNCTDVTNNITD-------------------------------------DMRGEIKN----CSFNM-T-TE--LRD-KK-QKV-YALF-YKLDVVQINENNGNRSNNS------------------------------------------NTEYRLI---NCNTSVI-T---QA, 0.1980, 0
0.345278, -98.9342, [174], CHUNK, ['V'], VKLTPLCVTLNCTDVTNNITD-------------------------------------DMRGEIKN----CSFNM-T-TE--LRD-KK-QKV-YALF-YKLDVVQINENNGNRSNNS------------------------------------------NTEYRLI---NCNTSVI-T---QA, 0.1226, 0
0.344621, -74.5242, [74], CHUNK, ['I'], VKLTPLCVTLNCTDVTNNITD-------------------------------------DMRGEIKN----CSFNI-T-TE--LRD-KK-QKV-YALF-YKLDVVQINENQGNRSNNS------------------------------------------NTEYRLI---NCNTSAI-T---QA, 0.0630, 0
0.348181, 46.0931, [74, 79, 82], CHUNK, ['I', 'S', 'I'], VKLTPLCVTLNCTDVTNNITD-------------------------------------DMRGEIKN----CSFNI-T-TS--IRD-KK-QKV-YALF-YKLDVVQINENQGNRSNNS------------------------------------------NTEYRLI---NCNTSAI-T---QA, 0.1033, 0
0.337873, -111.2717, 74, POINT, V, VKLTPLCVTLNCTDVTNNITD-------------------------------------DMRGEIKN----CSFNV-T-TE--LRD-KK-QKV-YALF-YKLDVVQINENQGNRSNNS------------------------------------------NTEYRLI---NCNTSAI-T---QA, 0.0497, 0
0.340511, -102.5007, 174, POINT, V, VKLTPLCVTLNCTDVTNNITD-------------------------------------DMRGEIKN----CSFNM-T-TE--LRD-KK-QKV-YALF-YKLDVVQINENQGNRSNNS------------------------------------------NTEYRLI---NCNTSVI-T---QA, 0.1931, 0
0.324389, -120.0458, 129, POINT, T, VKLTPLCVTLNCTDVTNNITD-------------------------------------DMRGEIKN----CSFNM-T-TE--LRD-KK-QKV-YALF-YRLDVVQINENQGNRSNNS------------S-----------------------------KTEYRLI---NCNTSAI-T---QA, 1.6153, 0
0.337817, -77.8265, [74], CHUNK, ['I'], VKLTPLCVTLNCTDVTNNITD-------------------------------------DMRGEIKN----CSFNI-T-TE--LRD-KK-QKV-YALF-YRLDVVQINENQGNRSNNS------------------------------------------NTEYRLI---NCNTSAI-T---QA, 0.0882, 0
0.337817, -77.1480, [74], CHUNK, ['I'], VKLTPLCVTLNCTDVTNNITD-------------------------------------DMRGEIKN----CSFNI-T-TE--LRD-KK-QKV-YALF-YRLDVVQINENQGNRSNNS------------------------------------------NTEYRLI---NCNTSAI-T---QA, 0.0723, 0
0.331395, -127.7886, 91, POINT, E, VKLTPLCVTLNCTDVTNNITD-------------------------------------DMRGEIKN----CSFNM-T-TE--LRD-KK-QKE-YALF-YRLDVVQINENQGNRSNNS------------------------------------------NTEYRLI---NCNTSAI-T---QA, 0.0000, 0
