Name base = V1V2_200_exp_1_7_ni
Iters = 200
Soft coverage = 0.284621885725
Energy = -128.717377515
Hard Covereage = 0.0368019545157
Num epitopes = 65
Initial seq = VKLTPLCVTLQCTNVTNNITD-------------------------------------DMRGELKN----CSFNM-T-TE--LRD-KK-QKV-YSLF-YRLDVVQINENQGNRSNNS------------------------------------------NKEYRLI---NCNTSAI-T---QA
-------START OF DATA------
0.289705, -128.1409, 160, POINT, T, VKLTPLCVTLQCTNVTNNITD-------------------------------------DMRGELKN----CSFNM-T-TE--LRD-KK-QKV-YSLF-YRLDVVQINENQGNRSNNS------------------------------------------NTEYRLI---NCNTSAI-T---QA, 0.0000, 1
0.293453, -128.5655, 104, POINT, P, VKLTPLCVTLQCTNVTNNITD-------------------------------------DMRGELKN----CSFNM-T-TE--LRD-KK-QKV-YSLF-YRLDVVPINENQGNRSNNS------------------------------------------NTEYRLI---NCNTSAI-T---QA, 0.1236, 1
0.317120, -128.5003, [10], CHUNK, ['N'], VKLTPLCVTLNCTNVTNNITD-------------------------------------DMRGELKN----CSFNM-T-TE--LRD-KK-QKV-YSLF-YRLDVVPINENQGNRSNNS------------------------------------------NTEYRLI---NCNTSAI-T---QA, 0.1236, 1
0.322102, -128.1927, [109], CHUNK, ['N'], VKLTPLCVTLNCTNVTNNITD-------------------------------------DMRGELKN----CSFNM-T-TE--LRD-KK-QKV-YSLF-YRLDVVPINENNGNRSNNS------------------------------------------NTEYRLI---NCNTSAI-T---QA, 0.1236, 1
0.327396, -126.6968, [99], CHUNK, ['K'], VKLTPLCVTLNCTNVTNNITD-------------------------------------DMRGELKN----CSFNM-T-TE--LRD-KK-QKV-YSLF-YKLDVVPINENNGNRSNNS------------------------------------------NTEYRLI---NCNTSAI-T---QA, 0.1236, 0
0.329126, -127.7812, [161], CHUNK, ['S'], VKLTPLCVTLNCTNVTNNITD-------------------------------------DMRGELKN----CSFNM-T-TE--LRD-KK-QKV-YSLF-YRLDVVPINENNGNRSNNS------------------------------------------NTSYRLI---NCNTSAI-T---QA, 0.1236, 1
0.336397, -126.3241, 63, POINT, I, VKLTPLCVTLNCTNVTNNITD-------------------------------------DMRGEIKN----CSFNM-T-TE--LRD-KK-QKV-YSLF-YRLDVVPINENNGNRSNNS------------------------------------------NTSYRLI---NCNTSAI-T---QA, 0.1236, 1
0.339217, -123.0490, [20], CHUNK, ['T'], VKLTPLCVTLNCTNVTNNITT-------------------------------------DMRGEIKN----CSFNM-T-TE--LRD-KK-QKV-YSLF-YRLDVVPINENNGNRSNNS------------------------------------------NTSYRLI---NCNTSAI-T---QA, 0.1236, 0
0.344779, -126.5019, [94], CHUNK, ['A'], VKLTPLCVTLNCTNVTNNITD-------------------------------------DMRGEIKN----CSFNM-T-TE--LRD-KK-QKV-YALF-YRLDVVPINENNGNRSNNS------------------------------------------NTSYRLI---NCNTSAI-T---QA, 0.1236, 1
0.346943, -124.1603, 18, POINT, N, VKLTPLCVTLNCTNVTNNNTD-------------------------------------DMRGEIKN----CSFNM-T-TE--LRD-KK-QKV-YALF-YRLDVVPINENNGNRSNNS------------------------------------------NTSYRLI---NCNTSAI-T---QA, 0.1236, 1
0.358335, -77.5314, [74], CHUNK, ['I'], VKLTPLCVTLNCTNVTNNNTD-------------------------------------DMRGEIKN----CSFNI-T-TE--LRD-KK-QKV-YALF-YRLDVVPINENNGNRSNNS------------------------------------------NTSYRLI---NCNTSAI-T---QA, 1.3196, 0
0.354225, -109.6614, [174], CHUNK, ['V'], VKLTPLCVTLNCTNVTNNNTD-------------------------------------DMRGEIKN----CSFNM-T-TE--LRD-KK-QKV-YALF-YRLDVVPINENNGNRSNNS------------------------------------------NTSYRLI---NCNTSVI-T---QA, 0.5157, 0
0.348524, -123.3628, 107, POINT, S, VKLTPLCVTLNCTNVTNNNTD-------------------------------------DMRGEIKN----CSFNM-T-TE--LRD-KK-QKV-YALF-YRLDVVPINSNNGNRSNNS------------------------------------------NTSYRLI---NCNTSAI-T---QA, 0.1236, 0
0.354225, -98.7710, 174, POINT, V, VKLTPLCVTLNCTNVTNNNTD-------------------------------------DMRGEIKN----CSFNM-T-TE--LRD-KK-QKV-YALF-YRLDVVPINENNGNRSNNS------------------------------------------NTSYRLI---NCNTSVI-T---QA, 0.4778, 0
0.346948, -123.5910, 174, POINT, T, VKLTPLCVTLNCTNVTNNITD-------------------------------------DMRGEIKN----CSFNM-T-TE--LRD-KK-QKV-YALF-YRLDVVPINENNGNRSNNS------------------------------------------NTSYRLI---NCNTSTI-T---QA, 0.1236, 1
0.351147, -123.7037, 107, POINT, N, VKLTPLCVTLNCTNVTNNITD-------------------------------------DMRGEIKN----CSFNM-T-TE--LRD-KK-QKV-YALF-YRLDVVPINNNNGNRSNNS------------------------------------------NTSYRLI---NCNTSTI-T---QA, 0.1236, 0
0.348664, -121.5980, [14], CHUNK, ['N'], VKLTPLCVTLNCTNNTNNITD-------------------------------------DMRGEIKN----CSFNM-T-TE--LRD-KK-QKV-YALF-YRLDVVPINENNGNRSNNS------------------------------------------NTSYRLI---NCNTSTI-T---QA, 0.1236, 1
0.352864, -121.8470, 107, POINT, N, VKLTPLCVTLNCTNNTNNITD-------------------------------------DMRGEIKN----CSFNM-T-TE--LRD-KK-QKV-YALF-YRLDVVPINNNNGNRSNNS------------------------------------------NTSYRLI---NCNTSTI-T---QA, 0.1498, 0
0.353635, -120.0755, 91, POINT, E, VKLTPLCVTLNCTNNTNNITD-------------------------------------DMRGEIKN----CSFNM-T-TE--LRD-KK-QKE-YALF-YRLDVVPINENNGNRSNNS------------------------------------------NTSYRLI---NCNTSTI-T---QA, 0.1236, 0
0.353373, -121.9958, [110], CHUNK, ['T'], VKLTPLCVTLNCTNNTNNITD-------------------------------------DMRGEIKN----CSFNM-T-TE--LRD-KK-QKV-YALF-YRLDVVPINENNTNRSNNS------------------------------------------NTSYRLI---NCNTSTI-T---QA, 0.1236, 0
0.351981, -119.4052, 20, POINT, T, VKLTPLCVTLNCTNNTNNITT-------------------------------------DMRGEIKN----CSFNM-T-TE--LRD-KK-QKV-YALF-YRLDVVPINENNGNRSNNS------------------------------------------NTSYRLI---NCNTSTI-T---QA, 0.0948, 1
0.363374, -89.3291, 74, POINT, I, VKLTPLCVTLNCTNNTNNITT-------------------------------------DMRGEIKN----CSFNI-T-TE--LRD-KK-QKV-YALF-YRLDVVPINENNGNRSNNS------------------------------------------NTSYRLI---NCNTSTI-T---QA, 0.6261, 0
0.356715, -120.0647, [112], CHUNK, ['N'], VKLTPLCVTLNCTNNTNNITT-------------------------------------DMRGEIKN----CSFNM-T-TE--LRD-KK-QKV-YALF-YRLDVVPINENNGNNSNNS------------------------------------------NTSYRLI---NCNTSTI-T---QA, 0.0948, 1
0.360155, -117.7133, 18, POINT, N, VKLTPLCVTLNCTNNTNNNTT-------------------------------------DMRGEIKN----CSFNM-T-TE--LRD-KK-QKV-YALF-YRLDVVPINENNGNNSNNS------------------------------------------NTSYRLI---NCNTSTI-T---QA, 0.0948, 0
0.364194, -118.1800, [99], CHUNK, ['K'], VKLTPLCVTLNCTNNTNNITT-------------------------------------DMRGEIKN----CSFNM-T-TE--LRD-KK-QKV-YALF-YKLDVVPINENNGNNSNNS------------------------------------------NTSYRLI---NCNTSTI-T---QA, 0.0948, 0
0.361149, -120.1776, 107, POINT, N, VKLTPLCVTLNCTNNTNNITT-------------------------------------DMRGEIKN----CSFNM-T-TE--LRD-KK-QKV-YALF-YRLDVVPINNNNGNNSNNS------------------------------------------NTSYRLI---NCNTSTI-T---QA, 0.0948, 0
0.358387, -21.4684, [82], CHUNK, ['I'], VKLTPLCVTLNCTNNTNNITT-------------------------------------DMRGEIKN----CSFNM-T-TE--IRD-KK-QKV-YALF-YRLDVVPINENNGNNSNNS------------------------------------------NTSYRLI---NCNTSTI-T---QA, 0.3775, 0
0.354585, -118.4458, 59, POINT, T, VKLTPLCVTLNCTNNTNNITT-------------------------------------DTRGEIKN----CSFNM-T-TE--LRD-KK-QKV-YALF-YRLDVVPINENNGNRSNNS------------------------------------------NTSYRLI---NCNTSTI-T---QA, 0.0948, 0
0.353754, -118.6046, [116], CHUNK, ['N'], VKLTPLCVTLNCTNNTNNITT-------------------------------------DMRGEIKN----CSFNM-T-TE--LRD-KK-QKV-YALF-YRLDVVPINENNGNRSNNN------------------------------------------NTSYRLI---NCNTSTI-T---QA, 0.0948, 1
0.365147, -73.4483, 74, POINT, I, VKLTPLCVTLNCTNNTNNITT-------------------------------------DMRGEIKN----CSFNI-T-TE--LRD-KK-QKV-YALF-YRLDVVPINENNGNRSNNN------------------------------------------NTSYRLI---NCNTSTI-T---QA, 0.5970, 0
0.355426, -0.9043, [82], CHUNK, ['I'], VKLTPLCVTLNCTNNTNNITT-------------------------------------DMRGEIKN----CSFNM-T-TE--IRD-KK-QKV-YALF-YRLDVVPINENNGNRSNNN------------------------------------------NTSYRLI---NCNTSTI-T---QA, 0.4859, 0
0.358867, -102.1805, [174], CHUNK, ['V'], VKLTPLCVTLNCTNNTNNITT-------------------------------------DMRGEIKN----CSFNM-T-TE--LRD-KK-QKV-YALF-YRLDVVPINENNGNRSNNN------------------------------------------NTSYRLI---NCNTSVI-T---QA, 0.6797, 0
0.358867, -84.4265, 174, POINT, V, VKLTPLCVTLNCTNNTNNITT-------------------------------------DMRGEIKN----CSFNM-T-TE--LRD-KK-QKV-YALF-YRLDVVPINENNGNRSNNN------------------------------------------NTSYRLI---NCNTSVI-T---QA, 0.5584, 0
0.356054, -115.2023, [74], CHUNK, ['T'], VKLTPLCVTLNCTNNTNNITT-------------------------------------DMRGEIKN----CSFNT-T-TE--LRD-KK-QKV-YALF-YRLDVVPINENNGNRSNNS------------------------------------------NTSYRLI---NCNTSTI-T---QA, 0.0948, 1
0.357380, -113.0120, [60], CHUNK, ['K'], VKLTPLCVTLNCTNNTNNITT-------------------------------------DMKGEIKN----CSFNT-T-TE--LRD-KK-QKV-YALF-YRLDVVPINENNGNRSNNS------------------------------------------NTSYRLI---NCNTSTI-T---QA, 0.0948, 1
0.362113, -113.6715, [112], CHUNK, ['N'], VKLTPLCVTLNCTNNTNNITT-------------------------------------DMKGEIKN----CSFNT-T-TE--LRD-KK-QKV-YALF-YRLDVVPINENNGNNSNNS------------------------------------------NTSYRLI---NCNTSTI-T---QA, 0.0948, 0
0.364701, -88.5496, [74], CHUNK, ['I'], VKLTPLCVTLNCTNNTNNITT-------------------------------------DMKGEIKN----CSFNI-T-TE--LRD-KK-QKV-YALF-YRLDVVPINENNGNRSNNS------------------------------------------NTSYRLI---NCNTSTI-T---QA, 0.5921, 0
0.360159, -110.5857, 58, POINT, T, VKLTPLCVTLNCTNNTNNITT-------------------------------------TMKGEIKN----CSFNT-T-TE--LRD-KK-QKV-YALF-YRLDVVPINENNGNRSNNS------------------------------------------NTSYRLI---NCNTSTI-T---QA, 0.0948, 0
0.362351, -112.6132, [91], CHUNK, ['E'], VKLTPLCVTLNCTNNTNNITT-------------------------------------DMKGEIKN----CSFNT-T-TE--LRD-KK-QKE-YALF-YRLDVVPINENNGNRSNNS------------------------------------------NTSYRLI---NCNTSTI-T---QA, 0.0948, 0
0.360448, -116.6963, [110], CHUNK, ['N'], VKLTPLCVTLNCTNNTNNITT-------------------------------------DMRGEIKN----CSFNT-T-TE--LRD-KK-QKV-YALF-YRLDVVPINENNNNRSNNS------------------------------------------NTSYRLI---NCNTSTI-T---QA, 0.0948, 1
0.364853, -116.8646, [107], CHUNK, ['N'], VKLTPLCVTLNCTNNTNNITT-------------------------------------DMRGEIKN----CSFNT-T-TE--LRD-KK-QKV-YALF-YRLDVVPINNNNNNRSNNS------------------------------------------NTSYRLI---NCNTSTI-T---QA, 0.0948, 0
0.367768, -53.0778, 74, POINT, I, VKLTPLCVTLNCTNNTNNITT-------------------------------------DMRGEIKN----CSFNI-T-TE--LRD-KK-QKV-YALF-YRLDVVPINENNNNRSNNS------------------------------------------NTSYRLI---NCNTSTI-T---QA, 0.5852, 0
0.367927, -114.8116, 99, POINT, K, VKLTPLCVTLNCTNNTNNITT-------------------------------------DMRGEIKN----CSFNT-T-TE--LRD-KK-QKV-YALF-YKLDVVPINENNNNRSNNS------------------------------------------NTSYRLI---NCNTSTI-T---QA, 0.0948, 0
0.365561, -98.8258, [174], CHUNK, ['V'], VKLTPLCVTLNCTNNTNNITT-------------------------------------DMRGEIKN----CSFNT-T-TE--LRD-KK-QKV-YALF-YRLDVVPINENNNNRSNNS------------------------------------------NTSYRLI---NCNTSVI-T---QA, 0.4307, 0
0.361024, -114.8035, 91, POINT, E, VKLTPLCVTLNCTNNTNNITT-------------------------------------DMRGEIKN----CSFNT-T-TE--LRD-KK-QKE-YALF-YRLDVVPINENNGNRSNNS------------------------------------------NTSYRLI---NCNTSTI-T---QA, 0.0948, 0
0.363533, -113.8965, 99, POINT, K, VKLTPLCVTLNCTNNTNNITT-------------------------------------DMRGEIKN----CSFNT-T-TE--LRD-KK-QKV-YALF-YKLDVVPINENNGNRSNNS------------------------------------------NTSYRLI---NCNTSTI-T---QA, 0.1221, 0
0.363533, -114.3375, 99, POINT, K, VKLTPLCVTLNCTNNTNNITT-------------------------------------DMRGEIKN----CSFNT-T-TE--LRD-KK-QKV-YALF-YKLDVVPINENNGNRSNNS------------------------------------------NTSYRLI---NCNTSTI-T---QA, 0.1008, 0
0.363533, -113.3177, 99, POINT, K, VKLTPLCVTLNCTNNTNNITT-------------------------------------DMRGEIKN----CSFNT-T-TE--LRD-KK-QKV-YALF-YKLDVVPINENNGNRSNNS------------------------------------------NTSYRLI---NCNTSTI-T---QA, 0.0948, 0
0.356715, -120.0647, [112], CHUNK, ['N'], VKLTPLCVTLNCTNNTNNITT-------------------------------------DMRGEIKN----CSFNM-T-TE--LRD-KK-QKV-YALF-YRLDVVPINENNGNNSNNS------------------------------------------NTSYRLI---NCNTSTI-T---QA, 0.0948, 1
0.361828, -97.1824, [174], CHUNK, ['V'], VKLTPLCVTLNCTNNTNNITT-------------------------------------DMRGEIKN----CSFNM-T-TE--LRD-KK-QKV-YALF-YRLDVVPINENNGNNSNNS------------------------------------------NTSYRLI---NCNTSVI-T---QA, 0.5081, 0
0.364194, -118.1800, 99, POINT, K, VKLTPLCVTLNCTNNTNNITT-------------------------------------DMRGEIKN----CSFNM-T-TE--LRD-KK-QKV-YALF-YKLDVVPINENNGNNSNNS------------------------------------------NTSYRLI---NCNTSTI-T---QA, 0.0948, 0
0.361828, -98.7497, 174, POINT, V, VKLTPLCVTLNCTNNTNNITT-------------------------------------DMRGEIKN----CSFNM-T-TE--LRD-KK-QKV-YALF-YRLDVVPINENNGNNSNNS------------------------------------------NTSYRLI---NCNTSVI-T---QA, 0.4197, 0
0.361828, -98.2866, 174, POINT, V, VKLTPLCVTLNCTNNTNNITT-------------------------------------DMRGEIKN----CSFNM-T-TE--LRD-KK-QKV-YALF-YRLDVVPINENNGNNSNNS------------------------------------------NTSYRLI---NCNTSVI-T---QA, 0.3927, 0
0.354812, -116.6776, [58], CHUNK, ['T'], VKLTPLCVTLNCTNNTNNITT-------------------------------------TMRGEIKN----CSFNM-T-TE--LRD-KK-QKV-YALF-YRLDVVPINENNGNRSNNS------------------------------------------NTSYRLI---NCNTSTI-T---QA, 0.0948, 1
0.359456, -93.0462, 74, POINT, V, VKLTPLCVTLNCTNNTNNITT-------------------------------------TMRGEIKN----CSFNV-T-TE--LRD-KK-QKV-YALF-YRLDVVPINENNGNRSNNS------------------------------------------NTSYRLI---NCNTSTI-T---QA, 0.2844, 0
0.359925, -96.5043, 174, POINT, V, VKLTPLCVTLNCTNNTNNITT-------------------------------------TMRGEIKN----CSFNM-T-TE--LRD-KK-QKV-YALF-YRLDVVPINENNGNRSNNS------------------------------------------NTSYRLI---NCNTSVI-T---QA, 0.3457, 0
0.366205, -62.6214, [74], CHUNK, ['I'], VKLTPLCVTLNCTNNTNNITT-------------------------------------TMRGEIKN----CSFNI-T-TE--LRD-KK-QKV-YALF-YRLDVVPINENNGNRSNNS------------------------------------------NTSYRLI---NCNTSTI-T---QA, 0.4807, 0
0.358738, -114.3149, 18, POINT, N, VKLTPLCVTLNCTNNTNNNTT-------------------------------------TMRGEIKN----CSFNM-T-TE--LRD-KK-QKV-YALF-YRLDVVPINENNGNRSNNS------------------------------------------NTSYRLI---NCNTSTI-T---QA, 0.0948, 0
0.356376, -120.8991, [110], CHUNK, ['N'], VKLTPLCVTLNCTNNTNNITT-------------------------------------DMRGEIKN----CSFNM-T-TE--LRD-KK-QKV-YALF-YRLDVVPINENNNNRSNNS------------------------------------------NTSYRLI---NCNTSTI-T---QA, 0.0948, 1
0.359816, -118.5478, 18, POINT, N, VKLTPLCVTLNCTNNTNNNTT-------------------------------------DMRGEIKN----CSFNM-T-TE--LRD-KK-QKV-YALF-YRLDVVPINENNNNRSNNS------------------------------------------NTSYRLI---NCNTSTI-T---QA, 0.0948, 1
0.367295, -116.6632, 99, POINT, K, VKLTPLCVTLNCTNNTNNNTT-------------------------------------DMRGEIKN----CSFNM-T-TE--LRD-KK-QKV-YALF-YKLDVVPINENNNNRSNNS------------------------------------------NTSYRLI---NCNTSTI-T---QA, 0.0948, 0
0.364460, -90.0167, 74, POINT, V, VKLTPLCVTLNCTNNTNNNTT-------------------------------------DMRGEIKN----CSFNV-T-TE--LRD-KK-QKV-YALF-YRLDVVPINENNNNRSNNS------------------------------------------NTSYRLI---NCNTSTI-T---QA, 0.4414, 0
0.364220, -118.7320, 107, POINT, N, VKLTPLCVTLNCTNNTNNNTT-------------------------------------DMRGEIKN----CSFNM-T-TE--LRD-KK-QKV-YALF-YRLDVVPINNNNNNRSNNS------------------------------------------NTSYRLI---NCNTSTI-T---QA, 0.1349, 0
0.364220, -118.7161, [107], CHUNK, ['N'], VKLTPLCVTLNCTNNTNNNTT-------------------------------------DMRGEIKN----CSFNM-T-TE--LRD-KK-QKV-YALF-YRLDVVPINNNNNNRSNNS------------------------------------------NTSYRLI---NCNTSTI-T---QA, 0.0948, 0
0.361346, -119.3716, 91, POINT, E, VKLTPLCVTLNCTNNTNNITT-------------------------------------DMRGEIKN----CSFNM-T-TE--LRD-KK-QKE-YALF-YRLDVVPINENNNNRSNNS------------------------------------------NTSYRLI---NCNTSTI-T---QA, 0.0948, 1
0.365990, -93.1375, 74, POINT, V, VKLTPLCVTLNCTNNTNNITT-------------------------------------DMRGEIKN----CSFNV-T-TE--LRD-KK-QKE-YALF-YRLDVVPINENNNNRSNNS------------------------------------------NTSYRLI---NCNTSTI-T---QA, 0.4061, 0
0.365751, -119.5399, [107], CHUNK, ['N'], VKLTPLCVTLNCTNNTNNITT-------------------------------------DMRGEIKN----CSFNM-T-TE--LRD-KK-QKE-YALF-YRLDVVPINNNNNNRSNNS------------------------------------------NTSYRLI---NCNTSTI-T---QA, 0.0948, 0
0.365990, -99.5294, 74, POINT, V, VKLTPLCVTLNCTNNTNNITT-------------------------------------DMRGEIKN----CSFNV-T-TE--LRD-KK-QKE-YALF-YRLDVVPINENNNNRSNNS------------------------------------------NTSYRLI---NCNTSTI-T---QA, 0.3896, 0
0.372739, -98.3730, 74, POINT, I, VKLTPLCVTLNCTNNTNNITT-------------------------------------DMRGEIKN----CSFNI-T-TE--LRD-KK-QKE-YALF-YRLDVVPINENNNNRSNNS------------------------------------------NTSYRLI---NCNTSTI-T---QA, 0.4708, 0
0.361489, -101.6152, [174], CHUNK, ['V'], VKLTPLCVTLNCTNNTNNITT-------------------------------------DMRGEIKN----CSFNM-T-TE--LRD-KK-QKV-YALF-YRLDVVPINENNNNRSNNS------------------------------------------NTSYRLI---NCNTSVI-T---QA, 0.6341, 0
0.361489, -97.1438, [174], CHUNK, ['V'], VKLTPLCVTLNCTNNTNNITT-------------------------------------DMRGEIKN----CSFNM-T-TE--LRD-KK-QKV-YALF-YRLDVVPINENNNNRSNNS------------------------------------------NTSYRLI---NCNTSVI-T---QA, 0.3848, 0
0.358240, -121.0703, 16, POINT, T, VKLTPLCVTLNCTNNTTNITT-------------------------------------DMRGEIKN----CSFNM-T-TE--LRD-KK-QKV-YALF-YRLDVVPINENNNNRSNNS------------------------------------------NTSYRLI---NCNTSTI-T---QA, 0.0948, 0
0.361346, -119.3716, 91, POINT, E, VKLTPLCVTLNCTNNTNNITT-------------------------------------DMRGEIKN----CSFNM-T-TE--LRD-KK-QKE-YALF-YRLDVVPINENNNNRSNNS------------------------------------------NTSYRLI---NCNTSTI-T---QA, 0.0948, 1
0.362370, -118.9206, [58], CHUNK, ['E'], VKLTPLCVTLNCTNNTNNITT-------------------------------------EMRGEIKN----CSFNM-T-TE--LRD-KK-QKE-YALF-YRLDVVPINENNNNRSNNS------------------------------------------NTSYRLI---NCNTSTI-T---QA, 0.0948, 0
0.369912, -117.4870, [99], CHUNK, ['K'], VKLTPLCVTLNCTNNTNNITT-------------------------------------DMRGEIKN----CSFNM-T-TE--LRD-KK-QKE-YALF-YKLDVVPINENNNNRSNNS------------------------------------------NTSYRLI---NCNTSTI-T---QA, 0.0948, 0
0.365990, -107.0193, [74], CHUNK, ['V'], VKLTPLCVTLNCTNNTNNITT-------------------------------------DMRGEIKN----CSFNV-T-TE--LRD-KK-QKE-YALF-YRLDVVPINENNNNRSNNS------------------------------------------NTSYRLI---NCNTSTI-T---QA, 0.3870, 0
0.372739, -108.8430, 74, POINT, I, VKLTPLCVTLNCTNNTNNITT-------------------------------------DMRGEIKN----CSFNI-T-TE--LRD-KK-QKE-YALF-YRLDVVPINENNNNRSNNS------------------------------------------NTSYRLI---NCNTSTI-T---QA, 0.1109, 0
0.361411, -121.5586, [112], CHUNK, ['N'], VKLTPLCVTLNCTNNTNNITT-------------------------------------DMRGEIKN----CSFNM-T-TE--LRD-KK-QKV-YALF-YRLDVVPINENNNNNSNNS------------------------------------------NTSYRLI---NCNTSTI-T---QA, 0.0948, 0
0.358048, -5.5952, 82, POINT, I, VKLTPLCVTLNCTNNTNNITT-------------------------------------DMRGEIKN----CSFNM-T-TE--IRD-KK-QKV-YALF-YRLDVVPINENNNNRSNNS------------------------------------------NTSYRLI---NCNTSTI-T---QA, 0.1887, 0
0.361346, -119.3716, [91], CHUNK, ['E'], VKLTPLCVTLNCTNNTNNITT-------------------------------------DMRGEIKN----CSFNM-T-TE--LRD-KK-QKE-YALF-YRLDVVPINENNNNRSNNS------------------------------------------NTSYRLI---NCNTSTI-T---QA, 0.0948, 0
0.360673, -120.5103, [112], CHUNK, ['S'], VKLTPLCVTLNCTNNTNNITT-------------------------------------DMRGEIKN----CSFNM-T-TE--LRD-KK-QKV-YALF-YRLDVVPINENNNNSSNNS------------------------------------------NTSYRLI---NCNTSTI-T---QA, 0.0948, 1
0.368152, -118.6257, [99], CHUNK, ['K'], VKLTPLCVTLNCTNNTNNITT-------------------------------------DMRGEIKN----CSFNM-T-TE--LRD-KK-QKV-YALF-YKLDVVPINENNNNSSNNS------------------------------------------NTSYRLI---NCNTSTI-T---QA, 0.0948, 1
0.374210, -117.0981, 91, POINT, E, VKLTPLCVTLNCTNNTNNITT-------------------------------------DMRGEIKN----CSFNM-T-TE--LRD-KK-QKE-YALF-YKLDVVPINENNNNSSNNS------------------------------------------NTSYRLI---NCNTSTI-T---QA, 0.0948, 0
0.369576, -117.8529, 107, POINT, S, VKLTPLCVTLNCTNNTNNITT-------------------------------------DMRGEIKN----CSFNM-T-TE--LRD-KK-QKV-YALF-YKLDVVPINSNNNNSSNNS------------------------------------------NTSYRLI---NCNTSTI-T---QA, 0.0948, 0
0.374210, -117.0981, 91, POINT, E, VKLTPLCVTLNCTNNTNNITT-------------------------------------DMRGEIKN----CSFNM-T-TE--LRD-KK-QKE-YALF-YKLDVVPINENNNNSSNNS------------------------------------------NTSYRLI---NCNTSTI-T---QA, 0.0948, 0
0.379545, -69.4544, [74], CHUNK, ['I'], VKLTPLCVTLNCTNNTNNITT-------------------------------------DMRGEIKN----CSFNI-T-TE--LRD-KK-QKV-YALF-YKLDVVPINENNNNSSNNS------------------------------------------NTSYRLI---NCNTSTI-T---QA, 0.8343, 0
0.364113, -118.1590, 18, POINT, N, VKLTPLCVTLNCTNNTNNNTT-------------------------------------DMRGEIKN----CSFNM-T-TE--LRD-KK-QKV-YALF-YRLDVVPINENNNNSSNNS------------------------------------------NTSYRLI---NCNTSTI-T---QA, 0.0948, 0
0.365786, -104.4297, 174, POINT, V, VKLTPLCVTLNCTNNTNNITT-------------------------------------DMRGEIKN----CSFNM-T-TE--LRD-KK-QKV-YALF-YRLDVVPINENNNNSSNNS------------------------------------------NTSYRLI---NCNTSVI-T---QA, 0.5903, 0
0.372066, -96.2919, [74], CHUNK, ['I'], VKLTPLCVTLNCTNNTNNITT-------------------------------------DMRGEIKN----CSFNI-T-TE--LRD-KK-QKV-YALF-YRLDVVPINENNNNSSNNS------------------------------------------NTSYRLI---NCNTSTI-T---QA, 0.5387, 0
0.365644, -118.9828, 91, POINT, E, VKLTPLCVTLNCTNNTNNITT-------------------------------------DMRGEIKN----CSFNM-T-TE--LRD-KK-QKE-YALF-YRLDVVPINENNNNSSNNS------------------------------------------NTSYRLI---NCNTSTI-T---QA, 0.0948, 0
0.361020, -94.3268, 74, POINT, V, VKLTPLCVTLNCTNNTNNITT-------------------------------------DMRGEIKN----CSFNV-T-TE--LRD-KK-QKV-YALF-YRLDVVPINENNNNRSNNS------------------------------------------NTSYRLI---NCNTSTI-T---QA, 0.3344, 0
0.361346, -119.3716, [91], CHUNK, ['E'], VKLTPLCVTLNCTNNTNNITT-------------------------------------DMRGEIKN----CSFNM-T-TE--LRD-KK-QKE-YALF-YRLDVVPINENNNNRSNNS------------------------------------------NTSYRLI---NCNTSTI-T---QA, 0.0948, 1
0.372739, -102.5417, [74], CHUNK, ['I'], VKLTPLCVTLNCTNNTNNITT-------------------------------------DMRGEIKN----CSFNI-T-TE--LRD-KK-QKE-YALF-YRLDVVPINENNNNRSNNS------------------------------------------NTSYRLI---NCNTSTI-T---QA, 0.2251, 0
0.365990, -98.2575, [74], CHUNK, ['V'], VKLTPLCVTLNCTNNTNNITT-------------------------------------DMRGEIKN----CSFNV-T-TE--LRD-KK-QKE-YALF-YRLDVVPINENNNNRSNNS------------------------------------------NTSYRLI---NCNTSTI-T---QA, 0.5275, 0
0.364786, -117.0203, 18, POINT, N, VKLTPLCVTLNCTNNTNNNTT-------------------------------------DMRGEIKN----CSFNM-T-TE--LRD-KK-QKE-YALF-YRLDVVPINENNNNRSNNS------------------------------------------NTSYRLI---NCNTSTI-T---QA, 0.0948, 1
0.373353, -115.1356, [99], CHUNK, ['K'], VKLTPLCVTLNCTNNTNNNTT-------------------------------------DMRGEIKN----CSFNM-T-TE--LRD-KK-QKE-YALF-YKLDVVPINENNNNRSNNS------------------------------------------NTSYRLI---NCNTSTI-T---QA, 0.0948, 0
0.376179, -94.2842, [74], CHUNK, ['I'], VKLTPLCVTLNCTNNTNNNTT-------------------------------------DMRGEIKN----CSFNI-T-TE--LRD-KK-QKE-YALF-YRLDVVPINENNNNRSNNS------------------------------------------NTSYRLI---NCNTSTI-T---QA, 0.4880, 0
0.365263, -110.2399, [60], CHUNK, ['I'], VKLTPLCVTLNCTNNTNNNTT-------------------------------------DMIGEIKN----CSFNM-T-TE--LRD-KK-QKE-YALF-YRLDVVPINENNNNRSNNS------------------------------------------NTSYRLI---NCNTSTI-T---QA, 0.0948, 0
0.376179, -87.1952, 74, POINT, I, VKLTPLCVTLNCTNNTNNNTT-------------------------------------DMRGEIKN----CSFNI-T-TE--LRD-KK-QKE-YALF-YRLDVVPINENNNNRSNNS------------------------------------------NTSYRLI---NCNTSTI-T---QA, 0.5443, 0
0.362672, -117.1813, [60], CHUNK, ['K'], VKLTPLCVTLNCTNNTNNITT-------------------------------------DMKGEIKN----CSFNM-T-TE--LRD-KK-QKE-YALF-YRLDVVPINENNNNRSNNS------------------------------------------NTSYRLI---NCNTSTI-T---QA, 0.0948, 1
0.362727, -116.9852, 89, POINT, K, VKLTPLCVTLNCTNNTNNITT-------------------------------------DMKGEIKN----CSFNM-T-TE--LRD-KK-KKE-YALF-YRLDVVPINENNNNRSNNS------------------------------------------NTSYRLI---NCNTSTI-T---QA, 0.0948, 0
0.365573, -115.6453, [18], CHUNK, ['T'], VKLTPLCVTLNCTNNTNNTTT-------------------------------------DMKGEIKN----CSFNM-T-TE--LRD-KK-QKE-YALF-YRLDVVPINENNNNRSNNS------------------------------------------NTSYRLI---NCNTSTI-T---QA, 0.0948, 0
0.366264, -114.8304, 18, POINT, N, VKLTPLCVTLNCTNNTNNNTT-------------------------------------DMKGEIKN----CSFNM-T-TE--LRD-KK-QKE-YALF-YRLDVVPINENNNNRSNNS------------------------------------------NTSYRLI---NCNTSTI-T---QA, 0.0948, 1
0.370908, -88.1510, 74, POINT, V, VKLTPLCVTLNCTNNTNNNTT-------------------------------------DMKGEIKN----CSFNV-T-TE--LRD-KK-QKE-YALF-YRLDVVPINENNNNRSNNS------------------------------------------NTSYRLI---NCNTSTI-T---QA, 0.5332, 0
0.374830, -113.0185, [99], CHUNK, ['K'], VKLTPLCVTLNCTNNTNNNTT-------------------------------------DMKGEIKN----CSFNM-T-TE--LRD-KK-QKE-YALF-YKLDVVPINENNNNRSNNS------------------------------------------NTSYRLI---NCNTSTI-T---QA, 0.0948, 0
0.374830, -113.0185, [99], CHUNK, ['K'], VKLTPLCVTLNCTNNTNNNTT-------------------------------------DMKGEIKN----CSFNM-T-TE--LRD-KK-QKE-YALF-YKLDVVPINENNNNRSNNS------------------------------------------NTSYRLI---NCNTSTI-T---QA, 0.0948, 0
0.370908, -100.4428, [74], CHUNK, ['V'], VKLTPLCVTLNCTNNTNNNTT-------------------------------------DMKGEIKN----CSFNV-T-TE--LRD-KK-QKE-YALF-YRLDVVPINENNNNRSNNS------------------------------------------NTSYRLI---NCNTSTI-T---QA, 0.2243, 0
0.367786, -99.3548, 174, POINT, V, VKLTPLCVTLNCTNNTNNITT-------------------------------------DMKGEIKN----CSFNM-T-TE--LRD-KK-QKE-YALF-YRLDVVPINENNNNRSNNS------------------------------------------NTSYRLI---NCNTSVI-T---QA, 0.3582, 0
0.362953, -116.6555, 87, POINT, V, VKLTPLCVTLNCTNNTNNITT-------------------------------------DMKGEIKN----CSFNM-T-TE--LRD-KV-QKE-YALF-YRLDVVPINENNNNRSNNS------------------------------------------NTSYRLI---NCNTSTI-T---QA, 0.0948, 0
0.367786, -89.6290, [174], CHUNK, ['V'], VKLTPLCVTLNCTNNTNNITT-------------------------------------DMKGEIKN----CSFNM-T-TE--LRD-KK-QKE-YALF-YRLDVVPINENNNNRSNNS------------------------------------------NTSYRLI---NCNTSVI-T---QA, 0.4167, 0
0.371239, -115.6178, 99, POINT, K, VKLTPLCVTLNCTNNTNNITT-------------------------------------DMKGEIKN----CSFNM-T-TE--LRD-KK-QKE-YALF-YKLDVVPINENNNNRSNNS------------------------------------------NTSYRLI---NCNTSTI-T---QA, 0.1238, 0
0.366459, -94.8073, 174, POINT, V, VKLTPLCVTLNCTNNTNNITT-------------------------------------DMRGEIKN----CSFNM-T-TE--LRD-KK-QKE-YALF-YRLDVVPINENNNNRSNNS------------------------------------------NTSYRLI---NCNTSVI-T---QA, 0.6365, 0
0.365751, -119.5399, 107, POINT, N, VKLTPLCVTLNCTNNTNNITT-------------------------------------DMRGEIKN----CSFNM-T-TE--LRD-KK-QKE-YALF-YRLDVVPINNNNNNRSNNS------------------------------------------NTSYRLI---NCNTSTI-T---QA, 0.0948, 0
0.366459, -97.2274, [174], CHUNK, ['V'], VKLTPLCVTLNCTNNTNNITT-------------------------------------DMRGEIKN----CSFNM-T-TE--LRD-KK-QKE-YALF-YRLDVVPINENNNNRSNNS------------------------------------------NTSYRLI---NCNTSVI-T---QA, 0.3518, 0
0.372739, -102.2727, [74], CHUNK, ['I'], VKLTPLCVTLNCTNNTNNITT-------------------------------------DMRGEIKN----CSFNI-T-TE--LRD-KK-QKE-YALF-YRLDVVPINENNNNRSNNS------------------------------------------NTSYRLI---NCNTSTI-T---QA, 0.2660, 0
0.360780, -121.0674, [107], CHUNK, ['N'], VKLTPLCVTLNCTNNTNNITT-------------------------------------DMRGEIKN----CSFNM-T-TE--LRD-KK-QKV-YALF-YRLDVVPINNNNNNRSNNS------------------------------------------NTSYRLI---NCNTSTI-T---QA, 0.0948, 1
0.372173, -91.1853, 74, POINT, I, VKLTPLCVTLNCTNNTNNITT-------------------------------------DMRGEIKN----CSFNI-T-TE--LRD-KK-QKV-YALF-YRLDVVPINNNNNNRSNNS------------------------------------------NTSYRLI---NCNTSTI-T---QA, 0.2711, 0
0.372173, -73.8647, 74, POINT, I, VKLTPLCVTLNCTNNTNNITT-------------------------------------DMRGEIKN----CSFNI-T-TE--LRD-KK-QKV-YALF-YRLDVVPINNNNNNRSNNS------------------------------------------NTSYRLI---NCNTSTI-T---QA, 0.3772, 0
0.365751, -119.5399, 91, POINT, E, VKLTPLCVTLNCTNNTNNITT-------------------------------------DMRGEIKN----CSFNM-T-TE--LRD-KK-QKE-YALF-YRLDVVPINNNNNNRSNNS------------------------------------------NTSYRLI---NCNTSTI-T---QA, 0.0948, 0
0.363500, -119.5310, 18, POINT, T, VKLTPLCVTLNCTNNTNNTTT-------------------------------------DMRGEIKN----CSFNM-T-TE--LRD-KK-QKV-YALF-YRLDVVPINNNNNNRSNNS------------------------------------------NTSYRLI---NCNTSTI-T---QA, 0.0948, 0
0.359206, -118.1716, 58, POINT, T, VKLTPLCVTLNCTNNTNNITT-------------------------------------TMRGEIKN----CSFNM-T-TE--LRD-KK-QKV-YALF-YRLDVVPINENNNNRSNNS------------------------------------------NTSYRLI---NCNTSTI-T---QA, 0.0948, 0
0.367768, -73.3513, [74], CHUNK, ['I'], VKLTPLCVTLNCTNNTNNITT-------------------------------------DMRGEIKN----CSFNI-T-TE--LRD-KK-QKV-YALF-YRLDVVPINENNNNRSNNS------------------------------------------NTSYRLI---NCNTSTI-T---QA, 0.6437, 0
0.363855, -119.1840, 99, POINT, K, VKLTPLCVTLNCTNNTNNITT-------------------------------------DMRGEIKN----CSFNM-T-TE--LRD-KK-QKV-YALF-YKLDVVPINENNNNRSNNS------------------------------------------NTSYRLI---NCNTSTI-T---QA, 0.1528, 0
0.361346, -119.3716, 91, POINT, E, VKLTPLCVTLNCTNNTNNITT-------------------------------------DMRGEIKN----CSFNM-T-TE--LRD-KK-QKE-YALF-YRLDVVPINENNNNRSNNS------------------------------------------NTSYRLI---NCNTSTI-T---QA, 0.0948, 1
0.365418, -116.3599, [74], CHUNK, ['T'], VKLTPLCVTLNCTNNTNNITT-------------------------------------DMRGEIKN----CSFNT-T-TE--LRD-KK-QKE-YALF-YRLDVVPINENNNNRSNNS------------------------------------------NTSYRLI---NCNTSTI-T---QA, 0.0948, 0
0.369912, -117.4870, [99], CHUNK, ['K'], VKLTPLCVTLNCTNNTNNITT-------------------------------------DMRGEIKN----CSFNM-T-TE--LRD-KK-QKE-YALF-YKLDVVPINENNNNRSNNS------------------------------------------NTSYRLI---NCNTSTI-T---QA, 0.0948, 0
0.365751, -119.5399, 107, POINT, N, VKLTPLCVTLNCTNNTNNITT-------------------------------------DMRGEIKN----CSFNM-T-TE--LRD-KK-QKE-YALF-YRLDVVPINNNNNNRSNNS------------------------------------------NTSYRLI---NCNTSTI-T---QA, 0.0948, 1
0.377143, -109.6115, 74, POINT, I, VKLTPLCVTLNCTNNTNNITT-------------------------------------DMRGEIKN----CSFNI-T-TE--LRD-KK-QKE-YALF-YRLDVVPINNNNNNRSNNS------------------------------------------NTSYRLI---NCNTSTI-T---QA, 0.2210, 0
0.368581, -116.8124, 58, POINT, T, VKLTPLCVTLNCTNNTNNITT-------------------------------------TMRGEIKN----CSFNM-T-TE--LRD-KK-QKE-YALF-YRLDVVPINNNNNNRSNNS------------------------------------------NTSYRLI---NCNTSTI-T---QA, 0.0948, 0
0.370864, -94.7387, 174, POINT, V, VKLTPLCVTLNCTNNTNNITT-------------------------------------DMRGEIKN----CSFNM-T-TE--LRD-KK-QKE-YALF-YRLDVVPINNNNNNRSNNS------------------------------------------NTSYRLI---NCNTSVI-T---QA, 0.3612, 0
0.366741, -118.1843, 18, POINT, S, VKLTPLCVTLNCTNNTNNSTT-------------------------------------DMRGEIKN----CSFNM-T-TE--LRD-KK-QKE-YALF-YRLDVVPINNNNNNRSNNS------------------------------------------NTSYRLI---NCNTSTI-T---QA, 0.0948, 0
0.365990, -111.2755, [74], CHUNK, ['V'], VKLTPLCVTLNCTNNTNNITT-------------------------------------DMRGEIKN----CSFNV-T-TE--LRD-KK-QKE-YALF-YRLDVVPINENNNNRSNNS------------------------------------------NTSYRLI---NCNTSTI-T---QA, 0.1515, 0
0.365751, -119.5399, [107], CHUNK, ['N'], VKLTPLCVTLNCTNNTNNITT-------------------------------------DMRGEIKN----CSFNM-T-TE--LRD-KK-QKE-YALF-YRLDVVPINNNNNNRSNNS------------------------------------------NTSYRLI---NCNTSTI-T---QA, 0.0948, 0
0.361401, -119.1756, 89, POINT, K, VKLTPLCVTLNCTNNTNNITT-------------------------------------DMRGEIKN----CSFNM-T-TE--LRD-KK-KKE-YALF-YRLDVVPINENNNNRSNNS------------------------------------------NTSYRLI---NCNTSTI-T---QA, 0.0948, 0
0.363721, -118.5893, [58], CHUNK, ['S'], VKLTPLCVTLNCTNNTNNITT-------------------------------------SMRGEIKN----CSFNM-T-TE--LRD-KK-QKE-YALF-YRLDVVPINENNNNRSNNS------------------------------------------NTSYRLI---NCNTSTI-T---QA, 0.1375, 0
0.367768, -78.3426, 74, POINT, I, VKLTPLCVTLNCTNNTNNITT-------------------------------------DMRGEIKN----CSFNI-T-TE--LRD-KK-QKV-YALF-YRLDVVPINENNNNRSNNS------------------------------------------NTSYRLI---NCNTSTI-T---QA, 0.8258, 0
0.361020, -100.9822, [74], CHUNK, ['V'], VKLTPLCVTLNCTNNTNNITT-------------------------------------DMRGEIKN----CSFNV-T-TE--LRD-KK-QKV-YALF-YRLDVVPINENNNNRSNNS------------------------------------------NTSYRLI---NCNTSTI-T---QA, 0.3475, 0
0.357465, -121.2158, [59], CHUNK, ['E'], VKLTPLCVTLNCTNNTNNITT-------------------------------------DERGEIKN----CSFNM-T-TE--LRD-KK-QKV-YALF-YRLDVVPINENNNNRSNNS------------------------------------------NTSYRLI---NCNTSTI-T---QA, 0.0948, 1
0.368858, -48.3826, [74], CHUNK, ['I'], VKLTPLCVTLNCTNNTNNITT-------------------------------------DERGEIKN----CSFNI-T-TE--LRD-KK-QKV-YALF-YRLDVVPINENNNNRSNNS------------------------------------------NTSYRLI---NCNTSTI-T---QA, 0.4004, 0
0.362435, -119.6883, 91, POINT, E, VKLTPLCVTLNCTNNTNNITT-------------------------------------DERGEIKN----CSFNM-T-TE--LRD-KK-QKE-YALF-YRLDVVPINENNNNRSNNS------------------------------------------NTSYRLI---NCNTSTI-T---QA, 0.0948, 1
0.373828, -107.5822, 74, POINT, I, VKLTPLCVTLNCTNNTNNITT-------------------------------------DERGEIKN----CSFNI-T-TE--LRD-KK-QKE-YALF-YRLDVVPINENNNNRSNNS------------------------------------------NTSYRLI---NCNTSTI-T---QA, 0.2251, 0
0.366123, -117.9609, [18], CHUNK, ['N'], VKLTPLCVTLNCTNNTNNNTT-------------------------------------DERGEIKN----CSFNM-T-TE--LRD-KK-QKE-YALF-YRLDVVPINENNNNRSNNS------------------------------------------NTSYRLI---NCNTSTI-T---QA, 0.0948, 1
0.366601, -115.4686, 60, POINT, S, VKLTPLCVTLNCTNNTNNNTT-------------------------------------DESGEIKN----CSFNM-T-TE--LRD-KK-QKE-YALF-YRLDVVPINENNNNRSNNS------------------------------------------NTSYRLI---NCNTSTI-T---QA, 0.0948, 1
0.366656, -115.2726, 89, POINT, K, VKLTPLCVTLNCTNNTNNNTT-------------------------------------DESGEIKN----CSFNM-T-TE--LRD-KK-KKE-YALF-YRLDVVPINENNNNRSNNS------------------------------------------NTSYRLI---NCNTSTI-T---QA, 0.0948, 0
0.368764, -18.8362, 82, POINT, I, VKLTPLCVTLNCTNNTNNNTT-------------------------------------DESGEIKN----CSFNM-T-TE--IRD-KK-QKE-YALF-YRLDVVPINENNNNRSNNS------------------------------------------NTSYRLI---NCNTSTI-T---QA, 0.6566, 0
0.377994, -92.9737, [74], CHUNK, ['I'], VKLTPLCVTLNCTNNTNNNTT-------------------------------------DESGEIKN----CSFNI-T-TE--LRD-KK-QKE-YALF-YRLDVVPINENNNNRSNNS------------------------------------------NTSYRLI---NCNTSTI-T---QA, 0.3771, 0
0.377994, -89.3168, 74, POINT, I, VKLTPLCVTLNCTNNTNNNTT-------------------------------------DESGEIKN----CSFNI-T-TE--LRD-KK-QKE-YALF-YRLDVVPINENNNNRSNNS------------------------------------------NTSYRLI---NCNTSTI-T---QA, 0.4369, 0
0.370195, -114.9491, 74, POINT, T, VKLTPLCVTLNCTNNTNNNTT-------------------------------------DERGEIKN----CSFNT-T-TE--LRD-KK-QKE-YALF-YRLDVVPINENNNNRSNNS------------------------------------------NTSYRLI---NCNTSTI-T---QA, 0.0948, 0
0.371236, -96.4015, 174, POINT, V, VKLTPLCVTLNCTNNTNNNTT-------------------------------------DERGEIKN----CSFNM-T-TE--LRD-KK-QKE-YALF-YRLDVVPINENNNNRSNNS------------------------------------------NTSYRLI---NCNTSVI-T---QA, 0.3114, 0
0.377516, -100.1318, [74], CHUNK, ['I'], VKLTPLCVTLNCTNNTNNNTT-------------------------------------DERGEIKN----CSFNI-T-TE--LRD-KK-QKE-YALF-YRLDVVPINENNNNRSNNS------------------------------------------NTSYRLI---NCNTSTI-T---QA, 0.2567, 0
0.368071, -115.7712, 60, POINT, K, VKLTPLCVTLNCTNNTNNNTT-------------------------------------DEKGEIKN----CSFNM-T-TE--LRD-KK-QKE-YALF-YRLDVVPINENNNNRSNNS------------------------------------------NTSYRLI---NCNTSTI-T---QA, 0.0948, 0
0.367079, -104.5601, 74, POINT, V, VKLTPLCVTLNCTNNTNNITT-------------------------------------DERGEIKN----CSFNV-T-TE--LRD-KK-QKE-YALF-YRLDVVPINENNNNRSNNS------------------------------------------NTSYRLI---NCNTSTI-T---QA, 0.2979, 0
0.373828, -106.0218, 74, POINT, I, VKLTPLCVTLNCTNNTNNITT-------------------------------------DERGEIKN----CSFNI-T-TE--LRD-KK-QKE-YALF-YRLDVVPINENNNNRSNNS------------------------------------------NTSYRLI---NCNTSTI-T---QA, 0.3372, 0
0.366840, -119.8566, [107], CHUNK, ['N'], VKLTPLCVTLNCTNNTNNITT-------------------------------------DERGEIKN----CSFNM-T-TE--LRD-KK-QKE-YALF-YRLDVVPINNNNNNRSNNS------------------------------------------NTSYRLI---NCNTSTI-T---QA, 0.0948, 0
0.373828, -101.0990, 74, POINT, I, VKLTPLCVTLNCTNNTNNITT-------------------------------------DERGEIKN----CSFNI-T-TE--LRD-KK-QKE-YALF-YRLDVVPINENNNNRSNNS------------------------------------------NTSYRLI---NCNTSTI-T---QA, 0.4390, 0
0.361869, -121.3841, [107], CHUNK, ['N'], VKLTPLCVTLNCTNNTNNITT-------------------------------------DERGEIKN----CSFNM-T-TE--LRD-KK-QKV-YALF-YRLDVVPINNNNNNRSNNS------------------------------------------NTSYRLI---NCNTSTI-T---QA, 0.0948, 1
0.363542, -23.3007, 82, POINT, I, VKLTPLCVTLNCTNNTNNITT-------------------------------------DERGEIKN----CSFNM-T-TE--IRD-KK-QKV-YALF-YRLDVVPINNNNNNRSNNS------------------------------------------NTSYRLI---NCNTSTI-T---QA, 0.6599, 0
0.361979, -114.5960, [60], CHUNK, ['I'], VKLTPLCVTLNCTNNTNNITT-------------------------------------DEIGEIKN----CSFNM-T-TE--LRD-KK-QKV-YALF-YRLDVVPINNNNNNRSNNS------------------------------------------NTSYRLI---NCNTSTI-T---QA, 0.0948, 0
0.366514, -96.8068, [74], CHUNK, ['V'], VKLTPLCVTLNCTNNTNNITT-------------------------------------DERGEIKN----CSFNV-T-TE--LRD-KK-QKV-YALF-YRLDVVPINNNNNNRSNNS------------------------------------------NTSYRLI---NCNTSTI-T---QA, 0.4580, 1
0.370757, -96.4137, [112], CHUNK, ['S'], VKLTPLCVTLNCTNNTNNITT-------------------------------------DERGEIKN----CSFNV-T-TE--LRD-KK-QKV-YALF-YRLDVVPINNNNNNSSNNS------------------------------------------NTSYRLI---NCNTSTI-T---QA, 0.4580, 0
0.371627, -83.4181, 174, POINT, V, VKLTPLCVTLNCTNNTNNITT-------------------------------------DERGEIKN----CSFNV-T-TE--LRD-KK-QKV-YALF-YRLDVVPINNNNNNRSNNS------------------------------------------NTSYRLI---NCNTSVI-T---QA, 0.4204, 0
0.371484, -100.6993, 91, POINT, E, VKLTPLCVTLNCTNNTNNITT-------------------------------------DERGEIKN----CSFNV-T-TE--LRD-KK-QKE-YALF-YRLDVVPINNNNNNRSNNS------------------------------------------NTSYRLI---NCNTSTI-T---QA, 0.4580, 0
0.374134, -95.9700, 99, POINT, K, VKLTPLCVTLNCTNNTNNITT-------------------------------------DERGEIKN----CSFNV-T-TE--LRD-KK-QKV-YALF-YKLDVVPINNNNNNRSNNS------------------------------------------NTSYRLI---NCNTSTI-T---QA, 0.4580, 1
0.374233, -102.6208, 106, POINT, D, VKLTPLCVTLNCTNNTNNITT-------------------------------------DERGEIKN----CSFNV-T-TE--LRD-KK-QKV-YALF-YKLDVVPIDNNNNNRSNNS------------------------------------------NTSYRLI---NCNTSTI-T---QA, 0.4440, 0
0.380882, -65.4998, 74, POINT, I, VKLTPLCVTLNCTNNTNNITT-------------------------------------DERGEIKN----CSFNI-T-TE--LRD-KK-QKV-YALF-YKLDVVPINNNNNNRSNNS------------------------------------------NTSYRLI---NCNTSTI-T---QA, 0.6058, 0
0.375937, -96.9783, 60, POINT, K, VKLTPLCVTLNCTNNTNNITT-------------------------------------DEKGEIKN----CSFNV-T-TE--LRD-KK-QKV-YALF-YKLDVVPINNNNNNRSNNS------------------------------------------NTSYRLI---NCNTSTI-T---QA, 0.4457, 0
0.380882, -58.5367, 74, POINT, I, VKLTPLCVTLNCTNNTNNITT-------------------------------------DERGEIKN----CSFNI-T-TE--LRD-KK-QKV-YALF-YKLDVVPINNNNNNRSNNS------------------------------------------NTSYRLI---NCNTSTI-T---QA, 0.5089, 0
0.369376, -98.4848, 18, POINT, T, VKLTPLCVTLNCTNNTNNTTT-------------------------------------DERGEIKN----CSFNV-T-TE--LRD-KK-QKV-YALF-YRLDVVPINNNNNNRSNNS------------------------------------------NTSYRLI---NCNTSTI-T---QA, 0.3671, 0
0.371627, -81.3035, [174], CHUNK, ['V'], VKLTPLCVTLNCTNNTNNITT-------------------------------------DERGEIKN----CSFNV-T-TE--LRD-KK-QKV-YALF-YRLDVVPINNNNNNRSNNS------------------------------------------NTSYRLI---NCNTSVI-T---QA, 0.6843, 0
0.371484, -101.9840, 91, POINT, E, VKLTPLCVTLNCTNNTNNITT-------------------------------------DERGEIKN----CSFNV-T-TE--LRD-KK-QKE-YALF-YRLDVVPINNNNNNRSNNS------------------------------------------NTSYRLI---NCNTSTI-T---QA, 0.3715, 0
0.371828, -101.1408, [112], CHUNK, ['N'], VKLTPLCVTLNCTNNTNNITT-------------------------------------DERGEIKN----CSFNV-T-TE--LRD-KK-QKV-YALF-YRLDVVPINNNNNNNSNNS------------------------------------------NTSYRLI---NCNTSTI-T---QA, 0.4276, 0
0.361979, -114.5960, 60, POINT, I, VKLTPLCVTLNCTNNTNNITT-------------------------------------DEIGEIKN----CSFNM-T-TE--LRD-KK-QKV-YALF-YRLDVVPINNNNNNRSNNS------------------------------------------NTSYRLI---NCNTSTI-T---QA, 0.0948, 0
0.368080, -120.6514, [112], CHUNK, ['T'], VKLTPLCVTLNCTNNTNNITT-------------------------------------DERGEIKN----CSFNM-T-TE--LRD-KK-QKV-YALF-YRLDVVPINNNNNNTSNNS------------------------------------------NTSYRLI---NCNTSTI-T---QA, 0.0948, 0
0.365942, -117.1813, 74, POINT, T, VKLTPLCVTLNCTNNTNNITT-------------------------------------DERGEIKN----CSFNT-T-TE--LRD-KK-QKV-YALF-YRLDVVPINNNNNNRSNNS------------------------------------------NTSYRLI---NCNTSTI-T---QA, 0.0948, 1
0.373562, -115.2966, [99], CHUNK, ['K'], VKLTPLCVTLNCTNNTNNITT-------------------------------------DERGEIKN----CSFNT-T-TE--LRD-KK-QKV-YALF-YKLDVVPINNNNNNRSNNS------------------------------------------NTSYRLI---NCNTSTI-T---QA, 0.0948, 0
0.373262, -87.1037, [74], CHUNK, ['I'], VKLTPLCVTLNCTNNTNNITT-------------------------------------DERGEIKN----CSFNI-T-TE--LRD-KK-QKV-YALF-YRLDVVPINNNNNNRSNNS------------------------------------------NTSYRLI---NCNTSTI-T---QA, 1.0306, 0
0.368477, -35.3852, 82, POINT, I, VKLTPLCVTLNCTNNTNNITT-------------------------------------DERGEIKN----CSFNT-T-TE--IRD-KK-QKV-YALF-YRLDVVPINNNNNNRSNNS------------------------------------------NTSYRLI---NCNTSTI-T---QA, 0.4433, 0
0.370186, -116.7924, [112], CHUNK, ['S'], VKLTPLCVTLNCTNNTNNITT-------------------------------------DERGEIKN----CSFNT-T-TE--LRD-KK-QKV-YALF-YRLDVVPINNNNNNSSNNS------------------------------------------NTSYRLI---NCNTSTI-T---QA, 0.0948, 0
0.373262, -65.9213, [74], CHUNK, ['I'], VKLTPLCVTLNCTNNTNNITT-------------------------------------DERGEIKN----CSFNI-T-TE--LRD-KK-QKV-YALF-YRLDVVPINNNNNNRSNNS------------------------------------------NTSYRLI---NCNTSTI-T---QA, 0.6115, 0
0.364966, -118.6582, 58, POINT, T, VKLTPLCVTLNCTNNTNNITT-------------------------------------TERGEIKN----CSFNM-T-TE--LRD-KK-QKV-YALF-YRLDVVPINNNNNNRSNNS------------------------------------------NTSYRLI---NCNTSTI-T---QA, 0.0948, 0
0.369490, -119.4995, [99], CHUNK, ['K'], VKLTPLCVTLNCTNNTNNITT-------------------------------------DERGEIKN----CSFNM-T-TE--LRD-KK-QKV-YALF-YKLDVVPINNNNNNRSNNS------------------------------------------NTSYRLI---NCNTSTI-T---QA, 0.0948, 1
0.375547, -117.9719, 91, POINT, E, VKLTPLCVTLNCTNNTNNITT-------------------------------------DERGEIKN----CSFNM-T-TE--LRD-KK-QKE-YALF-YKLDVVPINNNNNNRSNNS------------------------------------------NTSYRLI---NCNTSTI-T---QA, 0.0948, 0
0.375547, -117.9719, 91, POINT, E, VKLTPLCVTLNCTNNTNNITT-------------------------------------DERGEIKN----CSFNM-T-TE--LRD-KK-QKE-YALF-YKLDVVPINNNNNNRSNNS------------------------------------------NTSYRLI---NCNTSTI-T---QA, 0.0948, 0
0.374603, -96.9380, [174], CHUNK, ['V'], VKLTPLCVTLNCTNNTNNITT-------------------------------------DERGEIKN----CSFNM-T-TE--LRD-KK-QKV-YALF-YKLDVVPINNNNNNRSNNS------------------------------------------NTSYRLI---NCNTSVI-T---QA, 0.3278, 0
0.374603, -99.6186, 174, POINT, V, VKLTPLCVTLNCTNNTNNITT-------------------------------------DERGEIKN----CSFNM-T-TE--LRD-KK-QKV-YALF-YKLDVVPINNNNNNRSNNS------------------------------------------NTSYRLI---NCNTSVI-T---QA, 0.6024, 0
0.363542, -45.7620, 82, POINT, I, VKLTPLCVTLNCTNNTNNITT-------------------------------------DERGEIKN----CSFNM-T-TE--IRD-KK-QKV-YALF-YRLDVVPINNNNNNRSNNS------------------------------------------NTSYRLI---NCNTSTI-T---QA, 0.3467, 0
0.366983, -98.7611, 174, POINT, V, VKLTPLCVTLNCTNNTNNITT-------------------------------------DERGEIKN----CSFNM-T-TE--LRD-KK-QKV-YALF-YRLDVVPINNNNNNRSNNS------------------------------------------NTSYRLI---NCNTSVI-T---QA, 0.2721, 0
0.364732, -120.1865, [18], CHUNK, ['T'], VKLTPLCVTLNCTNNTNNTTT-------------------------------------DERGEIKN----CSFNM-T-TE--LRD-KK-QKV-YALF-YRLDVVPINNNNNNRSNNS------------------------------------------NTSYRLI---NCNTSTI-T---QA, 0.0948, 1
0.376125, -82.3595, [74], CHUNK, ['I'], VKLTPLCVTLNCTNNTNNTTT-------------------------------------DERGEIKN----CSFNI-T-TE--LRD-KK-QKV-YALF-YRLDVVPINNNNNNRSNNS------------------------------------------NTSYRLI---NCNTSTI-T---QA, 0.7414, 0
0.369376, -97.8282, 74, POINT, V, VKLTPLCVTLNCTNNTNNTTT-------------------------------------DERGEIKN----CSFNV-T-TE--LRD-KK-QKV-YALF-YRLDVVPINNNNNNRSNNS------------------------------------------NTSYRLI---NCNTSTI-T---QA, 0.5132, 0
0.366710, -117.9966, 60, POINT, K, VKLTPLCVTLNCTNNTNNTTT-------------------------------------DEKGEIKN----CSFNM-T-TE--LRD-KK-QKV-YALF-YRLDVVPINNNNNNRSNNS------------------------------------------NTSYRLI---NCNTSTI-T---QA, 0.0948, 0
0.372353, -118.3018, 99, POINT, K, VKLTPLCVTLNCTNNTNNTTT-------------------------------------DERGEIKN----CSFNM-T-TE--LRD-KK-QKV-YALF-YKLDVVPINNNNNNRSNNS------------------------------------------NTSYRLI---NCNTSTI-T---QA, 0.0948, 0
0.373262, -83.4910, 74, POINT, I, VKLTPLCVTLNCTNNTNNITT-------------------------------------DERGEIKN----CSFNI-T-TE--LRD-KK-QKV-YALF-YRLDVVPINNNNNNRSNNS------------------------------------------NTSYRLI---NCNTSTI-T---QA, 0.6874, 0
0.366840, -119.8566, [91], CHUNK, ['E'], VKLTPLCVTLNCTNNTNNITT-------------------------------------DERGEIKN----CSFNM-T-TE--LRD-KK-QKE-YALF-YRLDVVPINNNNNNRSNNS------------------------------------------NTSYRLI---NCNTSTI-T---QA, 0.0948, 0
0.369490, -119.4995, [99], CHUNK, ['K'], VKLTPLCVTLNCTNNTNNITT-------------------------------------DERGEIKN----CSFNM-T-TE--LRD-KK-QKV-YALF-YKLDVVPINNNNNNRSNNS------------------------------------------NTSYRLI---NCNTSTI-T---QA, 0.0948, 1
0.374134, -90.0432, 74, POINT, V, VKLTPLCVTLNCTNNTNNITT-------------------------------------DERGEIKN----CSFNV-T-TE--LRD-KK-QKV-YALF-YKLDVVPINNNNNNRSNNS------------------------------------------NTSYRLI---NCNTSTI-T---QA, 0.6769, 0
0.375547, -117.9719, [91], CHUNK, ['E'], VKLTPLCVTLNCTNNTNNITT-------------------------------------DERGEIKN----CSFNM-T-TE--LRD-KK-QKE-YALF-YKLDVVPINNNNNNRSNNS------------------------------------------NTSYRLI---NCNTSTI-T---QA, 0.0948, 1
0.379620, -114.9602, 74, POINT, T, VKLTPLCVTLNCTNNTNNITT-------------------------------------DERGEIKN----CSFNT-T-TE--LRD-KK-QKE-YALF-YKLDVVPINNNNNNRSNNS------------------------------------------NTSYRLI---NCNTSTI-T---QA, 0.0948, 0
0.379620, -114.9602, [74], CHUNK, ['T'], VKLTPLCVTLNCTNNTNNITT-------------------------------------DERGEIKN----CSFNT-T-TE--LRD-KK-QKE-YALF-YKLDVVPINNNNNNRSNNS------------------------------------------NTSYRLI---NCNTSTI-T---QA, 0.0948, 1
0.382483, -113.7626, [18], CHUNK, ['T'], VKLTPLCVTLNCTNNTNNTTT-------------------------------------DERGEIKN----CSFNT-T-TE--LRD-KK-QKE-YALF-YKLDVVPINNNNNNRSNNS------------------------------------------NTSYRLI---NCNTSTI-T---QA, 0.0948, 1
------END OF DATA------
Best coverage = 0.382482655503
Best sequence = VKLTPLCVTLNCTNNTNNTTT-------------------------------------DERGEIKN----CSFNT-T-TE--LRD-KK-QKE-YALF-YKLDVVPINNNNNNRSNNS------------------------------------------NTSYRLI---NCNTSTI-T---QA
Best energy = -113.762565864
Best RMSD = 0.0948264300823
Hard Covereage = 0.078860588596
Num epitopes = 63
