Name base = V1V2_200_exp_9_2_ni
Iters = 200
Soft coverage = 0.284621885725
Energy = -131.133730827
Hard Covereage = 0.0368019545157
Num epitopes = 65
Initial seq = VKLTPLCVTLQCTNVTNNITD-------------------------------------DMRGELKN----CSFNM-T-TE--LRD-KK-QKV-YSLF-YRLDVVQINENQGNRSNNS------------------------------------------NKEYRLI---NCNTSAI-T---QA
-------START OF DATA------
0.297974, -129.8616, [91, 94], CHUNK, ['E', 'A'], VKLTPLCVTLQCTNVTNNITD-------------------------------------DMRGELKN----CSFNM-T-TE--LRD-KK-QKE-YALF-YRLDVVQINENQGNRSNNS------------------------------------------NKEYRLI---NCNTSAI-T---QA, 0.0000, 1
0.303057, -129.2854, 160, POINT, T, VKLTPLCVTLQCTNVTNNITD-------------------------------------DMRGELKN----CSFNM-T-TE--LRD-KK-QKE-YALF-YRLDVVQINENQGNRSNNS------------------------------------------NTEYRLI---NCNTSAI-T---QA, 0.0000, 1
0.307549, -123.0836, 74, POINT, V, VKLTPLCVTLQCTNVTNNITD-------------------------------------DMRGELKN----CSFNV-T-TE--LRD-KK-QKE-YALF-YRLDVVQINENQGNRSNNS------------------------------------------NTEYRLI---NCNTSAI-T---QA, 0.0801, 1
0.331215, -122.9991, [10], CHUNK, ['N'], VKLTPLCVTLNCTNVTNNITD-------------------------------------DMRGELKN----CSFNV-T-TE--LRD-KK-QKE-YALF-YRLDVVQINENQGNRSNNS------------------------------------------NTEYRLI---NCNTSAI-T---QA, 0.0801, 1
0.339107, -121.5983, 99, POINT, K, VKLTPLCVTLNCTNVTNNITD-------------------------------------DMRGELKN----CSFNV-T-TE--LRD-KK-QKE-YALF-YKLDVVQINENQGNRSNNS------------------------------------------NTEYRLI---NCNTSAI-T---QA, 0.0785, 0
0.334053, -119.7273, 20, POINT, T, VKLTPLCVTLNCTNVTNNITT-------------------------------------DMRGELKN----CSFNV-T-TE--LRD-KK-QKE-YALF-YRLDVVQINENQGNRSNNS------------------------------------------NTEYRLI---NCNTSAI-T---QA, 0.0801, 0
0.333586, -121.9168, 18, POINT, T, VKLTPLCVTLNCTNVTNNTTD-------------------------------------DMRGELKN----CSFNV-T-TE--LRD-KK-QKE-YALF-YRLDVVQINENQGNRSNNS------------------------------------------NTEYRLI---NCNTSAI-T---QA, 0.0837, 1
0.340868, -106.9582, [174], CHUNK, ['V'], VKLTPLCVTLNCTNVTNNTTD-------------------------------------DMRGELKN----CSFNV-T-TE--LRD-KK-QKE-YALF-YRLDVVQINENQGNRSNNS------------------------------------------NTEYRLI---NCNTSVI-T---QA, 0.4291, 1
0.348286, -105.9811, 63, POINT, I, VKLTPLCVTLNCTNVTNNTTD-------------------------------------DMRGEIKN----CSFNV-T-TE--LRD-KK-QKE-YALF-YRLDVVQINENQGNRSNNS------------------------------------------NTEYRLI---NCNTSVI-T---QA, 0.3645, 0
0.348286, -101.9012, 63, POINT, I, VKLTPLCVTLNCTNVTNNTTD-------------------------------------DMRGEIKN----CSFNV-T-TE--LRD-KK-QKE-YALF-YRLDVVQINENQGNRSNNS------------------------------------------NTEYRLI---NCNTSVI-T---QA, 0.3807, 0
0.349710, -75.1806, [58, 59, 60, 61, 63], CHUNK, ['S', 'L', 'N', 'E', 'I'], VKLTPLCVTLNCTNVTNNTTD-------------------------------------SLNEEIKN----CSFNV-T-TE--LRD-KK-QKE-YALF-YRLDVVQINENQGNRSNNS------------------------------------------NTEYRLI---NCNTSVI-T---QA, 0.4195, 0
0.343886, 3.2820, 82, POINT, I, VKLTPLCVTLNCTNVTNNTTD-------------------------------------DMRGELKN----CSFNV-T-TE--IRD-KK-QKE-YALF-YRLDVVQINENQGNRSNNS------------------------------------------NTEYRLI---NCNTSVI-T---QA, 0.4174, 0
0.339066, -121.7376, 74, POINT, I, VKLTPLCVTLNCTNVTNNTTD-------------------------------------DMRGELKN----CSFNI-T-TE--LRD-KK-QKE-YALF-YRLDVVQINENQGNRSNNS------------------------------------------NTEYRLI---NCNTSAI-T---QA, 0.0906, 0
0.340934, -120.0847, [102, 104, 105, 109], CHUNK, ['I', 'P', 'L', 'N'], VKLTPLCVTLNCTNVTNNTTD-------------------------------------DMRGELKN----CSFNV-T-TE--LRD-KK-QKE-YALF-YRLDIVPLNENNGNRSNNS------------------------------------------NTEYRLI---NCNTSAI-T---QA, 0.0876, 0
0.345679, -112.2343, [58, 59, 60, 63], CHUNK, ['I', 'E', 'K', 'I'], VKLTPLCVTLNCTNVTNNTTD-------------------------------------IEKGEIKN----CSFNV-T-TE--LRD-KK-QKE-YALF-YRLDVVQINENQGNRSNNS------------------------------------------NTEYRLI---NCNTSAI-T---QA, 0.0816, 0
0.345900, -120.1738, [99, 104], CHUNK, ['K', 'P'], VKLTPLCVTLNCTNVTNNTTD-------------------------------------DMRGELKN----CSFNV-T-TE--LRD-KK-QKE-YALF-YKLDVVPINENQGNRSNNS------------------------------------------NTEYRLI---NCNTSAI-T---QA, 0.0837, 0
0.332500, -121.2043, 60, POINT, K, VKLTPLCVTLNCTNVTNNITD-------------------------------------DMKGELKN----CSFNV-T-TE--LRD-KK-QKE-YALF-YRLDVVQINENQGNRSNNS------------------------------------------NTEYRLI---NCNTSAI-T---QA, 0.1087, 0
0.338639, -119.6699, [63], CHUNK, ['I'], VKLTPLCVTLNCTNVTNNITD-------------------------------------DMRGEIKN----CSFNV-T-TE--LRD-KK-QKE-YALF-YRLDVVQINENQGNRSNNS------------------------------------------NTEYRLI---NCNTSAI-T---QA, 0.0801, 1
0.342075, -121.4418, 58, POINT, N, VKLTPLCVTLNCTNVTNNITD-------------------------------------NMRGEIKN----CSFNV-T-TE--LRD-KK-QKE-YALF-YRLDVVQINENQGNRSNNS------------------------------------------NTEYRLI---NCNTSAI-T---QA, 0.1930, 0
0.340808, -118.2363, 174, POINT, T, VKLTPLCVTLNCTNVTNNITD-------------------------------------DMRGEIKN----CSFNV-T-TE--LRD-KK-QKE-YALF-YRLDVVQINENQGNRSNNS------------------------------------------NTEYRLI---NCNTSTI-T---QA, 0.0778, 0
0.345387, -121.3061, 74, POINT, I, VKLTPLCVTLNCTNVTNNITD-------------------------------------DMRGEIKN----CSFNI-T-TE--LRD-KK-QKE-YALF-YRLDVVQINENQGNRSNNS------------------------------------------NTEYRLI---NCNTSAI-T---QA, 0.1054, 0
0.345387, -121.7132, 74, POINT, I, VKLTPLCVTLNCTNVTNNITD-------------------------------------DMRGEIKN----CSFNI-T-TE--LRD-KK-QKE-YALF-YRLDVVQINENQGNRSNNS------------------------------------------NTEYRLI---NCNTSAI-T---QA, 0.0915, 1
0.352670, -103.1721, [174], CHUNK, ['V'], VKLTPLCVTLNCTNVTNNITD-------------------------------------DMRGEIKN----CSFNI-T-TE--LRD-KK-QKE-YALF-YRLDVVQINENQGNRSNNS------------------------------------------NTEYRLI---NCNTSVI-T---QA, 0.3675, 0
0.347752, -120.1704, 18, POINT, T, VKLTPLCVTLNCTNVTNNTTD-------------------------------------DMRGEIKN----CSFNI-T-TE--LRD-KK-QKE-YALF-YRLDVVQINENQGNRSNNS------------------------------------------NTEYRLI---NCNTSAI-T---QA, 0.0915, 0
0.345692, -114.9961, 60, POINT, I, VKLTPLCVTLNCTNVTNNITD-------------------------------------DMIGEIKN----CSFNI-T-TE--LRD-KK-QKE-YALF-YRLDVVQINENQGNRSNNS------------------------------------------NTEYRLI---NCNTSAI-T---QA, 0.0915, 0
0.352670, -99.7192, [174], CHUNK, ['V'], VKLTPLCVTLNCTNVTNNITD-------------------------------------DMRGEIKN----CSFNI-T-TE--LRD-KK-QKE-YALF-YRLDVVQINENQGNRSNNS------------------------------------------NTEYRLI---NCNTSVI-T---QA, 0.2402, 0
0.345921, -102.2741, [174], CHUNK, ['V'], VKLTPLCVTLNCTNVTNNITD-------------------------------------DMRGEIKN----CSFNV-T-TE--LRD-KK-QKE-YALF-YRLDVVQINENQGNRSNNS------------------------------------------NTEYRLI---NCNTSVI-T---QA, 0.2688, 0
0.345921, -102.3459, [174], CHUNK, ['V'], VKLTPLCVTLNCTNVTNNITD-------------------------------------DMRGEIKN----CSFNV-T-TE--LRD-KK-QKE-YALF-YRLDVVQINENQGNRSNNS------------------------------------------NTEYRLI---NCNTSVI-T---QA, 0.4300, 0
0.342387, -120.9710, 104, POINT, P, VKLTPLCVTLNCTNVTNNITD-------------------------------------DMRGEIKN----CSFNV-T-TE--LRD-KK-QKE-YALF-YRLDVVPINENQGNRSNNS------------------------------------------NTEYRLI---NCNTSAI-T---QA, 0.0927, 0
0.338693, -120.7178, 89, POINT, K, VKLTPLCVTLNCTNVTNNITD-------------------------------------DMRGEIKN----CSFNV-T-TE--LRD-KK-KKE-YALF-YRLDVVQINENQGNRSNNS------------------------------------------NTEYRLI---NCNTSAI-T---QA, 0.1301, 0
0.338498, -108.0549, 174, POINT, V, VKLTPLCVTLNCTNVTNNITD-------------------------------------DMRGELKN----CSFNV-T-TE--LRD-KK-QKE-YALF-YRLDVVQINENQGNRSNNS------------------------------------------NTEYRLI---NCNTSVI-T---QA, 0.2675, 0
0.332918, -122.6266, 109, POINT, D, VKLTPLCVTLNCTNVTNNITD-------------------------------------DMRGELKN----CSFNV-T-TE--LRD-KK-QKE-YALF-YRLDVVQINENDGNRSNNS------------------------------------------NTEYRLI---NCNTSAI-T---QA, 0.0801, 0
0.338498, -107.7402, [174], CHUNK, ['V'], VKLTPLCVTLNCTNVTNNITD-------------------------------------DMRGELKN----CSFNV-T-TE--LRD-KK-QKE-YALF-YRLDVVQINENQGNRSNNS------------------------------------------NTEYRLI---NCNTSVI-T---QA, 0.5270, 1
0.346389, -107.4766, [99], CHUNK, ['K'], VKLTPLCVTLNCTNVTNNITD-------------------------------------DMRGELKN----CSFNV-T-TE--LRD-KK-QKE-YALF-YKLDVVQINENQGNRSNNS------------------------------------------NTEYRLI---NCNTSVI-T---QA, 0.5067, 1
0.353413, -107.0875, [161], CHUNK, ['S'], VKLTPLCVTLNCTNVTNNITD-------------------------------------DMRGELKN----CSFNV-T-TE--LRD-KK-QKE-YALF-YKLDVVQINENQGNRSNNS------------------------------------------NTSYRLI---NCNTSVI-T---QA, 0.5067, 0
0.350350, -76.7077, [61, 63], CHUNK, ['E', 'I'], VKLTPLCVTLNCTNVTNNITD-------------------------------------DMREEIKN----CSFNV-T-TE--LRD-KK-QKE-YALF-YKLDVVQINENQGNRSNNS------------------------------------------NTEYRLI---NCNTSVI-T---QA, 0.4773, 0
0.351869, -107.9728, [74], CHUNK, ['I'], VKLTPLCVTLNCTNVTNNITD-------------------------------------DMRGELKN----CSFNI-T-TE--LRD-KK-QKE-YALF-YKLDVVQINENQGNRSNNS------------------------------------------NTEYRLI---NCNTSVI-T---QA, 0.4708, 1
0.354636, -107.9135, 63, POINT, M, VKLTPLCVTLNCTNVTNNITD-------------------------------------DMRGEMKN----CSFNI-T-TE--LRD-KK-QKE-YALF-YKLDVVQINENQGNRSNNS------------------------------------------NTEYRLI---NCNTSVI-T---QA, 0.4872, 0
0.360561, -107.6826, [63], CHUNK, ['I'], VKLTPLCVTLNCTNVTNNITD-------------------------------------DMRGEIKN----CSFNI-T-TE--LRD-KK-QKE-YALF-YKLDVVQINENQGNRSNNS------------------------------------------NTEYRLI---NCNTSVI-T---QA, 0.5670, 0
0.360561, -109.0059, [63], CHUNK, ['I'], VKLTPLCVTLNCTNVTNNITD-------------------------------------DMRGEIKN----CSFNI-T-TE--LRD-KK-QKE-YALF-YKLDVVQINENQGNRSNNS------------------------------------------NTEYRLI---NCNTSVI-T---QA, 0.6760, 0
0.360561, -106.1126, 63, POINT, I, VKLTPLCVTLNCTNVTNNITD-------------------------------------DMRGEIKN----CSFNI-T-TE--LRD-KK-QKE-YALF-YKLDVVQINENQGNRSNNS------------------------------------------NTEYRLI---NCNTSVI-T---QA, 0.4708, 1
0.367585, -107.8179, [161], CHUNK, ['S'], VKLTPLCVTLNCTNVTNNITD-------------------------------------DMRGEIKN----CSFNI-T-TE--LRD-KK-QKE-YALF-YKLDVVQINENQGNRSNNS------------------------------------------NTSYRLI---NCNTSVI-T---QA, 0.4764, 0
0.365779, -35.3575, [82, 87], CHUNK, ['I', 'V'], VKLTPLCVTLNCTNVTNNITD-------------------------------------DMRGEIKN----CSFNI-T-TE--IRD-KV-QKE-YALF-YKLDVVQINENQGNRSNNS------------------------------------------NTEYRLI---NCNTSVI-T---QA, 0.3824, 0
0.362252, 4.9954, [82, 87], CHUNK, ['I', 'M'], VKLTPLCVTLNCTNVTNNITD-------------------------------------DMRGEIKN----CSFNI-T-TE--IRD-KM-QKE-YALF-YKLDVVQINENQGNRSNNS------------------------------------------NTEYRLI---NCNTSVI-T---QA, 0.4371, 0
0.367585, -105.7258, [161], CHUNK, ['S'], VKLTPLCVTLNCTNVTNNITD-------------------------------------DMRGEIKN----CSFNI-T-TE--LRD-KK-QKE-YALF-YKLDVVQINENQGNRSNNS------------------------------------------NTSYRLI---NCNTSVI-T---QA, 0.4708, 0
0.353350, -107.1464, 59, POINT, S, VKLTPLCVTLNCTNVTNNITD-------------------------------------DSRGELKN----CSFNI-T-TE--LRD-KK-QKE-YALF-YKLDVVQINENQGNRSNNS------------------------------------------NTEYRLI---NCNTSVI-T---QA, 0.6138, 0
0.353154, -106.7484, 60, POINT, K, VKLTPLCVTLNCTNVTNNITD-------------------------------------DMKGELKN----CSFNI-T-TE--LRD-KK-QKE-YALF-YKLDVVQINENQGNRSNNS------------------------------------------NTEYRLI---NCNTSVI-T---QA, 0.5430, 0
0.356124, -33.7883, [79, 82], CHUNK, ['S', 'I'], VKLTPLCVTLNCTNVTNNITD-------------------------------------DMRGELKN----CSFNI-T-TS--IRD-KK-QKE-YALF-YKLDVVQINENQGNRSNNS------------------------------------------NTEYRLI---NCNTSVI-T---QA, 0.4873, 0
0.354636, -107.3864, 63, POINT, M, VKLTPLCVTLNCTNVTNNITD-------------------------------------DMRGEMKN----CSFNI-T-TE--LRD-KK-QKE-YALF-YKLDVVQINENQGNRSNNS------------------------------------------NTEYRLI---NCNTSVI-T---QA, 0.4708, 0
0.350350, -76.1514, [61, 63], CHUNK, ['E', 'I'], VKLTPLCVTLNCTNVTNNITD-------------------------------------DMREEIKN----CSFNV-T-TE--LRD-KK-QKE-YALF-YKLDVVQINENQGNRSNNS------------------------------------------NTEYRLI---NCNTSVI-T---QA, 0.6007, 0
0.353413, -107.3148, 161, POINT, S, VKLTPLCVTLNCTNVTNNITD-------------------------------------DMRGELKN----CSFNV-T-TE--LRD-KK-QKE-YALF-YKLDVVQINENQGNRSNNS------------------------------------------NTSYRLI---NCNTSVI-T---QA, 0.4988, 0
0.349013, -107.6612, 63, POINT, M, VKLTPLCVTLNCTNVTNNITD-------------------------------------DMRGEMKN----CSFNV-T-TE--LRD-KK-QKE-YALF-YKLDVVQINENQGNRSNNS------------------------------------------NTEYRLI---NCNTSVI-T---QA, 0.4886, 0
0.353022, -108.3719, [104, 106, 107, 108, 109, 110], CHUNK, ['P', 'D', 'S', 'S', 'D', 'S'], VKLTPLCVTLNCTNVTNNITD-------------------------------------DMRGELKN----CSFNV-T-TE--LRD-KK-QKE-YALF-YKLDVVPIDSSDSNRSNNS------------------------------------------NTEYRLI---NCNTSVI-T---QA, 0.4924, 0
0.343978, -110.1917, 74, POINT, I, VKLTPLCVTLNCTNVTNNITD-------------------------------------DMRGELKN----CSFNI-T-TE--LRD-KK-QKE-YALF-YRLDVVQINENQGNRSNNS------------------------------------------NTEYRLI---NCNTSVI-T---QA, 0.6212, 0
0.355025, -108.6616, [99, 104, 106, 107], CHUNK, ['K', 'P', 'D', 'N'], VKLTPLCVTLNCTNVTNNITD-------------------------------------DMRGELKN----CSFNV-T-TE--LRD-KK-QKE-YALF-YKLDVVPIDNNQGNRSNNS------------------------------------------NTEYRLI---NCNTSVI-T---QA, 0.4648, 0
0.345921, -108.8285, 63, POINT, I, VKLTPLCVTLNCTNVTNNITD-------------------------------------DMRGEIKN----CSFNV-T-TE--LRD-KK-QKE-YALF-YRLDVVQINENQGNRSNNS------------------------------------------NTEYRLI---NCNTSVI-T---QA, 0.5754, 0
0.343936, -110.7284, [74, 79], CHUNK, ['I', 'N'], VKLTPLCVTLNCTNVTNNITD-------------------------------------DMRGELKN----CSFNI-T-TN--LRD-KK-QKE-YALF-YRLDVVQINENQGNRSNNS------------------------------------------NTEYRLI---NCNTSVI-T---QA, 0.4251, 0
0.335983, -122.6396, 109, POINT, N, VKLTPLCVTLNCTNVTNNITD-------------------------------------DMRGELKN----CSFNV-T-TE--LRD-KK-QKE-YALF-YRLDVVQINENNGNRSNNS------------------------------------------NTEYRLI---NCNTSAI-T---QA, 0.0801, 1
0.338606, -120.7948, 63, POINT, M, VKLTPLCVTLNCTNVTNNITD-------------------------------------DMRGEMKN----CSFNV-T-TE--LRD-KK-QKE-YALF-YRLDVVQINENNGNRSNNS------------------------------------------NTEYRLI---NCNTSAI-T---QA, 0.1824, 0
0.338157, -120.9918, 18, POINT, N, VKLTPLCVTLNCTNVTNNNTD-------------------------------------DMRGELKN----CSFNV-T-TE--LRD-KK-QKE-YALF-YRLDVVQINENNGNRSNNS------------------------------------------NTEYRLI---NCNTSAI-T---QA, 0.0865, 1
0.342133, -121.1039, 107, POINT, N, VKLTPLCVTLNCTNVTNNNTD-------------------------------------DMRGELKN----CSFNV-T-TE--LRD-KK-QKE-YALF-YRLDVVQINNNNGNRSNNS------------------------------------------NTEYRLI---NCNTSAI-T---QA, 0.0865, 1
0.344012, -122.2234, 161, POINT, T, VKLTPLCVTLNCTNVTNNNTD-------------------------------------DMRGELKN----CSFNV-T-TE--LRD-KK-QKE-YALF-YRLDVVQINNNNGNRSNNS------------------------------------------NTTYRLI---NCNTSAI-T---QA, 0.0628, 1
0.351992, -113.2796, [60, 63], CHUNK, ['I', 'I'], VKLTPLCVTLNCTNVTNNNTD-------------------------------------DMIGEIKN----CSFNV-T-TE--LRD-KK-QKE-YALF-YRLDVVQINNNNGNRSNNS------------------------------------------NTTYRLI---NCNTSAI-T---QA, 0.0728, 0
0.352008, -120.3782, [99], CHUNK, ['K'], VKLTPLCVTLNCTNVTNNNTD-------------------------------------DMRGELKN----CSFNV-T-TE--LRD-KK-QKE-YALF-YKLDVVQINNNNGNRSNNS------------------------------------------NTTYRLI---NCNTSAI-T---QA, 0.0628, 0
0.346826, -122.8093, 20, POINT, N, VKLTPLCVTLNCTNVTNNNTN-------------------------------------DMRGELKN----CSFNV-T-TE--LRD-KK-QKE-YALF-YRLDVVQINNNNGNRSNNS------------------------------------------NTTYRLI---NCNTSAI-T---QA, 0.0715, 0
0.352008, -120.7181, [99], CHUNK, ['K'], VKLTPLCVTLNCTNVTNNNTD-------------------------------------DMRGELKN----CSFNV-T-TE--LRD-KK-QKE-YALF-YKLDVVQINNNNGNRSNNS------------------------------------------NTTYRLI---NCNTSAI-T---QA, 0.0691, 1
0.359421, -118.2498, 63, POINT, I, VKLTPLCVTLNCTNVTNNNTD-------------------------------------DMRGEIKN----CSFNV-T-TE--LRD-KK-QKE-YALF-YKLDVVQINNNNGNRSNNS------------------------------------------NTTYRLI---NCNTSAI-T---QA, 0.0691, 0
0.362526, -111.3081, [59, 60, 63], CHUNK, ['T', 'I', 'I'], VKLTPLCVTLNCTNVTNNNTD-------------------------------------DTIGEIKN----CSFNV-T-TE--LRD-KK-QKE-YALF-YKLDVVQINNNNGNRSNNS------------------------------------------NTTYRLI---NCNTSAI-T---QA, 0.0674, 0
0.359907, -120.1816, [58, 59, 60, 63], CHUNK, ['M', 'E', 'G', 'I'], VKLTPLCVTLNCTNVTNNNTD-------------------------------------MEGGEIKN----CSFNV-T-TE--LRD-KK-QKE-YALF-YKLDVVQINNNNGNRSNNS------------------------------------------NTTYRLI---NCNTSAI-T---QA, 0.0877, 0
0.359290, -102.5260, [174], CHUNK, ['V'], VKLTPLCVTLNCTNVTNNNTD-------------------------------------DMRGELKN----CSFNV-T-TE--LRD-KK-QKE-YALF-YKLDVVQINNNNGNRSNNS------------------------------------------NTTYRLI---NCNTSVI-T---QA, 0.2275, 0
0.351424, -119.6124, 63, POINT, I, VKLTPLCVTLNCTNVTNNNTD-------------------------------------DMRGEIKN----CSFNV-T-TE--LRD-KK-QKE-YALF-YRLDVVQINNNNGNRSNNS------------------------------------------NTTYRLI---NCNTSAI-T---QA, 0.0628, 0
0.347030, -7.5953, 82, POINT, I, VKLTPLCVTLNCTNVTNNNTD-------------------------------------DMRGELKN----CSFNV-T-TE--IRD-KK-QKE-YALF-YRLDVVQINNNNGNRSNNS------------------------------------------NTTYRLI---NCNTSAI-T---QA, 0.1204, 0
0.349156, -121.8168, [161], CHUNK, ['S'], VKLTPLCVTLNCTNVTNNNTD-------------------------------------DMRGELKN----CSFNV-T-TE--LRD-KK-QKE-YALF-YRLDVVQINNNNGNRSNNS------------------------------------------NTSYRLI---NCNTSAI-T---QA, 0.0739, 1
0.352175, -18.3982, 82, POINT, I, VKLTPLCVTLNCTNVTNNNTD-------------------------------------DMRGELKN----CSFNV-T-TE--IRD-KK-QKE-YALF-YRLDVVQINNNNGNRSNNS------------------------------------------NTSYRLI---NCNTSAI-T---QA, 0.4408, 0
0.357876, -101.2830, [169, 174], CHUNK, ['S', 'V'], VKLTPLCVTLNCTNVTNNNTD-------------------------------------DMRGELKN----CSFNV-T-TE--LRD-KK-QKE-YALF-YRLDVVQINNNNGNRSNNS------------------------------------------NTSYRLI---SCNTSVI-T---QA, 0.3324, 0
0.356439, -102.6988, [174], CHUNK, ['V'], VKLTPLCVTLNCTNVTNNNTD-------------------------------------DMRGELKN----CSFNV-T-TE--LRD-KK-QKE-YALF-YRLDVVQINNNNGNRSNNS------------------------------------------NTSYRLI---NCNTSVI-T---QA, 0.1758, 0
0.356569, -120.4156, 63, POINT, I, VKLTPLCVTLNCTNVTNNNTD-------------------------------------DMRGEIKN----CSFNV-T-TE--LRD-KK-QKE-YALF-YRLDVVQINNNNGNRSNNS------------------------------------------NTSYRLI---NCNTSAI-T---QA, 0.0919, 0
0.351494, -101.1509, [169, 174], CHUNK, ['S', 'V'], VKLTPLCVTLNCTNVTNNNTD-------------------------------------DMRGELKN----CSFNV-T-TE--LRD-KK-QKE-YALF-YRLDVVQINNNNGNRSNNS------------------------------------------NTTYRLI---SCNTSVI-T---QA, 0.2890, 0
0.347030, -15.0637, 82, POINT, I, VKLTPLCVTLNCTNVTNNNTD-------------------------------------DMRGELKN----CSFNV-T-TE--IRD-KK-QKE-YALF-YRLDVVQINNNNGNRSNNS------------------------------------------NTTYRLI---NCNTSAI-T---QA, 0.2336, 0
0.346826, -122.5987, 20, POINT, N, VKLTPLCVTLNCTNVTNNNTN-------------------------------------DMRGELKN----CSFNV-T-TE--LRD-KK-QKE-YALF-YRLDVVQINNNNGNRSNNS------------------------------------------NTTYRLI---NCNTSAI-T---QA, 0.0628, 1
0.356323, -120.9257, [99, 102, 104], CHUNK, ['K', 'I', 'P'], VKLTPLCVTLNCTNVTNNNTN-------------------------------------DMRGELKN----CSFNV-T-TE--LRD-KK-QKE-YALF-YKLDIVPINNNNGNRSNNS------------------------------------------NTTYRLI---NCNTSAI-T---QA, 0.0628, 0
0.354763, -120.3943, [59, 63], CHUNK, ['D', 'I'], VKLTPLCVTLNCTNVTNNNTN-------------------------------------DDRGEIKN----CSFNV-T-TE--LRD-KK-QKE-YALF-YRLDVVQINNNNGNRSNNS------------------------------------------NTTYRLI---NCNTSAI-T---QA, 0.0628, 0
0.349465, -120.7276, 63, POINT, M, VKLTPLCVTLNCTNVTNNNTN-------------------------------------DMRGEMKN----CSFNV-T-TE--LRD-KK-QKE-YALF-YRLDVVQINNNNGNRSNNS------------------------------------------NTTYRLI---NCNTSAI-T---QA, 0.0831, 1
0.355088, -120.3897, 74, POINT, I, VKLTPLCVTLNCTNVTNNNTN-------------------------------------DMRGEMKN----CSFNI-T-TE--LRD-KK-QKE-YALF-YRLDVVQINNNNGNRSNNS------------------------------------------NTTYRLI---NCNTSAI-T---QA, 0.0827, 0
0.359343, -52.6307, [74, 79, 82], CHUNK, ['I', 'S', 'I'], VKLTPLCVTLNCTNVTNNNTN-------------------------------------DMRGEMKN----CSFNI-T-TS--IRD-KK-QKE-YALF-YRLDVVQINNNNGNRSNNS------------------------------------------NTTYRLI---NCNTSAI-T---QA, 0.2033, 0
0.349519, -120.6554, 89, POINT, K, VKLTPLCVTLNCTNVTNNNTN-------------------------------------DMRGEMKN----CSFNV-T-TE--LRD-KK-KKE-YALF-YRLDVVQINNNNGNRSNNS------------------------------------------NTTYRLI---NCNTSAI-T---QA, 0.0831, 0
0.349938, -121.1340, 59, POINT, D, VKLTPLCVTLNCTNVTNNNTN-------------------------------------DDRGEMKN----CSFNV-T-TE--LRD-KK-QKE-YALF-YRLDVVQINNNNGNRSNNS------------------------------------------NTTYRLI---NCNTSAI-T---QA, 0.0831, 0
0.351014, -122.8602, 104, POINT, P, VKLTPLCVTLNCTNVTNNNTN-------------------------------------DMRGELKN----CSFNV-T-TE--LRD-KK-QKE-YALF-YRLDVVPINNNNGNRSNNS------------------------------------------NTTYRLI---NCNTSAI-T---QA, 0.0628, 0
0.350060, -120.1965, 58, POINT, T, VKLTPLCVTLNCTNVTNNNTN-------------------------------------TMRGELKN----CSFNV-T-TE--LRD-KK-QKE-YALF-YRLDVVQINNNNGNRSNNS------------------------------------------NTTYRLI---NCNTSAI-T---QA, 0.0690, 0
0.347201, -122.9885, 18, POINT, T, VKLTPLCVTLNCTNVTNNTTN-------------------------------------DMRGELKN----CSFNV-T-TE--LRD-KK-QKE-YALF-YRLDVVQINNNNGNRSNNS------------------------------------------NTTYRLI---NCNTSAI-T---QA, 0.0628, 0
0.349845, -6.4167, 82, POINT, I, VKLTPLCVTLNCTNVTNNNTN-------------------------------------DMRGELKN----CSFNV-T-TE--IRD-KK-QKE-YALF-YRLDVVQINNNNGNRSNNS------------------------------------------NTTYRLI---NCNTSAI-T---QA, 0.3252, 0
0.351424, -119.6124, [63], CHUNK, ['I'], VKLTPLCVTLNCTNVTNNNTD-------------------------------------DMRGEIKN----CSFNV-T-TE--LRD-KK-QKE-YALF-YRLDVVQINNNNGNRSNNS------------------------------------------NTTYRLI---NCNTSAI-T---QA, 0.0628, 1
0.358707, -103.0674, 174, POINT, V, VKLTPLCVTLNCTNVTNNNTD-------------------------------------DMRGEIKN----CSFNV-T-TE--LRD-KK-QKE-YALF-YRLDVVQINNNNGNRSNNS------------------------------------------NTTYRLI---NCNTSVI-T---QA, 0.3678, 0
0.355612, -120.0008, 104, POINT, P, VKLTPLCVTLNCTNVTNNNTD-------------------------------------DMRGEIKN----CSFNV-T-TE--LRD-KK-QKE-YALF-YRLDVVPINNNNGNRSNNS------------------------------------------NTTYRLI---NCNTSAI-T---QA, 0.0852, 0
0.354442, -4.8536, 82, POINT, I, VKLTPLCVTLNCTNVTNNNTD-------------------------------------DMRGEIKN----CSFNV-T-TE--IRD-KK-QKE-YALF-YRLDVVQINNNNGNRSNNS------------------------------------------NTTYRLI---NCNTSAI-T---QA, 0.1903, 0
0.352788, -119.6205, 59, POINT, I, VKLTPLCVTLNCTNVTNNNTD-------------------------------------DIRGEIKN----CSFNV-T-TE--LRD-KK-QKE-YALF-YRLDVVQINNNNGNRSNNS------------------------------------------NTTYRLI---NCNTSAI-T---QA, 0.0905, 0
0.356907, -120.5357, [99, 104], CHUNK, ['K', 'P'], VKLTPLCVTLNCTNVTNNNTD-------------------------------------DMRGELKN----CSFNV-T-TE--LRD-KK-QKE-YALF-YKLDVVPINNNNGNRSNNS------------------------------------------NTTYRLI---NCNTSAI-T---QA, 0.0628, 0
0.347980, -118.9685, 20, POINT, T, VKLTPLCVTLNCTNVTNNNTT-------------------------------------DMRGELKN----CSFNV-T-TE--LRD-KK-QKE-YALF-YRLDVVQINNNNGNRSNNS------------------------------------------NTTYRLI---NCNTSAI-T---QA, 0.0628, 0
0.351424, -119.7996, [63], CHUNK, ['I'], VKLTPLCVTLNCTNVTNNNTD-------------------------------------DMRGEIKN----CSFNV-T-TE--LRD-KK-QKE-YALF-YRLDVVQINNNNGNRSNNS------------------------------------------NTTYRLI---NCNTSAI-T---QA, 0.0942, 1
0.358707, -103.3584, [174], CHUNK, ['V'], VKLTPLCVTLNCTNVTNNNTD-------------------------------------DMRGEIKN----CSFNV-T-TE--LRD-KK-QKE-YALF-YRLDVVQINNNNGNRSNNS------------------------------------------NTTYRLI---NCNTSVI-T---QA, 0.4438, 0
0.356569, -119.3478, 161, POINT, S, VKLTPLCVTLNCTNVTNNNTD-------------------------------------DMRGEIKN----CSFNV-T-TE--LRD-KK-QKE-YALF-YRLDVVQINNNNGNRSNNS------------------------------------------NTSYRLI---NCNTSAI-T---QA, 0.1322, 0
0.354442, -4.5792, 82, POINT, I, VKLTPLCVTLNCTNVTNNNTD-------------------------------------DMRGEIKN----CSFNV-T-TE--IRD-KK-QKE-YALF-YRLDVVQINNNNGNRSNNS------------------------------------------NTTYRLI---NCNTSAI-T---QA, 0.1583, 0
0.364446, 1.3950, [74, 79, 82], CHUNK, ['I', 'N', 'I'], VKLTPLCVTLNCTNVTNNNTD-------------------------------------DMRGEIKN----CSFNI-T-TN--IRD-KK-QKE-YALF-YRLDVVQINNNNGNRSNNS------------------------------------------NTTYRLI---NCNTSAI-T---QA, 0.2788, 0
0.352513, -120.5504, [59, 63], CHUNK, ['E', 'I'], VKLTPLCVTLNCTNVTNNNTD-------------------------------------DERGEIKN----CSFNV-T-TE--LRD-KK-QKE-YALF-YRLDVVQINNNNGNRSNNS------------------------------------------NTTYRLI---NCNTSAI-T---QA, 0.0772, 0
0.349492, -122.0019, 74, POINT, I, VKLTPLCVTLNCTNVTNNNTD-------------------------------------DMRGELKN----CSFNI-T-TE--LRD-KK-QKE-YALF-YRLDVVQINNNNGNRSNNS------------------------------------------NTTYRLI---NCNTSAI-T---QA, 0.0628, 0
0.345784, -121.6194, 58, POINT, S, VKLTPLCVTLNCTNVTNNNTD-------------------------------------SMRGELKN----CSFNV-T-TE--LRD-KK-QKE-YALF-YRLDVVQINNNNGNRSNNS------------------------------------------NTTYRLI---NCNTSAI-T---QA, 0.0671, 1
0.350928, -121.0273, 161, POINT, S, VKLTPLCVTLNCTNVTNNNTD-------------------------------------SMRGELKN----CSFNV-T-TE--LRD-KK-QKE-YALF-YRLDVVQINNNNGNRSNNS------------------------------------------NTSYRLI---NCNTSAI-T---QA, 0.0648, 0
0.353266, -106.3095, [169, 174], CHUNK, ['S', 'V'], VKLTPLCVTLNCTNVTNNNTD-------------------------------------SMRGELKN----CSFNV-T-TE--LRD-KK-QKE-YALF-YRLDVVQINNNNGNRSNNS------------------------------------------NTTYRLI---SCNTSVI-T---QA, 0.5580, 0
0.353780, -119.7947, 99, POINT, K, VKLTPLCVTLNCTNVTNNNTD-------------------------------------SMRGELKN----CSFNV-T-TE--LRD-KK-QKE-YALF-YKLDVVQINNNNGNRSNNS------------------------------------------NTTYRLI---NCNTSAI-T---QA, 0.0671, 1
0.354903, -117.8719, 60, POINT, K, VKLTPLCVTLNCTNVTNNNTD-------------------------------------SMKGELKN----CSFNV-T-TE--LRD-KK-QKE-YALF-YKLDVVQINNNNGNRSNNS------------------------------------------NTTYRLI---NCNTSAI-T---QA, 0.0737, 0
0.354687, -118.7753, 109, POINT, T, VKLTPLCVTLNCTNVTNNNTD-------------------------------------SMRGELKN----CSFNV-T-TE--LRD-KK-QKE-YALF-YKLDVVQINNNTGNRSNNS------------------------------------------NTTYRLI---NCNTSAI-T---QA, 0.0671, 0
0.359260, -119.9961, 74, POINT, I, VKLTPLCVTLNCTNVTNNNTD-------------------------------------SMRGELKN----CSFNI-T-TE--LRD-KK-QKE-YALF-YKLDVVQINNNNGNRSNNS------------------------------------------NTTYRLI---NCNTSAI-T---QA, 0.0694, 0
0.358303, -116.7487, 20, POINT, T, VKLTPLCVTLNCTNVTNNNTT-------------------------------------SMRGELKN----CSFNV-T-TE--LRD-KK-QKE-YALF-YKLDVVQINNNNGNRSNNS------------------------------------------NTTYRLI---NCNTSAI-T---QA, 0.0910, 0
0.348311, -121.2299, 20, POINT, S, VKLTPLCVTLNCTNVTNNNTS-------------------------------------SMRGELKN----CSFNV-T-TE--LRD-KK-QKE-YALF-YRLDVVQINNNNGNRSNNS------------------------------------------NTTYRLI---NCNTSAI-T---QA, 0.1496, 1
0.353791, -120.2749, 74, POINT, I, VKLTPLCVTLNCTNVTNNNTS-------------------------------------SMRGELKN----CSFNI-T-TE--LRD-KK-QKE-YALF-YRLDVVQINNNNGNRSNNS------------------------------------------NTTYRLI---NCNTSAI-T---QA, 0.1496, 0
0.352716, -122.7637, 110, POINT, N, VKLTPLCVTLNCTNVTNNNTS-------------------------------------SMRGELKN----CSFNV-T-TE--LRD-KK-QKE-YALF-YRLDVVQINNNNNNRSNNS------------------------------------------NTTYRLI---NCNTSAI-T---QA, 0.1496, 0
0.353791, -120.2749, [74], CHUNK, ['I'], VKLTPLCVTLNCTNVTNNNTS-------------------------------------SMRGELKN----CSFNI-T-TE--LRD-KK-QKE-YALF-YRLDVVQINNNNGNRSNNS------------------------------------------NTTYRLI---NCNTSAI-T---QA, 0.1496, 0
0.349311, -118.8348, 60, POINT, K, VKLTPLCVTLNCTNVTNNNTS-------------------------------------SMKGELKN----CSFNV-T-TE--LRD-KK-QKE-YALF-YRLDVVQINNNNGNRSNNS------------------------------------------NTTYRLI---NCNTSAI-T---QA, 0.1496, 1
0.357308, -117.1764, [99], CHUNK, ['K'], VKLTPLCVTLNCTNVTNNNTS-------------------------------------SMKGELKN----CSFNV-T-TE--LRD-KK-QKE-YALF-YKLDVVQINNNNGNRSNNS------------------------------------------NTTYRLI---NCNTSAI-T---QA, 0.1496, 0
0.357282, -116.9246, [63], CHUNK, ['I'], VKLTPLCVTLNCTNVTNNNTS-------------------------------------SMKGEIKN----CSFNV-T-TE--LRD-KK-QKE-YALF-YRLDVVQINNNNGNRSNNS------------------------------------------NTTYRLI---NCNTSAI-T---QA, 0.1496, 0
0.354791, -117.8798, [74], CHUNK, ['I'], VKLTPLCVTLNCTNVTNNNTS-------------------------------------SMKGELKN----CSFNI-T-TE--LRD-KK-QKE-YALF-YRLDVVQINNNNGNRSNNS------------------------------------------NTTYRLI---NCNTSAI-T---QA, 0.1496, 0
0.349366, -118.6734, 89, POINT, K, VKLTPLCVTLNCTNVTNNNTS-------------------------------------SMKGELKN----CSFNV-T-TE--LRD-KK-KKE-YALF-YRLDVVQINNNNGNRSNNS------------------------------------------NTTYRLI---NCNTSAI-T---QA, 0.1496, 0
0.361206, -119.7213, [99, 104], CHUNK, ['K', 'P'], VKLTPLCVTLNCTNVTNNNTS-------------------------------------SMRGELKN----CSFNV-T-TE--LRD-KK-QKE-YALF-YKLDVVPINNNNGNRSNNS------------------------------------------NTTYRLI---NCNTSAI-T---QA, 0.1496, 0
0.356308, -119.4996, [99], CHUNK, ['K'], VKLTPLCVTLNCTNVTNNNTS-------------------------------------SMRGELKN----CSFNV-T-TE--LRD-KK-QKE-YALF-YKLDVVQINNNNGNRSNNS------------------------------------------NTTYRLI---NCNTSAI-T---QA, 0.1496, 0
0.355793, -94.7268, [169, 174], CHUNK, ['S', 'V'], VKLTPLCVTLNCTNVTNNNTS-------------------------------------SMRGELKN----CSFNV-T-TE--LRD-KK-QKE-YALF-YRLDVVQINNNNGNRSNNS------------------------------------------NTTYRLI---SCNTSVI-T---QA, 0.5035, 0
0.355793, -95.5317, [169, 174], CHUNK, ['S', 'V'], VKLTPLCVTLNCTNVTNNNTS-------------------------------------SMRGELKN----CSFNV-T-TE--LRD-KK-QKE-YALF-YRLDVVQINNNNGNRSNNS------------------------------------------NTTYRLI---SCNTSVI-T---QA, 0.4320, 0
0.353066, -101.5375, [174], CHUNK, ['V'], VKLTPLCVTLNCTNVTNNNTD-------------------------------------SMRGELKN----CSFNV-T-TE--LRD-KK-QKE-YALF-YRLDVVQINNNNGNRSNNS------------------------------------------NTTYRLI---NCNTSVI-T---QA, 0.2016, 0
0.353931, -118.7004, [99, 104, 106, 107], CHUNK, ['K', 'P', 'D', 'G'], VKLTPLCVTLNCTNVTNNNTD-------------------------------------SMRGELKN----CSFNV-T-TE--LRD-KK-QKE-YALF-YKLDVVPIDGNNGNRSNNS------------------------------------------NTTYRLI---NCNTSAI-T---QA, 0.1230, 0
0.349971, -121.9355, 104, POINT, P, VKLTPLCVTLNCTNVTNNNTD-------------------------------------SMRGELKN----CSFNV-T-TE--LRD-KK-QKE-YALF-YRLDVVPINNNNGNRSNNS------------------------------------------NTTYRLI---NCNTSAI-T---QA, 0.0671, 0
0.355281, -120.4545, [99, 102, 104], CHUNK, ['K', 'I', 'P'], VKLTPLCVTLNCTNVTNNNTD-------------------------------------SMRGELKN----CSFNV-T-TE--LRD-KK-QKE-YALF-YKLDIVPINNNNGNRSNNS------------------------------------------NTTYRLI---NCNTSAI-T---QA, 0.0758, 0
0.351789, -99.6513, [58, 59, 60, 61, 63], CHUNK, ['T', 'Y', 'N', 'N', 'M'], VKLTPLCVTLNCTNVTNNNTD-------------------------------------TYNNEMKN----CSFNV-T-TE--LRD-KK-QKE-YALF-YRLDVVQINNNNGNRSNNS------------------------------------------NTTYRLI---NCNTSAI-T---QA, 0.0628, 0
0.353836, -115.7932, [58, 59, 60, 63], CHUNK, ['S', 'E', 'V', 'I'], VKLTPLCVTLNCTNVTNNNTD-------------------------------------SEVGEIKN----CSFNV-T-TE--LRD-KK-QKE-YALF-YRLDVVQINNNNGNRSNNS------------------------------------------NTTYRLI---NCNTSAI-T---QA, 0.0675, 1
0.356381, -117.1019, 60, POINT, K, VKLTPLCVTLNCTNVTNNNTD-------------------------------------SEKGEIKN----CSFNV-T-TE--LRD-KK-QKE-YALF-YRLDVVQINNNNGNRSNNS------------------------------------------NTTYRLI---NCNTSAI-T---QA, 0.0675, 0
0.358024, -116.1233, 104, POINT, P, VKLTPLCVTLNCTNVTNNNTD-------------------------------------SEVGEIKN----CSFNV-T-TE--LRD-KK-QKE-YALF-YRLDVVPINNNNGNRSNNS------------------------------------------NTTYRLI---NCNTSAI-T---QA, 0.0675, 0
0.361833, -113.9431, 99, POINT, K, VKLTPLCVTLNCTNVTNNNTD-------------------------------------SEVGEIKN----CSFNV-T-TE--LRD-KK-QKE-YALF-YKLDVVQINNNNGNRSNNS------------------------------------------NTTYRLI---NCNTSAI-T---QA, 0.0675, 0
0.358189, -112.6337, 20, POINT, T, VKLTPLCVTLNCTNVTNNNTT-------------------------------------SEVGEIKN----CSFNV-T-TE--LRD-KK-QKE-YALF-YRLDVVQINNNNGNRSNNS------------------------------------------NTTYRLI---NCNTSAI-T---QA, 0.0675, 0
0.349204, -120.3801, [99, 102], CHUNK, ['K', 'I'], VKLTPLCVTLNCTNVTNNNTD-------------------------------------DMRGELKN----CSFNV-T-TE--LRD-KK-QKE-YALF-YKLDIVQINNNNGNRSNNS------------------------------------------NTTYRLI---NCNTSAI-T---QA, 0.0628, 0
0.349492, -122.0019, 74, POINT, I, VKLTPLCVTLNCTNVTNNNTD-------------------------------------DMRGELKN----CSFNI-T-TE--LRD-KK-QKE-YALF-YRLDVVQINNNNGNRSNNS------------------------------------------NTTYRLI---NCNTSAI-T---QA, 0.0628, 0
0.346826, -122.9718, 20, POINT, N, VKLTPLCVTLNCTNVTNNNTN-------------------------------------DMRGELKN----CSFNV-T-TE--LRD-KK-QKE-YALF-YRLDVVQINNNNGNRSNNS------------------------------------------NTTYRLI---NCNTSAI-T---QA, 0.0886, 0
0.352008, -120.3782, [99], CHUNK, ['K'], VKLTPLCVTLNCTNVTNNNTD-------------------------------------DMRGELKN----CSFNV-T-TE--LRD-KK-QKE-YALF-YKLDVVQINNNNGNRSNNS------------------------------------------NTTYRLI---NCNTSAI-T---QA, 0.0628, 0
0.350129, -119.2376, 99, POINT, K, VKLTPLCVTLNCTNVTNNNTD-------------------------------------DMRGELKN----CSFNV-T-TE--LRD-KK-QKE-YALF-YKLDVVQINNNNGNRSNNS------------------------------------------NTEYRLI---NCNTSAI-T---QA, 0.0865, 0
0.342545, -121.3682, 16, POINT, T, VKLTPLCVTLNCTNVTTNNTD-------------------------------------DMRGELKN----CSFNV-T-TE--LRD-KK-QKE-YALF-YRLDVVQINNNNGNRSNNS------------------------------------------NTEYRLI---NCNTSAI-T---QA, 0.0865, 1
0.349827, -101.7553, [174], CHUNK, ['V'], VKLTPLCVTLNCTNVTTNNTD-------------------------------------DMRGELKN----CSFNV-T-TE--LRD-KK-QKE-YALF-YRLDVVQINNNNGNRSNNS------------------------------------------NTEYRLI---NCNTSVI-T---QA, 0.2902, 0
0.348025, -121.3102, 74, POINT, I, VKLTPLCVTLNCTNVTTNNTD-------------------------------------DMRGELKN----CSFNI-T-TE--LRD-KK-QKE-YALF-YRLDVVQINNNNGNRSNNS------------------------------------------NTEYRLI---NCNTSAI-T---QA, 0.0945, 0
0.352280, -29.0560, [74, 79, 82], CHUNK, ['I', 'S', 'I'], VKLTPLCVTLNCTNVTTNNTD-------------------------------------DMRGELKN----CSFNI-T-TS--IRD-KK-QKE-YALF-YRLDVVQINNNNGNRSNNS------------------------------------------NTEYRLI---NCNTSAI-T---QA, 0.2707, 0
0.343513, -120.5203, 104, POINT, S, VKLTPLCVTLNCTNVTTNNTD-------------------------------------DMRGELKN----CSFNV-T-TE--LRD-KK-QKE-YALF-YRLDVVSINNNNGNRSNNS------------------------------------------NTEYRLI---NCNTSAI-T---QA, 0.1912, 0
0.355028, -119.3955, [99, 104], CHUNK, ['K', 'P'], VKLTPLCVTLNCTNVTNNNTD-------------------------------------DMRGELKN----CSFNV-T-TE--LRD-KK-QKE-YALF-YKLDVVPINNNNGNRSNNS------------------------------------------NTEYRLI---NCNTSAI-T---QA, 0.0865, 0
0.343140, -121.7232, 59, POINT, K, VKLTPLCVTLNCTNVTNNNTD-------------------------------------DKRGELKN----CSFNV-T-TE--LRD-KK-QKE-YALF-YRLDVVQINNNNGNRSNNS------------------------------------------NTEYRLI---NCNTSAI-T---QA, 0.0865, 0
0.350129, -119.8891, [99], CHUNK, ['K'], VKLTPLCVTLNCTNVTNNNTD-------------------------------------DMRGELKN----CSFNV-T-TE--LRD-KK-QKE-YALF-YKLDVVQINNNNGNRSNNS------------------------------------------NTEYRLI---NCNTSAI-T---QA, 0.0810, 0
0.349415, -102.0326, [174], CHUNK, ['V'], VKLTPLCVTLNCTNVTNNNTD-------------------------------------DMRGELKN----CSFNV-T-TE--LRD-KK-QKE-YALF-YRLDVVQINNNNGNRSNNS------------------------------------------NTEYRLI---NCNTSVI-T---QA, 0.3446, 0
