Name base = V1V2_200_exp_1_8_ni
Iters = 200
Soft coverage = 0.284621885725
Energy = -131.108955052
Hard Covereage = 0.0368019545157
Num epitopes = 65
Initial seq = VKLTPLCVTLQCTNVTNNITD-------------------------------------DMRGELKN----CSFNM-T-TE--LRD-KK-QKV-YSLF-YRLDVVQINENQGNRSNNS------------------------------------------NKEYRLI---NCNTSAI-T---QA
-------START OF DATA------
0.308289, -131.0149, [10], CHUNK, ['N'], VKLTPLCVTLNCTNVTNNITD-------------------------------------DMRGELKN----CSFNM-T-TE--LRD-KK-QKV-YSLF-YRLDVVQINENQGNRSNNS------------------------------------------NKEYRLI---NCNTSAI-T---QA, 0.0000, 1
0.318261, -113.2944, [74], CHUNK, ['I'], VKLTPLCVTLNCTNVTNNITD-------------------------------------DMRGELKN----CSFNI-T-TE--LRD-KK-QKV-YSLF-YRLDVVQINENQGNRSNNS------------------------------------------NKEYRLI---NCNTSAI-T---QA, 0.3299, 0
0.316670, -131.1915, 94, POINT, A, VKLTPLCVTLNCTNVTNNITD-------------------------------------DMRGELKN----CSFNM-T-TE--LRD-KK-QKV-YALF-YRLDVVQINENQGNRSNNS------------------------------------------NKEYRLI---NCNTSAI-T---QA, 0.0000, 1
0.328777, -130.3041, [160, 161], CHUNK, ['T', 'S'], VKLTPLCVTLNCTNVTNNITD-------------------------------------DMRGELKN----CSFNM-T-TE--LRD-KK-QKV-YALF-YRLDVVQINENQGNRSNNS------------------------------------------NTSYRLI---NCNTSAI-T---QA, 0.0000, 1
0.341639, -127.2570, [91, 99], CHUNK, ['E', 'K'], VKLTPLCVTLNCTNVTNNITD-------------------------------------DMRGELKN----CSFNM-T-TE--LRD-KK-QKE-YALF-YKLDVVQINENQGNRSNNS------------------------------------------NTSYRLI---NCNTSAI-T---QA, 0.0123, 1
0.348921, -112.9483, [174], CHUNK, ['V'], VKLTPLCVTLNCTNVTNNITD-------------------------------------DMRGELKN----CSFNM-T-TE--LRD-KK-QKE-YALF-YKLDVVQINENQGNRSNNS------------------------------------------NTSYRLI---NCNTSVI-T---QA, 0.4376, 0
0.351610, -117.7653, [74], CHUNK, ['I'], VKLTPLCVTLNCTNVTNNITD-------------------------------------DMRGELKN----CSFNI-T-TE--LRD-KK-QKE-YALF-YKLDVVQINENQGNRSNNS------------------------------------------NTSYRLI---NCNTSAI-T---QA, 0.2296, 0
0.346062, -127.4472, 104, POINT, P, VKLTPLCVTLNCTNVTNNITD-------------------------------------DMRGELKN----CSFNM-T-TE--LRD-KK-QKE-YALF-YKLDVVPINENQGNRSNNS------------------------------------------NTSYRLI---NCNTSAI-T---QA, 0.0123, 1
0.348022, -127.3404, 60, POINT, N, VKLTPLCVTLNCTNVTNNITD-------------------------------------DMNGELKN----CSFNM-T-TE--LRD-KK-QKE-YALF-YKLDVVPINENQGNRSNNS------------------------------------------NTSYRLI---NCNTSAI-T---QA, 0.0123, 1
0.356417, -123.7349, [59, 60, 63], CHUNK, ['E', 'K', 'I'], VKLTPLCVTLNCTNVTNNITD-------------------------------------DEKGEIKN----CSFNM-T-TE--LRD-KK-QKE-YALF-YKLDVVPINENQGNRSNNS------------------------------------------NTSYRLI---NCNTSAI-T---QA, 0.0123, 0
0.357994, -117.8450, [74], CHUNK, ['I'], VKLTPLCVTLNCTNVTNNITD-------------------------------------DMNGELKN----CSFNI-T-TE--LRD-KK-QKE-YALF-YKLDVVPINENQGNRSNNS------------------------------------------NTSYRLI---NCNTSAI-T---QA, 0.1631, 0
0.349866, -126.8552, 58, POINT, S, VKLTPLCVTLNCTNVTNNITD-------------------------------------SMNGELKN----CSFNM-T-TE--LRD-KK-QKE-YALF-YKLDVVPINENQGNRSNNS------------------------------------------NTSYRLI---NCNTSAI-T---QA, 0.0490, 1
0.358585, -104.6909, [169, 174], CHUNK, ['S', 'V'], VKLTPLCVTLNCTNVTNNITD-------------------------------------SMNGELKN----CSFNM-T-TE--LRD-KK-QKE-YALF-YKLDVVPINENQGNRSNNS------------------------------------------NTSYRLI---SCNTSVI-T---QA, 0.4341, 0
0.351038, -126.0567, 107, POINT, S, VKLTPLCVTLNCTNVTNNITD-------------------------------------SMNGELKN----CSFNM-T-TE--LRD-KK-QKE-YALF-YKLDVVPINSNQGNRSNNS------------------------------------------NTSYRLI---NCNTSAI-T---QA, 0.0490, 0
0.358585, -103.9241, [169, 174], CHUNK, ['S', 'V'], VKLTPLCVTLNCTNVTNNITD-------------------------------------SMNGELKN----CSFNM-T-TE--LRD-KK-QKE-YALF-YKLDVVPINENQGNRSNNS------------------------------------------NTSYRLI---SCNTSVI-T---QA, 0.3214, 0
0.358585, -103.1490, [169, 174], CHUNK, ['S', 'V'], VKLTPLCVTLNCTNVTNNITD-------------------------------------SMNGELKN----CSFNM-T-TE--LRD-KK-QKE-YALF-YKLDVVPINENQGNRSNNS------------------------------------------NTSYRLI---SCNTSVI-T---QA, 0.2688, 0
0.357994, -121.0290, [74], CHUNK, ['I'], VKLTPLCVTLNCTNVTNNITD-------------------------------------DMNGELKN----CSFNI-T-TE--LRD-KK-QKE-YALF-YKLDVVPINENQGNRSNNS------------------------------------------NTSYRLI---NCNTSAI-T---QA, 0.1059, 0
0.355304, -109.9580, 174, POINT, V, VKLTPLCVTLNCTNVTNNITD-------------------------------------DMNGELKN----CSFNM-T-TE--LRD-KK-QKE-YALF-YKLDVVPINENQGNRSNNS------------------------------------------NTSYRLI---NCNTSVI-T---QA, 0.3066, 0
0.357994, -115.3392, [74], CHUNK, ['I'], VKLTPLCVTLNCTNVTNNITD-------------------------------------DMNGELKN----CSFNI-T-TE--LRD-KK-QKE-YALF-YKLDVVPINENQGNRSNNS------------------------------------------NTSYRLI---NCNTSAI-T---QA, 0.2804, 0
0.356742, -103.2104, [169, 174], CHUNK, ['S', 'V'], VKLTPLCVTLNCTNVTNNITD-------------------------------------DMNGELKN----CSFNM-T-TE--LRD-KK-QKE-YALF-YKLDVVPINENQGNRSNNS------------------------------------------NTSYRLI---SCNTSVI-T---QA, 0.2432, 0
0.350554, -120.7054, 74, POINT, V, VKLTPLCVTLNCTNVTNNITD-------------------------------------DMRGELKN----CSFNV-T-TE--LRD-KK-QKE-YALF-YKLDVVPINENQGNRSNNS------------------------------------------NTSYRLI---NCNTSAI-T---QA, 0.0968, 1
0.357977, -119.1775, [63], CHUNK, ['I'], VKLTPLCVTLNCTNVTNNITD-------------------------------------DMRGEIKN----CSFNV-T-TE--LRD-KK-QKE-YALF-YKLDVVPINENQGNRSNNS------------------------------------------NTSYRLI---NCNTSAI-T---QA, 0.0972, 0
0.357836, -103.1663, [174], CHUNK, ['V'], VKLTPLCVTLNCTNVTNNITD-------------------------------------DMRGELKN----CSFNV-T-TE--LRD-KK-QKE-YALF-YKLDVVPINENQGNRSNNS------------------------------------------NTSYRLI---NCNTSVI-T---QA, 0.3455, 0
0.353614, -120.7451, 59, POINT, N, VKLTPLCVTLNCTNVTNNITD-------------------------------------DNRGELKN----CSFNV-T-TE--LRD-KK-QKE-YALF-YKLDVVPINENQGNRSNNS------------------------------------------NTSYRLI---NCNTSAI-T---QA, 0.0968, 0
0.355536, -121.4158, 109, POINT, N, VKLTPLCVTLNCTNVTNNITD-------------------------------------DMRGELKN----CSFNV-T-TE--LRD-KK-QKE-YALF-YKLDVVPINENNGNRSNNS------------------------------------------NTSYRLI---NCNTSAI-T---QA, 0.0826, 0
0.356033, -120.1351, 74, POINT, I, VKLTPLCVTLNCTNVTNNITD-------------------------------------DMRGELKN----CSFNI-T-TE--LRD-KK-QKE-YALF-YKLDVVPINENQGNRSNNS------------------------------------------NTSYRLI---NCNTSAI-T---QA, 0.1238, 0
0.354781, -103.6700, [169, 174], CHUNK, ['S', 'V'], VKLTPLCVTLNCTNVTNNITD-------------------------------------DMRGELKN----CSFNM-T-TE--LRD-KK-QKE-YALF-YKLDVVPINENQGNRSNNS------------------------------------------NTSYRLI---SCNTSVI-T---QA, 0.3869, 0
0.356033, -121.0984, [74], CHUNK, ['I'], VKLTPLCVTLNCTNVTNNITD-------------------------------------DMRGELKN----CSFNI-T-TE--LRD-KK-QKE-YALF-YKLDVVPINENQGNRSNNS------------------------------------------NTSYRLI---NCNTSAI-T---QA, 0.1304, 0
0.350091, -128.8857, 110, POINT, N, VKLTPLCVTLNCTNVTNNITD-------------------------------------DMRGELKN----CSFNM-T-TE--LRD-KK-QKE-YALF-YKLDVVPINENQNNRSNNS------------------------------------------NTSYRLI---NCNTSAI-T---QA, 0.0123, 0
0.342772, -127.5209, 16, POINT, T, VKLTPLCVTLNCTNVTTNITD-------------------------------------DMRGELKN----CSFNM-T-TE--LRD-KK-QKE-YALF-YKLDVVQINENQGNRSNNS------------------------------------------NTSYRLI---NCNTSAI-T---QA, 0.0123, 1
0.345205, -124.2455, 20, POINT, T, VKLTPLCVTLNCTNVTTNITT-------------------------------------DMRGELKN----CSFNM-T-TE--LRD-KK-QKE-YALF-YKLDVVQINENQGNRSNNS------------------------------------------NTSYRLI---NCNTSAI-T---QA, 0.0123, 1
0.353924, -101.4301, [169, 174], CHUNK, ['S', 'V'], VKLTPLCVTLNCTNVTTNITT-------------------------------------DMRGELKN----CSFNM-T-TE--LRD-KK-QKE-YALF-YKLDVVQINENQGNRSNNS------------------------------------------NTSYRLI---SCNTSVI-T---QA, 0.3187, 0
0.352487, -103.8520, [174], CHUNK, ['V'], VKLTPLCVTLNCTNVTTNITT-------------------------------------DMRGELKN----CSFNM-T-TE--LRD-KK-QKE-YALF-YKLDVVQINENQGNRSNNS------------------------------------------NTSYRLI---NCNTSVI-T---QA, 0.3380, 0
0.355177, -114.7758, [74], CHUNK, ['I'], VKLTPLCVTLNCTNVTTNITT-------------------------------------DMRGELKN----CSFNI-T-TE--LRD-KK-QKE-YALF-YKLDVVQINENQGNRSNNS------------------------------------------NTSYRLI---NCNTSAI-T---QA, 0.1622, 1
0.363851, -115.2645, 63, POINT, I, VKLTPLCVTLNCTNVTTNITT-------------------------------------DMRGEIKN----CSFNI-T-TE--LRD-KK-QKE-YALF-YKLDVVQINENQGNRSNNS------------------------------------------NTSYRLI---NCNTSAI-T---QA, 0.1853, 0
0.361450, -11.0119, [79, 82], CHUNK, ['N', 'I'], VKLTPLCVTLNCTNVTTNITT-------------------------------------DMRGELKN----CSFNI-T-TN--IRD-KK-QKE-YALF-YKLDVVQINENQGNRSNNS------------------------------------------NTSYRLI---NCNTSAI-T---QA, 0.3698, 0
0.363851, -113.0714, [63], CHUNK, ['I'], VKLTPLCVTLNCTNVTTNITT-------------------------------------DMRGEIKN----CSFNI-T-TE--LRD-KK-QKE-YALF-YKLDVVQINENQGNRSNNS------------------------------------------NTSYRLI---NCNTSAI-T---QA, 0.1300, 0
0.362459, -96.0867, 174, POINT, V, VKLTPLCVTLNCTNVTTNITT-------------------------------------DMRGELKN----CSFNI-T-TE--LRD-KK-QKE-YALF-YKLDVVQINENQGNRSNNS------------------------------------------NTSYRLI---NCNTSVI-T---QA, 0.2976, 0
0.355177, -116.5863, [74], CHUNK, ['I'], VKLTPLCVTLNCTNVTTNITT-------------------------------------DMRGELKN----CSFNI-T-TE--LRD-KK-QKE-YALF-YKLDVVQINENQGNRSNNS------------------------------------------NTSYRLI---NCNTSAI-T---QA, 0.2288, 0
0.355177, -107.7090, [74], CHUNK, ['I'], VKLTPLCVTLNCTNVTTNITT-------------------------------------DMRGELKN----CSFNI-T-TE--LRD-KK-QKE-YALF-YKLDVVQINENQGNRSNNS------------------------------------------NTSYRLI---NCNTSAI-T---QA, 0.2188, 0
0.355177, -108.7935, [74], CHUNK, ['I'], VKLTPLCVTLNCTNVTTNITT-------------------------------------DMRGELKN----CSFNI-T-TE--LRD-KK-QKE-YALF-YKLDVVQINENQGNRSNNS------------------------------------------NTSYRLI---NCNTSAI-T---QA, 0.4511, 0
0.353924, -103.3019, [169, 174], CHUNK, ['S', 'V'], VKLTPLCVTLNCTNVTTNITT-------------------------------------DMRGELKN----CSFNM-T-TE--LRD-KK-QKE-YALF-YKLDVVQINENQGNRSNNS------------------------------------------NTSYRLI---SCNTSVI-T---QA, 0.2893, 0
0.350043, -125.7884, 63, POINT, I, VKLTPLCVTLNCTNVTTNITD-------------------------------------DMRGEIKN----CSFNM-T-TE--LRD-KK-QKE-YALF-YKLDVVQINENQGNRSNNS------------------------------------------NTSYRLI---NCNTSAI-T---QA, 0.0123, 0
0.352744, -120.0367, [74], CHUNK, ['I'], VKLTPLCVTLNCTNVTTNITD-------------------------------------DMRGELKN----CSFNI-T-TE--LRD-KK-QKE-YALF-YKLDVVQINENQGNRSNNS------------------------------------------NTSYRLI---NCNTSAI-T---QA, 0.1692, 0
0.352702, -119.4299, [74, 79], CHUNK, ['I', 'N'], VKLTPLCVTLNCTNVTTNITD-------------------------------------DMRGELKN----CSFNI-T-TN--LRD-KK-QKE-YALF-YKLDVVQINENQGNRSNNS------------------------------------------NTSYRLI---NCNTSAI-T---QA, 0.0858, 0
0.344941, -125.3489, 174, POINT, T, VKLTPLCVTLNCTNVTTNITD-------------------------------------DMRGELKN----CSFNM-T-TE--LRD-KK-QKE-YALF-YKLDVVQINENQGNRSNNS------------------------------------------NTSYRLI---NCNTSTI-T---QA, 0.0123, 1
0.354913, -105.4981, [74], CHUNK, ['I'], VKLTPLCVTLNCTNVTTNITD-------------------------------------DMRGELKN----CSFNI-T-TE--LRD-KK-QKE-YALF-YKLDVVQINENQGNRSNNS------------------------------------------NTSYRLI---NCNTSTI-T---QA, 0.3921, 0
0.352212, -123.6164, 63, POINT, I, VKLTPLCVTLNCTNVTTNITD-------------------------------------DMRGEIKN----CSFNM-T-TE--LRD-KK-QKE-YALF-YKLDVVQINENQGNRSNNS------------------------------------------NTSYRLI---NCNTSTI-T---QA, 0.0123, 0
0.359168, -10.4117, [74, 79, 82], CHUNK, ['I', 'S', 'I'], VKLTPLCVTLNCTNVTTNITD-------------------------------------DMRGELKN----CSFNI-T-TS--IRD-KK-QKE-YALF-YKLDVVQINENQGNRSNNS------------------------------------------NTSYRLI---NCNTSTI-T---QA, 0.3505, 0
0.351491, -106.1902, [169, 174], CHUNK, ['S', 'V'], VKLTPLCVTLNCTNVTTNITD-------------------------------------DMRGELKN----CSFNM-T-TE--LRD-KK-QKE-YALF-YKLDVVQINENQGNRSNNS------------------------------------------NTSYRLI---SCNTSVI-T---QA, 0.2640, 0
0.350054, -108.1205, [174], CHUNK, ['V'], VKLTPLCVTLNCTNVTTNITD-------------------------------------DMRGELKN----CSFNM-T-TE--LRD-KK-QKE-YALF-YKLDVVQINENQGNRSNNS------------------------------------------NTSYRLI---NCNTSVI-T---QA, 0.3359, 0
0.352744, -107.3369, [74], CHUNK, ['I'], VKLTPLCVTLNCTNVTTNITD-------------------------------------DMRGELKN----CSFNI-T-TE--LRD-KK-QKE-YALF-YKLDVVQINENQGNRSNNS------------------------------------------NTSYRLI---NCNTSAI-T---QA, 0.3681, 0
0.345481, -126.5208, 59, POINT, T, VKLTPLCVTLNCTNVTTNITD-------------------------------------DTRGELKN----CSFNM-T-TE--LRD-KK-QKE-YALF-YKLDVVQINENQGNRSNNS------------------------------------------NTSYRLI---NCNTSAI-T---QA, 0.0123, 0
0.347264, -119.9207, 74, POINT, V, VKLTPLCVTLNCTNVTTNITD-------------------------------------DMRGELKN----CSFNV-T-TE--LRD-KK-QKE-YALF-YKLDVVQINENQGNRSNNS------------------------------------------NTSYRLI---NCNTSAI-T---QA, 0.2673, 1
0.354546, -100.3692, 174, POINT, V, VKLTPLCVTLNCTNVTTNITD-------------------------------------DMRGELKN----CSFNV-T-TE--LRD-KK-QKE-YALF-YKLDVVQINENQGNRSNNS------------------------------------------NTSYRLI---NCNTSVI-T---QA, 0.5424, 0
0.352744, -118.6817, 74, POINT, I, VKLTPLCVTLNCTNVTTNITD-------------------------------------DMRGELKN----CSFNI-T-TE--LRD-KK-QKE-YALF-YKLDVVQINENQGNRSNNS------------------------------------------NTSYRLI---NCNTSAI-T---QA, 0.2562, 0
0.355983, -100.0496, [169, 174], CHUNK, ['S', 'V'], VKLTPLCVTLNCTNVTTNITD-------------------------------------DMRGELKN----CSFNV-T-TE--LRD-KK-QKE-YALF-YKLDVVQINENQGNRSNNS------------------------------------------NTSYRLI---SCNTSVI-T---QA, 0.4782, 0
0.348742, -119.8436, 59, POINT, S, VKLTPLCVTLNCTNVTTNITD-------------------------------------DSRGELKN----CSFNV-T-TE--LRD-KK-QKE-YALF-YKLDVVQINENQGNRSNNS------------------------------------------NTSYRLI---NCNTSAI-T---QA, 0.3709, 0
0.352744, -117.3381, [74], CHUNK, ['I'], VKLTPLCVTLNCTNVTTNITD-------------------------------------DMRGELKN----CSFNI-T-TE--LRD-KK-QKE-YALF-YKLDVVQINENQGNRSNNS------------------------------------------NTSYRLI---NCNTSAI-T---QA, 0.1427, 0
0.352744, -120.5918, [74], CHUNK, ['I'], VKLTPLCVTLNCTNVTTNITD-------------------------------------DMRGELKN----CSFNI-T-TE--LRD-KK-QKE-YALF-YKLDVVQINENQGNRSNNS------------------------------------------NTSYRLI---NCNTSAI-T---QA, 0.0782, 0
0.359016, 0.7055, [74, 79, 82], CHUNK, ['I', 'N', 'I'], VKLTPLCVTLNCTNVTTNITD-------------------------------------DMRGELKN----CSFNI-T-TN--IRD-KK-QKE-YALF-YKLDVVQINENQGNRSNNS------------------------------------------NTSYRLI---NCNTSAI-T---QA, 0.2358, 0
0.351864, -120.7821, [60, 63], CHUNK, ['T', 'I'], VKLTPLCVTLNCTNVTTNITD-------------------------------------DMTGEIKN----CSFNM-T-TE--LRD-KK-QKE-YALF-YKLDVVQINENQGNRSNNS------------------------------------------NTSYRLI---NCNTSAI-T---QA, 0.0123, 1
0.359146, -100.3686, 174, POINT, V, VKLTPLCVTLNCTNVTTNITD-------------------------------------DMTGEIKN----CSFNM-T-TE--LRD-KK-QKE-YALF-YKLDVVQINENQGNRSNNS------------------------------------------NTSYRLI---NCNTSVI-T---QA, 0.2988, 0
0.353289, -119.8596, 59, POINT, S, VKLTPLCVTLNCTNVTTNITD-------------------------------------DSTGEIKN----CSFNM-T-TE--LRD-KK-QKE-YALF-YKLDVVQINENQGNRSNNS------------------------------------------NTSYRLI---NCNTSAI-T---QA, 0.0123, 0
0.351910, -123.3509, 60, POINT, K, VKLTPLCVTLNCTNVTTNITD-------------------------------------DMKGEIKN----CSFNM-T-TE--LRD-KK-QKE-YALF-YKLDVVQINENQGNRSNNS------------------------------------------NTSYRLI---NCNTSAI-T---QA, 0.0123, 1
0.363303, -114.7110, [74], CHUNK, ['I'], VKLTPLCVTLNCTNVTTNITD-------------------------------------DMKGEIKN----CSFNI-T-TE--LRD-KK-QKE-YALF-YKLDVVQINENQGNRSNNS------------------------------------------NTSYRLI---NCNTSAI-T---QA, 0.1551, 0
0.354073, -9.4295, 82, POINT, I, VKLTPLCVTLNCTNVTTNITD-------------------------------------DMKGEIKN----CSFNM-T-TE--IRD-KK-QKE-YALF-YKLDVVQINENQGNRSNNS------------------------------------------NTSYRLI---NCNTSAI-T---QA, 0.2221, 0
0.360630, -100.2969, [169, 174], CHUNK, ['S', 'V'], VKLTPLCVTLNCTNVTTNITD-------------------------------------DMKGEIKN----CSFNM-T-TE--LRD-KK-QKE-YALF-YKLDVVQINENQGNRSNNS------------------------------------------NTSYRLI---SCNTSVI-T---QA, 0.3290, 0
0.352895, -122.4210, 59, POINT, S, VKLTPLCVTLNCTNVTTNITD-------------------------------------DSKGEIKN----CSFNM-T-TE--LRD-KK-QKE-YALF-YKLDVVQINENQGNRSNNS------------------------------------------NTSYRLI---NCNTSAI-T---QA, 0.0123, 0
0.363257, -106.5135, [74], CHUNK, ['I'], VKLTPLCVTLNCTNVTTNITD-------------------------------------DMTGEIKN----CSFNI-T-TE--LRD-KK-QKE-YALF-YKLDVVQINENQGNRSNNS------------------------------------------NTSYRLI---NCNTSAI-T---QA, 0.1823, 0
0.360728, -121.4562, [104, 106, 107, 108, 109, 110], CHUNK, ['P', 'D', 'N', 'K', 'D', 'S'], VKLTPLCVTLNCTNVTTNITD-------------------------------------DMTGEIKN----CSFNM-T-TE--LRD-KK-QKE-YALF-YKLDVVPIDNKDSNRSNNS------------------------------------------NTSYRLI---NCNTSAI-T---QA, 0.0123, 0
0.353074, -119.9835, 107, POINT, S, VKLTPLCVTLNCTNVTTNITD-------------------------------------DMTGEIKN----CSFNM-T-TE--LRD-KK-QKE-YALF-YKLDVVQINSNQGNRSNNS------------------------------------------NTSYRLI---NCNTSAI-T---QA, 0.0123, 0
0.363257, -114.8937, [74], CHUNK, ['I'], VKLTPLCVTLNCTNVTTNITD-------------------------------------DMTGEIKN----CSFNI-T-TE--LRD-KK-QKE-YALF-YKLDVVQINENQGNRSNNS------------------------------------------NTSYRLI---NCNTSAI-T---QA, 0.0378, 0
0.347264, -118.0830, [74], CHUNK, ['V'], VKLTPLCVTLNCTNVTTNITD-------------------------------------DMRGELKN----CSFNV-T-TE--LRD-KK-QKE-YALF-YKLDVVQINENQGNRSNNS------------------------------------------NTSYRLI---NCNTSAI-T---QA, 0.1821, 0
0.344625, -122.5146, 60, POINT, T, VKLTPLCVTLNCTNVTTNITD-------------------------------------DMTGELKN----CSFNM-T-TE--LRD-KK-QKE-YALF-YKLDVVQINENQGNRSNNS------------------------------------------NTSYRLI---NCNTSAI-T---QA, 0.0123, 0
0.347264, -121.5082, [74], CHUNK, ['V'], VKLTPLCVTLNCTNVTTNITD-------------------------------------DMRGELKN----CSFNV-T-TE--LRD-KK-QKE-YALF-YKLDVVQINENQGNRSNNS------------------------------------------NTSYRLI---NCNTSAI-T---QA, 0.1230, 1
0.354687, -119.7721, [63], CHUNK, ['I'], VKLTPLCVTLNCTNVTTNITD-------------------------------------DMRGEIKN----CSFNV-T-TE--LRD-KK-QKE-YALF-YKLDVVQINENQGNRSNNS------------------------------------------NTSYRLI---NCNTSAI-T---QA, 0.1230, 0
0.351687, -121.6801, 104, POINT, P, VKLTPLCVTLNCTNVTTNITD-------------------------------------DMRGELKN----CSFNV-T-TE--LRD-KK-QKE-YALF-YKLDVVPINENQGNRSNNS------------------------------------------NTSYRLI---NCNTSAI-T---QA, 0.1230, 0
0.354687, -119.8758, 63, POINT, I, VKLTPLCVTLNCTNVTTNITD-------------------------------------DMRGEIKN----CSFNV-T-TE--LRD-KK-QKE-YALF-YKLDVVQINENQGNRSNNS------------------------------------------NTSYRLI---NCNTSAI-T---QA, 0.1425, 1
0.361969, -101.5406, [174], CHUNK, ['V'], VKLTPLCVTLNCTNVTTNITD-------------------------------------DMRGEIKN----CSFNV-T-TE--LRD-KK-QKE-YALF-YKLDVVQINENQGNRSNNS------------------------------------------NTSYRLI---NCNTSVI-T---QA, 0.2436, 0
0.358298, -119.9903, 107, POINT, N, VKLTPLCVTLNCTNVTTNITD-------------------------------------DMRGEIKN----CSFNV-T-TE--LRD-KK-QKE-YALF-YKLDVVQINNNQGNRSNNS------------------------------------------NTSYRLI---NCNTSAI-T---QA, 0.1425, 0
0.361436, -118.4206, 74, POINT, I, VKLTPLCVTLNCTNVTTNITD-------------------------------------DMRGEIKN----CSFNI-T-TE--LRD-KK-QKE-YALF-YKLDVVQINENQGNRSNNS------------------------------------------NTSYRLI---NCNTSAI-T---QA, 0.1373, 0
0.363406, -100.7283, [169, 174], CHUNK, ['S', 'V'], VKLTPLCVTLNCTNVTTNITD-------------------------------------DMRGEIKN----CSFNV-T-TE--LRD-KK-QKE-YALF-YKLDVVQINENQGNRSNNS------------------------------------------NTSYRLI---SCNTSVI-T---QA, 0.2513, 0
0.358458, -111.7033, [58, 59, 60, 63], CHUNK, ['I', 'E', 'K', 'I'], VKLTPLCVTLNCTNVTTNITD-------------------------------------IEKGEIKN----CSFNV-T-TE--LRD-KK-QKE-YALF-YKLDVVQINENQGNRSNNS------------------------------------------NTSYRLI---NCNTSAI-T---QA, 0.1750, 0
0.355983, -100.0460, [169, 174], CHUNK, ['S', 'V'], VKLTPLCVTLNCTNVTTNITD-------------------------------------DMRGELKN----CSFNV-T-TE--LRD-KK-QKE-YALF-YKLDVVQINENQGNRSNNS------------------------------------------NTSYRLI---SCNTSVI-T---QA, 0.3470, 0
0.354546, -102.2321, 174, POINT, V, VKLTPLCVTLNCTNVTTNITD-------------------------------------DMRGELKN----CSFNV-T-TE--LRD-KK-QKE-YALF-YKLDVVQINENQGNRSNNS------------------------------------------NTSYRLI---NCNTSVI-T---QA, 0.3529, 0
0.354546, -108.6298, [174], CHUNK, ['V'], VKLTPLCVTLNCTNVTTNITD-------------------------------------DMRGELKN----CSFNV-T-TE--LRD-KK-QKE-YALF-YKLDVVQINENQGNRSNNS------------------------------------------NTSYRLI---NCNTSVI-T---QA, 0.4840, 0
0.344941, -125.3489, 174, POINT, T, VKLTPLCVTLNCTNVTTNITD-------------------------------------DMRGELKN----CSFNM-T-TE--LRD-KK-QKE-YALF-YKLDVVQINENQGNRSNNS------------------------------------------NTSYRLI---NCNTSTI-T---QA, 0.0123, 1
0.347245, -123.3524, 63, POINT, M, VKLTPLCVTLNCTNVTTNITD-------------------------------------DMRGEMKN----CSFNM-T-TE--LRD-KK-QKE-YALF-YKLDVVQINENQGNRSNNS------------------------------------------NTSYRLI---NCNTSTI-T---QA, 0.0123, 1
0.353795, -101.1489, [169, 174], CHUNK, ['S', 'V'], VKLTPLCVTLNCTNVTTNITD-------------------------------------DMRGEMKN----CSFNM-T-TE--LRD-KK-QKE-YALF-YKLDVVQINENQGNRSNNS------------------------------------------NTSYRLI---SCNTSVI-T---QA, 0.2657, 0
0.348763, -121.0699, 60, POINT, K, VKLTPLCVTLNCTNVTTNITD-------------------------------------DMKGEMKN----CSFNM-T-TE--LRD-KK-QKE-YALF-YKLDVVQINENQGNRSNNS------------------------------------------NTSYRLI---NCNTSTI-T---QA, 0.0150, 1
0.353186, -121.5556, 104, POINT, P, VKLTPLCVTLNCTNVTTNITD-------------------------------------DMKGEMKN----CSFNM-T-TE--LRD-KK-QKE-YALF-YKLDVVPINENQGNRSNNS------------------------------------------NTSYRLI---NCNTSTI-T---QA, 0.0167, 0
0.359157, -112.3414, [74, 79], CHUNK, ['I', 'N'], VKLTPLCVTLNCTNVTTNITD-------------------------------------DMKGEMKN----CSFNI-T-TN--LRD-KK-QKE-YALF-YKLDVVQINENQGNRSNNS------------------------------------------NTSYRLI---NCNTSTI-T---QA, 0.1220, 0
0.354080, -121.3338, [63], CHUNK, ['I'], VKLTPLCVTLNCTNVTTNITD-------------------------------------DMKGEIKN----CSFNM-T-TE--LRD-KK-QKE-YALF-YKLDVVQINENQGNRSNNS------------------------------------------NTSYRLI---NCNTSTI-T---QA, 0.0150, 0
0.351250, -120.0721, 59, POINT, T, VKLTPLCVTLNCTNVTTNITD-------------------------------------DTKGEMKN----CSFNM-T-TE--LRD-KK-QKE-YALF-YKLDVVQINENQGNRSNNS------------------------------------------NTSYRLI---NCNTSTI-T---QA, 0.0150, 0
0.348403, -38.3086, [79, 82], CHUNK, ['S', 'I'], VKLTPLCVTLNCTNVTTNITD-------------------------------------DMRGEMKN----CSFNM-T-TS--IRD-KK-QKE-YALF-YKLDVVQINENQGNRSNNS------------------------------------------NTSYRLI---NCNTSTI-T---QA, 0.3091, 0
0.357680, -117.0706, [74], CHUNK, ['I'], VKLTPLCVTLNCTNVTTNITD-------------------------------------DMRGEMKN----CSFNI-T-TE--LRD-KK-QKE-YALF-YKLDVVQINENQGNRSNNS------------------------------------------NTSYRLI---NCNTSTI-T---QA, 0.0719, 0
0.352057, -116.1060, 74, POINT, V, VKLTPLCVTLNCTNVTTNITD-------------------------------------DMRGEMKN----CSFNV-T-TE--LRD-KK-QKE-YALF-YKLDVVQINENQGNRSNNS------------------------------------------NTSYRLI---NCNTSTI-T---QA, 0.1311, 1
0.357170, -95.6531, [174], CHUNK, ['V'], VKLTPLCVTLNCTNVTTNITD-------------------------------------DMRGEMKN----CSFNV-T-TE--LRD-KK-QKE-YALF-YKLDVVQINENQGNRSNNS------------------------------------------NTSYRLI---NCNTSVI-T---QA, 0.3583, 0
0.357170, -101.9425, [174], CHUNK, ['V'], VKLTPLCVTLNCTNVTTNITD-------------------------------------DMRGEMKN----CSFNV-T-TE--LRD-KK-QKE-YALF-YKLDVVQINENQGNRSNNS------------------------------------------NTSYRLI---NCNTSVI-T---QA, 0.3158, 0
0.363953, -13.0408, [74, 79, 82], CHUNK, ['I', 'N', 'I'], VKLTPLCVTLNCTNVTTNITD-------------------------------------DMRGEMKN----CSFNI-T-TN--IRD-KK-QKE-YALF-YKLDVVQINENQGNRSNNS------------------------------------------NTSYRLI---NCNTSTI-T---QA, 0.2704, 0
0.360693, -116.1090, [104, 106, 107], CHUNK, ['P', 'D', 'N'], VKLTPLCVTLNCTNVTTNITD-------------------------------------DMRGEMKN----CSFNV-T-TE--LRD-KK-QKE-YALF-YKLDVVPIDNNQGNRSNNS------------------------------------------NTSYRLI---NCNTSTI-T---QA, 0.1311, 1
0.362464, -116.8690, 20, POINT, N, VKLTPLCVTLNCTNVTTNITN-------------------------------------DMRGEMKN----CSFNV-T-TE--LRD-KK-QKE-YALF-YKLDVVPIDNNQGNRSNNS------------------------------------------NTSYRLI---NCNTSTI-T---QA, 0.1240, 0
0.367243, -100.9111, [169, 174], CHUNK, ['S', 'V'], VKLTPLCVTLNCTNVTTNITD-------------------------------------DMRGEMKN----CSFNV-T-TE--LRD-KK-QKE-YALF-YKLDVVPIDNNQGNRSNNS------------------------------------------NTSYRLI---SCNTSVI-T---QA, 0.3008, 0
0.362140, -113.9953, 18, POINT, N, VKLTPLCVTLNCTNVTTNNTD-------------------------------------DMRGEMKN----CSFNV-T-TE--LRD-KK-QKE-YALF-YKLDVVPIDNNQGNRSNNS------------------------------------------NTSYRLI---NCNTSTI-T---QA, 0.1281, 0
0.361519, -116.3150, 59, POINT, E, VKLTPLCVTLNCTNVTTNITD-------------------------------------DERGEMKN----CSFNV-T-TE--LRD-KK-QKE-YALF-YKLDVVPIDNNQGNRSNNS------------------------------------------NTSYRLI---NCNTSTI-T---QA, 0.1311, 0
0.355668, -116.2074, 107, POINT, N, VKLTPLCVTLNCTNVTTNITD-------------------------------------DMRGEMKN----CSFNV-T-TE--LRD-KK-QKE-YALF-YKLDVVQINNNQGNRSNNS------------------------------------------NTSYRLI---NCNTSTI-T---QA, 0.1311, 0
0.357680, -115.4710, [74], CHUNK, ['I'], VKLTPLCVTLNCTNVTTNITD-------------------------------------DMRGEMKN----CSFNI-T-TE--LRD-KK-QKE-YALF-YKLDVVQINENQGNRSNNS------------------------------------------NTSYRLI---NCNTSTI-T---QA, 0.1738, 0
0.356856, -115.4999, 63, POINT, I, VKLTPLCVTLNCTNVTTNITD-------------------------------------DMRGEIKN----CSFNV-T-TE--LRD-KK-QKE-YALF-YKLDVVQINENQGNRSNNS------------------------------------------NTSYRLI---NCNTSTI-T---QA, 0.1396, 1
0.361984, -113.2191, [74, 79], CHUNK, ['I', 'S'], VKLTPLCVTLNCTNVTTNITD-------------------------------------DMRGEIKN----CSFNI-T-TS--LRD-KK-QKE-YALF-YKLDVVQINENQGNRSNNS------------------------------------------NTSYRLI---NCNTSTI-T---QA, 0.1452, 0
0.363605, -113.8423, [74], CHUNK, ['I'], VKLTPLCVTLNCTNVTTNITD-------------------------------------DMRGEIKN----CSFNI-T-TE--LRD-KK-QKE-YALF-YKLDVVQINENQGNRSNNS------------------------------------------NTSYRLI---NCNTSTI-T---QA, 0.1339, 0
0.361969, -96.0482, 174, POINT, V, VKLTPLCVTLNCTNVTTNITD-------------------------------------DMRGEIKN----CSFNV-T-TE--LRD-KK-QKE-YALF-YKLDVVQINENQGNRSNNS------------------------------------------NTSYRLI---NCNTSVI-T---QA, 0.3252, 0
0.357161, -115.4748, 87, POINT, V, VKLTPLCVTLNCTNVTTNITD-------------------------------------DMRGEIKN----CSFNV-T-TE--LRD-KV-QKE-YALF-YKLDVVQINENQGNRSNNS------------------------------------------NTSYRLI---NCNTSTI-T---QA, 0.1330, 0
0.354455, -112.8300, 20, POINT, T, VKLTPLCVTLNCTNVTTNITT-------------------------------------DMRGEMKN----CSFNV-T-TE--LRD-KK-QKE-YALF-YKLDVVQINENQGNRSNNS------------------------------------------NTSYRLI---NCNTSTI-T---QA, 0.1311, 0
0.363953, -42.1483, [74, 79, 82], CHUNK, ['I', 'N', 'I'], VKLTPLCVTLNCTNVTTNITD-------------------------------------DMRGEMKN----CSFNI-T-TN--IRD-KK-QKE-YALF-YKLDVVQINENQGNRSNNS------------------------------------------NTSYRLI---NCNTSTI-T---QA, 0.2477, 0
0.357680, -114.8057, [74], CHUNK, ['I'], VKLTPLCVTLNCTNVTTNITD-------------------------------------DMRGEMKN----CSFNI-T-TE--LRD-KK-QKE-YALF-YKLDVVQINENQGNRSNNS------------------------------------------NTSYRLI---NCNTSTI-T---QA, 0.1311, 0
0.356856, -115.4353, 63, POINT, I, VKLTPLCVTLNCTNVTTNITD-------------------------------------DMRGEIKN----CSFNV-T-TE--LRD-KK-QKE-YALF-YKLDVVQINENQGNRSNNS------------------------------------------NTSYRLI---NCNTSTI-T---QA, 0.1311, 0
0.357680, -112.5415, 74, POINT, I, VKLTPLCVTLNCTNVTTNITD-------------------------------------DMRGEMKN----CSFNI-T-TE--LRD-KK-QKE-YALF-YKLDVVQINENQGNRSNNS------------------------------------------NTSYRLI---NCNTSTI-T---QA, 0.1953, 0
0.353795, -101.3077, [169, 174], CHUNK, ['S', 'V'], VKLTPLCVTLNCTNVTTNITD-------------------------------------DMRGEMKN----CSFNM-T-TE--LRD-KK-QKE-YALF-YKLDVVQINENQGNRSNNS------------------------------------------NTSYRLI---SCNTSVI-T---QA, 0.3781, 0
0.356641, -119.6908, [58, 59, 60, 63], CHUNK, ['E', 'T', 'K', 'I'], VKLTPLCVTLNCTNVTTNITD-------------------------------------ETKGEIKN----CSFNM-T-TE--LRD-KK-QKE-YALF-YKLDVVQINENQGNRSNNS------------------------------------------NTSYRLI---NCNTSTI-T---QA, 0.0123, 0
0.352358, -104.5634, 174, POINT, V, VKLTPLCVTLNCTNVTTNITD-------------------------------------DMRGEMKN----CSFNM-T-TE--LRD-KK-QKE-YALF-YKLDVVQINENQGNRSNNS------------------------------------------NTSYRLI---NCNTSVI-T---QA, 0.4134, 0
0.354913, -115.5319, [74], CHUNK, ['I'], VKLTPLCVTLNCTNVTTNITD-------------------------------------DMRGELKN----CSFNI-T-TE--LRD-KK-QKE-YALF-YKLDVVQINENQGNRSNNS------------------------------------------NTSYRLI---NCNTSTI-T---QA, 0.1416, 0
0.345674, -125.5632, 59, POINT, E, VKLTPLCVTLNCTNVTTNITD-------------------------------------DERGELKN----CSFNM-T-TE--LRD-KK-QKE-YALF-YKLDVVQINENQGNRSNNS------------------------------------------NTSYRLI---NCNTSTI-T---QA, 0.0386, 0
0.347650, -124.3489, 59, POINT, T, VKLTPLCVTLNCTNVTTNITD-------------------------------------DTRGELKN----CSFNM-T-TE--LRD-KK-QKE-YALF-YKLDVVQINENQGNRSNNS------------------------------------------NTSYRLI---NCNTSTI-T---QA, 0.0123, 1
0.354543, -122.6163, [63], CHUNK, ['I'], VKLTPLCVTLNCTNVTTNITD-------------------------------------DTRGEIKN----CSFNM-T-TE--LRD-KK-QKE-YALF-YKLDVVQINENQGNRSNNS------------------------------------------NTSYRLI---NCNTSTI-T---QA, 0.0123, 0
0.352763, -109.2833, 174, POINT, V, VKLTPLCVTLNCTNVTTNITD-------------------------------------DTRGELKN----CSFNM-T-TE--LRD-KK-QKE-YALF-YKLDVVQINENQGNRSNNS------------------------------------------NTSYRLI---NCNTSVI-T---QA, 0.2547, 0
0.349316, -122.5795, 18, POINT, N, VKLTPLCVTLNCTNVTTNNTD-------------------------------------DTRGELKN----CSFNM-T-TE--LRD-KK-QKE-YALF-YKLDVVQINENQGNRSNNS------------------------------------------NTSYRLI---NCNTSTI-T---QA, 0.0123, 1
0.353357, -119.5289, [74], CHUNK, ['T'], VKLTPLCVTLNCTNVTTNNTD-------------------------------------DTRGELKN----CSFNT-T-TE--LRD-KK-QKE-YALF-YKLDVVQINENQGNRSNNS------------------------------------------NTSYRLI---NCNTSTI-T---QA, 0.0320, 0
0.353739, -122.7696, [104], CHUNK, ['P'], VKLTPLCVTLNCTNVTTNNTD-------------------------------------DTRGELKN----CSFNM-T-TE--LRD-KK-QKE-YALF-YKLDVVPINENQGNRSNNS------------------------------------------NTSYRLI---NCNTSTI-T---QA, 0.0123, 0
0.352907, -122.8896, 20, POINT, N, VKLTPLCVTLNCTNVTTNNTN-------------------------------------DTRGELKN----CSFNM-T-TE--LRD-KK-QKE-YALF-YKLDVVQINENQGNRSNNS------------------------------------------NTSYRLI---NCNTSTI-T---QA, 0.0123, 0
0.350035, -121.6115, 104, POINT, S, VKLTPLCVTLNCTNVTTNNTD-------------------------------------DTRGELKN----CSFNM-T-TE--LRD-KK-QKE-YALF-YKLDVVSINENQGNRSNNS------------------------------------------NTSYRLI---NCNTSTI-T---QA, 0.0123, 0
0.350346, -121.6165, 58, POINT, T, VKLTPLCVTLNCTNVTTNITD-------------------------------------TTRGELKN----CSFNM-T-TE--LRD-KK-QKE-YALF-YKLDVVQINENQGNRSNNS------------------------------------------NTSYRLI---NCNTSTI-T---QA, 0.0123, 0
0.354543, -122.6694, [63], CHUNK, ['I'], VKLTPLCVTLNCTNVTTNITD-------------------------------------DTRGEIKN----CSFNM-T-TE--LRD-KK-QKE-YALF-YKLDVVQINENQGNRSNNS------------------------------------------NTSYRLI---NCNTSTI-T---QA, 0.0286, 0
0.349316, -123.0780, 18, POINT, N, VKLTPLCVTLNCTNVTTNNTD-------------------------------------DTRGELKN----CSFNM-T-TE--LRD-KK-QKE-YALF-YKLDVVQINENQGNRSNNS------------------------------------------NTSYRLI---NCNTSTI-T---QA, 0.0438, 0
0.352763, -102.9519, 174, POINT, V, VKLTPLCVTLNCTNVTTNITD-------------------------------------DTRGELKN----CSFNM-T-TE--LRD-KK-QKE-YALF-YKLDVVQINENQGNRSNNS------------------------------------------NTSYRLI---NCNTSVI-T---QA, 0.5024, 0
0.349364, -125.5391, 104, POINT, P, VKLTPLCVTLNCTNVTTNITD-------------------------------------DMRGELKN----CSFNM-T-TE--LRD-KK-QKE-YALF-YKLDVVPINENQGNRSNNS------------------------------------------NTSYRLI---NCNTSTI-T---QA, 0.0123, 0
0.354913, -118.2328, 74, POINT, I, VKLTPLCVTLNCTNVTTNITD-------------------------------------DMRGELKN----CSFNI-T-TE--LRD-KK-QKE-YALF-YKLDVVQINENQGNRSNNS------------------------------------------NTSYRLI---NCNTSTI-T---QA, 0.1304, 0
0.351491, -103.1491, [169, 174], CHUNK, ['S', 'V'], VKLTPLCVTLNCTNVTTNITD-------------------------------------DMRGELKN----CSFNM-T-TE--LRD-KK-QKE-YALF-YKLDVVQINENQGNRSNNS------------------------------------------NTSYRLI---SCNTSVI-T---QA, 0.4921, 0
0.350054, -108.5892, [174], CHUNK, ['V'], VKLTPLCVTLNCTNVTTNITD-------------------------------------DMRGELKN----CSFNM-T-TE--LRD-KK-QKE-YALF-YKLDVVQINENQGNRSNNS------------------------------------------NTSYRLI---NCNTSVI-T---QA, 0.3536, 0
0.350054, -109.5575, [174], CHUNK, ['V'], VKLTPLCVTLNCTNVTTNITD-------------------------------------DMRGELKN----CSFNM-T-TE--LRD-KK-QKE-YALF-YKLDVVQINENQGNRSNNS------------------------------------------NTSYRLI---NCNTSVI-T---QA, 0.2777, 0
0.352744, -117.1191, [74], CHUNK, ['I'], VKLTPLCVTLNCTNVTTNITD-------------------------------------DMRGELKN----CSFNI-T-TE--LRD-KK-QKE-YALF-YKLDVVQINENQGNRSNNS------------------------------------------NTSYRLI---NCNTSAI-T---QA, 0.1616, 1
0.360026, -100.8140, 174, POINT, V, VKLTPLCVTLNCTNVTTNITD-------------------------------------DMRGELKN----CSFNI-T-TE--LRD-KK-QKE-YALF-YKLDVVQINENQGNRSNNS------------------------------------------NTSYRLI---NCNTSVI-T---QA, 0.4432, 0
0.353616, -117.9213, 18, POINT, T, VKLTPLCVTLNCTNVTTNTTD-------------------------------------DMRGELKN----CSFNI-T-TE--LRD-KK-QKE-YALF-YKLDVVQINENQGNRSNNS------------------------------------------NTSYRLI---NCNTSAI-T---QA, 0.1275, 0
0.361463, -103.5050, [169, 174], CHUNK, ['S', 'V'], VKLTPLCVTLNCTNVTTNITD-------------------------------------DMRGELKN----CSFNI-T-TE--LRD-KK-QKE-YALF-YKLDVVQINENQGNRSNNS------------------------------------------NTSYRLI---SCNTSVI-T---QA, 0.5291, 0
0.356355, -117.6860, 107, POINT, N, VKLTPLCVTLNCTNVTTNITD-------------------------------------DMRGELKN----CSFNI-T-TE--LRD-KK-QKE-YALF-YKLDVVQINNNQGNRSNNS------------------------------------------NTSYRLI---NCNTSAI-T---QA, 0.1640, 1
0.365074, -95.8923, [169, 174], CHUNK, ['S', 'V'], VKLTPLCVTLNCTNVTTNITD-------------------------------------DMRGELKN----CSFNI-T-TE--LRD-KK-QKE-YALF-YKLDVVQINNNQGNRSNNS------------------------------------------NTSYRLI---SCNTSVI-T---QA, 0.3379, 0
0.360995, -117.7003, 104, POINT, P, VKLTPLCVTLNCTNVTTNITD-------------------------------------DMRGELKN----CSFNI-T-TE--LRD-KK-QKE-YALF-YKLDVVPINNNQGNRSNNS------------------------------------------NTSYRLI---NCNTSAI-T---QA, 0.1640, 0
0.360995, -117.7003, 104, POINT, P, VKLTPLCVTLNCTNVTTNITD-------------------------------------DMRGELKN----CSFNI-T-TE--LRD-KK-QKE-YALF-YKLDVVPINNNQGNRSNNS------------------------------------------NTSYRLI---NCNTSAI-T---QA, 0.1640, 1
0.369714, -103.6336, [169, 174], CHUNK, ['S', 'V'], VKLTPLCVTLNCTNVTTNITD-------------------------------------DMRGELKN----CSFNI-T-TE--LRD-KK-QKE-YALF-YKLDVVPINNNQGNRSNNS------------------------------------------NTSYRLI---SCNTSVI-T---QA, 0.3314, 0
0.361329, -117.2656, 87, POINT, V, VKLTPLCVTLNCTNVTTNITD-------------------------------------DMRGELKN----CSFNI-T-TE--LRD-KV-QKE-YALF-YKLDVVPINNNQGNRSNNS------------------------------------------NTSYRLI---NCNTSAI-T---QA, 0.1623, 0
0.369714, -97.5939, [169, 174], CHUNK, ['S', 'V'], VKLTPLCVTLNCTNVTTNITD-------------------------------------DMRGELKN----CSFNI-T-TE--LRD-KK-QKE-YALF-YKLDVVPINNNQGNRSNNS------------------------------------------NTSYRLI---SCNTSVI-T---QA, 0.7438, 0
0.363164, -116.3543, [174], CHUNK, ['T'], VKLTPLCVTLNCTNVTTNITD-------------------------------------DMRGELKN----CSFNI-T-TE--LRD-KK-QKE-YALF-YKLDVVPINNNQGNRSNNS------------------------------------------NTSYRLI---NCNTSTI-T---QA, 0.1483, 0
0.365074, -99.0564, [169, 174], CHUNK, ['S', 'V'], VKLTPLCVTLNCTNVTTNITD-------------------------------------DMRGELKN----CSFNI-T-TE--LRD-KK-QKE-YALF-YKLDVVQINNNQGNRSNNS------------------------------------------NTSYRLI---SCNTSVI-T---QA, 0.5439, 0
0.365961, -109.4062, [58, 60, 63], CHUNK, ['E', 'I', 'I'], VKLTPLCVTLNCTNVTTNITD-------------------------------------EMIGEIKN----CSFNI-T-TE--LRD-KK-QKE-YALF-YKLDVVQINNNQGNRSNNS------------------------------------------NTSYRLI---NCNTSAI-T---QA, 0.1561, 0
0.363637, -95.0300, [174], CHUNK, ['V'], VKLTPLCVTLNCTNVTTNITD-------------------------------------DMRGELKN----CSFNI-T-TE--LRD-KK-QKE-YALF-YKLDVVQINNNQGNRSNNS------------------------------------------NTSYRLI---NCNTSVI-T---QA, 0.2673, 0
0.363637, -102.5517, [174], CHUNK, ['V'], VKLTPLCVTLNCTNVTTNITD-------------------------------------DMRGELKN----CSFNI-T-TE--LRD-KK-QKE-YALF-YKLDVVQINNNQGNRSNNS------------------------------------------NTSYRLI---NCNTSVI-T---QA, 0.3236, 0
0.361463, -99.8178, [169, 174], CHUNK, ['S', 'V'], VKLTPLCVTLNCTNVTTNITD-------------------------------------DMRGELKN----CSFNI-T-TE--LRD-KK-QKE-YALF-YKLDVVQINENQGNRSNNS------------------------------------------NTSYRLI---SCNTSVI-T---QA, 0.2495, 0
0.355948, -118.9006, 58, POINT, N, VKLTPLCVTLNCTNVTTNITD-------------------------------------NMRGELKN----CSFNI-T-TE--LRD-KK-QKE-YALF-YKLDVVQINENQGNRSNNS------------------------------------------NTSYRLI---NCNTSAI-T---QA, 0.1433, 0
0.361463, -100.7088, [169, 174], CHUNK, ['S', 'V'], VKLTPLCVTLNCTNVTTNITD-------------------------------------DMRGELKN----CSFNI-T-TE--LRD-KK-QKE-YALF-YKLDVVQINENQGNRSNNS------------------------------------------NTSYRLI---SCNTSVI-T---QA, 0.3477, 0
0.360026, -99.5239, 174, POINT, V, VKLTPLCVTLNCTNVTTNITD-------------------------------------DMRGELKN----CSFNI-T-TE--LRD-KK-QKE-YALF-YKLDVVQINENQGNRSNNS------------------------------------------NTSYRLI---NCNTSVI-T---QA, 0.4208, 0
0.352744, -119.1648, [74], CHUNK, ['I'], VKLTPLCVTLNCTNVTTNITD-------------------------------------DMRGELKN----CSFNI-T-TE--LRD-KK-QKE-YALF-YKLDVVQINENQGNRSNNS------------------------------------------NTSYRLI---NCNTSAI-T---QA, 0.1093, 0
0.352744, -117.8449, [74], CHUNK, ['I'], VKLTPLCVTLNCTNVTTNITD-------------------------------------DMRGELKN----CSFNI-T-TE--LRD-KK-QKE-YALF-YKLDVVQINENQGNRSNNS------------------------------------------NTSYRLI---NCNTSAI-T---QA, 0.1355, 0
0.350043, -125.7884, [63], CHUNK, ['I'], VKLTPLCVTLNCTNVTTNITD-------------------------------------DMRGEIKN----CSFNM-T-TE--LRD-KK-QKE-YALF-YKLDVVQINENQGNRSNNS------------------------------------------NTSYRLI---NCNTSAI-T---QA, 0.0123, 1
0.361394, -114.4790, [74, 79], CHUNK, ['I', 'N'], VKLTPLCVTLNCTNVTTNITD-------------------------------------DMRGEIKN----CSFNI-T-TN--LRD-KK-QKE-YALF-YKLDVVQINENQGNRSNNS------------------------------------------NTSYRLI---NCNTSAI-T---QA, 0.1661, 0
0.361436, -116.3158, [74], CHUNK, ['I'], VKLTPLCVTLNCTNVTTNITD-------------------------------------DMRGEIKN----CSFNI-T-TE--LRD-KK-QKE-YALF-YKLDVVQINENQGNRSNNS------------------------------------------NTSYRLI---NCNTSAI-T---QA, 0.1898, 0
0.357325, -104.8921, [174], CHUNK, ['V'], VKLTPLCVTLNCTNVTTNITD-------------------------------------DMRGEIKN----CSFNM-T-TE--LRD-KK-QKE-YALF-YKLDVVQINENQGNRSNNS------------------------------------------NTSYRLI---NCNTSVI-T---QA, 0.4212, 0
0.357325, -117.0078, 174, POINT, V, VKLTPLCVTLNCTNVTTNITD-------------------------------------DMRGEIKN----CSFNM-T-TE--LRD-KK-QKE-YALF-YKLDVVQINENQGNRSNNS------------------------------------------NTSYRLI---NCNTSVI-T---QA, 0.4550, 0
0.352744, -113.3208, [74], CHUNK, ['I'], VKLTPLCVTLNCTNVTTNITD-------------------------------------DMRGELKN----CSFNI-T-TE--LRD-KK-QKE-YALF-YKLDVVQINENQGNRSNNS------------------------------------------NTSYRLI---NCNTSAI-T---QA, 0.2018, 0
0.351491, -112.7865, [169, 174], CHUNK, ['S', 'V'], VKLTPLCVTLNCTNVTTNITD-------------------------------------DMRGELKN----CSFNM-T-TE--LRD-KK-QKE-YALF-YKLDVVQINENQGNRSNNS------------------------------------------NTSYRLI---SCNTSVI-T---QA, 0.3432, 0
0.347195, -127.7111, 104, POINT, P, VKLTPLCVTLNCTNVTTNITD-------------------------------------DMRGELKN----CSFNM-T-TE--LRD-KK-QKE-YALF-YKLDVVPINENQGNRSNNS------------------------------------------NTSYRLI---NCNTSAI-T---QA, 0.0123, 0
0.353647, -115.2302, [58, 59, 60, 63], CHUNK, ['V', 'E', 'K', 'I'], VKLTPLCVTLNCTNVTTNITD-------------------------------------VEKGEIKN----CSFNM-T-TE--LRD-KK-QKE-YALF-YKLDVVQINENQGNRSNNS------------------------------------------NTSYRLI---NCNTSAI-T---QA, 0.0123, 0
