Name base = V1V2_200_sq_6_6_ni
Iters = 200
Soft coverage = 1.31203964383
Energy = -129.887077861
Hard Covereage = 0.0368019545157
Num epitopes = 65
Initial seq = VKLTPLCVTLQCTNVTNNITD-------------------------------------DMRGELKN----CSFNM-T-TE--LRD-KK-QKV-YSLF-YRLDVVQINENQGNRSNNS------------------------------------------NKEYRLI---NCNTSAI-T---QA
-------START OF DATA------
1.361196, -129.7996, 10, POINT, N, VKLTPLCVTLNCTNVTNNITD-------------------------------------DMRGELKN----CSFNM-T-TE--LRD-KK-QKV-YSLF-YRLDVVQINENQGNRSNNS------------------------------------------NKEYRLI---NCNTSAI-T---QA, 0.0000, 1
1.389863, -128.7764, [160, 161], CHUNK, ['S', 'S'], VKLTPLCVTLNCTNVTNNITD-------------------------------------DMRGELKN----CSFNM-T-TE--LRD-KK-QKV-YSLF-YRLDVVQINENQGNRSNNS------------------------------------------NSSYRLI---NCNTSAI-T---QA, 0.0000, 1
1.405259, -128.6360, 104, POINT, L, VKLTPLCVTLNCTNVTNNITD-------------------------------------DMRGELKN----CSFNM-T-TE--LRD-KK-QKV-YSLF-YRLDVVLINENQGNRSNNS------------------------------------------NSSYRLI---NCNTSAI-T---QA, 0.0000, 1
1.422920, -126.2972, 18, POINT, N, VKLTPLCVTLNCTNVTNNNTD-------------------------------------DMRGELKN----CSFNM-T-TE--LRD-KK-QKV-YSLF-YRLDVVLINENQGNRSNNS------------------------------------------NSSYRLI---NCNTSAI-T---QA, 0.0000, 0
1.422424, -64.9644, 74, POINT, I, VKLTPLCVTLNCTNVTNNITD-------------------------------------DMRGELKN----CSFNI-T-TE--LRD-KK-QKV-YSLF-YRLDVVLINENQGNRSNNS------------------------------------------NSSYRLI---NCNTSAI-T---QA, 0.9996, 0
1.430971, -128.9515, 58, POINT, N, VKLTPLCVTLNCTNVTNNITD-------------------------------------NMRGELKN----CSFNM-T-TE--LRD-KK-QKV-YSLF-YRLDVVLINENQGNRSNNS------------------------------------------NSSYRLI---NCNTSAI-T---QA, 0.0000, 1
1.448136, -83.6303, [74], CHUNK, ['I'], VKLTPLCVTLNCTNVTNNITD-------------------------------------NMRGELKN----CSFNI-T-TE--LRD-KK-QKV-YSLF-YRLDVVLINENQGNRSNNS------------------------------------------NSSYRLI---NCNTSAI-T---QA, 1.2556, 0
1.461402, -81.5687, [60, 61, 63], CHUNK, ['T', 'E', 'I'], VKLTPLCVTLNCTNVTNNITD-------------------------------------NMTEEIKN----CSFNM-T-TE--LRD-KK-QKV-YSLF-YRLDVVLINENQGNRSNNS------------------------------------------NSSYRLI---NCNTSAI-T---QA, 0.1872, 0
1.451272, -127.4056, 18, POINT, T, VKLTPLCVTLNCTNVTNNTTD-------------------------------------NMRGELKN----CSFNM-T-TE--LRD-KK-QKV-YSLF-YRLDVVLINENQGNRSNNS------------------------------------------NSSYRLI---NCNTSAI-T---QA, 0.0000, 1
1.465541, -127.4836, 160, POINT, T, VKLTPLCVTLNCTNVTNNTTD-------------------------------------NMRGELKN----CSFNM-T-TE--LRD-KK-QKV-YSLF-YRLDVVLINENQGNRSNNS------------------------------------------NTSYRLI---NCNTSAI-T---QA, 0.0000, 1
1.502311, -118.2379, [59, 60, 63], CHUNK, ['T', 'I', 'I'], VKLTPLCVTLNCTNVTNNTTD-------------------------------------NTIGEIKN----CSFNM-T-TE--LRD-KK-QKV-YSLF-YRLDVVLINENQGNRSNNS------------------------------------------NTSYRLI---NCNTSAI-T---QA, 0.0000, 1
1.533604, -118.6782, 20, POINT, N, VKLTPLCVTLNCTNVTNNTTN-------------------------------------NTIGEIKN----CSFNM-T-TE--LRD-KK-QKV-YSLF-YRLDVVLINENQGNRSNNS------------------------------------------NTSYRLI---NCNTSAI-T---QA, 0.0000, 1
1.556910, -118.7912, 107, POINT, N, VKLTPLCVTLNCTNVTNNTTN-------------------------------------NTIGEIKN----CSFNM-T-TE--LRD-KK-QKV-YSLF-YRLDVVLINNNQGNRSNNS------------------------------------------NTSYRLI---NCNTSAI-T---QA, 0.0000, 0
1.568273, -118.8587, [112, 113, 116], CHUNK, ['I', 'N', 'T'], VKLTPLCVTLNCTNVTNNTTN-------------------------------------NTIGEIKN----CSFNM-T-TE--LRD-KK-QKV-YSLF-YRLDVVLINENQGNINNNT------------------------------------------NTSYRLI---NCNTSAI-T---QA, 0.0000, 0
1.575006, -115.2981, [105, 107, 109, 110], CHUNK, ['L', 'G', 'S', 'S'], VKLTPLCVTLNCTNVTNNTTN-------------------------------------NTIGEIKN----CSFNM-T-TE--LRD-KK-QKV-YSLF-YRLDVVLLNGNSSNRSNNS------------------------------------------NTSYRLI---NCNTSAI-T---QA, 0.0000, 0
1.551738, -115.4377, 91, POINT, N, VKLTPLCVTLNCTNVTNNTTN-------------------------------------NTIGEIKN----CSFNM-T-TE--LRD-KK-QKN-YSLF-YRLDVVLINENQGNRSNNS------------------------------------------NTSYRLI---NCNTSAI-T---QA, 0.0000, 0
1.533604, -118.6782, 20, POINT, N, VKLTPLCVTLNCTNVTNNTTN-------------------------------------NTIGEIKN----CSFNM-T-TE--LRD-KK-QKV-YSLF-YRLDVVLINENQGNRSNNS------------------------------------------NTSYRLI---NCNTSAI-T---QA, 0.0000, 1
1.551231, -74.8714, [74], CHUNK, ['I'], VKLTPLCVTLNCTNVTNNTTN-------------------------------------NTIGEIKN----CSFNI-T-TE--LRD-KK-QKV-YSLF-YRLDVVLINENQGNRSNNS------------------------------------------NTSYRLI---NCNTSAI-T---QA, 0.6803, 0
1.560615, -116.7898, [84, 86, 87, 89], CHUNK, ['N', 'T', 'V', 'S'], VKLTPLCVTLNCTNVTNNTTN-------------------------------------NTIGEIKN----CSFNM-T-TE--LRN-TV-SKV-YSLF-YRLDVVLINENQGNRSNNS------------------------------------------NTSYRLI---NCNTSAI-T---QA, 0.0000, 1
1.583287, -117.0087, 79, POINT, N, VKLTPLCVTLNCTNVTNNTTN-------------------------------------NTIGEIKN----CSFNM-T-TN--LRN-TV-SKV-YSLF-YRLDVVLINENQGNRSNNS------------------------------------------NTSYRLI---NCNTSAI-T---QA, 0.0000, 0
1.570544, -114.7580, 165, POINT, T, VKLTPLCVTLNCTNVTNNTTN-------------------------------------NTIGEIKN----CSFNM-T-TE--LRN-TV-SKV-YSLF-YRLDVVLINENQGNRSNNS------------------------------------------NTSYRLT---NCNTSAI-T---QA, 0.0000, 1
1.613127, -68.4364, [74, 79], CHUNK, ['I', 'N'], VKLTPLCVTLNCTNVTNNTTN-------------------------------------NTIGEIKN----CSFNI-T-TN--LRN-TV-SKV-YSLF-YRLDVVLINENQGNRSNNS------------------------------------------NTSYRLT---NCNTSAI-T---QA, 1.6562, 0
1.590699, -99.5294, [61, 63], CHUNK, ['N', 'L'], VKLTPLCVTLNCTNVTNNTTN-------------------------------------NTINELKN----CSFNM-T-TE--LRN-TV-SKV-YSLF-YRLDVVLINENQGNRSNNS------------------------------------------NTSYRLT---NCNTSAI-T---QA, 0.0000, 0
1.625808, -115.1438, [109, 110, 112], CHUNK, ['N', 'K', 'I'], VKLTPLCVTLNCTNVTNNTTN-------------------------------------NTIGEIKN----CSFNM-T-TE--LRN-TV-SKV-YSLF-YRLDVVLINENNKNISNNS------------------------------------------NTSYRLT---NCNTSAI-T---QA, 0.0000, 1
1.640485, -113.1472, [174], CHUNK, ['T'], VKLTPLCVTLNCTNVTNNTTN-------------------------------------NTIGEIKN----CSFNM-T-TE--LRN-TV-SKV-YSLF-YRLDVVLINENNKNISNNS------------------------------------------NTSYRLT---NCNTSTI-T---QA, 0.0000, 0
1.643988, -113.7368, [93], CHUNK, ['T'], VKLTPLCVTLNCTNVTNNTTN-------------------------------------NTIGEIKN----CSFNM-T-TE--LRN-TV-SKV-TSLF-YRLDVVLINENNKNISNNS------------------------------------------NTSYRLT---NCNTSAI-T---QA, 0.0000, 0
1.648480, -115.3626, 79, POINT, N, VKLTPLCVTLNCTNVTNNTTN-------------------------------------NTIGEIKN----CSFNM-T-TN--LRN-TV-SKV-YSLF-YRLDVVLINENNKNISNNS------------------------------------------NTSYRLT---NCNTSAI-T---QA, 0.0000, 0
1.640409, -96.7670, [74], CHUNK, ['V'], VKLTPLCVTLNCTNVTNNTTN-------------------------------------NTIGEIKN----CSFNV-T-TE--LRN-TV-SKV-YSLF-YRLDVVLINENNKNISNNS------------------------------------------NTSYRLT---NCNTSAI-T---QA, 0.1806, 0
1.586328, -116.6621, [163], CHUNK, ['T'], VKLTPLCVTLNCTNVTNNTTN-------------------------------------NTIGEIKN----CSFNM-T-TE--LRN-TV-SKV-YSLF-YRLDVVLINENQGNRSNNS------------------------------------------NTSYTLT---NCNTSAI-T---QA, 0.0000, 0
1.613127, -65.5071, [74, 79], CHUNK, ['I', 'N'], VKLTPLCVTLNCTNVTNNTTN-------------------------------------NTIGEIKN----CSFNI-T-TN--LRN-TV-SKV-YSLF-YRLDVVLINENQGNRSNNS------------------------------------------NTSYRLT---NCNTSAI-T---QA, 0.7607, 0
1.594103, -121.3322, 60, POINT, N, VKLTPLCVTLNCTNVTNNTTN-------------------------------------NTNGEIKN----CSFNM-T-TE--LRN-TV-SKV-YSLF-YRLDVVLINENQGNRSNNS------------------------------------------NTSYRLT---NCNTSAI-T---QA, 0.0000, 1
1.624614, -66.0774, [74, 79], CHUNK, ['I', 'S'], VKLTPLCVTLNCTNVTNNTTN-------------------------------------NTNGEIKN----CSFNI-T-TS--LRN-TV-SKV-YSLF-YRLDVVLINENQGNRSNNS------------------------------------------NTSYRLT---NCNTSAI-T---QA, 0.3578, 0
1.620377, 23.8045, [79, 82], CHUNK, ['N', 'I'], VKLTPLCVTLNCTNVTNNTTN-------------------------------------NTNGEIKN----CSFNM-T-TN--IRN-TV-SKV-YSLF-YRLDVVLINENQGNRSNNS------------------------------------------NTSYRLT---NCNTSAI-T---QA, 0.2002, 0
1.617410, -121.4452, 107, POINT, N, VKLTPLCVTLNCTNVTNNTTN-------------------------------------NTNGEIKN----CSFNM-T-TE--LRN-TV-SKV-YSLF-YRLDVVLINNNQGNRSNNS------------------------------------------NTSYRLT---NCNTSAI-T---QA, 0.0000, 0
1.616776, -121.5511, 79, POINT, N, VKLTPLCVTLNCTNVTNNTTN-------------------------------------NTNGEIKN----CSFNM-T-TN--LRN-TV-SKV-YSLF-YRLDVVLINENQGNRSNNS------------------------------------------NTSYRLT---NCNTSAI-T---QA, 0.0000, 0
1.583583, -110.0749, 82, POINT, T, VKLTPLCVTLNCTNVTNNTTN-------------------------------------NTIGEIKN----CSFNM-T-TE--TRN-TV-SKV-YSLF-YRLDVVLINENQGNRSNNS------------------------------------------NTSYRLT---NCNTSAI-T---QA, 0.0000, 0
1.587917, -55.0906, [74], CHUNK, ['I'], VKLTPLCVTLNCTNVTNNTTN-------------------------------------NTIGEIKN----CSFNI-T-TE--LRN-TV-SKV-YSLF-YRLDVVLINENQGNRSNNS------------------------------------------NTSYRLT---NCNTSAI-T---QA, 0.6462, 0
1.593523, -115.1168, 14, POINT, T, VKLTPLCVTLNCTNTTNNTTN-------------------------------------NTIGEIKN----CSFNM-T-TE--LRN-TV-SKV-YSLF-YRLDVVLINENQGNRSNNS------------------------------------------NTSYRLT---NCNTSAI-T---QA, 0.0000, 0
1.587917, -55.0652, 74, POINT, I, VKLTPLCVTLNCTNVTNNTTN-------------------------------------NTIGEIKN----CSFNI-T-TE--LRN-TV-SKV-YSLF-YRLDVVLINENQGNRSNNS------------------------------------------NTSYRLT---NCNTSAI-T---QA, 0.5030, 0
1.577988, -66.8435, [74], CHUNK, ['I'], VKLTPLCVTLNCTNVTNNTTN-------------------------------------NTIGEIKN----CSFNI-T-TE--LRN-TV-SKV-YSLF-YRLDVVLINENQGNRSNNS------------------------------------------NTSYRLI---NCNTSAI-T---QA, 0.3673, 0
1.583921, -116.9028, 107, POINT, N, VKLTPLCVTLNCTNVTNNTTN-------------------------------------NTIGEIKN----CSFNM-T-TE--LRN-TV-SKV-YSLF-YRLDVVLINNNQGNRSNNS------------------------------------------NTSYRLI---NCNTSAI-T---QA, 0.0000, 1
1.590935, -98.1636, 174, POINT, V, VKLTPLCVTLNCTNVTNNTTN-------------------------------------NTIGEIKN----CSFNM-T-TE--LRN-TV-SKV-YSLF-YRLDVVLINNNQGNRSNNS------------------------------------------NTSYRLI---NCNTSVI-T---QA, 0.3245, 0
1.587469, -116.8699, 4, POINT, T, VKLTTLCVTLNCTNVTNNTTN-------------------------------------NTIGEIKN----CSFNM-T-TE--LRN-TV-SKV-YSLF-YRLDVVLINNNQGNRSNNS------------------------------------------NTSYRLI---NCNTSAI-T---QA, 0.0000, 0
1.606594, -117.1217, 79, POINT, N, VKLTPLCVTLNCTNVTNNTTN-------------------------------------NTIGEIKN----CSFNM-T-TN--LRN-TV-SKV-YSLF-YRLDVVLINNNQGNRSNNS------------------------------------------NTSYRLI---NCNTSAI-T---QA, 0.0000, 1
1.626505, -18.7867, [74], CHUNK, ['I'], VKLTPLCVTLNCTNVTNNTTN-------------------------------------NTIGEIKN----CSFNI-T-TN--LRN-TV-SKV-YSLF-YRLDVVLINNNQGNRSNNS------------------------------------------NTSYRLI---NCNTSAI-T---QA, 5.8843, 0
1.633082, -115.1224, 14, POINT, N, VKLTPLCVTLNCTNNTNNTTN-------------------------------------NTIGEIKN----CSFNM-T-TN--LRN-TV-SKV-YSLF-YRLDVVLINNNQGNRSNNS------------------------------------------NTSYRLI---NCNTSAI-T---QA, 0.0000, 0
1.626505, -74.5251, [74], CHUNK, ['I'], VKLTPLCVTLNCTNVTNNTTN-------------------------------------NTIGEIKN----CSFNI-T-TN--LRN-TV-SKV-YSLF-YRLDVVLINNNQGNRSNNS------------------------------------------NTSYRLI---NCNTSAI-T---QA, 0.3748, 0
1.640236, -112.9010, [74], CHUNK, ['T'], VKLTPLCVTLNCTNVTNNTTN-------------------------------------NTIGEIKN----CSFNT-T-TN--LRN-TV-SKV-YSLF-YRLDVVLINNNQGNRSNNS------------------------------------------NTSYRLI---NCNTSAI-T---QA, 0.0000, 1
1.653171, -113.3098, 90, POINT, N, VKLTPLCVTLNCTNVTNNTTN-------------------------------------NTIGEIKN----CSFNT-T-TN--LRN-TV-SNV-YSLF-YRLDVVLINNNQGNRSNNS------------------------------------------NTSYRLI---NCNTSAI-T---QA, 0.0000, 0
1.665950, -112.7734, [163, 165], CHUNK, ['T', 'T'], VKLTPLCVTLNCTNVTNNTTN-------------------------------------NTIGEIKN----CSFNT-T-TN--LRN-TV-SKV-YSLF-YRLDVVLINNNQGNRSNNS------------------------------------------NTSYTLT---NCNTSAI-T---QA, 0.0000, 0
1.695394, -114.4709, [108, 109, 110, 112, 113], CHUNK, ['D', 'K', 'N', 'S', 'N'], VKLTPLCVTLNCTNVTNNTTN-------------------------------------NTIGEIKN----CSFNT-T-TN--LRN-TV-SKV-YSLF-YRLDVVLINNDKNNSNNNS------------------------------------------NTSYRLI---NCNTSAI-T---QA, 0.0000, 0
1.673117, -114.7411, 60, POINT, T, VKLTPLCVTLNCTNVTNNTTN-------------------------------------NTTGEIKN----CSFNT-T-TN--LRN-TV-SKV-YSLF-YRLDVVLINNNQGNRSNNS------------------------------------------NTSYRLI---NCNTSAI-T---QA, 0.0000, 0
1.626505, -70.9063, 74, POINT, I, VKLTPLCVTLNCTNVTNNTTN-------------------------------------NTIGEIKN----CSFNI-T-TN--LRN-TV-SKV-YSLF-YRLDVVLINNNQGNRSNNS------------------------------------------NTSYRLI---NCNTSAI-T---QA, 1.3424, 0
1.640236, -112.9010, 74, POINT, T, VKLTPLCVTLNCTNVTNNTTN-------------------------------------NTIGEIKN----CSFNT-T-TN--LRN-TV-SKV-YSLF-YRLDVVLINNNQGNRSNNS------------------------------------------NTSYRLI---NCNTSAI-T---QA, 0.0000, 1
1.646118, -111.1640, 98, POINT, N, VKLTPLCVTLNCTNVTNNTTN-------------------------------------NTIGEIKN----CSFNT-T-TN--LRN-TV-SKV-YSLF-NRLDVVLINNNQGNRSNNS------------------------------------------NTSYRLI---NCNTSAI-T---QA, 0.0000, 0
1.654022, -114.8004, 163, POINT, T, VKLTPLCVTLNCTNVTNNTTN-------------------------------------NTIGEIKN----CSFNT-T-TN--LRN-TV-SKV-YSLF-YRLDVVLINNNQGNRSNNS------------------------------------------NTSYTLI---NCNTSAI-T---QA, 0.0000, 0
1.650165, -110.8692, [165], CHUNK, ['T'], VKLTPLCVTLNCTNVTNNTTN-------------------------------------NTIGEIKN----CSFNT-T-TN--LRN-TV-SKV-YSLF-YRLDVVLINNNQGNRSNNS------------------------------------------NTSYRLT---NCNTSAI-T---QA, 0.0000, 0
1.645972, -113.3515, 83, POINT, I, VKLTPLCVTLNCTNVTNNTTN-------------------------------------NTIGEIKN----CSFNT-T-TN--LIN-TV-SKV-YSLF-YRLDVVLINNNQGNRSNNS------------------------------------------NTSYRLI---NCNTSAI-T---QA, 0.0000, 0
1.626505, -60.4377, [74], CHUNK, ['I'], VKLTPLCVTLNCTNVTNNTTN-------------------------------------NTIGEIKN----CSFNI-T-TN--LRN-TV-SKV-YSLF-YRLDVVLINNNQGNRSNNS------------------------------------------NTSYRLI---NCNTSAI-T---QA, 0.3632, 0
1.623254, -85.7414, [74], CHUNK, ['V'], VKLTPLCVTLNCTNVTNNTTN-------------------------------------NTIGEIKN----CSFNV-T-TN--LRN-TV-SKV-YSLF-YRLDVVLINNNQGNRSNNS------------------------------------------NTSYRLI---NCNTSAI-T---QA, 0.2289, 0
1.626505, -70.0615, [74], CHUNK, ['I'], VKLTPLCVTLNCTNVTNNTTN-------------------------------------NTIGEIKN----CSFNI-T-TN--LRN-TV-SKV-YSLF-YRLDVVLINNNQGNRSNNS------------------------------------------NTSYRLI---NCNTSAI-T---QA, 0.3598, 0
1.623254, -91.1121, [74], CHUNK, ['V'], VKLTPLCVTLNCTNVTNNTTN-------------------------------------NTIGEIKN----CSFNV-T-TN--LRN-TV-SKV-YSLF-YRLDVVLINNNQGNRSNNS------------------------------------------NTSYRLI---NCNTSAI-T---QA, 0.2863, 1
1.637199, -87.6532, [98, 99], CHUNK, ['N', 'K'], VKLTPLCVTLNCTNVTNNTTN-------------------------------------NTIGEIKN----CSFNV-T-TN--LRN-TV-SKV-YSLF-NKLDVVLINNNQGNRSNNS------------------------------------------NTSYRLI---NCNTSAI-T---QA, 0.2863, 0
1.634754, -88.7125, 99, POINT, N, VKLTPLCVTLNCTNVTNNTTN-------------------------------------NTIGEIKN----CSFNV-T-TN--LRN-TV-SKV-YSLF-YNLDVVLINNNQGNRSNNS------------------------------------------NTSYRLI---NCNTSAI-T---QA, 0.3251, 0
1.637955, -94.1725, 174, POINT, T, VKLTPLCVTLNCTNVTNNTTN-------------------------------------NTIGEIKN----CSFNV-T-TN--LRN-TV-SKV-YSLF-YRLDVVLINNNQGNRSNNS------------------------------------------NTSYRLI---NCNTSTI-T---QA, 0.1883, 0
1.637955, -89.6180, [174], CHUNK, ['T'], VKLTPLCVTLNCTNVTNNTTN-------------------------------------NTIGEIKN----CSFNV-T-TN--LRN-TV-SKV-YSLF-YRLDVVLINNNQGNRSNNS------------------------------------------NTSYRLI---NCNTSTI-T---QA, 0.2863, 0
1.627392, -116.3299, [87, 89, 91], CHUNK, ['T', 'K', 'E'], VKLTPLCVTLNCTNVTNNTTN-------------------------------------NTIGEIKN----CSFNM-T-TN--LRN-TT-KKE-YSLF-YRLDVVLINNNQGNRSNNS------------------------------------------NTSYRLI---NCNTSAI-T---QA, 0.1127, 1
1.638312, -112.3137, 99, POINT, N, VKLTPLCVTLNCTNVTNNTTN-------------------------------------NTIGEIKN----CSFNM-T-TN--LRN-TT-KKE-YSLF-YNLDVVLINNNQGNRSNNS------------------------------------------NTSYRLI---NCNTSAI-T---QA, 0.1127, 0
1.647599, -94.0810, 74, POINT, I, VKLTPLCVTLNCTNVTNNTTN-------------------------------------NTIGEIKN----CSFNI-T-TN--LRN-TT-KKE-YSLF-YRLDVVLINNNQGNRSNNS------------------------------------------NTSYRLI---NCNTSAI-T---QA, 0.3679, 0
1.647599, -104.4800, [74], CHUNK, ['I'], VKLTPLCVTLNCTNVTNNTTN-------------------------------------NTIGEIKN----CSFNI-T-TN--LRN-TT-KKE-YSLF-YRLDVVLINNNQGNRSNNS------------------------------------------NTSYRLI---NCNTSAI-T---QA, 0.1558, 0
1.644374, -93.0515, 74, POINT, V, VKLTPLCVTLNCTNVTNNTTN-------------------------------------NTIGEIKN----CSFNV-T-TN--LRN-TT-KKE-YSLF-YRLDVVLINNNQGNRSNNS------------------------------------------NTSYRLI---NCNTSAI-T---QA, 0.4123, 0
1.621295, -115.1251, [174], CHUNK, ['T'], VKLTPLCVTLNCTNVTNNTTN-------------------------------------NTIGEIKN----CSFNM-T-TN--LRN-TV-SKV-YSLF-YRLDVVLINNNQGNRSNNS------------------------------------------NTSYRLI---NCNTSTI-T---QA, 0.0000, 0
1.640236, -112.9010, [74], CHUNK, ['T'], VKLTPLCVTLNCTNVTNNTTN-------------------------------------NTIGEIKN----CSFNT-T-TN--LRN-TV-SKV-YSLF-YRLDVVLINNNQGNRSNNS------------------------------------------NTSYRLI---NCNTSAI-T---QA, 0.0000, 0
1.623614, -114.9519, 99, POINT, T, VKLTPLCVTLNCTNVTNNTTN-------------------------------------NTIGEIKN----CSFNM-T-TN--LRN-TV-SKV-YSLF-YTLDVVLINNNQGNRSNNS------------------------------------------NTSYRLI---NCNTSAI-T---QA, 0.0000, 0
1.618593, -116.5620, 105, POINT, T, VKLTPLCVTLNCTNVTNNTTN-------------------------------------NTIGEIKN----CSFNM-T-TN--LRN-TV-SKV-YSLF-YRLDVVLTNNNQGNRSNNS------------------------------------------NTSYRLI---NCNTSAI-T---QA, 0.0000, 0
1.601294, -90.9424, [74], CHUNK, ['I'], VKLTPLCVTLNCTNVTNNTTN-------------------------------------NTIGEIKN----CSFNI-T-TE--LRN-TV-SKV-YSLF-YRLDVVLINNNQGNRSNNS------------------------------------------NTSYRLI---NCNTSAI-T---QA, 0.2779, 0
1.614432, -61.8799, [74, 79], CHUNK, ['I', 'S'], VKLTPLCVTLNCTNVTNNTTN-------------------------------------NTIGEIKN----CSFNI-T-TS--LRN-TV-SKV-YSLF-YRLDVVLINNNQGNRSNNS------------------------------------------NTSYRLI---NCNTSAI-T---QA, 0.5815, 0
1.615147, -112.6821, 74, POINT, T, VKLTPLCVTLNCTNVTNNTTN-------------------------------------NTIGEIKN----CSFNT-T-TE--LRN-TV-SKV-YSLF-YRLDVVLINNNQGNRSNNS------------------------------------------NTSYRLI---NCNTSAI-T---QA, 0.0000, 0
1.601294, -94.5314, [74], CHUNK, ['I'], VKLTPLCVTLNCTNVTNNTTN-------------------------------------NTIGEIKN----CSFNI-T-TE--LRN-TV-SKV-YSLF-YRLDVVLINNNQGNRSNNS------------------------------------------NTSYRLI---NCNTSAI-T---QA, 0.3416, 0
1.577988, -72.1331, 74, POINT, I, VKLTPLCVTLNCTNVTNNTTN-------------------------------------NTIGEIKN----CSFNI-T-TE--LRN-TV-SKV-YSLF-YRLDVVLINENQGNRSNNS------------------------------------------NTSYRLI---NCNTSAI-T---QA, 0.7152, 0
1.575216, -88.5785, 74, POINT, V, VKLTPLCVTLNCTNVTNNTTN-------------------------------------NTIGEIKN----CSFNV-T-TE--LRN-TV-SKV-YSLF-YRLDVVLINENQGNRSNNS------------------------------------------NTSYRLI---NCNTSAI-T---QA, 0.5895, 0
1.591841, -112.5691, [74], CHUNK, ['T'], VKLTPLCVTLNCTNVTNNTTN-------------------------------------NTIGEIKN----CSFNT-T-TE--LRN-TV-SKV-YSLF-YRLDVVLINENQGNRSNNS------------------------------------------NTSYRLI---NCNTSAI-T---QA, 0.0000, 0
1.567629, -91.9635, 174, POINT, V, VKLTPLCVTLNCTNVTNNTTN-------------------------------------NTIGEIKN----CSFNM-T-TE--LRN-TV-SKV-YSLF-YRLDVVLINENQGNRSNNS------------------------------------------NTSYRLI---NCNTSVI-T---QA, 0.3154, 0
1.548558, -91.7904, 74, POINT, V, VKLTPLCVTLNCTNVTNNTTN-------------------------------------NTIGEIKN----CSFNV-T-TE--LRD-KK-QKV-YSLF-YRLDVVLINENQGNRSNNS------------------------------------------NTSYRLI---NCNTSAI-T---QA, 0.3799, 0
1.549166, -118.3205, [104, 107], CHUNK, ['K', 'N'], VKLTPLCVTLNCTNVTNNTTN-------------------------------------NTIGEIKN----CSFNM-T-TE--LRD-KK-QKV-YSLF-YRLDVVKINNNQGNRSNNS------------------------------------------NTSYRLI---NCNTSAI-T---QA, 0.0000, 0
1.540617, -96.7146, 174, POINT, V, VKLTPLCVTLNCTNVTNNTTN-------------------------------------NTIGEIKN----CSFNM-T-TE--LRD-KK-QKV-YSLF-YRLDVVLINENQGNRSNNS------------------------------------------NTSYRLI---NCNTSVI-T---QA, 0.4978, 0
1.556910, -118.7912, 107, POINT, N, VKLTPLCVTLNCTNVTNNTTN-------------------------------------NTIGEIKN----CSFNM-T-TE--LRD-KK-QKV-YSLF-YRLDVVLINNNQGNRSNNS------------------------------------------NTSYRLI---NCNTSAI-T---QA, 0.0000, 1
1.595681, -118.4817, 109, POINT, N, VKLTPLCVTLNCTNVTNNTTN-------------------------------------NTIGEIKN----CSFNM-T-TE--LRD-KK-QKV-YSLF-YRLDVVLINNNNGNRSNNS------------------------------------------NTSYRLI---NCNTSAI-T---QA, 0.0000, 1
1.623562, -78.3442, [74, 79], CHUNK, ['I', 'S'], VKLTPLCVTLNCTNVTNNTTN-------------------------------------NTIGEIKN----CSFNI-T-TS--LRD-KK-QKV-YSLF-YRLDVVLINNNNGNRSNNS------------------------------------------NTSYRLI---NCNTSAI-T---QA, 1.0329, 0
1.613308, -67.0196, [74], CHUNK, ['I'], VKLTPLCVTLNCTNVTNNTTN-------------------------------------NTIGEIKN----CSFNI-T-TE--LRD-KK-QKV-YSLF-YRLDVVLINNNNGNRSNNS------------------------------------------NTSYRLI---NCNTSAI-T---QA, 0.7618, 0
1.621173, 3.4715, [79, 82], CHUNK, ['N', 'I'], VKLTPLCVTLNCTNVTNNTTN-------------------------------------NTIGEIKN----CSFNM-T-TN--IRD-KK-QKV-YSLF-YRLDVVLINNNNGNRSNNS------------------------------------------NTSYRLI---NCNTSAI-T---QA, 0.1182, 0
1.613308, -67.8657, 74, POINT, I, VKLTPLCVTLNCTNVTNNTTN-------------------------------------NTIGEIKN----CSFNI-T-TE--LRD-KK-QKV-YSLF-YRLDVVLINNNNGNRSNNS------------------------------------------NTSYRLI---NCNTSAI-T---QA, 0.7569, 0
1.588095, -114.5704, 74, POINT, T, VKLTPLCVTLNCTNVTNNTTN-------------------------------------NTIGEIKN----CSFNT-T-TE--LRD-KK-QKV-YSLF-YRLDVVLINNNQGNRSNNS------------------------------------------NTSYRLI---NCNTSAI-T---QA, 0.0000, 0
1.574537, -58.0883, [74], CHUNK, ['I'], VKLTPLCVTLNCTNVTNNTTN-------------------------------------NTIGEIKN----CSFNI-T-TE--LRD-KK-QKV-YSLF-YRLDVVLINNNQGNRSNNS------------------------------------------NTSYRLI---NCNTSAI-T---QA, 1.0558, 0
1.572294, -118.0925, 103, POINT, T, VKLTPLCVTLNCTNVTNNTTN-------------------------------------NTIGEIKN----CSFNM-T-TE--LRD-KK-QKV-YSLF-YRLDVTLINNNQGNRSNNS------------------------------------------NTSYRLI---NCNTSAI-T---QA, 0.0000, 1
1.588744, -118.3171, 101, POINT, N, VKLTPLCVTLNCTNVTNNTTN-------------------------------------NTIGEIKN----CSFNM-T-TE--LRD-KK-QKV-YSLF-YRLNVTLINNNQGNRSNNS------------------------------------------NTSYRLI---NCNTSAI-T---QA, 0.0000, 0
1.589921, -66.2508, [74], CHUNK, ['I'], VKLTPLCVTLNCTNVTNNTTN-------------------------------------NTIGEIKN----CSFNI-T-TE--LRD-KK-QKV-YSLF-YRLDVTLINNNQGNRSNNS------------------------------------------NTSYRLI---NCNTSAI-T---QA, 1.3874, 0
1.597786, 7.6033, [79, 82], CHUNK, ['N', 'I'], VKLTPLCVTLNCTNVTNNTTN-------------------------------------NTIGEIKN----CSFNM-T-TN--IRD-KK-QKV-YSLF-YRLDVTLINNNQGNRSNNS------------------------------------------NTSYRLI---NCNTSAI-T---QA, 0.0000, 0
1.603479, -113.8717, [74], CHUNK, ['T'], VKLTPLCVTLNCTNVTNNTTN-------------------------------------NTIGEIKN----CSFNT-T-TE--LRD-KK-QKV-YSLF-YRLDVTLINNNQGNRSNNS------------------------------------------NTSYRLI---NCNTSAI-T---QA, 0.0000, 0
1.573187, -117.6460, 74, POINT, S, VKLTPLCVTLNCTNVTNNTTN-------------------------------------NTIGEIKN----CSFNS-T-TE--LRD-KK-QKV-YSLF-YRLDVVLINNNQGNRSNNS------------------------------------------NTSYRLI---NCNTSAI-T---QA, 0.0000, 0
1.574537, -79.8472, 74, POINT, I, VKLTPLCVTLNCTNVTNNTTN-------------------------------------NTIGEIKN----CSFNI-T-TE--LRD-KK-QKV-YSLF-YRLDVVLINNNQGNRSNNS------------------------------------------NTSYRLI---NCNTSAI-T---QA, 0.3705, 0
1.571864, -89.3597, 74, POINT, V, VKLTPLCVTLNCTNVTNNTTN-------------------------------------NTIGEIKN----CSFNV-T-TE--LRD-KK-QKV-YSLF-YRLDVVLINNNQGNRSNNS------------------------------------------NTSYRLI---NCNTSAI-T---QA, 0.5326, 0
1.581413, -99.1670, [61], CHUNK, ['T'], VKLTPLCVTLNCTNVTNNTTN-------------------------------------NTITEIKN----CSFNM-T-TE--LRD-KK-QKV-YSLF-YRLDVVLINNNQGNRSNNS------------------------------------------NTSYRLI---NCNTSAI-T---QA, 0.0000, 0
1.556910, -118.7912, 107, POINT, N, VKLTPLCVTLNCTNVTNNTTN-------------------------------------NTIGEIKN----CSFNM-T-TE--LRD-KK-QKV-YSLF-YRLDVVLINNNQGNRSNNS------------------------------------------NTSYRLI---NCNTSAI-T---QA, 0.0000, 0
1.564789, -114.4574, [74], CHUNK, ['T'], VKLTPLCVTLNCTNVTNNTTN-------------------------------------NTIGEIKN----CSFNT-T-TE--LRD-KK-QKV-YSLF-YRLDVVLINENQGNRSNNS------------------------------------------NTSYRLI---NCNTSAI-T---QA, 0.0000, 1
1.579215, -113.7587, 103, POINT, T, VKLTPLCVTLNCTNVTNNTTN-------------------------------------NTIGEIKN----CSFNT-T-TE--LRD-KK-QKV-YSLF-YRLDVTLINENQGNRSNNS------------------------------------------NTSYRLI---NCNTSAI-T---QA, 0.0000, 0
1.578575, -116.3568, 163, POINT, T, VKLTPLCVTLNCTNVTNNTTN-------------------------------------NTIGEIKN----CSFNT-T-TE--LRD-KK-QKV-YSLF-YRLDVVLINENQGNRSNNS------------------------------------------NTSYTLI---NCNTSAI-T---QA, 0.0000, 0
1.588636, -113.4411, 109, POINT, S, VKLTPLCVTLNCTNVTNNTTN-------------------------------------NTIGEIKN----CSFNT-T-TE--LRD-KK-QKV-YSLF-YRLDVVLINENSGNRSNNS------------------------------------------NTSYRLI---NCNTSAI-T---QA, 0.0000, 0
1.578809, -114.3560, [107, 108, 109, 110], CHUNK, ['Q', 'G', 'N', 'S'], VKLTPLCVTLNCTNVTNNTTN-------------------------------------NTIGEIKN----CSFNT-T-TE--LRD-KK-QKV-YSLF-YRLDVVLINQGNSNRSNNS------------------------------------------NTSYRLI---NCNTSAI-T---QA, 0.0000, 0
1.566668, -59.6970, [74, 79], CHUNK, ['I', 'T'], VKLTPLCVTLNCTNVTNNTTN-------------------------------------NTIGEIKN----CSFNI-T-TT--LRD-KK-QKV-YSLF-YRLDVVLINENQGNRSNNS------------------------------------------NTSYRLI---NCNTSAI-T---QA, 0.9266, 0
1.548558, -94.8708, 74, POINT, V, VKLTPLCVTLNCTNVTNNTTN-------------------------------------NTIGEIKN----CSFNV-T-TE--LRD-KK-QKV-YSLF-YRLDVVLINENQGNRSNNS------------------------------------------NTSYRLI---NCNTSAI-T---QA, 0.2083, 0
1.548305, -116.6816, 174, POINT, T, VKLTPLCVTLNCTNVTNNTTN-------------------------------------NTIGEIKN----CSFNM-T-TE--LRD-KK-QKV-YSLF-YRLDVVLINENQGNRSNNS------------------------------------------NTSYRLI---NCNTSTI-T---QA, 0.0000, 0
1.547522, -118.4199, 109, POINT, D, VKLTPLCVTLNCTNVTNNTTN-------------------------------------NTIGEIKN----CSFNM-T-TE--LRD-KK-QKV-YSLF-YRLDVVLINENDGNRSNNS------------------------------------------NTSYRLI---NCNTSAI-T---QA, 0.0000, 0
------END OF DATA------
Best coverage = 1.64023641102
Best sequence = VKLTPLCVTLNCTNVTNNTTN-------------------------------------NTIGEIKN----CSFNT-T-TN--LRN-TV-SKV-YSLF-YRLDVVLINNNQGNRSNNS------------------------------------------NTSYRLI---NCNTSAI-T---QA
Best energy = -112.901015641
Best RMSD = 0.0
Hard Covereage = 0.0667853340556
Num epitopes = 57
