Name base = V1V2_200_sq_9_2_ni
Iters = 200
Soft coverage = 1.31203964383
Energy = -130.371723998
Hard Covereage = 0.0368019545157
Num epitopes = 65
Initial seq = VKLTPLCVTLQCTNVTNNITD-------------------------------------DMRGELKN----CSFNM-T-TE--LRD-KK-QKV-YSLF-YRLDVVQINENQGNRSNNS------------------------------------------NKEYRLI---NCNTSAI-T---QA
-------START OF DATA------
1.335067, -130.3037, 160, POINT, T, VKLTPLCVTLQCTNVTNNITD-------------------------------------DMRGELKN----CSFNM-T-TE--LRD-KK-QKV-YSLF-YRLDVVQINENQGNRSNNS------------------------------------------NTEYRLI---NCNTSAI-T---QA, 0.0510, 1
1.384223, -130.2214, 10, POINT, N, VKLTPLCVTLNCTNVTNNITD-------------------------------------DMRGELKN----CSFNM-T-TE--LRD-KK-QKV-YSLF-YRLDVVQINENQGNRSNNS------------------------------------------NTEYRLI---NCNTSAI-T---QA, 0.0510, 1
1.391236, -109.0461, 174, POINT, V, VKLTPLCVTLNCTNVTNNITD-------------------------------------DMRGELKN----CSFNM-T-TE--LRD-KK-QKV-YSLF-YRLDVVQINENQGNRSNNS------------------------------------------NTEYRLI---NCNTSVI-T---QA, 0.3348, 0
1.415945, -125.9310, 74, POINT, T, VKLTPLCVTLNCTNVTNNITD-------------------------------------DMRGELKN----CSFNT-T-TE--LRD-KK-QKV-YSLF-YRLDVVQINENQGNRSNNS------------------------------------------NTEYRLI---NCNTSAI-T---QA, 0.0510, 1
1.443385, -14.6458, [79, 82], CHUNK, ['N', 'I'], VKLTPLCVTLNCTNVTNNITD-------------------------------------DMRGELKN----CSFNT-T-TN--IRD-KK-QKV-YSLF-YRLDVVQINENQGNRSNNS------------------------------------------NTEYRLI---NCNTSAI-T---QA, 0.3310, 0
1.432876, -120.9605, 60, POINT, T, VKLTPLCVTLNCTNVTNNITD-------------------------------------DMTGELKN----CSFNT-T-TE--LRD-KK-QKV-YSLF-YRLDVVQINENQGNRSNNS------------------------------------------NTEYRLI---NCNTSAI-T---QA, 0.0510, 0
1.433606, -123.8315, 18, POINT, N, VKLTPLCVTLNCTNVTNNNTD-------------------------------------DMRGELKN----CSFNT-T-TE--LRD-KK-QKV-YSLF-YRLDVVQINENQGNRSNNS------------------------------------------NTEYRLI---NCNTSAI-T---QA, 0.0815, 1
1.442340, -121.3193, 60, POINT, S, VKLTPLCVTLNCTNVTNNNTD-------------------------------------DMSGELKN----CSFNT-T-TE--LRD-KK-QKV-YSLF-YRLDVVQINENQGNRSNNS------------------------------------------NTEYRLI---NCNTSAI-T---QA, 0.1094, 1
1.474704, -121.7968, 58, POINT, N, VKLTPLCVTLNCTNVTNNNTD-------------------------------------NMSGELKN----CSFNT-T-TE--LRD-KK-QKV-YSLF-YRLDVVQINENQGNRSNNS------------------------------------------NTEYRLI---NCNTSAI-T---QA, 0.1094, 1
1.512765, -119.1406, [107, 108, 109, 110, 111, 112, 113], CHUNK, ['G', 'D', 'S', 'N', 'S', 'S', 'T'], VKLTPLCVTLNCTNVTNNNTD-------------------------------------NMSGELKN----CSFNT-T-TE--LRD-KK-QKV-YSLF-YRLDVVQINGDSNSSTNNS------------------------------------------NTEYRLI---NCNTSAI-T---QA, 0.1227, 0
1.497979, -121.9101, 107, POINT, N, VKLTPLCVTLNCTNVTNNNTD-------------------------------------NMSGELKN----CSFNT-T-TE--LRD-KK-QKV-YSLF-YRLDVVQINNNQGNRSNNS------------------------------------------NTEYRLI---NCNTSAI-T---QA, 0.1094, 1
1.517888, -121.8022, [161], CHUNK, ['S'], VKLTPLCVTLNCTNVTNNNTD-------------------------------------NMSGELKN----CSFNT-T-TE--LRD-KK-QKV-YSLF-YRLDVVQINNNQGNRSNNS------------------------------------------NTSYRLI---NCNTSAI-T---QA, 0.1019, 1
1.535592, -117.7051, [98, 99, 104], CHUNK, ['N', 'K', 'P'], VKLTPLCVTLNCTNVTNNNTD-------------------------------------NMSGELKN----CSFNT-T-TE--LRD-KK-QKV-YSLF-NKLDVVPINNNQGNRSNNS------------------------------------------NTSYRLI---NCNTSAI-T---QA, 0.1130, 0
1.533838, -119.6726, [99, 102, 103], CHUNK, ['K', 'I', 'T'], VKLTPLCVTLNCTNVTNNNTD-------------------------------------NMSGELKN----CSFNT-T-TE--LRD-KK-QKV-YSLF-YKLDITQINNNQGNRSNNS------------------------------------------NTSYRLI---NCNTSAI-T---QA, 0.0953, 0
1.526348, -120.1610, [94, 99], CHUNK, ['A', 'K'], VKLTPLCVTLNCTNVTNNNTD-------------------------------------NMSGELKN----CSFNT-T-TE--LRD-KK-QKV-YALF-YKLDVVQINNNQGNRSNNS------------------------------------------NTSYRLI---NCNTSAI-T---QA, 0.1019, 0
1.527817, -119.9047, 165, POINT, T, VKLTPLCVTLNCTNVTNNNTD-------------------------------------NMSGELKN----CSFNT-T-TE--LRD-KK-QKV-YSLF-YRLDVVQINNNQGNRSNNS------------------------------------------NTSYRLT---NCNTSAI-T---QA, 0.0904, 0
1.504992, -100.7604, 174, POINT, V, VKLTPLCVTLNCTNVTNNNTD-------------------------------------NMSGELKN----CSFNT-T-TE--LRD-KK-QKV-YSLF-YRLDVVQINNNQGNRSNNS------------------------------------------NTEYRLI---NCNTSVI-T---QA, 0.3038, 0
1.517888, -121.8262, [161], CHUNK, ['S'], VKLTPLCVTLNCTNVTNNNTD-------------------------------------NMSGELKN----CSFNT-T-TE--LRD-KK-QKV-YSLF-YRLDVVQINNNQGNRSNNS------------------------------------------NTSYRLI---NCNTSAI-T---QA, 0.1351, 0
1.515418, -121.4349, [160, 161], CHUNK, ['N', 'S'], VKLTPLCVTLNCTNVTNNNTD-------------------------------------NMSGELKN----CSFNT-T-TE--LRD-KK-QKV-YSLF-YRLDVVQINNNQGNRSNNS------------------------------------------NNSYRLI---NCNTSAI-T---QA, 0.1206, 1
1.522605, -121.6262, [90, 91, 94], CHUNK, ['N', 'E', 'A'], VKLTPLCVTLNCTNVTNNNTD-------------------------------------NMSGELKN----CSFNT-T-TE--LRD-KK-QNE-YALF-YRLDVVQINNNQGNRSNNS------------------------------------------NNSYRLI---NCNTSAI-T---QA, 0.1206, 0
1.536735, -122.0793, [113, 116], CHUNK, ['N', 'T'], VKLTPLCVTLNCTNVTNNNTD-------------------------------------NMSGELKN----CSFNT-T-TE--LRD-KK-QKV-YSLF-YRLDVVQINNNQGNRNNNT------------------------------------------NNSYRLI---NCNTSAI-T---QA, 0.1234, 0
1.533025, -119.3991, [93, 99], CHUNK, ['T', 'K'], VKLTPLCVTLNCTNVTNNNTD-------------------------------------NMSGELKN----CSFNT-T-TE--LRD-KK-QKV-TSLF-YKLDVVQINNNQGNRSNNS------------------------------------------NNSYRLI---NCNTSAI-T---QA, 0.1412, 0
1.530846, -121.6603, 104, POINT, L, VKLTPLCVTLNCTNVTNNNTD-------------------------------------NMSGELKN----CSFNT-T-TE--LRD-KK-QKV-YSLF-YRLDVVLINNNQGNRSNNS------------------------------------------NNSYRLI---NCNTSAI-T---QA, 0.1295, 1
1.539176, -113.4224, [87, 89, 91, 94], CHUNK, ['I', 'K', 'E', 'A'], VKLTPLCVTLNCTNVTNNNTD-------------------------------------NMSGELKN----CSFNT-T-TE--LRD-KI-KKE-YALF-YRLDVVLINNNQGNRSNNS------------------------------------------NNSYRLI---NCNTSAI-T---QA, 0.2669, 0
1.541924, -120.9617, 79, POINT, S, VKLTPLCVTLNCTNVTNNNTD-------------------------------------NMSGELKN----CSFNT-T-TS--LRD-KK-QKV-YSLF-YRLDVVLINNNQGNRSNNS------------------------------------------NNSYRLI---NCNTSAI-T---QA, 0.1357, 0
1.537175, -123.3020, 59, POINT, D, VKLTPLCVTLNCTNVTNNNTD-------------------------------------NDSGELKN----CSFNT-T-TE--LRD-KK-QKV-YSLF-YRLDVVLINNNQGNRSNNS------------------------------------------NNSYRLI---NCNTSAI-T---QA, 0.1290, 0
1.543489, -121.3672, [89, 91, 94], CHUNK, ['K', 'E', 'A'], VKLTPLCVTLNCTNVTNNNTD-------------------------------------NMSGELKN----CSFNT-T-TE--LRD-KK-KKE-YALF-YRLDVVLINNNQGNRSNNS------------------------------------------NNSYRLI---NCNTSAI-T---QA, 0.1411, 1
1.554469, -120.2544, 79, POINT, S, VKLTPLCVTLNCTNVTNNNTD-------------------------------------NMSGELKN----CSFNT-T-TS--LRD-KK-KKE-YALF-YRLDVVLINNNQGNRSNNS------------------------------------------NNSYRLI---NCNTSAI-T---QA, 0.1411, 0
1.548272, -119.6322, [63], CHUNK, ['I'], VKLTPLCVTLNCTNVTNNNTD-------------------------------------NMSGEIKN----CSFNT-T-TE--LRD-KK-KKE-YALF-YRLDVVLINNNQGNRSNNS------------------------------------------NNSYRLI---NCNTSAI-T---QA, 0.1411, 1
1.548607, -119.0483, 20, POINT, K, VKLTPLCVTLNCTNVTNNNTK-------------------------------------NMSGEIKN----CSFNT-T-TE--LRD-KK-KKE-YALF-YRLDVVLINNNQGNRSNNS------------------------------------------NNSYRLI---NCNTSAI-T---QA, 0.1411, 0
1.555674, -117.9083, [99], CHUNK, ['K'], VKLTPLCVTLNCTNVTNNNTD-------------------------------------NMSGEIKN----CSFNT-T-TE--LRD-KK-KKE-YALF-YKLDVVLINNNQGNRSNNS------------------------------------------NNSYRLI---NCNTSAI-T---QA, 0.1411, 0
1.563619, -118.0789, [99], CHUNK, ['T'], VKLTPLCVTLNCTNVTNNNTD-------------------------------------NMSGEIKN----CSFNT-T-TE--LRD-KK-KKE-YALF-YTLDVVLINNNQGNRSNNS------------------------------------------NNSYRLI---NCNTSAI-T---QA, 0.1543, 0
1.554781, -119.9993, 59, POINT, E, VKLTPLCVTLNCTNVTNNNTD-------------------------------------NESGEIKN----CSFNT-T-TE--LRD-KK-KKE-YALF-YRLDVVLINNNQGNRSNNS------------------------------------------NNSYRLI---NCNTSAI-T---QA, 0.1411, 0
1.549051, -21.9259, [82], CHUNK, ['I'], VKLTPLCVTLNCTNVTNNNTD-------------------------------------NMSGELKN----CSFNT-T-TE--IRD-KK-KKE-YALF-YRLDVVLINNNQGNRSNNS------------------------------------------NNSYRLI---NCNTSAI-T---QA, 0.2512, 0
1.558190, -119.8297, [174], CHUNK, ['T'], VKLTPLCVTLNCTNVTNNNTD-------------------------------------NMSGELKN----CSFNT-T-TE--LRD-KK-KKE-YALF-YRLDVVLINNNQGNRSNNS------------------------------------------NNSYRLI---NCNTSTI-T---QA, 0.1411, 1
1.572569, 1.6068, [79, 82, 84, 86], CHUNK, ['S', 'I', 'N', 'E'], VKLTPLCVTLNCTNVTNNNTD-------------------------------------NMSGELKN----CSFNT-T-TS--IRN-EK-KKE-YALF-YRLDVVLINNNQGNRSNNS------------------------------------------NNSYRLI---NCNTSTI-T---QA, 0.2300, 0
1.586898, -117.0525, 20, POINT, T, VKLTPLCVTLNCTNVTNNNTT-------------------------------------NMSGELKN----CSFNT-T-TE--LRD-KK-KKE-YALF-YRLDVVLINNNQGNRSNNS------------------------------------------NNSYRLI---NCNTSTI-T---QA, 0.1371, 0
1.565593, -118.1059, 99, POINT, K, VKLTPLCVTLNCTNVTNNNTD-------------------------------------NMSGELKN----CSFNT-T-TE--LRD-KK-KKE-YALF-YKLDVVLINNNQGNRSNNS------------------------------------------NNSYRLI---NCNTSTI-T---QA, 0.1411, 0
1.581271, -120.2513, 20, POINT, N, VKLTPLCVTLNCTNVTNNNTN-------------------------------------NMSGELKN----CSFNT-T-TE--LRD-KK-KKE-YALF-YRLDVVLINNNQGNRSNNS------------------------------------------NNSYRLI---NCNTSTI-T---QA, 0.1411, 1
1.585000, -87.5921, 61, POINT, K, VKLTPLCVTLNCTNVTNNNTN-------------------------------------NMSKELKN----CSFNT-T-TE--LRD-KK-KKE-YALF-YRLDVVLINNNQGNRSNNS------------------------------------------NNSYRLI---NCNTSTI-T---QA, 0.1618, 0
1.585657, -84.8070, [61, 63], CHUNK, ['E', 'I'], VKLTPLCVTLNCTNVTNNNTN-------------------------------------NMSEEIKN----CSFNT-T-TE--LRD-KK-KKE-YALF-YRLDVVLINNNQGNRSNNS------------------------------------------NNSYRLI---NCNTSTI-T---QA, 0.1866, 0
1.592250, -119.1385, 79, POINT, S, VKLTPLCVTLNCTNVTNNNTN-------------------------------------NMSGELKN----CSFNT-T-TS--LRD-KK-KKE-YALF-YRLDVVLINNNQGNRSNNS------------------------------------------NNSYRLI---NCNTSTI-T---QA, 0.1411, 0
1.583741, -120.4382, [160], CHUNK, ['T'], VKLTPLCVTLNCTNVTNNNTN-------------------------------------NMSGELKN----CSFNT-T-TE--LRD-KK-KKE-YALF-YRLDVVLINNNQGNRSNNS------------------------------------------NTSYRLI---NCNTSTI-T---QA, 0.1411, 0
1.569651, -115.6771, [98, 99], CHUNK, ['N', 'K'], VKLTPLCVTLNCTNVTNNNTD-------------------------------------NMSGELKN----CSFNT-T-TE--LRD-KK-KKE-YALF-NKLDVVLINNNQGNRSNNS------------------------------------------NNSYRLI---NCNTSTI-T---QA, 0.1411, 0
1.566748, -98.7943, [61, 62, 64], CHUNK, ['T', 'D', 'R'], VKLTPLCVTLNCTNVTNNNTD-------------------------------------NMSTDLRN----CSFNT-T-TE--LRD-KK-KKE-YALF-YRLDVVLINNNQGNRSNNS------------------------------------------NNSYRLI---NCNTSTI-T---QA, 0.1450, 0
1.594065, -120.0789, [112, 113, 116], CHUNK, ['I', 'N', 'T'], VKLTPLCVTLNCTNVTNNNTD-------------------------------------NMSGELKN----CSFNT-T-TE--LRD-KK-KKE-YALF-YRLDVVLINNNQGNINNNT------------------------------------------NNSYRLI---NCNTSTI-T---QA, 0.1408, 0
1.560661, -120.0166, 160, POINT, T, VKLTPLCVTLNCTNVTNNNTD-------------------------------------NMSGELKN----CSFNT-T-TE--LRD-KK-KKE-YALF-YRLDVVLINNNQGNRSNNS------------------------------------------NTSYRLI---NCNTSTI-T---QA, 0.1411, 0
1.566569, -121.7888, 20, POINT, N, VKLTPLCVTLNCTNVTNNNTN-------------------------------------NMSGELKN----CSFNT-T-TE--LRD-KK-KKE-YALF-YRLDVVLINNNQGNRSNNS------------------------------------------NNSYRLI---NCNTSAI-T---QA, 0.1411, 0
1.560278, -117.0804, [60, 63], CHUNK, ['T', 'I'], VKLTPLCVTLNCTNVTNNNTD-------------------------------------NMTGEIKN----CSFNT-T-TE--LRD-KK-KKE-YALF-YRLDVVLINNNQGNRSNNS------------------------------------------NNSYRLI---NCNTSAI-T---QA, 0.1411, 0
1.566901, -121.8609, [108, 109, 110, 111, 112, 113], CHUNK, ['E', 'N', 'N', 'T', 'G', 'K'], VKLTPLCVTLNCTNVTNNNTD-------------------------------------NMSGELKN----CSFNT-T-TE--LRD-KK-KKE-YALF-YRLDVVLINNENNTGKNNS------------------------------------------NNSYRLI---NCNTSAI-T---QA, 0.1363, 0
1.558190, -119.8297, 174, POINT, T, VKLTPLCVTLNCTNVTNNNTD-------------------------------------NMSGELKN----CSFNT-T-TE--LRD-KK-KKE-YALF-YRLDVVLINNNQGNRSNNS------------------------------------------NNSYRLI---NCNTSTI-T---QA, 0.1411, 1
1.576228, -21.9656, [79, 82, 83], CHUNK, ['S', 'I', 'S'], VKLTPLCVTLNCTNVTNNNTD-------------------------------------NMSGELKN----CSFNT-T-TS--ISD-KK-KKE-YALF-YRLDVVLINNNQGNRSNNS------------------------------------------NNSYRLI---NCNTSTI-T---QA, 0.2383, 0
1.562538, -119.2530, 89, POINT, T, VKLTPLCVTLNCTNVTNNNTD-------------------------------------NMSGELKN----CSFNT-T-TE--LRD-KK-TKE-YALF-YRLDVVLINNNQGNRSNNS------------------------------------------NNSYRLI---NCNTSTI-T---QA, 0.1411, 1
1.585618, -119.6746, 20, POINT, N, VKLTPLCVTLNCTNVTNNNTN-------------------------------------NMSGELKN----CSFNT-T-TE--LRD-KK-TKE-YALF-YRLDVVLINNNQGNRSNNS------------------------------------------NNSYRLI---NCNTSTI-T---QA, 0.1411, 1
1.603342, -121.2919, [163], CHUNK, ['T'], VKLTPLCVTLNCTNVTNNNTN-------------------------------------NMSGELKN----CSFNT-T-TE--LRD-KK-TKE-YALF-YRLDVVLINNNQGNRSNNS------------------------------------------NNSYTLI---NCNTSTI-T---QA, 0.1411, 0
1.597018, -119.1886, 79, POINT, S, VKLTPLCVTLNCTNVTNNNTN-------------------------------------NMSGELKN----CSFNT-T-TS--LRD-KK-TKE-YALF-YRLDVVLINNNQGNRSNNS------------------------------------------NNSYRLI---NCNTSTI-T---QA, 0.1444, 0
1.591121, -117.9395, [63], CHUNK, ['I'], VKLTPLCVTLNCTNVTNNNTN-------------------------------------NMSGEIKN----CSFNT-T-TE--LRD-KK-TKE-YALF-YRLDVVLINNNQGNRSNNS------------------------------------------NNSYRLI---NCNTSTI-T---QA, 0.1411, 0
1.613973, -31.8589, [79, 82], CHUNK, ['N', 'I'], VKLTPLCVTLNCTNVTNNNTN-------------------------------------NMSGELKN----CSFNT-T-TN--IRD-KK-TKE-YALF-YRLDVVLINNNQGNRSNNS------------------------------------------NNSYRLI---NCNTSTI-T---QA, 0.5073, 0
1.566086, -119.3181, 4, POINT, T, VKLTTLCVTLNCTNVTNNNTD-------------------------------------NMSGELKN----CSFNT-T-TE--LRD-KK-TKE-YALF-YRLDVVLINNNQGNRSNNS------------------------------------------NNSYRLI---NCNTSTI-T---QA, 0.1411, 0
1.577704, -48.0124, [79, 82], CHUNK, ['S', 'I'], VKLTPLCVTLNCTNVTNNNTD-------------------------------------NMSGELKN----CSFNT-T-TS--IRD-KK-TKE-YALF-YRLDVVLINNNQGNRSNNS------------------------------------------NNSYRLI---NCNTSTI-T---QA, 0.5137, 0
1.588660, -0.6841, [79, 82, 83, 84], CHUNK, ['S', 'I', 'K', 'T'], VKLTPLCVTLNCTNVTNNNTD-------------------------------------NMSGELKN----CSFNT-T-TS--IKT-KK-TKE-YALF-YRLDVVLINNNQGNRSNNS------------------------------------------NNSYRLI---NCNTSTI-T---QA, 0.2267, 0
1.589787, -121.8872, [161, 163], CHUNK, ['N', 'T'], VKLTPLCVTLNCTNVTNNNTD-------------------------------------NMSGELKN----CSFNT-T-TE--LRD-KK-TKE-YALF-YRLDVVLINNNQGNRSNNS------------------------------------------NNNYTLI---NCNTSTI-T---QA, 0.1411, 0
1.586898, -116.6038, [20], CHUNK, ['T'], VKLTPLCVTLNCTNVTNNNTT-------------------------------------NMSGELKN----CSFNT-T-TE--LRD-KK-KKE-YALF-YRLDVVLINNNQGNRSNNS------------------------------------------NNSYRLI---NCNTSTI-T---QA, 0.1411, 0
1.562912, -120.2474, 90, POINT, N, VKLTPLCVTLNCTNVTNNNTD-------------------------------------NMSGELKN----CSFNT-T-TE--LRD-KK-KNE-YALF-YRLDVVLINNNQGNRSNNS------------------------------------------NNSYRLI---NCNTSTI-T---QA, 0.1411, 0
1.586898, -116.6038, 20, POINT, T, VKLTPLCVTLNCTNVTNNNTT-------------------------------------NMSGELKN----CSFNT-T-TE--LRD-KK-KKE-YALF-YRLDVVLINNNQGNRSNNS------------------------------------------NNSYRLI---NCNTSTI-T---QA, 0.1411, 0
1.564805, -120.2329, 161, POINT, T, VKLTPLCVTLNCTNVTNNNTD-------------------------------------NMSGELKN----CSFNT-T-TE--LRD-KK-KKE-YALF-YRLDVVLINNNQGNRSNNS------------------------------------------NNTYRLI---NCNTSTI-T---QA, 0.1411, 0
1.564923, -120.5150, 79, POINT, N, VKLTPLCVTLNCTNVTNNNTD-------------------------------------NMSGELKN----CSFNT-T-TN--LRD-KK-KKE-YALF-YRLDVVLINNNQGNRSNNS------------------------------------------NNSYRLI---NCNTSAI-T---QA, 0.1390, 0
1.550503, -102.9894, 174, POINT, V, VKLTPLCVTLNCTNVTNNNTD-------------------------------------NMSGELKN----CSFNT-T-TE--LRD-KK-KKE-YALF-YRLDVVLINNNQGNRSNNS------------------------------------------NNSYRLI---NCNTSVI-T---QA, 0.4352, 0
1.547037, -121.5623, 4, POINT, T, VKLTTLCVTLNCTNVTNNNTD-------------------------------------NMSGELKN----CSFNT-T-TE--LRD-KK-KKE-YALF-YRLDVVLINNNQGNRSNNS------------------------------------------NNSYRLI---NCNTSAI-T---QA, 0.1442, 0
1.558190, -119.8297, [174], CHUNK, ['T'], VKLTPLCVTLNCTNVTNNNTD-------------------------------------NMSGELKN----CSFNT-T-TE--LRD-KK-KKE-YALF-YRLDVVLINNNQGNRSNNS------------------------------------------NNSYRLI---NCNTSTI-T---QA, 0.1411, 0
1.537859, -102.5371, [174], CHUNK, ['V'], VKLTPLCVTLNCTNVTNNNTD-------------------------------------NMSGELKN----CSFNT-T-TE--LRD-KK-QKV-YSLF-YRLDVVLINNNQGNRSNNS------------------------------------------NNSYRLI---NCNTSVI-T---QA, 0.3206, 0
1.539538, -120.3497, [94, 99], CHUNK, ['A', 'K'], VKLTPLCVTLNCTNVTNNNTD-------------------------------------NMSGELKN----CSFNT-T-TE--LRD-KK-QKV-YALF-YKLDVVLINNNQGNRSNNS------------------------------------------NNSYRLI---NCNTSAI-T---QA, 0.1482, 1
1.550616, -119.4989, 79, POINT, S, VKLTPLCVTLNCTNVTNNNTD-------------------------------------NMSGELKN----CSFNT-T-TS--LRD-KK-QKV-YALF-YKLDVVLINNNQGNRSNNS------------------------------------------NNSYRLI---NCNTSAI-T---QA, 0.1482, 1
1.558571, -116.9333, 84, POINT, T, VKLTPLCVTLNCTNVTNNNTD-------------------------------------NMSGELKN----CSFNT-T-TS--LRT-KK-QKV-YALF-YKLDVVLINNNQGNRSNNS------------------------------------------NNSYRLI---NCNTSAI-T---QA, 0.1691, 0
1.557230, -119.9022, [161], CHUNK, ['T'], VKLTPLCVTLNCTNVTNNNTD-------------------------------------NMSGELKN----CSFNT-T-TS--LRD-KK-QKV-YALF-YKLDVVLINNNQGNRSNNS------------------------------------------NNTYRLI---NCNTSAI-T---QA, 0.1482, 0
1.561871, -119.0131, [89, 91], CHUNK, ['K', 'E'], VKLTPLCVTLNCTNVTNNNTD-------------------------------------NMSGELKN----CSFNT-T-TS--LRD-KK-KKE-YALF-YKLDVVLINNNQGNRSNNS------------------------------------------NNSYRLI---NCNTSAI-T---QA, 0.1882, 0
1.557629, -101.3668, [174], CHUNK, ['V'], VKLTPLCVTLNCTNVTNNNTD-------------------------------------NMSGELKN----CSFNT-T-TS--LRD-KK-QKV-YALF-YKLDVVLINNNQGNRSNNS------------------------------------------NNSYRLI---NCNTSVI-T---QA, 0.3069, 0
1.553143, -115.9006, [163, 165, 169], CHUNK, ['T', 'T', 'S'], VKLTPLCVTLNCTNVTNNNTD-------------------------------------NMSGELKN----CSFNT-T-TE--LRD-KK-QKV-YALF-YKLDVVLINNNQGNRSNNS------------------------------------------NNSYTLT---SCNTSAI-T---QA, 0.1482, 0
1.546551, -97.3865, [174], CHUNK, ['V'], VKLTPLCVTLNCTNVTNNNTD-------------------------------------NMSGELKN----CSFNT-T-TE--LRD-KK-QKV-YALF-YKLDVVLINNNQGNRSNNS------------------------------------------NNSYRLI---NCNTSVI-T---QA, 0.3930, 0
1.545726, -118.1439, [89, 91, 93], CHUNK, ['K', 'E', 'S'], VKLTPLCVTLNCTNVTNNNTD-------------------------------------NMSGELKN----CSFNT-T-TE--LRD-KK-KKE-SALF-YKLDVVLINNNQGNRSNNS------------------------------------------NNSYRLI---NCNTSAI-T---QA, 0.1482, 0
1.554239, -118.5481, [174], CHUNK, ['T'], VKLTPLCVTLNCTNVTNNNTD-------------------------------------NMSGELKN----CSFNT-T-TE--LRD-KK-QKV-YALF-YKLDVVLINNNQGNRSNNS------------------------------------------NNSYRLI---NCNTSTI-T---QA, 0.1482, 0
1.544600, -88.9815, [14, 15, 16, 20], CHUNK, ['L', 'N', 'T', 'S'], VKLTPLCVTLNCTNLNTNNTS-------------------------------------NMSGELKN----CSFNT-T-TE--LRD-KK-QKV-YSLF-YRLDVVLINNNQGNRSNNS------------------------------------------NNSYRLI---NCNTSAI-T---QA, 0.4843, 0
1.544791, -121.6620, [19, 20], CHUNK, ['N', 'N'], VKLTPLCVTLNCTNVTNNNNN-------------------------------------NMSGELKN----CSFNT-T-TE--LRD-KK-QKV-YSLF-YRLDVVLINNNQGNRSNNS------------------------------------------NNSYRLI---NCNTSAI-T---QA, 0.1295, 1
1.559555, -65.1280, [79, 82, 83], CHUNK, ['S', 'I', 'K'], VKLTPLCVTLNCTNVTNNNNN-------------------------------------NMSGELKN----CSFNT-T-TS--IKD-KK-QKV-YSLF-YRLDVVLINNNQGNRSNNS------------------------------------------NNSYRLI---NCNTSAI-T---QA, 0.5695, 0
1.567529, -4.2867, [79, 82, 84], CHUNK, ['S', 'I', 'N'], VKLTPLCVTLNCTNVTNNNNN-------------------------------------NMSGELKN----CSFNT-T-TS--IRN-KK-QKV-YSLF-YRLDVVLINNNQGNRSNNS------------------------------------------NNSYRLI---NCNTSAI-T---QA, 0.3005, 0
1.562647, -24.9986, [82, 83, 84], CHUNK, ['I', 'K', 'N'], VKLTPLCVTLNCTNVTNNNNN-------------------------------------NMSGELKN----CSFNT-T-TE--IKN-KK-QKV-YSLF-YRLDVVLINNNQGNRSNNS------------------------------------------NNSYRLI---NCNTSAI-T---QA, 0.1717, 0
1.556292, -117.7032, 99, POINT, N, VKLTPLCVTLNCTNVTNNNNN-------------------------------------NMSGELKN----CSFNT-T-TE--LRD-KK-QKV-YSLF-YNLDVVLINNNQGNRSNNS------------------------------------------NNSYRLI---NCNTSAI-T---QA, 0.1295, 0
1.545547, -119.8605, 174, POINT, T, VKLTPLCVTLNCTNVTNNNTD-------------------------------------NMSGELKN----CSFNT-T-TE--LRD-KK-QKV-YSLF-YRLDVVLINNNQGNRSNNS------------------------------------------NNSYRLI---NCNTSTI-T---QA, 0.1295, 0
1.551242, -30.2160, [79, 82], CHUNK, ['N', 'V'], VKLTPLCVTLNCTNVTNNNTD-------------------------------------NMSGELKN----CSFNT-T-TN--VRD-KK-QKV-YSLF-YRLDVVLINNNQGNRSNNS------------------------------------------NNSYRLI---NCNTSAI-T---QA, 0.1652, 0
1.559553, -118.4344, 20, POINT, T, VKLTPLCVTLNCTNVTNNNTT-------------------------------------NMSGELKN----CSFNT-T-TE--LRD-KK-QKV-YSLF-YRLDVVLINNNQGNRSNNS------------------------------------------NNSYRLI---NCNTSAI-T---QA, 0.1295, 0
1.542590, -116.9129, [87, 89], CHUNK, ['N', 'R'], VKLTPLCVTLNCTNVTNNNTD-------------------------------------NMSGELKN----CSFNT-T-TE--LRD-KN-RKV-YSLF-YRLDVVLINNNQGNRSNNS------------------------------------------NNSYRLI---NCNTSAI-T---QA, 0.1359, 0
