Name base = V1V2_200_exp_3_6_ni
Iters = 200
Soft coverage = 0.284621885725
Energy = -130.270854184
Hard Covereage = 0.0368019545157
Num epitopes = 65
Initial seq = VKLTPLCVTLQCTNVTNNITD-------------------------------------DMRGELKN----CSFNM-T-TE--LRD-KK-QKV-YSLF-YRLDVVQINENQGNRSNNS------------------------------------------NKEYRLI---NCNTSAI-T---QA
-------START OF DATA------
0.293003, -130.4480, [94], CHUNK, ['A'], VKLTPLCVTLQCTNVTNNITD-------------------------------------DMRGELKN----CSFNM-T-TE--LRD-KK-QKV-YALF-YRLDVVQINENQGNRSNNS------------------------------------------NKEYRLI---NCNTSAI-T---QA, 0.0000, 1
0.302975, -58.5907, [74], CHUNK, ['I'], VKLTPLCVTLQCTNVTNNITD-------------------------------------DMRGELKN----CSFNI-T-TE--LRD-KK-QKV-YALF-YRLDVVQINENQGNRSNNS------------------------------------------NKEYRLI---NCNTSAI-T---QA, 0.4056, 0
0.297974, -128.9361, 91, POINT, E, VKLTPLCVTLQCTNVTNNITD-------------------------------------DMRGELKN----CSFNM-T-TE--LRD-KK-QKE-YALF-YRLDVVQINENQGNRSNNS------------------------------------------NKEYRLI---NCNTSAI-T---QA, 0.0000, 1
0.305865, -127.1810, [99], CHUNK, ['K'], VKLTPLCVTLQCTNVTNNITD-------------------------------------DMRGELKN----CSFNM-T-TE--LRD-KK-QKE-YALF-YKLDVVQINENQGNRSNNS------------------------------------------NKEYRLI---NCNTSAI-T---QA, 0.0000, 1
0.315837, -111.4926, [74], CHUNK, ['I'], VKLTPLCVTLQCTNVTNNITD-------------------------------------DMRGELKN----CSFNI-T-TE--LRD-KK-QKE-YALF-YKLDVVQINENQGNRSNNS------------------------------------------NKEYRLI---NCNTSAI-T---QA, 0.2374, 0
0.329532, -127.1265, 10, POINT, N, VKLTPLCVTLNCTNVTNNITD-------------------------------------DMRGELKN----CSFNM-T-TE--LRD-KK-QKE-YALF-YKLDVVQINENQGNRSNNS------------------------------------------NKEYRLI---NCNTSAI-T---QA, 0.0000, 1
0.334528, -128.5080, [112, 113], CHUNK, ['N', 'N'], VKLTPLCVTLNCTNVTNNITD-------------------------------------DMRGELKN----CSFNM-T-TE--LRD-KK-QKE-YALF-YKLDVVQINENQGNNNNNS------------------------------------------NKEYRLI---NCNTSAI-T---QA, 0.0000, 1
0.344499, -103.1799, [74], CHUNK, ['I'], VKLTPLCVTLNCTNVTNNITD-------------------------------------DMRGELKN----CSFNI-T-TE--LRD-KK-QKE-YALF-YKLDVVQINENQGNNNNNS------------------------------------------NKEYRLI---NCNTSAI-T---QA, 0.3234, 0
0.341799, -125.8928, [63], CHUNK, ['I'], VKLTPLCVTLNCTNVTNNITD-------------------------------------DMRGEIKN----CSFNM-T-TE--LRD-KK-QKE-YALF-YKLDVVQINENQGNNNNNS------------------------------------------NKEYRLI---NCNTSAI-T---QA, 0.0000, 1
0.345620, -126.0052, 107, POINT, N, VKLTPLCVTLNCTNVTNNITD-------------------------------------DMRGEIKN----CSFNM-T-TE--LRD-KK-QKE-YALF-YKLDVVQINNNQGNNNNNS------------------------------------------NKEYRLI---NCNTSAI-T---QA, 0.0000, 1
0.352903, -108.4937, [174], CHUNK, ['V'], VKLTPLCVTLNCTNVTNNITD-------------------------------------DMRGEIKN----CSFNM-T-TE--LRD-KK-QKE-YALF-YKLDVVQINNNQGNNNNNS------------------------------------------NKEYRLI---NCNTSVI-T---QA, 0.6594, 0
0.349693, -122.4317, 74, POINT, T, VKLTPLCVTLNCTNVTNNITD-------------------------------------DMRGEIKN----CSFNT-T-TE--LRD-KK-QKE-YALF-YKLDVVQINNNQGNNNNNS------------------------------------------NKEYRLI---NCNTSAI-T---QA, 0.0989, 1
0.357013, -118.3757, [74], CHUNK, ['I'], VKLTPLCVTLNCTNVTNNITD-------------------------------------DMRGEIKN----CSFNI-T-TE--LRD-KK-QKE-YALF-YKLDVVQINNNQGNNNNNS------------------------------------------NKEYRLI---NCNTSAI-T---QA, 0.0989, 0
0.356039, -123.7905, [109, 110], CHUNK, ['K', 'N'], VKLTPLCVTLNCTNVTNNITD-------------------------------------DMRGEIKN----CSFNT-T-TE--LRD-KK-QKE-YALF-YKLDVVQINNNKNNNNNNS------------------------------------------NKEYRLI---NCNTSAI-T---QA, 0.0989, 1
0.361075, -123.2144, 160, POINT, T, VKLTPLCVTLNCTNVTNNITD-------------------------------------DMRGEIKN----CSFNT-T-TE--LRD-KK-QKE-YALF-YKLDVVQINNNKNNNNNNS------------------------------------------NTEYRLI---NCNTSAI-T---QA, 0.0989, 1
0.364100, -56.8878, 82, POINT, I, VKLTPLCVTLNCTNVTNNITD-------------------------------------DMRGEIKN----CSFNT-T-TE--IRD-KK-QKE-YALF-YKLDVVQINNNKNNNNNNS------------------------------------------NTEYRLI---NCNTSAI-T---QA, 0.4819, 0
0.368357, -96.2332, [174], CHUNK, ['V'], VKLTPLCVTLNCTNVTNNITD-------------------------------------DMRGEIKN----CSFNT-T-TE--LRD-KK-QKE-YALF-YKLDVVQINNNKNNNNNNS------------------------------------------NTEYRLI---NCNTSVI-T---QA, 0.3449, 0
0.368357, -96.0754, [174], CHUNK, ['V'], VKLTPLCVTLNCTNVTNNITD-------------------------------------DMRGEIKN----CSFNT-T-TE--LRD-KK-QKE-YALF-YKLDVVQINNNKNNNNNNS------------------------------------------NTEYRLI---NCNTSVI-T---QA, 0.1733, 0
0.365934, -123.2734, 104, POINT, P, VKLTPLCVTLNCTNVTNNITD-------------------------------------DMRGEIKN----CSFNT-T-TE--LRD-KK-QKE-YALF-YKLDVVPINNNKNNNNNNS------------------------------------------NTEYRLI---NCNTSAI-T---QA, 0.0989, 1
0.372992, -122.9631, [161], CHUNK, ['S'], VKLTPLCVTLNCTNVTNNITD-------------------------------------DMRGEIKN----CSFNT-T-TE--LRD-KK-QKE-YALF-YKLDVVPINNNKNNNNNNS------------------------------------------NTSYRLI---NCNTSAI-T---QA, 0.0989, 0
0.368959, -38.6793, 82, POINT, I, VKLTPLCVTLNCTNVTNNITD-------------------------------------DMRGEIKN----CSFNT-T-TE--IRD-KK-QKE-YALF-YKLDVVPINNNKNNNNNNS------------------------------------------NTEYRLI---NCNTSAI-T---QA, 0.6588, 0
0.368753, -123.3152, 59, POINT, N, VKLTPLCVTLNCTNVTNNITD-------------------------------------DNRGEIKN----CSFNT-T-TE--LRD-KK-QKE-YALF-YKLDVVPINNNKNNNNNNS------------------------------------------NTEYRLI---NCNTSAI-T---QA, 0.0989, 0
0.372992, -122.9631, 161, POINT, S, VKLTPLCVTLNCTNVTNNITD-------------------------------------DMRGEIKN----CSFNT-T-TE--LRD-KK-QKE-YALF-YKLDVVPINNNKNNNNNNS------------------------------------------NTSYRLI---NCNTSAI-T---QA, 0.0989, 0
0.368357, -95.4856, [174], CHUNK, ['V'], VKLTPLCVTLNCTNVTNNITD-------------------------------------DMRGEIKN----CSFNT-T-TE--LRD-KK-QKE-YALF-YKLDVVQINNNKNNNNNNS------------------------------------------NTEYRLI---NCNTSVI-T---QA, 0.4971, 0
0.364100, -24.3803, 82, POINT, I, VKLTPLCVTLNCTNVTNNITD-------------------------------------DMRGEIKN----CSFNT-T-TE--IRD-KK-QKE-YALF-YKLDVVQINNNKNNNNNNS------------------------------------------NTEYRLI---NCNTSAI-T---QA, 0.3905, 0
0.364100, -6.6962, 82, POINT, I, VKLTPLCVTLNCTNVTNNITD-------------------------------------DMRGEIKN----CSFNT-T-TE--IRD-KK-QKE-YALF-YKLDVVQINNNKNNNNNNS------------------------------------------NTEYRLI---NCNTSAI-T---QA, 0.2556, 0
0.365934, -123.2734, 104, POINT, P, VKLTPLCVTLNCTNVTNNITD-------------------------------------DMRGEIKN----CSFNT-T-TE--LRD-KK-QKE-YALF-YKLDVVPINNNKNNNNNNS------------------------------------------NTEYRLI---NCNTSAI-T---QA, 0.0989, 0
0.361075, -123.2144, 160, POINT, T, VKLTPLCVTLNCTNVTNNITD-------------------------------------DMRGEIKN----CSFNT-T-TE--LRD-KK-QKE-YALF-YKLDVVQINNNKNNNNNNS------------------------------------------NTEYRLI---NCNTSAI-T---QA, 0.0989, 1
0.368395, -120.0286, [74], CHUNK, ['I'], VKLTPLCVTLNCTNVTNNITD-------------------------------------DMRGEIKN----CSFNI-T-TE--LRD-KK-QKE-YALF-YKLDVVQINNNKNNNNNNS------------------------------------------NTEYRLI---NCNTSAI-T---QA, 0.1501, 0
0.368357, -99.8747, [174], CHUNK, ['V'], VKLTPLCVTLNCTNVTNNITD-------------------------------------DMRGEIKN----CSFNT-T-TE--LRD-KK-QKE-YALF-YKLDVVQINNNKNNNNNNS------------------------------------------NTEYRLI---NCNTSVI-T---QA, 0.5015, 0
0.365934, -124.0654, 104, POINT, P, VKLTPLCVTLNCTNVTNNITD-------------------------------------DMRGEIKN----CSFNT-T-TE--LRD-KK-QKE-YALF-YKLDVVPINNNKNNNNNNS------------------------------------------NTEYRLI---NCNTSAI-T---QA, 0.1653, 1
0.373254, -120.1810, [74], CHUNK, ['I'], VKLTPLCVTLNCTNVTNNITD-------------------------------------DMRGEIKN----CSFNI-T-TE--LRD-KK-QKE-YALF-YKLDVVPINNNKNNNNNNS------------------------------------------NTEYRLI---NCNTSAI-T---QA, 0.1653, 0
0.368753, -120.7882, 20, POINT, T, VKLTPLCVTLNCTNVTNNITT-------------------------------------DMRGEIKN----CSFNT-T-TE--LRD-KK-QKE-YALF-YKLDVVPINNNKNNNNNNS------------------------------------------NTEYRLI---NCNTSAI-T---QA, 0.1653, 0
0.372992, -123.6809, [161], CHUNK, ['S'], VKLTPLCVTLNCTNVTNNITD-------------------------------------DMRGEIKN----CSFNT-T-TE--LRD-KK-QKE-YALF-YKLDVVPINNNKNNNNNNS------------------------------------------NTSYRLI---NCNTSAI-T---QA, 0.1653, 0
0.373254, -120.1810, [74], CHUNK, ['I'], VKLTPLCVTLNCTNVTNNITD-------------------------------------DMRGEIKN----CSFNI-T-TE--LRD-KK-QKE-YALF-YKLDVVPINNNKNNNNNNS------------------------------------------NTEYRLI---NCNTSAI-T---QA, 0.1653, 0
0.368395, -119.1585, [74], CHUNK, ['I'], VKLTPLCVTLNCTNVTNNITD-------------------------------------DMRGEIKN----CSFNI-T-TE--LRD-KK-QKE-YALF-YKLDVVQINNNKNNNNNNS------------------------------------------NTEYRLI---NCNTSAI-T---QA, 0.0989, 0
0.368357, -100.7163, 174, POINT, V, VKLTPLCVTLNCTNVTNNITD-------------------------------------DMRGEIKN----CSFNT-T-TE--LRD-KK-QKE-YALF-YKLDVVQINNNKNNNNNNS------------------------------------------NTEYRLI---NCNTSVI-T---QA, 0.5217, 0
0.368395, -120.0714, [74], CHUNK, ['I'], VKLTPLCVTLNCTNVTNNITD-------------------------------------DMRGEIKN----CSFNI-T-TE--LRD-KK-QKE-YALF-YKLDVVQINNNKNNNNNNS------------------------------------------NTEYRLI---NCNTSAI-T---QA, 0.1053, 0
0.364100, -43.9449, 82, POINT, I, VKLTPLCVTLNCTNVTNNITD-------------------------------------DMRGEIKN----CSFNT-T-TE--IRD-KK-QKE-YALF-YKLDVVQINNNKNNNNNNS------------------------------------------NTEYRLI---NCNTSAI-T---QA, 0.6310, 0
0.363321, -100.4940, 174, POINT, V, VKLTPLCVTLNCTNVTNNITD-------------------------------------DMRGEIKN----CSFNT-T-TE--LRD-KK-QKE-YALF-YKLDVVQINNNKNNNNNNS------------------------------------------NKEYRLI---NCNTSVI-T---QA, 0.3654, 0
0.363359, -119.7345, 74, POINT, I, VKLTPLCVTLNCTNVTNNITD-------------------------------------DMRGEIKN----CSFNI-T-TE--LRD-KK-QKE-YALF-YKLDVVQINNNKNNNNNNS------------------------------------------NKEYRLI---NCNTSAI-T---QA, 0.0989, 0
0.363321, -98.3042, 174, POINT, V, VKLTPLCVTLNCTNVTNNITD-------------------------------------DMRGEIKN----CSFNT-T-TE--LRD-KK-QKE-YALF-YKLDVVQINNNKNNNNNNS------------------------------------------NKEYRLI---NCNTSVI-T---QA, 0.3643, 0
0.360897, -123.8495, 104, POINT, P, VKLTPLCVTLNCTNVTNNITD-------------------------------------DMRGEIKN----CSFNT-T-TE--LRD-KK-QKE-YALF-YKLDVVPINNNKNNNNNNS------------------------------------------NKEYRLI---NCNTSAI-T---QA, 0.0989, 0
0.356975, -88.6276, [174], CHUNK, ['V'], VKLTPLCVTLNCTNVTNNITD-------------------------------------DMRGEIKN----CSFNT-T-TE--LRD-KK-QKE-YALF-YKLDVVQINNNQGNNNNNS------------------------------------------NKEYRLI---NCNTSVI-T---QA, 0.7044, 0
0.357013, -119.1492, [74], CHUNK, ['I'], VKLTPLCVTLNCTNVTNNITD-------------------------------------DMRGEIKN----CSFNI-T-TE--LRD-KK-QKE-YALF-YKLDVVQINNNQGNNNNNS------------------------------------------NKEYRLI---NCNTSAI-T---QA, 0.1301, 1
0.364295, -92.0727, 174, POINT, V, VKLTPLCVTLNCTNVTNNITD-------------------------------------DMRGEIKN----CSFNI-T-TE--LRD-KK-QKE-YALF-YKLDVVQINNNQGNNNNNS------------------------------------------NKEYRLI---NCNTSVI-T---QA, 0.6172, 0
0.361663, -119.2298, 104, POINT, P, VKLTPLCVTLNCTNVTNNITD-------------------------------------DMRGEIKN----CSFNI-T-TE--LRD-KK-QKE-YALF-YKLDVVPINNNQGNNNNNS------------------------------------------NKEYRLI---NCNTSAI-T---QA, 0.1301, 0
0.360450, -119.4651, 58, POINT, N, VKLTPLCVTLNCTNVTNNITD-------------------------------------NMRGEIKN----CSFNI-T-TE--LRD-KK-QKE-YALF-YKLDVVQINNNQGNNNNNS------------------------------------------NKEYRLI---NCNTSAI-T---QA, 0.1301, 0
0.358785, -119.0697, 60, POINT, N, VKLTPLCVTLNCTNVTNNITD-------------------------------------DMNGEIKN----CSFNI-T-TE--LRD-KK-QKE-YALF-YKLDVVQINNNQGNNNNNS------------------------------------------NKEYRLI---NCNTSAI-T---QA, 0.1301, 0
0.357817, -120.8453, [159, 160, 161], CHUNK, ['S', 'T', 'S'], VKLTPLCVTLNCTNVTNNITD-------------------------------------DMRGEIKN----CSFNT-T-TE--LRD-KK-QKE-YALF-YKLDVVQINNNQGNNNNNS------------------------------------------STSYRLI---NCNTSAI-T---QA, 0.0989, 0
0.354343, -123.1751, 104, POINT, P, VKLTPLCVTLNCTNVTNNITD-------------------------------------DMRGEIKN----CSFNT-T-TE--LRD-KK-QKE-YALF-YKLDVVPINNNQGNNNNNS------------------------------------------NKEYRLI---NCNTSAI-T---QA, 0.1188, 0
0.354717, -121.8556, 160, POINT, T, VKLTPLCVTLNCTNVTNNITD-------------------------------------DMRGEIKN----CSFNT-T-TE--LRD-KK-QKE-YALF-YKLDVVQINNNQGNNNNNS------------------------------------------NTEYRLI---NCNTSAI-T---QA, 0.0989, 1
0.356386, -120.9164, 58, POINT, S, VKLTPLCVTLNCTNVTNNITD-------------------------------------SMRGEIKN----CSFNT-T-TE--LRD-KK-QKE-YALF-YKLDVVQINNNQGNNNNNS------------------------------------------NTEYRLI---NCNTSAI-T---QA, 0.0989, 0
0.359756, -121.8674, [104, 106], CHUNK, ['P', 'D'], VKLTPLCVTLNCTNVTNNITD-------------------------------------DMRGEIKN----CSFNT-T-TE--LRD-KK-QKE-YALF-YKLDVVPIDNNQGNNNNNS------------------------------------------NTEYRLI---NCNTSAI-T---QA, 0.0989, 0
0.362000, -87.1776, [174], CHUNK, ['V'], VKLTPLCVTLNCTNVTNNITD-------------------------------------DMRGEIKN----CSFNT-T-TE--LRD-KK-QKE-YALF-YKLDVVQINNNQGNNNNNS------------------------------------------NTEYRLI---NCNTSVI-T---QA, 0.4599, 0
0.356629, -117.5225, 60, POINT, T, VKLTPLCVTLNCTNVTNNITD-------------------------------------DMTGEIKN----CSFNT-T-TE--LRD-KK-QKE-YALF-YKLDVVQINNNQGNNNNNS------------------------------------------NTEYRLI---NCNTSAI-T---QA, 0.1434, 0
0.356975, -94.6052, [174], CHUNK, ['V'], VKLTPLCVTLNCTNVTNNITD-------------------------------------DMRGEIKN----CSFNT-T-TE--LRD-KK-QKE-YALF-YKLDVVQINNNQGNNNNNS------------------------------------------NKEYRLI---NCNTSVI-T---QA, 0.4036, 0
0.357013, -118.3757, [74], CHUNK, ['I'], VKLTPLCVTLNCTNVTNNITD-------------------------------------DMRGEIKN----CSFNI-T-TE--LRD-KK-QKE-YALF-YKLDVVQINNNQGNNNNNS------------------------------------------NKEYRLI---NCNTSAI-T---QA, 0.0989, 0
0.357013, -119.6246, [74], CHUNK, ['I'], VKLTPLCVTLNCTNVTNNITD-------------------------------------DMRGEIKN----CSFNI-T-TE--LRD-KK-QKE-YALF-YKLDVVQINNNQGNNNNNS------------------------------------------NKEYRLI---NCNTSAI-T---QA, 0.1400, 1
0.360802, 3.9056, [82], CHUNK, ['I'], VKLTPLCVTLNCTNVTNNITD-------------------------------------DMRGEIKN----CSFNI-T-TE--IRD-KK-QKE-YALF-YKLDVVQINNNQGNNNNNS------------------------------------------NKEYRLI---NCNTSAI-T---QA, 0.1854, 0
0.363686, -119.7492, [109, 110], CHUNK, ['K', 'T'], VKLTPLCVTLNCTNVTNNITD-------------------------------------DMRGEIKN----CSFNI-T-TE--LRD-KK-QKE-YALF-YKLDVVQINNNKTNNNNNS------------------------------------------NKEYRLI---NCNTSAI-T---QA, 0.1400, 1
0.368499, -119.9010, 104, POINT, P, VKLTPLCVTLNCTNVTNNITD-------------------------------------DMRGEIKN----CSFNI-T-TE--LRD-KK-QKE-YALF-YKLDVVPINNNKTNNNNNS------------------------------------------NKEYRLI---NCNTSAI-T---QA, 0.1400, 1
0.370864, -119.4574, 18, POINT, T, VKLTPLCVTLNCTNVTNNTTD-------------------------------------DMRGEIKN----CSFNI-T-TE--LRD-KK-QKE-YALF-YKLDVVPINNNKTNNNNNS------------------------------------------NKEYRLI---NCNTSAI-T---QA, 0.1885, 0
0.370668, -117.6011, 174, POINT, T, VKLTPLCVTLNCTNVTNNITD-------------------------------------DMRGEIKN----CSFNI-T-TE--LRD-KK-QKE-YALF-YKLDVVPINNNKTNNNNNS------------------------------------------NKEYRLI---NCNTSTI-T---QA, 0.1400, 1
0.375781, -91.6793, [174], CHUNK, ['V'], VKLTPLCVTLNCTNVTNNITD-------------------------------------DMRGEIKN----CSFNI-T-TE--LRD-KK-QKE-YALF-YKLDVVPINNNKTNNNNNS------------------------------------------NKEYRLI---NCNTSVI-T---QA, 0.5750, 0
0.378345, -116.6920, [160, 161], CHUNK, ['S', 'S'], VKLTPLCVTLNCTNVTNNITD-------------------------------------DMRGEIKN----CSFNI-T-TE--LRD-KK-QKE-YALF-YKLDVVPINNNKTNNNNNS------------------------------------------NSSYRLI---NCNTSTI-T---QA, 0.1768, 0
0.375781, -96.7176, [174], CHUNK, ['V'], VKLTPLCVTLNCTNVTNNITD-------------------------------------DMRGEIKN----CSFNI-T-TE--LRD-KK-QKE-YALF-YKLDVVPINNNKTNNNNNS------------------------------------------NKEYRLI---NCNTSVI-T---QA, 0.3848, 0
0.373033, -116.0643, 18, POINT, T, VKLTPLCVTLNCTNVTNNTTD-------------------------------------DMRGEIKN----CSFNI-T-TE--LRD-KK-QKE-YALF-YKLDVVPINNNKTNNNNNS------------------------------------------NKEYRLI---NCNTSTI-T---QA, 0.1400, 0
0.370864, -118.3642, 18, POINT, T, VKLTPLCVTLNCTNVTNNTTD-------------------------------------DMRGEIKN----CSFNI-T-TE--LRD-KK-QKE-YALF-YKLDVVPINNNKTNNNNNS------------------------------------------NKEYRLI---NCNTSAI-T---QA, 0.1400, 1
0.375140, -117.5710, 161, POINT, S, VKLTPLCVTLNCTNVTNNTTD-------------------------------------DMRGEIKN----CSFNI-T-TE--LRD-KK-QKE-YALF-YKLDVVPINNNKTNNNNNS------------------------------------------NKSYRLI---NCNTSAI-T---QA, 0.1400, 1
0.375474, -117.0603, 87, POINT, V, VKLTPLCVTLNCTNVTNNTTD-------------------------------------DMRGEIKN----CSFNI-T-TE--LRD-KV-QKE-YALF-YKLDVVPINNNKTNNNNNS------------------------------------------NKSYRLI---NCNTSAI-T---QA, 0.1400, 0
0.378929, -3.6826, 82, POINT, I, VKLTPLCVTLNCTNVTNNTTD-------------------------------------DMRGEIKN----CSFNI-T-TE--IRD-KK-QKE-YALF-YKLDVVPINNNKTNNNNNS------------------------------------------NKSYRLI---NCNTSAI-T---QA, 0.5559, 0
0.382969, -117.4829, [160], CHUNK, ['T'], VKLTPLCVTLNCTNVTNNTTD-------------------------------------DMRGEIKN----CSFNI-T-TE--LRD-KK-QKE-YALF-YKLDVVPINNNKTNNNNNS------------------------------------------NTSYRLI---NCNTSAI-T---QA, 0.1400, 0
0.378673, -117.8912, 58, POINT, N, VKLTPLCVTLNCTNVTNNTTD-------------------------------------NMRGEIKN----CSFNI-T-TE--LRD-KK-QKE-YALF-YKLDVVPINNNKTNNNNNS------------------------------------------NKSYRLI---NCNTSAI-T---QA, 0.1400, 0
0.375911, -117.7882, [160], CHUNK, ['T'], VKLTPLCVTLNCTNVTNNTTD-------------------------------------DMRGEIKN----CSFNI-T-TE--LRD-KK-QKE-YALF-YKLDVVPINNNKTNNNNNS------------------------------------------NTEYRLI---NCNTSAI-T---QA, 0.1400, 0
0.375911, -117.7882, [160], CHUNK, ['T'], VKLTPLCVTLNCTNVTNNTTD-------------------------------------DMRGEIKN----CSFNI-T-TE--LRD-KK-QKE-YALF-YKLDVVPINNNKTNNNNNS------------------------------------------NTEYRLI---NCNTSAI-T---QA, 0.1400, 0
0.378146, -93.6275, [174], CHUNK, ['V'], VKLTPLCVTLNCTNVTNNTTD-------------------------------------DMRGEIKN----CSFNI-T-TE--LRD-KK-QKE-YALF-YKLDVVPINNNKTNNNNNS------------------------------------------NKEYRLI---NCNTSVI-T---QA, 0.5588, 0
0.374818, -117.1934, [160, 161], CHUNK, ['R', 'S'], VKLTPLCVTLNCTNVTNNTTD-------------------------------------DMRGEIKN----CSFNI-T-TE--LRD-KK-QKE-YALF-YKLDVVPINNNKTNNNNNS------------------------------------------NRSYRLI---NCNTSAI-T---QA, 0.1400, 0
0.375781, -103.8913, [174], CHUNK, ['V'], VKLTPLCVTLNCTNVTNNITD-------------------------------------DMRGEIKN----CSFNI-T-TE--LRD-KK-QKE-YALF-YKLDVVPINNNKTNNNNNS------------------------------------------NKEYRLI---NCNTSVI-T---QA, 0.5287, 0
0.373880, -118.8815, [109], CHUNK, ['T'], VKLTPLCVTLNCTNVTNNITD-------------------------------------DMRGEIKN----CSFNI-T-TE--LRD-KK-QKE-YALF-YKLDVVPINNNTTNNNNNS------------------------------------------NKEYRLI---NCNTSAI-T---QA, 0.1400, 1
0.378927, -118.3055, [160], CHUNK, ['T'], VKLTPLCVTLNCTNVTNNITD-------------------------------------DMRGEIKN----CSFNI-T-TE--LRD-KK-QKE-YALF-YKLDVVPINNNTTNNNNNS------------------------------------------NTEYRLI---NCNTSAI-T---QA, 0.1400, 0
0.376049, -116.5815, 174, POINT, T, VKLTPLCVTLNCTNVTNNITD-------------------------------------DMRGEIKN----CSFNI-T-TE--LRD-KK-QKE-YALF-YKLDVVPINNNTTNNNNNS------------------------------------------NKEYRLI---NCNTSTI-T---QA, 0.1400, 0
0.385986, -118.0002, [160, 161], CHUNK, ['T', 'S'], VKLTPLCVTLNCTNVTNNITD-------------------------------------DMRGEIKN----CSFNI-T-TE--LRD-KK-QKE-YALF-YKLDVVPINNNTTNNNNNS------------------------------------------NTSYRLI---NCNTSAI-T---QA, 0.1400, 0
0.375043, -117.9504, 59, POINT, S, VKLTPLCVTLNCTNVTNNITD-------------------------------------DSRGEIKN----CSFNI-T-TE--LRD-KK-QKE-YALF-YKLDVVPINNNTTNNNNNS------------------------------------------NKEYRLI---NCNTSAI-T---QA, 0.1400, 0
0.370360, -112.8576, [58, 59, 60], CHUNK, ['E', 'E', 'I'], VKLTPLCVTLNCTNVTNNITD-------------------------------------EEIGEIKN----CSFNI-T-TE--LRD-KK-QKE-YALF-YKLDVVPINNNKTNNNNNS------------------------------------------NKEYRLI---NCNTSAI-T---QA, 0.1400, 0
0.373922, -118.7619, [18, 20], CHUNK, ['T', 'N'], VKLTPLCVTLNCTNVTNNTTN-------------------------------------DMRGEIKN----CSFNI-T-TE--LRD-KK-QKE-YALF-YKLDVVPINNNKTNNNNNS------------------------------------------NKEYRLI---NCNTSAI-T---QA, 0.1400, 0
0.370843, -120.2895, 20, POINT, N, VKLTPLCVTLNCTNVTNNITN-------------------------------------DMRGEIKN----CSFNI-T-TE--LRD-KK-QKE-YALF-YKLDVVPINNNKTNNNNNS------------------------------------------NKEYRLI---NCNTSAI-T---QA, 0.1400, 0
0.373546, -119.3250, [160], CHUNK, ['T'], VKLTPLCVTLNCTNVTNNITD-------------------------------------DMRGEIKN----CSFNI-T-TE--LRD-KK-QKE-YALF-YKLDVVPINNNKTNNNNNS------------------------------------------NTEYRLI---NCNTSAI-T---QA, 0.1400, 0
0.367122, -120.0651, 58, POINT, N, VKLTPLCVTLNCTNVTNNITD-------------------------------------NMRGEIKN----CSFNI-T-TE--LRD-KK-QKE-YALF-YKLDVVQINNNKTNNNNNS------------------------------------------NKEYRLI---NCNTSAI-T---QA, 0.1400, 0
0.368499, -119.9010, 104, POINT, P, VKLTPLCVTLNCTNVTNNITD-------------------------------------DMRGEIKN----CSFNI-T-TE--LRD-KK-QKE-YALF-YKLDVVPINNNKTNNNNNS------------------------------------------NKEYRLI---NCNTSAI-T---QA, 0.1400, 0
0.370968, -98.8476, 174, POINT, V, VKLTPLCVTLNCTNVTNNITD-------------------------------------DMRGEIKN----CSFNI-T-TE--LRD-KK-QKE-YALF-YKLDVVQINNNKTNNNNNS------------------------------------------NKEYRLI---NCNTSVI-T---QA, 0.4819, 0
0.370968, -97.9155, [174], CHUNK, ['V'], VKLTPLCVTLNCTNVTNNITD-------------------------------------DMRGEIKN----CSFNI-T-TE--LRD-KK-QKE-YALF-YKLDVVQINNNKTNNNNNS------------------------------------------NKEYRLI---NCNTSVI-T---QA, 0.4578, 0
0.359357, -120.0130, 20, POINT, N, VKLTPLCVTLNCTNVTNNITN-------------------------------------DMRGEIKN----CSFNI-T-TE--LRD-KK-QKE-YALF-YKLDVVQINNNQGNNNNNS------------------------------------------NKEYRLI---NCNTSAI-T---QA, 0.1400, 0
0.361663, -119.7876, [104], CHUNK, ['P'], VKLTPLCVTLNCTNVTNNITD-------------------------------------DMRGEIKN----CSFNI-T-TE--LRD-KK-QKE-YALF-YKLDVVPINNNQGNNNNNS------------------------------------------NKEYRLI---NCNTSAI-T---QA, 0.1400, 1
0.363827, -117.4496, 18, POINT, N, VKLTPLCVTLNCTNVTNNNTD-------------------------------------DMRGEIKN----CSFNI-T-TE--LRD-KK-QKE-YALF-YKLDVVPINNNQGNNNNNS------------------------------------------NKEYRLI---NCNTSAI-T---QA, 0.1400, 0
0.365940, -118.9944, 161, POINT, S, VKLTPLCVTLNCTNVTNNITD-------------------------------------DMRGEIKN----CSFNI-T-TE--LRD-KK-QKE-YALF-YKLDVVPINNNQGNNNNNS------------------------------------------NKSYRLI---NCNTSAI-T---QA, 0.1400, 0
0.368946, -98.2483, 174, POINT, V, VKLTPLCVTLNCTNVTNNITD-------------------------------------DMRGEIKN----CSFNI-T-TE--LRD-KK-QKE-YALF-YKLDVVPINNNQGNNNNNS------------------------------------------NKEYRLI---NCNTSVI-T---QA, 0.4755, 0
0.363833, -117.4877, 174, POINT, T, VKLTPLCVTLNCTNVTNNITD-------------------------------------DMRGEIKN----CSFNI-T-TE--LRD-KK-QKE-YALF-YKLDVVPINNNQGNNNNNS------------------------------------------NKEYRLI---NCNTSTI-T---QA, 0.1400, 1
0.367622, -12.4722, [82], CHUNK, ['I'], VKLTPLCVTLNCTNVTNNITD-------------------------------------DMRGEIKN----CSFNI-T-TE--IRD-KK-QKE-YALF-YKLDVVPINNNQGNNNNNS------------------------------------------NKEYRLI---NCNTSTI-T---QA, 0.3299, 0
0.368946, -86.8227, [174], CHUNK, ['V'], VKLTPLCVTLNCTNVTNNITD-------------------------------------DMRGEIKN----CSFNI-T-TE--LRD-KK-QKE-YALF-YKLDVVPINNNQGNNNNNS------------------------------------------NKEYRLI---NCNTSVI-T---QA, 0.4564, 0
0.375916, -116.6063, [160, 161], CHUNK, ['T', 'S'], VKLTPLCVTLNCTNVTNNITD-------------------------------------DMRGEIKN----CSFNI-T-TE--LRD-KK-QKE-YALF-YKLDVVPINNNQGNNNNNS------------------------------------------NTSYRLI---NCNTSTI-T---QA, 0.1400, 0
0.368946, -94.6225, [174], CHUNK, ['V'], VKLTPLCVTLNCTNVTNNITD-------------------------------------DMRGEIKN----CSFNI-T-TE--LRD-KK-QKE-YALF-YKLDVVPINNNQGNNNNNS------------------------------------------NKEYRLI---NCNTSVI-T---QA, 0.4711, 0
0.368946, -91.9811, [174], CHUNK, ['V'], VKLTPLCVTLNCTNVTNNITD-------------------------------------DMRGEIKN----CSFNI-T-TE--LRD-KK-QKE-YALF-YKLDVVPINNNQGNNNNNS------------------------------------------NKEYRLI---NCNTSVI-T---QA, 0.6777, 0
0.367854, -118.5797, [109], CHUNK, ['T'], VKLTPLCVTLNCTNVTNNITD-------------------------------------DMRGEIKN----CSFNI-T-TE--LRD-KK-QKE-YALF-YKLDVVPINNNTGNNNNNS------------------------------------------NKEYRLI---NCNTSAI-T---QA, 0.1400, 1
0.375136, -96.9790, [174], CHUNK, ['V'], VKLTPLCVTLNCTNVTNNITD-------------------------------------DMRGEIKN----CSFNI-T-TE--LRD-KK-QKE-YALF-YKLDVVPINNNTGNNNNNS------------------------------------------NKEYRLI---NCNTSVI-T---QA, 0.4798, 0
0.372878, -118.0037, 160, POINT, T, VKLTPLCVTLNCTNVTNNITD-------------------------------------DMRGEIKN----CSFNI-T-TE--LRD-KK-QKE-YALF-YKLDVVPINNNTGNNNNNS------------------------------------------NTEYRLI---NCNTSAI-T---QA, 0.1400, 1
0.380161, -85.4590, [174], CHUNK, ['V'], VKLTPLCVTLNCTNVTNNITD-------------------------------------DMRGEIKN----CSFNI-T-TE--LRD-KK-QKE-YALF-YKLDVVPINNNTGNNNNNS------------------------------------------NTEYRLI---NCNTSVI-T---QA, 0.6087, 0
0.379937, -117.6984, 161, POINT, S, VKLTPLCVTLNCTNVTNNITD-------------------------------------DMRGEIKN----CSFNI-T-TE--LRD-KK-QKE-YALF-YKLDVVPINNNTGNNNNNS------------------------------------------NTSYRLI---NCNTSAI-T---QA, 0.1400, 0
0.373478, -110.4531, 58, POINT, I, VKLTPLCVTLNCTNVTNNITD-------------------------------------IMRGEIKN----CSFNI-T-TE--LRD-KK-QKE-YALF-YKLDVVPINNNTGNNNNNS------------------------------------------NTEYRLI---NCNTSAI-T---QA, 0.1400, 0
0.373790, -118.2587, 59, POINT, E, VKLTPLCVTLNCTNVTNNITD-------------------------------------DERGEIKN----CSFNI-T-TE--LRD-KK-QKE-YALF-YKLDVVPINNNTGNNNNNS------------------------------------------NTEYRLI---NCNTSAI-T---QA, 0.1253, 0
0.375136, -91.1002, [174], CHUNK, ['V'], VKLTPLCVTLNCTNVTNNITD-------------------------------------DMRGEIKN----CSFNI-T-TE--LRD-KK-QKE-YALF-YKLDVVPINNNTGNNNNNS------------------------------------------NKEYRLI---NCNTSVI-T---QA, 0.5926, 0
0.369636, -116.3972, 60, POINT, K, VKLTPLCVTLNCTNVTNNITD-------------------------------------DMKGEIKN----CSFNI-T-TE--LRD-KK-QKE-YALF-YKLDVVPINNNTGNNNNNS------------------------------------------NKEYRLI---NCNTSAI-T---QA, 0.1400, 0
0.371643, 5.4006, [82], CHUNK, ['I'], VKLTPLCVTLNCTNVTNNITD-------------------------------------DMRGEIKN----CSFNI-T-TE--IRD-KK-QKE-YALF-YKLDVVPINNNTGNNNNNS------------------------------------------NKEYRLI---NCNTSAI-T---QA, 0.1169, 0
0.372878, -118.0037, 160, POINT, T, VKLTPLCVTLNCTNVTNNITD-------------------------------------DMRGEIKN----CSFNI-T-TE--LRD-KK-QKE-YALF-YKLDVVPINNNTGNNNNNS------------------------------------------NTEYRLI---NCNTSAI-T---QA, 0.1400, 0
0.365100, -120.1036, 58, POINT, N, VKLTPLCVTLNCTNVTNNITD-------------------------------------NMRGEIKN----CSFNI-T-TE--LRD-KK-QKE-YALF-YKLDVVPINNNQGNNNNNS------------------------------------------NKEYRLI---NCNTSAI-T---QA, 0.1400, 0
0.368946, -98.3043, [174], CHUNK, ['V'], VKLTPLCVTLNCTNVTNNITD-------------------------------------DMRGEIKN----CSFNI-T-TE--LRD-KK-QKE-YALF-YKLDVVPINNNQGNNNNNS------------------------------------------NKEYRLI---NCNTSVI-T---QA, 0.5987, 0
0.365452, -8.3795, 82, POINT, I, VKLTPLCVTLNCTNVTNNITD-------------------------------------DMRGEIKN----CSFNI-T-TE--IRD-KK-QKE-YALF-YKLDVVPINNNQGNNNNNS------------------------------------------NKEYRLI---NCNTSAI-T---QA, 0.3177, 0
0.365940, -118.9944, [161], CHUNK, ['S'], VKLTPLCVTLNCTNVTNNITD-------------------------------------DMRGEIKN----CSFNI-T-TE--LRD-KK-QKE-YALF-YKLDVVPINNNQGNNNNNS------------------------------------------NKSYRLI---NCNTSAI-T---QA, 0.1400, 0
0.364295, -94.1494, [174], CHUNK, ['V'], VKLTPLCVTLNCTNVTNNITD-------------------------------------DMRGEIKN----CSFNI-T-TE--LRD-KK-QKE-YALF-YKLDVVQINNNQGNNNNNS------------------------------------------NKEYRLI---NCNTSVI-T---QA, 0.6196, 0
0.361663, -119.7876, 104, POINT, P, VKLTPLCVTLNCTNVTNNITD-------------------------------------DMRGEIKN----CSFNI-T-TE--LRD-KK-QKE-YALF-YKLDVVPINNNQGNNNNNS------------------------------------------NKEYRLI---NCNTSAI-T---QA, 0.1400, 0
0.359357, -120.0130, 20, POINT, N, VKLTPLCVTLNCTNVTNNITN-------------------------------------DMRGEIKN----CSFNI-T-TE--LRD-KK-QKE-YALF-YKLDVVQINNNQGNNNNNS------------------------------------------NKEYRLI---NCNTSAI-T---QA, 0.1400, 1
0.364396, -120.1191, [104, 106], CHUNK, ['P', 'D'], VKLTPLCVTLNCTNVTNNITN-------------------------------------DMRGEIKN----CSFNI-T-TE--LRD-KK-QKE-YALF-YKLDVVPIDNNQGNNNNNS------------------------------------------NKEYRLI---NCNTSAI-T---QA, 0.1400, 0
0.362058, -117.6786, 18, POINT, N, VKLTPLCVTLNCTNVTNNNTN-------------------------------------DMRGEIKN----CSFNI-T-TE--LRD-KK-QKE-YALF-YKLDVVQINNNQGNNNNNS------------------------------------------NKEYRLI---NCNTSAI-T---QA, 0.1400, 0
0.363634, -119.2198, 161, POINT, S, VKLTPLCVTLNCTNVTNNITN-------------------------------------DMRGEIKN----CSFNI-T-TE--LRD-KK-QKE-YALF-YKLDVVQINNNQGNNNNNS------------------------------------------NKSYRLI---NCNTSAI-T---QA, 0.1400, 1
0.365582, -118.2937, 58, POINT, S, VKLTPLCVTLNCTNVTNNITN-------------------------------------SMRGEIKN----CSFNI-T-TE--LRD-KK-QKE-YALF-YKLDVVQINNNQGNNNNNS------------------------------------------NKSYRLI---NCNTSAI-T---QA, 0.1400, 0
0.371441, -119.1317, [160], CHUNK, ['T'], VKLTPLCVTLNCTNVTNNITN-------------------------------------DMRGEIKN----CSFNI-T-TE--LRD-KK-QKE-YALF-YKLDVVQINNNQGNNNNNS------------------------------------------NTSYRLI---NCNTSAI-T---QA, 0.1400, 0
0.371441, -119.1317, [160], CHUNK, ['T'], VKLTPLCVTLNCTNVTNNITN-------------------------------------DMRGEIKN----CSFNI-T-TE--LRD-KK-QKE-YALF-YKLDVVQINNNQGNNNNNS------------------------------------------NTSYRLI---NCNTSAI-T---QA, 0.1400, 0
0.370916, -102.4593, [174], CHUNK, ['V'], VKLTPLCVTLNCTNVTNNITN-------------------------------------DMRGEIKN----CSFNI-T-TE--LRD-KK-QKE-YALF-YKLDVVQINNNQGNNNNNS------------------------------------------NKSYRLI---NCNTSVI-T---QA, 0.4092, 0
0.363146, 4.6696, 82, POINT, I, VKLTPLCVTLNCTNVTNNITN-------------------------------------DMRGEIKN----CSFNI-T-TE--IRD-KK-QKE-YALF-YKLDVVQINNNQGNNNNNS------------------------------------------NKEYRLI---NCNTSAI-T---QA, 0.2953, 0
0.362913, -118.9284, 59, POINT, T, VKLTPLCVTLNCTNVTNNITN-------------------------------------DTRGEIKN----CSFNI-T-TE--LRD-KK-QKE-YALF-YKLDVVQINNNQGNNNNNS------------------------------------------NKEYRLI---NCNTSAI-T---QA, 0.1400, 0
0.364382, -119.4370, 160, POINT, T, VKLTPLCVTLNCTNVTNNITN-------------------------------------DMRGEIKN----CSFNI-T-TE--LRD-KK-QKE-YALF-YKLDVVQINNNQGNNNNNS------------------------------------------NTEYRLI---NCNTSAI-T---QA, 0.1400, 0
0.363146, -34.8009, 82, POINT, I, VKLTPLCVTLNCTNVTNNITN-------------------------------------DMRGEIKN----CSFNI-T-TE--IRD-KK-QKE-YALF-YKLDVVQINNNQGNNNNNS------------------------------------------NKEYRLI---NCNTSAI-T---QA, 0.2767, 0
0.361663, -119.7876, 104, POINT, P, VKLTPLCVTLNCTNVTNNITD-------------------------------------DMRGEIKN----CSFNI-T-TE--LRD-KK-QKE-YALF-YKLDVVPINNNQGNNNNNS------------------------------------------NKEYRLI---NCNTSAI-T---QA, 0.1400, 0
0.361663, -119.7876, [104], CHUNK, ['P'], VKLTPLCVTLNCTNVTNNITD-------------------------------------DMRGEIKN----CSFNI-T-TE--LRD-KK-QKE-YALF-YKLDVVPINNNQGNNNNNS------------------------------------------NKEYRLI---NCNTSAI-T---QA, 0.1400, 1
0.366708, -117.8416, [18, 20], CHUNK, ['N', 'N'], VKLTPLCVTLNCTNVTNNNTN-------------------------------------DMRGEIKN----CSFNI-T-TE--LRD-KK-QKE-YALF-YKLDVVPINNNQGNNNNNS------------------------------------------NKEYRLI---NCNTSAI-T---QA, 0.1400, 0
0.366688, -119.2116, 160, POINT, T, VKLTPLCVTLNCTNVTNNITD-------------------------------------DMRGEIKN----CSFNI-T-TE--LRD-KK-QKE-YALF-YKLDVVPINNNQGNNNNNS------------------------------------------NTEYRLI---NCNTSAI-T---QA, 0.1400, 0
0.365940, -118.9944, 161, POINT, S, VKLTPLCVTLNCTNVTNNITD-------------------------------------DMRGEIKN----CSFNI-T-TE--LRD-KK-QKE-YALF-YKLDVVPINNNQGNNNNNS------------------------------------------NKSYRLI---NCNTSAI-T---QA, 0.1400, 0
0.368946, -89.9344, [174], CHUNK, ['V'], VKLTPLCVTLNCTNVTNNITD-------------------------------------DMRGEIKN----CSFNI-T-TE--LRD-KK-QKE-YALF-YKLDVVPINNNQGNNNNNS------------------------------------------NKEYRLI---NCNTSVI-T---QA, 0.3960, 0
0.361505, -120.0068, [108, 109, 110], CHUNK, ['K', 'S', 'N'], VKLTPLCVTLNCTNVTNNITD-------------------------------------DMRGEIKN----CSFNI-T-TE--LRD-KK-QKE-YALF-YKLDVVQINNKSNNNNNNS------------------------------------------NKEYRLI---NCNTSAI-T---QA, 0.1400, 0
0.361491, -121.1587, 110, POINT, N, VKLTPLCVTLNCTNVTNNITD-------------------------------------DMRGEIKN----CSFNI-T-TE--LRD-KK-QKE-YALF-YKLDVVQINNNQNNNNNNS------------------------------------------NKEYRLI---NCNTSAI-T---QA, 0.1400, 1
0.368773, -90.7396, [174], CHUNK, ['V'], VKLTPLCVTLNCTNVTNNITD-------------------------------------DMRGEIKN----CSFNI-T-TE--LRD-KK-QKE-YALF-YKLDVVQINNNQNNNNNNS------------------------------------------NKEYRLI---NCNTSVI-T---QA, 0.4685, 0
0.365767, -120.3655, 161, POINT, S, VKLTPLCVTLNCTNVTNNITD-------------------------------------DMRGEIKN----CSFNI-T-TE--LRD-KK-QKE-YALF-YKLDVVQINNNQNNNNNNS------------------------------------------NKSYRLI---NCNTSAI-T---QA, 0.1400, 0
0.368773, -95.0798, [174], CHUNK, ['V'], VKLTPLCVTLNCTNVTNNITD-------------------------------------DMRGEIKN----CSFNI-T-TE--LRD-KK-QKE-YALF-YKLDVVQINNNQNNNNNNS------------------------------------------NKEYRLI---NCNTSVI-T---QA, 0.4084, 0
0.363655, -118.8207, 18, POINT, N, VKLTPLCVTLNCTNVTNNNTD-------------------------------------DMRGEIKN----CSFNI-T-TE--LRD-KK-QKE-YALF-YKLDVVQINNNQNNNNNNS------------------------------------------NKEYRLI---NCNTSAI-T---QA, 0.1400, 0
0.361010, -118.4538, [160, 161], CHUNK, ['R', 'S'], VKLTPLCVTLNCTNVTNNITD-------------------------------------DMRGEIKN----CSFNI-T-TE--LRD-KK-QKE-YALF-YKLDVVQINNNQGNNNNNS------------------------------------------NRSYRLI---NCNTSAI-T---QA, 0.1400, 0
0.364295, -91.4638, [174], CHUNK, ['V'], VKLTPLCVTLNCTNVTNNITD-------------------------------------DMRGEIKN----CSFNI-T-TE--LRD-KK-QKE-YALF-YKLDVVQINNNQGNNNNNS------------------------------------------NKEYRLI---NCNTSVI-T---QA, 0.5028, 0
0.360802, 6.5152, 82, POINT, I, VKLTPLCVTLNCTNVTNNITD-------------------------------------DMRGEIKN----CSFNI-T-TE--IRD-KK-QKE-YALF-YKLDVVQINNNQGNNNNNS------------------------------------------NKEYRLI---NCNTSAI-T---QA, 0.2194, 0
0.361663, -119.7876, 104, POINT, P, VKLTPLCVTLNCTNVTNNITD-------------------------------------DMRGEIKN----CSFNI-T-TE--LRD-KK-QKE-YALF-YKLDVVPINNNQGNNNNNS------------------------------------------NKEYRLI---NCNTSAI-T---QA, 0.1400, 1
0.368946, -91.2460, [174], CHUNK, ['V'], VKLTPLCVTLNCTNVTNNITD-------------------------------------DMRGEIKN----CSFNI-T-TE--LRD-KK-QKE-YALF-YKLDVVPINNNQGNNNNNS------------------------------------------NKEYRLI---NCNTSVI-T---QA, 0.7165, 0
0.365940, -118.9944, 161, POINT, S, VKLTPLCVTLNCTNVTNNITD-------------------------------------DMRGEIKN----CSFNI-T-TE--LRD-KK-QKE-YALF-YKLDVVPINNNQGNNNNNS------------------------------------------NKSYRLI---NCNTSAI-T---QA, 0.1400, 0
0.373747, -118.9063, [160, 161], CHUNK, ['T', 'S'], VKLTPLCVTLNCTNVTNNITD-------------------------------------DMRGEIKN----CSFNI-T-TE--LRD-KK-QKE-YALF-YKLDVVPINNNQGNNNNNS------------------------------------------NTSYRLI---NCNTSAI-T---QA, 0.1400, 0
0.373747, -118.9063, [160, 161], CHUNK, ['T', 'S'], VKLTPLCVTLNCTNVTNNITD-------------------------------------DMRGEIKN----CSFNI-T-TE--LRD-KK-QKE-YALF-YKLDVVPINNNQGNNNNNS------------------------------------------NTSYRLI---NCNTSAI-T---QA, 0.1400, 0
0.364295, -94.2435, [174], CHUNK, ['V'], VKLTPLCVTLNCTNVTNNITD-------------------------------------DMRGEIKN----CSFNI-T-TE--LRD-KK-QKE-YALF-YKLDVVQINNNQGNNNNNS------------------------------------------NKEYRLI---NCNTSVI-T---QA, 0.3760, 1
0.366640, -94.6832, 20, POINT, N, VKLTPLCVTLNCTNVTNNITN-------------------------------------DMRGEIKN----CSFNI-T-TE--LRD-KK-QKE-YALF-YKLDVVQINNNQGNNNNNS------------------------------------------NKEYRLI---NCNTSVI-T---QA, 0.3760, 0
0.374468, -89.8042, [58, 59, 60], CHUNK, ['N', 'N', 'T'], VKLTPLCVTLNCTNVTNNITD-------------------------------------NNTGEIKN----CSFNI-T-TE--LRD-KK-QKE-YALF-YKLDVVQINNNQGNNNNNS------------------------------------------NKEYRLI---NCNTSVI-T---QA, 0.3760, 0
0.368572, -93.4034, [161], CHUNK, ['S'], VKLTPLCVTLNCTNVTNNITD-------------------------------------DMRGEIKN----CSFNI-T-TE--LRD-KK-QKE-YALF-YKLDVVQINNNQGNNNNNS------------------------------------------NKSYRLI---NCNTSVI-T---QA, 0.3760, 0
0.370079, -94.4091, 109, POINT, N, VKLTPLCVTLNCTNVTNNITD-------------------------------------DMRGEIKN----CSFNI-T-TE--LRD-KK-QKE-YALF-YKLDVVQINNNNGNNNNNS------------------------------------------NKEYRLI---NCNTSVI-T---QA, 0.3649, 0
0.359182, -117.3246, 174, POINT, T, VKLTPLCVTLNCTNVTNNITD-------------------------------------DMRGEIKN----CSFNI-T-TE--LRD-KK-QKE-YALF-YKLDVVQINNNQGNNNNNS------------------------------------------NKEYRLI---NCNTSTI-T---QA, 0.1400, 0
0.361663, -119.7876, 104, POINT, P, VKLTPLCVTLNCTNVTNNITD-------------------------------------DMRGEIKN----CSFNI-T-TE--LRD-KK-QKE-YALF-YKLDVVPINNNQGNNNNNS------------------------------------------NKEYRLI---NCNTSAI-T---QA, 0.1400, 1
0.366688, -119.2116, 160, POINT, T, VKLTPLCVTLNCTNVTNNITD-------------------------------------DMRGEIKN----CSFNI-T-TE--LRD-KK-QKE-YALF-YKLDVVPINNNQGNNNNNS------------------------------------------NTEYRLI---NCNTSAI-T---QA, 0.1400, 1
0.367076, -119.1547, 106, POINT, D, VKLTPLCVTLNCTNVTNNITD-------------------------------------DMRGEIKN----CSFNI-T-TE--LRD-KK-QKE-YALF-YKLDVVPIDNNQGNNNNNS------------------------------------------NTEYRLI---NCNTSAI-T---QA, 0.1400, 0
0.369507, -115.9390, 20, POINT, T, VKLTPLCVTLNCTNVTNNITT-------------------------------------DMRGEIKN----CSFNI-T-TE--LRD-KK-QKE-YALF-YKLDVVPINNNQGNNNNNS------------------------------------------NTEYRLI---NCNTSAI-T---QA, 0.1400, 1
0.376790, -85.2977, [174], CHUNK, ['V'], VKLTPLCVTLNCTNVTNNITT-------------------------------------DMRGEIKN----CSFNI-T-TE--LRD-KK-QKE-YALF-YKLDVVPINNNQGNNNNNS------------------------------------------NTEYRLI---NCNTSVI-T---QA, 0.4323, 0
0.376790, -81.9640, [174], CHUNK, ['V'], VKLTPLCVTLNCTNVTNNITT-------------------------------------DMRGEIKN----CSFNI-T-TE--LRD-KK-QKE-YALF-YKLDVVPINNNQGNNNNNS------------------------------------------NTEYRLI---NCNTSVI-T---QA, 0.8813, 0
0.372801, -114.6529, 18, POINT, N, VKLTPLCVTLNCTNVTNNNTT-------------------------------------DMRGEIKN----CSFNI-T-TE--LRD-KK-QKE-YALF-YKLDVVPINNNQGNNNNNS------------------------------------------NTEYRLI---NCNTSAI-T---QA, 0.1810, 1
0.378846, -114.7161, 109, POINT, N, VKLTPLCVTLNCTNVTNNNTT-------------------------------------DMRGEIKN----CSFNI-T-TE--LRD-KK-QKE-YALF-YKLDVVPINNNNGNNNNNS------------------------------------------NTEYRLI---NCNTSAI-T---QA, 0.1810, 0
0.380083, -93.6270, 174, POINT, V, VKLTPLCVTLNCTNVTNNNTT-------------------------------------DMRGEIKN----CSFNI-T-TE--LRD-KK-QKE-YALF-YKLDVVPINNNQGNNNNNS------------------------------------------NTEYRLI---NCNTSVI-T---QA, 0.4441, 0
0.375843, -111.9085, 58, POINT, T, VKLTPLCVTLNCTNVTNNNTT-------------------------------------TMRGEIKN----CSFNI-T-TE--LRD-KK-QKE-YALF-YKLDVVPINNNQGNNNNNS------------------------------------------NTEYRLI---NCNTSAI-T---QA, 0.1810, 0
0.374970, -111.7054, 174, POINT, T, VKLTPLCVTLNCTNVTNNNTT-------------------------------------DMRGEIKN----CSFNI-T-TE--LRD-KK-QKE-YALF-YKLDVVPINNNQGNNNNNS------------------------------------------NTEYRLI---NCNTSTI-T---QA, 0.1810, 0
0.372801, -113.5840, 18, POINT, N, VKLTPLCVTLNCTNVTNNNTT-------------------------------------DMRGEIKN----CSFNI-T-TE--LRD-KK-QKE-YALF-YKLDVVPINNNQGNNNNNS------------------------------------------NTEYRLI---NCNTSAI-T---QA, 0.1400, 0
0.376566, -115.6337, [161], CHUNK, ['S'], VKLTPLCVTLNCTNVTNNITT-------------------------------------DMRGEIKN----CSFNI-T-TE--LRD-KK-QKE-YALF-YKLDVVPINNNQGNNNNNS------------------------------------------NTSYRLI---NCNTSAI-T---QA, 0.1400, 0
0.376790, -87.5989, 174, POINT, V, VKLTPLCVTLNCTNVTNNITT-------------------------------------DMRGEIKN----CSFNI-T-TE--LRD-KK-QKE-YALF-YKLDVVPINNNQGNNNNNS------------------------------------------NTEYRLI---NCNTSVI-T---QA, 0.5549, 0
0.376790, -93.7786, [174], CHUNK, ['V'], VKLTPLCVTLNCTNVTNNITT-------------------------------------DMRGEIKN----CSFNI-T-TE--LRD-KK-QKE-YALF-YKLDVVPINNNQGNNNNNS------------------------------------------NTEYRLI---NCNTSVI-T---QA, 0.3637, 0
0.372733, -119.2752, 109, POINT, N, VKLTPLCVTLNCTNVTNNITD-------------------------------------DMRGEIKN----CSFNI-T-TE--LRD-KK-QKE-YALF-YKLDVVPINNNNGNNNNNS------------------------------------------NTEYRLI---NCNTSAI-T---QA, 0.1400, 0
0.373747, -118.9063, [161], CHUNK, ['S'], VKLTPLCVTLNCTNVTNNITD-------------------------------------DMRGEIKN----CSFNI-T-TE--LRD-KK-QKE-YALF-YKLDVVPINNNQGNNNNNS------------------------------------------NTSYRLI---NCNTSAI-T---QA, 0.1400, 1
0.381029, -89.4653, [174], CHUNK, ['V'], VKLTPLCVTLNCTNVTNNITD-------------------------------------DMRGEIKN----CSFNI-T-TE--LRD-KK-QKE-YALF-YKLDVVPINNNQGNNNNNS------------------------------------------NTSYRLI---NCNTSVI-T---QA, 0.4415, 0
0.377536, -42.1060, [82], CHUNK, ['I'], VKLTPLCVTLNCTNVTNNITD-------------------------------------DMRGEIKN----CSFNI-T-TE--IRD-KK-QKE-YALF-YKLDVVPINNNQGNNNNNS------------------------------------------NTSYRLI---NCNTSAI-T---QA, 0.3490, 0
0.377536, -8.4064, 82, POINT, I, VKLTPLCVTLNCTNVTNNITD-------------------------------------DMRGEIKN----CSFNI-T-TE--IRD-KK-QKE-YALF-YKLDVVPINNNQGNNNNNS------------------------------------------NTSYRLI---NCNTSAI-T---QA, 0.2912, 0
0.384868, -120.5588, [109, 110], CHUNK, ['N', 'N'], VKLTPLCVTLNCTNVTNNITD-------------------------------------DMRGEIKN----CSFNI-T-TE--LRD-KK-QKE-YALF-YKLDVVPINNNNNNNNNNS------------------------------------------NTSYRLI---NCNTSAI-T---QA, 0.1400, 0
0.367288, -112.0842, 58, POINT, I, VKLTPLCVTLNCTNVTNNITD-------------------------------------IMRGEIKN----CSFNI-T-TE--LRD-KK-QKE-YALF-YKLDVVPINNNQGNNNNNS------------------------------------------NTEYRLI---NCNTSAI-T---QA, 0.1876, 0
0.373970, -95.6597, 174, POINT, V, VKLTPLCVTLNCTNVTNNITD-------------------------------------DMRGEIKN----CSFNI-T-TE--LRD-KK-QKE-YALF-YKLDVVPINNNQGNNNNNS------------------------------------------NTEYRLI---NCNTSVI-T---QA, 0.4126, 0
0.373970, -93.8000, [174], CHUNK, ['V'], VKLTPLCVTLNCTNVTNNITD-------------------------------------DMRGEIKN----CSFNI-T-TE--LRD-KK-QKE-YALF-YKLDVVPINNNQGNNNNNS------------------------------------------NTEYRLI---NCNTSVI-T---QA, 0.4649, 0
0.370491, -108.8881, [58, 59, 60], CHUNK, ['V', 'E', 'K'], VKLTPLCVTLNCTNVTNNITD-------------------------------------VEKGEIKN----CSFNI-T-TE--LRD-KK-QKE-YALF-YKLDVVPINNNQGNNNNNS------------------------------------------NTEYRLI---NCNTSAI-T---QA, 0.1400, 0
0.363833, -117.4877, [174], CHUNK, ['T'], VKLTPLCVTLNCTNVTNNITD-------------------------------------DMRGEIKN----CSFNI-T-TE--LRD-KK-QKE-YALF-YKLDVVPINNNQGNNNNNS------------------------------------------NKEYRLI---NCNTSTI-T---QA, 0.1400, 0
0.368946, -95.5806, 174, POINT, V, VKLTPLCVTLNCTNVTNNITD-------------------------------------DMRGEIKN----CSFNI-T-TE--LRD-KK-QKE-YALF-YKLDVVPINNNQGNNNNNS------------------------------------------NKEYRLI---NCNTSVI-T---QA, 0.6965, 0
0.368946, -92.2453, [174], CHUNK, ['V'], VKLTPLCVTLNCTNVTNNITD-------------------------------------DMRGEIKN----CSFNI-T-TE--LRD-KK-QKE-YALF-YKLDVVPINNNQGNNNNNS------------------------------------------NKEYRLI---NCNTSVI-T---QA, 0.3364, 0
0.364532, -118.9153, 160, POINT, S, VKLTPLCVTLNCTNVTNNITD-------------------------------------DMRGEIKN----CSFNI-T-TE--LRD-KK-QKE-YALF-YKLDVVPINNNQGNNNNNS------------------------------------------NSEYRLI---NCNTSAI-T---QA, 0.1400, 1
0.371815, -89.2186, 174, POINT, V, VKLTPLCVTLNCTNVTNNITD-------------------------------------DMRGEIKN----CSFNI-T-TE--LRD-KK-QKE-YALF-YKLDVVPINNNQGNNNNNS------------------------------------------NSEYRLI---NCNTSVI-T---QA, 0.5222, 0
0.369348, -118.7651, 161, POINT, S, VKLTPLCVTLNCTNVTNNITD-------------------------------------DMRGEIKN----CSFNI-T-TE--LRD-KK-QKE-YALF-YKLDVVPINNNQGNNNNNS------------------------------------------NSSYRLI---NCNTSAI-T---QA, 0.1400, 0
0.368640, -119.8310, [160, 161], CHUNK, ['T', 'N'], VKLTPLCVTLNCTNVTNNITD-------------------------------------DMRGEIKN----CSFNI-T-TE--LRD-KK-QKE-YALF-YKLDVVPINNNQGNNNNNS------------------------------------------NTNYRLI---NCNTSAI-T---QA, 0.1400, 0
0.371815, -89.5917, [174], CHUNK, ['V'], VKLTPLCVTLNCTNVTNNITD-------------------------------------DMRGEIKN----CSFNI-T-TE--LRD-KK-QKE-YALF-YKLDVVPINNNQGNNNNNS------------------------------------------NSEYRLI---NCNTSVI-T---QA, 0.3322, 0
0.373747, -118.9063, [160, 161], CHUNK, ['T', 'S'], VKLTPLCVTLNCTNVTNNITD-------------------------------------DMRGEIKN----CSFNI-T-TE--LRD-KK-QKE-YALF-YKLDVVPINNNQGNNNNNS------------------------------------------NTSYRLI---NCNTSAI-T---QA, 0.1400, 0
0.368946, -90.5755, 174, POINT, V, VKLTPLCVTLNCTNVTNNITD-------------------------------------DMRGEIKN----CSFNI-T-TE--LRD-KK-QKE-YALF-YKLDVVPINNNQGNNNNNS------------------------------------------NKEYRLI---NCNTSVI-T---QA, 0.4590, 0
0.364803, -118.9043, [110, 111], CHUNK, ['T', 'S'], VKLTPLCVTLNCTNVTNNITD-------------------------------------DMRGEIKN----CSFNI-T-TE--LRD-KK-QKE-YALF-YKLDVVPINNNQTSNNNNS------------------------------------------NKEYRLI---NCNTSAI-T---QA, 0.1400, 1
0.371571, -118.9477, [160, 161], CHUNK, ['T', 'N'], VKLTPLCVTLNCTNVTNNITD-------------------------------------DMRGEIKN----CSFNI-T-TE--LRD-KK-QKE-YALF-YKLDVVPINNNQTSNNNNS------------------------------------------NTNYRLI---NCNTSAI-T---QA, 0.1400, 0
0.368592, 1.9504, 82, POINT, I, VKLTPLCVTLNCTNVTNNITD-------------------------------------DMRGEIKN----CSFNI-T-TE--IRD-KK-QKE-YALF-YKLDVVPINNNQTSNNNNS------------------------------------------NKEYRLI---NCNTSAI-T---QA, 0.5925, 0
0.368592, 2.7260, 82, POINT, I, VKLTPLCVTLNCTNVTNNITD-------------------------------------DMRGEIKN----CSFNI-T-TE--IRD-KK-QKE-YALF-YKLDVVPINNNQTSNNNNS------------------------------------------NKEYRLI---NCNTSAI-T---QA, 0.2120, 0
0.366967, -116.5663, 18, POINT, N, VKLTPLCVTLNCTNVTNNNTD-------------------------------------DMRGEIKN----CSFNI-T-TE--LRD-KK-QKE-YALF-YKLDVVPINNNQTSNNNNS------------------------------------------NKEYRLI---NCNTSAI-T---QA, 0.1400, 0
0.364532, -118.9153, 160, POINT, S, VKLTPLCVTLNCTNVTNNITD-------------------------------------DMRGEIKN----CSFNI-T-TE--LRD-KK-QKE-YALF-YKLDVVPINNNQGNNNNNS------------------------------------------NSEYRLI---NCNTSAI-T---QA, 0.1400, 0
0.364008, -120.1760, 20, POINT, N, VKLTPLCVTLNCTNVTNNITN-------------------------------------DMRGEIKN----CSFNI-T-TE--LRD-KK-QKE-YALF-YKLDVVPINNNQGNNNNNS------------------------------------------NKEYRLI---NCNTSAI-T---QA, 0.1400, 1
------END OF DATA------
Best coverage = 0.37514041564
Best sequence = VKLTPLCVTLNCTNVTNNTTD-------------------------------------DMRGEIKN----CSFNI-T-TE--LRD-KK-QKE-YALF-YKLDVVPINNNKTNNNNNS------------------------------------------NKSYRLI---NCNTSAI-T---QA
Best energy = -117.570983738
Best RMSD = 0.140045374632
Hard Covereage = 0.0898659856818
Num epitopes = 61
