Name base = v1v2_6_2.0
Iters = 70
Soft coverage = 0.284621885725
Energy = -129.917567258
Hard Covereage = 0.0368019545157
Num epitopes = 65
Initial seq = VKLTPLCVTLQCTNVTNNITD-------------------------------------DMRGELKN----CSFNM-T-TE--LRD-KK-QKV-YSLF-YRLDVVQINENQGNRSNNS------------------------------------------NKEYRLI---NCNTSAI-T---QA
-------START OF DATA------
0.294594, -89.7547, [74], CHUNK, ['I'], VKLTPLCVTLQCTNVTNNITD-------------------------------------DMRGELKN----CSFNI-T-TE--LRD-KK-QKV-YSLF-YRLDVVQINENQGNRSNNS------------------------------------------NKEYRLI---NCNTSAI-T---QA, 0.8670, 0
0.293003, -130.1175, [94], CHUNK, ['A'], VKLTPLCVTLQCTNVTNNITD-------------------------------------DMRGELKN----CSFNM-T-TE--LRD-KK-QKV-YALF-YRLDVVQINENQGNRSNNS------------------------------------------NKEYRLI---NCNTSAI-T---QA, 0.0000, 1
0.297215, -129.4676, [161], CHUNK, ['S'], VKLTPLCVTLQCTNVTNNITD-------------------------------------DMRGELKN----CSFNM-T-TE--LRD-KK-QKV-YALF-YRLDVVQINENQGNRSNNS------------------------------------------NKSYRLI---NCNTSAI-T---QA, 0.0251, 1
0.320881, -129.4218, 10, POINT, N, VKLTPLCVTLNCTNVTNNITD-------------------------------------DMRGELKN----CSFNM-T-TE--LRD-KK-QKV-YALF-YRLDVVQINENQGNRSNNS------------------------------------------NKSYRLI---NCNTSAI-T---QA, 0.0251, 1
0.324629, -129.6258, 104, POINT, P, VKLTPLCVTLNCTNVTNNITD-------------------------------------DMRGELKN----CSFNM-T-TE--LRD-KK-QKV-YALF-YRLDVVPINENQGNRSNNS------------------------------------------NKSYRLI---NCNTSAI-T---QA, 0.0251, 0
0.328777, -129.3253, 160, POINT, T, VKLTPLCVTLNCTNVTNNITD-------------------------------------DMRGELKN----CSFNM-T-TE--LRD-KK-QKV-YALF-YRLDVVQINENQGNRSNNS------------------------------------------NTSYRLI---NCNTSAI-T---QA, 0.0251, 1
0.330951, -127.8291, 18, POINT, N, VKLTPLCVTLNCTNVTNNNTD-------------------------------------DMRGELKN----CSFNM-T-TE--LRD-KK-QKV-YALF-YRLDVVQINENQGNRSNNS------------------------------------------NTSYRLI---NCNTSAI-T---QA, 0.0539, 1
0.340923, -88.6443, 74, POINT, I, VKLTPLCVTLNCTNVTNNNTD-------------------------------------DMRGELKN----CSFNI-T-TE--LRD-KK-QKV-YALF-YRLDVVQINENQGNRSNNS------------------------------------------NTSYRLI---NCNTSAI-T---QA, 0.6644, 0
0.340923, -99.2065, [74], CHUNK, ['I'], VKLTPLCVTLNCTNVTNNNTD-------------------------------------DMRGELKN----CSFNI-T-TE--LRD-KK-QKV-YALF-YRLDVVQINENQGNRSNNS------------------------------------------NTSYRLI---NCNTSAI-T---QA, 0.3762, 0
0.334458, -127.9168, 107, POINT, N, VKLTPLCVTLNCTNVTNNNTD-------------------------------------DMRGELKN----CSFNM-T-TE--LRD-KK-QKV-YALF-YRLDVVQINNNQGNRSNNS------------------------------------------NTSYRLI---NCNTSAI-T---QA, 0.0539, 0
0.331899, -128.2782, 59, POINT, E, VKLTPLCVTLNCTNVTNNNTD-------------------------------------DERGELKN----CSFNM-T-TE--LRD-KK-QKV-YALF-YRLDVVQINENQGNRSNNS------------------------------------------NTSYRLI---NCNTSAI-T---QA, 0.0561, 1
0.336744, -126.8268, [109], CHUNK, ['T'], VKLTPLCVTLNCTNVTNNNTD-------------------------------------DERGELKN----CSFNM-T-TE--LRD-KK-QKV-YALF-YRLDVVQINENTGNRSNNS------------------------------------------NTSYRLI---NCNTSAI-T---QA, 0.0561, 0
0.334623, -128.3077, [106, 107], CHUNK, ['D', 'N'], VKLTPLCVTLNCTNVTNNNTD-------------------------------------DERGELKN----CSFNM-T-TE--LRD-KK-QKV-YALF-YRLDVVQIDNNQGNRSNNS------------------------------------------NTSYRLI---NCNTSAI-T---QA, 0.0561, 1
0.338770, -125.1290, 20, POINT, T, VKLTPLCVTLNCTNVTNNNTT-------------------------------------DERGELKN----CSFNM-T-TE--LRD-KK-QKV-YALF-YRLDVVQIDNNQGNRSNNS------------------------------------------NTSYRLI---NCNTSAI-T---QA, 0.0561, 1
0.348742, -98.1410, 74, POINT, I, VKLTPLCVTLNCTNVTNNNTT-------------------------------------DERGELKN----CSFNI-T-TE--LRD-KK-QKV-YALF-YRLDVVQIDNNQGNRSNNS------------------------------------------NTSYRLI---NCNTSAI-T---QA, 0.2648, 0
0.339673, -104.7821, [60, 61], CHUNK, ['T', 'S'], VKLTPLCVTLNCTNVTNNNTT-------------------------------------DETSELKN----CSFNM-T-TE--LRD-KK-QKV-YALF-YRLDVVQIDNNQGNRSNNS------------------------------------------NTSYRLI---NCNTSAI-T---QA, 0.0561, 0
0.348742, -90.1240, [74], CHUNK, ['I'], VKLTPLCVTLNCTNVTNNNTT-------------------------------------DERGELKN----CSFNI-T-TE--LRD-KK-QKV-YALF-YRLDVVQIDNNQGNRSNNS------------------------------------------NTSYRLI---NCNTSAI-T---QA, 0.5607, 0
0.343208, -125.3340, 104, POINT, P, VKLTPLCVTLNCTNVTNNNTT-------------------------------------DERGELKN----CSFNM-T-TE--LRD-KK-QKV-YALF-YRLDVVPIDNNQGNRSNNS------------------------------------------NTSYRLI---NCNTSAI-T---QA, 0.0561, 0
0.343208, -125.3340, [104], CHUNK, ['P'], VKLTPLCVTLNCTNVTNNNTT-------------------------------------DERGELKN----CSFNM-T-TE--LRD-KK-QKV-YALF-YRLDVVPIDNNQGNRSNNS------------------------------------------NTSYRLI---NCNTSAI-T---QA, 0.0561, 0
0.347916, -126.2307, [109, 110], CHUNK, ['N', 'N'], VKLTPLCVTLNCTNVTNNNTT-------------------------------------DERGELKN----CSFNM-T-TE--LRD-KK-QKV-YALF-YRLDVVQIDNNNNNRSNNS------------------------------------------NTSYRLI---NCNTSAI-T---QA, 0.0561, 0
0.341134, -123.0549, 63, POINT, M, VKLTPLCVTLNCTNVTNNNTT-------------------------------------DERGEMKN----CSFNM-T-TE--LRD-KK-QKV-YALF-YRLDVVQIDNNQGNRSNNS------------------------------------------NTSYRLI---NCNTSAI-T---QA, 0.0561, 0
0.346184, -123.3843, 63, POINT, I, VKLTPLCVTLNCTNVTNNNTT-------------------------------------DERGEIKN----CSFNM-T-TE--LRD-KK-QKV-YALF-YRLDVVQIDNNQGNRSNNS------------------------------------------NTSYRLI---NCNTSAI-T---QA, 0.0561, 0
0.346053, -109.8775, 174, POINT, V, VKLTPLCVTLNCTNVTNNNTT-------------------------------------DERGELKN----CSFNM-T-TE--LRD-KK-QKV-YALF-YRLDVVQIDNNQGNRSNNS------------------------------------------NTSYRLI---NCNTSVI-T---QA, 0.3287, 0
0.348742, -74.2639, 74, POINT, I, VKLTPLCVTLNCTNVTNNNTT-------------------------------------DERGELKN----CSFNI-T-TE--LRD-KK-QKV-YALF-YRLDVVQIDNNQGNRSNNS------------------------------------------NTSYRLI---NCNTSAI-T---QA, 0.2516, 0
0.346053, -108.1693, 174, POINT, V, VKLTPLCVTLNCTNVTNNNTT-------------------------------------DERGELKN----CSFNM-T-TE--LRD-KK-QKV-YALF-YRLDVVQIDNNQGNRSNNS------------------------------------------NTSYRLI---NCNTSVI-T---QA, 0.3147, 0
0.342107, -122.5551, 58, POINT, T, VKLTPLCVTLNCTNVTNNNTT-------------------------------------TERGELKN----CSFNM-T-TE--LRD-KK-QKV-YALF-YRLDVVQIDNNQGNRSNNS------------------------------------------NTSYRLI---NCNTSAI-T---QA, 0.1004, 0
0.344438, -121.1501, [58, 59], CHUNK, ['T', 'T'], VKLTPLCVTLNCTNVTNNNTT-------------------------------------TTRGELKN----CSFNM-T-TE--LRD-KK-QKV-YALF-YRLDVVQIDNNQGNRSNNS------------------------------------------NTSYRLI---NCNTSAI-T---QA, 0.0561, 1
0.345220, -121.5281, 106, POINT, N, VKLTPLCVTLNCTNVTNNNTT-------------------------------------TTRGELKN----CSFNM-T-TE--LRD-KK-QKV-YALF-YRLDVVQINNNQGNRSNNS------------------------------------------NTSYRLI---NCNTSAI-T---QA, 0.0708, 0
0.349409, -120.1989, 91, POINT, E, VKLTPLCVTLNCTNVTNNNTT-------------------------------------TTRGELKN----CSFNM-T-TE--LRD-KK-QKE-YALF-YRLDVVQIDNNQGNRSNNS------------------------------------------NTSYRLI---NCNTSAI-T---QA, 0.0705, 1
0.356691, -99.9026, [174], CHUNK, ['V'], VKLTPLCVTLNCTNVTNNNTT-------------------------------------TTRGELKN----CSFNM-T-TE--LRD-KK-QKE-YALF-YRLDVVQIDNNQGNRSNNS------------------------------------------NTSYRLI---NCNTSVI-T---QA, 0.3316, 0
0.349690, -119.6560, 87, POINT, V, VKLTPLCVTLNCTNVTNNNTT-------------------------------------TTRGELKN----CSFNM-T-TE--LRD-KV-QKE-YALF-YRLDVVQIDNNQGNRSNNS------------------------------------------NTSYRLI---NCNTSAI-T---QA, 0.0705, 1
0.351859, -117.4631, 174, POINT, T, VKLTPLCVTLNCTNVTNNNTT-------------------------------------TTRGELKN----CSFNM-T-TE--LRD-KV-QKE-YALF-YRLDVVQIDNNQGNRSNNS------------------------------------------NTSYRLI---NCNTSTI-T---QA, 0.0705, 0
0.351859, -117.5752, [174], CHUNK, ['T'], VKLTPLCVTLNCTNVTNNNTT-------------------------------------TTRGELKN----CSFNM-T-TE--LRD-KV-QKE-YALF-YRLDVVQIDNNQGNRSNNS------------------------------------------NTSYRLI---NCNTSTI-T---QA, 0.0693, 0
0.356972, -102.3694, 174, POINT, V, VKLTPLCVTLNCTNVTNNNTT-------------------------------------TTRGELKN----CSFNM-T-TE--LRD-KV-QKE-YALF-YRLDVVQIDNNQGNRSNNS------------------------------------------NTSYRLI---NCNTSVI-T---QA, 0.3844, 0
0.359714, -107.7402, 74, POINT, I, VKLTPLCVTLNCTNVTNNNTT-------------------------------------TTRGELKN----CSFNI-T-TE--LRD-KV-QKE-YALF-YRLDVVQIDNNQGNRSNNS------------------------------------------NTSYRLI---NCNTSAI-T---QA, 0.2223, 0
0.359714, -111.0573, 74, POINT, I, VKLTPLCVTLNCTNVTNNNTT-------------------------------------TTRGELKN----CSFNI-T-TE--LRD-KV-QKE-YALF-YRLDVVQIDNNQGNRSNNS------------------------------------------NTSYRLI---NCNTSAI-T---QA, 0.2327, 0
0.356972, -99.8501, [174], CHUNK, ['V'], VKLTPLCVTLNCTNVTNNNTT-------------------------------------TTRGELKN----CSFNM-T-TE--LRD-KV-QKE-YALF-YRLDVVQIDNNQGNRSNNS------------------------------------------NTSYRLI---NCNTSVI-T---QA, 0.5191, 0
0.359714, -113.9112, [74], CHUNK, ['I'], VKLTPLCVTLNCTNVTNNNTT-------------------------------------TTRGELKN----CSFNI-T-TE--LRD-KV-QKE-YALF-YRLDVVQIDNNQGNRSNNS------------------------------------------NTSYRLI---NCNTSAI-T---QA, 0.1005, 0
0.358151, -117.9632, 99, POINT, K, VKLTPLCVTLNCTNVTNNNTT-------------------------------------TTRGELKN----CSFNM-T-TE--LRD-KV-QKE-YALF-YKLDVVQIDNNQGNRSNNS------------------------------------------NTSYRLI---NCNTSAI-T---QA, 0.0705, 0
0.352872, -11.0756, [82], CHUNK, ['I'], VKLTPLCVTLNCTNVTNNNTT-------------------------------------TTRGELKN----CSFNM-T-TE--IRD-KV-QKE-YALF-YRLDVVQIDNNQGNRSNNS------------------------------------------NTSYRLI---NCNTSAI-T---QA, 0.1241, 0
0.358151, -117.9632, [99], CHUNK, ['K'], VKLTPLCVTLNCTNVTNNNTT-------------------------------------TTRGELKN----CSFNM-T-TE--LRD-KV-QKE-YALF-YKLDVVQIDNNQGNRSNNS------------------------------------------NTSYRLI---NCNTSAI-T---QA, 0.0705, 0
0.352872, -30.1646, 82, POINT, I, VKLTPLCVTLNCTNVTNNNTT-------------------------------------TTRGELKN----CSFNM-T-TE--IRD-KV-QKE-YALF-YRLDVVQIDNNQGNRSNNS------------------------------------------NTSYRLI---NCNTSAI-T---QA, 0.1318, 0
0.352872, -20.8296, 82, POINT, I, VKLTPLCVTLNCTNVTNNNTT-------------------------------------TTRGELKN----CSFNM-T-TE--IRD-KV-QKE-YALF-YRLDVVQIDNNQGNRSNNS------------------------------------------NTSYRLI---NCNTSAI-T---QA, 0.3836, 0
0.351851, -117.5804, 63, POINT, M, VKLTPLCVTLNCTNVTNNNTT-------------------------------------TTRGEMKN----CSFNM-T-TE--LRD-KV-QKE-YALF-YRLDVVQIDNNQGNRSNNS------------------------------------------NTSYRLI---NCNTSAI-T---QA, 0.0705, 0
0.354205, -103.3206, 74, POINT, V, VKLTPLCVTLNCTNVTNNNTT-------------------------------------TTRGELKN----CSFNV-T-TE--LRD-KV-QKE-YALF-YRLDVVQIDNNQGNRSNNS------------------------------------------NTSYRLI---NCNTSAI-T---QA, 0.1963, 0
0.359714, -109.8925, [74], CHUNK, ['I'], VKLTPLCVTLNCTNVTNNNTT-------------------------------------TTRGELKN----CSFNI-T-TE--LRD-KV-QKE-YALF-YRLDVVQIDNNQGNRSNNS------------------------------------------NTSYRLI---NCNTSAI-T---QA, 0.3373, 0
0.352872, -59.1339, [82], CHUNK, ['I'], VKLTPLCVTLNCTNVTNNNTT-------------------------------------TTRGELKN----CSFNM-T-TE--IRD-KV-QKE-YALF-YRLDVVQIDNNQGNRSNNS------------------------------------------NTSYRLI---NCNTSAI-T---QA, 0.2594, 0
0.354127, -119.9225, [104], CHUNK, ['P'], VKLTPLCVTLNCTNVTNNNTT-------------------------------------TTRGELKN----CSFNM-T-TE--LRD-KV-QKE-YALF-YRLDVVPIDNNQGNRSNNS------------------------------------------NTSYRLI---NCNTSAI-T---QA, 0.0705, 0
0.356608, -117.9163, 63, POINT, I, VKLTPLCVTLNCTNVTNNNTT-------------------------------------TTRGEIKN----CSFNM-T-TE--LRD-KV-QKE-YALF-YRLDVVQIDNNQGNRSNNS------------------------------------------NTSYRLI---NCNTSAI-T---QA, 0.0705, 0
0.352872, -2.6053, [82], CHUNK, ['I'], VKLTPLCVTLNCTNVTNNNTT-------------------------------------TTRGELKN----CSFNM-T-TE--IRD-KV-QKE-YALF-YRLDVVQIDNNQGNRSNNS------------------------------------------NTSYRLI---NCNTSAI-T---QA, 0.2508, 0
0.358151, -117.9632, 99, POINT, K, VKLTPLCVTLNCTNVTNNNTT-------------------------------------TTRGELKN----CSFNM-T-TE--LRD-KV-QKE-YALF-YKLDVVQIDNNQGNRSNNS------------------------------------------NTSYRLI---NCNTSAI-T---QA, 0.0705, 0
0.356608, -118.3409, 63, POINT, I, VKLTPLCVTLNCTNVTNNNTT-------------------------------------TTRGEIKN----CSFNM-T-TE--LRD-KV-QKE-YALF-YRLDVVQIDNNQGNRSNNS------------------------------------------NTSYRLI---NCNTSAI-T---QA, 0.0755, 0
0.351343, -119.1855, [116], CHUNK, ['T'], VKLTPLCVTLNCTNVTNNNTT-------------------------------------TTRGELKN----CSFNM-T-TE--LRD-KV-QKE-YALF-YRLDVVQIDNNQGNRSNNT------------------------------------------NTSYRLI---NCNTSAI-T---QA, 0.0705, 0
0.354127, -119.9225, [104], CHUNK, ['P'], VKLTPLCVTLNCTNVTNNNTT-------------------------------------TTRGELKN----CSFNM-T-TE--LRD-KV-QKE-YALF-YRLDVVPIDNNQGNRSNNS------------------------------------------NTSYRLI---NCNTSAI-T---QA, 0.0705, 0
0.354205, -111.4035, [74], CHUNK, ['V'], VKLTPLCVTLNCTNVTNNNTT-------------------------------------TTRGELKN----CSFNV-T-TE--LRD-KV-QKE-YALF-YRLDVVQIDNNQGNRSNNS------------------------------------------NTSYRLI---NCNTSAI-T---QA, 0.1611, 0
0.354731, -119.2645, 109, POINT, N, VKLTPLCVTLNCTNVTNNNTT-------------------------------------TTRGELKN----CSFNM-T-TE--LRD-KV-QKE-YALF-YRLDVVQIDNNNGNRSNNS------------------------------------------NTSYRLI---NCNTSAI-T---QA, 0.0705, 1
0.356901, -117.0717, 174, POINT, T, VKLTPLCVTLNCTNVTNNNTT-------------------------------------TTRGELKN----CSFNM-T-TE--LRD-KV-QKE-YALF-YRLDVVQIDNNNGNRSNNS------------------------------------------NTSYRLI---NCNTSTI-T---QA, 0.0705, 0
0.362014, -102.9538, [174], CHUNK, ['V'], VKLTPLCVTLNCTNVTNNNTT-------------------------------------TTRGELKN----CSFNM-T-TE--LRD-KV-QKE-YALF-YRLDVVQIDNNNGNRSNNS------------------------------------------NTSYRLI---NCNTSVI-T---QA, 0.4413, 0
0.361650, -117.5248, [63], CHUNK, ['I'], VKLTPLCVTLNCTNVTNNNTT-------------------------------------TTRGEIKN----CSFNM-T-TE--LRD-KV-QKE-YALF-YRLDVVQIDNNNGNRSNNS------------------------------------------NTSYRLI---NCNTSAI-T---QA, 0.0705, 0
0.355442, -112.7609, 60, POINT, I, VKLTPLCVTLNCTNVTNNNTT-------------------------------------TTIGELKN----CSFNM-T-TE--LRD-KV-QKE-YALF-YRLDVVQIDNNNGNRSNNS------------------------------------------NTSYRLI---NCNTSAI-T---QA, 0.0705, 0
0.357914, 0.5770, 82, POINT, I, VKLTPLCVTLNCTNVTNNNTT-------------------------------------TTRGELKN----CSFNM-T-TE--IRD-KV-QKE-YALF-YRLDVVQIDNNNGNRSNNS------------------------------------------NTSYRLI---NCNTSAI-T---QA, 0.1000, 0
0.363193, -117.5717, 99, POINT, K, VKLTPLCVTLNCTNVTNNNTT-------------------------------------TTRGELKN----CSFNM-T-TE--LRD-KV-QKE-YALF-YKLDVVQIDNNNGNRSNNS------------------------------------------NTSYRLI---NCNTSAI-T---QA, 0.0705, 0
0.356901, -117.0717, 174, POINT, T, VKLTPLCVTLNCTNVTNNNTT-------------------------------------TTRGELKN----CSFNM-T-TE--LRD-KV-QKE-YALF-YRLDVVQIDNNNGNRSNNS------------------------------------------NTSYRLI---NCNTSTI-T---QA, 0.0705, 0
0.362014, -99.0804, [174], CHUNK, ['V'], VKLTPLCVTLNCTNVTNNNTT-------------------------------------TTRGELKN----CSFNM-T-TE--LRD-KV-QKE-YALF-YRLDVVQIDNNNGNRSNNS------------------------------------------NTSYRLI---NCNTSVI-T---QA, 0.3906, 0
0.362014, -100.3667, 174, POINT, V, VKLTPLCVTLNCTNVTNNNTT-------------------------------------TTRGELKN----CSFNM-T-TE--LRD-KV-QKE-YALF-YRLDVVQIDNNNGNRSNNS------------------------------------------NTSYRLI---NCNTSVI-T---QA, 0.3147, 0
0.359587, -119.5669, 110, POINT, T, VKLTPLCVTLNCTNVTNNNTT-------------------------------------TTRGELKN----CSFNM-T-TE--LRD-KV-QKE-YALF-YRLDVVQIDNNNTNRSNNS------------------------------------------NTSYRLI---NCNTSAI-T---QA, 0.0705, 0
0.362014, -97.4120, 174, POINT, V, VKLTPLCVTLNCTNVTNNNTT-------------------------------------TTRGELKN----CSFNM-T-TE--LRD-KV-QKE-YALF-YRLDVVQIDNNNGNRSNNS------------------------------------------NTSYRLI---NCNTSVI-T---QA, 0.2687, 0
0.356504, -118.4640, [116], CHUNK, ['N'], VKLTPLCVTLNCTNVTNNNTT-------------------------------------TTRGELKN----CSFNM-T-TE--LRD-KV-QKE-YALF-YRLDVVQIDNNNGNRSNNN------------------------------------------NTSYRLI---NCNTSAI-T---QA, 0.0705, 0
0.361650, -117.5248, 63, POINT, I, VKLTPLCVTLNCTNVTNNNTT-------------------------------------TTRGEIKN----CSFNM-T-TE--LRD-KV-QKE-YALF-YRLDVVQIDNNNGNRSNNS------------------------------------------NTSYRLI---NCNTSAI-T---QA, 0.0705, 0
0.364756, -110.9829, [74], CHUNK, ['I'], VKLTPLCVTLNCTNVTNNNTT-------------------------------------TTRGELKN----CSFNI-T-TE--LRD-KV-QKE-YALF-YRLDVVQIDNNNGNRSNNS------------------------------------------NTSYRLI---NCNTSAI-T---QA, 0.1509, 1
------END OF DATA------
Best coverage = 0.364756249043
Best sequence = VKLTPLCVTLNCTNVTNNNTT-------------------------------------TTRGELKN----CSFNI-T-TE--LRD-KV-QKE-YALF-YRLDVVQIDNNNGNRSNNS------------------------------------------NTSYRLI---NCNTSAI-T---QA
Hard Covereage = 0.0730678580959
Num epitopes = 62
