Name base = V1V2_200_exp_3_10_ni
Iters = 200
Soft coverage = 0.284621885725
Energy = -128.717377515
Hard Covereage = 0.0368019545157
Num epitopes = 65
Initial seq = VKLTPLCVTLQCTNVTNNITD-------------------------------------DMRGELKN----CSFNM-T-TE--LRD-KK-QKV-YSLF-YRLDVVQINENQGNRSNNS------------------------------------------NKEYRLI---NCNTSAI-T---QA
-------START OF DATA------
0.308289, -128.6274, 10, POINT, N, VKLTPLCVTLNCTNVTNNITD-------------------------------------DMRGELKN----CSFNM-T-TE--LRD-KK-QKV-YSLF-YRLDVVQINENQGNRSNNS------------------------------------------NKEYRLI---NCNTSAI-T---QA, 0.0000, 1
0.316670, -129.0039, [94], CHUNK, ['A'], VKLTPLCVTLNCTNVTNNITD-------------------------------------DMRGELKN----CSFNM-T-TE--LRD-KK-QKV-YALF-YRLDVVQINENQGNRSNNS------------------------------------------NKEYRLI---NCNTSAI-T---QA, 0.0000, 1
0.320881, -128.2039, 161, POINT, S, VKLTPLCVTLNCTNVTNNITD-------------------------------------DMRGELKN----CSFNM-T-TE--LRD-KK-QKV-YALF-YRLDVVQINENQGNRSNNS------------------------------------------NKSYRLI---NCNTSAI-T---QA, 0.0000, 0
0.326642, -52.2715, [74], CHUNK, ['I'], VKLTPLCVTLNCTNVTNNITD-------------------------------------DMRGELKN----CSFNI-T-TE--LRD-KK-QKV-YALF-YRLDVVQINENQGNRSNNS------------------------------------------NKEYRLI---NCNTSAI-T---QA, 0.6812, 0
0.321162, -105.9747, 74, POINT, V, VKLTPLCVTLNCTNVTNNITD-------------------------------------DMRGELKN----CSFNV-T-TE--LRD-KK-QKV-YALF-YRLDVVQINENQGNRSNNS------------------------------------------NKEYRLI---NCNTSAI-T---QA, 0.3700, 1
0.328585, -105.9190, [63], CHUNK, ['I'], VKLTPLCVTLNCTNVTNNITD-------------------------------------DMRGEIKN----CSFNV-T-TE--LRD-KK-QKV-YALF-YRLDVVQINENQGNRSNNS------------------------------------------NKEYRLI---NCNTSAI-T---QA, 0.3700, 0
0.328444, -85.1728, 174, POINT, V, VKLTPLCVTLNCTNVTNNITD-------------------------------------DMRGELKN----CSFNV-T-TE--LRD-KK-QKV-YALF-YRLDVVQINENQGNRSNNS------------------------------------------NKEYRLI---NCNTSVI-T---QA, 0.4682, 0
0.328444, -82.8813, 174, POINT, V, VKLTPLCVTLNCTNVTNNITD-------------------------------------DMRGELKN----CSFNV-T-TE--LRD-KK-QKV-YALF-YRLDVVQINENQGNRSNNS------------------------------------------NKEYRLI---NCNTSVI-T---QA, 0.4427, 0
0.328444, -89.6251, 174, POINT, V, VKLTPLCVTLNCTNVTNNITD-------------------------------------DMRGELKN----CSFNV-T-TE--LRD-KK-QKV-YALF-YRLDVVQINENQGNRSNNS------------------------------------------NKEYRLI---NCNTSVI-T---QA, 0.3851, 0
0.328777, -129.3610, [160, 161], CHUNK, ['T', 'S'], VKLTPLCVTLNCTNVTNNITD-------------------------------------DMRGELKN----CSFNM-T-TE--LRD-KK-QKV-YALF-YRLDVVQINENQGNRSNNS------------------------------------------NTSYRLI---NCNTSAI-T---QA, 0.0871, 1
0.338749, -89.5225, 74, POINT, I, VKLTPLCVTLNCTNVTNNITD-------------------------------------DMRGELKN----CSFNI-T-TE--LRD-KK-QKV-YALF-YRLDVVQINENQGNRSNNS------------------------------------------NTSYRLI---NCNTSAI-T---QA, 0.7517, 0
0.335581, -127.4755, 99, POINT, K, VKLTPLCVTLNCTNVTNNITD-------------------------------------DMRGELKN----CSFNM-T-TE--LRD-KK-QKV-YALF-YKLDVVQINENQGNRSNNS------------------------------------------NTSYRLI---NCNTSAI-T---QA, 0.0871, 1
0.342852, -124.3544, [63], CHUNK, ['I'], VKLTPLCVTLNCTNVTNNITD-------------------------------------DMRGEIKN----CSFNM-T-TE--LRD-KK-QKV-YALF-YKLDVVQINENQGNRSNNS------------------------------------------NTSYRLI---NCNTSAI-T---QA, 0.0871, 0
0.340004, -127.5766, 104, POINT, P, VKLTPLCVTLNCTNVTNNITD-------------------------------------DMRGELKN----CSFNM-T-TE--LRD-KK-QKV-YALF-YKLDVVPINENQGNRSNNS------------------------------------------NTSYRLI---NCNTSAI-T---QA, 0.0871, 1
0.346062, -126.1014, [91], CHUNK, ['E'], VKLTPLCVTLNCTNVTNNITD-------------------------------------DMRGELKN----CSFNM-T-TE--LRD-KK-QKE-YALF-YKLDVVPINENQGNRSNNS------------------------------------------NTSYRLI---NCNTSAI-T---QA, 0.0871, 1
0.356033, -112.1511, [74], CHUNK, ['I'], VKLTPLCVTLNCTNVTNNITD-------------------------------------DMRGELKN----CSFNI-T-TE--LRD-KK-QKE-YALF-YKLDVVPINENQGNRSNNS------------------------------------------NTSYRLI---NCNTSAI-T---QA, 0.2983, 0
0.348231, -123.8072, 174, POINT, T, VKLTPLCVTLNCTNVTNNITD-------------------------------------DMRGELKN----CSFNM-T-TE--LRD-KK-QKE-YALF-YKLDVVPINENQGNRSNNS------------------------------------------NTSYRLI---NCNTSTI-T---QA, 0.0871, 0
0.354796, -126.8212, [110, 112], CHUNK, ['T', 'N'], VKLTPLCVTLNCTNVTNNITD-------------------------------------DMRGELKN----CSFNM-T-TE--LRD-KK-QKE-YALF-YKLDVVPINENQTNNSNNS------------------------------------------NTSYRLI---NCNTSAI-T---QA, 0.0871, 1
0.364768, -96.6520, [74], CHUNK, ['I'], VKLTPLCVTLNCTNVTNNITD-------------------------------------DMRGELKN----CSFNI-T-TE--LRD-KK-QKE-YALF-YKLDVVPINENQTNNSNNS------------------------------------------NTSYRLI---NCNTSAI-T---QA, 0.4410, 0
0.362079, -106.0527, [174], CHUNK, ['V'], VKLTPLCVTLNCTNVTNNITD-------------------------------------DMRGELKN----CSFNM-T-TE--LRD-KK-QKE-YALF-YKLDVVPINENQTNNSNNS------------------------------------------NTSYRLI---NCNTSVI-T---QA, 0.3394, 0
0.357100, -124.7731, [63], CHUNK, ['M'], VKLTPLCVTLNCTNVTNNITD-------------------------------------DMRGEMKN----CSFNM-T-TE--LRD-KK-QKE-YALF-YKLDVVPINENQTNNSNNS------------------------------------------NTSYRLI---NCNTSAI-T---QA, 0.0871, 1
0.359748, -123.7744, 59, POINT, T, VKLTPLCVTLNCTNVTNNITD-------------------------------------DTRGEMKN----CSFNM-T-TE--LRD-KK-QKE-YALF-YKLDVVPINENQTNNSNNS------------------------------------------NTSYRLI---NCNTSAI-T---QA, 0.0871, 0
0.359470, -123.2208, 18, POINT, T, VKLTPLCVTLNCTNVTNNTTD-------------------------------------DMRGEMKN----CSFNM-T-TE--LRD-KK-QKE-YALF-YKLDVVPINENQTNNSNNS------------------------------------------NTSYRLI---NCNTSAI-T---QA, 0.0871, 1
0.359751, -122.6303, 87, POINT, V, VKLTPLCVTLNCTNVTNNTTD-------------------------------------DMRGEMKN----CSFNM-T-TE--LRD-KV-QKE-YALF-YKLDVVPINENQTNNSNNS------------------------------------------NTSYRLI---NCNTSAI-T---QA, 0.0871, 0
0.369905, -111.9064, [74], CHUNK, ['I'], VKLTPLCVTLNCTNVTNNTTD-------------------------------------DMRGEMKN----CSFNI-T-TE--LRD-KK-QKE-YALF-YKLDVVPINENQTNNSNNS------------------------------------------NTSYRLI---NCNTSAI-T---QA, 0.1656, 0
0.366753, -94.6748, 174, POINT, V, VKLTPLCVTLNCTNVTNNTTD-------------------------------------DMRGEMKN----CSFNM-T-TE--LRD-KK-QKE-YALF-YKLDVVPINENQTNNSNNS------------------------------------------NTSYRLI---NCNTSVI-T---QA, 0.4694, 0
0.364433, -122.1479, [63], CHUNK, ['I'], VKLTPLCVTLNCTNVTNNTTD-------------------------------------DMRGEIKN----CSFNM-T-TE--LRD-KK-QKE-YALF-YKLDVVPINENQTNNSNNS------------------------------------------NTSYRLI---NCNTSAI-T---QA, 0.0871, 1
0.368505, -120.2898, [74], CHUNK, ['T'], VKLTPLCVTLNCTNVTNNTTD-------------------------------------DMRGEIKN----CSFNT-T-TE--LRD-KK-QKE-YALF-YKLDVVPINENQTNNSNNS------------------------------------------NTSYRLI---NCNTSAI-T---QA, 0.0871, 1
0.369077, -106.0978, 74, POINT, V, VKLTPLCVTLNCTNVTNNTTD-------------------------------------DMRGEIKN----CSFNV-T-TE--LRD-KK-QKE-YALF-YKLDVVPINENQTNNSNNS------------------------------------------NTSYRLI---NCNTSAI-T---QA, 0.5027, 0
0.375787, -90.9451, [174], CHUNK, ['V'], VKLTPLCVTLNCTNVTNNTTD-------------------------------------DMRGEIKN----CSFNT-T-TE--LRD-KK-QKE-YALF-YKLDVVPINENQTNNSNNS------------------------------------------NTSYRLI---NCNTSVI-T---QA, 0.5617, 0
0.375787, -102.3577, 174, POINT, V, VKLTPLCVTLNCTNVTNNTTD-------------------------------------DMRGEIKN----CSFNT-T-TE--LRD-KK-QKE-YALF-YKLDVVPINENQTNNSNNS------------------------------------------NTSYRLI---NCNTSVI-T---QA, 0.4617, 0
0.375825, -112.7089, 74, POINT, I, VKLTPLCVTLNCTNVTNNTTD-------------------------------------DMRGEIKN----CSFNI-T-TE--LRD-KK-QKE-YALF-YKLDVVPINENQTNNSNNS------------------------------------------NTSYRLI---NCNTSAI-T---QA, 0.3108, 0
0.375825, -109.0558, [74], CHUNK, ['I'], VKLTPLCVTLNCTNVTNNTTD-------------------------------------DMRGEIKN----CSFNI-T-TE--LRD-KK-QKE-YALF-YKLDVVPINENQTNNSNNS------------------------------------------NTSYRLI---NCNTSAI-T---QA, 0.2538, 0
0.366302, -120.0408, 60, POINT, K, VKLTPLCVTLNCTNVTNNTTD-------------------------------------DMKGEIKN----CSFNM-T-TE--LRD-KK-QKE-YALF-YKLDVVPINENQTNNSNNS------------------------------------------NTSYRLI---NCNTSAI-T---QA, 0.0871, 0
0.371715, -98.8121, [174], CHUNK, ['V'], VKLTPLCVTLNCTNVTNNTTD-------------------------------------DMRGEIKN----CSFNM-T-TE--LRD-KK-QKE-YALF-YKLDVVPINENQTNNSNNS------------------------------------------NTSYRLI---NCNTSVI-T---QA, 0.4612, 0
0.375825, -107.0518, [74], CHUNK, ['I'], VKLTPLCVTLNCTNVTNNTTD-------------------------------------DMRGEIKN----CSFNI-T-TE--LRD-KK-QKE-YALF-YKLDVVPINENQTNNSNNS------------------------------------------NTSYRLI---NCNTSAI-T---QA, 0.2993, 1
0.380504, -110.9022, [106, 107], CHUNK, ['D', 'N'], VKLTPLCVTLNCTNVTNNTTD-------------------------------------DMRGEIKN----CSFNI-T-TE--LRD-KK-QKE-YALF-YKLDVVPIDNNQTNNSNNS------------------------------------------NTSYRLI---NCNTSAI-T---QA, 0.3633, 0
0.383108, -92.1677, [174], CHUNK, ['V'], VKLTPLCVTLNCTNVTNNTTD-------------------------------------DMRGEIKN----CSFNI-T-TE--LRD-KK-QKE-YALF-YKLDVVPINENQTNNSNNS------------------------------------------NTSYRLI---NCNTSVI-T---QA, 0.4950, 0
0.379505, -106.3931, 109, POINT, S, VKLTPLCVTLNCTNVTNNTTD-------------------------------------DMRGEIKN----CSFNI-T-TE--LRD-KK-QKE-YALF-YKLDVVPINENSTNNSNNS------------------------------------------NTSYRLI---NCNTSAI-T---QA, 0.4255, 0
0.383108, -89.4374, [174], CHUNK, ['V'], VKLTPLCVTLNCTNVTNNTTD-------------------------------------DMRGEIKN----CSFNI-T-TE--LRD-KK-QKE-YALF-YKLDVVPINENQTNNSNNS------------------------------------------NTSYRLI---NCNTSVI-T---QA, 0.4445, 0
0.369077, -116.1554, [74], CHUNK, ['V'], VKLTPLCVTLNCTNVTNNTTD-------------------------------------DMRGEIKN----CSFNV-T-TE--LRD-KK-QKE-YALF-YKLDVVPINENQTNNSNNS------------------------------------------NTSYRLI---NCNTSAI-T---QA, 0.1937, 0
0.375825, -105.2333, 74, POINT, I, VKLTPLCVTLNCTNVTNNTTD-------------------------------------DMRGEIKN----CSFNI-T-TE--LRD-KK-QKE-YALF-YKLDVVPINENQTNNSNNS------------------------------------------NTSYRLI---NCNTSAI-T---QA, 0.3356, 0
0.366709, -117.1668, [60], CHUNK, ['T'], VKLTPLCVTLNCTNVTNNTTD-------------------------------------DMTGEIKN----CSFNM-T-TE--LRD-KK-QKE-YALF-YKLDVVPINENQTNNSNNS------------------------------------------NTSYRLI---NCNTSAI-T---QA, 0.1458, 0
0.373668, -117.2033, [58, 59, 60], CHUNK, ['N', 'S', 'T'], VKLTPLCVTLNCTNVTNNTTD-------------------------------------NSTGEIKN----CSFNM-T-TE--LRD-KK-QKE-YALF-YKLDVVPINENQTNNSNNS------------------------------------------NTSYRLI---NCNTSAI-T---QA, 0.0871, 0
0.364282, -99.1739, 74, POINT, V, VKLTPLCVTLNCTNVTNNTTD-------------------------------------DMRGEMKN----CSFNV-T-TE--LRD-KK-QKE-YALF-YKLDVVPINENQTNNSNNS------------------------------------------NTSYRLI---NCNTSAI-T---QA, 0.6843, 0
0.369905, -100.9453, [74], CHUNK, ['I'], VKLTPLCVTLNCTNVTNNTTD-------------------------------------DMRGEMKN----CSFNI-T-TE--LRD-KK-QKE-YALF-YKLDVVPINENQTNNSNNS------------------------------------------NTSYRLI---NCNTSAI-T---QA, 0.2043, 0
0.366753, -97.5761, 174, POINT, V, VKLTPLCVTLNCTNVTNNTTD-------------------------------------DMRGEMKN----CSFNM-T-TE--LRD-KK-QKE-YALF-YKLDVVPINENQTNNSNNS------------------------------------------NTSYRLI---NCNTSVI-T---QA, 0.3033, 0
0.366753, -90.1915, [174], CHUNK, ['V'], VKLTPLCVTLNCTNVTNNTTD-------------------------------------DMRGEMKN----CSFNM-T-TE--LRD-KK-QKE-YALF-YKLDVVPINENQTNNSNNS------------------------------------------NTSYRLI---NCNTSVI-T---QA, 0.4499, 1
0.371715, -93.0114, 63, POINT, I, VKLTPLCVTLNCTNVTNNTTD-------------------------------------DMRGEIKN----CSFNM-T-TE--LRD-KK-QKE-YALF-YKLDVVPINENQTNNSNNS------------------------------------------NTSYRLI---NCNTSVI-T---QA, 0.4645, 0
0.377188, -85.9882, [74], CHUNK, ['I'], VKLTPLCVTLNCTNVTNNTTD-------------------------------------DMRGEMKN----CSFNI-T-TE--LRD-KK-QKE-YALF-YKLDVVPINENQTNNSNNS------------------------------------------NTSYRLI---NCNTSVI-T---QA, 0.6154, 0
0.371564, -87.1137, 74, POINT, V, VKLTPLCVTLNCTNVTNNTTD-------------------------------------DMRGEMKN----CSFNV-T-TE--LRD-KK-QKE-YALF-YKLDVVPINENQTNNSNNS------------------------------------------NTSYRLI---NCNTSVI-T---QA, 0.4482, 0
0.371564, -88.0828, 74, POINT, V, VKLTPLCVTLNCTNVTNNTTD-------------------------------------DMRGEMKN----CSFNV-T-TE--LRD-KK-QKE-YALF-YKLDVVPINENQTNNSNNS------------------------------------------NTSYRLI---NCNTSVI-T---QA, 0.7400, 0
0.362486, -123.6177, 20, POINT, N, VKLTPLCVTLNCTNVTNNTTN-------------------------------------DMRGEMKN----CSFNM-T-TE--LRD-KK-QKE-YALF-YKLDVVPINENQTNNSNNS------------------------------------------NTSYRLI---NCNTSAI-T---QA, 0.0871, 0
0.360711, -122.4485, 20, POINT, S, VKLTPLCVTLNCTNVTNNTTS-------------------------------------DMRGEMKN----CSFNM-T-TE--LRD-KK-QKE-YALF-YKLDVVPINENQTNNSNNS------------------------------------------NTSYRLI---NCNTSAI-T---QA, 0.0871, 0
0.366753, -93.7441, [174], CHUNK, ['V'], VKLTPLCVTLNCTNVTNNTTD-------------------------------------DMRGEMKN----CSFNM-T-TE--LRD-KK-QKE-YALF-YKLDVVPINENQTNNSNNS------------------------------------------NTSYRLI---NCNTSVI-T---QA, 0.4942, 0
0.361633, -28.9507, 82, POINT, I, VKLTPLCVTLNCTNVTNNTTD-------------------------------------DMRGEMKN----CSFNM-T-TE--IRD-KK-QKE-YALF-YKLDVVPINENQTNNSNNS------------------------------------------NTSYRLI---NCNTSAI-T---QA, 0.4296, 0
0.364383, -103.0180, [174], CHUNK, ['V'], VKLTPLCVTLNCTNVTNNITD-------------------------------------DMRGEMKN----CSFNM-T-TE--LRD-KK-QKE-YALF-YKLDVVPINENQTNNSNNS------------------------------------------NTSYRLI---NCNTSVI-T---QA, 0.4410, 0
0.367536, -104.6283, [74], CHUNK, ['I'], VKLTPLCVTLNCTNVTNNITD-------------------------------------DMRGEMKN----CSFNI-T-TE--LRD-KK-QKE-YALF-YKLDVVPINENQTNNSNNS------------------------------------------NTSYRLI---NCNTSAI-T---QA, 0.3967, 0
0.359400, -125.1609, 20, POINT, N, VKLTPLCVTLNCTNVTNNITN-------------------------------------DMRGEMKN----CSFNM-T-TE--LRD-KK-QKE-YALF-YKLDVVPINENQTNNSNNS------------------------------------------NTSYRLI---NCNTSAI-T---QA, 0.0871, 0
0.364383, -102.5548, [174], CHUNK, ['V'], VKLTPLCVTLNCTNVTNNITD-------------------------------------DMRGEMKN----CSFNM-T-TE--LRD-KK-QKE-YALF-YKLDVVPINENQTNNSNNS------------------------------------------NTSYRLI---NCNTSVI-T---QA, 0.3880, 0
0.354930, -125.6573, 107, POINT, G, VKLTPLCVTLNCTNVTNNITD-------------------------------------DMRGELKN----CSFNM-T-TE--LRD-KK-QKE-YALF-YKLDVVPINGNQTNNSNNS------------------------------------------NTSYRLI---NCNTSAI-T---QA, 0.0871, 1
0.362201, -122.5363, [63], CHUNK, ['I'], VKLTPLCVTLNCTNVTNNITD-------------------------------------DMRGEIKN----CSFNM-T-TE--LRD-KK-QKE-YALF-YKLDVVPINGNQTNNSNNS------------------------------------------NTSYRLI---NCNTSAI-T---QA, 0.0871, 0
0.364902, -106.3580, 74, POINT, I, VKLTPLCVTLNCTNVTNNITD-------------------------------------DMRGELKN----CSFNI-T-TE--LRD-KK-QKE-YALF-YKLDVVPINGNQTNNSNNS------------------------------------------NTSYRLI---NCNTSAI-T---QA, 0.3477, 0
0.362212, -96.4772, 174, POINT, V, VKLTPLCVTLNCTNVTNNITD-------------------------------------DMRGELKN----CSFNM-T-TE--LRD-KK-QKE-YALF-YKLDVVPINGNQTNNSNNS------------------------------------------NTSYRLI---NCNTSVI-T---QA, 0.4557, 0
0.357234, -123.6092, 63, POINT, M, VKLTPLCVTLNCTNVTNNITD-------------------------------------DMRGEMKN----CSFNM-T-TE--LRD-KK-QKE-YALF-YKLDVVPINGNQTNNSNNS------------------------------------------NTSYRLI---NCNTSAI-T---QA, 0.0871, 0
0.364768, -103.8995, 74, POINT, I, VKLTPLCVTLNCTNVTNNITD-------------------------------------DMRGELKN----CSFNI-T-TE--LRD-KK-QKE-YALF-YKLDVVPINENQTNNSNNS------------------------------------------NTSYRLI---NCNTSAI-T---QA, 0.3850, 0
0.364768, -107.7356, [74], CHUNK, ['I'], VKLTPLCVTLNCTNVTNNITD-------------------------------------DMRGELKN----CSFNI-T-TE--LRD-KK-QKE-YALF-YKLDVVPINENQTNNSNNS------------------------------------------NTSYRLI---NCNTSAI-T---QA, 0.4209, 0
0.358837, -124.9632, 74, POINT, T, VKLTPLCVTLNCTNVTNNITD-------------------------------------DMRGELKN----CSFNT-T-TE--LRD-KK-QKE-YALF-YKLDVVPINENQTNNSNNS------------------------------------------NTSYRLI---NCNTSAI-T---QA, 0.0871, 1
0.364768, -98.1188, 74, POINT, I, VKLTPLCVTLNCTNVTNNITD-------------------------------------DMRGELKN----CSFNI-T-TE--LRD-KK-QKE-YALF-YKLDVVPINENQTNNSNNS------------------------------------------NTSYRLI---NCNTSAI-T---QA, 0.4441, 0
0.366119, -92.4639, [174], CHUNK, ['V'], VKLTPLCVTLNCTNVTNNITD-------------------------------------DMRGELKN----CSFNT-T-TE--LRD-KK-QKE-YALF-YKLDVVPINENQTNNSNNS------------------------------------------NTSYRLI---NCNTSVI-T---QA, 0.6770, 0
0.366119, -100.2453, [174], CHUNK, ['V'], VKLTPLCVTLNCTNVTNNITD-------------------------------------DMRGELKN----CSFNT-T-TE--LRD-KK-QKE-YALF-YKLDVVPINENQTNNSNNS------------------------------------------NTSYRLI---NCNTSVI-T---QA, 0.2692, 0
0.366140, -121.8421, [63], CHUNK, ['I'], VKLTPLCVTLNCTNVTNNITD-------------------------------------DMRGEIKN----CSFNT-T-TE--LRD-KK-QKE-YALF-YKLDVVPINENQTNNSNNS------------------------------------------NTSYRLI---NCNTSAI-T---QA, 0.0871, 0
0.362068, -123.7001, 63, POINT, I, VKLTPLCVTLNCTNVTNNITD-------------------------------------DMRGEIKN----CSFNM-T-TE--LRD-KK-QKE-YALF-YKLDVVPINENQTNNSNNS------------------------------------------NTSYRLI---NCNTSAI-T---QA, 0.0871, 1
0.373460, -104.6484, [74], CHUNK, ['I'], VKLTPLCVTLNCTNVTNNITD-------------------------------------DMRGEIKN----CSFNI-T-TE--LRD-KK-QKE-YALF-YKLDVVPINENQTNNSNNS------------------------------------------NTSYRLI---NCNTSAI-T---QA, 0.3323, 0
0.373460, -107.8466, [74], CHUNK, ['I'], VKLTPLCVTLNCTNVTNNITD-------------------------------------DMRGEIKN----CSFNI-T-TE--LRD-KK-QKE-YALF-YKLDVVPINENQTNNSNNS------------------------------------------NTSYRLI---NCNTSAI-T---QA, 0.3365, 0
0.366746, -124.2561, [106, 107], CHUNK, ['D', 'N'], VKLTPLCVTLNCTNVTNNITD-------------------------------------DMRGEIKN----CSFNM-T-TE--LRD-KK-QKE-YALF-YKLDVVPIDNNQTNNSNNS------------------------------------------NTSYRLI---NCNTSAI-T---QA, 0.1219, 0
0.373460, -102.2602, [74], CHUNK, ['I'], VKLTPLCVTLNCTNVTNNITD-------------------------------------DMRGEIKN----CSFNI-T-TE--LRD-KK-QKE-YALF-YKLDVVPINENQTNNSNNS------------------------------------------NTSYRLI---NCNTSAI-T---QA, 0.3700, 0
0.357634, -123.5440, 20, POINT, T, VKLTPLCVTLNCTNVTNNITT-------------------------------------DMRGELKN----CSFNM-T-TE--LRD-KK-QKE-YALF-YKLDVVPINENQTNNSNNS------------------------------------------NTSYRLI---NCNTSAI-T---QA, 0.0871, 0
0.362079, -110.3348, [174], CHUNK, ['V'], VKLTPLCVTLNCTNVTNNITD-------------------------------------DMRGELKN----CSFNM-T-TE--LRD-KK-QKE-YALF-YKLDVVPINENQTNNSNNS------------------------------------------NTSYRLI---NCNTSVI-T---QA, 0.3927, 0
0.362079, -98.7186, [174], CHUNK, ['V'], VKLTPLCVTLNCTNVTNNITD-------------------------------------DMRGELKN----CSFNM-T-TE--LRD-KK-QKE-YALF-YKLDVVPINENQTNNSNNS------------------------------------------NTSYRLI---NCNTSVI-T---QA, 0.4280, 0
0.362068, -123.7001, [63], CHUNK, ['I'], VKLTPLCVTLNCTNVTNNITD-------------------------------------DMRGEIKN----CSFNM-T-TE--LRD-KK-QKE-YALF-YKLDVVPINENQTNNSNNS------------------------------------------NTSYRLI---NCNTSAI-T---QA, 0.0871, 1
0.364237, -121.4060, [174], CHUNK, ['T'], VKLTPLCVTLNCTNVTNNITD-------------------------------------DMRGEIKN----CSFNM-T-TE--LRD-KK-QKE-YALF-YKLDVVPINENQTNNSNNS------------------------------------------NTSYRLI---NCNTSTI-T---QA, 0.0871, 0
0.373460, -111.6719, [74], CHUNK, ['I'], VKLTPLCVTLNCTNVTNNITD-------------------------------------DMRGEIKN----CSFNI-T-TE--LRD-KK-QKE-YALF-YKLDVVPINENQTNNSNNS------------------------------------------NTSYRLI---NCNTSAI-T---QA, 0.5029, 0
0.373460, -117.6106, [74], CHUNK, ['I'], VKLTPLCVTLNCTNVTNNITD-------------------------------------DMRGEIKN----CSFNI-T-TE--LRD-KK-QKE-YALF-YKLDVVPINENQTNNSNNS------------------------------------------NTSYRLI---NCNTSAI-T---QA, 0.1927, 0
0.373460, -112.5318, 74, POINT, I, VKLTPLCVTLNCTNVTNNITD-------------------------------------DMRGEIKN----CSFNI-T-TE--LRD-KK-QKE-YALF-YKLDVVPINENQTNNSNNS------------------------------------------NTSYRLI---NCNTSAI-T---QA, 0.1804, 0
0.362079, -100.1994, 174, POINT, V, VKLTPLCVTLNCTNVTNNITD-------------------------------------DMRGELKN----CSFNM-T-TE--LRD-KK-QKE-YALF-YKLDVVPINENQTNNSNNS------------------------------------------NTSYRLI---NCNTSVI-T---QA, 0.3679, 0
0.364768, -109.8513, 74, POINT, I, VKLTPLCVTLNCTNVTNNITD-------------------------------------DMRGELKN----CSFNI-T-TE--LRD-KK-QKE-YALF-YKLDVVPINENQTNNSNNS------------------------------------------NTSYRLI---NCNTSAI-T---QA, 0.2677, 1
0.367048, -110.2413, 20, POINT, N, VKLTPLCVTLNCTNVTNNITN-------------------------------------DMRGELKN----CSFNI-T-TE--LRD-KK-QKE-YALF-YKLDVVPINENQTNNSNNS------------------------------------------NTSYRLI---NCNTSAI-T---QA, 0.2677, 0
0.373460, -107.8446, [63], CHUNK, ['I'], VKLTPLCVTLNCTNVTNNITD-------------------------------------DMRGEIKN----CSFNI-T-TE--LRD-KK-QKE-YALF-YKLDVVPINENQTNNSNNS------------------------------------------NTSYRLI---NCNTSAI-T---QA, 0.2677, 1
0.381791, -103.8781, [58, 59, 60], CHUNK, ['N', 'S', 'T'], VKLTPLCVTLNCTNVTNNITD-------------------------------------NSTGEIKN----CSFNI-T-TE--LRD-KK-QKE-YALF-YKLDVVPINENQTNNSNNS------------------------------------------NTSYRLI---NCNTSAI-T---QA, 0.2963, 0
0.375825, -106.3113, [18], CHUNK, ['T'], VKLTPLCVTLNCTNVTNNTTD-------------------------------------DMRGEIKN----CSFNI-T-TE--LRD-KK-QKE-YALF-YKLDVVPINENQTNNSNNS------------------------------------------NTSYRLI---NCNTSAI-T---QA, 0.2677, 0
0.377901, -109.9304, 107, POINT, N, VKLTPLCVTLNCTNVTNNITD-------------------------------------DMRGEIKN----CSFNI-T-TE--LRD-KK-QKE-YALF-YKLDVVPINNNQTNNSNNS------------------------------------------NTSYRLI---NCNTSAI-T---QA, 0.3406, 1
0.381441, -103.5844, [18, 19, 20], CHUNK, ['N', 'S', 'T'], VKLTPLCVTLNCTNVTNNNST-------------------------------------DMRGEIKN----CSFNI-T-TE--LRD-KK-QKE-YALF-YKLDVVPINNNQTNNSNNS------------------------------------------NTSYRLI---NCNTSAI-T---QA, 0.3406, 0
0.385183, -91.9056, [174], CHUNK, ['V'], VKLTPLCVTLNCTNVTNNITD-------------------------------------DMRGEIKN----CSFNI-T-TE--LRD-KK-QKE-YALF-YKLDVVPINNNQTNNSNNS------------------------------------------NTSYRLI---NCNTSVI-T---QA, 0.3637, 0
0.381338, -111.0095, 58, POINT, N, VKLTPLCVTLNCTNVTNNITD-------------------------------------NMRGEIKN----CSFNI-T-TE--LRD-KK-QKE-YALF-YKLDVVPINNNQTNNSNNS------------------------------------------NTSYRLI---NCNTSAI-T---QA, 0.3564, 0
0.380065, -109.7322, 18, POINT, N, VKLTPLCVTLNCTNVTNNNTD-------------------------------------DMRGEIKN----CSFNI-T-TE--LRD-KK-QKE-YALF-YKLDVVPINNNQTNNSNNS------------------------------------------NTSYRLI---NCNTSAI-T---QA, 0.3838, 0
0.380743, -97.2811, [174], CHUNK, ['V'], VKLTPLCVTLNCTNVTNNITD-------------------------------------DMRGEIKN----CSFNI-T-TE--LRD-KK-QKE-YALF-YKLDVVPINENQTNNSNNS------------------------------------------NTSYRLI---NCNTSVI-T---QA, 0.4367, 0
0.375243, -107.8682, 60, POINT, K, VKLTPLCVTLNCTNVTNNITD-------------------------------------DMKGEIKN----CSFNI-T-TE--LRD-KK-QKE-YALF-YKLDVVPINENQTNNSNNS------------------------------------------NTSYRLI---NCNTSAI-T---QA, 0.3240, 0
0.376897, -111.1548, 58, POINT, N, VKLTPLCVTLNCTNVTNNITD-------------------------------------NMRGEIKN----CSFNI-T-TE--LRD-KK-QKE-YALF-YKLDVVPINENQTNNSNNS------------------------------------------NTSYRLI---NCNTSAI-T---QA, 0.2745, 0
0.380743, -86.6944, [174], CHUNK, ['V'], VKLTPLCVTLNCTNVTNNITD-------------------------------------DMRGEIKN----CSFNI-T-TE--LRD-KK-QKE-YALF-YKLDVVPINENQTNNSNNS------------------------------------------NTSYRLI---NCNTSVI-T---QA, 0.6436, 0
0.372051, -94.9470, [174], CHUNK, ['V'], VKLTPLCVTLNCTNVTNNITD-------------------------------------DMRGELKN----CSFNI-T-TE--LRD-KK-QKE-YALF-YKLDVVPINENQTNNSNNS------------------------------------------NTSYRLI---NCNTSVI-T---QA, 0.4734, 0
0.373460, -110.6053, [63], CHUNK, ['I'], VKLTPLCVTLNCTNVTNNITD-------------------------------------DMRGEIKN----CSFNI-T-TE--LRD-KK-QKE-YALF-YKLDVVPINENQTNNSNNS------------------------------------------NTSYRLI---NCNTSAI-T---QA, 0.2860, 0
0.373460, -107.8446, 63, POINT, I, VKLTPLCVTLNCTNVTNNITD-------------------------------------DMRGEIKN----CSFNI-T-TE--LRD-KK-QKE-YALF-YKLDVVPINENQTNNSNNS------------------------------------------NTSYRLI---NCNTSAI-T---QA, 0.2677, 0
0.372051, -97.0724, 174, POINT, V, VKLTPLCVTLNCTNVTNNITD-------------------------------------DMRGELKN----CSFNI-T-TE--LRD-KK-QKE-YALF-YKLDVVPINENQTNNSNNS------------------------------------------NTSYRLI---NCNTSVI-T---QA, 0.6758, 0
0.362088, -127.1081, [58, 59, 60], CHUNK, ['N', 'I', 'N'], VKLTPLCVTLNCTNVTNNITD-------------------------------------NINGELKN----CSFNM-T-TE--LRD-KK-QKE-YALF-YKLDVVPINENQTNNSNNS------------------------------------------NTSYRLI---NCNTSAI-T---QA, 0.0871, 1
0.372060, -113.6493, [74], CHUNK, ['I'], VKLTPLCVTLNCTNVTNNITD-------------------------------------NINGELKN----CSFNI-T-TE--LRD-KK-QKE-YALF-YKLDVVPINENQTNNSNNS------------------------------------------NTSYRLI---NCNTSAI-T---QA, 0.2555, 1
0.379342, -100.0665, [174], CHUNK, ['V'], VKLTPLCVTLNCTNVTNNITD-------------------------------------NINGELKN----CSFNI-T-TE--LRD-KK-QKE-YALF-YKLDVVPINENQTNNSNNS------------------------------------------NTSYRLI---NCNTSVI-T---QA, 0.6360, 0
0.380409, -113.7722, 63, POINT, I, VKLTPLCVTLNCTNVTNNITD-------------------------------------NINGEIKN----CSFNI-T-TE--LRD-KK-QKE-YALF-YKLDVVPINENQTNNSNNS------------------------------------------NTSYRLI---NCNTSAI-T---QA, 0.3439, 0
0.379342, -101.3264, [174], CHUNK, ['V'], VKLTPLCVTLNCTNVTNNITD-------------------------------------NINGELKN----CSFNI-T-TE--LRD-KK-QKE-YALF-YKLDVVPINENQTNNSNNS------------------------------------------NTSYRLI---NCNTSVI-T---QA, 0.6170, 0
0.374229, -111.2002, 174, POINT, T, VKLTPLCVTLNCTNVTNNITD-------------------------------------NINGELKN----CSFNI-T-TE--LRD-KK-QKE-YALF-YKLDVVPINENQTNNSNNS------------------------------------------NTSYRLI---NCNTSTI-T---QA, 0.2593, 1
0.382578, -109.5702, [63], CHUNK, ['I'], VKLTPLCVTLNCTNVTNNITD-------------------------------------NINGEIKN----CSFNI-T-TE--LRD-KK-QKE-YALF-YKLDVVPINENQTNNSNNS------------------------------------------NTSYRLI---NCNTSTI-T---QA, 0.2593, 0
0.378908, -111.1746, [106, 107], CHUNK, ['D', 'N'], VKLTPLCVTLNCTNVTNNITD-------------------------------------NINGELKN----CSFNI-T-TE--LRD-KK-QKE-YALF-YKLDVVPIDNNQTNNSNNS------------------------------------------NTSYRLI---NCNTSTI-T---QA, 0.2593, 0
0.379342, -93.5866, [174], CHUNK, ['V'], VKLTPLCVTLNCTNVTNNITD-------------------------------------NINGELKN----CSFNI-T-TE--LRD-KK-QKE-YALF-YKLDVVPINENQTNNSNNS------------------------------------------NTSYRLI---NCNTSVI-T---QA, 0.4977, 0
0.379342, -92.4404, 174, POINT, V, VKLTPLCVTLNCTNVTNNITD-------------------------------------NINGELKN----CSFNI-T-TE--LRD-KK-QKE-YALF-YKLDVVPINENQTNNSNNS------------------------------------------NTSYRLI---NCNTSVI-T---QA, 0.8165, 0
0.380409, -112.2901, [63], CHUNK, ['I'], VKLTPLCVTLNCTNVTNNITD-------------------------------------NINGEIKN----CSFNI-T-TE--LRD-KK-QKE-YALF-YKLDVVPINENQTNNSNNS------------------------------------------NTSYRLI---NCNTSAI-T---QA, 0.2555, 0
0.380409, -112.2901, [63], CHUNK, ['I'], VKLTPLCVTLNCTNVTNNITD-------------------------------------NINGEIKN----CSFNI-T-TE--LRD-KK-QKE-YALF-YKLDVVPINENQTNNSNNS------------------------------------------NTSYRLI---NCNTSAI-T---QA, 0.2555, 0
0.380409, -112.2901, [63], CHUNK, ['I'], VKLTPLCVTLNCTNVTNNITD-------------------------------------NINGEIKN----CSFNI-T-TE--LRD-KK-QKE-YALF-YKLDVVPINENQTNNSNNS------------------------------------------NTSYRLI---NCNTSAI-T---QA, 0.2555, 0
0.375849, -25.2698, 82, POINT, I, VKLTPLCVTLNCTNVTNNITD-------------------------------------NINGELKN----CSFNI-T-TE--IRD-KK-QKE-YALF-YKLDVVPINENQTNNSNNS------------------------------------------NTSYRLI---NCNTSAI-T---QA, 0.5834, 0
0.364257, -124.8140, [174], CHUNK, ['T'], VKLTPLCVTLNCTNVTNNITD-------------------------------------NINGELKN----CSFNM-T-TE--LRD-KK-QKE-YALF-YKLDVVPINENQTNNSNNS------------------------------------------NTSYRLI---NCNTSTI-T---QA, 0.0871, 1
0.371186, -121.6929, [63], CHUNK, ['I'], VKLTPLCVTLNCTNVTNNITD-------------------------------------NINGEIKN----CSFNM-T-TE--LRD-KK-QKE-YALF-YKLDVVPINENQTNNSNNS------------------------------------------NTSYRLI---NCNTSTI-T---QA, 0.0871, 0
0.368298, -122.9559, 74, POINT, T, VKLTPLCVTLNCTNVTNNITD-------------------------------------NINGELKN----CSFNT-T-TE--LRD-KK-QKE-YALF-YKLDVVPINENQTNNSNNS------------------------------------------NTSYRLI---NCNTSTI-T---QA, 0.0871, 1
0.371323, -33.5055, 82, POINT, I, VKLTPLCVTLNCTNVTNNITD-------------------------------------NINGELKN----CSFNT-T-TE--IRD-KK-QKE-YALF-YKLDVVPINENQTNNSNNS------------------------------------------NTSYRLI---NCNTSTI-T---QA, 0.3965, 0
0.375258, -119.8349, [63], CHUNK, ['I'], VKLTPLCVTLNCTNVTNNITD-------------------------------------NINGEIKN----CSFNT-T-TE--LRD-KK-QKE-YALF-YKLDVVPINENQTNNSNNS------------------------------------------NTSYRLI---NCNTSTI-T---QA, 0.0871, 0
0.375258, -121.1544, [63], CHUNK, ['I'], VKLTPLCVTLNCTNVTNNITD-------------------------------------NINGEIKN----CSFNT-T-TE--LRD-KK-QKE-YALF-YKLDVVPINENQTNNSNNS------------------------------------------NTSYRLI---NCNTSTI-T---QA, 0.1208, 1
0.382578, -105.6344, [74], CHUNK, ['I'], VKLTPLCVTLNCTNVTNNITD-------------------------------------NINGEIKN----CSFNI-T-TE--LRD-KK-QKE-YALF-YKLDVVPINENQTNNSNNS------------------------------------------NTSYRLI---NCNTSTI-T---QA, 0.5623, 0
0.383761, -121.0024, [107, 108, 109], CHUNK, ['N', 'S', 'N'], VKLTPLCVTLNCTNVTNNITD-------------------------------------NINGEIKN----CSFNT-T-TE--LRD-KK-QKE-YALF-YKLDVVPINNSNTNNSNNS------------------------------------------NTSYRLI---NCNTSTI-T---QA, 0.1208, 0
0.380371, -96.7568, [174], CHUNK, ['V'], VKLTPLCVTLNCTNVTNNITD-------------------------------------NINGEIKN----CSFNT-T-TE--LRD-KK-QKE-YALF-YKLDVVPINENQTNNSNNS------------------------------------------NTSYRLI---NCNTSVI-T---QA, 0.6248, 0
0.379937, -121.1297, [106, 107], CHUNK, ['D', 'N'], VKLTPLCVTLNCTNVTNNITD-------------------------------------NINGEIKN----CSFNT-T-TE--LRD-KK-QKE-YALF-YKLDVVPIDNNQTNNSNNS------------------------------------------NTSYRLI---NCNTSTI-T---QA, 0.1208, 0
0.372739, -123.0257, 107, POINT, N, VKLTPLCVTLNCTNVTNNITD-------------------------------------NINGELKN----CSFNT-T-TE--LRD-KK-QKE-YALF-YKLDVVPINNNQTNNSNNS------------------------------------------NTSYRLI---NCNTSTI-T---QA, 0.0871, 0
0.375258, -119.8349, [63], CHUNK, ['I'], VKLTPLCVTLNCTNVTNNITD-------------------------------------NINGEIKN----CSFNT-T-TE--LRD-KK-QKE-YALF-YKLDVVPINENQTNNSNNS------------------------------------------NTSYRLI---NCNTSTI-T---QA, 0.0871, 0
0.374229, -111.1753, 74, POINT, I, VKLTPLCVTLNCTNVTNNITD-------------------------------------NINGELKN----CSFNI-T-TE--LRD-KK-QKE-YALF-YKLDVVPINENQTNNSNNS------------------------------------------NTSYRLI---NCNTSTI-T---QA, 0.3990, 0
0.374229, -102.0847, [74], CHUNK, ['I'], VKLTPLCVTLNCTNVTNNITD-------------------------------------NINGELKN----CSFNI-T-TE--LRD-KK-QKE-YALF-YKLDVVPINENQTNNSNNS------------------------------------------NTSYRLI---NCNTSTI-T---QA, 0.3178, 0
0.365153, -125.0783, 16, POINT, T, VKLTPLCVTLNCTNVTTNITD-------------------------------------NINGELKN----CSFNM-T-TE--LRD-KK-QKE-YALF-YKLDVVPINENQTNNSNNS------------------------------------------NTSYRLI---NCNTSTI-T---QA, 0.0871, 0
0.371186, -121.6929, 63, POINT, I, VKLTPLCVTLNCTNVTNNITD-------------------------------------NINGEIKN----CSFNM-T-TE--LRD-KK-QKE-YALF-YKLDVVPINENQTNNSNNS------------------------------------------NTSYRLI---NCNTSTI-T---QA, 0.0871, 0
0.369370, -104.7405, 174, POINT, V, VKLTPLCVTLNCTNVTNNITD-------------------------------------NINGELKN----CSFNM-T-TE--LRD-KK-QKE-YALF-YKLDVVPINENQTNNSNNS------------------------------------------NTSYRLI---NCNTSVI-T---QA, 0.4463, 0
0.368698, -124.8837, 107, POINT, N, VKLTPLCVTLNCTNVTNNITD-------------------------------------NINGELKN----CSFNM-T-TE--LRD-KK-QKE-YALF-YKLDVVPINNNQTNNSNNS------------------------------------------NTSYRLI---NCNTSTI-T---QA, 0.0871, 0
0.372060, -116.1625, [74], CHUNK, ['I'], VKLTPLCVTLNCTNVTNNITD-------------------------------------NINGELKN----CSFNI-T-TE--LRD-KK-QKE-YALF-YKLDVVPINENQTNNSNNS------------------------------------------NTSYRLI---NCNTSAI-T---QA, 0.1964, 0
0.369017, -125.1593, [63], CHUNK, ['I'], VKLTPLCVTLNCTNVTNNITD-------------------------------------NINGEIKN----CSFNM-T-TE--LRD-KK-QKE-YALF-YKLDVVPINENQTNNSNNS------------------------------------------NTSYRLI---NCNTSAI-T---QA, 0.0982, 0
0.372060, -118.1532, [74], CHUNK, ['I'], VKLTPLCVTLNCTNVTNNITD-------------------------------------NINGELKN----CSFNI-T-TE--LRD-KK-QKE-YALF-YKLDVVPINENQTNNSNNS------------------------------------------NTSYRLI---NCNTSAI-T---QA, 0.2419, 1
0.374788, -115.9514, [63], CHUNK, ['M'], VKLTPLCVTLNCTNVTNNITD-------------------------------------NINGEMKN----CSFNI-T-TE--LRD-KK-QKE-YALF-YKLDVVPINENQTNNSNNS------------------------------------------NTSYRLI---NCNTSAI-T---QA, 0.2419, 0
0.375849, -3.6506, 82, POINT, I, VKLTPLCVTLNCTNVTNNITD-------------------------------------NINGELKN----CSFNI-T-TE--IRD-KK-QKE-YALF-YKLDVVPINENQTNNSNNS------------------------------------------NTSYRLI---NCNTSAI-T---QA, 0.2454, 0
0.376501, -118.2234, 107, POINT, N, VKLTPLCVTLNCTNVTNNITD-------------------------------------NINGELKN----CSFNI-T-TE--LRD-KK-QKE-YALF-YKLDVVPINNNQTNNSNNS------------------------------------------NTSYRLI---NCNTSAI-T---QA, 0.2419, 1
0.383515, -118.2250, 109, POINT, N, VKLTPLCVTLNCTNVTNNITD-------------------------------------NINGELKN----CSFNI-T-TE--LRD-KK-QKE-YALF-YKLDVVPINNNNTNNSNNS------------------------------------------NTSYRLI---NCNTSAI-T---QA, 0.2419, 0
0.380290, -39.1752, [82], CHUNK, ['I'], VKLTPLCVTLNCTNVTNNITD-------------------------------------NINGELKN----CSFNI-T-TE--IRD-KK-QKE-YALF-YKLDVVPINNNQTNNSNNS------------------------------------------NTSYRLI---NCNTSAI-T---QA, 0.2990, 0
0.384850, -116.9602, [63], CHUNK, ['I'], VKLTPLCVTLNCTNVTNNITD-------------------------------------NINGEIKN----CSFNI-T-TE--LRD-KK-QKE-YALF-YKLDVVPINNNQTNNSNNS------------------------------------------NTSYRLI---NCNTSAI-T---QA, 0.2419, 0
0.379229, -116.0217, [63], CHUNK, ['M'], VKLTPLCVTLNCTNVTNNITD-------------------------------------NINGEMKN----CSFNI-T-TE--LRD-KK-QKE-YALF-YKLDVVPINNNQTNNSNNS------------------------------------------NTSYRLI---NCNTSAI-T---QA, 0.2419, 0
0.374229, -115.7680, 174, POINT, T, VKLTPLCVTLNCTNVTNNITD-------------------------------------NINGELKN----CSFNI-T-TE--LRD-KK-QKE-YALF-YKLDVVPINENQTNNSNNS------------------------------------------NTSYRLI---NCNTSTI-T---QA, 0.2375, 0
0.376501, -119.3790, 107, POINT, N, VKLTPLCVTLNCTNVTNNITD-------------------------------------NINGELKN----CSFNI-T-TE--LRD-KK-QKE-YALF-YKLDVVPINNNQTNNSNNS------------------------------------------NTSYRLI---NCNTSAI-T---QA, 0.2659, 0
0.380409, -116.8900, [63], CHUNK, ['I'], VKLTPLCVTLNCTNVTNNITD-------------------------------------NINGEIKN----CSFNI-T-TE--LRD-KK-QKE-YALF-YKLDVVPINENQTNNSNNS------------------------------------------NTSYRLI---NCNTSAI-T---QA, 0.2419, 0
0.374691, -118.5370, 20, POINT, N, VKLTPLCVTLNCTNVTNNITN-------------------------------------NINGELKN----CSFNI-T-TE--LRD-KK-QKE-YALF-YKLDVVPINENQTNNSNNS------------------------------------------NTSYRLI---NCNTSAI-T---QA, 0.2419, 0
0.372060, -109.0864, [74], CHUNK, ['I'], VKLTPLCVTLNCTNVTNNITD-------------------------------------NINGELKN----CSFNI-T-TE--LRD-KK-QKE-YALF-YKLDVVPINENQTNNSNNS------------------------------------------NTSYRLI---NCNTSAI-T---QA, 0.4594, 0
0.364719, -127.5004, 20, POINT, N, VKLTPLCVTLNCTNVTNNITN-------------------------------------NINGELKN----CSFNM-T-TE--LRD-KK-QKE-YALF-YKLDVVPINENQTNNSNNS------------------------------------------NTSYRLI---NCNTSAI-T---QA, 0.0871, 1
0.374691, -111.9831, [74], CHUNK, ['I'], VKLTPLCVTLNCTNVTNNITN-------------------------------------NINGELKN----CSFNI-T-TE--LRD-KK-QKE-YALF-YKLDVVPINENQTNNSNNS------------------------------------------NTSYRLI---NCNTSAI-T---QA, 0.3990, 0
0.372001, -102.6674, [174], CHUNK, ['V'], VKLTPLCVTLNCTNVTNNITN-------------------------------------NINGELKN----CSFNM-T-TE--LRD-KK-QKE-YALF-YKLDVVPINENQTNNSNNS------------------------------------------NTSYRLI---NCNTSVI-T---QA, 0.2107, 0
0.372001, -105.4344, [174], CHUNK, ['V'], VKLTPLCVTLNCTNVTNNITN-------------------------------------NINGELKN----CSFNM-T-TE--LRD-KK-QKE-YALF-YKLDVVPINENQTNNSNNS------------------------------------------NTSYRLI---NCNTSVI-T---QA, 0.3960, 0
0.368399, -126.5767, 109, POINT, S, VKLTPLCVTLNCTNVTNNITN-------------------------------------NINGELKN----CSFNM-T-TE--LRD-KK-QKE-YALF-YKLDVVPINENSTNNSNNS------------------------------------------NTSYRLI---NCNTSAI-T---QA, 0.0871, 1
0.372440, -124.7187, 74, POINT, T, VKLTPLCVTLNCTNVTNNITN-------------------------------------NINGELKN----CSFNT-T-TE--LRD-KK-QKE-YALF-YKLDVVPINENSTNNSNNS------------------------------------------NTSYRLI---NCNTSAI-T---QA, 0.0871, 1
0.375721, -122.7060, 18, POINT, N, VKLTPLCVTLNCTNVTNNNTN-------------------------------------NINGELKN----CSFNT-T-TE--LRD-KK-QKE-YALF-YKLDVVPINENSTNNSNNS------------------------------------------NTSYRLI---NCNTSAI-T---QA, 0.0871, 1
0.376172, -110.0415, 74, POINT, V, VKLTPLCVTLNCTNVTNNNTN-------------------------------------NINGELKN----CSFNV-T-TE--LRD-KK-QKE-YALF-YKLDVVPINENSTNNSNNS------------------------------------------NTSYRLI---NCNTSAI-T---QA, 0.3094, 1
0.381652, -114.1017, [74], CHUNK, ['I'], VKLTPLCVTLNCTNVTNNNTN-------------------------------------NINGELKN----CSFNI-T-TE--LRD-KK-QKE-YALF-YKLDVVPINENSTNNSNNS------------------------------------------NTSYRLI---NCNTSAI-T---QA, 0.3121, 0
0.383455, -91.7281, [174], CHUNK, ['V'], VKLTPLCVTLNCTNVTNNNTN-------------------------------------NINGELKN----CSFNV-T-TE--LRD-KK-QKE-YALF-YKLDVVPINENSTNNSNNS------------------------------------------NTSYRLI---NCNTSVI-T---QA, 0.5110, 0
0.383455, -103.5538, 174, POINT, V, VKLTPLCVTLNCTNVTNNNTN-------------------------------------NINGELKN----CSFNV-T-TE--LRD-KK-QKE-YALF-YKLDVVPINENSTNNSNNS------------------------------------------NTSYRLI---NCNTSVI-T---QA, 0.4111, 0
0.381857, -110.1096, 107, POINT, N, VKLTPLCVTLNCTNVTNNNTN-------------------------------------NINGELKN----CSFNV-T-TE--LRD-KK-QKE-YALF-YKLDVVPINNNSTNNSNNS------------------------------------------NTSYRLI---NCNTSAI-T---QA, 0.3094, 0
0.383003, -94.1174, [174], CHUNK, ['V'], VKLTPLCVTLNCTNVTNNNTN-------------------------------------NINGELKN----CSFNT-T-TE--LRD-KK-QKE-YALF-YKLDVVPINENSTNNSNNS------------------------------------------NTSYRLI---NCNTSVI-T---QA, 0.4818, 0
0.381652, -111.5023, [74], CHUNK, ['I'], VKLTPLCVTLNCTNVTNNNTN-------------------------------------NINGELKN----CSFNI-T-TE--LRD-KK-QKE-YALF-YKLDVVPINENSTNNSNNS------------------------------------------NTSYRLI---NCNTSAI-T---QA, 0.4138, 1
0.385441, -52.2877, 82, POINT, I, VKLTPLCVTLNCTNVTNNNTN-------------------------------------NINGELKN----CSFNI-T-TE--IRD-KK-QKE-YALF-YKLDVVPINENSTNNSNNS------------------------------------------NTSYRLI---NCNTSAI-T---QA, 0.5387, 0
0.385441, 5.0093, 82, POINT, I, VKLTPLCVTLNCTNVTNNNTN-------------------------------------NINGELKN----CSFNI-T-TE--IRD-KK-QKE-YALF-YKLDVVPINENSTNNSNNS------------------------------------------NTSYRLI---NCNTSAI-T---QA, 0.4891, 0
0.390071, -105.9724, 63, POINT, I, VKLTPLCVTLNCTNVTNNNTN-------------------------------------NINGEIKN----CSFNI-T-TE--LRD-KK-QKE-YALF-YKLDVVPINENSTNNSNNS------------------------------------------NTSYRLI---NCNTSAI-T---QA, 0.4138, 0
0.388935, -98.5303, [174], CHUNK, ['V'], VKLTPLCVTLNCTNVTNNNTN-------------------------------------NINGELKN----CSFNI-T-TE--LRD-KK-QKE-YALF-YKLDVVPINENSTNNSNNS------------------------------------------NTSYRLI---NCNTSVI-T---QA, 0.4490, 0
0.383003, -102.7476, [174], CHUNK, ['V'], VKLTPLCVTLNCTNVTNNNTN-------------------------------------NINGELKN----CSFNT-T-TE--LRD-KK-QKE-YALF-YKLDVVPINENSTNNSNNS------------------------------------------NTSYRLI---NCNTSVI-T---QA, 0.4946, 0
0.381652, -107.2731, [74], CHUNK, ['I'], VKLTPLCVTLNCTNVTNNNTN-------------------------------------NINGELKN----CSFNI-T-TE--LRD-KK-QKE-YALF-YKLDVVPINENSTNNSNNS------------------------------------------NTSYRLI---NCNTSAI-T---QA, 0.3892, 0
0.379368, -77.5641, [61, 63], CHUNK, ['E', 'I'], VKLTPLCVTLNCTNVTNNNTN-------------------------------------NINEEIKN----CSFNT-T-TE--LRD-KK-QKE-YALF-YKLDVVPINENSTNNSNNS------------------------------------------NTSYRLI---NCNTSAI-T---QA, 0.3940, 0
0.381652, -108.7168, [74], CHUNK, ['I'], VKLTPLCVTLNCTNVTNNNTN-------------------------------------NINGELKN----CSFNI-T-TE--LRD-KK-QKE-YALF-YKLDVVPINENSTNNSNNS------------------------------------------NTSYRLI---NCNTSAI-T---QA, 0.2784, 0
0.379477, -121.5977, [63], CHUNK, ['I'], VKLTPLCVTLNCTNVTNNITN-------------------------------------NINGEIKN----CSFNT-T-TE--LRD-KK-QKE-YALF-YKLDVVPINENSTNNSNNS------------------------------------------NTSYRLI---NCNTSAI-T---QA, 0.0871, 0
0.375989, -124.3343, 107, POINT, T, VKLTPLCVTLNCTNVTNNITN-------------------------------------NINGELKN----CSFNT-T-TE--LRD-KK-QKE-YALF-YKLDVVPINTNSTNNSNNS------------------------------------------NTSYRLI---NCNTSAI-T---QA, 0.0871, 0
0.379477, -122.7389, [63], CHUNK, ['I'], VKLTPLCVTLNCTNVTNNITN-------------------------------------NINGEIKN----CSFNT-T-TE--LRD-KK-QKE-YALF-YKLDVVPINENSTNNSNNS------------------------------------------NTSYRLI---NCNTSAI-T---QA, 0.1091, 1
0.386759, -99.1713, 174, POINT, V, VKLTPLCVTLNCTNVTNNITN-------------------------------------NINGEIKN----CSFNT-T-TE--LRD-KK-QKE-YALF-YKLDVVPINENSTNNSNNS------------------------------------------NTSYRLI---NCNTSVI-T---QA, 0.3557, 0
0.386759, -93.3370, [174], CHUNK, ['V'], VKLTPLCVTLNCTNVTNNITN-------------------------------------NINGEIKN----CSFNT-T-TE--LRD-KK-QKE-YALF-YKLDVVPINENSTNNSNNS------------------------------------------NTSYRLI---NCNTSVI-T---QA, 0.3315, 0
0.383027, -122.3546, 107, POINT, T, VKLTPLCVTLNCTNVTNNITN-------------------------------------NINGEIKN----CSFNT-T-TE--LRD-KK-QKE-YALF-YKLDVVPINTNSTNNSNNS------------------------------------------NTSYRLI---NCNTSAI-T---QA, 0.1091, 0
0.382502, -9.2501, [82], CHUNK, ['I'], VKLTPLCVTLNCTNVTNNITN-------------------------------------NINGEIKN----CSFNT-T-TE--IRD-KK-QKE-YALF-YKLDVVPINENSTNNSNNS------------------------------------------NTSYRLI---NCNTSAI-T---QA, 0.2940, 0
0.375721, -122.7060, 18, POINT, N, VKLTPLCVTLNCTNVTNNNTN-------------------------------------NINGELKN----CSFNT-T-TE--LRD-KK-QKE-YALF-YKLDVVPINENSTNNSNNS------------------------------------------NTSYRLI---NCNTSAI-T---QA, 0.0871, 1
0.383003, -96.1354, [174], CHUNK, ['V'], VKLTPLCVTLNCTNVTNNNTN-------------------------------------NINGELKN----CSFNT-T-TE--LRD-KK-QKE-YALF-YKLDVVPINENSTNNSNNS------------------------------------------NTSYRLI---NCNTSVI-T---QA, 0.3317, 0
0.381652, -109.2589, 74, POINT, I, VKLTPLCVTLNCTNVTNNNTN-------------------------------------NINGELKN----CSFNI-T-TE--LRD-KK-QKE-YALF-YKLDVVPINENSTNNSNNS------------------------------------------NTSYRLI---NCNTSAI-T---QA, 0.2838, 0
0.382750, -119.5849, [63], CHUNK, ['I'], VKLTPLCVTLNCTNVTNNNTN-------------------------------------NINGEIKN----CSFNT-T-TE--LRD-KK-QKE-YALF-YKLDVVPINENSTNNSNNS------------------------------------------NTSYRLI---NCNTSAI-T---QA, 0.0871, 0
0.377890, -120.4118, 174, POINT, T, VKLTPLCVTLNCTNVTNNNTN-------------------------------------NINGELKN----CSFNT-T-TE--LRD-KK-QKE-YALF-YKLDVVPINENSTNNSNNS------------------------------------------NTSYRLI---NCNTSTI-T---QA, 0.0871, 1
0.379525, -116.8245, 20, POINT, T, VKLTPLCVTLNCTNVTNNNTT-------------------------------------NINGELKN----CSFNT-T-TE--LRD-KK-QKE-YALF-YKLDVVPINENSTNNSNNS------------------------------------------NTSYRLI---NCNTSTI-T---QA, 0.0871, 0
0.383821, -104.9274, [74], CHUNK, ['I'], VKLTPLCVTLNCTNVTNNNTN-------------------------------------NINGELKN----CSFNI-T-TE--LRD-KK-QKE-YALF-YKLDVVPINENSTNNSNNS------------------------------------------NTSYRLI---NCNTSTI-T---QA, 0.3563, 0
0.383575, -120.4815, 107, POINT, N, VKLTPLCVTLNCTNVTNNNTN-------------------------------------NINGELKN----CSFNT-T-TE--LRD-KK-QKE-YALF-YKLDVVPINNNSTNNSNNS------------------------------------------NTSYRLI---NCNTSTI-T---QA, 0.0871, 0
0.380090, -118.3637, 63, POINT, M, VKLTPLCVTLNCTNVTNNNTN-------------------------------------NINGEMKN----CSFNT-T-TE--LRD-KK-QKE-YALF-YKLDVVPINENSTNNSNNS------------------------------------------NTSYRLI---NCNTSTI-T---QA, 0.0871, 0
0.382750, -119.5849, [63], CHUNK, ['I'], VKLTPLCVTLNCTNVTNNNTN-------------------------------------NINGEIKN----CSFNT-T-TE--LRD-KK-QKE-YALF-YKLDVVPINENSTNNSNNS------------------------------------------NTSYRLI---NCNTSAI-T---QA, 0.0871, 1
0.390071, -115.2269, [74], CHUNK, ['I'], VKLTPLCVTLNCTNVTNNNTN-------------------------------------NINGEIKN----CSFNI-T-TE--LRD-KK-QKE-YALF-YKLDVVPINENSTNNSNNS------------------------------------------NTSYRLI---NCNTSAI-T---QA, 0.2125, 1
0.392216, -113.4113, 14, POINT, N, VKLTPLCVTLNCTNNTNNNTN-------------------------------------NINGEIKN----CSFNI-T-TE--LRD-KK-QKE-YALF-YKLDVVPINENSTNNSNNS------------------------------------------NTSYRLI---NCNTSAI-T---QA, 0.2125, 0
0.397353, -89.5243, 174, POINT, V, VKLTPLCVTLNCTNVTNNNTN-------------------------------------NINGEIKN----CSFNI-T-TE--LRD-KK-QKE-YALF-YKLDVVPINENSTNNSNNS------------------------------------------NTSYRLI---NCNTSVI-T---QA, 0.7350, 0
0.390282, -116.1550, 18, POINT, T, VKLTPLCVTLNCTNVTNNTTN-------------------------------------NINGEIKN----CSFNI-T-TE--LRD-KK-QKE-YALF-YKLDVVPINENSTNNSNNS------------------------------------------NTSYRLI---NCNTSAI-T---QA, 0.2125, 0
0.393860, 3.7574, [82], CHUNK, ['I'], VKLTPLCVTLNCTNVTNNNTN-------------------------------------NINGEIKN----CSFNI-T-TE--IRD-KK-QKE-YALF-YKLDVVPINENSTNNSNNS------------------------------------------NTSYRLI---NCNTSAI-T---QA, 0.3243, 0
0.390071, -109.7321, [74], CHUNK, ['I'], VKLTPLCVTLNCTNVTNNNTN-------------------------------------NINGEIKN----CSFNI-T-TE--LRD-KK-QKE-YALF-YKLDVVPINENSTNNSNNS------------------------------------------NTSYRLI---NCNTSAI-T---QA, 0.3839, 0
0.388394, -119.5249, [106, 107], CHUNK, ['D', 'N'], VKLTPLCVTLNCTNVTNNNTN-------------------------------------NINGEIKN----CSFNT-T-TE--LRD-KK-QKE-YALF-YKLDVVPIDNNSTNNSNNS------------------------------------------NTSYRLI---NCNTSAI-T---QA, 0.0871, 0
0.388435, -119.6546, 107, POINT, N, VKLTPLCVTLNCTNVTNNNTN-------------------------------------NINGEIKN----CSFNT-T-TE--LRD-KK-QKE-YALF-YKLDVVPINNNSTNNSNNS------------------------------------------NTSYRLI---NCNTSAI-T---QA, 0.0871, 1
0.390117, -120.0384, 14, POINT, T, VKLTPLCVTLNCTNTTNNNTN-------------------------------------NINGEIKN----CSFNT-T-TE--LRD-KK-QKE-YALF-YKLDVVPINNNSTNNSNNS------------------------------------------NTSYRLI---NCNTSAI-T---QA, 0.0871, 0
0.395718, -96.4155, 174, POINT, V, VKLTPLCVTLNCTNVTNNNTN-------------------------------------NINGEIKN----CSFNT-T-TE--LRD-KK-QKE-YALF-YKLDVVPINNNSTNNSNNS------------------------------------------NTSYRLI---NCNTSVI-T---QA, 0.4372, 0
------END OF DATA------
Best coverage = 0.390070705751
Best sequence = VKLTPLCVTLNCTNVTNNNTN-------------------------------------NINGEIKN----CSFNI-T-TE--LRD-KK-QKE-YALF-YKLDVVPINENSTNNSNNS------------------------------------------NTSYRLI---NCNTSAI-T---QA
Best energy = -115.226928805
Best RMSD = 0.212501749396
Hard Covereage = 0.0910736730107
Num epitopes = 65
