Name base = V1V2_200_sq_9_1_ni
Iters = 200
Soft coverage = 1.31203964383
Energy = -131.930040178
Hard Covereage = 0.0368019545157
Num epitopes = 65
Initial seq = VKLTPLCVTLQCTNVTNNITD-------------------------------------DMRGELKN----CSFNM-T-TE--LRD-KK-QKV-YSLF-YRLDVVQINENQGNRSNNS------------------------------------------NKEYRLI---NCNTSAI-T---QA
-------START OF DATA------
1.344373, -131.2959, [160, 161], CHUNK, ['S', 'T'], VKLTPLCVTLQCTNVTNNITD-------------------------------------DMRGELKN----CSFNM-T-TE--LRD-KK-QKV-YSLF-YRLDVVQINENQGNRSNNS------------------------------------------NSTYRLI---NCNTSAI-T---QA, 0.0000, 1
1.374499, -130.4822, [10], CHUNK, ['T'], VKLTPLCVTLTCTNVTNNITD-------------------------------------DMRGELKN----CSFNM-T-TE--LRD-KK-QKV-YSLF-YRLDVVQINENQGNRSNNS------------------------------------------NSTYRLI---NCNTSAI-T---QA, 0.0000, 1
1.409606, -14.7982, [74, 79, 82], CHUNK, ['I', 'T', 'I'], VKLTPLCVTLTCTNVTNNITD-------------------------------------DMRGELKN----CSFNI-T-TT--IRD-KK-QKV-YSLF-YRLDVVQINENQGNRSNNS------------------------------------------NSTYRLI---NCNTSAI-T---QA, 0.3118, 0
1.413702, -110.1653, [74, 79], CHUNK, ['I', 'N'], VKLTPLCVTLTCTNVTNNITD-------------------------------------DMRGELKN----CSFNI-T-TN--LRD-KK-QKV-YSLF-YRLDVVQINENQGNRSNNS------------------------------------------NSTYRLI---NCNTSAI-T---QA, 0.1644, 0
1.406222, -126.1697, [74], CHUNK, ['T'], VKLTPLCVTLTCTNVTNNITD-------------------------------------DMRGELKN----CSFNT-T-TE--LRD-KK-QKV-YSLF-YRLDVVQINENQGNRSNNS------------------------------------------NSTYRLI---NCNTSAI-T---QA, 0.0000, 1
1.412737, -124.4066, 99, POINT, K, VKLTPLCVTLTCTNVTNNITD-------------------------------------DMRGELKN----CSFNT-T-TE--LRD-KK-QKV-YSLF-YKLDVVQINENQGNRSNNS------------------------------------------NSTYRLI---NCNTSAI-T---QA, 0.0033, 0
1.417300, -125.3192, 79, POINT, S, VKLTPLCVTLTCTNVTNNITD-------------------------------------DMRGELKN----CSFNT-T-TS--LRD-KK-QKV-YSLF-YRLDVVQINENQGNRSNNS------------------------------------------NSTYRLI---NCNTSAI-T---QA, 0.0000, 1
1.436330, -126.1620, [10], CHUNK, ['N'], VKLTPLCVTLNCTNVTNNITD-------------------------------------DMRGELKN----CSFNT-T-TS--LRD-KK-QKV-YSLF-YRLDVVQINENQGNRSNNS------------------------------------------NSTYRLI---NCNTSAI-T---QA, 0.0603, 1
1.454166, -106.3839, 61, POINT, T, VKLTPLCVTLNCTNVTNNITD-------------------------------------DMRTELKN----CSFNT-T-TS--LRD-KK-QKV-YSLF-YRLDVVQINENQGNRSNNS------------------------------------------NSTYRLI---NCNTSAI-T---QA, 0.0603, 0
1.488869, -103.0182, [58, 59, 60, 61, 63], CHUNK, ['T', 'Y', 'N', 'N', 'M'], VKLTPLCVTLNCTNVTNNITD-------------------------------------TYNNEMKN----CSFNT-T-TS--LRD-KK-QKV-YSLF-YRLDVVQINENQGNRSNNS------------------------------------------NSTYRLI---NCNTSAI-T---QA, 0.0603, 1
1.500306, -101.5556, [99, 104], CHUNK, ['K', 'P'], VKLTPLCVTLNCTNVTNNITD-------------------------------------TYNNEMKN----CSFNT-T-TS--LRD-KK-QKV-YSLF-YKLDVVPINENQGNRSNNS------------------------------------------NSTYRLI---NCNTSAI-T---QA, 0.0603, 0
1.500570, -103.3029, [63], CHUNK, ['I'], VKLTPLCVTLNCTNVTNNITD-------------------------------------TYNNEIKN----CSFNT-T-TS--LRD-KK-QKV-YSLF-YRLDVVQINENQGNRSNNS------------------------------------------NSTYRLI---NCNTSAI-T---QA, 0.0603, 0
1.499471, -102.7625, [160, 161], CHUNK, ['T', 'S'], VKLTPLCVTLNCTNVTNNITD-------------------------------------TYNNEMKN----CSFNT-T-TS--LRD-KK-QKV-YSLF-YRLDVVQINENQGNRSNNS------------------------------------------NTSYRLI---NCNTSAI-T---QA, 0.0603, 1
1.510858, -104.4894, [159, 163], CHUNK, ['T', 'T'], VKLTPLCVTLNCTNVTNNITD-------------------------------------TYNNEMKN----CSFNT-T-TS--LRD-KK-QKV-YSLF-YRLDVVQINENQGNRSNNS------------------------------------------TTSYTLI---NCNTSAI-T---QA, 0.0603, 0
1.510909, -101.5349, [99, 104], CHUNK, ['K', 'P'], VKLTPLCVTLNCTNVTNNITD-------------------------------------TYNNEMKN----CSFNT-T-TS--LRD-KK-QKV-YSLF-YKLDVVPINENQGNRSNNS------------------------------------------NTSYRLI---NCNTSAI-T---QA, 0.0565, 0
1.515833, 16.1424, [79, 82], CHUNK, ['N', 'I'], VKLTPLCVTLNCTNVTNNITD-------------------------------------TYNNEMKN----CSFNT-T-TN--IRD-KK-QKV-YSLF-YRLDVVQINENQGNRSNNS------------------------------------------NTSYRLI---NCNTSAI-T---QA, 0.1341, 0
1.522527, -102.4344, [159, 163, 165], CHUNK, ['T', 'T', 'T'], VKLTPLCVTLNCTNVTNNITD-------------------------------------TYNNEMKN----CSFNT-T-TS--LRD-KK-QKV-YSLF-YRLDVVQINENQGNRSNNS------------------------------------------TTSYTLT---NCNTSAI-T---QA, 0.0603, 0
1.503469, -103.4285, [160], CHUNK, ['T'], VKLTPLCVTLNCTNVTNNITD-------------------------------------TYNNEMKN----CSFNT-T-TS--LRD-KK-QKV-YSLF-YRLDVVQINENQGNRSNNS------------------------------------------NTTYRLI---NCNTSAI-T---QA, 0.0603, 0
1.512143, -103.1310, 107, POINT, N, VKLTPLCVTLNCTNVTNNITD-------------------------------------TYNNEMKN----CSFNT-T-TS--LRD-KK-QKV-YSLF-YRLDVVQINNNQGNRSNNS------------------------------------------NSTYRLI---NCNTSAI-T---QA, 0.0603, 0
1.500967, -101.3797, [91, 94, 99], CHUNK, ['E', 'A', 'K'], VKLTPLCVTLNCTNVTNNITD-------------------------------------TYNNEMKN----CSFNT-T-TS--LRD-KK-QKE-YALF-YKLDVVQINENQGNRSNNS------------------------------------------NSTYRLI---NCNTSAI-T---QA, 0.0494, 0
1.499471, -102.7625, [160, 161], CHUNK, ['T', 'S'], VKLTPLCVTLNCTNVTNNITD-------------------------------------TYNNEMKN----CSFNT-T-TS--LRD-KK-QKV-YSLF-YRLDVVQINENQGNRSNNS------------------------------------------NTSYRLI---NCNTSAI-T---QA, 0.0603, 0
1.499343, -120.4672, [58, 59, 60, 63], CHUNK, ['N', 'L', 'T', 'I'], VKLTPLCVTLNCTNVTNNITD-------------------------------------NLTGEIKN----CSFNT-T-TS--LRD-KK-QKV-YSLF-YRLDVVQINENQGNRSNNS------------------------------------------NSTYRLI---NCNTSAI-T---QA, 0.0603, 0
1.455751, -126.5501, 20, POINT, N, VKLTPLCVTLNCTNVTNNITN-------------------------------------DMRGELKN----CSFNT-T-TS--LRD-KK-QKV-YSLF-YRLDVVQINENQGNRSNNS------------------------------------------NSTYRLI---NCNTSAI-T---QA, 0.0603, 0
1.452692, -69.5218, [79, 82], CHUNK, ['N', 'I'], VKLTPLCVTLNCTNVTNNITD-------------------------------------DMRGELKN----CSFNT-T-TN--IRD-KK-QKV-YSLF-YRLDVVQINENQGNRSNNS------------------------------------------NSTYRLI---NCNTSAI-T---QA, 0.3469, 0
1.451032, -124.6734, [174], CHUNK, ['T'], VKLTPLCVTLNCTNVTNNITD-------------------------------------DMRGELKN----CSFNT-T-TS--LRD-KK-QKV-YSLF-YRLDVVQINENQGNRSNNS------------------------------------------NSTYRLI---NCNTSTI-T---QA, 0.0592, 0
1.431900, -125.7310, 160, POINT, T, VKLTPLCVTLTCTNVTNNITD-------------------------------------DMRGELKN----CSFNT-T-TS--LRD-KK-QKV-YSLF-YRLDVVQINENQGNRSNNS------------------------------------------NTTYRLI---NCNTSAI-T---QA, 0.0000, 1
1.450931, -126.4541, [10], CHUNK, ['N'], VKLTPLCVTLNCTNVTNNITD-------------------------------------DMRGELKN----CSFNT-T-TS--LRD-KK-QKV-YSLF-YRLDVVQINENQGNRSNNS------------------------------------------NTTYRLI---NCNTSAI-T---QA, 0.0000, 0
1.460826, -120.0794, [98, 99, 104], CHUNK, ['N', 'K', 'S'], VKLTPLCVTLTCTNVTNNITD-------------------------------------DMRGELKN----CSFNT-T-TS--LRD-KK-QKV-YSLF-NKLDVVSINENQGNRSNNS------------------------------------------NTTYRLI---NCNTSAI-T---QA, 0.0000, 0
1.450931, -126.4541, [10], CHUNK, ['N'], VKLTPLCVTLNCTNVTNNITD-------------------------------------DMRGELKN----CSFNT-T-TS--LRD-KK-QKV-YSLF-YRLDVVQINENQGNRSNNS------------------------------------------NTTYRLI---NCNTSAI-T---QA, 0.0000, 1
1.467293, -17.9909, [79, 82], CHUNK, ['N', 'I'], VKLTPLCVTLNCTNVTNNITD-------------------------------------DMRGELKN----CSFNT-T-TN--IRD-KK-QKV-YSLF-YRLDVVQINENQGNRSNNS------------------------------------------NTTYRLI---NCNTSAI-T---QA, 0.1841, 0
1.475772, -126.4943, 59, POINT, N, VKLTPLCVTLNCTNVTNNITD-------------------------------------DNRGELKN----CSFNT-T-TS--LRD-KK-QKV-YSLF-YRLDVVQINENQGNRSNNS------------------------------------------NTTYRLI---NCNTSAI-T---QA, 0.0000, 1
1.499046, -126.6071, 107, POINT, N, VKLTPLCVTLNCTNVTNNITD-------------------------------------DNRGELKN----CSFNT-T-TS--LRD-KK-QKV-YSLF-YRLDVVQINNNQGNRSNNS------------------------------------------NTTYRLI---NCNTSAI-T---QA, 0.0000, 1
1.515408, -10.3278, [79, 82], CHUNK, ['N', 'I'], VKLTPLCVTLNCTNVTNNITD-------------------------------------DNRGELKN----CSFNT-T-TN--IRD-KK-QKV-YSLF-YRLDVVQINNNQGNRSNNS------------------------------------------NTTYRLI---NCNTSAI-T---QA, 0.2178, 0
1.505658, -124.6659, [99], CHUNK, ['K'], VKLTPLCVTLNCTNVTNNITD-------------------------------------DNRGELKN----CSFNT-T-TS--LRD-KK-QKV-YSLF-YKLDVVQINNNQGNRSNNS------------------------------------------NTTYRLI---NCNTSAI-T---QA, 0.0000, 0
1.519184, -125.0681, 18, POINT, N, VKLTPLCVTLNCTNVTNNNTD-------------------------------------DNRGELKN----CSFNT-T-TS--LRD-KK-QKV-YSLF-YRLDVVQINNNQGNRSNNS------------------------------------------NTTYRLI---NCNTSAI-T---QA, 0.0000, 1
1.534502, -124.1003, 104, POINT, S, VKLTPLCVTLNCTNVTNNNTD-------------------------------------DNRGELKN----CSFNT-T-TS--LRD-KK-QKV-YSLF-YRLDVVSINNNQGNRSNNS------------------------------------------NTTYRLI---NCNTSAI-T---QA, 0.0000, 0
1.531378, -122.9585, [91, 94, 99], CHUNK, ['E', 'A', 'K'], VKLTPLCVTLNCTNVTNNNTD-------------------------------------DNRGELKN----CSFNT-T-TS--LRD-KK-QKE-YALF-YKLDVVQINNNQGNRSNNS------------------------------------------NTTYRLI---NCNTSAI-T---QA, 0.0000, 0
1.527643, -123.7128, [94, 99], CHUNK, ['A', 'K'], VKLTPLCVTLNCTNVTNNNTD-------------------------------------DNRGELKN----CSFNT-T-TS--LRD-KK-QKV-YALF-YKLDVVQINNNQGNRSNNS------------------------------------------NTTYRLI---NCNTSAI-T---QA, 0.0169, 0
1.536053, -120.2907, [91, 94, 98, 99], CHUNK, ['E', 'A', 'N', 'K'], VKLTPLCVTLNCTNVTNNNTD-------------------------------------DNRGELKN----CSFNT-T-TS--LRD-KK-QKE-YALF-NKLDVVQINNNQGNRSNNS------------------------------------------NTTYRLI---NCNTSAI-T---QA, 0.0000, 0
1.507506, -124.8423, [94, 99], CHUNK, ['A', 'K'], VKLTPLCVTLNCTNVTNNITD-------------------------------------DNRGELKN----CSFNT-T-TS--LRD-KK-QKV-YALF-YKLDVVQINNNQGNRSNNS------------------------------------------NTTYRLI---NCNTSAI-T---QA, 0.0000, 0
1.513025, -36.9802, [82, 83, 84], CHUNK, ['I', 'K', 'T'], VKLTPLCVTLNCTNVTNNITD-------------------------------------DNRGELKN----CSFNT-T-TS--IKT-KK-QKV-YSLF-YRLDVVQINNNQGNRSNNS------------------------------------------NTTYRLI---NCNTSAI-T---QA, 0.1929, 0
1.519184, -125.0681, 18, POINT, N, VKLTPLCVTLNCTNVTNNNTD-------------------------------------DNRGELKN----CSFNT-T-TS--LRD-KK-QKV-YSLF-YRLDVVQINNNQGNRSNNS------------------------------------------NTTYRLI---NCNTSAI-T---QA, 0.0000, 0
1.508030, -116.6360, [87, 89, 91, 94], CHUNK, ['I', 'K', 'E', 'A'], VKLTPLCVTLNCTNVTNNITD-------------------------------------DNRGELKN----CSFNT-T-TS--LRD-KI-KKE-YALF-YRLDVVQINNNQGNRSNNS------------------------------------------NTTYRLI---NCNTSAI-T---QA, 0.2280, 0
1.483862, 1.6768, [82, 87, 89], CHUNK, ['I', 'I', 'K'], VKLTPLCVTLNCTNVTNNITD-------------------------------------DNRGELKN----CSFNT-T-TS--IRD-KI-KKV-YSLF-YRLDVVQINENQGNRSNNS------------------------------------------NTTYRLI---NCNTSAI-T---QA, 0.1177, 0
1.492549, -121.4514, [99, 102, 104, 105], CHUNK, ['K', 'I', 'S', 'L'], VKLTPLCVTLNCTNVTNNITD-------------------------------------DNRGELKN----CSFNT-T-TS--LRD-KK-QKV-YSLF-YKLDIVSLNENQGNRSNNS------------------------------------------NTTYRLI---NCNTSAI-T---QA, 0.0624, 0
1.490473, -124.4525, [174], CHUNK, ['T'], VKLTPLCVTLNCTNVTNNITD-------------------------------------DNRGELKN----CSFNT-T-TS--LRD-KK-QKV-YSLF-YRLDVVQINENQGNRSNNS------------------------------------------NTTYRLI---NCNTSTI-T---QA, 0.0000, 1
1.513748, -124.5653, 107, POINT, N, VKLTPLCVTLNCTNVTNNITD-------------------------------------DNRGELKN----CSFNT-T-TS--LRD-KK-QKV-YSLF-YRLDVVQINNNQGNRSNNS------------------------------------------NTTYRLI---NCNTSTI-T---QA, 0.0000, 1
1.537626, -93.3854, [58, 59, 60, 61, 63], CHUNK, ['N', 'G', 'T', 'D', 'M'], VKLTPLCVTLNCTNVTNNITD-------------------------------------NGTDEMKN----CSFNT-T-TS--LRD-KK-QKV-YSLF-YRLDVVQINNNQGNRSNNS------------------------------------------NTTYRLI---NCNTSTI-T---QA, 0.0000, 0
1.539831, -104.8081, 61, POINT, T, VKLTPLCVTLNCTNVTNNITD-------------------------------------DNRTELKN----CSFNT-T-TS--LRD-KK-QKV-YSLF-YRLDVVQINNNQGNRSNNS------------------------------------------NTTYRLI---NCNTSTI-T---QA, 0.0187, 0
1.535687, -124.9017, 20, POINT, N, VKLTPLCVTLNCTNVTNNITN-------------------------------------DNRGELKN----CSFNT-T-TS--LRD-KK-QKV-YSLF-YRLDVVQINNNQGNRSNNS------------------------------------------NTTYRLI---NCNTSTI-T---QA, 0.0000, 0
1.526293, -124.0084, [89, 91, 94], CHUNK, ['K', 'E', 'A'], VKLTPLCVTLNCTNVTNNITD-------------------------------------DNRGELKN----CSFNT-T-TS--LRD-KK-KKE-YALF-YRLDVVQINNNQGNRSNNS------------------------------------------NTTYRLI---NCNTSTI-T---QA, 0.0064, 1
1.543152, -7.7444, [79, 82], CHUNK, ['N', 'I'], VKLTPLCVTLNCTNVTNNITD-------------------------------------DNRGELKN----CSFNT-T-TN--IRD-KK-KKE-YALF-YRLDVVQINNNQGNRSNNS------------------------------------------NTTYRLI---NCNTSTI-T---QA, 0.0725, 0
1.540751, -119.5318, [99, 102, 104, 105], CHUNK, ['K', 'T', 'P', 'L'], VKLTPLCVTLNCTNVTNNITD-------------------------------------DNRGELKN----CSFNT-T-TS--LRD-KK-KKE-YALF-YKLDTVPLNNNQGNRSNNS------------------------------------------NTTYRLI---NCNTSTI-T---QA, 0.0461, 0
1.549782, -120.3389, 20, POINT, T, VKLTPLCVTLNCTNVTNNITT-------------------------------------DNRGELKN----CSFNT-T-TS--LRD-KK-KKE-YALF-YRLDVVQINNNQGNRSNNS------------------------------------------NTTYRLI---NCNTSTI-T---QA, 0.0064, 1
1.559239, -10.8534, [79, 82], CHUNK, ['T', 'I'], VKLTPLCVTLNCTNVTNNITT-------------------------------------DNRGELKN----CSFNT-T-TT--IRD-KK-KKE-YALF-YRLDVVQINNNQGNRSNNS------------------------------------------NTTYRLI---NCNTSTI-T---QA, 0.3221, 0
1.552798, -117.9031, 60, POINT, K, VKLTPLCVTLNCTNVTNNITT-------------------------------------DNKGELKN----CSFNT-T-TS--LRD-KK-KKE-YALF-YRLDVVQINNNQGNRSNNS------------------------------------------NTTYRLI---NCNTSTI-T---QA, 0.0064, 1
1.569658, -10.3615, [79, 82], CHUNK, ['N', 'I'], VKLTPLCVTLNCTNVTNNITT-------------------------------------DNKGELKN----CSFNT-T-TN--IRD-KK-KKE-YALF-YRLDVVQINNNQGNRSNNS------------------------------------------NTTYRLI---NCNTSTI-T---QA, 0.1578, 0
1.559140, -114.8975, [91, 99], CHUNK, ['V', 'N'], VKLTPLCVTLNCTNVTNNITT-------------------------------------DNKGELKN----CSFNT-T-TS--LRD-KK-KKV-YALF-YNLDVVQINNNQGNRSNNS------------------------------------------NTTYRLI---NCNTSTI-T---QA, 0.0857, 0
1.576726, -116.5976, 18, POINT, T, VKLTPLCVTLNCTNVTNNTTT-------------------------------------DNKGELKN----CSFNT-T-TS--LRD-KK-KKE-YALF-YRLDVVQINNNQGNRSNNS------------------------------------------NTTYRLI---NCNTSTI-T---QA, 0.0064, 0
1.559968, -116.4283, [99], CHUNK, ['K'], VKLTPLCVTLNCTNVTNNITT-------------------------------------DNKGELKN----CSFNT-T-TS--LRD-KK-KKE-YALF-YKLDVVQINNNQGNRSNNS------------------------------------------NTTYRLI---NCNTSTI-T---QA, 0.1328, 0
1.563943, -116.8964, [163, 165, 169], CHUNK, ['T', 'T', 'S'], VKLTPLCVTLNCTNVTNNITT-------------------------------------DNRGELKN----CSFNT-T-TS--LRD-KK-KKE-YALF-YRLDVVQINNNQGNRSNNS------------------------------------------NTTYTLT---SCNTSTI-T---QA, 0.0720, 1
1.568439, -116.2197, 63, POINT, I, VKLTPLCVTLNCTNVTNNITT-------------------------------------DNRGEIKN----CSFNT-T-TS--LRD-KK-KKE-YALF-YRLDVVQINNNQGNRSNNS------------------------------------------NTTYTLT---SCNTSTI-T---QA, 0.0694, 0
1.573376, -115.4972, [99, 102, 104], CHUNK, ['K', 'I', 'P'], VKLTPLCVTLNCTNVTNNITT-------------------------------------DNRGELKN----CSFNT-T-TS--LRD-KK-KKE-YALF-YKLDIVPINNNQGNRSNNS------------------------------------------NTTYTLT---SCNTSTI-T---QA, 0.0612, 0
1.571504, -117.5136, 84, POINT, N, VKLTPLCVTLNCTNVTNNITT-------------------------------------DNRGELKN----CSFNT-T-TS--LRN-KK-KKE-YALF-YRLDVVQINNNQGNRSNNS------------------------------------------NTTYTLT---SCNTSTI-T---QA, 0.0720, 0
1.569114, -97.9359, [169, 174], CHUNK, ['N', 'I'], VKLTPLCVTLNCTNVTNNITT-------------------------------------DNRGELKN----CSFNT-T-TS--LRD-KK-KKE-YALF-YRLDVVQINNNQGNRSNNS------------------------------------------NTTYTLT---NCNTSII-T---QA, 0.2604, 0
1.569715, -43.4432, [82, 83], CHUNK, ['I', 'N'], VKLTPLCVTLNCTNVTNNITT-------------------------------------DNRGELKN----CSFNT-T-TS--IND-KK-KKE-YALF-YRLDVVQINNNQGNRSNNS------------------------------------------NTTYRLI---NCNTSTI-T---QA, 0.1773, 0
1.554278, -118.6368, [63], CHUNK, ['I'], VKLTPLCVTLNCTNVTNNITT-------------------------------------DNRGEIKN----CSFNT-T-TS--LRD-KK-KKE-YALF-YRLDVVQINNNQGNRSNNS------------------------------------------NTTYRLI---NCNTSTI-T---QA, 0.0064, 0
1.557456, -116.2010, [60, 63], CHUNK, ['K', 'I'], VKLTPLCVTLNCTNVTNNITT-------------------------------------DNKGEIKN----CSFNT-T-TS--LRD-KK-KKE-YALF-YRLDVVQINNNQGNRSNNS------------------------------------------NTTYRLI---NCNTSTI-T---QA, 0.0064, 0
1.553330, -120.3225, 4, POINT, T, VKLTTLCVTLNCTNVTNNITT-------------------------------------DNRGELKN----CSFNT-T-TS--LRD-KK-KKE-YALF-YRLDVVQINNNQGNRSNNS------------------------------------------NTTYRLI---NCNTSTI-T---QA, 0.0064, 0
1.533463, -122.0615, [99], CHUNK, ['K'], VKLTPLCVTLNCTNVTNNITD-------------------------------------DNRGELKN----CSFNT-T-TS--LRD-KK-KKE-YALF-YKLDVVQINNNQGNRSNNS------------------------------------------NTTYRLI---NCNTSTI-T---QA, 0.0064, 1
1.538305, -4.6431, [82], CHUNK, ['I'], VKLTPLCVTLNCTNVTNNITD-------------------------------------DNRGELKN----CSFNT-T-TS--IRD-KK-KKE-YALF-YKLDVVQINNNQGNRSNNS------------------------------------------NTTYRLI---NCNTSTI-T---QA, 0.1415, 0
1.556952, -118.3921, 20, POINT, T, VKLTPLCVTLNCTNVTNNITT-------------------------------------DNRGELKN----CSFNT-T-TS--LRD-KK-KKE-YALF-YKLDVVQINNNQGNRSNNS------------------------------------------NTTYRLI---NCNTSTI-T---QA, 0.0064, 0
1.538305, -7.9917, [82], CHUNK, ['I'], VKLTPLCVTLNCTNVTNNITD-------------------------------------DNRGELKN----CSFNT-T-TS--IRD-KK-KKE-YALF-YKLDVVQINNNQGNRSNNS------------------------------------------NTTYRLI---NCNTSTI-T---QA, 0.3989, 0
1.537011, -122.2083, 4, POINT, T, VKLTTLCVTLNCTNVTNNITD-------------------------------------DNRGELKN----CSFNT-T-TS--LRD-KK-KKE-YALF-YKLDVVQINNNQGNRSNNS------------------------------------------NTTYRLI---NCNTSTI-T---QA, 0.0170, 0
1.540453, -119.6370, [163, 165, 169], CHUNK, ['T', 'T', 'S'], VKLTPLCVTLNCTNVTNNITD-------------------------------------DNRGELKN----CSFNT-T-TS--LRD-KK-KKE-YALF-YRLDVVQINNNQGNRSNNS------------------------------------------NTTYTLT---SCNTSTI-T---QA, 0.0064, 0
1.539801, -121.6610, [102, 104, 105, 107, 109], CHUNK, ['I', 'P', 'L', 'E', 'N'], VKLTPLCVTLNCTNVTNNITD-------------------------------------DNRGELKN----CSFNT-T-TS--LRD-KK-KKE-YALF-YRLDIVPLNENNGNRSNNS------------------------------------------NTTYRLI---NCNTSTI-T---QA, 0.0064, 0
1.547509, -122.6903, 18, POINT, T, VKLTPLCVTLNCTNVTNNTTD-------------------------------------DNRGELKN----CSFNT-T-TS--LRD-KK-KKE-YALF-YRLDVVQINNNQGNRSNNS------------------------------------------NTTYRLI---NCNTSTI-T---QA, 0.0064, 0
1.533463, -122.0615, 99, POINT, K, VKLTPLCVTLNCTNVTNNITD-------------------------------------DNRGELKN----CSFNT-T-TS--LRD-KK-KKE-YALF-YKLDVVQINNNQGNRSNNS------------------------------------------NTTYRLI---NCNTSTI-T---QA, 0.0064, 0
1.518742, -124.8768, [91, 94], CHUNK, ['E', 'A'], VKLTPLCVTLNCTNVTNNITD-------------------------------------DNRGELKN----CSFNT-T-TS--LRD-KK-QKE-YALF-YRLDVVQINNNQGNRSNNS------------------------------------------NTTYRLI---NCNTSTI-T---QA, 0.0793, 1
1.529658, -125.1724, 79, POINT, N, VKLTPLCVTLNCTNVTNNITD-------------------------------------DNRGELKN----CSFNT-T-TN--LRD-KK-QKE-YALF-YRLDVVQINNNQGNRSNNS------------------------------------------NTTYRLI---NCNTSTI-T---QA, 0.0819, 0
1.532386, -124.9183, [116], CHUNK, ['T'], VKLTPLCVTLNCTNVTNNITD-------------------------------------DNRGELKN----CSFNT-T-TS--LRD-KK-QKE-YALF-YRLDVVQINNNQGNRSNNT------------------------------------------NTTYRLI---NCNTSTI-T---QA, 0.0790, 1
1.546412, -109.5865, 61, POINT, S, VKLTPLCVTLNCTNVTNNITD-------------------------------------DNRSELKN----CSFNT-T-TS--LRD-KK-QKE-YALF-YRLDVVQINNNQGNRSNNT------------------------------------------NTTYRLI---NCNTSTI-T---QA, 0.0790, 0
1.534419, -121.5976, 60, POINT, L, VKLTPLCVTLNCTNVTNNITD-------------------------------------DNLGELKN----CSFNT-T-TS--LRD-KK-QKE-YALF-YRLDVVQINNNQGNRSNNT------------------------------------------NTTYRLI---NCNTSTI-T---QA, 0.0790, 0
1.543802, -123.5171, [107, 108, 109, 112, 113, 114, 115], CHUNK, ['I', 'S', 'S', 'N', 'N', 'S', 'S'], VKLTPLCVTLNCTNVTNNITD-------------------------------------DNRGELKN----CSFNT-T-TS--LRD-KK-QKE-YALF-YRLDVVQINISSGNNNSST------------------------------------------NTTYRLI---NCNTSTI-T---QA, 0.0790, 0
1.541108, -123.8586, 18, POINT, S, VKLTPLCVTLNCTNVTNNSTD-------------------------------------DNRGELKN----CSFNT-T-TS--LRD-KK-QKE-YALF-YRLDVVQINNNQGNRSNNT------------------------------------------NTTYRLI---NCNTSTI-T---QA, 0.0790, 0
1.540682, -125.2205, 20, POINT, N, VKLTPLCVTLNCTNVTNNITN-------------------------------------DNRGELKN----CSFNT-T-TS--LRD-KK-QKE-YALF-YRLDVVQINNNQGNRSNNS------------------------------------------NTTYRLI---NCNTSTI-T---QA, 0.0814, 1
1.563266, -123.6867, 18, POINT, N, VKLTPLCVTLNCTNVTNNNTN-------------------------------------DNRGELKN----CSFNT-T-TS--LRD-KK-QKE-YALF-YRLDVVQINNNQGNRSNNS------------------------------------------NTTYRLI---NCNTSTI-T---QA, 0.0814, 1
1.566814, -123.6746, 4, POINT, T, VKLTTLCVTLNCTNVTNNNTN-------------------------------------DNRGELKN----CSFNT-T-TS--LRD-KK-QKE-YALF-YRLDVVQINNNQGNRSNNS------------------------------------------NTTYRLI---NCNTSTI-T---QA, 0.0814, 1
1.580458, -123.3306, [116], CHUNK, ['T'], VKLTTLCVTLNCTNVTNNNTN-------------------------------------DNRGELKN----CSFNT-T-TS--LRD-KK-QKE-YALF-YRLDVVQINNNQGNRSNNT------------------------------------------NTTYRLI---NCNTSTI-T---QA, 0.0814, 0
1.573886, -119.6172, [99, 102], CHUNK, ['N', 'I'], VKLTTLCVTLNCTNVTNNNTN-------------------------------------DNRGELKN----CSFNT-T-TS--LRD-KK-QKE-YALF-YNLDIVQINNNQGNRSNNS------------------------------------------NTTYRLI---NCNTSTI-T---QA, 0.0814, 0
1.589402, -120.7769, [99, 104], CHUNK, ['K', 'S'], VKLTTLCVTLNCTNVTNNNTN-------------------------------------DNRGELKN----CSFNT-T-TS--LRD-KK-QKE-YALF-YKLDVVSINNNQGNRSNNS------------------------------------------NTTYRLI---NCNTSTI-T---QA, 0.0814, 1
1.602451, 1.3265, [82, 83, 84], CHUNK, ['I', 'K', 'T'], VKLTTLCVTLNCTNVTNNNTN-------------------------------------DNRGELKN----CSFNT-T-TS--IKT-KK-QKE-YALF-YKLDVVSINNNQGNRSNNS------------------------------------------NTTYRLI---NCNTSTI-T---QA, 0.1420, 0
1.592630, -119.9105, 175, POINT, T, VKLTTLCVTLNCTNVTNNNTN-------------------------------------DNRGELKN----CSFNT-T-TS--LRD-KK-QKE-YALF-YKLDVVSINNNQGNRSNNS------------------------------------------NTTYRLI---NCNTSTT-T---QA, 0.0814, 1
1.598437, -117.9843, [63], CHUNK, ['I'], VKLTTLCVTLNCTNVTNNNTN-------------------------------------DNRGEIKN----CSFNT-T-TS--LRD-KK-QKE-YALF-YKLDVVSINNNQGNRSNNS------------------------------------------NTTYRLI---NCNTSTT-T---QA, 0.0814, 1
1.612606, -117.2568, 58, POINT, S, VKLTTLCVTLNCTNVTNNNTN-------------------------------------SNRGEIKN----CSFNT-T-TS--LRD-KK-QKE-YALF-YKLDVVSINNNQGNRSNNS------------------------------------------NTTYRLI---NCNTSTT-T---QA, 0.1341, 0
1.602512, -85.6236, 61, POINT, K, VKLTTLCVTLNCTNVTNNNTN-------------------------------------DNRKEIKN----CSFNT-T-TS--LRD-KK-QKE-YALF-YKLDVVSINNNQGNRSNNS------------------------------------------NTTYRLI---NCNTSTT-T---QA, 0.0751, 0
1.603282, -116.8914, 98, POINT, N, VKLTTLCVTLNCTNVTNNNTN-------------------------------------DNRGEIKN----CSFNT-T-TS--LRD-KK-QKE-YALF-NKLDVVSINNNQGNRSNNS------------------------------------------NTTYRLI---NCNTSTT-T---QA, 0.0805, 0
1.615797, -7.3438, [79, 82], CHUNK, ['N', 'I'], VKLTTLCVTLNCTNVTNNNTN-------------------------------------DNRGEIKN----CSFNT-T-TN--IRD-KK-QKE-YALF-YKLDVVSINNNQGNRSNNS------------------------------------------NTTYRLI---NCNTSTT-T---QA, 0.2285, 0
1.603546, -120.2701, 79, POINT, N, VKLTTLCVTLNCTNVTNNNTN-------------------------------------DNRGELKN----CSFNT-T-TN--LRD-KK-QKE-YALF-YKLDVVSINNNQGNRSNNS------------------------------------------NTTYRLI---NCNTSTT-T---QA, 0.0786, 0
1.604916, -119.1994, [116], CHUNK, ['N'], VKLTTLCVTLNCTNVTNNNTN-------------------------------------DNRGELKN----CSFNT-T-TS--LRD-KK-QKE-YALF-YKLDVVSINNNQGNRSNNN------------------------------------------NTTYRLI---NCNTSTT-T---QA, 0.0814, 0
1.611068, -118.7592, [89], CHUNK, ['N'], VKLTTLCVTLNCTNVTNNNTN-------------------------------------DNRGELKN----CSFNT-T-TS--LRD-KK-NKE-YALF-YKLDVVSINNNQGNRSNNS------------------------------------------NTTYRLI---NCNTSTT-T---QA, 0.0789, 0
1.597801, -119.9911, 162, POINT, S, VKLTTLCVTLNCTNVTNNNTN-------------------------------------DNRGELKN----CSFNT-T-TS--LRD-KK-QKE-YALF-YKLDVVSINNNQGNRSNNS------------------------------------------NTTSRLI---NCNTSTT-T---QA, 0.0739, 0
1.606762, -65.0067, [79, 82], CHUNK, ['N', 'I'], VKLTTLCVTLNCTNVTNNNTN-------------------------------------DNRGELKN----CSFNT-T-TN--IRD-KK-QKE-YALF-YKLDVVSINNNQGNRSNNS------------------------------------------NTTYRLI---NCNTSTI-T---QA, 0.3961, 0
1.593361, -115.2655, [87, 89], CHUNK, ['I', 'K'], VKLTTLCVTLNCTNVTNNNTN-------------------------------------DNRGELKN----CSFNT-T-TS--LRD-KI-KKE-YALF-YKLDVVSINNNQGNRSNNS------------------------------------------NTTYRLI---NCNTSTI-T---QA, 0.0814, 0
1.600735, -119.2613, 165, POINT, T, VKLTTLCVTLNCTNVTNNNTN-------------------------------------DNRGELKN----CSFNT-T-TS--LRD-KK-QKE-YALF-YKLDVVSINNNQGNRSNNS------------------------------------------NTTYRLT---NCNTSTI-T---QA, 0.0827, 0
1.595209, -119.5815, [63], CHUNK, ['I'], VKLTTLCVTLNCTNVTNNNTN-------------------------------------DNRGEIKN----CSFNT-T-TS--LRD-KK-QKE-YALF-YKLDVVSINNNQGNRSNNS------------------------------------------NTTYRLI---NCNTSTI-T---QA, 0.0815, 0
1.574503, -120.9753, 84, POINT, T, VKLTTLCVTLNCTNVTNNNTN-------------------------------------DNRGELKN----CSFNT-T-TS--LRT-KK-QKE-YALF-YRLDVVQINNNQGNRSNNS------------------------------------------NTTYRLI---NCNTSTI-T---QA, 0.0814, 0
1.584175, -9.2187, [79, 82], CHUNK, ['N', 'I'], VKLTTLCVTLNCTNVTNNNTN-------------------------------------DNRGELKN----CSFNT-T-TN--IRD-KK-QKE-YALF-YRLDVVQINNNQGNRSNNS------------------------------------------NTTYRLI---NCNTSTI-T---QA, 0.1727, 0
1.572454, -122.4977, [87, 89], CHUNK, ['V', 'K'], VKLTTLCVTLNCTNVTNNNTN-------------------------------------DNRGELKN----CSFNT-T-TS--LRD-KV-KKE-YALF-YRLDVVQINNNQGNRSNNS------------------------------------------NTTYRLI---NCNTSTI-T---QA, 0.0814, 1
1.579624, -120.6305, [99], CHUNK, ['K'], VKLTTLCVTLNCTNVTNNNTN-------------------------------------DNRGELKN----CSFNT-T-TS--LRD-KV-KKE-YALF-YKLDVVQINNNQGNRSNNS------------------------------------------NTTYRLI---NCNTSTI-T---QA, 0.0814, 0
1.589235, -38.5859, [82, 87, 89], CHUNK, ['I', 'K', 'N'], VKLTTLCVTLNCTNVTNNNTN-------------------------------------DNRGELKN----CSFNT-T-TS--IRD-KK-NKE-YALF-YRLDVVQINNNQGNRSNNS------------------------------------------NTTYRLI---NCNTSTI-T---QA, 0.2697, 0
1.582980, -122.8865, 79, POINT, N, VKLTTLCVTLNCTNVTNNNTN-------------------------------------DNRGELKN----CSFNT-T-TN--LRD-KV-KKE-YALF-YRLDVVQINNNQGNRSNNS------------------------------------------NTTYRLI---NCNTSTI-T---QA, 0.0727, 1
1.587318, -120.7794, 60, POINT, K, VKLTTLCVTLNCTNVTNNNTN-------------------------------------DNKGELKN----CSFNT-T-TN--LRD-KV-KKE-YALF-YRLDVVQINNNQGNRSNNS------------------------------------------NTTYRLI---NCNTSTI-T---QA, 0.0886, 0
1.615408, -84.7137, [60, 61, 63], CHUNK, ['T', 'R', 'I'], VKLTTLCVTLNCTNVTNNNTN-------------------------------------DNTREIKN----CSFNT-T-TN--LRD-KV-KKE-YALF-YRLDVVQINNNQGNRSNNS------------------------------------------NTTYRLI---NCNTSTI-T---QA, 0.1501, 0
1.590150, -121.8161, [99], CHUNK, ['K'], VKLTTLCVTLNCTNVTNNNTN-------------------------------------DNRGELKN----CSFNT-T-TN--LRD-KV-KKE-YALF-YKLDVVQINNNQGNRSNNS------------------------------------------NTTYRLI---NCNTSTI-T---QA, 0.0711, 0
1.597073, -122.1124, 58, POINT, S, VKLTTLCVTLNCTNVTNNNTN-------------------------------------SNRGELKN----CSFNT-T-TN--LRD-KV-KKE-YALF-YRLDVVQINNNQGNRSNNS------------------------------------------NTTYRLI---NCNTSTI-T---QA, 0.0911, 1
1.604756, -120.5550, 104, POINT, K, VKLTTLCVTLNCTNVTNNNTN-------------------------------------SNRGELKN----CSFNT-T-TN--LRD-KV-KKE-YALF-YRLDVVKINNNQGNRSNNS------------------------------------------NTTYRLI---NCNTSTI-T---QA, 0.0911, 0
1.608405, -120.7446, 165, POINT, T, VKLTTLCVTLNCTNVTNNNTN-------------------------------------SNRGELKN----CSFNT-T-TN--LRD-KV-KKE-YALF-YRLDVVQINNNQGNRSNNS------------------------------------------NTTYRLT---NCNTSTI-T---QA, 0.0813, 0
1.604243, -121.0427, [99], CHUNK, ['K'], VKLTTLCVTLNCTNVTNNNTN-------------------------------------SNRGELKN----CSFNT-T-TN--LRD-KV-KKE-YALF-YKLDVVQINNNQGNRSNNS------------------------------------------NTTYRLI---NCNTSTI-T---QA, 0.0812, 0
1.602956, -120.3978, 63, POINT, I, VKLTTLCVTLNCTNVTNNNTN-------------------------------------SNRGEIKN----CSFNT-T-TN--LRD-KV-KKE-YALF-YRLDVVQINNNQGNRSNNS------------------------------------------NTTYRLI---NCNTSTI-T---QA, 0.0911, 1
1.607008, -120.6006, 101, POINT, N, VKLTTLCVTLNCTNVTNNNTN-------------------------------------SNRGEIKN----CSFNT-T-TN--LRD-KV-KKE-YALF-YRLNVVQINNNQGNRSNNS------------------------------------------NTTYRLI---NCNTSTI-T---QA, 0.0911, 0
1.605602, -111.6870, [96, 99], CHUNK, ['L', 'K'], VKLTTLCVTLNCTNVTNNNTN-------------------------------------SNRGEIKN----CSFNT-T-TN--LRD-KV-KKE-YALL-YKLDVVQINNNQGNRSNNS------------------------------------------NTTYRLI---NCNTSTI-T---QA, 0.0911, 0
1.618518, -117.4539, [104, 105, 107, 109, 110], CHUNK, ['P', 'L', 'G', 'G', 'N'], VKLTTLCVTLNCTNVTNNNTN-------------------------------------SNRGEIKN----CSFNT-T-TN--LRD-KV-KKE-YALF-YRLDVVPLNGNGNNRSNNS------------------------------------------NTTYRLI---NCNTSTI-T---QA, 0.0911, 1
1.625351, -118.1448, 84, POINT, N, VKLTTLCVTLNCTNVTNNNTN-------------------------------------SNRGEIKN----CSFNT-T-TN--LRN-KV-KKE-YALF-YRLDVVPLNGNGNNRSNNS------------------------------------------NTTYRLI---NCNTSTI-T---QA, 0.0911, 1
1.631375, -119.1450, 107, POINT, D, VKLTTLCVTLNCTNVTNNNTN-------------------------------------SNRGEIKN----CSFNT-T-TN--LRN-KV-KKE-YALF-YRLDVVPLNDNGNNRSNNS------------------------------------------NTTYRLI---NCNTSTI-T---QA, 0.0868, 0
1.631944, -116.1980, [99], CHUNK, ['K'], VKLTTLCVTLNCTNVTNNNTN-------------------------------------SNRGEIKN----CSFNT-T-TN--LRN-KV-KKE-YALF-YKLDVVPLNGNGNNRSNNS------------------------------------------NTTYRLI---NCNTSTI-T---QA, 0.0911, 1
1.633995, -116.4251, 18, POINT, T, VKLTTLCVTLNCTNVTNNTTN-------------------------------------SNRGEIKN----CSFNT-T-TN--LRN-KV-KKE-YALF-YKLDVVPLNGNGNNRSNNS------------------------------------------NTTYRLI---NCNTSTI-T---QA, 0.0911, 0
1.637115, -115.4327, 162, POINT, S, VKLTTLCVTLNCTNVTNNNTN-------------------------------------SNRGEIKN----CSFNT-T-TN--LRN-KV-KKE-YALF-YKLDVVPLNGNGNNRSNNS------------------------------------------NTTSRLI---NCNTSTI-T---QA, 0.0911, 1
1.643157, -116.4162, 107, POINT, D, VKLTTLCVTLNCTNVTNNNTN-------------------------------------SNRGEIKN----CSFNT-T-TN--LRN-KV-KKE-YALF-YKLDVVPLNDNGNNRSNNS------------------------------------------NTTSRLI---NCNTSTI-T---QA, 0.0911, 0
1.640599, -116.4078, 87, POINT, K, VKLTTLCVTLNCTNVTNNNTN-------------------------------------SNRGEIKN----CSFNT-T-TN--LRN-KK-KKE-YALF-YKLDVVPLNGNGNNRSNNS------------------------------------------NTTSRLI---NCNTSTI-T---QA, 0.0852, 1
1.654331, -116.8218, 62, POINT, T, VKLTTLCVTLNCTNVTNNNTN-------------------------------------SNRGTIKN----CSFNT-T-TN--LRN-KK-KKE-YALF-YKLDVVPLNGNGNNRSNNS------------------------------------------NTTSRLI---NCNTSTI-T---QA, 0.0851, 0
1.646565, -14.6921, 82, POINT, I, VKLTTLCVTLNCTNVTNNNTN-------------------------------------SNRGEIKN----CSFNT-T-TN--IRN-KK-KKE-YALF-YKLDVVPLNGNGNNRSNNS------------------------------------------NTTSRLI---NCNTSTI-T---QA, 0.3269, 0
1.646565, 2.8380, [82], CHUNK, ['I'], VKLTTLCVTLNCTNVTNNNTN-------------------------------------SNRGEIKN----CSFNT-T-TN--IRN-KK-KKE-YALF-YKLDVVPLNGNGNNRSNNS------------------------------------------NTTSRLI---NCNTSTI-T---QA, 0.2014, 0
1.670870, -118.0072, [104, 105, 107, 108, 109, 110, 112], CHUNK, ['Q', 'I', 'E', 'T', 'K', 'T', 'T'], VKLTTLCVTLNCTNVTNNNTN-------------------------------------SNRGEIKN----CSFNT-T-TN--LRN-KK-KKE-YALF-YKLDVVQINETKTNTSNNS------------------------------------------NTTSRLI---NCNTSTI-T---QA, 0.0852, 0
1.659594, -117.9925, [104, 105, 107], CHUNK, ['Q', 'I', 'N'], VKLTTLCVTLNCTNVTNNNTN-------------------------------------SNRGEIKN----CSFNT-T-TN--LRN-KV-KKE-YALF-YKLDVVQINNNGNNRSNNS------------------------------------------NTTSRLI---NCNTSTI-T---QA, 0.1022, 0
1.639620, -116.2288, 107, POINT, E, VKLTTLCVTLNCTNVTNNNTN-------------------------------------SNRGEIKN----CSFNT-T-TN--LRN-KV-KKE-YALF-YKLDVVPLNENGNNRSNNS------------------------------------------NTTSRLI---NCNTSTI-T---QA, 0.0911, 0
1.645388, -117.9541, [105, 107], CHUNK, ['I', 'D'], VKLTTLCVTLNCTNVTNNNTN-------------------------------------SNRGEIKN----CSFNT-T-TN--LRN-KV-KKE-YALF-YKLDVVPINDNGNNRSNNS------------------------------------------NTTSRLI---NCNTSTI-T---QA, 0.0935, 0
1.637850, -113.8329, [161, 162, 165], CHUNK, ['S', 'Y', 'T'], VKLTTLCVTLNCTNVTNNNTN-------------------------------------SNRGEIKN----CSFNT-T-TN--LRN-KV-KKE-YALF-YKLDVVPLNGNGNNRSNNS------------------------------------------NTSYRLT---NCNTSTI-T---QA, 0.0911, 0
1.643276, -114.5443, 165, POINT, T, VKLTTLCVTLNCTNVTNNNTN-------------------------------------SNRGEIKN----CSFNT-T-TN--LRN-KV-KKE-YALF-YKLDVVPLNGNGNNRSNNS------------------------------------------NTTYRLT---NCNTSTI-T---QA, 0.0911, 1
1.656741, -114.3395, [89], CHUNK, ['T'], VKLTTLCVTLNCTNVTNNNTN-------------------------------------SNRGEIKN----CSFNT-T-TN--LRN-KV-TKE-YALF-YKLDVVPLNGNGNNRSNNS------------------------------------------NTTYRLT---NCNTSTI-T---QA, 0.0911, 0
1.669966, -115.8315, 107, POINT, N, VKLTTLCVTLNCTNVTNNNTN-------------------------------------SNRGEIKN----CSFNT-T-TN--LRN-KV-KKE-YALF-YKLDVVPLNNNGNNRSNNS------------------------------------------NTTYRLT---NCNTSTI-T---QA, 0.1005, 0
1.645507, -112.5437, [98, 102], CHUNK, ['N', 'I'], VKLTTLCVTLNCTNVTNNNTN-------------------------------------SNRGEIKN----CSFNT-T-TN--LRN-KV-KKE-YALF-NKLDIVPLNGNGNNRSNNS------------------------------------------NTTYRLT---NCNTSTI-T---QA, 0.0911, 1
1.648875, -112.8679, [87], CHUNK, ['K'], VKLTTLCVTLNCTNVTNNNTN-------------------------------------SNRGEIKN----CSFNT-T-TN--LRN-KK-KKE-YALF-NKLDIVPLNGNGNNRSNNS------------------------------------------NTTYRLT---NCNTSTI-T---QA, 0.0911, 0
1.649597, -111.9544, 175, POINT, T, VKLTTLCVTLNCTNVTNNNTN-------------------------------------SNRGEIKN----CSFNT-T-TN--LRN-KV-KKE-YALF-NKLDIVPLNGNGNNRSNNS------------------------------------------NTTYRLT---NCNTSTT-T---QA, 0.0847, 0
1.647160, -112.9897, 102, POINT, V, VKLTTLCVTLNCTNVTNNNTN-------------------------------------SNRGEIKN----CSFNT-T-TN--LRN-KV-KKE-YALF-NKLDVVPLNGNGNNRSNNS------------------------------------------NTTYRLT---NCNTSTI-T---QA, 0.0921, 0
1.647559, -112.8398, 18, POINT, T, VKLTTLCVTLNCTNVTNNTTN-------------------------------------SNRGEIKN----CSFNT-T-TN--LRN-KV-KKE-YALF-NKLDIVPLNGNGNNRSNNS------------------------------------------NTTYRLT---NCNTSTI-T---QA, 0.0829, 0
1.647834, -115.0001, [99, 103], CHUNK, ['R', 'T'], VKLTTLCVTLNCTNVTNNNTN-------------------------------------SNRGEIKN----CSFNT-T-TN--LRN-KV-KKE-YALF-YRLDVTPLNGNGNNRSNNS------------------------------------------NTTYRLT---NCNTSTI-T---QA, 0.1127, 0
1.648443, -107.9555, [60], CHUNK, ['I'], VKLTTLCVTLNCTNVTNNNTN-------------------------------------SNIGEIKN----CSFNT-T-TN--LRN-KV-KKE-YALF-YKLDVVPLNGNGNNRSNNS------------------------------------------NTTYRLT---NCNTSTI-T---QA, 0.0911, 0
1.649318, -115.5278, 107, POINT, D, VKLTTLCVTLNCTNVTNNNTN-------------------------------------SNRGEIKN----CSFNT-T-TN--LRN-KV-KKE-YALF-YKLDVVPLNDNGNNRSNNS------------------------------------------NTTYRLT---NCNTSTI-T---QA, 0.0911, 0
1.649447, 1.0306, 82, POINT, I, VKLTTLCVTLNCTNVTNNNTN-------------------------------------SNRGEIKN----CSFNT-T-TN--IRN-KV-KKE-YALF-YKLDVVPLNGNGNNRSNNS------------------------------------------NTTYRLT---NCNTSTI-T---QA, 0.5582, 0
1.632333, -112.8954, [71], CHUNK, ['T'], VKLTTLCVTLNCTNVTNNNTN-------------------------------------SNRGEIKN----CTFNT-T-TN--LRN-KV-KKE-YALF-YKLDVVPLNGNGNNRSNNS------------------------------------------NTTYRLI---NCNTSTI-T---QA, 0.1056, 0
1.653954, -114.4144, 72, POINT, T, VKLTTLCVTLNCTNVTNNNTN-------------------------------------SNRGEIKN----CSTNT-T-TN--LRN-KV-KKE-YALF-YKLDVVPLNGNGNNRSNNS------------------------------------------NTTYRLI---NCNTSTI-T---QA, 0.0911, 1
1.664978, -114.1082, 64, POINT, T, VKLTTLCVTLNCTNVTNNNTN-------------------------------------SNRGEITN----CSTNT-T-TN--LRN-KV-KKE-YALF-YKLDVVPLNGNGNNRSNNS------------------------------------------NTTYRLI---NCNTSTI-T---QA, 0.0903, 0
1.663010, -113.9196, 91, POINT, N, VKLTTLCVTLNCTNVTNNNTN-------------------------------------SNRGEIKN----CSTNT-T-TN--LRN-KV-KKN-YALF-YKLDVVPLNGNGNNRSNNS------------------------------------------NTTYRLI---NCNTSTI-T---QA, 0.0911, 0
1.676892, -115.4754, [107, 109], CHUNK, ['K', 'S'], VKLTTLCVTLNCTNVTNNNTN-------------------------------------SNRGEIKN----CSTNT-T-TN--LRN-KV-KKE-YALF-YKLDVVPLNKNSNNRSNNS------------------------------------------NTTYRLI---NCNTSTI-T---QA, 0.0911, 0
1.673642, -111.3810, 87, POINT, N, VKLTTLCVTLNCTNVTNNNTN-------------------------------------SNRGEIKN----CSTNT-T-TN--LRN-KN-KKE-YALF-YKLDVVPLNGNGNNRSNNS------------------------------------------NTTYRLI---NCNTSTI-T---QA, 0.0735, 0
1.642776, -113.3082, [93, 99], CHUNK, ['N', 'N'], VKLTTLCVTLNCTNVTNNNTN-------------------------------------SNRGEIKN----CSFNT-T-TN--LRN-KV-KKE-NALF-YNLDVVPLNGNGNNRSNNS------------------------------------------NTTYRLI---NCNTSTI-T---QA, 0.1072, 0
1.640948, -116.9804, [99], CHUNK, ['T'], VKLTTLCVTLNCTNVTNNNTN-------------------------------------SNRGEIKN----CSFNT-T-TN--LRN-KV-KKE-YALF-YTLDVVPLNGNGNNRSNNS------------------------------------------NTTYRLI---NCNTSTI-T---QA, 0.0901, 0
1.649556, -12.3483, [79, 82, 83, 84], CHUNK, ['S', 'I', 'N', 'T'], VKLTTLCVTLNCTNVTNNNTN-------------------------------------SNRGEIKN----CSFNT-T-TS--INT-KV-KKE-YALF-YKLDVVPLNGNGNNRSNNS------------------------------------------NTTYRLI---NCNTSTI-T---QA, 0.1797, 0
1.638114, 0.0295, [82], CHUNK, ['I'], VKLTTLCVTLNCTNVTNNNTN-------------------------------------SNRGEIKN----CSFNT-T-TN--IRN-KV-KKE-YALF-YKLDVVPLNGNGNNRSNNS------------------------------------------NTTYRLI---NCNTSTI-T---QA, 0.1375, 0
1.630147, -119.1811, [90, 91], CHUNK, ['N', 'V'], VKLTTLCVTLNCTNVTNNNTN-------------------------------------SNRGEIKN----CSFNT-T-TN--LRN-KV-KNV-YALF-YRLDVVPLNGNGNNRSNNS------------------------------------------NTTYRLI---NCNTSTI-T---QA, 0.0797, 0
1.629232, -116.2159, [99, 102], CHUNK, ['K', 'I'], VKLTTLCVTLNCTNVTNNNTN-------------------------------------SNRGEIKN----CSFNT-T-TN--LRN-KV-KKE-YALF-YKLDIVPLNGNGNNRSNNS------------------------------------------NTTYRLI---NCNTSTI-T---QA, 0.0911, 0
1.651958, -119.1950, 107, POINT, N, VKLTTLCVTLNCTNVTNNNTN-------------------------------------SNRGEIKN----CSFNT-T-TN--LRN-KV-KKE-YALF-YRLDVVPLNNNGNNRSNNS------------------------------------------NTTYRLI---NCNTSTI-T---QA, 0.0911, 0
1.631153, -113.7476, [99, 102], CHUNK, ['N', 'I'], VKLTTLCVTLNCTNVTNNNTN-------------------------------------SNRGEIKN----CSFNT-T-TN--LRN-KV-KKE-YALF-YNLDIVPLNGNGNNRSNNS------------------------------------------NTTYRLI---NCNTSTI-T---QA, 0.0911, 0
1.625127, -24.8646, [82], CHUNK, ['I'], VKLTTLCVTLNCTNVTNNNTN-------------------------------------SNRGEIKN----CSFNT-T-TN--IRD-KV-KKE-YALF-YRLDVVPLNGNGNNRSNNS------------------------------------------NTTYRLI---NCNTSTI-T---QA, 0.3034, 0
1.637195, -0.6206, [82, 87, 89], CHUNK, ['I', 'K', 'N'], VKLTTLCVTLNCTNVTNNNTN-------------------------------------SNRGEIKN----CSFNT-T-TN--IRD-KK-NKE-YALF-YRLDVVPLNGNGNNRSNNS------------------------------------------NTTYRLI---NCNTSTI-T---QA, 0.1892, 0
1.630911, -115.7030, 58, POINT, T, VKLTTLCVTLNCTNVTNNNTN-------------------------------------TNRGEIKN----CSFNT-T-TN--LRD-KV-KKE-YALF-YRLDVVPLNGNGNNRSNNS------------------------------------------NTTYRLI---NCNTSTI-T---QA, 0.1072, 0
1.630992, -115.5409, [99, 104, 107], CHUNK, ['K', 'Q', 'S'], VKLTTLCVTLNCTNVTNNNTN-------------------------------------SNRGEIKN----CSFNT-T-TN--LRD-KV-KKE-YALF-YKLDVVQLNSNGNNRSNNS------------------------------------------NTTYRLI---NCNTSTI-T---QA, 0.0911, 0
