Name base = V1V2_200_sq_6_6_ni
Iters = 200
Soft coverage = 1.31203964383
Energy = -131.532954334
Hard Covereage = 0.0368019545157
Num epitopes = 65
Initial seq = VKLTPLCVTLQCTNVTNNITD-------------------------------------DMRGELKN----CSFNM-T-TE--LRD-KK-QKV-YSLF-YRLDVVQINENQGNRSNNS------------------------------------------NKEYRLI---NCNTSAI-T---QA
-------START OF DATA------
1.354976, -130.6455, [160, 161], CHUNK, ['T', 'S'], VKLTPLCVTLQCTNVTNNITD-------------------------------------DMRGELKN----CSFNM-T-TE--LRD-KK-QKV-YSLF-YRLDVVQINENQGNRSNNS------------------------------------------NTSYRLI---NCNTSAI-T---QA, 0.0000, 1
1.374715, -46.2376, [82, 89, 90], CHUNK, ['I', 'K', 'N'], VKLTPLCVTLQCTNVTNNITD-------------------------------------DMRGELKN----CSFNM-T-TE--IRD-KK-KNV-YSLF-YRLDVVQINENQGNRSNNS------------------------------------------NTSYRLI---NCNTSAI-T---QA, 0.6684, 0
1.404132, -130.5565, [10], CHUNK, ['N'], VKLTPLCVTLNCTNVTNNITD-------------------------------------DMRGELKN----CSFNM-T-TE--LRD-KK-QKV-YSLF-YRLDVVQINENQGNRSNNS------------------------------------------NTSYRLI---NCNTSAI-T---QA, 0.0000, 0
1.375934, -129.2656, 89, POINT, N, VKLTPLCVTLQCTNVTNNITD-------------------------------------DMRGELKN----CSFNM-T-TE--LRD-KK-NKV-YSLF-YRLDVVQINENQGNRSNNS------------------------------------------NTSYRLI---NCNTSAI-T---QA, 0.0000, 1
1.405214, -119.1555, [59, 60, 63], CHUNK, ['T', 'I', 'I'], VKLTPLCVTLQCTNVTNNITD-------------------------------------DTIGEIKN----CSFNM-T-TE--LRD-KK-NKV-YSLF-YRLDVVQINENQGNRSNNS------------------------------------------NTSYRLI---NCNTSAI-T---QA, 0.0000, 0
1.406263, -130.7041, 110, POINT, N, VKLTPLCVTLQCTNVTNNITD-------------------------------------DMRGELKN----CSFNM-T-TE--LRD-KK-NKV-YSLF-YRLDVVQINENQNNRSNNS------------------------------------------NTSYRLI---NCNTSAI-T---QA, 0.0000, 1
1.430579, -130.8719, 107, POINT, N, VKLTPLCVTLQCTNVTNNITD-------------------------------------DMRGELKN----CSFNM-T-TE--LRD-KK-NKV-YSLF-YRLDVVQINNNQNNRSNNS------------------------------------------NTSYRLI---NCNTSAI-T---QA, 0.0000, 1
1.460705, -130.0549, 10, POINT, T, VKLTPLCVTLTCTNVTNNITD-------------------------------------DMRGELKN----CSFNM-T-TE--LRD-KK-NKV-YSLF-YRLDVVQINNNQNNRSNNS------------------------------------------NTSYRLI---NCNTSAI-T---QA, 0.0000, 1
1.485686, -49.2762, [79, 82], CHUNK, ['N', 'I'], VKLTPLCVTLTCTNVTNNITD-------------------------------------DMRGELKN----CSFNM-T-TN--IRD-KK-NKV-YSLF-YRLDVVQINNNQNNRSNNS------------------------------------------NTSYRLI---NCNTSAI-T---QA, 0.4502, 0
1.479735, -130.7828, 10, POINT, N, VKLTPLCVTLNCTNVTNNITD-------------------------------------DMRGELKN----CSFNM-T-TE--LRD-KK-NKV-YSLF-YRLDVVQINNNQNNRSNNS------------------------------------------NTSYRLI---NCNTSAI-T---QA, 0.0000, 1
1.496900, -93.2643, 74, POINT, I, VKLTPLCVTLNCTNVTNNITD-------------------------------------DMRGELKN----CSFNI-T-TE--LRD-KK-NKV-YSLF-YRLDVVQINNNQNNRSNNS------------------------------------------NTSYRLI---NCNTSAI-T---QA, 0.3292, 0
1.495466, -116.3944, 74, POINT, V, VKLTPLCVTLNCTNVTNNITD-------------------------------------DMRGELKN----CSFNV-T-TE--LRD-KK-NKV-YSLF-YRLDVVQINNNQNNRSNNS------------------------------------------NTSYRLI---NCNTSAI-T---QA, 0.1320, 1
1.509376, -113.5909, [99, 102, 104], CHUNK, ['N', 'I', 'P'], VKLTPLCVTLNCTNVTNNITD-------------------------------------DMRGELKN----CSFNV-T-TE--LRD-KK-NKV-YSLF-YNLDIVPINNNQNNRSNNS------------------------------------------NTSYRLI---NCNTSAI-T---QA, 0.1671, 0
1.511458, -124.2372, [74], CHUNK, ['T'], VKLTPLCVTLNCTNVTNNITD-------------------------------------DMRGELKN----CSFNT-T-TE--LRD-KK-NKV-YSLF-YRLDVVQINNNQNNRSNNS------------------------------------------NTSYRLI---NCNTSAI-T---QA, 0.2824, 1
1.531897, -120.9612, 20, POINT, T, VKLTPLCVTLNCTNVTNNITT-------------------------------------DMRGELKN----CSFNT-T-TE--LRD-KK-NKV-YSLF-YRLDVVQINNNQNNRSNNS------------------------------------------NTSYRLI---NCNTSAI-T---QA, 0.2824, 0
1.533607, -123.8245, 79, POINT, N, VKLTPLCVTLNCTNVTNNITD-------------------------------------DMRGELKN----CSFNT-T-TN--LRD-KK-NKV-YSLF-YRLDVVQINNNQNNRSNNS------------------------------------------NTSYRLI---NCNTSAI-T---QA, 0.2824, 0
1.518813, -123.4763, [20], CHUNK, ['S'], VKLTPLCVTLNCTNVTNNITS-------------------------------------DMRGELKN----CSFNT-T-TE--LRD-KK-NKV-YSLF-YRLDVVQINNNQNNRSNNS------------------------------------------NTSYRLI---NCNTSAI-T---QA, 0.2824, 0
1.529769, 54.5845, [58, 59, 60, 61, 63], CHUNK, ['E', 'P', 'T', 'K', 'V'], VKLTPLCVTLNCTNVTNNITD-------------------------------------EPTKEVKN----CSFNT-T-TE--LRD-KK-NKV-YSLF-YRLDVVQINNNQNNRSNNS------------------------------------------NTSYRLI---NCNTSAI-T---QA, 0.3440, 0
1.495519, -115.6215, 71, POINT, T, VKLTPLCVTLNCTNVTNNITD-------------------------------------DMRGELKN----CTFNV-T-TE--LRD-KK-NKV-YSLF-YRLDVVQINNNQNNRSNNS------------------------------------------NTSYRLI---NCNTSAI-T---QA, 0.1844, 0
1.513162, -115.6056, 58, POINT, T, VKLTPLCVTLNCTNVTNNITD-------------------------------------TMRGELKN----CSFNV-T-TE--LRD-KK-NKV-YSLF-YRLDVVQINNNQNNRSNNS------------------------------------------NTSYRLI---NCNTSAI-T---QA, 0.1446, 0
1.508187, -115.3647, [99, 104], CHUNK, ['K', 'P'], VKLTPLCVTLNCTNVTNNITD-------------------------------------DMRGELKN----CSFNV-T-TE--LRD-KK-NKV-YSLF-YKLDVVPINNNQNNRSNNS------------------------------------------NTSYRLI---NCNTSAI-T---QA, 0.1362, 0
1.511458, -123.5497, [74], CHUNK, ['T'], VKLTPLCVTLNCTNVTNNITD-------------------------------------DMRGELKN----CSFNT-T-TE--LRD-KK-NKV-YSLF-YRLDVVQINNNQNNRSNNS------------------------------------------NTSYRLI---NCNTSAI-T---QA, 0.1320, 0
1.484141, -10.1666, 82, POINT, I, VKLTPLCVTLNCTNVTNNITD-------------------------------------DMRGELKN----CSFNM-T-TE--IRD-KK-NKV-YSLF-YRLDVVQINNNQNNRSNNS------------------------------------------NTSYRLI---NCNTSAI-T---QA, 0.1809, 0
1.510976, -124.0735, [71, 74], CHUNK, ['T', 'T'], VKLTPLCVTLNCTNVTNNITD-------------------------------------DMRGELKN----CTFNT-T-TE--LRD-KK-NKV-YSLF-YRLDVVQINNNQNNRSNNS------------------------------------------NTSYRLI---NCNTSAI-T---QA, 0.0000, 1
1.524632, -123.1430, 59, POINT, S, VKLTPLCVTLNCTNVTNNITD-------------------------------------DSRGELKN----CTFNT-T-TE--LRD-KK-NKV-YSLF-YRLDVVQINNNQNNRSNNS------------------------------------------NTSYRLI---NCNTSAI-T---QA, 0.0000, 0
1.517990, -109.4887, [174], CHUNK, ['V'], VKLTPLCVTLNCTNVTNNITD-------------------------------------DMRGELKN----CTFNT-T-TE--LRD-KK-NKV-YSLF-YRLDVVQINNNQNNRSNNS------------------------------------------NTSYRLI---NCNTSVI-T---QA, 0.2426, 0
1.530397, -124.4619, 20, POINT, N, VKLTPLCVTLNCTNVTNNITN-------------------------------------DMRGELKN----CTFNT-T-TE--LRD-KK-NKV-YSLF-YRLDVVQINNNQNNRSNNS------------------------------------------NTSYRLI---NCNTSAI-T---QA, 0.0000, 0
1.531106, -122.5270, 18, POINT, T, VKLTPLCVTLNCTNVTNNTTD-------------------------------------DMRGELKN----CTFNT-T-TE--LRD-KK-NKV-YSLF-YRLDVVQINNNQNNRSNNS------------------------------------------NTSYRLI---NCNTSAI-T---QA, 0.0000, 0
1.519171, -105.3717, [74, 79], CHUNK, ['I', 'N'], VKLTPLCVTLNCTNVTNNITD-------------------------------------DMRGELKN----CSFNI-T-TN--LRD-KK-NKV-YSLF-YRLDVVQINNNQNNRSNNS------------------------------------------NTSYRLI---NCNTSAI-T---QA, 0.2461, 0
1.494436, -128.5739, [174], CHUNK, ['T'], VKLTPLCVTLNCTNVTNNITD-------------------------------------DMRGELKN----CSFNM-T-TE--LRD-KK-NKV-YSLF-YRLDVVQINNNQNNRSNNS------------------------------------------NTSYRLI---NCNTSTI-T---QA, 0.0000, 1
1.498964, -128.7816, 59, POINT, E, VKLTPLCVTLNCTNVTNNITD-------------------------------------DERGELKN----CSFNM-T-TE--LRD-KK-NKV-YSLF-YRLDVVQINNNQNNRSNNS------------------------------------------NTSYRLI---NCNTSTI-T---QA, 0.0000, 1
1.530687, -124.4683, [74], CHUNK, ['T'], VKLTPLCVTLNCTNVTNNITD-------------------------------------DERGELKN----CSFNT-T-TE--LRD-KK-NKV-YSLF-YRLDVVQINNNQNNRSNNS------------------------------------------NTSYRLI---NCNTSTI-T---QA, 0.0000, 0
1.523946, -10.3905, [79, 82], CHUNK, ['N', 'I'], VKLTPLCVTLNCTNVTNNITD-------------------------------------DERGELKN----CSFNM-T-TN--IRD-KK-NKV-YSLF-YRLDVVQINNNQNNRSNNS------------------------------------------NTSYRLI---NCNTSTI-T---QA, 0.2542, 0
1.506795, -129.1872, 90, POINT, N, VKLTPLCVTLNCTNVTNNITD-------------------------------------DERGELKN----CSFNM-T-TE--LRD-KK-NNV-YSLF-YRLDVVQINNNQNNRSNNS------------------------------------------NTSYRLI---NCNTSTI-T---QA, 0.0000, 1
1.521311, -129.8044, 84, POINT, N, VKLTPLCVTLNCTNVTNNITD-------------------------------------DERGELKN----CSFNM-T-TE--LRN-KK-NNV-YSLF-YRLDVVQINNNQNNRSNNS------------------------------------------NTSYRLI---NCNTSTI-T---QA, 0.0000, 1
1.536658, -105.8197, [74], CHUNK, ['V'], VKLTPLCVTLNCTNVTNNITD-------------------------------------DERGELKN----CSFNV-T-TE--LRN-KK-NNV-YSLF-YRLDVVQINNNQNNRSNNS------------------------------------------NTSYRLI---NCNTSTI-T---QA, 0.1395, 0
1.529236, -129.1193, 20, POINT, S, VKLTPLCVTLNCTNVTNNITS-------------------------------------DERGELKN----CSFNM-T-TE--LRN-KK-NNV-YSLF-YRLDVVQINNNQNNRSNNS------------------------------------------NTSYRLI---NCNTSTI-T---QA, 0.0000, 0
1.531216, -127.9251, 165, POINT, T, VKLTPLCVTLNCTNVTNNITD-------------------------------------DERGELKN----CSFNM-T-TE--LRN-KK-NNV-YSLF-YRLDVVQINNNQNNRSNNS------------------------------------------NTSYRLT---NCNTSTI-T---QA, 0.0183, 0
1.526599, -126.5460, [91, 94, 99], CHUNK, ['E', 'A', 'K'], VKLTPLCVTLNCTNVTNNITD-------------------------------------DERGELKN----CSFNM-T-TE--LRN-KK-NNE-YALF-YKLDVVQINNNQNNRSNNS------------------------------------------NTSYRLI---NCNTSTI-T---QA, 0.0000, 0
1.523960, -78.1373, [74], CHUNK, ['I'], VKLTPLCVTLNCTNVTNNITD-------------------------------------DERGELKN----CSFNI-T-TE--LRD-KK-NNV-YSLF-YRLDVVQINNNQNNRSNNS------------------------------------------NTSYRLI---NCNTSTI-T---QA, 0.3009, 0
1.540061, -77.4320, [74, 79], CHUNK, ['I', 'T'], VKLTPLCVTLNCTNVTNNITD-------------------------------------DERGELKN----CSFNI-T-TT--LRD-KK-NNV-YSLF-YRLDVVQINNNQNNRSNNS------------------------------------------NTSYRLI---NCNTSTI-T---QA, 0.2342, 0
1.522526, -113.4778, [74], CHUNK, ['V'], VKLTPLCVTLNCTNVTNNITD-------------------------------------DERGELKN----CSFNV-T-TE--LRD-KK-NNV-YSLF-YRLDVVQINNNQNNRSNNS------------------------------------------NTSYRLI---NCNTSTI-T---QA, 0.0985, 1
1.529156, -112.9776, [99], CHUNK, ['K'], VKLTPLCVTLNCTNVTNNITD-------------------------------------DERGELKN----CSFNV-T-TE--LRD-KK-NNV-YSLF-YKLDVVQINNNQNNRSNNS------------------------------------------NTSYRLI---NCNTSTI-T---QA, 0.0882, 0
1.544174, -113.6752, 79, POINT, N, VKLTPLCVTLNCTNVTNNITD-------------------------------------DERGELKN----CSFNV-T-TN--LRD-KK-NNV-YSLF-YRLDVVQINNNQNNRSNNS------------------------------------------NTSYRLI---NCNTSTI-T---QA, 0.1366, 1
1.555432, -108.4693, [163, 165, 169], CHUNK, ['T', 'T', 'S'], VKLTPLCVTLNCTNVTNNITD-------------------------------------DERGELKN----CSFNV-T-TN--LRD-KK-NNV-YSLF-YRLDVVQINNNQNNRSNNS------------------------------------------NTSYTLT---SCNTSTI-T---QA, 0.1345, 0
1.546088, -110.1657, [74], CHUNK, ['I'], VKLTPLCVTLNCTNVTNNITD-------------------------------------DERGELKN----CSFNI-T-TN--LRD-KK-NNV-YSLF-YRLDVVQINNNQNNRSNNS------------------------------------------NTSYRLI---NCNTSTI-T---QA, 0.3481, 0
1.550514, -114.1081, 16, POINT, T, VKLTPLCVTLNCTNVTTNITD-------------------------------------DERGELKN----CSFNV-T-TN--LRD-KK-NNV-YSLF-YRLDVVQINNNQNNRSNNS------------------------------------------NTSYRLI---NCNTSTI-T---QA, 0.1308, 0
1.560524, -119.4130, [74], CHUNK, ['T'], VKLTPLCVTLNCTNVTNNITD-------------------------------------DERGELKN----CSFNT-T-TN--LRD-KK-NNV-YSLF-YRLDVVQINNNQNNRSNNS------------------------------------------NTSYRLI---NCNTSTI-T---QA, 0.1366, 0
1.535194, -73.8511, [60, 61, 63], CHUNK, ['T', 'E', 'V'], VKLTPLCVTLNCTNVTNNITD-------------------------------------DETEEVKN----CSFNV-T-TE--LRD-KK-NNV-YSLF-YRLDVVQINNNQNNRSNNS------------------------------------------NTSYRLI---NCNTSTI-T---QA, 0.2198, 0
1.555224, -17.2710, [79, 82, 83], CHUNK, ['S', 'I', 'N'], VKLTPLCVTLNCTNVTNNITD-------------------------------------DERGELKN----CSFNV-T-TS--IND-KK-NNV-YSLF-YRLDVVQINNNQNNRSNNS------------------------------------------NTSYRLI---NCNTSTI-T---QA, 0.2466, 0
1.530392, -110.8180, 98, POINT, N, VKLTPLCVTLNCTNVTNNITD-------------------------------------DERGELKN----CSFNV-T-TE--LRD-KK-NNV-YSLF-NRLDVVQINNNQNNRSNNS------------------------------------------NTSYRLI---NCNTSTI-T---QA, 0.0985, 0
1.532651, -115.4682, [99, 102, 104], CHUNK, ['K', 'I', 'P'], VKLTPLCVTLNCTNVTNNITD-------------------------------------DERGELKN----CSFNV-T-TE--LRD-KK-NNV-YSLF-YKLDIVPINNNQNNRSNNS------------------------------------------NTSYRLI---NCNTSTI-T---QA, 0.1562, 0
1.513425, -127.3506, 99, POINT, K, VKLTPLCVTLNCTNVTNNITD-------------------------------------DERGELKN----CSFNM-T-TE--LRD-KK-NNV-YSLF-YKLDVVQINNNQNNRSNNS------------------------------------------NTSYRLI---NCNTSTI-T---QA, 0.0000, 1
1.530483, -122.0484, 60, POINT, T, VKLTPLCVTLNCTNVTNNITD-------------------------------------DETGELKN----CSFNM-T-TE--LRD-KK-NNV-YSLF-YKLDVVQINNNQNNRSNNS------------------------------------------NTSYRLI---NCNTSTI-T---QA, 0.0000, 1
1.546214, -105.2342, 74, POINT, V, VKLTPLCVTLNCTNVTNNITD-------------------------------------DETGELKN----CSFNV-T-TE--LRD-KK-NNV-YSLF-YKLDVVQINNNQNNRSNNS------------------------------------------NTSYRLI---NCNTSTI-T---QA, 0.1615, 0
1.563994, -122.6030, 58, POINT, N, VKLTPLCVTLNCTNVTNNITD-------------------------------------NETGELKN----CSFNM-T-TE--LRD-KK-NNV-YSLF-YKLDVVQINNNQNNRSNNS------------------------------------------NTSYRLI---NCNTSTI-T---QA, 0.0226, 1
1.581159, -79.5450, 74, POINT, I, VKLTPLCVTLNCTNVTNNITD-------------------------------------NETGELKN----CSFNI-T-TE--LRD-KK-NNV-YSLF-YKLDVVQINNNQNNRSNNS------------------------------------------NTSYRLI---NCNTSTI-T---QA, 0.3140, 0
1.590995, -121.6600, 59, POINT, T, VKLTPLCVTLNCTNVTNNITD-------------------------------------NTTGELKN----CSFNM-T-TE--LRD-KK-NNV-YSLF-YKLDVVQINNNQNNRSNNS------------------------------------------NTSYRLI---NCNTSTI-T---QA, 0.0780, 0
1.583275, -117.2926, [98, 99, 103, 104], CHUNK, ['N', 'S', 'E', 'S'], VKLTPLCVTLNCTNVTNNITD-------------------------------------NETGELKN----CSFNM-T-TE--LRD-KK-NNV-YSLF-NSLDVESINNNQNNRSNNS------------------------------------------NTSYRLI---NCNTSTI-T---QA, 0.0226, 0
1.590995, -121.4324, 59, POINT, T, VKLTPLCVTLNCTNVTNNITD-------------------------------------NTTGELKN----CSFNM-T-TE--LRD-KK-NNV-YSLF-YKLDVVQINNNQNNRSNNS------------------------------------------NTSYRLI---NCNTSTI-T---QA, 0.0226, 1
1.622718, -117.0994, [74], CHUNK, ['T'], VKLTPLCVTLNCTNVTNNITD-------------------------------------NTTGELKN----CSFNT-T-TE--LRD-KK-NNV-YSLF-YKLDVVQINNNQNNRSNNS------------------------------------------NTSYRLI---NCNTSTI-T---QA, 0.0226, 0
1.608160, -85.8428, [74], CHUNK, ['I'], VKLTPLCVTLNCTNVTNNITD-------------------------------------NTTGELKN----CSFNI-T-TE--LRD-KK-NNV-YSLF-YKLDVVQINNNQNNRSNNS------------------------------------------NTSYRLI---NCNTSTI-T---QA, 0.3683, 0
1.612174, -119.9745, [18, 20], CHUNK, ['S', 'S'], VKLTPLCVTLNCTNVTNNSTS-------------------------------------NTTGELKN----CSFNM-T-TE--LRD-KK-NNV-YSLF-YKLDVVQINNNQNNRSNNS------------------------------------------NTSYRLI---NCNTSTI-T---QA, 0.0276, 0
1.611293, -118.2377, 91, POINT, N, VKLTPLCVTLNCTNVTNNITD-------------------------------------NTTGELKN----CSFNM-T-TE--LRD-KK-NNN-YSLF-YKLDVVQINNNQNNRSNNS------------------------------------------NTSYRLI---NCNTSTI-T---QA, 0.0226, 0
1.581159, -76.5833, [74], CHUNK, ['I'], VKLTPLCVTLNCTNVTNNITD-------------------------------------NETGELKN----CSFNI-T-TE--LRD-KK-NNV-YSLF-YKLDVVQINNNQNNRSNNS------------------------------------------NTSYRLI---NCNTSTI-T---QA, 0.4246, 0
1.587121, -121.4087, 18, POINT, T, VKLTPLCVTLNCTNVTNNTTD-------------------------------------NETGELKN----CSFNM-T-TE--LRD-KK-NNV-YSLF-YKLDVVQINNNQNNRSNNS------------------------------------------NTSYRLI---NCNTSTI-T---QA, 0.0226, 0
1.581159, -67.9037, [74], CHUNK, ['I'], VKLTPLCVTLNCTNVTNNITD-------------------------------------NETGELKN----CSFNI-T-TE--LRD-KK-NNV-YSLF-YKLDVVQINNNQNNRSNNS------------------------------------------NTSYRLI---NCNTSTI-T---QA, 0.1626, 0
1.573307, -118.1460, 82, POINT, T, VKLTPLCVTLNCTNVTNNITD-------------------------------------NETGELKN----CSFNM-T-TE--TRD-KK-NNV-YSLF-YKLDVVQINNNQNNRSNNS------------------------------------------NTSYRLI---NCNTSTI-T---QA, 0.0497, 0
1.553439, -120.8491, 18, POINT, T, VKLTPLCVTLNCTNVTNNTTD-------------------------------------DETGELKN----CSFNM-T-TE--LRD-KK-NNV-YSLF-YKLDVVQINNNQNNRSNNS------------------------------------------NTSYRLI---NCNTSTI-T---QA, 0.0000, 0
1.547648, -91.9903, [74], CHUNK, ['I'], VKLTPLCVTLNCTNVTNNITD-------------------------------------DETGELKN----CSFNI-T-TE--LRD-KK-NNV-YSLF-YKLDVVQINNNQNNRSNNS------------------------------------------NTSYRLI---NCNTSTI-T---QA, 0.3234, 0
1.547648, -87.1392, 74, POINT, I, VKLTPLCVTLNCTNVTNNITD-------------------------------------DETGELKN----CSFNI-T-TE--LRD-KK-NNV-YSLF-YKLDVVQINNNQNNRSNNS------------------------------------------NTSYRLI---NCNTSTI-T---QA, 0.4492, 0
1.569776, -66.2388, [74, 79], CHUNK, ['I', 'N'], VKLTPLCVTLNCTNVTNNITD-------------------------------------DETGELKN----CSFNI-T-TN--LRD-KK-NNV-YSLF-YKLDVVQINNNQNNRSNNS------------------------------------------NTSYRLI---NCNTSTI-T---QA, 0.5313, 0
1.535180, -126.9213, 91, POINT, T, VKLTPLCVTLNCTNVTNNITD-------------------------------------DERGELKN----CSFNM-T-TE--LRD-KK-NNT-YSLF-YKLDVVQINNNQNNRSNNS------------------------------------------NTSYRLI---NCNTSTI-T---QA, 0.0384, 1
1.574729, -104.2755, [74, 79], CHUNK, ['I', 'N'], VKLTPLCVTLNCTNVTNNITD-------------------------------------DERGELKN----CSFNI-T-TN--LRD-KK-NNT-YSLF-YKLDVVQINNNQNNRSNNS------------------------------------------NTSYRLI---NCNTSTI-T---QA, 0.2875, 0
1.549380, -128.5308, 163, POINT, T, VKLTPLCVTLNCTNVTNNITD-------------------------------------DERGELKN----CSFNM-T-TE--LRD-KK-NNT-YSLF-YKLDVVQINNNQNNRSNNS------------------------------------------NTSYTLI---NCNTSTI-T---QA, 0.0421, 1
1.585602, -103.5210, [59, 60, 61, 63], CHUNK, ['C', 'N', 'T', 'M'], VKLTPLCVTLNCTNVTNNITD-------------------------------------DCNTEMKN----CSFNM-T-TE--LRD-KK-NNT-YSLF-YKLDVVQINNNQNNRSNNS------------------------------------------NTSYTLI---NCNTSTI-T---QA, 0.0421, 0
1.594823, -43.2734, [74, 79, 82], CHUNK, ['I', 'N', 'I'], VKLTPLCVTLNCTNVTNNITD-------------------------------------DERGELKN----CSFNI-T-TN--IRD-KK-NNT-YSLF-YKLDVVQINNNQNNRSNNS------------------------------------------NTSYTLI---NCNTSTI-T---QA, 0.5263, 0
1.555334, -128.7172, 104, POINT, P, VKLTPLCVTLNCTNVTNNITD-------------------------------------DERGELKN----CSFNM-T-TE--LRD-KK-NNT-YSLF-YKLDVVPINNNQNNRSNNS------------------------------------------NTSYTLI---NCNTSTI-T---QA, 0.0421, 1
1.573600, -92.1374, [71, 74], CHUNK, ['T', 'I'], VKLTPLCVTLNCTNVTNNITD-------------------------------------DERGELKN----CTFNI-T-TE--LRD-KK-NNT-YSLF-YKLDVVPINNNQNNRSNNS------------------------------------------NTSYTLI---NCNTSTI-T---QA, 0.2177, 0
1.572499, -108.4228, [74], CHUNK, ['I'], VKLTPLCVTLNCTNVTNNITD-------------------------------------DERGELKN----CSFNI-T-TE--LRD-KK-NNT-YSLF-YKLDVVPINNNQNNRSNNS------------------------------------------NTSYTLI---NCNTSTI-T---QA, 0.5032, 0
1.572499, -105.8237, [74], CHUNK, ['I'], VKLTPLCVTLNCTNVTNNITD-------------------------------------DERGELKN----CSFNI-T-TE--LRD-KK-NNT-YSLF-YKLDVVPINNNQNNRSNNS------------------------------------------NTSYTLI---NCNTSTI-T---QA, 0.4261, 0
1.598520, -22.7309, [74, 79, 82], CHUNK, ['V', 'N', 'I'], VKLTPLCVTLNCTNVTNNITD-------------------------------------DERGELKN----CSFNV-T-TN--IRD-KK-NNT-YSLF-YKLDVVPINNNQNNRSNNS------------------------------------------NTSYTLI---NCNTSTI-T---QA, 0.2297, 0
1.564070, -128.3684, 109, POINT, D, VKLTPLCVTLNCTNVTNNITD-------------------------------------DERGELKN----CSFNM-T-TE--LRD-KK-NNT-YSLF-YKLDVVQINNNDNNRSNNS------------------------------------------NTSYTLI---NCNTSTI-T---QA, 0.0451, 1
1.581235, -98.5440, [74], CHUNK, ['I'], VKLTPLCVTLNCTNVTNNITD-------------------------------------DERGELKN----CSFNI-T-TE--LRD-KK-NNT-YSLF-YKLDVVQINNNDNNRSNNS------------------------------------------NTSYTLI---NCNTSTI-T---QA, 0.2651, 0
1.589373, -6.7148, [79, 82], CHUNK, ['N', 'I'], VKLTPLCVTLNCTNVTNNITD-------------------------------------DERGELKN----CSFNM-T-TN--IRD-KK-NNT-YSLF-YKLDVVQINNNDNNRSNNS------------------------------------------NTSYTLI---NCNTSTI-T---QA, 0.2320, 0
1.603619, -95.5435, [74, 79], CHUNK, ['I', 'N'], VKLTPLCVTLNCTNVTNNITD-------------------------------------DERGELKN----CSFNI-T-TN--LRD-KK-NNT-YSLF-YKLDVVQINNNDNNRSNNS------------------------------------------NTSYTLI---NCNTSTI-T---QA, 0.1733, 0
1.598445, -42.5329, [74, 79, 82], CHUNK, ['T', 'V', 'I'], VKLTPLCVTLNCTNVTNNITD-------------------------------------DERGELKN----CSFNT-T-TV--IRD-KK-NNT-YSLF-YKLDVVQINNNDNNRSNNS------------------------------------------NTSYTLI---NCNTSTI-T---QA, 0.2536, 0
1.566545, -98.6175, 74, POINT, I, VKLTPLCVTLNCTNVTNNITD-------------------------------------DERGELKN----CSFNI-T-TE--LRD-KK-NNT-YSLF-YKLDVVQINNNQNNRSNNS------------------------------------------NTSYTLI---NCNTSTI-T---QA, 0.2485, 0
1.565111, -122.6949, 74, POINT, V, VKLTPLCVTLNCTNVTNNITD-------------------------------------DERGELKN----CSFNV-T-TE--LRD-KK-NNT-YSLF-YKLDVVQINNNQNNRSNNS------------------------------------------NTSYTLI---NCNTSTI-T---QA, 0.0771, 0
1.561283, -126.5094, 165, POINT, T, VKLTPLCVTLNCTNVTNNITD-------------------------------------DERGELKN----CSFNM-T-TE--LRD-KK-NNT-YSLF-YKLDVVQINNNQNNRSNNS------------------------------------------NTSYTLT---NCNTSTI-T---QA, 0.0421, 1
1.586586, -7.0065, [79, 82], CHUNK, ['N', 'I'], VKLTPLCVTLNCTNVTNNITD-------------------------------------DERGELKN----CSFNM-T-TN--IRD-KK-NNT-YSLF-YKLDVVQINNNQNNRSNNS------------------------------------------NTSYTLT---NCNTSTI-T---QA, 0.1129, 0
1.577013, -120.3746, 74, POINT, V, VKLTPLCVTLNCTNVTNNITD-------------------------------------DERGELKN----CSFNV-T-TE--LRD-KK-NNT-YSLF-YKLDVVQINNNQNNRSNNS------------------------------------------NTSYTLT---NCNTSTI-T---QA, 0.1158, 0
1.566148, -125.0576, 63, POINT, I, VKLTPLCVTLNCTNVTNNITD-------------------------------------DERGEIKN----CSFNM-T-TE--LRD-KK-NNT-YSLF-YKLDVVQINNNQNNRSNNS------------------------------------------NTSYTLT---NCNTSTI-T---QA, 0.0446, 1
1.583775, -97.9067, [74], CHUNK, ['I'], VKLTPLCVTLNCTNVTNNITD-------------------------------------DERGEIKN----CSFNI-T-TE--LRD-KK-NNT-YSLF-YKLDVVQINNNQNNRSNNS------------------------------------------NTSYTLT---NCNTSTI-T---QA, 0.2409, 0
1.573818, -124.1326, 94, POINT, T, VKLTPLCVTLNCTNVTNNITD-------------------------------------DERGEIKN----CSFNM-T-TE--LRD-KK-NNT-YTLF-YKLDVVQINNNQNNRSNNS------------------------------------------NTSYTLT---NCNTSTI-T---QA, 0.0446, 0
1.585993, -124.5135, 79, POINT, N, VKLTPLCVTLNCTNVTNNITD-------------------------------------DERGEIKN----CSFNM-T-TN--LRD-KK-NNT-YSLF-YKLDVVQINNNQNNRSNNS------------------------------------------NTSYTLT---NCNTSTI-T---QA, 0.0659, 1
1.606376, -124.9540, 20, POINT, N, VKLTPLCVTLNCTNVTNNITN-------------------------------------DERGEIKN----CSFNM-T-TN--LRD-KK-NNT-YSLF-YKLDVVQINNNQNNRSNNS------------------------------------------NTSYTLT---NCNTSTI-T---QA, 0.0659, 0
1.606376, -124.9540, 20, POINT, N, VKLTPLCVTLNCTNVTNNITN-------------------------------------DERGEIKN----CSFNM-T-TN--LRD-KK-NNT-YSLF-YKLDVVQINNNQNNRSNNS------------------------------------------NTSYTLT---NCNTSTI-T---QA, 0.0659, 0
1.606159, -96.6860, [74], CHUNK, ['I'], VKLTPLCVTLNCTNVTNNITD-------------------------------------DERGEIKN----CSFNI-T-TN--LRD-KK-NNT-YSLF-YKLDVVQINNNQNNRSNNS------------------------------------------NTSYTLT---NCNTSTI-T---QA, 0.6737, 0
1.602069, -125.1167, 84, POINT, N, VKLTPLCVTLNCTNVTNNITD-------------------------------------DERGEIKN----CSFNM-T-TN--LRN-KK-NNT-YSLF-YKLDVVQINNNQNNRSNNS------------------------------------------NTSYTLT---NCNTSTI-T---QA, 0.0659, 0
1.597333, -121.9271, [74], CHUNK, ['T'], VKLTPLCVTLNCTNVTNNITD-------------------------------------DERGEIKN----CSFNT-T-TE--LRD-KK-NNT-YSLF-YKLDVVQINNNQNNRSNNS------------------------------------------NTSYTLT---NCNTSTI-T---QA, 0.0446, 1
1.601183, -120.3622, [99], CHUNK, ['N'], VKLTPLCVTLNCTNVTNNITD-------------------------------------DERGEIKN----CSFNT-T-TE--LRD-KK-NNT-YSLF-YNLDVVQINNNQNNRSNNS------------------------------------------NTSYTLT---NCNTSTI-T---QA, 0.1262, 0
1.687634, -98.5600, [58, 59, 60, 61, 63], CHUNK, ['N', 'T', 'T', 'N', 'M'], VKLTPLCVTLNCTNVTNNITD-------------------------------------NTTNEMKN----CSFNT-T-TE--LRD-KK-NNT-YSLF-YKLDVVQINNNQNNRSNNS------------------------------------------NTSYTLT---NCNTSTI-T---QA, 0.0894, 0
1.618213, -118.7626, 20, POINT, T, VKLTPLCVTLNCTNVTNNITT-------------------------------------DERGEIKN----CSFNT-T-TE--LRD-KK-NNT-YSLF-YKLDVVQINNNQNNRSNNS------------------------------------------NTSYTLT---NCNTSTI-T---QA, 0.0446, 0
1.618213, -118.7626, 20, POINT, T, VKLTPLCVTLNCTNVTNNITT-------------------------------------DERGEIKN----CSFNT-T-TE--LRD-KK-NNT-YSLF-YKLDVVQINNNQNNRSNNS------------------------------------------NTSYTLT---NCNTSTI-T---QA, 0.0446, 0
1.578907, -124.5460, 103, POINT, T, VKLTPLCVTLNCTNVTNNITD-------------------------------------DERGEIKN----CSFNM-T-TE--LRD-KK-NNT-YSLF-YKLDVTQINNNQNNRSNNS------------------------------------------NTSYTLT---NCNTSTI-T---QA, 0.0446, 1
1.583785, -123.7232, 74, POINT, A, VKLTPLCVTLNCTNVTNNITD-------------------------------------DERGEIKN----CSFNA-T-TE--LRD-KK-NNT-YSLF-YKLDVTQINNNQNNRSNNS------------------------------------------NTSYTLT---NCNTSTI-T---QA, 0.0446, 1
1.596679, -123.1774, 87, POINT, T, VKLTPLCVTLNCTNVTNNITD-------------------------------------DERGEIKN----CSFNA-T-TE--LRD-KT-NNT-YSLF-YKLDVTQINNNQNNRSNNS------------------------------------------NTSYTLT---NCNTSTI-T---QA, 0.0446, 0
1.618918, -89.7159, [74, 79], CHUNK, ['I', 'N'], VKLTPLCVTLNCTNVTNNITD-------------------------------------DERGEIKN----CSFNI-T-TN--LRD-KK-NNT-YSLF-YKLDVTQINNNQNNRSNNS------------------------------------------NTSYTLT---NCNTSTI-T---QA, 0.3710, 0
1.604550, -123.1178, 79, POINT, N, VKLTPLCVTLNCTNVTNNITD-------------------------------------DERGEIKN----CSFNA-T-TN--LRD-KK-NNT-YSLF-YKLDVTQINNNQNNRSNNS------------------------------------------NTSYTLT---NCNTSTI-T---QA, 0.0446, 1
1.628128, -121.8001, [74, 79], CHUNK, ['T', 'T'], VKLTPLCVTLNCTNVTNNITD-------------------------------------DERGEIKN----CSFNT-T-TT--LRD-KK-NNT-YSLF-YKLDVTQINNNQNNRSNNS------------------------------------------NTSYTLT---NCNTSTI-T---QA, 0.0554, 0
1.619821, -122.6089, [87], CHUNK, ['T'], VKLTPLCVTLNCTNVTNNITD-------------------------------------DERGEIKN----CSFNA-T-TN--LRD-KT-NNT-YSLF-YKLDVTQINNNQNNRSNNS------------------------------------------NTSYTLT---NCNTSTI-T---QA, 0.0684, 0
1.609939, -11.8805, 82, POINT, I, VKLTPLCVTLNCTNVTNNITD-------------------------------------DERGEIKN----CSFNA-T-TN--IRD-KK-NNT-YSLF-YKLDVTQINNNQNNRSNNS------------------------------------------NTSYTLT---NCNTSTI-T---QA, 0.2427, 0
1.618918, -92.4973, [74], CHUNK, ['I'], VKLTPLCVTLNCTNVTNNITD-------------------------------------DERGEIKN----CSFNI-T-TN--LRD-KK-NNT-YSLF-YKLDVTQINNNQNNRSNNS------------------------------------------NTSYTLT---NCNTSTI-T---QA, 0.2718, 0
1.592422, -123.0377, 20, POINT, S, VKLTPLCVTLNCTNVTNNITS-------------------------------------DERGEIKN----CSFNA-T-TE--LRD-KK-NNT-YSLF-YKLDVTQINNNQNNRSNNS------------------------------------------NTSYTLT---NCNTSTI-T---QA, 0.0446, 0
1.602411, -122.0154, 18, POINT, N, VKLTPLCVTLNCTNVTNNNTD-------------------------------------DERGEIKN----CSFNA-T-TE--LRD-KK-NNT-YSLF-YKLDVTQINNNQNNRSNNS------------------------------------------NTSYTLT---NCNTSTI-T---QA, 0.0446, 0
1.593861, -118.1785, 74, POINT, V, VKLTPLCVTLNCTNVTNNITD-------------------------------------DERGEIKN----CSFNV-T-TE--LRD-KK-NNT-YSLF-YKLDVTQINNNQNNRSNNS------------------------------------------NTSYTLT---NCNTSTI-T---QA, 0.0963, 1
1.603071, -117.9227, 59, POINT, S, VKLTPLCVTLNCTNVTNNITD-------------------------------------DSRGEIKN----CSFNV-T-TE--LRD-KK-NNT-YSLF-YKLDVTQINNNQNNRSNNS------------------------------------------NTSYTLT---NCNTSTI-T---QA, 0.0903, 1
1.630526, -44.4145, [79, 82], CHUNK, ['N', 'I'], VKLTPLCVTLNCTNVTNNITD-------------------------------------DSRGEIKN----CSFNV-T-TN--IRD-KK-NNT-YSLF-YKLDVTQINNNQNNRSNNS------------------------------------------NTSYTLT---NCNTSTI-T---QA, 0.4198, 0
1.624278, -114.6239, [20], CHUNK, ['T'], VKLTPLCVTLNCTNVTNNITT-------------------------------------DSRGEIKN----CSFNV-T-TE--LRD-KK-NNT-YSLF-YKLDVTQINNNQNNRSNNS------------------------------------------NTSYTLT---NCNTSTI-T---QA, 0.0903, 0
1.619100, -113.9446, [19, 20], CHUNK, ['N', 'T'], VKLTPLCVTLNCTNVTNNINT-------------------------------------DSRGEIKN----CSFNV-T-TE--LRD-KK-NNT-YSLF-YKLDVTQINNNQNNRSNNS------------------------------------------NTSYTLT---NCNTSTI-T---QA, 0.0903, 0
1.618446, -118.5395, 84, POINT, N, VKLTPLCVTLNCTNVTNNITD-------------------------------------DSRGEIKN----CSFNV-T-TE--LRN-KK-NNT-YSLF-YKLDVTQINNNQNNRSNNS------------------------------------------NTSYTLT---NCNTSTI-T---QA, 0.0903, 0
1.602129, -118.0599, 162, POINT, S, VKLTPLCVTLNCTNVTNNITD-------------------------------------DERGEIKN----CSFNV-T-TE--LRD-KK-NNT-YSLF-YKLDVTQINNNQNNRSNNS------------------------------------------NTSSTLT---NCNTSTI-T---QA, 0.1171, 0
1.599748, -117.1042, 99, POINT, N, VKLTPLCVTLNCTNVTNNITD-------------------------------------DERGEIKN----CSFNV-T-TE--LRD-KK-NNT-YSLF-YNLDVTQINNNQNNRSNNS------------------------------------------NTSYTLT---NCNTSTI-T---QA, 0.1098, 0
1.607147, -117.6345, 87, POINT, T, VKLTPLCVTLNCTNVTNNITD-------------------------------------DERGEIKN----CSFNV-T-TE--LRD-KT-NNT-YSLF-YKLDVTQINNNQNNRSNNS------------------------------------------NTSYTLT---NCNTSTI-T---QA, 0.1091, 0
1.606277, -117.3715, 58, POINT, S, VKLTPLCVTLNCTNVTNNITD-------------------------------------SERGEIKN----CSFNV-T-TE--LRD-KK-NNT-YSLF-YKLDVTQINNNQNNRSNNS------------------------------------------NTSYTLT---NCNTSTI-T---QA, 0.0933, 0
1.589843, -123.9377, 104, POINT, P, VKLTPLCVTLNCTNVTNNITD-------------------------------------DERGEIKN----CSFNA-T-TE--LRD-KK-NNT-YSLF-YKLDVTPINNNQNNRSNNS------------------------------------------NTSYTLT---NCNTSTI-T---QA, 0.0496, 1
1.615997, -44.9619, [79, 82], CHUNK, ['N', 'I'], VKLTPLCVTLNCTNVTNNITD-------------------------------------DERGEIKN----CSFNA-T-TN--IRD-KK-NNT-YSLF-YKLDVTPINNNQNNRSNNS------------------------------------------NTSYTLT---NCNTSTI-T---QA, 0.2275, 0
1.599919, -113.3106, [74], CHUNK, ['V'], VKLTPLCVTLNCTNVTNNITD-------------------------------------DERGEIKN----CSFNV-T-TE--LRD-KK-NNT-YSLF-YKLDVTPINNNQNNRSNNS------------------------------------------NTSYTLT---NCNTSTI-T---QA, 0.3155, 0
1.610449, -122.8807, 18, POINT, T, VKLTPLCVTLNCTNVTNNTTD-------------------------------------DERGEIKN----CSFNA-T-TE--LRD-KK-NNT-YSLF-YKLDVTPINNNQNNRSNNS------------------------------------------NTSYTLT---NCNTSTI-T---QA, 0.0766, 0
1.598469, -124.8976, 161, POINT, N, VKLTPLCVTLNCTNVTNNITD-------------------------------------DERGEIKN----CSFNA-T-TE--LRD-KK-NNT-YSLF-YKLDVTPINNNQNNRSNNS------------------------------------------NTNYTLT---NCNTSTI-T---QA, 0.0496, 1
1.611218, -94.5986, [74], CHUNK, ['I'], VKLTPLCVTLNCTNVTNNITD-------------------------------------DERGEIKN----CSFNI-T-TE--LRD-KK-NNT-YSLF-YKLDVTPINNNQNNRSNNS------------------------------------------NTNYTLT---NCNTSTI-T---QA, 0.4183, 0
1.630448, -116.5480, [74, 79], CHUNK, ['V', 'N'], VKLTPLCVTLNCTNVTNNITD-------------------------------------DERGEIKN----CSFNV-T-TN--LRD-KK-NNT-YSLF-YKLDVTPINNNQNNRSNNS------------------------------------------NTNYTLT---NCNTSTI-T---QA, 0.1898, 0
1.613790, -122.4962, [79, 82, 83, 84, 86], CHUNK, ['N', 'R', 'E', 'N', 'R'], VKLTPLCVTLNCTNVTNNITD-------------------------------------DERGEIKN----CSFNA-T-TN--REN-RK-NNT-YSLF-YKLDVTPINNNQNNRSNNS------------------------------------------NTNYTLT---NCNTSTI-T---QA, 0.0496, 0
1.607655, -122.3709, 60, POINT, S, VKLTPLCVTLNCTNVTNNITD-------------------------------------DESGEIKN----CSFNA-T-TE--LRD-KK-NNT-YSLF-YKLDVTPINNNQNNRSNNS------------------------------------------NTNYTLT---NCNTSTI-T---QA, 0.0496, 1
1.630988, -90.5884, [74, 79], CHUNK, ['I', 'S'], VKLTPLCVTLNCTNVTNNITD-------------------------------------DESGEIKN----CSFNI-T-TS--LRD-KK-NNT-YSLF-YKLDVTPINNNQNNRSNNS------------------------------------------NTNYTLT---NCNTSTI-T---QA, 0.4730, 0
1.620192, -122.4898, 99, POINT, T, VKLTPLCVTLNCTNVTNNITD-------------------------------------DESGEIKN----CSFNA-T-TE--LRD-KK-NNT-YSLF-YTLDVTPINNNQNNRSNNS------------------------------------------NTNYTLT---NCNTSTI-T---QA, 0.0496, 0
1.626236, -120.6818, 18, POINT, N, VKLTPLCVTLNCTNVTNNNTD-------------------------------------DESGEIKN----CSFNA-T-TE--LRD-KK-NNT-YSLF-YKLDVTPINNNQNNRSNNS------------------------------------------NTNYTLT---NCNTSTI-T---QA, 0.0496, 0
1.615828, -118.4647, [64, 71], CHUNK, ['T', 'T'], VKLTPLCVTLNCTNVTNNITD-------------------------------------DESGEITN----CTFNA-T-TE--LRD-KK-NNT-YSLF-YKLDVTPINNNQNNRSNNS------------------------------------------NTNYTLT---NCNTSTI-T---QA, 0.0677, 1
1.630517, -2.1186, [79, 82], CHUNK, ['S', 'I'], VKLTPLCVTLNCTNVTNNITD-------------------------------------DESGEITN----CTFNA-T-TS--IRD-KK-NNT-YSLF-YKLDVTPINNNQNNRSNNS------------------------------------------NTNYTLT---NCNTSTI-T---QA, 0.2707, 0
1.624900, -81.4048, [71, 74], CHUNK, ['S', 'I'], VKLTPLCVTLNCTNVTNNITD-------------------------------------DESGEITN----CSFNI-T-TE--LRD-KK-NNT-YSLF-YKLDVTPINNNQNNRSNNS------------------------------------------NTNYTLT---NCNTSTI-T---QA, 0.2571, 0
1.630391, -119.0817, 84, POINT, N, VKLTPLCVTLNCTNVTNNITD-------------------------------------DESGEITN----CTFNA-T-TE--LRN-KK-NNT-YSLF-YKLDVTPINNNQNNRSNNS------------------------------------------NTNYTLT---NCNTSTI-T---QA, 0.0677, 0
1.635544, -118.4079, 164, POINT, T, VKLTPLCVTLNCTNVTNNITD-------------------------------------DESGEITN----CTFNA-T-TE--LRD-KK-NNT-YSLF-YKLDVTPINNNQNNRSNNS------------------------------------------NTNYTTT---NCNTSTI-T---QA, 0.0677, 0
1.648683, 6.9042, [74, 79, 82], CHUNK, ['I', 'N', 'I'], VKLTPLCVTLNCTNVTNNITD-------------------------------------DESGEIKN----CSFNI-T-TN--IRD-KK-NNT-YSLF-YKLDVTPINNNQNNRSNNS------------------------------------------NTNYTLT---NCNTSTI-T---QA, 0.4495, 0
1.633962, -120.0632, 74, POINT, T, VKLTPLCVTLNCTNVTNNITD-------------------------------------DESGEIKN----CSFNT-T-TE--LRD-KK-NNT-YSLF-YKLDVTPINNNQNNRSNNS------------------------------------------NTNYTLT---NCNTSTI-T---QA, 0.0496, 0
1.609094, -119.7935, 71, POINT, T, VKLTPLCVTLNCTNVTNNITD-------------------------------------DESGEIKN----CTFNA-T-TE--LRD-KK-NNT-YSLF-YKLDVTPINNNQNNRSNNS------------------------------------------NTNYTLT---NCNTSTI-T---QA, 0.1300, 0
1.627387, -119.2063, 20, POINT, T, VKLTPLCVTLNCTNVTNNITT-------------------------------------DESGEIKN----CSFNA-T-TE--LRD-KK-NNT-YSLF-YKLDVTPINNNQNNRSNNS------------------------------------------NTNYTLT---NCNTSTI-T---QA, 0.0496, 0
1.606111, -125.2103, [94, 99], CHUNK, ['A', 'T'], VKLTPLCVTLNCTNVTNNITD-------------------------------------DERGEIKN----CSFNA-T-TE--LRD-KK-NNT-YALF-YTLDVTPINNNQNNRSNNS------------------------------------------NTNYTLT---NCNTSTI-T---QA, 0.0496, 1
1.632265, -6.2682, [79, 82], CHUNK, ['N', 'I'], VKLTPLCVTLNCTNVTNNITD-------------------------------------DERGEIKN----CSFNA-T-TN--IRD-KK-NNT-YALF-YTLDVTPINNNQNNRSNNS------------------------------------------NTNYTLT---NCNTSTI-T---QA, 0.1429, 0
1.624674, -124.0763, 59, POINT, T, VKLTPLCVTLNCTNVTNNITD-------------------------------------DTRGEIKN----CSFNA-T-TE--LRD-KK-NNT-YALF-YTLDVTPINNNQNNRSNNS------------------------------------------NTNYTLT---NCNTSTI-T---QA, 0.0519, 0
1.632418, -122.9026, [74], CHUNK, ['T'], VKLTPLCVTLNCTNVTNNITD-------------------------------------DERGEIKN----CSFNT-T-TE--LRD-KK-NNT-YALF-YTLDVTPINNNQNNRSNNS------------------------------------------NTNYTLT---NCNTSTI-T---QA, 0.0496, 0
1.618860, -99.9801, 74, POINT, I, VKLTPLCVTLNCTNVTNNITD-------------------------------------DERGEIKN----CSFNI-T-TE--LRD-KK-NNT-YALF-YTLDVTPINNNQNNRSNNS------------------------------------------NTNYTLT---NCNTSTI-T---QA, 0.2975, 0
1.626133, -13.5328, [74, 79, 82], CHUNK, ['I', 'S', 'I'], VKLTPLCVTLNCTNVTNNITD-------------------------------------DERGEIKN----CSFNI-T-TS--IRD-KK-NNT-YSLF-YKLDVTPINNNQNNRSNNS------------------------------------------NTNYTLT---NCNTSTI-T---QA, 0.4152, 0
1.611218, -98.4891, 74, POINT, I, VKLTPLCVTLNCTNVTNNITD-------------------------------------DERGEIKN----CSFNI-T-TE--LRD-KK-NNT-YSLF-YKLDVTPINNNQNNRSNNS------------------------------------------NTNYTLT---NCNTSTI-T---QA, 0.2136, 0
1.610546, -123.5735, 93, POINT, S, VKLTPLCVTLNCTNVTNNITD-------------------------------------DERGEIKN----CSFNA-T-TE--LRD-KK-NNT-SSLF-YKLDVTPINNNQNNRSNNS------------------------------------------NTNYTLT---NCNTSTI-T---QA, 0.0496, 0
1.624776, -122.9792, [74], CHUNK, ['T'], VKLTPLCVTLNCTNVTNNITD-------------------------------------DERGEIKN----CSFNT-T-TE--LRD-KK-NNT-YSLF-YKLDVTPINNNQNNRSNNS------------------------------------------NTNYTLT---NCNTSTI-T---QA, 0.0523, 0
1.595462, -121.9333, 99, POINT, N, VKLTPLCVTLNCTNVTNNITD-------------------------------------DERGEIKN----CSFNA-T-TE--LRD-KK-NNT-YSLF-YNLDVTPINNNQNNRSNNS------------------------------------------NTSYTLT---NCNTSTI-T---QA, 0.0807, 1
1.596282, -118.8464, [71], CHUNK, ['T'], VKLTPLCVTLNCTNVTNNITD-------------------------------------DERGEIKN----CTFNA-T-TE--LRD-KK-NNT-YSLF-YNLDVTPINNNQNNRSNNS------------------------------------------NTSYTLT---NCNTSTI-T---QA, 0.0807, 1
1.621770, -119.6288, [71, 74], CHUNK, ['S', 'T'], VKLTPLCVTLNCTNVTNNITD-------------------------------------DERGEIKN----CSFNT-T-TE--LRD-KK-NNT-YSLF-YNLDVTPINNNQNNRSNNS------------------------------------------NTSYTLT---NCNTSTI-T---QA, 0.0807, 0
1.605533, -117.7786, 18, POINT, S, VKLTPLCVTLNCTNVTNNSTD-------------------------------------DERGEIKN----CTFNA-T-TE--LRD-KK-NNT-YSLF-YNLDVTPINNNQNNRSNNS------------------------------------------NTSYTLT---NCNTSTI-T---QA, 0.0807, 1
1.620221, -5.7185, [79, 82], CHUNK, ['S', 'I'], VKLTPLCVTLNCTNVTNNSTD-------------------------------------DERGEIKN----CTFNA-T-TS--IRD-KK-NNT-YSLF-YNLDVTPINNNQNNRSNNS------------------------------------------NTSYTLT---NCNTSTI-T---QA, 0.1934, 0
1.617463, -98.5542, [71, 74], CHUNK, ['S', 'I'], VKLTPLCVTLNCTNVTNNSTD-------------------------------------DERGEIKN----CSFNI-T-TE--LRD-KK-NNT-YSLF-YNLDVTPINNNQNNRSNNS------------------------------------------NTSYTLT---NCNTSTI-T---QA, 0.5377, 0
1.619013, -94.6194, 74, POINT, I, VKLTPLCVTLNCTNVTNNSTD-------------------------------------DERGEIKN----CTFNI-T-TE--LRD-KK-NNT-YSLF-YNLDVTPINNNQNNRSNNS------------------------------------------NTSYTLT---NCNTSTI-T---QA, 0.3005, 0
1.619730, -115.6720, 98, POINT, N, VKLTPLCVTLNCTNVTNNSTD-------------------------------------DERGEIKN----CTFNA-T-TE--LRD-KK-NNT-YSLF-NNLDVTPINNNQNNRSNNS------------------------------------------NTSYTLT---NCNTSTI-T---QA, 0.0807, 1
1.644279, -93.2843, [74, 79], CHUNK, ['I', 'S'], VKLTPLCVTLNCTNVTNNSTD-------------------------------------DERGEIKN----CTFNI-T-TS--LRD-KK-NNT-YSLF-NNLDVTPINNNQNNRSNNS------------------------------------------NTSYTLT---NCNTSTI-T---QA, 0.2851, 0
1.631818, -27.8859, [82, 83, 87], CHUNK, ['V', 'T', 'I'], VKLTPLCVTLNCTNVTNNSTD-------------------------------------DERGEIKN----CTFNA-T-TE--VTD-KI-NNT-YSLF-NNLDVTPINNNQNNRSNNS------------------------------------------NTSYTLT---NCNTSTI-T---QA, 0.1883, 0
1.631661, -93.8993, [71, 74], CHUNK, ['S', 'I'], VKLTPLCVTLNCTNVTNNSTD-------------------------------------DERGEIKN----CSFNI-T-TE--LRD-KK-NNT-YSLF-NNLDVTPINNNQNNRSNNS------------------------------------------NTSYTLT---NCNTSTI-T---QA, 0.3126, 0
1.641273, -112.4899, 20, POINT, T, VKLTPLCVTLNCTNVTNNSTT-------------------------------------DERGEIKN----CTFNA-T-TE--LRD-KK-NNT-YSLF-NNLDVTPINNNQNNRSNNS------------------------------------------NTSYTLT---NCNTSTI-T---QA, 0.0807, 0
1.630081, -91.1592, [74, 79], CHUNK, ['I', 'S'], VKLTPLCVTLNCTNVTNNSTD-------------------------------------DERGEIKN----CTFNI-T-TS--LRD-KK-NNT-YSLF-YNLDVTPINNNQNNRSNNS------------------------------------------NTSYTLT---NCNTSTI-T---QA, 0.2844, 0
1.615852, -115.5511, 84, POINT, T, VKLTPLCVTLNCTNVTNNSTD-------------------------------------DERGEIKN----CTFNA-T-TE--LRT-KK-NNT-YSLF-YNLDVTPINNNQNNRSNNS------------------------------------------NTSYTLT---NCNTSTI-T---QA, 0.1241, 0
1.631514, -1.5232, [79, 82, 87], CHUNK, ['N', 'I', 'I'], VKLTPLCVTLNCTNVTNNSTD-------------------------------------DERGEIKN----CTFNA-T-TN--IRD-KI-NNT-YSLF-YNLDVTPINNNQNNRSNNS------------------------------------------NTSYTLT---NCNTSTI-T---QA, 0.2631, 0
1.626874, -118.0731, 79, POINT, N, VKLTPLCVTLNCTNVTNNSTD-------------------------------------DERGEIKN----CTFNA-T-TN--LRD-KK-NNT-YSLF-YNLDVTPINNNQNNRSNNS------------------------------------------NTSYTLT---NCNTSTI-T---QA, 0.0670, 0
1.608698, -119.0082, 58, POINT, S, VKLTPLCVTLNCTNVTNNITD-------------------------------------SERGEIKN----CTFNA-T-TE--LRD-KK-NNT-YSLF-YNLDVTPINNNQNNRSNNS------------------------------------------NTSYTLT---NCNTSTI-T---QA, 0.1356, 0
1.615277, -119.3749, 101, POINT, N, VKLTPLCVTLNCTNVTNNITD-------------------------------------DERGEIKN----CTFNA-T-TE--LRD-KK-NNT-YSLF-YNLNVTPINNNQNNRSNNS------------------------------------------NTSYTLT---NCNTSTI-T---QA, 0.1039, 0
1.620830, -84.5811, [74, 79], CHUNK, ['I', 'S'], VKLTPLCVTLNCTNVTNNITD-------------------------------------DERGEIKN----CTFNI-T-TS--LRD-KK-NNT-YSLF-YNLDVTPINNNQNNRSNNS------------------------------------------NTSYTLT---NCNTSTI-T---QA, 0.3146, 0
1.616665, -119.4268, 20, POINT, N, VKLTPLCVTLNCTNVTNNITN-------------------------------------DERGEIKN----CTFNA-T-TE--LRD-KK-NNT-YSLF-YNLDVTPINNNQNNRSNNS------------------------------------------NTSYTLT---NCNTSTI-T---QA, 0.0991, 1
1.642031, -117.1195, [74], CHUNK, ['T'], VKLTPLCVTLNCTNVTNNITN-------------------------------------DERGEIKN----CTFNT-T-TE--LRD-KK-NNT-YSLF-YNLDVTPINNNQNNRSNNS------------------------------------------NTSYTLT---NCNTSTI-T---QA, 0.0991, 0
1.627750, -106.6546, [74, 79], CHUNK, ['V', 'I'], VKLTPLCVTLNCTNVTNNITN-------------------------------------DERGEIKN----CTFNV-T-TI--LRD-KK-NNT-YSLF-YNLDVTPINNNQNNRSNNS------------------------------------------NTSYTLT---NCNTSTI-T---QA, 0.3636, 0
1.640158, -118.2479, 18, POINT, T, VKLTPLCVTLNCTNVTNNTTN-------------------------------------DERGEIKN----CTFNA-T-TE--LRD-KK-NNT-YSLF-YNLDVTPINNNQNNRSNNS------------------------------------------NTSYTLT---NCNTSTI-T---QA, 0.0991, 0
1.622715, -117.2703, 60, POINT, K, VKLTPLCVTLNCTNVTNNITN-------------------------------------DEKGEIKN----CTFNA-T-TE--LRD-KK-NNT-YSLF-YNLDVTPINNNQNNRSNNS------------------------------------------NTSYTLT---NCNTSTI-T---QA, 0.0991, 0
1.624996, -4.2841, [74, 79, 82], CHUNK, ['I', 'S', 'I'], VKLTPLCVTLNCTNVTNNITD-------------------------------------DERGEIKN----CTFNI-T-TS--IRD-KK-NNT-YSLF-YNLDVTPINNNQNNRSNNS------------------------------------------NTSYTLT---NCNTSTI-T---QA, 0.7288, 0
1.622845, -46.3108, [79, 82], CHUNK, ['N', 'I'], VKLTPLCVTLNCTNVTNNITD-------------------------------------DERGEIKN----CTFNA-T-TN--IRD-KK-NNT-YSLF-YNLDVTPINNNQNNRSNNS------------------------------------------NTSYTLT---NCNTSTI-T---QA, 0.1888, 0
1.612343, -90.9606, [59, 60, 61, 63, 64], CHUNK, ['T', 'S', 'D', 'V', 'R'], VKLTPLCVTLNCTNVTNNITD-------------------------------------DTSDEVRN----CTFNA-T-TE--LRD-KK-NNT-YSLF-YNLDVTPINNNQNNRSNNS------------------------------------------NTSYTLT---NCNTSTI-T---QA, 0.0807, 0
1.608698, -118.1923, 58, POINT, S, VKLTPLCVTLNCTNVTNNITD-------------------------------------SERGEIKN----CTFNA-T-TE--LRD-KK-NNT-YSLF-YNLDVTPINNNQNNRSNNS------------------------------------------NTSYTLT---NCNTSTI-T---QA, 0.0594, 0
1.623126, 16.4013, [74, 79, 82], CHUNK, ['I', 'S', 'I'], VKLTPLCVTLNCTNVTNNITD-------------------------------------DERGEIKN----CSFNI-T-TS--IRD-KK-NNT-YSLF-YNLDVTPINNNQNNRSNNS------------------------------------------NTSYTLT---NCNTSTI-T---QA, 0.3324, 0
1.604100, -121.2477, 20, POINT, S, VKLTPLCVTLNCTNVTNNITS-------------------------------------DERGEIKN----CSFNA-T-TE--LRD-KK-NNT-YSLF-YNLDVTPINNNQNNRSNNS------------------------------------------NTSYTLT---NCNTSTI-T---QA, 0.0807, 0
1.621034, -34.9075, [79, 82, 87], CHUNK, ['N', 'I', 'I'], VKLTPLCVTLNCTNVTNNITD-------------------------------------DERGEIKN----CSFNA-T-TN--IRD-KI-NNT-YSLF-YNLDVTPINNNQNNRSNNS------------------------------------------NTSYTLT---NCNTSTI-T---QA, 0.3136, 0
1.623358, -60.6397, [79, 82, 84], CHUNK, ['S', 'I', 'N'], VKLTPLCVTLNCTNVTNNITD-------------------------------------DERGEIKN----CSFNA-T-TS--IRN-KK-NNT-YSLF-YNLDVTPINNNQNNRSNNS------------------------------------------NTSYTLT---NCNTSTI-T---QA, 0.4413, 0
1.610073, -9.5084, [79, 82, 83, 84], CHUNK, ['D', 'I', 'K', 'N'], VKLTPLCVTLNCTNVTNNITD-------------------------------------DERGEIKN----CSFNA-T-TD--IKN-KK-NNT-YSLF-YKLDVTPINNNQNNRSNNS------------------------------------------NTSYTLT---NCNTSTI-T---QA, 0.2090, 0
1.591494, -124.1827, 59, POINT, L, VKLTPLCVTLNCTNVTNNITD-------------------------------------DLRGEIKN----CSFNA-T-TE--LRD-KK-NNT-YSLF-YKLDVTPINNNQNNRSNNS------------------------------------------NTSYTLT---NCNTSTI-T---QA, 0.0496, 0
1.602593, -99.9501, [74], CHUNK, ['I'], VKLTPLCVTLNCTNVTNNITD-------------------------------------DERGEIKN----CSFNI-T-TE--LRD-KK-NNT-YSLF-YKLDVTPINNNQNNRSNNS------------------------------------------NTSYTLT---NCNTSTI-T---QA, 0.2457, 0
1.602593, -84.1629, [74], CHUNK, ['I'], VKLTPLCVTLNCTNVTNNITD-------------------------------------DERGEIKN----CSFNI-T-TE--LRD-KK-NNT-YSLF-YKLDVTPINNNQNNRSNNS------------------------------------------NTSYTLT---NCNTSTI-T---QA, 0.2554, 0
