Name base = V1V2_200_exp_1_6_ni
Iters = 200
Soft coverage = 0.284621885725
Energy = -128.717377515
Hard Covereage = 0.0368019545157
Num epitopes = 65
Initial seq = VKLTPLCVTLQCTNVTNNITD-------------------------------------DMRGELKN----CSFNM-T-TE--LRD-KK-QKV-YSLF-YRLDVVQINENQGNRSNNS------------------------------------------NKEYRLI---NCNTSAI-T---QA
-------START OF DATA------
0.288495, -131.2254, [110], CHUNK, ['N'], VKLTPLCVTLQCTNVTNNITD-------------------------------------DMRGELKN----CSFNM-T-TE--LRD-KK-QKV-YSLF-YRLDVVQINENQNNRSNNS------------------------------------------NKEYRLI---NCNTSAI-T---QA, 0.0940, 1
0.298467, -89.2631, 74, POINT, I, VKLTPLCVTLQCTNVTNNITD-------------------------------------DMRGELKN----CSFNI-T-TE--LRD-KK-QKV-YSLF-YRLDVVQINENQNNRSNNS------------------------------------------NKEYRLI---NCNTSAI-T---QA, 0.4549, 0
0.292987, -110.2310, [74], CHUNK, ['V'], VKLTPLCVTLQCTNVTNNITD-------------------------------------DMRGELKN----CSFNV-T-TE--LRD-KK-QKV-YSLF-YRLDVVQINENQNNRSNNS------------------------------------------NKEYRLI---NCNTSAI-T---QA, 0.2667, 0
0.292987, -106.3145, [74], CHUNK, ['V'], VKLTPLCVTLQCTNVTNNITD-------------------------------------DMRGELKN----CSFNV-T-TE--LRD-KK-QKV-YSLF-YRLDVVQINENQNNRSNNS------------------------------------------NKEYRLI---NCNTSAI-T---QA, 0.2276, 0
0.312162, -131.1385, [10], CHUNK, ['N'], VKLTPLCVTLNCTNVTNNITD-------------------------------------DMRGELKN----CSFNM-T-TE--LRD-KK-QKV-YSLF-YRLDVVQINENQNNRSNNS------------------------------------------NKEYRLI---NCNTSAI-T---QA, 0.0940, 1
0.317281, -130.8368, [109], CHUNK, ['N'], VKLTPLCVTLNCTNVTNNITD-------------------------------------DMRGELKN----CSFNM-T-TE--LRD-KK-QKV-YSLF-YRLDVVQINENNNNRSNNS------------------------------------------NKEYRLI---NCNTSAI-T---QA, 0.0940, 1
0.320034, -129.9804, [160], CHUNK, ['S'], VKLTPLCVTLNCTNVTNNITD-------------------------------------DMRGELKN----CSFNM-T-TE--LRD-KK-QKV-YSLF-YRLDVVQINENNNNRSNNS------------------------------------------NSEYRLI---NCNTSAI-T---QA, 0.0940, 1
0.327317, -95.2771, [174], CHUNK, ['V'], VKLTPLCVTLNCTNVTNNITD-------------------------------------DMRGELKN----CSFNM-T-TE--LRD-KK-QKV-YSLF-YRLDVVQINENNNNRSNNS------------------------------------------NSEYRLI---NCNTSVI-T---QA, 1.6027, 0
0.324756, -129.8209, 161, POINT, S, VKLTPLCVTLNCTNVTNNITD-------------------------------------DMRGELKN----CSFNM-T-TE--LRD-KK-QKV-YSLF-YRLDVVQINENNNNRSNNS------------------------------------------NSSYRLI---NCNTSAI-T---QA, 0.0940, 1
0.332027, -127.4892, [63], CHUNK, ['I'], VKLTPLCVTLNCTNVTNNITD-------------------------------------DMRGEIKN----CSFNM-T-TE--LRD-KK-QKV-YSLF-YRLDVVQINENNNNRSNNS------------------------------------------NSSYRLI---NCNTSAI-T---QA, 0.0940, 1
0.340409, -127.6679, [94], CHUNK, ['A'], VKLTPLCVTLNCTNVTNNITD-------------------------------------DMRGEIKN----CSFNM-T-TE--LRD-KK-QKV-YALF-YRLDVVQINENNNNRSNNS------------------------------------------NSSYRLI---NCNTSAI-T---QA, 0.0940, 1
0.344532, -127.9242, 104, POINT, P, VKLTPLCVTLNCTNVTNNITD-------------------------------------DMRGEIKN----CSFNM-T-TE--LRD-KK-QKV-YALF-YRLDVVPINENNNNRSNNS------------------------------------------NSSYRLI---NCNTSAI-T---QA, 0.0940, 0
0.345050, -127.8429, [160], CHUNK, ['T'], VKLTPLCVTLNCTNVTNNITD-------------------------------------DMRGEIKN----CSFNM-T-TE--LRD-KK-QKV-YALF-YRLDVVQINENNNNRSNNS------------------------------------------NTSYRLI---NCNTSAI-T---QA, 0.0940, 1
0.351854, -126.0758, 99, POINT, K, VKLTPLCVTLNCTNVTNNITD-------------------------------------DMRGEIKN----CSFNM-T-TE--LRD-KK-QKV-YALF-YKLDVVQINENNNNRSNNS------------------------------------------NTSYRLI---NCNTSAI-T---QA, 0.0940, 1
0.356652, -126.2270, 104, POINT, P, VKLTPLCVTLNCTNVTNNITD-------------------------------------DMRGEIKN----CSFNM-T-TE--LRD-KK-QKV-YALF-YKLDVVPINENNNNRSNNS------------------------------------------NTSYRLI---NCNTSAI-T---QA, 0.0940, 1
0.362710, -124.7339, 91, POINT, E, VKLTPLCVTLNCTNVTNNITD-------------------------------------DMRGEIKN----CSFNM-T-TE--LRD-KK-QKE-YALF-YKLDVVPINENNNNRSNNS------------------------------------------NTSYRLI---NCNTSAI-T---QA, 0.0940, 0
0.359017, -124.6818, 18, POINT, T, VKLTPLCVTLNCTNVTNNTTD-------------------------------------DMRGEIKN----CSFNM-T-TE--LRD-KK-QKV-YALF-YKLDVVPINENNNNRSNNS------------------------------------------NTSYRLI---NCNTSAI-T---QA, 0.0940, 0
0.358320, -125.2872, 58, POINT, S, VKLTPLCVTLNCTNVTNNITD-------------------------------------SMRGEIKN----CSFNM-T-TE--LRD-KK-QKV-YALF-YKLDVVPINENNNNRSNNS------------------------------------------NTSYRLI---NCNTSAI-T---QA, 0.0940, 1
0.364378, -123.7940, [91], CHUNK, ['E'], VKLTPLCVTLNCTNVTNNITD-------------------------------------SMRGEIKN----CSFNM-T-TE--LRD-KK-QKE-YALF-YKLDVVPINENNNNRSNNS------------------------------------------NTSYRLI---NCNTSAI-T---QA, 0.0940, 1
0.371660, -99.9261, [174], CHUNK, ['V'], VKLTPLCVTLNCTNVTNNITD-------------------------------------SMRGEIKN----CSFNM-T-TE--LRD-KK-QKE-YALF-YKLDVVPINENNNNRSNNS------------------------------------------NTSYRLI---NCNTSVI-T---QA, 0.2814, 0
0.369022, -111.7953, [74], CHUNK, ['V'], VKLTPLCVTLNCTNVTNNITD-------------------------------------SMRGEIKN----CSFNV-T-TE--LRD-KK-QKE-YALF-YKLDVVPINENNNNRSNNS------------------------------------------NTSYRLI---NCNTSAI-T---QA, 0.4603, 0
0.371660, -99.1196, 174, POINT, V, VKLTPLCVTLNCTNVTNNITD-------------------------------------SMRGEIKN----CSFNM-T-TE--LRD-KK-QKE-YALF-YKLDVVPINENNNNRSNNS------------------------------------------NTSYRLI---NCNTSVI-T---QA, 0.3026, 0
0.366640, -123.1703, 18, POINT, N, VKLTPLCVTLNCTNVTNNNTD-------------------------------------SMRGEIKN----CSFNM-T-TE--LRD-KK-QKE-YALF-YKLDVVPINENNNNRSNNS------------------------------------------NTSYRLI---NCNTSAI-T---QA, 0.1113, 1
0.373922, -103.7471, 174, POINT, V, VKLTPLCVTLNCTNVTNNNTD-------------------------------------SMRGEIKN----CSFNM-T-TE--LRD-KK-QKE-YALF-YKLDVVPINENNNNRSNNS------------------------------------------NTSYRLI---NCNTSVI-T---QA, 0.3146, 0
0.367811, -123.1992, 107, POINT, D, VKLTPLCVTLNCTNVTNNNTD-------------------------------------SMRGEIKN----CSFNM-T-TE--LRD-KK-QKE-YALF-YKLDVVPINDNNNNRSNNS------------------------------------------NTSYRLI---NCNTSAI-T---QA, 0.1113, 0
0.371676, -123.8275, [112], CHUNK, ['N'], VKLTPLCVTLNCTNVTNNNTD-------------------------------------SMRGEIKN----CSFNM-T-TE--LRD-KK-QKE-YALF-YKLDVVPINENNNNNSNNS------------------------------------------NTSYRLI---NCNTSAI-T---QA, 0.1113, 1
0.374887, -124.4090, [20], CHUNK, ['N'], VKLTPLCVTLNCTNVTNNNTN-------------------------------------SMRGEIKN----CSFNM-T-TE--LRD-KK-QKE-YALF-YKLDVVPINENNNNNSNNS------------------------------------------NTSYRLI---NCNTSAI-T---QA, 0.1262, 0
0.374277, -123.1336, 20, POINT, S, VKLTPLCVTLNCTNVTNNNTS-------------------------------------SMRGEIKN----CSFNM-T-TE--LRD-KK-QKE-YALF-YKLDVVPINENNNNNSNNS------------------------------------------NTSYRLI---NCNTSAI-T---QA, 0.1113, 0
0.372600, -122.0338, 58, POINT, T, VKLTPLCVTLNCTNVTNNNTD-------------------------------------TMRGEIKN----CSFNM-T-TE--LRD-KK-QKE-YALF-YKLDVVPINENNNNNSNNS------------------------------------------NTSYRLI---NCNTSAI-T---QA, 0.1113, 0
0.373838, -5.6862, [82], CHUNK, ['I'], VKLTPLCVTLNCTNVTNNNTD-------------------------------------SMRGEIKN----CSFNM-T-TE--IRD-KK-QKE-YALF-YKLDVVPINENNNNNSNNS------------------------------------------NTSYRLI---NCNTSAI-T---QA, 0.4438, 0
0.370937, -122.7965, [112], CHUNK, ['S'], VKLTPLCVTLNCTNVTNNNTD-------------------------------------SMRGEIKN----CSFNM-T-TE--LRD-KK-QKE-YALF-YKLDVVPINENNNNSSNNS------------------------------------------NTSYRLI---NCNTSAI-T---QA, 0.1113, 0
0.378033, -106.2223, [74], CHUNK, ['I'], VKLTPLCVTLNCTNVTNNNTD-------------------------------------SMRGEIKN----CSFNI-T-TE--LRD-KK-QKE-YALF-YKLDVVPINENNNNRSNNS------------------------------------------NTSYRLI---NCNTSAI-T---QA, 0.3642, 0
0.373922, -97.8206, 174, POINT, V, VKLTPLCVTLNCTNVTNNNTD-------------------------------------SMRGEIKN----CSFNM-T-TE--LRD-KK-QKE-YALF-YKLDVVPINENNNNRSNNS------------------------------------------NTSYRLI---NCNTSVI-T---QA, 0.2823, 0
0.371284, -104.0173, [74], CHUNK, ['V'], VKLTPLCVTLNCTNVTNNNTD-------------------------------------SMRGEIKN----CSFNV-T-TE--LRD-KK-QKE-YALF-YKLDVVPINENNNNRSNNS------------------------------------------NTSYRLI---NCNTSAI-T---QA, 0.3250, 0
0.364751, -123.6722, 59, POINT, D, VKLTPLCVTLNCTNVTNNITD-------------------------------------SDRGEIKN----CSFNM-T-TE--LRD-KK-QKE-YALF-YKLDVVPINENNNNRSNNS------------------------------------------NTSYRLI---NCNTSAI-T---QA, 0.0940, 0
0.368450, -122.0208, [74], CHUNK, ['T'], VKLTPLCVTLNCTNVTNNITD-------------------------------------SMRGEIKN----CSFNT-T-TE--LRD-KK-QKE-YALF-YKLDVVPINENNNNRSNNS------------------------------------------NTSYRLI---NCNTSAI-T---QA, 0.0940, 0
0.365953, -121.8176, [60], CHUNK, ['K'], VKLTPLCVTLNCTNVTNNITD-------------------------------------SMKGEIKN----CSFNM-T-TE--LRD-KK-QKE-YALF-YKLDVVPINENNNNRSNNS------------------------------------------NTSYRLI---NCNTSAI-T---QA, 0.0940, 1
0.373236, -99.0291, 174, POINT, V, VKLTPLCVTLNCTNVTNNITD-------------------------------------SMKGEIKN----CSFNM-T-TE--LRD-KK-QKE-YALF-YKLDVVPINENNNNRSNNS------------------------------------------NTSYRLI---NCNTSVI-T---QA, 0.7792, 0
0.368116, -16.4565, 82, POINT, I, VKLTPLCVTLNCTNVTNNITD-------------------------------------SMKGEIKN----CSFNM-T-TE--IRD-KK-QKE-YALF-YKLDVVPINENNNNRSNNS------------------------------------------NTSYRLI---NCNTSAI-T---QA, 0.4901, 0
0.368123, -119.7333, [174], CHUNK, ['T'], VKLTPLCVTLNCTNVTNNITD-------------------------------------SMKGEIKN----CSFNM-T-TE--LRD-KK-QKE-YALF-YKLDVVPINENNNNRSNNS------------------------------------------NTSYRLI---NCNTSTI-T---QA, 0.0940, 0
0.373236, -91.8095, 174, POINT, V, VKLTPLCVTLNCTNVTNNITD-------------------------------------SMKGEIKN----CSFNM-T-TE--LRD-KK-QKE-YALF-YKLDVVPINENNNNRSNNS------------------------------------------NTSYRLI---NCNTSVI-T---QA, 0.5076, 0
0.366395, -123.3207, [116], CHUNK, ['T'], VKLTPLCVTLNCTNVTNNITD-------------------------------------SMRGEIKN----CSFNM-T-TE--LRD-KK-QKE-YALF-YKLDVVPINENNNNRSNNT------------------------------------------NTSYRLI---NCNTSAI-T---QA, 0.0940, 0
0.368924, -123.9617, [107], CHUNK, ['N'], VKLTPLCVTLNCTNVTNNITD-------------------------------------SMRGEIKN----CSFNM-T-TE--LRD-KK-QKE-YALF-YKLDVVPINNNNNNRSNNS------------------------------------------NTSYRLI---NCNTSAI-T---QA, 0.0940, 0
0.366640, -121.4426, 18, POINT, N, VKLTPLCVTLNCTNVTNNNTD-------------------------------------SMRGEIKN----CSFNM-T-TE--LRD-KK-QKE-YALF-YKLDVVPINENNNNRSNNS------------------------------------------NTSYRLI---NCNTSAI-T---QA, 0.0940, 0
0.375771, -114.2552, 74, POINT, I, VKLTPLCVTLNCTNVTNNITD-------------------------------------SMRGEIKN----CSFNI-T-TE--LRD-KK-QKE-YALF-YKLDVVPINENNNNRSNNS------------------------------------------NTSYRLI---NCNTSAI-T---QA, 0.4419, 0
0.369713, -95.8173, 74, POINT, I, VKLTPLCVTLNCTNVTNNITD-------------------------------------SMRGEIKN----CSFNI-T-TE--LRD-KK-QKV-YALF-YKLDVVPINENNNNRSNNS------------------------------------------NTSYRLI---NCNTSAI-T---QA, 0.3654, 1
0.374011, -99.9132, [112], CHUNK, ['S'], VKLTPLCVTLNCTNVTNNITD-------------------------------------SMRGEIKN----CSFNI-T-TE--LRD-KK-QKV-YALF-YKLDVVPINENNNNSSNNS------------------------------------------NTSYRLI---NCNTSAI-T---QA, 0.3466, 0
0.373012, -22.7838, 82, POINT, I, VKLTPLCVTLNCTNVTNNITD-------------------------------------SMRGEIKN----CSFNI-T-TE--IRD-KK-QKV-YALF-YKLDVVPINENNNNRSNNS------------------------------------------NTSYRLI---NCNTSAI-T---QA, 0.5413, 0
0.374259, -101.0578, 107, POINT, N, VKLTPLCVTLNCTNVTNNITD-------------------------------------SMRGEIKN----CSFNI-T-TE--LRD-KK-QKV-YALF-YKLDVVPINNNNNNRSNNS------------------------------------------NTSYRLI---NCNTSAI-T---QA, 0.5051, 0
0.371975, -98.4849, [18], CHUNK, ['N'], VKLTPLCVTLNCTNVTNNNTD-------------------------------------SMRGEIKN----CSFNI-T-TE--LRD-KK-QKV-YALF-YKLDVVPINENNNNRSNNS------------------------------------------NTSYRLI---NCNTSAI-T---QA, 0.5049, 0
0.364378, -123.7940, 91, POINT, E, VKLTPLCVTLNCTNVTNNITD-------------------------------------SMRGEIKN----CSFNM-T-TE--LRD-KK-QKE-YALF-YKLDVVPINENNNNRSNNS------------------------------------------NTSYRLI---NCNTSAI-T---QA, 0.0940, 1
0.368924, -123.9617, 107, POINT, N, VKLTPLCVTLNCTNVTNNITD-------------------------------------SMRGEIKN----CSFNM-T-TE--LRD-KK-QKE-YALF-YKLDVVPINNNNNNRSNNS------------------------------------------NTSYRLI---NCNTSAI-T---QA, 0.0940, 1
0.371548, -124.3632, [20], CHUNK, ['N'], VKLTPLCVTLNCTNVTNNITN-------------------------------------SMRGEIKN----CSFNM-T-TE--LRD-KK-QKE-YALF-YKLDVVPINNNNNNRSNNS------------------------------------------NTSYRLI---NCNTSAI-T---QA, 0.0940, 1
0.373176, -123.0597, [18], CHUNK, ['S'], VKLTPLCVTLNCTNVTNNSTN-------------------------------------SMRGEIKN----CSFNM-T-TE--LRD-KK-QKE-YALF-YKLDVVPINNNNNNRSNNS------------------------------------------NTSYRLI---NCNTSAI-T---QA, 0.0940, 1
0.380459, -101.3811, 174, POINT, V, VKLTPLCVTLNCTNVTNNSTN-------------------------------------SMRGEIKN----CSFNM-T-TE--LRD-KK-QKE-YALF-YKLDVVPINNNNNNRSNNS------------------------------------------NTSYRLI---NCNTSVI-T---QA, 0.5454, 0
0.373275, -122.9184, [106], CHUNK, ['D'], VKLTPLCVTLNCTNVTNNSTN-------------------------------------SMRGEIKN----CSFNM-T-TE--LRD-KK-QKE-YALF-YKLDVVPIDNNNNNRSNNS------------------------------------------NTSYRLI---NCNTSAI-T---QA, 0.0940, 1
0.375444, -121.0941, 174, POINT, T, VKLTPLCVTLNCTNVTNNSTN-------------------------------------SMRGEIKN----CSFNM-T-TE--LRD-KK-QKE-YALF-YKLDVVPIDNNNNNRSNNS------------------------------------------NTSYRLI---NCNTSTI-T---QA, 0.1335, 1
0.378780, -121.3572, [59], CHUNK, ['N'], VKLTPLCVTLNCTNVTNNSTN-------------------------------------SNRGEIKN----CSFNM-T-TE--LRD-KK-QKE-YALF-YKLDVVPIDNNNNNRSNNS------------------------------------------NTSYRLI---NCNTSTI-T---QA, 0.1335, 1
0.383894, -102.0153, 174, POINT, V, VKLTPLCVTLNCTNVTNNSTN-------------------------------------SNRGEIKN----CSFNM-T-TE--LRD-KK-QKE-YALF-YKLDVVPIDNNNNNRSNNS------------------------------------------NTSYRLI---NCNTSVI-T---QA, 0.3009, 0
0.380943, -7.3814, 82, POINT, I, VKLTPLCVTLNCTNVTNNSTN-------------------------------------SNRGEIKN----CSFNM-T-TE--IRD-KK-QKE-YALF-YKLDVVPIDNNNNNRSNNS------------------------------------------NTSYRLI---NCNTSTI-T---QA, 0.1713, 0
0.382197, -116.4827, [60], CHUNK, ['T'], VKLTPLCVTLNCTNVTNNSTN-------------------------------------SNTGEIKN----CSFNM-T-TE--LRD-KK-QKE-YALF-YKLDVVPIDNNNNNRSNNS------------------------------------------NTSYRLI---NCNTSTI-T---QA, 0.1335, 1
0.383761, -115.9939, 18, POINT, N, VKLTPLCVTLNCTNVTNNNTN-------------------------------------SNTGEIKN----CSFNM-T-TE--LRD-KK-QKE-YALF-YKLDVVPIDNNNNNRSNNS------------------------------------------NTSYRLI---NCNTSTI-T---QA, 0.1335, 0
0.393590, -102.0549, 74, POINT, I, VKLTPLCVTLNCTNVTNNSTN-------------------------------------SNTGEIKN----CSFNI-T-TE--LRD-KK-QKE-YALF-YKLDVVPIDNNNNNRSNNS------------------------------------------NTSYRLI---NCNTSTI-T---QA, 0.2682, 0
0.386270, -114.9300, [74], CHUNK, ['T'], VKLTPLCVTLNCTNVTNNSTN-------------------------------------SNTGEIKN----CSFNT-T-TE--LRD-KK-QKE-YALF-YKLDVVPIDNNNNNRSNNS------------------------------------------NTSYRLI---NCNTSTI-T---QA, 0.1335, 0
0.386270, -114.9300, 74, POINT, T, VKLTPLCVTLNCTNVTNNSTN-------------------------------------SNTGEIKN----CSFNT-T-TE--LRD-KK-QKE-YALF-YKLDVVPIDNNNNNRSNNS------------------------------------------NTSYRLI---NCNTSTI-T---QA, 0.1335, 1
0.391548, -115.6154, [112], CHUNK, ['N'], VKLTPLCVTLNCTNVTNNSTN-------------------------------------SNTGEIKN----CSFNT-T-TE--LRD-KK-QKE-YALF-YKLDVVPIDNNNNNNSNNS------------------------------------------NTSYRLI---NCNTSTI-T---QA, 0.1335, 0
0.387088, -113.7428, [110], CHUNK, ['T'], VKLTPLCVTLNCTNVTNNSTN-------------------------------------SNTGEIKN----CSFNT-T-TE--LRD-KK-QKE-YALF-YKLDVVPIDNNNTNRSNNS------------------------------------------NTSYRLI---NCNTSTI-T---QA, 0.1335, 0
0.388203, -114.7127, [18], CHUNK, ['T'], VKLTPLCVTLNCTNVTNNTTN-------------------------------------SNTGEIKN----CSFNT-T-TE--LRD-KK-QKE-YALF-YKLDVVPIDNNNNNRSNNS------------------------------------------NTSYRLI---NCNTSTI-T---QA, 0.1335, 0
0.391383, -93.5266, 174, POINT, V, VKLTPLCVTLNCTNVTNNSTN-------------------------------------SNTGEIKN----CSFNT-T-TE--LRD-KK-QKE-YALF-YKLDVVPIDNNNNNRSNNS------------------------------------------NTSYRLI---NCNTSVI-T---QA, 0.4429, 0
0.384360, -23.6814, [82], CHUNK, ['I'], VKLTPLCVTLNCTNVTNNSTN-------------------------------------SNTGEIKN----CSFNM-T-TE--IRD-KK-QKE-YALF-YKLDVVPIDNNNNNRSNNS------------------------------------------NTSYRLI---NCNTSTI-T---QA, 0.3893, 0
0.384360, -23.6051, [82], CHUNK, ['I'], VKLTPLCVTLNCTNVTNNSTN-------------------------------------SNTGEIKN----CSFNM-T-TE--IRD-KK-QKE-YALF-YKLDVVPIDNNNNNRSNNS------------------------------------------NTSYRLI---NCNTSTI-T---QA, 0.2835, 0
0.384360, 4.2608, [82], CHUNK, ['I'], VKLTPLCVTLNCTNVTNNSTN-------------------------------------SNTGEIKN----CSFNM-T-TE--IRD-KK-QKE-YALF-YKLDVVPIDNNNNNRSNNS------------------------------------------NTSYRLI---NCNTSTI-T---QA, 0.1538, 0
0.386841, -102.1060, 74, POINT, V, VKLTPLCVTLNCTNVTNNSTN-------------------------------------SNTGEIKN----CSFNV-T-TE--LRD-KK-QKE-YALF-YKLDVVPIDNNNNNRSNNS------------------------------------------NTSYRLI---NCNTSTI-T---QA, 0.3974, 0
0.380943, -8.2442, [82], CHUNK, ['I'], VKLTPLCVTLNCTNVTNNSTN-------------------------------------SNRGEIKN----CSFNM-T-TE--IRD-KK-QKE-YALF-YKLDVVPIDNNNNNRSNNS------------------------------------------NTSYRLI---NCNTSTI-T---QA, 0.2215, 0
0.380943, -8.2115, 82, POINT, I, VKLTPLCVTLNCTNVTNNSTN-------------------------------------SNRGEIKN----CSFNM-T-TE--IRD-KK-QKE-YALF-YKLDVVPIDNNNNNRSNNS------------------------------------------NTSYRLI---NCNTSTI-T---QA, 0.2772, 0
0.382853, -119.8045, [74], CHUNK, ['T'], VKLTPLCVTLNCTNVTNNSTN-------------------------------------SNRGEIKN----CSFNT-T-TE--LRD-KK-QKE-YALF-YKLDVVPIDNNNNNRSNNS------------------------------------------NTSYRLI---NCNTSTI-T---QA, 0.1335, 1
0.387966, -100.9453, [174], CHUNK, ['V'], VKLTPLCVTLNCTNVTNNSTN-------------------------------------SNRGEIKN----CSFNT-T-TE--LRD-KK-QKE-YALF-YKLDVVPIDNNNNNRSNNS------------------------------------------NTSYRLI---NCNTSVI-T---QA, 0.3980, 0
0.383507, -113.2173, 60, POINT, I, VKLTPLCVTLNCTNVTNNSTN-------------------------------------SNIGEIKN----CSFNT-T-TE--LRD-KK-QKE-YALF-YKLDVVPIDNNNNNRSNNS------------------------------------------NTSYRLI---NCNTSTI-T---QA, 0.1335, 0
0.384312, -117.5961, 60, POINT, K, VKLTPLCVTLNCTNVTNNSTN-------------------------------------SNKGEIKN----CSFNT-T-TE--LRD-KK-QKE-YALF-YKLDVVPIDNNNNNRSNNS------------------------------------------NTSYRLI---NCNTSTI-T---QA, 0.1335, 0
0.386270, -114.9300, 60, POINT, T, VKLTPLCVTLNCTNVTNNSTN-------------------------------------SNTGEIKN----CSFNT-T-TE--LRD-KK-QKE-YALF-YKLDVVPIDNNNNNRSNNS------------------------------------------NTSYRLI---NCNTSTI-T---QA, 0.1335, 1
0.391383, -93.9705, 174, POINT, V, VKLTPLCVTLNCTNVTNNSTN-------------------------------------SNTGEIKN----CSFNT-T-TE--LRD-KK-QKE-YALF-YKLDVVPIDNNNNNRSNNS------------------------------------------NTSYRLI---NCNTSVI-T---QA, 0.4131, 0
0.389295, -33.2004, [82], CHUNK, ['I'], VKLTPLCVTLNCTNVTNNSTN-------------------------------------SNTGEIKN----CSFNT-T-TE--IRD-KK-QKE-YALF-YKLDVVPIDNNNNNRSNNS------------------------------------------NTSYRLI---NCNTSTI-T---QA, 0.4132, 0
0.389295, -48.9721, 82, POINT, I, VKLTPLCVTLNCTNVTNNSTN-------------------------------------SNTGEIKN----CSFNT-T-TE--IRD-KK-QKE-YALF-YKLDVVPIDNNNNNRSNNS------------------------------------------NTSYRLI---NCNTSTI-T---QA, 0.2641, 0
0.391383, -92.8097, [174], CHUNK, ['V'], VKLTPLCVTLNCTNVTNNSTN-------------------------------------SNTGEIKN----CSFNT-T-TE--LRD-KK-QKE-YALF-YKLDVVPIDNNNNNRSNNS------------------------------------------NTSYRLI---NCNTSVI-T---QA, 0.3593, 0
0.383966, -120.8239, [113], CHUNK, ['N'], VKLTPLCVTLNCTNVTNNSTN-------------------------------------SNRGEIKN----CSFNT-T-TE--LRD-KK-QKE-YALF-YKLDVVPIDNNNNNRNNNS------------------------------------------NTSYRLI---NCNTSTI-T---QA, 0.1335, 1
0.385833, -120.5821, [18], CHUNK, ['T'], VKLTPLCVTLNCTNVTNNTTN-------------------------------------SNRGEIKN----CSFNT-T-TE--LRD-KK-QKE-YALF-YKLDVVPIDNNNNNRNNNS------------------------------------------NTSYRLI---NCNTSTI-T---QA, 0.1335, 0
0.391287, -106.0528, [74], CHUNK, ['I'], VKLTPLCVTLNCTNVTNNSTN-------------------------------------SNRGEIKN----CSFNI-T-TE--LRD-KK-QKE-YALF-YKLDVVPIDNNNNNRNNNS------------------------------------------NTSYRLI---NCNTSTI-T---QA, 0.2518, 0
0.389079, -96.2824, 174, POINT, V, VKLTPLCVTLNCTNVTNNSTN-------------------------------------SNRGEIKN----CSFNT-T-TE--LRD-KK-QKE-YALF-YKLDVVPIDNNNNNRNNNS------------------------------------------NTSYRLI---NCNTSVI-T---QA, 0.3990, 0
0.391287, -104.4365, 74, POINT, I, VKLTPLCVTLNCTNVTNNSTN-------------------------------------SNRGEIKN----CSFNI-T-TE--LRD-KK-QKE-YALF-YKLDVVPIDNNNNNRNNNS------------------------------------------NTSYRLI---NCNTSTI-T---QA, 0.1790, 0
0.390173, -102.2809, [74], CHUNK, ['I'], VKLTPLCVTLNCTNVTNNSTN-------------------------------------SNRGEIKN----CSFNI-T-TE--LRD-KK-QKE-YALF-YKLDVVPIDNNNNNRSNNS------------------------------------------NTSYRLI---NCNTSTI-T---QA, 0.2571, 0
0.387966, -101.0408, 174, POINT, V, VKLTPLCVTLNCTNVTNNSTN-------------------------------------SNRGEIKN----CSFNT-T-TE--LRD-KK-QKE-YALF-YKLDVVPIDNNNNNRSNNS------------------------------------------NTSYRLI---NCNTSVI-T---QA, 0.5958, 0
0.384312, -117.5961, [60], CHUNK, ['K'], VKLTPLCVTLNCTNVTNNSTN-------------------------------------SNKGEIKN----CSFNT-T-TE--LRD-KK-QKE-YALF-YKLDVVPIDNNNNNRSNNS------------------------------------------NTSYRLI---NCNTSTI-T---QA, 0.1335, 0
0.387966, -92.2052, 174, POINT, V, VKLTPLCVTLNCTNVTNNSTN-------------------------------------SNRGEIKN----CSFNT-T-TE--LRD-KK-QKE-YALF-YKLDVVPIDNNNNNRSNNS------------------------------------------NTSYRLI---NCNTSVI-T---QA, 0.4603, 0
0.390173, -107.3412, 74, POINT, I, VKLTPLCVTLNCTNVTNNSTN-------------------------------------SNRGEIKN----CSFNI-T-TE--LRD-KK-QKE-YALF-YKLDVVPIDNNNNNRSNNS------------------------------------------NTSYRLI---NCNTSTI-T---QA, 0.3504, 0
0.380943, -18.2988, [82], CHUNK, ['I'], VKLTPLCVTLNCTNVTNNSTN-------------------------------------SNRGEIKN----CSFNM-T-TE--IRD-KK-QKE-YALF-YKLDVVPIDNNNNNRSNNS------------------------------------------NTSYRLI---NCNTSTI-T---QA, 0.4247, 0
0.390173, -107.4054, [74], CHUNK, ['I'], VKLTPLCVTLNCTNVTNNSTN-------------------------------------SNRGEIKN----CSFNI-T-TE--LRD-KK-QKE-YALF-YKLDVVPIDNNNNNRSNNS------------------------------------------NTSYRLI---NCNTSTI-T---QA, 0.3407, 0
0.390173, -107.3090, 74, POINT, I, VKLTPLCVTLNCTNVTNNSTN-------------------------------------SNRGEIKN----CSFNI-T-TE--LRD-KK-QKE-YALF-YKLDVVPIDNNNNNRSNNS------------------------------------------NTSYRLI---NCNTSTI-T---QA, 0.1979, 0
0.376573, -121.6202, [59], CHUNK, ['E'], VKLTPLCVTLNCTNVTNNSTN-------------------------------------SERGEIKN----CSFNM-T-TE--LRD-KK-QKE-YALF-YKLDVVPIDNNNNNRSNNS------------------------------------------NTSYRLI---NCNTSTI-T---QA, 0.1335, 0
0.380088, -104.5328, 74, POINT, V, VKLTPLCVTLNCTNVTNNSTN-------------------------------------SMRGEIKN----CSFNV-T-TE--LRD-KK-QKE-YALF-YKLDVVPIDNNNNNRSNNS------------------------------------------NTSYRLI---NCNTSTI-T---QA, 0.3699, 0
0.377461, -120.6209, [116], CHUNK, ['T'], VKLTPLCVTLNCTNVTNNSTN-------------------------------------SMRGEIKN----CSFNM-T-TE--LRD-KK-QKE-YALF-YKLDVVPIDNNNNNRSNNT------------------------------------------NTSYRLI---NCNTSTI-T---QA, 0.1335, 1
0.377746, -120.3298, [112], CHUNK, ['K'], VKLTPLCVTLNCTNVTNNSTN-------------------------------------SMRGEIKN----CSFNM-T-TE--LRD-KK-QKE-YALF-YKLDVVPIDNNNNNKSNNT------------------------------------------NTSYRLI---NCNTSTI-T---QA, 0.1335, 1
0.379317, -118.1214, 60, POINT, K, VKLTPLCVTLNCTNVTNNSTN-------------------------------------SMKGEIKN----CSFNM-T-TE--LRD-KK-QKE-YALF-YKLDVVPIDNNNNNKSNNT------------------------------------------NTSYRLI---NCNTSTI-T---QA, 0.1335, 0
0.381818, -118.7771, [74], CHUNK, ['T'], VKLTPLCVTLNCTNVTNNSTN-------------------------------------SMRGEIKN----CSFNT-T-TE--LRD-KK-QKE-YALF-YKLDVVPIDNNNNNKSNNT------------------------------------------NTSYRLI---NCNTSTI-T---QA, 0.1335, 1
0.384413, -113.8923, [60], CHUNK, ['T'], VKLTPLCVTLNCTNVTNNSTN-------------------------------------SMTGEIKN----CSFNT-T-TE--LRD-KK-QKE-YALF-YKLDVVPIDNNNNNKSNNT------------------------------------------NTSYRLI---NCNTSTI-T---QA, 0.1335, 0
0.382947, -119.3032, 59, POINT, E, VKLTPLCVTLNCTNVTNNSTN-------------------------------------SERGEIKN----CSFNT-T-TE--LRD-KK-QKE-YALF-YKLDVVPIDNNNNNKSNNT------------------------------------------NTSYRLI---NCNTSTI-T---QA, 0.1335, 0
0.383039, -117.7483, [18], CHUNK, ['N'], VKLTPLCVTLNCTNVTNNNTN-------------------------------------SMRGEIKN----CSFNT-T-TE--LRD-KK-QKE-YALF-YKLDVVPIDNNNNNKSNNT------------------------------------------NTSYRLI---NCNTSTI-T---QA, 0.1335, 0
0.383479, -118.7617, 18, POINT, T, VKLTPLCVTLNCTNVTNNTTN-------------------------------------SMRGEIKN----CSFNT-T-TE--LRD-KK-QKE-YALF-YKLDVVPIDNNNNNKSNNT------------------------------------------NTSYRLI---NCNTSTI-T---QA, 0.1534, 1
0.388592, -95.7286, [174], CHUNK, ['V'], VKLTPLCVTLNCTNVTNNTTN-------------------------------------SMRGEIKN----CSFNT-T-TE--LRD-KK-QKE-YALF-YKLDVVPIDNNNNNKSNNT------------------------------------------NTSYRLI---NCNTSVI-T---QA, 0.3596, 0
0.390799, -110.8545, 74, POINT, I, VKLTPLCVTLNCTNVTNNTTN-------------------------------------SMRGEIKN----CSFNI-T-TE--LRD-KK-QKE-YALF-YKLDVVPIDNNNNNKSNNT------------------------------------------NTSYRLI---NCNTSTI-T---QA, 0.3032, 0
0.384630, -119.3567, [59], CHUNK, ['E'], VKLTPLCVTLNCTNVTNNTTN-------------------------------------SERGEIKN----CSFNT-T-TE--LRD-KK-QKE-YALF-YKLDVVPIDNNNNNKSNNT------------------------------------------NTSYRLI---NCNTSTI-T---QA, 0.1534, 1
0.387655, 1.6764, 82, POINT, I, VKLTPLCVTLNCTNVTNNTTN-------------------------------------SERGEIKN----CSFNT-T-TE--IRD-KK-QKE-YALF-YKLDVVPIDNNNNNKSNNT------------------------------------------NTSYRLI---NCNTSTI-T---QA, 0.2171, 0
0.387655, 5.0657, [82], CHUNK, ['I'], VKLTPLCVTLNCTNVTNNTTN-------------------------------------SERGEIKN----CSFNT-T-TE--IRD-KK-QKE-YALF-YKLDVVPIDNNNNNKSNNT------------------------------------------NTSYRLI---NCNTSTI-T---QA, 0.2110, 0
0.391950, -101.1095, 74, POINT, I, VKLTPLCVTLNCTNVTNNTTN-------------------------------------SERGEIKN----CSFNI-T-TE--LRD-KK-QKE-YALF-YKLDVVPIDNNNNNKSNNT------------------------------------------NTSYRLI---NCNTSTI-T---QA, 0.2671, 0
0.391950, -113.9954, 74, POINT, I, VKLTPLCVTLNCTNVTNNTTN-------------------------------------SERGEIKN----CSFNI-T-TE--LRD-KK-QKE-YALF-YKLDVVPIDNNNNNKSNNT------------------------------------------NTSYRLI---NCNTSTI-T---QA, 0.4092, 1
0.393988, -111.7275, 60, POINT, K, VKLTPLCVTLNCTNVTNNTTN-------------------------------------SEKGEIKN----CSFNI-T-TE--LRD-KK-QKE-YALF-YKLDVVPIDNNNNNKSNNT------------------------------------------NTSYRLI---NCNTSTI-T---QA, 0.4092, 0
0.392284, -113.5274, [87], CHUNK, ['V'], VKLTPLCVTLNCTNVTNNTTN-------------------------------------SERGEIKN----CSFNI-T-TE--LRD-KV-QKE-YALF-YKLDVVPIDNNNNNKSNNT------------------------------------------NTSYRLI---NCNTSTI-T---QA, 0.4092, 0
0.395739, -30.8905, 82, POINT, I, VKLTPLCVTLNCTNVTNNTTN-------------------------------------SERGEIKN----CSFNI-T-TE--IRD-KK-QKE-YALF-YKLDVVPIDNNNNNKSNNT------------------------------------------NTSYRLI---NCNTSTI-T---QA, 0.4694, 0
0.394581, -109.1343, 60, POINT, T, VKLTPLCVTLNCTNVTNNTTN-------------------------------------SETGEIKN----CSFNI-T-TE--LRD-KK-QKE-YALF-YKLDVVPIDNNNNNKSNNT------------------------------------------NTSYRLI---NCNTSTI-T---QA, 0.4092, 0
0.391950, -104.6325, 74, POINT, I, VKLTPLCVTLNCTNVTNNTTN-------------------------------------SERGEIKN----CSFNI-T-TE--LRD-KK-QKE-YALF-YKLDVVPIDNNNNNKSNNT------------------------------------------NTSYRLI---NCNTSTI-T---QA, 0.2247, 0
0.385746, -117.6615, [58], CHUNK, ['T'], VKLTPLCVTLNCTNVTNNTTN-------------------------------------TERGEIKN----CSFNT-T-TE--LRD-KK-QKE-YALF-YKLDVVPIDNNNNNKSNNT------------------------------------------NTSYRLI---NCNTSTI-T---QA, 0.1534, 0
0.385944, -120.3728, [113], CHUNK, ['N'], VKLTPLCVTLNCTNVTNNTTN-------------------------------------SERGEIKN----CSFNT-T-TE--LRD-KK-QKE-YALF-YKLDVVPIDNNNNNKNNNT------------------------------------------NTSYRLI---NCNTSTI-T---QA, 0.1534, 1
0.391057, -102.9638, [174], CHUNK, ['V'], VKLTPLCVTLNCTNVTNNTTN-------------------------------------SERGEIKN----CSFNT-T-TE--LRD-KK-QKE-YALF-YKLDVVPIDNNNNNKNNNT------------------------------------------NTSYRLI---NCNTSVI-T---QA, 0.3327, 0
0.391057, -85.3833, 174, POINT, V, VKLTPLCVTLNCTNVTNNTTN-------------------------------------SERGEIKN----CSFNT-T-TE--LRD-KK-QKE-YALF-YKLDVVPIDNNNNNKNNNT------------------------------------------NTSYRLI---NCNTSVI-T---QA, 0.6709, 0
0.386277, -116.7362, 20, POINT, T, VKLTPLCVTLNCTNVTNNTTT-------------------------------------SERGEIKN----CSFNT-T-TE--LRD-KK-QKE-YALF-YKLDVVPIDNNNNNKNNNT------------------------------------------NTSYRLI---NCNTSTI-T---QA, 0.1534, 0
0.390457, -121.4252, [112], CHUNK, ['N'], VKLTPLCVTLNCTNVTNNTTN-------------------------------------SERGEIKN----CSFNT-T-TE--LRD-KK-QKE-YALF-YKLDVVPIDNNNNNNNNNT------------------------------------------NTSYRLI---NCNTSTI-T---QA, 0.1534, 1
0.397777, -104.2124, 74, POINT, I, VKLTPLCVTLNCTNVTNNTTN-------------------------------------SERGEIKN----CSFNI-T-TE--LRD-KK-QKE-YALF-YKLDVVPIDNNNNNNNNNT------------------------------------------NTSYRLI---NCNTSTI-T---QA, 0.3821, 1
0.402890, -92.9462, 174, POINT, V, VKLTPLCVTLNCTNVTNNTTN-------------------------------------SERGEIKN----CSFNI-T-TE--LRD-KK-QKE-YALF-YKLDVVPIDNNNNNNNNNT------------------------------------------NTSYRLI---NCNTSVI-T---QA, 0.6088, 0
0.398111, -101.9401, [20], CHUNK, ['T'], VKLTPLCVTLNCTNVTNNTTT-------------------------------------SERGEIKN----CSFNI-T-TE--LRD-KK-QKE-YALF-YKLDVVPIDNNNNNNNNNT------------------------------------------NTSYRLI---NCNTSTI-T---QA, 0.3649, 0
0.401566, -15.1203, 82, POINT, I, VKLTPLCVTLNCTNVTNNTTN-------------------------------------SERGEIKN----CSFNI-T-TE--IRD-KK-QKE-YALF-YKLDVVPIDNNNNNNNNNT------------------------------------------NTSYRLI---NCNTSTI-T---QA, 0.4742, 0
0.398894, -102.4694, 58, POINT, T, VKLTPLCVTLNCTNVTNNTTN-------------------------------------TERGEIKN----CSFNI-T-TE--LRD-KK-QKE-YALF-YKLDVVPIDNNNNNNNNNT------------------------------------------NTSYRLI---NCNTSTI-T---QA, 0.3821, 0
0.395570, -96.4660, [174], CHUNK, ['V'], VKLTPLCVTLNCTNVTNNTTN-------------------------------------SERGEIKN----CSFNT-T-TE--LRD-KK-QKE-YALF-YKLDVVPIDNNNNNNNNNT------------------------------------------NTSYRLI---NCNTSVI-T---QA, 0.4403, 0
0.390790, -117.7885, 20, POINT, T, VKLTPLCVTLNCTNVTNNTTT-------------------------------------SERGEIKN----CSFNT-T-TE--LRD-KK-QKE-YALF-YKLDVVPIDNNNNNNNNNT------------------------------------------NTSYRLI---NCNTSTI-T---QA, 0.1534, 0
0.393482, -45.9277, 82, POINT, I, VKLTPLCVTLNCTNVTNNTTN-------------------------------------SERGEIKN----CSFNT-T-TE--IRD-KK-QKE-YALF-YKLDVVPIDNNNNNNNNNT------------------------------------------NTSYRLI---NCNTSTI-T---QA, 0.3574, 0
0.391065, -114.7572, 60, POINT, I, VKLTPLCVTLNCTNVTNNTTN-------------------------------------SEIGEIKN----CSFNT-T-TE--LRD-KK-QKE-YALF-YKLDVVPIDNNNNNNNNNT------------------------------------------NTSYRLI---NCNTSTI-T---QA, 0.1534, 0
0.391057, -99.7835, [174], CHUNK, ['V'], VKLTPLCVTLNCTNVTNNTTN-------------------------------------SERGEIKN----CSFNT-T-TE--LRD-KK-QKE-YALF-YKLDVVPIDNNNNNKNNNT------------------------------------------NTSYRLI---NCNTSVI-T---QA, 0.3684, 0
0.393264, -105.0039, [74], CHUNK, ['I'], VKLTPLCVTLNCTNVTNNTTN-------------------------------------SERGEIKN----CSFNI-T-TE--LRD-KK-QKE-YALF-YKLDVVPIDNNNNNKNNNT------------------------------------------NTSYRLI---NCNTSTI-T---QA, 0.8120, 0
0.393264, -103.2947, 74, POINT, I, VKLTPLCVTLNCTNVTNNTTN-------------------------------------SERGEIKN----CSFNI-T-TE--LRD-KK-QKE-YALF-YKLDVVPIDNNNNNKNNNT------------------------------------------NTSYRLI---NCNTSTI-T---QA, 0.3035, 0
0.388574, -115.4607, 60, POINT, T, VKLTPLCVTLNCTNVTNNTTN-------------------------------------SETGEIKN----CSFNT-T-TE--LRD-KK-QKE-YALF-YKLDVVPIDNNNNNKNNNT------------------------------------------NTSYRLI---NCNTSTI-T---QA, 0.1534, 1
0.393687, -92.7648, 174, POINT, V, VKLTPLCVTLNCTNVTNNTTN-------------------------------------SETGEIKN----CSFNT-T-TE--LRD-KK-QKE-YALF-YKLDVVPIDNNNNNKNNNT------------------------------------------NTSYRLI---NCNTSVI-T---QA, 0.3581, 0
0.388802, -114.8529, 87, POINT, V, VKLTPLCVTLNCTNVTNNTTN-------------------------------------SETGEIKN----CSFNT-T-TE--LRD-KV-QKE-YALF-YKLDVVPIDNNNNNKNNNT------------------------------------------NTSYRLI---NCNTSTI-T---QA, 0.1534, 0
0.388802, -114.8529, [87], CHUNK, ['V'], VKLTPLCVTLNCTNVTNNTTN-------------------------------------SETGEIKN----CSFNT-T-TE--LRD-KV-QKE-YALF-YKLDVVPIDNNNNNKNNNT------------------------------------------NTSYRLI---NCNTSTI-T---QA, 0.1534, 0
0.389146, -105.2940, [74], CHUNK, ['V'], VKLTPLCVTLNCTNVTNNTTN-------------------------------------SETGEIKN----CSFNV-T-TE--LRD-KK-QKE-YALF-YKLDVVPIDNNNNNKNNNT------------------------------------------NTSYRLI---NCNTSTI-T---QA, 0.3043, 0
0.387406, -121.4373, 58, POINT, N, VKLTPLCVTLNCTNVTNNTTN-------------------------------------NERGEIKN----CSFNT-T-TE--LRD-KK-QKE-YALF-YKLDVVPIDNNNNNKNNNT------------------------------------------NTSYRLI---NCNTSTI-T---QA, 0.1534, 0
0.393264, -107.1485, 74, POINT, I, VKLTPLCVTLNCTNVTNNTTN-------------------------------------SERGEIKN----CSFNI-T-TE--LRD-KK-QKE-YALF-YKLDVVPIDNNNNNKNNNT------------------------------------------NTSYRLI---NCNTSTI-T---QA, 0.2076, 0
0.388296, -118.4289, 14, POINT, N, VKLTPLCVTLNCTNNTNNTTN-------------------------------------SERGEIKN----CSFNT-T-TE--LRD-KK-QKE-YALF-YKLDVVPIDNNNNNKNNNT------------------------------------------NTSYRLI---NCNTSTI-T---QA, 0.1534, 0
0.391057, -105.8649, 174, POINT, V, VKLTPLCVTLNCTNVTNNTTN-------------------------------------SERGEIKN----CSFNT-T-TE--LRD-KK-QKE-YALF-YKLDVVPIDNNNNNKNNNT------------------------------------------NTSYRLI---NCNTSVI-T---QA, 0.7385, 0
0.384963, -115.7200, 20, POINT, T, VKLTPLCVTLNCTNVTNNTTT-------------------------------------SERGEIKN----CSFNT-T-TE--LRD-KK-QKE-YALF-YKLDVVPIDNNNNNKSNNT------------------------------------------NTSYRLI---NCNTSTI-T---QA, 0.1534, 1
0.387988, -33.1108, 82, POINT, I, VKLTPLCVTLNCTNVTNNTTT-------------------------------------SERGEIKN----CSFNT-T-TE--IRD-KK-QKE-YALF-YKLDVVPIDNNNNNKSNNT------------------------------------------NTSYRLI---NCNTSTI-T---QA, 0.3772, 0
0.387015, -114.6055, 59, POINT, T, VKLTPLCVTLNCTNVTNNTTT-------------------------------------STRGEIKN----CSFNT-T-TE--LRD-KK-QKE-YALF-YKLDVVPIDNNNNNKSNNT------------------------------------------NTSYRLI---NCNTSTI-T---QA, 0.1534, 0
0.386659, -113.4380, [60], CHUNK, ['K'], VKLTPLCVTLNCTNVTNNTTT-------------------------------------SEKGEIKN----CSFNT-T-TE--LRD-KK-QKE-YALF-YKLDVVPIDNNNNNKSNNT------------------------------------------NTSYRLI---NCNTSTI-T---QA, 0.1534, 0
0.392283, -98.7991, [74], CHUNK, ['I'], VKLTPLCVTLNCTNVTNNTTT-------------------------------------SERGEIKN----CSFNI-T-TE--LRD-KK-QKE-YALF-YKLDVVPIDNNNNNKSNNT------------------------------------------NTSYRLI---NCNTSTI-T---QA, 0.4728, 0
0.389743, -93.7710, 174, POINT, V, VKLTPLCVTLNCTNVTNNTTN-------------------------------------SERGEIKN----CSFNT-T-TE--LRD-KK-QKE-YALF-YKLDVVPIDNNNNNKSNNT------------------------------------------NTSYRLI---NCNTSVI-T---QA, 0.5175, 0
0.384858, -118.7488, 87, POINT, V, VKLTPLCVTLNCTNVTNNTTN-------------------------------------SERGEIKN----CSFNT-T-TE--LRD-KV-QKE-YALF-YKLDVVPIDNNNNNKSNNT------------------------------------------NTSYRLI---NCNTSTI-T---QA, 0.1534, 0
0.385944, -120.3728, [113], CHUNK, ['N'], VKLTPLCVTLNCTNVTNNTTN-------------------------------------SERGEIKN----CSFNT-T-TE--LRD-KK-QKE-YALF-YKLDVVPIDNNNNNKNNNT------------------------------------------NTSYRLI---NCNTSTI-T---QA, 0.1534, 0
0.386668, -117.0746, 60, POINT, K, VKLTPLCVTLNCTNVTNNTTN-------------------------------------SEKGEIKN----CSFNT-T-TE--LRD-KK-QKE-YALF-YKLDVVPIDNNNNNKSNNT------------------------------------------NTSYRLI---NCNTSTI-T---QA, 0.1534, 0
0.390799, -102.2072, 74, POINT, I, VKLTPLCVTLNCTNVTNNTTN-------------------------------------SMRGEIKN----CSFNI-T-TE--LRD-KK-QKE-YALF-YKLDVVPIDNNNNNKSNNT------------------------------------------NTSYRLI---NCNTSTI-T---QA, 0.3489, 0
0.385103, -116.4797, [60], CHUNK, ['K'], VKLTPLCVTLNCTNVTNNTTN-------------------------------------SMKGEIKN----CSFNT-T-TE--LRD-KK-QKE-YALF-YKLDVVPIDNNNNNKSNNT------------------------------------------NTSYRLI---NCNTSTI-T---QA, 0.1534, 0
0.383707, -118.1539, 87, POINT, V, VKLTPLCVTLNCTNVTNNTTN-------------------------------------SMRGEIKN----CSFNT-T-TE--LRD-KV-QKE-YALF-YKLDVVPIDNNNNNKSNNT------------------------------------------NTSYRLI---NCNTSTI-T---QA, 0.1534, 0
0.388592, -98.5145, [174], CHUNK, ['V'], VKLTPLCVTLNCTNVTNNTTN-------------------------------------SMRGEIKN----CSFNT-T-TE--LRD-KK-QKE-YALF-YKLDVVPIDNNNNNKSNNT------------------------------------------NTSYRLI---NCNTSVI-T---QA, 0.3467, 0
------END OF DATA------
Best coverage = 0.397777264656
Best sequence = VKLTPLCVTLNCTNVTNNTTN-------------------------------------SERGEIKN----CSFNI-T-TE--LRD-KK-QKE-YALF-YKLDVVPIDNNNNNNNNNT------------------------------------------NTSYRLI---NCNTSTI-T---QA
Best energy = -104.212439223
Best RMSD = 0.382101476192
Hard Covereage = 0.092486104693
Num epitopes = 68
