Name base = v1v2_5_11.0
Iters = 30
Soft coverage = 0.284621885725
Energy = -131.607375732
Hard Covereage = 0.0368019545157
Num epitopes = 65
Initial seq = VKLTPLCVTLQCTNVTNNITD-------------------------------------DMRGELKN----CSFNM-T-TE--LRD-KK-QKV-YSLF-YRLDVVQINENQGNRSNNS------------------------------------------NKEYRLI---NCNTSAI-T---QA
-------START OF DATA------
0.287030, -130.6533, 10, POINT, S, VKLTPLCVTLSCTNVTNNITD-------------------------------------DMRGELKN----CSFNM-T-TE--LRD-KK-QKV-YSLF-YRLDVVQINENQGNRSNNS------------------------------------------NKEYRLI---NCNTSAI-T---QA, 0.0000, 1
0.294301, -129.1214, 63, POINT, I, VKLTPLCVTLSCTNVTNNITD-------------------------------------DMRGEIKN----CSFNM-T-TE--LRD-KK-QKV-YSLF-YRLDVVQINENQGNRSNNS------------------------------------------NKEYRLI---NCNTSAI-T---QA, 0.0308, 0
0.295412, -130.8297, 94, POINT, A, VKLTPLCVTLSCTNVTNNITD-------------------------------------DMRGELKN----CSFNM-T-TE--LRD-KK-QKV-YALF-YRLDVVQINENQGNRSNNS------------------------------------------NKEYRLI---NCNTSAI-T---QA, 0.0000, 1
0.305384, -74.0568, 74, POINT, I, VKLTPLCVTLSCTNVTNNITD-------------------------------------DMRGELKN----CSFNI-T-TE--LRD-KK-QKV-YALF-YRLDVVQINENQGNRSNNS------------------------------------------NKEYRLI---NCNTSAI-T---QA, 0.0954, 0
0.299623, -130.0297, [161], CHUNK, ['S'], VKLTPLCVTLSCTNVTNNITD-------------------------------------DMRGELKN----CSFNM-T-TE--LRD-KK-QKV-YALF-YRLDVVQINENQGNRSNNS------------------------------------------NKSYRLI---NCNTSAI-T---QA, 0.0000, 1
0.309595, -75.6078, [74], CHUNK, ['I'], VKLTPLCVTLSCTNVTNNITD-------------------------------------DMRGELKN----CSFNI-T-TE--LRD-KK-QKV-YALF-YRLDVVQINENQGNRSNNS------------------------------------------NKSYRLI---NCNTSAI-T---QA, 0.0705, 0
0.303371, -130.2317, 104, POINT, P, VKLTPLCVTLSCTNVTNNITD-------------------------------------DMRGELKN----CSFNM-T-TE--LRD-KK-QKV-YALF-YRLDVVPINENQGNRSNNS------------------------------------------NKSYRLI---NCNTSAI-T---QA, 0.0000, 1
0.308342, -128.7031, 91, POINT, E, VKLTPLCVTLSCTNVTNNITD-------------------------------------DMRGELKN----CSFNM-T-TE--LRD-KK-QKE-YALF-YRLDVVPINENQGNRSNNS------------------------------------------NKSYRLI---NCNTSAI-T---QA, 0.0000, 0
0.310850, -128.1842, 99, POINT, K, VKLTPLCVTLSCTNVTNNITD-------------------------------------DMRGELKN----CSFNM-T-TE--LRD-KK-QKV-YALF-YKLDVVPINENQGNRSNNS------------------------------------------NKSYRLI---NCNTSAI-T---QA, 0.0000, 1
0.318746, -128.0968, 160, POINT, T, VKLTPLCVTLSCTNVTNNITD-------------------------------------DMRGELKN----CSFNM-T-TE--LRD-KK-QKV-YALF-YKLDVVPINENQGNRSNNS------------------------------------------NTSYRLI---NCNTSAI-T---QA, 0.0000, 1
0.326028, -99.8708, 174, POINT, V, VKLTPLCVTLSCTNVTNNITD-------------------------------------DMRGELKN----CSFNM-T-TE--LRD-KK-QKV-YALF-YKLDVVPINENQGNRSNNS------------------------------------------NTSYRLI---NCNTSVI-T---QA, 0.1598, 0
0.319319, -127.3364, 20, POINT, S, VKLTPLCVTLSCTNVTNNITS-------------------------------------DMRGELKN----CSFNM-T-TE--LRD-KK-QKV-YALF-YKLDVVPINENQGNRSNNS------------------------------------------NTSYRLI---NCNTSAI-T---QA, 0.0000, 0
0.326017, -126.4220, 63, POINT, I, VKLTPLCVTLSCTNVTNNITD-------------------------------------DMRGEIKN----CSFNM-T-TE--LRD-KK-QKV-YALF-YKLDVVPINENQGNRSNNS------------------------------------------NTSYRLI---NCNTSAI-T---QA, 0.0000, 1
0.330661, -109.2570, 74, POINT, V, VKLTPLCVTLSCTNVTNNITD-------------------------------------DMRGEIKN----CSFNV-T-TE--LRD-KK-QKV-YALF-YKLDVVPINENQGNRSNNS------------------------------------------NTSYRLI---NCNTSAI-T---QA, 0.0372, 0
0.328943, -126.3131, [58, 59], CHUNK, ['N', 'A'], VKLTPLCVTLSCTNVTNNITD-------------------------------------NARGEIKN----CSFNM-T-TE--LRD-KK-QKV-YALF-YKLDVVPINENQGNRSNNS------------------------------------------NTSYRLI---NCNTSAI-T---QA, 0.0000, 1
0.336225, -101.3717, 174, POINT, V, VKLTPLCVTLSCTNVTNNITD-------------------------------------NARGEIKN----CSFNM-T-TE--LRD-KK-QKV-YALF-YKLDVVPINENQGNRSNNS------------------------------------------NTSYRLI---NCNTSVI-T---QA, 0.1940, 0
0.332860, -126.0228, [109, 110], CHUNK, ['T', 'Q'], VKLTPLCVTLSCTNVTNNITD-------------------------------------NARGEIKN----CSFNM-T-TE--LRD-KK-QKV-YALF-YKLDVVPINENTQNRSNNS------------------------------------------NTSYRLI---NCNTSAI-T---QA, 0.0000, 0
0.335001, -124.7846, [91], CHUNK, ['E'], VKLTPLCVTLSCTNVTNNITD-------------------------------------NARGEIKN----CSFNM-T-TE--LRD-KK-QKE-YALF-YKLDVVPINENQGNRSNNS------------------------------------------NTSYRLI---NCNTSAI-T---QA, 0.0000, 0
0.329904, -126.3008, 107, POINT, D, VKLTPLCVTLSCTNVTNNITD-------------------------------------NARGEIKN----CSFNM-T-TE--LRD-KK-QKV-YALF-YKLDVVPINDNQGNRSNNS------------------------------------------NTSYRLI---NCNTSAI-T---QA, 0.0000, 1
0.331407, -124.3937, 60, POINT, K, VKLTPLCVTLSCTNVTNNITD-------------------------------------NAKGEIKN----CSFNM-T-TE--LRD-KK-QKV-YALF-YKLDVVPINDNQGNRSNNS------------------------------------------NTSYRLI---NCNTSAI-T---QA, 0.0333, 0
0.341297, -73.1253, 74, POINT, I, VKLTPLCVTLSCTNVTNNITD-------------------------------------NARGEIKN----CSFNI-T-TE--LRD-KK-QKV-YALF-YKLDVVPINDNQGNRSNNS------------------------------------------NTSYRLI---NCNTSAI-T---QA, 0.0544, 0
0.333156, -126.5582, [106, 107], CHUNK, ['D', 'N'], VKLTPLCVTLSCTNVTNNITD-------------------------------------NARGEIKN----CSFNM-T-TE--LRD-KK-QKV-YALF-YKLDVVPIDNNQGNRSNNS------------------------------------------NTSYRLI---NCNTSAI-T---QA, 0.0396, 1
0.336635, -123.5860, 20, POINT, T, VKLTPLCVTLSCTNVTNNITT-------------------------------------NARGEIKN----CSFNM-T-TE--LRD-KK-QKV-YALF-YKLDVVPIDNNQGNRSNNS------------------------------------------NTSYRLI---NCNTSAI-T---QA, 0.0289, 1
0.348028, -69.6642, 74, POINT, I, VKLTPLCVTLSCTNVTNNITT-------------------------------------NARGEIKN----CSFNI-T-TE--LRD-KK-QKV-YALF-YKLDVVPIDNNQGNRSNNS------------------------------------------NTSYRLI---NCNTSAI-T---QA, 0.0769, 0
0.348028, -64.6443, 74, POINT, I, VKLTPLCVTLSCTNVTNNITT-------------------------------------NARGEIKN----CSFNI-T-TE--LRD-KK-QKV-YALF-YKLDVVPIDNNQGNRSNNS------------------------------------------NTSYRLI---NCNTSAI-T---QA, 0.0874, 0
0.341279, -107.8095, [74], CHUNK, ['V'], VKLTPLCVTLSCTNVTNNITT-------------------------------------NARGEIKN----CSFNV-T-TE--LRD-KK-QKV-YALF-YKLDVVPIDNNQGNRSNNS------------------------------------------NTSYRLI---NCNTSAI-T---QA, 0.0389, 0
0.342693, -122.0478, [91], CHUNK, ['E'], VKLTPLCVTLSCTNVTNNITT-------------------------------------NARGEIKN----CSFNM-T-TE--LRD-KK-QKE-YALF-YKLDVVPIDNNQGNRSNNS------------------------------------------NTSYRLI---NCNTSAI-T---QA, 0.0289, 1
0.345769, -119.8970, [59, 60], CHUNK, ['E', 'K'], VKLTPLCVTLSCTNVTNNITT-------------------------------------NEKGEIKN----CSFNM-T-TE--LRD-KK-QKE-YALF-YKLDVVPIDNNQGNRSNNS------------------------------------------NTSYRLI---NCNTSAI-T---QA, 0.0375, 1
0.350413, -114.8317, 74, POINT, V, VKLTPLCVTLSCTNVTNNITT-------------------------------------NEKGEIKN----CSFNV-T-TE--LRD-KK-QKE-YALF-YKLDVVPIDNNQGNRSNNS------------------------------------------NTSYRLI---NCNTSAI-T---QA, 0.0471, 0
0.348420, -120.7601, 110, POINT, S, VKLTPLCVTLSCTNVTNNITT-------------------------------------NEKGEIKN----CSFNM-T-TE--LRD-KK-QKE-YALF-YKLDVVPIDNNQSNRSNNS------------------------------------------NTSYRLI---NCNTSAI-T---QA, 0.0209, 0
------END OF DATA------
Best coverage = 0.345768953111
Best sequence = VKLTPLCVTLSCTNVTNNITT-------------------------------------NEKGEIKN----CSFNM-T-TE--LRD-KK-QKE-YALF-YKLDVVPIDNNQGNRSNNS------------------------------------------NTSYRLI---NCNTSAI-T---QA
Best energy = -119.896988413
Best RMSD = 0.0374522507191
Hard Covereage = 0.0590230381876
Num epitopes = 63
