Name base = V1V2_200_exp_3_1_ni
Iters = 200
Soft coverage = 0.284621885725
Energy = -130.123941192
Hard Covereage = 0.0368019545157
Num epitopes = 65
Initial seq = VKLTPLCVTLQCTNVTNNITD-------------------------------------DMRGELKN----CSFNM-T-TE--LRD-KK-QKV-YSLF-YRLDVVQINENQGNRSNNS------------------------------------------NKEYRLI---NCNTSAI-T---QA
-------START OF DATA------
0.294594, -91.7211, [74], CHUNK, ['I'], VKLTPLCVTLQCTNVTNNITD-------------------------------------DMRGELKN----CSFNI-T-TE--LRD-KK-QKV-YSLF-YRLDVVQINENQGNRSNNS------------------------------------------NKEYRLI---NCNTSAI-T---QA, 0.3433, 0
0.286872, -128.5861, 18, POINT, T, VKLTPLCVTLQCTNVTNNTTD-------------------------------------DMRGELKN----CSFNM-T-TE--LRD-KK-QKV-YSLF-YRLDVVQINENQGNRSNNS------------------------------------------NKEYRLI---NCNTSAI-T---QA, 0.0000, 1
0.310659, -128.5049, [10], CHUNK, ['N'], VKLTPLCVTLNCTNVTNNTTD-------------------------------------DMRGELKN----CSFNM-T-TE--LRD-KK-QKV-YSLF-YRLDVVQINENQGNRSNNS------------------------------------------NKEYRLI---NCNTSAI-T---QA, 0.0000, 1
0.314870, -128.1374, 161, POINT, S, VKLTPLCVTLNCTNVTNNTTD-------------------------------------DMRGELKN----CSFNM-T-TE--LRD-KK-QKV-YSLF-YRLDVVQINENQGNRSNNS------------------------------------------NKSYRLI---NCNTSAI-T---QA, 0.0653, 1
0.324842, -98.1684, [74], CHUNK, ['I'], VKLTPLCVTLNCTNVTNNTTD-------------------------------------DMRGELKN----CSFNI-T-TE--LRD-KK-QKV-YSLF-YRLDVVQINENQGNRSNNS------------------------------------------NKSYRLI---NCNTSAI-T---QA, 0.2064, 0
0.322766, -128.0412, [160], CHUNK, ['T'], VKLTPLCVTLNCTNVTNNTTD-------------------------------------DMRGELKN----CSFNM-T-TE--LRD-KK-QKV-YSLF-YRLDVVQINENQGNRSNNS------------------------------------------NTSYRLI---NCNTSAI-T---QA, 0.0653, 1
0.330048, -108.7383, 174, POINT, V, VKLTPLCVTLNCTNVTNNTTD-------------------------------------DMRGELKN----CSFNM-T-TE--LRD-KK-QKV-YSLF-YRLDVVQINENQGNRSNNS------------------------------------------NTSYRLI---NCNTSVI-T---QA, 0.2430, 0
0.326272, -128.1814, 107, POINT, N, VKLTPLCVTLNCTNVTNNTTD-------------------------------------DMRGELKN----CSFNM-T-TE--LRD-KK-QKV-YSLF-YRLDVVQINNNQGNRSNNS------------------------------------------NTSYRLI---NCNTSAI-T---QA, 0.0653, 1
0.333538, -126.5780, [63], CHUNK, ['I'], VKLTPLCVTLNCTNVTNNTTD-------------------------------------DMRGEIKN----CSFNM-T-TE--LRD-KK-QKV-YSLF-YRLDVVQINNNQGNRSNNS------------------------------------------NTSYRLI---NCNTSAI-T---QA, 0.0653, 0
0.333554, -109.4275, [174], CHUNK, ['V'], VKLTPLCVTLNCTNVTNNTTD-------------------------------------DMRGELKN----CSFNM-T-TE--LRD-KK-QKV-YSLF-YRLDVVQINNNQGNRSNNS------------------------------------------NTSYRLI---NCNTSVI-T---QA, 0.2281, 0
0.333538, -126.7260, [63], CHUNK, ['I'], VKLTPLCVTLNCTNVTNNTTD-------------------------------------DMRGEIKN----CSFNM-T-TE--LRD-KK-QKV-YSLF-YRLDVVQINNNQGNRSNNS------------------------------------------NTSYRLI---NCNTSAI-T---QA, 0.0659, 1
0.335341, -125.2698, [91], CHUNK, ['E'], VKLTPLCVTLNCTNVTNNTTD-------------------------------------DMRGEIKN----CSFNM-T-TE--LRD-KK-QKE-YSLF-YRLDVVQINNNQGNRSNNS------------------------------------------NTSYRLI---NCNTSAI-T---QA, 0.0659, 0
0.344930, -108.2231, [74], CHUNK, ['I'], VKLTPLCVTLNCTNVTNNTTD-------------------------------------DMRGEIKN----CSFNI-T-TE--LRD-KK-QKV-YSLF-YRLDVVQINNNQGNRSNNS------------------------------------------NTSYRLI---NCNTSAI-T---QA, 0.9188, 1
0.348585, -111.6252, [104, 106], CHUNK, ['P', 'D'], VKLTPLCVTLNCTNVTNNTTD-------------------------------------DMRGEIKN----CSFNI-T-TE--LRD-KK-QKV-YSLF-YRLDVVPIDNNQGNRSNNS------------------------------------------NTSYRLI---NCNTSAI-T---QA, 0.9431, 0
0.352213, -100.2347, [174], CHUNK, ['V'], VKLTPLCVTLNCTNVTNNTTD-------------------------------------DMRGEIKN----CSFNI-T-TE--LRD-KK-QKV-YSLF-YRLDVVQINNNQGNRSNNS------------------------------------------NTSYRLI---NCNTSVI-T---QA, 0.6731, 0
0.347988, -111.5603, 20, POINT, N, VKLTPLCVTLNCTNVTNNTTN-------------------------------------DMRGEIKN----CSFNI-T-TE--LRD-KK-QKV-YSLF-YRLDVVQINNNQGNRSNNS------------------------------------------NTSYRLI---NCNTSAI-T---QA, 0.7019, 0
0.353312, -108.8976, 94, POINT, A, VKLTPLCVTLNCTNVTNNTTD-------------------------------------DMRGEIKN----CSFNI-T-TE--LRD-KK-QKV-YALF-YRLDVVQINNNQGNRSNNS------------------------------------------NTSYRLI---NCNTSAI-T---QA, 0.8992, 0
0.344930, -83.4973, 74, POINT, I, VKLTPLCVTLNCTNVTNNTTD-------------------------------------DMRGEIKN----CSFNI-T-TE--LRD-KK-QKV-YSLF-YRLDVVQINNNQGNRSNNS------------------------------------------NTSYRLI---NCNTSAI-T---QA, 0.3073, 0
0.337466, -126.9372, [104], CHUNK, ['P'], VKLTPLCVTLNCTNVTNNTTD-------------------------------------DMRGEIKN----CSFNM-T-TE--LRD-KK-QKV-YSLF-YRLDVVPINNNQGNRSNNS------------------------------------------NTSYRLI---NCNTSAI-T---QA, 0.0659, 1
0.345848, -127.2366, [94], CHUNK, ['A'], VKLTPLCVTLNCTNVTNNTTD-------------------------------------DMRGEIKN----CSFNM-T-TE--LRD-KK-QKV-YALF-YRLDVVPINNNQGNRSNNS------------------------------------------NTSYRLI---NCNTSAI-T---QA, 0.0659, 0
0.339635, -125.0377, 174, POINT, T, VKLTPLCVTLNCTNVTNNTTD-------------------------------------DMRGEIKN----CSFNM-T-TE--LRD-KK-QKV-YSLF-YRLDVVPINNNQGNRSNNS------------------------------------------NTSYRLI---NCNTSTI-T---QA, 0.0646, 0
0.344749, -104.2838, [174], CHUNK, ['V'], VKLTPLCVTLNCTNVTNNTTD-------------------------------------DMRGEIKN----CSFNM-T-TE--LRD-KK-QKV-YSLF-YRLDVVPINNNQGNRSNNS------------------------------------------NTSYRLI---NCNTSVI-T---QA, 0.2276, 0
0.345848, -127.4042, [94], CHUNK, ['A'], VKLTPLCVTLNCTNVTNNTTD-------------------------------------DMRGEIKN----CSFNM-T-TE--LRD-KK-QKV-YALF-YRLDVVPINNNQGNRSNNS------------------------------------------NTSYRLI---NCNTSAI-T---QA, 0.0663, 1
0.350818, -125.9542, 91, POINT, E, VKLTPLCVTLNCTNVTNNTTD-------------------------------------DMRGEIKN----CSFNM-T-TE--LRD-KK-QKE-YALF-YRLDVVPINNNQGNRSNNS------------------------------------------NTSYRLI---NCNTSAI-T---QA, 0.1475, 1
0.357468, -123.9499, [58, 59, 60], CHUNK, ['N', 'I', 'K'], VKLTPLCVTLNCTNVTNNTTD-------------------------------------NIKGEIKN----CSFNM-T-TE--LRD-KK-QKE-YALF-YRLDVVPINNNQGNRSNNS------------------------------------------NTSYRLI---NCNTSAI-T---QA, 0.1475, 0
0.359526, -123.9566, 99, POINT, K, VKLTPLCVTLNCTNVTNNTTD-------------------------------------DMRGEIKN----CSFNM-T-TE--LRD-KK-QKE-YALF-YKLDVVPINNNQGNRSNNS------------------------------------------NTSYRLI---NCNTSAI-T---QA, 0.1475, 0
0.358100, -108.8979, 174, POINT, V, VKLTPLCVTLNCTNVTNNTTD-------------------------------------DMRGEIKN----CSFNM-T-TE--LRD-KK-QKE-YALF-YRLDVVPINNNQGNRSNNS------------------------------------------NTSYRLI---NCNTSVI-T---QA, 0.2558, 0
0.355912, -123.3550, [58, 60], CHUNK, ['T', 'N'], VKLTPLCVTLNCTNVTNNTTD-------------------------------------TMNGEIKN----CSFNM-T-TE--LRD-KK-QKE-YALF-YRLDVVPINNNQGNRSNNS------------------------------------------NTSYRLI---NCNTSAI-T---QA, 0.1475, 1
0.364619, -121.4385, [99], CHUNK, ['K'], VKLTPLCVTLNCTNVTNNTTD-------------------------------------TMNGEIKN----CSFNM-T-TE--LRD-KK-QKE-YALF-YKLDVVPINNNQGNRSNNS------------------------------------------NTSYRLI---NCNTSAI-T---QA, 0.1475, 1
0.366788, -119.9681, 174, POINT, T, VKLTPLCVTLNCTNVTNNTTD-------------------------------------TMNGEIKN----CSFNM-T-TE--LRD-KK-QKE-YALF-YKLDVVPINNNQGNRSNNS------------------------------------------NTSYRLI---NCNTSTI-T---QA, 0.1280, 0
0.371902, -103.0149, [174], CHUNK, ['V'], VKLTPLCVTLNCTNVTNNTTD-------------------------------------TMNGEIKN----CSFNM-T-TE--LRD-KK-QKE-YALF-YKLDVVPINNNQGNRSNNS------------------------------------------NTSYRLI---NCNTSVI-T---QA, 0.2414, 0
0.364727, -120.4982, 19, POINT, N, VKLTPLCVTLNCTNVTNNTND-------------------------------------TMNGEIKN----CSFNM-T-TE--LRD-KK-QKE-YALF-YKLDVVPINNNQGNRSNNS------------------------------------------NTSYRLI---NCNTSAI-T---QA, 0.1405, 1
0.376119, -108.6672, [74], CHUNK, ['I'], VKLTPLCVTLNCTNVTNNTND-------------------------------------TMNGEIKN----CSFNI-T-TE--LRD-KK-QKE-YALF-YKLDVVPINNNQGNRSNNS------------------------------------------NTSYRLI---NCNTSAI-T---QA, 0.2818, 0
0.365888, -120.7833, 59, POINT, D, VKLTPLCVTLNCTNVTNNTND-------------------------------------TDNGEIKN----CSFNM-T-TE--LRD-KK-QKE-YALF-YKLDVVPINNNQGNRSNNS------------------------------------------NTSYRLI---NCNTSAI-T---QA, 0.1405, 0
0.365008, -120.0351, [87], CHUNK, ['V'], VKLTPLCVTLNCTNVTNNTND-------------------------------------TMNGEIKN----CSFNM-T-TE--LRD-KV-QKE-YALF-YKLDVVPINNNQGNRSNNS------------------------------------------NTSYRLI---NCNTSAI-T---QA, 0.1405, 0
0.369371, -109.4298, 74, POINT, V, VKLTPLCVTLNCTNVTNNTND-------------------------------------TMNGEIKN----CSFNV-T-TE--LRD-KK-QKE-YALF-YKLDVVPINNNQGNRSNNS------------------------------------------NTSYRLI---NCNTSAI-T---QA, 0.2340, 0
0.371902, -105.5322, [174], CHUNK, ['V'], VKLTPLCVTLNCTNVTNNTTD-------------------------------------TMNGEIKN----CSFNM-T-TE--LRD-KK-QKE-YALF-YKLDVVPINNNQGNRSNNS------------------------------------------NTSYRLI---NCNTSVI-T---QA, 0.2464, 0
0.369264, -116.6127, [74], CHUNK, ['V'], VKLTPLCVTLNCTNVTNNTTD-------------------------------------TMNGEIKN----CSFNV-T-TE--LRD-KK-QKE-YALF-YKLDVVPINNNQGNRSNNS------------------------------------------NTSYRLI---NCNTSAI-T---QA, 0.1435, 0
0.368591, -122.0013, 20, POINT, N, VKLTPLCVTLNCTNVTNNTTN-------------------------------------TMNGEIKN----CSFNM-T-TE--LRD-KK-QKE-YALF-YKLDVVPINNNQGNRSNNS------------------------------------------NTSYRLI---NCNTSAI-T---QA, 0.1491, 0
0.366782, -9.5918, [82], CHUNK, ['I'], VKLTPLCVTLNCTNVTNNTTD-------------------------------------TMNGEIKN----CSFNM-T-TE--IRD-KK-QKE-YALF-YKLDVVPINNNQGNRSNNS------------------------------------------NTSYRLI---NCNTSAI-T---QA, 0.2688, 0
0.363194, -103.2498, 174, POINT, V, VKLTPLCVTLNCTNVTNNTTD-------------------------------------TMNGEIKN----CSFNM-T-TE--LRD-KK-QKE-YALF-YRLDVVPINNNQGNRSNNS------------------------------------------NTSYRLI---NCNTSVI-T---QA, 0.1886, 0
0.361917, -122.0133, [109], CHUNK, ['T'], VKLTPLCVTLNCTNVTNNTTD-------------------------------------TMNGEIKN----CSFNM-T-TE--LRD-KK-QKE-YALF-YRLDVVPINNNTGNRSNNS------------------------------------------NTSYRLI---NCNTSAI-T---QA, 0.1475, 1
0.370625, -120.0969, [99], CHUNK, ['K'], VKLTPLCVTLNCTNVTNNTTD-------------------------------------TMNGEIKN----CSFNM-T-TE--LRD-KK-QKE-YALF-YKLDVVPINNNTGNRSNNS------------------------------------------NTSYRLI---NCNTSAI-T---QA, 0.1475, 0
0.364080, -34.5584, 82, POINT, I, VKLTPLCVTLNCTNVTNNTTD-------------------------------------TMNGEIKN----CSFNM-T-TE--IRD-KK-QKE-YALF-YRLDVVPINNNTGNRSNNS------------------------------------------NTSYRLI---NCNTSAI-T---QA, 0.2210, 0
0.373310, -112.3174, [74], CHUNK, ['I'], VKLTPLCVTLNCTNVTNNTTD-------------------------------------TMNGEIKN----CSFNI-T-TE--LRD-KK-QKE-YALF-YRLDVVPINNNTGNRSNNS------------------------------------------NTSYRLI---NCNTSAI-T---QA, 0.1803, 0
0.366561, -116.6149, [74], CHUNK, ['V'], VKLTPLCVTLNCTNVTNNTTD-------------------------------------TMNGEIKN----CSFNV-T-TE--LRD-KK-QKE-YALF-YRLDVVPINNNTGNRSNNS------------------------------------------NTSYRLI---NCNTSAI-T---QA, 0.1394, 1
0.373844, -99.6973, [174], CHUNK, ['V'], VKLTPLCVTLNCTNVTNNTTD-------------------------------------TMNGEIKN----CSFNV-T-TE--LRD-KK-QKE-YALF-YRLDVVPINNNTGNRSNNS------------------------------------------NTSYRLI---NCNTSVI-T---QA, 0.2297, 0
0.375269, -115.7633, [99], CHUNK, ['K'], VKLTPLCVTLNCTNVTNNTTD-------------------------------------TMNGEIKN----CSFNV-T-TE--LRD-KK-QKE-YALF-YKLDVVPINNNTGNRSNNS------------------------------------------NTSYRLI---NCNTSAI-T---QA, 0.1733, 0
0.375269, -114.8387, 99, POINT, K, VKLTPLCVTLNCTNVTNNTTD-------------------------------------TMNGEIKN----CSFNV-T-TE--LRD-KK-QKE-YALF-YKLDVVPINNNTGNRSNNS------------------------------------------NTSYRLI---NCNTSAI-T---QA, 0.1479, 0
0.373310, -116.8882, 74, POINT, I, VKLTPLCVTLNCTNVTNNTTD-------------------------------------TMNGEIKN----CSFNI-T-TE--LRD-KK-QKE-YALF-YRLDVVPINNNTGNRSNNS------------------------------------------NTSYRLI---NCNTSAI-T---QA, 0.1394, 0
0.364250, -121.9236, [113], CHUNK, ['T'], VKLTPLCVTLNCTNVTNNTTD-------------------------------------TMNGEIKN----CSFNM-T-TE--LRD-KK-QKE-YALF-YRLDVVPINNNTGNRTNNS------------------------------------------NTSYRLI---NCNTSAI-T---QA, 0.1475, 1
0.372958, -120.4044, [99], CHUNK, ['K'], VKLTPLCVTLNCTNVTNNTTD-------------------------------------TMNGEIKN----CSFNM-T-TE--LRD-KK-QKE-YALF-YKLDVVPINNNTGNRTNNS------------------------------------------NTSYRLI---NCNTSAI-T---QA, 0.1579, 0
0.365701, -121.3257, 20, POINT, S, VKLTPLCVTLNCTNVTNNTTS-------------------------------------TMNGEIKN----CSFNM-T-TE--LRD-KK-QKE-YALF-YRLDVVPINNNTGNRTNNS------------------------------------------NTSYRLI---NCNTSAI-T---QA, 0.1536, 1
0.374409, -119.4057, [99], CHUNK, ['K'], VKLTPLCVTLNCTNVTNNTTS-------------------------------------TMNGEIKN----CSFNM-T-TE--LRD-KK-QKE-YALF-YKLDVVPINNNTGNRTNNS------------------------------------------NTSYRLI---NCNTSAI-T---QA, 0.1536, 0
0.374409, -119.7105, [99], CHUNK, ['K'], VKLTPLCVTLNCTNVTNNTTS-------------------------------------TMNGEIKN----CSFNM-T-TE--LRD-KK-QKE-YALF-YKLDVVPINNNTGNRTNNS------------------------------------------NTSYRLI---NCNTSAI-T---QA, 0.1519, 0
0.377094, -114.2434, [74], CHUNK, ['I'], VKLTPLCVTLNCTNVTNNTTS-------------------------------------TMNGEIKN----CSFNI-T-TE--LRD-KK-QKE-YALF-YRLDVVPINNNTGNRTNNS------------------------------------------NTSYRLI---NCNTSAI-T---QA, 0.2189, 0
0.372984, -106.9463, [174], CHUNK, ['V'], VKLTPLCVTLNCTNVTNNTTS-------------------------------------TMNGEIKN----CSFNM-T-TE--LRD-KK-QKE-YALF-YRLDVVPINNNTGNRTNNS------------------------------------------NTSYRLI---NCNTSVI-T---QA, 0.3790, 0
0.371533, -105.9768, [174], CHUNK, ['V'], VKLTPLCVTLNCTNVTNNTTD-------------------------------------TMNGEIKN----CSFNM-T-TE--LRD-KK-QKE-YALF-YRLDVVPINNNTGNRTNNS------------------------------------------NTSYRLI---NCNTSVI-T---QA, 0.2528, 0
0.366419, -120.4272, 174, POINT, T, VKLTPLCVTLNCTNVTNNTTD-------------------------------------TMNGEIKN----CSFNM-T-TE--LRD-KK-QKE-YALF-YRLDVVPINNNTGNRTNNS------------------------------------------NTSYRLI---NCNTSTI-T---QA, 0.1475, 1
0.367696, -120.9628, 59, POINT, E, VKLTPLCVTLNCTNVTNNTTD-------------------------------------TENGEIKN----CSFNM-T-TE--LRD-KK-QKE-YALF-YRLDVVPINNNTGNRTNNS------------------------------------------NTSYRLI---NCNTSTI-T---QA, 0.1475, 0
0.377812, -109.1313, [74], CHUNK, ['I'], VKLTPLCVTLNCTNVTNNTTD-------------------------------------TMNGEIKN----CSFNI-T-TE--LRD-KK-QKE-YALF-YRLDVVPINNNTGNRTNNS------------------------------------------NTSYRLI---NCNTSTI-T---QA, 0.3092, 0
0.371533, -104.9800, 174, POINT, V, VKLTPLCVTLNCTNVTNNTTD-------------------------------------TMNGEIKN----CSFNM-T-TE--LRD-KK-QKE-YALF-YRLDVVPINNNTGNRTNNS------------------------------------------NTSYRLI---NCNTSVI-T---QA, 0.3149, 0
0.375127, -118.7024, [99], CHUNK, ['K'], VKLTPLCVTLNCTNVTNNTTD-------------------------------------TMNGEIKN----CSFNM-T-TE--LRD-KK-QKE-YALF-YKLDVVPINNNTGNRTNNS------------------------------------------NTSYRLI---NCNTSTI-T---QA, 0.1466, 1
0.375234, -117.3994, 19, POINT, N, VKLTPLCVTLNCTNVTNNTND-------------------------------------TMNGEIKN----CSFNM-T-TE--LRD-KK-QKE-YALF-YKLDVVPINNNTGNRTNNS------------------------------------------NTSYRLI---NCNTSTI-T---QA, 0.1466, 0
0.376578, -118.7863, 20, POINT, S, VKLTPLCVTLNCTNVTNNTTS-------------------------------------TMNGEIKN----CSFNM-T-TE--LRD-KK-QKE-YALF-YKLDVVPINNNTGNRTNNS------------------------------------------NTSYRLI---NCNTSTI-T---QA, 0.1409, 0
0.377290, -20.8907, 82, POINT, I, VKLTPLCVTLNCTNVTNNTTD-------------------------------------TMNGEIKN----CSFNM-T-TE--IRD-KK-QKE-YALF-YKLDVVPINNNTGNRTNNS------------------------------------------NTSYRLI---NCNTSTI-T---QA, 0.1924, 0
0.379099, -119.7589, 20, POINT, N, VKLTPLCVTLNCTNVTNNTTN-------------------------------------TMNGEIKN----CSFNM-T-TE--LRD-KK-QKE-YALF-YKLDVVPINNNTGNRTNNS------------------------------------------NTSYRLI---NCNTSTI-T---QA, 0.1638, 0
0.371533, -104.6255, [174], CHUNK, ['V'], VKLTPLCVTLNCTNVTNNTTD-------------------------------------TMNGEIKN----CSFNM-T-TE--LRD-KK-QKE-YALF-YRLDVVPINNNTGNRTNNS------------------------------------------NTSYRLI---NCNTSVI-T---QA, 0.2798, 0
0.367455, -119.4267, [59, 60], CHUNK, ['E', 'K'], VKLTPLCVTLNCTNVTNNTTD-------------------------------------TEKGEIKN----CSFNM-T-TE--LRD-KK-QKE-YALF-YRLDVVPINNNTGNRTNNS------------------------------------------NTSYRLI---NCNTSTI-T---QA, 0.1424, 0
0.367385, -120.6296, 59, POINT, D, VKLTPLCVTLNCTNVTNNTTD-------------------------------------TDNGEIKN----CSFNM-T-TE--LRD-KK-QKE-YALF-YRLDVVPINNNTGNRTNNS------------------------------------------NTSYRLI---NCNTSTI-T---QA, 0.1475, 1
0.376092, -118.7131, [99], CHUNK, ['K'], VKLTPLCVTLNCTNVTNNTTD-------------------------------------TDNGEIKN----CSFNM-T-TE--LRD-KK-QKE-YALF-YKLDVVPINNNTGNRTNNS------------------------------------------NTSYRLI---NCNTSTI-T---QA, 0.1475, 0
0.378778, -105.5955, [74], CHUNK, ['I'], VKLTPLCVTLNCTNVTNNTTD-------------------------------------TDNGEIKN----CSFNI-T-TE--LRD-KK-QKE-YALF-YRLDVVPINNNTGNRTNNS------------------------------------------NTSYRLI---NCNTSTI-T---QA, 0.2138, 0
0.378778, -112.3950, [74], CHUNK, ['I'], VKLTPLCVTLNCTNVTNNTTD-------------------------------------TDNGEIKN----CSFNI-T-TE--LRD-KK-QKE-YALF-YRLDVVPINNNTGNRTNNS------------------------------------------NTSYRLI---NCNTSTI-T---QA, 0.2370, 0
0.376092, -118.8025, 99, POINT, K, VKLTPLCVTLNCTNVTNNTTD-------------------------------------TDNGEIKN----CSFNM-T-TE--LRD-KK-QKE-YALF-YKLDVVPINNNTGNRTNNS------------------------------------------NTSYRLI---NCNTSTI-T---QA, 0.1588, 0
0.371064, -113.6982, [74], CHUNK, ['V'], VKLTPLCVTLNCTNVTNNTTD-------------------------------------TMNGEIKN----CSFNV-T-TE--LRD-KK-QKE-YALF-YRLDVVPINNNTGNRTNNS------------------------------------------NTSYRLI---NCNTSTI-T---QA, 0.2015, 0
0.371533, -109.6752, 174, POINT, V, VKLTPLCVTLNCTNVTNNTTD-------------------------------------TMNGEIKN----CSFNM-T-TE--LRD-KK-QKE-YALF-YRLDVVPINNNTGNRTNNS------------------------------------------NTSYRLI---NCNTSVI-T---QA, 0.3897, 0
0.375127, -118.5108, [99], CHUNK, ['K'], VKLTPLCVTLNCTNVTNNTTD-------------------------------------TMNGEIKN----CSFNM-T-TE--LRD-KK-QKE-YALF-YKLDVVPINNNTGNRTNNS------------------------------------------NTSYRLI---NCNTSTI-T---QA, 0.1475, 0
0.375127, -118.7124, [99], CHUNK, ['K'], VKLTPLCVTLNCTNVTNNTTD-------------------------------------TMNGEIKN----CSFNM-T-TE--LRD-KK-QKE-YALF-YKLDVVPINNNTGNRTNNS------------------------------------------NTSYRLI---NCNTSTI-T---QA, 0.1543, 0
0.372958, -120.1220, [99], CHUNK, ['K'], VKLTPLCVTLNCTNVTNNTTD-------------------------------------TMNGEIKN----CSFNM-T-TE--LRD-KK-QKE-YALF-YKLDVVPINNNTGNRTNNS------------------------------------------NTSYRLI---NCNTSAI-T---QA, 0.1144, 1
0.384351, -112.4886, 74, POINT, I, VKLTPLCVTLNCTNVTNNTTD-------------------------------------TMNGEIKN----CSFNI-T-TE--LRD-KK-QKE-YALF-YKLDVVPINNNTGNRTNNS------------------------------------------NTSYRLI---NCNTSAI-T---QA, 0.2505, 0
0.380240, -104.7548, [174], CHUNK, ['V'], VKLTPLCVTLNCTNVTNNTTD-------------------------------------TMNGEIKN----CSFNM-T-TE--LRD-KK-QKE-YALF-YKLDVVPINNNTGNRTNNS------------------------------------------NTSYRLI---NCNTSVI-T---QA, 0.2433, 0
0.384351, -109.6192, 74, POINT, I, VKLTPLCVTLNCTNVTNNTTD-------------------------------------TMNGEIKN----CSFNI-T-TE--LRD-KK-QKE-YALF-YKLDVVPINNNTGNRTNNS------------------------------------------NTSYRLI---NCNTSAI-T---QA, 0.1929, 0
0.376929, -120.5411, 20, POINT, N, VKLTPLCVTLNCTNVTNNTTN-------------------------------------TMNGEIKN----CSFNM-T-TE--LRD-KK-QKE-YALF-YKLDVVPINNNTGNRTNNS------------------------------------------NTSYRLI---NCNTSAI-T---QA, 0.1144, 0
0.371533, -105.3915, [174], CHUNK, ['V'], VKLTPLCVTLNCTNVTNNTTD-------------------------------------TMNGEIKN----CSFNM-T-TE--LRD-KK-QKE-YALF-YRLDVVPINNNTGNRTNNS------------------------------------------NTSYRLI---NCNTSVI-T---QA, 0.1776, 0
0.372958, -120.0071, 99, POINT, K, VKLTPLCVTLNCTNVTNNTTD-------------------------------------TMNGEIKN----CSFNM-T-TE--LRD-KK-QKE-YALF-YKLDVVPINNNTGNRTNNS------------------------------------------NTSYRLI---NCNTSAI-T---QA, 0.1475, 1
0.380240, -104.1947, [174], CHUNK, ['V'], VKLTPLCVTLNCTNVTNNTTD-------------------------------------TMNGEIKN----CSFNM-T-TE--LRD-KK-QKE-YALF-YKLDVVPINNNTGNRTNNS------------------------------------------NTSYRLI---NCNTSVI-T---QA, 0.1866, 0
0.373640, -123.6892, 58, POINT, N, VKLTPLCVTLNCTNVTNNTTD-------------------------------------NMNGEIKN----CSFNM-T-TE--LRD-KK-QKE-YALF-YKLDVVPINNNTGNRTNNS------------------------------------------NTSYRLI---NCNTSAI-T---QA, 0.1418, 1
0.375803, -31.8296, [82], CHUNK, ['I'], VKLTPLCVTLNCTNVTNNTTD-------------------------------------NMNGEIKN----CSFNM-T-TE--IRD-KK-QKE-YALF-YKLDVVPINNNTGNRTNNS------------------------------------------NTSYRLI---NCNTSAI-T---QA, 0.2032, 0
0.375803, -5.8091, [82], CHUNK, ['I'], VKLTPLCVTLNCTNVTNNTTD-------------------------------------NMNGEIKN----CSFNM-T-TE--IRD-KK-QKE-YALF-YKLDVVPINNNTGNRTNNS------------------------------------------NTSYRLI---NCNTSAI-T---QA, 0.1910, 0
0.378284, -119.2046, [74], CHUNK, ['V'], VKLTPLCVTLNCTNVTNNTTD-------------------------------------NMNGEIKN----CSFNV-T-TE--LRD-KK-QKE-YALF-YKLDVVPINNNTGNRTNNS------------------------------------------NTSYRLI---NCNTSAI-T---QA, 0.1398, 1
0.379476, -118.5931, [59, 60], CHUNK, ['T', 'R'], VKLTPLCVTLNCTNVTNNTTD-------------------------------------NTRGEIKN----CSFNV-T-TE--LRD-KK-QKE-YALF-YKLDVVPINNNTGNRTNNS------------------------------------------NTSYRLI---NCNTSAI-T---QA, 0.1398, 1
0.383960, -119.3180, 20, POINT, N, VKLTPLCVTLNCTNVTNNTTN-------------------------------------NTRGEIKN----CSFNV-T-TE--LRD-KK-QKE-YALF-YKLDVVPINNNTGNRTNNS------------------------------------------NTSYRLI---NCNTSAI-T---QA, 0.1549, 0
0.382494, -39.5654, 82, POINT, I, VKLTPLCVTLNCTNVTNNTTD-------------------------------------NTRGEIKN----CSFNV-T-TE--IRD-KK-QKE-YALF-YKLDVVPINNNTGNRTNNS------------------------------------------NTSYRLI---NCNTSAI-T---QA, 0.2395, 0
0.381645, -117.6728, [174], CHUNK, ['T'], VKLTPLCVTLNCTNVTNNTTD-------------------------------------NTRGEIKN----CSFNV-T-TE--LRD-KK-QKE-YALF-YKLDVVPINNNTGNRTNNS------------------------------------------NTSYRLI---NCNTSTI-T---QA, 0.1398, 0
0.383960, -118.9251, 20, POINT, N, VKLTPLCVTLNCTNVTNNTTN-------------------------------------NTRGEIKN----CSFNV-T-TE--LRD-KK-QKE-YALF-YKLDVVPINNNTGNRTNNS------------------------------------------NTSYRLI---NCNTSAI-T---QA, 0.1398, 1
0.386130, -118.2121, [174], CHUNK, ['T'], VKLTPLCVTLNCTNVTNNTTN-------------------------------------NTRGEIKN----CSFNV-T-TE--LRD-KK-QKE-YALF-YKLDVVPINNNTGNRTNNS------------------------------------------NTSYRLI---NCNTSTI-T---QA, 0.1464, 1
0.392878, -118.1118, 74, POINT, I, VKLTPLCVTLNCTNVTNNTTN-------------------------------------NTRGEIKN----CSFNI-T-TE--LRD-KK-QKE-YALF-YKLDVVPINNNTGNRTNNS------------------------------------------NTSYRLI---NCNTSTI-T---QA, 0.1464, 0
0.386434, -117.7149, 87, POINT, V, VKLTPLCVTLNCTNVTNNTTN-------------------------------------NTRGEIKN----CSFNV-T-TE--LRD-KV-QKE-YALF-YKLDVVPINNNTGNRTNNS------------------------------------------NTSYRLI---NCNTSTI-T---QA, 0.1464, 0
0.387477, -118.5992, [110, 111, 112], CHUNK, ['D', 'S', 'N'], VKLTPLCVTLNCTNVTNNTTN-------------------------------------NTRGEIKN----CSFNV-T-TE--LRD-KK-QKE-YALF-YKLDVVPINNNTDSNTNNS------------------------------------------NTSYRLI---NCNTSTI-T---QA, 0.1464, 0
0.389148, -3.4280, 82, POINT, I, VKLTPLCVTLNCTNVTNNTTN-------------------------------------NTRGEIKN----CSFNV-T-TE--IRD-KK-QKE-YALF-YKLDVVPINNNTGNRTNNS------------------------------------------NTSYRLI---NCNTSTI-T---QA, 0.3747, 0
0.390709, -119.0988, [74], CHUNK, ['I'], VKLTPLCVTLNCTNVTNNTTN-------------------------------------NTRGEIKN----CSFNI-T-TE--LRD-KK-QKE-YALF-YKLDVVPINNNTGNRTNNS------------------------------------------NTSYRLI---NCNTSAI-T---QA, 0.1398, 0
0.391243, -108.5419, 174, POINT, V, VKLTPLCVTLNCTNVTNNTTN-------------------------------------NTRGEIKN----CSFNV-T-TE--LRD-KK-QKE-YALF-YKLDVVPINNNTGNRTNNS------------------------------------------NTSYRLI---NCNTSVI-T---QA, 0.2857, 0
0.386978, -35.9871, [82], CHUNK, ['I'], VKLTPLCVTLNCTNVTNNTTN-------------------------------------NTRGEIKN----CSFNV-T-TE--IRD-KK-QKE-YALF-YKLDVVPINNNTGNRTNNS------------------------------------------NTSYRLI---NCNTSAI-T---QA, 0.2183, 0
0.385617, -116.9391, 60, POINT, K, VKLTPLCVTLNCTNVTNNTTN-------------------------------------NTKGEIKN----CSFNV-T-TE--LRD-KK-QKE-YALF-YKLDVVPINNNTGNRTNNS------------------------------------------NTSYRLI---NCNTSAI-T---QA, 0.1862, 0
0.386758, -103.1239, 174, POINT, V, VKLTPLCVTLNCTNVTNNTTD-------------------------------------NTRGEIKN----CSFNV-T-TE--LRD-KK-QKE-YALF-YKLDVVPINNNTGNRTNNS------------------------------------------NTSYRLI---NCNTSVI-T---QA, 0.1568, 0
0.381645, -117.7520, 174, POINT, T, VKLTPLCVTLNCTNVTNNTTD-------------------------------------NTRGEIKN----CSFNV-T-TE--LRD-KK-QKE-YALF-YKLDVVPINNNTGNRTNNS------------------------------------------NTSYRLI---NCNTSTI-T---QA, 0.1415, 1
0.386758, -105.0886, 174, POINT, V, VKLTPLCVTLNCTNVTNNTTD-------------------------------------NTRGEIKN----CSFNV-T-TE--LRD-KK-QKE-YALF-YKLDVVPINNNTGNRTNNS------------------------------------------NTSYRLI---NCNTSVI-T---QA, 0.2838, 0
0.388393, -117.9267, 74, POINT, I, VKLTPLCVTLNCTNVTNNTTD-------------------------------------NTRGEIKN----CSFNI-T-TE--LRD-KK-QKE-YALF-YKLDVVPINNNTGNRTNNS------------------------------------------NTSYRLI---NCNTSTI-T---QA, 0.1415, 0
0.384663, -7.0263, [82], CHUNK, ['I'], VKLTPLCVTLNCTNVTNNTTD-------------------------------------NTRGEIKN----CSFNV-T-TE--IRD-KK-QKE-YALF-YKLDVVPINNNTGNRTNNS------------------------------------------NTSYRLI---NCNTSTI-T---QA, 0.3047, 0
0.384043, -117.2225, [112], CHUNK, ['S'], VKLTPLCVTLNCTNVTNNTTD-------------------------------------NTRGEIKN----CSFNV-T-TE--LRD-KK-QKE-YALF-YKLDVVPINNNTGNSTNNS------------------------------------------NTSYRLI---NCNTSTI-T---QA, 0.1415, 1
0.385731, -115.0974, [60], CHUNK, ['K'], VKLTPLCVTLNCTNVTNNTTD-------------------------------------NTKGEIKN----CSFNV-T-TE--LRD-KK-QKE-YALF-YKLDVVPINNNTGNSTNNS------------------------------------------NTSYRLI---NCNTSTI-T---QA, 0.1415, 1
0.390844, -110.3149, [174], CHUNK, ['V'], VKLTPLCVTLNCTNVTNNTTD-------------------------------------NTKGEIKN----CSFNV-T-TE--LRD-KK-QKE-YALF-YKLDVVPINNNTGNSTNNS------------------------------------------NTSYRLI---NCNTSVI-T---QA, 0.2519, 0
0.386971, -117.2712, 60, POINT, N, VKLTPLCVTLNCTNVTNNTTD-------------------------------------NTNGEIKN----CSFNV-T-TE--LRD-KK-QKE-YALF-YKLDVVPINNNTGNSTNNS------------------------------------------NTSYRLI---NCNTSTI-T---QA, 0.1415, 0
0.391829, -116.5580, 110, POINT, N, VKLTPLCVTLNCTNVTNNTTD-------------------------------------NTKGEIKN----CSFNV-T-TE--LRD-KK-QKE-YALF-YKLDVVPINNNTNNSTNNS------------------------------------------NTSYRLI---NCNTSTI-T---QA, 0.1407, 0
0.388749, -18.8172, [82], CHUNK, ['I'], VKLTPLCVTLNCTNVTNNTTD-------------------------------------NTKGEIKN----CSFNV-T-TE--IRD-KK-QKE-YALF-YKLDVVPINNNTGNSTNNS------------------------------------------NTSYRLI---NCNTSTI-T---QA, 0.1994, 0
0.387876, -114.0910, 20, POINT, T, VKLTPLCVTLNCTNVTNNTTT-------------------------------------NTRGEIKN----CSFNV-T-TE--LRD-KK-QKE-YALF-YKLDVVPINNNTGNSTNNS------------------------------------------NTSYRLI---NCNTSTI-T---QA, 0.1415, 0
0.389157, -106.3347, [174], CHUNK, ['V'], VKLTPLCVTLNCTNVTNNTTD-------------------------------------NTRGEIKN----CSFNV-T-TE--LRD-KK-QKE-YALF-YKLDVVPINNNTGNSTNNS------------------------------------------NTSYRLI---NCNTSVI-T---QA, 0.2526, 0
0.387062, -34.1078, [82], CHUNK, ['I'], VKLTPLCVTLNCTNVTNNTTD-------------------------------------NTRGEIKN----CSFNV-T-TE--IRD-KK-QKE-YALF-YKLDVVPINNNTGNSTNNS------------------------------------------NTSYRLI---NCNTSTI-T---QA, 0.3297, 0
0.390792, -117.3972, [74], CHUNK, ['I'], VKLTPLCVTLNCTNVTNNTTD-------------------------------------NTRGEIKN----CSFNI-T-TE--LRD-KK-QKE-YALF-YKLDVVPINNNTGNSTNNS------------------------------------------NTSYRLI---NCNTSTI-T---QA, 0.1415, 0
0.388393, -117.9267, 74, POINT, I, VKLTPLCVTLNCTNVTNNTTD-------------------------------------NTRGEIKN----CSFNI-T-TE--LRD-KK-QKE-YALF-YKLDVVPINNNTGNRTNNS------------------------------------------NTSYRLI---NCNTSTI-T---QA, 0.1415, 0
0.381949, -117.3049, 87, POINT, V, VKLTPLCVTLNCTNVTNNTTD-------------------------------------NTRGEIKN----CSFNV-T-TE--LRD-KV-QKE-YALF-YKLDVVPINNNTGNRTNNS------------------------------------------NTSYRLI---NCNTSTI-T---QA, 0.1415, 0
0.384663, -16.0247, [82], CHUNK, ['I'], VKLTPLCVTLNCTNVTNNTTD-------------------------------------NTRGEIKN----CSFNV-T-TE--IRD-KK-QKE-YALF-YKLDVVPINNNTGNRTNNS------------------------------------------NTSYRLI---NCNTSTI-T---QA, 0.1924, 0
0.388393, -118.1915, [74], CHUNK, ['I'], VKLTPLCVTLNCTNVTNNTTD-------------------------------------NTRGEIKN----CSFNI-T-TE--LRD-KK-QKE-YALF-YKLDVVPINNNTGNRTNNS------------------------------------------NTSYRLI---NCNTSTI-T---QA, 0.1690, 0
0.381163, -117.0889, [60], CHUNK, ['K'], VKLTPLCVTLNCTNVTNNTTD-------------------------------------NTKGEIKN----CSFNV-T-TE--LRD-KK-QKE-YALF-YKLDVVPINNNTGNRTNNS------------------------------------------NTSYRLI---NCNTSAI-T---QA, 0.1698, 0
0.386758, -104.9424, [174], CHUNK, ['V'], VKLTPLCVTLNCTNVTNNTTD-------------------------------------NTRGEIKN----CSFNV-T-TE--LRD-KK-QKE-YALF-YKLDVVPINNNTGNRTNNS------------------------------------------NTSYRLI---NCNTSVI-T---QA, 0.2891, 0
0.386758, -105.4254, [174], CHUNK, ['V'], VKLTPLCVTLNCTNVTNNTTD-------------------------------------NTRGEIKN----CSFNV-T-TE--LRD-KK-QKE-YALF-YKLDVVPINNNTGNRTNNS------------------------------------------NTSYRLI---NCNTSVI-T---QA, 0.1820, 0
0.386758, -108.1165, [174], CHUNK, ['V'], VKLTPLCVTLNCTNVTNNTTD-------------------------------------NTRGEIKN----CSFNV-T-TE--LRD-KK-QKE-YALF-YKLDVVPINNNTGNRTNNS------------------------------------------NTSYRLI---NCNTSVI-T---QA, 0.4839, 0
0.385567, -108.1329, [174], CHUNK, ['V'], VKLTPLCVTLNCTNVTNNTTD-------------------------------------NMNGEIKN----CSFNV-T-TE--LRD-KK-QKE-YALF-YKLDVVPINNNTGNRTNNS------------------------------------------NTSYRLI---NCNTSVI-T---QA, 0.2023, 0
0.379575, -114.3291, 60, POINT, T, VKLTPLCVTLNCTNVTNNTTD-------------------------------------NMTGEIKN----CSFNV-T-TE--LRD-KK-QKE-YALF-YKLDVVPINNNTGNRTNNS------------------------------------------NTSYRLI---NCNTSAI-T---QA, 0.1398, 0
0.381302, -6.8015, 82, POINT, I, VKLTPLCVTLNCTNVTNNTTD-------------------------------------NMNGEIKN----CSFNV-T-TE--IRD-KK-QKE-YALF-YKLDVVPINNNTGNRTNNS------------------------------------------NTSYRLI---NCNTSAI-T---QA, 0.1822, 0
0.385033, -119.3783, [74], CHUNK, ['I'], VKLTPLCVTLNCTNVTNNTTD-------------------------------------NMNGEIKN----CSFNI-T-TE--LRD-KK-QKE-YALF-YKLDVVPINNNTGNRTNNS------------------------------------------NTSYRLI---NCNTSAI-T---QA, 0.1398, 0
