Name base = V1V2_200_exp_9_1_i
Iters = 200
Soft coverage = 0.284621885725
Energy = -131.951239786
Hard Covereage = 0.0368019545157
Num epitopes = 65
Initial seq = VKLTPLCVTLQCTNVTNNITD-------------------------------------DMRGELKN----CSFNM-T-TE--LRD-KK-QKV-YSLF-YRLDVVQINENQGNRSNNS------------------------------------------NKEYRLI---NCNTSAI-T---QA
-------START OF DATA------
0.289389, -131.5932, 109, POINT, N, VKLTPLCVTLQCTNVTNNITD-------------------------------------DMRGELKN----CSFNM-T-TE--LRD-KK-QKV-YSLF-YRLDVVQINENNGNRSNNS------------------------------------------NKEYRLI---NCNTSAI-T---QA, 0.0000, 1
0.297771, -131.7696, 94, POINT, A, VKLTPLCVTLQCTNVTNNITD-------------------------------------DMRGELKN----CSFNM-T-TE--LRD-KK-QKV-YALF-YRLDVVQINENNGNRSNNS------------------------------------------NKEYRLI---NCNTSAI-T---QA, 0.0000, 1
0.305053, -106.3073, 174, POINT, V, VKLTPLCVTLQCTNVTNNITD-------------------------------------DMRGELKN----CSFNM-T-TE--LRD-KK-QKV-YALF-YRLDVVQINENNGNRSNNS------------------------------------------NKEYRLI---NCNTSVI-T---QA, 0.1688, 0
0.321437, -131.6768, 10, POINT, N, VKLTPLCVTLNCTNVTNNITD-------------------------------------DMRGELKN----CSFNM-T-TE--LRD-KK-QKV-YALF-YRLDVVQINENNGNRSNNS------------------------------------------NKEYRLI---NCNTSAI-T---QA, 0.0000, 1
0.328708, -129.9381, 63, POINT, I, VKLTPLCVTLNCTNVTNNITD-------------------------------------DMRGEIKN----CSFNM-T-TE--LRD-KK-QKV-YALF-YRLDVVQINENNGNRSNNS------------------------------------------NKEYRLI---NCNTSAI-T---QA, 0.0000, 1
0.335513, -128.0941, 99, POINT, K, VKLTPLCVTLNCTNVTNNITD-------------------------------------DMRGEIKN----CSFNM-T-TE--LRD-KK-QKV-YALF-YKLDVVQINENNGNRSNNS------------------------------------------NKEYRLI---NCNTSAI-T---QA, 0.0000, 1
0.341570, -126.7600, 91, POINT, E, VKLTPLCVTLNCTNVTNNITD-------------------------------------DMRGEIKN----CSFNM-T-TE--LRD-KK-QKE-YALF-YKLDVVQINENNGNRSNNS------------------------------------------NKEYRLI---NCNTSAI-T---QA, 0.0196, 1
0.352963, -119.8255, 74, POINT, I, VKLTPLCVTLNCTNVTNNITD-------------------------------------DMRGEIKN----CSFNI-T-TE--LRD-KK-QKE-YALF-YKLDVVQINENNGNRSNNS------------------------------------------NKEYRLI---NCNTSAI-T---QA, 0.0231, 0
0.348853, -99.9050, 174, POINT, V, VKLTPLCVTLNCTNVTNNITD-------------------------------------DMRGEIKN----CSFNM-T-TE--LRD-KK-QKE-YALF-YKLDVVQINENNGNRSNNS------------------------------------------NKEYRLI---NCNTSVI-T---QA, 0.2079, 0
0.346214, -120.6998, 74, POINT, V, VKLTPLCVTLNCTNVTNNITD-------------------------------------DMRGEIKN----CSFNV-T-TE--LRD-KK-QKE-YALF-YKLDVVQINENNGNRSNNS------------------------------------------NKEYRLI---NCNTSAI-T---QA, 0.0356, 1
0.353497, -92.2528, 174, POINT, V, VKLTPLCVTLNCTNVTNNITD-------------------------------------DMRGEIKN----CSFNV-T-TE--LRD-KK-QKE-YALF-YKLDVVQINENNGNRSNNS------------------------------------------NKEYRLI---NCNTSVI-T---QA, 0.1342, 0
0.353497, -92.9509, 174, POINT, V, VKLTPLCVTLNCTNVTNNITD-------------------------------------DMRGEIKN----CSFNV-T-TE--LRD-KK-QKE-YALF-YKLDVVQINENNGNRSNNS------------------------------------------NKEYRLI---NCNTSVI-T---QA, 0.1451, 0
0.352963, -120.3016, 74, POINT, I, VKLTPLCVTLNCTNVTNNITD-------------------------------------DMRGEIKN----CSFNI-T-TE--LRD-KK-QKE-YALF-YKLDVVQINENNGNRSNNS------------------------------------------NKEYRLI---NCNTSAI-T---QA, 0.0267, 0
0.351297, -120.1235, 160, POINT, T, VKLTPLCVTLNCTNVTNNITD-------------------------------------DMRGEIKN----CSFNV-T-TE--LRD-KK-QKE-YALF-YKLDVVQINENNGNRSNNS------------------------------------------NTEYRLI---NCNTSAI-T---QA, 0.0356, 0
0.347470, -111.6381, 123, POINT, K, VKLTPLCVTLNCTNVTNNITD-------------------------------------DMRGEIKN----CSFNM-T-TE--LRD-KK-QKE-YALF-YKLDVVQINENNGNRSNNT------T-----------------------------------TKEYRLI---NCNTSAI-T---QA, 1.6167, 0
0.346214, -121.4707, 74, POINT, V, VKLTPLCVTLNCTNVTNNITD-------------------------------------DMRGEIKN----CSFNV-T-TE--LRD-KK-QKE-YALF-YKLDVVQINENNGNRSNNS------------------------------------------NKEYRLI---NCNTSAI-T---QA, 0.0576, 0
0.352963, -120.2766, 74, POINT, I, VKLTPLCVTLNCTNVTNNITD-------------------------------------DMRGEIKN----CSFNI-T-TE--LRD-KK-QKE-YALF-YKLDVVQINENNGNRSNNS------------------------------------------NKEYRLI---NCNTSAI-T---QA, 0.0495, 1
0.356112, -85.9842, 136, POINT, K, VKLTPLCVTLNCTNVTNNITD-------------------------------------DMRGEIKN----CSFNI-T-TE--LRD-KK-QKE-YALF-YKLDVVQINENNGNRSNNS-------------------T----------------------SKEYRLI---NCNTSAI-T---QA, 1.6243, 0
0.357745, -120.9438, 112, POINT, N, VKLTPLCVTLNCTNVTNNITD-------------------------------------DMRGEIKN----CSFNI-T-TE--LRD-KK-QKE-YALF-YKLDVVQINENNGNNSNNS------------------------------------------NKEYRLI---NCNTSAI-T---QA, 0.0495, 0
0.357679, -119.6368, 112, POINT, T, VKLTPLCVTLNCTNVTNNITD-------------------------------------DMRGEIKN----CSFNI-T-TE--LRD-KK-QKE-YALF-YKLDVVQINENNGNTSNNS------------------------------------------NKEYRLI---NCNTSAI-T---QA, 0.0495, 0
0.351356, -61.6815, 128, POINT, K, VKLTPLCVTLNCTNVTNNITD-------------------------------------DMRGEIKN----CSFNI-T-TE--LRD-KK-QKE-YALF-YKLDVVQINENNGNRSNNT-----------K------------------------------RKEYRLI---NCNTSAI-T---QA, 1.6321, 0
0.338893, -46.2943, 138, POINT, K, VKLTPLCVTLNCTNVTNNITD-------------------------------------DMRGEIKN----CSFNM-T-TE--LRD-KK-QKE-YALF-YKLDVVQINENNGNRSNNK---------------------Q--------------------TKEYRLI---NCNTSAI-T---QA, 1.6168, 0
0.346214, -121.4113, 74, POINT, V, VKLTPLCVTLNCTNVTNNITD-------------------------------------DMRGEIKN----CSFNV-T-TE--LRD-KK-QKE-YALF-YKLDVVQINENNGNRSNNS------------------------------------------NKEYRLI---NCNTSAI-T---QA, 0.0477, 1
0.347073, 2596.5417, 127, POINT, K, VKLTPLCVTLNCTNVTNNITD-------------------------------------DMRGEIKN----CSFNV-T-TE--LRD-KK-QKE-YALF-YKLDVVQINENNGNRSNNS----------V-------------------------------NKEYRLI---NCNTSAI-T---QA, 1.6566, 0
0.352963, -120.1196, 74, POINT, I, VKLTPLCVTLNCTNVTNNITD-------------------------------------DMRGEIKN----CSFNI-T-TE--LRD-KK-QKE-YALF-YKLDVVQINENNGNRSNNS------------------------------------------NKEYRLI---NCNTSAI-T---QA, 0.0477, 1
0.357602, -120.3609, 104, POINT, P, VKLTPLCVTLNCTNVTNNITD-------------------------------------DMRGEIKN----CSFNI-T-TE--LRD-KK-QKE-YALF-YKLDVVPINENNGNRSNNS------------------------------------------NKEYRLI---NCNTSAI-T---QA, 0.0477, 0
0.360245, -90.0833, 174, POINT, V, VKLTPLCVTLNCTNVTNNITD-------------------------------------DMRGEIKN----CSFNI-T-TE--LRD-KK-QKE-YALF-YKLDVVQINENNGNRSNNS------------------------------------------NKEYRLI---NCNTSVI-T---QA, 0.1851, 0
0.352440, -87.0975, 138, POINT, K, VKLTPLCVTLNCTNVTNNITD-------------------------------------DMRGEIKN----CSFNI-T-TE--LRD-KK-QKE-YALF-YKLDVVQINENNGNRSNNS---------------------S--------------------EKEYRLI---NCNTSAI-T---QA, 1.6280, 0
0.349243, -85.0634, 152, POINT, K, VKLTPLCVTLNCTNVTNNITD-------------------------------------DMRGEIKN----CSFNI-T-TE--LRD-KK-QKE-YALF-YKLDVVQINENNGNRSNND-----------------------------------K------KKEYRLI---NCNTSAI-T---QA, 1.6314, 0
0.345909, -112.3788, 127, POINT, K, VKLTPLCVTLNCTNVTNNITD-------------------------------------DMRGEIKN----CSFNV-T-TE--LRD-KK-QKE-YALF-YKLDVVQINENNGNRSNNS----------S-------------------------------DKEYRLI---NCNTSAI-T---QA, 1.6161, 0
0.345908, -105.1163, 122, POINT, K, VKLTPLCVTLNCTNVTNNITD-------------------------------------DMRGEIKN----CSFNV-T-TE--LRD-KK-QKE-YALF-YKLDVVQINENNGNRSNNE-----S------------------------------------TKEYRLI---NCNTSAI-T---QA, 1.6156, 0
0.353497, -94.1327, 174, POINT, V, VKLTPLCVTLNCTNVTNNITD-------------------------------------DMRGEIKN----CSFNV-T-TE--LRD-KK-QKE-YALF-YKLDVVQINENNGNRSNNS------------------------------------------NKEYRLI---NCNTSVI-T---QA, 0.1153, 0
0.347073, 2600.1800, 158, POINT, K, VKLTPLCVTLNCTNVTNNITD-------------------------------------DMRGEIKN----CSFNV-T-TE--LRD-KK-QKE-YALF-YKLDVVQINENNGNRSNNS-----------------------------------------VNKEYRLI---NCNTSAI-T---QA, 1.6527, 0
0.346653, -126.1838, 160, POINT, T, VKLTPLCVTLNCTNVTNNITD-------------------------------------DMRGEIKN----CSFNM-T-TE--LRD-KK-QKE-YALF-YKLDVVQINENNGNRSNNS------------------------------------------NTEYRLI---NCNTSAI-T---QA, 0.0196, 1
0.343971, -33.9346, 120, POINT, T, VKLTPLCVTLNCTNVTNNITD-------------------------------------DMRGEIKN----CSFNM-T-TE--LRD-KK-QKE-YALF-YKLDVVQINENNGNRSNNS---S--------------------------------------RTEYRLI---NCNTSAI-T---QA, 1.6337, 0
0.351292, -126.4251, 104, POINT, P, VKLTPLCVTLNCTNVTNNITD-------------------------------------DMRGEIKN----CSFNM-T-TE--LRD-KK-QKE-YALF-YKLDVVPINENNGNRSNNS------------------------------------------NTEYRLI---NCNTSAI-T---QA, 0.0196, 1
0.347127, -109.0821, 131, POINT, T, VKLTPLCVTLNCTNVTNNITD-------------------------------------DMRGEIKN----CSFNM-T-TE--LRD-KK-QKE-YALF-YKLDVVPINENNGNRSNNE--------------K---------------------------TTEYRLI---NCNTSAI-T---QA, 1.6114, 1
0.348382, -48.6354, 143, POINT, T, VKLTPLCVTLNCTNVTNNITD-------------------------------------DMRGEIKN----CSFNM-T-TE--LRD-KK-QKE-YALF-YKLDVVPINENNGNRSNNE--------------T-----------E---------------KTEYRLI---NCNTSAI-T---QA, 2.5688, 0
0.351798, -88.8191, 132, POINT, T, VKLTPLCVTLNCTNVTNNITD-------------------------------------DMRGEIKN----CSFNM-T-TE--LRD-KK-QKE-YALF-YKLDVVPINENNGNRSNNE--------------ND--------------------------STEYRLI---NCNTSAI-T---QA, 2.5892, 0
0.347750, 11.6955, 144, POINT, T, VKLTPLCVTLNCTNVTNNITD-------------------------------------DMRGEIKN----CSFNM-T-TE--LRD-KK-QKE-YALF-YKLDVVPINENNGNRSNNE--------------Q------------S--------------STEYRLI---NCNTSAI-T---QA, 2.5775, 0
0.348917, 1533.5655, 132, POINT, T, VKLTPLCVTLNCTNVTNNITD-------------------------------------DMRGEIKN----CSFNM-T-TE--LRD-KK-QKE-YALF-YKLDVVPINENNGNRSNNE--------------NV--------------------------KTEYRLI---NCNTSAI-T---QA, 2.6118, 0
0.362685, -120.0074, 74, POINT, I, VKLTPLCVTLNCTNVTNNITD-------------------------------------DMRGEIKN----CSFNI-T-TE--LRD-KK-QKE-YALF-YKLDVVPINENNGNRSNNS------------------------------------------NTEYRLI---NCNTSAI-T---QA, 0.0364, 0
0.346467, -119.2180, 129, POINT, T, VKLTPLCVTLNCTNVTNNITD-------------------------------------DMRGEIKN----CSFNM-T-TE--LRD-KK-QKE-YALF-YKLDVVPINENNGNRSNNK------------Q-----------------------------TTEYRLI---NCNTSAI-T---QA, 1.6087, 0
0.358574, -100.4422, 174, POINT, V, VKLTPLCVTLNCTNVTNNITD-------------------------------------DMRGEIKN----CSFNM-T-TE--LRD-KK-QKE-YALF-YKLDVVPINENNGNRSNNS------------------------------------------NTEYRLI---NCNTSVI-T---QA, 0.1419, 0
0.356118, -127.0683, 112, POINT, N, VKLTPLCVTLNCTNVTNNITD-------------------------------------DMRGEIKN----CSFNM-T-TE--LRD-KK-QKE-YALF-YKLDVVPINENNGNNSNNS------------------------------------------NTEYRLI---NCNTSAI-T---QA, 0.0196, 0
0.346693, 2546.5367, 117, POINT, T, VKLTPLCVTLNCTNVTNNITD-------------------------------------DMRGEIKN----CSFNM-T-TE--LRD-KK-QKE-YALF-YKLDVVQINENNGNRSNNSV-----------------------------------------NTEYRLI---NCNTSAI-T---QA, 1.6540, 0
0.353935, -99.7912, 174, POINT, V, VKLTPLCVTLNCTNVTNNITD-------------------------------------DMRGEIKN----CSFNM-T-TE--LRD-KK-QKE-YALF-YKLDVVQINENNGNRSNNS------------------------------------------NTEYRLI---NCNTSVI-T---QA, 0.1633, 0
0.344169, -82.1479, 126, POINT, T, VKLTPLCVTLNCTNVTNNITD-------------------------------------DMRGEIKN----CSFNM-T-TE--LRD-KK-QKE-YALF-YKLDVVQINENNGNRSNNS---------K--------------------------------STEYRLI---NCNTSAI-T---QA, 1.6277, 0
0.358046, -119.0124, 74, POINT, I, VKLTPLCVTLNCTNVTNNITD-------------------------------------DMRGEIKN----CSFNI-T-TE--LRD-KK-QKE-YALF-YKLDVVQINENNGNRSNNS------------------------------------------NTEYRLI---NCNTSAI-T---QA, 0.0372, 0
0.337550, -18.4865, 158, POINT, K, VKLTPLCVTLNCTNVTNNITD-------------------------------------DMRGEIKN----CSFNM-T-TE--LRD-KK-QKE-YALF-YKLDVVQINENNGNRSNNK-----------------------------------------KQKEYRLI---NCNTSAI-T---QA, 1.6163, 0
0.346214, -121.0903, 74, POINT, V, VKLTPLCVTLNCTNVTNNITD-------------------------------------DMRGEIKN----CSFNV-T-TE--LRD-KK-QKE-YALF-YKLDVVQINENNGNRSNNS------------------------------------------NKEYRLI---NCNTSAI-T---QA, 0.0350, 0
0.339601, -86.5162, 128, POINT, K, VKLTPLCVTLNCTNVTNNITD-------------------------------------DMRGEIKN----CSFNM-T-TE--LRD-KK-QKE-YALF-YKLDVVQINENNGNRSNNK-----------K------------------------------SKEYRLI---NCNTSAI-T---QA, 1.6245, 0
0.342085, -76.1499, 158, POINT, K, VKLTPLCVTLNCTNVTNNITD-------------------------------------DMRGEIKN----CSFNM-T-TE--LRD-KK-QKE-YALF-YKLDVVQINENNGNRSNNT-----------------------------------------ESKEYRLI---NCNTSAI-T---QA, 1.6226, 0
0.330221, 58.9706, 138, POINT, K, VKLTPLCVTLNCTNVTNNITD-------------------------------------DMRGEIKN----CSFNM-T-TE--LRD-KK-QKV-YALF-YKLDVVQINENNGNRSNNE---------------------K--------------------QKEYRLI---NCNTSAI-T---QA, 1.6179, 0
0.340595, -127.5179, 160, POINT, T, VKLTPLCVTLNCTNVTNNITD-------------------------------------DMRGEIKN----CSFNM-T-TE--LRD-KK-QKV-YALF-YKLDVVQINENNGNRSNNS------------------------------------------NTEYRLI---NCNTSAI-T---QA, 0.0000, 1
0.347619, -127.2068, 161, POINT, S, VKLTPLCVTLNCTNVTNNITD-------------------------------------DMRGEIKN----CSFNM-T-TE--LRD-KK-QKV-YALF-YKLDVVQINENNGNRSNNS------------------------------------------NTSYRLI---NCNTSAI-T---QA, 0.0000, 0
0.347619, -127.2068, 161, POINT, S, VKLTPLCVTLNCTNVTNNITD-------------------------------------DMRGEIKN----CSFNM-T-TE--LRD-KK-QKV-YALF-YKLDVVQINENNGNRSNNS------------------------------------------NTSYRLI---NCNTSAI-T---QA, 0.0000, 0
0.345234, -127.8654, 104, POINT, P, VKLTPLCVTLNCTNVTNNITD-------------------------------------DMRGEIKN----CSFNM-T-TE--LRD-KK-QKV-YALF-YKLDVVPINENNGNRSNNS------------------------------------------NTEYRLI---NCNTSAI-T---QA, 0.0168, 0
0.347619, -127.2068, 161, POINT, S, VKLTPLCVTLNCTNVTNNITD-------------------------------------DMRGEIKN----CSFNM-T-TE--LRD-KK-QKV-YALF-YKLDVVQINENNGNRSNNS------------------------------------------NTSYRLI---NCNTSAI-T---QA, 0.0000, 1
0.352258, -127.3545, 104, POINT, P, VKLTPLCVTLNCTNVTNNITD-------------------------------------DMRGEIKN----CSFNM-T-TE--LRD-KK-QKV-YALF-YKLDVVPINENNGNRSNNS------------------------------------------NTSYRLI---NCNTSAI-T---QA, 0.0000, 1
0.356652, -128.8479, 110, POINT, N, VKLTPLCVTLNCTNVTNNITD-------------------------------------DMRGEIKN----CSFNM-T-TE--LRD-KK-QKV-YALF-YKLDVVPINENNNNRSNNS------------------------------------------NTSYRLI---NCNTSAI-T---QA, 0.0000, 1
0.363934, -100.8240, 174, POINT, V, VKLTPLCVTLNCTNVTNNITD-------------------------------------DMRGEIKN----CSFNM-T-TE--LRD-KK-QKV-YALF-YKLDVVPINENNNNRSNNS------------------------------------------NTSYRLI---NCNTSVI-T---QA, 0.1448, 0
0.355796, 2543.0016, 134, POINT, T, VKLTPLCVTLNCTNVTNNITD-------------------------------------DMRGEIKN----CSFNM-T-TE--LRD-KK-QKV-YALF-YKLDVVPINENNNNRSNNS-----------------V------------------------NTSYRLI---NCNTSAI-T---QA, 1.6549, 0
0.348212, -78.9051, 125, POINT, T, VKLTPLCVTLNCTNVTNNITD-------------------------------------DMRGEIKN----CSFNM-T-TE--LRD-KK-QKV-YALF-YKLDVVPINENNNNRSNNS--------E---------------------------------ETSYRLI---NCNTSAI-T---QA, 1.6242, 0
0.359109, -119.5193, 144, POINT, T, VKLTPLCVTLNCTNVTNNITD-------------------------------------DMRGEIKN----CSFNM-T-TE--LRD-KK-QKV-YALF-YKLDVVPINENNNNRSNNS---------------------------S--------------NTSYRLI---NCNTSAI-T---QA, 1.6126, 1
0.353981, 1030.6220, 153, POINT, T, VKLTPLCVTLNCTNVTNNITD-------------------------------------DMRGEIKN----CSFNM-T-TE--LRD-KK-QKV-YALF-YKLDVVPINENNNNRSNNS---------------------------N--------V-----KTSYRLI---NCNTSAI-T---QA, 2.6132, 0
0.353981, 1031.5228, 153, POINT, T, VKLTPLCVTLNCTNVTNNITD-------------------------------------DMRGEIKN----CSFNM-T-TE--LRD-KK-QKV-YALF-YKLDVVPINENNNNRSNNS---------------------------N--------V-----KTSYRLI---NCNTSAI-T---QA, 2.6142, 0
0.365166, -117.9903, 91, POINT, E, VKLTPLCVTLNCTNVTNNITD-------------------------------------DMRGEIKN----CSFNM-T-TE--LRD-KK-QKE-YALF-YKLDVVPINENNNNRSNNS---------------------------S--------------NTSYRLI---NCNTSAI-T---QA, 1.6126, 0
0.366391, -92.5351, 174, POINT, V, VKLTPLCVTLNCTNVTNNITD-------------------------------------DMRGEIKN----CSFNM-T-TE--LRD-KK-QKV-YALF-YKLDVVPINENNNNRSNNS---------------------------S--------------NTSYRLI---NCNTSVI-T---QA, 1.6098, 0
0.361198, -129.0160, 107, POINT, N, VKLTPLCVTLNCTNVTNNITD-------------------------------------DMRGEIKN----CSFNM-T-TE--LRD-KK-QKV-YALF-YKLDVVPINNNNNNRSNNS------------------------------------------NTSYRLI---NCNTSAI-T---QA, 0.0000, 0
0.363934, -102.6419, 174, POINT, V, VKLTPLCVTLNCTNVTNNITD-------------------------------------DMRGEIKN----CSFNM-T-TE--LRD-KK-QKV-YALF-YKLDVVPINENNNNRSNNS------------------------------------------NTSYRLI---NCNTSVI-T---QA, 0.1274, 0
0.361296, -109.8675, 74, POINT, V, VKLTPLCVTLNCTNVTNNITD-------------------------------------DMRGEIKN----CSFNV-T-TE--LRD-KK-QKV-YALF-YKLDVVPINENNNNRSNNS------------------------------------------NTSYRLI---NCNTSAI-T---QA, 0.0602, 0
0.355318, -59.8879, 120, POINT, T, VKLTPLCVTLNCTNVTNNITD-------------------------------------DMRGEIKN----CSFNM-T-TE--LRD-KK-QKV-YALF-YKLDVVPINENNNNRSNNS---E--------------------------------------NTSYRLI---NCNTSAI-T---QA, 1.6232, 0
0.356598, -127.4673, 107, POINT, N, VKLTPLCVTLNCTNVTNNITD-------------------------------------DMRGEIKN----CSFNM-T-TE--LRD-KK-QKV-YALF-YKLDVVPINNNNGNRSNNS------------------------------------------NTSYRLI---NCNTSAI-T---QA, 0.0000, 1
0.361566, -128.1842, 112, POINT, N, VKLTPLCVTLNCTNVTNNITD-------------------------------------DMRGEIKN----CSFNM-T-TE--LRD-KK-QKV-YALF-YKLDVVPINNNNGNNSNNS------------------------------------------NTSYRLI---NCNTSAI-T---QA, 0.0143, 1
0.372959, -75.2447, 74, POINT, I, VKLTPLCVTLNCTNVTNNITD-------------------------------------DMRGEIKN----CSFNI-T-TE--LRD-KK-QKV-YALF-YKLDVVPINNNNGNNSNNS------------------------------------------NTSYRLI---NCNTSAI-T---QA, 0.0323, 0
0.368849, -102.5440, 174, POINT, V, VKLTPLCVTLNCTNVTNNITD-------------------------------------DMRGEIKN----CSFNM-T-TE--LRD-KK-QKV-YALF-YKLDVVPINNNNGNNSNNS------------------------------------------NTSYRLI---NCNTSVI-T---QA, 0.1393, 0
0.355980, -60.4512, 125, POINT, T, VKLTPLCVTLNCTNVTNNITD-------------------------------------DMRGEIKN----CSFNM-T-TE--LRD-KK-QKV-YALF-YKLDVVPINNNNGNNSNNS--------E---------------------------------STSYRLI---NCNTSAI-T---QA, 1.6260, 0
0.372959, -75.0457, 74, POINT, I, VKLTPLCVTLNCTNVTNNITD-------------------------------------DMRGEIKN----CSFNI-T-TE--LRD-KK-QKV-YALF-YKLDVVPINNNNGNNSNNS------------------------------------------NTSYRLI---NCNTSAI-T---QA, 0.0234, 0
0.361198, -129.1474, 110, POINT, N, VKLTPLCVTLNCTNVTNNITD-------------------------------------DMRGEIKN----CSFNM-T-TE--LRD-KK-QKV-YALF-YKLDVVPINNNNNNRSNNS------------------------------------------NTSYRLI---NCNTSAI-T---QA, 0.0218, 1
0.372591, -75.7974, 74, POINT, I, VKLTPLCVTLNCTNVTNNITD-------------------------------------DMRGEIKN----CSFNI-T-TE--LRD-KK-QKV-YALF-YKLDVVPINNNNNNRSNNS------------------------------------------NTSYRLI---NCNTSAI-T---QA, 0.0351, 0
0.368480, -100.4013, 174, POINT, V, VKLTPLCVTLNCTNVTNNITD-------------------------------------DMRGEIKN----CSFNM-T-TE--LRD-KK-QKV-YALF-YKLDVVPINNNNNNRSNNS------------------------------------------NTSYRLI---NCNTSVI-T---QA, 0.1517, 0
0.367256, -127.6092, 91, POINT, E, VKLTPLCVTLNCTNVTNNITD-------------------------------------DMRGEIKN----CSFNM-T-TE--LRD-KK-QKE-YALF-YKLDVVPINNNNNNRSNNS------------------------------------------NTSYRLI---NCNTSAI-T---QA, 0.0218, 1
0.362298, -104.2945, 143, POINT, T, VKLTPLCVTLNCTNVTNNITD-------------------------------------DMRGEIKN----CSFNM-T-TE--LRD-KK-QKE-YALF-YKLDVVPINNNNNNRSNNE--------------------------S---------------TTSYRLI---NCNTSAI-T---QA, 1.6144, 0
0.359166, -79.9144, 150, POINT, T, VKLTPLCVTLNCTNVTNNITD-------------------------------------DMRGEIKN----CSFNM-T-TE--LRD-KK-QKE-YALF-YKLDVVPINNNNNNRSNNS---------------------------------E--------KTSYRLI---NCNTSAI-T---QA, 1.6274, 0
0.365049, -74.1167, 133, POINT, T, VKLTPLCVTLNCTNVTNNITD-------------------------------------DMRGEIKN----CSFNM-T-TE--LRD-KK-QKE-YALF-YKLDVVPINNNNNNRSNNN----------------K-------------------------TTSYRLI---NCNTSAI-T---QA, 1.6159, 0
0.378648, -120.1240, 74, POINT, I, VKLTPLCVTLNCTNVTNNITD-------------------------------------DMRGEIKN----CSFNI-T-TE--LRD-KK-QKE-YALF-YKLDVVPINNNNNNRSNNS------------------------------------------NTSYRLI---NCNTSAI-T---QA, 0.0577, 0
0.360342, 2543.8239, 120, POINT, T, VKLTPLCVTLNCTNVTNNITD-------------------------------------DMRGEIKN----CSFNM-T-TE--LRD-KK-QKV-YALF-YKLDVVPINNNNNNRSNNS---V--------------------------------------NTSYRLI---NCNTSAI-T---QA, 1.6540, 0
0.353109, -120.7910, 144, POINT, T, VKLTPLCVTLNCTNVTNNITD-------------------------------------DMRGEIKN----CSFNM-T-TE--LRD-KK-QKV-YALF-YKLDVVPINNNNNNRSNNS---------------------------E--------------KTSYRLI---NCNTSAI-T---QA, 1.6111, 0
0.352799, -95.3182, 133, POINT, T, VKLTPLCVTLNCTNVTNNITD-------------------------------------DMRGEIKN----CSFNM-T-TE--LRD-KK-QKV-YALF-YKLDVVPINNNNNNRSNNT----------------Q-------------------------QTSYRLI---NCNTSAI-T---QA, 1.6219, 0
0.365442, -128.7725, 112, POINT, S, VKLTPLCVTLNCTNVTNNITD-------------------------------------DMRGEIKN----CSFNM-T-TE--LRD-KK-QKV-YALF-YKLDVVPINNNNNNSSNNS------------------------------------------NTSYRLI---NCNTSAI-T---QA, 0.0218, 1
0.356895, -106.3427, 158, POINT, T, VKLTPLCVTLNCTNVTNNITD-------------------------------------DMRGEIKN----CSFNM-T-TE--LRD-KK-QKV-YALF-YKLDVVPINNNNNNSSNNE-----------------------------------------ESTSYRLI---NCNTSAI-T---QA, 1.6116, 0
0.363338, -89.1329, 117, POINT, T, VKLTPLCVTLNCTNVTNNITD-------------------------------------DMRGEIKN----CSFNM-T-TE--LRD-KK-QKV-YALF-YKLDVVPINNNNNNSSNNNK-----------------------------------------TTSYRLI---NCNTSAI-T---QA, 1.6151, 0
0.357005, -121.8914, 152, POINT, T, VKLTPLCVTLNCTNVTNNITD-------------------------------------DMRGEIKN----CSFNM-T-TE--LRD-KK-QKV-YALF-YKLDVVPINNNNNNSSNNS-----------------------------------K------QTSYRLI---NCNTSAI-T---QA, 1.6062, 0
0.366910, 62.0776, 158, POINT, T, VKLTPLCVTLNCTNVTNNITD-------------------------------------DMRGEIKN----CSFNM-T-TE--LRD-KK-QKV-YALF-YKLDVVPINNNNNNSSNNS-----------------------------------------DNTSYRLI---NCNTSAI-T---QA, 1.6565, 0
0.355863, -69.8617, 123, POINT, T, VKLTPLCVTLNCTNVTNNITD-------------------------------------DMRGEIKN----CSFNM-T-TE--LRD-KK-QKV-YALF-YKLDVVPINNNNNNRSNNS------K-----------------------------------STSYRLI---NCNTSAI-T---QA, 1.6251, 0
0.368480, -104.1118, 174, POINT, V, VKLTPLCVTLNCTNVTNNITD-------------------------------------DMRGEIKN----CSFNM-T-TE--LRD-KK-QKV-YALF-YKLDVVPINNNNNNRSNNS------------------------------------------NTSYRLI---NCNTSVI-T---QA, 0.1749, 0
0.353813, -120.9836, 125, POINT, T, VKLTPLCVTLNCTNVTNNITD-------------------------------------DMRGEIKN----CSFNM-T-TE--LRD-KK-QKV-YALF-YKLDVVPINNNNNNRSNNS--------K---------------------------------KTSYRLI---NCNTSAI-T---QA, 1.6152, 1
0.365206, -69.4007, 74, POINT, I, VKLTPLCVTLNCTNVTNNITD-------------------------------------DMRGEIKN----CSFNI-T-TE--LRD-KK-QKV-YALF-YKLDVVPINNNNNNRSNNS--------K---------------------------------KTSYRLI---NCNTSAI-T---QA, 1.6089, 0
0.360841, -120.8689, 159, POINT, N, VKLTPLCVTLNCTNVTNNITD-------------------------------------DMRGEIKN----CSFNM-T-TE--LRD-KK-QKV-YALF-YKLDVVPINNNNNNRSNNS--------K---------------------------------NTSYRLI---NCNTSAI-T---QA, 1.6152, 1
0.358686, 170.7727, 129, POINT, T, VKLTPLCVTLNCTNVTNNITD-------------------------------------DMRGEIKN----CSFNM-T-TE--LRD-KK-QKV-YALF-YKLDVVPINNNNNNRSNNS--------Q---T-----------------------------STSYRLI---NCNTSAI-T---QA, 2.5704, 0
0.360392, 230.2321, 134, POINT, T, VKLTPLCVTLNCTNVTNNITD-------------------------------------DMRGEIKN----CSFNM-T-TE--LRD-KK-QKV-YALF-YKLDVVPINNNNNNRSNNS--------T--------E------------------------STSYRLI---NCNTSAI-T---QA, 2.5700, 0
0.358527, 1003.3516, 144, POINT, T, VKLTPLCVTLNCTNVTNNITD-------------------------------------DMRGEIKN----CSFNM-T-TE--LRD-KK-QKV-YALF-YKLDVVPINNNNNNRSNNS--------N------------------V--------------KTSYRLI---NCNTSAI-T---QA, 2.6166, 0
0.358527, 1004.2562, 127, POINT, T, VKLTPLCVTLNCTNVTNNITD-------------------------------------DMRGEIKN----CSFNM-T-TE--LRD-KK-QKV-YALF-YKLDVVPINNNNNNRSNNS--------N-V-------------------------------KTSYRLI---NCNTSAI-T---QA, 2.6148, 0
0.358527, 1004.4113, 136, POINT, T, VKLTPLCVTLNCTNVTNNITD-------------------------------------DMRGEIKN----CSFNM-T-TE--LRD-KK-QKV-YALF-YKLDVVPINNNNNNRSNNS--------N----------V----------------------KTSYRLI---NCNTSAI-T---QA, 2.6165, 0
0.366672, 221.4848, 145, POINT, T, VKLTPLCVTLNCTNVTNNITD-------------------------------------DMRGEIKN----CSFNM-T-TE--LRD-KK-QKV-YALF-YKLDVVPINNNNNNRSNNS--------T-------------------N-------------STSYRLI---NCNTSAI-T---QA, 2.5805, 0
0.359871, -119.6007, 91, POINT, E, VKLTPLCVTLNCTNVTNNITD-------------------------------------DMRGEIKN----CSFNM-T-TE--LRD-KK-QKE-YALF-YKLDVVPINNNNNNRSNNS--------K---------------------------------KTSYRLI---NCNTSAI-T---QA, 1.6099, 0
0.367757, -121.6936, 134, POINT, T, VKLTPLCVTLNCTNVTNNITD-------------------------------------DMRGEIKN----CSFNM-T-TE--LRD-KK-QKV-YALF-YKLDVVPINNNNNNRSNNS--------S--------T------------------------NTSYRLI---NCNTSAI-T---QA, 2.5594, 0
0.356926, -86.6411, 119, POINT, T, VKLTPLCVTLNCTNVTNNITD-------------------------------------DMRGEIKN----CSFNM-T-TE--LRD-KK-QKV-YALF-YKLDVVPINNNNNNRSNNT--E---------------------------------------STSYRLI---NCNTSAI-T---QA, 1.6243, 0
0.367256, -127.6092, 91, POINT, E, VKLTPLCVTLNCTNVTNNITD-------------------------------------DMRGEIKN----CSFNM-T-TE--LRD-KK-QKE-YALF-YKLDVVPINNNNNNRSNNS------------------------------------------NTSYRLI---NCNTSAI-T---QA, 0.0218, 0
0.360342, 2543.0316, 153, POINT, T, VKLTPLCVTLNCTNVTNNITD-------------------------------------DMRGEIKN----CSFNM-T-TE--LRD-KK-QKV-YALF-YKLDVVPINNNNNNRSNNS------------------------------------V-----NTSYRLI---NCNTSAI-T---QA, 1.6511, 0
0.372591, -76.7680, 74, POINT, I, VKLTPLCVTLNCTNVTNNITD-------------------------------------DMRGEIKN----CSFNI-T-TE--LRD-KK-QKV-YALF-YKLDVVPINNNNNNRSNNS------------------------------------------NTSYRLI---NCNTSAI-T---QA, 0.0368, 0
0.363881, -101.8877, 174, POINT, V, VKLTPLCVTLNCTNVTNNITD-------------------------------------DMRGEIKN----CSFNM-T-TE--LRD-KK-QKV-YALF-YKLDVVPINNNNGNRSNNS------------------------------------------NTSYRLI---NCNTSVI-T---QA, 0.1394, 0
0.355577, -84.0036, 120, POINT, T, VKLTPLCVTLNCTNVTNNITD-------------------------------------DMRGEIKN----CSFNM-T-TE--LRD-KK-QKV-YALF-YKLDVVPINNNNGNRSNNS---T--------------------------------------STSYRLI---NCNTSAI-T---QA, 1.6258, 0
0.352827, 21.2892, 119, POINT, T, VKLTPLCVTLNCTNVTNNITD-------------------------------------DMRGEIKN----CSFNM-T-TE--LRD-KK-QKV-YALF-YKLDVVPINNNNGNRSNNS--T---------------------------------------KTSYRLI---NCNTSAI-T---QA, 1.6556, 0
0.352822, -100.1947, 120, POINT, T, VKLTPLCVTLNCTNVTNNITD-------------------------------------DMRGEIKN----CSFNM-T-TE--LRD-KK-QKV-YALF-YKLDVVPINNNNGNRSNNT---K--------------------------------------STSYRLI---NCNTSAI-T---QA, 1.6261, 0
0.356598, -127.4673, 107, POINT, N, VKLTPLCVTLNCTNVTNNITD-------------------------------------DMRGEIKN----CSFNM-T-TE--LRD-KK-QKV-YALF-YKLDVVPINNNNGNRSNNS------------------------------------------NTSYRLI---NCNTSAI-T---QA, 0.0000, 0
0.351512, 2541.9737, 133, POINT, T, VKLTPLCVTLNCTNVTNNITD-------------------------------------DMRGEIKN----CSFNM-T-TE--LRD-KK-QKV-YALF-YKLDVVPINENNGNRSNNS----------------V-------------------------NTSYRLI---NCNTSAI-T---QA, 1.6539, 0
0.347752, -87.0274, 120, POINT, T, VKLTPLCVTLNCTNVTNNITD-------------------------------------DMRGEIKN----CSFNM-T-TE--LRD-KK-QKV-YALF-YKLDVVPINENNGNRSNNK---S--------------------------------------TTSYRLI---NCNTSAI-T---QA, 1.6203, 0
0.359540, -100.3153, 174, POINT, V, VKLTPLCVTLNCTNVTNNITD-------------------------------------DMRGEIKN----CSFNM-T-TE--LRD-KK-QKV-YALF-YKLDVVPINENNGNRSNNS------------------------------------------NTSYRLI---NCNTSVI-T---QA, 0.1688, 0
