Name base = V1V2_70_exp_6_0_ni
Iters = 70
Soft coverage = 0.284621885725
Energy = -131.596200192
Hard Covereage = 0.0368019545157
Num epitopes = 65
Initial seq = VKLTPLCVTLQCTNVTNNITD-------------------------------------DMRGELKN----CSFNM-T-TE--LRD-KK-QKV-YSLF-YRLDVVQINENQGNRSNNS------------------------------------------NKEYRLI---NCNTSAI-T---QA
-------START OF DATA------
0.299808, -129.9765, [94, 99], CHUNK, ['A', 'K'], VKLTPLCVTLQCTNVTNNITD-------------------------------------DMRGELKN----CSFNM-T-TE--LRD-KK-QKV-YALF-YKLDVVQINENQGNRSNNS------------------------------------------NKEYRLI---NCNTSAI-T---QA, 0.0000, 1
0.309779, -84.2411, [74], CHUNK, ['I'], VKLTPLCVTLQCTNVTNNITD-------------------------------------DMRGELKN----CSFNI-T-TE--LRD-KK-QKV-YALF-YKLDVVQINENQGNRSNNS------------------------------------------NKEYRLI---NCNTSAI-T---QA, 0.3020, 0
0.322287, -127.1020, [10, 14], CHUNK, ['N', 'I'], VKLTPLCVTLNCTNITNNITD-------------------------------------DMRGELKN----CSFNM-T-TE--LRD-KK-QKV-YALF-YKLDVVQINENQGNRSNNS------------------------------------------NKEYRLI---NCNTSAI-T---QA, 0.0000, 1
0.332621, -122.8671, [59, 60, 63], CHUNK, ['E', 'K', 'I'], VKLTPLCVTLNCTNITNNITD-------------------------------------DEKGEIKN----CSFNM-T-TE--LRD-KK-QKV-YALF-YKLDVVQINENQGNRSNNS------------------------------------------NKEYRLI---NCNTSAI-T---QA, 0.0000, 1
0.334038, -124.0041, 16, POINT, T, VKLTPLCVTLNCTNITTNITD-------------------------------------DEKGEIKN----CSFNM-T-TE--LRD-KK-QKV-YALF-YKLDVVQINENQGNRSNNS------------------------------------------NKEYRLI---NCNTSAI-T---QA, 0.0505, 0
0.336232, -122.9800, 107, POINT, N, VKLTPLCVTLNCTNITNNITD-------------------------------------DEKGEIKN----CSFNM-T-TE--LRD-KK-QKV-YALF-YKLDVVQINNNQGNRSNNS------------------------------------------NKEYRLI---NCNTSAI-T---QA, 0.0000, 1
0.347625, -86.6136, [74], CHUNK, ['I'], VKLTPLCVTLNCTNITNNITD-------------------------------------DEKGEIKN----CSFNI-T-TE--LRD-KK-QKV-YALF-YKLDVVQINNNQGNRSNNS------------------------------------------NKEYRLI---NCNTSAI-T---QA, 0.2565, 0
0.339196, -122.9788, 160, POINT, N, VKLTPLCVTLNCTNITNNITD-------------------------------------DEKGEIKN----CSFNM-T-TE--LRD-KK-QKV-YALF-YKLDVVQINNNQGNRSNNS------------------------------------------NNEYRLI---NCNTSAI-T---QA, 0.0507, 1
0.346478, -101.1852, [174], CHUNK, ['V'], VKLTPLCVTLNCTNITNNITD-------------------------------------DEKGEIKN----CSFNM-T-TE--LRD-KK-QKV-YALF-YKLDVVQINNNQGNRSNNS------------------------------------------NNEYRLI---NCNTSVI-T---QA, 0.3151, 0
0.341386, -121.2649, 18, POINT, N, VKLTPLCVTLNCTNITNNNTD-------------------------------------DEKGEIKN----CSFNM-T-TE--LRD-KK-QKV-YALF-YKLDVVQINNNQGNRSNNS------------------------------------------NNEYRLI---NCNTSAI-T---QA, 0.0507, 0
0.343835, -123.3218, 104, POINT, P, VKLTPLCVTLNCTNITNNITD-------------------------------------DEKGEIKN----CSFNM-T-TE--LRD-KK-QKV-YALF-YKLDVVPINNNQGNRSNNS------------------------------------------NNEYRLI---NCNTSAI-T---QA, 0.0507, 0
0.343835, -123.4188, 104, POINT, P, VKLTPLCVTLNCTNITNNITD-------------------------------------DEKGEIKN----CSFNM-T-TE--LRD-KK-QKV-YALF-YKLDVVPINNNQGNRSNNS------------------------------------------NNEYRLI---NCNTSAI-T---QA, 0.0522, 1
0.345508, -27.2703, 82, POINT, I, VKLTPLCVTLNCTNITNNITD-------------------------------------DEKGEIKN----CSFNM-T-TE--IRD-KK-QKV-YALF-YKLDVVPINNNQGNRSNNS------------------------------------------NNEYRLI---NCNTSAI-T---QA, 0.1917, 0
0.348891, -123.2656, 161, POINT, S, VKLTPLCVTLNCTNITNNITD-------------------------------------DEKGEIKN----CSFNM-T-TE--LRD-KK-QKV-YALF-YKLDVVPINNNQGNRSNNS------------------------------------------NNSYRLI---NCNTSAI-T---QA, 0.0493, 1
0.355230, -121.1688, [87, 91], CHUNK, ['V', 'E'], VKLTPLCVTLNCTNITNNITD-------------------------------------DEKGEIKN----CSFNM-T-TE--LRD-KV-QKE-YALF-YKLDVVPINNNQGNRSNNS------------------------------------------NNSYRLI---NCNTSAI-T---QA, 0.0518, 0
0.360284, -64.9490, [74], CHUNK, ['I'], VKLTPLCVTLNCTNITNNITD-------------------------------------DEKGEIKN----CSFNI-T-TE--LRD-KK-QKV-YALF-YKLDVVPINNNQGNRSNNS------------------------------------------NNSYRLI---NCNTSAI-T---QA, 0.5339, 0
0.356901, -100.2472, [169, 174], CHUNK, ['S', 'V'], VKLTPLCVTLNCTNITNNITD-------------------------------------DEKGEIKN----CSFNM-T-TE--LRD-KK-QKV-YALF-YKLDVVPINNNQGNRSNNS------------------------------------------NNSYRLI---SCNTSVI-T---QA, 0.2205, 0
0.348940, -121.7270, 58, POINT, M, VKLTPLCVTLNCTNITNNITD-------------------------------------MEKGEIKN----CSFNM-T-TE--LRD-KK-QKV-YALF-YKLDVVPINNNQGNRSNNS------------------------------------------NNSYRLI---NCNTSAI-T---QA, 0.0493, 0
0.348217, -122.4040, 109, POINT, S, VKLTPLCVTLNCTNITNNITD-------------------------------------DEKGEIKN----CSFNM-T-TE--LRD-KK-QKV-YALF-YKLDVVPINNNSGNRSNNS------------------------------------------NNEYRLI---NCNTSAI-T---QA, 0.0522, 0
0.345508, -1.2288, 82, POINT, I, VKLTPLCVTLNCTNITNNITD-------------------------------------DEKGEIKN----CSFNM-T-TE--IRD-KK-QKV-YALF-YKLDVVPINNNQGNRSNNS------------------------------------------NNEYRLI---NCNTSAI-T---QA, 0.1849, 0
0.351118, -105.8084, [174], CHUNK, ['V'], VKLTPLCVTLNCTNITNNITD-------------------------------------DEKGEIKN----CSFNM-T-TE--LRD-KK-QKV-YALF-YKLDVVPINNNQGNRSNNS------------------------------------------NNEYRLI---NCNTSVI-T---QA, 0.3074, 0
0.355228, -115.2242, [74], CHUNK, ['I'], VKLTPLCVTLNCTNITNNITD-------------------------------------DEKGEIKN----CSFNI-T-TE--LRD-KK-QKV-YALF-YKLDVVPINNNQGNRSNNS------------------------------------------NNEYRLI---NCNTSAI-T---QA, 0.3530, 0
0.345253, -121.5624, 91, POINT, E, VKLTPLCVTLNCTNITNNITD-------------------------------------DEKGEIKN----CSFNM-T-TE--LRD-KK-QKE-YALF-YKLDVVQINNNQGNRSNNS------------------------------------------NNEYRLI---NCNTSAI-T---QA, 0.0459, 1
0.347444, -119.8466, 18, POINT, N, VKLTPLCVTLNCTNITNNNTD-------------------------------------DEKGEIKN----CSFNM-T-TE--LRD-KK-QKE-YALF-YKLDVVQINNNQGNRSNNS------------------------------------------NNEYRLI---NCNTSAI-T---QA, 0.0459, 0
0.350309, -121.2283, 161, POINT, S, VKLTPLCVTLNCTNITNNITD-------------------------------------DEKGEIKN----CSFNM-T-TE--LRD-KK-QKE-YALF-YKLDVVQINNNQGNRSNNS------------------------------------------NNSYRLI---NCNTSAI-T---QA, 0.0459, 0
0.350309, -121.2283, 161, POINT, S, VKLTPLCVTLNCTNITNNITD-------------------------------------DEKGEIKN----CSFNM-T-TE--LRD-KK-QKE-YALF-YKLDVVQINNNQGNRSNNS------------------------------------------NNSYRLI---NCNTSAI-T---QA, 0.0459, 0
0.350368, -120.6135, [159, 160, 161], CHUNK, ['S', 'T', 'S'], VKLTPLCVTLNCTNITNNITD-------------------------------------DEKGEIKN----CSFNM-T-TE--LRD-KK-QKE-YALF-YKLDVVQINNNQGNRSNNS------------------------------------------STSYRLI---NCNTSAI-T---QA, 0.0459, 0
0.346478, -106.0935, [174], CHUNK, ['V'], VKLTPLCVTLNCTNITNNITD-------------------------------------DEKGEIKN----CSFNM-T-TE--LRD-KK-QKV-YALF-YKLDVVQINNNQGNRSNNS------------------------------------------NNEYRLI---NCNTSVI-T---QA, 0.2171, 0
0.348339, -122.7218, [160, 161], CHUNK, ['T', 'S'], VKLTPLCVTLNCTNITNNITD-------------------------------------DEKGEIKN----CSFNM-T-TE--LRD-KK-QKV-YALF-YKLDVVQINNNQGNRSNNS------------------------------------------NTSYRLI---NCNTSAI-T---QA, 0.0507, 0
0.345253, -121.4305, 91, POINT, E, VKLTPLCVTLNCTNITNNITD-------------------------------------DEKGEIKN----CSFNM-T-TE--LRD-KK-QKE-YALF-YKLDVVQINNNQGNRSNNS------------------------------------------NNEYRLI---NCNTSAI-T---QA, 0.0507, 1
0.345534, -120.8823, 87, POINT, V, VKLTPLCVTLNCTNITNNITD-------------------------------------DEKGEIKN----CSFNM-T-TE--LRD-KV-QKE-YALF-YKLDVVQINNNQGNRSNNS------------------------------------------NNEYRLI---NCNTSAI-T---QA, 0.0507, 0
0.353046, -116.3046, [74, 79], CHUNK, ['I', 'T'], VKLTPLCVTLNCTNITNNITD-------------------------------------DEKGEIKN----CSFNI-T-TT--LRD-KK-QKE-YALF-YKLDVVQINNNQGNRSNNS------------------------------------------NNEYRLI---NCNTSAI-T---QA, 0.1295, 0
0.345969, -120.9270, 58, POINT, E, VKLTPLCVTLNCTNITNNITD-------------------------------------EEKGEIKN----CSFNM-T-TE--LRD-KK-QKE-YALF-YKLDVVQINNNQGNRSNNS------------------------------------------NNEYRLI---NCNTSAI-T---QA, 0.0507, 0
0.354397, -121.1736, [160, 161], CHUNK, ['T', 'S'], VKLTPLCVTLNCTNITNNITD-------------------------------------DEKGEIKN----CSFNM-T-TE--LRD-KK-QKE-YALF-YKLDVVQINNNQGNRSNNS------------------------------------------NTSYRLI---NCNTSAI-T---QA, 0.0507, 0
0.345253, -121.4305, 91, POINT, E, VKLTPLCVTLNCTNITNNITD-------------------------------------DEKGEIKN----CSFNM-T-TE--LRD-KK-QKE-YALF-YKLDVVQINNNQGNRSNNS------------------------------------------NNEYRLI---NCNTSAI-T---QA, 0.0507, 1
0.356646, -111.4318, [74], CHUNK, ['I'], VKLTPLCVTLNCTNITNNITD-------------------------------------DEKGEIKN----CSFNI-T-TE--LRD-KK-QKE-YALF-YKLDVVQINNNQGNRSNNS------------------------------------------NNEYRLI---NCNTSAI-T---QA, 0.2465, 0
0.356646, -112.8137, [74], CHUNK, ['I'], VKLTPLCVTLNCTNITNNITD-------------------------------------DEKGEIKN----CSFNI-T-TE--LRD-KK-QKE-YALF-YKLDVVQINNNQGNRSNNS------------------------------------------NNEYRLI---NCNTSAI-T---QA, 0.2036, 0
0.352536, -101.2699, [174], CHUNK, ['V'], VKLTPLCVTLNCTNITNNITD-------------------------------------DEKGEIKN----CSFNM-T-TE--LRD-KK-QKE-YALF-YKLDVVQINNNQGNRSNNS------------------------------------------NNEYRLI---NCNTSVI-T---QA, 0.2641, 0
0.352536, -102.3378, [174], CHUNK, ['V'], VKLTPLCVTLNCTNITNNITD-------------------------------------DEKGEIKN----CSFNM-T-TE--LRD-KK-QKE-YALF-YKLDVVQINNNQGNRSNNS------------------------------------------NNEYRLI---NCNTSVI-T---QA, 0.2934, 0
0.346478, -104.9763, [174], CHUNK, ['V'], VKLTPLCVTLNCTNITNNITD-------------------------------------DEKGEIKN----CSFNM-T-TE--LRD-KK-QKV-YALF-YKLDVVQINNNQGNRSNNS------------------------------------------NNEYRLI---NCNTSVI-T---QA, 0.3796, 0
0.340868, -6.7080, 82, POINT, I, VKLTPLCVTLNCTNITNNITD-------------------------------------DEKGEIKN----CSFNM-T-TE--IRD-KK-QKV-YALF-YKLDVVQINNNQGNRSNNS------------------------------------------NNEYRLI---NCNTSAI-T---QA, 0.2764, 0
0.340868, -14.8629, 82, POINT, I, VKLTPLCVTLNCTNITNNITD-------------------------------------DEKGEIKN----CSFNM-T-TE--IRD-KK-QKV-YALF-YKLDVVQINNNQGNRSNNS------------------------------------------NNEYRLI---NCNTSAI-T---QA, 0.2777, 0
0.345253, -121.5083, 91, POINT, E, VKLTPLCVTLNCTNITNNITD-------------------------------------DEKGEIKN----CSFNM-T-TE--LRD-KK-QKE-YALF-YKLDVVQINNNQGNRSNNS------------------------------------------NNEYRLI---NCNTSAI-T---QA, 0.0496, 0
0.347625, -82.6282, [74], CHUNK, ['I'], VKLTPLCVTLNCTNITNNITD-------------------------------------DEKGEIKN----CSFNI-T-TE--LRD-KK-QKV-YALF-YKLDVVQINNNQGNRSNNS------------------------------------------NKEYRLI---NCNTSAI-T---QA, 0.4332, 0
0.342290, -121.9382, 91, POINT, E, VKLTPLCVTLNCTNITNNITD-------------------------------------DEKGEIKN----CSFNM-T-TE--LRD-KK-QKE-YALF-YKLDVVQINNNQGNRSNNS------------------------------------------NKEYRLI---NCNTSAI-T---QA, 0.0702, 1
0.354397, -121.6678, [160, 161], CHUNK, ['T', 'S'], VKLTPLCVTLNCTNITNNITD-------------------------------------DEKGEIKN----CSFNM-T-TE--LRD-KK-QKE-YALF-YKLDVVQINNNQGNRSNNS------------------------------------------NTSYRLI---NCNTSAI-T---QA, 0.0627, 1
0.356587, -119.9561, 18, POINT, N, VKLTPLCVTLNCTNITNNNTD-------------------------------------DEKGEIKN----CSFNM-T-TE--LRD-KK-QKE-YALF-YKLDVVQINNNQGNRSNNS------------------------------------------NTSYRLI---NCNTSAI-T---QA, 0.0627, 0
0.355112, -121.1642, [58], CHUNK, ['E'], VKLTPLCVTLNCTNITNNITD-------------------------------------EEKGEIKN----CSFNM-T-TE--LRD-KK-QKE-YALF-YKLDVVQINNNQGNRSNNS------------------------------------------NTSYRLI---NCNTSAI-T---QA, 0.0627, 0
0.355294, -120.6537, 18, POINT, S, VKLTPLCVTLNCTNITNNSTD-------------------------------------DEKGEIKN----CSFNM-T-TE--LRD-KK-QKE-YALF-YKLDVVQINNNQGNRSNNS------------------------------------------NTSYRLI---NCNTSAI-T---QA, 0.0611, 0
0.361679, -103.7541, [174], CHUNK, ['V'], VKLTPLCVTLNCTNITNNITD-------------------------------------DEKGEIKN----CSFNM-T-TE--LRD-KK-QKE-YALF-YKLDVVQINNNQGNRSNNS------------------------------------------NTSYRLI---NCNTSVI-T---QA, 0.3565, 0
0.344633, -122.3785, 20, POINT, N, VKLTPLCVTLNCTNITNNITN-------------------------------------DEKGEIKN----CSFNM-T-TE--LRD-KK-QKE-YALF-YKLDVVQINNNQGNRSNNS------------------------------------------NKEYRLI---NCNTSAI-T---QA, 0.0702, 0
0.345046, -118.7750, 20, POINT, T, VKLTPLCVTLNCTNITNNITT-------------------------------------DEKGEIKN----CSFNM-T-TE--LRD-KK-QKE-YALF-YKLDVVQINNNQGNRSNNS------------------------------------------NKEYRLI---NCNTSAI-T---QA, 0.0702, 0
0.347373, -121.6239, 160, POINT, T, VKLTPLCVTLNCTNITNNITD-------------------------------------DEKGEIKN----CSFNM-T-TE--LRD-KK-QKE-YALF-YKLDVVQINNNQGNRSNNS------------------------------------------NTEYRLI---NCNTSAI-T---QA, 0.0695, 0
0.347373, -121.3619, 160, POINT, T, VKLTPLCVTLNCTNITNNITD-------------------------------------DEKGEIKN----CSFNM-T-TE--LRD-KK-QKE-YALF-YKLDVVQINNNQGNRSNNS------------------------------------------NTEYRLI---NCNTSAI-T---QA, 0.0702, 1
0.354397, -121.0507, [161], CHUNK, ['S'], VKLTPLCVTLNCTNITNNITD-------------------------------------DEKGEIKN----CSFNM-T-TE--LRD-KK-QKE-YALF-YKLDVVQINNNQGNRSNNS------------------------------------------NTSYRLI---NCNTSAI-T---QA, 0.0702, 0
0.354655, -100.2954, [174], CHUNK, ['V'], VKLTPLCVTLNCTNITNNITD-------------------------------------DEKGEIKN----CSFNM-T-TE--LRD-KK-QKE-YALF-YKLDVVQINNNQGNRSNNS------------------------------------------NTEYRLI---NCNTSVI-T---QA, 0.3315, 0
0.352017, -117.4045, 74, POINT, V, VKLTPLCVTLNCTNITNNITD-------------------------------------DEKGEIKN----CSFNV-T-TE--LRD-KK-QKE-YALF-YKLDVVQINNNQGNRSNNS------------------------------------------NTEYRLI---NCNTSAI-T---QA, 0.0990, 0
0.354655, -102.8893, 174, POINT, V, VKLTPLCVTLNCTNITNNITD-------------------------------------DEKGEIKN----CSFNM-T-TE--LRD-KK-QKE-YALF-YKLDVVQINNNQGNRSNNS------------------------------------------NTEYRLI---NCNTSVI-T---QA, 0.1586, 0
0.344480, -120.2259, 18, POINT, N, VKLTPLCVTLNCTNITNNNTD-------------------------------------DEKGEIKN----CSFNM-T-TE--LRD-KK-QKE-YALF-YKLDVVQINNNQGNRSNNS------------------------------------------NKEYRLI---NCNTSAI-T---QA, 0.0702, 0
0.354397, -121.4727, [160, 161], CHUNK, ['T', 'S'], VKLTPLCVTLNCTNITNNITD-------------------------------------DEKGEIKN----CSFNM-T-TE--LRD-KK-QKE-YALF-YKLDVVQINNNQGNRSNNS------------------------------------------NTSYRLI---NCNTSAI-T---QA, 0.0438, 1
0.363116, -102.6216, [169, 174], CHUNK, ['S', 'V'], VKLTPLCVTLNCTNITNNITD-------------------------------------DEKGEIKN----CSFNM-T-TE--LRD-KK-QKE-YALF-YKLDVVQINNNQGNRSNNS------------------------------------------NTSYRLI---SCNTSVI-T---QA, 0.3646, 0
0.359037, -121.8222, 104, POINT, P, VKLTPLCVTLNCTNITNNITD-------------------------------------DEKGEIKN----CSFNM-T-TE--LRD-KK-QKE-YALF-YKLDVVPINNNQGNRSNNS------------------------------------------NTSYRLI---NCNTSAI-T---QA, 0.0438, 0
0.356566, -119.2209, 174, POINT, T, VKLTPLCVTLNCTNITNNITD-------------------------------------DEKGEIKN----CSFNM-T-TE--LRD-KK-QKE-YALF-YKLDVVQINNNQGNRSNNS------------------------------------------NTSYRLI---NCNTSTI-T---QA, 0.0438, 0
0.365789, -113.9110, [74], CHUNK, ['I'], VKLTPLCVTLNCTNITNNITD-------------------------------------DEKGEIKN----CSFNI-T-TE--LRD-KK-QKE-YALF-YKLDVVQINNNQGNRSNNS------------------------------------------NTSYRLI---NCNTSAI-T---QA, 0.2148, 0
0.344869, -120.8160, 18, POINT, T, VKLTPLCVTLNCTNITNNTTD-------------------------------------DEKGEIKN----CSFNM-T-TE--LRD-KK-QKE-YALF-YKLDVVQINNNQGNRSNNS------------------------------------------NKEYRLI---NCNTSAI-T---QA, 0.0668, 0
0.353683, -113.7975, [74], CHUNK, ['I'], VKLTPLCVTLNCTNITNNITD-------------------------------------DEKGEIKN----CSFNI-T-TE--LRD-KK-QKE-YALF-YKLDVVQINNNQGNRSNNS------------------------------------------NKEYRLI---NCNTSAI-T---QA, 0.1266, 0
0.354397, -121.0507, [160, 161], CHUNK, ['T', 'S'], VKLTPLCVTLNCTNITNNITD-------------------------------------DEKGEIKN----CSFNM-T-TE--LRD-KK-QKE-YALF-YKLDVVQINNNQGNRSNNS------------------------------------------NTSYRLI---NCNTSAI-T---QA, 0.0702, 1
0.358469, -117.9795, [74], CHUNK, ['T'], VKLTPLCVTLNCTNITNNITD-------------------------------------DEKGEIKN----CSFNT-T-TE--LRD-KK-QKE-YALF-YKLDVVQINNNQGNRSNNS------------------------------------------NTSYRLI---NCNTSAI-T---QA, 0.0702, 0
0.361679, -101.8072, [174], CHUNK, ['V'], VKLTPLCVTLNCTNITNNITD-------------------------------------DEKGEIKN----CSFNM-T-TE--LRD-KK-QKE-YALF-YKLDVVQINNNQGNRSNNS------------------------------------------NTSYRLI---NCNTSVI-T---QA, 0.4573, 0
0.359041, -114.7962, [74], CHUNK, ['V'], VKLTPLCVTLNCTNITNNITD-------------------------------------DEKGEIKN----CSFNV-T-TE--LRD-KK-QKE-YALF-YKLDVVQINNNQGNRSNNS------------------------------------------NTSYRLI---NCNTSAI-T---QA, 0.2288, 0
------END OF DATA------
Best coverage = 0.354396741806
Best sequence = VKLTPLCVTLNCTNITNNITD-------------------------------------DEKGEIKN----CSFNM-T-TE--LRD-KK-QKE-YALF-YKLDVVQINNNQGNRSNNS------------------------------------------NTSYRLI---NCNTSAI-T---QA
Best energy = -121.667757047
Best RMSD = 0.062717936933
Hard Covereage = 0.0800374884079
Num epitopes = 63
