Name base = V1V2_200_sq_9_5_i
Iters = 200
Soft coverage = 1.31203964383
Energy = -131.336443789
Hard Covereage = 0.0368019545157
Num epitopes = 65
Initial seq = VKLTPLCVTLQCTNVTNNITD-------------------------------------DMRGELKN----CSFNM-T-TE--LRD-KK-QKV-YSLF-YRLDVVQINENQGNRSNNS------------------------------------------NKEYRLI---NCNTSAI-T---QA
-------START OF DATA------
1.361196, -131.5700, 10, POINT, N, VKLTPLCVTLNCTNVTNNITD-------------------------------------DMRGELKN----CSFNM-T-TE--LRD-KK-QKV-YSLF-YRLDVVQINENQGNRSNNS------------------------------------------NKEYRLI---NCNTSAI-T---QA, 0.0398, 1
1.362713, -121.3084, 125, POINT, K, VKLTPLCVTLNCTNVTNNITD-------------------------------------DMRGELKN----CSFNM-T-TE--LRD-KK-QKV-YSLF-YRLDVVQINENQGNRSNNS--------S---------------------------------EKEYRLI---NCNTSAI-T---QA, 1.6125, 1
1.337490, -112.7936, 122, POINT, E, VKLTPLCVTLNCTNVTNNITD-------------------------------------DMRGELKN----CSFNM-T-TE--LRD-KK-QKV-YSLF-YRLDVVQINENQGNRSNNH-----D--S---------------------------------EKEYRLI---NCNTSAI-T---QA, 2.6435, 0
1.405894, 56.1779, 134, POINT, K, VKLTPLCVTLNCTNVTNNITD-------------------------------------DMRGELKN----CSFNM-T-TE--LRD-KK-QKV-YSLF-YRLDVVQINENQGNRSNNS--------S--------T------------------------SKEYRLI---NCNTSAI-T---QA, 2.5672, 0
1.344734, -113.3119, 122, POINT, E, VKLTPLCVTLNCTNVTNNITD-------------------------------------DMRGELKN----CSFNM-T-TE--LRD-KK-QKV-YSLF-YRLDVVQINENQGNRSNNH-----E--N---------------------------------EKEYRLI---NCNTSAI-T---QA, 2.6479, 0
1.352601, -115.5834, 118, POINT, E, VKLTPLCVTLNCTNVTNNITD-------------------------------------DMRGELKN----CSFNM-T-TE--LRD-KK-QKV-YSLF-YRLDVVQINENQGNRSNNH-K------N---------------------------------EKEYRLI---NCNTSAI-T---QA, 2.6352, 0
1.333264, -84.4019, 137, POINT, K, VKLTPLCVTLNCTNVTNNITD-------------------------------------DMRGELKN----CSFNM-T-TE--LRD-KK-QKV-YSLF-YRLDVVQINENQGNRSNND--------------------E---------------------KKEYRLI---NCNTSAI-T---QA, 1.6757, 0
1.333264, -72.3820, 125, POINT, K, VKLTPLCVTLNCTNVTNNITD-------------------------------------DMRGELKN----CSFNM-T-TE--LRD-KK-QKV-YSLF-YRLDVVQINENQGNRSNND--------E---------------------------------KKEYRLI---NCNTSAI-T---QA, 1.6759, 0
1.379269, -38.8033, 158, POINT, K, VKLTPLCVTLNCTNVTNNITD-------------------------------------DMRGELKN----CSFNM-T-TE--LRD-KK-QKV-YSLF-YRLDVVQINENQGNRSNNT-----------------------------------------ENKEYRLI---NCNTSAI-T---QA, 1.6140, 0
1.369866, 2584.1226, 123, POINT, K, VKLTPLCVTLNCTNVTNNITD-------------------------------------DMRGELKN----CSFNM-T-TE--LRD-KK-QKV-YSLF-YRLDVVQINENQGNRSNNS------V-----------------------------------NKEYRLI---NCNTSAI-T---QA, 1.6506, 0
1.322160, -8.7087, 158, POINT, K, VKLTPLCVTLQCTNVTNNITD-------------------------------------DMRGELKN----CSFNM-T-TE--LRD-KK-QKV-YSLF-YRLDVVQINENQGNRSNNS-----------------------------------------DNKEYRLI---NCNTSAI-T---QA, 1.6221, 0
1.334981, 29.0448, 127, POINT, K, VKLTPLCVTLQCTNVTNNITD-------------------------------------DMRGELKN----CSFNM-T-TE--LRD-KK-QKV-YSLF-YRLDVVQINENQGNRSNNS----------S-------------------------------TKEYRLI---NCNTSAI-T---QA, 1.6163, 0
1.300713, -99.9800, 120, POINT, K, VKLTPLCVTLQCTNVTNNITD-------------------------------------DMRGELKN----CSFNM-T-TE--LRD-KK-QKV-YSLF-YRLDVVQINENQGNRSNNT---E--------------------------------------QKEYRLI---NCNTSAI-T---QA, 1.6204, 0
1.324925, -120.2779, 122, POINT, K, VKLTPLCVTLQCTNVTNNITD-------------------------------------DMRGELKN----CSFNM-T-TE--LRD-KK-QKV-YSLF-YRLDVVQINENQGNRSNNS-----T------------------------------------DKEYRLI---NCNTSAI-T---QA, 1.6131, 0
1.295575, -84.5581, 119, POINT, K, VKLTPLCVTLQCTNVTNNITD-------------------------------------DMRGELKN----CSFNM-T-TE--LRD-KK-QKV-YSLF-YRLDVVQINENQGNRSNNK--E---------------------------------------SKEYRLI---NCNTSAI-T---QA, 1.6255, 0
1.361196, -131.2535, 10, POINT, N, VKLTPLCVTLNCTNVTNNITD-------------------------------------DMRGELKN----CSFNM-T-TE--LRD-KK-QKV-YSLF-YRLDVVQINENQGNRSNNS------------------------------------------NKEYRLI---NCNTSAI-T---QA, 0.0000, 1
1.367519, -122.0265, 123, POINT, K, VKLTPLCVTLNCTNVTNNITD-------------------------------------DMRGELKN----CSFNM-T-TE--LRD-KK-QKV-YSLF-YRLDVVQINENQGNRSNNS------K-----------------------------------TKEYRLI---NCNTSAI-T---QA, 1.6116, 0
1.392918, -126.9280, 74, POINT, T, VKLTPLCVTLNCTNVTNNITD-------------------------------------DMRGELKN----CSFNT-T-TE--LRD-KK-QKV-YSLF-YRLDVVQINENQGNRSNNS------------------------------------------NKEYRLI---NCNTSAI-T---QA, 0.0000, 1
1.376454, -98.2561, 119, POINT, K, VKLTPLCVTLNCTNVTNNITD-------------------------------------DMRGELKN----CSFNT-T-TE--LRD-KK-QKV-YSLF-YRLDVVQINENQGNRSNNK--E---------------------------------------SKEYRLI---NCNTSAI-T---QA, 1.6304, 0
1.427601, -126.6779, 109, POINT, N, VKLTPLCVTLNCTNVTNNITD-------------------------------------DMRGELKN----CSFNT-T-TE--LRD-KK-QKV-YSLF-YRLDVVQINENNGNRSNNS------------------------------------------NKEYRLI---NCNTSAI-T---QA, 0.0136, 1
1.450433, -116.5477, 158, POINT, K, VKLTPLCVTLNCTNVTNNITD-------------------------------------DMRGELKN----CSFNT-T-TE--LRD-KK-QKV-YSLF-YRLDVVQINENNGNRSNNS-----------------------------------------STKEYRLI---NCNTSAI-T---QA, 1.6133, 0
1.393277, -96.8478, 123, POINT, K, VKLTPLCVTLNCTNVTNNITD-------------------------------------DMRGELKN----CSFNT-T-TE--LRD-KK-QKV-YSLF-YRLDVVQINENNGNRSNND------Q-----------------------------------KKEYRLI---NCNTSAI-T---QA, 1.6731, 0
1.412770, -87.1488, 158, POINT, K, VKLTPLCVTLNCTNVTNNITD-------------------------------------DMRGELKN----CSFNT-T-TE--LRD-KK-QKV-YSLF-YRLDVVQINENNGNRSNNK-----------------------------------------KSKEYRLI---NCNTSAI-T---QA, 1.6260, 0
1.427983, -18.5706, 144, POINT, K, VKLTPLCVTLNCTNVTNNITD-------------------------------------DMRGELKN----CSFNT-T-TE--LRD-KK-QKV-YSLF-YRLDVVQINENNGNRSNNT---------------------------Q--------------SKEYRLI---NCNTSAI-T---QA, 1.6142, 0
1.392969, -63.9584, 158, POINT, K, VKLTPLCVTLNCTNVTNNITD-------------------------------------DMRGELKN----CSFNT-T-TE--LRD-KK-QKV-YSLF-YRLDVVQINENQGNRSNNK-----------------------------------------SSKEYRLI---NCNTSAI-T---QA, 1.6122, 0
1.415860, -118.4794, 120, POINT, K, VKLTPLCVTLNCTNVTNNITD-------------------------------------DMRGELKN----CSFNT-T-TE--LRD-KK-QKV-YSLF-YRLDVVQINENQGNRSNNS---S--------------------------------------TKEYRLI---NCNTSAI-T---QA, 1.6101, 0
1.413628, -92.9129, 138, POINT, K, VKLTPLCVTLNCTNVTNNITD-------------------------------------DMRGELKN----CSFNT-T-TE--LRD-KK-QKV-YSLF-YRLDVVQINENQGNRSNNN---------------------T--------------------KKEYRLI---NCNTSAI-T---QA, 1.6742, 0
1.401589, 2587.1393, 120, POINT, K, VKLTPLCVTLNCTNVTNNITD-------------------------------------DMRGELKN----CSFNT-T-TE--LRD-KK-QKV-YSLF-YRLDVVQINENQGNRSNNS---V--------------------------------------NKEYRLI---NCNTSAI-T---QA, 1.6499, 0
1.337108, -56.9884, 119, POINT, K, VKLTPLCVTLNCTNVTNNITD-------------------------------------DMRGELKN----CSFNM-T-TE--LRD-KK-QKV-YSLF-YRLDVVQINENQGNRSNNK--Q---------------------------------------SKEYRLI---NCNTSAI-T---QA, 1.6176, 0
1.369611, -103.1926, 125, POINT, K, VKLTPLCVTLNCTNVTNNITD-------------------------------------DMRGELKN----CSFNM-T-TE--LRD-KK-QKV-YSLF-YRLDVVQINENQGNRSNNK--------S---------------------------------TKEYRLI---NCNTSAI-T---QA, 1.6136, 0
1.333264, -82.0062, 137, POINT, K, VKLTPLCVTLNCTNVTNNITD-------------------------------------DMRGELKN----CSFNM-T-TE--LRD-KK-QKV-YSLF-YRLDVVQINENQGNRSNND--------------------E---------------------KKEYRLI---NCNTSAI-T---QA, 1.6757, 0
1.333264, -89.0011, 138, POINT, K, VKLTPLCVTLNCTNVTNNITD-------------------------------------DMRGELKN----CSFNM-T-TE--LRD-KK-QKV-YSLF-YRLDVVQINENQGNRSNND---------------------E--------------------KKEYRLI---NCNTSAI-T---QA, 1.6780, 0
1.320369, 31.8980, 138, POINT, K, VKLTPLCVTLQCTNVTNNITD-------------------------------------DMRGELKN----CSFNM-T-TE--LRD-KK-QKV-YSLF-YRLDVVQINENQGNRSNNS---------------------N--------------------KKEYRLI---NCNTSAI-T---QA, 1.6552, 0
1.322160, 26.6710, 138, POINT, K, VKLTPLCVTLQCTNVTNNITD-------------------------------------DMRGELKN----CSFNM-T-TE--LRD-KK-QKV-YSLF-YRLDVVQINENQGNRSNNS---------------------D--------------------NKEYRLI---NCNTSAI-T---QA, 1.6283, 0
1.320710, 2585.1690, 131, POINT, K, VKLTPLCVTLQCTNVTNNITD-------------------------------------DMRGELKN----CSFNM-T-TE--LRD-KK-QKV-YSLF-YRLDVVQINENQGNRSNNS--------------V---------------------------NKEYRLI---NCNTSAI-T---QA, 1.6464, 0
1.361196, -131.4758, 10, POINT, N, VKLTPLCVTLNCTNVTNNITD-------------------------------------DMRGELKN----CSFNM-T-TE--LRD-KK-QKV-YSLF-YRLDVVQINENQGNRSNNS------------------------------------------NKEYRLI---NCNTSAI-T---QA, 0.0072, 1
1.366694, 44.5370, 151, POINT, K, VKLTPLCVTLNCTNVTNNITD-------------------------------------DMRGELKN----CSFNM-T-TE--LRD-KK-QKV-YSLF-YRLDVVQINENQGNRSNNS----------------------------------D-------TKEYRLI---NCNTSAI-T---QA, 1.6261, 0
1.387570, 102.9158, 158, POINT, K, VKLTPLCVTLNCTNVTNNITD-------------------------------------DMRGELKN----CSFNM-T-TE--LRD-KK-QKV-YSLF-YRLDVVQINENQGNRSNNS-----------------------------------------SNKEYRLI---NCNTSAI-T---QA, 1.6221, 0
1.369866, 2584.3168, 137, POINT, K, VKLTPLCVTLNCTNVTNNITD-------------------------------------DMRGELKN----CSFNM-T-TE--LRD-KK-QKV-YSLF-YRLDVVQINENQGNRSNNS--------------------V---------------------NKEYRLI---NCNTSAI-T---QA, 1.6485, 0
1.344731, -86.9377, 118, POINT, K, VKLTPLCVTLNCTNVTNNITD-------------------------------------DMRGELKN----CSFNM-T-TE--LRD-KK-QKV-YSLF-YRLDVVQINENQGNRSNNK-E----------------------------------------SKEYRLI---NCNTSAI-T---QA, 1.6226, 0
1.361196, -131.2535, 10, POINT, N, VKLTPLCVTLNCTNVTNNITD-------------------------------------DMRGELKN----CSFNM-T-TE--LRD-KK-QKV-YSLF-YRLDVVQINENQGNRSNNS------------------------------------------NKEYRLI---NCNTSAI-T---QA, 0.0000, 1
1.384137, -121.6836, 123, POINT, K, VKLTPLCVTLNCTNVTNNITD-------------------------------------DMRGELKN----CSFNM-T-TE--LRD-KK-QKV-YSLF-YRLDVVQINENQGNRSNNS------S-----------------------------------TKEYRLI---NCNTSAI-T---QA, 1.6096, 0
1.366694, 70.9867, 138, POINT, K, VKLTPLCVTLNCTNVTNNITD-------------------------------------DMRGELKN----CSFNM-T-TE--LRD-KK-QKV-YSLF-YRLDVVQINENQGNRSNNS---------------------D--------------------TKEYRLI---NCNTSAI-T---QA, 1.6250, 0
1.369866, 2584.0641, 133, POINT, K, VKLTPLCVTLNCTNVTNNITD-------------------------------------DMRGELKN----CSFNM-T-TE--LRD-KK-QKV-YSLF-YRLDVVQINENQGNRSNNS----------------V-------------------------NKEYRLI---NCNTSAI-T---QA, 1.6555, 0
1.349323, -114.9737, 119, POINT, K, VKLTPLCVTLNCTNVTNNITD-------------------------------------DMRGELKN----CSFNM-T-TE--LRD-KK-QKV-YSLF-YRLDVVQINENQGNRSNNT--Q---------------------------------------EKEYRLI---NCNTSAI-T---QA, 1.6140, 0
1.293394, -111.8974, 158, POINT, K, VKLTPLCVTLQCTNVTNNITD-------------------------------------DMRGELKN----CSFNM-T-TE--LRD-KK-QKV-YSLF-YRLDVVQINENQGNRSNNE-----------------------------------------KSKEYRLI---NCNTSAI-T---QA, 1.6054, 0
1.320710, 2582.0697, 118, POINT, K, VKLTPLCVTLQCTNVTNNITD-------------------------------------DMRGELKN----CSFNM-T-TE--LRD-KK-QKV-YSLF-YRLDVVQINENQGNRSNNS-V----------------------------------------NKEYRLI---NCNTSAI-T---QA, 1.6488, 0
1.317538, 40.8837, 121, POINT, K, VKLTPLCVTLQCTNVTNNITD-------------------------------------DMRGELKN----CSFNM-T-TE--LRD-KK-QKV-YSLF-YRLDVVQINENQGNRSNNS----D-------------------------------------TKEYRLI---NCNTSAI-T---QA, 1.6260, 0
1.297096, -32.1392, 133, POINT, K, VKLTPLCVTLQCTNVTNNITD-------------------------------------DMRGELKN----CSFNM-T-TE--LRD-KK-QKV-YSLF-YRLDVVQINENQGNRSNNK----------------Q-------------------------TKEYRLI---NCNTSAI-T---QA, 1.6191, 0
1.304730, -34.0368, 158, POINT, K, VKLTPLCVTLQCTNVTNNITD-------------------------------------DMRGELKN----CSFNM-T-TE--LRD-KK-QKV-YSLF-YRLDVVQINENQGNRSNNK-----------------------------------------ETKEYRLI---NCNTSAI-T---QA, 1.6170, 0
1.302418, -32.5059, 125, POINT, K, VKLTPLCVTLQCTNVTNNITD-------------------------------------DMRGELKN----CSFNM-T-TE--LRD-KK-QKV-YSLF-YRLDVVQINENQGNRSNNS--------D---------------------------------KKEYRLI---NCNTSAI-T---QA, 1.6311, 0
1.319570, -85.9286, 158, POINT, K, VKLTPLCVTLQCTNVTNNITD-------------------------------------DMRGELKN----CSFNM-T-TE--LRD-KK-QKV-YSLF-YRLDVVQINENQGNRSNNT-----------------------------------------SQKEYRLI---NCNTSAI-T---QA, 1.6247, 0
1.307509, -107.5365, 137, POINT, K, VKLTPLCVTLQCTNVTNNITD-------------------------------------DMRGELKN----CSFNM-T-TE--LRD-KK-QKV-YSLF-YRLDVVQINENQGNRSNNS--------------------E---------------------SKEYRLI---NCNTSAI-T---QA, 1.6257, 0
