Name base = V1V2_200_exp_3_0_ni
Iters = 200
Soft coverage = 0.284621885725
Energy = -129.097452188
Hard Covereage = 0.0368019545157
Num epitopes = 65
Initial seq = VKLTPLCVTLQCTNVTNNITD-------------------------------------DMRGELKN----CSFNM-T-TE--LRD-KK-QKV-YSLF-YRLDVVQINENQGNRSNNS------------------------------------------NKEYRLI---NCNTSAI-T---QA
-------START OF DATA------
0.289114, -117.0162, 74, POINT, V, VKLTPLCVTLQCTNVTNNITD-------------------------------------DMRGELKN----CSFNV-T-TE--LRD-KK-QKV-YSLF-YRLDVVQINENQGNRSNNS------------------------------------------NKEYRLI---NCNTSAI-T---QA, 0.2436, 0
0.296728, -128.2044, [160, 161], CHUNK, ['T', 'S'], VKLTPLCVTLQCTNVTNNITD-------------------------------------DMRGELKN----CSFNM-T-TE--LRD-KK-QKV-YSLF-YRLDVVQINENQGNRSNNS------------------------------------------NTSYRLI---NCNTSAI-T---QA, 0.0000, 1
0.320395, -128.2094, 10, POINT, N, VKLTPLCVTLNCTNVTNNITD-------------------------------------DMRGELKN----CSFNM-T-TE--LRD-KK-QKV-YSLF-YRLDVVQINENQGNRSNNS------------------------------------------NTSYRLI---NCNTSAI-T---QA, 0.0093, 1
0.330367, -87.9821, [74], CHUNK, ['I'], VKLTPLCVTLNCTNVTNNITD-------------------------------------DMRGELKN----CSFNI-T-TE--LRD-KK-QKV-YSLF-YRLDVVQINENQGNRSNNS------------------------------------------NTSYRLI---NCNTSAI-T---QA, 0.3655, 0
0.330367, -97.0994, 74, POINT, I, VKLTPLCVTLNCTNVTNNITD-------------------------------------DMRGELKN----CSFNI-T-TE--LRD-KK-QKV-YSLF-YRLDVVQINENQGNRSNNS------------------------------------------NTSYRLI---NCNTSAI-T---QA, 0.3567, 0
0.327678, -109.1381, 174, POINT, V, VKLTPLCVTLNCTNVTNNITD-------------------------------------DMRGELKN----CSFNM-T-TE--LRD-KK-QKV-YSLF-YRLDVVQINENQGNRSNNS------------------------------------------NTSYRLI---NCNTSVI-T---QA, 0.3080, 0
0.328777, -128.3813, [94], CHUNK, ['A'], VKLTPLCVTLNCTNVTNNITD-------------------------------------DMRGELKN----CSFNM-T-TE--LRD-KK-QKV-YALF-YRLDVVQINENQGNRSNNS------------------------------------------NTSYRLI---NCNTSAI-T---QA, 0.0093, 1
0.336059, -105.3892, [174], CHUNK, ['V'], VKLTPLCVTLNCTNVTNNITD-------------------------------------DMRGELKN----CSFNM-T-TE--LRD-KK-QKV-YALF-YRLDVVQINENQGNRSNNS------------------------------------------NTSYRLI---NCNTSVI-T---QA, 0.3476, 0
0.338749, -84.1101, 74, POINT, I, VKLTPLCVTLNCTNVTNNITD-------------------------------------DMRGELKN----CSFNI-T-TE--LRD-KK-QKV-YALF-YRLDVVQINENQGNRSNNS------------------------------------------NTSYRLI---NCNTSAI-T---QA, 0.4481, 0
0.332283, -128.4990, 107, POINT, N, VKLTPLCVTLNCTNVTNNITD-------------------------------------DMRGELKN----CSFNM-T-TE--LRD-KK-QKV-YALF-YRLDVVQINNNQGNRSNNS------------------------------------------NTSYRLI---NCNTSAI-T---QA, 0.0093, 1
0.339554, -128.2264, [63], CHUNK, ['I'], VKLTPLCVTLNCTNVTNNITD-------------------------------------DMRGEIKN----CSFNM-T-TE--LRD-KK-QKV-YALF-YRLDVVQINNNQGNRSNNS------------------------------------------NTSYRLI---NCNTSAI-T---QA, 0.0867, 1
0.344524, -126.7474, 91, POINT, E, VKLTPLCVTLNCTNVTNNITD-------------------------------------DMRGEIKN----CSFNM-T-TE--LRD-KK-QKE-YALF-YRLDVVQINNNQGNRSNNS------------------------------------------NTSYRLI---NCNTSAI-T---QA, 0.0867, 1
0.346687, -7.3452, 82, POINT, I, VKLTPLCVTLNCTNVTNNITD-------------------------------------DMRGEIKN----CSFNM-T-TE--IRD-KK-QKE-YALF-YRLDVVQINNNQGNRSNNS------------------------------------------NTSYRLI---NCNTSAI-T---QA, 0.3274, 0
0.349773, -121.6284, [58, 59, 60], CHUNK, ['T', 'I', 'K'], VKLTPLCVTLNCTNVTNNITD-------------------------------------TIKGEIKN----CSFNM-T-TE--LRD-KK-QKE-YALF-YRLDVVQINNNQGNRSNNS------------------------------------------NTSYRLI---NCNTSAI-T---QA, 0.0867, 0
0.346687, -25.0521, 82, POINT, I, VKLTPLCVTLNCTNVTNNITD-------------------------------------DMRGEIKN----CSFNM-T-TE--IRD-KK-QKE-YALF-YRLDVVQINNNQGNRSNNS------------------------------------------NTSYRLI---NCNTSAI-T---QA, 0.4016, 0
0.349169, -121.9806, 74, POINT, V, VKLTPLCVTLNCTNVTNNITD-------------------------------------DMRGEIKN----CSFNV-T-TE--LRD-KK-QKE-YALF-YRLDVVQINNNQGNRSNNS------------------------------------------NTSYRLI---NCNTSAI-T---QA, 0.1156, 1
0.351988, -122.0188, 59, POINT, N, VKLTPLCVTLNCTNVTNNITD-------------------------------------DNRGEIKN----CSFNV-T-TE--LRD-KK-QKE-YALF-YRLDVVQINNNQGNRSNNS------------------------------------------NTSYRLI---NCNTSAI-T---QA, 0.1156, 0
0.351338, -120.2603, [174], CHUNK, ['T'], VKLTPLCVTLNCTNVTNNITD-------------------------------------DMRGEIKN----CSFNV-T-TE--LRD-KK-QKE-YALF-YRLDVVQINNNQGNRSNNS------------------------------------------NTSYRLI---NCNTSTI-T---QA, 0.1255, 1
0.358086, -118.3542, [74], CHUNK, ['I'], VKLTPLCVTLNCTNVTNNITD-------------------------------------DMRGEIKN----CSFNI-T-TE--LRD-KK-QKE-YALF-YRLDVVQINNNQGNRSNNS------------------------------------------NTSYRLI---NCNTSTI-T---QA, 0.2307, 1
0.363200, -104.0045, [174], CHUNK, ['V'], VKLTPLCVTLNCTNVTNNITD-------------------------------------DMRGEIKN----CSFNI-T-TE--LRD-KK-QKE-YALF-YRLDVVQINNNQGNRSNNS------------------------------------------NTSYRLI---NCNTSVI-T---QA, 0.4858, 0
0.361742, -118.4128, [104, 106], CHUNK, ['P', 'D'], VKLTPLCVTLNCTNVTNNITD-------------------------------------DMRGEIKN----CSFNI-T-TE--LRD-KK-QKE-YALF-YRLDVVPIDNNQGNRSNNS------------------------------------------NTSYRLI---NCNTSTI-T---QA, 0.2307, 0
0.366083, -118.1913, 99, POINT, K, VKLTPLCVTLNCTNVTNNITD-------------------------------------DMRGEIKN----CSFNI-T-TE--LRD-KK-QKE-YALF-YKLDVVQINNNQGNRSNNS------------------------------------------NTSYRLI---NCNTSTI-T---QA, 0.2239, 0
0.364230, -117.1242, 109, POINT, T, VKLTPLCVTLNCTNVTNNITD-------------------------------------DMRGEIKN----CSFNI-T-TE--LRD-KK-QKE-YALF-YRLDVVQINNNTGNRSNNS------------------------------------------NTSYRLI---NCNTSTI-T---QA, 0.2307, 1
0.372226, -115.3956, [99], CHUNK, ['K'], VKLTPLCVTLNCTNVTNNITD-------------------------------------DMRGEIKN----CSFNI-T-TE--LRD-KK-QKE-YALF-YKLDVVQINNNTGNRSNNS------------------------------------------NTSYRLI---NCNTSTI-T---QA, 0.2307, 0
0.372226, -115.5421, [99], CHUNK, ['K'], VKLTPLCVTLNCTNVTNNITD-------------------------------------DMRGEIKN----CSFNI-T-TE--LRD-KK-QKE-YALF-YKLDVVQINNNTGNRSNNS------------------------------------------NTSYRLI---NCNTSTI-T---QA, 0.2241, 0
0.368019, 3.7534, [82], CHUNK, ['I'], VKLTPLCVTLNCTNVTNNITD-------------------------------------DMRGEIKN----CSFNI-T-TE--IRD-KK-QKE-YALF-YRLDVVQINNNTGNRSNNS------------------------------------------NTSYRLI---NCNTSTI-T---QA, 0.2077, 0
0.368019, 2.2350, 82, POINT, I, VKLTPLCVTLNCTNVTNNITD-------------------------------------DMRGEIKN----CSFNI-T-TE--IRD-KK-QKE-YALF-YRLDVVQINNNTGNRSNNS------------------------------------------NTSYRLI---NCNTSTI-T---QA, 0.2089, 0
0.358420, -118.1754, 87, POINT, V, VKLTPLCVTLNCTNVTNNITD-------------------------------------DMRGEIKN----CSFNI-T-TE--LRD-KV-QKE-YALF-YRLDVVQINNNQGNRSNNS------------------------------------------NTSYRLI---NCNTSTI-T---QA, 0.2287, 0
0.361875, -17.9758, 82, POINT, I, VKLTPLCVTLNCTNVTNNITD-------------------------------------DMRGEIKN----CSFNI-T-TE--IRD-KK-QKE-YALF-YRLDVVQINNNQGNRSNNS------------------------------------------NTSYRLI---NCNTSTI-T---QA, 0.2963, 0
0.363200, -97.9869, 174, POINT, V, VKLTPLCVTLNCTNVTNNITD-------------------------------------DMRGEIKN----CSFNI-T-TE--LRD-KK-QKE-YALF-YRLDVVQINNNQGNRSNNS------------------------------------------NTSYRLI---NCNTSVI-T---QA, 0.2899, 0
0.363200, -104.0278, [174], CHUNK, ['V'], VKLTPLCVTLNCTNVTNNITD-------------------------------------DMRGEIKN----CSFNI-T-TE--LRD-KK-QKE-YALF-YRLDVVQINNNQGNRSNNS------------------------------------------NTSYRLI---NCNTSVI-T---QA, 0.4091, 0
0.354086, -120.4466, [102, 104], CHUNK, ['I', 'P'], VKLTPLCVTLNCTNVTNNITD-------------------------------------DMRGEIKN----CSFNV-T-TE--LRD-KK-QKE-YALF-YRLDIVPINNNQGNRSNNS------------------------------------------NTSYRLI---NCNTSTI-T---QA, 0.1255, 1
0.360710, -118.6638, [99], CHUNK, ['K'], VKLTPLCVTLNCTNVTNNITD-------------------------------------DMRGEIKN----CSFNV-T-TE--LRD-KK-QKE-YALF-YKLDIVPINNNQGNRSNNS------------------------------------------NTSYRLI---NCNTSTI-T---QA, 0.1255, 0
0.355031, -118.7618, [18, 20], CHUNK, ['N', 'R'], VKLTPLCVTLNCTNVTNNNTR-------------------------------------DMRGEIKN----CSFNV-T-TE--LRD-KK-QKE-YALF-YRLDIVPINNNQGNRSNNS------------------------------------------NTSYRLI---NCNTSTI-T---QA, 0.1365, 0
0.360835, -119.3566, [74], CHUNK, ['I'], VKLTPLCVTLNCTNVTNNITD-------------------------------------DMRGEIKN----CSFNI-T-TE--LRD-KK-QKE-YALF-YRLDIVPINNNQGNRSNNS------------------------------------------NTSYRLI---NCNTSTI-T---QA, 0.1627, 0
0.363712, -121.0351, [110, 112], CHUNK, ['N', 'T'], VKLTPLCVTLNCTNVTNNITD-------------------------------------DMRGEIKN----CSFNV-T-TE--LRD-KK-QKE-YALF-YRLDIVPINNNQNNTSNNS------------------------------------------NTSYRLI---NCNTSTI-T---QA, 0.1250, 0
0.356908, -115.5269, [58, 59, 60], CHUNK, ['T', 'E', 'K'], VKLTPLCVTLNCTNVTNNITD-------------------------------------TEKGEIKN----CSFNV-T-TE--LRD-KK-QKE-YALF-YRLDVVQINNNQGNRSNNS------------------------------------------NTSYRLI---NCNTSTI-T---QA, 0.1255, 1
0.362021, -100.3950, 174, POINT, V, VKLTPLCVTLNCTNVTNNITD-------------------------------------TEKGEIKN----CSFNV-T-TE--LRD-KK-QKE-YALF-YRLDVVQINNNQGNRSNNS------------------------------------------NTSYRLI---NCNTSVI-T---QA, 0.2912, 0
0.362021, -98.4721, 174, POINT, V, VKLTPLCVTLNCTNVTNNITD-------------------------------------TEKGEIKN----CSFNV-T-TE--LRD-KK-QKE-YALF-YRLDVVQINNNQGNRSNNS------------------------------------------NTSYRLI---NCNTSVI-T---QA, 0.2381, 0
0.359926, -15.5750, [82], CHUNK, ['I'], VKLTPLCVTLNCTNVTNNITD-------------------------------------TEKGEIKN----CSFNV-T-TE--IRD-KK-QKE-YALF-YRLDVVQINNNQGNRSNNS------------------------------------------NTSYRLI---NCNTSTI-T---QA, 0.3333, 0
0.362021, -98.4760, [174], CHUNK, ['V'], VKLTPLCVTLNCTNVTNNITD-------------------------------------TEKGEIKN----CSFNV-T-TE--LRD-KK-QKE-YALF-YRLDVVQINNNQGNRSNNS------------------------------------------NTSYRLI---NCNTSVI-T---QA, 0.3633, 0
0.359334, -118.6174, [99], CHUNK, ['K'], VKLTPLCVTLNCTNVTNNITD-------------------------------------DMRGEIKN----CSFNV-T-TE--LRD-KK-QKE-YALF-YKLDVVQINNNQGNRSNNS------------------------------------------NTSYRLI---NCNTSTI-T---QA, 0.1255, 0
0.354157, -117.1756, [20], CHUNK, ['T'], VKLTPLCVTLNCTNVTNNITT-------------------------------------DMRGEIKN----CSFNV-T-TE--LRD-KK-QKE-YALF-YRLDVVQINNNQGNRSNNS------------------------------------------NTSYRLI---NCNTSTI-T---QA, 0.1231, 0
0.354993, -120.6199, [104, 106], CHUNK, ['P', 'D'], VKLTPLCVTLNCTNVTNNITD-------------------------------------DMRGEIKN----CSFNV-T-TE--LRD-KK-QKE-YALF-YRLDVVPIDNNQGNRSNNS------------------------------------------NTSYRLI---NCNTSTI-T---QA, 0.1544, 0
0.357880, -120.4077, [112, 113], CHUNK, ['N', 'T'], VKLTPLCVTLNCTNVTNNITD-------------------------------------DMRGEIKN----CSFNV-T-TE--LRD-KK-QKE-YALF-YRLDVVQINNNQGNNTNNS------------------------------------------NTSYRLI---NCNTSTI-T---QA, 0.1255, 1
0.365876, -119.0828, [99], CHUNK, ['K'], VKLTPLCVTLNCTNVTNNITD-------------------------------------DMRGEIKN----CSFNV-T-TE--LRD-KK-QKE-YALF-YKLDVVQINNNQGNNTNNS------------------------------------------NTSYRLI---NCNTSTI-T---QA, 0.1334, 0
0.364629, -119.9891, [74], CHUNK, ['I'], VKLTPLCVTLNCTNVTNNITD-------------------------------------DMRGEIKN----CSFNI-T-TE--LRD-KK-QKE-YALF-YRLDVVQINNNQGNNTNNS------------------------------------------NTSYRLI---NCNTSTI-T---QA, 0.1834, 0
0.358230, -120.7301, 59, POINT, D, VKLTPLCVTLNCTNVTNNITD-------------------------------------DDRGEIKN----CSFNV-T-TE--LRD-KK-QKE-YALF-YRLDVVQINNNQGNNTNNS------------------------------------------NTSYRLI---NCNTSTI-T---QA, 0.1239, 0
0.361502, -119.4966, [58, 60], CHUNK, ['S', 'N'], VKLTPLCVTLNCTNVTNNITD-------------------------------------SMNGEIKN----CSFNV-T-TE--LRD-KK-QKE-YALF-YRLDVVQINNNQGNNTNNS------------------------------------------NTSYRLI---NCNTSTI-T---QA, 0.1255, 0
0.352249, -120.5003, 59, POINT, E, VKLTPLCVTLNCTNVTNNITD-------------------------------------DERGEIKN----CSFNV-T-TE--LRD-KK-QKE-YALF-YRLDVVQINNNQGNRSNNS------------------------------------------NTSYRLI---NCNTSTI-T---QA, 0.1262, 0
0.355266, -120.3893, 104, POINT, P, VKLTPLCVTLNCTNVTNNITD-------------------------------------DMRGEIKN----CSFNV-T-TE--LRD-KK-QKE-YALF-YRLDVVPINNNQGNRSNNS------------------------------------------NTSYRLI---NCNTSTI-T---QA, 0.1255, 0
0.353120, -117.8840, [60], CHUNK, ['K'], VKLTPLCVTLNCTNVTNNITD-------------------------------------DMKGEIKN----CSFNV-T-TE--LRD-KK-QKE-YALF-YRLDVVQINNNQGNRSNNS------------------------------------------NTSYRLI---NCNTSTI-T---QA, 0.1300, 1
0.359869, -116.4836, 74, POINT, I, VKLTPLCVTLNCTNVTNNITD-------------------------------------DMKGEIKN----CSFNI-T-TE--LRD-KK-QKE-YALF-YRLDVVQINNNQGNRSNNS------------------------------------------NTSYRLI---NCNTSTI-T---QA, 0.1350, 1
0.364982, -103.2110, [174], CHUNK, ['V'], VKLTPLCVTLNCTNVTNNITD-------------------------------------DMKGEIKN----CSFNI-T-TE--LRD-KK-QKE-YALF-YRLDVVQINNNQGNRSNNS------------------------------------------NTSYRLI---NCNTSVI-T---QA, 0.3212, 0
0.364982, -100.5195, 174, POINT, V, VKLTPLCVTLNCTNVTNNITD-------------------------------------DMKGEIKN----CSFNI-T-TE--LRD-KK-QKE-YALF-YRLDVVQINNNQGNRSNNS------------------------------------------NTSYRLI---NCNTSVI-T---QA, 0.2944, 0
0.367865, -114.8008, [99], CHUNK, ['K'], VKLTPLCVTLNCTNVTNNITD-------------------------------------DMKGEIKN----CSFNI-T-TE--LRD-KK-QKE-YALF-YKLDVVQINNNQGNRSNNS------------------------------------------NTSYRLI---NCNTSTI-T---QA, 0.1350, 0
0.367865, -115.6499, 99, POINT, K, VKLTPLCVTLNCTNVTNNITD-------------------------------------DMKGEIKN----CSFNI-T-TE--LRD-KK-QKE-YALF-YKLDVVQINNNQGNRSNNS------------------------------------------NTSYRLI---NCNTSTI-T---QA, 0.1545, 0
0.360406, -117.8196, [109, 110, 111], CHUNK, ['N', 'N', 'S'], VKLTPLCVTLNCTNVTNNITD-------------------------------------DMKGEIKN----CSFNV-T-TE--LRD-KK-QKE-YALF-YRLDVVQINNNNNSRSNNS------------------------------------------NTSYRLI---NCNTSTI-T---QA, 0.1300, 0
0.361117, -116.8144, [99], CHUNK, ['K'], VKLTPLCVTLNCTNVTNNITD-------------------------------------DMKGEIKN----CSFNV-T-TE--LRD-KK-QKE-YALF-YKLDVVQINNNQGNRSNNS------------------------------------------NTSYRLI---NCNTSTI-T---QA, 0.1469, 0
0.356441, -119.2299, 58, POINT, N, VKLTPLCVTLNCTNVTNNITD-------------------------------------NMKGEIKN----CSFNV-T-TE--LRD-KK-QKE-YALF-YRLDVVQINNNQGNRSNNS------------------------------------------NTSYRLI---NCNTSTI-T---QA, 0.1502, 0
0.359869, -115.8151, [74], CHUNK, ['I'], VKLTPLCVTLNCTNVTNNITD-------------------------------------DMKGEIKN----CSFNI-T-TE--LRD-KK-QKE-YALF-YRLDVVQINNNQGNRSNNS------------------------------------------NTSYRLI---NCNTSTI-T---QA, 0.1300, 0
0.358086, -118.5130, [74], CHUNK, ['I'], VKLTPLCVTLNCTNVTNNITD-------------------------------------DMRGEIKN----CSFNI-T-TE--LRD-KK-QKE-YALF-YRLDVVQINNNQGNRSNNS------------------------------------------NTSYRLI---NCNTSTI-T---QA, 0.1192, 0
0.356574, -120.1717, 109, POINT, N, VKLTPLCVTLNCTNVTNNITD-------------------------------------DMRGEIKN----CSFNV-T-TE--LRD-KK-QKE-YALF-YRLDVVQINNNNGNRSNNS------------------------------------------NTSYRLI---NCNTSTI-T---QA, 0.1274, 0
0.356451, -102.5270, [174], CHUNK, ['V'], VKLTPLCVTLNCTNVTNNITD-------------------------------------DMRGEIKN----CSFNV-T-TE--LRD-KK-QKE-YALF-YRLDVVQINNNQGNRSNNS------------------------------------------NTSYRLI---NCNTSVI-T---QA, 0.4157, 0
0.354624, -119.0930, [109, 110, 111], CHUNK, ['T', 'D', 'S'], VKLTPLCVTLNCTNVTNNITD-------------------------------------DMRGEIKN----CSFNV-T-TE--LRD-KK-QKE-YALF-YRLDVVQINNNTDSRSNNS------------------------------------------NTSYRLI---NCNTSTI-T---QA, 0.1255, 0
0.357165, -120.3870, 99, POINT, K, VKLTPLCVTLNCTNVTNNITD-------------------------------------DMRGEIKN----CSFNV-T-TE--LRD-KK-QKE-YALF-YKLDVVQINNNQGNRSNNS------------------------------------------NTSYRLI---NCNTSAI-T---QA, 0.1156, 0
0.350837, -121.2780, 58, POINT, S, VKLTPLCVTLNCTNVTNNITD-------------------------------------SMRGEIKN----CSFNV-T-TE--LRD-KK-QKE-YALF-YRLDVVQINNNQGNRSNNS------------------------------------------NTSYRLI---NCNTSAI-T---QA, 0.1146, 0
0.353074, -121.0324, [18, 20], CHUNK, ['S', 'N'], VKLTPLCVTLNCTNVTNNSTN-------------------------------------DMRGEIKN----CSFNV-T-TE--LRD-KK-QKE-YALF-YRLDVVQINNNQGNRSNNS------------------------------------------NTSYRLI---NCNTSAI-T---QA, 0.1156, 1
0.355767, -116.0250, 60, POINT, T, VKLTPLCVTLNCTNVTNNSTN-------------------------------------DMTGEIKN----CSFNV-T-TE--LRD-KK-QKE-YALF-YRLDVVQINNNQGNRSNNS------------------------------------------NTSYRLI---NCNTSAI-T---QA, 0.1156, 0
0.356092, -27.3432, 82, POINT, I, VKLTPLCVTLNCTNVTNNSTN-------------------------------------DMRGEIKN----CSFNV-T-TE--IRD-KK-QKE-YALF-YRLDVVQINNNQGNRSNNS------------------------------------------NTSYRLI---NCNTSAI-T---QA, 0.3997, 0
0.360356, -104.3891, [174], CHUNK, ['V'], VKLTPLCVTLNCTNVTNNSTN-------------------------------------DMRGEIKN----CSFNV-T-TE--LRD-KK-QKE-YALF-YRLDVVQINNNQGNRSNNS------------------------------------------NTSYRLI---NCNTSVI-T---QA, 0.2757, 0
0.359823, -118.9137, [74], CHUNK, ['I'], VKLTPLCVTLNCTNVTNNSTN-------------------------------------DMRGEIKN----CSFNI-T-TE--LRD-KK-QKE-YALF-YRLDVVQINNNQGNRSNNS------------------------------------------NTSYRLI---NCNTSAI-T---QA, 0.1156, 0
0.351338, -119.8638, 174, POINT, T, VKLTPLCVTLNCTNVTNNITD-------------------------------------DMRGEIKN----CSFNV-T-TE--LRD-KK-QKE-YALF-YRLDVVQINNNQGNRSNNS------------------------------------------NTSYRLI---NCNTSTI-T---QA, 0.1156, 0
0.353097, -122.5162, 104, POINT, P, VKLTPLCVTLNCTNVTNNITD-------------------------------------DMRGEIKN----CSFNV-T-TE--LRD-KK-QKE-YALF-YRLDVVPINNNQGNRSNNS------------------------------------------NTSYRLI---NCNTSAI-T---QA, 0.1426, 0
0.357165, -120.7170, 99, POINT, K, VKLTPLCVTLNCTNVTNNITD-------------------------------------DMRGEIKN----CSFNV-T-TE--LRD-KK-QKE-YALF-YKLDVVQINNNQGNRSNNS------------------------------------------NTSYRLI---NCNTSAI-T---QA, 0.1227, 0
0.355917, -120.0165, [74], CHUNK, ['I'], VKLTPLCVTLNCTNVTNNITD-------------------------------------DMRGEIKN----CSFNI-T-TE--LRD-KK-QKE-YALF-YRLDVVQINNNQGNRSNNS------------------------------------------NTSYRLI---NCNTSAI-T---QA, 0.1201, 0
0.349169, -120.4895, 74, POINT, V, VKLTPLCVTLNCTNVTNNITD-------------------------------------DMRGEIKN----CSFNV-T-TE--LRD-KK-QKE-YALF-YRLDVVQINNNQGNRSNNS------------------------------------------NTSYRLI---NCNTSAI-T---QA, 0.1510, 1
0.357165, -119.5659, [99], CHUNK, ['K'], VKLTPLCVTLNCTNVTNNITD-------------------------------------DMRGEIKN----CSFNV-T-TE--LRD-KK-QKE-YALF-YKLDVVQINNNQGNRSNNS------------------------------------------NTSYRLI---NCNTSAI-T---QA, 0.1510, 1
0.357470, -119.0538, 87, POINT, V, VKLTPLCVTLNCTNVTNNITD-------------------------------------DMRGEIKN----CSFNV-T-TE--LRD-KV-QKE-YALF-YKLDVVQINNNQGNRSNNS------------------------------------------NTSYRLI---NCNTSAI-T---QA, 0.1510, 0
0.359984, -116.2718, 20, POINT, T, VKLTPLCVTLNCTNVTNNITT-------------------------------------DMRGEIKN----CSFNV-T-TE--LRD-KK-QKE-YALF-YKLDVVQINNNQGNRSNNS------------------------------------------NTSYRLI---NCNTSAI-T---QA, 0.1510, 0
0.360183, -4.9163, 82, POINT, I, VKLTPLCVTLNCTNVTNNITD-------------------------------------DMRGEIKN----CSFNV-T-TE--IRD-KK-QKE-YALF-YKLDVVQINNNQGNRSNNS------------------------------------------NTSYRLI---NCNTSAI-T---QA, 0.1335, 0
0.363914, -117.5144, [74], CHUNK, ['I'], VKLTPLCVTLNCTNVTNNITD-------------------------------------DMRGEIKN----CSFNI-T-TE--LRD-KK-QKE-YALF-YKLDVVQINNNQGNRSNNS------------------------------------------NTSYRLI---NCNTSAI-T---QA, 0.1311, 0
0.355312, -119.3457, 109, POINT, T, VKLTPLCVTLNCTNVTNNITD-------------------------------------DMRGEIKN----CSFNV-T-TE--LRD-KK-QKE-YALF-YRLDVVQINNNTGNRSNNS------------------------------------------NTSYRLI---NCNTSAI-T---QA, 0.1481, 0
0.357165, -119.7820, [99], CHUNK, ['K'], VKLTPLCVTLNCTNVTNNITD-------------------------------------DMRGEIKN----CSFNV-T-TE--LRD-KK-QKE-YALF-YKLDVVQINNNQGNRSNNS------------------------------------------NTSYRLI---NCNTSAI-T---QA, 0.1520, 0
0.356451, -103.0985, [174], CHUNK, ['V'], VKLTPLCVTLNCTNVTNNITD-------------------------------------DMRGEIKN----CSFNV-T-TE--LRD-KK-QKE-YALF-YRLDVVQINNNQGNRSNNS------------------------------------------NTSYRLI---NCNTSVI-T---QA, 0.3742, 0
0.353097, -120.5921, [104], CHUNK, ['P'], VKLTPLCVTLNCTNVTNNITD-------------------------------------DMRGEIKN----CSFNV-T-TE--LRD-KK-QKE-YALF-YRLDVVPINNNQGNRSNNS------------------------------------------NTSYRLI---NCNTSAI-T---QA, 0.1510, 1
0.353402, -114.1299, 60, POINT, I, VKLTPLCVTLNCTNVTNNITD-------------------------------------DMIGEIKN----CSFNV-T-TE--LRD-KK-QKE-YALF-YRLDVVPINNNQGNRSNNS------------------------------------------NTSYRLI---NCNTSAI-T---QA, 0.1637, 0
0.359846, -117.3555, [74], CHUNK, ['I'], VKLTPLCVTLNCTNVTNNITD-------------------------------------DMRGEIKN----CSFNI-T-TE--LRD-KK-QKE-YALF-YRLDVVPINNNQGNRSNNS------------------------------------------NTSYRLI---NCNTSAI-T---QA, 0.1561, 1
0.362190, -119.0061, 20, POINT, N, VKLTPLCVTLNCTNVTNNITN-------------------------------------DMRGEIKN----CSFNI-T-TE--LRD-KK-QKE-YALF-YRLDVVPINNNQGNRSNNS------------------------------------------NTSYRLI---NCNTSAI-T---QA, 0.2386, 0
0.360757, -117.8150, 59, POINT, E, VKLTPLCVTLNCTNVTNNITD-------------------------------------DERGEIKN----CSFNI-T-TE--LRD-KK-QKE-YALF-YRLDVVPINNNQGNRSNNS------------------------------------------NTSYRLI---NCNTSAI-T---QA, 0.1571, 1
0.365232, -118.3590, [110, 111, 112], CHUNK, ['T', 'D', 'N'], VKLTPLCVTLNCTNVTNNITD-------------------------------------DERGEIKN----CSFNI-T-TE--LRD-KK-QKE-YALF-YRLDVVPINNNQTDNSNNS------------------------------------------NTSYRLI---NCNTSAI-T---QA, 0.1577, 0
0.368039, -92.0648, [174], CHUNK, ['V'], VKLTPLCVTLNCTNVTNNITD-------------------------------------DERGEIKN----CSFNI-T-TE--LRD-KK-QKE-YALF-YRLDVVPINNNQGNRSNNS------------------------------------------NTSYRLI---NCNTSVI-T---QA, 0.2316, 0
0.361849, -118.1250, 16, POINT, T, VKLTPLCVTLNCTNVTTNITD-------------------------------------DERGEIKN----CSFNI-T-TE--LRD-KK-QKE-YALF-YRLDVVPINNNQGNRSNNS------------------------------------------NTSYRLI---NCNTSAI-T---QA, 0.1567, 0
0.361091, -117.4294, [87], CHUNK, ['V'], VKLTPLCVTLNCTNVTNNITD-------------------------------------DERGEIKN----CSFNI-T-TE--LRD-KV-QKE-YALF-YRLDVVPINNNQGNRSNNS------------------------------------------NTSYRLI---NCNTSAI-T---QA, 0.1587, 0
0.359901, -116.9960, 89, POINT, K, VKLTPLCVTLNCTNVTNNITD-------------------------------------DMRGEIKN----CSFNI-T-TE--LRD-KK-KKE-YALF-YRLDVVPINNNQGNRSNNS------------------------------------------NTSYRLI---NCNTSAI-T---QA, 0.1561, 0
0.366622, -118.8779, [109, 110], CHUNK, ['N', 'K'], VKLTPLCVTLNCTNVTNNITD-------------------------------------DMRGEIKN----CSFNI-T-TE--LRD-KK-QKE-YALF-YRLDVVPINNNNKNRSNNS------------------------------------------NTSYRLI---NCNTSAI-T---QA, 0.2684, 0
0.363635, -55.2070, 82, POINT, I, VKLTPLCVTLNCTNVTNNITD-------------------------------------DMRGEIKN----CSFNI-T-TE--IRD-KK-QKE-YALF-YRLDVVPINNNQGNRSNNS------------------------------------------NTSYRLI---NCNTSAI-T---QA, 0.2200, 0
0.360180, -116.8432, [87], CHUNK, ['V'], VKLTPLCVTLNCTNVTNNITD-------------------------------------DMRGEIKN----CSFNI-T-TE--LRD-KV-QKE-YALF-YRLDVVPINNNQGNRSNNS------------------------------------------NTSYRLI---NCNTSAI-T---QA, 0.1561, 1
0.367462, -101.0751, [174], CHUNK, ['V'], VKLTPLCVTLNCTNVTNNITD-------------------------------------DMRGEIKN----CSFNI-T-TE--LRD-KV-QKE-YALF-YRLDVVPINNNQGNRSNNS------------------------------------------NTSYRLI---NCNTSVI-T---QA, 0.3822, 0
0.361304, -118.4632, [79], CHUNK, ['N'], VKLTPLCVTLNCTNVTNNITD-------------------------------------DMRGEIKN----CSFNI-T-TN--LRD-KV-QKE-YALF-YRLDVVPINNNQGNRSNNS------------------------------------------NTSYRLI---NCNTSAI-T---QA, 0.1693, 0
0.362524, -117.2338, 20, POINT, N, VKLTPLCVTLNCTNVTNNITN-------------------------------------DMRGEIKN----CSFNI-T-TE--LRD-KV-QKE-YALF-YRLDVVPINNNQGNRSNNS------------------------------------------NTSYRLI---NCNTSAI-T---QA, 0.1561, 0
0.361896, -114.9108, 14, POINT, N, VKLTPLCVTLNCTNNTNNITD-------------------------------------DMRGEIKN----CSFNI-T-TE--LRD-KV-QKE-YALF-YRLDVVPINNNQGNRSNNS------------------------------------------NTSYRLI---NCNTSAI-T---QA, 0.1528, 0
0.363871, -116.9240, [108, 109], CHUNK, ['S', 'N'], VKLTPLCVTLNCTNVTNNITD-------------------------------------DMRGEIKN----CSFNI-T-TE--LRD-KK-QKE-YALF-YRLDVVPINNSNGNRSNNS------------------------------------------NTSYRLI---NCNTSAI-T---QA, 0.1561, 0
0.361514, -118.6067, 58, POINT, S, VKLTPLCVTLNCTNVTNNITD-------------------------------------SMRGEIKN----CSFNI-T-TE--LRD-KK-QKE-YALF-YRLDVVPINNNQGNRSNNS------------------------------------------NTSYRLI---NCNTSAI-T---QA, 0.1938, 0
0.360180, -116.8432, [87], CHUNK, ['V'], VKLTPLCVTLNCTNVTNNITD-------------------------------------DMRGEIKN----CSFNI-T-TE--LRD-KV-QKE-YALF-YRLDVVPINNNQGNRSNNS------------------------------------------NTSYRLI---NCNTSAI-T---QA, 0.1561, 0
0.361757, -114.3556, 60, POINT, T, VKLTPLCVTLNCTNVTNNITD-------------------------------------DMTGEIKN----CSFNI-T-TE--LRD-KK-QKE-YALF-YRLDVVPINNNQGNRSNNS------------------------------------------NTSYRLI---NCNTSAI-T---QA, 0.1841, 0
0.361805, -120.0263, [99], CHUNK, ['K'], VKLTPLCVTLNCTNVTNNITD-------------------------------------DMRGEIKN----CSFNV-T-TE--LRD-KK-QKE-YALF-YKLDVVPINNNQGNRSNNS------------------------------------------NTSYRLI---NCNTSAI-T---QA, 0.1241, 0
0.353402, -120.0800, [87], CHUNK, ['V'], VKLTPLCVTLNCTNVTNNITD-------------------------------------DMRGEIKN----CSFNV-T-TE--LRD-KV-QKE-YALF-YRLDVVPINNNQGNRSNNS------------------------------------------NTSYRLI---NCNTSAI-T---QA, 0.1510, 0
0.361805, -120.1696, [99], CHUNK, ['K'], VKLTPLCVTLNCTNVTNNITD-------------------------------------DMRGEIKN----CSFNV-T-TE--LRD-KK-QKE-YALF-YKLDVVPINNNQGNRSNNS------------------------------------------NTSYRLI---NCNTSAI-T---QA, 0.1513, 0
0.359846, -117.0781, 74, POINT, I, VKLTPLCVTLNCTNVTNNITD-------------------------------------DMRGEIKN----CSFNI-T-TE--LRD-KK-QKE-YALF-YRLDVVPINNNQGNRSNNS------------------------------------------NTSYRLI---NCNTSAI-T---QA, 0.1510, 0
0.355917, -118.8642, [74], CHUNK, ['I'], VKLTPLCVTLNCTNVTNNITD-------------------------------------DMRGEIKN----CSFNI-T-TE--LRD-KK-QKE-YALF-YRLDVVQINNNQGNRSNNS------------------------------------------NTSYRLI---NCNTSAI-T---QA, 0.1953, 0
0.352187, -24.1067, 82, POINT, I, VKLTPLCVTLNCTNVTNNITD-------------------------------------DMRGEIKN----CSFNV-T-TE--IRD-KK-QKE-YALF-YRLDVVQINNNQGNRSNNS------------------------------------------NTSYRLI---NCNTSAI-T---QA, 0.2644, 0
0.351523, -118.4301, 58, POINT, T, VKLTPLCVTLNCTNVTNNITD-------------------------------------TMRGEIKN----CSFNV-T-TE--LRD-KK-QKE-YALF-YRLDVVQINNNQGNRSNNS------------------------------------------NTSYRLI---NCNTSAI-T---QA, 0.1495, 0
0.353097, -120.8117, [104], CHUNK, ['P'], VKLTPLCVTLNCTNVTNNITD-------------------------------------DMRGEIKN----CSFNV-T-TE--LRD-KK-QKE-YALF-YRLDVVPINNNQGNRSNNS------------------------------------------NTSYRLI---NCNTSAI-T---QA, 0.1504, 0
0.351807, -107.0656, 174, POINT, V, VKLTPLCVTLNCTNVTNNITD-------------------------------------DMRGEIKN----CSFNM-T-TE--LRD-KK-QKE-YALF-YRLDVVQINNNQGNRSNNS------------------------------------------NTSYRLI---NCNTSVI-T---QA, 0.1756, 1
0.359803, -108.9035, [99], CHUNK, ['K'], VKLTPLCVTLNCTNVTNNITD-------------------------------------DMRGEIKN----CSFNM-T-TE--LRD-KK-QKE-YALF-YKLDVVQINNNQGNRSNNS------------------------------------------NTSYRLI---NCNTSVI-T---QA, 0.2420, 0
0.351862, -107.7506, 89, POINT, K, VKLTPLCVTLNCTNVTNNITD-------------------------------------DMRGEIKN----CSFNM-T-TE--LRD-KK-KKE-YALF-YRLDVVQINNNQGNRSNNS------------------------------------------NTSYRLI---NCNTSVI-T---QA, 0.1825, 0
0.363200, -101.7993, 74, POINT, I, VKLTPLCVTLNCTNVTNNITD-------------------------------------DMRGEIKN----CSFNI-T-TE--LRD-KK-QKE-YALF-YRLDVVQINNNQGNRSNNS------------------------------------------NTSYRLI---NCNTSVI-T---QA, 0.2893, 0
0.356451, -101.0592, [74], CHUNK, ['V'], VKLTPLCVTLNCTNVTNNITD-------------------------------------DMRGEIKN----CSFNV-T-TE--LRD-KK-QKE-YALF-YRLDVVQINNNQGNRSNNS------------------------------------------NTSYRLI---NCNTSVI-T---QA, 0.2874, 0
0.349169, -117.0195, 74, POINT, V, VKLTPLCVTLNCTNVTNNITD-------------------------------------DMRGEIKN----CSFNV-T-TE--LRD-KK-QKE-YALF-YRLDVVQINNNQGNRSNNS------------------------------------------NTSYRLI---NCNTSAI-T---QA, 0.1971, 0
0.349169, -114.4462, [74], CHUNK, ['V'], VKLTPLCVTLNCTNVTNNITD-------------------------------------DMRGEIKN----CSFNV-T-TE--LRD-KK-QKE-YALF-YRLDVVQINNNQGNRSNNS------------------------------------------NTSYRLI---NCNTSAI-T---QA, 0.1880, 0
0.351807, -103.9047, [174], CHUNK, ['V'], VKLTPLCVTLNCTNVTNNITD-------------------------------------DMRGEIKN----CSFNM-T-TE--LRD-KK-QKE-YALF-YRLDVVQINNNQGNRSNNS------------------------------------------NTSYRLI---NCNTSVI-T---QA, 0.3821, 0
0.355917, -115.7357, [74], CHUNK, ['I'], VKLTPLCVTLNCTNVTNNITD-------------------------------------DMRGEIKN----CSFNI-T-TE--LRD-KK-QKE-YALF-YRLDVVQINNNQGNRSNNS------------------------------------------NTSYRLI---NCNTSAI-T---QA, 0.2080, 0
