Name base = v1v2_6_1.2
Iters = 30
Soft coverage = 0.284621885725
Energy = -129.906102196
Hard Covereage = 0.0368019545157
Num epitopes = 65
Initial seq = VKLTPLCVTLQCTNVTNNITD-------------------------------------DMRGELKN----CSFNM-T-TE--LRD-KK-QKV-YSLF-YRLDVVQINENQGNRSNNS------------------------------------------NKEYRLI---NCNTSAI-T---QA
-------START OF DATA------
0.287459, -126.6333, 20, POINT, T, VKLTPLCVTLQCTNVTNNITT-------------------------------------DMRGELKN----CSFNM-T-TE--LRD-KK-QKV-YSLF-YRLDVVQINENQGNRSNNS------------------------------------------NKEYRLI---NCNTSAI-T---QA, 0.0000, 1
0.292542, -126.2256, 160, POINT, T, VKLTPLCVTLQCTNVTNNITT-------------------------------------DMRGELKN----CSFNM-T-TE--LRD-KK-QKV-YSLF-YRLDVVQINENQGNRSNNS------------------------------------------NTEYRLI---NCNTSAI-T---QA, 0.1574, 1
0.316209, -126.7603, [10], CHUNK, ['N'], VKLTPLCVTLNCTNVTNNITT-------------------------------------DMRGELKN----CSFNM-T-TE--LRD-KK-QKV-YSLF-YRLDVVQINENQGNRSNNS------------------------------------------NTEYRLI---NCNTSAI-T---QA, 0.1440, 0
0.297160, -124.5887, [99], CHUNK, ['K'], VKLTPLCVTLQCTNVTNNITT-------------------------------------DMRGELKN----CSFNM-T-TE--LRD-KK-QKV-YSLF-YKLDVVQINENQGNRSNNS------------------------------------------NTEYRLI---NCNTSAI-T---QA, 0.1592, 1
0.301583, -124.5599, 104, POINT, P, VKLTPLCVTLQCTNVTNNITT-------------------------------------DMRGELKN----CSFNM-T-TE--LRD-KK-QKV-YSLF-YKLDVVPINENQGNRSNNS------------------------------------------NTEYRLI---NCNTSAI-T---QA, 0.1592, 0
0.301201, -120.5410, 74, POINT, T, VKLTPLCVTLQCTNVTNNITT-------------------------------------DMRGELKN----CSFNT-T-TE--LRD-KK-QKV-YSLF-YKLDVVQINENQGNRSNNS------------------------------------------NTEYRLI---NCNTSAI-T---QA, 0.1550, 0
0.307132, -84.2744, 74, POINT, I, VKLTPLCVTLQCTNVTNNITT-------------------------------------DMRGELKN----CSFNI-T-TE--LRD-KK-QKV-YSLF-YKLDVVQINENQGNRSNNS------------------------------------------NTEYRLI---NCNTSAI-T---QA, 0.2173, 0
0.304184, -124.2272, 161, POINT, S, VKLTPLCVTLQCTNVTNNITT-------------------------------------DMRGELKN----CSFNM-T-TE--LRD-KK-QKV-YSLF-YKLDVVQINENQGNRSNNS------------------------------------------NTSYRLI---NCNTSAI-T---QA, 0.1592, 0
0.320827, -125.0849, 10, POINT, N, VKLTPLCVTLNCTNVTNNITT-------------------------------------DMRGELKN----CSFNM-T-TE--LRD-KK-QKV-YSLF-YKLDVVQINENQGNRSNNS------------------------------------------NTEYRLI---NCNTSAI-T---QA, 0.1490, 1
0.324199, -124.7308, 59, POINT, N, VKLTPLCVTLNCTNVTNNITT-------------------------------------DNRGELKN----CSFNM-T-TE--LRD-KK-QKV-YSLF-YKLDVVQINENQGNRSNNS------------------------------------------NTEYRLI---NCNTSAI-T---QA, 0.1490, 0
0.328109, -105.7592, 174, POINT, V, VKLTPLCVTLNCTNVTNNITT-------------------------------------DMRGELKN----CSFNM-T-TE--LRD-KK-QKV-YSLF-YKLDVVQINENQGNRSNNS------------------------------------------NTEYRLI---NCNTSVI-T---QA, 0.2430, 0
0.321722, -125.4039, 59, POINT, E, VKLTPLCVTLNCTNVTNNITT-------------------------------------DERGELKN----CSFNM-T-TE--LRD-KK-QKV-YSLF-YKLDVVQINENQGNRSNNS------------------------------------------NTEYRLI---NCNTSAI-T---QA, 0.1490, 0
0.328080, -123.6063, 63, POINT, I, VKLTPLCVTLNCTNVTNNITT-------------------------------------DMRGEIKN----CSFNM-T-TE--LRD-KK-QKV-YSLF-YKLDVVQINENQGNRSNNS------------------------------------------NTEYRLI---NCNTSAI-T---QA, 0.1571, 0
0.323147, -124.1700, 58, POINT, S, VKLTPLCVTLNCTNVTNNITT-------------------------------------SMRGELKN----CSFNM-T-TE--LRD-KK-QKV-YSLF-YKLDVVQINENQGNRSNNS------------------------------------------NTEYRLI---NCNTSAI-T---QA, 0.1490, 0
0.331394, -125.2930, 94, POINT, A, VKLTPLCVTLNCTNVTNNITT-------------------------------------DMRGELKN----CSFNM-T-TE--LRD-KK-QKV-YALF-YKLDVVQINENQGNRSNNS------------------------------------------NTEYRLI---NCNTSAI-T---QA, 0.1490, 0
0.331394, -125.2930, [94], CHUNK, ['A'], VKLTPLCVTLNCTNVTNNITT-------------------------------------DMRGELKN----CSFNM-T-TE--LRD-KK-QKV-YALF-YKLDVVQINENQGNRSNNS------------------------------------------NTEYRLI---NCNTSAI-T---QA, 0.1490, 1
0.335817, -125.2655, 104, POINT, P, VKLTPLCVTLNCTNVTNNITT-------------------------------------DMRGELKN----CSFNM-T-TE--LRD-KK-QKV-YALF-YKLDVVPINENQGNRSNNS------------------------------------------NTEYRLI---NCNTSAI-T---QA, 0.1490, 0
0.338677, -107.6234, [174], CHUNK, ['V'], VKLTPLCVTLNCTNVTNNITT-------------------------------------DMRGELKN----CSFNM-T-TE--LRD-KK-QKV-YALF-YKLDVVQINENQGNRSNNS------------------------------------------NTEYRLI---NCNTSVI-T---QA, 0.3748, 0
0.341366, -54.6774, [74], CHUNK, ['I'], VKLTPLCVTLNCTNVTNNITT-------------------------------------DMRGELKN----CSFNI-T-TE--LRD-KK-QKV-YALF-YKLDVVQINENQGNRSNNS------------------------------------------NTEYRLI---NCNTSAI-T---QA, 0.3694, 0
0.338677, -105.8989, [174], CHUNK, ['V'], VKLTPLCVTLNCTNVTNNITT-------------------------------------DMRGELKN----CSFNM-T-TE--LRD-KK-QKV-YALF-YKLDVVQINENQGNRSNNS------------------------------------------NTEYRLI---NCNTSVI-T---QA, 0.2854, 0
0.338418, -124.9299, 161, POINT, S, VKLTPLCVTLNCTNVTNNITT-------------------------------------DMRGELKN----CSFNM-T-TE--LRD-KK-QKV-YALF-YKLDVVQINENQGNRSNNS------------------------------------------NTSYRLI---NCNTSAI-T---QA, 0.1490, 0
0.335435, -121.4733, 74, POINT, T, VKLTPLCVTLNCTNVTNNITT-------------------------------------DMRGELKN----CSFNT-T-TE--LRD-KK-QKV-YALF-YKLDVVQINENQGNRSNNS------------------------------------------NTEYRLI---NCNTSAI-T---QA, 0.1669, 0
0.341366, -110.5842, 74, POINT, I, VKLTPLCVTLNCTNVTNNITT-------------------------------------DMRGELKN----CSFNI-T-TE--LRD-KK-QKV-YALF-YKLDVVQINENQGNRSNNS------------------------------------------NTEYRLI---NCNTSAI-T---QA, 0.2577, 1
0.343687, -110.0461, 58, POINT, S, VKLTPLCVTLNCTNVTNNITT-------------------------------------SMRGELKN----CSFNI-T-TE--LRD-KK-QKV-YALF-YKLDVVQINENQGNRSNNS------------------------------------------NTEYRLI---NCNTSAI-T---QA, 0.2571, 0
0.348390, -110.6119, [161], CHUNK, ['S'], VKLTPLCVTLNCTNVTNNITT-------------------------------------DMRGELKN----CSFNI-T-TE--LRD-KK-QKV-YALF-YKLDVVQINENQGNRSNNS------------------------------------------NTSYRLI---NCNTSAI-T---QA, 0.2585, 0
0.344672, -108.1584, 18, POINT, N, VKLTPLCVTLNCTNVTNNNTT-------------------------------------DMRGELKN----CSFNI-T-TE--LRD-KK-QKV-YALF-YKLDVVQINENQGNRSNNS------------------------------------------NTEYRLI---NCNTSAI-T---QA, 0.2577, 0
0.347424, -116.9343, 91, POINT, E, VKLTPLCVTLNCTNVTNNITT-------------------------------------DMRGELKN----CSFNI-T-TE--LRD-KK-QKE-YALF-YKLDVVQINENQGNRSNNS------------------------------------------NTEYRLI---NCNTSAI-T---QA, 0.2577, 0
0.344978, -110.6894, 107, POINT, N, VKLTPLCVTLNCTNVTNNITT-------------------------------------DMRGELKN----CSFNI-T-TE--LRD-KK-QKV-YALF-YKLDVVQINNNQGNRSNNS------------------------------------------NTEYRLI---NCNTSAI-T---QA, 0.2577, 0
0.342085, -109.5370, 104, POINT, S, VKLTPLCVTLNCTNVTNNITT-------------------------------------DMRGELKN----CSFNI-T-TE--LRD-KK-QKV-YALF-YKLDVVSINENQGNRSNNS------------------------------------------NTEYRLI---NCNTSAI-T---QA, 0.2577, 0
0.345789, -111.1884, [104], CHUNK, ['P'], VKLTPLCVTLNCTNVTNNITT-------------------------------------DMRGELKN----CSFNI-T-TE--LRD-KK-QKV-YALF-YKLDVVPINENQGNRSNNS------------------------------------------NTEYRLI---NCNTSAI-T---QA, 0.2647, 0
------END OF DATA------
Best coverage = 0.341366328667
Best sequence = VKLTPLCVTLNCTNVTNNITT-------------------------------------DMRGELKN----CSFNI-T-TE--LRD-KK-QKV-YALF-YKLDVVPINENQGNRSNNS------------------------------------------NTEYRLI---NCNTSAI-T---QA
Hard Covereage = 0.0766638065101
Num epitopes = 66
