Name base = V1V2_200_exp_9_6_ni
Iters = 200
Soft coverage = 0.284621885725
Energy = -130.461792248
Hard Covereage = 0.0368019545157
Num epitopes = 65
Initial seq = VKLTPLCVTLQCTNVTNNITD-------------------------------------DMRGELKN----CSFNM-T-TE--LRD-KK-QKV-YSLF-YRLDVVQINENQGNRSNNS------------------------------------------NKEYRLI---NCNTSAI-T---QA
-------START OF DATA------
0.305096, -102.8588, [10, 14], CHUNK, ['N', 'Y'], VKLTPLCVTLNCTNYTNNITD-------------------------------------DMRGELKN----CSFNM-T-TE--LRD-KK-QKV-YSLF-YRLDVVQINENQGNRSNNS------------------------------------------NKEYRLI---NCNTSAI-T---QA, 0.3168, 0
0.308289, -130.3747, [10], CHUNK, ['N'], VKLTPLCVTLNCTNVTNNITD-------------------------------------DMRGELKN----CSFNM-T-TE--LRD-KK-QKV-YSLF-YRLDVVQINENQGNRSNNS------------------------------------------NKEYRLI---NCNTSAI-T---QA, 0.0000, 1
0.312500, -129.5698, 161, POINT, S, VKLTPLCVTLNCTNVTNNITD-------------------------------------DMRGELKN----CSFNM-T-TE--LRD-KK-QKV-YSLF-YRLDVVQINENQGNRSNNS------------------------------------------NKSYRLI---NCNTSAI-T---QA, 0.0000, 1
0.322472, -91.3938, [74], CHUNK, ['I'], VKLTPLCVTLNCTNVTNNITD-------------------------------------DMRGELKN----CSFNI-T-TE--LRD-KK-QKV-YSLF-YRLDVVQINENQGNRSNNS------------------------------------------NKSYRLI---NCNTSAI-T---QA, 0.4086, 0
0.322502, -128.0268, [99, 104, 107], CHUNK, ['K', 'P', 'D'], VKLTPLCVTLNCTNVTNNITD-------------------------------------DMRGELKN----CSFNM-T-TE--LRD-KK-QKV-YSLF-YKLDVVPINDNQGNRSNNS------------------------------------------NKSYRLI---NCNTSAI-T---QA, 0.0164, 1
0.329773, -126.8067, 63, POINT, I, VKLTPLCVTLNCTNVTNNITD-------------------------------------DMRGEIKN----CSFNM-T-TE--LRD-KK-QKV-YSLF-YKLDVVPINDNQGNRSNNS------------------------------------------NKSYRLI---NCNTSAI-T---QA, 0.0982, 1
0.341166, -96.2115, [74], CHUNK, ['I'], VKLTPLCVTLNCTNVTNNITD-------------------------------------DMRGEIKN----CSFNI-T-TE--LRD-KK-QKV-YSLF-YKLDVVPINDNQGNRSNNS------------------------------------------NKSYRLI---NCNTSAI-T---QA, 0.5151, 0
0.341166, -100.9082, [74], CHUNK, ['I'], VKLTPLCVTLNCTNVTNNITD-------------------------------------DMRGEIKN----CSFNI-T-TE--LRD-KK-QKV-YSLF-YKLDVVPINDNQGNRSNNS------------------------------------------NKSYRLI---NCNTSAI-T---QA, 0.4191, 0
0.340341, -127.0091, 94, POINT, A, VKLTPLCVTLNCTNVTNNITD-------------------------------------DMRGEIKN----CSFNM-T-TE--LRD-KK-QKV-YALF-YKLDVVPINDNQGNRSNNS------------------------------------------NKSYRLI---NCNTSAI-T---QA, 0.0982, 1
0.348236, -126.9126, 160, POINT, T, VKLTPLCVTLNCTNVTNNITD-------------------------------------DMRGEIKN----CSFNM-T-TE--LRD-KK-QKV-YALF-YKLDVVPINDNQGNRSNNS------------------------------------------NTSYRLI---NCNTSAI-T---QA, 0.0982, 0
0.351733, -89.4898, [74], CHUNK, ['I'], VKLTPLCVTLNCTNVTNNITD-------------------------------------DMRGEIKN----CSFNI-T-TE--LRD-KK-QKV-YALF-YKLDVVPINDNQGNRSNNS------------------------------------------NKSYRLI---NCNTSAI-T---QA, 0.2120, 0
0.343208, -127.2363, 107, POINT, N, VKLTPLCVTLNCTNVTNNITD-------------------------------------DMRGEIKN----CSFNM-T-TE--LRD-KK-QKV-YALF-YKLDVVPINNNQGNRSNNS------------------------------------------NKSYRLI---NCNTSAI-T---QA, 0.1126, 1
0.349265, -125.7025, 91, POINT, E, VKLTPLCVTLNCTNVTNNITD-------------------------------------DMRGEIKN----CSFNM-T-TE--LRD-KK-QKE-YALF-YKLDVVPINNNQGNRSNNS------------------------------------------NKSYRLI---NCNTSAI-T---QA, 0.1126, 1
0.353910, -110.2763, 74, POINT, V, VKLTPLCVTLNCTNVTNNITD-------------------------------------DMRGEIKN----CSFNV-T-TE--LRD-KK-QKE-YALF-YKLDVVPINNNQGNRSNNS------------------------------------------NKSYRLI---NCNTSAI-T---QA, 0.3283, 0
0.351177, -120.7540, 60, POINT, T, VKLTPLCVTLNCTNVTNNITD-------------------------------------DMTGEIKN----CSFNM-T-TE--LRD-KK-QKE-YALF-YKLDVVPINNNQGNRSNNS------------------------------------------NKSYRLI---NCNTSAI-T---QA, 0.1126, 0
0.360658, -113.7202, [74], CHUNK, ['I'], VKLTPLCVTLNCTNVTNNITD-------------------------------------DMRGEIKN----CSFNI-T-TE--LRD-KK-QKE-YALF-YKLDVVPINNNQGNRSNNS------------------------------------------NKSYRLI---NCNTSAI-T---QA, 0.2033, 0
0.357161, -125.6061, 160, POINT, T, VKLTPLCVTLNCTNVTNNITD-------------------------------------DMRGEIKN----CSFNM-T-TE--LRD-KK-QKE-YALF-YKLDVVPINNNQGNRSNNS------------------------------------------NTSYRLI---NCNTSAI-T---QA, 0.1126, 1
0.359325, -123.2760, 18, POINT, N, VKLTPLCVTLNCTNVTNNNTD-------------------------------------DMRGEIKN----CSFNM-T-TE--LRD-KK-QKE-YALF-YKLDVVPINNNQGNRSNNS------------------------------------------NTSYRLI---NCNTSAI-T---QA, 0.1126, 0
0.364443, -108.4328, 174, POINT, V, VKLTPLCVTLNCTNVTNNITD-------------------------------------DMRGEIKN----CSFNM-T-TE--LRD-KK-QKE-YALF-YKLDVVPINNNQGNRSNNS------------------------------------------NTSYRLI---NCNTSVI-T---QA, 0.2916, 0
0.359325, -123.2760, 18, POINT, N, VKLTPLCVTLNCTNVTNNNTD-------------------------------------DMRGEIKN----CSFNM-T-TE--LRD-KK-QKE-YALF-YKLDVVPINNNQGNRSNNS------------------------------------------NTSYRLI---NCNTSAI-T---QA, 0.1126, 0
0.359324, -49.9579, 82, POINT, I, VKLTPLCVTLNCTNVTNNITD-------------------------------------DMRGEIKN----CSFNM-T-TE--IRD-KK-QKE-YALF-YKLDVVPINNNQGNRSNNS------------------------------------------NTSYRLI---NCNTSAI-T---QA, 0.7620, 0
0.353910, -116.9342, 74, POINT, V, VKLTPLCVTLNCTNVTNNITD-------------------------------------DMRGEIKN----CSFNV-T-TE--LRD-KK-QKE-YALF-YKLDVVPINNNQGNRSNNS------------------------------------------NKSYRLI---NCNTSAI-T---QA, 0.2678, 0
0.351630, -124.1333, 18, POINT, T, VKLTPLCVTLNCTNVTNNTTD-------------------------------------DMRGEIKN----CSFNM-T-TE--LRD-KK-QKE-YALF-YKLDVVPINNNQGNRSNNS------------------------------------------NKSYRLI---NCNTSAI-T---QA, 0.1126, 1
0.363023, -117.0717, [74], CHUNK, ['I'], VKLTPLCVTLNCTNVTNNTTD-------------------------------------DMRGEIKN----CSFNI-T-TE--LRD-KK-QKE-YALF-YKLDVVPINNNQGNRSNNS------------------------------------------NKSYRLI---NCNTSAI-T---QA, 0.1271, 0
0.354853, -124.7618, 160, POINT, S, VKLTPLCVTLNCTNVTNNTTD-------------------------------------DMRGEIKN----CSFNM-T-TE--LRD-KK-QKE-YALF-YKLDVVPINNNQGNRSNNS------------------------------------------NSSYRLI---NCNTSAI-T---QA, 0.1084, 0
0.353800, -122.6732, [174], CHUNK, ['T'], VKLTPLCVTLNCTNVTNNTTD-------------------------------------DMRGEIKN----CSFNM-T-TE--LRD-KK-QKE-YALF-YKLDVVPINNNQGNRSNNS------------------------------------------NKSYRLI---NCNTSTI-T---QA, 0.1185, 0
0.354689, -124.5390, 20, POINT, N, VKLTPLCVTLNCTNVTNNTTN-------------------------------------DMRGEIKN----CSFNM-T-TE--LRD-KK-QKE-YALF-YKLDVVPINNNQGNRSNNS------------------------------------------NKSYRLI---NCNTSAI-T---QA, 0.1126, 1
0.358339, -124.8750, 58, POINT, N, VKLTPLCVTLNCTNVTNNTTN-------------------------------------NMRGEIKN----CSFNM-T-TE--LRD-KK-QKE-YALF-YKLDVVPINNNQGNRSNNS------------------------------------------NKSYRLI---NCNTSAI-T---QA, 0.1126, 0
0.362584, -124.5056, [160], CHUNK, ['T'], VKLTPLCVTLNCTNVTNNTTN-------------------------------------DMRGEIKN----CSFNM-T-TE--LRD-KK-QKE-YALF-YKLDVVPINNNQGNRSNNS------------------------------------------NTSYRLI---NCNTSAI-T---QA, 0.1159, 1
0.363299, -124.1043, 58, POINT, E, VKLTPLCVTLNCTNVTNNTTN-------------------------------------EMRGEIKN----CSFNM-T-TE--LRD-KK-QKE-YALF-YKLDVVPINNNQGNRSNNS------------------------------------------NTSYRLI---NCNTSAI-T---QA, 0.1254, 1
0.374692, -117.7749, [74], CHUNK, ['I'], VKLTPLCVTLNCTNVTNNTTN-------------------------------------EMRGEIKN----CSFNI-T-TE--LRD-KK-QKE-YALF-YKLDVVPINNNQGNRSNNS------------------------------------------NTSYRLI---NCNTSAI-T---QA, 0.3358, 1
0.375065, -118.0499, 59, POINT, D, VKLTPLCVTLNCTNVTNNTTN-------------------------------------EDRGEIKN----CSFNI-T-TE--LRD-KK-QKE-YALF-YKLDVVPINNNQGNRSNNS------------------------------------------NTSYRLI---NCNTSAI-T---QA, 0.3358, 0
0.376861, -116.8625, 174, POINT, T, VKLTPLCVTLNCTNVTNNTTN-------------------------------------EMRGEIKN----CSFNI-T-TE--LRD-KK-QKE-YALF-YKLDVVPINNNQGNRSNNS------------------------------------------NTSYRLI---NCNTSTI-T---QA, 0.3660, 0
0.381974, -101.3786, [174], CHUNK, ['V'], VKLTPLCVTLNCTNVTNNTTN-------------------------------------EMRGEIKN----CSFNI-T-TE--LRD-KK-QKE-YALF-YKLDVVPINNNQGNRSNNS------------------------------------------NTSYRLI---NCNTSVI-T---QA, 0.3609, 0
0.377627, -118.6112, 58, POINT, N, VKLTPLCVTLNCTNVTNNTTN-------------------------------------NMRGEIKN----CSFNI-T-TE--LRD-KK-QKE-YALF-YKLDVVPINNNQGNRSNNS------------------------------------------NTSYRLI---NCNTSAI-T---QA, 0.3358, 0
0.367371, -121.1859, 74, POINT, T, VKLTPLCVTLNCTNVTNNTTN-------------------------------------EMRGEIKN----CSFNT-T-TE--LRD-KK-QKE-YALF-YKLDVVPINNNQGNRSNNS------------------------------------------NTSYRLI---NCNTSAI-T---QA, 0.1242, 0
0.374692, -111.2688, [74], CHUNK, ['I'], VKLTPLCVTLNCTNVTNNTTN-------------------------------------EMRGEIKN----CSFNI-T-TE--LRD-KK-QKE-YALF-YKLDVVPINNNQGNRSNNS------------------------------------------NTSYRLI---NCNTSAI-T---QA, 0.2678, 0
0.374692, -110.2556, [74], CHUNK, ['I'], VKLTPLCVTLNCTNVTNNTTN-------------------------------------EMRGEIKN----CSFNI-T-TE--LRD-KK-QKE-YALF-YKLDVVPINNNQGNRSNNS------------------------------------------NTSYRLI---NCNTSAI-T---QA, 0.3053, 0
0.370581, -110.4475, [174], CHUNK, ['V'], VKLTPLCVTLNCTNVTNNTTN-------------------------------------EMRGEIKN----CSFNM-T-TE--LRD-KK-QKE-YALF-YKLDVVPINNNQGNRSNNS------------------------------------------NTSYRLI---NCNTSVI-T---QA, 0.3227, 0
0.373935, -114.7929, [74, 79], CHUNK, ['I', 'N'], VKLTPLCVTLNCTNVTNNTTN-------------------------------------DMRGEIKN----CSFNI-T-TN--LRD-KK-QKE-YALF-YKLDVVPINNNQGNRSNNS------------------------------------------NTSYRLI---NCNTSAI-T---QA, 0.4022, 0
0.362969, -124.4476, 106, POINT, D, VKLTPLCVTLNCTNVTNNTTN-------------------------------------DMRGEIKN----CSFNM-T-TE--LRD-KK-QKE-YALF-YKLDVVPIDNNQGNRSNNS------------------------------------------NTSYRLI---NCNTSAI-T---QA, 0.1159, 0
0.362865, -123.9807, 87, POINT, V, VKLTPLCVTLNCTNVTNNTTN-------------------------------------DMRGEIKN----CSFNM-T-TE--LRD-KV-QKE-YALF-YKLDVVPINNNQGNRSNNS------------------------------------------NTSYRLI---NCNTSAI-T---QA, 0.1159, 0
0.373977, -115.2410, 74, POINT, I, VKLTPLCVTLNCTNVTNNTTN-------------------------------------DMRGEIKN----CSFNI-T-TE--LRD-KK-QKE-YALF-YKLDVVPINNNQGNRSNNS------------------------------------------NTSYRLI---NCNTSAI-T---QA, 0.2427, 0
0.359333, -115.3114, [74], CHUNK, ['V'], VKLTPLCVTLNCTNVTNNTTN-------------------------------------DMRGEIKN----CSFNV-T-TE--LRD-KK-QKE-YALF-YKLDVVPINNNQGNRSNNS------------------------------------------NKSYRLI---NCNTSAI-T---QA, 0.2739, 0
0.358339, -124.8750, 58, POINT, N, VKLTPLCVTLNCTNVTNNTTN-------------------------------------NMRGEIKN----CSFNM-T-TE--LRD-KK-QKE-YALF-YKLDVVPINNNQGNRSNNS------------------------------------------NKSYRLI---NCNTSAI-T---QA, 0.1126, 0
0.366081, -115.7239, [74], CHUNK, ['I'], VKLTPLCVTLNCTNVTNNTTN-------------------------------------DMRGEIKN----CSFNI-T-TE--LRD-KK-QKE-YALF-YKLDVVPINNNQGNRSNNS------------------------------------------NKSYRLI---NCNTSAI-T---QA, 0.1632, 0
0.362584, -124.4426, [160], CHUNK, ['T'], VKLTPLCVTLNCTNVTNNTTN-------------------------------------DMRGEIKN----CSFNM-T-TE--LRD-KK-QKE-YALF-YKLDVVPINNNQGNRSNNS------------------------------------------NTSYRLI---NCNTSAI-T---QA, 0.1126, 1
0.366234, -124.7785, 58, POINT, N, VKLTPLCVTLNCTNVTNNTTN-------------------------------------NMRGEIKN----CSFNM-T-TE--LRD-KK-QKE-YALF-YKLDVVPINNNQGNRSNNS------------------------------------------NTSYRLI---NCNTSAI-T---QA, 0.1126, 1
0.367355, -125.3605, 59, POINT, E, VKLTPLCVTLNCTNVTNNTTN-------------------------------------NERGEIKN----CSFNM-T-TE--LRD-KK-QKE-YALF-YKLDVVPINNNQGNRSNNS------------------------------------------NTSYRLI---NCNTSAI-T---QA, 0.1126, 0
0.368397, -2.8583, 82, POINT, I, VKLTPLCVTLNCTNVTNNTTN-------------------------------------NMRGEIKN----CSFNM-T-TE--IRD-KK-QKE-YALF-YKLDVVPINNNQGNRSNNS------------------------------------------NTSYRLI---NCNTSAI-T---QA, 0.1534, 0
0.368403, -123.1400, 174, POINT, T, VKLTPLCVTLNCTNVTNNTTN-------------------------------------NMRGEIKN----CSFNM-T-TE--LRD-KK-QKE-YALF-YKLDVVPINNNQGNRSNNS------------------------------------------NTSYRLI---NCNTSTI-T---QA, 0.1126, 0
0.377627, -116.8574, [74], CHUNK, ['I'], VKLTPLCVTLNCTNVTNNTTN-------------------------------------NMRGEIKN----CSFNI-T-TE--LRD-KK-QKE-YALF-YKLDVVPINNNQGNRSNNS------------------------------------------NTSYRLI---NCNTSAI-T---QA, 0.1641, 0
0.363742, -49.5427, [79, 82], CHUNK, ['S', 'I'], VKLTPLCVTLNCTNVTNNTTN-------------------------------------DMRGEIKN----CSFNM-T-TS--IRD-KK-QKE-YALF-YKLDVVPINNNQGNRSNNS------------------------------------------NTSYRLI---NCNTSAI-T---QA, 0.3068, 0
0.367228, -118.2529, 74, POINT, V, VKLTPLCVTLNCTNVTNNTTN-------------------------------------DMRGEIKN----CSFNV-T-TE--LRD-KK-QKE-YALF-YKLDVVPINNNQGNRSNNS------------------------------------------NTSYRLI---NCNTSAI-T---QA, 0.2661, 0
0.364747, -21.5242, 82, POINT, I, VKLTPLCVTLNCTNVTNNTTN-------------------------------------DMRGEIKN----CSFNM-T-TE--IRD-KK-QKE-YALF-YKLDVVPINNNQGNRSNNS------------------------------------------NTSYRLI---NCNTSAI-T---QA, 0.2813, 0
0.367607, -115.1431, [74, 79], CHUNK, ['I', 'R'], VKLTPLCVTLNCTNVTNNTTN-------------------------------------DMRGEIKN----CSFNI-T-TR--LRD-KK-QKE-YALF-YKLDVVPINNNQGNRSNNS------------------------------------------NTSYRLI---NCNTSAI-T---QA, 0.1583, 0
0.366081, -118.0856, [74], CHUNK, ['I'], VKLTPLCVTLNCTNVTNNTTN-------------------------------------DMRGEIKN----CSFNI-T-TE--LRD-KK-QKE-YALF-YKLDVVPINNNQGNRSNNS------------------------------------------NKSYRLI---NCNTSAI-T---QA, 0.1253, 1
0.374067, -100.3130, [169, 174], CHUNK, ['S', 'V'], VKLTPLCVTLNCTNVTNNTTN-------------------------------------DMRGEIKN----CSFNI-T-TE--LRD-KK-QKE-YALF-YKLDVVPINNNQGNRSNNS------------------------------------------NKSYRLI---SCNTSVI-T---QA, 0.3641, 0
0.368306, -116.5344, 14, POINT, N, VKLTPLCVTLNCTNNTNNTTN-------------------------------------DMRGEIKN----CSFNI-T-TE--LRD-KK-QKE-YALF-YKLDVVPINNNQGNRSNNS------------------------------------------NKSYRLI---NCNTSAI-T---QA, 0.1762, 0
0.373364, -95.6787, [174], CHUNK, ['V'], VKLTPLCVTLNCTNVTNNTTN-------------------------------------DMRGEIKN----CSFNI-T-TE--LRD-KK-QKE-YALF-YKLDVVPINNNQGNRSNNS------------------------------------------NKSYRLI---NCNTSVI-T---QA, 0.4043, 0
0.367918, -118.4338, 14, POINT, T, VKLTPLCVTLNCTNTTNNTTN-------------------------------------DMRGEIKN----CSFNI-T-TE--LRD-KK-QKE-YALF-YKLDVVPINNNQGNRSNNS------------------------------------------NKSYRLI---NCNTSAI-T---QA, 0.1253, 0
0.362674, -103.3584, [169, 174], CHUNK, ['S', 'V'], VKLTPLCVTLNCTNVTNNTTN-------------------------------------DMRGEIKN----CSFNM-T-TE--LRD-KK-QKE-YALF-YKLDVVPINNNQGNRSNNS------------------------------------------NKSYRLI---SCNTSVI-T---QA, 0.2606, 0
0.362584, -124.4426, [160], CHUNK, ['T'], VKLTPLCVTLNCTNVTNNTTN-------------------------------------DMRGEIKN----CSFNM-T-TE--LRD-KK-QKE-YALF-YKLDVVPINNNQGNRSNNS------------------------------------------NTSYRLI---NCNTSAI-T---QA, 0.1126, 1
0.363658, -125.0246, 59, POINT, E, VKLTPLCVTLNCTNVTNNTTN-------------------------------------DERGEIKN----CSFNM-T-TE--LRD-KK-QKE-YALF-YKLDVVPINNNQGNRSNNS------------------------------------------NTSYRLI---NCNTSAI-T---QA, 0.1126, 1
0.370940, -105.1145, [174], CHUNK, ['V'], VKLTPLCVTLNCTNVTNNTTN-------------------------------------DERGEIKN----CSFNM-T-TE--LRD-KK-QKE-YALF-YKLDVVPINNNQGNRSNNS------------------------------------------NTSYRLI---NCNTSVI-T---QA, 0.3304, 0
0.363939, -124.5011, 87, POINT, V, VKLTPLCVTLNCTNVTNNTTN-------------------------------------DERGEIKN----CSFNM-T-TE--LRD-KV-QKE-YALF-YKLDVVPINNNQGNRSNNS------------------------------------------NTSYRLI---NCNTSAI-T---QA, 0.1126, 1
0.368124, -125.9662, 110, POINT, N, VKLTPLCVTLNCTNVTNNTTN-------------------------------------DERGEIKN----CSFNM-T-TE--LRD-KV-QKE-YALF-YKLDVVPINNNQNNRSNNS------------------------------------------NTSYRLI---NCNTSAI-T---QA, 0.1126, 1
0.371306, -13.0028, 82, POINT, I, VKLTPLCVTLNCTNVTNNTTN-------------------------------------DERGEIKN----CSFNM-T-TE--IRD-KV-QKE-YALF-YKLDVVPINNNQNNRSNNS------------------------------------------NTSYRLI---NCNTSAI-T---QA, 0.2543, 0
0.373115, -10.1338, [79, 82], CHUNK, ['N', 'I'], VKLTPLCVTLNCTNVTNNTTN-------------------------------------DERGEIKN----CSFNM-T-TN--IRD-KV-QKE-YALF-YKLDVVPINNNQNNRSNNS------------------------------------------NTSYRLI---NCNTSAI-T---QA, 0.3034, 0
0.368788, -125.7267, 58, POINT, E, VKLTPLCVTLNCTNVTNNTTN-------------------------------------EERGEIKN----CSFNM-T-TE--LRD-KV-QKE-YALF-YKLDVVPINNNQNNRSNNS------------------------------------------NTSYRLI---NCNTSAI-T---QA, 0.1224, 1
0.380234, -118.2756, [74], CHUNK, ['I'], VKLTPLCVTLNCTNVTNNTTN-------------------------------------EERGEIKN----CSFNI-T-TE--LRD-KV-QKE-YALF-YKLDVVPINNNQNNRSNNS------------------------------------------NTSYRLI---NCNTSAI-T---QA, 0.1666, 0
0.381358, -116.3890, [74, 79], CHUNK, ['I', 'N'], VKLTPLCVTLNCTNVTNNTTN-------------------------------------EERGEIKN----CSFNI-T-TN--LRD-KV-QKE-YALF-YKLDVVPINNNQNNRSNNS------------------------------------------NTSYRLI---NCNTSAI-T---QA, 0.2201, 1
0.388640, -99.3706, 174, POINT, V, VKLTPLCVTLNCTNVTNNTTN-------------------------------------EERGEIKN----CSFNI-T-TN--LRD-KV-QKE-YALF-YKLDVVPINNNQNNRSNNS------------------------------------------NTSYRLI---NCNTSVI-T---QA, 0.3356, 0
0.388640, -97.6063, 174, POINT, V, VKLTPLCVTLNCTNVTNNTTN-------------------------------------EERGEIKN----CSFNI-T-TN--LRD-KV-QKE-YALF-YKLDVVPINNNQNNRSNNS------------------------------------------NTSYRLI---NCNTSVI-T---QA, 0.5040, 0
0.388640, -101.5067, 174, POINT, V, VKLTPLCVTLNCTNVTNNTTN-------------------------------------EERGEIKN----CSFNI-T-TN--LRD-KV-QKE-YALF-YKLDVVPINNNQNNRSNNS------------------------------------------NTSYRLI---NCNTSVI-T---QA, 0.4192, 0
0.388898, -2.0097, 82, POINT, I, VKLTPLCVTLNCTNVTNNTTN-------------------------------------EERGEIKN----CSFNI-T-TN--IRD-KV-QKE-YALF-YKLDVVPINNNQNNRSNNS------------------------------------------NTSYRLI---NCNTSAI-T---QA, 0.3477, 0
0.369356, -118.9579, 60, POINT, I, VKLTPLCVTLNCTNVTNNTTN-------------------------------------EEIGEIKN----CSFNM-T-TE--LRD-KV-QKE-YALF-YKLDVVPINNNQNNRSNNS------------------------------------------NTSYRLI---NCNTSAI-T---QA, 0.1224, 1
0.381926, -111.8421, [74, 79], CHUNK, ['I', 'N'], VKLTPLCVTLNCTNVTNNTTN-------------------------------------EEIGEIKN----CSFNI-T-TN--LRD-KV-QKE-YALF-YKLDVVPINNNQNNRSNNS------------------------------------------NTSYRLI---NCNTSAI-T---QA, 0.2092, 0
0.380802, -108.7573, [74], CHUNK, ['I'], VKLTPLCVTLNCTNVTNNTTN-------------------------------------EEIGEIKN----CSFNI-T-TE--LRD-KV-QKE-YALF-YKLDVVPINNNQNNRSNNS------------------------------------------NTSYRLI---NCNTSAI-T---QA, 0.2069, 0
0.371525, -117.1823, 174, POINT, T, VKLTPLCVTLNCTNVTNNTTN-------------------------------------EEIGEIKN----CSFNM-T-TE--LRD-KV-QKE-YALF-YKLDVVPINNNQNNRSNNS------------------------------------------NTSYRLI---NCNTSTI-T---QA, 0.1224, 0
0.374024, -107.2509, 74, POINT, V, VKLTPLCVTLNCTNVTNNTTN-------------------------------------EEIGEIKN----CSFNV-T-TE--LRD-KV-QKE-YALF-YKLDVVPINNNQNNRSNNS------------------------------------------NTSYRLI---NCNTSAI-T---QA, 0.4372, 0
0.368963, -125.6228, 106, POINT, D, VKLTPLCVTLNCTNVTNNTTN-------------------------------------EERGEIKN----CSFNM-T-TE--LRD-KV-QKE-YALF-YKLDVVPIDNNQNNRSNNS------------------------------------------NTSYRLI---NCNTSAI-T---QA, 0.1224, 1
0.377682, -104.7460, [169, 174], CHUNK, ['S', 'V'], VKLTPLCVTLNCTNVTNNTTN-------------------------------------EERGEIKN----CSFNM-T-TE--LRD-KV-QKE-YALF-YKLDVVPIDNNQNNRSNNS------------------------------------------NTSYRLI---SCNTSVI-T---QA, 0.3335, 0
0.376245, -109.5771, [174], CHUNK, ['V'], VKLTPLCVTLNCTNVTNNTTN-------------------------------------EERGEIKN----CSFNM-T-TE--LRD-KV-QKE-YALF-YKLDVVPIDNNQNNRSNNS------------------------------------------NTSYRLI---NCNTSVI-T---QA, 0.2753, 0
0.372145, -13.5925, 82, POINT, I, VKLTPLCVTLNCTNVTNNTTN-------------------------------------EERGEIKN----CSFNM-T-TE--IRD-KV-QKE-YALF-YKLDVVPIDNNQNNRSNNS------------------------------------------NTSYRLI---NCNTSAI-T---QA, 0.1641, 0
0.371649, -123.6413, 58, POINT, T, VKLTPLCVTLNCTNVTNNTTN-------------------------------------TERGEIKN----CSFNM-T-TE--LRD-KV-QKE-YALF-YKLDVVPIDNNQNNRSNNS------------------------------------------NTSYRLI---NCNTSAI-T---QA, 0.1154, 0
0.380234, -115.0205, [74], CHUNK, ['I'], VKLTPLCVTLNCTNVTNNTTN-------------------------------------EERGEIKN----CSFNI-T-TE--LRD-KV-QKE-YALF-YKLDVVPINNNQNNRSNNS------------------------------------------NTSYRLI---NCNTSAI-T---QA, 0.2469, 0
0.381358, -118.2079, [74, 79], CHUNK, ['I', 'N'], VKLTPLCVTLNCTNVTNNTTN-------------------------------------EERGEIKN----CSFNI-T-TN--LRD-KV-QKE-YALF-YKLDVVPINNNQNNRSNNS------------------------------------------NTSYRLI---NCNTSAI-T---QA, 0.1546, 0
0.380234, -119.0693, [74], CHUNK, ['I'], VKLTPLCVTLNCTNVTNNTTN-------------------------------------EERGEIKN----CSFNI-T-TE--LRD-KV-QKE-YALF-YKLDVVPINNNQNNRSNNS------------------------------------------NTSYRLI---NCNTSAI-T---QA, 0.1277, 0
0.375459, -124.3327, 109, POINT, T, VKLTPLCVTLNCTNVTNNTTN-------------------------------------EERGEIKN----CSFNM-T-TE--LRD-KV-QKE-YALF-YKLDVVPINNNTNNRSNNS------------------------------------------NTSYRLI---NCNTSAI-T---QA, 0.1224, 0
0.370293, -124.3277, 174, POINT, T, VKLTPLCVTLNCTNVTNNTTN-------------------------------------DERGEIKN----CSFNM-T-TE--LRD-KV-QKE-YALF-YKLDVVPINNNQNNRSNNS------------------------------------------NTSYRLI---NCNTSTI-T---QA, 0.1126, 0
0.375406, -107.0060, [174], CHUNK, ['V'], VKLTPLCVTLNCTNVTNNTTN-------------------------------------DERGEIKN----CSFNM-T-TE--LRD-KV-QKE-YALF-YKLDVVPINNNQNNRSNNS------------------------------------------NTSYRLI---NCNTSVI-T---QA, 0.4542, 0
0.376843, -99.9324, [169, 174], CHUNK, ['S', 'V'], VKLTPLCVTLNCTNVTNNTTN-------------------------------------DERGEIKN----CSFNM-T-TE--LRD-KV-QKE-YALF-YKLDVVPINNNQNNRSNNS------------------------------------------NTSYRLI---SCNTSVI-T---QA, 0.6395, 0
0.368576, -125.5450, 58, POINT, K, VKLTPLCVTLNCTNVTNNTTN-------------------------------------KERGEIKN----CSFNM-T-TE--LRD-KV-QKE-YALF-YKLDVVPINNNQNNRSNNS------------------------------------------NTSYRLI---NCNTSAI-T---QA, 0.1126, 0
0.368606, -115.5049, [74], CHUNK, ['V'], VKLTPLCVTLNCTNVTNNTTN-------------------------------------DERGEIKN----CSFNV-T-TE--LRD-KV-QKE-YALF-YKLDVVPINNNQGNRSNNS------------------------------------------NTSYRLI---NCNTSAI-T---QA, 0.2025, 1
0.372664, 6.4932, 82, POINT, I, VKLTPLCVTLNCTNVTNNTTN-------------------------------------DERGEIKN----CSFNV-T-TE--IRD-KV-QKE-YALF-YKLDVVPINNNQGNRSNNS------------------------------------------NTSYRLI---NCNTSAI-T---QA, 0.3875, 0
0.371661, -114.3718, 59, POINT, T, VKLTPLCVTLNCTNVTNNTTN-------------------------------------DTRGEIKN----CSFNV-T-TE--LRD-KV-QKE-YALF-YKLDVVPINNNQGNRSNNS------------------------------------------NTSYRLI---NCNTSAI-T---QA, 0.2025, 0
0.372303, -115.8785, 58, POINT, N, VKLTPLCVTLNCTNVTNNTTN-------------------------------------NERGEIKN----CSFNV-T-TE--LRD-KV-QKE-YALF-YKLDVVPINNNQGNRSNNS------------------------------------------NTSYRLI---NCNTSAI-T---QA, 0.2053, 0
0.375889, -101.8541, [174], CHUNK, ['V'], VKLTPLCVTLNCTNVTNNTTN-------------------------------------DERGEIKN----CSFNV-T-TE--LRD-KV-QKE-YALF-YKLDVVPINNNQGNRSNNS------------------------------------------NTSYRLI---NCNTSVI-T---QA, 0.4609, 0
0.375384, -119.1675, 74, POINT, I, VKLTPLCVTLNCTNVTNNTTN-------------------------------------DERGEIKN----CSFNI-T-TE--LRD-KV-QKE-YALF-YKLDVVPINNNQGNRSNNS------------------------------------------NTSYRLI---NCNTSAI-T---QA, 0.1740, 1
0.380269, -3.7476, 82, POINT, I, VKLTPLCVTLNCTNVTNNTTN-------------------------------------DERGEIKN----CSFNI-T-TE--IRD-KV-QKE-YALF-YKLDVVPINNNQGNRSNNS------------------------------------------NTSYRLI---NCNTSAI-T---QA, 0.3069, 0
0.382667, -103.2542, [174], CHUNK, ['V'], VKLTPLCVTLNCTNVTNNTTN-------------------------------------DERGEIKN----CSFNI-T-TE--LRD-KV-QKE-YALF-YKLDVVPINNNQGNRSNNS------------------------------------------NTSYRLI---NCNTSVI-T---QA, 0.3791, 0
0.378439, -118.0274, 59, POINT, T, VKLTPLCVTLNCTNVTNNTTN-------------------------------------DTRGEIKN----CSFNI-T-TE--LRD-KV-QKE-YALF-YKLDVVPINNNQGNRSNNS------------------------------------------NTSYRLI---NCNTSAI-T---QA, 0.1740, 0
0.384048, 5.0162, [79, 82], CHUNK, ['N', 'I'], VKLTPLCVTLNCTNVTNNTTN-------------------------------------DERGEIKN----CSFNI-T-TN--IRD-KV-QKE-YALF-YKLDVVPINNNQGNRSNNS------------------------------------------NTSYRLI---NCNTSAI-T---QA, 0.3199, 0
0.375384, -117.8285, [74], CHUNK, ['I'], VKLTPLCVTLNCTNVTNNTTN-------------------------------------DERGEIKN----CSFNI-T-TE--LRD-KV-QKE-YALF-YKLDVVPINNNQGNRSNNS------------------------------------------NTSYRLI---NCNTSAI-T---QA, 0.1121, 0
0.376508, -112.6429, [74, 79], CHUNK, ['I', 'N'], VKLTPLCVTLNCTNVTNNTTN-------------------------------------DERGEIKN----CSFNI-T-TN--LRD-KV-QKE-YALF-YKLDVVPINNNQGNRSNNS------------------------------------------NTSYRLI---NCNTSAI-T---QA, 0.2920, 0
0.384048, -2.5554, [74, 79, 82], CHUNK, ['I', 'N', 'I'], VKLTPLCVTLNCTNVTNNTTN-------------------------------------DERGEIKN----CSFNI-T-TN--IRD-KV-QKE-YALF-YKLDVVPINNNQGNRSNNS------------------------------------------NTSYRLI---NCNTSAI-T---QA, 0.2651, 0
0.368606, -116.8232, 74, POINT, V, VKLTPLCVTLNCTNVTNNTTN-------------------------------------DERGEIKN----CSFNV-T-TE--LRD-KV-QKE-YALF-YKLDVVPINNNQGNRSNNS------------------------------------------NTSYRLI---NCNTSAI-T---QA, 0.2553, 0
0.365893, -124.1189, 58, POINT, S, VKLTPLCVTLNCTNVTNNTTN-------------------------------------SERGEIKN----CSFNM-T-TE--LRD-KK-QKE-YALF-YKLDVVPINNNQGNRSNNS------------------------------------------NTSYRLI---NCNTSAI-T---QA, 0.1126, 0
0.372377, -102.3033, [169, 174], CHUNK, ['S', 'V'], VKLTPLCVTLNCTNVTNNTTN-------------------------------------DERGEIKN----CSFNM-T-TE--LRD-KK-QKE-YALF-YKLDVVPINNNQGNRSNNS------------------------------------------NTSYRLI---SCNTSVI-T---QA, 0.4501, 0
0.368302, -117.9075, 74, POINT, V, VKLTPLCVTLNCTNVTNNTTN-------------------------------------DERGEIKN----CSFNV-T-TE--LRD-KK-QKE-YALF-YKLDVVPINNNQGNRSNNS------------------------------------------NTSYRLI---NCNTSAI-T---QA, 0.2062, 1
0.375050, -115.0624, [74], CHUNK, ['I'], VKLTPLCVTLNCTNVTNNTTN-------------------------------------DERGEIKN----CSFNI-T-TE--LRD-KK-QKE-YALF-YKLDVVPINNNQGNRSNNS------------------------------------------NTSYRLI---NCNTSAI-T---QA, 0.2415, 0
0.377021, -100.2955, [169, 174], CHUNK, ['S', 'V'], VKLTPLCVTLNCTNVTNNTTN-------------------------------------DERGEIKN----CSFNV-T-TE--LRD-KK-QKE-YALF-YKLDVVPINNNQGNRSNNS------------------------------------------NTSYRLI---SCNTSVI-T---QA, 0.4376, 0
0.371320, -40.7154, 82, POINT, I, VKLTPLCVTLNCTNVTNNTTN-------------------------------------DERGEIKN----CSFNV-T-TE--IRD-KK-QKE-YALF-YKLDVVPINNNQGNRSNNS------------------------------------------NTSYRLI---NCNTSAI-T---QA, 0.3081, 0
0.368606, -119.2426, 87, POINT, V, VKLTPLCVTLNCTNVTNNTTN-------------------------------------DERGEIKN----CSFNV-T-TE--LRD-KV-QKE-YALF-YKLDVVPINNNQGNRSNNS------------------------------------------NTSYRLI---NCNTSAI-T---QA, 0.2116, 0
0.364043, -124.9667, 106, POINT, D, VKLTPLCVTLNCTNVTNNTTN-------------------------------------DERGEIKN----CSFNM-T-TE--LRD-KK-QKE-YALF-YKLDVVPIDNNQGNRSNNS------------------------------------------NTSYRLI---NCNTSAI-T---QA, 0.1126, 1
0.364624, -118.4213, 60, POINT, I, VKLTPLCVTLNCTNVTNNTTN-------------------------------------DEIGEIKN----CSFNM-T-TE--LRD-KK-QKE-YALF-YKLDVVPIDNNQGNRSNNS------------------------------------------NTSYRLI---NCNTSAI-T---QA, 0.1228, 1
0.366774, -119.8594, 60, POINT, T, VKLTPLCVTLNCTNVTNNTTN-------------------------------------DETGEIKN----CSFNM-T-TE--LRD-KK-QKE-YALF-YKLDVVPIDNNQGNRSNNS------------------------------------------NTSYRLI---NCNTSAI-T---QA, 0.1228, 0
0.376017, -109.9466, [74], CHUNK, ['I'], VKLTPLCVTLNCTNVTNNTTN-------------------------------------DEIGEIKN----CSFNI-T-TE--LRD-KK-QKE-YALF-YKLDVVPIDNNQGNRSNNS------------------------------------------NTSYRLI---NCNTSAI-T---QA, 0.1728, 0
0.366787, -5.7604, 82, POINT, I, VKLTPLCVTLNCTNVTNNTTN-------------------------------------DEIGEIKN----CSFNM-T-TE--IRD-KK-QKE-YALF-YKLDVVPIDNNQGNRSNNS------------------------------------------NTSYRLI---NCNTSAI-T---QA, 0.1671, 0
0.371906, -97.4776, [174], CHUNK, ['V'], VKLTPLCVTLNCTNVTNNTTN-------------------------------------DEIGEIKN----CSFNM-T-TE--LRD-KK-QKE-YALF-YKLDVVPIDNNQGNRSNNS------------------------------------------NTSYRLI---NCNTSVI-T---QA, 0.3502, 0
0.369460, -124.7199, 109, POINT, N, VKLTPLCVTLNCTNVTNNTTN-------------------------------------DERGEIKN----CSFNM-T-TE--LRD-KK-QKE-YALF-YKLDVVPIDNNNGNRSNNS------------------------------------------NTSYRLI---NCNTSAI-T---QA, 0.1098, 1
0.380853, -115.5481, [74], CHUNK, ['I'], VKLTPLCVTLNCTNVTNNTTN-------------------------------------DERGEIKN----CSFNI-T-TE--LRD-KK-QKE-YALF-YKLDVVPIDNNNGNRSNNS------------------------------------------NTSYRLI---NCNTSAI-T---QA, 0.2287, 0
0.373158, -125.0558, 58, POINT, N, VKLTPLCVTLNCTNVTNNTTN-------------------------------------NERGEIKN----CSFNM-T-TE--LRD-KK-QKE-YALF-YKLDVVPIDNNNGNRSNNS------------------------------------------NTSYRLI---NCNTSAI-T---QA, 0.1098, 1
0.384550, -114.5861, [74], CHUNK, ['I'], VKLTPLCVTLNCTNVTNNTTN-------------------------------------NERGEIKN----CSFNI-T-TE--LRD-KK-QKE-YALF-YKLDVVPIDNNNGNRSNNS------------------------------------------NTSYRLI---NCNTSAI-T---QA, 0.2426, 0
0.375327, -123.4909, 174, POINT, T, VKLTPLCVTLNCTNVTNNTTN-------------------------------------NERGEIKN----CSFNM-T-TE--LRD-KK-QKE-YALF-YKLDVVPIDNNNGNRSNNS------------------------------------------NTSYRLI---NCNTSTI-T---QA, 0.1098, 1
0.375817, -120.3493, 20, POINT, T, VKLTPLCVTLNCTNVTNNTTT-------------------------------------NERGEIKN----CSFNM-T-TE--LRD-KK-QKE-YALF-YKLDVVPIDNNNGNRSNNS------------------------------------------NTSYRLI---NCNTSTI-T---QA, 0.1189, 0
0.375608, -122.9670, 87, POINT, V, VKLTPLCVTLNCTNVTNNTTN-------------------------------------NERGEIKN----CSFNM-T-TE--LRD-KV-QKE-YALF-YKLDVVPIDNNNGNRSNNS------------------------------------------NTSYRLI---NCNTSTI-T---QA, 0.1098, 1
0.388177, -111.1851, [74, 79], CHUNK, ['I', 'N'], VKLTPLCVTLNCTNVTNNTTN-------------------------------------NERGEIKN----CSFNI-T-TN--LRD-KV-QKE-YALF-YKLDVVPIDNNNGNRSNNS------------------------------------------NTSYRLI---NCNTSTI-T---QA, 0.2185, 0
0.380721, -107.9104, [174], CHUNK, ['V'], VKLTPLCVTLNCTNVTNNTTN-------------------------------------NERGEIKN----CSFNM-T-TE--LRD-KV-QKE-YALF-YKLDVVPIDNNNGNRSNNS------------------------------------------NTSYRLI---NCNTSVI-T---QA, 0.3692, 0
0.387053, -116.6698, [74], CHUNK, ['I'], VKLTPLCVTLNCTNVTNNTTN-------------------------------------NERGEIKN----CSFNI-T-TE--LRD-KV-QKE-YALF-YKLDVVPIDNNNGNRSNNS------------------------------------------NTSYRLI---NCNTSTI-T---QA, 0.1231, 0
0.380721, -108.9091, 174, POINT, V, VKLTPLCVTLNCTNVTNNTTN-------------------------------------NERGEIKN----CSFNM-T-TE--LRD-KV-QKE-YALF-YKLDVVPIDNNNGNRSNNS------------------------------------------NTSYRLI---NCNTSVI-T---QA, 0.2695, 0
0.381877, -107.2230, [169, 174], CHUNK, ['S', 'V'], VKLTPLCVTLNCTNVTNNTTN-------------------------------------NERGEIKN----CSFNM-T-TE--LRD-KK-QKE-YALF-YKLDVVPIDNNNGNRSNNS------------------------------------------NTSYRLI---SCNTSVI-T---QA, 0.4263, 0
0.377099, -123.1380, 116, POINT, N, VKLTPLCVTLNCTNVTNNTTN-------------------------------------NERGEIKN----CSFNM-T-TE--LRD-KK-QKE-YALF-YKLDVVPIDNNNGNRSNNN------------------------------------------NTSYRLI---NCNTSTI-T---QA, 0.1244, 0
0.375817, -119.8541, 20, POINT, T, VKLTPLCVTLNCTNVTNNTTT-------------------------------------NERGEIKN----CSFNM-T-TE--LRD-KK-QKE-YALF-YKLDVVPIDNNNGNRSNNS------------------------------------------NTSYRLI---NCNTSTI-T---QA, 0.1098, 0
0.377489, -41.7017, 82, POINT, I, VKLTPLCVTLNCTNVTNNTTN-------------------------------------NERGEIKN----CSFNM-T-TE--IRD-KK-QKE-YALF-YKLDVVPIDNNNGNRSNNS------------------------------------------NTSYRLI---NCNTSTI-T---QA, 0.3202, 0
0.384550, -118.1604, [74], CHUNK, ['I'], VKLTPLCVTLNCTNVTNNTTN-------------------------------------NERGEIKN----CSFNI-T-TE--LRD-KK-QKE-YALF-YKLDVVPIDNNNGNRSNNS------------------------------------------NTSYRLI---NCNTSAI-T---QA, 0.1137, 1
0.391833, -99.9588, [174], CHUNK, ['V'], VKLTPLCVTLNCTNVTNNTTN-------------------------------------NERGEIKN----CSFNI-T-TE--LRD-KK-QKE-YALF-YKLDVVPIDNNNGNRSNNS------------------------------------------NTSYRLI---NCNTSVI-T---QA, 0.3323, 0
0.391833, -104.5936, 174, POINT, V, VKLTPLCVTLNCTNVTNNTTN-------------------------------------NERGEIKN----CSFNI-T-TE--LRD-KK-QKE-YALF-YKLDVVPIDNNNGNRSNNS------------------------------------------NTSYRLI---NCNTSVI-T---QA, 0.3951, 0
0.391833, -103.3167, [174], CHUNK, ['V'], VKLTPLCVTLNCTNVTNNTTN-------------------------------------NERGEIKN----CSFNI-T-TE--LRD-KK-QKE-YALF-YKLDVVPIDNNNGNRSNNS------------------------------------------NTSYRLI---NCNTSVI-T---QA, 0.3432, 0
0.391833, -101.4698, [174], CHUNK, ['V'], VKLTPLCVTLNCTNVTNNTTN-------------------------------------NERGEIKN----CSFNI-T-TE--LRD-KK-QKE-YALF-YKLDVVPIDNNNGNRSNNS------------------------------------------NTSYRLI---NCNTSVI-T---QA, 0.3019, 0
0.384550, -115.0098, [74], CHUNK, ['I'], VKLTPLCVTLNCTNVTNNTTN-------------------------------------NERGEIKN----CSFNI-T-TE--LRD-KK-QKE-YALF-YKLDVVPIDNNNGNRSNNS------------------------------------------NTSYRLI---NCNTSAI-T---QA, 0.1596, 1
0.391833, -94.3294, 174, POINT, V, VKLTPLCVTLNCTNVTNNTTN-------------------------------------NERGEIKN----CSFNI-T-TE--LRD-KK-QKE-YALF-YKLDVVPIDNNNGNRSNNS------------------------------------------NTSYRLI---NCNTSVI-T---QA, 0.3949, 0
0.391833, -94.2825, [174], CHUNK, ['V'], VKLTPLCVTLNCTNVTNNTTN-------------------------------------NERGEIKN----CSFNI-T-TE--LRD-KK-QKE-YALF-YKLDVVPIDNNNGNRSNNS------------------------------------------NTSYRLI---NCNTSVI-T---QA, 0.3580, 0
0.387012, 3.3490, [82, 87, 89], CHUNK, ['I', 'I', 'K'], VKLTPLCVTLNCTNVTNNTTN-------------------------------------NERGEIKN----CSFNI-T-TE--IRD-KI-KKE-YALF-YKLDVVPIDNNNGNRSNNS------------------------------------------NTSYRLI---NCNTSAI-T---QA, 0.1891, 0
0.393270, -91.7185, [169, 174], CHUNK, ['S', 'V'], VKLTPLCVTLNCTNVTNNTTN-------------------------------------NERGEIKN----CSFNI-T-TE--LRD-KK-QKE-YALF-YKLDVVPIDNNNGNRSNNS------------------------------------------NTSYRLI---SCNTSVI-T---QA, 0.3388, 0
0.377152, -120.2532, 60, POINT, T, VKLTPLCVTLNCTNVTNNTTN-------------------------------------NETGEIKN----CSFNM-T-TE--LRD-KK-QKE-YALF-YKLDVVPIDNNNGNRSNNS------------------------------------------NTSYRLI---NCNTSAI-T---QA, 0.1098, 0
0.374857, -124.1746, 59, POINT, S, VKLTPLCVTLNCTNVTNNTTN-------------------------------------NSRGEIKN----CSFNM-T-TE--LRD-KK-QKE-YALF-YKLDVVPIDNNNGNRSNNS------------------------------------------NTSYRLI---NCNTSAI-T---QA, 0.1098, 0
0.384550, -119.0929, [74], CHUNK, ['I'], VKLTPLCVTLNCTNVTNNTTN-------------------------------------NERGEIKN----CSFNI-T-TE--LRD-KK-QKE-YALF-YKLDVVPIDNNNGNRSNNS------------------------------------------NTSYRLI---NCNTSAI-T---QA, 0.1534, 0
0.388805, -32.2225, [74, 79, 82], CHUNK, ['I', 'S', 'I'], VKLTPLCVTLNCTNVTNNTTN-------------------------------------NERGEIKN----CSFNI-T-TS--IRD-KK-QKE-YALF-YKLDVVPIDNNNGNRSNNS------------------------------------------NTSYRLI---NCNTSAI-T---QA, 0.3899, 0
0.380853, -118.0383, [74], CHUNK, ['I'], VKLTPLCVTLNCTNVTNNTTN-------------------------------------DERGEIKN----CSFNI-T-TE--LRD-KK-QKE-YALF-YKLDVVPIDNNNGNRSNNS------------------------------------------NTSYRLI---NCNTSAI-T---QA, 0.1118, 0
0.378180, -100.8712, [169, 174], CHUNK, ['S', 'V'], VKLTPLCVTLNCTNVTNNTTN-------------------------------------DERGEIKN----CSFNM-T-TE--LRD-KK-QKE-YALF-YKLDVVPIDNNNGNRSNNS------------------------------------------NTSYRLI---SCNTSVI-T---QA, 0.3803, 0
0.379233, -114.1865, [74, 79], CHUNK, ['I', 'S'], VKLTPLCVTLNCTNVTNNTTN-------------------------------------DERGEIKN----CSFNI-T-TS--LRD-KK-QKE-YALF-YKLDVVPIDNNNGNRSNNS------------------------------------------NTSYRLI---NCNTSAI-T---QA, 0.1861, 0
0.369741, -124.1959, 87, POINT, V, VKLTPLCVTLNCTNVTNNTTN-------------------------------------DERGEIKN----CSFNM-T-TE--LRD-KV-QKE-YALF-YKLDVVPIDNNNGNRSNNS------------------------------------------NTSYRLI---NCNTSAI-T---QA, 0.1098, 0
0.375435, -116.1270, 74, POINT, I, VKLTPLCVTLNCTNVTNNTTN-------------------------------------DERGEIKN----CSFNI-T-TE--LRD-KK-QKE-YALF-YKLDVVPIDNNQGNRSNNS------------------------------------------NTSYRLI---NCNTSAI-T---QA, 0.2766, 0
0.375435, -113.2997, [74], CHUNK, ['I'], VKLTPLCVTLNCTNVTNNTTN-------------------------------------DERGEIKN----CSFNI-T-TE--LRD-KK-QKE-YALF-YKLDVVPIDNNQGNRSNNS------------------------------------------NTSYRLI---NCNTSAI-T---QA, 0.1614, 1
0.375769, -113.7009, 87, POINT, V, VKLTPLCVTLNCTNVTNNTTN-------------------------------------DERGEIKN----CSFNI-T-TE--LRD-KV-QKE-YALF-YKLDVVPIDNNQGNRSNNS------------------------------------------NTSYRLI---NCNTSAI-T---QA, 0.1416, 0
0.375769, -114.1268, 87, POINT, V, VKLTPLCVTLNCTNVTNNTTN-------------------------------------DERGEIKN----CSFNI-T-TE--LRD-KV-QKE-YALF-YKLDVVPIDNNQGNRSNNS------------------------------------------NTSYRLI---NCNTSAI-T---QA, 0.3231, 1
0.384489, -100.0187, [169, 174], CHUNK, ['S', 'V'], VKLTPLCVTLNCTNVTNNTTN-------------------------------------DERGEIKN----CSFNI-T-TE--LRD-KV-QKE-YALF-YKLDVVPIDNNQGNRSNNS------------------------------------------NTSYRLI---SCNTSVI-T---QA, 0.4400, 0
0.376111, 7.0647, [79, 82], CHUNK, ['G', 'I'], VKLTPLCVTLNCTNVTNNTTN-------------------------------------DERGEIKN----CSFNI-T-TG--IRD-KV-QKE-YALF-YKLDVVPIDNNQGNRSNNS------------------------------------------NTSYRLI---NCNTSAI-T---QA, 0.3044, 0
0.380654, 6.5569, [82], CHUNK, ['I'], VKLTPLCVTLNCTNVTNNTTN-------------------------------------DERGEIKN----CSFNI-T-TE--IRD-KV-QKE-YALF-YKLDVVPIDNNQGNRSNNS------------------------------------------NTSYRLI---NCNTSAI-T---QA, 0.3196, 0
0.376434, -113.6837, 58, POINT, E, VKLTPLCVTLNCTNVTNNTTN-------------------------------------EERGEIKN----CSFNI-T-TE--LRD-KV-QKE-YALF-YKLDVVPIDNNQGNRSNNS------------------------------------------NTSYRLI---NCNTSAI-T---QA, 0.3223, 0
0.377887, -113.6830, 60, POINT, N, VKLTPLCVTLNCTNVTNNTTN-------------------------------------DENGEIKN----CSFNI-T-TE--LRD-KK-QKE-YALF-YKLDVVPIDNNQGNRSNNS------------------------------------------NTSYRLI---NCNTSAI-T---QA, 0.2150, 0
0.378166, -110.1016, 60, POINT, T, VKLTPLCVTLNCTNVTNNTTN-------------------------------------DETGEIKN----CSFNI-T-TE--LRD-KK-QKE-YALF-YKLDVVPIDNNQGNRSNNS------------------------------------------NTSYRLI---NCNTSAI-T---QA, 0.1565, 0
0.382718, -100.3900, [174], CHUNK, ['V'], VKLTPLCVTLNCTNVTNNTTN-------------------------------------DERGEIKN----CSFNI-T-TE--LRD-KK-QKE-YALF-YKLDVVPIDNNQGNRSNNS------------------------------------------NTSYRLI---NCNTSVI-T---QA, 0.3664, 0
0.382718, -93.5713, [174], CHUNK, ['V'], VKLTPLCVTLNCTNVTNNTTN-------------------------------------DERGEIKN----CSFNI-T-TE--LRD-KK-QKE-YALF-YKLDVVPIDNNQGNRSNNS------------------------------------------NTSYRLI---NCNTSVI-T---QA, 0.3534, 0
0.366269, -122.8350, 60, POINT, K, VKLTPLCVTLNCTNVTNNTTN-------------------------------------DEKGEIKN----CSFNM-T-TE--LRD-KK-QKE-YALF-YKLDVVPIDNNQGNRSNNS------------------------------------------NTSYRLI---NCNTSAI-T---QA, 0.1021, 0
0.371325, -107.9578, 174, POINT, V, VKLTPLCVTLNCTNVTNNTTN-------------------------------------DERGEIKN----CSFNM-T-TE--LRD-KK-QKE-YALF-YKLDVVPIDNNQGNRSNNS------------------------------------------NTSYRLI---NCNTSVI-T---QA, 0.2933, 0
0.375435, -115.4679, [74], CHUNK, ['I'], VKLTPLCVTLNCTNVTNNTTN-------------------------------------DERGEIKN----CSFNI-T-TE--LRD-KK-QKE-YALF-YKLDVVPIDNNQGNRSNNS------------------------------------------NTSYRLI---NCNTSAI-T---QA, 0.1319, 0
0.379691, -1.0864, [74, 79, 82], CHUNK, ['I', 'S', 'I'], VKLTPLCVTLNCTNVTNNTTN-------------------------------------DERGEIKN----CSFNI-T-TS--IRD-KK-QKE-YALF-YKLDVVPIDNNQGNRSNNS------------------------------------------NTSYRLI---NCNTSAI-T---QA, 0.2404, 0
