Name base = V1V2_70_exp_1_9_ni
Iters = 70
Soft coverage = 0.284621885725
Energy = -129.082941586
Hard Covereage = 0.0368019545157
Num epitopes = 65
Initial seq = VKLTPLCVTLQCTNVTNNITD-------------------------------------DMRGELKN----CSFNM-T-TE--LRD-KK-QKV-YSLF-YRLDVVQINENQGNRSNNS------------------------------------------NKEYRLI---NCNTSAI-T---QA
-------START OF DATA------
0.295807, -128.2034, [10, 12], CHUNK, ['N', 'K'], VKLTPLCVTLNCKNVTNNITD-------------------------------------DMRGELKN----CSFNM-T-TE--LRD-KK-QKV-YSLF-YRLDVVQINENQGNRSNNS------------------------------------------NKEYRLI---NCNTSAI-T---QA, 0.0000, 1
0.305779, -89.4450, [74], CHUNK, ['I'], VKLTPLCVTLNCKNVTNNITD-------------------------------------DMRGELKN----CSFNI-T-TE--LRD-KK-QKV-YSLF-YRLDVVQINENQGNRSNNS------------------------------------------NKEYRLI---NCNTSAI-T---QA, 0.4616, 0
0.298036, -129.3931, 20, POINT, N, VKLTPLCVTLNCKNVTNNITN-------------------------------------DMRGELKN----CSFNM-T-TE--LRD-KK-QKV-YSLF-YRLDVVQINENQGNRSNNS------------------------------------------NKEYRLI---NCNTSAI-T---QA, 0.1147, 1
0.310568, -130.8120, 12, POINT, T, VKLTPLCVTLNCTNVTNNITN-------------------------------------DMRGELKN----CSFNM-T-TE--LRD-KK-QKV-YSLF-YRLDVVQINENQGNRSNNS------------------------------------------NKEYRLI---NCNTSAI-T---QA, 0.1104, 1
0.315651, -130.5138, 160, POINT, T, VKLTPLCVTLNCTNVTNNITN-------------------------------------DMRGELKN----CSFNM-T-TE--LRD-KK-QKV-YSLF-YRLDVVQINENQGNRSNNS------------------------------------------NTEYRLI---NCNTSAI-T---QA, 0.1118, 1
0.325623, -85.5353, [74], CHUNK, ['I'], VKLTPLCVTLNCTNVTNNITN-------------------------------------DMRGELKN----CSFNI-T-TE--LRD-KK-QKV-YSLF-YRLDVVQINENQGNRSNNS------------------------------------------NTEYRLI---NCNTSAI-T---QA, 0.5887, 0
0.322987, -129.0260, 63, POINT, I, VKLTPLCVTLNCTNVTNNITN-------------------------------------DMRGEIKN----CSFNM-T-TE--LRD-KK-QKV-YSLF-YRLDVVQINENQGNRSNNS------------------------------------------NTEYRLI---NCNTSAI-T---QA, 0.1118, 1
0.336393, -127.5327, [89, 91, 94], CHUNK, ['K', 'E', 'A'], VKLTPLCVTLNCTNVTNNITN-------------------------------------DMRGEIKN----CSFNM-T-TE--LRD-KK-KKE-YALF-YRLDVVQINENQGNRSNNS------------------------------------------NTEYRLI---NCNTSAI-T---QA, 0.1118, 1
0.336869, -123.8272, 20, POINT, T, VKLTPLCVTLNCTNVTNNITT-------------------------------------DMRGEIKN----CSFNM-T-TE--LRD-KK-KKE-YALF-YRLDVVQINENQGNRSNNS------------------------------------------NTEYRLI---NCNTSAI-T---QA, 0.1118, 1
0.340850, -124.0723, 58, POINT, N, VKLTPLCVTLNCTNVTNNITT-------------------------------------NMRGEIKN----CSFNM-T-TE--LRD-KK-KKE-YALF-YRLDVVQINENQGNRSNNS------------------------------------------NTEYRLI---NCNTSAI-T---QA, 0.1118, 1
0.341948, -121.4058, 60, POINT, K, VKLTPLCVTLNCTNVTNNITT-------------------------------------NMKGEIKN----CSFNM-T-TE--LRD-KK-KKE-YALF-YRLDVVQINENQGNRSNNS------------------------------------------NTEYRLI---NCNTSAI-T---QA, 0.1118, 1
0.353435, -119.5265, [99, 104, 106], CHUNK, ['K', 'P', 'D'], VKLTPLCVTLNCTNVTNNITT-------------------------------------NMKGEIKN----CSFNM-T-TE--LRD-KK-KKE-YALF-YKLDVVPIDENQGNRSNNS------------------------------------------NTEYRLI---NCNTSAI-T---QA, 0.1118, 0
0.345455, -121.6243, 107, POINT, N, VKLTPLCVTLNCTNVTNNITT-------------------------------------NMKGEIKN----CSFNM-T-TE--LRD-KK-KKE-YALF-YRLDVVQINNNQGNRSNNS------------------------------------------NTEYRLI---NCNTSAI-T---QA, 0.1120, 1
0.352478, -121.1950, 161, POINT, S, VKLTPLCVTLNCTNVTNNITT-------------------------------------NMKGEIKN----CSFNM-T-TE--LRD-KK-KKE-YALF-YRLDVVQINNNQGNRSNNS------------------------------------------NTSYRLI---NCNTSAI-T---QA, 0.1120, 0
0.347113, -119.1222, 60, POINT, T, VKLTPLCVTLNCTNVTNNITT-------------------------------------NMTGEIKN----CSFNM-T-TE--LRD-KK-KKE-YALF-YRLDVVQINNNQGNRSNNS------------------------------------------NTEYRLI---NCNTSAI-T---QA, 0.1120, 0
0.348336, -120.1021, 18, POINT, T, VKLTPLCVTLNCTNVTNNTTT-------------------------------------NMKGEIKN----CSFNM-T-TE--LRD-KK-KKE-YALF-YRLDVVQINNNQGNRSNNS------------------------------------------NTEYRLI---NCNTSAI-T---QA, 0.1120, 1
0.359628, -103.6811, [74, 79], CHUNK, ['I', 'N'], VKLTPLCVTLNCTNVTNNTTT-------------------------------------NMKGEIKN----CSFNI-T-TN--LRD-KK-KKE-YALF-YRLDVVQINNNQGNRSNNS------------------------------------------NTEYRLI---NCNTSAI-T---QA, 0.3201, 0
0.355618, -101.8330, 174, POINT, V, VKLTPLCVTLNCTNVTNNTTT-------------------------------------NMKGEIKN----CSFNM-T-TE--LRD-KK-KKE-YALF-YRLDVVQINNNQGNRSNNS------------------------------------------NTEYRLI---NCNTSVI-T---QA, 0.3080, 0
0.352264, -120.5744, 104, POINT, P, VKLTPLCVTLNCTNVTNNTTT-------------------------------------NMKGEIKN----CSFNM-T-TE--LRD-KK-KKE-YALF-YRLDVVPINNNQGNRSNNS------------------------------------------NTEYRLI---NCNTSAI-T---QA, 0.1120, 1
0.354148, 0.5625, 82, POINT, I, VKLTPLCVTLNCTNVTNNTTT-------------------------------------NMKGEIKN----CSFNM-T-TE--IRD-KK-KKE-YALF-YRLDVVPINNNQGNRSNNS------------------------------------------NTEYRLI---NCNTSAI-T---QA, 0.4873, 0
0.352271, -124.4049, 20, POINT, N, VKLTPLCVTLNCTNVTNNTTN-------------------------------------NMKGEIKN----CSFNM-T-TE--LRD-KK-KKE-YALF-YRLDVVPINNNQGNRSNNS------------------------------------------NTEYRLI---NCNTSAI-T---QA, 0.1060, 0
0.352912, -122.7492, 60, POINT, N, VKLTPLCVTLNCTNVTNNTTT-------------------------------------NMNGEIKN----CSFNM-T-TE--LRD-KK-KKE-YALF-YRLDVVPINNNQGNRSNNS------------------------------------------NTEYRLI---NCNTSAI-T---QA, 0.1120, 0
0.363657, -99.3220, [74], CHUNK, ['I'], VKLTPLCVTLNCTNVTNNTTT-------------------------------------NMKGEIKN----CSFNI-T-TE--LRD-KK-KKE-YALF-YRLDVVPINNNQGNRSNNS------------------------------------------NTEYRLI---NCNTSAI-T---QA, 0.4823, 0
0.359628, -102.3750, [74, 79], CHUNK, ['I', 'N'], VKLTPLCVTLNCTNVTNNTTT-------------------------------------NMKGEIKN----CSFNI-T-TN--LRD-KK-KKE-YALF-YRLDVVQINNNQGNRSNNS------------------------------------------NTEYRLI---NCNTSAI-T---QA, 0.3013, 0
0.355370, -92.9196, [169, 174], CHUNK, ['S', 'V'], VKLTPLCVTLNCTNVTNNTTT-------------------------------------NMKGEIKN----CSFNM-T-TE--LRD-KK-KKE-YALF-YRLDVVQINNNQGNRSNNS------------------------------------------NTEYRLI---SCNTSVI-T---QA, 0.4717, 0
0.355980, -118.3144, 99, POINT, K, VKLTPLCVTLNCTNVTNNTTT-------------------------------------NMKGEIKN----CSFNM-T-TE--LRD-KK-KKE-YALF-YKLDVVQINNNQGNRSNNS------------------------------------------NTEYRLI---NCNTSAI-T---QA, 0.1120, 0
0.349083, -119.2663, 18, POINT, N, VKLTPLCVTLNCTNVTNNNTT-------------------------------------NMKGEIKN----CSFNM-T-TE--LRD-KK-KKE-YALF-YRLDVVQINNNQGNRSNNS------------------------------------------NTEYRLI---NCNTSAI-T---QA, 0.1120, 0
0.345606, -118.6825, 18, POINT, C, VKLTPLCVTLNCTNVTNNCTT-------------------------------------NMKGEIKN----CSFNM-T-TE--LRD-KK-KKE-YALF-YRLDVVQINNNQGNRSNNS------------------------------------------NTEYRLI---NCNTSAI-T---QA, 0.1120, 0
0.356847, -110.4642, 74, POINT, I, VKLTPLCVTLNCTNVTNNITT-------------------------------------NMKGEIKN----CSFNI-T-TE--LRD-KK-KKE-YALF-YRLDVVQINNNQGNRSNNS------------------------------------------NTEYRLI---NCNTSAI-T---QA, 0.2819, 0
0.356847, -110.3591, 74, POINT, I, VKLTPLCVTLNCTNVTNNITT-------------------------------------NMKGEIKN----CSFNI-T-TE--LRD-KK-KKE-YALF-YRLDVVQINNNQGNRSNNS------------------------------------------NTEYRLI---NCNTSAI-T---QA, 0.2324, 0
0.347624, -119.5284, 174, POINT, T, VKLTPLCVTLNCTNVTNNITT-------------------------------------NMKGEIKN----CSFNM-T-TE--LRD-KK-KKE-YALF-YRLDVVQINNNQGNRSNNS------------------------------------------NTEYRLI---NCNTSTI-T---QA, 0.1120, 1
0.355268, -117.7408, [99], CHUNK, ['K'], VKLTPLCVTLNCTNVTNNITT-------------------------------------NMKGEIKN----CSFNM-T-TE--LRD-KK-KKE-YALF-YKLDVVQINNNQGNRSNNS------------------------------------------NTEYRLI---NCNTSTI-T---QA, 0.1120, 0
0.357267, -111.8457, [74, 79], CHUNK, ['I', 'S'], VKLTPLCVTLNCTNVTNNITT-------------------------------------NMKGEIKN----CSFNI-T-TS--LRD-KK-KKE-YALF-YRLDVVQINNNQGNRSNNS------------------------------------------NTEYRLI---NCNTSTI-T---QA, 0.1686, 0
0.352737, -100.4588, 174, POINT, V, VKLTPLCVTLNCTNVTNNITT-------------------------------------NMKGEIKN----CSFNM-T-TE--LRD-KK-KKE-YALF-YRLDVVQINNNQGNRSNNS------------------------------------------NTEYRLI---NCNTSVI-T---QA, 0.2856, 0
0.352268, -108.3470, 74, POINT, V, VKLTPLCVTLNCTNVTNNITT-------------------------------------NMKGEIKN----CSFNV-T-TE--LRD-KK-KKE-YALF-YRLDVVQINNNQGNRSNNS------------------------------------------NTEYRLI---NCNTSTI-T---QA, 0.3827, 0
0.352478, -121.1950, 161, POINT, S, VKLTPLCVTLNCTNVTNNITT-------------------------------------NMKGEIKN----CSFNM-T-TE--LRD-KK-KKE-YALF-YRLDVVQINNNQGNRSNNS------------------------------------------NTSYRLI---NCNTSAI-T---QA, 0.1120, 1
0.352630, -118.3604, 18, POINT, C, VKLTPLCVTLNCTNVTNNCTT-------------------------------------NMKGEIKN----CSFNM-T-TE--LRD-KK-KKE-YALF-YRLDVVQINNNQGNRSNNS------------------------------------------NTSYRLI---NCNTSAI-T---QA, 0.1114, 0
0.367663, -28.2491, [74, 79, 82], CHUNK, ['I', 'S', 'I'], VKLTPLCVTLNCTNVTNNITT-------------------------------------NMKGEIKN----CSFNI-T-TS--IRD-KK-KKE-YALF-YRLDVVQINNNQGNRSNNS------------------------------------------NTSYRLI---NCNTSAI-T---QA, 0.2381, 0
0.359761, -102.8752, [174], CHUNK, ['V'], VKLTPLCVTLNCTNVTNNITT-------------------------------------NMKGEIKN----CSFNM-T-TE--LRD-KK-KKE-YALF-YRLDVVQINNNQGNRSNNS------------------------------------------NTSYRLI---NCNTSVI-T---QA, 0.2528, 0
0.356551, -118.2383, 74, POINT, T, VKLTPLCVTLNCTNVTNNITT-------------------------------------NMKGEIKN----CSFNT-T-TE--LRD-KK-KKE-YALF-YRLDVVQINNNQGNRSNNS------------------------------------------NTSYRLI---NCNTSAI-T---QA, 0.1120, 1
0.358133, -118.5570, 59, POINT, E, VKLTPLCVTLNCTNVTNNITT-------------------------------------NEKGEIKN----CSFNT-T-TE--LRD-KK-KKE-YALF-YRLDVVQINNNQGNRSNNS------------------------------------------NTSYRLI---NCNTSAI-T---QA, 0.1120, 0
0.363833, -98.6640, 174, POINT, V, VKLTPLCVTLNCTNVTNNITT-------------------------------------NMKGEIKN----CSFNT-T-TE--LRD-KK-KKE-YALF-YRLDVVQINNNQGNRSNNS------------------------------------------NTSYRLI---NCNTSVI-T---QA, 0.2595, 0
0.363833, -97.9241, [174], CHUNK, ['V'], VKLTPLCVTLNCTNVTNNITT-------------------------------------NMKGEIKN----CSFNT-T-TE--LRD-KK-KKE-YALF-YRLDVVQINNNQGNRSNNS------------------------------------------NTSYRLI---NCNTSVI-T---QA, 0.3530, 0
0.363833, -98.8286, 174, POINT, V, VKLTPLCVTLNCTNVTNNITT-------------------------------------NMKGEIKN----CSFNT-T-TE--LRD-KK-KKE-YALF-YRLDVVQINNNQGNRSNNS------------------------------------------NTSYRLI---NCNTSVI-T---QA, 0.3477, 0
0.355749, -120.2515, 59, POINT, T, VKLTPLCVTLNCTNVTNNITT-------------------------------------NTKGEIKN----CSFNM-T-TE--LRD-KK-KKE-YALF-YRLDVVQINNNQGNRSNNS------------------------------------------NTSYRLI---NCNTSAI-T---QA, 0.1120, 0
0.367663, 10.6937, [74, 79, 82], CHUNK, ['I', 'S', 'I'], VKLTPLCVTLNCTNVTNNITT-------------------------------------NMKGEIKN----CSFNI-T-TS--IRD-KK-KKE-YALF-YRLDVVQINNNQGNRSNNS------------------------------------------NTSYRLI---NCNTSAI-T---QA, 0.1992, 0
0.363771, -102.4809, [74, 79], CHUNK, ['I', 'N'], VKLTPLCVTLNCTNVTNNITT-------------------------------------NMKGEIKN----CSFNI-T-TN--LRD-KK-KKE-YALF-YRLDVVQINNNQGNRSNNS------------------------------------------NTSYRLI---NCNTSAI-T---QA, 0.4662, 0
0.363871, -113.8934, [74], CHUNK, ['I'], VKLTPLCVTLNCTNVTNNITT-------------------------------------NMKGEIKN----CSFNI-T-TE--LRD-KK-KKE-YALF-YRLDVVQINNNQGNRSNNS------------------------------------------NTSYRLI---NCNTSAI-T---QA, 0.1350, 0
0.352737, -96.8335, [174], CHUNK, ['V'], VKLTPLCVTLNCTNVTNNITT-------------------------------------NMKGEIKN----CSFNM-T-TE--LRD-KK-KKE-YALF-YRLDVVQINNNQGNRSNNS------------------------------------------NTEYRLI---NCNTSVI-T---QA, 0.4217, 0
0.349527, -118.6675, 74, POINT, T, VKLTPLCVTLNCTNVTNNITT-------------------------------------NMKGEIKN----CSFNT-T-TE--LRD-KK-KKE-YALF-YRLDVVQINNNQGNRSNNS------------------------------------------NTEYRLI---NCNTSAI-T---QA, 0.1120, 0
0.362846, -2.3269, [74, 79, 82], CHUNK, ['I', 'N', 'I'], VKLTPLCVTLNCTNVTNNITT-------------------------------------NMKGEIKN----CSFNI-T-TN--IRD-KK-KKE-YALF-YRLDVVQINNNQGNRSNNS------------------------------------------NTEYRLI---NCNTSAI-T---QA, 0.2888, 0
0.352478, -121.1950, 161, POINT, S, VKLTPLCVTLNCTNVTNNITT-------------------------------------NMKGEIKN----CSFNM-T-TE--LRD-KK-KKE-YALF-YRLDVVQINNNQGNRSNNS------------------------------------------NTSYRLI---NCNTSAI-T---QA, 0.1120, 1
0.363771, -110.1112, [74, 79], CHUNK, ['I', 'N'], VKLTPLCVTLNCTNVTNNITT-------------------------------------NMKGEIKN----CSFNI-T-TN--LRD-KK-KKE-YALF-YRLDVVQINNNQGNRSNNS------------------------------------------NTSYRLI---NCNTSAI-T---QA, 0.2714, 0
0.369869, -33.8970, [74, 79, 82], CHUNK, ['I', 'N', 'I'], VKLTPLCVTLNCTNVTNNITT-------------------------------------NMKGEIKN----CSFNI-T-TN--IRD-KK-KKE-YALF-YRLDVVQINNNQGNRSNNS------------------------------------------NTSYRLI---NCNTSAI-T---QA, 0.3174, 0
0.362121, -111.5172, [74, 79], CHUNK, ['I', 'S'], VKLTPLCVTLNCTNVTNNITT-------------------------------------NMKGEIKN----CSFNI-T-TS--LRD-KK-KKE-YALF-YRLDVVQINNNQGNRSNNS------------------------------------------NTSYRLI---NCNTSAI-T---QA, 0.1420, 0
0.356407, -121.6674, 104, POINT, P, VKLTPLCVTLNCTNVTNNITT-------------------------------------NMKGEIKN----CSFNM-T-TE--LRD-KK-KKE-YALF-YRLDVVPINNNQGNRSNNS------------------------------------------NTSYRLI---NCNTSAI-T---QA, 0.1120, 0
0.352737, -98.9443, [174], CHUNK, ['V'], VKLTPLCVTLNCTNVTNNITT-------------------------------------NMKGEIKN----CSFNM-T-TE--LRD-KK-KKE-YALF-YRLDVVQINNNQGNRSNNS------------------------------------------NTEYRLI---NCNTSVI-T---QA, 0.3799, 0
0.353099, -120.1228, 99, POINT, K, VKLTPLCVTLNCTNVTNNITT-------------------------------------NMKGEIKN----CSFNM-T-TE--LRD-KK-KKE-YALF-YKLDVVQINNNQGNRSNNS------------------------------------------NTEYRLI---NCNTSAI-T---QA, 0.1106, 0
0.356847, -107.8819, [74], CHUNK, ['I'], VKLTPLCVTLNCTNVTNNITT-------------------------------------NMKGEIKN----CSFNI-T-TE--LRD-KK-KKE-YALF-YRLDVVQINNNQGNRSNNS------------------------------------------NTEYRLI---NCNTSAI-T---QA, 0.1853, 0
0.357739, -120.5724, [99, 104], CHUNK, ['K', 'P'], VKLTPLCVTLNCTNVTNNITT-------------------------------------NMKGEIKN----CSFNM-T-TE--LRD-KK-KKE-YALF-YKLDVVPINNNQGNRSNNS------------------------------------------NTEYRLI---NCNTSAI-T---QA, 0.1088, 0
0.349487, -120.0395, [99], CHUNK, ['K'], VKLTPLCVTLNCTNVTNNITT-------------------------------------NMKGEIKN----CSFNM-T-TE--LRD-KK-KKE-YALF-YKLDVVQINENQGNRSNNS------------------------------------------NTEYRLI---NCNTSAI-T---QA, 0.1453, 0
0.353341, -112.8235, 74, POINT, I, VKLTPLCVTLNCTNVTNNITT-------------------------------------NMKGEIKN----CSFNI-T-TE--LRD-KK-KKE-YALF-YRLDVVQINENQGNRSNNS------------------------------------------NTEYRLI---NCNTSAI-T---QA, 0.1620, 0
0.353906, -119.5103, [99, 102, 104, 106, 107], CHUNK, ['K', 'I', 'P', 'D', 'N'], VKLTPLCVTLNCTNVTNNITT-------------------------------------NMKGEIKN----CSFNM-T-TE--LRD-KK-KKE-YALF-YKLDIVPIDNNQGNRSNNS------------------------------------------NTEYRLI---NCNTSAI-T---QA, 0.1118, 1
0.355790, -0.0413, 82, POINT, I, VKLTPLCVTLNCTNVTNNITT-------------------------------------NMKGEIKN----CSFNM-T-TE--IRD-KK-KKE-YALF-YKLDIVPIDNNQGNRSNNS------------------------------------------NTEYRLI---NCNTSAI-T---QA, 0.1710, 0
0.357864, -121.3311, 110, POINT, N, VKLTPLCVTLNCTNVTNNITT-------------------------------------NMKGEIKN----CSFNM-T-TE--LRD-KK-KKE-YALF-YKLDIVPIDNNQNNRSNNS------------------------------------------NTEYRLI---NCNTSAI-T---QA, 0.1330, 0
0.361189, -98.5288, [174], CHUNK, ['V'], VKLTPLCVTLNCTNVTNNITT-------------------------------------NMKGEIKN----CSFNM-T-TE--LRD-KK-KKE-YALF-YKLDIVPIDNNQGNRSNNS------------------------------------------NTEYRLI---NCNTSVI-T---QA, 0.4122, 0
0.356788, -118.6832, 18, POINT, T, VKLTPLCVTLNCTNVTNNTTT-------------------------------------NMKGEIKN----CSFNM-T-TE--LRD-KK-KKE-YALF-YKLDIVPIDNNQGNRSNNS------------------------------------------NTEYRLI---NCNTSAI-T---QA, 0.1099, 0
0.342707, -121.3637, 107, POINT, D, VKLTPLCVTLNCTNVTNNITT-------------------------------------NMKGEIKN----CSFNM-T-TE--LRD-KK-KKE-YALF-YRLDVVQINDNQGNRSNNS------------------------------------------NTEYRLI---NCNTSAI-T---QA, 0.1118, 1
0.345455, -121.4198, 107, POINT, N, VKLTPLCVTLNCTNVTNNITT-------------------------------------NMKGEIKN----CSFNM-T-TE--LRD-KK-KKE-YALF-YRLDVVQINNNQGNRSNNS------------------------------------------NTEYRLI---NCNTSAI-T---QA, 0.1118, 0
0.343177, -123.8372, 60, POINT, N, VKLTPLCVTLNCTNVTNNITT-------------------------------------NMNGEIKN----CSFNM-T-TE--LRD-KK-KKE-YALF-YRLDVVQINDNQGNRSNNS------------------------------------------NTEYRLI---NCNTSAI-T---QA, 0.1118, 1
------END OF DATA------
Best coverage = 0.356550608578
Best sequence = VKLTPLCVTLNCTNVTNNITT-------------------------------------NMKGEIKN----CSFNT-T-TE--LRD-KK-KKE-YALF-YRLDVVQINNNQGNRSNNS------------------------------------------NTSYRLI---NCNTSAI-T---QA
Best energy = -118.238320663
Best RMSD = 0.111974060535
Hard Covereage = 0.0711313774565
Num epitopes = 66
