Name base = V1V2_200_sq_6_4_ni
Iters = 200
Soft coverage = 1.31203964383
Energy = -128.717377515
Hard Covereage = 0.0368019545157
Num epitopes = 65
Initial seq = VKLTPLCVTLQCTNVTNNITD-------------------------------------DMRGELKN----CSFNM-T-TE--LRD-KK-QKV-YSLF-YRLDVVQINENQGNRSNNS------------------------------------------NKEYRLI---NCNTSAI-T---QA
-------START OF DATA------
1.331461, -129.6318, 20, POINT, N, VKLTPLCVTLQCTNVTNNITN-------------------------------------DMRGELKN----CSFNM-T-TE--LRD-KK-QKV-YSLF-YRLDVVQINENQGNRSNNS------------------------------------------NKEYRLI---NCNTSAI-T---QA, 0.0788, 1
1.331605, -130.5379, 83, POINT, K, VKLTPLCVTLQCTNVTNNITN-------------------------------------DMRGELKN----CSFNM-T-TE--LKD-KK-QKV-YSLF-YRLDVVQINENQGNRSNNS------------------------------------------NKEYRLI---NCNTSAI-T---QA, 0.0788, 1
1.375676, -89.8200, [58, 59, 60, 61, 63], CHUNK, ['S', 'I', 'T', 'K', 'M'], VKLTPLCVTLQCTNVTNNITN-------------------------------------SITKEMKN----CSFNM-T-TE--LKD-KK-QKV-YSLF-YRLDVVQINENQGNRSNNS------------------------------------------NKEYRLI---NCNTSAI-T---QA, 0.1446, 0
1.345785, -130.5058, 79, POINT, T, VKLTPLCVTLQCTNVTNNITN-------------------------------------DMRGELKN----CSFNM-T-TT--LKD-KK-QKV-YSLF-YRLDVVQINENQGNRSNNS------------------------------------------NKEYRLI---NCNTSAI-T---QA, 0.0772, 1
1.362157, -115.7047, 74, POINT, V, VKLTPLCVTLQCTNVTNNITN-------------------------------------DMRGELKN----CSFNV-T-TT--LKD-KK-QKV-YSLF-YRLDVVQINENQGNRSNNS------------------------------------------NKEYRLI---NCNTSAI-T---QA, 0.1354, 0
1.360972, -129.7059, 161, POINT, S, VKLTPLCVTLQCTNVTNNITN-------------------------------------DMRGELKN----CSFNM-T-TT--LKD-KK-QKV-YSLF-YRLDVVQINENQGNRSNNS------------------------------------------NKSYRLI---NCNTSAI-T---QA, 0.0772, 1
1.391097, -128.8848, [10], CHUNK, ['T'], VKLTPLCVTLTCTNVTNNITN-------------------------------------DMRGELKN----CSFNM-T-TT--LKD-KK-QKV-YSLF-YRLDVVQINENQGNRSNNS------------------------------------------NKSYRLI---NCNTSAI-T---QA, 0.0772, 1
1.409244, -124.3978, [74, 79], CHUNK, ['T', 'E'], VKLTPLCVTLTCTNVTNNITN-------------------------------------DMRGELKN----CSFNT-T-TE--LKD-KK-QKV-YSLF-YRLDVVQINENQGNRSNNS------------------------------------------NKSYRLI---NCNTSAI-T---QA, 0.0733, 1
1.436993, -124.3013, [160], CHUNK, ['T'], VKLTPLCVTLTCTNVTNNITN-------------------------------------DMRGELKN----CSFNT-T-TE--LKD-KK-QKV-YSLF-YRLDVVQINENQGNRSNNS------------------------------------------NTSYRLI---NCNTSAI-T---QA, 0.0733, 1
1.472286, -122.8489, 109, POINT, T, VKLTPLCVTLTCTNVTNNITN-------------------------------------DMRGELKN----CSFNT-T-TE--LKD-KK-QKV-YSLF-YRLDVVQINENTGNRSNNS------------------------------------------NTSYRLI---NCNTSAI-T---QA, 0.0733, 1
1.489700, -121.0264, [99, 102], CHUNK, ['T', 'I'], VKLTPLCVTLTCTNVTNNITN-------------------------------------DMRGELKN----CSFNT-T-TE--LKD-KK-QKV-YSLF-YTLDIVQINENTGNRSNNS------------------------------------------NTSYRLI---NCNTSAI-T---QA, 0.0733, 1
1.502836, -120.5651, 103, POINT, T, VKLTPLCVTLTCTNVTNNITN-------------------------------------DMRGELKN----CSFNT-T-TE--LKD-KK-QKV-YSLF-YTLDITQINENTGNRSNNS------------------------------------------NTSYRLI---NCNTSAI-T---QA, 0.0733, 1
1.521866, -121.3010, [10], CHUNK, ['N'], VKLTPLCVTLNCTNVTNNITN-------------------------------------DMRGELKN----CSFNT-T-TE--LKD-KK-QKV-YSLF-YTLDITQINENTGNRSNNS------------------------------------------NTSYRLI---NCNTSAI-T---QA, 0.0733, 0
1.510560, -28.9536, [79, 82], CHUNK, ['S', 'V'], VKLTPLCVTLTCTNVTNNITN-------------------------------------DMRGELKN----CSFNT-T-TS--VKD-KK-QKV-YSLF-YTLDITQINENTGNRSNNS------------------------------------------NTSYRLI---NCNTSAI-T---QA, 0.0854, 0
1.523423, -120.6260, 104, POINT, S, VKLTPLCVTLTCTNVTNNITN-------------------------------------DMRGELKN----CSFNT-T-TE--LKD-KK-QKV-YSLF-YTLDITSINENTGNRSNNS------------------------------------------NTSYRLI---NCNTSAI-T---QA, 0.0632, 1
1.538399, -120.1556, [116], CHUNK, ['T'], VKLTPLCVTLTCTNVTNNITN-------------------------------------DMRGELKN----CSFNT-T-TE--LKD-KK-QKV-YSLF-YTLDITSINENTGNRSNNT------------------------------------------NTSYRLI---NCNTSAI-T---QA, 0.0632, 0
1.542454, -121.3508, [10], CHUNK, ['N'], VKLTPLCVTLNCTNVTNNITN-------------------------------------DMRGELKN----CSFNT-T-TE--LKD-KK-QKV-YSLF-YTLDITSINENTGNRSNNS------------------------------------------NTSYRLI---NCNTSAI-T---QA, 0.0632, 0
1.541866, -102.5444, 61, POINT, T, VKLTPLCVTLTCTNVTNNITN-------------------------------------DMRTELKN----CSFNT-T-TE--LKD-KK-QKV-YSLF-YTLDITSINENTGNRSNNS------------------------------------------NTSYRLI---NCNTSAI-T---QA, 0.0872, 0
1.537714, -15.8562, [79, 82, 83], CHUNK, ['S', 'I', 'R'], VKLTPLCVTLTCTNVTNNITN-------------------------------------DMRGELKN----CSFNT-T-TS--IRD-KK-QKV-YSLF-YTLDITSINENTGNRSNNS------------------------------------------NTSYRLI---NCNTSAI-T---QA, 0.4738, 0
1.518839, -117.8707, 98, POINT, N, VKLTPLCVTLTCTNVTNNITN-------------------------------------DMRGELKN----CSFNT-T-TE--LKD-KK-QKV-YSLF-NTLDITQINENTGNRSNNS------------------------------------------NTSYRLI---NCNTSAI-T---QA, 0.0733, 0
1.521866, -121.3601, [10], CHUNK, ['N'], VKLTPLCVTLNCTNVTNNITN-------------------------------------DMRGELKN----CSFNT-T-TE--LKD-KK-QKV-YSLF-YTLDITQINENTGNRSNNS------------------------------------------NTSYRLI---NCNTSAI-T---QA, 0.1109, 1
1.536568, -119.3538, [174], CHUNK, ['T'], VKLTPLCVTLNCTNVTNNITN-------------------------------------DMRGELKN----CSFNT-T-TE--LKD-KK-QKV-YSLF-YTLDITQINENTGNRSNNS------------------------------------------NTSYRLI---NCNTSTI-T---QA, 0.1109, 0
1.536568, -119.7044, [174], CHUNK, ['T'], VKLTPLCVTLNCTNVTNNITN-------------------------------------DMRGELKN----CSFNT-T-TE--LKD-KK-QKV-YSLF-YTLDITQINENTGNRSNNS------------------------------------------NTSYRLI---NCNTSTI-T---QA, 0.1602, 1
1.568729, -78.9916, [59, 60, 61, 63], CHUNK, ['S', 'N', 'E', 'A'], VKLTPLCVTLNCTNVTNNITN-------------------------------------DSNEEAKN----CSFNT-T-TE--LKD-KK-QKV-YSLF-YTLDITQINENTGNRSNNS------------------------------------------NTSYRLI---NCNTSTI-T---QA, 0.2132, 0
1.549971, -71.8878, [59, 60, 61, 63], CHUNK, ['S', 'A', 'Q', 'I'], VKLTPLCVTLNCTNVTNNITN-------------------------------------DSAQEIKN----CSFNT-T-TE--LKD-KK-QKV-YSLF-YTLDITQINENTGNRSNNS------------------------------------------NTSYRLI---NCNTSTI-T---QA, 0.3842, 0
1.557273, -120.6918, [108, 109, 110, 111, 112, 113], CHUNK, ['D', 'N', 'K', 'T', 'T', 'N'], VKLTPLCVTLNCTNVTNNITN-------------------------------------DMRGELKN----CSFNT-T-TE--LKD-KK-QKV-YSLF-YTLDITQINEDNKTTNNNS------------------------------------------NTSYRLI---NCNTSTI-T---QA, 0.1602, 0
1.572181, -119.4040, [102, 103, 104, 107], CHUNK, ['V', 'V', 'S', 'N'], VKLTPLCVTLNCTNVTNNITN-------------------------------------DMRGELKN----CSFNT-T-TE--LKD-KK-QKV-YSLF-YTLDVVSINNNTGNRSNNS------------------------------------------NTSYRLI---NCNTSTI-T---QA, 0.1602, 0
1.528165, -121.5701, 107, POINT, D, VKLTPLCVTLNCTNVTNNITN-------------------------------------DMRGELKN----CSFNT-T-TE--LKD-KK-QKV-YSLF-YTLDITQINDNTGNRSNNS------------------------------------------NTSYRLI---NCNTSAI-T---QA, 0.1059, 1
1.554701, -119.2689, 14, POINT, N, VKLTPLCVTLNCTNNTNNITN-------------------------------------DMRGELKN----CSFNT-T-TE--LKD-KK-QKV-YSLF-YTLDITQINDNTGNRSNNS------------------------------------------NTSYRLI---NCNTSAI-T---QA, 0.1059, 0
1.548526, -121.0761, 104, POINT, S, VKLTPLCVTLNCTNVTNNITN-------------------------------------DMRGELKN----CSFNT-T-TE--LKD-KK-QKV-YSLF-YTLDITSINDNTGNRSNNS------------------------------------------NTSYRLI---NCNTSAI-T---QA, 0.1051, 1
1.553291, -118.7967, 63, POINT, I, VKLTPLCVTLNCTNVTNNITN-------------------------------------DMRGEIKN----CSFNT-T-TE--LKD-KK-QKV-YSLF-YTLDITSINDNTGNRSNNS------------------------------------------NTSYRLI---NCNTSAI-T---QA, 0.1120, 1
1.562519, -118.4112, [89, 91, 94], CHUNK, ['K', 'E', 'A'], VKLTPLCVTLNCTNVTNNITN-------------------------------------DMRGEIKN----CSFNT-T-TE--LKD-KK-KKE-YALF-YTLDITSINDNTGNRSNNS------------------------------------------NTSYRLI---NCNTSAI-T---QA, 0.1120, 0
1.567077, -120.8183, [163], CHUNK, ['T'], VKLTPLCVTLNCTNVTNNITN-------------------------------------DMRGEIKN----CSFNT-T-TE--LKD-KK-QKV-YSLF-YTLDITSINDNTGNRSNNS------------------------------------------NTSYTLI---NCNTSAI-T---QA, 0.0856, 0
1.580328, -118.9254, 107, POINT, N, VKLTPLCVTLNCTNVTNNITN-------------------------------------DMRGEIKN----CSFNT-T-TE--LKD-KK-QKV-YSLF-YTLDITSINNNTGNRSNNS------------------------------------------NTSYRLI---NCNTSAI-T---QA, 0.1120, 1
1.590257, -117.2245, 165, POINT, T, VKLTPLCVTLNCTNVTNNITN-------------------------------------DMRGEIKN----CSFNT-T-TE--LKD-KK-QKV-YSLF-YTLDITSINNNTGNRSNNS------------------------------------------NTSYRLT---NCNTSAI-T---QA, 0.1104, 0
1.585989, -114.4216, 58, POINT, I, VKLTPLCVTLNCTNVTNNITN-------------------------------------IMRGEIKN----CSFNT-T-TE--LKD-KK-QKV-YSLF-YTLDITSINNNTGNRSNNS------------------------------------------NTSYRLI---NCNTSAI-T---QA, 0.1713, 0
1.585381, -119.1751, 59, POINT, E, VKLTPLCVTLNCTNVTNNITN-------------------------------------DERGEIKN----CSFNT-T-TE--LKD-KK-QKV-YSLF-YTLDITSINNNTGNRSNNS------------------------------------------NTSYRLI---NCNTSAI-T---QA, 0.1120, 1
1.600082, -117.0396, [174], CHUNK, ['T'], VKLTPLCVTLNCTNVTNNITN-------------------------------------DERGEIKN----CSFNT-T-TE--LKD-KK-QKV-YSLF-YTLDITSINNNTGNRSNNS------------------------------------------NTSYRLI---NCNTSTI-T---QA, 0.1120, 0
1.608874, -117.9966, 18, POINT, T, VKLTPLCVTLNCTNVTNNTTN-------------------------------------DERGEIKN----CSFNT-T-TE--LKD-KK-QKV-YSLF-YTLDITSINNNTGNRSNNS------------------------------------------NTSYRLI---NCNTSAI-T---QA, 0.1120, 0
1.592394, -100.6989, 174, POINT, V, VKLTPLCVTLNCTNVTNNITN-------------------------------------DERGEIKN----CSFNT-T-TE--LKD-KK-QKV-YSLF-YTLDITSINNNTGNRSNNS------------------------------------------NTSYRLI---NCNTSVI-T---QA, 0.3712, 0
1.606210, -118.5032, [79], CHUNK, ['N'], VKLTPLCVTLNCTNVTNNITN-------------------------------------DERGEIKN----CSFNT-T-TN--LKD-KK-QKV-YSLF-YTLDITSINNNTGNRSNNS------------------------------------------NTSYRLI---NCNTSAI-T---QA, 0.1120, 0
1.601157, -118.2534, [79], CHUNK, ['N'], VKLTPLCVTLNCTNVTNNITN-------------------------------------DMRGEIKN----CSFNT-T-TN--LKD-KK-QKV-YSLF-YTLDITSINNNTGNRSNNS------------------------------------------NTSYRLI---NCNTSAI-T---QA, 0.1120, 0
1.587342, -100.8537, [174], CHUNK, ['V'], VKLTPLCVTLNCTNVTNNITN-------------------------------------DMRGEIKN----CSFNT-T-TE--LKD-KK-QKV-YSLF-YTLDITSINNNTGNRSNNS------------------------------------------NTSYRLI---NCNTSVI-T---QA, 0.4005, 0
1.588271, -118.6698, 89, POINT, K, VKLTPLCVTLNCTNVTNNITN-------------------------------------DMRGEIKN----CSFNT-T-TE--LKD-KK-KKV-YSLF-YTLDITSINNNTGNRSNNS------------------------------------------NTSYRLI---NCNTSAI-T---QA, 0.1120, 0
1.595029, -116.8704, [174], CHUNK, ['T'], VKLTPLCVTLNCTNVTNNITN-------------------------------------DMRGEIKN----CSFNT-T-TE--LKD-KK-QKV-YSLF-YTLDITSINNNTGNRSNNS------------------------------------------NTSYRLI---NCNTSTI-T---QA, 0.1096, 0
1.562503, -118.0866, 79, POINT, S, VKLTPLCVTLNCTNVTNNITN-------------------------------------DMRGEIKN----CSFNT-T-TS--LKD-KK-QKV-YSLF-YTLDITSINDNTGNRSNNS------------------------------------------NTSYRLI---NCNTSAI-T---QA, 0.1098, 0
1.567582, 1.6423, [79, 82, 83], CHUNK, ['S', 'I', 'R'], VKLTPLCVTLNCTNVTNNITN-------------------------------------DMRGEIKN----CSFNT-T-TS--IRD-KK-QKV-YSLF-YTLDITSINDNTGNRSNNS------------------------------------------NTSYRLI---NCNTSAI-T---QA, 0.4570, 0
1.566398, -118.7940, 59, POINT, I, VKLTPLCVTLNCTNVTNNITN-------------------------------------DIRGEIKN----CSFNT-T-TE--LKD-KK-QKV-YSLF-YTLDITSINDNTGNRSNNS------------------------------------------NTSYRLI---NCNTSAI-T---QA, 0.1178, 0
1.560305, -97.7271, [174], CHUNK, ['V'], VKLTPLCVTLNCTNVTNNITN-------------------------------------DMRGEIKN----CSFNT-T-TE--LKD-KK-QKV-YSLF-YTLDITSINDNTGNRSNNS------------------------------------------NTSYRLI---NCNTSVI-T---QA, 0.2584, 0
1.578965, -1.8393, [82, 83, 84], CHUNK, ['I', 'T', 'N'], VKLTPLCVTLNCTNVTNNITN-------------------------------------DMRGELKN----CSFNT-T-TE--ITN-KK-QKV-YSLF-YTLDITSINDNTGNRSNNS------------------------------------------NTSYRLI---NCNTSAI-T---QA, 0.1820, 0
1.562542, 0.3847, [79, 82], CHUNK, ['S', 'I'], VKLTPLCVTLNCTNVTNNITN-------------------------------------DMRGELKN----CSFNT-T-TS--IKD-KK-QKV-YSLF-YTLDITSINDNTGNRSNNS------------------------------------------NTSYRLI---NCNTSAI-T---QA, 0.1605, 0
1.568186, -121.3513, 14, POINT, T, VKLTPLCVTLNCTNTTNNITN-------------------------------------DMRGELKN----CSFNT-T-TE--LKD-KK-QKV-YSLF-YTLDITSINDNTGNRSNNS------------------------------------------NTSYRLI---NCNTSAI-T---QA, 0.1051, 1
1.581972, -123.0936, [163], CHUNK, ['T'], VKLTPLCVTLNCTNTTNNITN-------------------------------------DMRGELKN----CSFNT-T-TE--LKD-KK-QKV-YSLF-YTLDITSINDNTGNRSNNS------------------------------------------NTSYTLI---NCNTSAI-T---QA, 0.1051, 1
1.589648, -121.2394, [174, 175], CHUNK, ['T', 'V'], VKLTPLCVTLNCTNTTNNITN-------------------------------------DMRGELKN----CSFNT-T-TE--LKD-KK-QKV-YSLF-YTLDITSINDNTGNRSNNS------------------------------------------NTSYTLI---NCNTSTV-T---QA, 0.1051, 1
1.606905, -116.8926, [82, 83], CHUNK, ['T', 'S'], VKLTPLCVTLNCTNTTNNITN-------------------------------------DMRGELKN----CSFNT-T-TE--TSD-KK-QKV-YSLF-YTLDITSINDNTGNRSNNS------------------------------------------NTSYTLI---NCNTSTV-T---QA, 0.0902, 0
1.604530, -117.3167, [59, 60, 63], CHUNK, ['I', 'K', 'V'], VKLTPLCVTLNCTNTTNNITN-------------------------------------DIKGEVKN----CSFNT-T-TE--LKD-KK-QKV-YSLF-YTLDITSINDNTGNRSNNS------------------------------------------NTSYTLI---NCNTSTV-T---QA, 0.1369, 0
1.610478, -120.5677, [79], CHUNK, ['N'], VKLTPLCVTLNCTNTTNNITN-------------------------------------DMRGELKN----CSFNT-T-TN--LKD-KK-QKV-YSLF-YTLDITSINDNTGNRSNNS------------------------------------------NTSYTLI---NCNTSTV-T---QA, 0.1051, 0
1.603664, -56.9673, [79, 82], CHUNK, ['S', 'I'], VKLTPLCVTLNCTNTTNNITN-------------------------------------DMRGELKN----CSFNT-T-TS--IKD-KK-QKV-YSLF-YTLDITSINDNTGNRSNNS------------------------------------------NTSYTLI---NCNTSTV-T---QA, 0.2846, 0
1.589088, -106.6166, [174], CHUNK, ['V'], VKLTPLCVTLNCTNTTNNITN-------------------------------------DMRGELKN----CSFNT-T-TE--LKD-KK-QKV-YSLF-YTLDITSINDNTGNRSNNS------------------------------------------NTSYTLI---NCNTSVI-T---QA, 0.3440, 0
1.597087, -121.1371, [174], CHUNK, ['T'], VKLTPLCVTLNCTNTTNNITN-------------------------------------DMRGELKN----CSFNT-T-TE--LKD-KK-QKV-YSLF-YTLDITSINDNTGNRSNNS------------------------------------------NTSYTLI---NCNTSTI-T---QA, 0.1051, 1
1.609109, -122.1629, 84, POINT, N, VKLTPLCVTLNCTNTTNNITN-------------------------------------DMRGELKN----CSFNT-T-TE--LKN-KK-QKV-YSLF-YTLDITSINDNTGNRSNNS------------------------------------------NTSYTLI---NCNTSTI-T---QA, 0.1027, 1
1.614195, -3.6143, 82, POINT, I, VKLTPLCVTLNCTNTTNNITN-------------------------------------DMRGELKN----CSFNT-T-TE--IKN-KK-QKV-YSLF-YTLDITSINDNTGNRSNNS------------------------------------------NTSYTLI---NCNTSTI-T---QA, 0.1710, 0
1.619077, -1.1751, [79, 82, 83], CHUNK, ['S', 'I', 'R'], VKLTPLCVTLNCTNTTNNITN-------------------------------------DMRGELKN----CSFNT-T-TS--IRN-KK-QKV-YSLF-YTLDITSINDNTGNRSNNS------------------------------------------NTSYTLI---NCNTSTI-T---QA, 0.1023, 0
1.617775, -122.1260, 89, POINT, K, VKLTPLCVTLNCTNTTNNITN-------------------------------------DMRGELKN----CSFNT-T-TE--LKN-KK-KKV-YSLF-YTLDITSINDNTGNRSNNS------------------------------------------NTSYTLI---NCNTSTI-T---QA, 0.1003, 1
1.620903, -121.9532, [90, 91, 94], CHUNK, ['T', 'E', 'A'], VKLTPLCVTLNCTNTTNNITN-------------------------------------DMRGELKN----CSFNT-T-TE--LKN-KK-KTE-YALF-YTLDITSINDNTGNRSNNS------------------------------------------NTSYTLI---NCNTSTI-T---QA, 0.1003, 0
1.631279, -120.6905, 93, POINT, N, VKLTPLCVTLNCTNTTNNITN-------------------------------------DMRGELKN----CSFNT-T-TE--LKN-KK-KKV-NSLF-YTLDITSINDNTGNRSNNS------------------------------------------NTSYTLI---NCNTSTI-T---QA, 0.1039, 1
1.635801, -33.0588, [82], CHUNK, ['I'], VKLTPLCVTLNCTNTTNNITN-------------------------------------DMRGELKN----CSFNT-T-TE--IKN-KK-KKV-NSLF-YTLDITSINDNTGNRSNNS------------------------------------------NTSYTLI---NCNTSTI-T---QA, 0.2808, 0
1.652215, -118.2711, 18, POINT, N, VKLTPLCVTLNCTNTTNNNTN-------------------------------------DMRGELKN----CSFNT-T-TE--LKN-KK-KKV-NSLF-YTLDITSINDNTGNRSNNS------------------------------------------NTSYTLI---NCNTSTI-T---QA, 0.1039, 0
1.638106, -122.7757, [107, 108, 109, 110], CHUNK, ['E', 'S', 'S', 'N'], VKLTPLCVTLNCTNTTNNITN-------------------------------------DMRGELKN----CSFNT-T-TE--LKN-KK-KKV-NSLF-YTLDITSINESSNNRSNNS------------------------------------------NTSYTLI---NCNTSTI-T---QA, 0.1039, 0
1.632583, -99.2970, [61, 63, 64], CHUNK, ['T', 'I', 'Q'], VKLTPLCVTLNCTNTTNNITN-------------------------------------DMRTEIQN----CSFNT-T-TE--LKN-KK-KKV-NSLF-YTLDITSINDNTGNRSNNS------------------------------------------NTSYTLI---NCNTSTI-T---QA, 0.1016, 0
1.634350, -120.8696, [113, 115, 116], CHUNK, ['T', 'S', 'N'], VKLTPLCVTLNCTNTTNNITN-------------------------------------DMRGELKN----CSFNT-T-TE--LKN-KK-KKV-YSLF-YTLDITSINDNTGNRTNSN------------------------------------------NTSYTLI---NCNTSTI-T---QA, 0.1003, 0
1.618730, -120.9930, [105, 107, 109, 110], CHUNK, ['L', 'E', 'S', 'S'], VKLTPLCVTLNCTNTTNNITN-------------------------------------DMRGELKN----CSFNT-T-TE--LKN-KK-KKV-YSLF-YTLDITSLNENSSNRSNNS------------------------------------------NTSYTLI---NCNTSTI-T---QA, 0.1003, 1
1.639108, -120.1147, [79], CHUNK, ['N'], VKLTPLCVTLNCTNTTNNITN-------------------------------------DMRGELKN----CSFNT-T-TN--LKN-KK-KKV-YSLF-YTLDITSLNENSSNRSNNS------------------------------------------NTSYTLI---NCNTSTI-T---QA, 0.1003, 0
1.620190, -121.3089, 16, POINT, T, VKLTPLCVTLNCTNTTTNITN-------------------------------------DMRGELKN----CSFNT-T-TE--LKN-KK-KKV-YSLF-YTLDITSLNENSSNRSNNS------------------------------------------NTSYTLI---NCNTSTI-T---QA, 0.1003, 0
1.644516, -119.5450, 18, POINT, T, VKLTPLCVTLNCTNTTNNTTN-------------------------------------DMRGELKN----CSFNT-T-TE--LKN-KK-KKV-YSLF-YTLDITSLNENSSNRSNNS------------------------------------------NTSYTLI---NCNTSTI-T---QA, 0.1032, 0
1.623495, -119.2389, [63], CHUNK, ['I'], VKLTPLCVTLNCTNTTNNITN-------------------------------------DMRGEIKN----CSFNT-T-TE--LKN-KK-KKV-YSLF-YTLDITSLNENSSNRSNNS------------------------------------------NTSYTLI---NCNTSTI-T---QA, 0.1003, 0
1.643560, -120.6071, 18, POINT, T, VKLTPLCVTLNCTNTTNNTTN-------------------------------------DMRGELKN----CSFNT-T-TE--LKN-KK-KKV-YSLF-YTLDITSINDNTGNRSNNS------------------------------------------NTSYTLI---NCNTSTI-T---QA, 0.1003, 0
1.652335, -87.9807, [58, 59, 60, 61, 62], CHUNK, ['T', 'E', 'N', 'E', 'Q'], VKLTPLCVTLNCTNTTNNITN-------------------------------------TENEQLKN----CSFNT-T-TE--LKN-KK-KKV-YSLF-YTLDITSINDNTGNRSNNS------------------------------------------NTSYTLI---NCNTSTI-T---QA, 0.0930, 0
1.623995, -113.7505, [60, 63], CHUNK, ['I', 'I'], VKLTPLCVTLNCTNTTNNITN-------------------------------------DMIGEIKN----CSFNT-T-TE--LKN-KK-KKV-YSLF-YTLDITSINDNTGNRSNNS------------------------------------------NTSYTLI---NCNTSTI-T---QA, 0.1024, 0
1.637980, -117.3866, 60, POINT, T, VKLTPLCVTLNCTNTTNNITN-------------------------------------DMTGELKN----CSFNT-T-TE--LKN-KK-KKV-YSLF-YTLDITSINDNTGNRSNNS------------------------------------------NTSYTLI---NCNTSTI-T---QA, 0.1005, 0
1.618893, -118.1554, [60, 63], CHUNK, ['K', 'I'], VKLTPLCVTLNCTNTTNNITN-------------------------------------DMKGEIKN----CSFNT-T-TE--LKN-KK-QKV-YSLF-YTLDITSINDNTGNRSNNS------------------------------------------NTSYTLI---NCNTSTI-T---QA, 0.1068, 0
1.618063, -122.7227, [102, 103, 107], CHUNK, ['V', 'V', 'N'], VKLTPLCVTLNCTNTTNNITN-------------------------------------DMRGELKN----CSFNT-T-TE--LKN-KK-QKV-YSLF-YTLDVVSINNNTGNRSNNS------------------------------------------NTSYTLI---NCNTSTI-T---QA, 0.1027, 1
1.634051, -122.3699, [116], CHUNK, ['T'], VKLTPLCVTLNCTNTTNNITN-------------------------------------DMRGELKN----CSFNT-T-TE--LKN-KK-QKV-YSLF-YTLDVVSINNNTGNRSNNT------------------------------------------NTSYTLI---NCNTSTI-T---QA, 0.1022, 0
1.628031, -0.6101, [79, 82, 83], CHUNK, ['S', 'I', 'R'], VKLTPLCVTLNCTNTTNNITN-------------------------------------DMRGELKN----CSFNT-T-TS--IRN-KK-QKV-YSLF-YTLDVVSINNNTGNRSNNS------------------------------------------NTSYTLI---NCNTSTI-T---QA, 0.1215, 0
1.637480, -122.2253, 103, POINT, T, VKLTPLCVTLNCTNTTNNITN-------------------------------------DMRGELKN----CSFNT-T-TE--LKN-KK-QKV-YSLF-YTLDVTSINNNTGNRSNNS------------------------------------------NTSYTLI---NCNTSTI-T---QA, 0.1027, 0
1.638999, -121.0863, 18, POINT, N, VKLTPLCVTLNCTNTTNNNTN-------------------------------------DMRGELKN----CSFNT-T-TE--LKN-KK-QKV-YSLF-YTLDVVSINNNTGNRSNNS------------------------------------------NTSYTLI---NCNTSTI-T---QA, 0.0934, 0
1.636146, -122.2916, 107, POINT, N, VKLTPLCVTLNCTNTTNNITN-------------------------------------DMRGELKN----CSFNT-T-TE--LKN-KK-QKV-YSLF-YTLDITSINNNTGNRSNNS------------------------------------------NTSYTLI---NCNTSTI-T---QA, 0.1027, 0
1.632575, -85.8174, [58, 59, 61], CHUNK, ['T', 'G', 'E'], VKLTPLCVTLNCTNTTNNITN-------------------------------------TGREELKN----CSFNT-T-TE--LKN-KK-QKV-YSLF-YTLDITSINDNTGNRSNNS------------------------------------------NTSYTLI---NCNTSTI-T---QA, 0.1027, 0
1.615416, -30.3123, [79, 82], CHUNK, ['S', 'V'], VKLTPLCVTLNCTNTTNNITN-------------------------------------DMRGELKN----CSFNT-T-TS--VKN-KK-QKV-YSLF-YTLDITSINDNTGNRSNNS------------------------------------------NTSYTLI---NCNTSTI-T---QA, 0.1027, 0
1.621396, 2.3550, [79, 82, 84], CHUNK, ['S', 'I', 'T'], VKLTPLCVTLNCTNTTNNITN-------------------------------------DMRGELKN----CSFNT-T-TS--IKT-KK-QKV-YSLF-YTLDITSINDNTGNRSNNS------------------------------------------NTSYTLI---NCNTSTI-T---QA, 0.1605, 0
1.611240, -120.0662, [93], CHUNK, ['T'], VKLTPLCVTLNCTNTTNNITN-------------------------------------DMRGELKN----CSFNT-T-TE--LKD-KK-QKV-TSLF-YTLDITSINDNTGNRSNNS------------------------------------------NTSYTLI---NCNTSTI-T---QA, 0.1285, 0
1.611687, -117.4962, [59, 60, 63], CHUNK, ['E', 'K', 'I'], VKLTPLCVTLNCTNTTNNITN-------------------------------------DEKGEIKN----CSFNT-T-TE--LKD-KK-QKV-YSLF-YTLDITSINDNTGNRSNNS------------------------------------------NTSYTLI---NCNTSTI-T---QA, 0.1312, 0
1.605030, -120.8867, 89, POINT, K, VKLTPLCVTLNCTNTTNNITN-------------------------------------DMRGELKN----CSFNT-T-TE--LKD-KK-KKV-YSLF-YTLDITSINDNTGNRSNNS------------------------------------------NTSYTLI---NCNTSTI-T---QA, 0.1051, 0
1.617292, -116.2983, 60, POINT, T, VKLTPLCVTLNCTNTTNNITN-------------------------------------DMTGELKN----CSFNT-T-TE--LKD-KK-QKV-YSLF-YTLDITSINDNTGNRSNNS------------------------------------------NTSYTLI---NCNTSTI-T---QA, 0.1051, 1
1.626504, -115.5010, 79, POINT, S, VKLTPLCVTLNCTNTTNNITN-------------------------------------DMTGELKN----CSFNT-T-TS--LKD-KK-QKV-YSLF-YTLDITSINDNTGNRSNNS------------------------------------------NTSYTLI---NCNTSTI-T---QA, 0.1051, 0
1.624416, -115.7112, 107, POINT, S, VKLTPLCVTLNCTNTTNNITN-------------------------------------DMTGELKN----CSFNT-T-TE--LKD-KK-QKV-YSLF-YTLDITSINSNTGNRSNNS------------------------------------------NTSYTLI---NCNTSTI-T---QA, 0.1040, 0
1.625317, -115.2619, [64], CHUNK, ['T'], VKLTPLCVTLNCTNTTNNITN-------------------------------------DMTGELTN----CSFNT-T-TE--LKD-KK-QKV-YSLF-YTLDITSINDNTGNRSNNS------------------------------------------NTSYTLI---NCNTSTI-T---QA, 0.1051, 0
1.644329, -116.8284, 107, POINT, N, VKLTPLCVTLNCTNTTNNITN-------------------------------------DMTGELKN----CSFNT-T-TE--LKD-KK-QKV-YSLF-YTLDITSINNNTGNRSNNS------------------------------------------NTSYTLI---NCNTSTI-T---QA, 0.0996, 0
1.604522, -120.0838, [93, 94], CHUNK, ['N', 'A'], VKLTPLCVTLNCTNTTNNITN-------------------------------------DMRGELKN----CSFNT-T-TE--LKD-KK-QKV-NALF-YTLDITSINDNTGNRSNNS------------------------------------------NTSYTLI---NCNTSTI-T---QA, 0.0963, 0
1.609994, -65.0716, [82, 83], CHUNK, ['V', 'T'], VKLTPLCVTLNCTNTTNNITN-------------------------------------DMRGELKN----CSFNT-T-TE--VTD-KK-QKV-YSLF-YTLDITSINDNTGNRSNNS------------------------------------------NTSYTLI---NCNTSTI-T---QA, 0.1956, 0
1.630149, -98.8587, [59, 60, 61, 62, 63], CHUNK, ['I', 'T', 'S', 'D', 'M'], VKLTPLCVTLNCTNTTNNITN-------------------------------------DITSDMKN----CSFNT-T-TE--LKD-KK-QKV-YSLF-YTLDITSINDNTGNRSNNS------------------------------------------NTSYTLI---NCNTSTI-T---QA, 0.1068, 0
1.598313, -120.7746, 91, POINT, E, VKLTPLCVTLNCTNTTNNITN-------------------------------------DMRGELKN----CSFNT-T-TE--LKD-KK-QKE-YSLF-YTLDITSINDNTGNRSNNS------------------------------------------NTSYTLI---NCNTSTI-T---QA, 0.1051, 1
1.604759, -5.7533, [82], CHUNK, ['I'], VKLTPLCVTLNCTNTTNNITN-------------------------------------DMRGELKN----CSFNT-T-TE--IKD-KK-QKE-YSLF-YTLDITSINDNTGNRSNNS------------------------------------------NTSYTLI---NCNTSTI-T---QA, 0.3245, 0
1.603779, -86.2072, [61, 62, 63], CHUNK, ['E', 'I', 'I'], VKLTPLCVTLNCTNTTNNITN-------------------------------------DMREIIKN----CSFNT-T-TE--LKD-KK-QKE-YSLF-YTLDITSINDNTGNRSNNS------------------------------------------NTSYTLI---NCNTSTI-T---QA, 0.1051, 0
1.613607, -118.0996, 98, POINT, N, VKLTPLCVTLNCTNTTNNITN-------------------------------------DMRGELKN----CSFNT-T-TE--LKD-KK-QKE-YSLF-NTLDITSINDNTGNRSNNS------------------------------------------NTSYTLI---NCNTSTI-T---QA, 0.1051, 1
1.632323, -117.6729, 91, POINT, N, VKLTPLCVTLNCTNTTNNITN-------------------------------------DMRGELKN----CSFNT-T-TE--LKD-KK-QKN-YSLF-NTLDITSINDNTGNRSNNS------------------------------------------NTSYTLI---NCNTSTI-T---QA, 0.1051, 0
1.617334, -114.8032, [59, 60, 63], CHUNK, ['D', 'K', 'M'], VKLTPLCVTLNCTNTTNNITN-------------------------------------DDKGEMKN----CSFNT-T-TE--LKD-KK-QKE-YSLF-NTLDITSINDNTGNRSNNS------------------------------------------NTSYTLI---NCNTSTI-T---QA, 0.1141, 0
1.615981, -118.2397, 60, POINT, D, VKLTPLCVTLNCTNTTNNITN-------------------------------------DMDGELKN----CSFNT-T-TE--LKD-KK-QKE-YSLF-NTLDITSINDNTGNRSNNS------------------------------------------NTSYTLI---NCNTSTI-T---QA, 0.1051, 0
1.634579, -117.2978, 59, POINT, S, VKLTPLCVTLNCTNTTNNITN-------------------------------------DSRGELKN----CSFNT-T-TE--LKD-KK-QKE-YSLF-NTLDITSINDNTGNRSNNS------------------------------------------NTSYTLI---NCNTSTI-T---QA, 0.1038, 0
1.613459, -2.9646, [79, 82], CHUNK, ['S', 'I'], VKLTPLCVTLNCTNTTNNITN-------------------------------------DMRGELKN----CSFNT-T-TS--IKD-KK-QKE-YSLF-YTLDITSINDNTGNRSNNS------------------------------------------NTSYTLI---NCNTSTI-T---QA, 0.1660, 0
1.600599, -6.0527, [82, 83, 87], CHUNK, ['I', 'R', 'I'], VKLTPLCVTLNCTNTTNNITN-------------------------------------DMRGELKN----CSFNT-T-TE--IRD-KI-QKE-YSLF-YTLDITSINDNTGNRSNNS------------------------------------------NTSYTLI---NCNTSTI-T---QA, 0.2246, 0
1.619429, -120.1029, [79], CHUNK, ['N'], VKLTPLCVTLNCTNTTNNITN-------------------------------------DMRGELKN----CSFNT-T-TN--LKD-KK-QKE-YSLF-YTLDITSINDNTGNRSNNS------------------------------------------NTSYTLI---NCNTSTI-T---QA, 0.1051, 0
1.624300, -121.2408, 110, POINT, S, VKLTPLCVTLNCTNTTNNITN-------------------------------------DMRGELKN----CSFNT-T-TE--LKD-KK-QKE-YSLF-YTLDITSINDNTSNRSNNS------------------------------------------NTSYTLI---NCNTSTI-T---QA, 0.1051, 0
1.606430, -85.5132, [61, 63], CHUNK, ['K', 'I'], VKLTPLCVTLNCTNTTNNITN-------------------------------------DMRKEIKN----CSFNT-T-TE--LKD-KK-QKV-YSLF-YTLDITSINDNTGNRSNNS------------------------------------------NTSYTLI---NCNTSTI-T---QA, 0.1051, 0
1.603796, -120.1378, [87, 89, 91], CHUNK, ['V', 'K', 'E'], VKLTPLCVTLNCTNTTNNITN-------------------------------------DMRGELKN----CSFNT-T-TE--LKD-KV-KKE-YSLF-YTLDITSINDNTGNRSNNS------------------------------------------NTSYTLI---NCNTSTI-T---QA, 0.0984, 1
1.630833, -120.4868, 107, POINT, N, VKLTPLCVTLNCTNTTNNITN-------------------------------------DMRGELKN----CSFNT-T-TE--LKD-KV-KKE-YSLF-YTLDITSINNNTGNRSNNS------------------------------------------NTSYTLI---NCNTSTI-T---QA, 0.0994, 0
1.609097, -86.7317, [60, 61], CHUNK, ['K', 'E'], VKLTPLCVTLNCTNTTNNITN-------------------------------------DMKEELKN----CSFNT-T-TE--LKD-KV-KKE-YSLF-YTLDITSINDNTGNRSNNS------------------------------------------NTSYTLI---NCNTSTI-T---QA, 0.1103, 0
1.609807, -6.7831, [82, 83], CHUNK, ['I', 'R'], VKLTPLCVTLNCTNTTNNITN-------------------------------------DMRGELKN----CSFNT-T-TE--IRD-KV-KKE-YSLF-YTLDITSINDNTGNRSNNS------------------------------------------NTSYTLI---NCNTSTI-T---QA, 0.2916, 0
1.615699, -118.5280, 165, POINT, T, VKLTPLCVTLNCTNTTNNITN-------------------------------------DMRGELKN----CSFNT-T-TE--LKD-KV-KKE-YSLF-YTLDITSINDNTGNRSNNS------------------------------------------NTSYTLT---NCNTSTI-T---QA, 0.1013, 0
1.606630, -122.0976, 161, POINT, N, VKLTPLCVTLNCTNTTNNITN-------------------------------------DMRGELKN----CSFNT-T-TE--LKD-KK-QKV-YSLF-YTLDITSINDNTGNRSNNS------------------------------------------NTNYTLI---NCNTSTI-T---QA, 0.1051, 0
1.624124, -121.2659, 107, POINT, N, VKLTPLCVTLNCTNTTNNITN-------------------------------------DMRGELKN----CSFNT-T-TE--LKD-KK-QKV-YSLF-YTLDITSINNNTGNRSNNS------------------------------------------NTSYTLI---NCNTSTI-T---QA, 0.1051, 0
1.601927, -121.7489, 59, POINT, E, VKLTPLCVTLNCTNTTNNITN-------------------------------------DERGELKN----CSFNT-T-TE--LKD-KK-QKV-YSLF-YTLDITSINDNTGNRSNNS------------------------------------------NTSYTLI---NCNTSTI-T---QA, 0.1002, 0
1.618255, -120.4745, [79, 83], CHUNK, ['N', 'R'], VKLTPLCVTLNCTNTTNNITN-------------------------------------DMRGELKN----CSFNT-T-TN--LRD-KK-QKV-YSLF-YTLDITSINDNTGNRSNNS------------------------------------------NTSYTLI---NCNTSTI-T---QA, 0.1051, 0
1.609169, -5.8414, [79, 82], CHUNK, ['N', 'I'], VKLTPLCVTLNCTNTTNNITN-------------------------------------DMRGELKN----CSFNT-T-TN--IKD-KK-QKV-YSLF-YTLDITSINDNTGNRSNNS------------------------------------------NTSYTLI---NCNTSAI-T---QA, 0.1483, 0
1.669870, -92.8648, [58, 59, 60, 61, 62, 63], CHUNK, ['N', 'S', 'T', 'D', 'T', 'M'], VKLTPLCVTLNCTNTTNNITN-------------------------------------NSTDTMKN----CSFNT-T-TE--LKD-KK-QKV-YSLF-YTLDITSINDNTGNRSNNS------------------------------------------NTSYTLI---NCNTSAI-T---QA, 0.1051, 0
1.608337, -123.6112, 58, POINT, N, VKLTPLCVTLNCTNTTNNITN-------------------------------------NMRGELKN----CSFNT-T-TE--LKD-KK-QKV-YSLF-YTLDITSINDNTGNRSNNS------------------------------------------NTSYTLI---NCNTSAI-T---QA, 0.0904, 0
1.589088, -104.6050, [174], CHUNK, ['V'], VKLTPLCVTLNCTNTTNNITN-------------------------------------DMRGELKN----CSFNT-T-TE--LKD-KK-QKV-YSLF-YTLDITSINDNTGNRSNNS------------------------------------------NTSYTLI---NCNTSVI-T---QA, 0.2642, 0
