Name base = V1V2_200_exp_6_7_ni
Iters = 200
Soft coverage = 0.284621885725
Energy = -129.625253356
Hard Covereage = 0.0368019545157
Num epitopes = 65
Initial seq = VKLTPLCVTLQCTNVTNNITD-------------------------------------DMRGELKN----CSFNM-T-TE--LRD-KK-QKV-YSLF-YRLDVVQINENQGNRSNNS------------------------------------------NKEYRLI---NCNTSAI-T---QA
-------START OF DATA------
0.297974, -129.1879, [91, 94], CHUNK, ['E', 'A'], VKLTPLCVTLQCTNVTNNITD-------------------------------------DMRGELKN----CSFNM-T-TE--LRD-KK-QKE-YALF-YRLDVVQINENQGNRSNNS------------------------------------------NKEYRLI---NCNTSAI-T---QA, 0.0714, 1
0.319041, -129.5591, [10, 13], CHUNK, ['N', 'D'], VKLTPLCVTLNCTDVTNNITD-------------------------------------DMRGELKN----CSFNM-T-TE--LRD-KK-QKE-YALF-YRLDVVQINENQGNRSNNS------------------------------------------NKEYRLI---NCNTSAI-T---QA, 0.0799, 1
0.326933, -128.1053, 99, POINT, K, VKLTPLCVTLNCTDVTNNITD-------------------------------------DMRGELKN----CSFNM-T-TE--LRD-KK-QKE-YALF-YKLDVVQINENQGNRSNNS------------------------------------------NKEYRLI---NCNTSAI-T---QA, 0.1011, 1
0.334204, -126.5921, 63, POINT, I, VKLTPLCVTLNCTDVTNNITD-------------------------------------DMRGEIKN----CSFNM-T-TE--LRD-KK-QKE-YALF-YKLDVVQINENQGNRSNNS------------------------------------------NKEYRLI---NCNTSAI-T---QA, 0.1011, 1
0.338848, -120.4876, [74], CHUNK, ['V'], VKLTPLCVTLNCTDVTNNITD-------------------------------------DMRGEIKN----CSFNV-T-TE--LRD-KK-QKE-YALF-YKLDVVQINENQGNRSNNS------------------------------------------NKEYRLI---NCNTSAI-T---QA, 0.1106, 0
0.338627, -127.0660, 104, POINT, P, VKLTPLCVTLNCTDVTNNITD-------------------------------------DMRGEIKN----CSFNM-T-TE--LRD-KK-QKE-YALF-YKLDVVPINENQGNRSNNS------------------------------------------NKEYRLI---NCNTSAI-T---QA, 0.1191, 0
0.341486, -107.3022, [174], CHUNK, ['V'], VKLTPLCVTLNCTDVTNNITD-------------------------------------DMRGEIKN----CSFNM-T-TE--LRD-KK-QKE-YALF-YKLDVVQINENQGNRSNNS------------------------------------------NKEYRLI---NCNTSVI-T---QA, 0.3137, 0
0.338627, -126.7055, 104, POINT, P, VKLTPLCVTLNCTDVTNNITD-------------------------------------DMRGEIKN----CSFNM-T-TE--LRD-KK-QKE-YALF-YKLDVVPINENQGNRSNNS------------------------------------------NKEYRLI---NCNTSAI-T---QA, 0.1011, 0
0.334215, -111.2671, 174, POINT, V, VKLTPLCVTLNCTDVTNNITD-------------------------------------DMRGELKN----CSFNM-T-TE--LRD-KK-QKE-YALF-YKLDVVQINENQGNRSNNS------------------------------------------NKEYRLI---NCNTSVI-T---QA, 0.4454, 0
0.336904, -116.0407, 74, POINT, I, VKLTPLCVTLNCTDVTNNITD-------------------------------------DMRGELKN----CSFNI-T-TE--LRD-KK-QKE-YALF-YKLDVVQINENQGNRSNNS------------------------------------------NKEYRLI---NCNTSAI-T---QA, 0.2469, 0
0.336904, -117.5169, [74], CHUNK, ['I'], VKLTPLCVTLNCTDVTNNITD-------------------------------------DMRGELKN----CSFNI-T-TE--LRD-KK-QKE-YALF-YKLDVVQINENQGNRSNNS------------------------------------------NKEYRLI---NCNTSAI-T---QA, 0.2503, 0
0.333648, -124.5894, [58, 59, 60, 63], CHUNK, ['M', 'E', 'A', 'I'], VKLTPLCVTLNCTDVTNNITD-------------------------------------MEAGEIKN----CSFNM-T-TE--LRD-KK-QKE-YALF-YKLDVVQINENQGNRSNNS------------------------------------------NKEYRLI---NCNTSAI-T---QA, 0.1089, 1
0.338071, -124.8685, 104, POINT, P, VKLTPLCVTLNCTDVTNNITD-------------------------------------MEAGEIKN----CSFNM-T-TE--LRD-KK-QKE-YALF-YKLDVVPINENQGNRSNNS------------------------------------------NKEYRLI---NCNTSAI-T---QA, 0.1089, 0
0.334367, -123.6812, 104, POINT, S, VKLTPLCVTLNCTDVTNNITD-------------------------------------MEAGEIKN----CSFNM-T-TE--LRD-KK-QKE-YALF-YKLDVVSINENQGNRSNNS------------------------------------------NKEYRLI---NCNTSAI-T---QA, 0.1089, 1
0.345760, -112.5189, [74], CHUNK, ['I'], VKLTPLCVTLNCTDVTNNITD-------------------------------------MEAGEIKN----CSFNI-T-TE--LRD-KK-QKE-YALF-YKLDVVSINENQGNRSNNS------------------------------------------NKEYRLI---NCNTSAI-T---QA, 0.4177, 1
0.353042, -97.3829, [174], CHUNK, ['V'], VKLTPLCVTLNCTDVTNNITD-------------------------------------MEAGEIKN----CSFNI-T-TE--LRD-KK-QKE-YALF-YKLDVVSINENQGNRSNNS------------------------------------------NKEYRLI---NCNTSVI-T---QA, 0.4886, 0
0.348360, -114.5476, 13, POINT, N, VKLTPLCVTLNCTNVTNNITD-------------------------------------MEAGEIKN----CSFNI-T-TE--LRD-KK-QKE-YALF-YKLDVVSINENQGNRSNNS------------------------------------------NKEYRLI---NCNTSAI-T---QA, 0.2996, 0
0.357866, -111.9187, [160, 161], CHUNK, ['T', 'S'], VKLTPLCVTLNCTDVTNNITD-------------------------------------MEAGEIKN----CSFNI-T-TE--LRD-KK-QKE-YALF-YKLDVVSINENQGNRSNNS------------------------------------------NTSYRLI---NCNTSAI-T---QA, 0.4190, 0
0.350978, 7.2358, [82, 87], CHUNK, ['I', 'V'], VKLTPLCVTLNCTDVTNNITD-------------------------------------MEAGEIKN----CSFNI-T-TE--IRD-KV-QKE-YALF-YKLDVVSINENQGNRSNNS------------------------------------------NKEYRLI---NCNTSAI-T---QA, 0.3682, 0
0.346473, -122.9558, [160, 161], CHUNK, ['T', 'S'], VKLTPLCVTLNCTDVTNNITD-------------------------------------MEAGEIKN----CSFNM-T-TE--LRD-KK-QKE-YALF-YKLDVVSINENQGNRSNNS------------------------------------------NTSYRLI---NCNTSAI-T---QA, 0.1092, 0
0.336617, -120.8426, 20, POINT, T, VKLTPLCVTLNCTDVTNNITT-------------------------------------MEAGEIKN----CSFNM-T-TE--LRD-KK-QKE-YALF-YKLDVVSINENQGNRSNNS------------------------------------------NKEYRLI---NCNTSAI-T---QA, 0.1147, 0
0.336806, -124.1497, 20, POINT, N, VKLTPLCVTLNCTDVTNNITN-------------------------------------MEAGEIKN----CSFNM-T-TE--LRD-KK-QKE-YALF-YKLDVVSINENQGNRSNNS------------------------------------------NKEYRLI---NCNTSAI-T---QA, 0.1070, 1
0.340315, -124.2576, 107, POINT, N, VKLTPLCVTLNCTDVTNNITN-------------------------------------MEAGEIKN----CSFNM-T-TE--LRD-KK-QKE-YALF-YKLDVVSINNNQGNRSNNS------------------------------------------NKEYRLI---NCNTSAI-T---QA, 0.1070, 1
0.351708, -114.5448, [74], CHUNK, ['I'], VKLTPLCVTLNCTDVTNNITN-------------------------------------MEAGEIKN----CSFNI-T-TE--LRD-KK-QKE-YALF-YKLDVVSINNNQGNRSNNS------------------------------------------NKEYRLI---NCNTSAI-T---QA, 0.2397, 0
0.350087, -111.0079, [74, 79], CHUNK, ['I', 'S'], VKLTPLCVTLNCTDVTNNITN-------------------------------------MEAGEIKN----CSFNI-T-TS--LRD-KK-QKE-YALF-YKLDVVSINNNQGNRSNNS------------------------------------------NKEYRLI---NCNTSAI-T---QA, 0.2333, 0
0.342484, -121.8211, 174, POINT, T, VKLTPLCVTLNCTDVTNNITN-------------------------------------MEAGEIKN----CSFNM-T-TE--LRD-KK-QKE-YALF-YKLDVVSINNNQGNRSNNS------------------------------------------NKEYRLI---NCNTSTI-T---QA, 0.1070, 1
0.346557, -120.0555, 74, POINT, T, VKLTPLCVTLNCTDVTNNITN-------------------------------------MEAGEIKN----CSFNT-T-TE--LRD-KK-QKE-YALF-YKLDVVSINNNQGNRSNNS------------------------------------------NKEYRLI---NCNTSTI-T---QA, 0.1505, 0
0.344515, -119.8160, 14, POINT, N, VKLTPLCVTLNCTDNTNNITN-------------------------------------MEAGEIKN----CSFNM-T-TE--LRD-KK-QKE-YALF-YKLDVVSINNNQGNRSNNS------------------------------------------NKEYRLI---NCNTSTI-T---QA, 0.1524, 1
0.348539, -121.0316, 104, POINT, P, VKLTPLCVTLNCTDNTNNITN-------------------------------------MEAGEIKN----CSFNM-T-TE--LRD-KK-QKE-YALF-YKLDVVPINNNQGNRSNNS------------------------------------------NKEYRLI---NCNTSTI-T---QA, 0.1524, 0
0.355908, -109.6868, 74, POINT, I, VKLTPLCVTLNCTDNTNNITN-------------------------------------MEAGEIKN----CSFNI-T-TE--LRD-KK-QKE-YALF-YKLDVVSINNNQGNRSNNS------------------------------------------NKEYRLI---NCNTSTI-T---QA, 0.2726, 0
0.355908, -110.7375, [74], CHUNK, ['I'], VKLTPLCVTLNCTDNTNNITN-------------------------------------MEAGEIKN----CSFNI-T-TE--LRD-KK-QKE-YALF-YKLDVVSINNNQGNRSNNS------------------------------------------NKEYRLI---NCNTSTI-T---QA, 0.2008, 0
0.345285, -118.0271, 58, POINT, V, VKLTPLCVTLNCTDNTNNITN-------------------------------------VEAGEIKN----CSFNM-T-TE--LRD-KK-QKE-YALF-YKLDVVSINNNQGNRSNNS------------------------------------------NKEYRLI---NCNTSTI-T---QA, 0.1524, 0
0.353877, -115.7567, 74, POINT, I, VKLTPLCVTLNCTDVTNNITN-------------------------------------MEAGEIKN----CSFNI-T-TE--LRD-KK-QKE-YALF-YKLDVVSINNNQGNRSNNS------------------------------------------NKEYRLI---NCNTSTI-T---QA, 0.1200, 0
0.347758, -121.6986, 109, POINT, N, VKLTPLCVTLNCTDVTNNITN-------------------------------------MEAGEIKN----CSFNM-T-TE--LRD-KK-QKE-YALF-YKLDVVSINNNNGNRSNNS------------------------------------------NKEYRLI---NCNTSTI-T---QA, 0.1104, 0
0.353877, -104.6584, [74], CHUNK, ['I'], VKLTPLCVTLNCTDVTNNITN-------------------------------------MEAGEIKN----CSFNI-T-TE--LRD-KK-QKE-YALF-YKLDVVSINNNQGNRSNNS------------------------------------------NKEYRLI---NCNTSTI-T---QA, 0.4478, 0
0.354591, -120.9338, [160, 161], CHUNK, ['T', 'S'], VKLTPLCVTLNCTDVTNNITN-------------------------------------MEAGEIKN----CSFNM-T-TE--LRD-KK-QKE-YALF-YKLDVVSINNNQGNRSNNS------------------------------------------NTSYRLI---NCNTSTI-T---QA, 0.1070, 0
0.347597, -102.2045, [174], CHUNK, ['V'], VKLTPLCVTLNCTDVTNNITN-------------------------------------MEAGEIKN----CSFNM-T-TE--LRD-KK-QKE-YALF-YKLDVVSINNNQGNRSNNS------------------------------------------NKEYRLI---NCNTSVI-T---QA, 0.4632, 0
0.351708, -107.9614, [74], CHUNK, ['I'], VKLTPLCVTLNCTDVTNNITN-------------------------------------MEAGEIKN----CSFNI-T-TE--LRD-KK-QKE-YALF-YKLDVVSINNNQGNRSNNS------------------------------------------NKEYRLI---NCNTSAI-T---QA, 0.3477, 0
0.347597, -103.0770, [174], CHUNK, ['V'], VKLTPLCVTLNCTDVTNNITN-------------------------------------MEAGEIKN----CSFNM-T-TE--LRD-KK-QKE-YALF-YKLDVVSINNNQGNRSNNS------------------------------------------NKEYRLI---NCNTSVI-T---QA, 0.2607, 0
0.343806, -123.0589, 18, POINT, T, VKLTPLCVTLNCTDVTNNTTN-------------------------------------MEAGEIKN----CSFNM-T-TE--LRD-KK-QKE-YALF-YKLDVVSINNNQGNRSNNS------------------------------------------NKEYRLI---NCNTSAI-T---QA, 0.1070, 1
0.355913, -122.2170, [160, 161], CHUNK, ['T', 'S'], VKLTPLCVTLNCTDVTNNTTN-------------------------------------MEAGEIKN----CSFNM-T-TE--LRD-KK-QKE-YALF-YKLDVVSINNNQGNRSNNS------------------------------------------NTSYRLI---NCNTSAI-T---QA, 0.1069, 0
0.355913, -122.1715, [160, 161], CHUNK, ['T', 'S'], VKLTPLCVTLNCTDVTNNTTN-------------------------------------MEAGEIKN----CSFNM-T-TE--LRD-KK-QKE-YALF-YKLDVVSINNNQGNRSNNS------------------------------------------NTSYRLI---NCNTSAI-T---QA, 0.1070, 1
0.358082, -119.7351, 174, POINT, T, VKLTPLCVTLNCTDVTNNTTN-------------------------------------MEAGEIKN----CSFNM-T-TE--LRD-KK-QKE-YALF-YKLDVVSINNNQGNRSNNS------------------------------------------NTSYRLI---NCNTSTI-T---QA, 0.1070, 1
0.363195, -99.1984, 174, POINT, V, VKLTPLCVTLNCTDVTNNTTN-------------------------------------MEAGEIKN----CSFNM-T-TE--LRD-KK-QKE-YALF-YKLDVVSINNNQGNRSNNS------------------------------------------NTSYRLI---NCNTSVI-T---QA, 0.3768, 0
0.369474, -112.0422, [74], CHUNK, ['I'], VKLTPLCVTLNCTDVTNNTTN-------------------------------------MEAGEIKN----CSFNI-T-TE--LRD-KK-QKE-YALF-YKLDVVSINNNQGNRSNNS------------------------------------------NTSYRLI---NCNTSTI-T---QA, 0.1745, 0
0.363195, -99.8166, 174, POINT, V, VKLTPLCVTLNCTDVTNNTTN-------------------------------------MEAGEIKN----CSFNM-T-TE--LRD-KK-QKE-YALF-YKLDVVSINNNQGNRSNNS------------------------------------------NTSYRLI---NCNTSVI-T---QA, 0.3364, 0
0.362154, -116.8201, 74, POINT, T, VKLTPLCVTLNCTDVTNNTTN-------------------------------------MEAGEIKN----CSFNT-T-TE--LRD-KK-QKE-YALF-YKLDVVSINNNQGNRSNNS------------------------------------------NTSYRLI---NCNTSTI-T---QA, 0.1125, 0
0.359936, -123.3590, 104, POINT, P, VKLTPLCVTLNCTDVTNNTTN-------------------------------------MEAGEIKN----CSFNM-T-TE--LRD-KK-QKE-YALF-YKLDVVPINNNQGNRSNNS------------------------------------------NTSYRLI---NCNTSAI-T---QA, 0.1070, 1
0.364580, -108.9092, [74], CHUNK, ['V'], VKLTPLCVTLNCTDVTNNTTN-------------------------------------MEAGEIKN----CSFNV-T-TE--LRD-KK-QKE-YALF-YKLDVVPINNNQGNRSNNS------------------------------------------NTSYRLI---NCNTSAI-T---QA, 0.4837, 0
0.371329, -105.7936, [74], CHUNK, ['I'], VKLTPLCVTLNCTDVTNNTTN-------------------------------------MEAGEIKN----CSFNI-T-TE--LRD-KK-QKE-YALF-YKLDVVPINNNQGNRSNNS------------------------------------------NTSYRLI---NCNTSAI-T---QA, 0.3403, 1
0.372224, -109.2821, 58, POINT, L, VKLTPLCVTLNCTDVTNNTTN-------------------------------------LEAGEIKN----CSFNI-T-TE--LRD-KK-QKE-YALF-YKLDVVPINNNQGNRSNNS------------------------------------------NTSYRLI---NCNTSAI-T---QA, 0.4594, 0
0.378611, -98.4668, [174], CHUNK, ['V'], VKLTPLCVTLNCTDVTNNTTN-------------------------------------MEAGEIKN----CSFNI-T-TE--LRD-KK-QKE-YALF-YKLDVVPINNNQGNRSNNS------------------------------------------NTSYRLI---NCNTSVI-T---QA, 0.4622, 0
0.378611, -91.2115, [174], CHUNK, ['V'], VKLTPLCVTLNCTDVTNNTTN-------------------------------------MEAGEIKN----CSFNI-T-TE--LRD-KK-QKE-YALF-YKLDVVPINNNQGNRSNNS------------------------------------------NTSYRLI---NCNTSVI-T---QA, 0.4583, 0
0.378611, -99.3685, 174, POINT, V, VKLTPLCVTLNCTDVTNNTTN-------------------------------------MEAGEIKN----CSFNI-T-TE--LRD-KK-QKE-YALF-YKLDVVPINNNQGNRSNNS------------------------------------------NTSYRLI---NCNTSVI-T---QA, 0.3686, 0
0.360708, -124.3097, 58, POINT, E, VKLTPLCVTLNCTDVTNNTTN-------------------------------------EEAGEIKN----CSFNM-T-TE--LRD-KK-QKE-YALF-YKLDVVPINNNQGNRSNNS------------------------------------------NTSYRLI---NCNTSAI-T---QA, 0.1070, 0
0.377602, 0.5968, [74, 79, 82], CHUNK, ['I', 'N', 'I'], VKLTPLCVTLNCTDVTNNTTN-------------------------------------MEAGEIKN----CSFNI-T-TN--IRD-KK-QKE-YALF-YKLDVVPINNNQGNRSNNS------------------------------------------NTSYRLI---NCNTSAI-T---QA, 0.4033, 0
0.371288, -110.8118, [74, 79], CHUNK, ['I', 'N'], VKLTPLCVTLNCTDVTNNTTN-------------------------------------MEAGEIKN----CSFNI-T-TN--LRD-KK-QKE-YALF-YKLDVVPINNNQGNRSNNS------------------------------------------NTSYRLI---NCNTSAI-T---QA, 0.2138, 0
0.368656, -99.0819, [169, 174], CHUNK, ['S', 'V'], VKLTPLCVTLNCTDVTNNTTN-------------------------------------MEAGEIKN----CSFNM-T-TE--LRD-KK-QKE-YALF-YKLDVVPINNNQGNRSNNS------------------------------------------NTSYRLI---SCNTSVI-T---QA, 0.6010, 0
0.367305, -114.5416, 74, POINT, I, VKLTPLCVTLNCTDVTNNTTN-------------------------------------MEAGEIKN----CSFNI-T-TE--LRD-KK-QKE-YALF-YKLDVVSINNNQGNRSNNS------------------------------------------NTSYRLI---NCNTSAI-T---QA, 0.1724, 0
0.358082, -119.7815, 174, POINT, T, VKLTPLCVTLNCTDVTNNTTN-------------------------------------MEAGEIKN----CSFNM-T-TE--LRD-KK-QKE-YALF-YKLDVVSINNNQGNRSNNS------------------------------------------NTSYRLI---NCNTSTI-T---QA, 0.1300, 0
0.367305, -114.3311, [74], CHUNK, ['I'], VKLTPLCVTLNCTDVTNNTTN-------------------------------------MEAGEIKN----CSFNI-T-TE--LRD-KK-QKE-YALF-YKLDVVSINNNQGNRSNNS------------------------------------------NTSYRLI---NCNTSAI-T---QA, 0.1271, 0
0.363195, -105.9072, [174], CHUNK, ['V'], VKLTPLCVTLNCTDVTNNTTN-------------------------------------MEAGEIKN----CSFNM-T-TE--LRD-KK-QKE-YALF-YKLDVVSINNNQGNRSNNS------------------------------------------NTSYRLI---NCNTSVI-T---QA, 0.4979, 0
0.355199, -112.8455, [74], CHUNK, ['I'], VKLTPLCVTLNCTDVTNNTTN-------------------------------------MEAGEIKN----CSFNI-T-TE--LRD-KK-QKE-YALF-YKLDVVSINNNQGNRSNNS------------------------------------------NKEYRLI---NCNTSAI-T---QA, 0.2585, 0
0.351088, -96.3662, 174, POINT, V, VKLTPLCVTLNCTDVTNNTTN-------------------------------------MEAGEIKN----CSFNM-T-TE--LRD-KK-QKE-YALF-YKLDVVSINNNQGNRSNNS------------------------------------------NKEYRLI---NCNTSVI-T---QA, 0.3058, 0
0.348450, -116.6357, [74], CHUNK, ['V'], VKLTPLCVTLNCTDVTNNTTN-------------------------------------MEAGEIKN----CSFNV-T-TE--LRD-KK-QKE-YALF-YKLDVVSINNNQGNRSNNS------------------------------------------NKEYRLI---NCNTSAI-T---QA, 0.2846, 0
0.355199, -116.0855, [74], CHUNK, ['I'], VKLTPLCVTLNCTDVTNNTTN-------------------------------------MEAGEIKN----CSFNI-T-TE--LRD-KK-QKE-YALF-YKLDVVSINNNQGNRSNNS------------------------------------------NKEYRLI---NCNTSAI-T---QA, 0.1117, 0
0.347597, -100.6293, 174, POINT, V, VKLTPLCVTLNCTDVTNNITN-------------------------------------MEAGEIKN----CSFNM-T-TE--LRD-KK-QKE-YALF-YKLDVVSINNNQGNRSNNS------------------------------------------NKEYRLI---NCNTSVI-T---QA, 0.3933, 0
0.342478, -3.3826, 82, POINT, I, VKLTPLCVTLNCTDVTNNITN-------------------------------------MEAGEIKN----CSFNM-T-TE--IRD-KK-QKE-YALF-YKLDVVSINNNQGNRSNNS------------------------------------------NKEYRLI---NCNTSAI-T---QA, 0.1842, 0
0.352422, -123.3996, [160, 161], CHUNK, ['T', 'S'], VKLTPLCVTLNCTDVTNNITN-------------------------------------MEAGEIKN----CSFNM-T-TE--LRD-KK-QKE-YALF-YKLDVVSINNNQGNRSNNS------------------------------------------NTSYRLI---NCNTSAI-T---QA, 0.1084, 0
0.351708, -117.6665, [74], CHUNK, ['I'], VKLTPLCVTLNCTDVTNNITN-------------------------------------MEAGEIKN----CSFNI-T-TE--LRD-KK-QKE-YALF-YKLDVVSINNNQGNRSNNS------------------------------------------NKEYRLI---NCNTSAI-T---QA, 0.1568, 0
