Name base = v1v2_6_1.0
Iters = 30
Soft coverage = 0.284621885725
Energy = -130.856809001
Hard Covereage = 0.0368019545157
Num epitopes = 65
Initial seq = VKLTPLCVTLQCTNVTNNITD-------------------------------------DMRGELKN----CSFNM-T-TE--LRD-KK-QKV-YSLF-YRLDVVQINENQGNRSNNS------------------------------------------NKEYRLI---NCNTSAI-T---QA
-------START OF DATA------
0.291893, -129.1557, 63, POINT, I, VKLTPLCVTLQCTNVTNNITD-------------------------------------DMRGEIKN----CSFNM-T-TE--LRD-KK-QKV-YSLF-YRLDVVQINENQGNRSNNS------------------------------------------NKEYRLI---NCNTSAI-T---QA, 0.0000, 1
0.303286, -77.8670, [74], CHUNK, ['I'], VKLTPLCVTLQCTNVTNNITD-------------------------------------DMRGEIKN----CSFNI-T-TE--LRD-KK-QKV-YSLF-YRLDVVQINENQGNRSNNS------------------------------------------NKEYRLI---NCNTSAI-T---QA, 0.2953, 0
0.296511, -128.1497, 99, POINT, K, VKLTPLCVTLQCTNVTNNITD-------------------------------------DMRGEIKN----CSFNM-T-TE--LRD-KK-QKV-YSLF-YKLDVVQINENQGNRSNNS------------------------------------------NKEYRLI---NCNTSAI-T---QA, 0.0347, 1
0.320178, -128.0653, [10], CHUNK, ['N'], VKLTPLCVTLNCTNVTNNITD-------------------------------------DMRGEIKN----CSFNM-T-TE--LRD-KK-QKV-YSLF-YKLDVVQINENQGNRSNNS------------------------------------------NKEYRLI---NCNTSAI-T---QA, 0.0347, 0
0.298920, -127.2018, 10, POINT, S, VKLTPLCVTLSCTNVTNNITD-------------------------------------DMRGEIKN----CSFNM-T-TE--LRD-KK-QKV-YSLF-YKLDVVQINENQGNRSNNS------------------------------------------NKEYRLI---NCNTSAI-T---QA, 0.0347, 0
0.307079, -128.3102, 94, POINT, A, VKLTPLCVTLQCTNVTNNITD-------------------------------------DMRGEIKN----CSFNM-T-TE--LRD-KK-QKV-YALF-YKLDVVQINENQGNRSNNS------------------------------------------NKEYRLI---NCNTSAI-T---QA, 0.0347, 1
0.313136, -126.8162, 91, POINT, E, VKLTPLCVTLQCTNVTNNITD-------------------------------------DMRGEIKN----CSFNM-T-TE--LRD-KK-QKE-YALF-YKLDVVQINENQGNRSNNS------------------------------------------NKEYRLI---NCNTSAI-T---QA, 0.0347, 0
0.330745, -128.2259, 10, POINT, N, VKLTPLCVTLNCTNVTNNITD-------------------------------------DMRGEIKN----CSFNM-T-TE--LRD-KK-QKV-YALF-YKLDVVQINENQGNRSNNS------------------------------------------NKEYRLI---NCNTSAI-T---QA, 0.0347, 1
0.333830, -126.0764, [59, 60], CHUNK, ['E', 'K'], VKLTPLCVTLNCTNVTNNITD-------------------------------------DEKGEIKN----CSFNM-T-TE--LRD-KK-QKV-YALF-YKLDVVQINENQGNRSNNS------------------------------------------NKEYRLI---NCNTSAI-T---QA, 0.0347, 0
0.338028, -106.0681, [174], CHUNK, ['V'], VKLTPLCVTLNCTNVTNNITD-------------------------------------DMRGEIKN----CSFNM-T-TE--LRD-KK-QKV-YALF-YKLDVVQINENQGNRSNNS------------------------------------------NKEYRLI---NCNTSVI-T---QA, 0.5030, 0
0.335390, -106.9273, [74], CHUNK, ['V'], VKLTPLCVTLNCTNVTNNITD-------------------------------------DMRGEIKN----CSFNV-T-TE--LRD-KK-QKV-YALF-YKLDVVQINENQGNRSNNS------------------------------------------NKEYRLI---NCNTSAI-T---QA, 0.2046, 0
0.342138, -76.2153, 74, POINT, I, VKLTPLCVTLNCTNVTNNITD-------------------------------------DMRGEIKN----CSFNI-T-TE--LRD-KK-QKV-YALF-YKLDVVQINENQGNRSNNS------------------------------------------NKEYRLI---NCNTSAI-T---QA, 0.2819, 0
0.334827, -127.4113, [112], CHUNK, ['T'], VKLTPLCVTLNCTNVTNNITD-------------------------------------DMRGEIKN----CSFNM-T-TE--LRD-KK-QKV-YALF-YKLDVVQINENQGNTSNNS------------------------------------------NKEYRLI---NCNTSAI-T---QA, 0.0347, 0
0.331050, -121.5067, [60], CHUNK, ['I'], VKLTPLCVTLNCTNVTNNITD-------------------------------------DMIGEIKN----CSFNM-T-TE--LRD-KK-QKV-YALF-YKLDVVQINENQGNRSNNS------------------------------------------NKEYRLI---NCNTSAI-T---QA, 0.0347, 0
0.332418, -56.5688, 82, POINT, I, VKLTPLCVTLNCTNVTNNITD-------------------------------------DMRGEIKN----CSFNM-T-TE--IRD-KK-QKV-YALF-YKLDVVQINENQGNRSNNS------------------------------------------NKEYRLI---NCNTSAI-T---QA, 0.4353, 0
0.333100, -125.5568, 58, POINT, T, VKLTPLCVTLNCTNVTNNITD-------------------------------------TMRGEIKN----CSFNM-T-TE--LRD-KK-QKV-YALF-YKLDVVQINENQGNRSNNS------------------------------------------NKEYRLI---NCNTSAI-T---QA, 0.0906, 0
0.333565, -128.2654, 59, POINT, N, VKLTPLCVTLNCTNVTNNITD-------------------------------------DNRGEIKN----CSFNM-T-TE--LRD-KK-QKV-YALF-YKLDVVQINENQGNRSNNS------------------------------------------NKEYRLI---NCNTSAI-T---QA, 0.0347, 0
0.333708, -127.5405, [160], CHUNK, ['N'], VKLTPLCVTLNCTNVTNNITD-------------------------------------DMRGEIKN----CSFNM-T-TE--LRD-KK-QKV-YALF-YKLDVVQINENQGNRSNNS------------------------------------------NNEYRLI---NCNTSAI-T---QA, 0.0347, 0
0.337513, -128.2536, [160, 161], CHUNK, ['T', 'N'], VKLTPLCVTLNCTNVTNNITD-------------------------------------DMRGEIKN----CSFNM-T-TE--LRD-KK-QKV-YALF-YKLDVVQINENQGNRSNNS------------------------------------------NTNYRLI---NCNTSAI-T---QA, 0.0347, 1
0.338424, -128.4606, 59, POINT, E, VKLTPLCVTLNCTNVTNNITD-------------------------------------DERGEIKN----CSFNM-T-TE--LRD-KK-QKV-YALF-YKLDVVQINENQGNRSNNS------------------------------------------NTNYRLI---NCNTSAI-T---QA, 0.0347, 0
0.342157, -113.3455, 74, POINT, V, VKLTPLCVTLNCTNVTNNITD-------------------------------------DMRGEIKN----CSFNV-T-TE--LRD-KK-QKV-YALF-YKLDVVQINENQGNRSNNS------------------------------------------NTNYRLI---NCNTSAI-T---QA, 0.1360, 0
0.341936, -128.5748, 104, POINT, P, VKLTPLCVTLNCTNVTNNITD-------------------------------------DMRGEIKN----CSFNM-T-TE--LRD-KK-QKV-YALF-YKLDVVPINENQGNRSNNS------------------------------------------NTNYRLI---NCNTSAI-T---QA, 0.0347, 1
0.347994, -127.0808, 91, POINT, E, VKLTPLCVTLNCTNVTNNITD-------------------------------------DMRGEIKN----CSFNM-T-TE--LRD-KK-QKE-YALF-YKLDVVPINENQGNRSNNS------------------------------------------NTNYRLI---NCNTSAI-T---QA, 0.0347, 1
0.350163, -124.9962, 174, POINT, T, VKLTPLCVTLNCTNVTNNITD-------------------------------------DMRGEIKN----CSFNM-T-TE--LRD-KK-QKE-YALF-YKLDVVPINENQGNRSNNS------------------------------------------NTNYRLI---NCNTSTI-T---QA, 0.0451, 0
0.351431, -127.3963, 58, POINT, N, VKLTPLCVTLNCTNVTNNITD-------------------------------------NMRGEIKN----CSFNM-T-TE--LRD-KK-QKE-YALF-YKLDVVPINENQGNRSNNS------------------------------------------NTNYRLI---NCNTSAI-T---QA, 0.0347, 1
0.362823, -118.0110, [74], CHUNK, ['I'], VKLTPLCVTLNCTNVTNNITD-------------------------------------NMRGEIKN----CSFNI-T-TE--LRD-KK-QKE-YALF-YKLDVVPINENQGNRSNNS------------------------------------------NTNYRLI---NCNTSAI-T---QA, 0.0725, 0
0.352264, -127.2381, [112, 113], CHUNK, ['G', 'N'], VKLTPLCVTLNCTNVTNNITD-------------------------------------NMRGEIKN----CSFNM-T-TE--LRD-KK-QKE-YALF-YKLDVVPINENQGNGNNNS------------------------------------------NTNYRLI---NCNTSAI-T---QA, 0.0347, 0
0.353201, -127.7876, [108, 109], CHUNK, ['E', 'N'], VKLTPLCVTLNCTNVTNNITD-------------------------------------NMRGEIKN----CSFNM-T-TE--LRD-KK-QKE-YALF-YKLDVVPINEENGNRSNNS------------------------------------------NTNYRLI---NCNTSAI-T---QA, 0.0347, 1
0.357092, -127.9849, 107, POINT, N, VKLTPLCVTLNCTNVTNNITD-------------------------------------NMRGEIKN----CSFNM-T-TE--LRD-KK-QKE-YALF-YKLDVVPINNENGNRSNNS------------------------------------------NTNYRLI---NCNTSAI-T---QA, 0.0492, 0
0.355364, -12.7659, 82, POINT, I, VKLTPLCVTLNCTNVTNNITD-------------------------------------NMRGEIKN----CSFNM-T-TE--IRD-KK-QKE-YALF-YKLDVVPINEENGNRSNNS------------------------------------------NTNYRLI---NCNTSAI-T---QA, 0.1787, 0
------END OF DATA------
Best coverage = 0.353200746664
Best sequence = VKLTPLCVTLNCTNVTNNITD-------------------------------------NMRGEIKN----CSFNM-T-TE--IRD-KK-QKE-YALF-YKLDVVPINEENGNRSNNS------------------------------------------NTNYRLI---NCNTSAI-T---QA
Hard Covereage = 0.0764179665197
Num epitopes = 60
