Name base = V1V2_200_sq_9_9_ni
Iters = 200
Soft coverage = 1.31203964383
Energy = -128.717377515
Hard Covereage = 0.0368019545157
Num epitopes = 65
Initial seq = VKLTPLCVTLQCTNVTNNITD-------------------------------------DMRGELKN----CSFNM-T-TE--LRD-KK-QKV-YSLF-YRLDVVQINENQGNRSNNS------------------------------------------NKEYRLI---NCNTSAI-T---QA
-------START OF DATA------
1.354976, -127.8297, [160, 161], CHUNK, ['T', 'S'], VKLTPLCVTLQCTNVTNNITD-------------------------------------DMRGELKN----CSFNM-T-TE--LRD-KK-QKV-YSLF-YRLDVVQINENQGNRSNNS------------------------------------------NTSYRLI---NCNTSAI-T---QA, 0.0000, 1
1.375416, -124.5542, 20, POINT, T, VKLTPLCVTLQCTNVTNNITT-------------------------------------DMRGELKN----CSFNM-T-TE--LRD-KK-QKV-YSLF-YRLDVVQINENQGNRSNNS------------------------------------------NTSYRLI---NCNTSAI-T---QA, 0.0000, 0
1.372672, -125.0015, 58, POINT, T, VKLTPLCVTLQCTNVTNNITD-------------------------------------TMRGELKN----CSFNM-T-TE--LRD-KK-QKV-YSLF-YRLDVVQINENQGNRSNNS------------------------------------------NTSYRLI---NCNTSAI-T---QA, 0.0000, 1
1.411875, -81.9694, [74, 79], CHUNK, ['I', 'N'], VKLTPLCVTLQCTNVTNNITD-------------------------------------TMRGELKN----CSFNI-T-TN--LRD-KK-QKV-YSLF-YRLDVVQINENQGNRSNNS------------------------------------------NTSYRLI---NCNTSAI-T---QA, 0.8324, 0
1.404958, 28.2411, [74, 79, 82], CHUNK, ['I', 'S', 'I'], VKLTPLCVTLQCTNVTNNITD-------------------------------------TMRGELKN----CSFNI-T-TS--IRD-KK-QKV-YSLF-YRLDVVQINENQGNRSNNS------------------------------------------NTSYRLI---NCNTSAI-T---QA, 0.5463, 0
1.411875, -66.1461, [74, 79], CHUNK, ['I', 'N'], VKLTPLCVTLQCTNVTNNITD-------------------------------------TMRGELKN----CSFNI-T-TN--LRD-KK-QKV-YSLF-YRLDVVQINENQGNRSNNS------------------------------------------NTSYRLI---NCNTSAI-T---QA, 0.3321, 0
1.421828, -124.9115, [10], CHUNK, ['N'], VKLTPLCVTLNCTNVTNNITD-------------------------------------TMRGELKN----CSFNM-T-TE--LRD-KK-QKV-YSLF-YRLDVVQINENQGNRSNNS------------------------------------------NTSYRLI---NCNTSAI-T---QA, 0.0000, 1
1.453551, -120.6427, [74], CHUNK, ['T'], VKLTPLCVTLNCTNVTNNITD-------------------------------------TMRGELKN----CSFNT-T-TE--LRD-KK-QKV-YSLF-YRLDVVQINENQGNRSNNS------------------------------------------NTSYRLI---NCNTSAI-T---QA, 0.0000, 0
1.438993, -98.9758, [74], CHUNK, ['I'], VKLTPLCVTLNCTNVTNNITD-------------------------------------TMRGELKN----CSFNI-T-TE--LRD-KK-QKV-YSLF-YRLDVVQINENQGNRSNNS------------------------------------------NTSYRLI---NCNTSAI-T---QA, 0.3999, 0
1.448929, -124.9315, 59, POINT, N, VKLTPLCVTLNCTNVTNNITD-------------------------------------TNRGELKN----CSFNM-T-TE--LRD-KK-QKV-YSLF-YRLDVVQINENQGNRSNNS------------------------------------------NTSYRLI---NCNTSAI-T---QA, 0.0000, 0
1.453551, -120.6427, [74], CHUNK, ['T'], VKLTPLCVTLNCTNVTNNITD-------------------------------------TMRGELKN----CSFNT-T-TE--LRD-KK-QKV-YSLF-YRLDVVQINENQGNRSNNS------------------------------------------NTSYRLI---NCNTSAI-T---QA, 0.0000, 0
1.421828, -124.9115, [10], CHUNK, ['N'], VKLTPLCVTLNCTNVTNNITD-------------------------------------TMRGELKN----CSFNM-T-TE--LRD-KK-QKV-YSLF-YRLDVVQINENQGNRSNNS------------------------------------------NTSYRLI---NCNTSAI-T---QA, 0.0000, 1
1.441267, -122.3858, [99, 102, 104], CHUNK, ['K', 'I', 'S'], VKLTPLCVTLNCTNVTNNITD-------------------------------------TMRGELKN----CSFNM-T-TE--LRD-KK-QKV-YSLF-YKLDIVSINENQGNRSNNS------------------------------------------NTSYRLI---NCNTSAI-T---QA, 0.1055, 1
1.463344, -120.8163, 18, POINT, T, VKLTPLCVTLNCTNVTNNTTD-------------------------------------TMRGELKN----CSFNM-T-TE--LRD-KK-QKV-YSLF-YKLDIVSINENQGNRSNNS------------------------------------------NTSYRLI---NCNTSAI-T---QA, 0.1055, 1
1.486961, -120.9298, 107, POINT, N, VKLTPLCVTLNCTNVTNNTTD-------------------------------------TMRGELKN----CSFNM-T-TE--LRD-KK-QKV-YSLF-YKLDIVSINNNQGNRSNNS------------------------------------------NTSYRLI---NCNTSAI-T---QA, 0.1055, 1
1.502692, -96.2509, 74, POINT, V, VKLTPLCVTLNCTNVTNNTTD-------------------------------------TMRGELKN----CSFNV-T-TE--LRD-KK-QKV-YSLF-YKLDIVSINNNQGNRSNNS------------------------------------------NTSYRLI---NCNTSAI-T---QA, 0.2135, 0
1.501662, -118.4893, [174], CHUNK, ['T'], VKLTPLCVTLNCTNVTNNTTD-------------------------------------TMRGELKN----CSFNM-T-TE--LRD-KK-QKV-YSLF-YKLDIVSINNNQGNRSNNS------------------------------------------NTSYRLI---NCNTSTI-T---QA, 0.1055, 0
1.502301, -120.4098, 103, POINT, T, VKLTPLCVTLNCTNVTNNTTD-------------------------------------TMRGELKN----CSFNM-T-TE--LRD-KK-QKV-YSLF-YKLDITSINNNQGNRSNNS------------------------------------------NTSYRLI---NCNTSAI-T---QA, 0.1055, 0
1.495603, -121.1440, 101, POINT, N, VKLTPLCVTLNCTNVTNNTTD-------------------------------------TMRGELKN----CSFNM-T-TE--LRD-KK-QKV-YSLF-YKLNIVSINNNQGNRSNNS------------------------------------------NTSYRLI---NCNTSAI-T---QA, 0.1055, 1
1.527326, -116.8695, 74, POINT, T, VKLTPLCVTLNCTNVTNNTTD-------------------------------------TMRGELKN----CSFNT-T-TE--LRD-KK-QKV-YSLF-YKLNIVSINNNQGNRSNNS------------------------------------------NTSYRLI---NCNTSAI-T---QA, 0.1055, 0
1.512768, -74.7624, [74], CHUNK, ['I'], VKLTPLCVTLNCTNVTNNTTD-------------------------------------TMRGELKN----CSFNI-T-TE--LRD-KK-QKV-YSLF-YKLNIVSINNNQGNRSNNS------------------------------------------NTSYRLI---NCNTSAI-T---QA, 0.5754, 0
1.520146, -117.9782, 20, POINT, T, VKLTPLCVTLNCTNVTNNTTT-------------------------------------TMRGELKN----CSFNM-T-TE--LRD-KK-QKV-YSLF-YKLNIVSINNNQGNRSNNS------------------------------------------NTSYRLI---NCNTSAI-T---QA, 0.1055, 0
1.519398, 1.6834, [79, 82, 83, 84], CHUNK, ['S', 'I', 'K', 'N'], VKLTPLCVTLNCTNVTNNTTD-------------------------------------TMRGELKN----CSFNM-T-TS--IKN-KK-QKV-YSLF-YKLNIVSINNNQGNRSNNS------------------------------------------NTSYRLI---NCNTSAI-T---QA, 0.2216, 0
1.506460, -120.2107, 79, POINT, N, VKLTPLCVTLNCTNVTNNTTD-------------------------------------TMRGELKN----CSFNM-T-TN--LRD-KK-QKV-YSLF-YKLDIVSINNNQGNRSNNS------------------------------------------NTSYRLI---NCNTSAI-T---QA, 0.1055, 1
1.525152, -117.0910, [74, 76], CHUNK, ['T', 'S'], VKLTPLCVTLNCTNVTNNTTD-------------------------------------TMRGELKN----CSFNT-S-TN--LRD-KK-QKV-YSLF-YKLDIVSINNNQGNRSNNS------------------------------------------NTSYRLI---NCNTSAI-T---QA, 0.1384, 0
1.526164, -96.9670, [74], CHUNK, ['I'], VKLTPLCVTLNCTNVTNNTTD-------------------------------------TMRGELKN----CSFNI-T-TN--LRD-KK-QKV-YSLF-YKLDIVSINNNQGNRSNNS------------------------------------------NTSYRLI---NCNTSAI-T---QA, 0.2909, 0
1.521800, -120.2449, 103, POINT, T, VKLTPLCVTLNCTNVTNNTTD-------------------------------------TMRGELKN----CSFNM-T-TN--LRD-KK-QKV-YSLF-YKLDITSINNNQGNRSNNS------------------------------------------NTSYRLI---NCNTSAI-T---QA, 0.1538, 1
1.536502, -117.3037, 174, POINT, T, VKLTPLCVTLNCTNVTNNTTD-------------------------------------TMRGELKN----CSFNM-T-TN--LRD-KK-QKV-YSLF-YKLDITSINNNQGNRSNNS------------------------------------------NTSYRLI---NCNTSTI-T---QA, 0.1538, 1
1.570641, -113.7598, [74], CHUNK, ['T'], VKLTPLCVTLNCTNVTNNTTD-------------------------------------TMRGELKN----CSFNT-T-TN--LRD-KK-QKV-YSLF-YKLDITSINNNQGNRSNNS------------------------------------------NTSYRLI---NCNTSTI-T---QA, 0.1504, 0
1.550701, -118.4367, 163, POINT, T, VKLTPLCVTLNCTNVTNNTTD-------------------------------------TMRGELKN----CSFNM-T-TN--LRD-KK-QKV-YSLF-YKLDITSINNNQGNRSNNS------------------------------------------NTSYTLI---NCNTSTI-T---QA, 0.1538, 0
1.556205, -75.6474, [74], CHUNK, ['I'], VKLTPLCVTLNCTNVTNNTTD-------------------------------------TMRGELKN----CSFNI-T-TN--LRD-KK-QKV-YSLF-YKLDITSINNNQGNRSNNS------------------------------------------NTSYRLI---NCNTSTI-T---QA, 0.7176, 0
1.542495, -0.9629, 82, POINT, I, VKLTPLCVTLNCTNVTNNTTD-------------------------------------TMRGELKN----CSFNM-T-TN--IRD-KK-QKV-YSLF-YKLDITSINNNQGNRSNNS------------------------------------------NTSYRLI---NCNTSTI-T---QA, 0.2111, 0
1.541504, -80.0977, [74], CHUNK, ['I'], VKLTPLCVTLNCTNVTNNTTD-------------------------------------TMRGELKN----CSFNI-T-TN--LRD-KK-QKV-YSLF-YKLDITSINNNQGNRSNNS------------------------------------------NTSYRLI---NCNTSAI-T---QA, 0.7147, 0
1.541504, -57.8230, [74], CHUNK, ['I'], VKLTPLCVTLNCTNVTNNTTD-------------------------------------TMRGELKN----CSFNI-T-TN--LRD-KK-QKV-YSLF-YKLDITSINNNQGNRSNNS------------------------------------------NTSYRLI---NCNTSAI-T---QA, 0.4591, 0
1.559837, -119.9669, 109, POINT, N, VKLTPLCVTLNCTNVTNNTTD-------------------------------------TMRGELKN----CSFNM-T-TN--LRD-KK-QKV-YSLF-YKLDITSINNNNGNRSNNS------------------------------------------NTSYRLI---NCNTSAI-T---QA, 0.1538, 1
1.579541, -97.5377, [74], CHUNK, ['I'], VKLTPLCVTLNCTNVTNNTTD-------------------------------------TMRGELKN----CSFNI-T-TN--LRD-KK-QKV-YSLF-YKLDITSINNNNGNRSNNS------------------------------------------NTSYRLI---NCNTSAI-T---QA, 0.4170, 0
1.579541, -91.1364, [74], CHUNK, ['I'], VKLTPLCVTLNCTNVTNNTTD-------------------------------------TMRGELKN----CSFNI-T-TN--LRD-KK-QKV-YSLF-YKLDITSINNNNGNRSNNS------------------------------------------NTSYRLI---NCNTSAI-T---QA, 0.6437, 0
1.580901, -64.3296, [74, 79, 82], CHUNK, ['I', 'S', 'T'], VKLTPLCVTLNCTNVTNNTTD-------------------------------------TMRGELKN----CSFNI-T-TS--TRD-KK-QKV-YSLF-YKLDITSINNNNGNRSNNS------------------------------------------NTSYRLI---NCNTSAI-T---QA, 0.6318, 0
1.570404, -117.3764, 98, POINT, N, VKLTPLCVTLNCTNVTNNTTD-------------------------------------TMRGELKN----CSFNM-T-TN--LRD-KK-QKV-YSLF-NKLDITSINNNNGNRSNNS------------------------------------------NTSYRLI---NCNTSAI-T---QA, 0.1538, 0
1.536596, -119.7843, 83, POINT, N, VKLTPLCVTLNCTNVTNNTTD-------------------------------------TMRGELKN----CSFNM-T-TN--LND-KK-QKV-YSLF-YKLDITSINNNQGNRSNNS------------------------------------------NTSYRLI---NCNTSAI-T---QA, 0.1538, 0
1.555940, -115.1949, 74, POINT, T, VKLTPLCVTLNCTNVTNNTTD-------------------------------------TMRGELKN----CSFNT-T-TN--LRD-KK-QKV-YSLF-YKLDITSINNNQGNRSNNS------------------------------------------NTSYRLI---NCNTSAI-T---QA, 0.1538, 0
1.538653, -86.0298, [59, 60, 61, 64], CHUNK, ['S', 'S', 'E', 'R'], VKLTPLCVTLNCTNVTNNTTD-------------------------------------TSSEELRN----CSFNM-T-TN--LRD-KK-QKV-YSLF-YKLDITSINNNQGNRSNNS------------------------------------------NTSYRLI---NCNTSAI-T---QA, 0.1907, 0
1.541504, -72.5781, [74], CHUNK, ['I'], VKLTPLCVTLNCTNVTNNTTD-------------------------------------TMRGELKN----CSFNI-T-TN--LRD-KK-QKV-YSLF-YKLDITSINNNQGNRSNNS------------------------------------------NTSYRLI---NCNTSAI-T---QA, 0.5750, 0
1.526164, -71.1844, [74], CHUNK, ['I'], VKLTPLCVTLNCTNVTNNTTD-------------------------------------TMRGELKN----CSFNI-T-TN--LRD-KK-QKV-YSLF-YKLDIVSINNNQGNRSNNS------------------------------------------NTSYRLI---NCNTSAI-T---QA, 0.2264, 0
1.524250, -95.2539, [74], CHUNK, ['V'], VKLTPLCVTLNCTNVTNNTTD-------------------------------------TMRGELKN----CSFNV-T-TN--LRD-KK-QKV-YSLF-YKLDIVSINNNQGNRSNNS------------------------------------------NTSYRLI---NCNTSAI-T---QA, 0.5905, 0
1.524250, -98.9054, 74, POINT, V, VKLTPLCVTLNCTNVTNNTTD-------------------------------------TMRGELKN----CSFNV-T-TN--LRD-KK-QKV-YSLF-YKLDIVSINNNQGNRSNNS------------------------------------------NTSYRLI---NCNTSAI-T---QA, 0.4584, 0
1.514809, -117.5299, 98, POINT, N, VKLTPLCVTLNCTNVTNNTTD-------------------------------------TMRGELKN----CSFNM-T-TN--LRD-KK-QKV-YSLF-NKLDIVSINNNQGNRSNNS------------------------------------------NTSYRLI---NCNTSAI-T---QA, 0.1055, 0
1.504126, -98.1331, [74], CHUNK, ['I'], VKLTPLCVTLNCTNVTNNTTD-------------------------------------TMRGELKN----CSFNI-T-TE--LRD-KK-QKV-YSLF-YKLDIVSINNNQGNRSNNS------------------------------------------NTSYRLI---NCNTSAI-T---QA, 0.4511, 0
1.512454, -2.5519, [79, 82], CHUNK, ['N', 'I'], VKLTPLCVTLNCTNVTNNTTD-------------------------------------TMRGELKN----CSFNM-T-TN--IRD-KK-QKV-YSLF-YKLDIVSINNNQGNRSNNS------------------------------------------NTSYRLI---NCNTSAI-T---QA, 0.1836, 0
1.509119, -121.2327, 14, POINT, T, VKLTPLCVTLNCTNTTNNTTD-------------------------------------TMRGELKN----CSFNM-T-TE--LRD-KK-QKV-YSLF-YKLDIVSINNNQGNRSNNS------------------------------------------NTSYRLI---NCNTSAI-T---QA, 0.1055, 1
1.519802, -120.9520, 62, POINT, T, VKLTPLCVTLNCTNTTNNTTD-------------------------------------TMRGTLKN----CSFNM-T-TE--LRD-KK-QKV-YSLF-YKLDIVSINNNQGNRSNNS------------------------------------------NTSYRLI---NCNTSAI-T---QA, 0.1055, 0
1.548323, -63.4049, [74, 79], CHUNK, ['I', 'N'], VKLTPLCVTLNCTNTTNNTTD-------------------------------------TMRGELKN----CSFNI-T-TN--LRD-KK-QKV-YSLF-YKLDIVSINNNQGNRSNNS------------------------------------------NTSYRLI---NCNTSAI-T---QA, 0.4018, 0
1.523821, -118.7923, 174, POINT, T, VKLTPLCVTLNCTNTTNNTTD-------------------------------------TMRGELKN----CSFNM-T-TE--LRD-KK-QKV-YSLF-YKLDIVSINNNQGNRSNNS------------------------------------------NTSYRLI---NCNTSTI-T---QA, 0.1055, 0
1.535683, -121.6698, 20, POINT, N, VKLTPLCVTLNCTNTTNNTTN-------------------------------------TMRGELKN----CSFNM-T-TE--LRD-KK-QKV-YSLF-YKLDIVSINNNQGNRSNNS------------------------------------------NTSYRLI---NCNTSAI-T---QA, 0.1055, 0
1.501662, -118.4893, 174, POINT, T, VKLTPLCVTLNCTNVTNNTTD-------------------------------------TMRGELKN----CSFNM-T-TE--LRD-KK-QKV-YSLF-YKLDIVSINNNQGNRSNNS------------------------------------------NTSYRLI---NCNTSTI-T---QA, 0.1055, 1
1.518827, -72.3965, [74], CHUNK, ['I'], VKLTPLCVTLNCTNVTNNTTD-------------------------------------TMRGELKN----CSFNI-T-TE--LRD-KK-QKV-YSLF-YKLDIVSINNNQGNRSNNS------------------------------------------NTSYRLI---NCNTSTI-T---QA, 0.5004, 0
1.520887, -101.2850, 61, POINT, N, VKLTPLCVTLNCTNVTNNTTD-------------------------------------TMRNELKN----CSFNM-T-TE--LRD-KK-QKV-YSLF-YKLDIVSINNNQGNRSNNS------------------------------------------NTSYRLI---NCNTSTI-T---QA, 0.1055, 1
1.560090, -71.0697, [74, 79], CHUNK, ['I', 'N'], VKLTPLCVTLNCTNVTNNTTD-------------------------------------TMRNELKN----CSFNI-T-TN--LRD-KK-QKV-YSLF-YKLDIVSINNNQGNRSNNS------------------------------------------NTSYRLI---NCNTSTI-T---QA, 0.7238, 0
1.538052, -72.5766, [74], CHUNK, ['I'], VKLTPLCVTLNCTNVTNNTTD-------------------------------------TMRNELKN----CSFNI-T-TE--LRD-KK-QKV-YSLF-YKLDIVSINNNQGNRSNNS------------------------------------------NTSYRLI---NCNTSTI-T---QA, 1.0020, 0
1.553326, -100.3857, 109, POINT, S, VKLTPLCVTLNCTNVTNNTTD-------------------------------------TMRNELKN----CSFNM-T-TE--LRD-KK-QKV-YSLF-YKLDIVSINNNSGNRSNNS------------------------------------------NTSYRLI---NCNTSTI-T---QA, 0.1055, 0
1.552610, -97.0106, [74], CHUNK, ['T'], VKLTPLCVTLNCTNVTNNTTD-------------------------------------TMRNELKN----CSFNT-T-TE--LRD-KK-QKV-YSLF-YKLDIVSINNNQGNRSNNS------------------------------------------NTSYRLI---NCNTSTI-T---QA, 0.1055, 0
1.527548, -118.9264, 20, POINT, N, VKLTPLCVTLNCTNVTNNTTN-------------------------------------TMRGELKN----CSFNM-T-TE--LRD-KK-QKV-YSLF-YKLDIVSINNNQGNRSNNS------------------------------------------NTSYRLI---NCNTSTI-T---QA, 0.1055, 0
1.518827, -65.5688, 74, POINT, I, VKLTPLCVTLNCTNVTNNTTD-------------------------------------TMRGELKN----CSFNI-T-TE--LRD-KK-QKV-YSLF-YKLDIVSINNNQGNRSNNS------------------------------------------NTSYRLI---NCNTSTI-T---QA, 0.4119, 0
1.528728, -115.9750, [98, 99], CHUNK, ['N', 'T'], VKLTPLCVTLNCTNVTNNTTD-------------------------------------TMRGELKN----CSFNM-T-TE--LRD-KK-QKV-YSLF-NTLDIVSINNNQGNRSNNS------------------------------------------NTSYRLI---NCNTSTI-T---QA, 0.1055, 1
1.561014, -16.5804, [74, 79, 82], CHUNK, ['I', 'S', 'I'], VKLTPLCVTLNCTNVTNNTTD-------------------------------------TMRGELKN----CSFNI-T-TS--IRD-KK-QKV-YSLF-NTLDIVSINNNQGNRSNNS------------------------------------------NTSYRLI---NCNTSTI-T---QA, 1.2952, 0
1.554614, -116.4120, 20, POINT, N, VKLTPLCVTLNCTNVTNNTTN-------------------------------------TMRGELKN----CSFNM-T-TE--LRD-KK-QKV-YSLF-NTLDIVSINNNQGNRSNNS------------------------------------------NTSYRLI---NCNTSTI-T---QA, 0.1055, 0
1.555518, -76.2186, [60, 61, 63], CHUNK, ['T', 'E', 'I'], VKLTPLCVTLNCTNVTNNTTD-------------------------------------TMTEEIKN----CSFNM-T-TE--LRD-KK-QKV-YSLF-NTLDIVSINNNQGNRSNNS------------------------------------------NTSYRLI---NCNTSTI-T---QA, 0.1752, 0
1.548716, -115.4812, 103, POINT, T, VKLTPLCVTLNCTNVTNNTTD-------------------------------------TMRGELKN----CSFNM-T-TE--LRD-KK-QKV-YSLF-NTLDITSINNNQGNRSNNS------------------------------------------NTSYRLI---NCNTSTI-T---QA, 0.1055, 1
1.587919, -60.5748, [74, 79], CHUNK, ['I', 'N'], VKLTPLCVTLNCTNVTNNTTD-------------------------------------TMRGELKN----CSFNI-T-TN--LRD-KK-QKV-YSLF-NTLDITSINNNQGNRSNNS------------------------------------------NTSYRLI---NCNTSTI-T---QA, 0.7458, 0
1.577755, -115.0161, 59, POINT, T, VKLTPLCVTLNCTNVTNNTTD-------------------------------------TTRGELKN----CSFNM-T-TE--LRD-KK-QKV-YSLF-NTLDITSINNNQGNRSNNS------------------------------------------NTSYRLI---NCNTSTI-T---QA, 0.1055, 0
1.580438, -111.2068, [74], CHUNK, ['T'], VKLTPLCVTLNCTNVTNNTTD-------------------------------------TMRGELKN----CSFNT-T-TE--LRD-KK-QKV-YSLF-NTLDITSINNNQGNRSNNS------------------------------------------NTSYRLI---NCNTSTI-T---QA, 0.1055, 0
1.580438, -111.2068, [74], CHUNK, ['T'], VKLTPLCVTLNCTNVTNNTTD-------------------------------------TMRGELKN----CSFNT-T-TE--LRD-KK-QKV-YSLF-NTLDITSINNNQGNRSNNS------------------------------------------NTSYRLI---NCNTSTI-T---QA, 0.1055, 0
1.556148, -77.0055, [74, 79], CHUNK, ['I', 'S'], VKLTPLCVTLNCTNVTNNTTD-------------------------------------TMRGELKN----CSFNI-T-TS--LRD-KK-QKV-YSLF-NTLDIVSINNNQGNRSNNS------------------------------------------NTSYRLI---NCNTSTI-T---QA, 0.9072, 0
1.567931, -59.5906, [74, 79], CHUNK, ['I', 'N'], VKLTPLCVTLNCTNVTNNTTD-------------------------------------TMRGELKN----CSFNI-T-TN--LRD-KK-QKV-YSLF-NTLDIVSINNNQGNRSNNS------------------------------------------NTSYRLI---NCNTSTI-T---QA, 0.8862, 0
1.560451, -111.7005, 74, POINT, T, VKLTPLCVTLNCTNVTNNTTD-------------------------------------TMRGELKN----CSFNT-T-TE--LRD-KK-QKV-YSLF-NTLDIVSINNNQGNRSNNS------------------------------------------NTSYRLI---NCNTSTI-T---QA, 0.1055, 0
1.544459, -99.8762, 74, POINT, V, VKLTPLCVTLNCTNVTNNTTD-------------------------------------TMRGELKN----CSFNV-T-TE--LRD-KK-QKV-YSLF-NTLDIVSINNNQGNRSNNS------------------------------------------NTSYRLI---NCNTSTI-T---QA, 0.2245, 0
1.511567, -116.4663, 165, POINT, T, VKLTPLCVTLNCTNVTNNTTD-------------------------------------TMRGELKN----CSFNM-T-TE--LRD-KK-QKV-YSLF-YKLDIVSINNNQGNRSNNS------------------------------------------NTSYRLT---NCNTSTI-T---QA, 0.1055, 0
1.518827, -94.2517, 74, POINT, I, VKLTPLCVTLNCTNVTNNTTD-------------------------------------TMRGELKN----CSFNI-T-TE--LRD-KK-QKV-YSLF-YKLDIVSINNNQGNRSNNS------------------------------------------NTSYRLI---NCNTSTI-T---QA, 0.5329, 0
1.533948, -22.4256, [74, 79, 82], CHUNK, ['I', 'S', 'I'], VKLTPLCVTLNCTNVTNNTTD-------------------------------------TMRGELKN----CSFNI-T-TS--IRD-KK-QKV-YSLF-YKLDIVSINNNQGNRSNNS------------------------------------------NTSYRLI---NCNTSTI-T---QA, 0.5652, 0
1.518827, -77.7794, [74], CHUNK, ['I'], VKLTPLCVTLNCTNVTNNTTD-------------------------------------TMRGELKN----CSFNI-T-TE--LRD-KK-QKV-YSLF-YKLDIVSINNNQGNRSNNS------------------------------------------NTSYRLI---NCNTSTI-T---QA, 0.7904, 0
1.496890, -118.9068, 165, POINT, T, VKLTPLCVTLNCTNVTNNTTD-------------------------------------TMRGELKN----CSFNM-T-TE--LRD-KK-QKV-YSLF-YKLDIVSINNNQGNRSNNS------------------------------------------NTSYRLT---NCNTSAI-T---QA, 0.1055, 1
1.524310, -68.3527, [74, 79], CHUNK, ['I', 'S'], VKLTPLCVTLNCTNVTNNTTD-------------------------------------TMRGELKN----CSFNI-T-TS--LRD-KK-QKV-YSLF-YKLDIVSINNNQGNRSNNS------------------------------------------NTSYRLT---NCNTSAI-T---QA, 0.5482, 0
1.542523, 20.2460, [74, 79, 82], CHUNK, ['I', 'N', 'I'], VKLTPLCVTLNCTNVTNNTTD-------------------------------------TMRGELKN----CSFNI-T-TN--IRD-KK-QKV-YSLF-YKLDIVSINNNQGNRSNNS------------------------------------------NTSYRLT---NCNTSAI-T---QA, 0.5362, 0
1.528613, -114.9144, 74, POINT, T, VKLTPLCVTLNCTNVTNNTTD-------------------------------------TMRGELKN----CSFNT-T-TE--LRD-KK-QKV-YSLF-YKLDIVSINNNQGNRSNNS------------------------------------------NTSYRLT---NCNTSAI-T---QA, 0.1172, 0
1.528506, -120.4015, 110, POINT, N, VKLTPLCVTLNCTNVTNNTTD-------------------------------------TMRGELKN----CSFNM-T-TE--LRD-KK-QKV-YSLF-YKLDIVSINNNQNNRSNNS------------------------------------------NTSYRLT---NCNTSAI-T---QA, 0.1055, 0
1.532594, 11.2102, [74, 79, 82], CHUNK, ['I', 'N', 'I'], VKLTPLCVTLNCTNVTNNTTD-------------------------------------TMRGELKN----CSFNI-T-TN--IRD-KK-QKV-YSLF-YKLDIVSINNNQGNRSNNS------------------------------------------NTSYRLI---NCNTSAI-T---QA, 0.5147, 0
1.518684, -116.6554, [74], CHUNK, ['T'], VKLTPLCVTLNCTNVTNNTTD-------------------------------------TMRGELKN----CSFNT-T-TE--LRD-KK-QKV-YSLF-YKLDIVSINNNQGNRSNNS------------------------------------------NTSYRLI---NCNTSAI-T---QA, 0.1055, 0
1.525050, -120.6518, 109, POINT, N, VKLTPLCVTLNCTNVTNNTTD-------------------------------------TMRGELKN----CSFNM-T-TE--LRD-KK-QKV-YSLF-YKLDIVSINNNNGNRSNNS------------------------------------------NTSYRLI---NCNTSAI-T---QA, 0.1055, 0
1.512454, 0.7675, [79, 82], CHUNK, ['N', 'I'], VKLTPLCVTLNCTNVTNNTTD-------------------------------------TMRGELKN----CSFNM-T-TN--IRD-KK-QKV-YSLF-YKLDIVSINNNQGNRSNNS------------------------------------------NTSYRLI---NCNTSAI-T---QA, 0.1452, 0
1.477130, -121.9668, 163, POINT, T, VKLTPLCVTLNCTNVTNNTTD-------------------------------------TMRGELKN----CSFNM-T-TE--LRD-KK-QKV-YSLF-YKLDIVSINENQGNRSNNS------------------------------------------NTSYTLI---NCNTSAI-T---QA, 0.1055, 0
1.489955, -119.2379, 14, POINT, N, VKLTPLCVTLNCTNNTNNTTD-------------------------------------TMRGELKN----CSFNM-T-TE--LRD-KK-QKV-YSLF-YKLDIVSINENQGNRSNNS------------------------------------------NTSYRLI---NCNTSAI-T---QA, 0.1066, 0
1.477130, -121.9668, 163, POINT, T, VKLTPLCVTLNCTNVTNNTTD-------------------------------------TMRGELKN----CSFNM-T-TE--LRD-KK-QKV-YSLF-YKLDIVSINENQGNRSNNS------------------------------------------NTSYTLI---NCNTSAI-T---QA, 0.1055, 1
1.494295, -90.0027, 74, POINT, I, VKLTPLCVTLNCTNVTNNTTD-------------------------------------TMRGELKN----CSFNI-T-TE--LRD-KK-QKV-YSLF-YKLDIVSINENQGNRSNNS------------------------------------------NTSYTLI---NCNTSAI-T---QA, 0.6228, 0
1.503015, -122.4039, 20, POINT, N, VKLTPLCVTLNCTNVTNNTTN-------------------------------------TMRGELKN----CSFNM-T-TE--LRD-KK-QKV-YSLF-YKLDIVSINENQGNRSNNS------------------------------------------NTSYTLI---NCNTSAI-T---QA, 0.1055, 0
1.504549, -61.0426, [74, 79], CHUNK, ['I', 'S'], VKLTPLCVTLNCTNVTNNTTD-------------------------------------TMRGELKN----CSFNI-T-TS--LRD-KK-QKV-YSLF-YKLDIVSINENQGNRSNNS------------------------------------------NTSYTLI---NCNTSAI-T---QA, 0.5057, 0
1.484585, -122.6740, 89, POINT, K, VKLTPLCVTLNCTNVTNNTTD-------------------------------------TMRGELKN----CSFNM-T-TE--LRD-KK-KKV-YSLF-YKLDIVSINENQGNRSNNS------------------------------------------NTSYTLI---NCNTSAI-T---QA, 0.1029, 1
1.510470, -123.0923, 20, POINT, N, VKLTPLCVTLNCTNVTNNTTN-------------------------------------TMRGELKN----CSFNM-T-TE--LRD-KK-KKV-YSLF-YKLDIVSINENQGNRSNNS------------------------------------------NTSYTLI---NCNTSAI-T---QA, 0.1029, 1
1.541175, -123.3001, 59, POINT, N, VKLTPLCVTLNCTNVTNNTTN-------------------------------------TNRGELKN----CSFNM-T-TE--LRD-KK-KKV-YSLF-YKLDIVSINENQGNRSNNS------------------------------------------NTSYTLI---NCNTSAI-T---QA, 0.1029, 1
1.576498, -124.8093, [104, 108, 109, 110, 112], CHUNK, ['Q', 'D', 'K', 'N', 'S'], VKLTPLCVTLNCTNVTNNTTN-------------------------------------TNRGELKN----CSFNM-T-TE--LRD-KK-KKV-YSLF-YKLDIVQINEDKNNSSNNS------------------------------------------NTSYTLI---NCNTSAI-T---QA, 0.1029, 1
1.585741, -123.7007, 79, POINT, S, VKLTPLCVTLNCTNVTNNTTN-------------------------------------TNRGELKN----CSFNM-T-TS--LRD-KK-KKV-YSLF-YKLDIVQINEDKNNSSNNS------------------------------------------NTSYTLI---NCNTSAI-T---QA, 0.1029, 1
1.604590, 0.8527, [82, 83], CHUNK, ['I', 'N'], VKLTPLCVTLNCTNVTNNTTN-------------------------------------TNRGELKN----CSFNM-T-TS--IND-KK-KKV-YSLF-YKLDIVQINEDKNNSSNNS------------------------------------------NTSYTLI---NCNTSAI-T---QA, 0.1029, 0
1.614844, -120.5428, 60, POINT, T, VKLTPLCVTLNCTNVTNNTTN-------------------------------------TNTGELKN----CSFNM-T-TS--LRD-KK-KKV-YSLF-YKLDIVQINEDKNNSSNNS------------------------------------------NTSYTLI---NCNTSAI-T---QA, 0.1714, 0
1.601655, -91.9144, 74, POINT, V, VKLTPLCVTLNCTNVTNNTTN-------------------------------------TNRGELKN----CSFNV-T-TS--LRD-KK-KKV-YSLF-YKLDIVQINEDKNNSSNNS------------------------------------------NTSYTLI---NCNTSAI-T---QA, 0.4671, 0
1.603611, -70.5170, [74], CHUNK, ['I'], VKLTPLCVTLNCTNVTNNTTN-------------------------------------TNRGELKN----CSFNI-T-TS--LRD-KK-KKV-YSLF-YKLDIVQINEDKNNSSNNS------------------------------------------NTSYTLI---NCNTSAI-T---QA, 0.9475, 0
1.601581, -124.9263, [106, 107, 109], CHUNK, ['D', 'N', 'N'], VKLTPLCVTLNCTNVTNNTTN-------------------------------------TNRGELKN----CSFNM-T-TE--LRD-KK-KKV-YSLF-YKLDIVQIDNDNNNSSNNS------------------------------------------NTSYTLI---NCNTSAI-T---QA, 0.1029, 0
1.593663, -86.2949, [74], CHUNK, ['I'], VKLTPLCVTLNCTNVTNNTTN-------------------------------------TNRGELKN----CSFNI-T-TE--LRD-KK-KKV-YSLF-YKLDIVQINEDKNNSSNNS------------------------------------------NTSYTLI---NCNTSAI-T---QA, 0.7152, 0
1.597954, -124.9780, 107, POINT, N, VKLTPLCVTLNCTNVTNNTTN-------------------------------------TNRGELKN----CSFNM-T-TE--LRD-KK-KKV-YSLF-YKLDIVQINNDKNNSSNNS------------------------------------------NTSYTLI---NCNTSAI-T---QA, 0.1029, 1
1.603065, -1.0502, 82, POINT, I, VKLTPLCVTLNCTNVTNNTTN-------------------------------------TNRGELKN----CSFNM-T-TE--IRD-KK-KKV-YSLF-YKLDIVQINNDKNNSSNNS------------------------------------------NTSYTLI---NCNTSAI-T---QA, 0.1029, 0
1.620935, -125.2802, 14, POINT, T, VKLTPLCVTLNCTNTTNNTTN-------------------------------------TNRGELKN----CSFNM-T-TE--LRD-KK-KKV-YSLF-YKLDIVQINNDKNNSSNNS------------------------------------------NTSYTLI---NCNTSAI-T---QA, 0.1029, 1
1.639665, -124.3526, 79, POINT, N, VKLTPLCVTLNCTNTTNNTTN-------------------------------------TNRGELKN----CSFNM-T-TN--LRD-KK-KKV-YSLF-YKLDIVQINNDKNNSSNNS------------------------------------------NTSYTLI---NCNTSAI-T---QA, 0.1029, 1
1.649148, -124.9705, 84, POINT, N, VKLTPLCVTLNCTNTTNNTTN-------------------------------------TNRGELKN----CSFNM-T-TN--LRN-KK-KKV-YSLF-YKLDIVQINNDKNNSSNNS------------------------------------------NTSYTLI---NCNTSAI-T---QA, 0.1029, 1
1.668694, -80.2601, [74], CHUNK, ['I'], VKLTPLCVTLNCTNTTNNTTN-------------------------------------TNRGELKN----CSFNI-T-TN--LRN-KK-KKV-YSLF-YKLDIVQINNDKNNSSNNS------------------------------------------NTSYTLI---NCNTSAI-T---QA, 0.7594, 0
1.663457, -124.6035, 60, POINT, S, VKLTPLCVTLNCTNTTNNTTN-------------------------------------TNSGELKN----CSFNM-T-TN--LRN-KK-KKV-YSLF-YKLDIVQINNDKNNSSNNS------------------------------------------NTSYTLI---NCNTSAI-T---QA, 0.1029, 1
1.683003, -84.9464, 74, POINT, I, VKLTPLCVTLNCTNTTNNTTN-------------------------------------TNSGELKN----CSFNI-T-TN--LRN-KK-KKV-YSLF-YKLDIVQINNDKNNSSNNS------------------------------------------NTSYTLI---NCNTSAI-T---QA, 0.8210, 0
1.697891, -120.2968, 74, POINT, T, VKLTPLCVTLNCTNTTNNTTN-------------------------------------TNSGELKN----CSFNT-T-TN--LRN-KK-KKV-YSLF-YKLDIVQINNDKNNSSNNS------------------------------------------NTSYTLI---NCNTSAI-T---QA, 0.1029, 1
1.713006, -117.7264, 174, POINT, T, VKLTPLCVTLNCTNTTNNTTN-------------------------------------TNSGELKN----CSFNT-T-TN--LRN-KK-KKV-YSLF-YKLDIVQINNDKNNSSNNS------------------------------------------NTSYTLI---NCNTSTI-T---QA, 0.1029, 0
1.713006, -117.7264, [174], CHUNK, ['T'], VKLTPLCVTLNCTNTTNNTTN-------------------------------------TNSGELKN----CSFNT-T-TN--LRN-KK-KKV-YSLF-YKLDIVQINNDKNNSSNNS------------------------------------------NTSYTLI---NCNTSTI-T---QA, 0.1029, 0
1.713006, -117.7264, [174], CHUNK, ['T'], VKLTPLCVTLNCTNTTNNTTN-------------------------------------TNSGELKN----CSFNT-T-TN--LRN-KK-KKV-YSLF-YKLDIVQINNDKNNSSNNS------------------------------------------NTSYTLI---NCNTSTI-T---QA, 0.1029, 0
1.706454, -119.2429, 64, POINT, T, VKLTPLCVTLNCTNTTNNTTN-------------------------------------TNSGELTN----CSFNT-T-TN--LRN-KK-KKV-YSLF-YKLDIVQINNDKNNSSNNS------------------------------------------NTSYTLI---NCNTSAI-T---QA, 0.1029, 0
1.683003, -103.9220, [74], CHUNK, ['I'], VKLTPLCVTLNCTNTTNNTTN-------------------------------------TNSGELKN----CSFNI-T-TN--LRN-KK-KKV-YSLF-YKLDIVQINNDKNNSSNNS------------------------------------------NTSYTLI---NCNTSAI-T---QA, 0.6910, 0
1.684259, -104.9709, [61, 63], CHUNK, ['N', 'V'], VKLTPLCVTLNCTNTTNNTTN-------------------------------------TNSNEVKN----CSFNM-T-TN--LRN-KK-KKV-YSLF-YKLDIVQINNDKNNSSNNS------------------------------------------NTSYTLI---NCNTSAI-T---QA, 0.1029, 0
1.683003, -72.4038, [74], CHUNK, ['I'], VKLTPLCVTLNCTNTTNNTTN-------------------------------------TNSGELKN----CSFNI-T-TN--LRN-KK-KKV-YSLF-YKLDIVQINNDKNNSSNNS------------------------------------------NTSYTLI---NCNTSAI-T---QA, 0.6368, 0
1.680863, -105.7226, 74, POINT, V, VKLTPLCVTLNCTNTTNNTTN-------------------------------------TNSGELKN----CSFNV-T-TN--LRN-KK-KKV-YSLF-YKLDIVQINNDKNNSSNNS------------------------------------------NTSYTLI---NCNTSAI-T---QA, 0.6080, 0
1.668694, -85.0704, 74, POINT, I, VKLTPLCVTLNCTNTTNNTTN-------------------------------------TNRGELKN----CSFNI-T-TN--LRN-KK-KKV-YSLF-YKLDIVQINNDKNNSSNNS------------------------------------------NTSYTLI---NCNTSAI-T---QA, 0.4531, 0
1.664263, -122.4000, 174, POINT, T, VKLTPLCVTLNCTNTTNNTTN-------------------------------------TNRGELKN----CSFNM-T-TN--LRN-KK-KKV-YSLF-YKLDIVQINNDKNNSSNNS------------------------------------------NTSYTLI---NCNTSTI-T---QA, 0.1029, 0
1.668694, -59.4311, [74], CHUNK, ['I'], VKLTPLCVTLNCTNTTNNTTN-------------------------------------TNRGELKN----CSFNI-T-TN--LRN-KK-KKV-YSLF-YKLDIVQINNDKNNSSNNS------------------------------------------NTSYTLI---NCNTSAI-T---QA, 0.3456, 0
1.668694, -50.4990, [74], CHUNK, ['I'], VKLTPLCVTLNCTNTTNNTTN-------------------------------------TNRGELKN----CSFNI-T-TN--LRN-KK-KKV-YSLF-YKLDIVQINNDKNNSSNNS------------------------------------------NTSYTLI---NCNTSAI-T---QA, 0.9469, 0
1.658238, -123.8845, [116], CHUNK, ['T'], VKLTPLCVTLNCTNTTNNTTN-------------------------------------TNRGELKN----CSFNM-T-TN--LRD-KK-KKV-YSLF-YKLDIVQINNDKNNSSNNT------------------------------------------NTSYTLI---NCNTSAI-T---QA, 0.1029, 1
1.677941, -94.4147, 74, POINT, I, VKLTPLCVTLNCTNTTNNTTN-------------------------------------TNRGELKN----CSFNI-T-TN--LRD-KK-KKV-YSLF-YKLDIVQINNDKNNSSNNT------------------------------------------NTSYTLI---NCNTSAI-T---QA, 0.7141, 0
1.687340, -120.0110, 60, POINT, T, VKLTPLCVTLNCTNTTNNTTN-------------------------------------TNTGELKN----CSFNM-T-TN--LRD-KK-KKV-YSLF-YKLDIVQINNDKNNSSNNT------------------------------------------NTSYTLI---NCNTSAI-T---QA, 0.1029, 0
1.692377, -119.5778, 74, POINT, T, VKLTPLCVTLNCTNTTNNTTN-------------------------------------TNRGELKN----CSFNT-T-TN--LRD-KK-KKV-YSLF-YKLDIVQINNDKNNSSNNT------------------------------------------NTSYTLI---NCNTSAI-T---QA, 0.1029, 0
1.676027, -99.6765, [74], CHUNK, ['V'], VKLTPLCVTLNCTNTTNNTTN-------------------------------------TNRGELKN----CSFNV-T-TN--LRD-KK-KKV-YSLF-YKLDIVQINNDKNNSSNNT------------------------------------------NTSYTLI---NCNTSAI-T---QA, 0.3990, 0
1.673805, -120.0928, [74], CHUNK, ['T'], VKLTPLCVTLNCTNTTNNTTN-------------------------------------TNRGELKN----CSFNT-T-TN--LRD-KK-KKV-YSLF-YKLDIVQINNDKNNSSNNS------------------------------------------NTSYTLI---NCNTSAI-T---QA, 0.1680, 1
1.680921, -95.3617, 174, POINT, V, VKLTPLCVTLNCTNTTNNTTN-------------------------------------TNRGELKN----CSFNT-T-TN--LRD-KK-KKV-YSLF-YKLDIVQINNDKNNSSNNS------------------------------------------NTSYTLI---NCNTSVI-T---QA, 0.3437, 0
1.690731, -119.8250, 62, POINT, T, VKLTPLCVTLNCTNTTNNTTN-------------------------------------TNRGTLKN----CSFNT-T-TN--LRD-KK-KKV-YSLF-YKLDIVQINNDKNNSSNNS------------------------------------------NTSYTLI---NCNTSAI-T---QA, 0.1680, 0
1.680921, -100.6030, 174, POINT, V, VKLTPLCVTLNCTNTTNNTTN-------------------------------------TNRGELKN----CSFNT-T-TN--LRD-KK-KKV-YSLF-YKLDIVQINNDKNNSSNNS------------------------------------------NTSYTLI---NCNTSVI-T---QA, 0.4530, 0
1.680823, -120.9294, 161, POINT, T, VKLTPLCVTLNCTNTTNNTTN-------------------------------------TNRGELKN----CSFNT-T-TN--LRD-KK-KKV-YSLF-YKLDIVQINNDKNNSSNNS------------------------------------------NTTYTLI---NCNTSAI-T---QA, 0.1680, 0
1.649148, -124.9705, 84, POINT, N, VKLTPLCVTLNCTNTTNNTTN-------------------------------------TNRGELKN----CSFNM-T-TN--LRN-KK-KKV-YSLF-YKLDIVQINNDKNNSSNNS------------------------------------------NTSYTLI---NCNTSAI-T---QA, 0.1029, 1
1.668694, -94.7146, [74], CHUNK, ['I'], VKLTPLCVTLNCTNTTNNTTN-------------------------------------TNRGELKN----CSFNI-T-TN--LRN-KK-KKV-YSLF-YKLDIVQINNDKNNSSNNS------------------------------------------NTSYTLI---NCNTSAI-T---QA, 0.3078, 0
1.656264, -88.5927, 174, POINT, V, VKLTPLCVTLNCTNTTNNTTN-------------------------------------TNRGELKN----CSFNM-T-TN--LRN-KK-KKV-YSLF-YKLDIVQINNDKNNSSNNS------------------------------------------NTSYTLI---NCNTSVI-T---QA, 0.4475, 0
1.683581, -121.0350, [74], CHUNK, ['T'], VKLTPLCVTLNCTNTTNNTTN-------------------------------------TNRGELKN----CSFNT-T-TN--LRN-KK-KKV-YSLF-YKLDIVQINNDKNNSSNNS------------------------------------------NTSYTLI---NCNTSAI-T---QA, 0.0958, 0
1.681012, -104.3809, [60, 61, 63], CHUNK, ['T', 'A', 'I'], VKLTPLCVTLNCTNTTNNTTN-------------------------------------TNTAEIKN----CSFNM-T-TN--LRN-KK-KKV-YSLF-YKLDIVQINNDKNNSSNNS------------------------------------------NTSYTLI---NCNTSAI-T---QA, 0.1029, 0
1.659369, -81.1101, [74], CHUNK, ['I'], VKLTPLCVTLNCTNTTNNTTN-------------------------------------TNRGELKN----CSFNI-T-TN--LRD-KK-KKV-YSLF-YKLDIVQINNDKNNSSNNS------------------------------------------NTSYTLI---NCNTSAI-T---QA, 0.6540, 0
1.663047, -124.4427, 109, POINT, N, VKLTPLCVTLNCTNTTNNTTN-------------------------------------TNRGELKN----CSFNM-T-TN--LRD-KK-KKV-YSLF-YKLDIVQINNDNNNSSNNS------------------------------------------NTSYTLI---NCNTSAI-T---QA, 0.1029, 0
1.659369, -99.3276, [74], CHUNK, ['I'], VKLTPLCVTLNCTNTTNNTTN-------------------------------------TNRGELKN----CSFNI-T-TN--LRD-KK-KKV-YSLF-YKLDIVQINNDKNNSSNNS------------------------------------------NTSYTLI---NCNTSAI-T---QA, 0.4802, 0
1.659369, -85.1729, [74], CHUNK, ['I'], VKLTPLCVTLNCTNTTNNTTN-------------------------------------TNRGELKN----CSFNI-T-TN--LRD-KK-KKV-YSLF-YKLDIVQINNDKNNSSNNS------------------------------------------NTSYTLI---NCNTSAI-T---QA, 0.7287, 0
1.636656, -124.7983, 79, POINT, T, VKLTPLCVTLNCTNTTNNTTN-------------------------------------TNRGELKN----CSFNM-T-TT--LRD-KK-KKV-YSLF-YKLDIVQINNDKNNSSNNS------------------------------------------NTSYTLI---NCNTSAI-T---QA, 0.1029, 1
1.649891, -124.2480, 103, POINT, T, VKLTPLCVTLNCTNTTNNTTN-------------------------------------TNRGELKN----CSFNM-T-TT--LRD-KK-KKV-YSLF-YKLDITQINNDKNNSSNNS------------------------------------------NTSYTLI---NCNTSAI-T---QA, 0.1029, 1
1.666429, -101.3718, [74], CHUNK, ['V'], VKLTPLCVTLNCTNTTNNTTN-------------------------------------TNRGELKN----CSFNV-T-TT--LRD-KK-KKV-YSLF-YKLDITQINNDKNNSSNNS------------------------------------------NTSYTLI---NCNTSAI-T---QA, 0.4025, 0
1.683937, -117.2657, [71, 74], CHUNK, ['T', 'T'], VKLTPLCVTLNCTNTTNNTTN-------------------------------------TNRGELKN----CTFNT-T-TT--LRD-KK-KKV-YSLF-YKLDITQINNDKNNSSNNS------------------------------------------NTSYTLI---NCNTSAI-T---QA, 0.1029, 1
1.715361, -97.6195, [60, 61, 62, 63, 64], CHUNK, ['N', 'N', 'K', 'M', 'R'], VKLTPLCVTLNCTNTTNNTTN-------------------------------------TNNNKMRN----CTFNT-T-TT--LRD-KK-KKV-YSLF-YKLDITQINNDKNNSSNNS------------------------------------------NTSYTLI---NCNTSAI-T---QA, 0.1029, 0
1.704049, -34.3493, [82, 83, 84, 87], CHUNK, ['I', 'T', 'N', 'M'], VKLTPLCVTLNCTNTTNNTTN-------------------------------------TNRGELKN----CTFNT-T-TT--ITN-KM-KKV-YSLF-YKLDITQINNDKNNSSNNS------------------------------------------NTSYTLI---NCNTSAI-T---QA, 0.5622, 0
1.698865, -117.0343, 60, POINT, S, VKLTPLCVTLNCTNTTNNTTN-------------------------------------TNSGELKN----CTFNT-T-TT--LRD-KK-KKV-YSLF-YKLDITQINNDKNNSSNNS------------------------------------------NTSYTLI---NCNTSAI-T---QA, 0.1275, 0
1.699052, -114.6952, [174], CHUNK, ['T'], VKLTPLCVTLNCTNTTNNTTN-------------------------------------TNRGELKN----CTFNT-T-TT--LRD-KK-KKV-YSLF-YKLDITQINNDKNNSSNNS------------------------------------------NTSYTLI---NCNTSTI-T---QA, 0.1029, 0
1.667493, -72.6076, 74, POINT, I, VKLTPLCVTLNCTNTTNNTTN-------------------------------------TNRGELKN----CSFNI-T-TT--LRD-KK-KKV-YSLF-YKLDITQINNDKNNSSNNS------------------------------------------NTSYTLI---NCNTSAI-T---QA, 0.9072, 0
1.671114, -108.4734, [60, 61, 63], CHUNK, ['G', 'S', 'I'], VKLTPLCVTLNCTNTTNNTTN-------------------------------------TNGSEIKN----CSFNM-T-TT--LRD-KK-KKV-YSLF-YKLDITQINNDKNNSSNNS------------------------------------------NTSYTLI---NCNTSAI-T---QA, 0.1029, 0
1.683704, -119.9414, 74, POINT, T, VKLTPLCVTLNCTNTTNNTTN-------------------------------------TNRGELKN----CSFNT-T-TT--LRD-KK-KKV-YSLF-YKLDITQINNDKNNSSNNS------------------------------------------NTSYTLI---NCNTSAI-T---QA, 0.1029, 0
1.683704, -119.9414, 74, POINT, T, VKLTPLCVTLNCTNTTNNTTN-------------------------------------TNRGELKN----CSFNT-T-TT--LRD-KK-KKV-YSLF-YKLDITQINNDKNNSSNNS------------------------------------------NTSYTLI---NCNTSAI-T---QA, 0.1029, 0
1.655228, -124.3301, [116], CHUNK, ['T'], VKLTPLCVTLNCTNTTNNTTN-------------------------------------TNRGELKN----CSFNM-T-TT--LRD-KK-KKV-YSLF-YKLDIVQINNDKNNSSNNT------------------------------------------NTSYTLI---NCNTSAI-T---QA, 0.1029, 1
1.689041, -120.0235, [74], CHUNK, ['T'], VKLTPLCVTLNCTNTTNNTTN-------------------------------------TNRGELKN----CSFNT-T-TT--LRD-KK-KKV-YSLF-YKLDIVQINNDKNNSSNNT------------------------------------------NTSYTLI---NCNTSAI-T---QA, 0.1029, 1
1.697393, -117.4390, 98, POINT, N, VKLTPLCVTLNCTNTTNNTTN-------------------------------------TNRGELKN----CSFNT-T-TT--LRD-KK-KKV-YSLF-NKLDIVQINNDKNNSSNNT------------------------------------------NTSYTLI---NCNTSAI-T---QA, 0.1029, 0
1.701448, -118.0210, 165, POINT, T, VKLTPLCVTLNCTNTTNNTTN-------------------------------------TNRGELKN----CSFNT-T-TT--LRD-KK-KKV-YSLF-YKLDIVQINNDKNNSSNNT------------------------------------------NTSYTLT---NCNTSAI-T---QA, 0.1029, 0
1.714340, -120.4693, 60, POINT, N, VKLTPLCVTLNCTNTTNNTTN-------------------------------------TNNGELKN----CSFNT-T-TT--LRD-KK-KKV-YSLF-YKLDIVQINNDKNNSSNNT------------------------------------------NTSYTLI---NCNTSAI-T---QA, 0.1029, 0
1.701873, -117.1431, [63, 64], CHUNK, ['I', 'T'], VKLTPLCVTLNCTNTTNNTTN-------------------------------------TNRGEITN----CSFNT-T-TT--LRD-KK-KKV-YSLF-YKLDIVQINNDKNNSSNNT------------------------------------------NTSYTLI---NCNTSAI-T---QA, 0.1029, 0
1.671766, -96.7311, [74], CHUNK, ['V'], VKLTPLCVTLNCTNTTNNTTN-------------------------------------TNRGELKN----CSFNV-T-TT--LRD-KK-KKV-YSLF-YKLDIVQINNDKNNSSNNT------------------------------------------NTSYTLI---NCNTSAI-T---QA, 0.4687, 0
1.684331, 8.8629, [74, 79, 82], CHUNK, ['I', 'N', 'I'], VKLTPLCVTLNCTNTTNNTTN-------------------------------------TNRGELKN----CSFNI-T-TN--IRD-KK-KKV-YSLF-YKLDIVQINNDKNNSSNNT------------------------------------------NTSYTLI---NCNTSAI-T---QA, 0.5974, 0
1.672830, -79.8361, [74], CHUNK, ['I'], VKLTPLCVTLNCTNTTNNTTN-------------------------------------TNRGELKN----CSFNI-T-TT--LRD-KK-KKV-YSLF-YKLDIVQINNDKNNSSNNT------------------------------------------NTSYTLI---NCNTSAI-T---QA, 0.9065, 0
1.670343, -121.7597, [174], CHUNK, ['T'], VKLTPLCVTLNCTNTTNNTTN-------------------------------------TNRGELKN----CSFNM-T-TT--LRD-KK-KKV-YSLF-YKLDIVQINNDKNNSSNNT------------------------------------------NTSYTLI---NCNTSTI-T---QA, 0.1029, 0
1.667542, -92.4676, [60, 61, 63], CHUNK, ['N', 'E', 'I'], VKLTPLCVTLNCTNTTNNTTN-------------------------------------TNNEEIKN----CSFNM-T-TT--LRD-KK-KKV-YSLF-YKLDIVQINNDKNNSSNNS------------------------------------------NTSYTLI---NCNTSAI-T---QA, 0.1029, 0
1.667349, -21.4469, [74, 79, 82], CHUNK, ['T', 'S', 'I'], VKLTPLCVTLNCTNTTNNTTN-------------------------------------TNRGELKN----CSFNT-T-TS--IRD-KK-KKV-YSLF-YKLDIVQINNDKNNSSNNS------------------------------------------NTSYTLI---NCNTSAI-T---QA, 0.3191, 0
1.654258, -72.2262, [74], CHUNK, ['I'], VKLTPLCVTLNCTNTTNNTTN-------------------------------------TNRGELKN----CSFNI-T-TT--LRD-KK-KKV-YSLF-YKLDIVQINNDKNNSSNNS------------------------------------------NTSYTLI---NCNTSAI-T---QA, 0.6276, 0
1.670468, -120.4916, [74], CHUNK, ['T'], VKLTPLCVTLNCTNTTNNTTN-------------------------------------TNRGELKN----CSFNT-T-TT--LRD-KK-KKV-YSLF-YKLDIVQINNDKNNSSNNS------------------------------------------NTSYTLI---NCNTSAI-T---QA, 0.1029, 0
1.657455, -92.0765, [74, 79], CHUNK, ['V', 'N'], VKLTPLCVTLNCTNTTNNTTN-------------------------------------TNRGELKN----CSFNV-T-TN--LRD-KK-KKV-YSLF-YKLDIVQINNDKNNSSNNS------------------------------------------NTSYTLI---NCNTSAI-T---QA, 0.3911, 0
1.639665, -124.3526, 79, POINT, N, VKLTPLCVTLNCTNTTNNTTN-------------------------------------TNRGELKN----CSFNM-T-TN--LRD-KK-KKV-YSLF-YKLDIVQINNDKNNSSNNS------------------------------------------NTSYTLI---NCNTSAI-T---QA, 0.1029, 0
1.638100, -74.1446, 74, POINT, I, VKLTPLCVTLNCTNTTNNTTN-------------------------------------TNRGELKN----CSFNI-T-TE--LRD-KK-KKV-YSLF-YKLDIVQINNDKNNSSNNS------------------------------------------NTSYTLI---NCNTSAI-T---QA, 0.7665, 0
1.665759, 42.3467, [74, 79, 82], CHUNK, ['I', 'N', 'I'], VKLTPLCVTLNCTNTTNNTTN-------------------------------------TNRGELKN----CSFNI-T-TN--IRD-KK-KKV-YSLF-YKLDIVQINNDKNNSSNNS------------------------------------------NTSYTLI---NCNTSAI-T---QA, 0.3854, 0
------END OF DATA------
Best coverage = 1.69789092507
Best sequence = VKLTPLCVTLNCTNTTNNTTN-------------------------------------TNSGELKN----CSFNT-T-TN--LRN-KK-KKV-YSLF-YKLDIVQINNDKNNSSNNS------------------------------------------NTSYTLI---NCNTSAI-T---QA
Best energy = -120.296816769
Best RMSD = 0.102938115597
Hard Covereage = 0.0535876423023
Num epitopes = 69
