Name base = V1V2_70_exp_9_11_ni
Iters = 70
Soft coverage = 0.284621885725
Energy = -130.786184298
Hard Covereage = 0.0368019545157
Num epitopes = 65
Initial seq = VKLTPLCVTLQCTNVTNNITD-------------------------------------DMRGELKN----CSFNM-T-TE--LRD-KK-QKV-YSLF-YRLDVVQINENQGNRSNNS------------------------------------------NKEYRLI---NCNTSAI-T---QA
-------START OF DATA------
0.289705, -131.4287, 160, POINT, T, VKLTPLCVTLQCTNVTNNITD-------------------------------------DMRGELKN----CSFNM-T-TE--LRD-KK-QKV-YSLF-YRLDVVQINENQGNRSNNS------------------------------------------NTEYRLI---NCNTSAI-T---QA, 0.0939, 1
0.313371, -131.3508, [10], CHUNK, ['N'], VKLTPLCVTLNCTNVTNNITD-------------------------------------DMRGELKN----CSFNM-T-TE--LRD-KK-QKV-YSLF-YRLDVVQINENQGNRSNNS------------------------------------------NTEYRLI---NCNTSAI-T---QA, 0.0939, 1
0.326778, -129.7497, [89, 91, 94], CHUNK, ['K', 'E', 'A'], VKLTPLCVTLNCTNVTNNITD-------------------------------------DMRGELKN----CSFNM-T-TE--LRD-KK-KKE-YALF-YRLDVVQINENQGNRSNNS------------------------------------------NTEYRLI---NCNTSAI-T---QA, 0.0939, 1
0.334317, -128.6085, [99], CHUNK, ['K'], VKLTPLCVTLNCTNVTNNITD-------------------------------------DMRGELKN----CSFNM-T-TE--LRD-KK-KKE-YALF-YKLDVVQINENQGNRSNNS------------------------------------------NTEYRLI---NCNTSAI-T---QA, 0.0958, 0
0.333812, -109.4591, [169, 174], CHUNK, ['S', 'V'], VKLTPLCVTLNCTNVTNNITD-------------------------------------DMRGELKN----CSFNM-T-TE--LRD-KK-KKE-YALF-YRLDVVQINENQGNRSNNS------------------------------------------NTEYRLI---SCNTSVI-T---QA, 0.5647, 0
0.327911, -130.0133, 16, POINT, T, VKLTPLCVTLNCTNVTTNITD-------------------------------------DMRGELKN----CSFNM-T-TE--LRD-KK-KKE-YALF-YRLDVVQINENQGNRSNNS------------------------------------------NTEYRLI---NCNTSAI-T---QA, 0.0939, 1
0.335450, -128.3641, 99, POINT, K, VKLTPLCVTLNCTNVTTNITD-------------------------------------DMRGELKN----CSFNM-T-TE--LRD-KK-KKE-YALF-YKLDVVQINENQGNRSNNS------------------------------------------NTEYRLI---NCNTSAI-T---QA, 0.0881, 1
0.344589, -124.6022, [60, 63], CHUNK, ['K', 'I'], VKLTPLCVTLNCTNVTTNITD-------------------------------------DMKGEIKN----CSFNM-T-TE--LRD-KK-KKE-YALF-YKLDVVQINENQGNRSNNS------------------------------------------NTEYRLI---NCNTSAI-T---QA, 0.0988, 0
0.342722, -126.8149, 63, POINT, I, VKLTPLCVTLNCTNVTTNITD-------------------------------------DMRGEIKN----CSFNM-T-TE--LRD-KK-KKE-YALF-YKLDVVQINENQGNRSNNS------------------------------------------NTEYRLI---NCNTSAI-T---QA, 0.0881, 1
0.347366, -118.4352, 74, POINT, V, VKLTPLCVTLNCTNVTTNITD-------------------------------------DMRGEIKN----CSFNV-T-TE--LRD-KK-KKE-YALF-YKLDVVQINENQGNRSNNS------------------------------------------NTEYRLI---NCNTSAI-T---QA, 0.1476, 1
0.354114, -114.8104, 74, POINT, I, VKLTPLCVTLNCTNVTTNITD-------------------------------------DMRGEIKN----CSFNI-T-TE--LRD-KK-KKE-YALF-YKLDVVQINENQGNRSNNS------------------------------------------NTEYRLI---NCNTSAI-T---QA, 0.2997, 0
0.349781, -115.1566, 20, POINT, T, VKLTPLCVTLNCTNVTTNITT-------------------------------------DMRGEIKN----CSFNV-T-TE--LRD-KK-KKE-YALF-YKLDVVQINENQGNRSNNS------------------------------------------NTEYRLI---NCNTSAI-T---QA, 0.1476, 0
0.354389, -119.8348, [161], CHUNK, ['S'], VKLTPLCVTLNCTNVTTNITD-------------------------------------DMRGEIKN----CSFNV-T-TE--LRD-KK-KKE-YALF-YKLDVVQINENQGNRSNNS------------------------------------------NTSYRLI---NCNTSAI-T---QA, 0.1063, 0
0.351249, -121.8760, 110, POINT, N, VKLTPLCVTLNCTNVTTNITD-------------------------------------DMRGEIKN----CSFNV-T-TE--LRD-KK-KKE-YALF-YKLDVVQINENQNNRSNNS------------------------------------------NTEYRLI---NCNTSAI-T---QA, 0.1176, 0
0.347366, -116.9525, [74], CHUNK, ['V'], VKLTPLCVTLNCTNVTTNITD-------------------------------------DMRGEIKN----CSFNV-T-TE--LRD-KK-KKE-YALF-YKLDVVQINENQGNRSNNS------------------------------------------NTEYRLI---NCNTSAI-T---QA, 0.1534, 0
0.354114, -117.4577, 74, POINT, I, VKLTPLCVTLNCTNVTTNITD-------------------------------------DMRGEIKN----CSFNI-T-TE--LRD-KK-KKE-YALF-YKLDVVQINENQGNRSNNS------------------------------------------NTEYRLI---NCNTSAI-T---QA, 0.1572, 0
0.349745, -126.4058, 161, POINT, S, VKLTPLCVTLNCTNVTTNITD-------------------------------------DMRGEIKN----CSFNM-T-TE--LRD-KK-KKE-YALF-YKLDVVQINENQGNRSNNS------------------------------------------NTSYRLI---NCNTSAI-T---QA, 0.0881, 1
0.357028, -107.2658, [174], CHUNK, ['V'], VKLTPLCVTLNCTNVTTNITD-------------------------------------DMRGEIKN----CSFNM-T-TE--LRD-KK-KKE-YALF-YKLDVVQINENQGNRSNNS------------------------------------------NTSYRLI---NCNTSVI-T---QA, 0.2753, 1
0.368420, -99.2513, 74, POINT, I, VKLTPLCVTLNCTNVTTNITD-------------------------------------DMRGEIKN----CSFNI-T-TE--LRD-KK-KKE-YALF-YKLDVVQINENQGNRSNNS------------------------------------------NTSYRLI---NCNTSVI-T---QA, 0.4533, 0
0.368420, -103.2213, 74, POINT, I, VKLTPLCVTLNCTNVTTNITD-------------------------------------DMRGEIKN----CSFNI-T-TE--LRD-KK-KKE-YALF-YKLDVVQINENQGNRSNNS------------------------------------------NTSYRLI---NCNTSVI-T---QA, 0.5312, 0
0.358549, -108.7314, 58, POINT, S, VKLTPLCVTLNCTNVTTNITD-------------------------------------SMRGEIKN----CSFNM-T-TE--LRD-KK-KKE-YALF-YKLDVVQINENQGNRSNNS------------------------------------------NTSYRLI---NCNTSVI-T---QA, 0.2908, 0
0.361100, -105.2384, 74, POINT, T, VKLTPLCVTLNCTNVTTNITD-------------------------------------DMRGEIKN----CSFNT-T-TE--LRD-KK-KKE-YALF-YKLDVVQINENQGNRSNNS------------------------------------------NTSYRLI---NCNTSVI-T---QA, 0.2634, 0
0.350612, -124.8582, 18, POINT, T, VKLTPLCVTLNCTNVTTNTTD-------------------------------------DMRGEIKN----CSFNM-T-TE--LRD-KK-KKE-YALF-YKLDVVQINENQGNRSNNS------------------------------------------NTSYRLI---NCNTSAI-T---QA, 0.0881, 0
0.361138, -116.8495, 74, POINT, I, VKLTPLCVTLNCTNVTTNITD-------------------------------------DMRGEIKN----CSFNI-T-TE--LRD-KK-KKE-YALF-YKLDVVQINENQGNRSNNS------------------------------------------NTSYRLI---NCNTSAI-T---QA, 0.2144, 1
0.365561, -117.1295, [104], CHUNK, ['P'], VKLTPLCVTLNCTNVTTNITD-------------------------------------DMRGEIKN----CSFNI-T-TE--LRD-KK-KKE-YALF-YKLDVVPINENQGNRSNNS------------------------------------------NTSYRLI---NCNTSAI-T---QA, 0.2144, 0
0.369857, -97.0780, [169, 174], CHUNK, ['S', 'V'], VKLTPLCVTLNCTNVTTNITD-------------------------------------DMRGEIKN----CSFNI-T-TE--LRD-KK-KKE-YALF-YKLDVVQINENQGNRSNNS------------------------------------------NTSYRLI---SCNTSVI-T---QA, 0.3400, 0
0.368420, -94.7728, [174], CHUNK, ['V'], VKLTPLCVTLNCTNVTTNITD-------------------------------------DMRGEIKN----CSFNI-T-TE--LRD-KK-KKE-YALF-YKLDVVQINENQGNRSNNS------------------------------------------NTSYRLI---NCNTSVI-T---QA, 0.5512, 0
0.362581, -115.4053, 18, POINT, N, VKLTPLCVTLNCTNVTTNNTD-------------------------------------DMRGEIKN----CSFNI-T-TE--LRD-KK-KKE-YALF-YKLDVVQINENQGNRSNNS------------------------------------------NTSYRLI---NCNTSAI-T---QA, 0.2231, 0
0.361138, -118.9139, [74], CHUNK, ['I'], VKLTPLCVTLNCTNVTTNITD-------------------------------------DMRGEIKN----CSFNI-T-TE--LRD-KK-KKE-YALF-YKLDVVQINENQGNRSNNS------------------------------------------NTSYRLI---NCNTSAI-T---QA, 0.2229, 0
0.361138, -120.1719, [74], CHUNK, ['I'], VKLTPLCVTLNCTNVTTNITD-------------------------------------DMRGEIKN----CSFNI-T-TE--LRD-KK-KKE-YALF-YKLDVVQINENQGNRSNNS------------------------------------------NTSYRLI---NCNTSAI-T---QA, 0.0767, 0
0.357028, -103.7084, 174, POINT, V, VKLTPLCVTLNCTNVTTNITD-------------------------------------DMRGEIKN----CSFNM-T-TE--LRD-KK-KKE-YALF-YKLDVVQINENQGNRSNNS------------------------------------------NTSYRLI---NCNTSVI-T---QA, 0.4338, 0
0.350400, -125.8621, 59, POINT, V, VKLTPLCVTLNCTNVTTNITD-------------------------------------DVRGEIKN----CSFNM-T-TE--LRD-KK-KKE-YALF-YKLDVVQINENQGNRSNNS------------------------------------------NTSYRLI---NCNTSAI-T---QA, 0.0940, 1
0.350616, -126.6179, 59, POINT, E, VKLTPLCVTLNCTNVTTNITD-------------------------------------DERGEIKN----CSFNM-T-TE--LRD-KK-KKE-YALF-YKLDVVQINENQGNRSNNS------------------------------------------NTSYRLI---NCNTSAI-T---QA, 0.0940, 1
0.357898, -105.3913, [174], CHUNK, ['V'], VKLTPLCVTLNCTNVTTNITD-------------------------------------DERGEIKN----CSFNM-T-TE--LRD-KK-KKE-YALF-YKLDVVQINENQGNRSNNS------------------------------------------NTSYRLI---NCNTSVI-T---QA, 0.4920, 0
0.352210, -125.6781, 58, POINT, S, VKLTPLCVTLNCTNVTTNITD-------------------------------------SERGEIKN----CSFNM-T-TE--LRD-KK-KKE-YALF-YKLDVVQINENQGNRSNNS------------------------------------------NTSYRLI---NCNTSAI-T---QA, 0.0940, 0
0.355260, -119.0846, [74], CHUNK, ['V'], VKLTPLCVTLNCTNVTTNITD-------------------------------------DERGEIKN----CSFNV-T-TE--LRD-KK-KKE-YALF-YKLDVVQINENQGNRSNNS------------------------------------------NTSYRLI---NCNTSAI-T---QA, 0.2022, 1
0.356855, -118.8209, 58, POINT, S, VKLTPLCVTLNCTNVTTNITD-------------------------------------SERGEIKN----CSFNV-T-TE--LRD-KK-KKE-YALF-YKLDVVQINENQGNRSNNS------------------------------------------NTSYRLI---NCNTSAI-T---QA, 0.1946, 0
0.362542, -99.6594, 174, POINT, V, VKLTPLCVTLNCTNVTTNITD-------------------------------------DERGEIKN----CSFNV-T-TE--LRD-KK-KKE-YALF-YKLDVVQINENQGNRSNNS------------------------------------------NTSYRLI---NCNTSVI-T---QA, 0.5341, 0
0.356930, -117.1587, [102, 104, 105, 106, 107, 108, 109], CHUNK, ['I', 'P', 'L', 'K', 'N', 'E', 'S'], VKLTPLCVTLNCTNVTTNITD-------------------------------------DERGEIKN----CSFNV-T-TE--LRD-KK-KKE-YALF-YKLDIVPLKNESGNRSNNS------------------------------------------NTSYRLI---NCNTSAI-T---QA, 0.2022, 0
0.356076, -119.0597, 107, POINT, D, VKLTPLCVTLNCTNVTTNITD-------------------------------------DERGEIKN----CSFNV-T-TE--LRD-KK-KKE-YALF-YKLDVVQINDNQGNRSNNS------------------------------------------NTSYRLI---NCNTSAI-T---QA, 0.2022, 0
0.362911, -126.1855, [104, 106, 107, 108, 109, 110], CHUNK, ['P', 'D', 'S', 'D', 'N', 'T'], VKLTPLCVTLNCTNVTTNITD-------------------------------------DERGEIKN----CSFNM-T-TE--LRD-KK-KKE-YALF-YKLDVVPIDSDNTNRSNNS------------------------------------------NTSYRLI---NCNTSAI-T---QA, 0.0940, 1
0.365495, -123.0212, 20, POINT, T, VKLTPLCVTLNCTNVTTNITT-------------------------------------DERGEIKN----CSFNM-T-TE--LRD-KK-KKE-YALF-YKLDVVPIDSDNTNRSNNS------------------------------------------NTSYRLI---NCNTSAI-T---QA, 0.0940, 1
0.376788, -116.3827, [74, 79], CHUNK, ['I', 'N'], VKLTPLCVTLNCTNVTTNITT-------------------------------------DERGEIKN----CSFNI-T-TN--LRD-KK-KKE-YALF-YKLDVVPIDSDNTNRSNNS------------------------------------------NTSYRLI---NCNTSAI-T---QA, 0.2917, 1
0.381530, -117.8562, 107, POINT, N, VKLTPLCVTLNCTNVTTNITT-------------------------------------DERGEIKN----CSFNI-T-TN--LRD-KK-KKE-YALF-YKLDVVPIDNDNTNRSNNS------------------------------------------NTSYRLI---NCNTSAI-T---QA, 0.2993, 0
0.385507, -86.8579, [169, 174], CHUNK, ['S', 'V'], VKLTPLCVTLNCTNVTTNITT-------------------------------------DERGEIKN----CSFNI-T-TN--LRD-KK-KKE-YALF-YKLDVVPIDSDNTNRSNNS------------------------------------------NTSYRLI---SCNTSVI-T---QA, 0.4126, 0
0.384070, -101.2122, [174], CHUNK, ['V'], VKLTPLCVTLNCTNVTTNITT-------------------------------------DERGEIKN----CSFNI-T-TN--LRD-KK-KKE-YALF-YKLDVVPIDSDNTNRSNNS------------------------------------------NTSYRLI---NCNTSVI-T---QA, 0.6379, 0
0.378384, -116.2805, 60, POINT, N, VKLTPLCVTLNCTNVTTNITT-------------------------------------DENGEIKN----CSFNI-T-TN--LRD-KK-KKE-YALF-YKLDVVPIDSDNTNRSNNS------------------------------------------NTSYRLI---NCNTSAI-T---QA, 0.2917, 1
0.387104, -91.0678, [169, 174], CHUNK, ['S', 'V'], VKLTPLCVTLNCTNVTTNITT-------------------------------------DENGEIKN----CSFNI-T-TN--LRD-KK-KKE-YALF-YKLDVVPIDSDNTNRSNNS------------------------------------------NTSYRLI---SCNTSVI-T---QA, 0.5027, 0
0.380554, -113.9784, [174], CHUNK, ['T'], VKLTPLCVTLNCTNVTTNITT-------------------------------------DENGEIKN----CSFNI-T-TN--LRD-KK-KKE-YALF-YKLDVVPIDSDNTNRSNNS------------------------------------------NTSYRLI---NCNTSTI-T---QA, 0.3025, 1
0.385667, -98.0031, [174], CHUNK, ['V'], VKLTPLCVTLNCTNVTTNITT-------------------------------------DENGEIKN----CSFNI-T-TN--LRD-KK-KKE-YALF-YKLDVVPIDSDNTNRSNNS------------------------------------------NTSYRLI---NCNTSVI-T---QA, 0.6725, 0
0.385667, -95.1808, 174, POINT, V, VKLTPLCVTLNCTNVTTNITT-------------------------------------DENGEIKN----CSFNI-T-TN--LRD-KK-KKE-YALF-YKLDVVPIDSDNTNRSNNS------------------------------------------NTSYRLI---NCNTSVI-T---QA, 0.5927, 0
0.385296, -114.7696, 107, POINT, N, VKLTPLCVTLNCTNVTTNITT-------------------------------------DENGEIKN----CSFNI-T-TN--LRD-KK-KKE-YALF-YKLDVVPIDNDNTNRSNNS------------------------------------------NTSYRLI---NCNTSTI-T---QA, 0.3025, 0
0.381048, -109.6454, 58, POINT, I, VKLTPLCVTLNCTNVTTNITT-------------------------------------IENGEIKN----CSFNI-T-TN--LRD-KK-KKE-YALF-YKLDVVPIDSDNTNRSNNS------------------------------------------NTSYRLI---NCNTSTI-T---QA, 0.3025, 0
0.385667, -96.8854, [174], CHUNK, ['V'], VKLTPLCVTLNCTNVTTNITT-------------------------------------DENGEIKN----CSFNI-T-TN--LRD-KK-KKE-YALF-YKLDVVPIDSDNTNRSNNS------------------------------------------NTSYRLI---NCNTSVI-T---QA, 0.5594, 0
0.380159, -19.2779, [82, 84, 87, 89], CHUNK, ['I', 'N', 'V', 'Q'], VKLTPLCVTLNCTNVTTNITT-------------------------------------DENGEIKN----CSFNI-T-TN--IRN-KV-QKE-YALF-YKLDVVPIDSDNTNRSNNS------------------------------------------NTSYRLI---NCNTSAI-T---QA, 0.4937, 0
0.384812, -24.1707, [82, 87, 89], CHUNK, ['I', 'I', 'Q'], VKLTPLCVTLNCTNVTTNITT-------------------------------------DENGEIKN----CSFNI-T-TN--IRD-KI-QKE-YALF-YKLDVVPIDSDNTNRSNNS------------------------------------------NTSYRLI---NCNTSAI-T---QA, 0.2738, 0
0.385960, -46.0698, [82, 87], CHUNK, ['I', 'V'], VKLTPLCVTLNCTNVTTNITT-------------------------------------DENGEIKN----CSFNI-T-TN--IRD-KV-KKE-YALF-YKLDVVPIDSDNTNRSNNS------------------------------------------NTSYRLI---NCNTSAI-T---QA, 0.4352, 0
0.377224, -115.7301, 58, POINT, L, VKLTPLCVTLNCTNVTTNITT-------------------------------------LERGEIKN----CSFNI-T-TN--LRD-KK-KKE-YALF-YKLDVVPIDSDNTNRSNNS------------------------------------------NTSYRLI---NCNTSAI-T---QA, 0.3206, 0
0.376888, -117.2462, 79, POINT, E, VKLTPLCVTLNCTNVTTNITT-------------------------------------DERGEIKN----CSFNI-T-TE--LRD-KK-KKE-YALF-YKLDVVPIDSDNTNRSNNS------------------------------------------NTSYRLI---NCNTSAI-T---QA, 0.2917, 0
0.384070, -98.3527, 174, POINT, V, VKLTPLCVTLNCTNVTTNITT-------------------------------------DERGEIKN----CSFNI-T-TN--LRD-KK-KKE-YALF-YKLDVVPIDSDNTNRSNNS------------------------------------------NTSYRLI---NCNTSVI-T---QA, 0.6508, 0
0.385507, -92.5432, [169, 174], CHUNK, ['S', 'V'], VKLTPLCVTLNCTNVTTNITT-------------------------------------DERGEIKN----CSFNI-T-TN--LRD-KK-KKE-YALF-YKLDVVPIDSDNTNRSNNS------------------------------------------NTSYRLI---SCNTSVI-T---QA, 0.5930, 0
0.372777, -102.7344, 174, POINT, V, VKLTPLCVTLNCTNVTTNITT-------------------------------------DERGEIKN----CSFNM-T-TE--LRD-KK-KKE-YALF-YKLDVVPIDSDNTNRSNNS------------------------------------------NTSYRLI---NCNTSVI-T---QA, 0.4275, 0
0.370139, -118.3026, 74, POINT, V, VKLTPLCVTLNCTNVTTNITT-------------------------------------DERGEIKN----CSFNV-T-TE--LRD-KK-KKE-YALF-YKLDVVPIDSDNTNRSNNS------------------------------------------NTSYRLI---NCNTSAI-T---QA, 0.0880, 0
0.368304, -123.0361, 108, POINT, N, VKLTPLCVTLNCTNVTTNITT-------------------------------------DERGEIKN----CSFNM-T-TE--LRD-KK-KKE-YALF-YKLDVVPIDSNNTNRSNNS------------------------------------------NTSYRLI---NCNTSAI-T---QA, 0.1041, 1
0.377947, -114.6787, [74, 79], CHUNK, ['I', 'S'], VKLTPLCVTLNCTNVTTNITT-------------------------------------DERGEIKN----CSFNI-T-TS--LRD-KK-KKE-YALF-YKLDVVPIDSNNTNRSNNS------------------------------------------NTSYRLI---NCNTSAI-T---QA, 0.1664, 0
0.369629, -121.8358, 18, POINT, T, VKLTPLCVTLNCTNVTTNTTT-------------------------------------DERGEIKN----CSFNM-T-TE--LRD-KK-KKE-YALF-YKLDVVPIDSNNTNRSNNS------------------------------------------NTSYRLI---NCNTSAI-T---QA, 0.1041, 1
0.378348, -98.5192, [169, 174], CHUNK, ['S', 'V'], VKLTPLCVTLNCTNVTTNTTT-------------------------------------DERGEIKN----CSFNM-T-TE--LRD-KK-KKE-YALF-YKLDVVPIDSNNTNRSNNS------------------------------------------NTSYRLI---SCNTSVI-T---QA, 0.3950, 0
0.381021, -110.3693, [74], CHUNK, ['I'], VKLTPLCVTLNCTNVTTNTTT-------------------------------------DERGEIKN----CSFNI-T-TE--LRD-KK-KKE-YALF-YKLDVVPIDSNNTNRSNNS------------------------------------------NTSYRLI---NCNTSAI-T---QA, 0.4182, 0
0.381021, -112.3566, [74], CHUNK, ['I'], VKLTPLCVTLNCTNVTTNTTT-------------------------------------DERGEIKN----CSFNI-T-TE--LRD-KK-KKE-YALF-YKLDVVPIDSNNTNRSNNS------------------------------------------NTSYRLI---NCNTSAI-T---QA, 0.3940, 0
0.370580, -121.9539, 106, POINT, N, VKLTPLCVTLNCTNVTTNTTT-------------------------------------DERGEIKN----CSFNM-T-TE--LRD-KK-KKE-YALF-YKLDVVPINSNNTNRSNNS------------------------------------------NTSYRLI---NCNTSAI-T---QA, 0.1041, 0
------END OF DATA------
Best coverage = 0.380553621703
Best sequence = VKLTPLCVTLNCTNVTTNITT-------------------------------------DENGEIKN----CSFNI-T-TN--LRD-KK-KKE-YALF-YKLDVVPIDSDNTNRSNNS------------------------------------------NTSYRLI---NCNTSTI-T---QA
Best energy = -113.978394689
Best RMSD = 0.302534937859
Hard Covereage = 0.0879653835466
Num epitopes = 61
