Name base = V1V2_200_exp_6_1_ni
Iters = 200
Soft coverage = 0.284621885725
Energy = -129.585100335
Hard Covereage = 0.0368019545157
Num epitopes = 65
Initial seq = VKLTPLCVTLQCTNVTNNITD-------------------------------------DMRGELKN----CSFNM-T-TE--LRD-KK-QKV-YSLF-YRLDVVQINENQGNRSNNS------------------------------------------NKEYRLI---NCNTSAI-T---QA
-------START OF DATA------
0.303242, -131.1853, [10, 13], CHUNK, ['N', 'T'], VKLTPLCVTLNCTTVTNNITD-------------------------------------DMRGELKN----CSFNM-T-TE--LRD-KK-QKV-YSLF-YRLDVVQINENQGNRSNNS------------------------------------------NKEYRLI---NCNTSAI-T---QA, 0.0449, 1
0.307282, -126.9933, 74, POINT, T, VKLTPLCVTLNCTTVTNNITD-------------------------------------DMRGELKN----CSFNT-T-TE--LRD-KK-QKV-YSLF-YRLDVVQINENQGNRSNNS------------------------------------------NKEYRLI---NCNTSAI-T---QA, 0.0449, 1
0.315664, -127.3021, 94, POINT, A, VKLTPLCVTLNCTTVTNNITD-------------------------------------DMRGELKN----CSFNT-T-TE--LRD-KK-QKV-YALF-YRLDVVQINENQGNRSNNS------------------------------------------NKEYRLI---NCNTSAI-T---QA, 0.0474, 1
0.321595, -81.8514, 74, POINT, I, VKLTPLCVTLNCTTVTNNITD-------------------------------------DMRGELKN----CSFNI-T-TE--LRD-KK-QKV-YALF-YRLDVVQINENQGNRSNNS------------------------------------------NKEYRLI---NCNTSAI-T---QA, 0.3517, 0
0.320711, -126.5287, 13, POINT, N, VKLTPLCVTLNCTNVTNNITD-------------------------------------DMRGELKN----CSFNT-T-TE--LRD-KK-QKV-YALF-YRLDVVQINENQGNRSNNS------------------------------------------NKEYRLI---NCNTSAI-T---QA, 0.0474, 1
0.327993, -109.3524, 174, POINT, V, VKLTPLCVTLNCTNVTNNITD-------------------------------------DMRGELKN----CSFNT-T-TE--LRD-KK-QKV-YALF-YRLDVVQINENQGNRSNNS------------------------------------------NKEYRLI---NCNTSVI-T---QA, 0.3365, 0
0.323423, -125.6565, 160, POINT, S, VKLTPLCVTLNCTNVTNNITD-------------------------------------DMRGELKN----CSFNT-T-TE--LRD-KK-QKV-YALF-YRLDVVQINENQGNRSNNS------------------------------------------NSEYRLI---NCNTSAI-T---QA, 0.0474, 0
0.326642, -82.7861, 74, POINT, I, VKLTPLCVTLNCTNVTNNITD-------------------------------------DMRGELKN----CSFNI-T-TE--LRD-KK-QKV-YALF-YRLDVVQINENQGNRSNNS------------------------------------------NKEYRLI---NCNTSAI-T---QA, 0.4305, 0
0.326642, -78.1894, 74, POINT, I, VKLTPLCVTLNCTNVTNNITD-------------------------------------DMRGELKN----CSFNI-T-TE--LRD-KK-QKV-YALF-YRLDVVQINENQGNRSNNS------------------------------------------NKEYRLI---NCNTSAI-T---QA, 0.2851, 0
0.322967, -125.6825, 63, POINT, I, VKLTPLCVTLNCTTVTNNITD-------------------------------------DMRGEIKN----CSFNT-T-TE--LRD-KK-QKV-YALF-YRLDVVQINENQGNRSNNS------------------------------------------NKEYRLI---NCNTSAI-T---QA, 0.0513, 0
0.320711, -126.5287, 13, POINT, N, VKLTPLCVTLNCTNVTNNITD-------------------------------------DMRGELKN----CSFNT-T-TE--LRD-KK-QKV-YALF-YRLDVVQINENQGNRSNNS------------------------------------------NKEYRLI---NCNTSAI-T---QA, 0.0474, 1
0.329796, -122.2012, [60, 63], CHUNK, ['K', 'I'], VKLTPLCVTLNCTNVTNNITD-------------------------------------DMKGEIKN----CSFNT-T-TE--LRD-KK-QKV-YALF-YRLDVVQINENQGNRSNNS------------------------------------------NKEYRLI---NCNTSAI-T---QA, 0.0550, 1
0.337117, -80.3884, [74], CHUNK, ['I'], VKLTPLCVTLNCTNVTNNITD-------------------------------------DMKGEIKN----CSFNI-T-TE--LRD-KK-QKV-YALF-YRLDVVQINENQGNRSNNS------------------------------------------NKEYRLI---NCNTSAI-T---QA, 0.5066, 0
0.332468, -122.3280, 59, POINT, N, VKLTPLCVTLNCTNVTNNITD-------------------------------------DNKGEIKN----CSFNT-T-TE--LRD-KK-QKV-YALF-YRLDVVQINENQGNRSNNS------------------------------------------NKEYRLI---NCNTSAI-T---QA, 0.0550, 0
0.333302, -122.3151, 107, POINT, N, VKLTPLCVTLNCTNVTNNITD-------------------------------------DMKGEIKN----CSFNT-T-TE--LRD-KK-QKV-YALF-YRLDVVQINNNQGNRSNNS------------------------------------------NKEYRLI---NCNTSAI-T---QA, 0.0550, 1
0.335504, -120.8065, 18, POINT, N, VKLTPLCVTLNCTNVTNNNTD-------------------------------------DMKGEIKN----CSFNT-T-TE--LRD-KK-QKV-YALF-YRLDVVQINNNQGNRSNNS------------------------------------------NKEYRLI---NCNTSAI-T---QA, 0.0506, 0
0.340585, -99.8729, [174], CHUNK, ['V'], VKLTPLCVTLNCTNVTNNITD-------------------------------------DMKGEIKN----CSFNT-T-TE--LRD-KK-QKV-YALF-YRLDVVQINNNQGNRSNNS------------------------------------------NKEYRLI---NCNTSVI-T---QA, 0.6118, 0
0.340623, -83.6437, [74], CHUNK, ['I'], VKLTPLCVTLNCTNVTNNITD-------------------------------------DMKGEIKN----CSFNI-T-TE--LRD-KK-QKV-YALF-YRLDVVQINNNQGNRSNNS------------------------------------------NKEYRLI---NCNTSAI-T---QA, 0.3924, 0
0.340585, -105.3181, 174, POINT, V, VKLTPLCVTLNCTNVTNNITD-------------------------------------DMKGEIKN----CSFNT-T-TE--LRD-KK-QKV-YALF-YRLDVVQINNNQGNRSNNS------------------------------------------NKEYRLI---NCNTSVI-T---QA, 0.4505, 0
0.336600, -120.5196, 99, POINT, K, VKLTPLCVTLNCTNVTNNITD-------------------------------------DMKGEIKN----CSFNT-T-TE--LRD-KK-QKV-YALF-YKLDVVQINENQGNRSNNS------------------------------------------NKEYRLI---NCNTSAI-T---QA, 0.0550, 0
0.331178, -123.0491, 110, POINT, K, VKLTPLCVTLNCTNVTNNITD-------------------------------------DMKGEIKN----CSFNT-T-TE--LRD-KK-QKV-YALF-YRLDVVQINENQKNRSNNS------------------------------------------NKEYRLI---NCNTSAI-T---QA, 0.0550, 0
0.334767, -121.8496, [91], CHUNK, ['E'], VKLTPLCVTLNCTNVTNNITD-------------------------------------DMKGEIKN----CSFNT-T-TE--LRD-KK-QKE-YALF-YRLDVVQINENQGNRSNNS------------------------------------------NKEYRLI---NCNTSAI-T---QA, 0.0550, 0
0.337117, -104.3454, [74], CHUNK, ['I'], VKLTPLCVTLNCTNVTNNITD-------------------------------------DMKGEIKN----CSFNI-T-TE--LRD-KK-QKV-YALF-YRLDVVQINENQGNRSNNS------------------------------------------NKEYRLI---NCNTSAI-T---QA, 0.4648, 0
0.331938, -124.9311, [99, 104], CHUNK, ['K', 'P'], VKLTPLCVTLNCTNVTNNITD-------------------------------------DMRGELKN----CSFNT-T-TE--LRD-KK-QKV-YALF-YKLDVVPINENQGNRSNNS------------------------------------------NKEYRLI---NCNTSAI-T---QA, 0.0845, 1
0.339220, -102.5351, 174, POINT, V, VKLTPLCVTLNCTNVTNNITD-------------------------------------DMRGELKN----CSFNT-T-TE--LRD-KK-QKV-YALF-YKLDVVPINENQGNRSNNS------------------------------------------NKEYRLI---NCNTSVI-T---QA, 0.1607, 0
0.338620, -123.9211, [159, 160, 161], CHUNK, ['T', 'N', 'S'], VKLTPLCVTLNCTNVTNNITD-------------------------------------DMRGELKN----CSFNT-T-TE--LRD-KK-QKV-YALF-YKLDVVPINENQGNRSNNS------------------------------------------TNSYRLI---NCNTSAI-T---QA, 0.0845, 1
0.345923, -121.7624, [63], CHUNK, ['I'], VKLTPLCVTLNCTNVTNNITD-------------------------------------DMRGEIKN----CSFNT-T-TE--LRD-KK-QKV-YALF-YKLDVVPINENQGNRSNNS------------------------------------------TNSYRLI---NCNTSAI-T---QA, 0.0845, 1
0.351980, -121.7798, [91], CHUNK, ['E'], VKLTPLCVTLNCTNVTNNITD-------------------------------------DMRGEIKN----CSFNT-T-TE--LRD-KK-QKE-YALF-YKLDVVPINENQGNRSNNS------------------------------------------TNSYRLI---NCNTSAI-T---QA, 0.0541, 0
0.348288, -120.2036, 18, POINT, T, VKLTPLCVTLNCTNVTNNTTD-------------------------------------DMRGEIKN----CSFNT-T-TE--LRD-KK-QKV-YALF-YKLDVVPINENQGNRSNNS------------------------------------------TNSYRLI---NCNTSAI-T---QA, 0.0845, 1
0.352116, -120.9208, 107, POINT, N, VKLTPLCVTLNCTNVTNNTTD-------------------------------------DMRGEIKN----CSFNT-T-TE--LRD-KK-QKV-YALF-YKLDVVPINNNQGNRSNNS------------------------------------------TNSYRLI---NCNTSAI-T---QA, 0.0773, 0
0.351736, -119.3142, [87, 91], CHUNK, ['M', 'E'], VKLTPLCVTLNCTNVTNNTTD-------------------------------------DMRGEIKN----CSFNT-T-TE--LRD-KM-QKE-YALF-YKLDVVPINENQGNRSNNS------------------------------------------TNSYRLI---NCNTSAI-T---QA, 0.0845, 0
0.355608, -79.5247, [74], CHUNK, ['I'], VKLTPLCVTLNCTNVTNNTTD-------------------------------------DMRGEIKN----CSFNI-T-TE--LRD-KK-QKV-YALF-YKLDVVPINENQGNRSNNS------------------------------------------TNSYRLI---NCNTSAI-T---QA, 0.5007, 0
0.355608, -106.7682, [74], CHUNK, ['I'], VKLTPLCVTLNCTNVTNNTTD-------------------------------------DMRGEIKN----CSFNI-T-TE--LRD-KK-QKV-YALF-YKLDVVPINENQGNRSNNS------------------------------------------TNSYRLI---NCNTSAI-T---QA, 0.2052, 0
0.353243, -87.6870, [74], CHUNK, ['I'], VKLTPLCVTLNCTNVTNNITD-------------------------------------DMRGEIKN----CSFNI-T-TE--LRD-KK-QKV-YALF-YKLDVVPINENQGNRSNNS------------------------------------------TNSYRLI---NCNTSAI-T---QA, 0.4801, 0
0.351980, -121.4095, [91], CHUNK, ['E'], VKLTPLCVTLNCTNVTNNITD-------------------------------------DMRGEIKN----CSFNT-T-TE--LRD-KK-QKE-YALF-YKLDVVPINENQGNRSNNS------------------------------------------TNSYRLI---NCNTSAI-T---QA, 0.0845, 1
0.359301, -115.5541, [74], CHUNK, ['I'], VKLTPLCVTLNCTNVTNNITD-------------------------------------DMRGEIKN----CSFNI-T-TE--LRD-KK-QKE-YALF-YKLDVVPINENQGNRSNNS------------------------------------------TNSYRLI---NCNTSAI-T---QA, 0.3001, 0
0.359301, -116.3266, [74], CHUNK, ['I'], VKLTPLCVTLNCTNVTNNITD-------------------------------------DMRGEIKN----CSFNI-T-TE--LRD-KK-QKE-YALF-YKLDVVPINENQGNRSNNS------------------------------------------TNSYRLI---NCNTSAI-T---QA, 0.1300, 1
0.363090, 2.9501, [82], CHUNK, ['I'], VKLTPLCVTLNCTNVTNNITD-------------------------------------DMRGEIKN----CSFNI-T-TE--IRD-KK-QKE-YALF-YKLDVVPINENQGNRSNNS------------------------------------------TNSYRLI---NCNTSAI-T---QA, 0.2214, 0
0.362120, -113.1497, 20, POINT, T, VKLTPLCVTLNCTNVTNNITT-------------------------------------DMRGEIKN----CSFNI-T-TE--LRD-KK-QKE-YALF-YKLDVVPINENQGNRSNNS------------------------------------------TNSYRLI---NCNTSAI-T---QA, 0.1353, 0
0.366583, -95.5752, [174], CHUNK, ['V'], VKLTPLCVTLNCTNVTNNITD-------------------------------------DMRGEIKN----CSFNI-T-TE--LRD-KK-QKE-YALF-YKLDVVPINENQGNRSNNS------------------------------------------TNSYRLI---NCNTSVI-T---QA, 0.3525, 0
0.361711, -115.3966, 59, POINT, T, VKLTPLCVTLNCTNVTNNITD-------------------------------------DTRGEIKN----CSFNI-T-TE--LRD-KK-QKE-YALF-YKLDVVPINENQGNRSNNS------------------------------------------TNSYRLI---NCNTSAI-T---QA, 0.1300, 0
0.359301, -113.0559, [74], CHUNK, ['I'], VKLTPLCVTLNCTNVTNNITD-------------------------------------DMRGEIKN----CSFNI-T-TE--LRD-KK-QKE-YALF-YKLDVVPINENQGNRSNNS------------------------------------------TNSYRLI---NCNTSAI-T---QA, 0.2462, 0
0.359263, -103.9365, [174], CHUNK, ['V'], VKLTPLCVTLNCTNVTNNITD-------------------------------------DMRGEIKN----CSFNT-T-TE--LRD-KK-QKE-YALF-YKLDVVPINENQGNRSNNS------------------------------------------TNSYRLI---NCNTSVI-T---QA, 0.3634, 0
0.359301, -114.8446, 74, POINT, I, VKLTPLCVTLNCTNVTNNITD-------------------------------------DMRGEIKN----CSFNI-T-TE--LRD-KK-QKE-YALF-YKLDVVPINENQGNRSNNS------------------------------------------TNSYRLI---NCNTSAI-T---QA, 0.1559, 1
0.366583, -98.4513, [174], CHUNK, ['V'], VKLTPLCVTLNCTNVTNNITD-------------------------------------DMRGEIKN----CSFNI-T-TE--LRD-KK-QKE-YALF-YKLDVVPINENQGNRSNNS------------------------------------------TNSYRLI---NCNTSVI-T---QA, 0.6129, 0
0.366583, -100.7759, [174], CHUNK, ['V'], VKLTPLCVTLNCTNVTNNITD-------------------------------------DMRGEIKN----CSFNI-T-TE--LRD-KK-QKE-YALF-YKLDVVPINENQGNRSNNS------------------------------------------TNSYRLI---NCNTSVI-T---QA, 0.3764, 0
0.362120, -112.8113, 20, POINT, T, VKLTPLCVTLNCTNVTNNITT-------------------------------------DMRGEIKN----CSFNI-T-TE--LRD-KK-QKE-YALF-YKLDVVPINENQGNRSNNS------------------------------------------TNSYRLI---NCNTSAI-T---QA, 0.1361, 0
0.366583, -94.3386, [174], CHUNK, ['V'], VKLTPLCVTLNCTNVTNNITD-------------------------------------DMRGEIKN----CSFNI-T-TE--LRD-KK-QKE-YALF-YKLDVVPINENQGNRSNNS------------------------------------------TNSYRLI---NCNTSVI-T---QA, 0.1962, 0
0.354800, -121.5811, 59, POINT, N, VKLTPLCVTLNCTNVTNNITD-------------------------------------DNRGEIKN----CSFNT-T-TE--LRD-KK-QKE-YALF-YKLDVVPINENQGNRSNNS------------------------------------------TNSYRLI---NCNTSAI-T---QA, 0.0891, 1
0.357825, -46.1339, 82, POINT, I, VKLTPLCVTLNCTNVTNNITD-------------------------------------DNRGEIKN----CSFNT-T-TE--IRD-KK-QKE-YALF-YKLDVVPINENQGNRSNNS------------------------------------------TNSYRLI---NCNTSAI-T---QA, 0.4311, 0
0.359013, -121.9183, [106, 107], CHUNK, ['D', 'N'], VKLTPLCVTLNCTNVTNNITD-------------------------------------DNRGEIKN----CSFNT-T-TE--LRD-KK-QKE-YALF-YKLDVVPIDNNQGNRSNNS------------------------------------------TNSYRLI---NCNTSAI-T---QA, 0.1962, 1
0.366295, -104.6654, [174], CHUNK, ['V'], VKLTPLCVTLNCTNVTNNITD-------------------------------------DNRGEIKN----CSFNT-T-TE--LRD-KK-QKE-YALF-YKLDVVPIDNNQGNRSNNS------------------------------------------TNSYRLI---NCNTSVI-T---QA, 0.3178, 0
0.366295, -102.7934, [174], CHUNK, ['V'], VKLTPLCVTLNCTNVTNNITD-------------------------------------DNRGEIKN----CSFNT-T-TE--LRD-KK-QKE-YALF-YKLDVVPIDNNQGNRSNNS------------------------------------------TNSYRLI---NCNTSVI-T---QA, 0.3841, 0
0.361182, -120.0675, 174, POINT, T, VKLTPLCVTLNCTNVTNNITD-------------------------------------DNRGEIKN----CSFNT-T-TE--LRD-KK-QKE-YALF-YKLDVVPIDNNQGNRSNNS------------------------------------------TNSYRLI---NCNTSTI-T---QA, 0.1962, 0
0.364438, -122.4021, [159, 160], CHUNK, ['N', 'T'], VKLTPLCVTLNCTNVTNNITD-------------------------------------DNRGEIKN----CSFNT-T-TE--LRD-KK-QKE-YALF-YKLDVVPIDNNQGNRSNNS------------------------------------------NTSYRLI---NCNTSAI-T---QA, 0.2201, 0
0.355372, -116.9680, [74], CHUNK, ['V'], VKLTPLCVTLNCTNVTNNITD-------------------------------------DNRGEIKN----CSFNV-T-TE--LRD-KK-QKE-YALF-YKLDVVPINENQGNRSNNS------------------------------------------TNSYRLI---NCNTSAI-T---QA, 0.1992, 0
0.356969, -119.6667, 174, POINT, T, VKLTPLCVTLNCTNVTNNITD-------------------------------------DNRGEIKN----CSFNT-T-TE--LRD-KK-QKE-YALF-YKLDVVPINENQGNRSNNS------------------------------------------TNSYRLI---NCNTSTI-T---QA, 0.0891, 1
0.364289, -114.7136, [74], CHUNK, ['I'], VKLTPLCVTLNCTNVTNNITD-------------------------------------DNRGEIKN----CSFNI-T-TE--LRD-KK-QKE-YALF-YKLDVVPINENQGNRSNNS------------------------------------------TNSYRLI---NCNTSTI-T---QA, 0.1176, 0
0.364289, -115.8680, [74], CHUNK, ['I'], VKLTPLCVTLNCTNVTNNITD-------------------------------------DNRGEIKN----CSFNI-T-TE--LRD-KK-QKE-YALF-YKLDVVPINENQGNRSNNS------------------------------------------TNSYRLI---NCNTSTI-T---QA, 0.2788, 0
0.364289, -114.4122, [74], CHUNK, ['I'], VKLTPLCVTLNCTNVTNNITD-------------------------------------DNRGEIKN----CSFNI-T-TE--LRD-KK-QKE-YALF-YKLDVVPINENQGNRSNNS------------------------------------------TNSYRLI---NCNTSTI-T---QA, 0.3042, 0
0.359182, -119.5996, 60, POINT, N, VKLTPLCVTLNCTNVTNNITD-------------------------------------DNNGEIKN----CSFNT-T-TE--LRD-KK-QKE-YALF-YKLDVVPINENQGNRSNNS------------------------------------------TNSYRLI---NCNTSTI-T---QA, 0.0891, 0
0.356491, -120.6566, 58, POINT, S, VKLTPLCVTLNCTNVTNNITD-------------------------------------SNRGEIKN----CSFNT-T-TE--LRD-KK-QKE-YALF-YKLDVVPINENQGNRSNNS------------------------------------------TNSYRLI---NCNTSAI-T---QA, 0.1173, 1
0.359293, -120.8702, 160, POINT, T, VKLTPLCVTLNCTNVTNNITD-------------------------------------SNRGEIKN----CSFNT-T-TE--LRD-KK-QKE-YALF-YKLDVVPINENQGNRSNNS------------------------------------------TTSYRLI---NCNTSAI-T---QA, 0.1173, 1
0.362022, -120.3868, 107, POINT, T, VKLTPLCVTLNCTNVTNNITD-------------------------------------SNRGEIKN----CSFNT-T-TE--LRD-KK-QKE-YALF-YKLDVVPINTNQGNRSNNS------------------------------------------TTSYRLI---NCNTSAI-T---QA, 0.1173, 0
0.363096, -117.0195, 20, POINT, T, VKLTPLCVTLNCTNVTNNITT-------------------------------------SNRGEIKN----CSFNT-T-TE--LRD-KK-QKE-YALF-YKLDVVPINENQGNRSNNS------------------------------------------TTSYRLI---NCNTSAI-T---QA, 0.1173, 1
0.370378, -101.7009, [174], CHUNK, ['V'], VKLTPLCVTLNCTNVTNNITT-------------------------------------SNRGEIKN----CSFNT-T-TE--LRD-KK-QKE-YALF-YKLDVVPINENQGNRSNNS------------------------------------------TTSYRLI---NCNTSVI-T---QA, 0.4152, 0
0.366925, -115.4714, 18, POINT, N, VKLTPLCVTLNCTNVTNNNTT-------------------------------------SNRGEIKN----CSFNT-T-TE--LRD-KK-QKE-YALF-YKLDVVPINENQGNRSNNS------------------------------------------TTSYRLI---NCNTSAI-T---QA, 0.1264, 0
0.366121, -1.2159, 82, POINT, I, VKLTPLCVTLNCTNVTNNITT-------------------------------------SNRGEIKN----CSFNT-T-TE--IRD-KK-QKE-YALF-YKLDVVPINENQGNRSNNS------------------------------------------TTSYRLI---NCNTSAI-T---QA, 0.4413, 0
0.370378, -103.0892, 174, POINT, V, VKLTPLCVTLNCTNVTNNITT-------------------------------------SNRGEIKN----CSFNT-T-TE--LRD-KK-QKE-YALF-YKLDVVPINENQGNRSNNS------------------------------------------TTSYRLI---NCNTSVI-T---QA, 0.4526, 0
0.362318, -36.9573, [82], CHUNK, ['I'], VKLTPLCVTLNCTNVTNNITD-------------------------------------SNRGEIKN----CSFNT-T-TE--IRD-KK-QKE-YALF-YKLDVVPINENQGNRSNNS------------------------------------------TTSYRLI---NCNTSAI-T---QA, 0.3632, 0
0.362071, -119.5143, 18, POINT, T, VKLTPLCVTLNCTNVTNNTTD-------------------------------------SNRGEIKN----CSFNT-T-TE--LRD-KK-QKE-YALF-YKLDVVPINENQGNRSNNS------------------------------------------TTSYRLI---NCNTSAI-T---QA, 0.1173, 0
0.362318, -52.3020, 82, POINT, I, VKLTPLCVTLNCTNVTNNITD-------------------------------------SNRGEIKN----CSFNT-T-TE--IRD-KK-QKE-YALF-YKLDVVPINENQGNRSNNS------------------------------------------TTSYRLI---NCNTSAI-T---QA, 0.4607, 0
0.366613, -114.8585, [74], CHUNK, ['I'], VKLTPLCVTLNCTNVTNNITD-------------------------------------SNRGEIKN----CSFNI-T-TE--LRD-KK-QKE-YALF-YKLDVVPINENQGNRSNNS------------------------------------------TTSYRLI---NCNTSAI-T---QA, 0.1876, 0
0.357828, -120.7017, 159, POINT, N, VKLTPLCVTLNCTNVTNNITD-------------------------------------SNRGEIKN----CSFNT-T-TE--LRD-KK-QKE-YALF-YKLDVVPINENQGNRSNNS------------------------------------------NNSYRLI---NCNTSAI-T---QA, 0.1173, 0
0.363811, -117.8456, [74], CHUNK, ['I'], VKLTPLCVTLNCTNVTNNITD-------------------------------------SNRGEIKN----CSFNI-T-TE--LRD-KK-QKE-YALF-YKLDVVPINENQGNRSNNS------------------------------------------TNSYRLI---NCNTSAI-T---QA, 0.1181, 1
0.369236, -117.9675, [159, 160], CHUNK, ['N', 'T'], VKLTPLCVTLNCTNVTNNITD-------------------------------------SNRGEIKN----CSFNI-T-TE--LRD-KK-QKE-YALF-YKLDVVPINENQGNRSNNS------------------------------------------NTSYRLI---NCNTSAI-T---QA, 0.1181, 0
0.368777, -118.1781, 109, POINT, N, VKLTPLCVTLNCTNVTNNITD-------------------------------------SNRGEIKN----CSFNI-T-TE--LRD-KK-QKE-YALF-YKLDVVPINENNGNRSNNS------------------------------------------TNSYRLI---NCNTSAI-T---QA, 0.1799, 0
0.370084, 0.6680, [79, 82], CHUNK, ['N', 'I'], VKLTPLCVTLNCTNVTNNITD-------------------------------------SNRGEIKN----CSFNI-T-TN--IRD-KK-QKE-YALF-YKLDVVPINENQGNRSNNS------------------------------------------TNSYRLI---NCNTSAI-T---QA, 0.2515, 0
0.365981, -116.2482, 174, POINT, T, VKLTPLCVTLNCTNVTNNITD-------------------------------------SNRGEIKN----CSFNI-T-TE--LRD-KK-QKE-YALF-YKLDVVPINENQGNRSNNS------------------------------------------TNSYRLI---NCNTSTI-T---QA, 0.1181, 0
0.363811, -113.6830, [74], CHUNK, ['I'], VKLTPLCVTLNCTNVTNNITD-------------------------------------SNRGEIKN----CSFNI-T-TE--LRD-KK-QKE-YALF-YKLDVVPINENQGNRSNNS------------------------------------------TNSYRLI---NCNTSAI-T---QA, 0.1990, 0
0.357828, -120.8567, 159, POINT, N, VKLTPLCVTLNCTNVTNNITD-------------------------------------SNRGEIKN----CSFNT-T-TE--LRD-KK-QKE-YALF-YKLDVVPINENQGNRSNNS------------------------------------------NNSYRLI---NCNTSAI-T---QA, 0.1043, 0
0.363773, -108.0654, 174, POINT, V, VKLTPLCVTLNCTNVTNNITD-------------------------------------SNRGEIKN----CSFNT-T-TE--LRD-KK-QKE-YALF-YKLDVVPINENQGNRSNNS------------------------------------------TNSYRLI---NCNTSVI-T---QA, 0.3238, 0
0.357934, -118.5465, 60, POINT, K, VKLTPLCVTLNCTNVTNNITD-------------------------------------SNKGEIKN----CSFNT-T-TE--LRD-KK-QKE-YALF-YKLDVVPINENQGNRSNNS------------------------------------------TNSYRLI---NCNTSAI-T---QA, 0.0917, 1
0.358973, -117.5025, 18, POINT, S, VKLTPLCVTLNCTNVTNNSTD-------------------------------------SNKGEIKN----CSFNT-T-TE--LRD-KK-QKE-YALF-YKLDVVPINENQGNRSNNS------------------------------------------TNSYRLI---NCNTSAI-T---QA, 0.0917, 0
0.365216, -101.2214, 174, POINT, V, VKLTPLCVTLNCTNVTNNITD-------------------------------------SNKGEIKN----CSFNT-T-TE--LRD-KK-QKE-YALF-YKLDVVPINENQGNRSNNS------------------------------------------TNSYRLI---NCNTSVI-T---QA, 0.4601, 0
0.362147, -118.6073, [106, 107], CHUNK, ['D', 'N'], VKLTPLCVTLNCTNVTNNITD-------------------------------------SNKGEIKN----CSFNT-T-TE--LRD-KK-QKE-YALF-YKLDVVPIDNNQGNRSNNS------------------------------------------TNSYRLI---NCNTSAI-T---QA, 0.0917, 0
0.362900, -118.2516, 109, POINT, N, VKLTPLCVTLNCTNVTNNITD-------------------------------------SNKGEIKN----CSFNT-T-TE--LRD-KK-QKE-YALF-YKLDVVPINENNGNRSNNS------------------------------------------TNSYRLI---NCNTSAI-T---QA, 0.0917, 0
0.363773, -97.6281, [174], CHUNK, ['V'], VKLTPLCVTLNCTNVTNNITD-------------------------------------SNRGEIKN----CSFNT-T-TE--LRD-KK-QKE-YALF-YKLDVVPINENQGNRSNNS------------------------------------------TNSYRLI---NCNTSVI-T---QA, 0.3070, 0
0.360294, -116.8058, 20, POINT, T, VKLTPLCVTLNCTNVTNNITT-------------------------------------SNRGEIKN----CSFNT-T-TE--LRD-KK-QKE-YALF-YKLDVVPINENQGNRSNNS------------------------------------------TNSYRLI---NCNTSAI-T---QA, 0.1173, 1
0.367576, -99.4516, [174], CHUNK, ['V'], VKLTPLCVTLNCTNVTNNITT-------------------------------------SNRGEIKN----CSFNT-T-TE--LRD-KK-QKE-YALF-YKLDVVPINENQGNRSNNS------------------------------------------TNSYRLI---NCNTSVI-T---QA, 0.3045, 0
0.365719, -116.9278, [159, 160], CHUNK, ['N', 'T'], VKLTPLCVTLNCTNVTNNITT-------------------------------------SNRGEIKN----CSFNT-T-TE--LRD-KK-QKE-YALF-YKLDVVPINENQGNRSNNS------------------------------------------NTSYRLI---NCNTSAI-T---QA, 0.1173, 0
0.367614, -113.9619, [74], CHUNK, ['I'], VKLTPLCVTLNCTNVTNNITT-------------------------------------SNRGEIKN----CSFNI-T-TE--LRD-KK-QKE-YALF-YKLDVVPINENQGNRSNNS------------------------------------------TNSYRLI---NCNTSAI-T---QA, 0.2111, 0
0.367614, -112.9695, [74], CHUNK, ['I'], VKLTPLCVTLNCTNVTNNITT-------------------------------------SNRGEIKN----CSFNI-T-TE--LRD-KK-QKE-YALF-YKLDVVPINENQGNRSNNS------------------------------------------TNSYRLI---NCNTSAI-T---QA, 0.1304, 0
0.357435, -121.4811, 16, POINT, T, VKLTPLCVTLNCTNVTTNITD-------------------------------------SNRGEIKN----CSFNT-T-TE--LRD-KK-QKE-YALF-YKLDVVPINENQGNRSNNS------------------------------------------TNSYRLI---NCNTSAI-T---QA, 0.1196, 1
0.364717, -102.7782, [174], CHUNK, ['V'], VKLTPLCVTLNCTNVTTNITD-------------------------------------SNRGEIKN----CSFNT-T-TE--LRD-KK-QKE-YALF-YKLDVVPINENQGNRSNNS------------------------------------------TNSYRLI---NCNTSVI-T---QA, 0.2571, 0
0.364755, -115.6606, [74], CHUNK, ['I'], VKLTPLCVTLNCTNVTTNITD-------------------------------------SNRGEIKN----CSFNI-T-TE--LRD-KK-QKE-YALF-YKLDVVPINENQGNRSNNS------------------------------------------TNSYRLI---NCNTSAI-T---QA, 0.3083, 0
0.358704, -120.1268, 18, POINT, T, VKLTPLCVTLNCTNVTTNTTD-------------------------------------SNRGEIKN----CSFNT-T-TE--LRD-KK-QKE-YALF-YKLDVVPINENQGNRSNNS------------------------------------------TNSYRLI---NCNTSAI-T---QA, 0.1196, 0
0.364717, -98.9766, 174, POINT, V, VKLTPLCVTLNCTNVTTNITD-------------------------------------SNRGEIKN----CSFNT-T-TE--LRD-KK-QKE-YALF-YKLDVVPINENQGNRSNNS------------------------------------------TNSYRLI---NCNTSVI-T---QA, 0.2085, 0
0.360319, -120.8389, 107, POINT, N, VKLTPLCVTLNCTNVTNNITD-------------------------------------SNRGEIKN----CSFNT-T-TE--LRD-KK-QKE-YALF-YKLDVVPINNNQGNRSNNS------------------------------------------TNSYRLI---NCNTSAI-T---QA, 0.1226, 0
0.363811, -114.9403, [74], CHUNK, ['I'], VKLTPLCVTLNCTNVTNNITD-------------------------------------SNRGEIKN----CSFNI-T-TE--LRD-KK-QKE-YALF-YKLDVVPINENQGNRSNNS------------------------------------------TNSYRLI---NCNTSAI-T---QA, 0.2883, 0
0.356834, -114.0819, 60, POINT, I, VKLTPLCVTLNCTNVTNNITD-------------------------------------SNIGEIKN----CSFNT-T-TE--LRD-KK-QKE-YALF-YKLDVVPINENQGNRSNNS------------------------------------------TNSYRLI---NCNTSAI-T---QA, 0.1173, 1
0.360809, -114.6585, 110, POINT, T, VKLTPLCVTLNCTNVTNNITD-------------------------------------SNIGEIKN----CSFNT-T-TE--LRD-KK-QKE-YALF-YKLDVVPINENQTNRSNNS------------------------------------------TNSYRLI---NCNTSAI-T---QA, 0.1177, 1
0.361848, -114.6084, 107, POINT, D, VKLTPLCVTLNCTNVTNNITD-------------------------------------SNIGEIKN----CSFNT-T-TE--LRD-KK-QKE-YALF-YKLDVVPINDNQTNRSNNS------------------------------------------TNSYRLI---NCNTSAI-T---QA, 0.1177, 0
0.362615, -114.4175, 113, POINT, T, VKLTPLCVTLNCTNVTNNITD-------------------------------------SNIGEIKN----CSFNT-T-TE--LRD-KK-QKE-YALF-YKLDVVPINENQTNRTNNS------------------------------------------TNSYRLI---NCNTSAI-T---QA, 0.1177, 1
0.368163, -114.5383, [159, 160], CHUNK, ['N', 'T'], VKLTPLCVTLNCTNVTNNITD-------------------------------------SNIGEIKN----CSFNT-T-TE--LRD-KK-QKE-YALF-YKLDVVPINENQTNRTNNS------------------------------------------NTSYRLI---NCNTSAI-T---QA, 0.1177, 0
0.369935, -98.9019, [74], CHUNK, ['I'], VKLTPLCVTLNCTNVTNNITD-------------------------------------SNIGEIKN----CSFNI-T-TE--LRD-KK-QKE-YALF-YKLDVVPINENQTNRTNNS------------------------------------------TNSYRLI---NCNTSAI-T---QA, 0.3648, 1
0.373550, -97.1474, 20, POINT, T, VKLTPLCVTLNCTNVTNNITT-------------------------------------SNIGEIKN----CSFNI-T-TE--LRD-KK-QKE-YALF-YKLDVVPINENQTNRTNNS------------------------------------------TNSYRLI---NCNTSAI-T---QA, 0.4104, 0
0.371173, -100.5860, 58, POINT, T, VKLTPLCVTLNCTNVTNNITD-------------------------------------TNIGEIKN----CSFNI-T-TE--LRD-KK-QKE-YALF-YKLDVVPINENQTNRTNNS------------------------------------------TNSYRLI---NCNTSAI-T---QA, 0.3432, 0
0.375484, -108.5879, [159, 160], CHUNK, ['N', 'T'], VKLTPLCVTLNCTNVTNNITD-------------------------------------SNIGEIKN----CSFNI-T-TE--LRD-KK-QKE-YALF-YKLDVVPINENQTNRTNNS------------------------------------------NTSYRLI---NCNTSAI-T---QA, 0.4130, 0
0.375484, -105.4178, [159, 160], CHUNK, ['N', 'T'], VKLTPLCVTLNCTNVTNNITD-------------------------------------SNIGEIKN----CSFNI-T-TE--LRD-KK-QKE-YALF-YKLDVVPINENQTNRTNNS------------------------------------------NTSYRLI---NCNTSAI-T---QA, 0.3697, 0
0.370346, -92.4431, [169, 174], CHUNK, ['S', 'V'], VKLTPLCVTLNCTNVTNNITD-------------------------------------SNIGEIKN----CSFNT-T-TE--LRD-KK-QKE-YALF-YKLDVVPINENQTNRTNNS------------------------------------------TNSYRLI---SCNTSVI-T---QA, 0.3570, 0
0.365021, -114.8149, 160, POINT, T, VKLTPLCVTLNCTNVTNNITD-------------------------------------SNIGEIKN----CSFNT-T-TE--LRD-KK-QKE-YALF-YKLDVVPINENQTNRTNNS------------------------------------------TTSYRLI---NCNTSAI-T---QA, 0.1521, 1
0.372342, -108.9537, [74], CHUNK, ['I'], VKLTPLCVTLNCTNVTNNITD-------------------------------------SNIGEIKN----CSFNI-T-TE--LRD-KK-QKE-YALF-YKLDVVPINENQTNRTNNS------------------------------------------TTSYRLI---NCNTSAI-T---QA, 0.2042, 0
0.372342, -107.4819, 74, POINT, I, VKLTPLCVTLNCTNVTNNITD-------------------------------------SNIGEIKN----CSFNI-T-TE--LRD-KK-QKE-YALF-YKLDVVPINENQTNRTNNS------------------------------------------TTSYRLI---NCNTSAI-T---QA, 0.2919, 0
0.368163, -114.7219, 159, POINT, N, VKLTPLCVTLNCTNVTNNITD-------------------------------------SNIGEIKN----CSFNT-T-TE--LRD-KK-QKE-YALF-YKLDVVPINENQTNRTNNS------------------------------------------NTSYRLI---NCNTSAI-T---QA, 0.1521, 0
0.373288, -94.0276, [169, 174], CHUNK, ['S', 'V'], VKLTPLCVTLNCTNVTNNITD-------------------------------------SNIGEIKN----CSFNT-T-TE--LRD-KK-QKE-YALF-YKLDVVPINENQTNRTNNS------------------------------------------TTSYRLI---SCNTSVI-T---QA, 0.3545, 0
0.367050, -114.4921, 107, POINT, N, VKLTPLCVTLNCTNVTNNITD-------------------------------------SNIGEIKN----CSFNT-T-TE--LRD-KK-QKE-YALF-YKLDVVPINNNQTNRTNNS------------------------------------------TNSYRLI---NCNTSAI-T---QA, 0.1177, 0
0.369897, -98.4488, 174, POINT, V, VKLTPLCVTLNCTNVTNNITD-------------------------------------SNIGEIKN----CSFNT-T-TE--LRD-KK-QKE-YALF-YKLDVVPINENQTNRTNNS------------------------------------------TNSYRLI---NCNTSVI-T---QA, 0.3436, 0
0.369897, -95.6834, [174], CHUNK, ['V'], VKLTPLCVTLNCTNVTNNITD-------------------------------------SNIGEIKN----CSFNT-T-TE--LRD-KK-QKE-YALF-YKLDVVPINENQTNRTNNS------------------------------------------TNSYRLI---NCNTSVI-T---QA, 0.2812, 0
0.369935, -105.5276, [74], CHUNK, ['I'], VKLTPLCVTLNCTNVTNNITD-------------------------------------SNIGEIKN----CSFNI-T-TE--LRD-KK-QKE-YALF-YKLDVVPINENQTNRTNNS------------------------------------------TNSYRLI---NCNTSAI-T---QA, 0.3307, 0
0.368129, -108.7220, [74], CHUNK, ['I'], VKLTPLCVTLNCTNVTNNITD-------------------------------------SNIGEIKN----CSFNI-T-TE--LRD-KK-QKE-YALF-YKLDVVPINENQTNRSNNS------------------------------------------TNSYRLI---NCNTSAI-T---QA, 0.2204, 0
0.368091, -100.9902, [174], CHUNK, ['V'], VKLTPLCVTLNCTNVTNNITD-------------------------------------SNIGEIKN----CSFNT-T-TE--LRD-KK-QKE-YALF-YKLDVVPINENQTNRSNNS------------------------------------------TNSYRLI---NCNTSVI-T---QA, 0.3812, 0
0.368091, -94.3630, [174], CHUNK, ['V'], VKLTPLCVTLNCTNVTNNITD-------------------------------------SNIGEIKN----CSFNT-T-TE--LRD-KK-QKE-YALF-YKLDVVPINENQTNRSNNS------------------------------------------TNSYRLI---NCNTSVI-T---QA, 0.4466, 0
0.366509, -100.8919, [74, 79], CHUNK, ['I', 'S'], VKLTPLCVTLNCTNVTNNITD-------------------------------------SNIGEIKN----CSFNI-T-TS--LRD-KK-QKE-YALF-YKLDVVPINENQTNRSNNS------------------------------------------TNSYRLI---NCNTSAI-T---QA, 0.1634, 0
0.357062, -113.6126, 87, POINT, V, VKLTPLCVTLNCTNVTNNITD-------------------------------------SNIGEIKN----CSFNT-T-TE--LRD-KV-QKE-YALF-YKLDVVPINENQGNRSNNS------------------------------------------TNSYRLI---NCNTSAI-T---QA, 0.1173, 0
0.364155, -108.9660, [74], CHUNK, ['I'], VKLTPLCVTLNCTNVTNNITD-------------------------------------SNIGEIKN----CSFNI-T-TE--LRD-KK-QKE-YALF-YKLDVVPINENQGNRSNNS------------------------------------------TNSYRLI---NCNTSAI-T---QA, 0.1697, 0
0.359003, -112.8247, 174, POINT, T, VKLTPLCVTLNCTNVTNNITD-------------------------------------SNIGEIKN----CSFNT-T-TE--LRD-KK-QKE-YALF-YKLDVVPINENQGNRSNNS------------------------------------------TNSYRLI---NCNTSTI-T---QA, 0.1229, 0
0.359790, -112.5821, 18, POINT, N, VKLTPLCVTLNCTNVTNNNTD-------------------------------------SNIGEIKN----CSFNT-T-TE--LRD-KK-QKE-YALF-YKLDVVPINENQGNRSNNS------------------------------------------TNSYRLI---NCNTSAI-T---QA, 0.1195, 0
0.362191, -113.7358, [74, 79], CHUNK, ['I', 'S'], VKLTPLCVTLNCTNVTNNITD-------------------------------------SNRGEIKN----CSFNI-T-TS--LRD-KK-QKE-YALF-YKLDVVPINENQGNRSNNS------------------------------------------TNSYRLI---NCNTSAI-T---QA, 0.3034, 0
0.363811, -115.7247, [74], CHUNK, ['I'], VKLTPLCVTLNCTNVTNNITD-------------------------------------SNRGEIKN----CSFNI-T-TE--LRD-KK-QKE-YALF-YKLDVVPINENQGNRSNNS------------------------------------------TNSYRLI---NCNTSAI-T---QA, 0.2257, 1
0.366210, -116.9561, 60, POINT, N, VKLTPLCVTLNCTNVTNNITD-------------------------------------SNNGEIKN----CSFNI-T-TE--LRD-KK-QKE-YALF-YKLDVVPINENQGNRSNNS------------------------------------------TNSYRLI---NCNTSAI-T---QA, 0.2165, 0
0.366590, -116.4242, 18, POINT, T, VKLTPLCVTLNCTNVTNNTTD-------------------------------------SNRGEIKN----CSFNI-T-TE--LRD-KK-QKE-YALF-YKLDVVPINENQGNRSNNS------------------------------------------TNSYRLI---NCNTSAI-T---QA, 0.2075, 0
0.367640, -117.0544, 107, POINT, N, VKLTPLCVTLNCTNVTNNITD-------------------------------------SNRGEIKN----CSFNI-T-TE--LRD-KK-QKE-YALF-YKLDVVPINNNQGNRSNNS------------------------------------------TNSYRLI---NCNTSAI-T---QA, 0.2063, 0
0.365148, -116.8505, 159, POINT, N, VKLTPLCVTLNCTNVTNNITD-------------------------------------SNRGEIKN----CSFNI-T-TE--LRD-KK-QKE-YALF-YKLDVVPINENQGNRSNNS------------------------------------------NNSYRLI---NCNTSAI-T---QA, 0.2285, 0
0.363773, -104.8701, 174, POINT, V, VKLTPLCVTLNCTNVTNNITD-------------------------------------SNRGEIKN----CSFNT-T-TE--LRD-KK-QKE-YALF-YKLDVVPINENQGNRSNNS------------------------------------------TNSYRLI---NCNTSVI-T---QA, 0.3840, 0
0.361212, -121.9088, [108, 109, 110, 111, 112], CHUNK, ['S', 'E', 'N', 'K', 'N'], VKLTPLCVTLNCTNVTNNITD-------------------------------------SNRGEIKN----CSFNT-T-TE--LRD-KK-QKE-YALF-YKLDVVPINESENKNSNNS------------------------------------------TNSYRLI---NCNTSAI-T---QA, 0.1173, 1
0.363990, -120.5528, 18, POINT, T, VKLTPLCVTLNCTNVTNNTTD-------------------------------------SNRGEIKN----CSFNT-T-TE--LRD-KK-QKE-YALF-YKLDVVPINESENKNSNNS------------------------------------------TNSYRLI---NCNTSAI-T---QA, 0.1173, 0
0.365015, -118.5048, 20, POINT, T, VKLTPLCVTLNCTNVTNNITT-------------------------------------SNRGEIKN----CSFNT-T-TE--LRD-KK-QKE-YALF-YKLDVVPINESENKNSNNS------------------------------------------TNSYRLI---NCNTSAI-T---QA, 0.1220, 0
0.362823, -121.2891, 109, POINT, S, VKLTPLCVTLNCTNVTNNITD-------------------------------------SNRGEIKN----CSFNT-T-TE--LRD-KK-QKE-YALF-YKLDVVPINESSNKNSNNS------------------------------------------TNSYRLI---NCNTSAI-T---QA, 0.1173, 1
0.367185, -121.3734, [106, 107], CHUNK, ['D', 'N'], VKLTPLCVTLNCTNVTNNITD-------------------------------------SNRGEIKN----CSFNT-T-TE--LRD-KK-QKE-YALF-YKLDVVPIDNSSNKNSNNS------------------------------------------TNSYRLI---NCNTSAI-T---QA, 0.1150, 1
0.374505, -118.6452, [74], CHUNK, ['I'], VKLTPLCVTLNCTNVTNNITD-------------------------------------SNRGEIKN----CSFNI-T-TE--LRD-KK-QKE-YALF-YKLDVVPIDNSSNKNSNNS------------------------------------------TNSYRLI---NCNTSAI-T---QA, 0.1876, 0
0.374505, -117.8426, [74], CHUNK, ['I'], VKLTPLCVTLNCTNVTNNITD-------------------------------------SNRGEIKN----CSFNI-T-TE--LRD-KK-QKE-YALF-YKLDVVPIDNSSNKNSNNS------------------------------------------TNSYRLI---NCNTSAI-T---QA, 0.1207, 0
0.369354, -119.5721, [174], CHUNK, ['T'], VKLTPLCVTLNCTNVTNNITD-------------------------------------SNRGEIKN----CSFNT-T-TE--LRD-KK-QKE-YALF-YKLDVVPIDNSSNKNSNNS------------------------------------------TNSYRLI---NCNTSTI-T---QA, 0.1150, 0
0.374467, -102.6316, [174], CHUNK, ['V'], VKLTPLCVTLNCTNVTNNITD-------------------------------------SNRGEIKN----CSFNT-T-TE--LRD-KK-QKE-YALF-YKLDVVPIDNSSNKNSNNS------------------------------------------TNSYRLI---NCNTSVI-T---QA, 0.2546, 0
0.363395, -111.3278, 74, POINT, V, VKLTPLCVTLNCTNVTNNITD-------------------------------------SNRGEIKN----CSFNV-T-TE--LRD-KK-QKE-YALF-YKLDVVPINESSNKNSNNS------------------------------------------TNSYRLI---NCNTSAI-T---QA, 0.2514, 0
0.364948, -18.4578, [79, 82], CHUNK, ['S', 'I'], VKLTPLCVTLNCTNVTNNITD-------------------------------------SNRGEIKN----CSFNT-T-TS--IRD-KK-QKE-YALF-YKLDVVPINESSNKNSNNS------------------------------------------TNSYRLI---NCNTSAI-T---QA, 0.2238, 0
0.370105, -101.7486, [174], CHUNK, ['V'], VKLTPLCVTLNCTNVTNNITD-------------------------------------SNRGEIKN----CSFNT-T-TE--LRD-KK-QKE-YALF-YKLDVVPINESSNKNSNNS------------------------------------------TNSYRLI---NCNTSVI-T---QA, 0.2878, 0
0.370105, -107.1826, [174], CHUNK, ['V'], VKLTPLCVTLNCTNVTNNITD-------------------------------------SNRGEIKN----CSFNT-T-TE--LRD-KK-QKE-YALF-YKLDVVPINESSNKNSNNS------------------------------------------TNSYRLI---NCNTSVI-T---QA, 0.3486, 0
0.366987, -122.8018, [106, 107, 108, 109], CHUNK, ['D', 'N', 'E', 'N'], VKLTPLCVTLNCTNVTNNITD-------------------------------------SNRGEIKN----CSFNT-T-TE--LRD-KK-QKE-YALF-YKLDVVPIDNENNKNSNNS------------------------------------------TNSYRLI---NCNTSAI-T---QA, 0.1173, 1
0.374270, -101.9924, [174], CHUNK, ['V'], VKLTPLCVTLNCTNVTNNITD-------------------------------------SNRGEIKN----CSFNT-T-TE--LRD-KK-QKE-YALF-YKLDVVPIDNENNKNSNNS------------------------------------------TNSYRLI---NCNTSVI-T---QA, 0.2806, 0
0.374308, -118.4304, [74], CHUNK, ['I'], VKLTPLCVTLNCTNVTNNITD-------------------------------------SNRGEIKN----CSFNI-T-TE--LRD-KK-QKE-YALF-YKLDVVPIDNENNKNSNNS------------------------------------------TNSYRLI---NCNTSAI-T---QA, 0.2325, 0
0.374270, -106.2694, [174], CHUNK, ['V'], VKLTPLCVTLNCTNVTNNITD-------------------------------------SNRGEIKN----CSFNT-T-TE--LRD-KK-QKE-YALF-YKLDVVPIDNENNKNSNNS------------------------------------------TNSYRLI---NCNTSVI-T---QA, 0.3730, 0
0.369766, -122.4496, 18, POINT, T, VKLTPLCVTLNCTNVTNNTTD-------------------------------------SNRGEIKN----CSFNT-T-TE--LRD-KK-QKE-YALF-YKLDVVPIDNENNKNSNNS------------------------------------------TNSYRLI---NCNTSAI-T---QA, 0.1027, 0
0.365305, -120.6048, [104, 106, 107, 108, 109], CHUNK, ['Q', 'D', 'N', 'N', 'T'], VKLTPLCVTLNCTNVTNNITD-------------------------------------SNRGEIKN----CSFNT-T-TE--LRD-KK-QKE-YALF-YKLDVVQIDNNTNKNSNNS------------------------------------------TNSYRLI---NCNTSAI-T---QA, 0.1112, 0
0.368494, -100.3990, [174], CHUNK, ['V'], VKLTPLCVTLNCTNVTNNITD-------------------------------------SNRGEIKN----CSFNT-T-TE--LRD-KK-QKE-YALF-YKLDVVPINESENKNSNNS------------------------------------------TNSYRLI---NCNTSVI-T---QA, 0.2250, 0
0.368494, -101.2733, [174], CHUNK, ['V'], VKLTPLCVTLNCTNVTNNITD-------------------------------------SNRGEIKN----CSFNT-T-TE--LRD-KK-QKE-YALF-YKLDVVPINESENKNSNNS------------------------------------------TNSYRLI---NCNTSVI-T---QA, 0.5533, 0
0.364237, -24.9999, 82, POINT, I, VKLTPLCVTLNCTNVTNNITD-------------------------------------SNRGEIKN----CSFNT-T-TE--IRD-KK-QKE-YALF-YKLDVVPINESENKNSNNS------------------------------------------TNSYRLI---NCNTSAI-T---QA, 0.2680, 0
0.359293, -120.8702, 160, POINT, T, VKLTPLCVTLNCTNVTNNITD-------------------------------------SNRGEIKN----CSFNT-T-TE--LRD-KK-QKE-YALF-YKLDVVPINENQGNRSNNS------------------------------------------TTSYRLI---NCNTSAI-T---QA, 0.1173, 1
0.362318, -1.0848, 82, POINT, I, VKLTPLCVTLNCTNVTNNITD-------------------------------------SNRGEIKN----CSFNT-T-TE--IRD-KK-QKE-YALF-YKLDVVPINENQGNRSNNS------------------------------------------TTSYRLI---NCNTSAI-T---QA, 0.1265, 0
0.367560, -106.9215, [169, 174], CHUNK, ['S', 'V'], VKLTPLCVTLNCTNVTNNITD-------------------------------------SNRGEIKN----CSFNT-T-TE--LRD-KK-QKE-YALF-YKLDVVPINENQGNRSNNS------------------------------------------TTSYRLI---SCNTSVI-T---QA, 0.3893, 0
0.362327, -121.2837, 20, POINT, N, VKLTPLCVTLNCTNVTNNITN-------------------------------------SNRGEIKN----CSFNT-T-TE--LRD-KK-QKE-YALF-YKLDVVPINENQGNRSNNS------------------------------------------TTSYRLI---NCNTSAI-T---QA, 0.1173, 0
0.361806, -116.0565, [60], CHUNK, ['T'], VKLTPLCVTLNCTNVTNNITD-------------------------------------SNTGEIKN----CSFNT-T-TE--LRD-KK-QKE-YALF-YKLDVVPINENQGNRSNNS------------------------------------------TTSYRLI---NCNTSAI-T---QA, 0.1189, 0
0.361916, -120.7785, [159, 160], CHUNK, ['N', 'T'], VKLTPLCVTLNCTNVTNNITD-------------------------------------SNRGEIKN----CSFNT-T-TE--LRD-KK-QKE-YALF-YKLDVVPINENQGNRSNNS------------------------------------------NTSYRLI---NCNTSAI-T---QA, 0.1173, 0
0.359293, -121.1665, 160, POINT, T, VKLTPLCVTLNCTNVTNNITD-------------------------------------SNRGEIKN----CSFNT-T-TE--LRD-KK-QKE-YALF-YKLDVVPINENQGNRSNNS------------------------------------------TTSYRLI---NCNTSAI-T---QA, 0.1421, 0
0.364222, -94.6349, [169, 174], CHUNK, ['S', 'V'], VKLTPLCVTLNCTNVTNNITD-------------------------------------SNRGEIKN----CSFNT-T-TE--LRD-KK-QKE-YALF-YKLDVVPINENQGNRSNNS------------------------------------------TNSYRLI---SCNTSVI-T---QA, 0.4565, 0
0.363773, -105.3433, [174], CHUNK, ['V'], VKLTPLCVTLNCTNVTNNITD-------------------------------------SNRGEIKN----CSFNT-T-TE--LRD-KK-QKE-YALF-YKLDVVPINENQGNRSNNS------------------------------------------TNSYRLI---NCNTSVI-T---QA, 0.4104, 1
0.364222, -102.3345, [169], CHUNK, ['S'], VKLTPLCVTLNCTNVTNNITD-------------------------------------SNRGEIKN----CSFNT-T-TE--LRD-KK-QKE-YALF-YKLDVVPINENQGNRSNNS------------------------------------------TNSYRLI---SCNTSVI-T---QA, 0.3937, 0
0.366552, -104.8827, 18, POINT, T, VKLTPLCVTLNCTNVTNNTTD-------------------------------------SNRGEIKN----CSFNT-T-TE--LRD-KK-QKE-YALF-YKLDVVPINENQGNRSNNS------------------------------------------TNSYRLI---NCNTSVI-T---QA, 0.3845, 0
0.371094, -108.6350, [74], CHUNK, ['I'], VKLTPLCVTLNCTNVTNNITD-------------------------------------SNRGEIKN----CSFNI-T-TE--LRD-KK-QKE-YALF-YKLDVVPINENQGNRSNNS------------------------------------------TNSYRLI---NCNTSVI-T---QA, 0.5069, 0
0.371094, -104.0378, [74], CHUNK, ['I'], VKLTPLCVTLNCTNVTNNITD-------------------------------------SNRGEIKN----CSFNI-T-TE--LRD-KK-QKE-YALF-YKLDVVPINENQGNRSNNS------------------------------------------TNSYRLI---NCNTSVI-T---QA, 0.4104, 0
0.360319, -120.9439, 107, POINT, N, VKLTPLCVTLNCTNVTNNITD-------------------------------------SNRGEIKN----CSFNT-T-TE--LRD-KK-QKE-YALF-YKLDVVPINNNQGNRSNNS------------------------------------------TNSYRLI---NCNTSAI-T---QA, 0.1269, 0
0.363104, -120.2559, [18, 20], CHUNK, ['T', 'N'], VKLTPLCVTLNCTNVTNNTTN-------------------------------------SNRGEIKN----CSFNT-T-TE--LRD-KK-QKE-YALF-YKLDVVPINENQGNRSNNS------------------------------------------TNSYRLI---NCNTSAI-T---QA, 0.1265, 0
0.359723, -119.6644, 109, POINT, S, VKLTPLCVTLNCTNVTNNITD-------------------------------------SNRGEIKN----CSFNT-T-TE--LRD-KK-QKE-YALF-YKLDVVPINENSGNRSNNS------------------------------------------TNSYRLI---NCNTSAI-T---QA, 0.1173, 0
0.357505, -118.8536, 58, POINT, T, VKLTPLCVTLNCTNVTNNITD-------------------------------------TNRGEIKN----CSFNT-T-TE--LRD-KK-QKE-YALF-YKLDVVPINENQGNRSNNS------------------------------------------TNSYRLI---NCNTSAI-T---QA, 0.1173, 0
