Name base = V1V2_200_sq_6_10_ni
Iters = 200
Soft coverage = 1.31203964383
Energy = -128.717377515
Hard Covereage = 0.0368019545157
Num epitopes = 65
Initial seq = VKLTPLCVTLQCTNVTNNITD-------------------------------------DMRGELKN----CSFNM-T-TE--LRD-KK-QKV-YSLF-YRLDVVQINENQGNRSNNS------------------------------------------NKEYRLI---NCNTSAI-T---QA
-------START OF DATA------
1.321590, -130.0967, 79, POINT, S, VKLTPLCVTLQCTNVTNNITD-------------------------------------DMRGELKN----CSFNM-T-TS--LRD-KK-QKV-YSLF-YRLDVVQINENQGNRSNNS------------------------------------------NKEYRLI---NCNTSAI-T---QA, 0.1192, 1
1.351243, -59.8571, [74, 79], CHUNK, ['I', 'N'], VKLTPLCVTLQCTNVTNNITD-------------------------------------DMRGELKN----CSFNI-T-TN--LRD-KK-QKV-YSLF-YRLDVVQINENQGNRSNNS------------------------------------------NKEYRLI---NCNTSAI-T---QA, 0.2863, 0
1.370746, -130.0130, 10, POINT, N, VKLTPLCVTLNCTNVTNNITD-------------------------------------DMRGELKN----CSFNM-T-TS--LRD-KK-QKV-YSLF-YRLDVVQINENQGNRSNNS------------------------------------------NKEYRLI---NCNTSAI-T---QA, 0.1192, 1
1.423611, -127.1352, [160, 161, 165], CHUNK, ['T', 'S', 'T'], VKLTPLCVTLNCTNVTNNITD-------------------------------------DMRGELKN----CSFNM-T-TS--LRD-KK-QKV-YSLF-YRLDVVQINENQGNRSNNS------------------------------------------NTSYRLT---NCNTSAI-T---QA, 0.1192, 1
1.444051, -123.8605, 20, POINT, T, VKLTPLCVTLNCTNVTNNITT-------------------------------------DMRGELKN----CSFNM-T-TS--LRD-KK-QKV-YSLF-YRLDVVQINENQGNRSNNS------------------------------------------NTSYRLT---NCNTSAI-T---QA, 0.1192, 1
1.466100, -122.3280, 18, POINT, T, VKLTPLCVTLNCTNVTNNTTT-------------------------------------DMRGELKN----CSFNM-T-TS--LRD-KK-QKV-YSLF-YRLDVVQINENQGNRSNNS------------------------------------------NTSYRLT---NCNTSAI-T---QA, 0.1192, 1
1.516357, -123.7785, [107, 108, 109, 110, 111, 112], CHUNK, ['D', 'D', 'N', 'N', 'K', 'N'], VKLTPLCVTLNCTNVTNNTTT-------------------------------------DMRGELKN----CSFNM-T-TS--LRD-KK-QKV-YSLF-YRLDVVQINDDNNKNSNNS------------------------------------------NTSYRLT---NCNTSAI-T---QA, 0.1192, 1
1.534226, -92.1924, 74, POINT, I, VKLTPLCVTLNCTNVTNNTTT-------------------------------------DMRGELKN----CSFNI-T-TS--LRD-KK-QKV-YSLF-YRLDVVQINDDNNKNSNNS------------------------------------------NTSYRLT---NCNTSAI-T---QA, 0.6961, 0
1.534226, -76.4686, [74], CHUNK, ['I'], VKLTPLCVTLNCTNVTNNTTT-------------------------------------DMRGELKN----CSFNI-T-TS--LRD-KK-QKV-YSLF-YRLDVVQINDDNNKNSNNS------------------------------------------NTSYRLT---NCNTSAI-T---QA, 0.4626, 0
1.533491, -123.6323, 60, POINT, N, VKLTPLCVTLNCTNVTNNTTT-------------------------------------DMNGELKN----CSFNM-T-TS--LRD-KK-QKV-YSLF-YRLDVVQINDDNNKNSNNS------------------------------------------NTSYRLT---NCNTSAI-T---QA, 0.1221, 1
1.549404, -103.3194, 74, POINT, V, VKLTPLCVTLNCTNVTNNTTT-------------------------------------DMNGELKN----CSFNV-T-TS--LRD-KK-QKV-YSLF-YRLDVVQINDDNNKNSNNS------------------------------------------NTSYRLT---NCNTSAI-T---QA, 0.2775, 0
1.549404, -102.2627, 74, POINT, V, VKLTPLCVTLNCTNVTNNTTT-------------------------------------DMNGELKN----CSFNV-T-TS--LRD-KK-QKV-YSLF-YRLDVVQINDDNNKNSNNS------------------------------------------NTSYRLT---NCNTSAI-T---QA, 0.1938, 0
1.551360, -71.5495, [74], CHUNK, ['I'], VKLTPLCVTLNCTNVTNNTTT-------------------------------------DMNGELKN----CSFNI-T-TS--LRD-KK-QKV-YSLF-YRLDVVQINDDNNKNSNNS------------------------------------------NTSYRLT---NCNTSAI-T---QA, 0.5291, 0
1.540813, -119.3015, 58, POINT, I, VKLTPLCVTLNCTNVTNNTTT-------------------------------------IMNGELKN----CSFNM-T-TS--LRD-KK-QKV-YSLF-YRLDVVQINDDNNKNSNNS------------------------------------------NTSYRLT---NCNTSAI-T---QA, 0.1221, 0
1.536545, -123.9833, 107, POINT, N, VKLTPLCVTLNCTNVTNNTTT-------------------------------------DMRGELKN----CSFNM-T-TS--LRD-KK-QKV-YSLF-YRLDVVQINNDNNKNSNNS------------------------------------------NTSYRLT---NCNTSAI-T---QA, 0.1232, 1
1.548764, -121.0905, [99, 102, 104], CHUNK, ['K', 'I', 'K'], VKLTPLCVTLNCTNVTNNTTT-------------------------------------DMRGELKN----CSFNM-T-TS--LRD-KK-QKV-YSLF-YKLDIVKINNDNNKNSNNS------------------------------------------NTSYRLT---NCNTSAI-T---QA, 0.1411, 0
1.554414, -77.3639, [74], CHUNK, ['I'], VKLTPLCVTLNCTNVTNNTTT-------------------------------------DMRGELKN----CSFNI-T-TS--LRD-KK-QKV-YSLF-YRLDVVQINNDNNKNSNNS------------------------------------------NTSYRLT---NCNTSAI-T---QA, 0.4779, 0
1.573610, -83.4265, [59, 60, 61, 63, 64], CHUNK, ['I', 'T', 'K', 'M', 'T'], VKLTPLCVTLNCTNVTNNTTT-------------------------------------DITKEMTN----CSFNM-T-TS--LRD-KK-QKV-YSLF-YRLDVVQINNDNNKNSNNS------------------------------------------NTSYRLT---NCNTSAI-T---QA, 0.1198, 0
1.546494, -123.9896, 79, POINT, N, VKLTPLCVTLNCTNVTNNTTT-------------------------------------DMRGELKN----CSFNM-T-TN--LRD-KK-QKV-YSLF-YRLDVVQINNDNNKNSNNS------------------------------------------NTSYRLT---NCNTSAI-T---QA, 0.1232, 0
1.531622, -123.2956, [116], CHUNK, ['N'], VKLTPLCVTLNCTNVTNNTTT-------------------------------------DMRGELKN----CSFNM-T-TS--LRD-KK-QKV-YSLF-YRLDVVQINDDNNKNSNNN------------------------------------------NTSYRLT---NCNTSAI-T---QA, 0.1210, 1
1.551811, -123.3314, 107, POINT, N, VKLTPLCVTLNCTNVTNNTTT-------------------------------------DMRGELKN----CSFNM-T-TS--LRD-KK-QKV-YSLF-YRLDVVQINNDNNKNSNNN------------------------------------------NTSYRLT---NCNTSAI-T---QA, 0.1210, 0
1.546299, -121.1704, 174, POINT, T, VKLTPLCVTLNCTNVTNNTTT-------------------------------------DMRGELKN----CSFNM-T-TS--LRD-KK-QKV-YSLF-YRLDVVQINDDNNKNSNNN------------------------------------------NTSYRLT---NCNTSTI-T---QA, 0.1242, 0
1.549491, -74.6663, [74], CHUNK, ['I'], VKLTPLCVTLNCTNVTNNTTT-------------------------------------DMRGELKN----CSFNI-T-TS--LRD-KK-QKV-YSLF-YRLDVVQINDDNNKNSNNN------------------------------------------NTSYRLT---NCNTSAI-T---QA, 0.4163, 0
1.548756, -123.1483, 60, POINT, N, VKLTPLCVTLNCTNVTNNTTT-------------------------------------DMNGELKN----CSFNM-T-TS--LRD-KK-QKV-YSLF-YRLDVVQINDDNNKNSNNN------------------------------------------NTSYRLT---NCNTSAI-T---QA, 0.1210, 1
1.576495, -103.5207, [74, 79], CHUNK, ['V', 'N'], VKLTPLCVTLNCTNVTNNTTT-------------------------------------DMNGELKN----CSFNV-T-TN--LRD-KK-QKV-YSLF-YRLDVVQINDDNNKNSNNN------------------------------------------NTSYRLT---NCNTSAI-T---QA, 0.2018, 0
1.582007, -118.8861, [74], CHUNK, ['T'], VKLTPLCVTLNCTNVTNNTTT-------------------------------------DMNGELKN----CSFNT-T-TS--LRD-KK-QKV-YSLF-YRLDVVQINDDNNKNSNNN------------------------------------------NTSYRLT---NCNTSAI-T---QA, 0.1082, 0
1.564669, -107.6129, [74], CHUNK, ['V'], VKLTPLCVTLNCTNVTNNTTT-------------------------------------DMNGELKN----CSFNV-T-TS--LRD-KK-QKV-YSLF-YRLDVVQINDDNNKNSNNN------------------------------------------NTSYRLT---NCNTSAI-T---QA, 0.3250, 0
1.563135, -4.7796, [79, 82, 87], CHUNK, ['N', 'I', 'V'], VKLTPLCVTLNCTNVTNNTTT-------------------------------------DMNGELKN----CSFNM-T-TN--IRD-KV-QKV-YSLF-YRLDVVQINDDNNKNSNNN------------------------------------------NTSYRLT---NCNTSAI-T---QA, 0.3364, 0
1.549491, -93.6136, [74], CHUNK, ['I'], VKLTPLCVTLNCTNVTNNTTT-------------------------------------DMRGELKN----CSFNI-T-TS--LRD-KK-QKV-YSLF-YRLDVVQINDDNNKNSNNN------------------------------------------NTSYRLT---NCNTSAI-T---QA, 0.5467, 0
1.538395, -105.3306, 174, POINT, V, VKLTPLCVTLNCTNVTNNTTT-------------------------------------DMRGELKN----CSFNM-T-TS--LRD-KK-QKV-YSLF-YRLDVVQINDDNNKNSNNN------------------------------------------NTSYRLT---NCNTSVI-T---QA, 0.3497, 0
1.549491, -74.7184, [74], CHUNK, ['I'], VKLTPLCVTLNCTNVTNNTTT-------------------------------------DMRGELKN----CSFNI-T-TS--LRD-KK-QKV-YSLF-YRLDVVQINDDNNKNSNNN------------------------------------------NTSYRLT---NCNTSAI-T---QA, 0.5109, 0
1.538330, -81.7394, [59, 60, 61, 63, 64], CHUNK, ['Y', 'T', 'K', 'M', 'R'], VKLTPLCVTLNCTNVTNNTTT-------------------------------------DYTKEMRN----CSFNM-T-TS--LRD-KK-QKV-YSLF-YRLDVVQINDDNNKNSNNN------------------------------------------NTSYRLT---NCNTSAI-T---QA, 0.1210, 0
1.549665, -122.1220, [99, 104, 107], CHUNK, ['K', 'P', 'N'], VKLTPLCVTLNCTNVTNNTTT-------------------------------------DMRGELKN----CSFNM-T-TS--LRD-KK-QKV-YSLF-YKLDVVPINNDNNKNSNNS------------------------------------------NTSYRLT---NCNTSAI-T---QA, 0.1192, 1
1.555667, -122.7761, 59, POINT, E, VKLTPLCVTLNCTNVTNNTTT-------------------------------------DERGELKN----CSFNM-T-TS--LRD-KK-QKV-YSLF-YKLDVVPINNDNNKNSNNS------------------------------------------NTSYRLT---NCNTSAI-T---QA, 0.1192, 1
1.587729, -111.6389, [58, 60, 63], CHUNK, ['I', 'T', 'I'], VKLTPLCVTLNCTNVTNNTTT-------------------------------------IETGEIKN----CSFNM-T-TS--LRD-KK-QKV-YSLF-YKLDVVPINNDNNKNSNNS------------------------------------------NTSYRLT---NCNTSAI-T---QA, 0.1454, 0
1.562439, -103.7612, 174, POINT, V, VKLTPLCVTLNCTNVTNNTTT-------------------------------------DERGELKN----CSFNM-T-TS--LRD-KK-QKV-YSLF-YKLDVVPINNDNNKNSNNS------------------------------------------NTSYRLT---NCNTSVI-T---QA, 0.2957, 0
1.560908, -122.9835, 101, POINT, N, VKLTPLCVTLNCTNVTNNTTT-------------------------------------DERGELKN----CSFNM-T-TS--LRD-KK-QKV-YSLF-YKLNVVPINNDNNKNSNNS------------------------------------------NTSYRLT---NCNTSAI-T---QA, 0.1192, 1
1.563273, -121.4720, 91, POINT, E, VKLTPLCVTLNCTNVTNNTTT-------------------------------------DERGELKN----CSFNM-T-TS--LRD-KK-QKE-YSLF-YKLNVVPINNDNNKNSNNS------------------------------------------NTSYRLT---NCNTSAI-T---QA, 0.1192, 1
1.566171, -118.7015, 14, POINT, I, VKLTPLCVTLNCTNITNNTTT-------------------------------------DERGELKN----CSFNM-T-TS--LRD-KK-QKE-YSLF-YKLNVVPINNDNNKNSNNS------------------------------------------NTSYRLT---NCNTSAI-T---QA, 0.1192, 1
1.584040, -111.1551, [74], CHUNK, ['I'], VKLTPLCVTLNCTNITNNTTT-------------------------------------DERGELKN----CSFNI-T-TS--LRD-KK-QKE-YSLF-YKLNVVPINNDNNKNSNNS------------------------------------------NTSYRLT---NCNTSAI-T---QA, 0.1833, 0
1.583424, -117.7204, 111, POINT, S, VKLTPLCVTLNCTNITNNTTT-------------------------------------DERGELKN----CSFNM-T-TS--LRD-KK-QKE-YSLF-YKLNVVPINNDNNSNSNNS------------------------------------------NTSYRLT---NCNTSAI-T---QA, 0.1192, 1
1.601293, -110.3335, 74, POINT, I, VKLTPLCVTLNCTNITNNTTT-------------------------------------DERGELKN----CSFNI-T-TS--LRD-KK-QKE-YSLF-YKLNVVPINNDNNSNSNNS------------------------------------------NTSYRLT---NCNTSAI-T---QA, 0.3358, 0
1.610620, -118.4717, 58, POINT, N, VKLTPLCVTLNCTNITNNTTT-------------------------------------NERGELKN----CSFNM-T-TS--LRD-KK-QKE-YSLF-YKLNVVPINNDNNSNSNNS------------------------------------------NTSYRLT---NCNTSAI-T---QA, 0.1238, 1
1.625705, -46.4385, [59, 60, 61, 62, 63], CHUNK, ['T', 'I', 'E', 'V', 'M'], VKLTPLCVTLNCTNITNNTTT-------------------------------------NTIEVMKN----CSFNM-T-TS--LRD-KK-QKE-YSLF-YKLNVVPINNDNNSNSNNS------------------------------------------NTSYRLT---NCNTSAI-T---QA, 0.1302, 0
1.617393, -98.9421, [174], CHUNK, ['V'], VKLTPLCVTLNCTNITNNTTT-------------------------------------NERGELKN----CSFNM-T-TS--LRD-KK-QKE-YSLF-YKLNVVPINNDNNSNSNNS------------------------------------------NTSYRLT---NCNTSVI-T---QA, 0.4033, 0
1.625297, -116.4361, 174, POINT, T, VKLTPLCVTLNCTNITNNTTT-------------------------------------NERGELKN----CSFNM-T-TS--LRD-KK-QKE-YSLF-YKLNVVPINNDNNSNSNNS------------------------------------------NTSYRLT---NCNTSTI-T---QA, 0.1238, 1
1.641210, -111.1770, [74], CHUNK, ['V'], VKLTPLCVTLNCTNITNNTTT-------------------------------------NERGELKN----CSFNV-T-TS--LRD-KK-QKE-YSLF-YKLNVVPINNDNNSNSNNS------------------------------------------NTSYRLT---NCNTSTI-T---QA, 0.1358, 0
1.625916, -113.9794, 71, POINT, T, VKLTPLCVTLNCTNITNNTTT-------------------------------------NERGELKN----CTFNM-T-TS--LRD-KK-QKE-YSLF-YKLNVVPINNDNNSNSNNS------------------------------------------NTSYRLT---NCNTSTI-T---QA, 0.1254, 0
1.627022, -114.3471, 105, POINT, L, VKLTPLCVTLNCTNITNNTTT-------------------------------------NERGELKN----CSFNM-T-TS--LRD-KK-QKE-YSLF-YKLNVVPLNNDNNSNSNNS------------------------------------------NTSYRLT---NCNTSTI-T---QA, 0.1238, 0
1.648954, 10.3763, [74, 82], CHUNK, ['I', 'I'], VKLTPLCVTLNCTNITNNTTT-------------------------------------NERGELKN----CSFNI-T-TS--IRD-KK-QKE-YSLF-YKLNVVPINNDNNSNSNNS------------------------------------------NTSYRLT---NCNTSTI-T---QA, 0.1415, 0
1.617393, -97.2092, [174], CHUNK, ['V'], VKLTPLCVTLNCTNITNNTTT-------------------------------------NERGELKN----CSFNM-T-TS--LRD-KK-QKE-YSLF-YKLNVVPINNDNNSNSNNS------------------------------------------NTSYRLT---NCNTSVI-T---QA, 0.4852, 0
1.630075, -105.2963, [71, 74], CHUNK, ['T', 'I'], VKLTPLCVTLNCTNITNNTTT-------------------------------------NERGELKN----CTFNI-T-TS--LRD-KK-QKE-YSLF-YKLNVVPINNDNNSNSNNS------------------------------------------NTSYRLT---NCNTSAI-T---QA, 0.1911, 0
1.627638, -116.4652, 105, POINT, N, VKLTPLCVTLNCTNITNNTTT-------------------------------------NERGELKN----CSFNM-T-TS--LRD-KK-QKE-YSLF-YKLNVVPNNNDNNSNSNNS------------------------------------------NTSYRLT---NCNTSAI-T---QA, 0.1238, 0
1.617630, -119.0872, 84, POINT, N, VKLTPLCVTLNCTNITNNTTT-------------------------------------NERGELKN----CSFNM-T-TS--LRN-KK-QKE-YSLF-YKLNVVPINNDNNSNSNNS------------------------------------------NTSYRLT---NCNTSAI-T---QA, 0.1238, 0
1.600365, 2.0043, [79, 82], CHUNK, ['N', 'I'], VKLTPLCVTLNCTNITNNTTT-------------------------------------DERGELKN----CSFNM-T-TN--IRD-KK-QKE-YSLF-YKLNVVPINNDNNSNSNNS------------------------------------------NTSYRLT---NCNTSAI-T---QA, 0.3231, 0
1.601293, -108.7353, 74, POINT, I, VKLTPLCVTLNCTNITNNTTT-------------------------------------DERGELKN----CSFNI-T-TS--LRD-KK-QKE-YSLF-YKLNVVPINNDNNSNSNNS------------------------------------------NTSYRLT---NCNTSAI-T---QA, 0.2889, 0
1.600365, -0.6447, [79, 82], CHUNK, ['N', 'I'], VKLTPLCVTLNCTNITNNTTT-------------------------------------DERGELKN----CSFNM-T-TN--IRD-KK-QKE-YSLF-YKLNVVPINNDNNSNSNNS------------------------------------------NTSYRLT---NCNTSAI-T---QA, 0.2285, 0
1.601293, -111.7197, [74], CHUNK, ['I'], VKLTPLCVTLNCTNITNNTTT-------------------------------------DERGELKN----CSFNI-T-TS--LRD-KK-QKE-YSLF-YKLNVVPINNDNNSNSNNS------------------------------------------NTSYRLT---NCNTSAI-T---QA, 0.1436, 1
1.627579, -104.5541, [59, 60, 63], CHUNK, ['D', 'T', 'I'], VKLTPLCVTLNCTNITNNTTT-------------------------------------DDTGEIKN----CSFNI-T-TS--LRD-KK-QKE-YSLF-YKLNVVPINNDNNSNSNNS------------------------------------------NTSYRLT---NCNTSAI-T---QA, 0.1433, 0
1.606064, -111.8211, 63, POINT, I, VKLTPLCVTLNCTNITNNTTT-------------------------------------DERGEIKN----CSFNI-T-TS--LRD-KK-QKE-YSLF-YKLNVVPINNDNNSNSNNS------------------------------------------NTSYRLT---NCNTSAI-T---QA, 0.1310, 0
1.615970, -110.0931, [174], CHUNK, ['T'], VKLTPLCVTLNCTNITNNTTT-------------------------------------DERGELKN----CSFNI-T-TS--LRD-KK-QKE-YSLF-YKLNVVPINNDNNSNSNNS------------------------------------------NTSYRLT---NCNTSTI-T---QA, 0.1436, 0
1.626580, -111.8985, 108, POINT, N, VKLTPLCVTLNCTNITNNTTT-------------------------------------DERGELKN----CSFNI-T-TS--LRD-KK-QKE-YSLF-YKLNVVPINNNNNSNSNNS------------------------------------------NTSYRLT---NCNTSAI-T---QA, 0.1436, 0
1.584043, -115.0553, 71, POINT, T, VKLTPLCVTLNCTNITNNTTT-------------------------------------DERGELKN----CTFNM-T-TS--LRD-KK-QKE-YSLF-YKLNVVPINNDNNSNSNNS------------------------------------------NTSYRLT---NCNTSAI-T---QA, 0.1710, 1
1.590816, -93.9522, 174, POINT, V, VKLTPLCVTLNCTNITNNTTT-------------------------------------DERGELKN----CTFNM-T-TS--LRD-KK-QKE-YSLF-YKLNVVPINNDNNSNSNNS------------------------------------------NTSYRLT---NCNTSVI-T---QA, 0.3044, 0
1.602879, -108.5685, 74, POINT, I, VKLTPLCVTLNCTNITNNTTT-------------------------------------DERGELKN----CTFNI-T-TS--LRD-KK-QKE-YSLF-YKLNVVPINNDNNSNSNNS------------------------------------------NTSYRLT---NCNTSAI-T---QA, 0.2620, 0
1.610023, -108.6216, [60, 63], CHUNK, ['T', 'I'], VKLTPLCVTLNCTNITNNTTT-------------------------------------DETGEIKN----CTFNM-T-TS--LRD-KK-QKE-YSLF-YKLNVVPINNDNNSNSNNS------------------------------------------NTSYRLT---NCNTSAI-T---QA, 0.1710, 0
1.618621, -45.8902, [74, 79, 82], CHUNK, ['V', 'N', 'I'], VKLTPLCVTLNCTNITNNTTT-------------------------------------DERGELKN----CTFNV-T-TN--IRD-KK-QKE-YSLF-YKLNVVPINNDNNSNSNNS------------------------------------------NTSYRLT---NCNTSAI-T---QA, 0.2649, 0
1.602879, -106.2730, [71, 74], CHUNK, ['T', 'I'], VKLTPLCVTLNCTNITNNTTT-------------------------------------DERGELKN----CTFNI-T-TS--LRD-KK-QKE-YSLF-YKLNVVPINNDNNSNSNNS------------------------------------------NTSYRLT---NCNTSAI-T---QA, 0.1550, 0
1.590552, -119.2207, 91, POINT, T, VKLTPLCVTLNCTNITNNTTT-------------------------------------DERGELKN----CSFNM-T-TS--LRD-KK-QKT-YSLF-YKLNVVPINNDNNSNSNNS------------------------------------------NTSYRLT---NCNTSAI-T---QA, 0.1250, 1
1.608421, -95.0668, 74, POINT, I, VKLTPLCVTLNCTNITNNTTT-------------------------------------DERGELKN----CSFNI-T-TS--LRD-KK-QKT-YSLF-YKLNVVPINNDNNSNSNNS------------------------------------------NTSYRLT---NCNTSAI-T---QA, 0.3291, 0
1.598603, -118.5566, 89, POINT, K, VKLTPLCVTLNCTNITNNTTT-------------------------------------DERGELKN----CSFNM-T-TS--LRD-KK-KKT-YSLF-YKLNVVPINNDNNSNSNNS------------------------------------------NTSYRLT---NCNTSAI-T---QA, 0.1250, 0
1.595222, 4.4019, 82, POINT, I, VKLTPLCVTLNCTNITNNTTT-------------------------------------DERGELKN----CSFNM-T-TS--IRD-KK-QKT-YSLF-YKLNVVPINNDNNSNSNNS------------------------------------------NTSYRLT---NCNTSAI-T---QA, 0.6596, 0
1.608421, -89.5636, 74, POINT, I, VKLTPLCVTLNCTNITNNTTT-------------------------------------DERGELKN----CSFNI-T-TS--LRD-KK-QKT-YSLF-YKLNVVPINNDNNSNSNNS------------------------------------------NTSYRLT---NCNTSAI-T---QA, 0.7257, 0
1.599110, -17.2450, [74, 82], CHUNK, ['I', 'V'], VKLTPLCVTLNCTNITNNTTT-------------------------------------DERGELKN----CSFNI-T-TS--VRD-KK-QKE-YSLF-YKLNVVPINNDNNSNSNNS------------------------------------------NTSYRLT---NCNTSAI-T---QA, 0.3295, 0
1.627590, -114.6657, [74, 79], CHUNK, ['T', 'N'], VKLTPLCVTLNCTNITNNTTT-------------------------------------DERGELKN----CSFNT-T-TN--LRD-KK-QKE-YSLF-YKLNVVPINNDNNSNSNNS------------------------------------------NTSYRLT---NCNTSAI-T---QA, 0.1192, 0
1.601293, -110.7472, 74, POINT, I, VKLTPLCVTLNCTNITNNTTT-------------------------------------DERGELKN----CSFNI-T-TS--LRD-KK-QKE-YSLF-YKLNVVPINNDNNSNSNNS------------------------------------------NTSYRLT---NCNTSAI-T---QA, 0.1815, 0
1.593451, -117.7267, 79, POINT, N, VKLTPLCVTLNCTNITNNTTT-------------------------------------DERGELKN----CSFNM-T-TN--LRD-KK-QKE-YSLF-YKLNVVPINNDNNSNSNNS------------------------------------------NTSYRLT---NCNTSAI-T---QA, 0.1192, 1
1.608128, -115.8143, [174], CHUNK, ['T'], VKLTPLCVTLNCTNITNNTTT-------------------------------------DERGELKN----CSFNM-T-TN--LRD-KK-QKE-YSLF-YKLNVVPINNDNNSNSNNS------------------------------------------NTSYRLT---NCNTSTI-T---QA, 0.1192, 0
1.601325, -115.7290, 60, POINT, S, VKLTPLCVTLNCTNITNNTTT-------------------------------------DESGELKN----CSFNM-T-TN--LRD-KK-QKE-YSLF-YKLNVVPINNDNNSNSNNS------------------------------------------NTSYRLT---NCNTSAI-T---QA, 0.1271, 0
1.600365, 2.3237, 82, POINT, I, VKLTPLCVTLNCTNITNNTTT-------------------------------------DERGELKN----CSFNM-T-TN--IRD-KK-QKE-YSLF-YKLNVVPINNDNNSNSNNS------------------------------------------NTSYRLT---NCNTSAI-T---QA, 0.1535, 0
1.600825, -117.1799, 89, POINT, K, VKLTPLCVTLNCTNITNNTTT-------------------------------------DERGELKN----CSFNM-T-TN--LRD-KK-KKE-YSLF-YKLNVVPINNDNNSNSNNS------------------------------------------NTSYRLT---NCNTSAI-T---QA, 0.1192, 0
1.610620, -118.3117, 58, POINT, N, VKLTPLCVTLNCTNITNNTTT-------------------------------------NERGELKN----CSFNM-T-TS--LRD-KK-QKE-YSLF-YKLNVVPINNDNNSNSNNS------------------------------------------NTSYRLT---NCNTSAI-T---QA, 0.1391, 0
1.606413, -107.8811, [74, 79], CHUNK, ['I', 'T'], VKLTPLCVTLNCTNITNNTTT-------------------------------------DERGELKN----CSFNI-T-TT--LRD-KK-QKE-YSLF-YKLNVVPINNDNNSNSNNS------------------------------------------NTSYRLT---NCNTSAI-T---QA, 0.1550, 0
1.599208, -119.1949, 163, POINT, T, VKLTPLCVTLNCTNITNNTTT-------------------------------------DERGELKN----CSFNM-T-TS--LRD-KK-QKE-YSLF-YKLNVVPINNDNNSNSNNS------------------------------------------NTSYTLT---NCNTSAI-T---QA, 0.1320, 0
1.616675, -114.8099, [74], CHUNK, ['T'], VKLTPLCVTLNCTNITNNTTT-------------------------------------DERGELKN----CSFNT-T-TS--LRD-KK-QKE-YSLF-YKLNVVPINNDNNSNSNNS------------------------------------------NTSYRLT---NCNTSAI-T---QA, 0.1213, 0
1.580848, -116.7891, 174, POINT, T, VKLTPLCVTLNCTNITNNTTT-------------------------------------DERGELKN----CSFNM-T-TS--LRD-KK-QKE-YSLF-YKLNVVPINNDNNKNSNNS------------------------------------------NTSYRLT---NCNTSTI-T---QA, 0.1192, 0
1.584040, -104.2214, [74], CHUNK, ['I'], VKLTPLCVTLNCTNITNNTTT-------------------------------------DERGELKN----CSFNI-T-TS--LRD-KK-QKE-YSLF-YKLNVVPINNDNNKNSNNS------------------------------------------NTSYRLT---NCNTSAI-T---QA, 0.1501, 0
1.605543, -95.0214, [59, 60, 61, 62, 63, 64], CHUNK, ['N', 'D', 'T', 'S', 'M', 'R'], VKLTPLCVTLNCTNITNNTTT-------------------------------------DNDTSMRN----CSFNM-T-TS--LRD-KK-QKE-YSLF-YKLNVVPINNDNNKNSNNS------------------------------------------NTSYRLT---NCNTSAI-T---QA, 0.1192, 0
1.571522, 1.5422, 82, POINT, I, VKLTPLCVTLNCTNITNNTTT-------------------------------------DERGELKN----CSFNM-T-TS--IRD-KK-QKE-YSLF-YKLNVVPINNDNNKNSNNS------------------------------------------NTSYRLT---NCNTSAI-T---QA, 0.2108, 0
1.571108, -120.8310, 89, POINT, K, VKLTPLCVTLNCTNVTNNTTT-------------------------------------DERGELKN----CSFNM-T-TS--LRD-KK-KKE-YSLF-YKLNVVPINNDNNKNSNNS------------------------------------------NTSYRLT---NCNTSAI-T---QA, 0.1192, 1
1.587021, -116.5107, 74, POINT, V, VKLTPLCVTLNCTNVTNNTTT-------------------------------------DERGELKN----CSFNV-T-TS--LRD-KK-KKE-YSLF-YKLNVVPINNDNNKNSNNS------------------------------------------NTSYRLT---NCNTSAI-T---QA, 0.1302, 0
1.585785, -119.1824, 174, POINT, T, VKLTPLCVTLNCTNVTNNTTT-------------------------------------DERGELKN----CSFNM-T-TS--LRD-KK-KKE-YSLF-YKLNVVPINNDNNKNSNNS------------------------------------------NTSYRLT---NCNTSTI-T---QA, 0.1171, 0
1.593350, -93.9944, [58, 59, 61], CHUNK, ['T', 'G', 'D'], VKLTPLCVTLNCTNVTNNTTT-------------------------------------TGRDELKN----CSFNM-T-TS--LRD-KK-KKE-YSLF-YKLNVVPINNDNNKNSNNS------------------------------------------NTSYRLT---NCNTSAI-T---QA, 0.1087, 0
1.579575, -118.7726, 98, POINT, N, VKLTPLCVTLNCTNVTNNTTT-------------------------------------DERGELKN----CSFNM-T-TS--LRD-KK-KKE-YSLF-NKLNVVPINNDNNKNSNNS------------------------------------------NTSYRLT---NCNTSAI-T---QA, 0.1151, 0
1.571564, -119.5111, 98, POINT, N, VKLTPLCVTLNCTNVTNNTTT-------------------------------------DERGELKN----CSFNM-T-TS--LRD-KK-QKE-YSLF-NKLNVVPINNDNNKNSNNS------------------------------------------NTSYRLT---NCNTSAI-T---QA, 0.1195, 0
1.593003, -109.6777, [74, 79], CHUNK, ['I', 'N'], VKLTPLCVTLNCTNVTNNTTT-------------------------------------DERGELKN----CSFNI-T-TN--LRD-KK-QKE-YSLF-YKLNVVPINNDNNKNSNNS------------------------------------------NTSYRLT---NCNTSAI-T---QA, 0.3532, 1
1.601735, -109.5715, [89, 94], CHUNK, ['K', 'A'], VKLTPLCVTLNCTNVTNNTTT-------------------------------------DERGELKN----CSFNI-T-TN--LRD-KK-KKE-YALF-YKLNVVPINNDNNKNSNNS------------------------------------------NTSYRLT---NCNTSAI-T---QA, 0.3532, 1
1.616575, -110.9470, [159, 163], CHUNK, ['T', 'T'], VKLTPLCVTLNCTNVTNNTTT-------------------------------------DERGELKN----CSFNI-T-TN--LRD-KK-KKE-YALF-YKLNVVPINNDNNKNSNNS------------------------------------------TTSYTLT---NCNTSAI-T---QA, 0.3532, 0
1.605862, -109.5378, [99, 101], CHUNK, ['T', 'D'], VKLTPLCVTLNCTNVTNNTTT-------------------------------------DERGELKN----CSFNI-T-TN--LRD-KK-KKE-YALF-YTLDVVPINNDNNKNSNNS------------------------------------------NTSYRLT---NCNTSAI-T---QA, 0.3532, 0
1.612398, -62.5336, [60, 61, 63], CHUNK, ['S', 'E', 'I'], VKLTPLCVTLNCTNVTNNTTT-------------------------------------DESEEIKN----CSFNI-T-TN--LRD-KK-KKE-YALF-YKLNVVPINNDNNKNSNNS------------------------------------------NTSYRLT---NCNTSAI-T---QA, 0.3181, 0
1.616412, -109.5717, [174], CHUNK, ['T'], VKLTPLCVTLNCTNVTNNTTT-------------------------------------DERGELKN----CSFNI-T-TN--LRD-KK-KKE-YALF-YKLNVVPINNDNNKNSNNS------------------------------------------NTSYRLT---NCNTSTI-T---QA, 0.3289, 0
1.612496, -91.8991, 61, POINT, T, VKLTPLCVTLNCTNVTNNTTT-------------------------------------DERTELKN----CSFNI-T-TN--LRD-KK-QKE-YSLF-YKLNVVPINNDNNKNSNNS------------------------------------------NTSYRLT---NCNTSAI-T---QA, 0.3932, 0
1.599270, -102.9907, [58, 59, 60, 63, 64], CHUNK, ['I', 'T', 'D', 'V', 'M'], VKLTPLCVTLNCTNVTNNTTT-------------------------------------ITDGEVMN----CSFNI-T-TN--LRD-KK-QKE-YSLF-YKLNVVPINNDNNKNSNNS------------------------------------------NTSYRLT---NCNTSAI-T---QA, 0.3184, 0
1.609100, -26.5933, [79, 82, 83, 84], CHUNK, ['S', 'I', 'T', 'N'], VKLTPLCVTLNCTNVTNNTTT-------------------------------------DERGELKN----CSFNI-T-TS--ITN-KK-QKE-YSLF-YKLNVVPINNDNNKNSNNS------------------------------------------NTSYRLT---NCNTSAI-T---QA, 0.3050, 0
1.601295, -107.4983, 98, POINT, N, VKLTPLCVTLNCTNVTNNTTT-------------------------------------DERGELKN----CSFNI-T-TN--LRD-KK-QKE-YSLF-NKLNVVPINNDNNKNSNNS------------------------------------------NTSYRLT---NCNTSAI-T---QA, 0.3532, 0
1.564945, -121.6817, 94, POINT, A, VKLTPLCVTLNCTNVTNNTTT-------------------------------------DERGELKN----CSFNM-T-TS--LRD-KK-QKE-YALF-YKLNVVPINNDNNKNSNNS------------------------------------------NTSYRLT---NCNTSAI-T---QA, 0.1198, 0
1.577950, -119.5596, [174], CHUNK, ['T'], VKLTPLCVTLNCTNVTNNTTT-------------------------------------DERGELKN----CSFNM-T-TS--LRD-KK-QKE-YSLF-YKLNVVPINNDNNKNSNNS------------------------------------------NTSYRLT---NCNTSTI-T---QA, 0.1192, 0
1.581142, -113.0025, [74], CHUNK, ['I'], VKLTPLCVTLNCTNVTNNTTT-------------------------------------DERGELKN----CSFNI-T-TS--LRD-KK-QKE-YSLF-YKLNVVPINNDNNKNSNNS------------------------------------------NTSYRLT---NCNTSAI-T---QA, 0.2612, 0
1.602010, -93.0704, [60, 61, 63, 64], CHUNK, ['T', 'T', 'M', 'T'], VKLTPLCVTLNCTNVTNNTTT-------------------------------------DETTEMTN----CSFNM-T-TS--LRD-KK-QKE-YSLF-YKLNVVPINNDNNKNSNNS------------------------------------------NTSYRLT---NCNTSAI-T---QA, 0.1192, 0
