Name base = V1V2_200_exp_3_2_ni
Iters = 200
Soft coverage = 0.284621885725
Energy = -132.024912453
Hard Covereage = 0.0368019545157
Num epitopes = 65
Initial seq = VKLTPLCVTLQCTNVTNNITD-------------------------------------DMRGELKN----CSFNM-T-TE--LRD-KK-QKV-YSLF-YRLDVVQINENQGNRSNNS------------------------------------------NKEYRLI---NCNTSAI-T---QA
-------START OF DATA------
0.289705, -131.4487, 160, POINT, T, VKLTPLCVTLQCTNVTNNITD-------------------------------------DMRGELKN----CSFNM-T-TE--LRD-KK-QKV-YSLF-YRLDVVQINENQGNRSNNS------------------------------------------NTEYRLI---NCNTSAI-T---QA, 0.0000, 1
0.291954, -129.9003, 18, POINT, T, VKLTPLCVTLQCTNVTNNTTD-------------------------------------DMRGELKN----CSFNM-T-TE--LRD-KK-QKV-YSLF-YRLDVVQINENQGNRSNNS------------------------------------------NTEYRLI---NCNTSAI-T---QA, 0.0000, 0
0.298086, -131.6251, [94], CHUNK, ['A'], VKLTPLCVTLQCTNVTNNITD-------------------------------------DMRGELKN----CSFNM-T-TE--LRD-KK-QKV-YALF-YRLDVVQINENQGNRSNNS------------------------------------------NTEYRLI---NCNTSAI-T---QA, 0.0000, 1
0.305369, -118.9481, [174], CHUNK, ['V'], VKLTPLCVTLQCTNVTNNITD-------------------------------------DMRGELKN----CSFNM-T-TE--LRD-KK-QKV-YALF-YRLDVVQINENQGNRSNNS------------------------------------------NTEYRLI---NCNTSVI-T---QA, 0.2463, 0
0.312336, -130.7801, [10, 12], CHUNK, ['N', 'S'], VKLTPLCVTLNCSNVTNNITD-------------------------------------DMRGELKN----CSFNM-T-TE--LRD-KK-QKV-YALF-YRLDVVQINENQGNRSNNS------------------------------------------NTEYRLI---NCNTSAI-T---QA, 0.0000, 1
0.319360, -130.7533, 161, POINT, S, VKLTPLCVTLNCSNVTNNITD-------------------------------------DMRGELKN----CSFNM-T-TE--LRD-KK-QKV-YALF-YRLDVVQINENQGNRSNNS------------------------------------------NTSYRLI---NCNTSAI-T---QA, 0.0218, 1
0.326642, -108.6503, [174], CHUNK, ['V'], VKLTPLCVTLNCSNVTNNITD-------------------------------------DMRGELKN----CSFNM-T-TE--LRD-KK-QKV-YALF-YRLDVVQINENQGNRSNNS------------------------------------------NTSYRLI---NCNTSVI-T---QA, 0.2922, 0
0.326642, -113.8011, [174], CHUNK, ['V'], VKLTPLCVTLNCSNVTNNITD-------------------------------------DMRGELKN----CSFNM-T-TE--LRD-KK-QKV-YALF-YRLDVVQINENQGNRSNNS------------------------------------------NTSYRLI---NCNTSVI-T---QA, 0.4115, 0
0.322866, -130.8661, 107, POINT, N, VKLTPLCVTLNCSNVTNNITD-------------------------------------DMRGELKN----CSFNM-T-TE--LRD-KK-QKV-YALF-YRLDVVQINNNQGNRSNNS------------------------------------------NTSYRLI---NCNTSAI-T---QA, 0.0218, 1
0.332838, -82.5246, [74], CHUNK, ['I'], VKLTPLCVTLNCSNVTNNITD-------------------------------------DMRGELKN----CSFNI-T-TE--LRD-KK-QKV-YALF-YRLDVVQINNNQGNRSNNS------------------------------------------NTSYRLI---NCNTSAI-T---QA, 0.2021, 0
0.326795, -131.0683, 104, POINT, P, VKLTPLCVTLNCSNVTNNITD-------------------------------------DMRGELKN----CSFNM-T-TE--LRD-KK-QKV-YALF-YRLDVVPINNNQGNRSNNS------------------------------------------NTSYRLI---NCNTSAI-T---QA, 0.0218, 1
0.334415, -129.4378, 99, POINT, K, VKLTPLCVTLNCSNVTNNITD-------------------------------------DMRGELKN----CSFNM-T-TE--LRD-KK-QKV-YALF-YKLDVVPINNNQGNRSNNS------------------------------------------NTSYRLI---NCNTSAI-T---QA, 0.0239, 1
0.340473, -128.0513, [91], CHUNK, ['E'], VKLTPLCVTLNCSNVTNNITD-------------------------------------DMRGELKN----CSFNM-T-TE--LRD-KK-QKE-YALF-YKLDVVPINNNQGNRSNNS------------------------------------------NTSYRLI---NCNTSAI-T---QA, 0.0229, 0
0.343832, -130.1926, [12], CHUNK, ['T'], VKLTPLCVTLNCTNVTNNITD-------------------------------------DMRGELKN----CSFNM-T-TE--LRD-KK-QKV-YALF-YKLDVVPINNNQGNRSNNS------------------------------------------NTSYRLI---NCNTSAI-T---QA, 0.0239, 1
0.348324, -115.8646, 74, POINT, V, VKLTPLCVTLNCTNVTNNITD-------------------------------------DMRGELKN----CSFNV-T-TE--LRD-KK-QKV-YALF-YKLDVVPINNNQGNRSNNS------------------------------------------NTSYRLI---NCNTSAI-T---QA, 0.1254, 0
0.348324, -113.8810, [74], CHUNK, ['V'], VKLTPLCVTLNCTNVTNNITD-------------------------------------DMRGELKN----CSFNV-T-TE--LRD-KK-QKV-YALF-YKLDVVPINNNQGNRSNNS------------------------------------------NTSYRLI---NCNTSAI-T---QA, 0.1517, 0
0.344217, -130.1346, 106, POINT, D, VKLTPLCVTLNCTNVTNNITD-------------------------------------DMRGELKN----CSFNM-T-TE--LRD-KK-QKV-YALF-YKLDVVPIDNNQGNRSNNS------------------------------------------NTSYRLI---NCNTSAI-T---QA, 0.0239, 1
0.351488, -128.5207, 63, POINT, I, VKLTPLCVTLNCTNVTNNITD-------------------------------------DMRGEIKN----CSFNM-T-TE--LRD-KK-QKV-YALF-YKLDVVPIDNNQGNRSNNS------------------------------------------NTSYRLI---NCNTSAI-T---QA, 0.0186, 1
0.357546, -126.9927, 91, POINT, E, VKLTPLCVTLNCTNVTNNITD-------------------------------------DMRGEIKN----CSFNM-T-TE--LRD-KK-QKE-YALF-YKLDVVPIDNNQGNRSNNS------------------------------------------NTSYRLI---NCNTSAI-T---QA, 0.0186, 1
0.364828, -109.4076, [174], CHUNK, ['V'], VKLTPLCVTLNCTNVTNNITD-------------------------------------DMRGEIKN----CSFNM-T-TE--LRD-KK-QKE-YALF-YKLDVVPIDNNQGNRSNNS------------------------------------------NTSYRLI---NCNTSVI-T---QA, 0.2920, 0
0.359709, -27.7067, [82], CHUNK, ['I'], VKLTPLCVTLNCTNVTNNITD-------------------------------------DMRGEIKN----CSFNM-T-TE--IRD-KK-QKE-YALF-YKLDVVPIDNNQGNRSNNS------------------------------------------NTSYRLI---NCNTSAI-T---QA, 0.2464, 0
0.368939, -119.1167, [74], CHUNK, ['I'], VKLTPLCVTLNCTNVTNNITD-------------------------------------DMRGEIKN----CSFNI-T-TE--LRD-KK-QKE-YALF-YKLDVVPIDNNQGNRSNNS------------------------------------------NTSYRLI---NCNTSAI-T---QA, 0.1289, 1
0.372728, -8.2571, [82], CHUNK, ['I'], VKLTPLCVTLNCTNVTNNITD-------------------------------------DMRGEIKN----CSFNI-T-TE--IRD-KK-QKE-YALF-YKLDVVPIDNNQGNRSNNS------------------------------------------NTSYRLI---NCNTSAI-T---QA, 0.2658, 0
0.371102, -116.8754, 18, POINT, N, VKLTPLCVTLNCTNVTNNNTD-------------------------------------DMRGEIKN----CSFNI-T-TE--LRD-KK-QKE-YALF-YKLDVVPIDNNQGNRSNNS------------------------------------------NTSYRLI---NCNTSAI-T---QA, 0.1621, 0
0.370029, -118.7316, [108, 109], CHUNK, ['G', 'N'], VKLTPLCVTLNCTNVTNNITD-------------------------------------DMRGEIKN----CSFNI-T-TE--LRD-KK-QKE-YALF-YKLDVVPIDNGNGNRSNNS------------------------------------------NTSYRLI---NCNTSAI-T---QA, 0.1198, 0
0.370721, -117.2107, [60], CHUNK, ['K'], VKLTPLCVTLNCTNVTNNITD-------------------------------------DMKGEIKN----CSFNI-T-TE--LRD-KK-QKE-YALF-YKLDVVPIDNNQGNRSNNS------------------------------------------NTSYRLI---NCNTSAI-T---QA, 0.1559, 0
0.359709, -11.5079, 82, POINT, I, VKLTPLCVTLNCTNVTNNITD-------------------------------------DMRGEIKN----CSFNM-T-TE--IRD-KK-QKE-YALF-YKLDVVPIDNNQGNRSNNS------------------------------------------NTSYRLI---NCNTSAI-T---QA, 0.1546, 0
0.361618, -123.9236, [74], CHUNK, ['T'], VKLTPLCVTLNCTNVTNNITD-------------------------------------DMRGEIKN----CSFNT-T-TE--LRD-KK-QKE-YALF-YKLDVVPIDNNQGNRSNNS------------------------------------------NTSYRLI---NCNTSAI-T---QA, 0.0186, 1
0.364438, -120.6480, 20, POINT, T, VKLTPLCVTLNCTNVTNNITT-------------------------------------DMRGEIKN----CSFNT-T-TE--LRD-KK-QKE-YALF-YKLDVVPIDNNQGNRSNNS------------------------------------------NTSYRLI---NCNTSAI-T---QA, 0.0186, 0
0.366410, -122.8251, [59, 60], CHUNK, ['T', 'N'], VKLTPLCVTLNCTNVTNNITD-------------------------------------DTNGEIKN----CSFNT-T-TE--LRD-KK-QKE-YALF-YKLDVVPIDNNQGNRSNNS------------------------------------------NTSYRLI---NCNTSAI-T---QA, 0.0186, 1
0.373730, -117.5452, [74], CHUNK, ['I'], VKLTPLCVTLNCTNVTNNITD-------------------------------------DTNGEIKN----CSFNI-T-TE--LRD-KK-QKE-YALF-YKLDVVPIDNNQGNRSNNS------------------------------------------NTSYRLI---NCNTSAI-T---QA, 0.1775, 0
0.373730, -117.5332, [74], CHUNK, ['I'], VKLTPLCVTLNCTNVTNNITD-------------------------------------DTNGEIKN----CSFNI-T-TE--LRD-KK-QKE-YALF-YKLDVVPIDNNQGNRSNNS------------------------------------------NTSYRLI---NCNTSAI-T---QA, 0.2624, 0
0.369435, -21.9002, [82], CHUNK, ['I'], VKLTPLCVTLNCTNVTNNITD-------------------------------------DTNGEIKN----CSFNT-T-TE--IRD-KK-QKE-YALF-YKLDVVPIDNNQGNRSNNS------------------------------------------NTSYRLI---NCNTSAI-T---QA, 0.2308, 0
0.368579, -120.8095, [174], CHUNK, ['T'], VKLTPLCVTLNCTNVTNNITD-------------------------------------DTNGEIKN----CSFNT-T-TE--LRD-KK-QKE-YALF-YKLDVVPIDNNQGNRSNNS------------------------------------------NTSYRLI---NCNTSTI-T---QA, 0.0186, 0
0.362751, -124.6313, 16, POINT, T, VKLTPLCVTLNCTNVTTNITD-------------------------------------DMRGEIKN----CSFNT-T-TE--LRD-KK-QKE-YALF-YKLDVVPIDNNQGNRSNNS------------------------------------------NTSYRLI---NCNTSAI-T---QA, 0.0902, 1
0.370034, -104.7185, 174, POINT, V, VKLTPLCVTLNCTNVTTNITD-------------------------------------DMRGEIKN----CSFNT-T-TE--LRD-KK-QKE-YALF-YKLDVVPIDNNQGNRSNNS------------------------------------------NTSYRLI---NCNTSVI-T---QA, 0.3762, 0
0.370034, -108.2374, 174, POINT, V, VKLTPLCVTLNCTNVTTNITD-------------------------------------DMRGEIKN----CSFNT-T-TE--LRD-KK-QKE-YALF-YKLDVVPIDNNQGNRSNNS------------------------------------------NTSYRLI---NCNTSVI-T---QA, 0.2216, 0
0.370034, -104.7555, 174, POINT, V, VKLTPLCVTLNCTNVTTNITD-------------------------------------DMRGEIKN----CSFNT-T-TE--LRD-KK-QKE-YALF-YKLDVVPIDNNQGNRSNNS------------------------------------------NTSYRLI---NCNTSVI-T---QA, 0.3275, 0
0.370072, -117.8882, [74], CHUNK, ['I'], VKLTPLCVTLNCTNVTTNITD-------------------------------------DMRGEIKN----CSFNI-T-TE--LRD-KK-QKE-YALF-YKLDVVPIDNNQGNRSNNS------------------------------------------NTSYRLI---NCNTSAI-T---QA, 0.1240, 0
0.364643, -6.5583, 82, POINT, I, VKLTPLCVTLNCTNVTNNITD-------------------------------------DMRGEIKN----CSFNT-T-TE--IRD-KK-QKE-YALF-YKLDVVPIDNNQGNRSNNS------------------------------------------NTSYRLI---NCNTSAI-T---QA, 0.3884, 0
0.363203, -123.5965, 109, POINT, D, VKLTPLCVTLNCTNVTNNITD-------------------------------------DMRGEIKN----CSFNT-T-TE--LRD-KK-QKE-YALF-YKLDVVPIDNNDGNRSNNS------------------------------------------NTSYRLI---NCNTSAI-T---QA, 0.0186, 0
0.361923, -117.2538, 60, POINT, I, VKLTPLCVTLNCTNVTNNITD-------------------------------------DMIGEIKN----CSFNT-T-TE--LRD-KK-QKE-YALF-YKLDVVPIDNNQGNRSNNS------------------------------------------NTSYRLI---NCNTSAI-T---QA, 0.0186, 0
0.363807, -121.6332, [59, 60], CHUNK, ['D', 'K'], VKLTPLCVTLNCTNVTNNITD-------------------------------------DDKGEIKN----CSFNT-T-TE--LRD-KK-QKE-YALF-YKLDVVPIDNNQGNRSNNS------------------------------------------NTSYRLI---NCNTSAI-T---QA, 0.0186, 1
0.371119, -122.5108, [110, 112], CHUNK, ['S', 'N'], VKLTPLCVTLNCTNVTNNITD-------------------------------------DDKGEIKN----CSFNT-T-TE--LRD-KK-QKE-YALF-YKLDVVPIDNNQSNNSNNS------------------------------------------NTSYRLI---NCNTSAI-T---QA, 0.0186, 0
0.371127, -113.3022, [74], CHUNK, ['I'], VKLTPLCVTLNCTNVTNNITD-------------------------------------DDKGEIKN----CSFNI-T-TE--LRD-KK-QKE-YALF-YKLDVVPIDNNQGNRSNNS------------------------------------------NTSYRLI---NCNTSAI-T---QA, 0.2284, 0
0.371127, -116.3491, [74], CHUNK, ['I'], VKLTPLCVTLNCTNVTNNITD-------------------------------------DDKGEIKN----CSFNI-T-TE--LRD-KK-QKE-YALF-YKLDVVPIDNNQGNRSNNS------------------------------------------NTSYRLI---NCNTSAI-T---QA, 0.1414, 0
0.371127, -107.6107, [74], CHUNK, ['I'], VKLTPLCVTLNCTNVTNNITD-------------------------------------DDKGEIKN----CSFNI-T-TE--LRD-KK-QKE-YALF-YKLDVVPIDNNQGNRSNNS------------------------------------------NTSYRLI---NCNTSAI-T---QA, 0.4047, 0
0.368939, -116.8673, [74], CHUNK, ['I'], VKLTPLCVTLNCTNVTNNITD-------------------------------------DMRGEIKN----CSFNI-T-TE--LRD-KK-QKE-YALF-YKLDVVPIDNNQGNRSNNS------------------------------------------NTSYRLI---NCNTSAI-T---QA, 0.1334, 1
0.369658, -116.3687, 58, POINT, E, VKLTPLCVTLNCTNVTNNITD-------------------------------------EMRGEIKN----CSFNI-T-TE--LRD-KK-QKE-YALF-YKLDVVPIDNNQGNRSNNS------------------------------------------NTSYRLI---NCNTSAI-T---QA, 0.1334, 0
0.376221, -103.1204, [174], CHUNK, ['V'], VKLTPLCVTLNCTNVTNNITD-------------------------------------DMRGEIKN----CSFNI-T-TE--LRD-KK-QKE-YALF-YKLDVVPIDNNQGNRSNNS------------------------------------------NTSYRLI---NCNTSVI-T---QA, 0.3468, 0
0.376221, -99.5474, [174], CHUNK, ['V'], VKLTPLCVTLNCTNVTNNITD-------------------------------------DMRGEIKN----CSFNI-T-TE--LRD-KK-QKE-YALF-YKLDVVPIDNNQGNRSNNS------------------------------------------NTSYRLI---NCNTSVI-T---QA, 0.2617, 0
0.371108, -116.0006, [174], CHUNK, ['T'], VKLTPLCVTLNCTNVTNNITD-------------------------------------DMRGEIKN----CSFNI-T-TE--LRD-KK-QKE-YALF-YKLDVVPIDNNQGNRSNNS------------------------------------------NTSYRLI---NCNTSTI-T---QA, 0.1366, 0
0.368939, -117.8056, [74], CHUNK, ['I'], VKLTPLCVTLNCTNVTNNITD-------------------------------------DMRGEIKN----CSFNI-T-TE--LRD-KK-QKE-YALF-YKLDVVPIDNNQGNRSNNS------------------------------------------NTSYRLI---NCNTSAI-T---QA, 0.1502, 1
0.376221, -101.7803, [174], CHUNK, ['V'], VKLTPLCVTLNCTNVTNNITD-------------------------------------DMRGEIKN----CSFNI-T-TE--LRD-KK-QKE-YALF-YKLDVVPIDNNQGNRSNNS------------------------------------------NTSYRLI---NCNTSVI-T---QA, 0.2134, 0
0.374356, -118.4145, 109, POINT, N, VKLTPLCVTLNCTNVTNNITD-------------------------------------DMRGEIKN----CSFNI-T-TE--LRD-KK-QKE-YALF-YKLDVVPIDNNNGNRSNNS------------------------------------------NTSYRLI---NCNTSAI-T---QA, 0.1522, 0
0.371293, -115.1501, 58, POINT, T, VKLTPLCVTLNCTNVTNNITD-------------------------------------TMRGEIKN----CSFNI-T-TE--LRD-KK-QKE-YALF-YKLDVVPIDNNQGNRSNNS------------------------------------------NTSYRLI---NCNTSAI-T---QA, 0.1582, 0
0.376221, -101.6870, [174], CHUNK, ['V'], VKLTPLCVTLNCTNVTNNITD-------------------------------------DMRGEIKN----CSFNI-T-TE--LRD-KK-QKE-YALF-YKLDVVPIDNNQGNRSNNS------------------------------------------NTSYRLI---NCNTSVI-T---QA, 0.4046, 0
0.364643, -44.9525, [82], CHUNK, ['I'], VKLTPLCVTLNCTNVTNNITD-------------------------------------DMRGEIKN----CSFNT-T-TE--IRD-KK-QKE-YALF-YKLDVVPIDNNQGNRSNNS------------------------------------------NTSYRLI---NCNTSAI-T---QA, 0.4774, 0
0.368939, -120.0627, 74, POINT, I, VKLTPLCVTLNCTNVTNNITD-------------------------------------DMRGEIKN----CSFNI-T-TE--LRD-KK-QKE-YALF-YKLDVVPIDNNQGNRSNNS------------------------------------------NTSYRLI---NCNTSAI-T---QA, 0.0723, 0
0.365433, -125.5698, [108, 109, 110], CHUNK, ['D', 'K', 'N'], VKLTPLCVTLNCTNVTNNITD-------------------------------------DMRGEIKN----CSFNT-T-TE--LRD-KK-QKE-YALF-YKLDVVPIDNDKNNRSNNS------------------------------------------NTSYRLI---NCNTSAI-T---QA, 0.0236, 1
0.365661, -125.0449, 87, POINT, V, VKLTPLCVTLNCTNVTNNITD-------------------------------------DMRGEIKN----CSFNT-T-TE--LRD-KV-QKE-YALF-YKLDVVPIDNDKNNRSNNS------------------------------------------NTSYRLI---NCNTSAI-T---QA, 0.0236, 0
0.367787, -122.7417, 58, POINT, T, VKLTPLCVTLNCTNVTNNITD-------------------------------------TMRGEIKN----CSFNT-T-TE--LRD-KK-QKE-YALF-YKLDVVPIDNDKNNRSNNS------------------------------------------NTSYRLI---NCNTSAI-T---QA, 0.0236, 0
0.373764, -120.1726, [58, 59, 60], CHUNK, ['N', 'S', 'T'], VKLTPLCVTLNCTNVTNNITD-------------------------------------NSTGEIKN----CSFNT-T-TE--LRD-KK-QKE-YALF-YKLDVVPIDNDKNNRSNNS------------------------------------------NTSYRLI---NCNTSAI-T---QA, 0.0236, 0
0.365738, -118.9998, [60], CHUNK, ['I'], VKLTPLCVTLNCTNVTNNITD-------------------------------------DMIGEIKN----CSFNT-T-TE--LRD-KK-QKE-YALF-YKLDVVPIDNDKNNRSNNS------------------------------------------NTSYRLI---NCNTSAI-T---QA, 0.0998, 0
0.363787, -122.0972, [174], CHUNK, ['T'], VKLTPLCVTLNCTNVTNNITD-------------------------------------DMRGEIKN----CSFNT-T-TE--LRD-KK-QKE-YALF-YKLDVVPIDNNQGNRSNNS------------------------------------------NTSYRLI---NCNTSTI-T---QA, 0.0394, 0
0.363787, -121.9079, [174], CHUNK, ['T'], VKLTPLCVTLNCTNVTNNITD-------------------------------------DMRGEIKN----CSFNT-T-TE--LRD-KK-QKE-YALF-YKLDVVPIDNNQGNRSNNS------------------------------------------NTSYRLI---NCNTSTI-T---QA, 0.0186, 0
0.368901, -106.4578, [174], CHUNK, ['V'], VKLTPLCVTLNCTNVTNNITD-------------------------------------DMRGEIKN----CSFNT-T-TE--LRD-KK-QKE-YALF-YKLDVVPIDNNQGNRSNNS------------------------------------------NTSYRLI---NCNTSVI-T---QA, 0.2484, 0
0.363401, -121.7366, [60], CHUNK, ['K'], VKLTPLCVTLNCTNVTNNITD-------------------------------------DMKGEIKN----CSFNT-T-TE--LRD-KK-QKE-YALF-YKLDVVPIDNNQGNRSNNS------------------------------------------NTSYRLI---NCNTSAI-T---QA, 0.0186, 1
0.370721, -112.5344, 74, POINT, I, VKLTPLCVTLNCTNVTNNITD-------------------------------------DMKGEIKN----CSFNI-T-TE--LRD-KK-QKE-YALF-YKLDVVPIDNNQGNRSNNS------------------------------------------NTSYRLI---NCNTSAI-T---QA, 0.2519, 1
0.378003, -100.6758, [174], CHUNK, ['V'], VKLTPLCVTLNCTNVTNNITD-------------------------------------DMKGEIKN----CSFNI-T-TE--LRD-KK-QKE-YALF-YKLDVVPIDNNQGNRSNNS------------------------------------------NTSYRLI---NCNTSVI-T---QA, 0.3922, 0
0.371507, -114.2571, 58, POINT, E, VKLTPLCVTLNCTNVTNNITD-------------------------------------EMKGEIKN----CSFNI-T-TE--LRD-KK-QKE-YALF-YKLDVVPIDNNQGNRSNNS------------------------------------------NTSYRLI---NCNTSAI-T---QA, 0.2272, 1
0.375296, -34.2102, 82, POINT, I, VKLTPLCVTLNCTNVTNNITD-------------------------------------EMKGEIKN----CSFNI-T-TE--IRD-KK-QKE-YALF-YKLDVVPIDNNQGNRSNNS------------------------------------------NTSYRLI---NCNTSAI-T---QA, 0.2623, 0
0.373493, -112.1258, [18, 19, 20], CHUNK, ['N', 'S', 'S'], VKLTPLCVTLNCTNVTNNNSS-------------------------------------EMKGEIKN----CSFNI-T-TE--LRD-KK-QKE-YALF-YKLDVVPIDNNQGNRSNNS------------------------------------------NTSYRLI---NCNTSAI-T---QA, 0.1724, 0
0.373676, -112.2108, [174], CHUNK, ['T'], VKLTPLCVTLNCTNVTNNITD-------------------------------------EMKGEIKN----CSFNI-T-TE--LRD-KK-QKE-YALF-YKLDVVPIDNNQGNRSNNS------------------------------------------NTSYRLI---NCNTSTI-T---QA, 0.2215, 0
0.372182, -114.7035, 58, POINT, S, VKLTPLCVTLNCTNVTNNITD-------------------------------------SMKGEIKN----CSFNI-T-TE--LRD-KK-QKE-YALF-YKLDVVPIDNNQGNRSNNS------------------------------------------NTSYRLI---NCNTSAI-T---QA, 0.2339, 1
0.373836, -114.4606, [116], CHUNK, ['T'], VKLTPLCVTLNCTNVTNNITD-------------------------------------SMKGEIKN----CSFNI-T-TE--LRD-KK-QKE-YALF-YKLDVVPIDNNQGNRSNNT------------------------------------------NTSYRLI---NCNTSAI-T---QA, 0.2343, 0
0.375971, -8.2168, 82, POINT, I, VKLTPLCVTLNCTNVTNNITD-------------------------------------SMKGEIKN----CSFNI-T-TE--IRD-KK-QKE-YALF-YKLDVVPIDNNQGNRSNNS------------------------------------------NTSYRLI---NCNTSAI-T---QA, 0.3976, 0
0.372516, -114.1607, 87, POINT, V, VKLTPLCVTLNCTNVTNNITD-------------------------------------SMKGEIKN----CSFNI-T-TE--LRD-KV-QKE-YALF-YKLDVVPIDNNQGNRSNNS------------------------------------------NTSYRLI---NCNTSAI-T---QA, 0.2339, 0
0.375971, -8.5883, [82], CHUNK, ['I'], VKLTPLCVTLNCTNVTNNITD-------------------------------------SMKGEIKN----CSFNI-T-TE--IRD-KK-QKE-YALF-YKLDVVPIDNNQGNRSNNS------------------------------------------NTSYRLI---NCNTSAI-T---QA, 0.2531, 0
0.373676, -112.6362, [174], CHUNK, ['T'], VKLTPLCVTLNCTNVTNNITD-------------------------------------EMKGEIKN----CSFNI-T-TE--LRD-KK-QKE-YALF-YKLDVVPIDNNQGNRSNNS------------------------------------------NTSYRLI---NCNTSTI-T---QA, 0.2462, 0
0.375296, -50.0543, [82], CHUNK, ['I'], VKLTPLCVTLNCTNVTNNITD-------------------------------------EMKGEIKN----CSFNI-T-TE--IRD-KK-QKE-YALF-YKLDVVPIDNNQGNRSNNS------------------------------------------NTSYRLI---NCNTSAI-T---QA, 0.3955, 0
0.372486, -113.2030, 18, POINT, S, VKLTPLCVTLNCTNVTNNSTD-------------------------------------EMKGEIKN----CSFNI-T-TE--LRD-KK-QKE-YALF-YKLDVVPIDNNQGNRSNNS------------------------------------------NTSYRLI---NCNTSAI-T---QA, 0.2298, 1
0.379768, -99.1977, [174], CHUNK, ['V'], VKLTPLCVTLNCTNVTNNSTD-------------------------------------EMKGEIKN----CSFNI-T-TE--LRD-KK-QKE-YALF-YKLDVVPIDNNQGNRSNNS------------------------------------------NTSYRLI---NCNTSVI-T---QA, 0.4065, 1
0.383557, -20.3730, [82], CHUNK, ['I'], VKLTPLCVTLNCTNVTNNSTD-------------------------------------EMKGEIKN----CSFNI-T-TE--IRD-KK-QKE-YALF-YKLDVVPIDNNQGNRSNNS------------------------------------------NTSYRLI---NCNTSVI-T---QA, 0.5342, 0
0.381206, -100.0275, [169], CHUNK, ['S'], VKLTPLCVTLNCTNVTNNSTD-------------------------------------EMKGEIKN----CSFNI-T-TE--LRD-KK-QKE-YALF-YKLDVVPIDNNQGNRSNNS------------------------------------------NTSYRLI---SCNTSVI-T---QA, 0.2746, 0
0.381206, -100.5239, 169, POINT, S, VKLTPLCVTLNCTNVTNNSTD-------------------------------------EMKGEIKN----CSFNI-T-TE--LRD-KK-QKE-YALF-YKLDVVPIDNNQGNRSNNS------------------------------------------NTSYRLI---SCNTSVI-T---QA, 0.6083, 0
0.380692, -106.1500, [18, 20], CHUNK, ['N', 'K'], VKLTPLCVTLNCTNVTNNNTK-------------------------------------EMKGEIKN----CSFNI-T-TE--LRD-KK-QKE-YALF-YKLDVVPIDNNQGNRSNNS------------------------------------------NTSYRLI---NCNTSVI-T---QA, 0.4377, 0
0.373582, -112.3530, 18, POINT, N, VKLTPLCVTLNCTNVTNNNTD-------------------------------------EMKGEIKN----CSFNI-T-TE--LRD-KK-QKE-YALF-YKLDVVPIDNNQGNRSNNS------------------------------------------NTSYRLI---NCNTSAI-T---QA, 0.2298, 0
0.374379, -112.6215, 58, POINT, T, VKLTPLCVTLNCTNVTNNSTD-------------------------------------TMKGEIKN----CSFNI-T-TE--LRD-KK-QKE-YALF-YKLDVVPIDNNQGNRSNNS------------------------------------------NTSYRLI---NCNTSAI-T---QA, 0.2397, 0
0.381788, -114.0887, [110, 112], CHUNK, ['N', 'T'], VKLTPLCVTLNCTNVTNNSTD-------------------------------------EMKGEIKN----CSFNI-T-TE--LRD-KK-QKE-YALF-YKLDVVPIDNNQNNTSNNS------------------------------------------NTSYRLI---NCNTSAI-T---QA, 0.2400, 0
0.376275, -3.7451, 82, POINT, I, VKLTPLCVTLNCTNVTNNSTD-------------------------------------EMKGEIKN----CSFNI-T-TE--IRD-KK-QKE-YALF-YKLDVVPIDNNQGNRSNNS------------------------------------------NTSYRLI---NCNTSAI-T---QA, 0.2104, 0
0.371841, -113.8003, 87, POINT, V, VKLTPLCVTLNCTNVTNNITD-------------------------------------EMKGEIKN----CSFNI-T-TE--LRD-KV-QKE-YALF-YKLDVVPIDNNQGNRSNNS------------------------------------------NTSYRLI---NCNTSAI-T---QA, 0.1615, 0
0.373582, -111.8660, 18, POINT, N, VKLTPLCVTLNCTNVTNNNTD-------------------------------------EMKGEIKN----CSFNI-T-TE--LRD-KK-QKE-YALF-YKLDVVPIDNNQGNRSNNS------------------------------------------NTSYRLI---NCNTSAI-T---QA, 0.2272, 0
0.375416, -113.9078, [18, 20], CHUNK, ['S', 'N'], VKLTPLCVTLNCTNVTNNSTN-------------------------------------EMKGEIKN----CSFNI-T-TE--LRD-KK-QKE-YALF-YKLDVVPIDNNQGNRSNNS------------------------------------------NTSYRLI---NCNTSAI-T---QA, 0.2372, 0
0.378789, -99.5118, [174], CHUNK, ['V'], VKLTPLCVTLNCTNVTNNITD-------------------------------------EMKGEIKN----CSFNI-T-TE--LRD-KK-QKE-YALF-YKLDVVPIDNNQGNRSNNS------------------------------------------NTSYRLI---NCNTSVI-T---QA, 0.2996, 0
0.370841, -114.1353, 59, POINT, L, VKLTPLCVTLNCTNVTNNITD-------------------------------------DLKGEIKN----CSFNI-T-TE--LRD-KK-QKE-YALF-YKLDVVPIDNNQGNRSNNS------------------------------------------NTSYRLI---NCNTSAI-T---QA, 0.1880, 0
0.373050, -112.0551, 58, POINT, T, VKLTPLCVTLNCTNVTNNITD-------------------------------------TMKGEIKN----CSFNI-T-TE--LRD-KK-QKE-YALF-YKLDVVPIDNNQGNRSNNS------------------------------------------NTSYRLI---NCNTSAI-T---QA, 0.2389, 0
0.378003, -100.0291, [174], CHUNK, ['V'], VKLTPLCVTLNCTNVTNNITD-------------------------------------DMKGEIKN----CSFNI-T-TE--LRD-KK-QKE-YALF-YKLDVVPIDNNQGNRSNNS------------------------------------------NTSYRLI---NCNTSVI-T---QA, 0.3590, 0
0.374510, 1.1980, 82, POINT, I, VKLTPLCVTLNCTNVTNNITD-------------------------------------DMKGEIKN----CSFNI-T-TE--IRD-KK-QKE-YALF-YKLDVVPIDNNQGNRSNNS------------------------------------------NTSYRLI---NCNTSAI-T---QA, 0.2097, 0
0.370721, -115.6572, 74, POINT, I, VKLTPLCVTLNCTNVTNNITD-------------------------------------DMKGEIKN----CSFNI-T-TE--LRD-KK-QKE-YALF-YKLDVVPIDNNQGNRSNNS------------------------------------------NTSYRLI---NCNTSAI-T---QA, 0.1606, 1
0.378003, -92.4879, [174], CHUNK, ['V'], VKLTPLCVTLNCTNVTNNITD-------------------------------------DMKGEIKN----CSFNI-T-TE--LRD-KK-QKE-YALF-YKLDVVPIDNNQGNRSNNS------------------------------------------NTSYRLI---NCNTSVI-T---QA, 0.5308, 0
0.374510, -24.4797, 82, POINT, I, VKLTPLCVTLNCTNVTNNITD-------------------------------------DMKGEIKN----CSFNI-T-TE--IRD-KK-QKE-YALF-YKLDVVPIDNNQGNRSNNS------------------------------------------NTSYRLI---NCNTSAI-T---QA, 0.1321, 0
0.374016, -111.4798, [18, 20], CHUNK, ['S', 'T'], VKLTPLCVTLNCTNVTNNSTT-------------------------------------DMKGEIKN----CSFNI-T-TE--LRD-KK-QKE-YALF-YKLDVVPIDNNQGNRSNNS------------------------------------------NTSYRLI---NCNTSAI-T---QA, 0.1450, 0
0.374510, -17.7787, [82], CHUNK, ['I'], VKLTPLCVTLNCTNVTNNITD-------------------------------------DMKGEIKN----CSFNI-T-TE--IRD-KK-QKE-YALF-YKLDVVPIDNNQGNRSNNS------------------------------------------NTSYRLI---NCNTSAI-T---QA, 0.2492, 0
0.370721, -118.1923, [74], CHUNK, ['I'], VKLTPLCVTLNCTNVTNNITD-------------------------------------DMKGEIKN----CSFNI-T-TE--LRD-KK-QKE-YALF-YKLDVVPIDNNQGNRSNNS------------------------------------------NTSYRLI---NCNTSAI-T---QA, 0.0347, 0
0.366426, -13.6972, [82], CHUNK, ['I'], VKLTPLCVTLNCTNVTNNITD-------------------------------------DMKGEIKN----CSFNT-T-TE--IRD-KK-QKE-YALF-YKLDVVPIDNNQGNRSNNS------------------------------------------NTSYRLI---NCNTSAI-T---QA, 0.1539, 0
0.365730, -119.2123, 58, POINT, T, VKLTPLCVTLNCTNVTNNITD-------------------------------------TMKGEIKN----CSFNT-T-TE--LRD-KK-QKE-YALF-YKLDVVPIDNNQGNRSNNS------------------------------------------NTSYRLI---NCNTSAI-T---QA, 0.0186, 0
0.364312, -120.3993, 18, POINT, S, VKLTPLCVTLNCTNVTNNSTD-------------------------------------DMKGEIKN----CSFNT-T-TE--LRD-KK-QKE-YALF-YKLDVVPIDNNQGNRSNNS------------------------------------------NTSYRLI---NCNTSAI-T---QA, 0.0186, 0
