Name base = V1V2_70_sq_9_3_i
Iters = 70
Soft coverage = 1.31203964383
Energy = -131.735344625
Hard Covereage = 0.0368019545157
Num epitopes = 65
Initial seq = VKLTPLCVTLQCTNVTNNITD-------------------------------------DMRGELKN----CSFNM-T-TE--LRD-KK-QKV-YSLF-YRLDVVQINENQGNRSNNS------------------------------------------NKEYRLI---NCNTSAI-T---QA
-------START OF DATA------
1.299745, -85.1842, 121, POINT, K, VKLTPLCVTLQCTNVTNNITD-------------------------------------DMRGELKN----CSFNM-T-TE--LRD-KK-QKV-YSLF-YRLDVVQINENQGNRSNND----S-------------------------------------KKEYRLI---NCNTSAI-T---QA, 1.6796, 0
1.278081, -92.7341, 158, POINT, K, VKLTPLCVTLQCTNVTNNITD-------------------------------------DMRGELKN----CSFNM-T-TE--LRD-KK-QKV-YSLF-YRLDVVQINENQGNRSNND-----------------------------------------QKKEYRLI---NCNTSAI-T---QA, 1.6755, 0
1.304730, -60.6204, 128, POINT, K, VKLTPLCVTLQCTNVTNNITD-------------------------------------DMRGELKN----CSFNM-T-TE--LRD-KK-QKV-YSLF-YRLDVVQINENQGNRSNNK-----------E------------------------------TKEYRLI---NCNTSAI-T---QA, 1.6236, 0
1.315635, -121.4874, 138, POINT, K, VKLTPLCVTLQCTNVTNNITD-------------------------------------DMRGELKN----CSFNM-T-TE--LRD-KK-QKV-YSLF-YRLDVVQINENQGNRSNNS---------------------S--------------------DKEYRLI---NCNTSAI-T---QA, 1.6134, 0
1.323335, -93.5580, 138, POINT, K, VKLTPLCVTLQCTNVTNNITD-------------------------------------DMRGELKN----CSFNM-T-TE--LRD-KK-QKV-YSLF-YRLDVVQINENQGNRSNNK---------------------T--------------------SKEYRLI---NCNTSAI-T---QA, 1.6274, 0
1.320710, 2579.1677, 137, POINT, K, VKLTPLCVTLQCTNVTNNITD-------------------------------------DMRGELKN----CSFNM-T-TE--LRD-KK-QKV-YSLF-YRLDVVQINENQGNRSNNS--------------------V---------------------NKEYRLI---NCNTSAI-T---QA, 1.6530, 0
1.320710, 2582.6149, 127, POINT, K, VKLTPLCVTLQCTNVTNNITD-------------------------------------DMRGELKN----CSFNM-T-TE--LRD-KK-QKV-YSLF-YRLDVVQINENQGNRSNNS----------V-------------------------------NKEYRLI---NCNTSAI-T---QA, 1.6593, 0
1.300713, -84.8170, 137, POINT, K, VKLTPLCVTLQCTNVTNNITD-------------------------------------DMRGELKN----CSFNM-T-TE--LRD-KK-QKV-YSLF-YRLDVVQINENQGNRSNNT--------------------E---------------------QKEYRLI---NCNTSAI-T---QA, 1.6321, 0
1.361196, -131.6418, 10, POINT, N, VKLTPLCVTLNCTNVTNNITD-------------------------------------DMRGELKN----CSFNM-T-TE--LRD-KK-QKV-YSLF-YRLDVVQINENQGNRSNNS------------------------------------------NKEYRLI---NCNTSAI-T---QA, 0.0000, 1
1.366060, -122.4337, 137, POINT, K, VKLTPLCVTLNCTNVTNNITD-------------------------------------DMRGELKN----CSFNM-T-TE--LRD-KK-QKV-YSLF-YRLDVVQINENQGNRSNNS--------------------S---------------------KKEYRLI---NCNTSAI-T---QA, 1.6165, 0
1.366694, 67.8909, 138, POINT, K, VKLTPLCVTLNCTNVTNNITD-------------------------------------DMRGELKN----CSFNM-T-TE--LRD-KK-QKV-YSLF-YRLDVVQINENQGNRSNNS---------------------D--------------------TKEYRLI---NCNTSAI-T---QA, 1.6283, 0
1.348901, -74.3538, 136, POINT, K, VKLTPLCVTLNCTNVTNNITD-------------------------------------DMRGELKN----CSFNM-T-TE--LRD-KK-QKV-YSLF-YRLDVVQINENQGNRSNND-------------------S----------------------KKEYRLI---NCNTSAI-T---QA, 1.6823, 0
1.369866, 2586.7874, 137, POINT, K, VKLTPLCVTLNCTNVTNNITD-------------------------------------DMRGELKN----CSFNM-T-TE--LRD-KK-QKV-YSLF-YRLDVVQINENQGNRSNNS--------------------V---------------------NKEYRLI---NCNTSAI-T---QA, 1.6665, 0
1.293394, -108.5575, 118, POINT, K, VKLTPLCVTLQCTNVTNNITD-------------------------------------DMRGELKN----CSFNM-T-TE--LRD-KK-QKV-YSLF-YRLDVVQINENQGNRSNNE-K----------------------------------------SKEYRLI---NCNTSAI-T---QA, 1.6111, 0
1.361196, -131.6418, 10, POINT, N, VKLTPLCVTLNCTNVTNNITD-------------------------------------DMRGELKN----CSFNM-T-TE--LRD-KK-QKV-YSLF-YRLDVVQINENQGNRSNNS------------------------------------------NKEYRLI---NCNTSAI-T---QA, 0.0000, 1
1.392918, -127.4786, 74, POINT, T, VKLTPLCVTLNCTNVTNNITD-------------------------------------DMRGELKN----CSFNT-T-TE--LRD-KK-QKV-YSLF-YRLDVVQINENQGNRSNNS------------------------------------------NKEYRLI---NCNTSAI-T---QA, 0.0282, 1
1.407096, -66.0828, 118, POINT, K, VKLTPLCVTLNCTNVTNNITD-------------------------------------DMRGELKN----CSFNT-T-TE--LRD-KK-QKV-YSLF-YRLDVVQINENQGNRSNNT-S----------------------------------------EKEYRLI---NCNTSAI-T---QA, 1.6278, 0
1.401589, 2588.9721, 122, POINT, K, VKLTPLCVTLNCTNVTNNITD-------------------------------------DMRGELKN----CSFNT-T-TE--LRD-KK-QKV-YSLF-YRLDVVQINENQGNRSNNS-----V------------------------------------NKEYRLI---NCNTSAI-T---QA, 1.6560, 0
1.423670, -127.8662, 112, POINT, N, VKLTPLCVTLNCTNVTNNITD-------------------------------------DMRGELKN----CSFNT-T-TE--LRD-KK-QKV-YSLF-YRLDVVQINENQGNNSNNS------------------------------------------NKEYRLI---NCNTSAI-T---QA, 0.0282, 1
1.435856, -118.4900, 125, POINT, K, VKLTPLCVTLNCTNVTNNITD-------------------------------------DMRGELKN----CSFNT-T-TE--LRD-KK-QKV-YSLF-YRLDVVQINENQGNNSNNS--------K---------------------------------NKEYRLI---NCNTSAI-T---QA, 1.6174, 1
1.472916, -118.4999, 109, POINT, N, VKLTPLCVTLNCTNVTNNITD-------------------------------------DMRGELKN----CSFNT-T-TE--LRD-KK-QKV-YSLF-YRLDVVQINENNGNNSNNS--------K---------------------------------NKEYRLI---NCNTSAI-T---QA, 1.6178, 0
1.445744, 65.8178, 143, POINT, K, VKLTPLCVTLNCTNVTNNITD-------------------------------------DMRGELKN----CSFNT-T-TE--LRD-KK-QKV-YSLF-YRLDVVQINENQGNNSNNS--------S-----------------E---------------SKEYRLI---NCNTSAI-T---QA, 2.5805, 0
1.450489, 211.4340, 144, POINT, K, VKLTPLCVTLNCTNVTNNITD-------------------------------------DMRGELKN----CSFNT-T-TE--LRD-KK-QKV-YSLF-YRLDVVQINENQGNNSNNS--------D------------------T--------------SKEYRLI---NCNTSAI-T---QA, 2.5898, 0
1.472916, -118.5200, 109, POINT, N, VKLTPLCVTLNCTNVTNNITD-------------------------------------DMRGELKN----CSFNT-T-TE--LRD-KK-QKV-YSLF-YRLDVVQINENNGNNSNNS--------K---------------------------------NKEYRLI---NCNTSAI-T---QA, 1.6170, 0
1.427243, -111.4513, 138, POINT, K, VKLTPLCVTLNCTNVTNNITD-------------------------------------DMRGELKN----CSFNT-T-TE--LRD-KK-QKV-YSLF-YRLDVVQINENQGNNSNNE---------------------S--------------------TKEYRLI---NCNTSAI-T---QA, 1.6147, 0
1.433561, 2582.7887, 158, POINT, K, VKLTPLCVTLNCTNVTNNITD-------------------------------------DMRGELKN----CSFNT-T-TE--LRD-KK-QKV-YSLF-YRLDVVQINENQGNNSNNS-----------------------------------------VNKEYRLI---NCNTSAI-T---QA, 1.6608, 0
1.435856, -117.9703, 150, POINT, K, VKLTPLCVTLNCTNVTNNITD-------------------------------------DMRGELKN----CSFNT-T-TE--LRD-KK-QKV-YSLF-YRLDVVQINENQGNNSNNS---------------------------------K--------NKEYRLI---NCNTSAI-T---QA, 1.6173, 1
1.444343, 957.0986, 151, POINT, K, VKLTPLCVTLNCTNVTNNITD-------------------------------------DMRGELKN----CSFNT-T-TE--LRD-KK-QKV-YSLF-YRLDVVQINENQGNNSNNS---------------------------------NV-------KKEYRLI---NCNTSAI-T---QA, 2.6139, 0
1.504365, -105.7248, 22, POINT, M, VKLTPLCVTLNCTNVTNNITN-N-----------------------------------SMRGELKN----CSFNT-T-TE--LRD-KK-QKV-YSLF-YRLDVVQINENQGNNSNNS---------------------------------K--------NKEYRLI---NCNTSAI-T---QA, 3.8132, 0
1.466155, -104.9797, 40, POINT, M, VKLTPLCVTLNCTNVTNNITN-------------------D-----------------KMRGELKN----CSFNT-T-TE--LRD-KK-QKV-YSLF-YRLDVVQINENQGNNSNNS---------------------------------K--------NKEYRLI---NCNTSAI-T---QA, 3.8107, 0
1.424044, -35.1789, 118, POINT, N, VKLTPLCVTLNCTNVTNNITD-------------------------------------DMRGELKN----CSFNT-T-TE--LRD-KK-QKV-YSLF-YRLDVVQINENQGNNSNND-K-------------------------------R--------NKEYRLI---NCNTSAI-T---QA, 2.6191, 0
1.456248, -129.3047, 110, POINT, N, VKLTPLCVTLNCTNVTNNITD-------------------------------------DMRGELKN----CSFNT-T-TE--LRD-KK-QKV-YSLF-YRLDVVQINENQNNNSNNS------------------------------------------NKEYRLI---NCNTSAI-T---QA, 0.0282, 1
1.461961, -121.3208, 151, POINT, K, VKLTPLCVTLNCTNVTNNITD-------------------------------------DMRGELKN----CSFNT-T-TE--LRD-KK-QKV-YSLF-YRLDVVQINENQNNNSNNS----------------------------------K-------TKEYRLI---NCNTSAI-T---QA, 1.6139, 1
1.477176, -109.7855, 123, POINT, T, VKLTPLCVTLNCTNVTNNITD-------------------------------------DMRGELKN----CSFNT-T-TE--LRD-KK-QKV-YSLF-YRLDVVQINENQNNNSNND------K---------------------------T-------TKEYRLI---NCNTSAI-T---QA, 2.6498, 0
1.500646, -119.8868, 109, POINT, T, VKLTPLCVTLNCTNVTNNITD-------------------------------------DMRGELKN----CSFNT-T-TE--LRD-KK-QKV-YSLF-YRLDVVQINENTNNNSNNS----------------------------------K-------TKEYRLI---NCNTSAI-T---QA, 1.6139, 0
1.477176, -106.9666, 122, POINT, T, VKLTPLCVTLNCTNVTNNITD-------------------------------------DMRGELKN----CSFNT-T-TE--LRD-KK-QKV-YSLF-YRLDVVQINENQNNNSNND-----K----------------------------T-------TKEYRLI---NCNTSAI-T---QA, 2.6460, 0
1.466226, -93.1659, 119, POINT, T, VKLTPLCVTLNCTNVTNNITD-------------------------------------DMRGELKN----CSFNT-T-TE--LRD-KK-QKV-YSLF-YRLDVVQINENQNNNSNND--K-------------------------------S-------TKEYRLI---NCNTSAI-T---QA, 2.6598, 0
1.465578, 2580.5475, 121, POINT, K, VKLTPLCVTLNCTNVTNNITD-------------------------------------DMRGELKN----CSFNT-T-TE--LRD-KK-QKV-YSLF-YRLDVVQINENQNNNSNNS----V-------------------------------------NKEYRLI---NCNTSAI-T---QA, 1.6596, 0
1.461640, -120.4474, 118, POINT, K, VKLTPLCVTLNCTNVTNNITD-------------------------------------DMRGELKN----CSFNT-T-TE--LRD-KK-QKV-YSLF-YRLDVVQINENQNNNSNNS-S----------------------------------------KKEYRLI---NCNTSAI-T---QA, 1.6182, 0
1.461977, 90.0237, 151, POINT, K, VKLTPLCVTLNCTNVTNNITD-------------------------------------DMRGELKN----CSFNT-T-TE--LRD-KK-QKV-YSLF-YRLDVVQINENQNNNSNNS----------------------------------D-------TKEYRLI---NCNTSAI-T---QA, 1.6264, 0
1.495105, -129.2811, 109, POINT, N, VKLTPLCVTLNCTNVTNNITD-------------------------------------DMRGELKN----CSFNT-T-TE--LRD-KK-QKV-YSLF-YRLDVVQINENNNNNSNNS------------------------------------------NKEYRLI---NCNTSAI-T---QA, 0.0282, 0
1.434436, 32.1612, 158, POINT, K, VKLTPLCVTLNCTNVTNNITD-------------------------------------DMRGELKN----CSFNT-T-TE--LRD-KK-QKV-YSLF-YRLDVVQINENQGNNSNNK-----------------------------------------TSKEYRLI---NCNTSAI-T---QA, 1.6282, 0
1.460492, -72.8252, 158, POINT, K, VKLTPLCVTLNCTNVTNNITD-------------------------------------DMRGELKN----CSFNT-T-TE--LRD-KK-QKV-YSLF-YRLDVVQINENQGNNSNNT-----------------------------------------STKEYRLI---NCNTSAI-T---QA, 1.6156, 0
1.433561, 2584.9265, 152, POINT, K, VKLTPLCVTLNCTNVTNNITD-------------------------------------DMRGELKN----CSFNT-T-TE--LRD-KK-QKV-YSLF-YRLDVVQINENQGNNSNNS-----------------------------------V------NKEYRLI---NCNTSAI-T---QA, 1.6529, 0
1.433561, 2581.0845, 154, POINT, K, VKLTPLCVTLNCTNVTNNITD-------------------------------------DMRGELKN----CSFNT-T-TE--LRD-KK-QKV-YSLF-YRLDVVQINENQGNNSNNS-------------------------------------V----NKEYRLI---NCNTSAI-T---QA, 1.6553, 0
1.395736, -92.6001, 131, POINT, K, VKLTPLCVTLNCTNVTNNITD-------------------------------------DMRGELKN----CSFNT-T-TE--LRD-KK-QKV-YSLF-YRLDVVQINENQGNRSNNS--------------N---------------------------RKEYRLI---NCNTSAI-T---QA, 1.6422, 0
1.397783, -119.3236, 118, POINT, K, VKLTPLCVTLNCTNVTNNITD-------------------------------------DMRGELKN----CSFNT-T-TE--LRD-KK-QKV-YSLF-YRLDVVQINENQGNRSNNS-S----------------------------------------KKEYRLI---NCNTSAI-T---QA, 1.6159, 0
1.401589, 2582.1855, 128, POINT, K, VKLTPLCVTLNCTNVTNNITD-------------------------------------DMRGELKN----CSFNT-T-TE--LRD-KK-QKV-YSLF-YRLDVVQINENQGNRSNNS-----------V------------------------------NKEYRLI---NCNTSAI-T---QA, 1.6510, 0
1.431540, -82.3200, 137, POINT, K, VKLTPLCVTLNCTNVTNNITD-------------------------------------DMRGELKN----CSFNT-T-TE--LRD-KK-QKV-YSLF-YRLDVVQINENQGNRSNNT--------------------T---------------------SKEYRLI---NCNTSAI-T---QA, 1.6314, 0
1.392918, -127.4195, 74, POINT, T, VKLTPLCVTLNCTNVTNNITD-------------------------------------DMRGELKN----CSFNT-T-TE--LRD-KK-QKV-YSLF-YRLDVVQINENQGNRSNNS------------------------------------------NKEYRLI---NCNTSAI-T---QA, 0.0393, 1
1.373510, -114.7152, 158, POINT, K, VKLTPLCVTLNCTNVTNNITD-------------------------------------DMRGELKN----CSFNT-T-TE--LRD-KK-QKV-YSLF-YRLDVVQINENQGNRSNNS-----------------------------------------KQKEYRLI---NCNTSAI-T---QA, 1.6228, 0
1.397783, -115.3291, 158, POINT, K, VKLTPLCVTLNCTNVTNNITD-------------------------------------DMRGELKN----CSFNT-T-TE--LRD-KK-QKV-YSLF-YRLDVVQINENQGNRSNNS-----------------------------------------SKKEYRLI---NCNTSAI-T---QA, 1.6205, 0
1.376459, -88.3382, 120, POINT, K, VKLTPLCVTLNCTNVTNNITD-------------------------------------DMRGELKN----CSFNT-T-TE--LRD-KK-QKV-YSLF-YRLDVVQINENQGNRSNNN---D--------------------------------------QKEYRLI---NCNTSAI-T---QA, 1.6145, 0
1.373510, -119.3774, 158, POINT, K, VKLTPLCVTLNCTNVTNNITD-------------------------------------DMRGELKN----CSFNT-T-TE--LRD-KK-QKV-YSLF-YRLDVVQINENQGNRSNNS-----------------------------------------KQKEYRLI---NCNTSAI-T---QA, 1.6129, 0
1.395878, -131.6218, 109, POINT, N, VKLTPLCVTLNCTNVTNNITD-------------------------------------DMRGELKN----CSFNM-T-TE--LRD-KK-QKV-YSLF-YRLDVVQINENNGNRSNNS------------------------------------------NKEYRLI---NCNTSAI-T---QA, 0.0385, 1
1.405383, -6.8843, 137, POINT, K, VKLTPLCVTLNCTNVTNNITD-------------------------------------DMRGELKN----CSFNM-T-TE--LRD-KK-QKV-YSLF-YRLDVVQINENNGNRSNNT--------------------Q---------------------TKEYRLI---NCNTSAI-T---QA, 1.6191, 0
1.393391, -118.5526, 128, POINT, K, VKLTPLCVTLNCTNVTNNITD-------------------------------------DMRGELKN----CSFNM-T-TE--LRD-KK-QKV-YSLF-YRLDVVQINENNGNRSNNS-----------K------------------------------SKEYRLI---NCNTSAI-T---QA, 1.6105, 0
1.400633, -121.7857, 153, POINT, K, VKLTPLCVTLNCTNVTNNITD-------------------------------------DMRGELKN----CSFNM-T-TE--LRD-KK-QKV-YSLF-YRLDVVQINENNGNRSNNS------------------------------------S-----KKEYRLI---NCNTSAI-T---QA, 1.6152, 0
1.404138, 2584.0509, 119, POINT, K, VKLTPLCVTLNCTNVTNNITD-------------------------------------DMRGELKN----CSFNM-T-TE--LRD-KK-QKV-YSLF-YRLDVVQINENNGNRSNNS--V---------------------------------------NKEYRLI---NCNTSAI-T---QA, 1.6537, 0
1.399817, -85.7813, 137, POINT, K, VKLTPLCVTLNCTNVTNNITD-------------------------------------DMRGELKN----CSFNM-T-TE--LRD-KK-QKV-YSLF-YRLDVVQINENQGNRSNNT--------------------T---------------------SKEYRLI---NCNTSAI-T---QA, 1.6291, 0
1.348901, -76.3040, 128, POINT, K, VKLTPLCVTLNCTNVTNNITD-------------------------------------DMRGELKN----CSFNM-T-TE--LRD-KK-QKV-YSLF-YRLDVVQINENQGNRSNND-----------S------------------------------KKEYRLI---NCNTSAI-T---QA, 1.6791, 0
1.341562, 47.0785, 128, POINT, K, VKLTPLCVTLNCTNVTNNITD-------------------------------------DMRGELKN----CSFNM-T-TE--LRD-KK-QKV-YSLF-YRLDVVQINENQGNRSNNK-----------K------------------------------KKEYRLI---NCNTSAI-T---QA, 1.6148, 0
1.358936, -38.9196, 128, POINT, K, VKLTPLCVTLNCTNVTNNITD-------------------------------------DMRGELKN----CSFNM-T-TE--LRD-KK-QKV-YSLF-YRLDVVQINENQGNRSNNS-----------K------------------------------SKEYRLI---NCNTSAI-T---QA, 1.6205, 0
