Name base = V1V2_200_sq_3_4_ni
Iters = 200
Soft coverage = 1.31203964383
Energy = -130.22579391
Hard Covereage = 0.0368019545157
Num epitopes = 65
Initial seq = VKLTPLCVTLQCTNVTNNITD-------------------------------------DMRGELKN----CSFNM-T-TE--LRD-KK-QKV-YSLF-YRLDVVQINENQGNRSNNS------------------------------------------NKEYRLI---NCNTSAI-T---QA
-------START OF DATA------
1.346722, -130.4651, [109], CHUNK, ['N'], VKLTPLCVTLQCTNVTNNITD-------------------------------------DMRGELKN----CSFNM-T-TE--LRD-KK-QKV-YSLF-YRLDVVQINENNGNRSNNS------------------------------------------NKEYRLI---NCNTSAI-T---QA, 0.0777, 1
1.389658, -129.5793, [160, 161], CHUNK, ['T', 'S'], VKLTPLCVTLQCTNVTNNITD-------------------------------------DMRGELKN----CSFNM-T-TE--LRD-KK-QKV-YSLF-YRLDVVQINENNGNRSNNS------------------------------------------NTSYRLI---NCNTSAI-T---QA, 0.0777, 1
1.404360, -127.3821, [174], CHUNK, ['T'], VKLTPLCVTLQCTNVTNNITD-------------------------------------DMRGELKN----CSFNM-T-TE--LRD-KK-QKV-YSLF-YRLDVVQINENNGNRSNNS------------------------------------------NTSYRLI---NCNTSTI-T---QA, 0.0777, 1
1.424799, -124.5872, 20, POINT, T, VKLTPLCVTLQCTNVTNNITT-------------------------------------DMRGELKN----CSFNM-T-TE--LRD-KK-QKV-YSLF-YRLDVVQINENNGNRSNNS------------------------------------------NTSYRLI---NCNTSTI-T---QA, 0.1132, 1
1.433242, -125.2044, [84], CHUNK, ['N'], VKLTPLCVTLQCTNVTNNITT-------------------------------------DMRGELKN----CSFNM-T-TE--LRN-KK-QKV-YSLF-YRLDVVQINENNGNRSNNS------------------------------------------NTSYRLI---NCNTSTI-T---QA, 0.1132, 0
1.441965, -85.1515, 74, POINT, I, VKLTPLCVTLQCTNVTNNITT-------------------------------------DMRGELKN----CSFNI-T-TE--LRD-KK-QKV-YSLF-YRLDVVQINENNGNRSNNS------------------------------------------NTSYRLI---NCNTSTI-T---QA, 0.3556, 0
1.441480, -119.5936, 60, POINT, T, VKLTPLCVTLQCTNVTNNITT-------------------------------------DMTGELKN----CSFNM-T-TE--LRD-KK-QKV-YSLF-YRLDVVQINENNGNRSNNS------------------------------------------NTSYRLI---NCNTSTI-T---QA, 0.1132, 0
1.457053, -123.5871, [107, 109], CHUNK, ['N', 'T'], VKLTPLCVTLQCTNVTNNITT-------------------------------------DMRGELKN----CSFNM-T-TE--LRD-KK-QKV-YSLF-YRLDVVQINNNTGNRSNNS------------------------------------------NTSYRLI---NCNTSTI-T---QA, 0.1132, 1
1.474502, -121.5661, [99], CHUNK, ['T'], VKLTPLCVTLQCTNVTNNITT-------------------------------------DMRGELKN----CSFNM-T-TE--LRD-KK-QKV-YSLF-YTLDVVQINNNTGNRSNNS------------------------------------------NTSYRLI---NCNTSTI-T---QA, 0.1132, 0
1.478968, -122.0551, 18, POINT, T, VKLTPLCVTLQCTNVTNNTTT-------------------------------------DMRGELKN----CSFNM-T-TE--LRD-KK-QKV-YSLF-YRLDVVQINNNTGNRSNNS------------------------------------------NTSYRLI---NCNTSTI-T---QA, 0.1132, 0
1.491808, -125.0277, 110, POINT, N, VKLTPLCVTLQCTNVTNNITT-------------------------------------DMRGELKN----CSFNM-T-TE--LRD-KK-QKV-YSLF-YRLDVVQINNNTNNRSNNS------------------------------------------NTSYRLI---NCNTSTI-T---QA, 0.1132, 1
1.507539, -108.4974, [74], CHUNK, ['V'], VKLTPLCVTLQCTNVTNNITT-------------------------------------DMRGELKN----CSFNV-T-TE--LRD-KK-QKV-YSLF-YRLDVVQINNNTNNRSNNS------------------------------------------NTSYRLI---NCNTSTI-T---QA, 0.2996, 0
1.508973, -94.8815, 74, POINT, I, VKLTPLCVTLQCTNVTNNITT-------------------------------------DMRGELKN----CSFNI-T-TE--LRD-KK-QKV-YSLF-YRLDVVQINNNTNNRSNNS------------------------------------------NTSYRLI---NCNTSTI-T---QA, 0.1465, 0
1.540964, -124.9399, [10], CHUNK, ['N'], VKLTPLCVTLNCTNVTNNITT-------------------------------------DMRGELKN----CSFNM-T-TE--LRD-KK-QKV-YSLF-YRLDVVQINNNTNNRSNNS------------------------------------------NTSYRLI---NCNTSTI-T---QA, 0.1132, 1
1.558129, -73.3962, 74, POINT, I, VKLTPLCVTLNCTNVTNNITT-------------------------------------DMRGELKN----CSFNI-T-TE--LRD-KK-QKV-YSLF-YRLDVVQINNNTNNRSNNS------------------------------------------NTSYRLI---NCNTSTI-T---QA, 0.3090, 0
1.555164, -127.1332, 163, POINT, T, VKLTPLCVTLNCTNVTNNITT-------------------------------------DMRGELKN----CSFNM-T-TE--LRD-KK-QKV-YSLF-YRLDVVQINNNTNNRSNNS------------------------------------------NTSYTLI---NCNTSTI-T---QA, 0.0946, 0
1.555164, -126.8254, 163, POINT, T, VKLTPLCVTLNCTNVTNNITT-------------------------------------DMRGELKN----CSFNM-T-TE--LRD-KK-QKV-YSLF-YRLDVVQINNNTNNRSNNS------------------------------------------NTSYTLI---NCNTSTI-T---QA, 0.1193, 1
1.561776, -125.0292, [99], CHUNK, ['K'], VKLTPLCVTLNCTNVTNNITT-------------------------------------DMRGELKN----CSFNM-T-TE--LRD-KK-QKV-YSLF-YKLDVVQINNNTNNRSNNS------------------------------------------NTSYTLI---NCNTSTI-T---QA, 0.1193, 0
1.571358, -126.6698, 60, POINT, N, VKLTPLCVTLNCTNVTNNITT-------------------------------------DMNGELKN----CSFNM-T-TE--LRD-KK-QKV-YSLF-YRLDVVQINNNTNNRSNNS------------------------------------------NTSYTLI---NCNTSTI-T---QA, 0.1193, 1
1.588523, -77.0511, [74], CHUNK, ['I'], VKLTPLCVTLNCTNVTNNITT-------------------------------------DMNGELKN----CSFNI-T-TE--LRD-KK-QKV-YSLF-YRLDVVQINNNTNNRSNNS------------------------------------------NTSYTLI---NCNTSTI-T---QA, 0.3061, 0
1.587089, -110.2402, 74, POINT, V, VKLTPLCVTLNCTNVTNNITT-------------------------------------DMNGELKN----CSFNV-T-TE--LRD-KK-QKV-YSLF-YRLDVVQINNNTNNRSNNS------------------------------------------NTSYTLI---NCNTSTI-T---QA, 0.1541, 0
1.576211, -127.0733, 90, POINT, N, VKLTPLCVTLNCTNVTNNITT-------------------------------------DMNGELKN----CSFNM-T-TE--LRD-KK-QNV-YSLF-YRLDVVQINNNTNNRSNNS------------------------------------------NTSYTLI---NCNTSTI-T---QA, 0.1193, 0
1.588523, -67.6732, 74, POINT, I, VKLTPLCVTLNCTNVTNNITT-------------------------------------DMNGELKN----CSFNI-T-TE--LRD-KK-QKV-YSLF-YRLDVVQINNNTNNRSNNS------------------------------------------NTSYTLI---NCNTSTI-T---QA, 0.5215, 0
1.574663, -126.1017, [79], CHUNK, ['N'], VKLTPLCVTLNCTNVTNNITT-------------------------------------DMRGELKN----CSFNM-T-TN--LRD-KK-QKV-YSLF-YRLDVVQINNNTNNRSNNS------------------------------------------NTSYTLI---NCNTSTI-T---QA, 0.1193, 1
1.581340, -126.4117, 86, POINT, T, VKLTPLCVTLNCTNVTNNITT-------------------------------------DMRGELKN----CSFNM-T-TN--LRD-TK-QKV-YSLF-YRLDVVQINNNTNNRSNNS------------------------------------------NTSYTLI---NCNTSTI-T---QA, 0.1249, 0
1.594367, -87.7772, [74], CHUNK, ['I'], VKLTPLCVTLNCTNVTNNITT-------------------------------------DMRGELKN----CSFNI-T-TN--LRD-KK-QKV-YSLF-YRLDVVQINNNTNNRSNNS------------------------------------------NTSYTLI---NCNTSTI-T---QA, 0.3900, 0
1.592453, -108.8883, 74, POINT, V, VKLTPLCVTLNCTNVTNNITT-------------------------------------DMRGELKN----CSFNV-T-TN--LRD-KK-QKV-YSLF-YRLDVVQINNNTNNRSNNS------------------------------------------NTSYTLI---NCNTSTI-T---QA, 0.1650, 0
1.607786, -126.6337, [112, 113], CHUNK, ['S', 'N'], VKLTPLCVTLNCTNVTNNITT-------------------------------------DMRGELKN----CSFNM-T-TN--LRD-KK-QKV-YSLF-YRLDVVQINNNTNNSNNNS------------------------------------------NTSYTLI---NCNTSTI-T---QA, 0.1193, 1
1.613780, -14.9674, 82, POINT, I, VKLTPLCVTLNCTNVTNNITT-------------------------------------DMRGELKN----CSFNM-T-TN--IRD-KK-QKV-YSLF-YRLDVVQINNNTNNSNNNS------------------------------------------NTSYTLI---NCNTSTI-T---QA, 0.2066, 0
1.633706, -124.2817, 18, POINT, N, VKLTPLCVTLNCTNVTNNNTT-------------------------------------DMRGELKN----CSFNM-T-TN--LRD-KK-QKV-YSLF-YRLDVVQINNNTNNSNNNS------------------------------------------NTSYTLI---NCNTSTI-T---QA, 0.1193, 0
1.625576, -110.8001, [74], CHUNK, ['V'], VKLTPLCVTLNCTNVTNNITT-------------------------------------DMRGELKN----CSFNV-T-TN--LRD-KK-QKV-YSLF-YRLDVVQINNNTNNSNNNS------------------------------------------NTSYTLI---NCNTSTI-T---QA, 0.3754, 0
1.608585, -124.1157, 71, POINT, T, VKLTPLCVTLNCTNVTNNITT-------------------------------------DMRGELKN----CTFNM-T-TN--LRD-KK-QKV-YSLF-YRLDVVQINNNTNNSNNNS------------------------------------------NTSYTLI---NCNTSTI-T---QA, 0.1193, 0
1.594367, -80.9964, 74, POINT, I, VKLTPLCVTLNCTNVTNNITT-------------------------------------DMRGELKN----CSFNI-T-TN--LRD-KK-QKV-YSLF-YRLDVVQINNNTNNRSNNS------------------------------------------NTSYTLI---NCNTSTI-T---QA, 0.3473, 0
1.588584, -124.1357, 105, POINT, N, VKLTPLCVTLNCTNVTNNITT-------------------------------------DMRGELKN----CSFNM-T-TN--LRD-KK-QKV-YSLF-YRLDVVQNNNNTNNRSNNS------------------------------------------NTSYTLI---NCNTSTI-T---QA, 0.1193, 1
1.608287, -73.3488, [74], CHUNK, ['I'], VKLTPLCVTLNCTNVTNNITT-------------------------------------DMRGELKN----CSFNI-T-TN--LRD-KK-QKV-YSLF-YRLDVVQNNNNTNNRSNNS------------------------------------------NTSYTLI---NCNTSTI-T---QA, 0.3106, 0
1.593404, -124.3807, [104], CHUNK, ['P'], VKLTPLCVTLNCTNVTNNITT-------------------------------------DMRGELKN----CSFNM-T-TN--LRD-KK-QKV-YSLF-YRLDVVPNNNNTNNRSNNS------------------------------------------NTSYTLI---NCNTSTI-T---QA, 0.1193, 1
1.611194, -108.6432, 74, POINT, V, VKLTPLCVTLNCTNVTNNITT-------------------------------------DMRGELKN----CSFNV-T-TN--LRD-KK-QKV-YSLF-YRLDVVPNNNNTNNRSNNS------------------------------------------NTSYTLI---NCNTSTI-T---QA, 0.1971, 0
1.603030, -123.0340, 18, POINT, S, VKLTPLCVTLNCTNVTNNSTT-------------------------------------DMRGELKN----CSFNM-T-TN--LRD-KK-QKV-YSLF-YRLDVVPNNNNTNNRSNNS------------------------------------------NTSYTLI---NCNTSTI-T---QA, 0.1193, 1
1.604368, -123.0183, 182, POINT, T, VKLTPLCVTLNCTNVTNNSTT-------------------------------------DMRGELKN----CSFNM-T-TN--LRD-KK-QKV-YSLF-YRLDVVPNNNNTNNRSNNS------------------------------------------NTSYTLI---NCNTSTI-T---QT, 0.1210, 1
1.624072, -72.8036, [74], CHUNK, ['I'], VKLTPLCVTLNCTNVTNNSTT-------------------------------------DMRGELKN----CSFNI-T-TN--LRD-KK-QKV-YSLF-YRLDVVPNNNNTNNRSNNS------------------------------------------NTSYTLI---NCNTSTI-T---QT, 0.4211, 0
1.610527, -121.0928, 99, POINT, K, VKLTPLCVTLNCTNVTNNSTT-------------------------------------DMRGELKN----CSFNM-T-TN--LRD-KK-QKV-YSLF-YKLDVVPNNNNTNNRSNNS------------------------------------------NTSYTLI---NCNTSTI-T---QT, 0.1210, 1
1.662722, -118.9565, [58, 59, 60], CHUNK, ['T', 'T', 'E'], VKLTPLCVTLNCTNVTNNSTT-------------------------------------TTEGELKN----CSFNM-T-TN--LRD-KK-QKV-YSLF-YKLDVVPNNNNTNNRSNNS------------------------------------------NTSYTLI---NCNTSTI-T---QT, 0.1210, 1
1.674625, -117.3392, [165], CHUNK, ['T'], VKLTPLCVTLNCTNVTNNSTT-------------------------------------TTEGELKN----CSFNM-T-TN--LRD-KK-QKV-YSLF-YKLDVVPNNNNTNNRSNNS------------------------------------------NTSYTLT---NCNTSTI-T---QT, 0.1158, 1
1.684529, -116.8235, [89, 90], CHUNK, ['K', 'T'], VKLTPLCVTLNCTNVTNNSTT-------------------------------------TTEGELKN----CSFNM-T-TN--LRD-KK-KTV-YSLF-YKLDVVPNNNNTNNRSNNS------------------------------------------NTSYTLT---NCNTSTI-T---QT, 0.1158, 1
1.695463, -120.4654, 20, POINT, N, VKLTPLCVTLNCTNVTNNSTN-------------------------------------TTEGELKN----CSFNM-T-TN--LRD-KK-KTV-YSLF-YKLDVVPNNNNTNNRSNNS------------------------------------------NTSYTLT---NCNTSTI-T---QT, 0.1163, 0
1.697051, -113.6761, [12, 14], CHUNK, ['S', 'N'], VKLTPLCVTLNCSNNTNNSTT-------------------------------------TTEGELKN----CSFNM-T-TN--LRD-KK-KTV-YSLF-YKLDVVPNNNNTNNRSNNS------------------------------------------NTSYTLT---NCNTSTI-T---QT, 0.1158, 0
1.702621, -96.5471, [60, 61], CHUNK, ['T', 'A'], VKLTPLCVTLNCTNVTNNSTT-------------------------------------TTTAELKN----CSFNM-T-TN--LRD-KK-KTV-YSLF-YKLDVVPNNNNTNNRSNNS------------------------------------------NTSYTLT---NCNTSTI-T---QT, 0.1158, 0
1.696135, -114.2239, 84, POINT, T, VKLTPLCVTLNCTNVTNNSTT-------------------------------------TTEGELKN----CSFNM-T-TN--LRT-KK-KTV-YSLF-YKLDVVPNNNNTNNRSNNS------------------------------------------NTSYTLT---NCNTSTI-T---QT, 0.1296, 0
1.676892, -114.1022, 14, POINT, I, VKLTPLCVTLNCTNITNNSTT-------------------------------------TTEGELKN----CSFNM-T-TN--LRD-KK-QKV-YSLF-YKLDVVPNNNNTNNRSNNS------------------------------------------NTSYTLT---NCNTSTI-T---QT, 0.1158, 0
1.680618, -34.4845, 82, POINT, I, VKLTPLCVTLNCTNVTNNSTT-------------------------------------TTEGELKN----CSFNM-T-TN--IRD-KK-QKV-YSLF-YKLDVVPNNNNTNNRSNNS------------------------------------------NTSYTLT---NCNTSTI-T---QT, 0.3215, 0
1.701276, -97.1883, [60, 61], CHUNK, ['K', 'N'], VKLTPLCVTLNCTNVTNNSTT-------------------------------------TTKNELKN----CSFNM-T-TN--LRD-KK-QKV-YSLF-YKLDVVPNNNNTNNRSNNS------------------------------------------NTSYTLT---NCNTSTI-T---QT, 0.1158, 0
1.694329, -78.1082, 74, POINT, I, VKLTPLCVTLNCTNVTNNSTT-------------------------------------TTEGELKN----CSFNI-T-TN--LRD-KK-QKV-YSLF-YKLDVVPNNNNTNNRSNNS------------------------------------------NTSYTLT---NCNTSTI-T---QT, 0.3139, 0
1.682426, -73.8274, 74, POINT, I, VKLTPLCVTLNCTNVTNNSTT-------------------------------------TTEGELKN----CSFNI-T-TN--LRD-KK-QKV-YSLF-YKLDVVPNNNNTNNRSNNS------------------------------------------NTSYTLI---NCNTSTI-T---QT, 0.3906, 0
1.684528, -102.3760, 61, POINT, N, VKLTPLCVTLNCTNVTNNSTT-------------------------------------TTENELKN----CSFNM-T-TN--LRD-KK-QKV-YSLF-YKLDVVPNNNNTNNRSNNS------------------------------------------NTSYTLI---NCNTSTI-T---QT, 0.1215, 0
1.666672, -118.1074, 19, POINT, N, VKLTPLCVTLNCTNVTNNSNT-------------------------------------TTEGELKN----CSFNM-T-TN--LRD-KK-QKV-YSLF-YKLDVVPNNNNTNNRSNNS------------------------------------------NTSYTLI---NCNTSTI-T---QT, 0.1210, 1
1.700812, -113.7103, 74, POINT, T, VKLTPLCVTLNCTNVTNNSNT-------------------------------------TTEGELKN----CSFNT-T-TN--LRD-KK-QKV-YSLF-YKLDVVPNNNNTNNRSNNS------------------------------------------NTSYTLI---NCNTSTI-T---QT, 0.1210, 0
1.686376, -86.7281, [74], CHUNK, ['I'], VKLTPLCVTLNCTNVTNNSNT-------------------------------------TTEGELKN----CSFNI-T-TN--LRD-KK-QKV-YSLF-YKLDVVPNNNNTNNRSNNS------------------------------------------NTSYTLI---NCNTSTI-T---QT, 0.2912, 0
1.686376, -32.4253, [74], CHUNK, ['I'], VKLTPLCVTLNCTNVTNNSNT-------------------------------------TTEGELKN----CSFNI-T-TN--LRD-KK-QKV-YSLF-YKLDVVPNNNNTNNRSNNS------------------------------------------NTSYTLI---NCNTSTI-T---QT, 0.5307, 0
1.673311, -116.0391, 98, POINT, N, VKLTPLCVTLNCTNVTNNSNT-------------------------------------TTEGELKN----CSFNM-T-TN--LRD-KK-QKV-YSLF-NKLDVVPNNNNTNNRSNNS------------------------------------------NTSYTLI---NCNTSTI-T---QT, 0.1226, 0
1.675652, -118.8069, 18, POINT, T, VKLTPLCVTLNCTNVTNNTTT-------------------------------------TTEGELKN----CSFNM-T-TN--LRD-KK-QKV-YSLF-YKLDVVPNNNNTNNRSNNS------------------------------------------NTSYTLI---NCNTSTI-T---QT, 0.1210, 0
1.679922, -118.5023, [116], CHUNK, ['T'], VKLTPLCVTLNCTNVTNNSTT-------------------------------------TTEGELKN----CSFNM-T-TN--LRD-KK-QKV-YSLF-YKLDVVPNNNNTNNRSNNT------------------------------------------NTSYTLI---NCNTSTI-T---QT, 0.1208, 0
1.672812, -118.0936, [89, 91], CHUNK, ['K', 'E'], VKLTPLCVTLNCTNVTNNSTT-------------------------------------TTEGELKN----CSFNM-T-TN--LRD-KK-KKE-YSLF-YKLDVVPNNNNTNNRSNNS------------------------------------------NTSYTLI---NCNTSTI-T---QT, 0.1244, 0
1.679922, -119.1547, [116], CHUNK, ['T'], VKLTPLCVTLNCTNVTNNSTT-------------------------------------TTEGELKN----CSFNM-T-TN--LRD-KK-QKV-YSLF-YKLDVVPNNNNTNNRSNNT------------------------------------------NTSYTLI---NCNTSTI-T---QT, 0.1591, 0
1.629070, -98.4296, [60, 61], CHUNK, ['N', 'D'], VKLTPLCVTLNCTNVTNNSTT-------------------------------------DMNDELKN----CSFNM-T-TN--LRD-KK-QKV-YSLF-YKLDVVPNNNNTNNRSNNS------------------------------------------NTSYTLI---NCNTSTI-T---QT, 0.1200, 0
1.629774, -118.1930, [84, 86], CHUNK, ['T', 'T'], VKLTPLCVTLNCTNVTNNSTT-------------------------------------DMRGELKN----CSFNM-T-TN--LRT-TK-QKV-YSLF-YKLDVVPNNNNTNNRSNNS------------------------------------------NTSYTLI---NCNTSTI-T---QT, 0.1210, 0
1.627075, -120.4887, 103, POINT, T, VKLTPLCVTLNCTNVTNNSTT-------------------------------------DMRGELKN----CSFNM-T-TN--LRD-KK-QKV-YSLF-YKLDVTPNNNNTNNRSNNS------------------------------------------NTSYTLI---NCNTSTI-T---QT, 0.1210, 1
1.646779, -84.3436, 74, POINT, I, VKLTPLCVTLNCTNVTNNSTT-------------------------------------DMRGELKN----CSFNI-T-TN--LRD-KK-QKV-YSLF-YKLDVTPNNNNTNNRSNNS------------------------------------------NTSYTLI---NCNTSTI-T---QT, 0.5778, 0
1.646779, -79.4610, [74], CHUNK, ['I'], VKLTPLCVTLNCTNVTNNSTT-------------------------------------DMRGELKN----CSFNI-T-TN--LRD-KK-QKV-YSLF-YKLDVTPNNNNTNNRSNNS------------------------------------------NTSYTLI---NCNTSTI-T---QT, 0.2538, 0
1.629716, -120.1042, 58, POINT, K, VKLTPLCVTLNCTNVTNNSTT-------------------------------------KMRGELKN----CSFNM-T-TN--LRD-KK-QKV-YSLF-YKLDVTPNNNNTNNRSNNS------------------------------------------NTSYTLI---NCNTSTI-T---QT, 0.1210, 0
1.630412, -119.5587, 64, POINT, T, VKLTPLCVTLNCTNVTNNSTT-------------------------------------DMRGELTN----CSFNM-T-TN--LRD-KK-QKV-YSLF-YKLDVTPNNNNTNNRSNNS------------------------------------------NTSYTLI---NCNTSTI-T---QT, 0.1210, 0
1.628316, -108.5606, [74], CHUNK, ['V'], VKLTPLCVTLNCTNVTNNSTT-------------------------------------DMRGELKN----CSFNV-T-TN--LRD-KK-QKV-YSLF-YKLDVVPNNNNTNNRSNNS------------------------------------------NTSYTLI---NCNTSTI-T---QT, 0.1481, 0
1.635583, -120.8835, [110, 112], CHUNK, ['S', 'N'], VKLTPLCVTLNCTNVTNNSTT-------------------------------------DMRGELKN----CSFNM-T-TN--LRD-KK-QKV-YSLF-YKLDVVPNNNNTSNNSNNS------------------------------------------NTSYTLI---NCNTSTI-T---QT, 0.1216, 0
1.622429, -119.0745, [165], CHUNK, ['T'], VKLTPLCVTLNCTNVTNNSTT-------------------------------------DMRGELKN----CSFNM-T-TN--LRD-KK-QKV-YSLF-YKLDVVPNNNNTNNRSNNS------------------------------------------NTSYTLT---NCNTSTI-T---QT, 0.1210, 0
1.622285, -120.0749, [102, 104], CHUNK, ['I', 'S'], VKLTPLCVTLNCTNVTNNSTT-------------------------------------DMRGELKN----CSFNM-T-TN--LRD-KK-QKV-YSLF-YKLDIVSNNNNTNNRSNNS------------------------------------------NTSYTLI---NCNTSTI-T---QT, 0.1210, 1
1.637676, -119.7514, 59, POINT, S, VKLTPLCVTLNCTNVTNNSTT-------------------------------------DSRGELKN----CSFNM-T-TN--LRD-KK-QKV-YSLF-YKLDIVSNNNNTNNRSNNS------------------------------------------NTSYTLI---NCNTSTI-T---QT, 0.1210, 0
1.641988, -76.3693, [74], CHUNK, ['I'], VKLTPLCVTLNCTNVTNNSTT-------------------------------------DMRGELKN----CSFNI-T-TN--LRD-KK-QKV-YSLF-YKLDIVSNNNNTNNRSNNS------------------------------------------NTSYTLI---NCNTSTI-T---QT, 0.3837, 0
1.628971, -119.9308, 89, POINT, K, VKLTPLCVTLNCTNVTNNSTT-------------------------------------DMRGELKN----CSFNM-T-TN--LRD-KK-KKV-YSLF-YKLDIVSNNNNTNNRSNNS------------------------------------------NTSYTLI---NCNTSTI-T---QT, 0.1174, 0
1.631044, -120.6921, 84, POINT, N, VKLTPLCVTLNCTNVTNNSTT-------------------------------------DMRGELKN----CSFNM-T-TN--LRN-KK-QKV-YSLF-YKLDIVSNNNNTNNRSNNS------------------------------------------NTSYTLI---NCNTSTI-T---QT, 0.1210, 1
1.650590, -88.4924, 74, POINT, I, VKLTPLCVTLNCTNVTNNSTT-------------------------------------DMRGELKN----CSFNI-T-TN--LRN-KK-QKV-YSLF-YKLDIVSNNNNTNNRSNNS------------------------------------------NTSYTLI---NCNTSTI-T---QT, 0.5231, 0
1.641378, -120.4329, [83], CHUNK, ['S'], VKLTPLCVTLNCTNVTNNSTT-------------------------------------DMRGELKN----CSFNM-T-TN--LSN-KK-QKV-YSLF-YKLDIVSNNNNTNNRSNNS------------------------------------------NTSYTLI---NCNTSTI-T---QT, 0.1271, 1
1.661701, -3.2375, 74, POINT, I, VKLTPLCVTLNCTNVTNNSTT-------------------------------------DMRGELKN----CSFNI-T-TN--LSN-KK-QKV-YSLF-YKLDIVSNNNNTNNRSNNS------------------------------------------NTSYTLI---NCNTSTI-T---QT, 0.4248, 0
1.646328, -115.0575, 58, POINT, I, VKLTPLCVTLNCTNVTNNSTT-------------------------------------IMRGELKN----CSFNM-T-TN--LSN-KK-QKV-YSLF-YKLDIVSNNNNTNNRSNNS------------------------------------------NTSYTLI---NCNTSTI-T---QT, 0.1078, 0
1.660561, -100.6162, 61, POINT, T, VKLTPLCVTLNCTNVTNNSTT-------------------------------------DMRTELKN----CSFNM-T-TN--LSN-KK-QKV-YSLF-YKLDIVSNNNNTNNRSNNS------------------------------------------NTSYTLI---NCNTSTI-T---QT, 0.1271, 0
1.655727, -120.6177, [99], CHUNK, ['T'], VKLTPLCVTLNCTNVTNNSTT-------------------------------------DMRGELKN----CSFNM-T-TN--LSN-KK-QKV-YSLF-YTLDIVSNNNNTNNRSNNS------------------------------------------NTSYTLI---NCNTSTI-T---QT, 0.1271, 1
1.669422, -119.1671, 93, POINT, N, VKLTPLCVTLNCTNVTNNSTT-------------------------------------DMRGELKN----CSFNM-T-TN--LSN-KK-QKV-NSLF-YTLDIVSNNNNTNNRSNNS------------------------------------------NTSYTLI---NCNTSTI-T---QT, 0.1284, 1
1.677542, -118.6875, 89, POINT, K, VKLTPLCVTLNCTNVTNNSTT-------------------------------------DMRGELKN----CSFNM-T-TN--LSN-KK-KKV-NSLF-YTLDIVSNNNNTNNRSNNS------------------------------------------NTSYTLI---NCNTSTI-T---QT, 0.1284, 1
1.683289, -26.7210, 82, POINT, I, VKLTPLCVTLNCTNVTNNSTT-------------------------------------DMRGELKN----CSFNM-T-TN--ISN-KK-KKV-NSLF-YTLDIVSNNNNTNNRSNNS------------------------------------------NTSYTLI---NCNTSTI-T---QT, 0.3679, 0
1.689445, -116.6756, 165, POINT, T, VKLTPLCVTLNCTNVTNNSTT-------------------------------------DMRGELKN----CSFNM-T-TN--LSN-KK-KKV-NSLF-YTLDIVSNNNNTNNRSNNS------------------------------------------NTSYTLT---NCNTSTI-T---QT, 0.1284, 0
1.706708, -119.2818, [112, 113, 114], CHUNK, ['N', 'N', 'S'], VKLTPLCVTLNCTNVTNNSTT-------------------------------------DMRGELKN----CSFNM-T-TN--LSN-KK-KKV-NSLF-YTLDIVSNNNNTNNNNSNS------------------------------------------NTSYTLI---NCNTSTI-T---QT, 0.1185, 0
1.697340, -118.2312, [87], CHUNK, ['T'], VKLTPLCVTLNCTNVTNNSTT-------------------------------------DMRGELKN----CSFNM-T-TN--LSN-KT-KKV-NSLF-YTLDIVSNNNNTNNRSNNS------------------------------------------NTSYTLI---NCNTSTI-T---QT, 0.1284, 0
1.675208, -37.9756, 82, POINT, I, VKLTPLCVTLNCTNVTNNSTT-------------------------------------DMRGELKN----CSFNM-T-TN--ISN-KK-QKV-NSLF-YTLDIVSNNNNTNNRSNNS------------------------------------------NTSYTLI---NCNTSTI-T---QT, 0.3589, 0
1.689744, -81.3692, [74], CHUNK, ['I'], VKLTPLCVTLNCTNVTNNSTT-------------------------------------DMRGELKN----CSFNI-T-TN--LSN-KK-QKV-NSLF-YTLDIVSNNNNTNNRSNNS------------------------------------------NTSYTLI---NCNTSTI-T---QT, 0.4589, 0
1.704481, -115.0446, [74], CHUNK, ['T'], VKLTPLCVTLNCTNVTNNSTT-------------------------------------DMRGELKN----CSFNT-T-TN--LSN-KK-QKV-NSLF-YTLDIVSNNNNTNNRSNNS------------------------------------------NTSYTLI---NCNTSTI-T---QT, 0.1261, 0
1.689744, -81.2831, [74], CHUNK, ['I'], VKLTPLCVTLNCTNVTNNSTT-------------------------------------DMRGELKN----CSFNI-T-TN--LSN-KK-QKV-NSLF-YTLDIVSNNNNTNNRSNNS------------------------------------------NTSYTLI---NCNTSTI-T---QT, 0.7462, 0
1.673367, -102.7048, [74], CHUNK, ['V'], VKLTPLCVTLNCTNVTNNSTT-------------------------------------DMRGELKN----CSFNV-T-TN--LSN-KK-QKV-YSLF-YTLDIVSNNNNTNNRSNNS------------------------------------------NTSYTLI---NCNTSTI-T---QT, 0.2924, 0
1.676049, -76.2017, 74, POINT, I, VKLTPLCVTLNCTNVTNNSTT-------------------------------------DMRGELKN----CSFNI-T-TN--LSN-KK-QKV-YSLF-YTLDIVSNNNNTNNRSNNS------------------------------------------NTSYTLI---NCNTSTI-T---QT, 0.3962, 0
1.681882, -120.1179, 59, POINT, T, VKLTPLCVTLNCTNVTNNSTT-------------------------------------DTRGELKN----CSFNM-T-TN--LSN-KK-QKV-YSLF-YTLDIVSNNNNTNNRSNNS------------------------------------------NTSYTLI---NCNTSTI-T---QT, 0.1271, 0
1.684625, -113.4509, [59, 60], CHUNK, ['T', 'I'], VKLTPLCVTLNCTNVTNNSTT-------------------------------------DTIGELKN----CSFNM-T-TN--LSN-KK-QKV-YSLF-YTLDIVSNNNNTNNRSNNS------------------------------------------NTSYTLI---NCNTSTI-T---QT, 0.1271, 0
1.659018, -105.7901, [74], CHUNK, ['V'], VKLTPLCVTLNCTNVTNNSTT-------------------------------------DMRGELKN----CSFNV-T-TN--LSN-KK-QKV-YSLF-YKLDIVSNNNNTNNRSNNS------------------------------------------NTSYTLI---NCNTSTI-T---QT, 0.1898, 0
1.660816, -118.7325, [87, 89], CHUNK, ['V', 'N'], VKLTPLCVTLNCTNVTNNSTT-------------------------------------DMRGELKN----CSFNM-T-TN--LSN-KV-NKV-YSLF-YKLDIVSNNNNTNNRSNNS------------------------------------------NTSYTLI---NCNTSTI-T---QT, 0.1271, 0
1.656074, -120.2737, 86, POINT, T, VKLTPLCVTLNCTNVTNNSTT-------------------------------------DMRGELKN----CSFNM-T-TN--LSN-TK-QKV-YSLF-YKLDIVSNNNNTNNRSNNS------------------------------------------NTSYTLI---NCNTSTI-T---QT, 0.1248, 0
1.644715, -120.1847, 64, POINT, T, VKLTPLCVTLNCTNVTNNSTT-------------------------------------DMRGELTN----CSFNM-T-TN--LSN-KK-QKV-YSLF-YKLDIVSNNNNTNNRSNNS------------------------------------------NTSYTLI---NCNTSTI-T---QT, 0.1221, 0
1.635048, -119.6782, 63, POINT, I, VKLTPLCVTLNCTNVTNNSTT-------------------------------------DMRGEIKN----CSFNM-T-TN--LRN-KK-QKV-YSLF-YKLDIVSNNNNTNNRSNNS------------------------------------------NTSYTLI---NCNTSTI-T---QT, 0.1202, 1
1.663736, -117.5818, 14, POINT, N, VKLTPLCVTLNCTNNTNNSTT-------------------------------------DMRGEIKN----CSFNM-T-TN--LRN-KK-QKV-YSLF-YKLDIVSNNNNTNNRSNNS------------------------------------------NTSYTLI---NCNTSTI-T---QT, 0.1202, 0
1.651368, -119.1866, [87], CHUNK, ['T'], VKLTPLCVTLNCTNVTNNSTT-------------------------------------DMRGEIKN----CSFNM-T-TN--LRN-KT-QKV-YSLF-YKLDIVSNNNNTNNRSNNS------------------------------------------NTSYTLI---NCNTSTI-T---QT, 0.1202, 0
1.668410, -120.2012, [112, 113], CHUNK, ['S', 'N'], VKLTPLCVTLNCTNVTNNSTT-------------------------------------DMRGEIKN----CSFNM-T-TN--LRN-KK-QKV-YSLF-YKLDIVSNNNNTNNSNNNS------------------------------------------NTSYTLI---NCNTSTI-T---QT, 0.1202, 1
1.702306, -115.8005, [74], CHUNK, ['T'], VKLTPLCVTLNCTNVTNNSTT-------------------------------------DMRGEIKN----CSFNT-T-TN--LRN-KK-QKV-YSLF-YKLDIVSNNNNTNNSNNNS------------------------------------------NTSYTLI---NCNTSTI-T---QT, 0.1202, 0
1.690111, -22.9829, [82, 83], CHUNK, ['I', 'N'], VKLTPLCVTLNCTNVTNNSTT-------------------------------------DMRGEIKN----CSFNM-T-TN--INN-KK-QKV-YSLF-YKLDIVSNNNNTNNSNNNS------------------------------------------NTSYTLI---NCNTSTI-T---QT, 0.1992, 0
1.688418, -71.7067, [74], CHUNK, ['I'], VKLTPLCVTLNCTNVTNNSTT-------------------------------------DMRGEIKN----CSFNI-T-TN--LRN-KK-QKV-YSLF-YKLDIVSNNNNTNNSNNNS------------------------------------------NTSYTLI---NCNTSTI-T---QT, 0.4401, 0
1.688418, -72.0163, [74], CHUNK, ['I'], VKLTPLCVTLNCTNVTNNSTT-------------------------------------DMRGEIKN----CSFNI-T-TN--LRN-KK-QKV-YSLF-YKLDIVSNNNNTNNSNNNS------------------------------------------NTSYTLI---NCNTSTI-T---QT, 0.2996, 0
1.651352, -119.1250, 18, POINT, N, VKLTPLCVTLNCTNVTNNNTT-------------------------------------DMRGEIKN----CSFNM-T-TN--LRN-KK-QKV-YSLF-YKLDIVSNNNNTNNRSNNS------------------------------------------NTSYTLI---NCNTSTI-T---QT, 0.1202, 0
1.638596, -119.5440, 4, POINT, T, VKLTTLCVTLNCTNVTNNSTT-------------------------------------DMRGEIKN----CSFNM-T-TN--LRN-KK-QKV-YSLF-YKLDIVSNNNNTNNRSNNS------------------------------------------NTSYTLI---NCNTSTI-T---QT, 0.1202, 1
1.658604, -75.0151, 74, POINT, I, VKLTTLCVTLNCTNVTNNSTT-------------------------------------DMRGEIKN----CSFNI-T-TN--LRN-KK-QKV-YSLF-YKLDIVSNNNNTNNRSNNS------------------------------------------NTSYTLI---NCNTSTI-T---QT, 0.3508, 0
1.654900, -118.9908, 18, POINT, N, VKLTTLCVTLNCTNVTNNNTT-------------------------------------DMRGEIKN----CSFNM-T-TN--LRN-KK-QKV-YSLF-YKLDIVSNNNNTNNRSNNS------------------------------------------NTSYTLI---NCNTSTI-T---QT, 0.1202, 1
1.679906, -118.5907, 112, POINT, S, VKLTTLCVTLNCTNVTNNNTT-------------------------------------DMRGEIKN----CSFNM-T-TN--LRN-KK-QKV-YSLF-YKLDIVSNNNNTNNSSNNS------------------------------------------NTSYTLI---NCNTSTI-T---QT, 0.1202, 1
1.695339, -117.6640, 58, POINT, S, VKLTTLCVTLNCTNVTNNNTT-------------------------------------SMRGEIKN----CSFNM-T-TN--LRN-KK-QKV-YSLF-YKLDIVSNNNNTNNSSNNS------------------------------------------NTSYTLI---NCNTSTI-T---QT, 0.1202, 0
1.699914, -74.5486, [74], CHUNK, ['I'], VKLTTLCVTLNCTNVTNNNTT-------------------------------------DMRGEIKN----CSFNI-T-TN--LRN-KK-QKV-YSLF-YKLDIVSNNNNTNNSSNNS------------------------------------------NTSYTLI---NCNTSTI-T---QT, 0.3381, 0
1.685609, -116.6115, 99, POINT, N, VKLTTLCVTLNCTNVTNNNTT-------------------------------------DMRGEIKN----CSFNM-T-TN--LRN-KK-QKV-YSLF-YNLDIVSNNNNTNNSSNNS------------------------------------------NTSYTLI---NCNTSTI-T---QT, 0.1202, 0
1.696535, -105.5877, 74, POINT, V, VKLTTLCVTLNCTNVTNNNTT-------------------------------------DMRGEIKN----CSFNV-T-TN--LRN-KK-QKV-YSLF-YKLDIVSNNNNTNNSSNNS------------------------------------------NTSYTLI---NCNTSTI-T---QT, 0.2455, 0
1.674908, -93.9291, 74, POINT, I, VKLTTLCVTLNCTNVTNNNTT-------------------------------------DMRGEIKN----CSFNI-T-TN--LRN-KK-QKV-YSLF-YKLDIVSNNNNTNNRSNNS------------------------------------------NTSYTLI---NCNTSTI-T---QT, 0.4269, 0
1.688796, -114.6113, [74], CHUNK, ['T'], VKLTTLCVTLNCTNVTNNNTT-------------------------------------DMRGEIKN----CSFNT-T-TN--LRN-KK-QKV-YSLF-YKLDIVSNNNNTNNRSNNS------------------------------------------NTSYTLI---NCNTSTI-T---QT, 0.1202, 0
1.692033, -113.8446, [82, 83], CHUNK, ['T', 'N'], VKLTTLCVTLNCTNVTNNNTT-------------------------------------DMRGEIKN----CSFNM-T-TN--TNN-KK-QKV-YSLF-YKLDIVSNNNNTNNRSNNS------------------------------------------NTSYTLI---NCNTSTI-T---QT, 0.1202, 0
1.674908, -82.6590, [74], CHUNK, ['I'], VKLTTLCVTLNCTNVTNNNTT-------------------------------------DMRGEIKN----CSFNI-T-TN--LRN-KK-QKV-YSLF-YKLDIVSNNNNTNNRSNNS------------------------------------------NTSYTLI---NCNTSTI-T---QT, 0.4073, 0
1.653381, -119.3486, 59, POINT, I, VKLTTLCVTLNCTNVTNNSTT-------------------------------------DIRGEIKN----CSFNM-T-TN--LRN-KK-QKV-YSLF-YKLDIVSNNNNTNNRSNNS------------------------------------------NTSYTLI---NCNTSTI-T---QT, 0.1202, 0
1.658604, -72.1568, [74], CHUNK, ['I'], VKLTTLCVTLNCTNVTNNSTT-------------------------------------DMRGEIKN----CSFNI-T-TN--LRN-KK-QKV-YSLF-YKLDIVSNNNNTNNRSNNS------------------------------------------NTSYTLI---NCNTSTI-T---QT, 0.1821, 0
1.649472, -119.7526, 101, POINT, N, VKLTTLCVTLNCTNVTNNSTT-------------------------------------DMRGEIKN----CSFNM-T-TN--LRN-KK-QKV-YSLF-YKLNIVSNNNNTNNRSNNS------------------------------------------NTSYTLI---NCNTSTI-T---QT, 0.1202, 0
1.650498, -117.5144, [165], CHUNK, ['T'], VKLTTLCVTLNCTNVTNNSTT-------------------------------------DMRGEIKN----CSFNM-T-TN--LRN-KK-QKV-YSLF-YKLDIVSNNNNTNNRSNNS------------------------------------------NTSYTLT---NCNTSTI-T---QT, 0.1202, 0
1.635178, -116.4203, 60, POINT, L, VKLTPLCVTLNCTNVTNNSTT-------------------------------------DMLGEIKN----CSFNM-T-TN--LRN-KK-QKV-YSLF-YKLDIVSNNNNTNNRSNNS------------------------------------------NTSYTLI---NCNTSTI-T---QT, 0.1202, 0
1.651352, -119.1250, 18, POINT, N, VKLTPLCVTLNCTNVTNNNTT-------------------------------------DMRGEIKN----CSFNM-T-TN--LRN-KK-QKV-YSLF-YKLDIVSNNNNTNNRSNNS------------------------------------------NTSYTLI---NCNTSTI-T---QT, 0.1202, 0
1.668944, -115.3134, 74, POINT, T, VKLTPLCVTLNCTNVTNNSTT-------------------------------------DMRGEIKN----CSFNT-T-TN--LRN-KK-QKV-YSLF-YKLDIVSNNNNTNNRSNNS------------------------------------------NTSYTLI---NCNTSTI-T---QT, 0.1270, 0
1.642457, -119.1998, [89], CHUNK, ['K'], VKLTPLCVTLNCTNVTNNSTT-------------------------------------DMRGEIKN----CSFNM-T-TN--LRN-KK-KKV-YSLF-YKLDIVSNNNNTNNRSNNS------------------------------------------NTSYTLI---NCNTSTI-T---QT, 0.1202, 0
1.640955, -120.5265, 62, POINT, N, VKLTPLCVTLNCTNVTNNSTT-------------------------------------DMRGNLKN----CSFNM-T-TN--LRN-KK-QKV-YSLF-YKLDIVSNNNNTNNRSNNS------------------------------------------NTSYTLI---NCNTSTI-T---QT, 0.1210, 0
1.653439, -118.3074, 58, POINT, T, VKLTPLCVTLNCTNVTNNSTT-------------------------------------TMRGELKN----CSFNM-T-TN--LRN-KK-QKV-YSLF-YKLDIVSNNNNTNNRSNNS------------------------------------------NTSYTLI---NCNTSTI-T---QT, 0.1200, 0
1.653439, -118.2429, 58, POINT, T, VKLTPLCVTLNCTNVTNNSTT-------------------------------------TMRGELKN----CSFNM-T-TN--LRN-KK-QKV-YSLF-YKLDIVSNNNNTNNRSNNS------------------------------------------NTSYTLI---NCNTSTI-T---QT, 0.1147, 0
1.634592, -120.5567, 4, POINT, T, VKLTTLCVTLNCTNVTNNSTT-------------------------------------DMRGELKN----CSFNM-T-TN--LRN-KK-QKV-YSLF-YKLDIVSNNNNTNNRSNNS------------------------------------------NTSYTLI---NCNTSTI-T---QT, 0.1210, 0
