Name base = V1V2_70_sq_3_11_ni
Iters = 70
Soft coverage = 1.31203964383
Energy = -128.896375327
Hard Covereage = 0.0368019545157
Num epitopes = 65
Initial seq = VKLTPLCVTLQCTNVTNNITD-------------------------------------DMRGELKN----CSFNM-T-TE--LRD-KK-QKV-YSLF-YRLDVVQINENQGNRSNNS------------------------------------------NKEYRLI---NCNTSAI-T---QA
-------START OF DATA------
1.337751, -129.2119, 58, POINT, N, VKLTPLCVTLQCTNVTNNITD-------------------------------------NMRGELKN----CSFNM-T-TE--LRD-KK-QKV-YSLF-YRLDVVQINENQGNRSNNS------------------------------------------NKEYRLI---NCNTSAI-T---QA, 0.0000, 1
1.366050, -128.2273, 59, POINT, T, VKLTPLCVTLQCTNVTNNITD-------------------------------------NTRGELKN----CSFNM-T-TE--LRD-KK-QKV-YSLF-YRLDVVQINENQGNRSNNS------------------------------------------NKEYRLI---NCNTSAI-T---QA, 0.0000, 1
1.381101, -127.1902, 104, POINT, S, VKLTPLCVTLQCTNVTNNITD-------------------------------------NTRGELKN----CSFNM-T-TE--LRD-KK-QKV-YSLF-YRLDVVSINENQGNRSNNS------------------------------------------NKEYRLI---NCNTSAI-T---QA, 0.0000, 1
1.387685, -125.4298, 99, POINT, K, VKLTPLCVTLQCTNVTNNITD-------------------------------------NTRGELKN----CSFNM-T-TE--LRD-KK-QKV-YSLF-YKLDVVSINENQGNRSNNS------------------------------------------NKEYRLI---NCNTSAI-T---QA, 0.0287, 1
1.422825, -125.1463, 109, POINT, N, VKLTPLCVTLQCTNVTNNITD-------------------------------------NTRGELKN----CSFNM-T-TE--LRD-KK-QKV-YSLF-YKLDVVSINENNGNRSNNS------------------------------------------NKEYRLI---NCNTSAI-T---QA, 0.0287, 1
1.460955, -123.1880, [10, 14], CHUNK, ['N', 'A'], VKLTPLCVTLNCTNATNNITD-------------------------------------NTRGELKN----CSFNM-T-TE--LRD-KK-QKV-YSLF-YKLDVVSINENNGNRSNNS------------------------------------------NKEYRLI---NCNTSAI-T---QA, 0.0512, 1
1.479567, -85.8805, [60, 61, 62, 63], CHUNK, ['T', 'I', 'D', 'M'], VKLTPLCVTLNCTNATNNITD-------------------------------------NTTIDMKN----CSFNM-T-TE--LRD-KK-QKV-YSLF-YKLDVVSINENNGNRSNNS------------------------------------------NKEYRLI---NCNTSAI-T---QA, 0.0669, 0
1.503892, -122.3009, [160, 161], CHUNK, ['T', 'S'], VKLTPLCVTLNCTNATNNITD-------------------------------------NTRGELKN----CSFNM-T-TE--LRD-KK-QKV-YSLF-YKLDVVSINENNGNRSNNS------------------------------------------NTSYRLI---NCNTSAI-T---QA, 0.0512, 0
1.466277, -124.9735, 110, POINT, D, VKLTPLCVTLNCTNATNNITD-------------------------------------NTRGELKN----CSFNM-T-TE--LRD-KK-QKV-YSLF-YKLDVVSINENNDNRSNNS------------------------------------------NKEYRLI---NCNTSAI-T---QA, 0.0409, 1
1.509298, -124.1545, [160, 161], CHUNK, ['T', 'S'], VKLTPLCVTLNCTNATNNITD-------------------------------------NTRGELKN----CSFNM-T-TE--LRD-KK-QKV-YSLF-YKLDVVSINENNDNRSNNS------------------------------------------NTSYRLI---NCNTSAI-T---QA, 0.0858, 1
1.514448, -5.7600, 82, POINT, I, VKLTPLCVTLNCTNATNNITD-------------------------------------NTRGELKN----CSFNM-T-TE--IRD-KK-QKV-YSLF-YKLDVVSINENNDNRSNNS------------------------------------------NTSYRLI---NCNTSAI-T---QA, 0.2494, 0
1.536717, -81.2443, [74, 79], CHUNK, ['I', 'S'], VKLTPLCVTLNCTNATNNITD-------------------------------------NTRGELKN----CSFNI-T-TS--LRD-KK-QKV-YSLF-YKLDVVSINENNDNRSNNS------------------------------------------NTSYRLI---NCNTSAI-T---QA, 0.3812, 0
1.526463, -82.9428, 74, POINT, I, VKLTPLCVTLNCTNATNNITD-------------------------------------NTRGELKN----CSFNI-T-TE--LRD-KK-QKV-YSLF-YKLDVVSINENNDNRSNNS------------------------------------------NTSYRLI---NCNTSAI-T---QA, 0.3109, 0
1.527654, -96.6875, [14, 15, 17, 18, 19, 20], CHUNK, ['L', 'R', 'T', 'T', 'N', 'T'], VKLTPLCVTLNCTNLRNTTNT-------------------------------------NTRGELKN----CSFNM-T-TE--LRD-KK-QKV-YSLF-YKLDVVSINENNDNRSNNS------------------------------------------NTSYRLI---NCNTSAI-T---QA, 0.2565, 0
1.482008, -109.5063, 74, POINT, V, VKLTPLCVTLNCTNATNNITD-------------------------------------NTRGELKN----CSFNV-T-TE--LRD-KK-QKV-YSLF-YKLDVVSINENNDNRSNNS------------------------------------------NKEYRLI---NCNTSAI-T---QA, 0.0875, 0
1.505480, -93.4682, [74, 79], CHUNK, ['I', 'N'], VKLTPLCVTLNCTNATNNITD-------------------------------------NTRGELKN----CSFNI-T-TN--LRD-KK-QKV-YSLF-YKLDVVSINENNDNRSNNS------------------------------------------NKEYRLI---NCNTSAI-T---QA, 0.3130, 0
1.503566, -106.9662, [74, 79], CHUNK, ['V', 'N'], VKLTPLCVTLNCTNATNNITD-------------------------------------NTRGELKN----CSFNV-T-TN--LRD-KK-QKV-YSLF-YKLDVVSINENNDNRSNNS------------------------------------------NKEYRLI---NCNTSAI-T---QA, 0.2102, 0
1.493696, -101.2952, [74, 79], CHUNK, ['I', 'S'], VKLTPLCVTLNCTNATNNITD-------------------------------------NTRGELKN----CSFNI-T-TS--LRD-KK-QKV-YSLF-YKLDVVSINENNDNRSNNS------------------------------------------NKEYRLI---NCNTSAI-T---QA, 0.2728, 0
1.476686, -108.5450, [74], CHUNK, ['V'], VKLTPLCVTLNCTNATNNITD-------------------------------------NTRGELKN----CSFNV-T-TE--LRD-KK-QKV-YSLF-YKLDVVSINENNGNRSNNS------------------------------------------NKEYRLI---NCNTSAI-T---QA, 0.2930, 0
1.503892, -122.3009, [160, 161], CHUNK, ['T', 'S'], VKLTPLCVTLNCTNATNNITD-------------------------------------NTRGELKN----CSFNM-T-TE--LRD-KK-QKV-YSLF-YKLDVVSINENNGNRSNNS------------------------------------------NTSYRLI---NCNTSAI-T---QA, 0.0512, 0
1.476142, -122.5475, 161, POINT, S, VKLTPLCVTLNCTNATNNITD-------------------------------------NTRGELKN----CSFNM-T-TE--LRD-KK-QKV-YSLF-YKLDVVSINENNGNRSNNS------------------------------------------NKSYRLI---NCNTSAI-T---QA, 0.0505, 0
1.487761, -123.3242, 107, POINT, N, VKLTPLCVTLNCTNATNNITD-------------------------------------NTRGELKN----CSFNM-T-TE--LRD-KK-QKV-YSLF-YKLDVVSINNNNGNRSNNS------------------------------------------NKEYRLI---NCNTSAI-T---QA, 0.0512, 1
1.510254, -122.2167, 18, POINT, T, VKLTPLCVTLNCTNATNNTTD-------------------------------------NTRGELKN----CSFNM-T-TE--LRD-KK-QKV-YSLF-YKLDVVSINNNNGNRSNNS------------------------------------------NKEYRLI---NCNTSAI-T---QA, 0.0512, 0
1.493263, -90.8497, 61, POINT, K, VKLTPLCVTLNCTNATNNITD-------------------------------------NTRKELKN----CSFNM-T-TE--LRD-KK-QKV-YSLF-YKLDVVSINNNNGNRSNNS------------------------------------------NKEYRLI---NCNTSAI-T---QA, 0.0610, 0
1.517172, -123.9132, [161, 163], CHUNK, ['S', 'T'], VKLTPLCVTLNCTNATNNITD-------------------------------------NTRGELKN----CSFNM-T-TE--LRD-KK-QKV-YSLF-YKLDVVSINNNNGNRSNNS------------------------------------------NKSYTLI---NCNTSAI-T---QA, 0.0512, 0
1.514130, -123.6470, 20, POINT, N, VKLTPLCVTLNCTNATNNITN-------------------------------------NTRGELKN----CSFNM-T-TE--LRD-KK-QKV-YSLF-YKLDVVSINNNNGNRSNNS------------------------------------------NKEYRLI---NCNTSAI-T---QA, 0.0512, 1
1.534105, -124.3843, 161, POINT, T, VKLTPLCVTLNCTNATNNITN-------------------------------------NTRGELKN----CSFNM-T-TE--LRD-KK-QKV-YSLF-YKLDVVSINNNNGNRSNNS------------------------------------------NKTYRLI---NCNTSAI-T---QA, 0.1053, 1
1.557067, -123.5768, [160, 161], CHUNK, ['T', 'S'], VKLTPLCVTLNCTNATNNITN-------------------------------------NTRGELKN----CSFNM-T-TE--LRD-KK-QKV-YSLF-YKLDVVSINNNNGNRSNNS------------------------------------------NTSYRLI---NCNTSAI-T---QA, 0.1053, 1
1.588428, -118.9181, 60, POINT, T, VKLTPLCVTLNCTNATNNITN-------------------------------------NTTGELKN----CSFNM-T-TE--LRD-KK-QKV-YSLF-YKLDVVSINNNNGNRSNNS------------------------------------------NTSYRLI---NCNTSAI-T---QA, 0.1045, 1
1.627632, -71.6506, [74, 79], CHUNK, ['I', 'N'], VKLTPLCVTLNCTNATNNITN-------------------------------------NTTGELKN----CSFNI-T-TN--LRD-KK-QKV-YSLF-YKLDVVSINNNNGNRSNNS------------------------------------------NTSYRLI---NCNTSAI-T---QA, 0.3515, 0
1.595718, -116.2698, 98, POINT, N, VKLTPLCVTLNCTNATNNITN-------------------------------------NTTGELKN----CSFNM-T-TE--LRD-KK-QKV-YSLF-NKLDVVSINNNNGNRSNNS------------------------------------------NTSYRLI---NCNTSAI-T---QA, 0.1045, 0
1.600267, -120.9169, 14, POINT, V, VKLTPLCVTLNCTNVTNNITN-------------------------------------NTTGELKN----CSFNM-T-TE--LRD-KK-QKV-YSLF-YKLDVVSINNNNGNRSNNS------------------------------------------NTSYRLI---NCNTSAI-T---QA, 0.1045, 0
1.600267, -120.9169, 14, POINT, V, VKLTPLCVTLNCTNVTNNITN-------------------------------------NTTGELKN----CSFNM-T-TE--LRD-KK-QKV-YSLF-YKLDVVSINNNNGNRSNNS------------------------------------------NTSYRLI---NCNTSAI-T---QA, 0.1045, 0
1.567710, -108.1997, 61, POINT, S, VKLTPLCVTLNCTNATNNITN-------------------------------------NTRSELKN----CSFNM-T-TE--LRD-KK-QKV-YSLF-YKLDVVSINNNNGNRSNNS------------------------------------------NTSYRLI---NCNTSAI-T---QA, 0.1053, 1
1.582412, -106.2599, 174, POINT, T, VKLTPLCVTLNCTNATNNITN-------------------------------------NTRSELKN----CSFNM-T-TE--LRD-KK-QKV-YSLF-YKLDVVSINNNNGNRSNNS------------------------------------------NTSYRLI---NCNTSTI-T---QA, 0.0900, 0
1.599433, -104.1396, [74], CHUNK, ['T'], VKLTPLCVTLNCTNATNNITN-------------------------------------NTRSELKN----CSFNT-T-TE--LRD-KK-QKV-YSLF-YKLDVVSINNNNGNRSNNS------------------------------------------NTSYRLI---NCNTSAI-T---QA, 0.1625, 0
1.577388, -107.5183, 64, POINT, T, VKLTPLCVTLNCTNATNNITN-------------------------------------NTRSELTN----CSFNM-T-TE--LRD-KK-QKV-YSLF-YKLDVVSINNNNGNRSNNS------------------------------------------NTSYRLI---NCNTSAI-T---QA, 0.1053, 0
1.599433, -104.1232, 74, POINT, T, VKLTPLCVTLNCTNATNNITN-------------------------------------NTRSELKN----CSFNT-T-TE--LRD-KK-QKV-YSLF-YKLDVVSINNNNGNRSNNS------------------------------------------NTSYRLI---NCNTSAI-T---QA, 0.1080, 0
1.596270, -67.9000, [74, 79], CHUNK, ['I', 'N'], VKLTPLCVTLNCTNATNNITN-------------------------------------NTRGELKN----CSFNI-T-TN--LRD-KK-QKV-YSLF-YKLDVVSINNNNGNRSNNS------------------------------------------NTSYRLI---NCNTSAI-T---QA, 0.3925, 0
1.574262, -117.3646, [74, 78, 79], CHUNK, ['T', 'A', 'N'], VKLTPLCVTLNCTNATNNITN-------------------------------------NTRGELKN----CSFNT-T-AN--LRD-KK-QKV-YSLF-YKLDVVSINNNNGNRSNNS------------------------------------------NTSYRLI---NCNTSAI-T---QA, 0.1053, 0
1.568170, -123.7263, 99, POINT, T, VKLTPLCVTLNCTNATNNITN-------------------------------------NTRGELKN----CSFNM-T-TE--LRD-KK-QKV-YSLF-YTLDVVSINNNNGNRSNNS------------------------------------------NTSYRLI---NCNTSAI-T---QA, 0.1053, 0
1.558914, -123.7869, 94, POINT, A, VKLTPLCVTLNCTNATNNITN-------------------------------------NTRGELKN----CSFNM-T-TE--LRD-KK-QKV-YALF-YKLDVVSINNNNGNRSNNS------------------------------------------NTSYRLI---NCNTSAI-T---QA, 0.1051, 1
1.579058, -122.0348, 18, POINT, N, VKLTPLCVTLNCTNATNNNTN-------------------------------------NTRGELKN----CSFNM-T-TE--LRD-KK-QKV-YALF-YKLDVVSINNNNGNRSNNS------------------------------------------NTSYRLI---NCNTSAI-T---QA, 0.1051, 1
1.595030, -121.5140, 103, POINT, T, VKLTPLCVTLNCTNATNNNTN-------------------------------------NTRGELKN----CSFNM-T-TE--LRD-KK-QKV-YALF-YKLDVTSINNNNGNRSNNS------------------------------------------NTSYRLI---NCNTSAI-T---QA, 0.1051, 0
1.596223, -97.5307, [74], CHUNK, ['I'], VKLTPLCVTLNCTNATNNNTN-------------------------------------NTRGELKN----CSFNI-T-TE--LRD-KK-QKV-YALF-YKLDVVSINNNNGNRSNNS------------------------------------------NTSYRLI---NCNTSAI-T---QA, 0.2689, 0
1.602858, -28.4830, [79, 82, 87], CHUNK, ['N', 'I', 'V'], VKLTPLCVTLNCTNATNNNTN-------------------------------------NTRGELKN----CSFNM-T-TN--IRD-KV-QKV-YALF-YKLDVVSINNNNGNRSNNS------------------------------------------NTSYRLI---NCNTSAI-T---QA, 0.2011, 0
1.610780, -118.0814, [74], CHUNK, ['T'], VKLTPLCVTLNCTNATNNNTN-------------------------------------NTRGELKN----CSFNT-T-TE--LRD-KK-QKV-YALF-YKLDVVSINNNNGNRSNNS------------------------------------------NTSYRLI---NCNTSAI-T---QA, 0.1064, 0
1.562462, -123.7205, 4, POINT, T, VKLTTLCVTLNCTNATNNITN-------------------------------------NTRGELKN----CSFNM-T-TE--LRD-KK-QKV-YALF-YKLDVVSINNNNGNRSNNS------------------------------------------NTSYRLI---NCNTSAI-T---QA, 0.1051, 1
1.568144, -123.7603, 108, POINT, T, VKLTTLCVTLNCTNATNNITN-------------------------------------NTRGELKN----CSFNM-T-TE--LRD-KK-QKV-YALF-YKLDVVSINNTNGNRSNNS------------------------------------------NTSYRLI---NCNTSAI-T---QA, 0.1051, 1
1.613777, 9.9138, [74, 79, 82], CHUNK, ['I', 'N', 'I'], VKLTTLCVTLNCTNATNNITN-------------------------------------NTRGELKN----CSFNI-T-TN--IRD-KK-QKV-YALF-YKLDVVSINNTNGNRSNNS------------------------------------------NTSYRLI---NCNTSAI-T---QA, 0.6159, 0
1.578073, -121.8056, 165, POINT, T, VKLTTLCVTLNCTNATNNITN-------------------------------------NTRGELKN----CSFNM-T-TE--LRD-KK-QKV-YALF-YKLDVVSINNTNGNRSNNS------------------------------------------NTSYRLT---NCNTSAI-T---QA, 0.1100, 0
1.611520, 3.4398, [74, 79, 82], CHUNK, ['V', 'N', 'I'], VKLTTLCVTLNCTNATNNITN-------------------------------------NTRGELKN----CSFNV-T-TN--IRD-KK-QKV-YALF-YKLDVVSINNTNGNRSNNS------------------------------------------NTSYRLI---NCNTSAI-T---QA, 0.2206, 0
1.585309, -80.6601, [74], CHUNK, ['I'], VKLTTLCVTLNCTNATNNITN-------------------------------------NTRGELKN----CSFNI-T-TE--LRD-KK-QKV-YALF-YKLDVVSINNTNGNRSNNS------------------------------------------NTSYRLI---NCNTSAI-T---QA, 0.3149, 0
1.587955, -19.2550, [79, 82], CHUNK, ['N', 'I'], VKLTTLCVTLNCTNATNNITN-------------------------------------NTRGELKN----CSFNM-T-TN--IRD-KK-QKV-YALF-YKLDVVSINNNNGNRSNNS------------------------------------------NTSYRLI---NCNTSAI-T---QA, 0.2798, 0
1.569476, -105.9495, 174, POINT, V, VKLTTLCVTLNCTNATNNITN-------------------------------------NTRGELKN----CSFNM-T-TE--LRD-KK-QKV-YALF-YKLDVVSINNNNGNRSNNS------------------------------------------NTSYRLI---NCNTSVI-T---QA, 0.2383, 0
1.589882, -84.0595, [74, 79], CHUNK, ['I', 'S'], VKLTTLCVTLNCTNATNNITN-------------------------------------NTRGELKN----CSFNI-T-TS--LRD-KK-QKV-YALF-YKLDVVSINNNNGNRSNNS------------------------------------------NTSYRLI---NCNTSAI-T---QA, 0.2730, 0
1.572012, -123.0515, 79, POINT, S, VKLTTLCVTLNCTNATNNITN-------------------------------------NTRGELKN----CSFNM-T-TS--LRD-KK-QKV-YALF-YKLDVVSINNNNGNRSNNS------------------------------------------NTSYRLI---NCNTSAI-T---QA, 0.1065, 0
1.579713, -75.0198, [74, 79, 82], CHUNK, ['I', 'S', 'R'], VKLTPLCVTLNCTNATNNITN-------------------------------------NTRGELKN----CSFNI-T-TS--RRD-KK-QKV-YALF-YKLDVVSINNNNGNRSNNS------------------------------------------NTSYRLI---NCNTSAI-T---QA, 0.1517, 0
1.596203, -101.5210, [74, 79], CHUNK, ['V', 'N'], VKLTPLCVTLNCTNATNNITN-------------------------------------NTRGELKN----CSFNV-T-TN--LRD-KK-QKV-YALF-YKLDVVSINNNNGNRSNNS------------------------------------------NTSYRLI---NCNTSAI-T---QA, 0.3798, 0
1.568465, -123.2369, 79, POINT, S, VKLTPLCVTLNCTNATNNITN-------------------------------------NTRGELKN----CSFNM-T-TS--LRD-KK-QKV-YALF-YKLDVVSINNNNGNRSNNS------------------------------------------NTSYRLI---NCNTSAI-T---QA, 0.1067, 1
1.584378, -110.7964, [74], CHUNK, ['V'], VKLTPLCVTLNCTNATNNITN-------------------------------------NTRGELKN----CSFNV-T-TS--LRD-KK-QKV-YALF-YKLDVVSINNNNGNRSNNS------------------------------------------NTSYRLI---NCNTSAI-T---QA, 0.1333, 0
1.584378, -103.0548, [74], CHUNK, ['V'], VKLTPLCVTLNCTNATNNITN-------------------------------------NTRGELKN----CSFNV-T-TS--LRD-KK-QKV-YALF-YKLDVVSINNNNGNRSNNS------------------------------------------NTSYRLI---NCNTSAI-T---QA, 0.3609, 0
1.581762, -122.4318, 14, POINT, I, VKLTPLCVTLNCTNITNNITN-------------------------------------NTRGELKN----CSFNM-T-TS--LRD-KK-QKV-YALF-YKLDVVSINNNNGNRSNNS------------------------------------------NTSYRLI---NCNTSAI-T---QA, 0.1067, 1
1.599632, -82.2998, [74], CHUNK, ['I'], VKLTPLCVTLNCTNITNNITN-------------------------------------NTRGELKN----CSFNI-T-TS--LRD-KK-QKV-YALF-YKLDVVSINNNNGNRSNNS------------------------------------------NTSYRLI---NCNTSAI-T---QA, 0.3686, 0
1.585310, -122.3645, 4, POINT, T, VKLTTLCVTLNCTNITNNITN-------------------------------------NTRGELKN----CSFNM-T-TS--LRD-KK-QKV-YALF-YKLDVVSINNNNGNRSNNS------------------------------------------NTSYRLI---NCNTSAI-T---QA, 0.1067, 1
1.601224, -108.3635, [74], CHUNK, ['V'], VKLTTLCVTLNCTNITNNITN-------------------------------------NTRGELKN----CSFNV-T-TS--LRD-KK-QKV-YALF-YKLDVVSINNNNGNRSNNS------------------------------------------NTSYRLI---NCNTSAI-T---QA, 0.1610, 0
1.587784, -121.4029, 62, POINT, S, VKLTTLCVTLNCTNITNNITN-------------------------------------NTRGSLKN----CSFNM-T-TS--LRD-KK-QKV-YALF-YKLDVVSINNNNGNRSNNS------------------------------------------NTSYRLI---NCNTSAI-T---QA, 0.1067, 0
1.586107, -120.6244, 71, POINT, T, VKLTTLCVTLNCTNITNNITN-------------------------------------NTRGELKN----CTFNM-T-TS--LRD-KK-QKV-YALF-YKLDVVSINNNNGNRSNNS------------------------------------------NTSYRLI---NCNTSAI-T---QA, 0.1428, 0
1.603240, -119.6011, [174, 175], CHUNK, ['T', 'T'], VKLTTLCVTLNCTNITNNITN-------------------------------------NTRGELKN----CSFNM-T-TS--LRD-KK-QKV-YALF-YKLDVVSINNNNGNRSNNS------------------------------------------NTSYRLI---NCNTSTT-T---QA, 0.1067, 0
1.587311, -121.2024, 63, POINT, I, VKLTPLCVTLNCTNITNNITN-------------------------------------NTRGEIKN----CSFNM-T-TS--LRD-KK-QKV-YALF-YKLDVVSINNNNGNRSNNS------------------------------------------NTSYRLI---NCNTSAI-T---QA, 0.1114, 0
------END OF DATA------
Best coverage = 1.58842844803
Best sequence = VKLTPLCVTLNCTNATNNITN-------------------------------------NTTGELKN----CSFNM-T-TE--LRD-KK-QKV-YSLF-YKLDVVSINNNNGNRSNNS------------------------------------------NTSYRLI---NCNTSAI-T---QA
Best energy = -118.918133758
Best RMSD = 0.10445676744
Hard Covereage = 0.0653027005125
Num epitopes = 59
