Name base = V1V2_200_sq_3_10_ni
Iters = 200
Soft coverage = 1.31203964383
Energy = -128.717377515
Hard Covereage = 0.0368019545157
Num epitopes = 65
Initial seq = VKLTPLCVTLQCTNVTNNITD-------------------------------------DMRGELKN----CSFNM-T-TE--LRD-KK-QKV-YSLF-YRLDVVQINENQGNRSNNS------------------------------------------NKEYRLI---NCNTSAI-T---QA
-------START OF DATA------
1.331473, -128.9044, 161, POINT, N, VKLTPLCVTLQCTNVTNNITD-------------------------------------DMRGELKN----CSFNM-T-TE--LRD-KK-QKV-YSLF-YRLDVVQINENQGNRSNNS------------------------------------------NKNYRLI---NCNTSAI-T---QA, 0.0000, 1
1.380629, -128.8144, [10], CHUNK, ['N'], VKLTPLCVTLNCTNVTNNITD-------------------------------------DMRGELKN----CSFNM-T-TE--LRD-KK-QKV-YSLF-YRLDVVQINENQGNRSNNS------------------------------------------NKNYRLI---NCNTSAI-T---QA, 0.0000, 1
1.447267, -129.9498, [109, 110], CHUNK, ['N', 'N'], VKLTPLCVTLNCTNVTNNITD-------------------------------------DMRGELKN----CSFNM-T-TE--LRD-KK-QKV-YSLF-YRLDVVQINENNNNRSNNS------------------------------------------NKNYRLI---NCNTSAI-T---QA, 0.0000, 1
1.488965, -128.2290, [58, 59, 60], CHUNK, ['T', 'T', 'G'], VKLTPLCVTLNCTNVTNNITD-------------------------------------TTGGELKN----CSFNM-T-TE--LRD-KK-QKV-YSLF-YRLDVVQINENNNNRSNNS------------------------------------------NKNYRLI---NCNTSAI-T---QA, 0.0000, 1
1.508464, -127.5044, [79], CHUNK, ['N'], VKLTPLCVTLNCTNVTNNITD-------------------------------------TTGGELKN----CSFNM-T-TN--LRD-KK-QKV-YSLF-YRLDVVQINENNNNRSNNS------------------------------------------NKNYRLI---NCNTSAI-T---QA, 0.0000, 1
1.522895, -125.3226, 87, POINT, N, VKLTPLCVTLNCTNVTNNITD-------------------------------------TTGGELKN----CSFNM-T-TN--LRD-KN-QKV-YSLF-YRLDVVQINENNNNRSNNS------------------------------------------NKNYRLI---NCNTSAI-T---QA, 0.0664, 1
1.537128, -123.6185, 105, POINT, N, VKLTPLCVTLNCTNVTNNITD-------------------------------------TTGGELKN----CSFNM-T-TN--LRD-KN-QKV-YSLF-YRLDVVQNNENNNNRSNNS------------------------------------------NKNYRLI---NCNTSAI-T---QA, 0.1245, 0
1.558774, -119.9233, [18, 19, 20], CHUNK, ['N', 'S', 'T'], VKLTPLCVTLNCTNVTNNNST-------------------------------------TTGGELKN----CSFNM-T-TN--LRD-KN-QKV-YSLF-YRLDVVQINENNNNRSNNS------------------------------------------NKNYRLI---NCNTSAI-T---QA, 0.0664, 0
1.542654, -88.1797, [74], CHUNK, ['I'], VKLTPLCVTLNCTNVTNNITD-------------------------------------TTGGELKN----CSFNI-T-TN--LRD-KN-QKV-YSLF-YRLDVVQINENNNNRSNNS------------------------------------------NKNYRLI---NCNTSAI-T---QA, 0.7971, 0
1.553922, -125.6455, [20], CHUNK, ['N'], VKLTPLCVTLNCTNVTNNITN-------------------------------------TTGGELKN----CSFNM-T-TN--LRD-KN-QKV-YSLF-YRLDVVQINENNNNRSNNS------------------------------------------NKNYRLI---NCNTSAI-T---QA, 0.0664, 1
1.578641, -125.3790, 160, POINT, T, VKLTPLCVTLNCTNVTNNITN-------------------------------------TTGGELKN----CSFNM-T-TN--LRD-KN-QKV-YSLF-YRLDVVQINENNNNRSNNS------------------------------------------NTNYRLI---NCNTSAI-T---QA, 0.0664, 1
1.607198, -125.0230, [112], CHUNK, ['S'], VKLTPLCVTLNCTNVTNNITN-------------------------------------TTGGELKN----CSFNM-T-TN--LRD-KN-QKV-YSLF-YRLDVVQINENNNNSSNNS------------------------------------------NTNYRLI---NCNTSAI-T---QA, 0.0664, 0
1.600093, -120.1153, [18, 19, 20], CHUNK, ['T', 'N', 'T'], VKLTPLCVTLNCTNVTNNTNT-------------------------------------TTGGELKN----CSFNM-T-TN--LRD-KN-QKV-YSLF-YRLDVVQINENNNNRSNNS------------------------------------------NTNYRLI---NCNTSAI-T---QA, 0.0664, 1
1.618095, -90.8336, [74], CHUNK, ['V'], VKLTPLCVTLNCTNVTNNTNT-------------------------------------TTGGELKN----CSFNV-T-TN--LRD-KN-QKV-YSLF-YRLDVVQINENNNNRSNNS------------------------------------------NTNYRLI---NCNTSAI-T---QA, 0.3094, 0
1.619853, -74.5836, [74], CHUNK, ['I'], VKLTPLCVTLNCTNVTNNTNT-------------------------------------TTGGELKN----CSFNI-T-TN--LRD-KN-QKV-YSLF-YRLDVVQINENNNNRSNNS------------------------------------------NTNYRLI---NCNTSAI-T---QA, 0.4972, 0
1.615911, 1.7698, [82, 84], CHUNK, ['I', 'N'], VKLTPLCVTLNCTNVTNNTNT-------------------------------------TTGGELKN----CSFNM-T-TN--IRN-KN-QKV-YSLF-YRLDVVQINENNNNRSNNS------------------------------------------NTNYRLI---NCNTSAI-T---QA, 0.2209, 0
1.627551, -113.5584, 60, POINT, T, VKLTPLCVTLNCTNVTNNTNT-------------------------------------TTTGELKN----CSFNM-T-TN--LRD-KN-QKV-YSLF-YRLDVVQINENNNNRSNNS------------------------------------------NTNYRLI---NCNTSAI-T---QA, 0.0664, 0
1.585739, -121.2717, 60, POINT, K, VKLTPLCVTLNCTNVTNNITN-------------------------------------TTKGELKN----CSFNM-T-TN--LRD-KN-QKV-YSLF-YRLDVVQINENNNNRSNNS------------------------------------------NTNYRLI---NCNTSAI-T---QA, 0.0664, 0
1.607198, -125.0230, [112], CHUNK, ['S'], VKLTPLCVTLNCTNVTNNITN-------------------------------------TTGGELKN----CSFNM-T-TN--LRD-KN-QKV-YSLF-YRLDVVQINENNNNSSNNS------------------------------------------NTNYRLI---NCNTSAI-T---QA, 0.0664, 1
1.630753, -123.2727, [18], CHUNK, ['N'], VKLTPLCVTLNCTNVTNNNTN-------------------------------------TTGGELKN----CSFNM-T-TN--LRD-KN-QKV-YSLF-YRLDVVQINENNNNSSNNS------------------------------------------NTNYRLI---NCNTSAI-T---QA, 0.0664, 1
1.650513, -93.9041, [74], CHUNK, ['I'], VKLTPLCVTLNCTNVTNNNTN-------------------------------------TTGGELKN----CSFNI-T-TN--LRD-KN-QKV-YSLF-YRLDVVQINENNNNSSNNS------------------------------------------NTNYRLI---NCNTSAI-T---QA, 0.5463, 0
1.645455, -121.2679, 174, POINT, T, VKLTPLCVTLNCTNVTNNNTN-------------------------------------TTGGELKN----CSFNM-T-TN--LRD-KN-QKV-YSLF-YRLDVVQINENNNNSSNNS------------------------------------------NTNYRLI---NCNTSTI-T---QA, 0.1663, 1
1.665214, -74.4515, [74], CHUNK, ['I'], VKLTPLCVTLNCTNVTNNNTN-------------------------------------TTGGELKN----CSFNI-T-TN--LRD-KN-QKV-YSLF-YRLDVVQINENNNNSSNNS------------------------------------------NTNYRLI---NCNTSTI-T---QA, 0.5100, 0
1.666125, -120.5462, 89, POINT, T, VKLTPLCVTLNCTNVTNNNTN-------------------------------------TTGGELKN----CSFNM-T-TN--LRD-KN-TKV-YSLF-YRLDVVQINENNNNSSNNS------------------------------------------NTNYRLI---NCNTSTI-T---QA, 0.1663, 0
1.667925, -122.8467, 163, POINT, T, VKLTPLCVTLNCTNVTNNNTN-------------------------------------TTGGELKN----CSFNM-T-TN--LRD-KN-QKV-YSLF-YRLDVVQINENNNNSSNNS------------------------------------------NTNYTLI---NCNTSTI-T---QA, 0.1663, 1
1.678910, -120.8567, 165, POINT, T, VKLTPLCVTLNCTNVTNNNTN-------------------------------------TTGGELKN----CSFNM-T-TN--LRD-KN-QKV-YSLF-YRLDVVQINENNNNSSNNS------------------------------------------NTNYTLT---NCNTSTI-T---QA, 0.1663, 1
1.698670, -61.7553, [74], CHUNK, ['I'], VKLTPLCVTLNCTNVTNNNTN-------------------------------------TTGGELKN----CSFNI-T-TN--LRD-KN-QKV-YSLF-YRLDVVQINENNNNSSNNS------------------------------------------NTNYTLT---NCNTSTI-T---QA, 1.8212, 0
1.684936, -121.1601, [104], CHUNK, ['P'], VKLTPLCVTLNCTNVTNNNTN-------------------------------------TTGGELKN----CSFNM-T-TN--LRD-KN-QKV-YSLF-YRLDVVPINENNNNSSNNS------------------------------------------NTNYTLT---NCNTSTI-T---QA, 0.1663, 1
1.704695, -63.9941, [74], CHUNK, ['I'], VKLTPLCVTLNCTNVTNNNTN-------------------------------------TTGGELKN----CSFNI-T-TN--LRD-KN-QKV-YSLF-YRLDVVPINENNNNSSNNS------------------------------------------NTNYTLT---NCNTSTI-T---QA, 0.8106, 0
1.697715, -120.4667, 107, POINT, S, VKLTPLCVTLNCTNVTNNNTN-------------------------------------TTGGELKN----CSFNM-T-TN--LRD-KN-QKV-YSLF-YRLDVVPINSNNNNSSNNS------------------------------------------NTNYTLT---NCNTSTI-T---QA, 0.1663, 1
1.702626, -117.8464, 98, POINT, N, VKLTPLCVTLNCTNVTNNNTN-------------------------------------TTGGELKN----CSFNM-T-TN--LRD-KN-QKV-YSLF-NRLDVVPINSNNNNSSNNS------------------------------------------NTNYTLT---NCNTSTI-T---QA, 0.1663, 0
1.715716, -94.2346, 74, POINT, V, VKLTPLCVTLNCTNVTNNNTN-------------------------------------TTGGELKN----CSFNV-T-TN--LRD-KN-QKV-YSLF-YRLDVVPINSNNNNSSNNS------------------------------------------NTNYTLT---NCNTSTI-T---QA, 0.3773, 0
1.710258, -44.4220, [82, 83], CHUNK, ['V', 'N'], VKLTPLCVTLNCTNVTNNNTN-------------------------------------TTGGELKN----CSFNM-T-TN--VND-KN-QKV-YSLF-YRLDVVPINSNNNNSSNNS------------------------------------------NTNYTLT---NCNTSTI-T---QA, 0.7148, 0
1.702626, -117.8464, 98, POINT, N, VKLTPLCVTLNCTNVTNNNTN-------------------------------------TTGGELKN----CSFNM-T-TN--LRD-KN-QKV-YSLF-NRLDVVPINSNNNNSSNNS------------------------------------------NTNYTLT---NCNTSTI-T---QA, 0.1663, 1
1.717085, -118.6794, 107, POINT, N, VKLTPLCVTLNCTNVTNNNTN-------------------------------------TTGGELKN----CSFNM-T-TN--LRD-KN-QKV-YSLF-NRLDVVPINNNNNNSSNNS------------------------------------------NTNYTLT---NCNTSTI-T---QA, 0.1663, 1
1.736844, -79.4935, 74, POINT, I, VKLTPLCVTLNCTNVTNNNTN-------------------------------------TTGGELKN----CSFNI-T-TN--LRD-KN-QKV-YSLF-NRLDVVPINNNNNNSSNNS------------------------------------------NTNYTLT---NCNTSTI-T---QA, 0.6496, 0
1.736844, -84.2042, [74], CHUNK, ['I'], VKLTPLCVTLNCTNVTNNNTN-------------------------------------TTGGELKN----CSFNI-T-TN--LRD-KN-QKV-YSLF-NRLDVVPINNNNNNSSNNS------------------------------------------NTNYTLT---NCNTSTI-T---QA, 0.8243, 0
1.727882, -116.8710, [63, 64], CHUNK, ['I', 'T'], VKLTPLCVTLNCTNVTNNNTN-------------------------------------TTGGEITN----CSFNM-T-TN--LRD-KN-QKV-YSLF-NRLDVVPINNNNNNSSNNS------------------------------------------NTNYTLT---NCNTSTI-T---QA, 0.2076, 0
1.736844, -47.4098, 74, POINT, I, VKLTPLCVTLNCTNVTNNNTN-------------------------------------TTGGELKN----CSFNI-T-TN--LRD-KN-QKV-YSLF-NRLDVVPINNNNNNSSNNS------------------------------------------NTNYTLT---NCNTSTI-T---QA, 1.2874, 0
1.724513, -114.6496, [91], CHUNK, ['N'], VKLTPLCVTLNCTNVTNNNTN-------------------------------------TTGGELKN----CSFNM-T-TN--LRD-KN-QKN-YSLF-NRLDVVPINSNNNNSSNNS------------------------------------------NTNYTLT---NCNTSTI-T---QA, 0.1663, 0
1.722386, -66.8198, [74], CHUNK, ['I'], VKLTPLCVTLNCTNVTNNNTN-------------------------------------TTGGELKN----CSFNI-T-TN--LRD-KN-QKV-YSLF-NRLDVVPINSNNNNSSNNS------------------------------------------NTNYTLT---NCNTSTI-T---QA, 0.6590, 0
1.728515, -114.5556, [104, 105], CHUNK, ['T', 'L'], VKLTPLCVTLNCTNVTNNNTN-------------------------------------TTGGELKN----CSFNM-T-TN--LRD-KN-QKV-YSLF-NRLDVVTLNSNNNNSSNNS------------------------------------------NTNYTLT---NCNTSTI-T---QA, 0.1663, 0
1.733279, -92.9826, [60, 61], CHUNK, ['N', 'D'], VKLTPLCVTLNCTNVTNNNTN-------------------------------------TTNDELKN----CSFNM-T-TN--LRD-KN-QKV-YSLF-NRLDVVPINSNNNNSSNNS------------------------------------------NTNYTLT---NCNTSTI-T---QA, 0.1663, 0
1.717475, -78.2062, [74], CHUNK, ['I'], VKLTPLCVTLNCTNVTNNNTN-------------------------------------TTGGELKN----CSFNI-T-TN--LRD-KN-QKV-YSLF-YRLDVVPINSNNNNSSNNS------------------------------------------NTNYTLT---NCNTSTI-T---QA, 0.5319, 0
1.699819, -123.2443, 58, POINT, N, VKLTPLCVTLNCTNVTNNNTN-------------------------------------NTGGELKN----CSFNM-T-TN--LRD-KN-QKV-YSLF-YRLDVVPINSNNNNSSNNS------------------------------------------NTNYTLT---NCNTSTI-T---QA, 0.1663, 1
1.731067, -103.4139, [59, 60, 61], CHUNK, ['N', 'D', 'T'], VKLTPLCVTLNCTNVTNNNTN-------------------------------------NNDTELKN----CSFNM-T-TN--LRD-KN-QKV-YSLF-YRLDVVPINSNNNNSSNNS------------------------------------------NTNYTLT---NCNTSTI-T---QA, 0.1663, 0
1.733998, -118.4663, [74], CHUNK, ['T'], VKLTPLCVTLNCTNVTNNNTN-------------------------------------NTGGELKN----CSFNT-T-TN--LRD-KN-QKV-YSLF-YRLDVVPINSNNNNSSNNS------------------------------------------NTNYTLT---NCNTSTI-T---QA, 0.1663, 0
1.719578, -75.5814, [74], CHUNK, ['I'], VKLTPLCVTLNCTNVTNNNTN-------------------------------------NTGGELKN----CSFNI-T-TN--LRD-KN-QKV-YSLF-YRLDVVPINSNNNNSSNNS------------------------------------------NTNYTLT---NCNTSTI-T---QA, 0.4052, 0
1.708084, -123.6507, 90, POINT, N, VKLTPLCVTLNCTNVTNNNTN-------------------------------------NTGGELKN----CSFNM-T-TN--LRD-KN-QNV-YSLF-YRLDVVPINSNNNNSSNNS------------------------------------------NTNYTLT---NCNTSTI-T---QA, 0.1663, 0
1.717475, -84.3345, [74], CHUNK, ['I'], VKLTPLCVTLNCTNVTNNNTN-------------------------------------TTGGELKN----CSFNI-T-TN--LRD-KN-QKV-YSLF-YRLDVVPINSNNNNSSNNS------------------------------------------NTNYTLT---NCNTSTI-T---QA, 0.4706, 0
1.715716, -97.7195, [74], CHUNK, ['V'], VKLTPLCVTLNCTNVTNNNTN-------------------------------------TTGGELKN----CSFNV-T-TN--LRD-KN-QKV-YSLF-YRLDVVPINSNNNNSSNNS------------------------------------------NTNYTLT---NCNTSTI-T---QA, 0.4164, 0
1.731895, -115.8883, [74], CHUNK, ['T'], VKLTPLCVTLNCTNVTNNNTN-------------------------------------TTGGELKN----CSFNT-T-TN--LRD-KN-QKV-YSLF-YRLDVVPINSNNNNSSNNS------------------------------------------NTNYTLT---NCNTSTI-T---QA, 0.1633, 0
1.704163, -120.1513, 89, POINT, K, VKLTPLCVTLNCTNVTNNNTN-------------------------------------TTGGELKN----CSFNM-T-TN--LRD-KN-KKV-YSLF-YRLDVVPINSNNNNSSNNS------------------------------------------NTNYTLT---NCNTSTI-T---QA, 0.1663, 0
1.696697, -120.5699, 105, POINT, T, VKLTPLCVTLNCTNVTNNNTN-------------------------------------TTGGELKN----CSFNM-T-TN--LRD-KN-QKV-YSLF-YRLDVVPTNENNNNSSNNS------------------------------------------NTNYTLT---NCNTSTI-T---QA, 0.1663, 0
1.719115, -116.3821, [74], CHUNK, ['T'], VKLTPLCVTLNCTNVTNNNTN-------------------------------------TTGGELKN----CSFNT-T-TN--LRD-KN-QKV-YSLF-YRLDVVPINENNNNSSNNS------------------------------------------NTNYTLT---NCNTSTI-T---QA, 0.1663, 0
1.719115, -116.3821, [74], CHUNK, ['T'], VKLTPLCVTLNCTNVTNNNTN-------------------------------------TTGGELKN----CSFNT-T-TN--LRD-KN-QKV-YSLF-YRLDVVPINENNNNSSNNS------------------------------------------NTNYTLT---NCNTSTI-T---QA, 0.1663, 1
1.743464, -99.0356, 61, POINT, N, VKLTPLCVTLNCTNVTNNNTN-------------------------------------TTGNELKN----CSFNT-T-TN--LRD-KN-QKV-YSLF-YRLDVVPINENNNNSSNNS------------------------------------------NTNYTLT---NCNTSTI-T---QA, 0.1663, 0
1.735670, -114.7390, [99], CHUNK, ['T'], VKLTPLCVTLNCTNVTNNNTN-------------------------------------TTGGELKN----CSFNT-T-TN--LRD-KN-QKV-YSLF-YTLDVVPINENNNNSSNNS------------------------------------------NTNYTLT---NCNTSTI-T---QA, 0.1741, 0
1.727808, -116.1462, [86], CHUNK, ['T'], VKLTPLCVTLNCTNVTNNNTN-------------------------------------TTGGELKN----CSFNT-T-TN--LRD-TN-QKV-YSLF-YRLDVVPINENNNNSSNNS------------------------------------------NTNYTLT---NCNTSTI-T---QA, 0.1663, 0
1.725872, -112.4257, [60], CHUNK, ['K'], VKLTPLCVTLNCTNVTNNNTN-------------------------------------TTKGELKN----CSFNT-T-TN--LRD-KN-QKV-YSLF-YRLDVVPINENNNNSSNNS------------------------------------------NTNYTLT---NCNTSTI-T---QA, 0.1663, 0
1.701570, -85.9131, [60, 61], CHUNK, ['S', 'R'], VKLTPLCVTLNCTNVTNNNTN-------------------------------------TTSRELKN----CSFNM-T-TN--LRD-KN-QKV-YSLF-YRLDVVPINENNNNSSNNS------------------------------------------NTNYTLT---NCNTSTI-T---QA, 0.1998, 0
1.694604, -119.3652, [89, 91], CHUNK, ['K', 'E'], VKLTPLCVTLNCTNVTNNNTN-------------------------------------TTGGELKN----CSFNM-T-TN--LRD-KN-KKE-YSLF-YRLDVVPINENNNNSSNNS------------------------------------------NTNYTLT---NCNTSTI-T---QA, 0.1663, 1
1.728783, -115.7453, [74], CHUNK, ['T'], VKLTPLCVTLNCTNVTNNNTN-------------------------------------TTGGELKN----CSFNT-T-TN--LRD-KN-KKE-YSLF-YRLDVVPINENNNNSSNNS------------------------------------------NTNYTLT---NCNTSTI-T---QA, 0.1663, 0
1.728783, -115.7453, [74], CHUNK, ['T'], VKLTPLCVTLNCTNVTNNNTN-------------------------------------TTGGELKN----CSFNT-T-TN--LRD-KN-KKE-YSLF-YRLDVVPINENNNNSSNNS------------------------------------------NTNYTLT---NCNTSTI-T---QA, 0.1663, 0
1.714363, -109.9546, 74, POINT, I, VKLTPLCVTLNCTNVTNNNTN-------------------------------------TTGGELKN----CSFNI-T-TN--LRD-KN-KKE-YSLF-YRLDVVPINENNNNSSNNS------------------------------------------NTNYTLT---NCNTSTI-T---QA, 0.3520, 0
1.711220, -117.3849, [99], CHUNK, ['T'], VKLTPLCVTLNCTNVTNNNTN-------------------------------------TTGGELKN----CSFNM-T-TN--LRD-KN-KKE-YSLF-YTLDVVPINENNNNSSNNS------------------------------------------NTNYTLT---NCNTSTI-T---QA, 0.1663, 0
1.704695, -81.0748, 74, POINT, I, VKLTPLCVTLNCTNVTNNNTN-------------------------------------TTGGELKN----CSFNI-T-TN--LRD-KN-QKV-YSLF-YRLDVVPINENNNNSSNNS------------------------------------------NTNYTLT---NCNTSTI-T---QA, 0.6503, 0
1.704695, -89.1579, 74, POINT, I, VKLTPLCVTLNCTNVTNNNTN-------------------------------------TTGGELKN----CSFNI-T-TN--LRD-KN-QKV-YSLF-YRLDVVPINENNNNSSNNS------------------------------------------NTNYTLT---NCNTSTI-T---QA, 0.3565, 0
1.696441, -121.8531, [84], CHUNK, ['N'], VKLTPLCVTLNCTNVTNNNTN-------------------------------------TTGGELKN----CSFNM-T-TN--LRN-KN-QKV-YSLF-YRLDVVPINENNNNSSNNS------------------------------------------NTNYTLT---NCNTSTI-T---QA, 0.1663, 1
1.716043, -86.0040, [74], CHUNK, ['I'], VKLTPLCVTLNCTNVTNNNTN-------------------------------------TTGGELKN----CSFNI-T-TN--LRN-KN-QKV-YSLF-YRLDVVPINENNNNSSNNS------------------------------------------NTNYTLT---NCNTSTI-T---QA, 0.9177, 0
1.707400, -121.5696, 83, POINT, S, VKLTPLCVTLNCTNVTNNNTN-------------------------------------TTGGELKN----CSFNM-T-TN--LSN-KN-QKV-YSLF-YRLDVVPINENNNNSSNNS------------------------------------------NTNYTLT---NCNTSTI-T---QA, 0.1663, 0
1.716043, -76.7985, [74], CHUNK, ['I'], VKLTPLCVTLNCTNVTNNNTN-------------------------------------TTGGELKN----CSFNI-T-TN--LRN-KN-QKV-YSLF-YRLDVVPINENNNNSSNNS------------------------------------------NTNYTLT---NCNTSTI-T---QA, 0.3472, 0
1.701523, -120.3755, [63], CHUNK, ['I'], VKLTPLCVTLNCTNVTNNNTN-------------------------------------TTGGEIKN----CSFNM-T-TN--LRN-KN-QKV-YSLF-YRLDVVPINENNNNSSNNS------------------------------------------NTNYTLT---NCNTSTI-T---QA, 0.1663, 1
1.722233, -120.7297, 14, POINT, T, VKLTPLCVTLNCTNTTNNNTN-------------------------------------TTGGEIKN----CSFNM-T-TN--LRN-KN-QKV-YSLF-YRLDVVPINENNNNSSNNS------------------------------------------NTNYTLT---NCNTSTI-T---QA, 0.1663, 0
1.705835, -22.8415, [82], CHUNK, ['I'], VKLTPLCVTLNCTNVTNNNTN-------------------------------------TTGGEIKN----CSFNM-T-TN--IRN-KN-QKV-YSLF-YRLDVVPINENNNNSSNNS------------------------------------------NTNYTLT---NCNTSTI-T---QA, 0.7119, 0
1.733455, -75.3159, [60, 61], CHUNK, ['T', 'E'], VKLTPLCVTLNCTNVTNNNTN-------------------------------------TTTEEIKN----CSFNM-T-TN--LRN-KN-QKV-YSLF-YRLDVVPINENNNNSSNNS------------------------------------------NTNYTLT---NCNTSTI-T---QA, 0.2641, 0
1.721587, -88.0349, [74], CHUNK, ['I'], VKLTPLCVTLNCTNVTNNNTN-------------------------------------TTGGEIKN----CSFNI-T-TN--LRN-KN-QKV-YSLF-YRLDVVPINENNNNSSNNS------------------------------------------NTNYTLT---NCNTSTI-T---QA, 0.5243, 0
1.714059, -101.6693, [74], CHUNK, ['V'], VKLTPLCVTLNCTNVTNNNTN-------------------------------------TTGGELKN----CSFNV-T-TN--LRN-KN-QKV-YSLF-YRLDVVPINENNNNSSNNS------------------------------------------NTNYTLT---NCNTSTI-T---QA, 0.2535, 0
1.702200, -121.0763, 64, POINT, T, VKLTPLCVTLNCTNVTNNNTN-------------------------------------TTGGELTN----CSFNM-T-TN--LRN-KN-QKV-YSLF-YRLDVVPINENNNNSSNNS------------------------------------------NTNYTLT---NCNTSTI-T---QA, 0.1663, 1
1.721181, -75.8939, [74], CHUNK, ['I'], VKLTPLCVTLNCTNVTNNNTN-------------------------------------TTGGELTN----CSFNI-T-TN--LRN-KN-QKV-YSLF-YRLDVVPINENNNNSSNNS------------------------------------------NTNYTLT---NCNTSTI-T---QA, 0.8863, 0
1.721181, -77.6258, [74], CHUNK, ['I'], VKLTPLCVTLNCTNVTNNNTN-------------------------------------TTGGELTN----CSFNI-T-TN--LRN-KN-QKV-YSLF-YRLDVVPINENNNNSSNNS------------------------------------------NTNYTLT---NCNTSTI-T---QA, 0.8145, 0
1.712205, -120.3844, 162, POINT, S, VKLTPLCVTLNCTNVTNNNTN-------------------------------------TTGGELTN----CSFNM-T-TN--LRN-KN-QKV-YSLF-YRLDVVPINENNNNSSNNS------------------------------------------NTNSTLT---NCNTSTI-T---QA, 0.1663, 1
1.739443, -120.5240, 107, POINT, N, VKLTPLCVTLNCTNVTNNNTN-------------------------------------TTGGELTN----CSFNM-T-TN--LRN-KN-QKV-YSLF-YRLDVVPINNNNNNSSNNS------------------------------------------NTNSTLT---NCNTSTI-T---QA, 0.1663, 0
1.729533, -99.1105, [74], CHUNK, ['V'], VKLTPLCVTLNCTNVTNNNTN-------------------------------------TTGGELTN----CSFNV-T-TN--LRN-KN-QKV-YSLF-YRLDVVPINENNNNSSNNS------------------------------------------NTNSTLT---NCNTSTI-T---QA, 0.3631, 0
1.717116, -117.7632, 98, POINT, N, VKLTPLCVTLNCTNVTNNNTN-------------------------------------TTGGELTN----CSFNM-T-TN--LRN-KN-QKV-YSLF-NRLDVVPINENNNNSSNNS------------------------------------------NTNSTLT---NCNTSTI-T---QA, 0.1663, 1
1.737223, -73.8214, [60, 61], CHUNK, ['S', 'E'], VKLTPLCVTLNCTNVTNNNTN-------------------------------------TTSEELTN----CSFNM-T-TN--LRN-KN-QKV-YSLF-NRLDVVPINENNNNSSNNS------------------------------------------NTNSTLT---NCNTSTI-T---QA, 0.5113, 0
1.744354, -117.9028, 107, POINT, N, VKLTPLCVTLNCTNVTNNNTN-------------------------------------TTGGELTN----CSFNM-T-TN--LRN-KN-QKV-YSLF-NRLDVVPINNNNNNSSNNS------------------------------------------NTNSTLT---NCNTSTI-T---QA, 0.1663, 0
1.736097, -72.3611, [74], CHUNK, ['I'], VKLTPLCVTLNCTNVTNNNTN-------------------------------------TTGGELTN----CSFNI-T-TN--LRN-KN-QKV-YSLF-NRLDVVPINENNNNSSNNS------------------------------------------NTNSTLT---NCNTSTI-T---QA, 0.4825, 0
1.736097, -65.7343, [74], CHUNK, ['I'], VKLTPLCVTLNCTNVTNNNTN-------------------------------------TTGGELTN----CSFNI-T-TN--LRN-KN-QKV-YSLF-NRLDVVPINENNNNSSNNS------------------------------------------NTNSTLT---NCNTSTI-T---QA, 0.9139, 0
1.739443, -120.5240, 107, POINT, N, VKLTPLCVTLNCTNVTNNNTN-------------------------------------TTGGELTN----CSFNM-T-TN--LRN-KN-QKV-YSLF-YRLDVVPINNNNNNSSNNS------------------------------------------NTNSTLT---NCNTSTI-T---QA, 0.1663, 0
1.724520, -119.5986, 103, POINT, T, VKLTPLCVTLNCTNVTNNNTN-------------------------------------TTGGELTN----CSFNM-T-TN--LRN-KN-QKV-YSLF-YRLDVTPINENNNNSSNNS------------------------------------------NTNSTLT---NCNTSTI-T---QA, 0.1663, 1
1.730725, -117.7363, [99], CHUNK, ['K'], VKLTPLCVTLNCTNVTNNNTN-------------------------------------TTGGELTN----CSFNM-T-TN--LRN-KN-QKV-YSLF-YKLDVTPINENNNNSSNNS------------------------------------------NTNSTLT---NCNTSTI-T---QA, 0.1663, 0
1.743501, -71.9086, [74], CHUNK, ['I'], VKLTPLCVTLNCTNVTNNNTN-------------------------------------TTGGELTN----CSFNI-T-TN--LRN-KN-QKV-YSLF-YRLDVTPINENNNNSSNNS------------------------------------------NTNSTLT---NCNTSTI-T---QA, 0.5323, 0
1.744490, -119.1766, [116], CHUNK, ['T'], VKLTPLCVTLNCTNVTNNNTN-------------------------------------TTGGELTN----CSFNM-T-TN--LRN-KN-QKV-YSLF-YRLDVTPINENNNNSSNNT------------------------------------------NTNSTLT---NCNTSTI-T---QA, 0.1663, 0
1.729962, -96.3425, [61, 62, 63], CHUNK, ['T', 'G', 'M'], VKLTPLCVTLNCTNVTNNNTN-------------------------------------TTGTGMTN----CSFNM-T-TN--LRN-KN-QKV-YSLF-YRLDVTPINENNNNSSNNS------------------------------------------NTNSTLT---NCNTSTI-T---QA, 0.2267, 0
1.716630, -120.4636, 107, POINT, D, VKLTPLCVTLNCTNVTNNNTN-------------------------------------TTGGELTN----CSFNM-T-TN--LRN-KN-QKV-YSLF-YRLDVVPINDNNNNSSNNS------------------------------------------NTNSTLT---NCNTSTI-T---QA, 0.1663, 0
1.747233, -115.6065, 74, POINT, T, VKLTPLCVTLNCTNVTNNNTN-------------------------------------TTGGELTN----CSFNT-T-TN--LRN-KN-QKV-YSLF-YRLDVVPINENNNNSSNNS------------------------------------------NTNSTLT---NCNTSTI-T---QA, 0.1663, 0
1.722595, -116.7606, 99, POINT, N, VKLTPLCVTLNCTNVTNNNTN-------------------------------------TTGGELTN----CSFNM-T-TN--LRN-KN-QKV-YSLF-YNLDVVPINENNNNSSNNS------------------------------------------NTNSTLT---NCNTSTI-T---QA, 0.1663, 0
1.721138, -112.1990, 60, POINT, I, VKLTPLCVTLNCTNVTNNNTN-------------------------------------TTIGELTN----CSFNM-T-TN--LRN-KN-QKV-YSLF-YRLDVVPINENNNNSSNNS------------------------------------------NTNSTLT---NCNTSTI-T---QA, 0.1663, 0
1.713961, -120.4862, 105, POINT, T, VKLTPLCVTLNCTNVTNNNTN-------------------------------------TTGGELTN----CSFNM-T-TN--LRN-KN-QKV-YSLF-YRLDVVPTNENNNNSSNNS------------------------------------------NTNYTLT---NCNTSTI-T---QA, 0.1663, 0
1.709371, -121.4755, 89, POINT, K, VKLTPLCVTLNCTNVTNNNTN-------------------------------------TTGGELTN----CSFNM-T-TN--LRN-KN-KKV-YSLF-YRLDVVPINENNNNSSNNS------------------------------------------NTNYTLT---NCNTSTI-T---QA, 0.1388, 0
1.714515, -120.2904, 103, POINT, T, VKLTPLCVTLNCTNVTNNNTN-------------------------------------TTGGELTN----CSFNM-T-TN--LRN-KN-QKV-YSLF-YRLDVTPINENNNNSSNNS------------------------------------------NTNYTLT---NCNTSTI-T---QA, 0.1663, 0
1.737228, -116.2983, [74], CHUNK, ['T'], VKLTPLCVTLNCTNVTNNNTN-------------------------------------TTGGELTN----CSFNT-T-TN--LRN-KN-QKV-YSLF-YRLDVVPINENNNNSSNNS------------------------------------------NTNYTLT---NCNTSTI-T---QA, 0.1663, 0
1.716043, -64.8050, [74], CHUNK, ['I'], VKLTPLCVTLNCTNVTNNNTN-------------------------------------TTGGELKN----CSFNI-T-TN--LRN-KN-QKV-YSLF-YRLDVVPINENNNNSSNNS------------------------------------------NTNYTLT---NCNTSTI-T---QA, 0.8641, 0
1.716043, -89.8566, 74, POINT, I, VKLTPLCVTLNCTNVTNNNTN-------------------------------------TTGGELKN----CSFNI-T-TN--LRN-KN-QKV-YSLF-YRLDVVPINENNNNSSNNS------------------------------------------NTNYTLT---NCNTSTI-T---QA, 0.7621, 0
1.716043, -89.1072, 74, POINT, I, VKLTPLCVTLNCTNVTNNNTN-------------------------------------TTGGELKN----CSFNI-T-TN--LRN-KN-QKV-YSLF-YRLDVVPINENNNNSSNNS------------------------------------------NTNYTLT---NCNTSTI-T---QA, 0.5886, 0
1.716043, -95.4641, [74], CHUNK, ['I'], VKLTPLCVTLNCTNVTNNNTN-------------------------------------TTGGELKN----CSFNI-T-TN--LRN-KN-QKV-YSLF-YRLDVVPINENNNNSSNNS------------------------------------------NTNYTLT---NCNTSTI-T---QA, 0.3434, 0
1.704695, -76.4793, 74, POINT, I, VKLTPLCVTLNCTNVTNNNTN-------------------------------------TTGGELKN----CSFNI-T-TN--LRD-KN-QKV-YSLF-YRLDVVPINENNNNSSNNS------------------------------------------NTNYTLT---NCNTSTI-T---QA, 0.8995, 0
1.715132, -101.7143, [60, 61], CHUNK, ['S', 'S'], VKLTPLCVTLNCTNVTNNNTN-------------------------------------TTSSELKN----CSFNM-T-TN--LRD-KN-QKV-YSLF-YRLDVVPINENNNNSSNNS------------------------------------------NTNYTLT---NCNTSTI-T---QA, 0.1663, 0
1.704695, -84.4581, [74], CHUNK, ['I'], VKLTPLCVTLNCTNVTNNNTN-------------------------------------TTGGELKN----CSFNI-T-TN--LRD-KN-QKV-YSLF-YRLDVVPINENNNNSSNNS------------------------------------------NTNYTLT---NCNTSTI-T---QA, 0.9408, 0
1.712174, -121.2997, 107, POINT, N, VKLTPLCVTLNCTNVTNNNTN-------------------------------------TTGGELKN----CSFNM-T-TN--LRD-KN-QKV-YSLF-YRLDVVPINNNNNNSSNNS------------------------------------------NTNYTLT---NCNTSTI-T---QA, 0.1663, 0
------END OF DATA------
Best coverage = 1.7245200967
Best sequence = VKLTPLCVTLNCTNVTNNNTN-------------------------------------TTGGELTN----CSFNM-T-TN--LRN-KN-QKV-YSLF-YRLDVTPINENNNNSSNNS------------------------------------------NTNSTLT---NCNTSTI-T---QA
Best energy = -119.598580349
Best RMSD = 0.166281834245
Hard Covereage = 0.0502027813624
Num epitopes = 59
