Name base = V1V2_200_exp_9_4_i
Iters = 200
Soft coverage = 0.284621885725
Energy = -130.997697417
Hard Covereage = 0.0368019545157
Num epitopes = 65
Initial seq = VKLTPLCVTLQCTNVTNNITD-------------------------------------DMRGELKN----CSFNM-T-TE--LRD-KK-QKV-YSLF-YRLDVVQINENQGNRSNNS------------------------------------------NKEYRLI---NCNTSAI-T---QA
-------START OF DATA------
0.289705, -130.4215, 160, POINT, T, VKLTPLCVTLQCTNVTNNITD-------------------------------------DMRGELKN----CSFNM-T-TE--LRD-KK-QKV-YSLF-YRLDVVQINENQGNRSNNS------------------------------------------NTEYRLI---NCNTSAI-T---QA, 0.0000, 1
0.296976, -128.7344, 63, POINT, I, VKLTPLCVTLQCTNVTNNITD-------------------------------------DMRGEIKN----CSFNM-T-TE--LRD-KK-QKV-YSLF-YRLDVVQINENQGNRSNNS------------------------------------------NTEYRLI---NCNTSAI-T---QA, 0.0000, 1
0.301594, -126.8903, 99, POINT, K, VKLTPLCVTLQCTNVTNNITD-------------------------------------DMRGEIKN----CSFNM-T-TE--LRD-KK-QKV-YSLF-YKLDVVQINENQGNRSNNS------------------------------------------NTEYRLI---NCNTSAI-T---QA, 0.0000, 1
0.308876, -100.6631, 174, POINT, V, VKLTPLCVTLQCTNVTNNITD-------------------------------------DMRGEIKN----CSFNM-T-TE--LRD-KK-QKV-YSLF-YKLDVVQINENQGNRSNNS------------------------------------------NTEYRLI---NCNTSVI-T---QA, 0.1831, 0
0.308876, -100.8113, 174, POINT, V, VKLTPLCVTLQCTNVTNNITD-------------------------------------DMRGEIKN----CSFNM-T-TE--LRD-KK-QKV-YSLF-YKLDVVQINENQGNRSNNS------------------------------------------NTEYRLI---NCNTSVI-T---QA, 0.1588, 0
0.312987, -72.7908, 74, POINT, I, VKLTPLCVTLQCTNVTNNITD-------------------------------------DMRGEIKN----CSFNI-T-TE--LRD-KK-QKV-YSLF-YKLDVVQINENQGNRSNNS------------------------------------------NTEYRLI---NCNTSAI-T---QA, 0.0314, 0
0.308618, -126.6244, 161, POINT, S, VKLTPLCVTLQCTNVTNNITD-------------------------------------DMRGEIKN----CSFNM-T-TE--LRD-KK-QKV-YSLF-YKLDVVQINENQGNRSNNS------------------------------------------NTSYRLI---NCNTSAI-T---QA, 0.0271, 0
0.301743, -128.3763, 109, POINT, N, VKLTPLCVTLQCTNVTNNITD-------------------------------------DMRGEIKN----CSFNM-T-TE--LRD-KK-QKV-YSLF-YRLDVVQINENNGNRSNNS------------------------------------------NTEYRLI---NCNTSAI-T---QA, 0.0000, 1
0.310124, -128.9129, 94, POINT, A, VKLTPLCVTLQCTNVTNNITD-------------------------------------DMRGEIKN----CSFNM-T-TE--LRD-KK-QKV-YALF-YRLDVVQINENNGNRSNNS------------------------------------------NTEYRLI---NCNTSAI-T---QA, 0.0424, 1
0.315095, -127.5386, 91, POINT, E, VKLTPLCVTLQCTNVTNNITD-------------------------------------DMRGEIKN----CSFNM-T-TE--LRD-KK-QKE-YALF-YRLDVVQINENNGNRSNNS------------------------------------------NTEYRLI---NCNTSAI-T---QA, 0.0252, 1
0.338762, -127.6948, 10, POINT, N, VKLTPLCVTLNCTNVTNNITD-------------------------------------DMRGEIKN----CSFNM-T-TE--LRD-KK-QKE-YALF-YRLDVVQINENNGNRSNNS------------------------------------------NTEYRLI---NCNTSAI-T---QA, 0.0296, 0
0.322377, -102.2952, 174, POINT, V, VKLTPLCVTLQCTNVTNNITD-------------------------------------DMRGEIKN----CSFNM-T-TE--LRD-KK-QKE-YALF-YRLDVVQINENNGNRSNNS------------------------------------------NTEYRLI---NCNTSVI-T---QA, 0.1317, 0
0.310741, -120.0166, 145, POINT, T, VKLTPLCVTLQCTNVTNNITD-------------------------------------DMRGEIKN----CSFNM-T-TE--LRD-KK-QKE-YALF-YRLDVVQINENNGNRSNNS----------------------------K-------------KTEYRLI---NCNTSAI-T---QA, 1.6054, 0
0.319908, -128.2146, 112, POINT, N, VKLTPLCVTLQCTNVTNNITD-------------------------------------DMRGEIKN----CSFNM-T-TE--LRD-KK-QKE-YALF-YRLDVVQINENNGNNSNNS------------------------------------------NTEYRLI---NCNTSAI-T---QA, 0.0321, 0
0.333791, -128.8273, 10, POINT, N, VKLTPLCVTLNCTNVTNNITD-------------------------------------DMRGEIKN----CSFNM-T-TE--LRD-KK-QKV-YALF-YRLDVVQINENNGNRSNNS------------------------------------------NTEYRLI---NCNTSAI-T---QA, 0.0317, 1
0.338762, -127.2988, 91, POINT, E, VKLTPLCVTLNCTNVTNNITD-------------------------------------DMRGEIKN----CSFNM-T-TE--LRD-KK-QKE-YALF-YRLDVVQINENNGNRSNNS------------------------------------------NTEYRLI---NCNTSAI-T---QA, 0.0317, 1
0.350154, -119.2604, 74, POINT, I, VKLTPLCVTLNCTNVTNNITD-------------------------------------DMRGEIKN----CSFNI-T-TE--LRD-KK-QKE-YALF-YRLDVVQINENNGNRSNNS------------------------------------------NTEYRLI---NCNTSAI-T---QA, 0.0769, 0
0.334597, -102.5612, 118, POINT, T, VKLTPLCVTLNCTNVTNNITD-------------------------------------DMRGEIKN----CSFNM-T-TE--LRD-KK-QKE-YALF-YRLDVVQINENNGNRSNNE-K----------------------------------------TTEYRLI---NCNTSAI-T---QA, 1.6099, 0
0.343406, -121.4050, 74, POINT, V, VKLTPLCVTLNCTNVTNNITD-------------------------------------DMRGEIKN----CSFNV-T-TE--LRD-KK-QKE-YALF-YRLDVVQINENNGNRSNNS------------------------------------------NTEYRLI---NCNTSAI-T---QA, 0.0511, 0
0.345785, -126.8873, 161, POINT, S, VKLTPLCVTLNCTNVTNNITD-------------------------------------DMRGEIKN----CSFNM-T-TE--LRD-KK-QKE-YALF-YRLDVVQINENNGNRSNNS------------------------------------------NTSYRLI---NCNTSAI-T---QA, 0.0317, 1
0.345040, 2546.9145, 123, POINT, T, VKLTPLCVTLNCTNVTNNITD-------------------------------------DMRGEIKN----CSFNM-T-TE--LRD-KK-QKE-YALF-YRLDVVQINENNGNRSNNS------V-----------------------------------NTSYRLI---NCNTSAI-T---QA, 1.6491, 0
0.350506, -127.5545, 112, POINT, N, VKLTPLCVTLNCTNVTNNITD-------------------------------------DMRGEIKN----CSFNM-T-TE--LRD-KK-QKE-YALF-YRLDVVQINENNGNNSNNS------------------------------------------NTSYRLI---NCNTSAI-T---QA, 0.0317, 0
0.350429, -120.8690, 74, POINT, V, VKLTPLCVTLNCTNVTNNITD-------------------------------------DMRGEIKN----CSFNV-T-TE--LRD-KK-QKE-YALF-YRLDVVQINENNGNRSNNS------------------------------------------NTSYRLI---NCNTSAI-T---QA, 0.0596, 1
0.343874, -57.4104, 133, POINT, T, VKLTPLCVTLNCTNVTNNITD-------------------------------------DMRGEIKN----CSFNV-T-TE--LRD-KK-QKE-YALF-YRLDVVQINENNGNRSNNK----------------K-------------------------TTSYRLI---NCNTSAI-T---QA, 1.6145, 0
0.357178, -120.3801, 74, POINT, I, VKLTPLCVTLNCTNVTNNITD-------------------------------------DMRGEIKN----CSFNI-T-TE--LRD-KK-QKE-YALF-YRLDVVQINENNGNRSNNS------------------------------------------NTSYRLI---NCNTSAI-T---QA, 0.0593, 1
0.349871, -113.0983, 121, POINT, T, VKLTPLCVTLNCTNVTNNITD-------------------------------------DMRGEIKN----CSFNI-T-TE--LRD-KK-QKE-YALF-YRLDVVQINENNGNRSNNS----K-------------------------------------KTSYRLI---NCNTSAI-T---QA, 1.6089, 0
0.356640, -92.1827, 129, POINT, T, VKLTPLCVTLNCTNVTNNITD-------------------------------------DMRGEIKN----CSFNI-T-TE--LRD-KK-QKE-YALF-YRLDVVQINENNGNRSNNT------------S-----------------------------STSYRLI---NCNTSAI-T---QA, 1.6198, 0
0.356433, 2551.9140, 126, POINT, T, VKLTPLCVTLNCTNVTNNITD-------------------------------------DMRGEIKN----CSFNI-T-TE--LRD-KK-QKE-YALF-YRLDVVQINENNGNRSNNS---------V--------------------------------NTSYRLI---NCNTSAI-T---QA, 1.6491, 0
0.351205, -35.5091, 132, POINT, T, VKLTPLCVTLNCTNVTNNITD-------------------------------------DMRGEIKN----CSFNI-T-TE--LRD-KK-QKE-YALF-YRLDVVQINENNGNRSNNS---------------R--------------------------STSYRLI---NCNTSAI-T---QA, 1.6219, 0
0.354665, -124.1154, 110, POINT, N, VKLTPLCVTLNCTNVTNNITD-------------------------------------DMRGEIKN----CSFNV-T-TE--LRD-KK-QKE-YALF-YRLDVVQINENNNNRSNNS------------------------------------------NTSYRLI---NCNTSAI-T---QA, 0.0532, 1
0.361947, -95.9188, 174, POINT, V, VKLTPLCVTLNCTNVTNNITD-------------------------------------DMRGEIKN----CSFNV-T-TE--LRD-KK-QKE-YALF-YRLDVVQINENNNNRSNNS------------------------------------------NTSYRLI---NCNTSVI-T---QA, 0.2158, 0
0.361947, -96.2707, 174, POINT, V, VKLTPLCVTLNCTNVTNNITD-------------------------------------DMRGEIKN----CSFNV-T-TE--LRD-KK-QKE-YALF-YRLDVVQINENNNNRSNNS------------------------------------------NTSYRLI---NCNTSVI-T---QA, 0.1586, 0
0.358810, -124.2833, 107, POINT, N, VKLTPLCVTLNCTNVTNNITD-------------------------------------DMRGEIKN----CSFNV-T-TE--LRD-KK-QKE-YALF-YRLDVVQINNNNNNRSNNS------------------------------------------NTSYRLI---NCNTSAI-T---QA, 0.0532, 0
0.362556, -122.2714, 99, POINT, K, VKLTPLCVTLNCTNVTNNITD-------------------------------------DMRGEIKN----CSFNV-T-TE--LRD-KK-QKE-YALF-YKLDVVQINENNNNRSNNS------------------------------------------NTSYRLI---NCNTSAI-T---QA, 0.0532, 1
0.367354, -122.4191, 104, POINT, P, VKLTPLCVTLNCTNVTNNITD-------------------------------------DMRGEIKN----CSFNV-T-TE--LRD-KK-QKE-YALF-YKLDVVPINENNNNRSNNS------------------------------------------NTSYRLI---NCNTSAI-T---QA, 0.0532, 1
0.366498, 2544.5746, 129, POINT, T, VKLTPLCVTLNCTNVTNNITD-------------------------------------DMRGEIKN----CSFNV-T-TE--LRD-KK-QKE-YALF-YKLDVVPINENNNNRSNNS------------V-----------------------------NTSYRLI---NCNTSAI-T---QA, 1.6480, 0
0.362019, -81.4451, 121, POINT, T, VKLTPLCVTLNCTNVTNNITD-------------------------------------DMRGEIKN----CSFNV-T-TE--LRD-KK-QKE-YALF-YKLDVVPINENNNNRSNNS----K-------------------------------------STSYRLI---NCNTSAI-T---QA, 1.6267, 0
0.373238, -121.7590, 112, POINT, T, VKLTPLCVTLNCTNVTNNITD-------------------------------------DMRGEIKN----CSFNV-T-TE--LRD-KK-QKE-YALF-YKLDVVPINENNNNTSNNS------------------------------------------NTSYRLI---NCNTSAI-T---QA, 0.0532, 0
0.366498, 2546.5326, 121, POINT, T, VKLTPLCVTLNCTNVTNNITD-------------------------------------DMRGEIKN----CSFNV-T-TE--LRD-KK-QKE-YALF-YKLDVVPINENNNNRSNNS----V-------------------------------------NTSYRLI---NCNTSAI-T---QA, 1.6473, 0
0.367354, -122.5842, 104, POINT, P, VKLTPLCVTLNCTNVTNNITD-------------------------------------DMRGEIKN----CSFNV-T-TE--LRD-KK-QKE-YALF-YKLDVVPINENNNNRSNNS------------------------------------------NTSYRLI---NCNTSAI-T---QA, 0.0539, 0
0.358943, -72.8518, 143, POINT, T, VKLTPLCVTLNCTNVTNNITD-------------------------------------DMRGEIKN----CSFNV-T-TE--LRD-KK-QKE-YALF-YKLDVVQINENNNNRSNNT--------------------------K---------------STSYRLI---NCNTSAI-T---QA, 1.6219, 0
0.357747, -96.5795, 117, POINT, T, VKLTPLCVTLNCTNVTNNITD-------------------------------------DMRGEIKN----CSFNV-T-TE--LRD-KK-QKE-YALF-YKLDVVQINENNNNRSNNTS-----------------------------------------HTSYRLI---NCNTSAI-T---QA, 1.6232, 0
0.369305, -120.9730, 74, POINT, I, VKLTPLCVTLNCTNVTNNITD-------------------------------------DMRGEIKN----CSFNI-T-TE--LRD-KK-QKE-YALF-YKLDVVQINENNNNRSNNS------------------------------------------NTSYRLI---NCNTSAI-T---QA, 0.0532, 0
0.358810, -124.2833, 107, POINT, N, VKLTPLCVTLNCTNVTNNITD-------------------------------------DMRGEIKN----CSFNV-T-TE--LRD-KK-QKE-YALF-YRLDVVQINNNNNNRSNNS------------------------------------------NTSYRLI---NCNTSAI-T---QA, 0.0532, 0
0.362556, -122.2714, 99, POINT, K, VKLTPLCVTLNCTNVTNNITD-------------------------------------DMRGEIKN----CSFNV-T-TE--LRD-KK-QKE-YALF-YKLDVVQINENNNNRSNNS------------------------------------------NTSYRLI---NCNTSAI-T---QA, 0.0532, 1
0.357636, -114.0821, 117, POINT, T, VKLTPLCVTLNCTNVTNNITD-------------------------------------DMRGEIKN----CSFNV-T-TE--LRD-KK-QKE-YALF-YKLDVVQINENNNNRSNNSS-----------------------------------------KTSYRLI---NCNTSAI-T---QA, 1.6108, 1
0.364532, 117.3355, 132, POINT, T, VKLTPLCVTLNCTNVTNNITD-------------------------------------DMRGEIKN----CSFNV-T-TE--LRD-KK-QKE-YALF-YKLDVVQINENNNNRSNNSS--------------T--------------------------STSYRLI---NCNTSAI-T---QA, 2.5695, 0
0.365013, -114.1072, 159, POINT, N, VKLTPLCVTLNCTNVTNNITD-------------------------------------DMRGEIKN----CSFNV-T-TE--LRD-KK-QKE-YALF-YKLDVVQINENNNNRSNNSS-----------------------------------------NTSYRLI---NCNTSAI-T---QA, 1.6108, 0
0.359886, 929.4352, 120, POINT, T, VKLTPLCVTLNCTNVTNNITD-------------------------------------DMRGEIKN----CSFNV-T-TE--LRD-KK-QKE-YALF-YKLDVVQINENNNNRSNNSN--V--------------------------------------KTSYRLI---NCNTSAI-T---QA, 2.6154, 0
0.359886, 928.6928, 129, POINT, T, VKLTPLCVTLNCTNVTNNITD-------------------------------------DMRGEIKN----CSFNV-T-TE--LRD-KK-QKE-YALF-YKLDVVQINENNNNRSNNSN-----------V-----------------------------KTSYRLI---NCNTSAI-T---QA, 2.6113, 0
0.369305, -120.9730, 74, POINT, I, VKLTPLCVTLNCTNVTNNITD-------------------------------------DMRGEIKN----CSFNI-T-TE--LRD-KK-QKE-YALF-YKLDVVQINENNNNRSNNS------------------------------------------NTSYRLI---NCNTSAI-T---QA, 0.0532, 0
0.367354, -122.4191, 104, POINT, P, VKLTPLCVTLNCTNVTNNITD-------------------------------------DMRGEIKN----CSFNV-T-TE--LRD-KK-QKE-YALF-YKLDVVPINENNNNRSNNS------------------------------------------NTSYRLI---NCNTSAI-T---QA, 0.0532, 1
0.374102, -121.8478, 74, POINT, I, VKLTPLCVTLNCTNVTNNITD-------------------------------------DMRGEIKN----CSFNI-T-TE--LRD-KK-QKE-YALF-YKLDVVPINENNNNRSNNS------------------------------------------NTSYRLI---NCNTSAI-T---QA, 0.0494, 0
0.365147, -92.1921, 118, POINT, T, VKLTPLCVTLNCTNVTNNITD-------------------------------------DMRGEIKN----CSFNV-T-TE--LRD-KK-QKE-YALF-YKLDVVPINENNNNRSNNS-S----------------------------------------STSYRLI---NCNTSAI-T---QA, 1.6251, 0
0.358868, -3.0967, 117, POINT, T, VKLTPLCVTLNCTNVTNNITD-------------------------------------DMRGEIKN----CSFNV-T-TE--LRD-KK-QKE-YALF-YKLDVVPINENNNNRSNNES-----------------------------------------ETSYRLI---NCNTSAI-T---QA, 1.6161, 0
0.374102, -121.1208, 74, POINT, I, VKLTPLCVTLNCTNVTNNITD-------------------------------------DMRGEIKN----CSFNI-T-TE--LRD-KK-QKE-YALF-YKLDVVPINENNNNRSNNS------------------------------------------NTSYRLI---NCNTSAI-T---QA, 0.0532, 0
0.363265, -90.3251, 129, POINT, T, VKLTPLCVTLNCTNVTNNITD-------------------------------------DMRGEIKN----CSFNV-T-TE--LRD-KK-QKE-YALF-YKLDVVQINENNNNRSNNN------------S-----------------------------TTSYRLI---NCNTSAI-T---QA, 1.6132, 0
0.369305, -121.4854, 74, POINT, I, VKLTPLCVTLNCTNVTNNITD-------------------------------------DMRGEIKN----CSFNI-T-TE--LRD-KK-QKE-YALF-YKLDVVQINENNNNRSNNS------------------------------------------NTSYRLI---NCNTSAI-T---QA, 0.0362, 0
0.366827, -121.9167, 112, POINT, S, VKLTPLCVTLNCTNVTNNITD-------------------------------------DMRGEIKN----CSFNV-T-TE--LRD-KK-QKE-YALF-YKLDVVQINENNNNSSNNS------------------------------------------NTSYRLI---NCNTSAI-T---QA, 0.0532, 0
0.369305, -120.9730, 74, POINT, I, VKLTPLCVTLNCTNVTNNITD-------------------------------------DMRGEIKN----CSFNI-T-TE--LRD-KK-QKE-YALF-YKLDVVQINENNNNRSNNS------------------------------------------NTSYRLI---NCNTSAI-T---QA, 0.0532, 1
0.365355, -103.2911, 138, POINT, T, VKLTPLCVTLNCTNVTNNITD-------------------------------------DMRGEIKN----CSFNI-T-TE--LRD-KK-QKE-YALF-YKLDVVQINENNNNRSNNS---------------------T--------------------ETSYRLI---NCNTSAI-T---QA, 1.6129, 0
0.362936, -72.9303, 117, POINT, T, VKLTPLCVTLNCTNVTNNITD-------------------------------------DMRGEIKN----CSFNI-T-TE--LRD-KK-QKE-YALF-YKLDVVQINENNNNRSNNDT-----------------------------------------KTSYRLI---NCNTSAI-T---QA, 1.6763, 0
0.365916, -107.3988, 117, POINT, T, VKLTPLCVTLNCTNVTNNITD-------------------------------------DMRGEIKN----CSFNI-T-TE--LRD-KK-QKE-YALF-YKLDVVQINENNNNRSNNDK-----------------------------------------NTSYRLI---NCNTSAI-T---QA, 1.6114, 0
0.376587, -91.6001, 174, POINT, V, VKLTPLCVTLNCTNVTNNITD-------------------------------------DMRGEIKN----CSFNI-T-TE--LRD-KK-QKE-YALF-YKLDVVQINENNNNRSNNS------------------------------------------NTSYRLI---NCNTSVI-T---QA, 0.1621, 0
0.361701, 2545.4806, 134, POINT, T, VKLTPLCVTLNCTNVTNNITD-------------------------------------DMRGEIKN----CSFNV-T-TE--LRD-KK-QKE-YALF-YKLDVVQINENNNNRSNNS-----------------V------------------------NTSYRLI---NCNTSAI-T---QA, 1.6511, 0
0.362716, -109.4514, 121, POINT, T, VKLTPLCVTLNCTNVTNNITD-------------------------------------DMRGEIKN----CSFNV-T-TE--LRD-KK-QKE-YALF-YKLDVVQINENNNNRSNNS----T-------------------------------------TTSYRLI---NCNTSAI-T---QA, 1.6115, 0
0.366806, -122.6740, 107, POINT, N, VKLTPLCVTLNCTNVTNNITD-------------------------------------DMRGEIKN----CSFNV-T-TE--LRD-KK-QKE-YALF-YKLDVVQINNNNNNRSNNS------------------------------------------NTSYRLI---NCNTSAI-T---QA, 0.0486, 1
0.362374, -111.6436, 126, POINT, T, VKLTPLCVTLNCTNVTNNITD-------------------------------------DMRGEIKN----CSFNV-T-TE--LRD-KK-QKE-YALF-YKLDVVQINNNNNNRSNNT---------S--------------------------------QTSYRLI---NCNTSAI-T---QA, 1.6126, 0
0.363728, -61.7673, 144, POINT, T, VKLTPLCVTLNCTNVTNNITD-------------------------------------DMRGEIKN----CSFNV-T-TE--LRD-KK-QKE-YALF-YKLDVVQINNNNNNRSNNT---------------------------S--------------KTSYRLI---NCNTSAI-T---QA, 1.6325, 0
0.374089, -93.8803, 174, POINT, V, VKLTPLCVTLNCTNVTNNITD-------------------------------------DMRGEIKN----CSFNV-T-TE--LRD-KK-QKE-YALF-YKLDVVQINNNNNNRSNNS------------------------------------------NTSYRLI---NCNTSVI-T---QA, 0.1032, 0
0.374089, -94.3837, 174, POINT, V, VKLTPLCVTLNCTNVTNNITD-------------------------------------DMRGEIKN----CSFNV-T-TE--LRD-KK-QKE-YALF-YKLDVVQINNNNNNRSNNS------------------------------------------NTSYRLI---NCNTSVI-T---QA, 0.1306, 0
0.361701, 2545.1032, 131, POINT, T, VKLTPLCVTLNCTNVTNNITD-------------------------------------DMRGEIKN----CSFNV-T-TE--LRD-KK-QKE-YALF-YKLDVVQINENNNNRSNNS--------------V---------------------------NTSYRLI---NCNTSAI-T---QA, 1.6491, 0
0.369305, -120.9730, 74, POINT, I, VKLTPLCVTLNCTNVTNNITD-------------------------------------DMRGEIKN----CSFNI-T-TE--LRD-KK-QKE-YALF-YKLDVVQINENNNNRSNNS------------------------------------------NTSYRLI---NCNTSAI-T---QA, 0.0532, 0
0.367354, -122.4191, 104, POINT, P, VKLTPLCVTLNCTNVTNNITD-------------------------------------DMRGEIKN----CSFNV-T-TE--LRD-KK-QKE-YALF-YKLDVVPINENNNNRSNNS------------------------------------------NTSYRLI---NCNTSAI-T---QA, 0.0532, 1
0.366498, 2546.4691, 118, POINT, T, VKLTPLCVTLNCTNVTNNITD-------------------------------------DMRGEIKN----CSFNV-T-TE--LRD-KK-QKE-YALF-YKLDVVPINENNNNRSNNS-V----------------------------------------NTSYRLI---NCNTSAI-T---QA, 1.6463, 0
0.358955, -85.0048, 133, POINT, T, VKLTPLCVTLNCTNVTNNITD-------------------------------------DMRGEIKN----CSFNV-T-TE--LRD-KK-QKE-YALF-YKLDVVPINENNNNRSNNT----------------Q-------------------------QTSYRLI---NCNTSAI-T---QA, 1.6185, 0
0.366498, 2998.2328, 125, POINT, T, VKLTPLCVTLNCTNVTNNITD-------------------------------------DMRGEIKN----CSFNV-T-TE--LRD-KK-QKE-YALF-YKLDVVPINENNNNRSNNS--------V---------------------------------NTSYRLI---NCNTSAI-T---QA, 8.0543, 0
0.360141, -103.9509, 121, POINT, T, VKLTPLCVTLNCTNVTNNITD-------------------------------------DMRGEIKN----CSFNV-T-TE--LRD-KK-QKE-YALF-YKLDVVPINENNNNRSNNE----K-------------------------------------TTSYRLI---NCNTSAI-T---QA, 1.6082, 0
0.367354, -122.6952, 104, POINT, P, VKLTPLCVTLNCTNVTNNITD-------------------------------------DMRGEIKN----CSFNV-T-TE--LRD-KK-QKE-YALF-YKLDVVPINENNNNRSNNS------------------------------------------NTSYRLI---NCNTSAI-T---QA, 0.0356, 0
0.367354, -122.4191, 104, POINT, P, VKLTPLCVTLNCTNVTNNITD-------------------------------------DMRGEIKN----CSFNV-T-TE--LRD-KK-QKE-YALF-YKLDVVPINENNNNRSNNS------------------------------------------NTSYRLI---NCNTSAI-T---QA, 0.0532, 1
0.374636, -93.7386, 174, POINT, V, VKLTPLCVTLNCTNVTNNITD-------------------------------------DMRGEIKN----CSFNV-T-TE--LRD-KK-QKE-YALF-YKLDVVPINENNNNRSNNS------------------------------------------NTSYRLI---NCNTSVI-T---QA, 0.1322, 0
0.371651, -122.0442, 112, POINT, S, VKLTPLCVTLNCTNVTNNITD-------------------------------------DMRGEIKN----CSFNV-T-TE--LRD-KK-QKE-YALF-YKLDVVPINENNNNSSNNS------------------------------------------NTSYRLI---NCNTSAI-T---QA, 0.0532, 1
0.368203, 131.9066, 134, POINT, T, VKLTPLCVTLNCTNVTNNITD-------------------------------------DMRGEIKN----CSFNV-T-TE--LRD-KK-QKE-YALF-YKLDVVPINENNNNSSNNS-----------------D------------------------TTSYRLI---NCNTSAI-T---QA, 1.6283, 0
0.371487, 2547.3709, 125, POINT, T, VKLTPLCVTLNCTNVTNNITD-------------------------------------DMRGEIKN----CSFNV-T-TE--LRD-KK-QKE-YALF-YKLDVVPINENNNNSSNNS--------V---------------------------------NTSYRLI---NCNTSAI-T---QA, 1.6480, 0
0.367224, -111.4131, 123, POINT, T, VKLTPLCVTLNCTNVTNNITD-------------------------------------DMRGEIKN----CSFNV-T-TE--LRD-KK-QKE-YALF-YKLDVVPINENNNNSSNNS------S-----------------------------------DTSYRLI---NCNTSAI-T---QA, 1.6092, 1
0.369213, 1968.5628, 131, POINT, T, VKLTPLCVTLNCTNVTNNITD-------------------------------------DMRGEIKN----CSFNV-T-TE--LRD-KK-QKE-YALF-YKLDVVPINENNNNSSNNS------N-------V---------------------------KTSYRLI---NCNTSAI-T---QA, 2.6113, 0
0.374507, -83.9904, 174, POINT, V, VKLTPLCVTLNCTNVTNNITD-------------------------------------DMRGEIKN----CSFNV-T-TE--LRD-KK-QKE-YALF-YKLDVVPINENNNNSSNNS------S-----------------------------------DTSYRLI---NCNTSVI-T---QA, 1.6133, 0
0.374507, -80.7710, 174, POINT, V, VKLTPLCVTLNCTNVTNNITD-------------------------------------DMRGEIKN----CSFNV-T-TE--LRD-KK-QKE-YALF-YKLDVVPINENNNNSSNNS------S-----------------------------------DTSYRLI---NCNTSVI-T---QA, 1.6148, 0
0.369213, 1968.0677, 143, POINT, T, VKLTPLCVTLNCTNVTNNITD-------------------------------------DMRGEIKN----CSFNV-T-TE--LRD-KK-QKE-YALF-YKLDVVPINENNNNSSNNS------N-------------------V---------------KTSYRLI---NCNTSAI-T---QA, 2.6114, 0
0.368536, -100.1118, 158, POINT, T, VKLTPLCVTLNCTNVTNNITD-------------------------------------DMRGEIKN----CSFNV-T-TE--LRD-KK-QKE-YALF-YKLDVVPINENNNNSSNNN-----------------------------------------KSTSYRLI---NCNTSAI-T---QA, 1.6287, 0
0.370044, -65.2183, 158, POINT, T, VKLTPLCVTLNCTNVTNNITD-------------------------------------DMRGEIKN----CSFNV-T-TE--LRD-KK-QKE-YALF-YKLDVVPINENNNNSSNNN-----------------------------------------TKTSYRLI---NCNTSAI-T---QA, 1.6729, 0
0.374252, -84.6683, 158, POINT, T, VKLTPLCVTLNCTNVTNNITD-------------------------------------DMRGEIKN----CSFNV-T-TE--LRD-KK-QKE-YALF-YKLDVVPINENNNNSSNNT-----------------------------------------TSTSYRLI---NCNTSAI-T---QA, 1.6237, 0
0.361066, -76.6049, 138, POINT, T, VKLTPLCVTLNCTNVTNNITD-------------------------------------DMRGEIKN----CSFNV-T-TE--LRD-KK-QKE-YALF-YKLDVVPINENNNNSSNND---------------------E--------------------KTSYRLI---NCNTSAI-T---QA, 1.6771, 0
0.374102, -121.2510, 74, POINT, I, VKLTPLCVTLNCTNVTNNITD-------------------------------------DMRGEIKN----CSFNI-T-TE--LRD-KK-QKE-YALF-YKLDVVPINENNNNRSNNS------------------------------------------NTSYRLI---NCNTSAI-T---QA, 0.0299, 0
0.362212, -32.1862, 133, POINT, T, VKLTPLCVTLNCTNVTNNITD-------------------------------------DMRGEIKN----CSFNV-T-TE--LRD-KK-QKE-YALF-YKLDVVPINENNNNRSNNS----------------E-------------------------TTSYRLI---NCNTSAI-T---QA, 1.6134, 0
0.374102, -121.1208, 74, POINT, I, VKLTPLCVTLNCTNVTNNITD-------------------------------------DMRGEIKN----CSFNI-T-TE--LRD-KK-QKE-YALF-YKLDVVPINENNNNRSNNS------------------------------------------NTSYRLI---NCNTSAI-T---QA, 0.0532, 0
0.371900, -122.5870, 107, POINT, N, VKLTPLCVTLNCTNVTNNITD-------------------------------------DMRGEIKN----CSFNV-T-TE--LRD-KK-QKE-YALF-YKLDVVPINNNNNNRSNNS------------------------------------------NTSYRLI---NCNTSAI-T---QA, 0.0532, 1
0.378648, -121.6435, 74, POINT, I, VKLTPLCVTLNCTNVTNNITD-------------------------------------DMRGEIKN----CSFNI-T-TE--LRD-KK-QKE-YALF-YKLDVVPINNNNNNRSNNS------------------------------------------NTSYRLI---NCNTSAI-T---QA, 0.0474, 1
0.377793, 2936.4572, 143, POINT, T, VKLTPLCVTLNCTNVTNNITD-------------------------------------DMRGEIKN----CSFNI-T-TE--LRD-KK-QKE-YALF-YKLDVVPINNNNNNRSNNS--------------------------V---------------NTSYRLI---NCNTSAI-T---QA, 7.0903, 0
0.385931, -88.7728, 174, POINT, V, VKLTPLCVTLNCTNVTNNITD-------------------------------------DMRGEIKN----CSFNI-T-TE--LRD-KK-QKE-YALF-YKLDVVPINNNNNNRSNNS------------------------------------------NTSYRLI---NCNTSVI-T---QA, 0.1375, 0
0.376611, -65.7889, 119, POINT, T, VKLTPLCVTLNCTNVTNNITD-------------------------------------DMRGEIKN----CSFNI-T-TE--LRD-KK-QKE-YALF-YKLDVVPINNNNNNRSNNN--N---------------------------------------KTSYRLI---NCNTSAI-T---QA, 1.6710, 0
0.373728, -18.3557, 133, POINT, T, VKLTPLCVTLNCTNVTNNITD-------------------------------------DMRGEIKN----CSFNI-T-TE--LRD-KK-QKE-YALF-YKLDVVPINNNNNNRSNNS----------------S-------------------------KTSYRLI---NCNTSAI-T---QA, 1.6129, 0
0.366980, -84.5090, 143, POINT, T, VKLTPLCVTLNCTNVTNNITD-------------------------------------DMRGEIKN----CSFNV-T-TE--LRD-KK-QKE-YALF-YKLDVVPINNNNNNRSNNS--------------------------S---------------KTSYRLI---NCNTSAI-T---QA, 1.6344, 0
0.379182, -92.8134, 174, POINT, V, VKLTPLCVTLNCTNVTNNITD-------------------------------------DMRGEIKN----CSFNV-T-TE--LRD-KK-QKE-YALF-YKLDVVPINNNNNNRSNNS------------------------------------------NTSYRLI---NCNTSVI-T---QA, 0.1431, 0
0.367468, -111.6105, 138, POINT, T, VKLTPLCVTLNCTNVTNNITD-------------------------------------DMRGEIKN----CSFNV-T-TE--LRD-KK-QKE-YALF-YKLDVVPINNNNNNRSNNT---------------------S--------------------QTSYRLI---NCNTSAI-T---QA, 1.6106, 0
0.376143, -122.2643, 112, POINT, S, VKLTPLCVTLNCTNVTNNITD-------------------------------------DMRGEIKN----CSFNV-T-TE--LRD-KK-QKE-YALF-YKLDVVPINNNNNNSSNNS------------------------------------------NTSYRLI---NCNTSAI-T---QA, 0.0332, 0
0.363741, 16.1196, 121, POINT, T, VKLTPLCVTLNCTNVTNNITD-------------------------------------DMRGEIKN----CSFNV-T-TE--LRD-KK-QKE-YALF-YKLDVVPINENNNNRSNNT----K-------------------------------------STSYRLI---NCNTSAI-T---QA, 1.6159, 0
0.371900, -122.5870, 107, POINT, N, VKLTPLCVTLNCTNVTNNITD-------------------------------------DMRGEIKN----CSFNV-T-TE--LRD-KK-QKE-YALF-YKLDVVPINNNNNNRSNNS------------------------------------------NTSYRLI---NCNTSAI-T---QA, 0.0532, 0
0.371900, -122.5870, 107, POINT, N, VKLTPLCVTLNCTNVTNNITD-------------------------------------DMRGEIKN----CSFNV-T-TE--LRD-KK-QKE-YALF-YKLDVVPINNNNNNRSNNS------------------------------------------NTSYRLI---NCNTSAI-T---QA, 0.0532, 1
0.361249, -46.9214, 126, POINT, T, VKLTPLCVTLNCTNVTNNITD-------------------------------------DMRGEIKN----CSFNV-T-TE--LRD-KK-QKE-YALF-YKLDVVPINNNNNNRSNND---------E--------------------------------KTSYRLI---NCNTSAI-T---QA, 1.6762, 0
0.363333, 74.6906, 125, POINT, T, VKLTPLCVTLNCTNVTNNITD-------------------------------------DMRGEIKN----CSFNV-T-TE--LRD-KK-QKE-YALF-YKLDVVPINNNNNNRSNNS--------D---------------------------------HTSYRLI---NCNTSAI-T---QA, 1.6495, 0
0.366564, -65.7061, 125, POINT, T, VKLTPLCVTLNCTNVTNNITD-------------------------------------DMRGEIKN----CSFNV-T-TE--LRD-KK-QKE-YALF-YKLDVVPINNNNNNRSNNS--------K---------------------------------STSYRLI---NCNTSAI-T---QA, 1.6236, 0
0.379182, -92.7536, 174, POINT, V, VKLTPLCVTLNCTNVTNNITD-------------------------------------DMRGEIKN----CSFNV-T-TE--LRD-KK-QKE-YALF-YKLDVVPINNNNNNRSNNS------------------------------------------NTSYRLI---NCNTSVI-T---QA, 0.1715, 0
0.374636, -92.3086, 174, POINT, V, VKLTPLCVTLNCTNVTNNITD-------------------------------------DMRGEIKN----CSFNV-T-TE--LRD-KK-QKE-YALF-YKLDVVPINENNNNRSNNS------------------------------------------NTSYRLI---NCNTSVI-T---QA, 0.1557, 0
0.356013, -99.8532, 125, POINT, T, VKLTPLCVTLNCTNVTNNITD-------------------------------------DMRGEIKN----CSFNV-T-TE--LRD-KK-QKE-YALF-YKLDVVPINENNNNRSNNE--------K---------------------------------QTSYRLI---NCNTSAI-T---QA, 1.6091, 0
0.371651, -122.0442, 112, POINT, S, VKLTPLCVTLNCTNVTNNITD-------------------------------------DMRGEIKN----CSFNV-T-TE--LRD-KK-QKE-YALF-YKLDVVPINENNNNSSNNS------------------------------------------NTSYRLI---NCNTSAI-T---QA, 0.0532, 1
0.378934, -93.7354, 174, POINT, V, VKLTPLCVTLNCTNVTNNITD-------------------------------------DMRGEIKN----CSFNV-T-TE--LRD-KK-QKE-YALF-YKLDVVPINENNNNSSNNS------------------------------------------NTSYRLI---NCNTSVI-T---QA, 0.1274, 0
0.370225, -97.1048, 137, POINT, T, VKLTPLCVTLNCTNVTNNITD-------------------------------------DMRGEIKN----CSFNV-T-TE--LRD-KK-QKE-YALF-YKLDVVPINENNNNSSNNS--------------------S---------------------STSYRLI---NCNTSAI-T---QA, 1.6230, 0
0.378934, -92.4172, 174, POINT, V, VKLTPLCVTLNCTNVTNNITD-------------------------------------DMRGEIKN----CSFNV-T-TE--LRD-KK-QKE-YALF-YKLDVVPINENNNNSSNNS------------------------------------------NTSYRLI---NCNTSVI-T---QA, 0.1922, 0
0.366776, -87.3420, 118, POINT, T, VKLTPLCVTLNCTNVTNNITD-------------------------------------DMRGEIKN----CSFNV-T-TE--LRD-KK-QKE-YALF-YKLDVVPINENNNNSSNNS-K----------------------------------------STSYRLI---NCNTSAI-T---QA, 1.6303, 0
0.374636, -91.4282, 174, POINT, V, VKLTPLCVTLNCTNVTNNITD-------------------------------------DMRGEIKN----CSFNV-T-TE--LRD-KK-QKE-YALF-YKLDVVPINENNNNRSNNS------------------------------------------NTSYRLI---NCNTSVI-T---QA, 0.1521, 0
0.371900, -122.9299, 107, POINT, N, VKLTPLCVTLNCTNVTNNITD-------------------------------------DMRGEIKN----CSFNV-T-TE--LRD-KK-QKE-YALF-YKLDVVPINNNNNNRSNNS------------------------------------------NTSYRLI---NCNTSAI-T---QA, 0.0460, 0
0.360354, 10.8074, 125, POINT, T, VKLTPLCVTLNCTNVTNNITD-------------------------------------DMRGEIKN----CSFNV-T-TE--LRD-KK-QKE-YALF-YKLDVVPINENNNNRSNNT--------Q---------------------------------KTSYRLI---NCNTSAI-T---QA, 1.6116, 0
0.374636, -92.1980, 174, POINT, V, VKLTPLCVTLNCTNVTNNITD-------------------------------------DMRGEIKN----CSFNV-T-TE--LRD-KK-QKE-YALF-YKLDVVPINENNNNRSNNS------------------------------------------NTSYRLI---NCNTSVI-T---QA, 0.1326, 0
0.369839, -91.5841, 174, POINT, V, VKLTPLCVTLNCTNVTNNITD-------------------------------------DMRGEIKN----CSFNV-T-TE--LRD-KK-QKE-YALF-YKLDVVQINENNNNRSNNS------------------------------------------NTSYRLI---NCNTSVI-T---QA, 0.1537, 0
0.367354, -122.8652, 104, POINT, P, VKLTPLCVTLNCTNVTNNITD-------------------------------------DMRGEIKN----CSFNV-T-TE--LRD-KK-QKE-YALF-YKLDVVPINENNNNRSNNS------------------------------------------NTSYRLI---NCNTSAI-T---QA, 0.0294, 0
0.366827, -121.9167, 112, POINT, S, VKLTPLCVTLNCTNVTNNITD-------------------------------------DMRGEIKN----CSFNV-T-TE--LRD-KK-QKE-YALF-YKLDVVQINENNNNSSNNS------------------------------------------NTSYRLI---NCNTSAI-T---QA, 0.0532, 0
0.369839, -90.6333, 174, POINT, V, VKLTPLCVTLNCTNVTNNITD-------------------------------------DMRGEIKN----CSFNV-T-TE--LRD-KK-QKE-YALF-YKLDVVQINENNNNRSNNS------------------------------------------NTSYRLI---NCNTSVI-T---QA, 0.1361, 0
0.342498, -75.3841, 123, POINT, T, VKLTPLCVTLNCTNVTNNITD-------------------------------------DMRGEIKN----CSFNV-T-TE--LRD-KK-QKE-YALF-YRLDVVQINENNNNRSNNK------Q-----------------------------------QTSYRLI---NCNTSAI-T---QA, 1.6166, 0
0.358787, -124.3680, 104, POINT, P, VKLTPLCVTLNCTNVTNNITD-------------------------------------DMRGEIKN----CSFNV-T-TE--LRD-KK-QKE-YALF-YRLDVVPINENNNNRSNNS------------------------------------------NTSYRLI---NCNTSAI-T---QA, 0.0532, 0
0.361413, -122.8171, 74, POINT, I, VKLTPLCVTLNCTNVTNNITD-------------------------------------DMRGEIKN----CSFNI-T-TE--LRD-KK-QKE-YALF-YRLDVVQINENNNNRSNNS------------------------------------------NTSYRLI---NCNTSAI-T---QA, 0.0532, 1
0.354403, 62.4746, 117, POINT, T, VKLTPLCVTLNCTNVTNNITD-------------------------------------DMRGEIKN----CSFNI-T-TE--LRD-KK-QKE-YALF-YRLDVVQINENNNNRSNNSD-----------------------------------------DTSYRLI---NCNTSAI-T---QA, 1.6223, 0
0.365559, -122.9849, 107, POINT, N, VKLTPLCVTLNCTNVTNNITD-------------------------------------DMRGEIKN----CSFNI-T-TE--LRD-KK-QKE-YALF-YRLDVVQINNNNNNRSNNS------------------------------------------NTSYRLI---NCNTSAI-T---QA, 0.0532, 0
0.370251, -109.6219, 49, POINT, M, VKLTPLCVTLNCTNVTNNITN----------------------------N--------SMRGEIKN----CSFNI-T-TE--LRD-KK-QKE-YALF-YRLDVVQINENNNNRSNNS------------------------------------------NTSYRLI---NCNTSAI-T---QA, 3.2108, 0
0.367258, -122.1772, 112, POINT, T, VKLTPLCVTLNCTNVTNNITD-------------------------------------DMRGEIKN----CSFNI-T-TE--LRD-KK-QKE-YALF-YRLDVVQINENNNNTSNNS------------------------------------------NTSYRLI---NCNTSAI-T---QA, 0.0532, 0
0.346758, -68.8155, 123, POINT, T, VKLTPLCVTLNCTNVTNNITD-------------------------------------DMRGEIKN----CSFNV-T-TE--LRD-KK-QKE-YALF-YRLDVVQINENNNNRSNND------S-----------------------------------KTSYRLI---NCNTSAI-T---QA, 1.6783, 0
0.359686, -124.7826, 112, POINT, N, VKLTPLCVTLNCTNVTNNITD-------------------------------------DMRGEIKN----CSFNV-T-TE--LRD-KK-QKE-YALF-YRLDVVQINENNNNNSNNS------------------------------------------NTSYRLI---NCNTSAI-T---QA, 0.0532, 1
0.359276, 2542.5245, 131, POINT, T, VKLTPLCVTLNCTNVTNNITD-------------------------------------DMRGEIKN----CSFNV-T-TE--LRD-KK-QKE-YALF-YRLDVVQINENNNNNSNNS--------------V---------------------------NTSYRLI---NCNTSAI-T---QA, 1.6479, 0
0.355596, -75.0314, 138, POINT, T, VKLTPLCVTLNCTNVTNNITD-------------------------------------DMRGEIKN----CSFNV-T-TE--LRD-KK-QKE-YALF-YRLDVVQINENNNNNSNNT---------------------E--------------------STSYRLI---NCNTSAI-T---QA, 1.6269, 0
0.366434, -123.4842, 74, POINT, I, VKLTPLCVTLNCTNVTNNITD-------------------------------------DMRGEIKN----CSFNI-T-TE--LRD-KK-QKE-YALF-YRLDVVQINENNNNNSNNS------------------------------------------NTSYRLI---NCNTSAI-T---QA, 0.0532, 1
0.357796, -116.5746, 137, POINT, T, VKLTPLCVTLNCTNVTNNITD-------------------------------------DMRGEIKN----CSFNI-T-TE--LRD-KK-QKE-YALF-YRLDVVQINENNNNNSNNS--------------------K---------------------QTSYRLI---NCNTSAI-T---QA, 1.6053, 1
0.372467, 478.8097, 144, POINT, T, VKLTPLCVTLNCTNVTNNITD-------------------------------------DMRGEIKN----CSFNI-T-TE--LRD-KK-QKE-YALF-YRLDVVQINENNNNNSNNS--------------------N------N--------------STSYRLI---NCNTSAI-T---QA, 2.5776, 0
0.363787, 2074.1187, 143, POINT, T, VKLTPLCVTLNCTNVTNNITD-------------------------------------DMRGEIKN----CSFNI-T-TE--LRD-KK-QKE-YALF-YRLDVVQINENNNNNSNNS--------------------N-----V---------------KTSYRLI---NCNTSAI-T---QA, 2.6109, 0
0.365079, -88.1829, 174, POINT, V, VKLTPLCVTLNCTNVTNNITD-------------------------------------DMRGEIKN----CSFNI-T-TE--LRD-KK-QKE-YALF-YRLDVVQINENNNNNSNNS--------------------K---------------------QTSYRLI---NCNTSVI-T---QA, 1.6080, 0
0.363787, 2073.6074, 138, POINT, T, VKLTPLCVTLNCTNVTNNITD-------------------------------------DMRGEIKN----CSFNI-T-TE--LRD-KK-QKE-YALF-YRLDVVQINENNNNNSNNS--------------------NV--------------------KTSYRLI---NCNTSAI-T---QA, 2.6093, 0
0.373717, -94.2679, 174, POINT, V, VKLTPLCVTLNCTNVTNNITD-------------------------------------DMRGEIKN----CSFNI-T-TE--LRD-KK-QKE-YALF-YRLDVVQINENNNNNSNNS------------------------------------------NTSYRLI---NCNTSVI-T---QA, 0.1215, 0
0.362517, 11.7040, 153, POINT, T, VKLTPLCVTLNCTNVTNNITD-------------------------------------DMRGEIKN----CSFNI-T-TE--LRD-KK-QKE-YALF-YRLDVVQINENNNNNSNNR------------------------------------N-----STSYRLI---NCNTSAI-T---QA, 1.6272, 0
0.363207, -99.2577, 127, POINT, T, VKLTPLCVTLNCTNVTNNITD-------------------------------------DMRGEIKN----CSFNI-T-TE--LRD-KK-QKE-YALF-YRLDVVQINENNNNNSNNN----------K-------------------------------STSYRLI---NCNTSAI-T---QA, 1.6246, 0
0.373717, -94.0528, 174, POINT, V, VKLTPLCVTLNCTNVTNNITD-------------------------------------DMRGEIKN----CSFNI-T-TE--LRD-KK-QKE-YALF-YRLDVVQINENNNNNSNNS------------------------------------------NTSYRLI---NCNTSVI-T---QA, 0.0975, 0
0.366434, -123.4842, 74, POINT, I, VKLTPLCVTLNCTNVTNNITD-------------------------------------DMRGEIKN----CSFNI-T-TE--LRD-KK-QKE-YALF-YRLDVVQINENNNNNSNNS------------------------------------------NTSYRLI---NCNTSAI-T---QA, 0.0532, 0
0.356156, 61.3526, 158, POINT, T, VKLTPLCVTLNCTNVTNNITD-------------------------------------DMRGEIKN----CSFNV-T-TE--LRD-KK-QKE-YALF-YRLDVVQINENNNNNSNNS-----------------------------------------DTTSYRLI---NCNTSAI-T---QA, 1.6269, 0
0.367577, -122.9385, 99, POINT, K, VKLTPLCVTLNCTNVTNNITD-------------------------------------DMRGEIKN----CSFNV-T-TE--LRD-KK-QKE-YALF-YKLDVVQINENNNNNSNNS------------------------------------------NTSYRLI---NCNTSAI-T---QA, 0.0532, 1
0.359021, -114.2099, 120, POINT, T, VKLTPLCVTLNCTNVTNNITD-------------------------------------DMRGEIKN----CSFNV-T-TE--LRD-KK-QKE-YALF-YKLDVVQINENNNNNSNNK---E--------------------------------------STSYRLI---NCNTSAI-T---QA, 1.6016, 0
0.374860, -90.9215, 174, POINT, V, VKLTPLCVTLNCTNVTNNITD-------------------------------------DMRGEIKN----CSFNV-T-TE--LRD-KK-QKE-YALF-YKLDVVQINENNNNNSNNS------------------------------------------NTSYRLI---NCNTSVI-T---QA, 0.1257, 0
0.372390, -123.3366, 104, POINT, P, VKLTPLCVTLNCTNVTNNITD-------------------------------------DMRGEIKN----CSFNV-T-TE--LRD-KK-QKE-YALF-YKLDVVPINENNNNNSNNS------------------------------------------NTSYRLI---NCNTSAI-T---QA, 0.0491, 1
0.371406, 232.7161, 138, POINT, T, VKLTPLCVTLNCTNVTNNITD-------------------------------------DMRGEIKN----CSFNV-T-TE--LRD-KK-QKE-YALF-YKLDVVPINENNNNNSNNS---------------------R--------------------NTSYRLI---NCNTSAI-T---QA, 1.6248, 0
0.371980, 2550.3219, 125, POINT, T, VKLTPLCVTLNCTNVTNNITD-------------------------------------DMRGEIKN----CSFNV-T-TE--LRD-KK-QKE-YALF-YKLDVVPINENNNNNSNNS--------V---------------------------------NTSYRLI---NCNTSAI-T---QA, 1.6494, 0
0.361388, -77.3037, 123, POINT, T, VKLTPLCVTLNCTNVTNNITD-------------------------------------DMRGEIKN----CSFNV-T-TE--LRD-KK-QKE-YALF-YKLDVVPINENNNNNSNND------R-----------------------------------KTSYRLI---NCNTSAI-T---QA, 1.6754, 0
0.360718, -81.4482, 137, POINT, T, VKLTPLCVTLNCTNVTNNITD-------------------------------------DMRGEIKN----CSFNV-T-TE--LRD-KK-QKE-YALF-YKLDVVPINENNNNNSNND--------------------Q---------------------KTSYRLI---NCNTSAI-T---QA, 1.6752, 0
0.358352, -114.7743, 125, POINT, T, VKLTPLCVTLNCTNVTNNITD-------------------------------------DMRGEIKN----CSFNV-T-TE--LRD-KK-QKE-YALF-YKLDVVQINENNNNNSNNS--------E---------------------------------QTSYRLI---NCNTSAI-T---QA, 1.6096, 0
0.372390, -123.0624, 104, POINT, P, VKLTPLCVTLNCTNVTNNITD-------------------------------------DMRGEIKN----CSFNV-T-TE--LRD-KK-QKE-YALF-YKLDVVPINENNNNNSNNS------------------------------------------NTSYRLI---NCNTSAI-T---QA, 0.0532, 0
0.372390, -123.0624, 104, POINT, P, VKLTPLCVTLNCTNVTNNITD-------------------------------------DMRGEIKN----CSFNV-T-TE--LRD-KK-QKE-YALF-YKLDVVPINENNNNNSNNS------------------------------------------NTSYRLI---NCNTSAI-T---QA, 0.0532, 1
0.379138, -121.7640, 74, POINT, I, VKLTPLCVTLNCTNVTNNITD-------------------------------------DMRGEIKN----CSFNI-T-TE--LRD-KK-QKE-YALF-YKLDVVPINENNNNNSNNS------------------------------------------NTSYRLI---NCNTSAI-T---QA, 0.0532, 0
0.364397, -47.6268, 128, POINT, T, VKLTPLCVTLNCTNVTNNITD-------------------------------------DMRGEIKN----CSFNV-T-TE--LRD-KK-QKE-YALF-YKLDVVPINENNNNNSNNK-----------K------------------------------STSYRLI---NCNTSAI-T---QA, 1.6085, 0
0.379138, -121.7640, 74, POINT, I, VKLTPLCVTLNCTNVTNNITD-------------------------------------DMRGEIKN----CSFNI-T-TE--LRD-KK-QKE-YALF-YKLDVVPINENNNNNSNNS------------------------------------------NTSYRLI---NCNTSAI-T---QA, 0.0532, 0
0.372484, -87.9265, 152, POINT, T, VKLTPLCVTLNCTNVTNNITD-------------------------------------DMRGEIKN----CSFNV-T-TE--LRD-KK-QKE-YALF-YKLDVVPINENNNNNSNNT-----------------------------------S------STSYRLI---NCNTSAI-T---QA, 1.6250, 0
0.362951, 36.9950, 127, POINT, T, VKLTPLCVTLNCTNVTNNITD-------------------------------------DMRGEIKN----CSFNV-T-TE--LRD-KK-QKE-YALF-YKLDVVQINENNNNNSNNK----------S-------------------------------TTSYRLI---NCNTSAI-T---QA, 1.6123, 0
0.366757, 7.2922, 122, POINT, T, VKLTPLCVTLNCTNVTNNITD-------------------------------------DMRGEIKN----CSFNV-T-TE--LRD-KK-QKE-YALF-YKLDVVQINENNNNNSNNN-----Q------------------------------------NTSYRLI---NCNTSAI-T---QA, 1.6137, 0
0.372390, -123.5224, 104, POINT, P, VKLTPLCVTLNCTNVTNNITD-------------------------------------DMRGEIKN----CSFNV-T-TE--LRD-KK-QKE-YALF-YKLDVVPINENNNNNSNNS------------------------------------------NTSYRLI---NCNTSAI-T---QA, 0.0380, 1
0.379672, -95.0681, 174, POINT, V, VKLTPLCVTLNCTNVTNNITD-------------------------------------DMRGEIKN----CSFNV-T-TE--LRD-KK-QKE-YALF-YKLDVVPINENNNNNSNNS------------------------------------------NTSYRLI---NCNTSVI-T---QA, 0.1357, 0
0.376930, -113.2441, 138, POINT, T, VKLTPLCVTLNCTNVTNNITD-------------------------------------DMRGEIKN----CSFNV-T-TE--LRD-KK-QKE-YALF-YKLDVVPINENNNNNSNNT---------------------S--------------------NTSYRLI---NCNTSAI-T---QA, 1.6127, 0
0.371980, 2550.7105, 119, POINT, T, VKLTPLCVTLNCTNVTNNITD-------------------------------------DMRGEIKN----CSFNV-T-TE--LRD-KK-QKE-YALF-YKLDVVPINENNNNNSNNS--V---------------------------------------NTSYRLI---NCNTSAI-T---QA, 1.6500, 0
0.368845, -78.2573, 153, POINT, T, VKLTPLCVTLNCTNVTNNITD-------------------------------------DMRGEIKN----CSFNV-T-TE--LRD-KK-QKE-YALF-YKLDVVPINENNNNNSNNK------------------------------------T-----STSYRLI---NCNTSAI-T---QA, 1.6236, 0
0.358939, -115.3939, 128, POINT, T, VKLTPLCVTLNCTNVTNNITD-------------------------------------DMRGEIKN----CSFNV-T-TE--LRD-KK-QKE-YALF-YKLDVVQINENNNNNSNNS-----------K------------------------------QTSYRLI---NCNTSAI-T---QA, 1.6071, 0
0.367167, 2546.1104, 122, POINT, T, VKLTPLCVTLNCTNVTNNITD-------------------------------------DMRGEIKN----CSFNV-T-TE--LRD-KK-QKE-YALF-YKLDVVQINENNNNNSNNS-----V------------------------------------NTSYRLI---NCNTSAI-T---QA, 1.6479, 0
0.374326, -121.6402, 74, POINT, I, VKLTPLCVTLNCTNVTNNITD-------------------------------------DMRGEIKN----CSFNI-T-TE--LRD-KK-QKE-YALF-YKLDVVQINENNNNNSNNS------------------------------------------NTSYRLI---NCNTSAI-T---QA, 0.0532, 0
0.374860, -88.7207, 174, POINT, V, VKLTPLCVTLNCTNVTNNITD-------------------------------------DMRGEIKN----CSFNV-T-TE--LRD-KK-QKE-YALF-YKLDVVQINENNNNNSNNS------------------------------------------NTSYRLI---NCNTSVI-T---QA, 0.1520, 0
0.366968, -96.1711, 174, POINT, V, VKLTPLCVTLNCTNVTNNITD-------------------------------------DMRGEIKN----CSFNV-T-TE--LRD-KK-QKE-YALF-YRLDVVQINENNNNNSNNS------------------------------------------NTSYRLI---NCNTSVI-T---QA, 0.1158, 0
0.366434, -123.6280, 74, POINT, I, VKLTPLCVTLNCTNVTNNITD-------------------------------------DMRGEIKN----CSFNI-T-TE--LRD-KK-QKE-YALF-YRLDVVQINENNNNNSNNS------------------------------------------NTSYRLI---NCNTSAI-T---QA, 0.0271, 0
0.353190, -31.3810, 125, POINT, T, VKLTPLCVTLNCTNVTNNITD-------------------------------------DMRGEIKN----CSFNV-T-TE--LRD-KK-QKE-YALF-YRLDVVQINENNNNNSNNS--------Q---------------------------------STSYRLI---NCNTSAI-T---QA, 1.6135, 0
0.366434, -123.4931, 74, POINT, I, VKLTPLCVTLNCTNVTNNITD-------------------------------------DMRGEIKN----CSFNI-T-TE--LRD-KK-QKE-YALF-YRLDVVQINENNNNNSNNS------------------------------------------NTSYRLI---NCNTSAI-T---QA, 0.0364, 0
0.343198, -92.8676, 123, POINT, T, VKLTPLCVTLNCTNVTNNITD-------------------------------------DMRGEIKN----CSFNV-T-TE--LRD-KK-QKE-YALF-YRLDVVQINENNNNRSNNK------E-----------------------------------QTSYRLI---NCNTSAI-T---QA, 1.6105, 0
0.358787, -124.3918, 104, POINT, P, VKLTPLCVTLNCTNVTNNITD-------------------------------------DMRGEIKN----CSFNV-T-TE--LRD-KK-QKE-YALF-YRLDVVPINENNNNRSNNS------------------------------------------NTSYRLI---NCNTSAI-T---QA, 0.0340, 0
0.358787, -124.3680, 104, POINT, P, VKLTPLCVTLNCTNVTNNITD-------------------------------------DMRGEIKN----CSFNV-T-TE--LRD-KK-QKE-YALF-YRLDVVPINENNNNRSNNS------------------------------------------NTSYRLI---NCNTSAI-T---QA, 0.0532, 0
0.362556, -122.4680, 99, POINT, K, VKLTPLCVTLNCTNVTNNITD-------------------------------------DMRGEIKN----CSFNV-T-TE--LRD-KK-QKE-YALF-YKLDVVQINENNNNRSNNS------------------------------------------NTSYRLI---NCNTSAI-T---QA, 0.0337, 0
