Name base = V1V2_200_sq_9_5_ni
Iters = 200
Soft coverage = 1.31203964383
Energy = -129.80365636
Hard Covereage = 0.0368019545157
Num epitopes = 65
Initial seq = VKLTPLCVTLQCTNVTNNITD-------------------------------------DMRGELKN----CSFNM-T-TE--LRD-KK-QKV-YSLF-YRLDVVQINENQGNRSNNS------------------------------------------NKEYRLI---NCNTSAI-T---QA
-------START OF DATA------
1.361196, -129.8753, [10], CHUNK, ['N'], VKLTPLCVTLNCTNVTNNITD-------------------------------------DMRGELKN----CSFNM-T-TE--LRD-KK-QKV-YSLF-YRLDVVQINENQGNRSNNS------------------------------------------NKEYRLI---NCNTSAI-T---QA, 0.0792, 1
1.381170, -129.9294, 161, POINT, T, VKLTPLCVTLNCTNVTNNITD-------------------------------------DMRGELKN----CSFNM-T-TE--LRD-KK-QKV-YSLF-YRLDVVQINENQGNRSNNS------------------------------------------NKTYRLI---NCNTSAI-T---QA, 0.0802, 1
1.408590, -102.7974, [74, 79], CHUNK, ['I', 'S'], VKLTPLCVTLNCTNVTNNITD-------------------------------------DMRGELKN----CSFNI-T-TS--LRD-KK-QKV-YSLF-YRLDVVQINENQGNRSNNS------------------------------------------NKTYRLI---NCNTSAI-T---QA, 0.2619, 0
1.414061, -127.1206, [160, 161, 165], CHUNK, ['T', 'S', 'T'], VKLTPLCVTLNCTNVTNNITD-------------------------------------DMRGELKN----CSFNM-T-TE--LRD-KK-QKV-YSLF-YRLDVVQINENQGNRSNNS------------------------------------------NTSYRLT---NCNTSAI-T---QA, 0.0802, 1
1.420834, -108.7808, 174, POINT, V, VKLTPLCVTLNCTNVTNNITD-------------------------------------DMRGELKN----CSFNM-T-TE--LRD-KK-QKV-YSLF-YRLDVVQINENQGNRSNNS------------------------------------------NTSYRLT---NCNTSVI-T---QA, 0.3102, 0
1.439554, -19.3503, [79, 82], CHUNK, ['N', 'I'], VKLTPLCVTLNCTNVTNNITD-------------------------------------DMRGELKN----CSFNM-T-TN--IRD-KK-QKV-YSLF-YRLDVVQINENQGNRSNNS------------------------------------------NTSYRLT---NCNTSAI-T---QA, 0.3582, 0
1.421546, -127.1053, 89, POINT, K, VKLTPLCVTLNCTNVTNNITD-------------------------------------DMRGELKN----CSFNM-T-TE--LRD-KK-KKV-YSLF-YRLDVVQINENQGNRSNNS------------------------------------------NTSYRLT---NCNTSAI-T---QA, 0.0797, 1
1.437276, -109.6233, [74], CHUNK, ['V'], VKLTPLCVTLNCTNVTNNITD-------------------------------------DMRGELKN----CSFNV-T-TE--LRD-KK-KKV-YSLF-YRLDVVQINENQGNRSNNS------------------------------------------NTSYRLT---NCNTSAI-T---QA, 0.1938, 0
1.440967, -127.4934, 20, POINT, N, VKLTPLCVTLNCTNVTNNITN-------------------------------------DMRGELKN----CSFNM-T-TE--LRD-KK-KKV-YSLF-YRLDVVQINENQGNRSNNS------------------------------------------NTSYRLT---NCNTSAI-T---QA, 0.0797, 0
1.440270, -124.6180, [102, 104, 105, 108], CHUNK, ['I', 'S', 'L', 'T'], VKLTPLCVTLNCTNVTNNITD-------------------------------------DMRGELKN----CSFNM-T-TE--LRD-KK-KKV-YSLF-YRLDIVSLNETQGNRSNNS------------------------------------------NTSYRLT---NCNTSAI-T---QA, 0.0956, 1
1.449587, -124.8295, 101, POINT, N, VKLTPLCVTLNCTNVTNNITD-------------------------------------DMRGELKN----CSFNM-T-TE--LRD-KK-KKV-YSLF-YRLNIVSLNETQGNRSNNS------------------------------------------NTSYRLT---NCNTSAI-T---QA, 0.0956, 0
1.449513, -123.5082, 79, POINT, S, VKLTPLCVTLNCTNVTNNITD-------------------------------------DMRGELKN----CSFNM-T-TS--LRD-KK-KKV-YSLF-YRLDIVSLNETQGNRSNNS------------------------------------------NTSYRLT---NCNTSAI-T---QA, 0.0956, 1
1.462913, -127.6928, [161, 163, 165], CHUNK, ['N', 'T', 'I'], VKLTPLCVTLNCTNVTNNITD-------------------------------------DMRGELKN----CSFNM-T-TS--LRD-KK-KKV-YSLF-YRLDIVSLNETQGNRSNNS------------------------------------------NTNYTLI---NCNTSAI-T---QA, 0.0956, 1
1.469286, -93.4334, 61, POINT, K, VKLTPLCVTLNCTNVTNNITD-------------------------------------DMRKELKN----CSFNM-T-TS--LRD-KK-KKV-YSLF-YRLDIVSLNETQGNRSNNS------------------------------------------NTNYTLI---NCNTSAI-T---QA, 0.0956, 0
1.480783, -102.1927, 74, POINT, I, VKLTPLCVTLNCTNVTNNITD-------------------------------------DMRGELKN----CSFNI-T-TS--LRD-KK-KKV-YSLF-YRLDIVSLNETQGNRSNNS------------------------------------------NTNYTLI---NCNTSAI-T---QA, 0.2141, 0
1.496164, -123.5681, [74], CHUNK, ['T'], VKLTPLCVTLNCTNVTNNITD-------------------------------------DMRGELKN----CSFNT-T-TS--LRD-KK-KKV-YSLF-YRLDIVSLNETQGNRSNNS------------------------------------------NTNYTLI---NCNTSAI-T---QA, 0.0956, 1
1.511279, -121.4142, [174], CHUNK, ['T'], VKLTPLCVTLNCTNVTNNITD-------------------------------------DMRGELKN----CSFNT-T-TS--LRD-KK-KKV-YSLF-YRLDIVSLNETQGNRSNNS------------------------------------------NTNYTLI---NCNTSTI-T---QA, 0.0956, 1
1.523542, -120.8875, [89, 94], CHUNK, ['N', 'A'], VKLTPLCVTLNCTNVTNNITD-------------------------------------DMRGELKN----CSFNT-T-TS--LRD-KK-NKV-YALF-YRLDIVSLNETQGNRSNNS------------------------------------------NTNYTLI---NCNTSTI-T---QA, 0.1029, 0
1.522256, -117.5595, [94, 99], CHUNK, ['A', 'N'], VKLTPLCVTLNCTNVTNNITD-------------------------------------DMRGELKN----CSFNT-T-TS--LRD-KK-KKV-YALF-YNLDIVSLNETQGNRSNNS------------------------------------------NTNYTLI---NCNTSTI-T---QA, 0.0956, 0
1.531719, -118.1377, 20, POINT, T, VKLTPLCVTLNCTNVTNNITT-------------------------------------DMRGELKN----CSFNT-T-TS--LRD-KK-KKV-YSLF-YRLDIVSLNETQGNRSNNS------------------------------------------NTNYTLI---NCNTSTI-T---QA, 0.0956, 0
1.522611, -121.0906, [87, 89, 91, 94], CHUNK, ['V', 'T', 'E', 'A'], VKLTPLCVTLNCTNVTNNITD-------------------------------------DMRGELKN----CSFNT-T-TS--LRD-KV-TKE-YALF-YRLDIVSLNETQGNRSNNS------------------------------------------NTNYTLI---NCNTSTI-T---QA, 0.0942, 0
1.507336, -125.1779, 105, POINT, T, VKLTPLCVTLNCTNVTNNITD-------------------------------------DMRGELKN----CSFNT-T-TS--LRD-KK-KKV-YSLF-YRLDIVSTNETQGNRSNNS------------------------------------------NTNYTLI---NCNTSAI-T---QA, 0.0956, 0
1.501122, -123.4636, 59, POINT, D, VKLTPLCVTLNCTNVTNNITD-------------------------------------DDRGELKN----CSFNT-T-TS--LRD-KK-KKV-YSLF-YRLDIVSLNETQGNRSNNS------------------------------------------NTNYTLI---NCNTSAI-T---QA, 0.0956, 0
1.515366, -121.8896, [94, 99], CHUNK, ['A', 'T'], VKLTPLCVTLNCTNVTNNITD-------------------------------------DMRGELKN----CSFNT-T-TS--LRD-KK-KKV-YALF-YTLDIVSLNETQGNRSNNS------------------------------------------NTNYTLI---NCNTSAI-T---QA, 0.1287, 1
1.541582, -122.1159, 107, POINT, N, VKLTPLCVTLNCTNVTNNITD-------------------------------------DMRGELKN----CSFNT-T-TS--LRD-KK-KKV-YALF-YTLDIVSLNNTQGNRSNNS------------------------------------------NTNYTLI---NCNTSAI-T---QA, 0.1287, 0
1.528356, -6.7279, [79, 82, 87], CHUNK, ['N', 'I', 'V'], VKLTPLCVTLNCTNVTNNITD-------------------------------------DMRGELKN----CSFNT-T-TN--IRD-KV-KKV-YALF-YTLDIVSLNETQGNRSNNS------------------------------------------NTNYTLI---NCNTSAI-T---QA, 0.1965, 0
1.519917, -99.9281, 174, POINT, I, VKLTPLCVTLNCTNVTNNITD-------------------------------------DMRGELKN----CSFNT-T-TS--LRD-KK-KKV-YALF-YTLDIVSLNETQGNRSNNS------------------------------------------NTNYTLI---NCNTSII-T---QA, 0.3155, 0
1.522482, -107.3804, [174], CHUNK, ['V'], VKLTPLCVTLNCTNVTNNITD-------------------------------------DMRGELKN----CSFNT-T-TS--LRD-KK-KKV-YALF-YTLDIVSLNETQGNRSNNS------------------------------------------NTNYTLI---NCNTSVI-T---QA, 0.3633, 0
1.507319, -121.7116, [91, 94, 99], CHUNK, ['E', 'A', 'K'], VKLTPLCVTLNCTNVTNNITD-------------------------------------DMRGELKN----CSFNT-T-TS--LRD-KK-KKE-YALF-YKLDIVSLNETQGNRSNNS------------------------------------------NTNYTLI---NCNTSAI-T---QA, 0.0960, 1
1.512160, -0.4490, 82, POINT, I, VKLTPLCVTLNCTNVTNNITD-------------------------------------DMRGELKN----CSFNT-T-TS--IRD-KK-KKE-YALF-YKLDIVSLNETQGNRSNNS------------------------------------------NTNYTLI---NCNTSAI-T---QA, 0.2472, 0
1.524178, -13.3754, [79, 82], CHUNK, ['N', 'I'], VKLTPLCVTLNCTNVTNNITD-------------------------------------DMRGELKN----CSFNT-T-TN--IRD-KK-KKE-YALF-YKLDIVSLNETQGNRSNNS------------------------------------------NTNYTLI---NCNTSAI-T---QA, 0.2731, 0
1.514434, -100.6918, [174], CHUNK, ['V'], VKLTPLCVTLNCTNVTNNITD-------------------------------------DMRGELKN----CSFNT-T-TS--LRD-KK-KKE-YALF-YKLDIVSLNETQGNRSNNS------------------------------------------NTNYTLI---NCNTSVI-T---QA, 0.2740, 0
1.522433, -119.3877, [174], CHUNK, ['T'], VKLTPLCVTLNCTNVTNNITD-------------------------------------DMRGELKN----CSFNT-T-TS--LRD-KK-KKE-YALF-YKLDIVSLNETQGNRSNNS------------------------------------------NTNYTLI---NCNTSTI-T---QA, 0.0960, 0
1.511279, -121.4142, [174], CHUNK, ['T'], VKLTPLCVTLNCTNVTNNITD-------------------------------------DMRGELKN----CSFNT-T-TS--LRD-KK-KKV-YSLF-YRLDIVSLNETQGNRSNNS------------------------------------------NTNYTLI---NCNTSTI-T---QA, 0.0956, 1
1.516112, -121.3277, [91, 94], CHUNK, ['E', 'A'], VKLTPLCVTLNCTNVTNNITD-------------------------------------DMRGELKN----CSFNT-T-TS--LRD-KK-KKE-YALF-YRLDIVSLNETQGNRSNNS------------------------------------------NTNYTLI---NCNTSTI-T---QA, 0.0956, 0
1.521656, -121.6016, 79, POINT, N, VKLTPLCVTLNCTNVTNNITD-------------------------------------DMRGELKN----CSFNT-T-TN--LRD-KK-KKV-YSLF-YRLDIVSLNETQGNRSNNS------------------------------------------NTNYTLI---NCNTSTI-T---QA, 0.0956, 0
1.531719, -118.1377, 20, POINT, T, VKLTPLCVTLNCTNVTNNITT-------------------------------------DMRGELKN----CSFNT-T-TS--LRD-KK-KKV-YSLF-YRLDIVSLNETQGNRSNNS------------------------------------------NTNYTLI---NCNTSTI-T---QA, 0.0956, 0
1.526350, -98.7974, [60, 61, 63], CHUNK, ['D', 'T', 'V'], VKLTPLCVTLNCTNVTNNITD-------------------------------------DMDTEVKN----CSFNT-T-TS--LRD-KK-KKV-YSLF-YRLDIVSLNETQGNRSNNS------------------------------------------NTNYTLI---NCNTSTI-T---QA, 0.0965, 0
1.511279, -121.5179, [174], CHUNK, ['T'], VKLTPLCVTLNCTNVTNNITD-------------------------------------DMRGELKN----CSFNT-T-TS--LRD-KK-KKV-YSLF-YRLDIVSLNETQGNRSNNS------------------------------------------NTNYTLI---NCNTSTI-T---QA, 0.0975, 0
1.523534, -83.1399, [59, 60, 61, 63], CHUNK, ['L', 'N', 'E', 'I'], VKLTPLCVTLNCTNVTNNITD-------------------------------------DLNEEIKN----CSFNT-T-TS--LRD-KK-KKV-YSLF-YRLDIVSLNETQGNRSNNS------------------------------------------NTNYTLI---NCNTSAI-T---QA, 0.2166, 0
1.522118, -123.7721, 107, POINT, N, VKLTPLCVTLNCTNVTNNITD-------------------------------------DMRGELKN----CSFNT-T-TS--LRD-KK-KKV-YSLF-YRLDIVSLNNTQGNRSNNS------------------------------------------NTNYTLI---NCNTSAI-T---QA, 0.0956, 0
1.505547, -119.1536, [60, 63], CHUNK, ['K', 'I'], VKLTPLCVTLNCTNVTNNITD-------------------------------------DMKGEIKN----CSFNT-T-TS--LRD-KK-KKV-YSLF-YRLDIVSLNETQGNRSNNS------------------------------------------NTNYTLI---NCNTSAI-T---QA, 0.0956, 1
1.520662, -116.9997, [174], CHUNK, ['T'], VKLTPLCVTLNCTNVTNNITD-------------------------------------DMKGEIKN----CSFNT-T-TS--LRD-KK-KKV-YSLF-YRLDIVSLNETQGNRSNNS------------------------------------------NTNYTLI---NCNTSTI-T---QA, 0.0956, 0
1.522422, -119.5365, [116], CHUNK, ['T'], VKLTPLCVTLNCTNVTNNITD-------------------------------------DMKGEIKN----CSFNT-T-TS--LRD-KK-KKV-YSLF-YRLDIVSLNETQGNRSNNT------------------------------------------NTNYTLI---NCNTSAI-T---QA, 0.0892, 0
1.520158, -114.4858, 82, POINT, T, VKLTPLCVTLNCTNVTNNITD-------------------------------------DMKGEIKN----CSFNT-T-TS--TRD-KK-KKV-YSLF-YRLDIVSLNETQGNRSNNS------------------------------------------NTNYTLI---NCNTSAI-T---QA, 0.0956, 0
1.523725, -115.8787, 20, POINT, T, VKLTPLCVTLNCTNVTNNITT-------------------------------------DMKGEIKN----CSFNT-T-TS--LRD-KK-KKV-YSLF-YRLDIVSLNETQGNRSNNS------------------------------------------NTNYTLI---NCNTSAI-T---QA, 0.1235, 0
1.516604, -120.2916, 20, POINT, T, VKLTPLCVTLNCTNVTNNITT-------------------------------------DMRGELKN----CSFNT-T-TS--LRD-KK-KKV-YSLF-YRLDIVSLNETQGNRSNNS------------------------------------------NTNYTLI---NCNTSAI-T---QA, 0.0956, 1
1.531719, -118.1377, 174, POINT, T, VKLTPLCVTLNCTNVTNNITT-------------------------------------DMRGELKN----CSFNT-T-TS--LRD-KK-KKV-YSLF-YRLDIVSLNETQGNRSNNS------------------------------------------NTNYTLI---NCNTSTI-T---QA, 0.0956, 0
1.531719, -118.1377, [174], CHUNK, ['T'], VKLTPLCVTLNCTNVTNNITT-------------------------------------DMRGELKN----CSFNT-T-TS--LRD-KK-KKV-YSLF-YRLDIVSLNETQGNRSNNS------------------------------------------NTNYTLI---NCNTSTI-T---QA, 0.0956, 1
1.559509, -110.7488, [59, 60, 63], CHUNK, ['D', 'T', 'I'], VKLTPLCVTLNCTNVTNNITT-------------------------------------DDTGEIKN----CSFNT-T-TS--LRD-KK-KKV-YSLF-YRLDIVSLNETQGNRSNNS------------------------------------------NTNYTLI---NCNTSTI-T---QA, 0.0956, 0
1.549829, -115.2929, [18, 19], CHUNK, ['N', 'N'], VKLTPLCVTLNCTNVTNNNNT-------------------------------------DMRGELKN----CSFNT-T-TS--LRD-KK-KKV-YSLF-YRLDIVSLNETQGNRSNNS------------------------------------------NTNYTLI---NCNTSTI-T---QA, 0.0914, 0
1.544702, -118.1579, 113, POINT, T, VKLTPLCVTLNCTNVTNNITT-------------------------------------DMRGELKN----CSFNT-T-TS--LRD-KK-KKV-YSLF-YRLDIVSLNETQGNRTNNS------------------------------------------NTNYTLI---NCNTSTI-T---QA, 0.1074, 0
1.535212, -115.9063, 60, POINT, K, VKLTPLCVTLNCTNVTNNITT-------------------------------------DMKGELKN----CSFNT-T-TS--LRD-KK-KKV-YSLF-YRLDIVSLNETQGNRSNNS------------------------------------------NTNYTLI---NCNTSTI-T---QA, 0.0956, 0
1.527327, 1.7380, [82, 83, 84, 87], CHUNK, ['I', 'K', 'N', 'V'], VKLTPLCVTLNCTNVTNNITT-------------------------------------DMRGELKN----CSFNT-T-TS--IKN-KV-KKV-YSLF-YRLDIVSLNETQGNRSNNS------------------------------------------NTNYTLI---NCNTSAI-T---QA, 0.1714, 0
1.524280, -118.0572, [174, 175], CHUNK, ['T', 'V'], VKLTPLCVTLNCTNVTNNITT-------------------------------------DMRGELKN----CSFNT-T-TS--LRD-KK-KKV-YSLF-YRLDIVSLNETQGNRSNNS------------------------------------------NTNYTLI---NCNTSTV-T---QA, 0.0956, 0
1.548089, -121.7309, 110, POINT, N, VKLTPLCVTLNCTNVTNNITT-------------------------------------DMRGELKN----CSFNT-T-TS--LRD-KK-KKV-YSLF-YRLDIVSLNETQNNRSNNS------------------------------------------NTNYTLI---NCNTSAI-T---QA, 0.0956, 1
1.555583, -119.7685, [99, 102], CHUNK, ['K', 'V'], VKLTPLCVTLNCTNVTNNITT-------------------------------------DMRGELKN----CSFNT-T-TS--LRD-KK-KKV-YSLF-YKLDVVSLNETQNNRSNNS------------------------------------------NTNYTLI---NCNTSAI-T---QA, 0.0956, 1
1.584562, -111.5743, [58, 59, 60, 63], CHUNK, ['M', 'I', 'T', 'I'], VKLTPLCVTLNCTNVTNNITT-------------------------------------MITGEIKN----CSFNT-T-TS--LRD-KK-KKV-YSLF-YKLDVVSLNETQNNRSNNS------------------------------------------NTNYTLI---NCNTSAI-T---QA, 0.0915, 0
1.562699, -99.5932, [174], CHUNK, ['V'], VKLTPLCVTLNCTNVTNNITT-------------------------------------DMRGELKN----CSFNT-T-TS--LRD-KK-KKV-YSLF-YKLDVVSLNETQNNRSNNS------------------------------------------NTNYTLI---NCNTSVI-T---QA, 0.2814, 0
1.570698, -117.6146, [174], CHUNK, ['T'], VKLTPLCVTLNCTNVTNNITT-------------------------------------DMRGELKN----CSFNT-T-TS--LRD-KK-KKV-YSLF-YKLDVVSLNETQNNRSNNS------------------------------------------NTNYTLI---NCNTSTI-T---QA, 0.0956, 0
1.570698, -117.6146, [174], CHUNK, ['T'], VKLTPLCVTLNCTNVTNNITT-------------------------------------DMRGELKN----CSFNT-T-TS--LRD-KK-KKV-YSLF-YKLDVVSLNETQNNRSNNS------------------------------------------NTNYTLI---NCNTSTI-T---QA, 0.0956, 0
1.559244, -119.7120, [91, 94, 99], CHUNK, ['E', 'A', 'K'], VKLTPLCVTLNCTNVTNNITT-------------------------------------DMRGELKN----CSFNT-T-TS--LRD-KK-KKE-YALF-YKLDIVSLNETQNNRSNNS------------------------------------------NTNYTLI---NCNTSAI-T---QA, 0.0956, 0
1.552641, -94.9709, 174, POINT, I, VKLTPLCVTLNCTNVTNNITT-------------------------------------DMRGELKN----CSFNT-T-TS--LRD-KK-KKV-YSLF-YRLDIVSLNETQNNRSNNS------------------------------------------NTNYTLI---NCNTSII-T---QA, 0.4354, 0
1.564716, -121.2694, 83, POINT, N, VKLTPLCVTLNCTNVTNNITT-------------------------------------DMRGELKN----CSFNT-T-TS--LND-KK-KKV-YSLF-YRLDIVSLNETQNNRSNNS------------------------------------------NTNYTLI---NCNTSAI-T---QA, 0.0956, 1
1.579831, -119.7409, [174], CHUNK, ['T'], VKLTPLCVTLNCTNVTNNITT-------------------------------------DMRGELKN----CSFNT-T-TS--LND-KK-KKV-YSLF-YRLDIVSLNETQNNRSNNS------------------------------------------NTNYTLI---NCNTSTI-T---QA, 0.1383, 0
1.574255, -120.2403, 62, POINT, N, VKLTPLCVTLNCTNVTNNITT-------------------------------------DMRGNLKN----CSFNT-T-TS--LND-KK-KKV-YSLF-YRLDIVSLNETQNNRSNNS------------------------------------------NTNYTLI---NCNTSAI-T---QA, 0.0933, 1
1.602112, -119.2804, 59, POINT, T, VKLTPLCVTLNCTNVTNNITT-------------------------------------DTRGNLKN----CSFNT-T-TS--LND-KK-KKV-YSLF-YRLDIVSLNETQNNRSNNS------------------------------------------NTNYTLI---NCNTSAI-T---QA, 0.0933, 0
1.576850, -118.2524, 71, POINT, T, VKLTPLCVTLNCTNVTNNITT-------------------------------------DMRGNLKN----CTFNT-T-TS--LND-KK-KKV-YSLF-YRLDIVSLNETQNNRSNNS------------------------------------------NTNYTLI---NCNTSAI-T---QA, 0.1248, 0
1.577360, -117.7958, [174, 175], CHUNK, ['T', 'M'], VKLTPLCVTLNCTNVTNNITT-------------------------------------DMRGNLKN----CSFNT-T-TS--LND-KK-KKV-YSLF-YRLDIVSLNETQNNRSNNS------------------------------------------NTNYTLI---NCNTSTM-T---QA, 0.0933, 1
1.589370, -118.4546, [175], CHUNK, ['I'], VKLTPLCVTLNCTNVTNNITT-------------------------------------DMRGNLKN----CSFNT-T-TS--LND-KK-KKV-YSLF-YRLDIVSLNETQNNRSNNS------------------------------------------NTNYTLI---NCNTSTI-T---QA, 0.1184, 0
1.583912, -118.5728, 16, POINT, T, VKLTPLCVTLNCTNVTTNITT-------------------------------------DMRGNLKN----CSFNT-T-TS--LND-KK-KKV-YSLF-YRLDIVSLNETQNNRSNNS------------------------------------------NTNYTLI---NCNTSTM-T---QA, 0.0844, 1
1.595923, -118.9910, 175, POINT, I, VKLTPLCVTLNCTNVTTNITT-------------------------------------DMRGNLKN----CSFNT-T-TS--LND-KK-KKV-YSLF-YRLDIVSLNETQNNRSNNS------------------------------------------NTNYTLI---NCNTSTI-T---QA, 0.0847, 1
1.622918, -119.2615, 107, POINT, N, VKLTPLCVTLNCTNVTTNITT-------------------------------------DMRGNLKN----CSFNT-T-TS--LND-KK-KKV-YSLF-YRLDIVSLNNTQNNRSNNS------------------------------------------NTNYTLI---NCNTSTI-T---QA, 0.0920, 0
1.610711, -118.6647, [116], CHUNK, ['N'], VKLTPLCVTLNCTNVTTNITT-------------------------------------DMRGNLKN----CSFNT-T-TS--LND-KK-KKV-YSLF-YRLDIVSLNETQNNRSNNN------------------------------------------NTNYTLI---NCNTSTI-T---QA, 0.0872, 1
1.616917, -117.9823, [94, 99], CHUNK, ['A', 'K'], VKLTPLCVTLNCTNVTTNITT-------------------------------------DMRGNLKN----CSFNT-T-TS--LND-KK-KKV-YALF-YKLDIVSLNETQNNRSNNN------------------------------------------NTNYTLI---NCNTSTI-T---QA, 0.0873, 1
1.635128, -118.3496, [112, 113, 116], CHUNK, ['S', 'N', 'S'], VKLTPLCVTLNCTNVTTNITT-------------------------------------DMRGNLKN----CSFNT-T-TS--LND-KK-KKV-YALF-YKLDIVSLNETQNNSNNNS------------------------------------------NTNYTLI---NCNTSTI-T---QA, 0.0873, 1
1.636088, -117.8040, [90, 91], CHUNK, ['N', 'A'], VKLTPLCVTLNCTNVTTNITT-------------------------------------DMRGNLKN----CSFNT-T-TS--LND-KK-KNA-YALF-YKLDIVSLNETQNNSNNNS------------------------------------------NTNYTLI---NCNTSTI-T---QA, 0.0873, 0
1.650414, -116.8151, 18, POINT, T, VKLTPLCVTLNCTNVTTNTTT-------------------------------------DMRGNLKN----CSFNT-T-TS--LND-KK-KKV-YALF-YKLDIVSLNETQNNSNNNS------------------------------------------NTNYTLI---NCNTSTI-T---QA, 0.0873, 0
1.658464, -115.1096, [91, 98, 99], CHUNK, ['D', 'N', 'T'], VKLTPLCVTLNCTNVTTNITT-------------------------------------DMRGNLKN----CSFNT-T-TS--LND-KK-KKD-YALF-NTLDIVSLNETQNNSNNNS------------------------------------------NTNYTLI---NCNTSTI-T---QA, 0.0873, 0
1.654228, -113.0885, 60, POINT, T, VKLTPLCVTLNCTNVTTNITT-------------------------------------DMTGNLKN----CSFNT-T-TS--LND-KK-KKV-YALF-YKLDIVSLNETQNNSNNNS------------------------------------------NTNYTLI---NCNTSTI-T---QA, 0.0873, 0
1.629080, -116.2183, 165, POINT, T, VKLTPLCVTLNCTNVTTNITT-------------------------------------DMRGNLKN----CSFNT-T-TS--LND-KK-KKV-YALF-YKLDIVSLNETQNNRSNNN------------------------------------------NTNYTLT---NCNTSTI-T---QA, 0.0873, 0
1.624723, -118.1853, 101, POINT, N, VKLTPLCVTLNCTNVTTNITT-------------------------------------DMRGNLKN----CSFNT-T-TS--LND-KK-KKV-YALF-YKLNIVSLNETQNNRSNNN------------------------------------------NTNYTLI---NCNTSTI-T---QA, 0.0873, 0
1.627516, -116.3480, [60, 62, 63], CHUNK, ['N', 'E', 'I'], VKLTPLCVTLNCTNVTTNITT-------------------------------------DMNGEIKN----CSFNT-T-TS--LND-KK-KKV-YALF-YKLDIVSLNETQNNRSNNN------------------------------------------NTNYTLI---NCNTSTI-T---QA, 0.0873, 1
1.629811, -116.3643, [102], CHUNK, ['V'], VKLTPLCVTLNCTNVTTNITT-------------------------------------DMNGEIKN----CSFNT-T-TS--LND-KK-KKV-YALF-YKLDVVSLNETQNNRSNNN------------------------------------------NTNYTLI---NCNTSTI-T---QA, 0.0786, 0
1.633879, -116.6653, 59, POINT, E, VKLTPLCVTLNCTNVTTNITT-------------------------------------DENGEIKN----CSFNT-T-TS--LND-KK-KKV-YALF-YKLDIVSLNETQNNRSNNN------------------------------------------NTNYTLI---NCNTSTI-T---QA, 0.0873, 0
1.631962, -116.0751, 91, POINT, E, VKLTPLCVTLNCTNVTTNITT-------------------------------------DMNGEIKN----CSFNT-T-TS--LND-KK-KKE-YALF-YKLDIVSLNETQNNRSNNN------------------------------------------NTNYTLI---NCNTSTI-T---QA, 0.0873, 0
1.629811, -116.3193, [102], CHUNK, ['V'], VKLTPLCVTLNCTNVTTNITT-------------------------------------DMNGEIKN----CSFNT-T-TS--LND-KK-KKV-YALF-YKLDVVSLNETQNNRSNNN------------------------------------------NTNYTLI---NCNTSTI-T---QA, 0.0873, 0
1.621226, -116.0574, 63, POINT, I, VKLTPLCVTLNCTNVTTNITT-------------------------------------DMRGNIKN----CSFNT-T-TS--LND-KK-KKV-YALF-YKLDIVSLNETQNNRSNNN------------------------------------------NTNYTLI---NCNTSTI-T---QA, 0.0873, 0
1.621362, -117.7095, [91], CHUNK, ['E'], VKLTPLCVTLNCTNVTTNITT-------------------------------------DMRGNLKN----CSFNT-T-TS--LND-KK-KKE-YALF-YKLDIVSLNETQNNRSNNN------------------------------------------NTNYTLI---NCNTSTI-T---QA, 0.0873, 0
1.636308, -115.6446, 58, POINT, T, VKLTPLCVTLNCTNVTTNITT-------------------------------------TMRGNLKN----CSFNT-T-TS--LND-KK-KKV-YALF-YKLDIVSLNETQNNRSNNN------------------------------------------NTNYTLI---NCNTSTI-T---QA, 0.0897, 1
1.638651, -109.4020, 162, POINT, I, VKLTPLCVTLNCTNVTTNITT-------------------------------------TMRGNLKN----CSFNT-T-TS--LND-KK-KKV-YALF-YKLDIVSLNETQNNRSNNN------------------------------------------NTNITLI---NCNTSTI-T---QA, 0.2353, 0
1.644676, -115.9636, 59, POINT, E, VKLTPLCVTLNCTNVTTNITT-------------------------------------TERGNLKN----CSFNT-T-TS--LND-KK-KKV-YALF-YKLDIVSLNETQNNRSNNN------------------------------------------NTNYTLI---NCNTSTI-T---QA, 0.0897, 1
1.647564, -18.2866, 82, POINT, I, VKLTPLCVTLNCTNVTTNITT-------------------------------------TERGNLKN----CSFNT-T-TS--IND-KK-KKV-YALF-YKLDIVSLNETQNNRSNNN------------------------------------------NTNYTLI---NCNTSTI-T---QA, 0.4865, 0
1.657445, -115.1126, 64, POINT, T, VKLTPLCVTLNCTNVTTNITT-------------------------------------TERGNLTN----CSFNT-T-TS--LND-KK-KKV-YALF-YKLDIVSLNETQNNRSNNN------------------------------------------NTNYTLI---NCNTSTI-T---QA, 0.0897, 0
1.654852, -116.4201, [79], CHUNK, ['N'], VKLTPLCVTLNCTNVTTNITT-------------------------------------TERGNLKN----CSFNT-T-TN--LND-KK-KKV-YALF-YKLDIVSLNETQNNRSNNN------------------------------------------NTNYTLI---NCNTSTI-T---QA, 0.1073, 0
1.650608, -95.0496, [60, 61, 62, 63], CHUNK, ['T', 'A', 'E', 'I'], VKLTPLCVTLNCTNVTTNITT-------------------------------------TETAEIKN----CSFNT-T-TS--LND-KK-KKV-YALF-YKLDIVSLNETQNNRSNNN------------------------------------------NTNYTLI---NCNTSTI-T---QA, 0.1193, 1
1.655696, -109.8864, [61], CHUNK, ['G'], VKLTPLCVTLNCTNVTTNITT-------------------------------------TETGEIKN----CSFNT-T-TS--LND-KK-KKV-YALF-YKLDIVSLNETQNNRSNNN------------------------------------------NTNYTLI---NCNTSTI-T---QA, 0.1295, 0
1.668244, -96.9827, [104, 105, 106, 107, 108, 109], CHUNK, ['P', 'I', 'S', 'N', 'S', 'N'], VKLTPLCVTLNCTNVTTNITT-------------------------------------TETAEIKN----CSFNT-T-TS--LND-KK-KKV-YALF-YKLDIVPISNSNNNRSNNN------------------------------------------NTNYTLI---NCNTSTI-T---QA, 0.1193, 0
1.680669, -93.5420, 18, POINT, N, VKLTPLCVTLNCTNVTTNNTT-------------------------------------TETAEIKN----CSFNT-T-TS--LND-KK-KKV-YALF-YKLDIVSLNETQNNRSNNN------------------------------------------NTNYTLI---NCNTSTI-T---QA, 0.1387, 0
1.657638, -93.3891, 98, POINT, N, VKLTPLCVTLNCTNVTTNITT-------------------------------------TETAEIKN----CSFNT-T-TS--LND-KK-KKV-YALF-NKLDIVSLNETQNNRSNNN------------------------------------------NTNYTLI---NCNTSTI-T---QA, 0.1546, 0
1.649122, -115.6902, [91], CHUNK, ['E'], VKLTPLCVTLNCTNVTTNITT-------------------------------------TERGNLKN----CSFNT-T-TS--LND-KK-KKE-YALF-YKLDIVSLNETQNNRSNNN------------------------------------------NTNYTLI---NCNTSTI-T---QA, 0.0897, 1
1.673189, -94.9559, 61, POINT, T, VKLTPLCVTLNCTNVTTNITT-------------------------------------TERTNLKN----CSFNT-T-TS--LND-KK-KKE-YALF-YKLDIVSLNETQNNRSNNN------------------------------------------NTNYTLI---NCNTSTI-T---QA, 0.0921, 0
1.654239, -113.8214, 63, POINT, I, VKLTPLCVTLNCTNVTTNITT-------------------------------------TERGNIKN----CSFNT-T-TS--LND-KK-KKE-YALF-YKLDIVSLNETQNNRSNNN------------------------------------------NTNYTLI---NCNTSTI-T---QA, 0.0908, 0
1.654591, -114.6222, 18, POINT, S, VKLTPLCVTLNCTNVTTNSTT-------------------------------------TERGNLKN----CSFNT-T-TS--LND-KK-KKE-YALF-YKLDIVSLNETQNNRSNNN------------------------------------------NTNYTLI---NCNTSTI-T---QA, 0.0880, 0
1.654591, -114.8576, 18, POINT, S, VKLTPLCVTLNCTNVTTNSTT-------------------------------------TERGNLKN----CSFNT-T-TS--LND-KK-KKE-YALF-YKLDIVSLNETQNNRSNNN------------------------------------------NTNYTLI---NCNTSTI-T---QA, 0.0913, 0
1.651476, -113.0001, [87, 89, 91, 93], CHUNK, ['M', 'E', 'N', 'N'], VKLTPLCVTLNCTNVTTNITT-------------------------------------TERGNLKN----CSFNT-T-TS--LND-KM-EKN-NALF-YKLDIVSLNETQNNRSNNN------------------------------------------NTNYTLI---NCNTSTI-T---QA, 0.0897, 0
1.646971, -116.1934, [102], CHUNK, ['V'], VKLTPLCVTLNCTNVTTNITT-------------------------------------TERGNLKN----CSFNT-T-TS--LND-KK-KKV-YALF-YKLDVVSLNETQNNRSNNN------------------------------------------NTNYTLI---NCNTSTI-T---QA, 0.0913, 0
1.656287, -114.8116, 59, POINT, S, VKLTPLCVTLNCTNVTTNITT-------------------------------------TSRGNLKN----CSFNT-T-TS--LND-KK-KKV-YALF-YKLDIVSLNETQNNRSNNN------------------------------------------NTNYTLI---NCNTSTI-T---QA, 0.0873, 0
1.662361, -114.7708, 18, POINT, T, VKLTPLCVTLNCTNVTTNTTT-------------------------------------TERGNLKN----CSFNT-T-TS--LND-KK-KKV-YALF-YKLDIVSLNETQNNRSNNN------------------------------------------NTNYTLI---NCNTSTI-T---QA, 0.0897, 0
1.640064, -112.3305, [59, 60, 62, 63], CHUNK, ['E', 'K', 'E', 'I'], VKLTPLCVTLNCTNVTTNITT-------------------------------------TEKGEIKN----CSFNT-T-TS--LND-KK-KKV-YALF-YKLDIVSLNETQNNRSNNN------------------------------------------NTNYTLI---NCNTSTI-T---QA, 0.0897, 0
1.643761, -115.3050, [104, 108, 109], CHUNK, ['P', 'N', 'S'], VKLTPLCVTLNCTNVTTNITT-------------------------------------TMRGNLKN----CSFNT-T-TS--LND-KK-KKV-YALF-YKLDIVPLNENSNNRSNNN------------------------------------------NTNYTLI---NCNTSTI-T---QA, 0.0897, 0
1.638928, -116.0509, 62, POINT, T, VKLTPLCVTLNCTNVTTNITT-------------------------------------TMRGTLKN----CSFNT-T-TS--LND-KK-KKV-YALF-YKLDIVSLNETQNNRSNNN------------------------------------------NTNYTLI---NCNTSTI-T---QA, 0.0835, 0
1.636892, -114.9634, [90, 91], CHUNK, ['S', 'E'], VKLTPLCVTLNCTNVTTNITT-------------------------------------TMRGNLKN----CSFNT-T-TS--LND-KK-KSE-YALF-YKLDIVSLNETQNNRSNNN------------------------------------------NTNYTLI---NCNTSTI-T---QA, 0.0897, 0
1.621226, -116.0574, [63], CHUNK, ['I'], VKLTPLCVTLNCTNVTTNITT-------------------------------------DMRGNIKN----CSFNT-T-TS--LND-KK-KKV-YALF-YKLDIVSLNETQNNRSNNN------------------------------------------NTNYTLI---NCNTSTI-T---QA, 0.0873, 0
1.627697, -118.6157, 84, POINT, N, VKLTPLCVTLNCTNVTTNITT-------------------------------------DMRGNLKN----CSFNT-T-TS--LNN-KK-KKV-YALF-YKLDIVSLNETQNNRSNNN------------------------------------------NTNYTLI---NCNTSTI-T---QA, 0.0873, 0
1.621362, -117.7095, 91, POINT, E, VKLTPLCVTLNCTNVTTNITT-------------------------------------DMRGNLKN----CSFNT-T-TS--LND-KK-KKE-YALF-YKLDIVSLNETQNNRSNNN------------------------------------------NTNYTLI---NCNTSTI-T---QA, 0.0873, 1
1.639261, -115.4910, [59, 60, 62, 63], CHUNK, ['T', 'D', 'E', 'I'], VKLTPLCVTLNCTNVTTNITT-------------------------------------DTDGEIKN----CSFNT-T-TS--LND-KK-KKE-YALF-YKLDIVSLNETQNNRSNNN------------------------------------------NTNYTLI---NCNTSTI-T---QA, 0.0873, 1
1.641556, -115.4623, [102], CHUNK, ['V'], VKLTPLCVTLNCTNVTTNITT-------------------------------------DTDGEIKN----CSFNT-T-TS--LND-KK-KKE-YALF-YKLDVVSLNETQNNRSNNN------------------------------------------NTNYTLI---NCNTSTI-T---QA, 0.0873, 0
1.644859, -114.1353, 64, POINT, T, VKLTPLCVTLNCTNVTTNITT-------------------------------------DTDGEITN----CSFNT-T-TS--LND-KK-KKE-YALF-YKLDIVSLNETQNNRSNNN------------------------------------------NTNYTLI---NCNTSTI-T---QA, 0.0873, 0
1.641911, -115.9072, 58, POINT, K, VKLTPLCVTLNCTNVTTNITT-------------------------------------KTDGEIKN----CSFNT-T-TS--LND-KK-KKE-YALF-YKLDIVSLNETQNNRSNNN------------------------------------------NTNYTLI---NCNTSTI-T---QA, 0.0903, 1
1.645242, -113.7867, 99, POINT, N, VKLTPLCVTLNCTNVTTNITT-------------------------------------KTDGEIKN----CSFNT-T-TS--LND-KK-KKE-YALF-YNLDIVSLNETQNNRSNNN------------------------------------------NTNYTLI---NCNTSTI-T---QA, 0.0903, 0
1.642583, -115.1674, [89], CHUNK, ['S'], VKLTPLCVTLNCTNVTTNITT-------------------------------------KTDGEIKN----CSFNT-T-TS--LND-KK-SKE-YALF-YKLDIVSLNETQNNRSNNN------------------------------------------NTNYTLI---NCNTSTI-T---QA, 0.0903, 0
1.648776, -119.1394, 20, POINT, N, VKLTPLCVTLNCTNVTTNITN-------------------------------------KTDGEIKN----CSFNT-T-TS--LND-KK-KKE-YALF-YKLDIVSLNETQNNRSNNN------------------------------------------NTNYTLI---NCNTSTI-T---QA, 0.0903, 0
1.651856, -116.5406, 84, POINT, N, VKLTPLCVTLNCTNVTTNITT-------------------------------------KTDGEIKN----CSFNT-T-TS--LNN-KK-KKE-YALF-YKLDIVSLNETQNNRSNNN------------------------------------------NTNYTLI---NCNTSTI-T---QA, 0.0903, 0
1.648708, 284.6727, [100, 102, 107], CHUNK, ['P', 'V', 'N'], VKLTPLCVTLNCTNVTTNITT-------------------------------------DTDGEIKN----CSFNT-T-TS--LND-KK-KKE-YALF-YKPDVVSLNNTQNNRSNNN------------------------------------------NTNYTLI---NCNTSTI-T---QA, 0.1060, 0
1.645257, -113.1565, [12, 13, 14], CHUNK, ['S', 'T', 'N'], VKLTPLCVTLNCSTNTTNITT-------------------------------------DTDGEIKN----CSFNT-T-TS--LND-KK-KKE-YALF-YKLDIVSLNETQNNRSNNN------------------------------------------NTNYTLI---NCNTSTI-T---QA, 0.0873, 0
1.646416, -115.7398, [84, 87], CHUNK, ['N', 'V'], VKLTPLCVTLNCTNVTTNITT-------------------------------------DTDGEIKN----CSFNT-T-TS--LNN-KV-KKE-YALF-YKLDIVSLNETQNNRSNNN------------------------------------------NTNYTLI---NCNTSTI-T---QA, 0.0873, 0
1.676789, -114.1412, 109, POINT, T, VKLTPLCVTLNCTNVTTNITT-------------------------------------DTDGEIKN----CSFNT-T-TS--LND-KK-KKE-YALF-YKLDIVSLNETTNNRSNNN------------------------------------------NTNYTLI---NCNTSTI-T---QA, 0.0873, 0
1.633448, -118.1929, [99], CHUNK, ['T'], VKLTPLCVTLNCTNVTTNITT-------------------------------------DMRGNLKN----CSFNT-T-TS--LND-KK-KKE-YALF-YTLDIVSLNETQNNRSNNN------------------------------------------NTNYTLI---NCNTSTI-T---QA, 0.0873, 0
1.624740, -79.7876, [59, 60, 61, 62, 63], CHUNK, ['S', 'G', 'E', 'E', 'I'], VKLTPLCVTLNCTNVTTNITT-------------------------------------DSGEEIKN----CSFNT-T-TS--LND-KK-KKE-YALF-YKLDIVSLNETQNNRSNNN------------------------------------------NTNYTLI---NCNTSTI-T---QA, 0.3342, 0
1.624897, -115.5547, 60, POINT, K, VKLTPLCVTLNCTNVTTNITT-------------------------------------DMKGNLKN----CSFNT-T-TS--LND-KK-KKE-YALF-YKLDIVSLNETQNNRSNNN------------------------------------------NTNYTLI---NCNTSTI-T---QA, 0.0873, 0
1.622098, 5.9619, [79, 82, 83], CHUNK, ['N', 'I', 'R'], VKLTPLCVTLNCTNVTTNITT-------------------------------------DMRGNLKN----CSFNT-T-TN--IRD-KK-KKE-YALF-YKLDIVSLNETQNNRSNNN------------------------------------------NTNYTLI---NCNTSTI-T---QA, 0.2749, 0
1.627697, -118.6157, 84, POINT, N, VKLTPLCVTLNCTNVTTNITT-------------------------------------DMRGNLKN----CSFNT-T-TS--LNN-KK-KKV-YALF-YKLDIVSLNETQNNRSNNN------------------------------------------NTNYTLI---NCNTSTI-T---QA, 0.0873, 1
1.632006, -116.6908, [63], CHUNK, ['I'], VKLTPLCVTLNCTNVTTNITT-------------------------------------DMRGNIKN----CSFNT-T-TS--LNN-KK-KKV-YALF-YKLDIVSLNETQNNRSNNN------------------------------------------NTNYTLI---NCNTSTI-T---QA, 0.0873, 0
1.629750, -118.4470, [89, 90, 91], CHUNK, ['R', 'N', 'E'], VKLTPLCVTLNCTNVTTNITT-------------------------------------DMRGNLKN----CSFNT-T-TS--LNN-KK-RNE-YALF-YKLDIVSLNETQNNRSNNN------------------------------------------NTNYTLI---NCNTSTI-T---QA, 0.1010, 0
1.632006, -116.7587, [63], CHUNK, ['I'], VKLTPLCVTLNCTNVTTNITT-------------------------------------DMRGNIKN----CSFNT-T-TS--LNN-KK-KKV-YALF-YKLDIVSLNETQNNRSNNN------------------------------------------NTNYTLI---NCNTSTI-T---QA, 0.0845, 0
1.634728, -115.9275, 98, POINT, N, VKLTPLCVTLNCTNVTTNITT-------------------------------------DMRGNLKN----CSFNT-T-TS--LNN-KK-KKV-YALF-NKLDIVSLNETQNNRSNNN------------------------------------------NTNYTLI---NCNTSTI-T---QA, 0.0873, 0
1.623815, -116.3305, [99, 102], CHUNK, ['N', 'V'], VKLTPLCVTLNCTNVTTNITT-------------------------------------DMRGNLKN----CSFNT-T-TS--LND-KK-KKV-YALF-YNLDVVSLNETQNNRSNNN------------------------------------------NTNYTLI---NCNTSTI-T---QA, 0.0873, 1
1.639100, -115.1730, 18, POINT, T, VKLTPLCVTLNCTNVTTNTTT-------------------------------------DMRGNLKN----CSFNT-T-TS--LND-KK-KKV-YALF-YNLDVVSLNETQNNRSNNN------------------------------------------NTNYTLI---NCNTSTI-T---QA, 0.1555, 0
1.627114, -116.7167, [116], CHUNK, ['T'], VKLTPLCVTLNCTNVTTNITT-------------------------------------DMRGNLKN----CSFNT-T-TS--LND-KK-KKV-YALF-YNLDVVSLNETQNNRSNNT------------------------------------------NTNYTLI---NCNTSTI-T---QA, 0.0873, 0
1.662233, -115.9868, 109, POINT, N, VKLTPLCVTLNCTNVTTNITT-------------------------------------DMRGNLKN----CSFNT-T-TS--LND-KK-KKV-YALF-YNLDVVSLNETNNNRSNNN------------------------------------------NTNYTLI---NCNTSTI-T---QA, 0.0873, 0
1.626199, -115.5987, [87, 91], CHUNK, ['V', 'E'], VKLTPLCVTLNCTNVTTNITT-------------------------------------DMRGNLKN----CSFNT-T-TS--LND-KV-KKE-YALF-YNLDVVSLNETQNNRSNNN------------------------------------------NTNYTLI---NCNTSTI-T---QA, 0.0873, 0
1.618918, -79.2375, [58, 59, 60, 61, 62, 63], CHUNK, ['T', 'E', 'E', 'K', 'G', 'M'], VKLTPLCVTLNCTNVTTNITT-------------------------------------TEEKGMKN----CSFNT-T-TS--LND-KK-KKV-YALF-YKLDIVSLNETQNNRSNNN------------------------------------------NTNYTLI---NCNTSTI-T---QA, 0.0873, 0
1.636017, -112.9370, 60, POINT, T, VKLTPLCVTLNCTNVTTNITT-------------------------------------DMTGNLKN----CSFNT-T-TS--LND-KK-KKV-YALF-YKLDIVSLNETQNNRSNNN------------------------------------------NTNYTLI---NCNTSTI-T---QA, 0.0858, 0
1.636308, -115.2574, 58, POINT, T, VKLTPLCVTLNCTNVTTNITT-------------------------------------TMRGNLKN----CSFNT-T-TS--LND-KK-KKV-YALF-YKLDIVSLNETQNNRSNNN------------------------------------------NTNYTLI---NCNTSTI-T---QA, 0.0923, 0
1.629080, -116.2997, 165, POINT, T, VKLTPLCVTLNCTNVTTNITT-------------------------------------DMRGNLKN----CSFNT-T-TS--LND-KK-KKV-YALF-YKLDIVSLNETQNNRSNNN------------------------------------------NTNYTLT---NCNTSTI-T---QA, 0.0888, 0
1.616917, -117.8899, [94, 99], CHUNK, ['A', 'K'], VKLTPLCVTLNCTNVTTNITT-------------------------------------DMRGNLKN----CSFNT-T-TS--LND-KK-KKV-YALF-YKLDIVSLNETQNNRSNNN------------------------------------------NTNYTLI---NCNTSTI-T---QA, 0.0872, 0
1.648910, -118.3210, 109, POINT, N, VKLTPLCVTLNCTNVTTNITT-------------------------------------DMRGNLKN----CSFNT-T-TS--LND-KK-KKV-YSLF-YRLDIVSLNETNNNRSNNN------------------------------------------NTNYTLI---NCNTSTI-T---QA, 0.0872, 1
1.656623, -117.3409, [99, 102], CHUNK, ['K', 'V'], VKLTPLCVTLNCTNVTTNITT-------------------------------------DMRGNLKN----CSFNT-T-TS--LND-KK-KKV-YSLF-YKLDVVSLNETNNNRSNNN------------------------------------------NTNYTLI---NCNTSTI-T---QA, 0.0872, 0
1.669047, -118.1985, 60, POINT, N, VKLTPLCVTLNCTNVTTNITT-------------------------------------DMNGNLKN----CSFNT-T-TS--LND-KK-KKV-YSLF-YRLDIVSLNETNNNRSNNN------------------------------------------NTNYTLI---NCNTSTI-T---QA, 0.0872, 0
1.671647, -117.7570, [91, 94, 99], CHUNK, ['E', 'A', 'T'], VKLTPLCVTLNCTNVTTNITT-------------------------------------DMRGNLKN----CSFNT-T-TS--LND-KK-KKE-YALF-YTLDIVSLNETNNNRSNNN------------------------------------------NTNYTLI---NCNTSTI-T---QA, 0.0872, 0
1.655117, -117.5462, [94, 99], CHUNK, ['A', 'K'], VKLTPLCVTLNCTNVTTNITT-------------------------------------DMRGNLKN----CSFNT-T-TS--LND-KK-KKV-YALF-YKLDIVSLNETNNNRSNNN------------------------------------------NTNYTLI---NCNTSTI-T---QA, 0.0872, 0
1.614100, -115.8087, [59, 60, 62, 63], CHUNK, ['E', 'K', 'E', 'I'], VKLTPLCVTLNCTNVTTNITT-------------------------------------DEKGEIKN----CSFNT-T-TS--LND-KK-KKV-YSLF-YRLDIVSLNETQNNRSNNN------------------------------------------NTNYTLI---NCNTSTI-T---QA, 0.0872, 0
1.626740, -117.7956, 59, POINT, S, VKLTPLCVTLNCTNVTTNITT-------------------------------------DSRGNLKN----CSFNT-T-TS--LND-KK-KKV-YSLF-YRLDIVSLNETQNNRSNNN------------------------------------------NTNYTLI---NCNTSTI-T---QA, 0.0927, 0
1.619000, -118.0908, 162, POINT, S, VKLTPLCVTLNCTNVTTNITT-------------------------------------DMRGNLKN----CSFNT-T-TS--LND-KK-KKV-YSLF-YRLDIVSLNETQNNRSNNN------------------------------------------NTNSTLI---NCNTSTI-T---QA, 0.0816, 0
1.617800, -119.2416, [90, 94], CHUNK, ['N', 'A'], VKLTPLCVTLNCTNVTTNITT-------------------------------------DMRGNLKN----CSFNT-T-TS--LND-KK-KNV-YALF-YRLDIVSLNETQNNRSNNN------------------------------------------NTNYTLI---NCNTSTI-T---QA, 0.0872, 0
