Name base = V1V2_70_exp_3_0_ni
Iters = 70
Soft coverage = 0.284621885725
Energy = -129.0104493
Hard Covereage = 0.0368019545157
Num epitopes = 65
Initial seq = VKLTPLCVTLQCTNVTNNITD-------------------------------------DMRGELKN----CSFNM-T-TE--LRD-KK-QKV-YSLF-YRLDVVQINENQGNRSNNS------------------------------------------NKEYRLI---NCNTSAI-T---QA
-------START OF DATA------
0.287682, -129.0509, 59, POINT, N, VKLTPLCVTLQCTNVTNNITD-------------------------------------DNRGELKN----CSFNM-T-TE--LRD-KK-QKV-YSLF-YRLDVVQINENQGNRSNNS------------------------------------------NKEYRLI---NCNTSAI-T---QA, 0.0000, 1
0.311349, -129.6611, [10], CHUNK, ['N'], VKLTPLCVTLNCTNVTNNITD-------------------------------------DNRGELKN----CSFNM-T-TE--LRD-KK-QKV-YSLF-YRLDVVQINENQGNRSNNS------------------------------------------NKEYRLI---NCNTSAI-T---QA, 0.0734, 1
0.315967, -128.0064, 99, POINT, K, VKLTPLCVTLNCTNVTNNITD-------------------------------------DNRGELKN----CSFNM-T-TE--LRD-KK-QKV-YSLF-YKLDVVQINENQGNRSNNS------------------------------------------NKEYRLI---NCNTSAI-T---QA, 0.0798, 1
0.318562, -126.6906, 18, POINT, T, VKLTPLCVTLNCTNVTNNTTD-------------------------------------DNRGELKN----CSFNM-T-TE--LRD-KK-QKV-YSLF-YKLDVVQINENQGNRSNNS------------------------------------------NKEYRLI---NCNTSAI-T---QA, 0.0798, 1
0.328534, -94.7890, [74], CHUNK, ['I'], VKLTPLCVTLNCTNVTNNTTD-------------------------------------DNRGELKN----CSFNI-T-TE--LRD-KK-QKV-YSLF-YKLDVVQINENQGNRSNNS------------------------------------------NKEYRLI---NCNTSAI-T---QA, 0.3312, 0
0.328534, -82.8051, [74], CHUNK, ['I'], VKLTPLCVTLNCTNVTNNTTD-------------------------------------DNRGELKN----CSFNI-T-TE--LRD-KK-QKV-YSLF-YKLDVVQINENQGNRSNNS------------------------------------------NKEYRLI---NCNTSAI-T---QA, 0.1910, 0
0.321296, -127.1993, 110, POINT, S, VKLTPLCVTLNCTNVTNNTTD-------------------------------------DNRGELKN----CSFNM-T-TE--LRD-KK-QKV-YSLF-YKLDVVQINENQSNRSNNS------------------------------------------NKEYRLI---NCNTSAI-T---QA, 0.0798, 1
0.331268, -88.7607, 74, POINT, I, VKLTPLCVTLNCTNVTNNTTD-------------------------------------DNRGELKN----CSFNI-T-TE--LRD-KK-QKV-YSLF-YKLDVVQINENQSNRSNNS------------------------------------------NKEYRLI---NCNTSAI-T---QA, 0.2965, 0
0.326429, -126.6166, 160, POINT, T, VKLTPLCVTLNCTNVTNNTTD-------------------------------------DNRGELKN----CSFNM-T-TE--LRD-KK-QKV-YSLF-YKLDVVQINENQSNRSNNS------------------------------------------NTEYRLI---NCNTSAI-T---QA, 0.0798, 0
0.328579, -111.2531, [174], CHUNK, ['V'], VKLTPLCVTLNCTNVTNNTTD-------------------------------------DNRGELKN----CSFNM-T-TE--LRD-KK-QKV-YSLF-YKLDVVQINENQSNRSNNS------------------------------------------NKEYRLI---NCNTSVI-T---QA, 0.5441, 0
0.328579, -108.1576, [174], CHUNK, ['V'], VKLTPLCVTLNCTNVTNNTTD-------------------------------------DNRGELKN----CSFNM-T-TE--LRD-KK-QKV-YSLF-YKLDVVQINENQSNRSNNS------------------------------------------NKEYRLI---NCNTSVI-T---QA, 0.3824, 0
0.328534, -83.6853, [74], CHUNK, ['I'], VKLTPLCVTLNCTNVTNNTTD-------------------------------------DNRGELKN----CSFNI-T-TE--LRD-KK-QKV-YSLF-YKLDVVQINENQGNRSNNS------------------------------------------NKEYRLI---NCNTSAI-T---QA, 0.3643, 0
0.322774, -125.8905, 161, POINT, S, VKLTPLCVTLNCTNVTNNTTD-------------------------------------DNRGELKN----CSFNM-T-TE--LRD-KK-QKV-YSLF-YKLDVVQINENQGNRSNNS------------------------------------------NKSYRLI---NCNTSAI-T---QA, 0.0798, 1
0.332746, -107.6294, [74], CHUNK, ['I'], VKLTPLCVTLNCTNVTNNTTD-------------------------------------DNRGELKN----CSFNI-T-TE--LRD-KK-QKV-YSLF-YKLDVVQINENQGNRSNNS------------------------------------------NKSYRLI---NCNTSAI-T---QA, 0.2363, 0
0.323265, -119.1445, 60, POINT, I, VKLTPLCVTLNCTNVTNNTTD-------------------------------------DNIGELKN----CSFNM-T-TE--LRD-KK-QKV-YSLF-YKLDVVQINENQGNRSNNS------------------------------------------NKSYRLI---NCNTSAI-T---QA, 0.0798, 1
0.333832, -119.5627, 94, POINT, A, VKLTPLCVTLNCTNVTNNTTD-------------------------------------DNIGELKN----CSFNM-T-TE--LRD-KK-QKV-YALF-YKLDVVQINENQGNRSNNS------------------------------------------NKSYRLI---NCNTSAI-T---QA, 0.0810, 1
0.337313, -119.9085, 20, POINT, N, VKLTPLCVTLNCTNVTNNTTN-------------------------------------DNIGELKN----CSFNM-T-TE--LRD-KK-QKV-YALF-YKLDVVQINENQGNRSNNS------------------------------------------NKSYRLI---NCNTSAI-T---QA, 0.0810, 0
0.337443, -119.6726, 107, POINT, N, VKLTPLCVTLNCTNVTNNTTD-------------------------------------DNIGELKN----CSFNM-T-TE--LRD-KK-QKV-YALF-YKLDVVQINNNQGNRSNNS------------------------------------------NKSYRLI---NCNTSAI-T---QA, 0.0810, 0
0.341727, -119.4598, [160], CHUNK, ['T'], VKLTPLCVTLNCTNVTNNTTD-------------------------------------DNIGELKN----CSFNM-T-TE--LRD-KK-QKV-YALF-YKLDVVQINENQGNRSNNS------------------------------------------NTSYRLI---NCNTSAI-T---QA, 0.0810, 0
0.340926, -117.2127, [63], CHUNK, ['I'], VKLTPLCVTLNCTNVTNNTTD-------------------------------------DNIGEIKN----CSFNM-T-TE--LRD-KK-QKV-YALF-YKLDVVQINENQGNRSNNS------------------------------------------NKSYRLI---NCNTSAI-T---QA, 0.0810, 0
0.325393, -125.8694, 60, POINT, N, VKLTPLCVTLNCTNVTNNTTD-------------------------------------DNNGELKN----CSFNM-T-TE--LRD-KK-QKV-YSLF-YKLDVVQINENQGNRSNNS------------------------------------------NKSYRLI---NCNTSAI-T---QA, 0.0828, 1
0.332676, -108.9506, [174], CHUNK, ['V'], VKLTPLCVTLNCTNVTNNTTD-------------------------------------DNNGELKN----CSFNM-T-TE--LRD-KK-QKV-YSLF-YKLDVVQINENQGNRSNNS------------------------------------------NKSYRLI---NCNTSVI-T---QA, 0.5821, 0
0.329341, -126.2691, [104, 106], CHUNK, ['P', 'D'], VKLTPLCVTLNCTNVTNNTTD-------------------------------------DNNGELKN----CSFNM-T-TE--LRD-KK-QKV-YSLF-YKLDVVPIDENQGNRSNNS------------------------------------------NKSYRLI---NCNTSAI-T---QA, 0.0978, 0
0.335961, -126.0796, [94], CHUNK, ['A'], VKLTPLCVTLNCTNVTNNTTD-------------------------------------DNNGELKN----CSFNM-T-TE--LRD-KK-QKV-YALF-YKLDVVQINENQGNRSNNS------------------------------------------NKSYRLI---NCNTSAI-T---QA, 0.0828, 1
0.343856, -125.9768, [160], CHUNK, ['T'], VKLTPLCVTLNCTNVTNNTTD-------------------------------------DNNGELKN----CSFNM-T-TE--LRD-KK-QKV-YALF-YKLDVVQINENQGNRSNNS------------------------------------------NTSYRLI---NCNTSAI-T---QA, 0.0828, 1
0.349914, -124.5735, [91], CHUNK, ['E'], VKLTPLCVTLNCTNVTNNTTD-------------------------------------DNNGELKN----CSFNM-T-TE--LRD-KK-QKE-YALF-YKLDVVQINENQGNRSNNS------------------------------------------NTSYRLI---NCNTSAI-T---QA, 0.0829, 1
0.356782, -122.9797, 63, POINT, I, VKLTPLCVTLNCTNVTNNTTD-------------------------------------DNNGEIKN----CSFNM-T-TE--LRD-KK-QKE-YALF-YKLDVVQINENQGNRSNNS------------------------------------------NTSYRLI---NCNTSAI-T---QA, 0.1049, 1
0.360730, -123.4627, [104, 106], CHUNK, ['P', 'D'], VKLTPLCVTLNCTNVTNNTTD-------------------------------------DNNGEIKN----CSFNM-T-TE--LRD-KK-QKE-YALF-YKLDVVPIDENQGNRSNNS------------------------------------------NTSYRLI---NCNTSAI-T---QA, 0.1251, 0
0.364064, -101.4742, 174, POINT, V, VKLTPLCVTLNCTNVTNNTTD-------------------------------------DNNGEIKN----CSFNM-T-TE--LRD-KK-QKE-YALF-YKLDVVQINENQGNRSNNS------------------------------------------NTSYRLI---NCNTSVI-T---QA, 0.3730, 0
0.364064, -102.2963, [174], CHUNK, ['V'], VKLTPLCVTLNCTNVTNNTTD-------------------------------------DNNGEIKN----CSFNM-T-TE--LRD-KK-QKE-YALF-YKLDVVQINENQGNRSNNS------------------------------------------NTSYRLI---NCNTSVI-T---QA, 0.2969, 0
0.364064, -103.8266, [174], CHUNK, ['V'], VKLTPLCVTLNCTNVTNNTTD-------------------------------------DNNGEIKN----CSFNM-T-TE--LRD-KK-QKE-YALF-YKLDVVQINENQGNRSNNS------------------------------------------NTSYRLI---NCNTSVI-T---QA, 0.2833, 0
0.357196, -111.3678, [174], CHUNK, ['V'], VKLTPLCVTLNCTNVTNNTTD-------------------------------------DNNGELKN----CSFNM-T-TE--LRD-KK-QKE-YALF-YKLDVVQINENQGNRSNNS------------------------------------------NTSYRLI---NCNTSVI-T---QA, 0.4977, 0
0.354337, -124.7171, 104, POINT, P, VKLTPLCVTLNCTNVTNNTTD-------------------------------------DNNGELKN----CSFNM-T-TE--LRD-KK-QKE-YALF-YKLDVVPINENQGNRSNNS------------------------------------------NTSYRLI---NCNTSAI-T---QA, 0.0829, 1
0.360593, -124.7414, [108, 109, 110], CHUNK, ['D', 'N', 'T'], VKLTPLCVTLNCTNVTNNTTD-------------------------------------DNNGELKN----CSFNM-T-TE--LRD-KK-QKE-YALF-YKLDVVPINEDNTNRSNNS------------------------------------------NTSYRLI---NCNTSAI-T---QA, 0.0829, 1
0.365645, -124.8127, 107, POINT, N, VKLTPLCVTLNCTNVTNNTTD-------------------------------------DNNGELKN----CSFNM-T-TE--LRD-KK-QKE-YALF-YKLDVVPINNDNTNRSNNS------------------------------------------NTSYRLI---NCNTSAI-T---QA, 0.0829, 0
0.361946, -124.6906, 107, POINT, D, VKLTPLCVTLNCTNVTNNTTD-------------------------------------DNNGELKN----CSFNM-T-TE--LRD-KK-QKE-YALF-YKLDVVPINDDNTNRSNNS------------------------------------------NTSYRLI---NCNTSAI-T---QA, 0.0829, 1
0.366438, -116.6758, [74], CHUNK, ['V'], VKLTPLCVTLNCTNVTNNTTD-------------------------------------DNNGELKN----CSFNV-T-TE--LRD-KK-QKE-YALF-YKLDVVPINDDNTNRSNNS------------------------------------------NTSYRLI---NCNTSAI-T---QA, 0.2314, 0
0.369228, -112.3652, [174], CHUNK, ['V'], VKLTPLCVTLNCTNVTNNTTD-------------------------------------DNNGELKN----CSFNM-T-TE--LRD-KK-QKE-YALF-YKLDVVPINDDNTNRSNNS------------------------------------------NTSYRLI---NCNTSVI-T---QA, 0.5850, 0
0.366438, -115.9924, 74, POINT, V, VKLTPLCVTLNCTNVTNNTTD-------------------------------------DNNGELKN----CSFNV-T-TE--LRD-KK-QKE-YALF-YKLDVVPINDDNTNRSNNS------------------------------------------NTSYRLI---NCNTSAI-T---QA, 0.3730, 0
0.365226, -121.1811, 20, POINT, T, VKLTPLCVTLNCTNVTNNTTT-------------------------------------DNNGELKN----CSFNM-T-TE--LRD-KK-QKE-YALF-YKLDVVPINDDNTNRSNNS------------------------------------------NTSYRLI---NCNTSAI-T---QA, 0.1053, 0
0.367461, -122.9375, 63, POINT, I, VKLTPLCVTLNCTNVTNNTTD-------------------------------------DNNGEIKN----CSFNM-T-TE--LRD-KK-QKE-YALF-YKLDVVPINEDNTNRSNNS------------------------------------------NTSYRLI---NCNTSAI-T---QA, 0.0814, 1
0.374743, -98.8557, [174], CHUNK, ['V'], VKLTPLCVTLNCTNVTNNTTD-------------------------------------DNNGEIKN----CSFNM-T-TE--LRD-KK-QKE-YALF-YKLDVVPINEDNTNRSNNS------------------------------------------NTSYRLI---NCNTSVI-T---QA, 0.2941, 0
0.374743, -103.6066, 174, POINT, V, VKLTPLCVTLNCTNVTNNTTD-------------------------------------DNNGEIKN----CSFNM-T-TE--LRD-KK-QKE-YALF-YKLDVVPINEDNTNRSNNS------------------------------------------NTSYRLI---NCNTSVI-T---QA, 0.2712, 0
0.371470, -123.4373, 58, POINT, N, VKLTPLCVTLNCTNVTNNTTD-------------------------------------NNNGEIKN----CSFNM-T-TE--LRD-KK-QKE-YALF-YKLDVVPINEDNTNRSNNS------------------------------------------NTSYRLI---NCNTSAI-T---QA, 0.0814, 0
0.378854, -111.8253, [74], CHUNK, ['I'], VKLTPLCVTLNCTNVTNNTTD-------------------------------------DNNGEIKN----CSFNI-T-TE--LRD-KK-QKE-YALF-YKLDVVPINEDNTNRSNNS------------------------------------------NTSYRLI---NCNTSAI-T---QA, 0.2222, 0
0.362605, -124.9579, [108, 110], CHUNK, ['N', 'S'], VKLTPLCVTLNCTNVTNNTTD-------------------------------------DNNGELKN----CSFNM-T-TE--LRD-KK-QKE-YALF-YKLDVVPINENNSNRSNNS------------------------------------------NTSYRLI---NCNTSAI-T---QA, 0.0742, 0
0.362756, -6.6972, 82, POINT, I, VKLTPLCVTLNCTNVTNNTTD-------------------------------------DNNGELKN----CSFNM-T-TE--IRD-KK-QKE-YALF-YKLDVVPINEDNTNRSNNS------------------------------------------NTSYRLI---NCNTSAI-T---QA, 0.1187, 0
0.370565, -115.9556, [74], CHUNK, ['I'], VKLTPLCVTLNCTNVTNNTTD-------------------------------------DNNGELKN----CSFNI-T-TE--LRD-KK-QKE-YALF-YKLDVVPINEDNTNRSNNS------------------------------------------NTSYRLI---NCNTSAI-T---QA, 0.3814, 0
0.365085, -119.8940, [74], CHUNK, ['V'], VKLTPLCVTLNCTNVTNNTTD-------------------------------------DNNGELKN----CSFNV-T-TE--LRD-KK-QKE-YALF-YKLDVVPINEDNTNRSNNS------------------------------------------NTSYRLI---NCNTSAI-T---QA, 0.2829, 0
0.364309, -111.1019, [74], CHUNK, ['I'], VKLTPLCVTLNCTNVTNNTTD-------------------------------------DNNGELKN----CSFNI-T-TE--LRD-KK-QKE-YALF-YKLDVVPINENQGNRSNNS------------------------------------------NTSYRLI---NCNTSAI-T---QA, 0.3890, 0
0.357836, -122.9169, 58, POINT, T, VKLTPLCVTLNCTNVTNNTTD-------------------------------------TNNGELKN----CSFNM-T-TE--LRD-KK-QKE-YALF-YKLDVVPINENQGNRSNNS------------------------------------------NTSYRLI---NCNTSAI-T---QA, 0.1109, 0
0.358829, -110.1851, [74], CHUNK, ['V'], VKLTPLCVTLNCTNVTNNTTD-------------------------------------DNNGELKN----CSFNV-T-TE--LRD-KK-QKE-YALF-YKLDVVPINENQGNRSNNS------------------------------------------NTSYRLI---NCNTSAI-T---QA, 0.4421, 0
0.358366, -126.1961, 110, POINT, N, VKLTPLCVTLNCTNVTNNTTD-------------------------------------DNNGELKN----CSFNM-T-TE--LRD-KK-QKE-YALF-YKLDVVPINENQNNRSNNS------------------------------------------NTSYRLI---NCNTSAI-T---QA, 0.0829, 1
0.360529, -4.6348, 82, POINT, I, VKLTPLCVTLNCTNVTNNTTD-------------------------------------DNNGELKN----CSFNM-T-TE--IRD-KK-QKE-YALF-YKLDVVPINENQNNRSNNS------------------------------------------NTSYRLI---NCNTSAI-T---QA, 0.2615, 0
0.362858, -117.5529, 74, POINT, V, VKLTPLCVTLNCTNVTNNTTD-------------------------------------DNNGELKN----CSFNV-T-TE--LRD-KK-QKE-YALF-YKLDVVPINENQNNRSNNS------------------------------------------NTSYRLI---NCNTSAI-T---QA, 0.2068, 1
0.371400, -120.6341, [107, 108, 109], CHUNK, ['N', 'S', 'N'], VKLTPLCVTLNCTNVTNNTTD-------------------------------------DNNGELKN----CSFNV-T-TE--LRD-KK-QKE-YALF-YKLDVVPINNSNNNRSNNS------------------------------------------NTSYRLI---NCNTSAI-T---QA, 0.1642, 0
0.365027, -117.4769, 174, POINT, T, VKLTPLCVTLNCTNVTNNTTD-------------------------------------DNNGELKN----CSFNV-T-TE--LRD-KK-QKE-YALF-YKLDVVPINENQNNRSNNS------------------------------------------NTSYRLI---NCNTSTI-T---QA, 0.1748, 0
0.365449, -119.8987, 63, POINT, M, VKLTPLCVTLNCTNVTNNTTD-------------------------------------DNNGEMKN----CSFNV-T-TE--LRD-KK-QKE-YALF-YKLDVVPINENQNNRSNNS------------------------------------------NTSYRLI---NCNTSAI-T---QA, 0.2093, 0
0.369879, -117.6256, [63], CHUNK, ['I'], VKLTPLCVTLNCTNVTNNTTD-------------------------------------DNNGEIKN----CSFNV-T-TE--LRD-KK-QKE-YALF-YKLDVVPINENQNNRSNNS------------------------------------------NTSYRLI---NCNTSAI-T---QA, 0.1721, 0
0.365649, -105.8165, 174, POINT, V, VKLTPLCVTLNCTNVTNNTTD-------------------------------------DNNGELKN----CSFNM-T-TE--LRD-KK-QKE-YALF-YKLDVVPINENQNNRSNNS------------------------------------------NTSYRLI---NCNTSVI-T---QA, 0.3662, 0
0.365235, -123.6765, [63], CHUNK, ['I'], VKLTPLCVTLNCTNVTNNTTD-------------------------------------DNNGEIKN----CSFNM-T-TE--LRD-KK-QKE-YALF-YKLDVVPINENQNNRSNNS------------------------------------------NTSYRLI---NCNTSAI-T---QA, 0.0829, 1
0.368049, -119.7569, [19, 20], CHUNK, ['N', 'T'], VKLTPLCVTLNCTNVTNNTNT-------------------------------------DNNGEIKN----CSFNM-T-TE--LRD-KK-QKE-YALF-YKLDVVPINENQNNRSNNS------------------------------------------NTSYRLI---NCNTSAI-T---QA, 0.1333, 1
0.372121, -115.7638, [74], CHUNK, ['T'], VKLTPLCVTLNCTNVTNNTNT-------------------------------------DNNGEIKN----CSFNT-T-TE--LRD-KK-QKE-YALF-YKLDVVPINENQNNRSNNS------------------------------------------NTSYRLI---NCNTSAI-T---QA, 0.1967, 0
0.375331, -99.5874, [174], CHUNK, ['V'], VKLTPLCVTLNCTNVTNNTNT-------------------------------------DNNGEIKN----CSFNM-T-TE--LRD-KK-QKE-YALF-YKLDVVPINENQNNRSNNS------------------------------------------NTSYRLI---NCNTSVI-T---QA, 0.4115, 0
0.375331, -108.1180, [174], CHUNK, ['V'], VKLTPLCVTLNCTNVTNNTNT-------------------------------------DNNGEIKN----CSFNM-T-TE--LRD-KK-QKE-YALF-YKLDVVPINENQNNRSNNS------------------------------------------NTSYRLI---NCNTSVI-T---QA, 0.4519, 0
0.375331, -104.3253, 174, POINT, V, VKLTPLCVTLNCTNVTNNTNT-------------------------------------DNNGEIKN----CSFNM-T-TE--LRD-KK-QKE-YALF-YKLDVVPINENQNNRSNNS------------------------------------------NTSYRLI---NCNTSVI-T---QA, 0.3476, 0
0.372517, -109.3538, [174], CHUNK, ['V'], VKLTPLCVTLNCTNVTNNTTD-------------------------------------DNNGEIKN----CSFNM-T-TE--LRD-KK-QKE-YALF-YKLDVVPINENQNNRSNNS------------------------------------------NTSYRLI---NCNTSVI-T---QA, 0.4628, 0
0.372517, -109.3940, [174], CHUNK, ['V'], VKLTPLCVTLNCTNVTNNTTD-------------------------------------DNNGEIKN----CSFNM-T-TE--LRD-KK-QKE-YALF-YKLDVVPINENQNNRSNNS------------------------------------------NTSYRLI---NCNTSVI-T---QA, 0.4151, 0
0.367404, -121.4207, [174], CHUNK, ['T'], VKLTPLCVTLNCTNVTNNTTD-------------------------------------DNNGEIKN----CSFNM-T-TE--LRD-KK-QKE-YALF-YKLDVVPINENQNNRSNNS------------------------------------------NTSYRLI---NCNTSTI-T---QA, 0.1147, 1
0.367685, -120.9013, 87, POINT, V, VKLTPLCVTLNCTNVTNNTTD-------------------------------------DNNGEIKN----CSFNM-T-TE--LRD-KV-QKE-YALF-YKLDVVPINENQNNRSNNS------------------------------------------NTSYRLI---NCNTSTI-T---QA, 0.1147, 1
------END OF DATA------
Best coverage = 0.368049113437
Best sequence = VKLTPLCVTLNCTNVTNNTNT-------------------------------------DNNGEIKN----CSFNM-T-TE--LRD-KK-QKE-YALF-YKLDVVPINENQNNRSNNS------------------------------------------NTSYRLI---NCNTSAI-T---QA
Best energy = -119.756880265
Best RMSD = 0.133317515254
Hard Covereage = 0.0810848640831
Num epitopes = 64
