Name base = V1V2_200_exp_6_0_ni
Iters = 200
Soft coverage = 0.284621885725
Energy = -130.354428256
Hard Covereage = 0.0368019545157
Num epitopes = 65
Initial seq = VKLTPLCVTLQCTNVTNNITD-------------------------------------DMRGELKN----CSFNM-T-TE--LRD-KK-QKV-YSLF-YRLDVVQINENQGNRSNNS------------------------------------------NKEYRLI---NCNTSAI-T---QA
-------START OF DATA------
0.298872, -129.5230, [10, 12], CHUNK, ['N', 'S'], VKLTPLCVTLNCSNVTNNITD-------------------------------------DMRGELKN----CSFNM-T-TE--LRD-KK-QKV-YSLF-YRLDVVQINENQGNRSNNS------------------------------------------NKEYRLI---NCNTSAI-T---QA, 0.0000, 1
0.312224, -128.1679, [91, 94], CHUNK, ['E', 'A'], VKLTPLCVTLNCSNVTNNITD-------------------------------------DMRGELKN----CSFNM-T-TE--LRD-KK-QKE-YALF-YRLDVVQINENQGNRSNNS------------------------------------------NKEYRLI---NCNTSAI-T---QA, 0.0000, 1
0.319506, -110.1726, 174, POINT, V, VKLTPLCVTLNCSNVTNNITD-------------------------------------DMRGELKN----CSFNM-T-TE--LRD-KK-QKE-YALF-YRLDVVQINENQGNRSNNS------------------------------------------NKEYRLI---NCNTSVI-T---QA, 0.2650, 0
0.322196, -122.5299, [74], CHUNK, ['I'], VKLTPLCVTLNCSNVTNNITD-------------------------------------DMRGELKN----CSFNI-T-TE--LRD-KK-QKE-YALF-YRLDVVQINENQGNRSNNS------------------------------------------NKEYRLI---NCNTSAI-T---QA, 0.1123, 1
0.331612, -123.3571, [12], CHUNK, ['T'], VKLTPLCVTLNCTNVTNNITD-------------------------------------DMRGELKN----CSFNI-T-TE--LRD-KK-QKE-YALF-YRLDVVQINENQGNRSNNS------------------------------------------NKEYRLI---NCNTSAI-T---QA, 0.1233, 0
0.331612, -124.3371, 12, POINT, T, VKLTPLCVTLNCTNVTNNITD-------------------------------------DMRGELKN----CSFNI-T-TE--LRD-KK-QKE-YALF-YRLDVVQINENQGNRSNNS------------------------------------------NKEYRLI---NCNTSAI-T---QA, 0.0996, 0
0.330087, -120.8194, [99], CHUNK, ['K'], VKLTPLCVTLNCSNVTNNITD-------------------------------------DMRGELKN----CSFNI-T-TE--LRD-KK-QKE-YALF-YKLDVVQINENQGNRSNNS------------------------------------------NKEYRLI---NCNTSAI-T---QA, 0.1123, 1
0.332855, -118.9940, 63, POINT, M, VKLTPLCVTLNCSNVTNNITD-------------------------------------DMRGEMKN----CSFNI-T-TE--LRD-KK-QKE-YALF-YKLDVVQINENQGNRSNNS------------------------------------------NKEYRLI---NCNTSAI-T---QA, 0.1123, 1
0.337938, -118.4077, 160, POINT, T, VKLTPLCVTLNCSNVTNNITD-------------------------------------DMRGEMKN----CSFNI-T-TE--LRD-KK-QKE-YALF-YKLDVVQINENQGNRSNNS------------------------------------------NTEYRLI---NCNTSAI-T---QA, 0.1123, 1
0.340190, -118.7958, 20, POINT, N, VKLTPLCVTLNCSNVTNNITN-------------------------------------DMRGEMKN----CSFNI-T-TE--LRD-KK-QKE-YALF-YKLDVVQINENQGNRSNNS------------------------------------------NTEYRLI---NCNTSAI-T---QA, 0.1123, 1
0.347214, -118.7510, 161, POINT, S, VKLTPLCVTLNCSNVTNNITN-------------------------------------DMRGEMKN----CSFNI-T-TE--LRD-KK-QKE-YALF-YKLDVVQINENQGNRSNNS------------------------------------------NTSYRLI---NCNTSAI-T---QA, 0.1370, 1
0.351637, -118.9586, 104, POINT, P, VKLTPLCVTLNCSNVTNNITN-------------------------------------DMRGEMKN----CSFNI-T-TE--LRD-KK-QKE-YALF-YKLDVVPINENQGNRSNNS------------------------------------------NTSYRLI---NCNTSAI-T---QA, 0.1370, 0
0.354994, -114.8305, [58, 59, 60, 63], CHUNK, ['M', 'D', 'K', 'I'], VKLTPLCVTLNCSNVTNNITN-------------------------------------MDKGEIKN----CSFNI-T-TE--LRD-KK-QKE-YALF-YKLDVVQINENQGNRSNNS------------------------------------------NTSYRLI---NCNTSAI-T---QA, 0.1441, 1
0.359417, -115.0681, 104, POINT, P, VKLTPLCVTLNCSNVTNNITN-------------------------------------MDKGEIKN----CSFNI-T-TE--LRD-KK-QKE-YALF-YKLDVVPINENQGNRSNNS------------------------------------------NTSYRLI---NCNTSAI-T---QA, 0.1441, 0
0.362749, -114.7471, [12, 15], CHUNK, ['T', 'N'], VKLTPLCVTLNCTNVNNNITN-------------------------------------MDKGEIKN----CSFNI-T-TE--LRD-KK-QKE-YALF-YKLDVVQINENQGNRSNNS------------------------------------------NTSYRLI---NCNTSAI-T---QA, 0.1500, 0
0.359417, -115.1223, 104, POINT, P, VKLTPLCVTLNCSNVTNNITN-------------------------------------MDKGEIKN----CSFNI-T-TE--LRD-KK-QKE-YALF-YKLDVVPINENQGNRSNNS------------------------------------------NTSYRLI---NCNTSAI-T---QA, 0.2106, 0
0.361718, -115.6805, [104, 106, 107, 108], CHUNK, ['P', 'D', 'N', 'D'], VKLTPLCVTLNCSNVTNNITN-------------------------------------MDKGEIKN----CSFNI-T-TE--LRD-KK-QKE-YALF-YKLDVVPIDNDQGNRSNNS------------------------------------------NTSYRLI---NCNTSAI-T---QA, 0.1641, 1
0.363887, -113.9275, [174], CHUNK, ['T'], VKLTPLCVTLNCSNVTNNITN-------------------------------------MDKGEIKN----CSFNI-T-TE--LRD-KK-QKE-YALF-YKLDVVPIDNDQGNRSNNS------------------------------------------NTSYRLI---NCNTSTI-T---QA, 0.1641, 0
0.367991, 22.5556, [79, 82], CHUNK, ['N', 'I'], VKLTPLCVTLNCSNVTNNITN-------------------------------------MDKGEIKN----CSFNI-T-TN--IRD-KK-QKE-YALF-YKLDVVPIDNDQGNRSNNS------------------------------------------NTSYRLI---NCNTSAI-T---QA, 0.2405, 0
0.369000, -98.7125, [174], CHUNK, ['V'], VKLTPLCVTLNCSNVTNNITN-------------------------------------MDKGEIKN----CSFNI-T-TE--LRD-KK-QKE-YALF-YKLDVVPIDNDQGNRSNNS------------------------------------------NTSYRLI---NCNTSVI-T---QA, 0.3405, 0
0.362877, -115.9914, 59, POINT, E, VKLTPLCVTLNCSNVTNNITN-------------------------------------MEKGEIKN----CSFNI-T-TE--LRD-KK-QKE-YALF-YKLDVVPIDNDQGNRSNNS------------------------------------------NTSYRLI---NCNTSAI-T---QA, 0.1641, 0
0.364458, -115.7670, 12, POINT, T, VKLTPLCVTLNCTNVTNNITN-------------------------------------MDKGEIKN----CSFNI-T-TE--LRD-KK-QKE-YALF-YKLDVVQINENQGNRSNNS------------------------------------------NTSYRLI---NCNTSAI-T---QA, 0.1486, 0
0.357465, -113.3780, 18, POINT, N, VKLTPLCVTLNCSNVTNNNTN-------------------------------------MDKGEIKN----CSFNI-T-TE--LRD-KK-QKE-YALF-YKLDVVQINENQGNRSNNS------------------------------------------NTSYRLI---NCNTSAI-T---QA, 0.1441, 0
0.362276, -99.3660, 174, POINT, V, VKLTPLCVTLNCSNVTNNITN-------------------------------------MDKGEIKN----CSFNI-T-TE--LRD-KK-QKE-YALF-YKLDVVQINENQGNRSNNS------------------------------------------NTSYRLI---NCNTSVI-T---QA, 0.3814, 0
0.362276, -97.3646, [174], CHUNK, ['V'], VKLTPLCVTLNCSNVTNNITN-------------------------------------MDKGEIKN----CSFNI-T-TE--LRD-KK-QKE-YALF-YKLDVVQINENQGNRSNNS------------------------------------------NTSYRLI---NCNTSVI-T---QA, 0.4531, 0
0.356678, -120.1541, 12, POINT, T, VKLTPLCVTLNCTNVTNNITN-------------------------------------DMRGEMKN----CSFNI-T-TE--LRD-KK-QKE-YALF-YKLDVVQINENQGNRSNNS------------------------------------------NTSYRLI---NCNTSAI-T---QA, 0.1192, 0
0.349659, -116.8330, 18, POINT, N, VKLTPLCVTLNCSNVTNNNTN-------------------------------------DMRGEMKN----CSFNI-T-TE--LRD-KK-QKE-YALF-YKLDVVQINENQGNRSNNS------------------------------------------NTSYRLI---NCNTSAI-T---QA, 0.1496, 1
0.358731, -113.3758, [58, 59, 60, 63], CHUNK, ['M', 'E', 'K', 'I'], VKLTPLCVTLNCSNVTNNNTN-------------------------------------MEKGEIKN----CSFNI-T-TE--LRD-KK-QKE-YALF-YKLDVVQINENQGNRSNNS------------------------------------------NTSYRLI---NCNTSAI-T---QA, 0.1496, 0
0.359382, -117.5910, 12, POINT, T, VKLTPLCVTLNCTNVTNNNTN-------------------------------------DMRGEMKN----CSFNI-T-TE--LRD-KK-QKE-YALF-YKLDVVQINENQGNRSNNS------------------------------------------NTSYRLI---NCNTSAI-T---QA, 0.1496, 0
0.358379, -92.3238, [169, 174], CHUNK, ['S', 'V'], VKLTPLCVTLNCSNVTNNNTN-------------------------------------DMRGEMKN----CSFNI-T-TE--LRD-KK-QKE-YALF-YKLDVVQINENQGNRSNNS------------------------------------------NTSYRLI---SCNTSVI-T---QA, 0.3612, 0
0.356942, -96.9794, [174], CHUNK, ['V'], VKLTPLCVTLNCSNVTNNNTN-------------------------------------DMRGEMKN----CSFNI-T-TE--LRD-KK-QKE-YALF-YKLDVVQINENQGNRSNNS------------------------------------------NTSYRLI---NCNTSVI-T---QA, 0.4414, 0
0.354496, -98.3519, [174], CHUNK, ['V'], VKLTPLCVTLNCSNVTNNITN-------------------------------------DMRGEMKN----CSFNI-T-TE--LRD-KK-QKE-YALF-YKLDVVQINENQGNRSNNS------------------------------------------NTSYRLI---NCNTSVI-T---QA, 0.3165, 0
0.353183, -119.7695, 63, POINT, I, VKLTPLCVTLNCSNVTNNITN-------------------------------------DMRGEIKN----CSFNI-T-TE--LRD-KK-QKE-YALF-YKLDVVQINENQGNRSNNS------------------------------------------NTSYRLI---NCNTSAI-T---QA, 0.1857, 0
0.354496, -103.3392, 174, POINT, V, VKLTPLCVTLNCSNVTNNITN-------------------------------------DMRGEMKN----CSFNI-T-TE--LRD-KK-QKE-YALF-YKLDVVQINENQGNRSNNS------------------------------------------NTSYRLI---NCNTSVI-T---QA, 0.3576, 0
0.354496, -103.2547, [174], CHUNK, ['V'], VKLTPLCVTLNCSNVTNNITN-------------------------------------DMRGEMKN----CSFNI-T-TE--LRD-KK-QKE-YALF-YKLDVVQINENQGNRSNNS------------------------------------------NTSYRLI---NCNTSVI-T---QA, 0.3929, 0
0.347224, -100.9839, [169, 174], CHUNK, ['S', 'V'], VKLTPLCVTLNCSNVTNNITN-------------------------------------DMRGEMKN----CSFNI-T-TE--LRD-KK-QKE-YALF-YKLDVVQINENQGNRSNNS------------------------------------------NTEYRLI---SCNTSVI-T---QA, 0.3367, 0
0.347147, -119.6909, [12, 13], CHUNK, ['T', 'D'], VKLTPLCVTLNCTDVTNNITN-------------------------------------DMRGEMKN----CSFNI-T-TE--LRD-KK-QKE-YALF-YKLDVVQINENQGNRSNNS------------------------------------------NTEYRLI---NCNTSAI-T---QA, 0.1123, 0
0.343979, -8.9181, 82, POINT, I, VKLTPLCVTLNCSNVTNNITN-------------------------------------DMRGEMKN----CSFNI-T-TE--IRD-KK-QKE-YALF-YKLDVVQINENQGNRSNNS------------------------------------------NTEYRLI---NCNTSAI-T---QA, 0.3500, 0
0.341680, -119.4015, [102, 104], CHUNK, ['I', 'P'], VKLTPLCVTLNCSNVTNNITN-------------------------------------DMRGEMKN----CSFNI-T-TE--LRD-KK-QKE-YALF-YKLDIVPINENQGNRSNNS------------------------------------------NTEYRLI---NCNTSAI-T---QA, 0.0951, 0
0.347354, -119.1651, [12], CHUNK, ['T'], VKLTPLCVTLNCTNVTNNITD-------------------------------------DMRGEMKN----CSFNI-T-TE--LRD-KK-QKE-YALF-YKLDVVQINENQGNRSNNS------------------------------------------NTEYRLI---NCNTSAI-T---QA, 0.1123, 0
0.344961, -118.9377, 161, POINT, S, VKLTPLCVTLNCSNVTNNITD-------------------------------------DMRGEMKN----CSFNI-T-TE--LRD-KK-QKE-YALF-YKLDVVQINENQGNRSNNS------------------------------------------NTSYRLI---NCNTSAI-T---QA, 0.1038, 0
0.344961, -118.0999, 161, POINT, S, VKLTPLCVTLNCSNVTNNITD-------------------------------------DMRGEMKN----CSFNI-T-TE--LRD-KK-QKE-YALF-YKLDVVQINENQGNRSNNS------------------------------------------NTSYRLI---NCNTSAI-T---QA, 0.1123, 1
0.350377, 294.6190, [58, 59, 60, 63], CHUNK, ['M', 'D', 'P', 'I'], VKLTPLCVTLNCSNVTNNITD-------------------------------------MDPGEIKN----CSFNI-T-TE--LRD-KK-QKE-YALF-YKLDVVQINENQGNRSNNS------------------------------------------NTSYRLI---NCNTSAI-T---QA, 0.1219, 0
0.354378, -118.8573, [12], CHUNK, ['T'], VKLTPLCVTLNCTNVTNNITD-------------------------------------DMRGEMKN----CSFNI-T-TE--LRD-KK-QKE-YALF-YKLDVVQINENQGNRSNNS------------------------------------------NTSYRLI---NCNTSAI-T---QA, 0.1123, 0
0.352244, -104.2310, [174], CHUNK, ['V'], VKLTPLCVTLNCSNVTNNITD-------------------------------------DMRGEMKN----CSFNI-T-TE--LRD-KK-QKE-YALF-YKLDVVQINENQGNRSNNS------------------------------------------NTSYRLI---NCNTSVI-T---QA, 0.4093, 0
0.354378, -119.9707, [12], CHUNK, ['T'], VKLTPLCVTLNCTNVTNNITD-------------------------------------DMRGEMKN----CSFNI-T-TE--LRD-KK-QKE-YALF-YKLDVVQINENQGNRSNNS------------------------------------------NTSYRLI---NCNTSAI-T---QA, 0.1187, 0
0.346947, -116.6507, [59, 60, 63], CHUNK, ['E', 'K', 'I'], VKLTPLCVTLNCSNVTNNITD-------------------------------------DEKGEIKN----CSFNI-T-TE--LRD-KK-QKE-YALF-YKLDVVQINENQGNRSNNS------------------------------------------NTEYRLI---NCNTSAI-T---QA, 0.1430, 0
0.345645, -116.7951, [60, 63], CHUNK, ['K', 'I'], VKLTPLCVTLNCSNVTNNITD-------------------------------------DMKGEIKN----CSFNI-T-TE--LRD-KK-QKE-YALF-YKLDVVQINENQGNRSNNS------------------------------------------NTEYRLI---NCNTSAI-T---QA, 0.1280, 0
0.345220, -108.2083, [174], CHUNK, ['V'], VKLTPLCVTLNCSNVTNNITD-------------------------------------DMRGEMKN----CSFNI-T-TE--LRD-KK-QKE-YALF-YKLDVVQINENQGNRSNNS------------------------------------------NTEYRLI---NCNTSVI-T---QA, 0.4070, 0
0.344979, -111.0830, [58, 60, 63], CHUNK, ['E', 'I', 'I'], VKLTPLCVTLNCSNVTNNITD-------------------------------------EMIGEIKN----CSFNI-T-TE--LRD-KK-QKE-YALF-YKLDVVQINENQGNRSNNS------------------------------------------NTEYRLI---NCNTSAI-T---QA, 0.1123, 0
