Name base = V1V2_70_sq_9_5_ni
Iters = 70
Soft coverage = 1.31203964383
Energy = -130.160629523
Hard Covereage = 0.0368019545157
Num epitopes = 65
Initial seq = VKLTPLCVTLQCTNVTNNITD-------------------------------------DMRGELKN----CSFNM-T-TE--LRD-KK-QKV-YSLF-YRLDVVQINENQGNRSNNS------------------------------------------NKEYRLI---NCNTSAI-T---QA
-------START OF DATA------
1.322120, -130.1068, 10, POINT, K, VKLTPLCVTLKCTNVTNNITD-------------------------------------DMRGELKN----CSFNM-T-TE--LRD-KK-QKV-YSLF-YRLDVVQINENQGNRSNNS------------------------------------------NKEYRLI---NCNTSAI-T---QA, 0.0000, 1
1.345394, -130.2193, 107, POINT, N, VKLTPLCVTLKCTNVTNNITD-------------------------------------DMRGELKN----CSFNM-T-TE--LRD-KK-QKV-YSLF-YRLDVVQINNNQGNRSNNS------------------------------------------NKEYRLI---NCNTSAI-T---QA, 0.0000, 1
1.384470, -130.1800, 10, POINT, N, VKLTPLCVTLNCTNVTNNITD-------------------------------------DMRGELKN----CSFNM-T-TE--LRD-KK-QKV-YSLF-YRLDVVQINNNQGNRSNNS------------------------------------------NKEYRLI---NCNTSAI-T---QA, 0.0000, 1
1.423673, -104.5140, [74, 79], CHUNK, ['I', 'N'], VKLTPLCVTLNCTNVTNNITD-------------------------------------DMRGELKN----CSFNI-T-TN--LRD-KK-QKV-YSLF-YRLDVVQINNNQGNRSNNS------------------------------------------NKEYRLI---NCNTSAI-T---QA, 0.7682, 0
1.409311, -130.2212, 59, POINT, N, VKLTPLCVTLNCTNVTNNITD-------------------------------------DNRGELKN----CSFNM-T-TE--LRD-KK-QKV-YSLF-YRLDVVQINNNQGNRSNNS------------------------------------------NKEYRLI---NCNTSAI-T---QA, 0.0000, 1
1.452247, -129.3387, [160, 161], CHUNK, ['T', 'S'], VKLTPLCVTLNCTNVTNNITD-------------------------------------DNRGELKN----CSFNM-T-TE--LRD-KK-QKV-YSLF-YRLDVVQINNNQGNRSNNS------------------------------------------NTSYRLI---NCNTSAI-T---QA, 0.0000, 1
1.466034, -130.7147, 163, POINT, T, VKLTPLCVTLNCTNVTNNITD-------------------------------------DNRGELKN----CSFNM-T-TE--LRD-KK-QKV-YSLF-YRLDVVQINNNQGNRSNNS------------------------------------------NTSYTLI---NCNTSAI-T---QA, 0.0000, 1
1.487973, -131.0512, 20, POINT, N, VKLTPLCVTLNCTNVTNNITN-------------------------------------DNRGELKN----CSFNM-T-TE--LRD-KK-QKV-YSLF-YRLDVVQINNNQGNRSNNS------------------------------------------NTSYTLI---NCNTSAI-T---QA, 0.0000, 1
1.505138, -84.9389, 74, POINT, I, VKLTPLCVTLNCTNVTNNITN-------------------------------------DNRGELKN----CSFNI-T-TE--LRD-KK-QKV-YSLF-YRLDVVQINNNQGNRSNNS------------------------------------------NTSYTLI---NCNTSAI-T---QA, 0.1603, 0
1.492949, -131.2522, 104, POINT, P, VKLTPLCVTLNCTNVTNNITN-------------------------------------DNRGELKN----CSFNM-T-TE--LRD-KK-QKV-YSLF-YRLDVVPINNNQGNRSNNS------------------------------------------NTSYTLI---NCNTSAI-T---QA, 0.0000, 1
1.512448, -130.5602, 79, POINT, N, VKLTPLCVTLNCTNVTNNITN-------------------------------------DNRGELKN----CSFNM-T-TN--LRD-KK-QKV-YSLF-YRLDVVPINNNQGNRSNNS------------------------------------------NTSYTLI---NCNTSAI-T---QA, 0.0566, 1
1.556106, -129.2231, 109, POINT, T, VKLTPLCVTLNCTNVTNNITN-------------------------------------DNRGELKN----CSFNM-T-TN--LRD-KK-QKV-YSLF-YRLDVVPINNNTGNRSNNS------------------------------------------NTSYTLI---NCNTSAI-T---QA, 0.0566, 1
1.562822, -129.2994, 89, POINT, K, VKLTPLCVTLNCTNVTNNITN-------------------------------------DNRGELKN----CSFNM-T-TN--LRD-KK-KKV-YSLF-YRLDVVPINNNTGNRSNNS------------------------------------------NTSYTLI---NCNTSAI-T---QA, 0.0549, 1
1.580612, -109.7864, [74], CHUNK, ['V'], VKLTPLCVTLNCTNVTNNITN-------------------------------------DNRGELKN----CSFNV-T-TN--LRD-KK-KKV-YSLF-YRLDVVPINNNTGNRSNNS------------------------------------------NTSYTLI---NCNTSAI-T---QA, 0.3036, 0
1.585407, -127.7841, 18, POINT, N, VKLTPLCVTLNCTNVTNNNTN-------------------------------------DNRGELKN----CSFNM-T-TN--LRD-KK-KKV-YSLF-YRLDVVPINNNTGNRSNNS------------------------------------------NTSYTLI---NCNTSAI-T---QA, 0.0549, 0
1.585407, -127.7841, 18, POINT, N, VKLTPLCVTLNCTNVTNNNTN-------------------------------------DNRGELKN----CSFNM-T-TN--LRD-KK-KKV-YSLF-YRLDVVPINNNTGNRSNNS------------------------------------------NTSYTLI---NCNTSAI-T---QA, 0.0549, 1
1.611501, 12.0727, [74, 82], CHUNK, ['I', 'I'], VKLTPLCVTLNCTNVTNNNTN-------------------------------------DNRGELKN----CSFNI-T-TN--IRD-KK-KKV-YSLF-YRLDVVPINNNTGNRSNNS------------------------------------------NTSYTLI---NCNTSAI-T---QA, 0.2593, 0
1.600553, -12.3971, [74, 79, 82], CHUNK, ['T', 'V', 'I'], VKLTPLCVTLNCTNVTNNNTN-------------------------------------DNRGELKN----CSFNT-T-TV--IRD-KK-KKV-YSLF-YRLDVVPINNNTGNRSNNS------------------------------------------NTSYTLI---NCNTSAI-T---QA, 0.2240, 0
1.603197, -111.0385, 74, POINT, V, VKLTPLCVTLNCTNVTNNNTN-------------------------------------DNRGELKN----CSFNV-T-TN--LRD-KK-KKV-YSLF-YRLDVVPINNNTGNRSNNS------------------------------------------NTSYTLI---NCNTSAI-T---QA, 0.2417, 0
1.608279, -110.4993, 61, POINT, N, VKLTPLCVTLNCTNVTNNNTN-------------------------------------DNRNELKN----CSFNM-T-TN--LRD-KK-KKV-YSLF-YRLDVVPINNNTGNRSNNS------------------------------------------NTSYTLI---NCNTSAI-T---QA, 0.0549, 0
1.573519, -125.0150, 99, POINT, N, VKLTPLCVTLNCTNVTNNITN-------------------------------------DNRGELKN----CSFNM-T-TN--LRD-KK-KKV-YSLF-YNLDVVPINNNTGNRSNNS------------------------------------------NTSYTLI---NCNTSAI-T---QA, 0.0549, 1
1.587018, -125.0507, 58, POINT, S, VKLTPLCVTLNCTNVTNNITN-------------------------------------SNRGELKN----CSFNM-T-TN--LRD-KK-KKV-YSLF-YNLDVVPINNNTGNRSNNS------------------------------------------NTSYTLI---NCNTSAI-T---QA, 0.0731, 0
1.607659, -120.7050, [74], CHUNK, ['T'], VKLTPLCVTLNCTNVTNNITN-------------------------------------DNRGELKN----CSFNT-T-TN--LRD-KK-KKV-YSLF-YNLDVVPINNNTGNRSNNS------------------------------------------NTSYTLI---NCNTSAI-T---QA, 0.0549, 0
1.586460, -124.8205, 104, POINT, S, VKLTPLCVTLNCTNVTNNITN-------------------------------------DNRGELKN----CSFNM-T-TN--LRD-KK-KKV-YSLF-YNLDVVSINNNTGNRSNNS------------------------------------------NTSYTLI---NCNTSAI-T---QA, 0.1053, 0
1.580635, -112.0604, [174], CHUNK, ['V'], VKLTPLCVTLNCTNVTNNITN-------------------------------------DNRGELKN----CSFNM-T-TN--LRD-KK-KKV-YSLF-YNLDVVPINNNTGNRSNNS------------------------------------------NTSYTLI---NCNTSVI-T---QA, 0.3626, 0
1.586926, -128.0159, 18, POINT, T, VKLTPLCVTLNCTNVTNNTTN-------------------------------------DNRGELKN----CSFNM-T-TN--LRD-KK-KKV-YSLF-YRLDVVPINNNTGNRSNNS------------------------------------------NTSYTLI---NCNTSAI-T---QA, 0.0549, 0
1.569367, -128.5914, 64, POINT, T, VKLTPLCVTLNCTNVTNNITN-------------------------------------DNRGELTN----CSFNM-T-TN--LRD-KK-KKV-YSLF-YRLDVVPINNNTGNRSNNS------------------------------------------NTSYTLI---NCNTSAI-T---QA, 0.0549, 1
1.593470, -127.3079, 18, POINT, T, VKLTPLCVTLNCTNVTNNTTN-------------------------------------DNRGELTN----CSFNM-T-TN--LRD-KK-KKV-YSLF-YRLDVVPINNNTGNRSNNS------------------------------------------NTSYTLI---NCNTSAI-T---QA, 0.0549, 1
1.605233, -126.1505, 104, POINT, S, VKLTPLCVTLNCTNVTNNTTN-------------------------------------DNRGELTN----CSFNM-T-TN--LRD-KK-KKV-YSLF-YRLDVVSINNNTGNRSNNS------------------------------------------NTSYTLI---NCNTSAI-T---QA, 0.0549, 1
1.624316, -90.6073, [74], CHUNK, ['I'], VKLTPLCVTLNCTNVTNNTTN-------------------------------------DNRGELTN----CSFNI-T-TN--LRD-KK-KKV-YSLF-YRLDVVSINNNTGNRSNNS------------------------------------------NTSYTLI---NCNTSAI-T---QA, 0.3989, 0
1.612994, -101.5424, [74, 79], CHUNK, ['I', 'S'], VKLTPLCVTLNCTNVTNNTTN-------------------------------------DNRGELTN----CSFNI-T-TS--LRD-KK-KKV-YSLF-YRLDVVSINNNTGNRSNNS------------------------------------------NTSYTLI---NCNTSAI-T---QA, 0.4546, 0
1.639928, -121.8405, [74], CHUNK, ['T'], VKLTPLCVTLNCTNVTNNTTN-------------------------------------DNRGELTN----CSFNT-T-TN--LRD-KK-KKV-YSLF-YRLDVVSINNNTGNRSNNS------------------------------------------NTSYTLI---NCNTSAI-T---QA, 0.0549, 0
1.622734, -107.9017, [74], CHUNK, ['V'], VKLTPLCVTLNCTNVTNNTTN-------------------------------------DNRGELTN----CSFNV-T-TN--LRD-KK-KKV-YSLF-YRLDVVSINNNTGNRSNNS------------------------------------------NTSYTLI---NCNTSAI-T---QA, 0.2878, 0
1.600857, -120.5305, 58, POINT, I, VKLTPLCVTLNCTNVTNNTTN-------------------------------------INRGELTN----CSFNM-T-TN--LRD-KK-KKV-YSLF-YRLDVVPINNNTGNRSNNS------------------------------------------NTSYTLI---NCNTSAI-T---QA, 0.0922, 0
1.605397, -125.0834, 165, POINT, T, VKLTPLCVTLNCTNVTNNTTN-------------------------------------DNRGELTN----CSFNM-T-TN--LRD-KK-KKV-YSLF-YRLDVVPINNNTGNRSNNS------------------------------------------NTSYTLT---NCNTSAI-T---QA, 0.0549, 1
1.608622, -123.8379, 91, POINT, E, VKLTPLCVTLNCTNVTNNTTN-------------------------------------DNRGELTN----CSFNM-T-TN--LRD-KK-KKE-YSLF-YRLDVVPINNNTGNRSNNS------------------------------------------NTSYTLT---NCNTSAI-T---QA, 0.0549, 1
1.636902, -104.0714, 61, POINT, T, VKLTPLCVTLNCTNVTNNTTN-------------------------------------DNRTELTN----CSFNM-T-TN--LRD-KK-KKE-YSLF-YRLDVVPINNNTGNRSNNS------------------------------------------NTSYTLT---NCNTSAI-T---QA, 0.0549, 0
1.614935, -122.4195, 63, POINT, I, VKLTPLCVTLNCTNVTNNTTN-------------------------------------DNRGEITN----CSFNM-T-TN--LRD-KK-KKE-YSLF-YRLDVVPINNNTGNRSNNS------------------------------------------NTSYTLT---NCNTSAI-T---QA, 0.0892, 1
1.634480, -110.2395, [74], CHUNK, ['I'], VKLTPLCVTLNCTNVTNNTTN-------------------------------------DNRGEITN----CSFNI-T-TN--LRD-KK-KKE-YSLF-YRLDVVPINNNTGNRSNNS------------------------------------------NTSYTLT---NCNTSAI-T---QA, 0.3908, 1
1.637154, -111.2274, 104, POINT, K, VKLTPLCVTLNCTNVTNNTTN-------------------------------------DNRGEITN----CSFNI-T-TN--LRD-KK-KKE-YSLF-YRLDVVKINNNTGNRSNNS------------------------------------------NTSYTLT---NCNTSAI-T---QA, 0.3426, 0
1.649570, -109.9269, [174], CHUNK, ['T'], VKLTPLCVTLNCTNVTNNTTN-------------------------------------DNRGEITN----CSFNI-T-TN--LRD-KK-KKE-YSLF-YRLDVVPINNNTGNRSNNS------------------------------------------NTSYTLT---NCNTSTI-T---QA, 0.3970, 0
1.662758, -111.7130, 58, POINT, N, VKLTPLCVTLNCTNVTNNTTN-------------------------------------NNRGEITN----CSFNI-T-TN--LRD-KK-KKE-YSLF-YRLDVVPINNNTGNRSNNS------------------------------------------NTSYTLT---NCNTSAI-T---QA, 0.3961, 0
1.642310, -113.3596, [93, 94], CHUNK, ['N', 'A'], VKLTPLCVTLNCTNVTNNTTN-------------------------------------DNRGEITN----CSFNI-T-TN--LRD-KK-KKE-NALF-YRLDVVPINNNTGNRSNNS------------------------------------------NTSYTLT---NCNTSAI-T---QA, 0.3632, 0
1.634480, -114.4696, [74], CHUNK, ['I'], VKLTPLCVTLNCTNVTNNTTN-------------------------------------DNRGEITN----CSFNI-T-TN--LRD-KK-KKE-YSLF-YRLDVVPINNNTGNRSNNS------------------------------------------NTSYTLT---NCNTSAI-T---QA, 0.1685, 0
1.618789, -120.7721, 98, POINT, N, VKLTPLCVTLNCTNVTNNTTN-------------------------------------DNRGEITN----CSFNM-T-TN--LRD-KK-KKE-YSLF-NRLDVVPINNNTGNRSNNS------------------------------------------NTSYTLT---NCNTSAI-T---QA, 0.0887, 1
1.627091, -120.9746, 101, POINT, N, VKLTPLCVTLNCTNVTNNTTN-------------------------------------DNRGEITN----CSFNM-T-TN--LRD-KK-KKE-YSLF-NRLNVVPINNNTGNRSNNS------------------------------------------NTSYTLT---NCNTSAI-T---QA, 0.0887, 1
1.635738, -121.6072, 84, POINT, N, VKLTPLCVTLNCTNVTNNTTN-------------------------------------DNRGEITN----CSFNM-T-TN--LRN-KK-KKE-YSLF-NRLNVVPINNNTGNRSNNS------------------------------------------NTSYTLT---NCNTSAI-T---QA, 0.0848, 0
1.643814, -115.6303, 74, POINT, V, VKLTPLCVTLNCTNVTNNTTN-------------------------------------DNRGEITN----CSFNV-T-TN--LRD-KK-KKE-YSLF-NRLNVVPINNNTGNRSNNS------------------------------------------NTSYTLT---NCNTSAI-T---QA, 0.1229, 0
1.627814, -120.7808, 182, POINT, T, VKLTPLCVTLNCTNVTNNTTN-------------------------------------DNRGEITN----CSFNM-T-TN--LRD-KK-KKE-YSLF-NRLNVVPINNNTGNRSNNS------------------------------------------NTSYTLT---NCNTSAI-T---QT, 0.0887, 0
1.643814, -114.3237, 74, POINT, V, VKLTPLCVTLNCTNVTNNTTN-------------------------------------DNRGEITN----CSFNV-T-TN--LRD-KK-KKE-YSLF-NRLNVVPINNNTGNRSNNS------------------------------------------NTSYTLT---NCNTSAI-T---QA, 0.1411, 0
1.627415, -121.9007, 161, POINT, N, VKLTPLCVTLNCTNVTNNTTN-------------------------------------DNRGEITN----CSFNM-T-TN--LRD-KK-KKE-YSLF-NRLDVVPINNNTGNRSNNS------------------------------------------NTNYTLT---NCNTSAI-T---QA, 0.0867, 0
1.619513, -120.5783, 182, POINT, T, VKLTPLCVTLNCTNVTNNTTN-------------------------------------DNRGEITN----CSFNM-T-TN--LRD-KK-KKE-YSLF-NRLDVVPINNNTGNRSNNS------------------------------------------NTSYTLT---NCNTSAI-T---QT, 0.0887, 1
1.639058, -115.3589, [74], CHUNK, ['I'], VKLTPLCVTLNCTNVTNNTTN-------------------------------------DNRGEITN----CSFNI-T-TN--LRD-KK-KKE-YSLF-NRLDVVPINNNTGNRSNNS------------------------------------------NTSYTLT---NCNTSAI-T---QT, 0.0882, 1
1.643822, -97.5917, [174], CHUNK, ['I'], VKLTPLCVTLNCTNVTNNTTN-------------------------------------DNRGEITN----CSFNI-T-TN--LRD-KK-KKE-YSLF-NRLDVVPINNNTGNRSNNS------------------------------------------NTSYTLT---NCNTSII-T---QT, 0.4240, 0
1.647547, -116.2582, 84, POINT, N, VKLTPLCVTLNCTNVTNNTTN-------------------------------------DNRGEITN----CSFNI-T-TN--LRN-KK-KKE-YSLF-NRLDVVPINNNTGNRSNNS------------------------------------------NTSYTLT---NCNTSAI-T---QT, 0.0900, 0
1.646369, -15.8906, 82, POINT, I, VKLTPLCVTLNCTNVTNNTTN-------------------------------------DNRGEITN----CSFNI-T-TN--IRD-KK-KKE-YSLF-NRLDVVPINNNTGNRSNNS------------------------------------------NTSYTLT---NCNTSAI-T---QT, 0.3997, 0
1.654763, -112.8431, 174, POINT, T, VKLTPLCVTLNCTNVTNNTTN-------------------------------------DNRGEITN----CSFNI-T-TN--LRD-KK-KKE-YSLF-NRLDVVPINNNTGNRSNNS------------------------------------------NTSYTLT---NCNTSTI-T---QT, 0.0876, 0
1.626387, -65.8568, 82, POINT, I, VKLTPLCVTLNCTNVTNNTTN-------------------------------------DNRGEITN----CSFNM-T-TN--IRD-KK-KKE-YSLF-NRLDVVPINNNTGNRSNNS------------------------------------------NTSYTLT---NCNTSAI-T---QT, 0.2734, 0
1.634877, 6.0389, [74, 79, 82], CHUNK, ['V', 'T', 'I'], VKLTPLCVTLNCTNVTNNTTN-------------------------------------DNRGEITN----CSFNV-T-TT--IRD-KK-KKE-YSLF-NRLDVVPINNNTGNRSNNS------------------------------------------NTSYTLT---NCNTSAI-T---QT, 0.1807, 0
1.626231, -97.4280, [174], CHUNK, ['V'], VKLTPLCVTLNCTNVTNNTTN-------------------------------------DNRGEITN----CSFNM-T-TN--LRD-KK-KKE-YSLF-NRLDVVPINNNTGNRSNNS------------------------------------------NTSYTLT---NCNTSVI-T---QT, 0.3162, 0
1.625154, -118.2830, 60, POINT, K, VKLTPLCVTLNCTNVTNNTTN-------------------------------------DNKGEITN----CSFNM-T-TN--LRD-KK-KKE-YSLF-NRLDVVPINNNTGNRSNNS------------------------------------------NTSYTLT---NCNTSAI-T---QT, 0.0887, 0
1.638334, -109.3462, 74, POINT, I, VKLTPLCVTLNCTNVTNNTTN-------------------------------------DNRGEITN----CSFNI-T-TN--LRD-KK-KKE-YSLF-NRLDVVPINNNTGNRSNNS------------------------------------------NTSYTLT---NCNTSAI-T---QA, 0.2048, 1
1.652946, -113.2603, 74, POINT, T, VKLTPLCVTLNCTNVTNNTTN-------------------------------------DNRGEITN----CSFNT-T-TN--LRD-KK-KKE-YSLF-NRLDVVPINNNTGNRSNNS------------------------------------------NTSYTLT---NCNTSAI-T---QA, 0.2133, 0
1.645209, -92.7341, [174], CHUNK, ['V'], VKLTPLCVTLNCTNVTNNTTN-------------------------------------DNRGEITN----CSFNI-T-TN--LRD-KK-KKE-YSLF-NRLDVVPINNNTGNRSNNS------------------------------------------NTSYTLT---NCNTSVI-T---QA, 0.3347, 0
1.642825, -95.0967, 174, POINT, I, VKLTPLCVTLNCTNVTNNTTN-------------------------------------DNRGEITN----CSFNI-T-TN--LRD-KK-KKE-YSLF-NRLDVVPINNNTGNRSNNS------------------------------------------NTSYTLT---NCNTSII-T---QA, 0.3837, 0
1.645209, -87.4899, [174], CHUNK, ['V'], VKLTPLCVTLNCTNVTNNTTN-------------------------------------DNRGEITN----CSFNI-T-TN--LRD-KK-KKE-YSLF-NRLDVVPINNNTGNRSNNS------------------------------------------NTSYTLT---NCNTSVI-T---QA, 0.6161, 0
1.638334, -113.1518, [74], CHUNK, ['I'], VKLTPLCVTLNCTNVTNNTTN-------------------------------------DNRGEITN----CSFNI-T-TN--LRD-KK-KKE-YSLF-NRLDVVPINNNTGNRSNNS------------------------------------------NTSYTLT---NCNTSAI-T---QA, 0.2348, 0
1.638334, -111.5328, [74], CHUNK, ['I'], VKLTPLCVTLNCTNVTNNTTN-------------------------------------DNRGEITN----CSFNI-T-TN--LRD-KK-KKE-YSLF-NRLDVVPINNNTGNRSNNS------------------------------------------NTSYTLT---NCNTSAI-T---QA, 0.2767, 0
1.638334, -114.8340, [74], CHUNK, ['I'], VKLTPLCVTLNCTNVTNNTTN-------------------------------------DNRGEITN----CSFNI-T-TN--LRD-KK-KKE-YSLF-NRLDVVPINNNTGNRSNNS------------------------------------------NTSYTLT---NCNTSAI-T---QA, 0.1184, 0
1.638334, -111.7410, [74], CHUNK, ['I'], VKLTPLCVTLNCTNVTNNTTN-------------------------------------DNRGEITN----CSFNI-T-TN--LRD-KK-KKE-YSLF-NRLDVVPINNNTGNRSNNS------------------------------------------NTSYTLT---NCNTSAI-T---QA, 0.1179, 0
------END OF DATA------
Best coverage = 1.63905768732
Best sequence = VKLTPLCVTLNCTNVTNNTTN-------------------------------------DNRGEITN----CSFNI-T-TN--LRD-KK-KKE-YSLF-NRLDVVPINNNTGNRSNNS------------------------------------------NTSYTLT---NCNTSAI-T---QT
Best energy = -115.358861155
Best RMSD = 0.0882321074605
Hard Covereage = 0.0505494648309
Num epitopes = 56
