Name base = V1V2_200_sq_9_4_i
Iters = 200
Soft coverage = 1.31203964383
Energy = -130.153247925
Hard Covereage = 0.0368019545157
Num epitopes = 65
Initial seq = VKLTPLCVTLQCTNVTNNITD-------------------------------------DMRGELKN----CSFNM-T-TE--LRD-KK-QKV-YSLF-YRLDVVQINENQGNRSNNS------------------------------------------NKEYRLI---NCNTSAI-T---QA
-------START OF DATA------
1.364905, -127.7349, [160, 161, 165], CHUNK, ['T', 'S', 'T'], VKLTPLCVTLQCTNVTNNITD-------------------------------------DMRGELKN----CSFNM-T-TE--LRD-KK-QKV-YSLF-YRLDVVQINENQGNRSNNS------------------------------------------NTSYRLT---NCNTSAI-T---QA, 0.0490, 1
1.390398, -6.6638, [79, 82], CHUNK, ['N', 'I'], VKLTPLCVTLQCTNVTNNITD-------------------------------------DMRGELKN----CSFNM-T-TN--IRD-KK-QKV-YSLF-YRLDVVQINENQGNRSNNS------------------------------------------NTSYRLT---NCNTSAI-T---QA, 0.0274, 0
1.395030, -126.9273, [10], CHUNK, ['T'], VKLTPLCVTLTCTNVTNNITD-------------------------------------DMRGELKN----CSFNM-T-TE--LRD-KK-QKV-YSLF-YRLDVVQINENQGNRSNNS------------------------------------------NTSYRLT---NCNTSAI-T---QA, 0.0490, 0
1.360336, -84.6836, 132, POINT, T, VKLTPLCVTLQCTNVTNNITD-------------------------------------DMRGELKN----CSFNM-T-TE--LRD-KK-QKV-YSLF-YRLDVVQINENQGNRSNNT---------------K--------------------------STSYRLT---NCNTSAI-T---QA, 1.6322, 0
1.414714, -114.1858, [10, 14, 15, 17, 18], CHUNK, ['N', 'Y', 'N', 'T', 'N'], VKLTPLCVTLNCTNYNNTNTD-------------------------------------DMRGELKN----CSFNM-T-TE--LRD-KK-QKV-YSLF-YRLDVVQINENQGNRSNNS------------------------------------------NTSYRLT---NCNTSAI-T---QA, 0.0860, 0
1.361196, -130.6099, 10, POINT, N, VKLTPLCVTLNCTNVTNNITD-------------------------------------DMRGELKN----CSFNM-T-TE--LRD-KK-QKV-YSLF-YRLDVVQINENQGNRSNNS------------------------------------------NKEYRLI---NCNTSAI-T---QA, 0.0304, 1
1.404132, -129.7547, [160, 161], CHUNK, ['T', 'S'], VKLTPLCVTLNCTNVTNNITD-------------------------------------DMRGELKN----CSFNM-T-TE--LRD-KK-QKV-YSLF-YRLDVVQINENQGNRSNNS------------------------------------------NTSYRLI---NCNTSAI-T---QA, 0.0376, 1
1.411047, 37.4828, 118, POINT, T, VKLTPLCVTLNCTNVTNNITD-------------------------------------DMRGELKN----CSFNM-T-TE--LRD-KK-QKV-YSLF-YRLDVVQINENQGNRSNNS-D----------------------------------------NTSYRLI---NCNTSAI-T---QA, 1.6603, 0
1.430682, -123.5085, [58, 59, 60, 63], CHUNK, ['I', 'E', 'N', 'V'], VKLTPLCVTLNCTNVTNNITD-------------------------------------IENGEVKN----CSFNM-T-TE--LRD-KK-QKV-YSLF-YRLDVVQINENQGNRSNNS------------------------------------------NTSYRLI---NCNTSAI-T---QA, 0.0351, 0
1.434817, -126.3411, [99, 102, 104, 105], CHUNK, ['K', 'I', 'S', 'T'], VKLTPLCVTLNCTNVTNNITD-------------------------------------DMRGELKN----CSFNM-T-TE--LRD-KK-QKV-YSLF-YKLDIVSTNENQGNRSNNS------------------------------------------NTSYRLI---NCNTSAI-T---QA, 0.0376, 0
1.421297, -77.8584, [74], CHUNK, ['I'], VKLTPLCVTLNCTNVTNNITD-------------------------------------DMRGELKN----CSFNI-T-TE--LRD-KK-QKV-YSLF-YRLDVVQINENQGNRSNNS------------------------------------------NTSYRLI---NCNTSAI-T---QA, 0.0584, 0
1.404726, -130.9779, [159, 160, 161], CHUNK, ['T', 'T', 'T'], VKLTPLCVTLNCTNVTNNITD-------------------------------------DMRGELKN----CSFNM-T-TE--LRD-KK-QKV-YSLF-YRLDVVQINENQGNRSNNS------------------------------------------TTTYRLI---NCNTSAI-T---QA, 0.0677, 1
1.444353, -107.2357, [59, 60, 61, 62, 63, 64], CHUNK, ['N', 'D', 'T', 'S', 'M', 'R'], VKLTPLCVTLNCTNVTNNITD-------------------------------------DNDTSMRN----CSFNM-T-TE--LRD-KK-QKV-YSLF-YRLDVVQINENQGNRSNNS------------------------------------------TTTYRLI---NCNTSAI-T---QA, 0.0677, 0
1.432145, -74.5505, [74, 79], CHUNK, ['I', 'S'], VKLTPLCVTLNCTNVTNNITD-------------------------------------DMRGELKN----CSFNI-T-TS--LRD-KK-QKV-YSLF-YRLDVVQINENQGNRSNNS------------------------------------------TTTYRLI---NCNTSAI-T---QA, 0.0816, 0
1.439209, -130.6199, 109, POINT, N, VKLTPLCVTLNCTNVTNNITD-------------------------------------DMRGELKN----CSFNM-T-TE--LRD-KK-QKV-YSLF-YRLDVVQINENNGNRSNNS------------------------------------------TTTYRLI---NCNTSAI-T---QA, 0.0677, 1
1.450739, 69.6950, 122, POINT, T, VKLTPLCVTLNCTNVTNNITD-------------------------------------DMRGELKN----CSFNM-T-TE--LRD-KK-QKV-YSLF-YRLDVVQINENNGNRSNNS-----D------------------------------------NTTYRLI---NCNTSAI-T---QA, 1.6604, 0
1.427164, -110.2077, 125, POINT, T, VKLTPLCVTLNCTNVTNNITD-------------------------------------DMRGELKN----CSFNM-T-TE--LRD-KK-QKV-YSLF-YRLDVVQINENNGNRSNNS--------K---------------------------------STTYRLI---NCNTSAI-T---QA, 1.6373, 0
1.470756, -110.3550, [59, 60, 61, 63, 64], CHUNK, ['I', 'N', 'N', 'M', 'R'], VKLTPLCVTLNCTNVTNNITD-------------------------------------DINNEMRN----CSFNM-T-TE--LRD-KK-QKV-YSLF-YRLDVVQINENNGNRSNNS------------------------------------------TTTYRLI---NCNTSAI-T---QA, 0.0677, 0
1.450182, -89.9054, 144, POINT, T, VKLTPLCVTLNCTNVTNNITD-------------------------------------DMRGELKN----CSFNM-T-TE--LRD-KK-QKV-YSLF-YRLDVVQINENNGNRSNNN---------------------------K--------------TTTYRLI---NCNTSAI-T---QA, 1.6235, 0
1.383430, -102.2191, 132, POINT, T, VKLTPLCVTLNCTNVTNNITD-------------------------------------DMRGELKN----CSFNM-T-TE--LRD-KK-QKV-YSLF-YRLDVVQINENQGNRSNNE---------------K--------------------------TTTYRLI---NCNTSAI-T---QA, 1.6224, 0
1.423881, -90.2105, 126, POINT, T, VKLTPLCVTLNCTNVTNNITD-------------------------------------DMRGELKN----CSFNM-T-TE--LRD-KK-QKV-YSLF-YRLDVVQINENQGNRSNNS---------T--------------------------------STTYRLI---NCNTSAI-T---QA, 1.6364, 0
1.415343, 2541.5174, 138, POINT, T, VKLTPLCVTLNCTNVTNNITD-------------------------------------DMRGELKN----CSFNM-T-TE--LRD-KK-QKV-YSLF-YRLDVVQINENQGNRSNNS---------------------V--------------------NTTYRLI---NCNTSAI-T---QA, 1.6620, 0
1.443929, -76.0283, [74, 79], CHUNK, ['I', 'N'], VKLTPLCVTLNCTNVTNNITD-------------------------------------DMRGELKN----CSFNI-T-TN--LRD-KK-QKV-YSLF-YRLDVVQINENQGNRSNNS------------------------------------------TTTYRLI---NCNTSAI-T---QA, 0.0354, 0
1.394904, -100.9232, [59, 60, 61, 62, 63], CHUNK, ['T', 'I', 'T', 'D', 'M'], VKLTPLCVTLNCTNVTNNITD-------------------------------------DTITDMKN----CSFNM-T-TE--LRD-KK-QKV-YSLF-YRLDVVQINENQGNRSNNS------------------------------------------NKEYRLI---NCNTSAI-T---QA, 0.0472, 0
1.369866, -94.0005, 137, POINT, K, VKLTPLCVTLNCTNVTNNITD-------------------------------------DMRGELKN----CSFNM-T-TE--LRD-KK-QKV-YSLF-YRLDVVQINENQGNRSNNS--------------------V---------------------NKEYRLI---NCNTSAI-T---QA, 1.6559, 0
1.357888, -122.9511, 158, POINT, K, VKLTPLCVTLNCTNVTNNITD-------------------------------------DMRGELKN----CSFNM-T-TE--LRD-KK-QKV-YSLF-YRLDVVQINENQGNRSNNS-----------------------------------------QTKEYRLI---NCNTSAI-T---QA, 1.6141, 0
1.364791, -123.6235, 123, POINT, K, VKLTPLCVTLNCTNVTNNITD-------------------------------------DMRGELKN----CSFNM-T-TE--LRD-KK-QKV-YSLF-YRLDVVQINENQGNRSNNS------S-----------------------------------DKEYRLI---NCNTSAI-T---QA, 1.6176, 0
1.361196, -130.9618, 10, POINT, N, VKLTPLCVTLNCTNVTNNITD-------------------------------------DMRGELKN----CSFNM-T-TE--LRD-KK-QKV-YSLF-YRLDVVQINENQGNRSNNS------------------------------------------NKEYRLI---NCNTSAI-T---QA, 0.0560, 1
1.388615, -72.0601, [74, 79], CHUNK, ['I', 'S'], VKLTPLCVTLNCTNVTNNITD-------------------------------------DMRGELKN----CSFNI-T-TS--LRD-KK-QKV-YSLF-YRLDVVQINENQGNRSNNS------------------------------------------NKEYRLI---NCNTSAI-T---QA, 0.0743, 0
1.371316, 79.2322, 126, POINT, K, VKLTPLCVTLNCTNVTNNITD-------------------------------------DMRGELKN----CSFNM-T-TE--LRD-KK-QKV-YSLF-YRLDVVQINENQGNRSNNS---------D--------------------------------NKEYRLI---NCNTSAI-T---QA, 1.6333, 0
1.400399, -78.4408, [74, 79], CHUNK, ['I', 'N'], VKLTPLCVTLNCTNVTNNITD-------------------------------------DMRGELKN----CSFNI-T-TN--LRD-KK-QKV-YSLF-YRLDVVQINENQGNRSNNS------------------------------------------NKEYRLI---NCNTSAI-T---QA, 0.0481, 0
1.392918, -126.6218, [74], CHUNK, ['T'], VKLTPLCVTLNCTNVTNNITD-------------------------------------DMRGELKN----CSFNT-T-TE--LRD-KK-QKV-YSLF-YRLDVVQINENQGNRSNNS------------------------------------------NKEYRLI---NCNTSAI-T---QA, 0.0956, 0
1.312090, -69.7150, 121, POINT, K, VKLTPLCVTLQCTNVTNNITD-------------------------------------DMRGELKN----CSFNM-T-TE--LRD-KK-QKV-YSLF-YRLDVVQINENQGNRSNNK----S-------------------------------------SKEYRLI---NCNTSAI-T---QA, 1.6308, 0
1.361196, -130.4858, 10, POINT, N, VKLTPLCVTLNCTNVTNNITD-------------------------------------DMRGELKN----CSFNM-T-TE--LRD-KK-QKV-YSLF-YRLDVVQINENQGNRSNNS------------------------------------------NKEYRLI---NCNTSAI-T---QA, 0.0279, 1
1.358238, 168.9427, 118, POINT, K, VKLTPLCVTLNCTNVTNNITD-------------------------------------DMRGELKN----CSFNM-T-TE--LRD-KK-QKV-YSLF-YRLDVVQINENQGNRSNNS-D----------------------------------------SKEYRLI---NCNTSAI-T---QA, 1.6324, 0
1.404132, -130.0265, [160, 161], CHUNK, ['T', 'S'], VKLTPLCVTLNCTNVTNNITD-------------------------------------DMRGELKN----CSFNM-T-TE--LRD-KK-QKV-YSLF-YRLDVVQINENQGNRSNNS------------------------------------------NTSYRLI---NCNTSAI-T---QA, 0.0569, 1
1.443335, -75.9039, [74, 79], CHUNK, ['I', 'N'], VKLTPLCVTLNCTNVTNNITD-------------------------------------DMRGELKN----CSFNI-T-TN--LRD-KK-QKV-YSLF-YRLDVVQINENQGNRSNNS------------------------------------------NTSYRLI---NCNTSAI-T---QA, 0.0585, 0
1.364647, -44.2232, 118, POINT, T, VKLTPLCVTLNCTNVTNNITD-------------------------------------DMRGELKN----CSFNM-T-TE--LRD-KK-QKV-YSLF-YRLDVVQINENQGNRSNNK-S----------------------------------------QTSYRLI---NCNTSAI-T---QA, 1.6315, 0
1.421297, -71.5541, [74], CHUNK, ['I'], VKLTPLCVTLNCTNVTNNITD-------------------------------------DMRGELKN----CSFNI-T-TE--LRD-KK-QKV-YSLF-YRLDVVQINENQGNRSNNS------------------------------------------NTSYRLI---NCNTSAI-T---QA, 0.0347, 0
1.436418, 45.6989, [74, 79, 82], CHUNK, ['I', 'S', 'I'], VKLTPLCVTLNCTNVTNNITD-------------------------------------DMRGELKN----CSFNI-T-TS--IRD-KK-QKV-YSLF-YRLDVVQINENQGNRSNNS------------------------------------------NTSYRLI---NCNTSAI-T---QA, 0.0495, 0
1.348901, -77.0594, 152, POINT, K, VKLTPLCVTLNCTNVTNNITD-------------------------------------DMRGELKN----CSFNM-T-TE--LRD-KK-QKV-YSLF-YRLDVVQINENQGNRSNND-----------------------------------S------KKEYRLI---NCNTSAI-T---QA, 1.6830, 0
1.372491, -90.3628, 138, POINT, K, VKLTPLCVTLNCTNVTNNITD-------------------------------------DMRGELKN----CSFNM-T-TE--LRD-KK-QKV-YSLF-YRLDVVQINENQGNRSNNK---------------------T--------------------SKEYRLI---NCNTSAI-T---QA, 1.6297, 0
1.404124, -91.8226, [58, 59, 60, 61, 62, 63, 65], CHUNK, ['N', 'S', 'T', 'D', 'T', 'M', 'I'], VKLTPLCVTLNCTNVTNNITD-------------------------------------NSTDTMKI----CSFNM-T-TE--LRD-KK-QKV-YSLF-YRLDVVQINENQGNRSNNS------------------------------------------NKEYRLI---NCNTSAI-T---QA, 0.0794, 0
1.408276, -130.3352, [160, 161], CHUNK, ['N', 'T'], VKLTPLCVTLNCTNVTNNITD-------------------------------------DMRGELKN----CSFNM-T-TE--LRD-KK-QKV-YSLF-YRLDVVQINENQGNRSNNS------------------------------------------NNTYRLI---NCNTSAI-T---QA, 0.0613, 1
1.447479, -69.3991, [74, 79], CHUNK, ['I', 'N'], VKLTPLCVTLNCTNVTNNITD-------------------------------------DMRGELKN----CSFNI-T-TN--LRD-KK-QKV-YSLF-YRLDVVQINENQGNRSNNS------------------------------------------NNTYRLI---NCNTSAI-T---QA, 0.0720, 0
1.439999, -125.6425, [74], CHUNK, ['T'], VKLTPLCVTLNCTNVTNNITD-------------------------------------DMRGELKN----CSFNT-T-TE--LRD-KK-QKV-YSLF-YRLDVVQINENQGNRSNNS------------------------------------------NNTYRLI---NCNTSAI-T---QA, 0.0842, 0
1.392952, -122.7385, 158, POINT, N, VKLTPLCVTLNCTNVTNNITD-------------------------------------DMRGELKN----CSFNM-T-TE--LRD-KK-QKV-YSLF-YRLDVVQINENQGNRSNNS-----------------------------------------KSNTYRLI---NCNTSAI-T---QA, 1.6073, 0
1.443569, -128.8834, 109, POINT, T, VKLTPLCVTLNCTNVTNNITD-------------------------------------DMRGELKN----CSFNM-T-TE--LRD-KK-QKV-YSLF-YRLDVVQINENTGNRSNNS------------------------------------------NNTYRLI---NCNTSAI-T---QA, 0.0613, 1
1.447615, 2568.4874, 137, POINT, N, VKLTPLCVTLNCTNVTNNITD-------------------------------------DMRGELKN----CSFNM-T-TE--LRD-KK-QKV-YSLF-YRLDVVQINENTGNRSNNS--------------------V---------------------NNTYRLI---NCNTSAI-T---QA, 1.6593, 0
1.439526, -120.5623, 137, POINT, N, VKLTPLCVTLNCTNVTNNITD-------------------------------------DMRGELKN----CSFNM-T-TE--LRD-KK-QKV-YSLF-YRLDVVQINENTGNRSNNS--------------------K---------------------TNTYRLI---NCNTSAI-T---QA, 1.6147, 1
1.485159, 52.1950, [74, 79, 82], CHUNK, ['I', 'N', 'I'], VKLTPLCVTLNCTNVTNNITD-------------------------------------DMRGELKN----CSFNI-T-TN--IRD-KK-QKV-YSLF-YRLDVVQINENTGNRSNNS--------------------K---------------------TNTYRLI---NCNTSAI-T---QA, 1.6082, 0
1.466946, -67.9060, [74, 79], CHUNK, ['I', 'S'], VKLTPLCVTLNCTNVTNNITD-------------------------------------DMRGELKN----CSFNI-T-TS--LRD-KK-QKV-YSLF-YRLDVVQINENTGNRSNNS--------------------K---------------------TNTYRLI---NCNTSAI-T---QA, 1.6085, 0
1.462538, 10.5766, [79, 82, 87], CHUNK, ['N', 'I', 'I'], VKLTPLCVTLNCTNVTNNITD-------------------------------------DMRGELKN----CSFNM-T-TN--IRD-KI-QKV-YSLF-YRLDVVQINENTGNRSNNS--------------------K---------------------TNTYRLI---NCNTSAI-T---QA, 1.6128, 0
1.450523, 1173.6174, 138, POINT, N, VKLTPLCVTLNCTNVTNNITD-------------------------------------DMRGELKN----CSFNM-T-TE--LRD-KK-QKV-YSLF-YRLDVVQINENTGNRSNNS--------------------NV--------------------KNTYRLI---NCNTSAI-T---QA, 2.6188, 0
1.422193, -111.2161, 131, POINT, N, VKLTPLCVTLNCTNVTNNITD-------------------------------------DMRGELKN----CSFNM-T-TE--LRD-KK-QKV-YSLF-YRLDVVQINENTGNRSNNE--------------K---------------------------TNTYRLI---NCNTSAI-T---QA, 1.6168, 0
1.432280, -97.5451, 127, POINT, N, VKLTPLCVTLNCTNVTNNITD-------------------------------------DMRGELKN----CSFNM-T-TE--LRD-KK-QKV-YSLF-YRLDVVQINENTGNRSNNT----------Q-------------------------------SNTYRLI---NCNTSAI-T---QA, 1.6361, 0
1.447615, 2568.6432, 120, POINT, N, VKLTPLCVTLNCTNVTNNITD-------------------------------------DMRGELKN----CSFNM-T-TE--LRD-KK-QKV-YSLF-YRLDVVQINENTGNRSNNS---V--------------------------------------NNTYRLI---NCNTSAI-T---QA, 1.6577, 0
1.489202, 47.5960, [74, 79, 82], CHUNK, ['I', 'N', 'I'], VKLTPLCVTLNCTNVTNNITD-------------------------------------DMRGELKN----CSFNI-T-TN--IRD-KK-QKV-YSLF-YRLDVVQINENTGNRSNNS------------------------------------------NNTYRLI---NCNTSAI-T---QA, 0.0625, 0
1.440852, 28.1240, 152, POINT, N, VKLTPLCVTLNCTNVTNNITD-------------------------------------DMRGELKN----CSFNM-T-TE--LRD-KK-QKV-YSLF-YRLDVVQINENQGNRSNNS-----------------------------------N------NNTYRLI---NCNTSAI-T---QA, 1.6676, 0
1.447479, -73.2678, [74, 79], CHUNK, ['I', 'N'], VKLTPLCVTLNCTNVTNNITD-------------------------------------DMRGELKN----CSFNI-T-TN--LRD-KK-QKV-YSLF-YRLDVVQINENQGNRSNNS------------------------------------------NNTYRLI---NCNTSAI-T---QA, 0.0426, 0
1.412702, 2567.0039, 122, POINT, N, VKLTPLCVTLNCTNVTNNITD-------------------------------------DMRGELKN----CSFNM-T-TE--LRD-KK-QKV-YSLF-YRLDVVQINENQGNRSNNS-----V------------------------------------NNTYRLI---NCNTSAI-T---QA, 1.6547, 0
1.440562, 46.2117, [74, 79, 82], CHUNK, ['I', 'S', 'I'], VKLTPLCVTLNCTNVTNNITD-------------------------------------DMRGELKN----CSFNI-T-TS--IRD-KK-QKV-YSLF-YRLDVVQINENQGNRSNNS------------------------------------------NNTYRLI---NCNTSAI-T---QA, 0.0530, 0
1.408880, -131.3279, [104, 107, 108, 109, 110], CHUNK, ['A', 'D', 'D', 'N', 'N'], VKLTPLCVTLNCTNVTNNITD-------------------------------------DMRGELKN----CSFNM-T-TE--LRD-KK-QKV-YSLF-YRLDVVAINDDNNNRSNNS------------------------------------------NKEYRLI---NCNTSAI-T---QA, 0.0318, 1
1.451760, -130.4406, [160, 161], CHUNK, ['T', 'S'], VKLTPLCVTLNCTNVTNNITD-------------------------------------DMRGELKN----CSFNM-T-TE--LRD-KK-QKV-YSLF-YRLDVVAINDDNNNRSNNS------------------------------------------NTSYRLI---NCNTSAI-T---QA, 0.0318, 1
1.437614, -121.0314, 138, POINT, T, VKLTPLCVTLNCTNVTNNITD-------------------------------------DMRGELKN----CSFNM-T-TE--LRD-KK-QKV-YSLF-YRLDVVAINDDNNNRSNNS---------------------S--------------------ETSYRLI---NCNTSAI-T---QA, 1.6248, 1
1.386616, -79.5506, 122, POINT, E, VKLTPLCVTLNCTNVTNNITD-------------------------------------DMRGELKN----CSFNM-T-TE--LRD-KK-QKV-YSLF-YRLDVVAINDDNNNRSNNH-----D---------------H--------------------ETSYRLI---NCNTSAI-T---QA, 2.6520, 0
1.487217, 166.2277, 150, POINT, T, VKLTPLCVTLNCTNVTNNITD-------------------------------------DMRGELKN----CSFNM-T-TE--LRD-KK-QKV-YSLF-YRLDVVAINDDNNNRSNNS---------------------S-----------T--------STSYRLI---NCNTSAI-T---QA, 2.5802, 0
1.465963, -84.9881, [59, 60, 61, 63], CHUNK, ['N', 'S', 'E', 'M'], VKLTPLCVTLNCTNVTNNITD-------------------------------------DNSEEMKN----CSFNM-T-TE--LRD-KK-QKV-YSLF-YRLDVVAINDDNNNRSNNS---------------------S--------------------ETSYRLI---NCNTSAI-T---QA, 1.6200, 0
1.503233, 240.3224, 144, POINT, T, VKLTPLCVTLNCTNVTNNITD-------------------------------------DMRGELKN----CSFNM-T-TE--LRD-KK-QKV-YSLF-YRLDVVAINDDNNNRSNNS---------------------N-----T--------------STSYRLI---NCNTSAI-T---QA, 2.5945, 0
1.469064, -39.0510, [79, 82], CHUNK, ['N', 'V'], VKLTPLCVTLNCTNVTNNITD-------------------------------------DMRGELKN----CSFNM-T-TN--VRD-KK-QKV-YSLF-YRLDVVAINDDNNNRSNNS------------------------------------------NTSYRLI---NCNTSAI-T---QA, 0.0407, 0
1.455674, 2545.3109, 128, POINT, T, VKLTPLCVTLNCTNVTNNITD-------------------------------------DMRGELKN----CSFNM-T-TE--LRD-KK-QKV-YSLF-YRLDVVAINDDNNNRSNNS-----------V------------------------------NTSYRLI---NCNTSAI-T---QA, 1.6702, 0
1.460799, -34.0413, 152, POINT, T, VKLTPLCVTLNCTNVTNNITD-------------------------------------DMRGELKN----CSFNM-T-TE--LRD-KK-QKV-YSLF-YRLDVVAINDDNNNRSNNN-----------------------------------K------TTSYRLI---NCNTSAI-T---QA, 1.6187, 0
1.440467, -116.5779, 126, POINT, T, VKLTPLCVTLNCTNVTNNITD-------------------------------------DMRGELKN----CSFNM-T-TE--LRD-KK-QKV-YSLF-YRLDVVAINDDNNNRSNND---------K--------------------------------NTSYRLI---NCNTSAI-T---QA, 1.6175, 0
1.447485, -90.1281, [58, 59, 60, 61, 62, 63], CHUNK, ['T', 'T', 'K', 'E', 'D', 'M'], VKLTPLCVTLNCTNVTNNITD-------------------------------------TTKEDMKN----CSFNM-T-TE--LRD-KK-QKV-YSLF-YRLDVVAINDDNNNRSNNS------------------------------------------NKEYRLI---NCNTSAI-T---QA, 0.0645, 0
1.451760, -130.4406, [160, 161], CHUNK, ['T', 'S'], VKLTPLCVTLNCTNVTNNITD-------------------------------------DMRGELKN----CSFNM-T-TE--LRD-KK-QKV-YSLF-YRLDVVAINDDNNNRSNNS------------------------------------------NTSYRLI---NCNTSAI-T---QA, 0.0318, 1
1.467295, -49.5196, 138, POINT, T, VKLTPLCVTLNCTNVTNNITD-------------------------------------DMRGELKN----CSFNM-T-TE--LRD-KK-QKV-YSLF-YRLDVVAINDDNNNRSNNN---------------------S--------------------STSYRLI---NCNTSAI-T---QA, 1.6333, 0
1.468926, -75.7975, [74], CHUNK, ['I'], VKLTPLCVTLNCTNVTNNITD-------------------------------------DMRGELKN----CSFNI-T-TE--LRD-KK-QKV-YSLF-YRLDVVAINDDNNNRSNNS------------------------------------------NTSYRLI---NCNTSAI-T---QA, 0.1017, 0
1.458292, 47.8382, 119, POINT, T, VKLTPLCVTLNCTNVTNNITD-------------------------------------DMRGELKN----CSFNM-T-TE--LRD-KK-QKV-YSLF-YRLDVVAINDDNNNRSNNS--D---------------------------------------NTSYRLI---NCNTSAI-T---QA, 1.6595, 0
1.455674, 2541.4427, 122, POINT, T, VKLTPLCVTLNCTNVTNNITD-------------------------------------DMRGELKN----CSFNM-T-TE--LRD-KK-QKV-YSLF-YRLDVVAINDDNNNRSNNS-----V------------------------------------NTSYRLI---NCNTSAI-T---QA, 1.6498, 0
1.450127, -80.8608, 121, POINT, K, VKLTPLCVTLNCTNVTNNITD-------------------------------------DMRGELKN----CSFNM-T-TE--LRD-KK-QKV-YSLF-YRLDVVAINDDNNNRSNNT----T-------------------------------------SKEYRLI---NCNTSAI-T---QA, 1.6336, 0
1.413909, 60.2282, 118, POINT, K, VKLTPLCVTLNCTNVTNNITD-------------------------------------DMRGELKN----CSFNM-T-TE--LRD-KK-QKV-YSLF-YRLDVVAINDDNNNRSNNS-D----------------------------------------TKEYRLI---NCNTSAI-T---QA, 1.6339, 0
1.451760, -130.4406, [160, 161], CHUNK, ['T', 'S'], VKLTPLCVTLNCTNVTNNITD-------------------------------------DMRGELKN----CSFNM-T-TE--LRD-KK-QKV-YSLF-YRLDVVAINDDNNNRSNNS------------------------------------------NTSYRLI---NCNTSAI-T---QA, 0.0318, 1
1.477224, -113.3819, [74, 79], CHUNK, ['V', 'S'], VKLTPLCVTLNCTNVTNNITD-------------------------------------DMRGELKN----CSFNV-T-TS--LRD-KK-QKV-YSLF-YRLDVVAINDDNNNRSNNS------------------------------------------NTSYRLI---NCNTSAI-T---QA, 0.0237, 0
1.540050, -123.5392, [58, 59, 60, 63], CHUNK, ['N', 'T', 'T', 'I'], VKLTPLCVTLNCTNVTNNITD-------------------------------------NTTGEIKN----CSFNM-T-TE--LRD-KK-QKV-YSLF-YRLDVVAINDDNNNRSNNS------------------------------------------NTSYRLI---NCNTSAI-T---QA, 0.0348, 1
1.557677, -70.1198, [74], CHUNK, ['I'], VKLTPLCVTLNCTNVTNNITD-------------------------------------NTTGEIKN----CSFNI-T-TE--LRD-KK-QKV-YSLF-YRLDVVAINDDNNNRSNNS------------------------------------------NTSYRLI---NCNTSAI-T---QA, 0.0936, 0
1.567953, -85.2889, 25, POINT, T, VKLTPLCVTLNCTNVTNNITS----N--------------------------------STTGEIKN----CSFNM-T-TE--LRD-KK-QKV-YSLF-YRLDVVAINDDNNNRSNNS------------------------------------------NTSYRLI---NCNTSAI-T---QA, 3.2167, 0
1.552499, 33.1845, 29, POINT, T, VKLTPLCVTLNCTNVTNNITN--------T----------------------------RTTGEIKN----CSFNM-T-TE--LRD-KK-QKV-YSLF-YRLDVVAINDDNNNRSNNS------------------------------------------NTSYRLI---NCNTSAI-T---QA, 3.2109, 0
1.571235, -119.0639, [74], CHUNK, ['T'], VKLTPLCVTLNCTNVTNNITD-------------------------------------NTTGEIKN----CSFNT-T-TE--LRD-KK-QKV-YSLF-YRLDVVAINDDNNNRSNNS------------------------------------------NTSYRLI---NCNTSAI-T---QA, 0.0544, 0
1.497393, 41.7387, [74, 79, 82], CHUNK, ['I', 'N', 'I'], VKLTPLCVTLNCTNVTNNITD-------------------------------------DMRGELKN----CSFNI-T-TN--IRD-KK-QKV-YSLF-YRLDVVAINDDNNNRSNNS------------------------------------------NTSYRLI---NCNTSAI-T---QA, 0.0676, 0
1.418831, -85.8814, 129, POINT, T, VKLTPLCVTLNCTNVTNNITD-------------------------------------DMRGELKN----CSFNM-T-TE--LRD-KK-QKV-YSLF-YRLDVVAINDDNNNRSNNS------------E-----------------------------KTSYRLI---NCNTSAI-T---QA, 1.6404, 0
1.469781, -123.1925, [99, 104, 105, 106, 107], CHUNK, ['N', 'K', 'L', 'E', 'N'], VKLTPLCVTLNCTNVTNNITD-------------------------------------DMRGELKN----CSFNM-T-TE--LRD-KK-QKV-YSLF-YNLDVVKLENDNNNRSNNS------------------------------------------NTSYRLI---NCNTSAI-T---QA, 0.0783, 1
1.496691, -123.2314, [58, 59, 60], CHUNK, ['E', 'T', 'D'], VKLTPLCVTLNCTNVTNNITD-------------------------------------ETDGELKN----CSFNM-T-TE--LRD-KK-QKV-YSLF-YNLDVVKLENDNNNRSNNS------------------------------------------NTSYRLI---NCNTSAI-T---QA, 0.0783, 0
1.492582, -78.7400, [58, 59, 60, 61, 63], CHUNK, ['T', 'G', 'I', 'K', 'M'], VKLTPLCVTLNCTNVTNNITD-------------------------------------TGIKEMKN----CSFNM-T-TE--LRD-KK-QKV-YSLF-YNLDVVKLENDNNNRSNNS------------------------------------------NTSYRLI---NCNTSAI-T---QA, 0.0783, 0
1.508984, -69.9696, [74, 79], CHUNK, ['I', 'N'], VKLTPLCVTLNCTNVTNNITD-------------------------------------DMRGELKN----CSFNI-T-TN--LRD-KK-QKV-YSLF-YNLDVVKLENDNNNRSNNS------------------------------------------NTSYRLI---NCNTSAI-T---QA, 0.0673, 0
1.502067, 48.8912, [74, 79, 82], CHUNK, ['I', 'S', 'I'], VKLTPLCVTLNCTNVTNNITD-------------------------------------DMRGELKN----CSFNI-T-TS--IRD-KK-QKV-YSLF-YNLDVVKLENDNNNRSNNS------------------------------------------NTSYRLI---NCNTSAI-T---QA, 0.0532, 0
1.495136, 4.9052, [74, 79, 82], CHUNK, ['V', 'N', 'I'], VKLTPLCVTLNCTNVTNNITD-------------------------------------DMRGELKN----CSFNV-T-TN--IRD-KK-QKV-YSLF-YRLDVVAINDDNNNRSNNS------------------------------------------NTSYRLI---NCNTSAI-T---QA, 0.0520, 0
1.472200, -127.1651, [20], CHUNK, ['T'], VKLTPLCVTLNCTNVTNNITT-------------------------------------DMRGELKN----CSFNM-T-TE--LRD-KK-QKV-YSLF-YRLDVVAINDDNNNRSNNS------------------------------------------NTSYRLI---NCNTSAI-T---QA, 0.0318, 1
1.496374, -81.9429, [58, 59, 60, 61, 63], CHUNK, ['T', 'G', 'I', 'K', 'M'], VKLTPLCVTLNCTNVTNNITT-------------------------------------TGIKEMKN----CSFNM-T-TE--LRD-KK-QKV-YSLF-YRLDVVAINDDNNNRSNNS------------------------------------------NTSYRLI---NCNTSAI-T---QA, 0.0318, 0
1.476114, 2543.7678, 119, POINT, T, VKLTPLCVTLNCTNVTNNITT-------------------------------------DMRGELKN----CSFNM-T-TE--LRD-KK-QKV-YSLF-YRLDVVAINDDNNNRSNNS--V---------------------------------------NTSYRLI---NCNTSAI-T---QA, 1.6596, 0
1.465909, 48.0320, 122, POINT, T, VKLTPLCVTLNCTNVTNNITT-------------------------------------DMRGELKN----CSFNM-T-TE--LRD-KK-QKV-YSLF-YRLDVVAINDDNNNRSNNS-----D------------------------------------TTSYRLI---NCNTSAI-T---QA, 1.6321, 0
1.509489, -108.8258, [74, 79], CHUNK, ['V', 'N'], VKLTPLCVTLNCTNVTNNITT-------------------------------------DMRGELKN----CSFNV-T-TN--LRD-KK-QKV-YSLF-YRLDVVAINDDNNNRSNNS------------------------------------------NTSYRLI---NCNTSAI-T---QA, 0.0652, 0
1.454396, 4.7080, 138, POINT, T, VKLTPLCVTLNCTNVTNNITD-------------------------------------DMRGELKN----CSFNM-T-TE--LRD-KK-QKV-YSLF-YRLDVVAINDDNNNRSNNE---------------------T--------------------TTSYRLI---NCNTSAI-T---QA, 1.6219, 0
1.455674, 2545.6964, 138, POINT, T, VKLTPLCVTLNCTNVTNNITD-------------------------------------DMRGELKN----CSFNM-T-TE--LRD-KK-QKV-YSLF-YRLDVVAINDDNNNRSNNS---------------------V--------------------NTSYRLI---NCNTSAI-T---QA, 1.6501, 0
1.473182, -129.2361, [99, 102, 104], CHUNK, ['T', 'I', 'P'], VKLTPLCVTLNCTNVTNNITD-------------------------------------DMRGELKN----CSFNM-T-TE--LRD-KK-QKV-YSLF-YTLDIVPINDDNNNRSNNS------------------------------------------NTSYRLI---NCNTSAI-T---QA, 0.0515, 1
1.418356, -19.1493, 138, POINT, T, VKLTPLCVTLNCTNVTNNITD-------------------------------------DMRGELKN----CSFNM-T-TE--LRD-KK-QKV-YSLF-YTLDIVPINDDNNNRSNND---------------------E--------------------ETSYRLI---NCNTSAI-T---QA, 1.6800, 0
1.491739, -129.0213, [79, 83], CHUNK, ['N', 'K'], VKLTPLCVTLNCTNVTNNITD-------------------------------------DMRGELKN----CSFNM-T-TN--LKD-KK-QKV-YSLF-YTLDIVPINDDNNNRSNNS------------------------------------------NTSYRLI---NCNTSAI-T---QA, 0.0661, 1
1.526482, -125.1269, [74], CHUNK, ['T'], VKLTPLCVTLNCTNVTNNITD-------------------------------------DMRGELKN----CSFNT-T-TN--LKD-KK-QKV-YSLF-YTLDIVPINDDNNNRSNNS------------------------------------------NTSYRLI---NCNTSAI-T---QA, 0.0498, 1
1.536547, -3.8820, [82, 83, 87, 89], CHUNK, ['I', 'R', 'V', 'K'], VKLTPLCVTLNCTNVTNNITD-------------------------------------DMRGELKN----CSFNT-T-TN--IRD-KV-KKV-YSLF-YTLDIVPINDDNNNRSNNS------------------------------------------NTSYRLI---NCNTSAI-T---QA, 0.0731, 0
1.564104, -5.8106, [82, 83, 84, 87], CHUNK, ['I', 'T', 'N', 'V'], VKLTPLCVTLNCTNVTNNITD-------------------------------------DMRGELKN----CSFNT-T-TN--ITN-KV-QKV-YSLF-YTLDIVPINDDNNNRSNNS------------------------------------------NTSYRLI---NCNTSAI-T---QA, 0.0726, 0
1.510016, -9.7513, 117, POINT, T, VKLTPLCVTLNCTNVTNNITD-------------------------------------DMRGELKN----CSFNT-T-TN--LKD-KK-QKV-YSLF-YTLDIVPINDDNNNRSNNSD-----------------------------------------STSYRLI---NCNTSAI-T---QA, 1.6330, 0
1.493304, -42.0404, 119, POINT, T, VKLTPLCVTLNCTNVTNNITD-------------------------------------DMRGELKN----CSFNT-T-TN--LKD-KK-QKV-YSLF-YTLDIVPINDDNNNRSNNK--Q---------------------------------------TTSYRLI---NCNTSAI-T---QA, 1.6255, 0
1.455454, -120.2588, 131, POINT, T, VKLTPLCVTLNCTNVTNNITD-------------------------------------DMRGELKN----CSFNM-T-TN--LKD-KK-QKV-YSLF-YTLDIVPINDDNNNRSNNS--------------K---------------------------QTSYRLI---NCNTSAI-T---QA, 1.6199, 0
1.476452, -105.1975, 118, POINT, T, VKLTPLCVTLNCTNVTNNITD-------------------------------------DMRGELKN----CSFNM-T-TN--LKD-KK-QKV-YSLF-YTLDIVPINDDNNNRSNNS-K----------------------------------------STSYRLI---NCNTSAI-T---QA, 1.6575, 0
1.500777, -66.8646, 151, POINT, T, VKLTPLCVTLNCTNVTNNITD-------------------------------------DMRGELKN----CSFNM-T-TN--LKD-KK-QKV-YSLF-YTLDIVPINDDNNNRSNNN----------------------------------K-------TTSYRLI---NCNTSAI-T---QA, 1.6185, 0
1.526482, -124.9578, [74], CHUNK, ['T'], VKLTPLCVTLNCTNVTNNITD-------------------------------------DMRGELKN----CSFNT-T-TN--LKD-KK-QKV-YSLF-YTLDIVPINDDNNNRSNNS------------------------------------------NTSYRLI---NCNTSAI-T---QA, 0.0669, 1
1.535597, -124.4202, [89, 91, 94], CHUNK, ['K', 'E', 'A'], VKLTPLCVTLNCTNVTNNITD-------------------------------------DMRGELKN----CSFNT-T-TN--LKD-KK-KKE-YALF-YTLDIVPINDDNNNRSNNS------------------------------------------NTSYRLI---NCNTSAI-T---QA, 0.0669, 0
1.520191, 66.2816, 153, POINT, T, VKLTPLCVTLNCTNVTNNITD-------------------------------------DMRGELKN----CSFNT-T-TN--LKD-KK-QKV-YSLF-YTLDIVPINDDNNNRSNNS------------------------------------D-----TTSYRLI---NCNTSAI-T---QA, 1.6309, 0
1.520191, 99.6167, 138, POINT, T, VKLTPLCVTLNCTNVTNNITD-------------------------------------DMRGELKN----CSFNT-T-TN--LKD-KK-QKV-YSLF-YTLDIVPINDDNNNRSNNS---------------------D--------------------TTSYRLI---NCNTSAI-T---QA, 1.6370, 0
1.517923, -115.8719, 136, POINT, T, VKLTPLCVTLNCTNVTNNITD-------------------------------------DMRGELKN----CSFNT-T-TN--LKD-KK-QKV-YSLF-YTLDIVPINDDNNNRSNNT-------------------S----------------------QTSYRLI---NCNTSAI-T---QA, 1.6236, 1
1.538362, -112.5986, [20], CHUNK, ['T'], VKLTPLCVTLNCTNVTNNITT-------------------------------------DMRGELKN----CSFNT-T-TN--LKD-KK-QKV-YSLF-YTLDIVPINDDNNNRSNNT-------------------S----------------------QTSYRLI---NCNTSAI-T---QA, 1.6236, 0
1.550077, 902.5086, 145, POINT, T, VKLTPLCVTLNCTNVTNNITD-------------------------------------DMRGELKN----CSFNT-T-TN--LKD-KK-QKV-YSLF-YTLDIVPINDDNNNRSNNT-------------------N--------V-------------KTSYRLI---NCNTSAI-T---QA, 2.6343, 0
1.527038, -115.3299, [89, 91, 94], CHUNK, ['K', 'E', 'A'], VKLTPLCVTLNCTNVTNNITD-------------------------------------DMRGELKN----CSFNT-T-TN--LKD-KK-KKE-YALF-YTLDIVPINDDNNNRSNNT-------------------S----------------------QTSYRLI---NCNTSAI-T---QA, 1.6236, 0
1.550077, 901.8257, 137, POINT, T, VKLTPLCVTLNCTNVTNNITD-------------------------------------DMRGELKN----CSFNT-T-TN--LKD-KK-QKV-YSLF-YTLDIVPINDDNNNRSNNT-------------------NV---------------------KTSYRLI---NCNTSAI-T---QA, 2.6178, 0
1.510137, 28.3942, 125, POINT, T, VKLTPLCVTLNCTNVTNNITD-------------------------------------DMRGELKN----CSFNT-T-TN--LKD-KK-QKV-YSLF-YTLDIVPINDDNNNRSNNT--------K---------------------------------ETSYRLI---NCNTSAI-T---QA, 1.6298, 0
1.533013, 48.0196, 158, POINT, T, VKLTPLCVTLNCTNVTNNITD-------------------------------------DMRGELKN----CSFNT-T-TN--LKD-KK-QKV-YSLF-YTLDIVPINDDNNNRSNNS-----------------------------------------DNTSYRLI---NCNTSAI-T---QA, 1.6603, 0
1.541183, -122.8769, [174], CHUNK, ['T'], VKLTPLCVTLNCTNVTNNITD-------------------------------------DMRGELKN----CSFNT-T-TN--LKD-KK-QKV-YSLF-YTLDIVPINDDNNNRSNNS------------------------------------------NTSYRLI---NCNTSTI-T---QA, 0.0533, 0
1.530396, 2547.4282, 122, POINT, T, VKLTPLCVTLNCTNVTNNITD-------------------------------------DMRGELKN----CSFNT-T-TN--LKD-KK-QKV-YSLF-YTLDIVPINDDNNNRSNNS-----V------------------------------------NTSYRLI---NCNTSAI-T---QA, 1.6626, 0
1.498270, 68.1761, 138, POINT, T, VKLTPLCVTLNCTNVTNNITD-------------------------------------DMRGELKN----CSFNM-T-TN--LKD-KK-QKV-YSLF-YTLDIVPINDDNNNRSNNS---------------------D--------------------NTSYRLI---NCNTSAI-T---QA, 1.6601, 0
1.466532, -110.9639, 137, POINT, T, VKLTPLCVTLNCTNVTNNITD-------------------------------------DMRGELKN----CSFNM-T-TN--LKD-KK-QKV-YSLF-YTLDIVPINDDNNNRSNNE--------------------K---------------------TTSYRLI---NCNTSAI-T---QA, 1.6191, 0
1.506440, -127.2171, [174], CHUNK, ['T'], VKLTPLCVTLNCTNVTNNITD-------------------------------------DMRGELKN----CSFNM-T-TN--LKD-KK-QKV-YSLF-YTLDIVPINDDNNNRSNNS------------------------------------------NTSYRLI---NCNTSTI-T---QA, 0.0686, 0
1.500386, -123.7653, [58, 59, 60, 63], CHUNK, ['M', 'E', 'K', 'I'], VKLTPLCVTLNCTNVTNNITD-------------------------------------MEKGEIKN----CSFNM-T-TN--LKD-KK-QKV-YSLF-YTLDIVPINDDNNNRSNNS------------------------------------------NTSYRLI---NCNTSAI-T---QA, 0.0661, 0
1.504905, -125.3507, [74], CHUNK, ['T'], VKLTPLCVTLNCTNVTNNITD-------------------------------------DMRGELKN----CSFNT-T-TE--LRD-KK-QKV-YSLF-YTLDIVPINDDNNNRSNNS------------------------------------------NTSYRLI---NCNTSAI-T---QA, 0.0701, 0
1.537798, -88.6137, [58, 59, 60, 61, 63], CHUNK, ['N', 'S', 'T', 'I', 'M'], VKLTPLCVTLNCTNVTNNITD-------------------------------------NSTIEMKN----CSFNM-T-TE--LRD-KK-QKV-YSLF-YTLDIVPINDDNNNRSNNS------------------------------------------NTSYRLI---NCNTSAI-T---QA, 0.0747, 0
1.466891, 47.8669, 138, POINT, T, VKLTPLCVTLNCTNVTNNITD-------------------------------------DMRGELKN----CSFNM-T-TE--LRD-KK-QKV-YSLF-YTLDIVPINDDNNNRSNNS---------------------D--------------------TTSYRLI---NCNTSAI-T---QA, 1.6299, 0
1.508310, -19.3866, [74, 79, 82], CHUNK, ['V', 'N', 'V'], VKLTPLCVTLNCTNVTNNITD-------------------------------------DMRGELKN----CSFNV-T-TN--VRD-KK-QKV-YSLF-YTLDIVPINDDNNNRSNNS------------------------------------------NTSYRLI---NCNTSAI-T---QA, 0.0759, 0
1.455674, -97.0224, 152, POINT, T, VKLTPLCVTLNCTNVTNNITD-------------------------------------DMRGELKN----CSFNM-T-TE--LRD-KK-QKV-YSLF-YRLDVVAINDDNNNRSNNS-----------------------------------V------NTSYRLI---NCNTSAI-T---QA, 1.6524, 0
1.415805, -36.5373, 138, POINT, T, VKLTPLCVTLNCTNVTNNITD-------------------------------------DMRGELKN----CSFNM-T-TE--LRD-KK-QKV-YSLF-YRLDVVAINDDNNNRSNNT---------------------Q--------------------QTSYRLI---NCNTSAI-T---QA, 1.6183, 0
1.430606, -68.9450, 138, POINT, T, VKLTPLCVTLNCTNVTNNITD-------------------------------------DMRGELKN----CSFNM-T-TE--LRD-KK-QKV-YSLF-YRLDVVAINDDNNNRSNNK---------------------K--------------------TTSYRLI---NCNTSAI-T---QA, 1.6170, 0
1.489298, -93.9332, [58, 59, 60, 61, 63], CHUNK, ['N', 'I', 'K', 'E', 'M'], VKLTPLCVTLNCTNVTNNITD-------------------------------------NIKEEMKN----CSFNM-T-TE--LRD-KK-QKV-YSLF-YRLDVVAINDDNNNRSNNS------------------------------------------NTSYRLI---NCNTSAI-T---QA, 0.0234, 0
