Name base = V1V2_200_exp_6_11_ni
Iters = 200
Soft coverage = 0.284621885725
Energy = -128.717377515
Hard Covereage = 0.0368019545157
Num epitopes = 65
Initial seq = VKLTPLCVTLQCTNVTNNITD-------------------------------------DMRGELKN----CSFNM-T-TE--LRD-KK-QKV-YSLF-YRLDVVQINENQGNRSNNS------------------------------------------NKEYRLI---NCNTSAI-T---QA
-------START OF DATA------
0.286926, -127.6108, 63, POINT, M, VKLTPLCVTLQCTNVTNNITD-------------------------------------DMRGEMKN----CSFNM-T-TE--LRD-KK-QKV-YSLF-YRLDVVQINENQGNRSNNS------------------------------------------NKEYRLI---NCNTSAI-T---QA, 0.1179, 1
0.291544, -126.0219, 99, POINT, K, VKLTPLCVTLQCTNVTNNITD-------------------------------------DMRGEMKN----CSFNM-T-TE--LRD-KK-QKV-YSLF-YKLDVVQINENQGNRSNNS------------------------------------------NKEYRLI---NCNTSAI-T---QA, 0.1179, 1
0.295967, -126.1343, 104, POINT, P, VKLTPLCVTLQCTNVTNNITD-------------------------------------DMRGEMKN----CSFNM-T-TE--LRD-KK-QKV-YSLF-YKLDVVPINENQGNRSNNS------------------------------------------NKEYRLI---NCNTSAI-T---QA, 0.1179, 1
0.306534, -126.5829, 94, POINT, A, VKLTPLCVTLQCTNVTNNITD-------------------------------------DMRGEMKN----CSFNM-T-TE--LRD-KK-QKV-YALF-YKLDVVPINENQGNRSNNS------------------------------------------NKEYRLI---NCNTSAI-T---QA, 0.1143, 1
0.308592, -125.2238, 18, POINT, N, VKLTPLCVTLQCTNVTNNNTD-------------------------------------DMRGEMKN----CSFNM-T-TE--LRD-KK-QKV-YALF-YKLDVVPINENQGNRSNNS------------------------------------------NKEYRLI---NCNTSAI-T---QA, 0.1152, 1
0.331530, -124.7587, [10, 16, 17], CHUNK, ['N', 'T', 'T'], VKLTPLCVTLNCTNVTTTNTD-------------------------------------DMRGEMKN----CSFNM-T-TE--LRD-KK-QKV-YALF-YKLDVVPINENQGNRSNNS------------------------------------------NKEYRLI---NCNTSAI-T---QA, 0.1152, 1
0.333887, -122.4852, 58, POINT, T, VKLTPLCVTLNCTNVTTTNTD-------------------------------------TMRGEMKN----CSFNM-T-TE--LRD-KK-QKV-YALF-YKLDVVPINENQGNRSNNS------------------------------------------NKEYRLI---NCNTSAI-T---QA, 0.1202, 1
0.338078, -119.3249, 20, POINT, T, VKLTPLCVTLNCTNVTTTNTT-------------------------------------TMRGEMKN----CSFNM-T-TE--LRD-KK-QKV-YALF-YKLDVVPINENQGNRSNNS------------------------------------------NKEYRLI---NCNTSAI-T---QA, 0.1202, 0
0.342537, -78.3923, [74, 79], CHUNK, ['I', 'S'], VKLTPLCVTLNCTNVTTTNTD-------------------------------------TMRGEMKN----CSFNI-T-TS--LRD-KK-QKV-YALF-YKLDVVPINENQGNRSNNS------------------------------------------NKEYRLI---NCNTSAI-T---QA, 0.7019, 0
0.345993, -121.5878, [160, 161], CHUNK, ['T', 'S'], VKLTPLCVTLNCTNVTTTNTD-------------------------------------TMRGEMKN----CSFNM-T-TE--LRD-KK-QKV-YALF-YKLDVVPINENQGNRSNNS------------------------------------------NTSYRLI---NCNTSAI-T---QA, 0.1202, 1
0.353276, -106.3795, 174, POINT, V, VKLTPLCVTLNCTNVTTTNTD-------------------------------------TMRGEMKN----CSFNM-T-TE--LRD-KK-QKV-YALF-YKLDVVPINENQGNRSNNS------------------------------------------NTSYRLI---NCNTSVI-T---QA, 0.3337, 0
0.356429, -85.5409, [74], CHUNK, ['I'], VKLTPLCVTLNCTNVTTTNTD-------------------------------------TMRGEMKN----CSFNI-T-TE--LRD-KK-QKV-YALF-YKLDVVPINENQGNRSNNS------------------------------------------NTSYRLI---NCNTSAI-T---QA, 0.4707, 0
0.356429, -101.0286, [74], CHUNK, ['I'], VKLTPLCVTLNCTNVTTTNTD-------------------------------------TMRGEMKN----CSFNI-T-TE--LRD-KK-QKV-YALF-YKLDVVPINENQGNRSNNS------------------------------------------NTSYRLI---NCNTSAI-T---QA, 0.3100, 0
0.352332, -119.6468, [87, 91], CHUNK, ['V', 'E'], VKLTPLCVTLNCTNVTTTNTD-------------------------------------TMRGEMKN----CSFNM-T-TE--LRD-KV-QKE-YALF-YKLDVVPINENQGNRSNNS------------------------------------------NTSYRLI---NCNTSAI-T---QA, 0.1099, 0
0.341169, -102.8776, [174], CHUNK, ['V'], VKLTPLCVTLNCTNVTTTNTD-------------------------------------TMRGEMKN----CSFNM-T-TE--LRD-KK-QKV-YALF-YKLDVVPINENQGNRSNNS------------------------------------------NKEYRLI---NCNTSVI-T---QA, 0.4991, 0
0.340849, -122.2526, [160, 161], CHUNK, ['T', 'T'], VKLTPLCVTLNCTNVTTTNTD-------------------------------------TMRGEMKN----CSFNM-T-TE--LRD-KK-QKV-YALF-YKLDVVPINENQGNRSNNS------------------------------------------NTTYRLI---NCNTSAI-T---QA, 0.1202, 1
0.348131, -102.9297, 174, POINT, V, VKLTPLCVTLNCTNVTTTNTD-------------------------------------TMRGEMKN----CSFNM-T-TE--LRD-KK-QKV-YALF-YKLDVVPINENQGNRSNNS------------------------------------------NTTYRLI---NCNTSVI-T---QA, 0.3466, 0
0.348131, -101.3875, [174], CHUNK, ['V'], VKLTPLCVTLNCTNVTTTNTD-------------------------------------TMRGEMKN----CSFNM-T-TE--LRD-KK-QKV-YALF-YKLDVVPINENQGNRSNNS------------------------------------------NTTYRLI---NCNTSVI-T---QA, 0.2998, 0
0.345790, -122.4649, 63, POINT, I, VKLTPLCVTLNCTNVTTTNTD-------------------------------------TMRGEIKN----CSFNM-T-TE--LRD-KK-QKV-YALF-YKLDVVPINENQGNRSNNS------------------------------------------NTTYRLI---NCNTSAI-T---QA, 0.1202, 0
0.348131, -103.2759, [174], CHUNK, ['V'], VKLTPLCVTLNCTNVTTTNTD-------------------------------------TMRGEMKN----CSFNM-T-TE--LRD-KK-QKV-YALF-YKLDVVPINENQGNRSNNS------------------------------------------NTTYRLI---NCNTSVI-T---QA, 0.2870, 0
0.344347, -16.5696, [74, 79, 82], CHUNK, ['I', 'T', 'I'], VKLTPLCVTLNCTNVTTTNTD-------------------------------------TMRGEMKN----CSFNI-T-TT--IRD-KK-QKV-YALF-YKLDVVPINENQGNRSNNS------------------------------------------NKEYRLI---NCNTSAI-T---QA, 0.2440, 0
0.338828, -122.6975, 63, POINT, I, VKLTPLCVTLNCTNVTTTNTD-------------------------------------TMRGEIKN----CSFNM-T-TE--LRD-KK-QKV-YALF-YKLDVVPINENQGNRSNNS------------------------------------------NKEYRLI---NCNTSAI-T---QA, 0.1202, 0
0.334699, -121.8643, 19, POINT, N, VKLTPLCVTLNCTNVTTTNND-------------------------------------TMRGEMKN----CSFNM-T-TE--LRD-KK-QKV-YALF-YKLDVVPINENQGNRSNNS------------------------------------------NKEYRLI---NCNTSAI-T---QA, 0.1190, 0
0.342458, -121.1283, [59, 60, 63], CHUNK, ['E', 'K', 'I'], VKLTPLCVTLNCTNVTTTNTD-------------------------------------TEKGEIKN----CSFNM-T-TE--LRD-KK-QKV-YALF-YKLDVVPINENQGNRSNNS------------------------------------------NKEYRLI---NCNTSAI-T---QA, 0.1194, 1
0.343419, -121.1029, 107, POINT, D, VKLTPLCVTLNCTNVTTTNTD-------------------------------------TEKGEIKN----CSFNM-T-TE--LRD-KK-QKV-YALF-YKLDVVPINDNQGNRSNNS------------------------------------------NKEYRLI---NCNTSAI-T---QA, 0.1477, 0
0.346286, -121.2308, 107, POINT, N, VKLTPLCVTLNCTNVTTTNTD-------------------------------------TEKGEIKN----CSFNM-T-TE--LRD-KK-QKV-YALF-YKLDVVPINNNQGNRSNNS------------------------------------------NKEYRLI---NCNTSAI-T---QA, 0.1194, 1
0.358393, -120.3334, [160, 161], CHUNK, ['T', 'S'], VKLTPLCVTLNCTNVTTTNTD-------------------------------------TEKGEIKN----CSFNM-T-TE--LRD-KK-QKV-YALF-YKLDVVPINNNQGNRSNNS------------------------------------------NTSYRLI---NCNTSAI-T---QA, 0.1194, 0
0.358393, -120.3334, [160, 161], CHUNK, ['T', 'S'], VKLTPLCVTLNCTNVTTTNTD-------------------------------------TEKGEIKN----CSFNM-T-TE--LRD-KK-QKV-YALF-YKLDVVPINNNQGNRSNNS------------------------------------------NTSYRLI---NCNTSAI-T---QA, 0.1194, 0
0.361239, -12.6639, [74, 79, 82], CHUNK, ['I', 'S', 'I'], VKLTPLCVTLNCTNVTTTNTD-------------------------------------TEKGEIKN----CSFNI-T-TS--IRD-KK-QKV-YALF-YKLDVVPINNNQGNRSNNS------------------------------------------NKEYRLI---NCNTSAI-T---QA, 0.5586, 0
0.357679, -77.4433, [74], CHUNK, ['I'], VKLTPLCVTLNCTNVTTTNTD-------------------------------------TEKGEIKN----CSFNI-T-TE--LRD-KK-QKV-YALF-YKLDVVPINNNQGNRSNNS------------------------------------------NKEYRLI---NCNTSAI-T---QA, 0.2352, 0
0.349740, -105.4935, [174], CHUNK, ['V'], VKLTPLCVTLNCTNVTTTNTD-------------------------------------TEKGEIKN----CSFNM-T-TE--LRD-KK-QKV-YALF-YKLDVVPINENQGNRSNNS------------------------------------------NKEYRLI---NCNTSVI-T---QA, 0.3687, 0
0.353665, -103.9348, [74, 79], CHUNK, ['I', 'N'], VKLTPLCVTLNCTNVTTTNTD-------------------------------------TEKGEIKN----CSFNI-T-TN--LRD-KK-QKV-YALF-YKLDVVPINENQGNRSNNS------------------------------------------NKEYRLI---NCNTSAI-T---QA, 0.2223, 1
0.365771, -103.1898, [160, 161], CHUNK, ['T', 'S'], VKLTPLCVTLNCTNVTTTNTD-------------------------------------TEKGEIKN----CSFNI-T-TN--LRD-KK-QKV-YALF-YKLDVVPINENQGNRSNNS------------------------------------------NTSYRLI---NCNTSAI-T---QA, 0.2873, 0
0.365771, -102.9926, [160, 161], CHUNK, ['T', 'S'], VKLTPLCVTLNCTNVTTTNTD-------------------------------------TEKGEIKN----CSFNI-T-TN--LRD-KK-QKV-YALF-YKLDVVPINENQGNRSNNS------------------------------------------NTSYRLI---NCNTSAI-T---QA, 0.2223, 0
0.355834, -101.9448, [174], CHUNK, ['T'], VKLTPLCVTLNCTNVTTTNTD-------------------------------------TEKGEIKN----CSFNI-T-TN--LRD-KK-QKV-YALF-YKLDVVPINENQGNRSNNS------------------------------------------NKEYRLI---NCNTSTI-T---QA, 0.2223, 0
0.358053, -101.7643, 20, POINT, T, VKLTPLCVTLNCTNVTTTNTT-------------------------------------TEKGEIKN----CSFNI-T-TN--LRD-KK-QKV-YALF-YKLDVVPINENQGNRSNNS------------------------------------------NKEYRLI---NCNTSAI-T---QA, 0.2544, 0
0.348516, -119.7005, 91, POINT, E, VKLTPLCVTLNCTNVTTTNTD-------------------------------------TEKGEIKN----CSFNM-T-TE--LRD-KK-QKE-YALF-YKLDVVPINENQGNRSNNS------------------------------------------NKEYRLI---NCNTSAI-T---QA, 0.1515, 0
0.353851, -71.1173, 74, POINT, I, VKLTPLCVTLNCTNVTTTNTD-------------------------------------TEKGEIKN----CSFNI-T-TE--LRD-KK-QKV-YALF-YKLDVVPINENQGNRSNNS------------------------------------------NKEYRLI---NCNTSAI-T---QA, 0.3400, 0
0.346286, -121.2308, 107, POINT, N, VKLTPLCVTLNCTNVTTTNTD-------------------------------------TEKGEIKN----CSFNM-T-TE--LRD-KK-QKV-YALF-YKLDVVPINNNQGNRSNNS------------------------------------------NKEYRLI---NCNTSAI-T---QA, 0.1194, 1
0.347609, -121.9404, 17, POINT, N, VKLTPLCVTLNCTNVTTNNTD-------------------------------------TEKGEIKN----CSFNM-T-TE--LRD-KK-QKV-YALF-YKLDVVPINNNQGNRSNNS------------------------------------------NKEYRLI---NCNTSAI-T---QA, 0.1194, 0
0.353568, -98.9361, 174, POINT, V, VKLTPLCVTLNCTNVTTTNTD-------------------------------------TEKGEIKN----CSFNM-T-TE--LRD-KK-QKV-YALF-YKLDVVPINNNQGNRSNNS------------------------------------------NKEYRLI---NCNTSVI-T---QA, 0.2318, 0
0.357679, -80.9555, [74], CHUNK, ['I'], VKLTPLCVTLNCTNVTTTNTD-------------------------------------TEKGEIKN----CSFNI-T-TE--LRD-KK-QKV-YALF-YKLDVVPINNNQGNRSNNS------------------------------------------NKEYRLI---NCNTSAI-T---QA, 0.3115, 0
0.350930, -103.5752, 74, POINT, V, VKLTPLCVTLNCTNVTTTNTD-------------------------------------TEKGEIKN----CSFNV-T-TE--LRD-KK-QKV-YALF-YKLDVVPINNNQGNRSNNS------------------------------------------NKEYRLI---NCNTSAI-T---QA, 0.2065, 0
0.354564, -120.5090, [160, 161], CHUNK, ['T', 'S'], VKLTPLCVTLNCTNVTTTNTD-------------------------------------TEKGEIKN----CSFNM-T-TE--LRD-KK-QKV-YALF-YKLDVVPINENQGNRSNNS------------------------------------------NTSYRLI---NCNTSAI-T---QA, 0.1214, 0
0.346286, -121.2308, 107, POINT, N, VKLTPLCVTLNCTNVTTTNTD-------------------------------------TEKGEIKN----CSFNM-T-TE--LRD-KK-QKV-YALF-YKLDVVPINNNQGNRSNNS------------------------------------------NKEYRLI---NCNTSAI-T---QA, 0.1194, 0
0.342877, -120.4873, 15, POINT, N, VKLTPLCVTLNCTNVNTTNTD-------------------------------------TEKGEIKN----CSFNM-T-TE--LRD-KK-QKV-YALF-YKLDVVPINENQGNRSNNS------------------------------------------NKEYRLI---NCNTSAI-T---QA, 0.1194, 0
0.349740, -101.6456, [174], CHUNK, ['V'], VKLTPLCVTLNCTNVTTTNTD-------------------------------------TEKGEIKN----CSFNM-T-TE--LRD-KK-QKV-YALF-YKLDVVPINENQGNRSNNS------------------------------------------NKEYRLI---NCNTSVI-T---QA, 0.2900, 0
0.341169, -104.1342, [174], CHUNK, ['V'], VKLTPLCVTLNCTNVTTTNTD-------------------------------------TMRGEMKN----CSFNM-T-TE--LRD-KK-QKV-YALF-YKLDVVPINENQGNRSNNS------------------------------------------NKEYRLI---NCNTSVI-T---QA, 0.3607, 0
0.344322, -84.3757, [74], CHUNK, ['I'], VKLTPLCVTLNCTNVTTTNTD-------------------------------------TMRGEMKN----CSFNI-T-TE--LRD-KK-QKV-YALF-YKLDVVPINENQGNRSNNS------------------------------------------NKEYRLI---NCNTSAI-T---QA, 0.4612, 0
0.338828, -122.6975, [63], CHUNK, ['I'], VKLTPLCVTLNCTNVTTTNTD-------------------------------------TMRGEIKN----CSFNM-T-TE--LRD-KK-QKV-YALF-YKLDVVPINENQGNRSNNS------------------------------------------NKEYRLI---NCNTSAI-T---QA, 0.1202, 1
0.350934, -121.8001, [160, 161], CHUNK, ['T', 'S'], VKLTPLCVTLNCTNVTTTNTD-------------------------------------TMRGEIKN----CSFNM-T-TE--LRD-KK-QKV-YALF-YKLDVVPINENQGNRSNNS------------------------------------------NTSYRLI---NCNTSAI-T---QA, 0.1202, 0
0.345435, 0.8052, [74, 82], CHUNK, ['T', 'I'], VKLTPLCVTLNCTNVTTTNTD-------------------------------------TMRGEIKN----CSFNT-T-TE--IRD-KK-QKV-YALF-YKLDVVPINENQGNRSNNS------------------------------------------NKEYRLI---NCNTSAI-T---QA, 0.1479, 0
0.350221, -75.2872, [74], CHUNK, ['I'], VKLTPLCVTLNCTNVTTTNTD-------------------------------------TMRGEIKN----CSFNI-T-TE--LRD-KK-QKV-YALF-YKLDVVPINENQGNRSNNS------------------------------------------NKEYRLI---NCNTSAI-T---QA, 0.3911, 0
0.340813, -120.5571, 60, POINT, K, VKLTPLCVTLNCTNVTTTNTD-------------------------------------TMKGEIKN----CSFNM-T-TE--LRD-KK-QKV-YALF-YKLDVVPINENQGNRSNNS------------------------------------------NKEYRLI---NCNTSAI-T---QA, 0.1202, 0
0.335511, -120.3449, 60, POINT, K, VKLTPLCVTLNCTNVTTTNTD-------------------------------------TMKGEMKN----CSFNM-T-TE--LRD-KK-QKV-YALF-YKLDVVPINENQGNRSNNS------------------------------------------NKEYRLI---NCNTSAI-T---QA, 0.1202, 0
0.335559, -2.2661, 82, POINT, I, VKLTPLCVTLNCTNVTTTNTD-------------------------------------TMRGEMKN----CSFNM-T-TE--IRD-KK-QKV-YALF-YKLDVVPINENQGNRSNNS------------------------------------------NKEYRLI---NCNTSAI-T---QA, 0.1859, 0
0.341905, -121.5021, [160, 161], CHUNK, ['N', 'S'], VKLTPLCVTLNCTNVTTTNTD-------------------------------------TMRGEMKN----CSFNM-T-TE--LRD-KK-QKV-YALF-YKLDVVPINENQGNRSNNS------------------------------------------NNSYRLI---NCNTSAI-T---QA, 0.1202, 0
0.341169, -104.0846, 174, POINT, V, VKLTPLCVTLNCTNVTTTNTD-------------------------------------TMRGEMKN----CSFNM-T-TE--LRD-KK-QKV-YALF-YKLDVVPINENQGNRSNNS------------------------------------------NKEYRLI---NCNTSVI-T---QA, 0.2715, 0
0.343636, -123.8650, [160, 161], CHUNK, ['T', 'S'], VKLTPLCVTLNCTNVTTTNTD-------------------------------------DMRGEMKN----CSFNM-T-TE--LRD-KK-QKV-YALF-YKLDVVPINENQGNRSNNS------------------------------------------NTSYRLI---NCNTSAI-T---QA, 0.1152, 0
0.338812, -108.6237, [174], CHUNK, ['V'], VKLTPLCVTLNCTNVTTTNTD-------------------------------------DMRGEMKN----CSFNM-T-TE--LRD-KK-QKV-YALF-YKLDVVPINENQGNRSNNS------------------------------------------NKEYRLI---NCNTSVI-T---QA, 0.3316, 0
0.335358, -124.8613, 107, POINT, N, VKLTPLCVTLNCTNVTTTNTD-------------------------------------DMRGEMKN----CSFNM-T-TE--LRD-KK-QKV-YALF-YKLDVVPINNNQGNRSNNS------------------------------------------NKEYRLI---NCNTSAI-T---QA, 0.1152, 0
0.343636, -123.8650, [160, 161], CHUNK, ['T', 'S'], VKLTPLCVTLNCTNVTTTNTD-------------------------------------DMRGEMKN----CSFNM-T-TE--LRD-KK-QKV-YALF-YKLDVVPINENQGNRSNNS------------------------------------------NTSYRLI---NCNTSAI-T---QA, 0.1152, 1
0.354072, -78.0357, 74, POINT, I, VKLTPLCVTLNCTNVTTTNTD-------------------------------------DMRGEMKN----CSFNI-T-TE--LRD-KK-QKV-YALF-YKLDVVPINENQGNRSNNS------------------------------------------NTSYRLI---NCNTSAI-T---QA, 0.3200, 0
0.350919, -101.1382, 174, POINT, V, VKLTPLCVTLNCTNVTTTNTD-------------------------------------DMRGEMKN----CSFNM-T-TE--LRD-KK-QKV-YALF-YKLDVVPINENQGNRSNNS------------------------------------------NTSYRLI---NCNTSVI-T---QA, 0.4377, 0
0.354072, -86.4471, [74], CHUNK, ['I'], VKLTPLCVTLNCTNVTTTNTD-------------------------------------DMRGEMKN----CSFNI-T-TE--LRD-KK-QKV-YALF-YKLDVVPINENQGNRSNNS------------------------------------------NTSYRLI---NCNTSAI-T---QA, 0.3452, 0
0.352356, -102.1205, [169, 174], CHUNK, ['S', 'V'], VKLTPLCVTLNCTNVTTTNTD-------------------------------------DMRGEMKN----CSFNM-T-TE--LRD-KK-QKV-YALF-YKLDVVPINENQGNRSNNS------------------------------------------NTSYRLI---SCNTSVI-T---QA, 0.2961, 0
0.336613, -124.1830, 160, POINT, T, VKLTPLCVTLNCTNVTTTNTD-------------------------------------DMRGEMKN----CSFNM-T-TE--LRD-KK-QKV-YALF-YKLDVVPINENQGNRSNNS------------------------------------------NTEYRLI---NCNTSAI-T---QA, 0.1152, 0
0.347594, 4.7689, [74, 79, 82], CHUNK, ['I', 'N', 'I'], VKLTPLCVTLNCTNVTTTNTD-------------------------------------DMRGEMKN----CSFNI-T-TN--IRD-KK-QKV-YALF-YKLDVVPINENQGNRSNNS------------------------------------------NKEYRLI---NCNTSAI-T---QA, 0.3392, 0
0.338067, -125.9197, [106, 107, 108, 109, 110], CHUNK, ['D', 'Q', 'T', 'N', 'N'], VKLTPLCVTLNCTNVTTTNTD-------------------------------------DMRGEMKN----CSFNM-T-TE--LRD-KK-QKV-YALF-YKLDVVPIDQTNNNRSNNS------------------------------------------NKEYRLI---NCNTSAI-T---QA, 0.1152, 1
0.339767, -126.0489, 106, POINT, N, VKLTPLCVTLNCTNVTTTNTD-------------------------------------DMRGEMKN----CSFNM-T-TE--LRD-KK-QKV-YALF-YKLDVVPINQTNNNRSNNS------------------------------------------NKEYRLI---NCNTSAI-T---QA, 0.1152, 0
0.348502, -54.8696, [74], CHUNK, ['I'], VKLTPLCVTLNCTNVTTTNTD-------------------------------------DMRGEMKN----CSFNI-T-TE--LRD-KK-QKV-YALF-YKLDVVPIDQTNNNRSNNS------------------------------------------NKEYRLI---NCNTSAI-T---QA, 0.4538, 0
0.348502, -82.0479, [74], CHUNK, ['I'], VKLTPLCVTLNCTNVTTTNTD-------------------------------------DMRGEMKN----CSFNI-T-TE--LRD-KK-QKV-YALF-YKLDVVPIDQTNNNRSNNS------------------------------------------NKEYRLI---NCNTSAI-T---QA, 0.3271, 0
0.348502, -105.9449, [74], CHUNK, ['I'], VKLTPLCVTLNCTNVTTTNTD-------------------------------------DMRGEMKN----CSFNI-T-TE--LRD-KK-QKV-YALF-YKLDVVPIDQTNNNRSNNS------------------------------------------NKEYRLI---NCNTSAI-T---QA, 0.4406, 0
0.341965, -78.2793, [74], CHUNK, ['I'], VKLTPLCVTLNCTNVTTTNTD-------------------------------------DMRGEMKN----CSFNI-T-TE--LRD-KK-QKV-YALF-YKLDVVPINENQGNRSNNS------------------------------------------NKEYRLI---NCNTSAI-T---QA, 0.2877, 0
0.336513, -124.5085, 109, POINT, N, VKLTPLCVTLNCTNVTTTNTD-------------------------------------DMRGEMKN----CSFNM-T-TE--LRD-KK-QKV-YALF-YKLDVVPINENNGNRSNNS------------------------------------------NKEYRLI---NCNTSAI-T---QA, 0.1174, 0
0.341965, -76.4395, [74], CHUNK, ['I'], VKLTPLCVTLNCTNVTTTNTD-------------------------------------DMRGEMKN----CSFNI-T-TE--LRD-KK-QKV-YALF-YKLDVVPINENQGNRSNNS------------------------------------------NKEYRLI---NCNTSAI-T---QA, 0.4181, 0
0.341965, -88.5041, 74, POINT, I, VKLTPLCVTLNCTNVTTTNTD-------------------------------------DMRGEMKN----CSFNI-T-TE--LRD-KK-QKV-YALF-YKLDVVPINENQGNRSNNS------------------------------------------NKEYRLI---NCNTSAI-T---QA, 0.4352, 0
0.319027, -87.8354, [74], CHUNK, ['I'], VKLTPLCVTLQCTNVTNNNTD-------------------------------------DMRGEMKN----CSFNI-T-TE--LRD-KK-QKV-YALF-YKLDVVPINENQGNRSNNS------------------------------------------NKEYRLI---NCNTSAI-T---QA, 0.4889, 0
0.322972, -124.5955, [10, 12], CHUNK, ['N', 'N'], VKLTPLCVTLNCNNVTNNNTD-------------------------------------DMRGEMKN----CSFNM-T-TE--LRD-KK-QKV-YALF-YKLDVVPINENQGNRSNNS------------------------------------------NKEYRLI---NCNTSAI-T---QA, 0.1518, 1
0.335079, -123.7049, [160, 161], CHUNK, ['T', 'S'], VKLTPLCVTLNCNNVTNNNTD-------------------------------------DMRGEMKN----CSFNM-T-TE--LRD-KK-QKV-YALF-YKLDVVPINENQGNRSNNS------------------------------------------NTSYRLI---NCNTSAI-T---QA, 0.1518, 1
0.343798, -102.3622, [169, 174], CHUNK, ['S', 'V'], VKLTPLCVTLNCNNVTNNNTD-------------------------------------DMRGEMKN----CSFNM-T-TE--LRD-KK-QKV-YALF-YKLDVVPINENQGNRSNNS------------------------------------------NTSYRLI---SCNTSVI-T---QA, 0.3724, 1
0.354048, -56.1175, [74, 79], CHUNK, ['I', 'N'], VKLTPLCVTLNCNNVTNNNTD-------------------------------------DMRGEMKN----CSFNI-T-TN--LRD-KK-QKV-YALF-YKLDVVPINENQGNRSNNS------------------------------------------NTSYRLI---SCNTSVI-T---QA, 0.5353, 0
0.344192, -104.1853, 18, POINT, T, VKLTPLCVTLNCNNVTNNTTD-------------------------------------DMRGEMKN----CSFNM-T-TE--LRD-KK-QKV-YALF-YKLDVVPINENQGNRSNNS------------------------------------------NTSYRLI---SCNTSVI-T---QA, 0.3884, 0
0.349856, -100.9749, [91], CHUNK, ['E'], VKLTPLCVTLNCNNVTNNNTD-------------------------------------DMRGEMKN----CSFNM-T-TE--LRD-KK-QKE-YALF-YKLDVVPINENQGNRSNNS------------------------------------------NTSYRLI---SCNTSVI-T---QA, 0.3724, 0
0.354048, -83.4425, [74, 79], CHUNK, ['I', 'N'], VKLTPLCVTLNCNNVTNNNTD-------------------------------------DMRGEMKN----CSFNI-T-TN--LRD-KK-QKV-YALF-YKLDVVPINENQGNRSNNS------------------------------------------NTSYRLI---SCNTSVI-T---QA, 0.4418, 0
0.344475, -124.5816, 12, POINT, T, VKLTPLCVTLNCTNVTNNNTD-------------------------------------DMRGEMKN----CSFNM-T-TE--LRD-KK-QKV-YALF-YKLDVVPINENQGNRSNNS------------------------------------------NTSYRLI---NCNTSAI-T---QA, 0.1518, 1
0.345518, -124.9730, 59, POINT, E, VKLTPLCVTLNCTNVTNNNTD-------------------------------------DERGEMKN----CSFNM-T-TE--LRD-KK-QKV-YALF-YKLDVVPINENQGNRSNNS------------------------------------------NTSYRLI---NCNTSAI-T---QA, 0.1518, 1
0.355767, -54.6904, [74, 79], CHUNK, ['I', 'N'], VKLTPLCVTLNCTNVTNNNTD-------------------------------------DERGEMKN----CSFNI-T-TN--LRD-KK-QKV-YALF-YKLDVVPINENQGNRSNNS------------------------------------------NTSYRLI---NCNTSAI-T---QA, 0.3654, 0
0.352800, -102.9207, [174], CHUNK, ['V'], VKLTPLCVTLNCTNVTNNNTD-------------------------------------DERGEMKN----CSFNM-T-TE--LRD-KK-QKV-YALF-YKLDVVPINENQGNRSNNS------------------------------------------NTSYRLI---NCNTSVI-T---QA, 0.3125, 0
0.355953, -81.0457, 74, POINT, I, VKLTPLCVTLNCTNVTNNNTD-------------------------------------DERGEMKN----CSFNI-T-TE--LRD-KK-QKV-YALF-YKLDVVPINENQGNRSNNS------------------------------------------NTSYRLI---NCNTSAI-T---QA, 0.2280, 0
0.348401, -122.1332, 58, POINT, T, VKLTPLCVTLNCTNVTNNNTD-------------------------------------TERGEMKN----CSFNM-T-TE--LRD-KK-QKV-YALF-YKLDVVPINENQGNRSNNS------------------------------------------NTSYRLI---NCNTSAI-T---QA, 0.1518, 0
0.344678, -124.8746, 18, POINT, T, VKLTPLCVTLNCTNVTNNTTD-------------------------------------DMRGEMKN----CSFNM-T-TE--LRD-KK-QKV-YALF-YKLDVVPINENQGNRSNNS------------------------------------------NTSYRLI---NCNTSAI-T---QA, 0.1474, 0
0.348505, -126.0317, 110, POINT, N, VKLTPLCVTLNCTNVTNNNTD-------------------------------------DMRGEMKN----CSFNM-T-TE--LRD-KK-QKV-YALF-YKLDVVPINENQNNRSNNS------------------------------------------NTSYRLI---NCNTSAI-T---QA, 0.1532, 1
0.358940, -74.2382, [74], CHUNK, ['I'], VKLTPLCVTLNCTNVTNNNTD-------------------------------------DMRGEMKN----CSFNI-T-TE--LRD-KK-QKV-YALF-YKLDVVPINENQNNRSNNS------------------------------------------NTSYRLI---NCNTSAI-T---QA, 0.3536, 0
0.358940, -83.2269, [74], CHUNK, ['I'], VKLTPLCVTLNCTNVTNNNTD-------------------------------------DMRGEMKN----CSFNI-T-TE--LRD-KK-QKV-YALF-YKLDVVPINENQNNRSNNS------------------------------------------NTSYRLI---NCNTSAI-T---QA, 0.4617, 0
0.358940, -79.6192, 74, POINT, I, VKLTPLCVTLNCTNVTNNNTD-------------------------------------DMRGEMKN----CSFNI-T-TE--LRD-KK-QKV-YALF-YKLDVVPINENQNNRSNNS------------------------------------------NTSYRLI---NCNTSAI-T---QA, 0.3557, 0
0.362500, 13.7773, [74, 79, 82], CHUNK, ['I', 'S', 'I'], VKLTPLCVTLNCTNVTNNNTD-------------------------------------DMRGEMKN----CSFNI-T-TS--IRD-KK-QKV-YALF-YKLDVVPINENQNNRSNNS------------------------------------------NTSYRLI---NCNTSAI-T---QA, 0.3416, 0
0.346273, -123.6329, 58, POINT, S, VKLTPLCVTLNCTNVTNNNTD-------------------------------------SMRGEMKN----CSFNM-T-TE--LRD-KK-QKV-YALF-YKLDVVPINENQGNRSNNS------------------------------------------NTSYRLI---NCNTSAI-T---QA, 0.1518, 1
0.350101, -123.7477, 107, POINT, N, VKLTPLCVTLNCTNVTNNNTD-------------------------------------SMRGEMKN----CSFNM-T-TE--LRD-KK-QKV-YALF-YKLDVVPINNNQGNRSNNS------------------------------------------NTSYRLI---NCNTSAI-T---QA, 0.1518, 1
0.351774, -14.1822, 82, POINT, I, VKLTPLCVTLNCTNVTNNNTD-------------------------------------SMRGEMKN----CSFNM-T-TE--IRD-KK-QKV-YALF-YKLDVVPINNNQGNRSNNS------------------------------------------NTSYRLI---NCNTSAI-T---QA, 0.3450, 0
0.350486, -123.6915, 106, POINT, D, VKLTPLCVTLNCTNVTNNNTD-------------------------------------SMRGEMKN----CSFNM-T-TE--LRD-KK-QKV-YALF-YKLDVVPIDNNQGNRSNNS------------------------------------------NTSYRLI---NCNTSAI-T---QA, 0.1518, 0
0.353274, -124.1345, 20, POINT, N, VKLTPLCVTLNCTNVTNNNTN-------------------------------------SMRGEMKN----CSFNM-T-TE--LRD-KK-QKV-YALF-YKLDVVPINNNQGNRSNNS------------------------------------------NTSYRLI---NCNTSAI-T---QA, 0.1518, 1
0.354947, -10.4935, 82, POINT, I, VKLTPLCVTLNCTNVTNNNTN-------------------------------------SMRGEMKN----CSFNM-T-TE--IRD-KK-QKV-YALF-YKLDVVPINNNQGNRSNNS------------------------------------------NTSYRLI---NCNTSAI-T---QA, 0.1934, 0
0.361994, -99.3288, [169, 174], CHUNK, ['S', 'V'], VKLTPLCVTLNCTNVTNNNTN-------------------------------------SMRGEMKN----CSFNM-T-TE--LRD-KK-QKV-YALF-YKLDVVPINNNQGNRSNNS------------------------------------------NTSYRLI---SCNTSVI-T---QA, 0.4107, 0
0.361994, -95.5857, [169, 174], CHUNK, ['S', 'V'], VKLTPLCVTLNCTNVTNNNTN-------------------------------------SMRGEMKN----CSFNM-T-TE--LRD-KK-QKV-YALF-YKLDVVPINNNQGNRSNNS------------------------------------------NTSYRLI---SCNTSVI-T---QA, 0.2477, 0
0.363710, -101.8173, [74], CHUNK, ['I'], VKLTPLCVTLNCTNVTNNNTN-------------------------------------SMRGEMKN----CSFNI-T-TE--LRD-KK-QKV-YALF-YKLDVVPINNNQGNRSNNS------------------------------------------NTSYRLI---NCNTSAI-T---QA, 0.2373, 0
0.354599, -120.6756, 20, POINT, T, VKLTPLCVTLNCTNVTNNNTT-------------------------------------SMRGEMKN----CSFNM-T-TE--LRD-KK-QKV-YALF-YKLDVVPINNNQGNRSNNS------------------------------------------NTSYRLI---NCNTSAI-T---QA, 0.1491, 1
0.359411, -104.9356, 74, POINT, V, VKLTPLCVTLNCTNVTNNNTT-------------------------------------SMRGEMKN----CSFNV-T-TE--LRD-KK-QKV-YALF-YKLDVVPINNNQGNRSNNS------------------------------------------NTSYRLI---NCNTSAI-T---QA, 0.3291, 0
0.360657, -119.1167, [91], CHUNK, ['E'], VKLTPLCVTLNCTNVTNNNTT-------------------------------------SMRGEMKN----CSFNM-T-TE--LRD-KK-QKE-YALF-YKLDVVPINNNQGNRSNNS------------------------------------------NTSYRLI---NCNTSAI-T---QA, 0.1491, 0
0.365034, -94.5342, [74], CHUNK, ['I'], VKLTPLCVTLNCTNVTNNNTT-------------------------------------SMRGEMKN----CSFNI-T-TE--LRD-KK-QKV-YALF-YKLDVVPINNNQGNRSNNS------------------------------------------NTSYRLI---NCNTSAI-T---QA, 0.6401, 1
0.373754, -76.1709, [169, 174], CHUNK, ['S', 'V'], VKLTPLCVTLNCTNVTNNNTT-------------------------------------SMRGEMKN----CSFNI-T-TE--LRD-KK-QKV-YALF-YKLDVVPINNNQGNRSNNS------------------------------------------NTSYRLI---SCNTSVI-T---QA, 1.1444, 0
0.370936, -97.1383, 63, POINT, I, VKLTPLCVTLNCTNVTNNNTT-------------------------------------SMRGEIKN----CSFNI-T-TE--LRD-KK-QKV-YALF-YKLDVVPINNNQGNRSNNS------------------------------------------NTSYRLI---NCNTSAI-T---QA, 0.6557, 1
0.378218, -82.1202, [174], CHUNK, ['V'], VKLTPLCVTLNCTNVTNNNTT-------------------------------------SMRGEIKN----CSFNI-T-TE--LRD-KK-QKV-YALF-YKLDVVPINNNQGNRSNNS------------------------------------------NTSYRLI---NCNTSVI-T---QA, 0.5964, 0
0.378218, -82.8922, [174], CHUNK, ['V'], VKLTPLCVTLNCTNVTNNNTT-------------------------------------SMRGEIKN----CSFNI-T-TE--LRD-KK-QKV-YALF-YKLDVVPINNNQGNRSNNS------------------------------------------NTSYRLI---NCNTSVI-T---QA, 0.6217, 0
0.378218, -87.9288, 174, POINT, V, VKLTPLCVTLNCTNVTNNNTT-------------------------------------SMRGEIKN----CSFNI-T-TE--LRD-KK-QKV-YALF-YKLDVVPINNNQGNRSNNS------------------------------------------NTSYRLI---NCNTSVI-T---QA, 0.5678, 0
0.378218, -82.1548, [174], CHUNK, ['V'], VKLTPLCVTLNCTNVTNNNTT-------------------------------------SMRGEIKN----CSFNI-T-TE--LRD-KK-QKV-YALF-YKLDVVPINNNQGNRSNNS------------------------------------------NTSYRLI---NCNTSVI-T---QA, 0.7097, 0
0.372316, -86.9704, [174], CHUNK, ['V'], VKLTPLCVTLNCTNVTNNNTT-------------------------------------SMRGEMKN----CSFNI-T-TE--LRD-KK-QKV-YALF-YKLDVVPINNNQGNRSNNS------------------------------------------NTSYRLI---NCNTSVI-T---QA, 0.8662, 0
0.372316, -80.2111, [174], CHUNK, ['V'], VKLTPLCVTLNCTNVTNNNTT-------------------------------------SMRGEMKN----CSFNI-T-TE--LRD-KK-QKV-YALF-YKLDVVPINNNQGNRSNNS------------------------------------------NTSYRLI---NCNTSVI-T---QA, 0.7944, 0
0.366633, -99.6742, 58, POINT, N, VKLTPLCVTLNCTNVTNNNTT-------------------------------------NMRGEMKN----CSFNI-T-TE--LRD-KK-QKV-YALF-YKLDVVPINNNQGNRSNNS------------------------------------------NTSYRLI---NCNTSAI-T---QA, 0.5351, 0
0.372316, -82.3563, [174], CHUNK, ['V'], VKLTPLCVTLNCTNVTNNNTT-------------------------------------SMRGEMKN----CSFNI-T-TE--LRD-KK-QKV-YALF-YKLDVVPINNNQGNRSNNS------------------------------------------NTSYRLI---NCNTSVI-T---QA, 0.6821, 0
0.356768, -116.9859, 174, POINT, T, VKLTPLCVTLNCTNVTNNNTT-------------------------------------SMRGEMKN----CSFNM-T-TE--LRD-KK-QKV-YALF-YKLDVVPINNNQGNRSNNS------------------------------------------NTSYRLI---NCNTSTI-T---QA, 0.1654, 0
0.360657, -119.1167, 91, POINT, E, VKLTPLCVTLNCTNVTNNNTT-------------------------------------SMRGEMKN----CSFNM-T-TE--LRD-KK-QKE-YALF-YKLDVVPINNNQGNRSNNS------------------------------------------NTSYRLI---NCNTSAI-T---QA, 0.1491, 0
0.359751, -118.3097, [87, 89, 91], CHUNK, ['V', 'K', 'E'], VKLTPLCVTLNCTNVTNNNTT-------------------------------------SMRGEMKN----CSFNM-T-TE--LRD-KV-KKE-YALF-YKLDVVPINNNQGNRSNNS------------------------------------------NTSYRLI---NCNTSAI-T---QA, 0.1491, 0
0.361881, -100.4425, [174], CHUNK, ['V'], VKLTPLCVTLNCTNVTNNNTT-------------------------------------SMRGEMKN----CSFNM-T-TE--LRD-KK-QKV-YALF-YKLDVVPINNNQGNRSNNS------------------------------------------NTSYRLI---NCNTSVI-T---QA, 0.3282, 0
0.350191, -123.8882, 108, POINT, T, VKLTPLCVTLNCTNVTNNNTD-------------------------------------SMRGEMKN----CSFNM-T-TE--LRD-KK-QKV-YALF-YKLDVVPINNTQGNRSNNS------------------------------------------NTSYRLI---NCNTSAI-T---QA, 0.1518, 1
0.353541, -124.3937, 59, POINT, N, VKLTPLCVTLNCTNVTNNNTD-------------------------------------SNRGEMKN----CSFNM-T-TE--LRD-KK-QKV-YALF-YKLDVVPINNTQGNRSNNS------------------------------------------NTSYRLI---NCNTSAI-T---QA, 0.1564, 0
0.360627, -99.6700, [74], CHUNK, ['I'], VKLTPLCVTLNCTNVTNNNTD-------------------------------------SMRGEMKN----CSFNI-T-TE--LRD-KK-QKV-YALF-YKLDVVPINNTQGNRSNNS------------------------------------------NTSYRLI---NCNTSAI-T---QA, 0.3028, 0
0.360627, -69.6401, [74], CHUNK, ['I'], VKLTPLCVTLNCTNVTNNNTD-------------------------------------SMRGEMKN----CSFNI-T-TE--LRD-KK-QKV-YALF-YKLDVVPINNTQGNRSNNS------------------------------------------NTSYRLI---NCNTSAI-T---QA, 0.3923, 0
0.355003, -100.3923, 74, POINT, V, VKLTPLCVTLNCTNVTNNNTD-------------------------------------SMRGEMKN----CSFNV-T-TE--LRD-KK-QKV-YALF-YKLDVVPINNTQGNRSNNS------------------------------------------NTSYRLI---NCNTSAI-T---QA, 0.3791, 0
0.360537, -81.8220, [74], CHUNK, ['I'], VKLTPLCVTLNCTNVTNNNTD-------------------------------------SMRGEMKN----CSFNI-T-TE--LRD-KK-QKV-YALF-YKLDVVPINNNQGNRSNNS------------------------------------------NTSYRLI---NCNTSAI-T---QA, 0.4318, 0
0.360537, -105.5582, 74, POINT, I, VKLTPLCVTLNCTNVTNNNTD-------------------------------------SMRGEMKN----CSFNI-T-TE--LRD-KK-QKV-YALF-YKLDVVPINNNQGNRSNNS------------------------------------------NTSYRLI---NCNTSAI-T---QA, 0.2083, 0
0.360351, -95.8730, [74, 79], CHUNK, ['I', 'N'], VKLTPLCVTLNCTNVTNNNTD-------------------------------------SMRGEMKN----CSFNI-T-TN--LRD-KK-QKV-YALF-YKLDVVPINNNQGNRSNNS------------------------------------------NTSYRLI---NCNTSAI-T---QA, 0.3979, 0
0.356159, -122.4625, 91, POINT, E, VKLTPLCVTLNCTNVTNNNTD-------------------------------------SMRGEMKN----CSFNM-T-TE--LRD-KK-QKE-YALF-YKLDVVPINNNQGNRSNNS------------------------------------------NTSYRLI---NCNTSAI-T---QA, 0.1616, 0
0.354993, -104.8754, [169, 174], CHUNK, ['S', 'V'], VKLTPLCVTLNCTNVTNNNTD-------------------------------------SMRGEMKN----CSFNM-T-TE--LRD-KK-QKV-YALF-YKLDVVPINENQGNRSNNS------------------------------------------NTSYRLI---SCNTSVI-T---QA, 0.4472, 0
0.353555, -104.4074, 174, POINT, V, VKLTPLCVTLNCTNVTNNNTD-------------------------------------SMRGEMKN----CSFNM-T-TE--LRD-KK-QKV-YALF-YKLDVVPINENQGNRSNNS------------------------------------------NTSYRLI---NCNTSVI-T---QA, 0.3055, 0
0.356708, -85.2397, [74], CHUNK, ['I'], VKLTPLCVTLNCTNVTNNNTD-------------------------------------SMRGEMKN----CSFNI-T-TE--LRD-KK-QKV-YALF-YKLDVVPINENQGNRSNNS------------------------------------------NTSYRLI---NCNTSAI-T---QA, 0.2925, 0
0.352331, -122.7965, 91, POINT, E, VKLTPLCVTLNCTNVTNNNTD-------------------------------------SMRGEMKN----CSFNM-T-TE--LRD-KK-QKE-YALF-YKLDVVPINENQGNRSNNS------------------------------------------NTSYRLI---NCNTSAI-T---QA, 0.1474, 0
