Name base = V1V2_70_exp_9_2_ni
Iters = 70
Soft coverage = 0.284621885725
Energy = -131.76813997
Hard Covereage = 0.0368019545157
Num epitopes = 65
Initial seq = VKLTPLCVTLQCTNVTNNITD-------------------------------------DMRGELKN----CSFNM-T-TE--LRD-KK-QKV-YSLF-YRLDVVQINENQGNRSNNS------------------------------------------NKEYRLI---NCNTSAI-T---QA
-------START OF DATA------
0.286791, -129.7391, 174, POINT, T, VKLTPLCVTLQCTNVTNNITD-------------------------------------DMRGELKN----CSFNM-T-TE--LRD-KK-QKV-YSLF-YRLDVVQINENQGNRSNNS------------------------------------------NKEYRLI---NCNTSTI-T---QA, 0.0000, 1
0.310458, -129.6439, 10, POINT, N, VKLTPLCVTLNCTNVTNNITD-------------------------------------DMRGELKN----CSFNM-T-TE--LRD-KK-QKV-YSLF-YRLDVVQINENQGNRSNNS------------------------------------------NKEYRLI---NCNTSTI-T---QA, 0.0000, 0
0.310458, -129.6710, [10], CHUNK, ['N'], VKLTPLCVTLNCTNVTNNITD-------------------------------------DMRGELKN----CSFNM-T-TE--LRD-KK-QKV-YSLF-YRLDVVQINENQGNRSNNS------------------------------------------NKEYRLI---NCNTSTI-T---QA, 0.0051, 0
0.291874, -129.1629, 160, POINT, T, VKLTPLCVTLQCTNVTNNITD-------------------------------------DMRGELKN----CSFNM-T-TE--LRD-KK-QKV-YSLF-YRLDVVQINENQGNRSNNS------------------------------------------NTEYRLI---NCNTSTI-T---QA, 0.0000, 1
0.299145, -127.0534, 63, POINT, I, VKLTPLCVTLQCTNVTNNITD-------------------------------------DMRGEIKN----CSFNM-T-TE--LRD-KK-QKV-YSLF-YRLDVVQINENQGNRSNNS------------------------------------------NTEYRLI---NCNTSTI-T---QA, 0.0000, 1
0.303789, -111.2645, 74, POINT, V, VKLTPLCVTLQCTNVTNNITD-------------------------------------DMRGEIKN----CSFNV-T-TE--LRD-KK-QKV-YSLF-YRLDVVQINENQGNRSNNS------------------------------------------NTEYRLI---NCNTSTI-T---QA, 0.3971, 0
0.311940, -93.5026, [10, 13, 14, 15, 16], CHUNK, ['N', 'D', 'Y', 'V', 'K'], VKLTPLCVTLNCTDYVKNITD-------------------------------------DMRGEIKN----CSFNM-T-TE--LRD-KK-QKV-YSLF-YRLDVVQINENQGNRSNNS------------------------------------------NTEYRLI---NCNTSTI-T---QA, 0.3742, 0
0.310538, -88.4212, 74, POINT, I, VKLTPLCVTLQCTNVTNNITD-------------------------------------DMRGEIKN----CSFNI-T-TE--LRD-KK-QKV-YSLF-YRLDVVQINENQGNRSNNS------------------------------------------NTEYRLI---NCNTSTI-T---QA, 0.5141, 0
0.306169, -126.7423, 161, POINT, S, VKLTPLCVTLQCTNVTNNITD-------------------------------------DMRGEIKN----CSFNM-T-TE--LRD-KK-QKV-YSLF-YRLDVVQINENQGNRSNNS------------------------------------------NTSYRLI---NCNTSTI-T---QA, 0.0000, 0
0.296492, -127.5442, 99, POINT, K, VKLTPLCVTLQCTNVTNNITD-------------------------------------DMRGELKN----CSFNM-T-TE--LRD-KK-QKV-YSLF-YKLDVVQINENQGNRSNNS------------------------------------------NTEYRLI---NCNTSTI-T---QA, 0.0333, 1
0.298810, -126.0288, 91, POINT, E, VKLTPLCVTLQCTNVTNNITD-------------------------------------DMRGELKN----CSFNM-T-TE--LRD-KK-QKE-YSLF-YKLDVVQINENQGNRSNNS------------------------------------------NTEYRLI---NCNTSTI-T---QA, 0.0333, 1
0.301114, -123.9067, 63, POINT, M, VKLTPLCVTLQCTNVTNNITD-------------------------------------DMRGEMKN----CSFNM-T-TE--LRD-KK-QKE-YSLF-YKLDVVQINENQGNRSNNS------------------------------------------NTEYRLI---NCNTSTI-T---QA, 0.0333, 0
0.313398, -125.8588, [87, 94], CHUNK, ['V', 'A'], VKLTPLCVTLQCTNVTNNITD-------------------------------------DMRGELKN----CSFNM-T-TE--LRD-KV-QKE-YALF-YKLDVVQINENQGNRSNNS------------------------------------------NTEYRLI---NCNTSTI-T---QA, 0.0958, 1
0.330934, -99.1421, [10, 13, 14, 15, 17, 18], CHUNK, ['N', 'D', 'Y', 'N', 'T', 'A'], VKLTPLCVTLNCTDYNNTATD-------------------------------------DMRGELKN----CSFNM-T-TE--LRD-KV-QKE-YALF-YKLDVVQINENQGNRSNNS------------------------------------------NTEYRLI---NCNTSTI-T---QA, 0.6244, 0
0.337065, -125.8271, [10], CHUNK, ['N'], VKLTPLCVTLNCTNVTNNITD-------------------------------------DMRGELKN----CSFNM-T-TE--LRD-KV-QKE-YALF-YKLDVVQINENQGNRSNNS------------------------------------------NTEYRLI---NCNTSTI-T---QA, 0.1131, 1
0.341488, -126.3876, 104, POINT, P, VKLTPLCVTLNCTNVTNNITD-------------------------------------DMRGELKN----CSFNM-T-TE--LRD-KV-QKE-YALF-YKLDVVPINENQGNRSNNS------------------------------------------NTEYRLI---NCNTSTI-T---QA, 0.1134, 0
0.348214, -113.1327, [74, 79], CHUNK, ['I', 'N'], VKLTPLCVTLNCTNVTNNITD-------------------------------------DMRGELKN----CSFNI-T-TN--LRD-KV-QKE-YALF-YKLDVVQINENQGNRSNNS------------------------------------------NTEYRLI---NCNTSTI-T---QA, 0.2887, 0
0.342178, -109.5379, [174], CHUNK, ['V'], VKLTPLCVTLNCTNVTNNITD-------------------------------------DMRGELKN----CSFNM-T-TE--LRD-KV-QKE-YALF-YKLDVVQINENQGNRSNNS------------------------------------------NTEYRLI---NCNTSVI-T---QA, 0.2343, 0
0.342178, -110.2707, 174, POINT, V, VKLTPLCVTLNCTNVTNNITD-------------------------------------DMRGELKN----CSFNM-T-TE--LRD-KV-QKE-YALF-YKLDVVQINENQGNRSNNS------------------------------------------NTEYRLI---NCNTSVI-T---QA, 0.5377, 0
0.324547, -111.2242, [74, 79], CHUNK, ['I', 'N'], VKLTPLCVTLQCTNVTNNITD-------------------------------------DMRGELKN----CSFNI-T-TN--LRD-KV-QKE-YALF-YKLDVVQINENQGNRSNNS------------------------------------------NTEYRLI---NCNTSTI-T---QA, 0.1773, 0
0.320669, -123.6571, 63, POINT, I, VKLTPLCVTLQCTNVTNNITD-------------------------------------DMRGEIKN----CSFNM-T-TE--LRD-KV-QKE-YALF-YKLDVVQINENQGNRSNNS------------------------------------------NTEYRLI---NCNTSTI-T---QA, 0.0958, 0
0.317821, -126.2053, 104, POINT, P, VKLTPLCVTLQCTNVTNNITD-------------------------------------DMRGELKN----CSFNM-T-TE--LRD-KV-QKE-YALF-YKLDVVPINENQGNRSNNS------------------------------------------NTEYRLI---NCNTSTI-T---QA, 0.1114, 1
0.332072, -125.3577, [10, 12], CHUNK, ['N', 'S'], VKLTPLCVTLNCSNVTNNITD-------------------------------------DMRGELKN----CSFNM-T-TE--LRD-KV-QKE-YALF-YKLDVVPINENQGNRSNNS------------------------------------------NTEYRLI---NCNTSTI-T---QA, 0.1114, 1
0.334131, -123.8075, 18, POINT, T, VKLTPLCVTLNCSNVTNNTTD-------------------------------------DMRGELKN----CSFNM-T-TE--LRD-KV-QKE-YALF-YKLDVVPINENQGNRSNNS------------------------------------------NTEYRLI---NCNTSTI-T---QA, 0.1114, 0
0.339343, -123.6764, 63, POINT, I, VKLTPLCVTLNCSNVTNNITD-------------------------------------DMRGEIKN----CSFNM-T-TE--LRD-KV-QKE-YALF-YKLDVVPINENQGNRSNNS------------------------------------------NTEYRLI---NCNTSTI-T---QA, 0.1096, 1
0.346366, -123.2657, [161], CHUNK, ['S'], VKLTPLCVTLNCSNVTNNITD-------------------------------------DMRGEIKN----CSFNM-T-TE--LRD-KV-QKE-YALF-YKLDVVPINENQGNRSNNS------------------------------------------NTSYRLI---NCNTSTI-T---QA, 0.1096, 1
0.357812, -113.6247, [74], CHUNK, ['I'], VKLTPLCVTLNCSNVTNNITD-------------------------------------DMRGEIKN----CSFNI-T-TE--LRD-KV-QKE-YALF-YKLDVVPINENQGNRSNNS------------------------------------------NTSYRLI---NCNTSTI-T---QA, 0.3008, 0
0.348663, -123.6535, 20, POINT, N, VKLTPLCVTLNCSNVTNNITN-------------------------------------DMRGEIKN----CSFNM-T-TE--LRD-KV-QKE-YALF-YKLDVVPINENQGNRSNNS------------------------------------------NTSYRLI---NCNTSTI-T---QA, 0.1096, 1
0.358127, -124.4616, [12], CHUNK, ['T'], VKLTPLCVTLNCTNVTNNITN-------------------------------------DMRGEIKN----CSFNM-T-TE--LRD-KV-QKE-YALF-YKLDVVPINENQGNRSNNS------------------------------------------NTSYRLI---NCNTSTI-T---QA, 0.0951, 0
0.352682, -121.2427, 74, POINT, T, VKLTPLCVTLNCSNVTNNITN-------------------------------------DMRGEIKN----CSFNT-T-TE--LRD-KV-QKE-YALF-YKLDVVPINENQGNRSNNS------------------------------------------NTSYRLI---NCNTSTI-T---QA, 0.1096, 0
0.353331, -115.0889, 74, POINT, V, VKLTPLCVTLNCSNVTNNITN-------------------------------------DMRGEIKN----CSFNV-T-TE--LRD-KV-QKE-YALF-YKLDVVPINENQGNRSNNS------------------------------------------NTSYRLI---NCNTSTI-T---QA, 0.3197, 0
0.355214, -107.1540, [169, 174], CHUNK, ['S', 'V'], VKLTPLCVTLNCSNVTNNITN-------------------------------------DMRGEIKN----CSFNM-T-TE--LRD-KV-QKE-YALF-YKLDVVPINENQGNRSNNS------------------------------------------NTSYRLI---SCNTSVI-T---QA, 0.2689, 0
0.355783, -124.0217, [12], CHUNK, ['T'], VKLTPLCVTLNCTNVTNNITD-------------------------------------DMRGEIKN----CSFNM-T-TE--LRD-KV-QKE-YALF-YKLDVVPINENQGNRSNNS------------------------------------------NTSYRLI---NCNTSTI-T---QA, 0.1096, 0
0.357812, -104.8173, [74], CHUNK, ['I'], VKLTPLCVTLNCSNVTNNITD-------------------------------------DMRGEIKN----CSFNI-T-TE--LRD-KV-QKE-YALF-YKLDVVPINENQGNRSNNS------------------------------------------NTSYRLI---NCNTSTI-T---QA, 0.5545, 0
0.350194, -123.4425, 107, POINT, N, VKLTPLCVTLNCSNVTNNITD-------------------------------------DMRGEIKN----CSFNM-T-TE--LRD-KV-QKE-YALF-YKLDVVPINNNQGNRSNNS------------------------------------------NTSYRLI---NCNTSTI-T---QA, 0.1106, 1
0.361640, -112.1096, 74, POINT, I, VKLTPLCVTLNCSNVTNNITD-------------------------------------DMRGEIKN----CSFNI-T-TE--LRD-KV-QKE-YALF-YKLDVVPINNNQGNRSNNS------------------------------------------NTSYRLI---NCNTSTI-T---QA, 0.1681, 0
0.361640, -117.5904, 74, POINT, I, VKLTPLCVTLNCSNVTNNITD-------------------------------------DMRGEIKN----CSFNI-T-TE--LRD-KV-QKE-YALF-YKLDVVPINNNQGNRSNNS------------------------------------------NTSYRLI---NCNTSTI-T---QA, 0.0801, 0
0.355308, -100.0915, [174], CHUNK, ['V'], VKLTPLCVTLNCSNVTNNITD-------------------------------------DMRGEIKN----CSFNM-T-TE--LRD-KV-QKE-YALF-YKLDVVPINNNQGNRSNNS------------------------------------------NTSYRLI---NCNTSVI-T---QA, 0.4019, 0
0.351863, -122.5029, 58, POINT, S, VKLTPLCVTLNCSNVTNNITD-------------------------------------SMRGEIKN----CSFNM-T-TE--LRD-KV-QKE-YALF-YKLDVVPINNNQGNRSNNS------------------------------------------NTSYRLI---NCNTSTI-T---QA, 0.1106, 0
0.357812, -110.9938, [74], CHUNK, ['I'], VKLTPLCVTLNCSNVTNNITD-------------------------------------DMRGEIKN----CSFNI-T-TE--LRD-KV-QKE-YALF-YKLDVVPINENQGNRSNNS------------------------------------------NTSYRLI---NCNTSTI-T---QA, 0.3021, 0
0.358936, -115.7955, [74, 79], CHUNK, ['I', 'N'], VKLTPLCVTLNCSNVTNNITD-------------------------------------DMRGEIKN----CSFNI-T-TN--LRD-KV-QKE-YALF-YKLDVVPINENQGNRSNNS------------------------------------------NTSYRLI---NCNTSTI-T---QA, 0.2176, 0
0.349548, -26.2985, 82, POINT, I, VKLTPLCVTLNCSNVTNNITD-------------------------------------DMRGEIKN----CSFNM-T-TE--IRD-KV-QKE-YALF-YKLDVVPINENQGNRSNNS------------------------------------------NTSYRLI---NCNTSTI-T---QA, 0.2124, 0
0.357812, -111.4806, [74], CHUNK, ['I'], VKLTPLCVTLNCSNVTNNITD-------------------------------------DMRGEIKN----CSFNI-T-TE--LRD-KV-QKE-YALF-YKLDVVPINENQGNRSNNS------------------------------------------NTSYRLI---NCNTSTI-T---QA, 0.2458, 0
0.341028, -124.1858, 161, POINT, N, VKLTPLCVTLNCSNVTNNITD-------------------------------------DMRGEIKN----CSFNM-T-TE--LRD-KV-QKE-YALF-YKLDVVPINENQGNRSNNS------------------------------------------NTNYRLI---NCNTSTI-T---QA, 0.1096, 0
0.339548, -123.6580, 12, POINT, N, VKLTPLCVTLNCNNVTNNITD-------------------------------------DMRGEIKN----CSFNM-T-TE--LRD-KV-QKE-YALF-YKLDVVPINENQGNRSNNS------------------------------------------NTEYRLI---NCNTSTI-T---QA, 0.1300, 0
0.344456, -102.8069, [174], CHUNK, ['V'], VKLTPLCVTLNCSNVTNNITD-------------------------------------DMRGEIKN----CSFNM-T-TE--LRD-KV-QKE-YALF-YKLDVVPINENQGNRSNNS------------------------------------------NTEYRLI---NCNTSVI-T---QA, 0.1995, 0
0.346366, -123.3682, [161], CHUNK, ['S'], VKLTPLCVTLNCSNVTNNITD-------------------------------------DMRGEIKN----CSFNM-T-TE--LRD-KV-QKE-YALF-YKLDVVPINENQGNRSNNS------------------------------------------NTSYRLI---NCNTSTI-T---QA, 0.1417, 1
0.349124, -120.0921, 20, POINT, T, VKLTPLCVTLNCSNVTNNITT-------------------------------------DMRGEIKN----CSFNM-T-TE--LRD-KV-QKE-YALF-YKLDVVPINENQGNRSNNS------------------------------------------NTSYRLI---NCNTSTI-T---QA, 0.1417, 0
0.357812, -115.3486, [74], CHUNK, ['I'], VKLTPLCVTLNCSNVTNNITD-------------------------------------DMRGEIKN----CSFNI-T-TE--LRD-KV-QKE-YALF-YKLDVVPINENQGNRSNNS------------------------------------------NTSYRLI---NCNTSTI-T---QA, 0.2774, 0
0.346717, -123.2642, 59, POINT, D, VKLTPLCVTLNCSNVTNNITD-------------------------------------DDRGEIKN----CSFNM-T-TE--LRD-KV-QKE-YALF-YKLDVVPINENQGNRSNNS------------------------------------------NTSYRLI---NCNTSTI-T---QA, 0.1417, 0
0.355783, -124.1224, [12], CHUNK, ['T'], VKLTPLCVTLNCTNVTNNITD-------------------------------------DMRGEIKN----CSFNM-T-TE--LRD-KV-QKE-YALF-YKLDVVPINENQGNRSNNS------------------------------------------NTSYRLI---NCNTSTI-T---QA, 0.1417, 0
0.341697, -120.8486, 58, POINT, T, VKLTPLCVTLNCSNVTNNITD-------------------------------------TMRGEIKN----CSFNM-T-TE--LRD-KV-QKE-YALF-YKLDVVPINENQGNRSNNS------------------------------------------NTEYRLI---NCNTSTI-T---QA, 0.1096, 1
0.342658, -120.8364, 107, POINT, D, VKLTPLCVTLNCSNVTNNITD-------------------------------------TMRGEIKN----CSFNM-T-TE--LRD-KV-QKE-YALF-YKLDVVPINDNQGNRSNNS------------------------------------------NTEYRLI---NCNTSTI-T---QA, 0.1096, 0
0.353486, -80.1203, [12, 14, 15, 16, 17, 18], CHUNK, ['T', 'L', 'N', 'T', 'T', 'N'], VKLTPLCVTLNCTNLNTTNTD-------------------------------------TMRGEIKN----CSFNM-T-TE--LRD-KV-QKE-YALF-YKLDVVPINENQGNRSNNS------------------------------------------NTEYRLI---NCNTSTI-T---QA, 0.3175, 0
0.344879, -54.5297, 82, POINT, I, VKLTPLCVTLNCSNVTNNITD-------------------------------------TMRGEIKN----CSFNM-T-TE--IRD-KV-QKE-YALF-YKLDVVPINENQGNRSNNS------------------------------------------NTEYRLI---NCNTSTI-T---QA, 0.2064, 0
0.351113, -121.6663, 12, POINT, T, VKLTPLCVTLNCTNVTNNITD-------------------------------------TMRGEIKN----CSFNM-T-TE--LRD-KV-QKE-YALF-YKLDVVPINENQGNRSNNS------------------------------------------NTEYRLI---NCNTSTI-T---QA, 0.1334, 0
0.341397, -122.2443, 18, POINT, T, VKLTPLCVTLNCSNVTNNTTD-------------------------------------DMRGEIKN----CSFNM-T-TE--LRD-KV-QKE-YALF-YKLDVVPINENQGNRSNNS------------------------------------------NTEYRLI---NCNTSTI-T---QA, 0.1216, 1
0.344370, -119.0614, 20, POINT, T, VKLTPLCVTLNCSNVTNNTTT-------------------------------------DMRGEIKN----CSFNM-T-TE--LRD-KV-QKE-YALF-YKLDVVPINENQGNRSNNS------------------------------------------NTEYRLI---NCNTSTI-T---QA, 0.1237, 0
0.352842, -111.4210, [74], CHUNK, ['I'], VKLTPLCVTLNCSNVTNNTTD-------------------------------------DMRGEIKN----CSFNI-T-TE--LRD-KV-QKE-YALF-YKLDVVPINENQGNRSNNS------------------------------------------NTEYRLI---NCNTSTI-T---QA, 0.3148, 0
0.346064, -114.3828, 74, POINT, V, VKLTPLCVTLNCSNVTNNTTD-------------------------------------DMRGEIKN----CSFNV-T-TE--LRD-KV-QKE-YALF-YKLDVVPINENQGNRSNNS------------------------------------------NTEYRLI---NCNTSTI-T---QA, 0.1449, 0
0.344637, -121.2282, 109, POINT, S, VKLTPLCVTLNCSNVTNNTTD-------------------------------------DMRGEIKN----CSFNM-T-TE--LRD-KV-QKE-YALF-YKLDVVPINENSGNRSNNS------------------------------------------NTEYRLI---NCNTSTI-T---QA, 0.1216, 0
0.350788, -107.4548, [74], CHUNK, ['I'], VKLTPLCVTLNCSNVTNNITD-------------------------------------DMRGEIKN----CSFNI-T-TE--LRD-KV-QKE-YALF-YKLDVVPINENQGNRSNNS------------------------------------------NTEYRLI---NCNTSTI-T---QA, 0.2863, 0
0.343362, -121.2656, 74, POINT, T, VKLTPLCVTLNCSNVTNNITD-------------------------------------DMRGEIKN----CSFNT-T-TE--LRD-KV-QKE-YALF-YKLDVVPINENQGNRSNNS------------------------------------------NTEYRLI---NCNTSTI-T---QA, 0.1096, 1
0.348690, -121.1582, [12, 15, 16], CHUNK, ['T', 'N', 'L'], VKLTPLCVTLNCTNVNLNITD-------------------------------------DMRGEIKN----CSFNT-T-TE--LRD-KV-QKE-YALF-YKLDVVPINENQGNRSNNS------------------------------------------NTEYRLI---NCNTSTI-T---QA, 0.1096, 0
0.352778, -122.0216, [12], CHUNK, ['T'], VKLTPLCVTLNCTNVTNNITD-------------------------------------DMRGEIKN----CSFNT-T-TE--LRD-KV-QKE-YALF-YKLDVVPINENQGNRSNNS------------------------------------------NTEYRLI---NCNTSTI-T---QA, 0.1096, 0
0.350385, -120.9961, [161], CHUNK, ['S'], VKLTPLCVTLNCSNVTNNITD-------------------------------------DMRGEIKN----CSFNT-T-TE--LRD-KV-QKE-YALF-YKLDVVPINENQGNRSNNS------------------------------------------NTSYRLI---NCNTSTI-T---QA, 0.1127, 0
0.351912, -116.9872, [74, 79], CHUNK, ['I', 'N'], VKLTPLCVTLNCSNVTNNITD-------------------------------------DMRGEIKN----CSFNI-T-TN--LRD-KV-QKE-YALF-YKLDVVPINENQGNRSNNS------------------------------------------NTEYRLI---NCNTSTI-T---QA, 0.0798, 1
0.359291, -115.7118, [12, 16, 18], CHUNK, ['T', 'V', 'T'], VKLTPLCVTLNCTNVTVNTTD-------------------------------------DMRGEIKN----CSFNI-T-TN--LRD-KV-QKE-YALF-YKLDVVPINENQGNRSNNS------------------------------------------NTEYRLI---NCNTSTI-T---QA, 0.0779, 0
0.359452, 3.5175, [82], CHUNK, ['I'], VKLTPLCVTLNCSNVTNNITD-------------------------------------DMRGEIKN----CSFNI-T-TN--IRD-KV-QKE-YALF-YKLDVVPINENQGNRSNNS------------------------------------------NTEYRLI---NCNTSTI-T---QA, 0.0958, 0
0.357661, -2.5086, [79, 82], CHUNK, ['S', 'I'], VKLTPLCVTLNCSNVTNNITD-------------------------------------DMRGEIKN----CSFNI-T-TS--IRD-KV-QKE-YALF-YKLDVVPINENQGNRSNNS------------------------------------------NTEYRLI---NCNTSTI-T---QA, 0.1749, 0
------END OF DATA------
Best coverage = 0.35191192768
Best sequence = VKLTPLCVTLNCSNVTNNITD-------------------------------------DMRGEIKN----CSFNI-T-TN--LRD-KV-QKE-YALF-YKLDVVPINENQGNRSNNS------------------------------------------NTEYRLI---NCNTSTI-T---QA
Best energy = -116.987247718
Best RMSD = 0.0798167139292
Hard Covereage = 0.0811882267896
Num epitopes = 67
