Name base = V1V2_200_exp_1_3_ni
Iters = 200
Soft coverage = 0.284621885725
Energy = -131.914415098
Hard Covereage = 0.0368019545157
Num epitopes = 65
Initial seq = VKLTPLCVTLQCTNVTNNITD-------------------------------------DMRGELKN----CSFNM-T-TE--LRD-KK-QKV-YSLF-YRLDVVQINENQGNRSNNS------------------------------------------NKEYRLI---NCNTSAI-T---QA
-------START OF DATA------
0.308289, -131.8241, [10], CHUNK, ['N'], VKLTPLCVTLNCTNVTNNITD-------------------------------------DMRGELKN----CSFNM-T-TE--LRD-KK-QKV-YSLF-YRLDVVQINENQGNRSNNS------------------------------------------NKEYRLI---NCNTSAI-T---QA, 0.0000, 1
0.315560, -130.0972, [63], CHUNK, ['I'], VKLTPLCVTLNCTNVTNNITD-------------------------------------DMRGEIKN----CSFNM-T-TE--LRD-KK-QKV-YSLF-YRLDVVQINENQGNRSNNS------------------------------------------NKEYRLI---NCNTSAI-T---QA, 0.0000, 1
0.322842, -109.2460, [174], CHUNK, ['V'], VKLTPLCVTLNCTNVTNNITD-------------------------------------DMRGEIKN----CSFNM-T-TE--LRD-KK-QKV-YSLF-YRLDVVQINENQGNRSNNS------------------------------------------NKEYRLI---NCNTSVI-T---QA, 0.2598, 0
0.323941, -130.2736, [94], CHUNK, ['A'], VKLTPLCVTLNCTNVTNNITD-------------------------------------DMRGEIKN----CSFNM-T-TE--LRD-KK-QKV-YALF-YRLDVVQINENQGNRSNNS------------------------------------------NKEYRLI---NCNTSAI-T---QA, 0.0000, 1
0.328708, -129.9155, [109], CHUNK, ['N'], VKLTPLCVTLNCTNVTNNITD-------------------------------------DMRGEIKN----CSFNM-T-TE--LRD-KK-QKV-YALF-YRLDVVQINENNGNRSNNS------------------------------------------NKEYRLI---NCNTSAI-T---QA, 0.0000, 1
0.332920, -129.1155, [161], CHUNK, ['S'], VKLTPLCVTLNCTNVTNNITD-------------------------------------DMRGEIKN----CSFNM-T-TE--LRD-KK-QKV-YALF-YRLDVVQINENNGNRSNNS------------------------------------------NKSYRLI---NCNTSAI-T---QA, 0.0000, 1
0.333639, -128.6172, [58], CHUNK, ['E'], VKLTPLCVTLNCTNVTNNITD-------------------------------------EMRGEIKN----CSFNM-T-TE--LRD-KK-QKV-YALF-YRLDVVQINENNGNRSNNS------------------------------------------NKSYRLI---NCNTSAI-T---QA, 0.0000, 1
0.345031, -84.7333, 74, POINT, I, VKLTPLCVTLNCTNVTNNITD-------------------------------------EMRGEIKN----CSFNI-T-TE--LRD-KK-QKV-YALF-YRLDVVQINENNGNRSNNS------------------------------------------NKSYRLI---NCNTSAI-T---QA, 0.2184, 0
0.345031, -83.8453, [74], CHUNK, ['I'], VKLTPLCVTLNCTNVTNNITD-------------------------------------EMRGEIKN----CSFNI-T-TE--LRD-KK-QKV-YALF-YRLDVVQINENNGNRSNNS------------------------------------------NKSYRLI---NCNTSAI-T---QA, 0.5782, 0
0.337602, -128.9300, [104], CHUNK, ['P'], VKLTPLCVTLNCTNVTNNITD-------------------------------------EMRGEIKN----CSFNM-T-TE--LRD-KK-QKV-YALF-YRLDVVPINENNGNRSNNS------------------------------------------NKSYRLI---NCNTSAI-T---QA, 0.0149, 1
0.338572, -129.1939, 16, POINT, T, VKLTPLCVTLNCTNVTTNITD-------------------------------------EMRGEIKN----CSFNM-T-TE--LRD-KK-QKV-YALF-YRLDVVPINENNGNRSNNS------------------------------------------NKSYRLI---NCNTSAI-T---QA, 0.0149, 1
0.340741, -127.2191, [174], CHUNK, ['T'], VKLTPLCVTLNCTNVTTNITD-------------------------------------EMRGEIKN----CSFNM-T-TE--LRD-KK-QKV-YALF-YRLDVVPINENNGNRSNNS------------------------------------------NKSYRLI---NCNTSTI-T---QA, 0.0149, 1
0.343411, -128.0330, [58], CHUNK, ['N'], VKLTPLCVTLNCTNVTTNITD-------------------------------------NMRGEIKN----CSFNM-T-TE--LRD-KK-QKV-YALF-YRLDVVPINENNGNRSNNS------------------------------------------NKSYRLI---NCNTSTI-T---QA, 0.0149, 0
0.352133, -99.6598, 74, POINT, I, VKLTPLCVTLNCTNVTTNITD-------------------------------------EMRGEIKN----CSFNI-T-TE--LRD-KK-QKV-YALF-YRLDVVPINENNGNRSNNS------------------------------------------NKSYRLI---NCNTSTI-T---QA, 0.5620, 0
0.344548, -127.0452, 160, POINT, N, VKLTPLCVTLNCTNVTTNITD-------------------------------------EMRGEIKN----CSFNM-T-TE--LRD-KK-QKV-YALF-YRLDVVPINENNGNRSNNS------------------------------------------NNSYRLI---NCNTSTI-T---QA, 0.0149, 0
0.352133, -102.3519, [74], CHUNK, ['I'], VKLTPLCVTLNCTNVTTNITD-------------------------------------EMRGEIKN----CSFNI-T-TE--LRD-KK-QKV-YALF-YRLDVVPINENNGNRSNNS------------------------------------------NKSYRLI---NCNTSTI-T---QA, 0.2688, 0
0.346467, -129.0976, [160], CHUNK, ['T'], VKLTPLCVTLNCTNVTTNITD-------------------------------------EMRGEIKN----CSFNM-T-TE--LRD-KK-QKV-YALF-YRLDVVPINENNGNRSNNS------------------------------------------NTSYRLI---NCNTSAI-T---QA, 0.0149, 1
0.353946, -127.4144, [99], CHUNK, ['K'], VKLTPLCVTLNCTNVTTNITD-------------------------------------EMRGEIKN----CSFNM-T-TE--LRD-KK-QKV-YALF-YKLDVVPINENNGNRSNNS------------------------------------------NTSYRLI---NCNTSAI-T---QA, 0.0244, 1
0.355875, -125.2246, 60, POINT, K, VKLTPLCVTLNCTNVTTNITD-------------------------------------EMKGEIKN----CSFNM-T-TE--LRD-KK-QKV-YALF-YKLDVVPINENNGNRSNNS------------------------------------------NTSYRLI---NCNTSAI-T---QA, 0.0244, 0
0.354301, -127.2653, [107], CHUNK, ['K'], VKLTPLCVTLNCTNVTTNITD-------------------------------------EMRGEIKN----CSFNM-T-TE--LRD-KK-QKV-YALF-YKLDVVPINKNNGNRSNNS------------------------------------------NTSYRLI---NCNTSAI-T---QA, 0.0244, 0
0.358340, -128.9391, [110], CHUNK, ['N'], VKLTPLCVTLNCTNVTTNITD-------------------------------------EMRGEIKN----CSFNM-T-TE--LRD-KK-QKV-YALF-YKLDVVPINENNNNRSNNS------------------------------------------NTSYRLI---NCNTSAI-T---QA, 0.0244, 1
0.358654, -127.7481, [110], CHUNK, ['T'], VKLTPLCVTLNCTNVTTNITD-------------------------------------EMRGEIKN----CSFNM-T-TE--LRD-KK-QKV-YALF-YKLDVVPINENNTNRSNNS------------------------------------------NTSYRLI---NCNTSAI-T---QA, 0.0244, 1
0.359907, -125.3937, 18, POINT, N, VKLTPLCVTLNCTNVTTNNTD-------------------------------------EMRGEIKN----CSFNM-T-TE--LRD-KK-QKV-YALF-YKLDVVPINENNTNRSNNS------------------------------------------NTSYRLI---NCNTSAI-T---QA, 0.0244, 0
0.370047, -82.2578, [74], CHUNK, ['I'], VKLTPLCVTLNCTNVTTNITD-------------------------------------EMRGEIKN----CSFNI-T-TE--LRD-KK-QKV-YALF-YKLDVVPINENNTNRSNNS------------------------------------------NTSYRLI---NCNTSAI-T---QA, 0.1753, 0
0.362727, -123.4372, [74], CHUNK, ['T'], VKLTPLCVTLNCTNVTTNITD-------------------------------------EMRGEIKN----CSFNT-T-TE--LRD-KK-QKV-YALF-YKLDVVPINENNTNRSNNS------------------------------------------NTSYRLI---NCNTSAI-T---QA, 0.0244, 0
0.359480, -127.9548, [59], CHUNK, ['E'], VKLTPLCVTLNCTNVTTNITD-------------------------------------EERGEIKN----CSFNM-T-TE--LRD-KK-QKV-YALF-YKLDVVPINENNTNRSNNS------------------------------------------NTSYRLI---NCNTSAI-T---QA, 0.0244, 1
0.361751, -125.7650, 60, POINT, K, VKLTPLCVTLNCTNVTTNITD-------------------------------------EEKGEIKN----CSFNM-T-TE--LRD-KK-QKV-YALF-YKLDVVPINENNTNRSNNS------------------------------------------NTSYRLI---NCNTSAI-T---QA, 0.0244, 1
0.363472, -126.2075, 20, POINT, N, VKLTPLCVTLNCTNVTTNITN-------------------------------------EEKGEIKN----CSFNM-T-TE--LRD-KK-QKV-YALF-YKLDVVPINENNTNRSNNS------------------------------------------NTSYRLI---NCNTSAI-T---QA, 0.0244, 0
0.365823, -121.4541, 74, POINT, T, VKLTPLCVTLNCTNVTTNITD-------------------------------------EEKGEIKN----CSFNT-T-TE--LRD-KK-QKV-YALF-YKLDVVPINENNTNRSNNS------------------------------------------NTSYRLI---NCNTSAI-T---QA, 0.0244, 1
0.367159, -121.4024, 107, POINT, D, VKLTPLCVTLNCTNVTTNITD-------------------------------------EEKGEIKN----CSFNT-T-TE--LRD-KK-QKV-YALF-YKLDVVPINDNNTNRSNNS------------------------------------------NTSYRLI---NCNTSAI-T---QA, 0.0244, 0
0.367781, -120.9840, [116], CHUNK, ['T'], VKLTPLCVTLNCTNVTTNITD-------------------------------------EEKGEIKN----CSFNT-T-TE--LRD-KK-QKV-YALF-YKLDVVPINENNTNRSNNT------------------------------------------NTSYRLI---NCNTSAI-T---QA, 0.0244, 0
0.371881, -121.1248, [91], CHUNK, ['E'], VKLTPLCVTLNCTNVTTNITD-------------------------------------EEKGEIKN----CSFNT-T-TE--LRD-KK-QKE-YALF-YKLDVVPINENNTNRSNNS------------------------------------------NTSYRLI---NCNTSAI-T---QA, 0.0244, 0
0.368194, -118.3376, [20], CHUNK, ['T'], VKLTPLCVTLNCTNVTTNITT-------------------------------------EEKGEIKN----CSFNT-T-TE--LRD-KK-QKV-YALF-YKLDVVPINENNTNRSNNS------------------------------------------NTSYRLI---NCNTSAI-T---QA, 0.0244, 0
0.369033, -107.5108, [174], CHUNK, ['V'], VKLTPLCVTLNCTNVTTNITD-------------------------------------EEKGEIKN----CSFNM-T-TE--LRD-KK-QKV-YALF-YKLDVVPINENNTNRSNNS------------------------------------------NTSYRLI---NCNTSVI-T---QA, 0.3376, 0
0.373144, -83.4696, 74, POINT, I, VKLTPLCVTLNCTNVTTNITD-------------------------------------EEKGEIKN----CSFNI-T-TE--LRD-KK-QKV-YALF-YKLDVVPINENNTNRSNNS------------------------------------------NTSYRLI---NCNTSAI-T---QA, 0.4285, 0
0.363423, -3.9100, [82], CHUNK, ['I'], VKLTPLCVTLNCTNVTTNITD-------------------------------------EEKGEIKN----CSFNM-T-TE--IRD-KK-QKV-YALF-YKLDVVPINENNTNRSNNS------------------------------------------NTSYRLI---NCNTSAI-T---QA, 0.1133, 0
0.363472, -126.2075, [20], CHUNK, ['N'], VKLTPLCVTLNCTNVTTNITN-------------------------------------EEKGEIKN----CSFNM-T-TE--LRD-KK-QKV-YALF-YKLDVVPINENNTNRSNNS------------------------------------------NTSYRLI---NCNTSAI-T---QA, 0.0244, 0
0.359826, -126.7910, 107, POINT, G, VKLTPLCVTLNCTNVTTNITD-------------------------------------EERGEIKN----CSFNM-T-TE--LRD-KK-QKV-YALF-YKLDVVPINGNNTNRSNNS------------------------------------------NTSYRLI---NCNTSAI-T---QA, 0.0244, 1
0.361498, -27.9839, [82], CHUNK, ['I'], VKLTPLCVTLNCTNVTTNITD-------------------------------------EERGEIKN----CSFNM-T-TE--IRD-KK-QKV-YALF-YKLDVVPINGNNTNRSNNS------------------------------------------NTSYRLI---NCNTSAI-T---QA, 0.4015, 0
0.367108, -104.0038, 174, POINT, V, VKLTPLCVTLNCTNVTTNITD-------------------------------------EERGEIKN----CSFNM-T-TE--LRD-KK-QKV-YALF-YKLDVVPINGNNTNRSNNS------------------------------------------NTSYRLI---NCNTSVI-T---QA, 0.2028, 0
0.361268, -125.0595, 18, POINT, N, VKLTPLCVTLNCTNVTTNNTD-------------------------------------EERGEIKN----CSFNM-T-TE--LRD-KK-QKV-YALF-YKLDVVPINGNNTNRSNNS------------------------------------------NTSYRLI---NCNTSAI-T---QA, 0.0244, 0
0.371219, -87.0039, [74], CHUNK, ['I'], VKLTPLCVTLNCTNVTTNITD-------------------------------------EERGEIKN----CSFNI-T-TE--LRD-KK-QKV-YALF-YKLDVVPINGNNTNRSNNS------------------------------------------NTSYRLI---NCNTSAI-T---QA, 0.4111, 0
0.365538, -126.4895, [91], CHUNK, ['E'], VKLTPLCVTLNCTNVTTNITD-------------------------------------EERGEIKN----CSFNM-T-TE--LRD-KK-QKE-YALF-YKLDVVPINENNTNRSNNS------------------------------------------NTSYRLI---NCNTSAI-T---QA, 0.0322, 1
0.367701, -8.1178, 82, POINT, I, VKLTPLCVTLNCTNVTTNITD-------------------------------------EERGEIKN----CSFNM-T-TE--IRD-KK-QKE-YALF-YKLDVVPINENNTNRSNNS------------------------------------------NTSYRLI---NCNTSAI-T---QA, 0.0982, 0
0.367701, -9.6081, 82, POINT, I, VKLTPLCVTLNCTNVTTNITD-------------------------------------EERGEIKN----CSFNM-T-TE--IRD-KK-QKE-YALF-YKLDVVPINENNTNRSNNS------------------------------------------NTSYRLI---NCNTSAI-T---QA, 0.1484, 0
0.365855, -126.2465, 112, POINT, K, VKLTPLCVTLNCTNVTTNITD-------------------------------------EERGEIKN----CSFNM-T-TE--LRD-KK-QKE-YALF-YKLDVVPINENNTNKSNNS------------------------------------------NTSYRLI---NCNTSAI-T---QA, 0.0322, 1
0.377248, -114.0078, 74, POINT, I, VKLTPLCVTLNCTNVTTNITD-------------------------------------EERGEIKN----CSFNI-T-TE--LRD-KK-QKE-YALF-YKLDVVPINENNTNKSNNS------------------------------------------NTSYRLI---NCNTSAI-T---QA, 0.1579, 0
0.367298, -124.5150, 18, POINT, N, VKLTPLCVTLNCTNVTTNNTD-------------------------------------EERGEIKN----CSFNM-T-TE--LRD-KK-QKE-YALF-YKLDVVPINENNTNKSNNS------------------------------------------NTSYRLI---NCNTSAI-T---QA, 0.0322, 0
0.367776, -123.9185, [58], CHUNK, ['T'], VKLTPLCVTLNCTNVTTNITD-------------------------------------TERGEIKN----CSFNM-T-TE--LRD-KK-QKE-YALF-YKLDVVPINENNTNKSNNS------------------------------------------NTSYRLI---NCNTSAI-T---QA, 0.0322, 0
0.370675, -126.3179, 107, POINT, N, VKLTPLCVTLNCTNVTTNITD-------------------------------------EERGEIKN----CSFNM-T-TE--LRD-KK-QKE-YALF-YKLDVVPINNNNTNKSNNS------------------------------------------NTSYRLI---NCNTSAI-T---QA, 0.0322, 1
0.372844, -124.2984, 174, POINT, T, VKLTPLCVTLNCTNVTTNITD-------------------------------------EERGEIKN----CSFNM-T-TE--LRD-KK-QKE-YALF-YKLDVVPINNNNTNKSNNS------------------------------------------NTSYRLI---NCNTSTI-T---QA, 0.0322, 1
0.373232, -123.9107, [59], CHUNK, ['I'], VKLTPLCVTLNCTNVTTNITD-------------------------------------EIRGEIKN----CSFNM-T-TE--LRD-KK-QKE-YALF-YKLDVVPINNNNTNKSNNS------------------------------------------NTSYRLI---NCNTSTI-T---QA, 0.0322, 1
0.375919, -121.8153, [14], CHUNK, ['N'], VKLTPLCVTLNCTNNTTNITD-------------------------------------EIRGEIKN----CSFNM-T-TE--LRD-KK-QKE-YALF-YKLDVVPINNNNTNKSNNS------------------------------------------NTSYRLI---NCNTSTI-T---QA, 0.0322, 0
0.373308, -121.4633, [60], CHUNK, ['S'], VKLTPLCVTLNCTNVTTNITD-------------------------------------EISGEIKN----CSFNM-T-TE--LRD-KK-QKE-YALF-YKLDVVPINNNNTNKSNNS------------------------------------------NTSYRLI---NCNTSTI-T---QA, 0.0567, 1
0.384701, -109.8276, [74], CHUNK, ['I'], VKLTPLCVTLNCTNVTTNITD-------------------------------------EISGEIKN----CSFNI-T-TE--LRD-KK-QKE-YALF-YKLDVVPINNNNTNKSNNS------------------------------------------NTSYRLI---NCNTSTI-T---QA, 0.2917, 0
0.373623, -121.5396, 106, POINT, D, VKLTPLCVTLNCTNVTTNITD-------------------------------------EISGEIKN----CSFNM-T-TE--LRD-KK-QKE-YALF-YKLDVVPIDNNNTNKSNNS------------------------------------------NTSYRLI---NCNTSTI-T---QA, 0.0521, 0
0.378421, -107.0951, [174], CHUNK, ['V'], VKLTPLCVTLNCTNVTTNITD-------------------------------------EISGEIKN----CSFNM-T-TE--LRD-KK-QKE-YALF-YKLDVVPINNNNTNKSNNS------------------------------------------NTSYRLI---NCNTSVI-T---QA, 0.2317, 0
0.375471, -2.1576, 82, POINT, I, VKLTPLCVTLNCTNVTTNITD-------------------------------------EISGEIKN----CSFNM-T-TE--IRD-KK-QKE-YALF-YKLDVVPINNNNTNKSNNS------------------------------------------NTSYRLI---NCNTSTI-T---QA, 0.1923, 0
0.376711, -120.7556, [20], CHUNK, ['T'], VKLTPLCVTLNCTNVTTNITT-------------------------------------EIRGEIKN----CSFNM-T-TE--LRD-KK-QKE-YALF-YKLDVVPINNNNTNKSNNS------------------------------------------NTSYRLI---NCNTSTI-T---QA, 0.0322, 0
0.375394, -12.2596, [82], CHUNK, ['I'], VKLTPLCVTLNCTNVTTNITD-------------------------------------EIRGEIKN----CSFNM-T-TE--IRD-KK-QKE-YALF-YKLDVVPINNNNTNKSNNS------------------------------------------NTSYRLI---NCNTSTI-T---QA, 0.2337, 0
0.374489, -121.7706, [18], CHUNK, ['N'], VKLTPLCVTLNCTNVTTNNTD-------------------------------------EIRGEIKN----CSFNM-T-TE--LRD-KK-QKE-YALF-YKLDVVPINNNNTNKSNNS------------------------------------------NTSYRLI---NCNTSTI-T---QA, 0.0322, 0
0.375042, -121.7237, [60], CHUNK, ['K'], VKLTPLCVTLNCTNVTTNITD-------------------------------------EIKGEIKN----CSFNM-T-TE--LRD-KK-QKE-YALF-YKLDVVPINNNNTNKSNNS------------------------------------------NTSYRLI---NCNTSTI-T---QA, 0.0322, 0
0.378206, -125.1779, [112], CHUNK, ['N'], VKLTPLCVTLNCTNVTTNITD-------------------------------------EERGEIKN----CSFNM-T-TE--LRD-KK-QKE-YALF-YKLDVVPINNNNTNNSNNS------------------------------------------NTSYRLI---NCNTSTI-T---QA, 0.0322, 1
0.379359, -125.3359, 58, POINT, K, VKLTPLCVTLNCTNVTTNITD-------------------------------------KERGEIKN----CSFNM-T-TE--LRD-KK-QKE-YALF-YKLDVVPINNNNTNNSNNS------------------------------------------NTSYRLI---NCNTSTI-T---QA, 0.0340, 0
0.381091, -122.1641, 20, POINT, T, VKLTPLCVTLNCTNVTTNITT-------------------------------------EERGEIKN----CSFNM-T-TE--LRD-KK-QKE-YALF-YKLDVVPINNNNTNNSNNS------------------------------------------NTSYRLI---NCNTSTI-T---QA, 0.0643, 1
0.384006, -122.9636, 58, POINT, N, VKLTPLCVTLNCTNVTTNITT-------------------------------------NERGEIKN----CSFNM-T-TE--LRD-KK-QKE-YALF-YKLDVVPINNNNTNNSNNS------------------------------------------NTSYRLI---NCNTSTI-T---QA, 0.0643, 0
0.386205, -105.9564, 174, POINT, V, VKLTPLCVTLNCTNVTTNITT-------------------------------------EERGEIKN----CSFNM-T-TE--LRD-KK-QKE-YALF-YKLDVVPINNNNTNNSNNS------------------------------------------NTSYRLI---NCNTSVI-T---QA, 0.3001, 0
0.382847, -119.9741, [60], CHUNK, ['K'], VKLTPLCVTLNCTNVTTNITT-------------------------------------EEKGEIKN----CSFNM-T-TE--LRD-KK-QKE-YALF-YKLDVVPINNNNTNNSNNS------------------------------------------NTSYRLI---NCNTSTI-T---QA, 0.0643, 0
0.392484, -113.5614, [74], CHUNK, ['I'], VKLTPLCVTLNCTNVTTNITT-------------------------------------EERGEIKN----CSFNI-T-TE--LRD-KK-QKE-YALF-YKLDVVPINNNNTNNSNNS------------------------------------------NTSYRLI---NCNTSTI-T---QA, 0.1837, 0
0.380917, -123.0825, [14], CHUNK, ['N'], VKLTPLCVTLNCTNNTTNITD-------------------------------------EERGEIKN----CSFNM-T-TE--LRD-KK-QKE-YALF-YKLDVVPINNNNTNNSNNS------------------------------------------NTSYRLI---NCNTSTI-T---QA, 0.0322, 0
0.379648, -123.4463, 18, POINT, N, VKLTPLCVTLNCTNVTTNNTD-------------------------------------EERGEIKN----CSFNM-T-TE--LRD-KK-QKE-YALF-YKLDVVPINNNNTNNSNNS------------------------------------------NTSYRLI---NCNTSTI-T---QA, 0.0322, 1
0.383736, -120.3107, 20, POINT, T, VKLTPLCVTLNCTNVTTNNTT-------------------------------------EERGEIKN----CSFNM-T-TE--LRD-KK-QKE-YALF-YKLDVVPINNNNTNNSNNS------------------------------------------NTSYRLI---NCNTSTI-T---QA, 0.0322, 0
0.379929, -122.9190, 87, POINT, V, VKLTPLCVTLNCTNVTTNNTD-------------------------------------EERGEIKN----CSFNM-T-TE--LRD-KV-QKE-YALF-YKLDVVPINNNNTNNSNNS------------------------------------------NTSYRLI---NCNTSTI-T---QA, 0.0322, 0
0.383720, -120.4054, [74], CHUNK, ['T'], VKLTPLCVTLNCTNVTTNNTD-------------------------------------EERGEIKN----CSFNT-T-TE--LRD-KK-QKE-YALF-YKLDVVPINNNNTNNSNNS------------------------------------------NTSYRLI---NCNTSTI-T---QA, 0.0322, 1
0.384772, -121.4202, [113], CHUNK, ['N'], VKLTPLCVTLNCTNVTTNNTD-------------------------------------EERGEIKN----CSFNT-T-TE--LRD-KK-QKE-YALF-YKLDVVPINNNNTNNNNNS------------------------------------------NTSYRLI---NCNTSTI-T---QA, 0.0322, 0
0.386200, -120.8532, 20, POINT, N, VKLTPLCVTLNCTNVTTNNTN-------------------------------------EERGEIKN----CSFNT-T-TE--LRD-KK-QKE-YALF-YKLDVVPINNNNTNNSNNS------------------------------------------NTSYRLI---NCNTSTI-T---QA, 0.0322, 1
0.387808, -117.2697, 20, POINT, T, VKLTPLCVTLNCTNVTTNNTT-------------------------------------EERGEIKN----CSFNT-T-TE--LRD-KK-QKE-YALF-YKLDVVPINNNNTNNSNNS------------------------------------------NTSYRLI---NCNTSTI-T---QA, 0.0322, 0
0.389225, -39.2491, 82, POINT, I, VKLTPLCVTLNCTNVTTNNTN-------------------------------------EERGEIKN----CSFNT-T-TE--IRD-KK-QKE-YALF-YKLDVVPINNNNTNNSNNS------------------------------------------NTSYRLI---NCNTSTI-T---QA, 0.1353, 0
0.393520, -115.4110, 74, POINT, I, VKLTPLCVTLNCTNVTTNNTN-------------------------------------EERGEIKN----CSFNI-T-TE--LRD-KK-QKE-YALF-YKLDVVPINNNNTNNSNNS------------------------------------------NTSYRLI---NCNTSTI-T---QA, 0.2343, 1
0.396586, -113.2337, 58, POINT, T, VKLTPLCVTLNCTNVTTNNTN-------------------------------------TERGEIKN----CSFNI-T-TE--LRD-KK-QKE-YALF-YKLDVVPINNNNTNNSNNS------------------------------------------NTSYRLI---NCNTSTI-T---QA, 0.1739, 0
0.393730, -115.1489, [16], CHUNK, ['N'], VKLTPLCVTLNCTNVTNNNTN-------------------------------------EERGEIKN----CSFNI-T-TE--LRD-KK-QKE-YALF-YKLDVVPINNNNTNNSNNS------------------------------------------NTSYRLI---NCNTSTI-T---QA, 0.2343, 0
0.393730, -116.1612, [16], CHUNK, ['N'], VKLTPLCVTLNCTNVTNNNTN-------------------------------------EERGEIKN----CSFNI-T-TE--LRD-KK-QKE-YALF-YKLDVVPINNNNTNNSNNS------------------------------------------NTSYRLI---NCNTSTI-T---QA, 0.2352, 0
0.395449, -114.8464, [116], CHUNK, ['N'], VKLTPLCVTLNCTNVTTNNTN-------------------------------------EERGEIKN----CSFNI-T-TE--LRD-KK-QKE-YALF-YKLDVVPINNNNTNNSNNN------------------------------------------NTSYRLI---NCNTSTI-T---QA, 0.2122, 1
0.400562, -98.8420, 174, POINT, V, VKLTPLCVTLNCTNVTTNNTN-------------------------------------EERGEIKN----CSFNI-T-TE--LRD-KK-QKE-YALF-YKLDVVPINNNNTNNSNNN------------------------------------------NTSYRLI---NCNTSVI-T---QA, 0.3981, 0
0.399238, 6.8940, 82, POINT, I, VKLTPLCVTLNCTNVTTNNTN-------------------------------------EERGEIKN----CSFNI-T-TE--IRD-KK-QKE-YALF-YKLDVVPINNNNTNNSNNN------------------------------------------NTSYRLI---NCNTSTI-T---QA, 0.1739, 0
0.397684, -112.6389, 60, POINT, K, VKLTPLCVTLNCTNVTTNNTN-------------------------------------EEKGEIKN----CSFNI-T-TE--LRD-KK-QKE-YALF-YKLDVVPINNNNTNNSNNN------------------------------------------NTSYRLI---NCNTSTI-T---QA, 0.2122, 0
0.397057, -111.2172, 20, POINT, T, VKLTPLCVTLNCTNVTTNNTT-------------------------------------EERGEIKN----CSFNI-T-TE--LRD-KK-QKE-YALF-YKLDVVPINNNNTNNSNNN------------------------------------------NTSYRLI---NCNTSTI-T---QA, 0.2122, 0
0.398634, -99.8071, [174], CHUNK, ['V'], VKLTPLCVTLNCTNVTTNNTN-------------------------------------EERGEIKN----CSFNI-T-TE--LRD-KK-QKE-YALF-YKLDVVPINNNNTNNSNNS------------------------------------------NTSYRLI---NCNTSVI-T---QA, 0.3905, 0
0.395615, -115.8263, [59], CHUNK, ['N'], VKLTPLCVTLNCTNVTTNNTN-------------------------------------ENRGEIKN----CSFNI-T-TE--LRD-KK-QKE-YALF-YKLDVVPINNNNTNNSNNS------------------------------------------NTSYRLI---NCNTSTI-T---QA, 0.2210, 0
0.395449, -114.7839, [116], CHUNK, ['N'], VKLTPLCVTLNCTNVTTNNTN-------------------------------------EERGEIKN----CSFNI-T-TE--LRD-KK-QKE-YALF-YKLDVVPINNNNTNNSNNN------------------------------------------NTSYRLI---NCNTSTI-T---QA, 0.2143, 0
0.393854, -114.8094, [87], CHUNK, ['V'], VKLTPLCVTLNCTNVTTNNTN-------------------------------------EERGEIKN----CSFNI-T-TE--LRD-KV-QKE-YALF-YKLDVVPINNNNTNNSNNS------------------------------------------NTSYRLI---NCNTSTI-T---QA, 0.2343, 1
0.398968, -106.5361, [174], CHUNK, ['V'], VKLTPLCVTLNCTNVTTNNTN-------------------------------------EERGEIKN----CSFNI-T-TE--LRD-KV-QKE-YALF-YKLDVVPINNNNTNNSNNS------------------------------------------NTSYRLI---NCNTSVI-T---QA, 0.4716, 0
0.397287, -113.3668, [14], CHUNK, ['N'], VKLTPLCVTLNCTNNTTNNTN-------------------------------------EERGEIKN----CSFNI-T-TE--LRD-KV-QKE-YALF-YKLDVVPINNNNTNNSNNS------------------------------------------NTSYRLI---NCNTSTI-T---QA, 0.2388, 0
0.395055, -114.2759, 59, POINT, S, VKLTPLCVTLNCTNVTTNNTN-------------------------------------ESRGEIKN----CSFNI-T-TE--LRD-KV-QKE-YALF-YKLDVVPINNNNTNNSNNS------------------------------------------NTSYRLI---NCNTSTI-T---QA, 0.2292, 0
0.394019, -114.6774, 106, POINT, D, VKLTPLCVTLNCTNVTTNNTN-------------------------------------EERGEIKN----CSFNI-T-TE--LRD-KV-QKE-YALF-YKLDVVPIDNNNTNNSNNS------------------------------------------NTSYRLI---NCNTSTI-T---QA, 0.2343, 0
0.395756, -113.2040, 60, POINT, K, VKLTPLCVTLNCTNVTTNNTN-------------------------------------EEKGEIKN----CSFNI-T-TE--LRD-KK-QKE-YALF-YKLDVVPINNNNTNNSNNS------------------------------------------NTSYRLI---NCNTSTI-T---QA, 0.2343, 0
0.396586, -113.1965, [58], CHUNK, ['T'], VKLTPLCVTLNCTNVTTNNTN-------------------------------------TERGEIKN----CSFNI-T-TE--LRD-KK-QKE-YALF-YKLDVVPINNNNTNNSNNS------------------------------------------NTSYRLI---NCNTSTI-T---QA, 0.2241, 0
0.394149, -109.3890, 60, POINT, I, VKLTPLCVTLNCTNVTTNNTN-------------------------------------EEIGEIKN----CSFNI-T-TE--LRD-KK-QKE-YALF-YKLDVVPINNNNTNNSNNS------------------------------------------NTSYRLI---NCNTSTI-T---QA, 0.2151, 0
0.393683, -113.1255, [58], CHUNK, ['I'], VKLTPLCVTLNCTNVTTNNTN-------------------------------------IERGEIKN----CSFNI-T-TE--LRD-KK-QKE-YALF-YKLDVVPINNNNTNNSNNS------------------------------------------NTSYRLI---NCNTSTI-T---QA, 0.1929, 0
0.393520, -111.8026, 74, POINT, I, VKLTPLCVTLNCTNVTTNNTN-------------------------------------EERGEIKN----CSFNI-T-TE--LRD-KK-QKE-YALF-YKLDVVPINNNNTNNSNNS------------------------------------------NTSYRLI---NCNTSTI-T---QA, 0.2091, 0
0.386428, -120.3261, 87, POINT, V, VKLTPLCVTLNCTNVTTNNTN-------------------------------------EERGEIKN----CSFNT-T-TE--LRD-KV-QKE-YALF-YKLDVVPINNNNTNNSNNS------------------------------------------NTSYRLI---NCNTSTI-T---QA, 0.0322, 1
0.388110, -120.3760, [58], CHUNK, ['S'], VKLTPLCVTLNCTNVTTNNTN-------------------------------------SERGEIKN----CSFNT-T-TE--LRD-KV-QKE-YALF-YKLDVVPINNNNTNNSNNS------------------------------------------NTSYRLI---NCNTSTI-T---QA, 0.0415, 0
0.393854, -114.6855, [74], CHUNK, ['I'], VKLTPLCVTLNCTNVTTNNTN-------------------------------------EERGEIKN----CSFNI-T-TE--LRD-KV-QKE-YALF-YKLDVVPINNNNTNNSNNS------------------------------------------NTSYRLI---NCNTSTI-T---QA, 0.1921, 0
0.388663, -118.6799, 60, POINT, K, VKLTPLCVTLNCTNVTTNNTN-------------------------------------EEKGEIKN----CSFNT-T-TE--LRD-KV-QKE-YALF-YKLDVVPINNNNTNNSNNS------------------------------------------NTSYRLI---NCNTSTI-T---QA, 0.0402, 0
0.390426, -2.3408, 82, POINT, I, VKLTPLCVTLNCTNVTTNNTN-------------------------------------EERGEIKN----CSFNT-T-TE--IRD-KV-QKE-YALF-YKLDVVPINNNNTNNSNNS------------------------------------------NTSYRLI---NCNTSTI-T---QA, 0.1938, 0
0.391313, -108.9373, 174, POINT, V, VKLTPLCVTLNCTNVTTNNTN-------------------------------------EERGEIKN----CSFNT-T-TE--LRD-KK-QKE-YALF-YKLDVVPINNNNTNNSNNS------------------------------------------NTSYRLI---NCNTSVI-T---QA, 0.3191, 0
0.386772, -113.1347, [74], CHUNK, ['V'], VKLTPLCVTLNCTNVTTNNTN-------------------------------------EERGEIKN----CSFNV-T-TE--LRD-KK-QKE-YALF-YKLDVVPINNNNTNNSNNS------------------------------------------NTSYRLI---NCNTSTI-T---QA, 0.3333, 0
0.391313, -104.2026, [174], CHUNK, ['V'], VKLTPLCVTLNCTNVTTNNTN-------------------------------------EERGEIKN----CSFNT-T-TE--LRD-KK-QKE-YALF-YKLDVVPINNNNTNNSNNS------------------------------------------NTSYRLI---NCNTSVI-T---QA, 0.2085, 0
0.386428, -120.4465, 87, POINT, V, VKLTPLCVTLNCTNVTTNNTN-------------------------------------EERGEIKN----CSFNT-T-TE--LRD-KV-QKE-YALF-YKLDVVPINNNNTNNSNNS------------------------------------------NTSYRLI---NCNTSTI-T---QA, 0.0353, 0
0.387808, -117.2703, [20], CHUNK, ['T'], VKLTPLCVTLNCTNVTTNNTT-------------------------------------EERGEIKN----CSFNT-T-TE--LRD-KK-QKE-YALF-YKLDVVPINNNNTNNSNNS------------------------------------------NTSYRLI---NCNTSTI-T---QA, 0.0344, 0
0.388833, -101.0623, 174, POINT, V, VKLTPLCVTLNCTNVTTNNTD-------------------------------------EERGEIKN----CSFNT-T-TE--LRD-KK-QKE-YALF-YKLDVVPINNNNTNNSNNS------------------------------------------NTSYRLI---NCNTSVI-T---QA, 0.2995, 0
0.388833, -97.5170, [174], CHUNK, ['V'], VKLTPLCVTLNCTNVTTNNTD-------------------------------------EERGEIKN----CSFNT-T-TE--LRD-KK-QKE-YALF-YKLDVVPINNNNTNNSNNS------------------------------------------NTSYRLI---NCNTSVI-T---QA, 0.5646, 0
0.384772, -121.4202, [113], CHUNK, ['N'], VKLTPLCVTLNCTNVTTNNTD-------------------------------------EERGEIKN----CSFNT-T-TE--LRD-KK-QKE-YALF-YKLDVVPINNNNTNNNNNS------------------------------------------NTSYRLI---NCNTSTI-T---QA, 0.0322, 0
0.379929, -123.0891, [87], CHUNK, ['V'], VKLTPLCVTLNCTNVTTNNTD-------------------------------------EERGEIKN----CSFNM-T-TE--LRD-KV-QKE-YALF-YKLDVVPINNNNTNNSNNS------------------------------------------NTSYRLI---NCNTSTI-T---QA, 0.0517, 0
0.380700, -124.5056, [113], CHUNK, ['N'], VKLTPLCVTLNCTNVTTNNTD-------------------------------------EERGEIKN----CSFNM-T-TE--LRD-KK-QKE-YALF-YKLDVVPINNNNTNNNNNS------------------------------------------NTSYRLI---NCNTSTI-T---QA, 0.0325, 0
0.383720, -120.4054, [74], CHUNK, ['T'], VKLTPLCVTLNCTNVTTNNTD-------------------------------------EERGEIKN----CSFNT-T-TE--LRD-KK-QKE-YALF-YKLDVVPINNNNTNNSNNS------------------------------------------NTSYRLI---NCNTSTI-T---QA, 0.0322, 0
0.382631, -121.3509, 14, POINT, N, VKLTPLCVTLNCTNNTTNNTD-------------------------------------EERGEIKN----CSFNM-T-TE--LRD-KK-QKE-YALF-YKLDVVPINNNNTNNSNNS------------------------------------------NTSYRLI---NCNTSTI-T---QA, 0.0322, 0
