Name base = V1V2_200_exp_9_9_ni
Iters = 200
Soft coverage = 0.284621885725
Energy = -130.199898144
Hard Covereage = 0.0368019545157
Num epitopes = 65
Initial seq = VKLTPLCVTLQCTNVTNNITD-------------------------------------DMRGELKN----CSFNM-T-TE--LRD-KK-QKV-YSLF-YRLDVVQINENQGNRSNNS------------------------------------------NKEYRLI---NCNTSAI-T---QA
-------START OF DATA------
0.293003, -130.5564, 94, POINT, A, VKLTPLCVTLQCTNVTNNITD-------------------------------------DMRGELKN----CSFNM-T-TE--LRD-KK-QKV-YALF-YRLDVVQINENQGNRSNNS------------------------------------------NKEYRLI---NCNTSAI-T---QA, 0.0911, 1
0.293115, -129.2086, 104, POINT, K, VKLTPLCVTLQCTNVTNNITD-------------------------------------DMRGELKN----CSFNM-T-TE--LRD-KK-QKV-YALF-YRLDVVKINENQGNRSNNS------------------------------------------NKEYRLI---NCNTSAI-T---QA, 0.0939, 1
0.316782, -129.4859, [10], CHUNK, ['N'], VKLTPLCVTLNCTNVTNNITD-------------------------------------DMRGELKN----CSFNM-T-TE--LRD-KK-QKV-YALF-YRLDVVKINENQGNRSNNS------------------------------------------NKEYRLI---NCNTSAI-T---QA, 0.0919, 1
0.318454, -29.2181, 82, POINT, I, VKLTPLCVTLNCTNVTNNITD-------------------------------------DMRGELKN----CSFNM-T-TE--IRD-KK-QKV-YALF-YRLDVVKINENQGNRSNNS------------------------------------------NKEYRLI---NCNTSAI-T---QA, 0.3126, 0
0.328888, -128.5985, [160, 161], CHUNK, ['T', 'S'], VKLTPLCVTLNCTNVTNNITD-------------------------------------DMRGELKN----CSFNM-T-TE--LRD-KK-QKV-YALF-YRLDVVKINENQGNRSNNS------------------------------------------NTSYRLI---NCNTSAI-T---QA, 0.0919, 1
0.331725, -125.3245, 20, POINT, T, VKLTPLCVTLNCTNVTNNITT-------------------------------------DMRGELKN----CSFNM-T-TE--LRD-KK-QKV-YALF-YRLDVVKINENQGNRSNNS------------------------------------------NTSYRLI---NCNTSAI-T---QA, 0.0919, 1
0.339913, -84.8836, [74, 79], CHUNK, ['I', 'S'], VKLTPLCVTLNCTNVTNNITT-------------------------------------DMRGELKN----CSFNI-T-TS--LRD-KK-QKV-YALF-YRLDVVKINENQGNRSNNS------------------------------------------NTSYRLI---NCNTSAI-T---QA, 0.4285, 0
0.341697, -79.5126, [74], CHUNK, ['I'], VKLTPLCVTLNCTNVTNNITT-------------------------------------DMRGELKN----CSFNI-T-TE--LRD-KK-QKV-YALF-YRLDVVKINENQGNRSNNS------------------------------------------NTSYRLI---NCNTSAI-T---QA, 0.3339, 0
0.345257, 19.5538, [74, 79, 82], CHUNK, ['I', 'S', 'I'], VKLTPLCVTLNCTNVTNNITT-------------------------------------DMRGELKN----CSFNI-T-TS--IRD-KK-QKV-YALF-YRLDVVKINENQGNRSNNS------------------------------------------NTSYRLI---NCNTSAI-T---QA, 0.4270, 0
0.342841, -124.9826, [99, 104], CHUNK, ['K', 'P'], VKLTPLCVTLNCTNVTNNITT-------------------------------------DMRGELKN----CSFNM-T-TE--LRD-KK-QKV-YALF-YKLDVVPINENQGNRSNNS------------------------------------------NTSYRLI---NCNTSAI-T---QA, 0.0919, 1
0.352813, -84.4480, 74, POINT, I, VKLTPLCVTLNCTNVTNNITT-------------------------------------DMRGELKN----CSFNI-T-TE--LRD-KK-QKV-YALF-YKLDVVPINENQGNRSNNS------------------------------------------NTSYRLI---NCNTSAI-T---QA, 0.3123, 0
0.352961, -121.5714, [59, 60, 63], CHUNK, ['E', 'K', 'I'], VKLTPLCVTLNCTNVTNNITT-------------------------------------DEKGEIKN----CSFNM-T-TE--LRD-KK-QKV-YALF-YKLDVVPINENQGNRSNNS------------------------------------------NTSYRLI---NCNTSAI-T---QA, 0.0949, 0
0.352410, -121.0163, [58, 60, 63], CHUNK, ['E', 'K', 'I'], VKLTPLCVTLNCTNVTNNITT-------------------------------------EMKGEIKN----CSFNM-T-TE--LRD-KK-QKV-YALF-YKLDVVPINENQGNRSNNS------------------------------------------NTSYRLI---NCNTSAI-T---QA, 0.0872, 0
0.350123, -107.6325, [174], CHUNK, ['V'], VKLTPLCVTLNCTNVTNNITT-------------------------------------DMRGELKN----CSFNM-T-TE--LRD-KK-QKV-YALF-YKLDVVPINENQGNRSNNS------------------------------------------NTSYRLI---NCNTSVI-T---QA, 0.3797, 1
0.353429, -105.6829, 18, POINT, N, VKLTPLCVTLNCTNVTNNNTT-------------------------------------DMRGELKN----CSFNM-T-TE--LRD-KK-QKV-YALF-YKLDVVPINENQGNRSNNS------------------------------------------NTSYRLI---NCNTSVI-T---QA, 0.3727, 0
0.360095, -89.5229, [74], CHUNK, ['I'], VKLTPLCVTLNCTNVTNNITT-------------------------------------DMRGELKN----CSFNI-T-TE--LRD-KK-QKV-YALF-YKLDVVPINENQGNRSNNS------------------------------------------NTSYRLI---NCNTSVI-T---QA, 0.5990, 0
0.354047, -114.1178, 58, POINT, N, VKLTPLCVTLNCTNVTNNITT-------------------------------------NMRGELKN----CSFNM-T-TE--LRD-KK-QKV-YALF-YKLDVVPINENQGNRSNNS------------------------------------------NTSYRLI---NCNTSVI-T---QA, 0.4190, 0
0.354615, -103.4546, [74], CHUNK, ['V'], VKLTPLCVTLNCTNVTNNITT-------------------------------------DMRGELKN----CSFNV-T-TE--LRD-KK-QKV-YALF-YKLDVVPINENQGNRSNNS------------------------------------------NTSYRLI---NCNTSVI-T---QA, 0.6072, 0
0.350123, -107.3420, [174], CHUNK, ['V'], VKLTPLCVTLNCTNVTNNITT-------------------------------------DMRGELKN----CSFNM-T-TE--LRD-KK-QKV-YALF-YKLDVVPINENQGNRSNNS------------------------------------------NTSYRLI---NCNTSVI-T---QA, 0.2922, 0
0.352813, -83.4482, [74], CHUNK, ['I'], VKLTPLCVTLNCTNVTNNITT-------------------------------------DMRGELKN----CSFNI-T-TE--LRD-KK-QKV-YALF-YKLDVVPINENQGNRSNNS------------------------------------------NTSYRLI---NCNTSAI-T---QA, 0.4690, 0
0.352813, -84.3265, [74], CHUNK, ['I'], VKLTPLCVTLNCTNVTNNITT-------------------------------------DMRGELKN----CSFNI-T-TE--LRD-KK-QKV-YALF-YKLDVVPINENQGNRSNNS------------------------------------------NTSYRLI---NCNTSAI-T---QA, 0.3550, 0
0.351561, -98.6384, [169, 174], CHUNK, ['S', 'V'], VKLTPLCVTLNCTNVTNNITT-------------------------------------DMRGELKN----CSFNM-T-TE--LRD-KK-QKV-YALF-YKLDVVPINENQGNRSNNS------------------------------------------NTSYRLI---SCNTSVI-T---QA, 0.2671, 0
0.340636, -118.1931, [58, 59, 60, 63], CHUNK, ['V', 'E', 'S', 'I'], VKLTPLCVTLNCTNVTNNITT-------------------------------------VESGEIKN----CSFNM-T-TE--LRD-KK-QKV-YALF-YRLDVVKINENQGNRSNNS------------------------------------------NTSYRLI---NCNTSAI-T---QA, 0.0919, 0
0.342841, -125.4479, [99, 104], CHUNK, ['K', 'P'], VKLTPLCVTLNCTNVTNNITT-------------------------------------DMRGELKN----CSFNM-T-TE--LRD-KK-QKV-YALF-YKLDVVPINENQGNRSNNS------------------------------------------NTSYRLI---NCNTSAI-T---QA, 0.0938, 1
0.346213, -125.0953, 59, POINT, N, VKLTPLCVTLNCTNVTNNITT-------------------------------------DNRGELKN----CSFNM-T-TE--LRD-KK-QKV-YALF-YKLDVVPINENQGNRSNNS------------------------------------------NTSYRLI---NCNTSAI-T---QA, 0.0938, 1
0.350705, -111.3758, 74, POINT, V, VKLTPLCVTLNCTNVTNNITT-------------------------------------DNRGELKN----CSFNV-T-TE--LRD-KK-QKV-YALF-YKLDVVPINENQGNRSNNS------------------------------------------NTSYRLI---NCNTSAI-T---QA, 0.1766, 0
0.354400, -86.7264, [74, 79], CHUNK, ['I', 'S'], VKLTPLCVTLNCTNVTNNITT-------------------------------------DNRGELKN----CSFNI-T-TS--LRD-KK-QKV-YALF-YKLDVVPINENQGNRSNNS------------------------------------------NTSYRLI---NCNTSAI-T---QA, 0.3058, 0
0.348574, -124.3970, 58, POINT, S, VKLTPLCVTLNCTNVTNNITT-------------------------------------SNRGELKN----CSFNM-T-TE--LRD-KK-QKV-YALF-YKLDVVPINENQGNRSNNS------------------------------------------NTSYRLI---NCNTSAI-T---QA, 0.0938, 0
0.356185, -79.2865, [74], CHUNK, ['I'], VKLTPLCVTLNCTNVTNNITT-------------------------------------DNRGELKN----CSFNI-T-TE--LRD-KK-QKV-YALF-YKLDVVPINENQGNRSNNS------------------------------------------NTSYRLI---NCNTSAI-T---QA, 0.5227, 0
0.350123, -103.7788, 174, POINT, V, VKLTPLCVTLNCTNVTNNITT-------------------------------------DMRGELKN----CSFNM-T-TE--LRD-KK-QKV-YALF-YKLDVVPINENQGNRSNNS------------------------------------------NTSYRLI---NCNTSVI-T---QA, 0.3425, 0
0.348899, -123.9049, [91], CHUNK, ['E'], VKLTPLCVTLNCTNVTNNITT-------------------------------------DMRGELKN----CSFNM-T-TE--LRD-KK-QKE-YALF-YKLDVVPINENQGNRSNNS------------------------------------------NTSYRLI---NCNTSAI-T---QA, 0.0938, 0
0.346669, -125.6630, 107, POINT, N, VKLTPLCVTLNCTNVTNNITT-------------------------------------DMRGELKN----CSFNM-T-TE--LRD-KK-QKV-YALF-YKLDVVPINNNQGNRSNNS------------------------------------------NTSYRLI---NCNTSAI-T---QA, 0.1039, 0
0.352813, -77.9270, [74], CHUNK, ['I'], VKLTPLCVTLNCTNVTNNITT-------------------------------------DMRGELKN----CSFNI-T-TE--LRD-KK-QKV-YALF-YKLDVVPINENQGNRSNNS------------------------------------------NTSYRLI---NCNTSAI-T---QA, 1.0132, 0
0.341697, -89.4642, [74], CHUNK, ['I'], VKLTPLCVTLNCTNVTNNITT-------------------------------------DMRGELKN----CSFNI-T-TE--LRD-KK-QKV-YALF-YRLDVVKINENQGNRSNNS------------------------------------------NTSYRLI---NCNTSAI-T---QA, 0.4031, 0
0.341697, -82.1905, [74], CHUNK, ['I'], VKLTPLCVTLNCTNVTNNITT-------------------------------------DMRGELKN----CSFNI-T-TE--LRD-KK-QKV-YALF-YRLDVVKINENQGNRSNNS------------------------------------------NTSYRLI---NCNTSAI-T---QA, 0.2991, 0
0.341697, -82.7433, [74], CHUNK, ['I'], VKLTPLCVTLNCTNVTNNITT-------------------------------------DMRGELKN----CSFNI-T-TE--LRD-KK-QKV-YALF-YRLDVVKINENQGNRSNNS------------------------------------------NTSYRLI---NCNTSAI-T---QA, 0.3203, 0
0.336217, -110.6560, 74, POINT, V, VKLTPLCVTLNCTNVTNNITT-------------------------------------DMRGELKN----CSFNV-T-TE--LRD-KK-QKV-YALF-YRLDVVKINENQGNRSNNS------------------------------------------NTSYRLI---NCNTSAI-T---QA, 0.1924, 0
0.338860, -87.9996, [74], CHUNK, ['I'], VKLTPLCVTLNCTNVTNNITD-------------------------------------DMRGELKN----CSFNI-T-TE--LRD-KK-QKV-YALF-YRLDVVKINENQGNRSNNS------------------------------------------NTSYRLI---NCNTSAI-T---QA, 0.3531, 0
0.331168, -129.0161, 20, POINT, N, VKLTPLCVTLNCTNVTNNITN-------------------------------------DMRGELKN----CSFNM-T-TE--LRD-KK-QKV-YALF-YRLDVVKINENQGNRSNNS------------------------------------------NTSYRLI---NCNTSAI-T---QA, 0.0849, 1
0.341140, -77.4864, [74], CHUNK, ['I'], VKLTPLCVTLNCTNVTNNITN-------------------------------------DMRGELKN----CSFNI-T-TE--LRD-KK-QKV-YALF-YRLDVVKINENQGNRSNNS------------------------------------------NTSYRLI---NCNTSAI-T---QA, 0.4058, 0
0.337542, -127.6537, 99, POINT, K, VKLTPLCVTLNCTNVTNNITN-------------------------------------DMRGELKN----CSFNM-T-TE--LRD-KK-QKV-YALF-YKLDVVKINENQGNRSNNS------------------------------------------NTSYRLI---NCNTSAI-T---QA, 0.1103, 0
0.341140, -81.9596, [74], CHUNK, ['I'], VKLTPLCVTLNCTNVTNNITN-------------------------------------DMRGELKN----CSFNI-T-TE--LRD-KK-QKV-YALF-YRLDVVKINENQGNRSNNS------------------------------------------NTSYRLI---NCNTSAI-T---QA, 0.3455, 0
0.341140, -76.8341, 74, POINT, I, VKLTPLCVTLNCTNVTNNITN-------------------------------------DMRGELKN----CSFNI-T-TE--LRD-KK-QKV-YALF-YRLDVVKINENQGNRSNNS------------------------------------------NTSYRLI---NCNTSAI-T---QA, 0.4061, 0
0.329776, -129.0516, 59, POINT, L, VKLTPLCVTLNCTNVTNNITD-------------------------------------DLRGELKN----CSFNM-T-TE--LRD-KK-QKV-YALF-YRLDVVKINENQGNRSNNS------------------------------------------NTSYRLI---NCNTSAI-T---QA, 0.0919, 0
0.336170, -106.6918, [174], CHUNK, ['V'], VKLTPLCVTLNCTNVTNNITD-------------------------------------DMRGELKN----CSFNM-T-TE--LRD-KK-QKV-YALF-YRLDVVKINENQGNRSNNS------------------------------------------NTSYRLI---NCNTSVI-T---QA, 0.4555, 0
0.337608, -105.6486, [169, 174], CHUNK, ['S', 'V'], VKLTPLCVTLNCTNVTNNITD-------------------------------------DMRGELKN----CSFNM-T-TE--LRD-KK-QKV-YALF-YRLDVVKINENQGNRSNNS------------------------------------------NTSYRLI---SCNTSVI-T---QA, 0.3174, 0
0.338860, -72.8303, 74, POINT, I, VKLTPLCVTLNCTNVTNNITD-------------------------------------DMRGELKN----CSFNI-T-TE--LRD-KK-QKV-YALF-YRLDVVKINENQGNRSNNS------------------------------------------NTSYRLI---NCNTSAI-T---QA, 0.4005, 0
0.320993, -129.5240, 161, POINT, S, VKLTPLCVTLNCTNVTNNITD-------------------------------------DMRGELKN----CSFNM-T-TE--LRD-KK-QKV-YALF-YRLDVVKINENQGNRSNNS------------------------------------------NKSYRLI---NCNTSAI-T---QA, 0.0704, 0
0.321864, -128.9096, 160, POINT, T, VKLTPLCVTLNCTNVTNNITD-------------------------------------DMRGELKN----CSFNM-T-TE--LRD-KK-QKV-YALF-YRLDVVKINENQGNRSNNS------------------------------------------NTEYRLI---NCNTSAI-T---QA, 0.0919, 1
0.331836, -83.4296, [74], CHUNK, ['I'], VKLTPLCVTLNCTNVTNNITD-------------------------------------DMRGELKN----CSFNI-T-TE--LRD-KK-QKV-YALF-YRLDVVKINENQGNRSNNS------------------------------------------NTEYRLI---NCNTSAI-T---QA, 0.4962, 0
0.329136, -126.9776, 63, POINT, I, VKLTPLCVTLNCTNVTNNITD-------------------------------------DMRGEIKN----CSFNM-T-TE--LRD-KK-QKV-YALF-YRLDVVKINENQGNRSNNS------------------------------------------NTEYRLI---NCNTSAI-T---QA, 0.0919, 1
0.340528, -77.3652, [74], CHUNK, ['I'], VKLTPLCVTLNCTNVTNNITD-------------------------------------DMRGEIKN----CSFNI-T-TE--LRD-KK-QKV-YALF-YRLDVVKINENQGNRSNNS------------------------------------------NTEYRLI---NCNTSAI-T---QA, 0.5354, 0
0.336418, -109.8571, 174, POINT, V, VKLTPLCVTLNCTNVTNNITD-------------------------------------DMRGEIKN----CSFNM-T-TE--LRD-KK-QKV-YALF-YRLDVVKINENQGNRSNNS------------------------------------------NTEYRLI---NCNTSVI-T---QA, 0.2967, 0
0.336159, -127.4878, 161, POINT, S, VKLTPLCVTLNCTNVTNNITD-------------------------------------DMRGEIKN----CSFNM-T-TE--LRD-KK-QKV-YALF-YRLDVVKINENQGNRSNNS------------------------------------------NTSYRLI---NCNTSAI-T---QA, 0.1050, 1
0.343852, -80.3623, [74, 79], CHUNK, ['I', 'T'], VKLTPLCVTLNCTNVTNNITD-------------------------------------DMRGEIKN----CSFNI-T-TT--LRD-KK-QKV-YALF-YRLDVVKINENQGNRSNNS------------------------------------------NTSYRLI---NCNTSAI-T---QA, 0.3805, 0
0.339796, -129.0700, 104, POINT, P, VKLTPLCVTLNCTNVTNNITD-------------------------------------DMRGEIKN----CSFNM-T-TE--LRD-KK-QKV-YALF-YRLDVVPINENQGNRSNNS------------------------------------------NTSYRLI---NCNTSAI-T---QA, 0.1026, 1
0.351189, -82.8368, [74], CHUNK, ['I'], VKLTPLCVTLNCTNVTNNITD-------------------------------------DMRGEIKN----CSFNI-T-TE--LRD-KK-QKV-YALF-YRLDVVPINENQGNRSNNS------------------------------------------NTSYRLI---NCNTSAI-T---QA, 0.2632, 0
0.340654, -127.7353, 18, POINT, S, VKLTPLCVTLNCTNVTNNSTD-------------------------------------DMRGEIKN----CSFNM-T-TE--LRD-KK-QKV-YALF-YRLDVVPINENQGNRSNNS------------------------------------------NTSYRLI---NCNTSAI-T---QA, 0.1026, 1
0.350262, -76.2263, [74, 79], CHUNK, ['I', 'S'], VKLTPLCVTLNCTNVTNNSTD-------------------------------------DMRGEIKN----CSFNI-T-TS--LRD-KK-QKV-YALF-YRLDVVPINENQGNRSNNS------------------------------------------NTSYRLI---NCNTSAI-T---QA, 0.3986, 0
0.347936, -107.3993, [174], CHUNK, ['V'], VKLTPLCVTLNCTNVTNNSTD-------------------------------------DMRGEIKN----CSFNM-T-TE--LRD-KK-QKV-YALF-YRLDVVPINENQGNRSNNS------------------------------------------NTSYRLI---NCNTSVI-T---QA, 0.4120, 0
0.352046, -94.6764, 74, POINT, I, VKLTPLCVTLNCTNVTNNSTD-------------------------------------DMRGEIKN----CSFNI-T-TE--LRD-KK-QKV-YALF-YRLDVVPINENQGNRSNNS------------------------------------------NTSYRLI---NCNTSAI-T---QA, 0.4522, 0
0.352046, -104.1795, 74, POINT, I, VKLTPLCVTLNCTNVTNNSTD-------------------------------------DMRGEIKN----CSFNI-T-TE--LRD-KK-QKV-YALF-YRLDVVPINENQGNRSNNS------------------------------------------NTSYRLI---NCNTSAI-T---QA, 0.3454, 0
0.347078, -108.3591, [174], CHUNK, ['V'], VKLTPLCVTLNCTNVTNNITD-------------------------------------DMRGEIKN----CSFNM-T-TE--LRD-KK-QKV-YALF-YRLDVVPINENQGNRSNNS------------------------------------------NTSYRLI---NCNTSVI-T---QA, 0.4291, 0
0.351189, -88.3831, [74], CHUNK, ['I'], VKLTPLCVTLNCTNVTNNITD-------------------------------------DMRGEIKN----CSFNI-T-TE--LRD-KK-QKV-YALF-YRLDVVPINENQGNRSNNS------------------------------------------NTSYRLI---NCNTSAI-T---QA, 0.3474, 0
0.351189, -107.0133, [74], CHUNK, ['I'], VKLTPLCVTLNCTNVTNNITD-------------------------------------DMRGEIKN----CSFNI-T-TE--LRD-KK-QKV-YALF-YRLDVVPINENQGNRSNNS------------------------------------------NTSYRLI---NCNTSAI-T---QA, 0.3912, 0
0.351189, -82.8954, [74], CHUNK, ['I'], VKLTPLCVTLNCTNVTNNITD-------------------------------------DMRGEIKN----CSFNI-T-TE--LRD-KK-QKV-YALF-YRLDVVPINENQGNRSNNS------------------------------------------NTSYRLI---NCNTSAI-T---QA, 0.4101, 0
0.347552, -80.0154, [74], CHUNK, ['I'], VKLTPLCVTLNCTNVTNNITD-------------------------------------DMRGEIKN----CSFNI-T-TE--LRD-KK-QKV-YALF-YRLDVVKINENQGNRSNNS------------------------------------------NTSYRLI---NCNTSAI-T---QA, 0.3231, 0
0.347366, -80.8340, [74, 79], CHUNK, ['I', 'N'], VKLTPLCVTLNCTNVTNNITD-------------------------------------DMRGEIKN----CSFNI-T-TN--LRD-KK-QKV-YALF-YRLDVVKINENQGNRSNNS------------------------------------------NTSYRLI---NCNTSAI-T---QA, 0.4449, 0
0.343442, -103.6617, [174], CHUNK, ['V'], VKLTPLCVTLNCTNVTNNITD-------------------------------------DMRGEIKN----CSFNM-T-TE--LRD-KK-QKV-YALF-YRLDVVKINENQGNRSNNS------------------------------------------NTSYRLI---NCNTSVI-T---QA, 0.3737, 0
0.347552, -86.3482, [74], CHUNK, ['I'], VKLTPLCVTLNCTNVTNNITD-------------------------------------DMRGEIKN----CSFNI-T-TE--LRD-KK-QKV-YALF-YRLDVVKINENQGNRSNNS------------------------------------------NTSYRLI---NCNTSAI-T---QA, 0.3546, 0
0.330808, -41.9300, 82, POINT, I, VKLTPLCVTLNCTNVTNNITD-------------------------------------DMRGEIKN----CSFNM-T-TE--IRD-KK-QKV-YALF-YRLDVVKINENQGNRSNNS------------------------------------------NTEYRLI---NCNTSAI-T---QA, 0.3071, 0
0.331305, -125.2054, 174, POINT, T, VKLTPLCVTLNCTNVTNNITD-------------------------------------DMRGEIKN----CSFNM-T-TE--LRD-KK-QKV-YALF-YRLDVVKINENQGNRSNNS------------------------------------------NTEYRLI---NCNTSTI-T---QA, 0.1009, 1
0.336556, -123.1397, [87, 91], CHUNK, ['V', 'E'], VKLTPLCVTLNCTNVTNNITD-------------------------------------DMRGEIKN----CSFNM-T-TE--LRD-KV-QKE-YALF-YRLDVVKINENQGNRSNNS------------------------------------------NTEYRLI---NCNTSTI-T---QA, 0.1009, 0
0.339487, -124.9082, [99, 102, 104], CHUNK, ['K', 'I', 'P'], VKLTPLCVTLNCTNVTNNITD-------------------------------------DMRGEIKN----CSFNM-T-TE--LRD-KK-QKV-YALF-YKLDIVPINENQGNRSNNS------------------------------------------NTEYRLI---NCNTSTI-T---QA, 0.1009, 1
0.350880, -73.4038, [74], CHUNK, ['I'], VKLTPLCVTLNCTNVTNNITD-------------------------------------DMRGEIKN----CSFNI-T-TE--LRD-KK-QKV-YALF-YKLDIVPINENQGNRSNNS------------------------------------------NTEYRLI---NCNTSTI-T---QA, 0.1481, 0
0.354439, 18.7281, [74, 79, 82], CHUNK, ['I', 'S', 'I'], VKLTPLCVTLNCTNVTNNITD-------------------------------------DMRGEIKN----CSFNI-T-TS--IRD-KK-QKV-YALF-YKLDIVPINENQGNRSNNS------------------------------------------NTEYRLI---NCNTSTI-T---QA, 0.4055, 0
0.341155, -124.6414, 58, POINT, S, VKLTPLCVTLNCTNVTNNITD-------------------------------------SMRGEIKN----CSFNM-T-TE--LRD-KK-QKV-YALF-YKLDIVPINENQGNRSNNS------------------------------------------NTEYRLI---NCNTSTI-T---QA, 0.1021, 0
0.350880, -77.5687, [74], CHUNK, ['I'], VKLTPLCVTLNCTNVTNNITD-------------------------------------DMRGEIKN----CSFNI-T-TE--LRD-KK-QKV-YALF-YKLDIVPINENQGNRSNNS------------------------------------------NTEYRLI---NCNTSTI-T---QA, 0.2368, 0
0.338328, -124.7963, [161], CHUNK, ['S'], VKLTPLCVTLNCTNVTNNITD-------------------------------------DMRGEIKN----CSFNM-T-TE--LRD-KK-QKV-YALF-YRLDVVKINENQGNRSNNS------------------------------------------NTSYRLI---NCNTSTI-T---QA, 0.1009, 0
0.342697, -101.9668, [74], CHUNK, ['I'], VKLTPLCVTLNCTNVTNNITD-------------------------------------DMRGEIKN----CSFNI-T-TE--LRD-KK-QKV-YALF-YRLDVVKINENQGNRSNNS------------------------------------------NTEYRLI---NCNTSTI-T---QA, 0.2497, 0
0.337679, -123.9999, 99, POINT, K, VKLTPLCVTLNCTNVTNNITD-------------------------------------DMRGEIKN----CSFNM-T-TE--LRD-KK-QKV-YALF-YKLDVVKINENQGNRSNNS------------------------------------------NTEYRLI---NCNTSTI-T---QA, 0.0982, 0
0.342697, -88.1413, [74], CHUNK, ['I'], VKLTPLCVTLNCTNVTNNITD-------------------------------------DMRGEIKN----CSFNI-T-TE--LRD-KK-QKV-YALF-YRLDVVKINENQGNRSNNS------------------------------------------NTEYRLI---NCNTSTI-T---QA, 0.2574, 0
0.339882, -126.1251, [99, 104, 106, 107], CHUNK, ['K', 'P', 'D', 'G'], VKLTPLCVTLNCTNVTNNITD-------------------------------------DMRGEIKN----CSFNM-T-TE--LRD-KK-QKV-YALF-YKLDVVPIDGNQGNRSNNS------------------------------------------NTEYRLI---NCNTSAI-T---QA, 0.1120, 0
0.329891, -127.4764, 107, POINT, D, VKLTPLCVTLNCTNVTNNITD-------------------------------------DMRGEIKN----CSFNM-T-TE--LRD-KK-QKV-YALF-YRLDVVKINDNQGNRSNNS------------------------------------------NTEYRLI---NCNTSAI-T---QA, 0.0908, 0
0.340342, -82.6249, [74, 79], CHUNK, ['I', 'N'], VKLTPLCVTLNCTNVTNNITD-------------------------------------DMRGEIKN----CSFNI-T-TN--LRD-KK-QKV-YALF-YRLDVVKINENQGNRSNNS------------------------------------------NTEYRLI---NCNTSAI-T---QA, 0.3717, 0
0.332772, -128.7811, 104, POINT, P, VKLTPLCVTLNCTNVTNNITD-------------------------------------DMRGEIKN----CSFNM-T-TE--LRD-KK-QKV-YALF-YRLDVVPINENQGNRSNNS------------------------------------------NTEYRLI---NCNTSAI-T---QA, 0.0889, 0
0.324214, -126.2728, 58, POINT, T, VKLTPLCVTLNCTNVTNNITD-------------------------------------TMRGELKN----CSFNM-T-TE--LRD-KK-QKV-YALF-YRLDVVKINENQGNRSNNS------------------------------------------NTEYRLI---NCNTSAI-T---QA, 0.0919, 1
0.330589, -124.8401, 99, POINT, K, VKLTPLCVTLNCTNVTNNITD-------------------------------------TMRGELKN----CSFNM-T-TE--LRD-KK-QKV-YALF-YKLDVVKINENQGNRSNNS------------------------------------------NTEYRLI---NCNTSAI-T---QA, 0.0939, 0
0.327574, -126.3855, 107, POINT, N, VKLTPLCVTLNCTNVTNNITD-------------------------------------TMRGELKN----CSFNM-T-TE--LRD-KK-QKV-YALF-YRLDVVKINNNQGNRSNNS------------------------------------------NTEYRLI---NCNTSAI-T---QA, 0.0919, 1
0.337545, -83.4148, [74], CHUNK, ['I'], VKLTPLCVTLNCTNVTNNITD-------------------------------------TMRGELKN----CSFNI-T-TE--LRD-KK-QKV-YALF-YRLDVVKINNNQGNRSNNS------------------------------------------NTEYRLI---NCNTSAI-T---QA, 0.6994, 0
0.341105, 30.3235, [74, 79, 82], CHUNK, ['I', 'S', 'I'], VKLTPLCVTLNCTNVTNNITD-------------------------------------TMRGELKN----CSFNI-T-TS--IRD-KK-QKV-YALF-YRLDVVKINNNQGNRSNNS------------------------------------------NTEYRLI---NCNTSAI-T---QA, 0.3158, 0
0.334856, -108.9084, [174], CHUNK, ['V'], VKLTPLCVTLNCTNVTNNITD-------------------------------------TMRGELKN----CSFNM-T-TE--LRD-KK-QKV-YALF-YRLDVVKINNNQGNRSNNS------------------------------------------NTEYRLI---NCNTSVI-T---QA, 0.3629, 1
0.335040, -107.4007, 59, POINT, G, VKLTPLCVTLNCTNVTNNITD-------------------------------------TGRGELKN----CSFNM-T-TE--LRD-KK-QKV-YALF-YRLDVVKINNNQGNRSNNS------------------------------------------NTEYRLI---NCNTSVI-T---QA, 0.3629, 0
0.340107, -106.8467, [87, 91], CHUNK, ['V', 'E'], VKLTPLCVTLNCTNVTNNITD-------------------------------------TMRGELKN----CSFNM-T-TE--LRD-KV-QKE-YALF-YRLDVVKINNNQGNRSNNS------------------------------------------NTEYRLI---NCNTSVI-T---QA, 0.3876, 0
0.341319, -108.3474, 99, POINT, K, VKLTPLCVTLNCTNVTNNITD-------------------------------------TMRGELKN----CSFNM-T-TE--LRD-KK-QKV-YALF-YKLDVVKINNNQGNRSNNS------------------------------------------NTEYRLI---NCNTSVI-T---QA, 0.3906, 0
0.344828, -78.0916, [74], CHUNK, ['I'], VKLTPLCVTLNCTNVTNNITD-------------------------------------TMRGELKN----CSFNI-T-TE--LRD-KK-QKV-YALF-YRLDVVKINNNQGNRSNNS------------------------------------------NTEYRLI---NCNTSVI-T---QA, 0.7181, 0
0.332544, -124.8422, 91, POINT, E, VKLTPLCVTLNCTNVTNNITD-------------------------------------TMRGELKN----CSFNM-T-TE--LRD-KK-QKE-YALF-YRLDVVKINNNQGNRSNNS------------------------------------------NTEYRLI---NCNTSAI-T---QA, 0.0919, 0
0.329716, -121.8877, 60, POINT, T, VKLTPLCVTLNCTNVTNNITD-------------------------------------TMTGELKN----CSFNM-T-TE--LRD-KK-QKV-YALF-YRLDVVKINNNQGNRSNNS------------------------------------------NTEYRLI---NCNTSAI-T---QA, 0.0919, 0
0.332544, -124.8422, 91, POINT, E, VKLTPLCVTLNCTNVTNNITD-------------------------------------TMRGELKN----CSFNM-T-TE--LRD-KK-QKE-YALF-YRLDVVKINNNQGNRSNNS------------------------------------------NTEYRLI---NCNTSAI-T---QA, 0.0919, 1
0.340094, -122.9594, 99, POINT, K, VKLTPLCVTLNCTNVTNNITD-------------------------------------TMRGELKN----CSFNM-T-TE--LRD-KK-QKE-YALF-YKLDVVKINNNQGNRSNNS------------------------------------------NTEYRLI---NCNTSAI-T---QA, 0.0919, 0
0.342516, -115.6587, [74], CHUNK, ['I'], VKLTPLCVTLNCTNVTNNITD-------------------------------------TMRGELKN----CSFNI-T-TE--LRD-KK-QKE-YALF-YRLDVVKINNNQGNRSNNS------------------------------------------NTEYRLI---NCNTSAI-T---QA, 0.2088, 0
0.345216, -125.0968, [99, 104], CHUNK, ['K', 'P'], VKLTPLCVTLNCTNVTNNITD-------------------------------------TMRGELKN----CSFNM-T-TE--LRD-KK-QKE-YALF-YKLDVVPINNNQGNRSNNS------------------------------------------NTEYRLI---NCNTSAI-T---QA, 0.0899, 1
0.353568, -115.1282, [74, 79], CHUNK, ['I', 'S'], VKLTPLCVTLNCTNVTNNITD-------------------------------------TMRGELKN----CSFNI-T-TS--LRD-KK-QKE-YALF-YKLDVVPINNNQGNRSNNS------------------------------------------NTEYRLI---NCNTSAI-T---QA, 0.2184, 1
0.356073, -112.8275, 18, POINT, N, VKLTPLCVTLNCTNVTNNNTD-------------------------------------TMRGELKN----CSFNI-T-TS--LRD-KK-QKE-YALF-YKLDVVPINNNQGNRSNNS------------------------------------------NTEYRLI---NCNTSAI-T---QA, 0.2435, 0
0.356680, -112.2855, 20, POINT, T, VKLTPLCVTLNCTNVTNNITT-------------------------------------TMRGELKN----CSFNI-T-TS--LRD-KK-QKE-YALF-YKLDVVPINNNQGNRSNNS------------------------------------------NTEYRLI---NCNTSAI-T---QA, 0.2050, 0
0.360850, -77.4426, [174], CHUNK, ['V'], VKLTPLCVTLNCTNVTNNITD-------------------------------------TMRGELKN----CSFNI-T-TS--LRD-KK-QKE-YALF-YKLDVVPINNNQGNRSNNS------------------------------------------NTEYRLI---NCNTSVI-T---QA, 0.3044, 0
0.362264, -114.0487, [63], CHUNK, ['I'], VKLTPLCVTLNCTNVTNNITD-------------------------------------TMRGEIKN----CSFNI-T-TS--LRD-KK-QKE-YALF-YKLDVVPINNNQGNRSNNS------------------------------------------NTEYRLI---NCNTSAI-T---QA, 0.2048, 0
0.352498, -98.5130, [174], CHUNK, ['V'], VKLTPLCVTLNCTNVTNNITD-------------------------------------TMRGELKN----CSFNM-T-TE--LRD-KK-QKE-YALF-YKLDVVPINNNQGNRSNNS------------------------------------------NTEYRLI---NCNTSVI-T---QA, 0.2925, 0
0.355188, -115.6699, 74, POINT, I, VKLTPLCVTLNCTNVTNNITD-------------------------------------TMRGELKN----CSFNI-T-TE--LRD-KK-QKE-YALF-YKLDVVPINNNQGNRSNNS------------------------------------------NTEYRLI---NCNTSAI-T---QA, 0.2104, 0
0.355188, -109.4818, [74], CHUNK, ['I'], VKLTPLCVTLNCTNVTNNITD-------------------------------------TMRGELKN----CSFNI-T-TE--LRD-KK-QKE-YALF-YKLDVVPINNNQGNRSNNS------------------------------------------NTEYRLI---NCNTSAI-T---QA, 0.3059, 0
0.355188, -112.2720, [74], CHUNK, ['I'], VKLTPLCVTLNCTNVTNNITD-------------------------------------TMRGELKN----CSFNI-T-TE--LRD-KK-QKE-YALF-YKLDVVPINNNQGNRSNNS------------------------------------------NTEYRLI---NCNTSAI-T---QA, 0.2422, 0
0.335274, -125.4982, 20, POINT, N, VKLTPLCVTLNCTNVTNNITN-------------------------------------TMRGELKN----CSFNM-T-TE--LRD-KK-QKE-YALF-YRLDVVKINNNQGNRSNNS------------------------------------------NTEYRLI---NCNTSAI-T---QA, 0.0893, 1
0.345246, -112.5080, [74], CHUNK, ['I'], VKLTPLCVTLNCTNVTNNITN-------------------------------------TMRGELKN----CSFNI-T-TE--LRD-KK-QKE-YALF-YRLDVVKINNNQGNRSNNS------------------------------------------NTEYRLI---NCNTSAI-T---QA, 0.3170, 0
0.342297, -125.0868, 161, POINT, S, VKLTPLCVTLNCTNVTNNITN-------------------------------------TMRGELKN----CSFNM-T-TE--LRD-KK-QKE-YALF-YRLDVVKINNNQGNRSNNS------------------------------------------NTSYRLI---NCNTSAI-T---QA, 0.0893, 0
0.345246, -119.2952, 74, POINT, I, VKLTPLCVTLNCTNVTNNITN-------------------------------------TMRGELKN----CSFNI-T-TE--LRD-KK-QKE-YALF-YRLDVVKINNNQGNRSNNS------------------------------------------NTEYRLI---NCNTSAI-T---QA, 0.1032, 0
0.342824, -123.6232, [99], CHUNK, ['K'], VKLTPLCVTLNCTNVTNNITN-------------------------------------TMRGELKN----CSFNM-T-TE--LRD-KK-QKE-YALF-YKLDVVKINNNQGNRSNNS------------------------------------------NTEYRLI---NCNTSAI-T---QA, 0.0893, 0
0.339826, -108.8327, [174], CHUNK, ['V'], VKLTPLCVTLNCTNVTNNITD-------------------------------------TMRGELKN----CSFNM-T-TE--LRD-KK-QKE-YALF-YRLDVVKINNNQGNRSNNS------------------------------------------NTEYRLI---NCNTSVI-T---QA, 0.2175, 0
0.342516, -108.4578, [74], CHUNK, ['I'], VKLTPLCVTLNCTNVTNNITD-------------------------------------TMRGELKN----CSFNI-T-TE--LRD-KK-QKE-YALF-YRLDVVKINNNQGNRSNNS------------------------------------------NTEYRLI---NCNTSAI-T---QA, 0.2056, 0
0.332865, -119.3834, 60, POINT, I, VKLTPLCVTLNCTNVTNNITD-------------------------------------TMIGELKN----CSFNM-T-TE--LRD-KK-QKE-YALF-YRLDVVKINNNQGNRSNNS------------------------------------------NTEYRLI---NCNTSAI-T---QA, 0.0885, 0
0.346771, -3.4315, [74, 79, 82], CHUNK, ['I', 'S', 'I'], VKLTPLCVTLNCTNVTNNITD-------------------------------------TMRGELKN----CSFNI-T-TS--IRD-KK-QKE-YALF-YRLDVVKINNNQGNRSNNS------------------------------------------NTEYRLI---NCNTSAI-T---QA, 0.2411, 0
0.337545, -102.6711, [74], CHUNK, ['I'], VKLTPLCVTLNCTNVTNNITD-------------------------------------TMRGELKN----CSFNI-T-TE--LRD-KK-QKV-YALF-YRLDVVKINNNQGNRSNNS------------------------------------------NTEYRLI---NCNTSAI-T---QA, 0.4160, 0
0.332066, -111.3193, 74, POINT, V, VKLTPLCVTLNCTNVTNNITD-------------------------------------TMRGELKN----CSFNV-T-TE--LRD-KK-QKV-YALF-YRLDVVKINNNQGNRSNNS------------------------------------------NTEYRLI---NCNTSAI-T---QA, 0.2549, 0
0.334037, -124.5027, 99, POINT, K, VKLTPLCVTLNCTNVTNNITD-------------------------------------TMRGELKN----CSFNM-T-TE--LRD-KK-QKV-YALF-YKLDVVKINNNQGNRSNNS------------------------------------------NTEYRLI---NCNTSAI-T---QA, 0.0919, 0
0.335894, -126.4396, [99, 102, 104], CHUNK, ['K', 'I', 'P'], VKLTPLCVTLNCTNVTNNITD-------------------------------------TMRGELKN----CSFNM-T-TE--LRD-KK-QKV-YALF-YKLDIVPINNNQGNRSNNS------------------------------------------NTEYRLI---NCNTSAI-T---QA, 0.0777, 1
0.343658, -118.2573, [60, 63], CHUNK, ['I', 'I'], VKLTPLCVTLNCTNVTNNITD-------------------------------------TMIGEIKN----CSFNM-T-TE--LRD-KK-QKV-YALF-YKLDIVPINNNQGNRSNNS------------------------------------------NTEYRLI---NCNTSAI-T---QA, 0.0787, 0
0.343169, -124.6122, [63], CHUNK, ['I'], VKLTPLCVTLNCTNVTNNITD-------------------------------------TMRGEIKN----CSFNM-T-TE--LRD-KK-QKV-YALF-YKLDIVPINNNQGNRSNNS------------------------------------------NTEYRLI---NCNTSAI-T---QA, 0.0777, 1
0.354562, -88.4250, [74], CHUNK, ['I'], VKLTPLCVTLNCTNVTNNITD-------------------------------------TMRGEIKN----CSFNI-T-TE--LRD-KK-QKV-YALF-YKLDIVPINNNQGNRSNNS------------------------------------------NTEYRLI---NCNTSAI-T---QA, 0.4548, 0
0.354562, -77.0158, [74], CHUNK, ['I'], VKLTPLCVTLNCTNVTNNITD-------------------------------------TMRGEIKN----CSFNI-T-TE--LRD-KK-QKV-YALF-YKLDIVPINNNQGNRSNNS------------------------------------------NTEYRLI---NCNTSAI-T---QA, 0.4918, 0
0.345669, -122.5005, 18, POINT, N, VKLTPLCVTLNCTNVTNNNTD-------------------------------------TMRGEIKN----CSFNM-T-TE--LRD-KK-QKV-YALF-YKLDIVPINNNQGNRSNNS------------------------------------------NTEYRLI---NCNTSAI-T---QA, 0.0953, 0
0.345339, -122.6489, 174, POINT, T, VKLTPLCVTLNCTNVTNNITD-------------------------------------TMRGEIKN----CSFNM-T-TE--LRD-KK-QKV-YALF-YKLDIVPINNNQGNRSNNS------------------------------------------NTEYRLI---NCNTSTI-T---QA, 0.0777, 0
0.345866, -88.0429, [74], CHUNK, ['I'], VKLTPLCVTLNCTNVTNNITD-------------------------------------TMRGELKN----CSFNI-T-TE--LRD-KK-QKV-YALF-YKLDIVPINNNQGNRSNNS------------------------------------------NTEYRLI---NCNTSAI-T---QA, 0.4205, 0
0.339158, -126.4803, 102, POINT, V, VKLTPLCVTLNCTNVTNNITD-------------------------------------TMRGELKN----CSFNM-T-TE--LRD-KK-QKV-YALF-YKLDVVPINNNQGNRSNNS------------------------------------------NTEYRLI---NCNTSAI-T---QA, 0.0802, 1
0.346441, -108.7423, 174, POINT, V, VKLTPLCVTLNCTNVTNNITD-------------------------------------TMRGELKN----CSFNM-T-TE--LRD-KK-QKV-YALF-YKLDVVPINNNQGNRSNNS------------------------------------------NTEYRLI---NCNTSVI-T---QA, 0.7176, 0
0.345216, -125.3048, 91, POINT, E, VKLTPLCVTLNCTNVTNNITD-------------------------------------TMRGELKN----CSFNM-T-TE--LRD-KK-QKE-YALF-YKLDVVPINNNQGNRSNNS------------------------------------------NTEYRLI---NCNTSAI-T---QA, 0.0825, 1
0.347721, -122.9555, 18, POINT, N, VKLTPLCVTLNCTNVTNNNTD-------------------------------------TMRGELKN----CSFNM-T-TE--LRD-KK-QKE-YALF-YKLDVVPINNNQGNRSNNS------------------------------------------NTEYRLI---NCNTSAI-T---QA, 0.0825, 0
0.352491, -123.5043, [63], CHUNK, ['I'], VKLTPLCVTLNCTNVTNNITD-------------------------------------TMRGEIKN----CSFNM-T-TE--LRD-KK-QKE-YALF-YKLDVVPINNNQGNRSNNS------------------------------------------NTEYRLI---NCNTSAI-T---QA, 0.0825, 0
0.348328, -122.1276, 20, POINT, T, VKLTPLCVTLNCTNVTNNITT-------------------------------------TMRGELKN----CSFNM-T-TE--LRD-KK-QKE-YALF-YKLDVVPINNNQGNRSNNS------------------------------------------NTEYRLI---NCNTSAI-T---QA, 0.0825, 1
0.358300, -111.7549, [74], CHUNK, ['I'], VKLTPLCVTLNCTNVTNNITT-------------------------------------TMRGELKN----CSFNI-T-TE--LRD-KK-QKE-YALF-YKLDVVPINNNQGNRSNNS------------------------------------------NTEYRLI---NCNTSAI-T---QA, 0.2425, 0
0.355611, -101.8702, [174], CHUNK, ['V'], VKLTPLCVTLNCTNVTNNITT-------------------------------------TMRGELKN----CSFNM-T-TE--LRD-KK-QKE-YALF-YKLDVVPINNNQGNRSNNS------------------------------------------NTEYRLI---NCNTSVI-T---QA, 0.3233, 0
0.352128, -121.7546, 59, POINT, N, VKLTPLCVTLNCTNVTNNITT-------------------------------------TNRGELKN----CSFNM-T-TE--LRD-KK-QKE-YALF-YKLDVVPINNNQGNRSNNS------------------------------------------NTEYRLI---NCNTSAI-T---QA, 0.0825, 0
0.350491, -2.6172, 82, POINT, I, VKLTPLCVTLNCTNVTNNITT-------------------------------------TMRGELKN----CSFNM-T-TE--IRD-KK-QKE-YALF-YKLDVVPINNNQGNRSNNS------------------------------------------NTEYRLI---NCNTSAI-T---QA, 0.1980, 0
0.352491, -123.5750, [63], CHUNK, ['I'], VKLTPLCVTLNCTNVTNNITD-------------------------------------TMRGEIKN----CSFNM-T-TE--LRD-KK-QKE-YALF-YKLDVVPINNNQGNRSNNS------------------------------------------NTEYRLI---NCNTSAI-T---QA, 0.0919, 0
0.355188, -119.6901, [74], CHUNK, ['I'], VKLTPLCVTLNCTNVTNNITD-------------------------------------TMRGELKN----CSFNI-T-TE--LRD-KK-QKE-YALF-YKLDVVPINNNQGNRSNNS------------------------------------------NTEYRLI---NCNTSAI-T---QA, 0.1153, 0
0.355188, -112.3940, [74], CHUNK, ['I'], VKLTPLCVTLNCTNVTNNITD-------------------------------------TMRGELKN----CSFNI-T-TE--LRD-KK-QKE-YALF-YKLDVVPINNNQGNRSNNS------------------------------------------NTEYRLI---NCNTSAI-T---QA, 0.2369, 0
0.347946, -125.7338, 20, POINT, N, VKLTPLCVTLNCTNVTNNITN-------------------------------------TMRGELKN----CSFNM-T-TE--LRD-KK-QKE-YALF-YKLDVVPINNNQGNRSNNS------------------------------------------NTEYRLI---NCNTSAI-T---QA, 0.0825, 1
0.348227, -125.1913, 87, POINT, V, VKLTPLCVTLNCTNVTNNITN-------------------------------------TMRGELKN----CSFNM-T-TE--LRD-KV-QKE-YALF-YKLDVVPINNNQGNRSNNS------------------------------------------NTEYRLI---NCNTSAI-T---QA, 0.0825, 0
0.350115, -123.7788, 174, POINT, T, VKLTPLCVTLNCTNVTNNITN-------------------------------------TMRGELKN----CSFNM-T-TE--LRD-KK-QKE-YALF-YKLDVVPINNNQGNRSNNS------------------------------------------NTEYRLI---NCNTSTI-T---QA, 0.0825, 0
0.357918, -112.8334, 74, POINT, I, VKLTPLCVTLNCTNVTNNITN-------------------------------------TMRGELKN----CSFNI-T-TE--LRD-KK-QKE-YALF-YKLDVVPINNNQGNRSNNS------------------------------------------NTEYRLI---NCNTSAI-T---QA, 0.2728, 0
0.354980, -100.2545, [169, 174], CHUNK, ['S', 'V'], VKLTPLCVTLNCTNVTNNITN-------------------------------------TMRGELKN----CSFNM-T-TE--LRD-KK-QKE-YALF-YKLDVVPINNNQGNRSNNS------------------------------------------NTEYRLI---SCNTSVI-T---QA, 0.2765, 0
0.349461, -115.4210, [74, 79], CHUNK, ['I', 'D'], VKLTPLCVTLNCTNVTNNITD-------------------------------------TMRGELKN----CSFNI-T-TD--LRD-KK-QKE-YALF-YKLDVVPINNNQGNRSNNS------------------------------------------NTEYRLI---NCNTSAI-T---QA, 0.2028, 1
0.358157, -115.3583, [63], CHUNK, ['I'], VKLTPLCVTLNCTNVTNNITD-------------------------------------TMRGEIKN----CSFNI-T-TD--LRD-KK-QKE-YALF-YKLDVVPINNNQGNRSNNS------------------------------------------NTEYRLI---NCNTSAI-T---QA, 0.2057, 0
0.353697, 1.7545, 82, POINT, I, VKLTPLCVTLNCTNVTNNITD-------------------------------------TMRGELKN----CSFNI-T-TD--IRD-KK-QKE-YALF-YKLDVVPINNNQGNRSNNS------------------------------------------NTEYRLI---NCNTSAI-T---QA, 0.2410, 0
0.358977, -13.2108, [79, 82], CHUNK, ['E', 'I'], VKLTPLCVTLNCTNVTNNITD-------------------------------------TMRGELKN----CSFNI-T-TE--IRD-KK-QKE-YALF-YKLDVVPINNNQGNRSNNS------------------------------------------NTEYRLI---NCNTSAI-T---QA, 0.4066, 0
0.356484, -115.0084, 161, POINT, S, VKLTPLCVTLNCTNVTNNITD-------------------------------------TMRGELKN----CSFNI-T-TD--LRD-KK-QKE-YALF-YKLDVVPINNNQGNRSNNS------------------------------------------NTSYRLI---NCNTSAI-T---QA, 0.2028, 0
0.349257, -122.2782, 74, POINT, T, VKLTPLCVTLNCTNVTNNITD-------------------------------------TMRGELKN----CSFNT-T-TE--LRD-KK-QKE-YALF-YKLDVVPINNNQGNRSNNS------------------------------------------NTEYRLI---NCNTSAI-T---QA, 0.0825, 1
0.356564, -120.4777, [63], CHUNK, ['I'], VKLTPLCVTLNCTNVTNNITD-------------------------------------TMRGEIKN----CSFNT-T-TE--LRD-KK-QKE-YALF-YKLDVVPINNNQGNRSNNS------------------------------------------NTEYRLI---NCNTSAI-T---QA, 0.0825, 1
0.363884, -117.8026, [74], CHUNK, ['I'], VKLTPLCVTLNCTNVTNNITD-------------------------------------TMRGEIKN----CSFNI-T-TE--LRD-KK-QKE-YALF-YKLDVVPINNNQGNRSNNS------------------------------------------NTEYRLI---NCNTSAI-T---QA, 0.0710, 0
0.363846, -101.6009, [174], CHUNK, ['V'], VKLTPLCVTLNCTNVTNNITD-------------------------------------TMRGEIKN----CSFNT-T-TE--LRD-KK-QKE-YALF-YKLDVVPINNNQGNRSNNS------------------------------------------NTEYRLI---NCNTSVI-T---QA, 0.2310, 0
0.363884, -116.4681, [74], CHUNK, ['I'], VKLTPLCVTLNCTNVTNNITD-------------------------------------TMRGEIKN----CSFNI-T-TE--LRD-KK-QKE-YALF-YKLDVVPINNNQGNRSNNS------------------------------------------NTEYRLI---NCNTSAI-T---QA, 0.1674, 0
0.363884, -114.1093, [74], CHUNK, ['I'], VKLTPLCVTLNCTNVTNNITD-------------------------------------TMRGEIKN----CSFNI-T-TE--LRD-KK-QKE-YALF-YKLDVVPINNNQGNRSNNS------------------------------------------NTEYRLI---NCNTSAI-T---QA, 0.1332, 0
0.359516, -122.8241, [108, 109, 110, 111, 112, 113], CHUNK, ['K', 'N', 'N', 'S', 'S', 'N'], VKLTPLCVTLNCTNVTNNITD-------------------------------------TMRGELKN----CSFNT-T-TE--LRD-KK-QKE-YALF-YKLDVVPINNKNNSSNNNS------------------------------------------NTEYRLI---NCNTSAI-T---QA, 0.0825, 1
0.366823, -121.0236, [63], CHUNK, ['I'], VKLTPLCVTLNCTNVTNNITD-------------------------------------TMRGEIKN----CSFNT-T-TE--LRD-KK-QKE-YALF-YKLDVVPINNKNNSSNNNS------------------------------------------NTEYRLI---NCNTSAI-T---QA, 0.0825, 1
0.374106, -102.7121, 174, POINT, V, VKLTPLCVTLNCTNVTNNITD-------------------------------------TMRGEIKN----CSFNT-T-TE--LRD-KK-QKE-YALF-YKLDVVPINNKNNSSNNNS------------------------------------------NTEYRLI---NCNTSVI-T---QA, 0.4117, 0
0.374144, -116.6376, [74], CHUNK, ['I'], VKLTPLCVTLNCTNVTNNITD-------------------------------------TMRGEIKN----CSFNI-T-TE--LRD-KK-QKE-YALF-YKLDVVPINNKNNSSNNNS------------------------------------------NTEYRLI---NCNTSAI-T---QA, 0.1845, 0
0.369848, -16.4057, 82, POINT, I, VKLTPLCVTLNCTNVTNNITD-------------------------------------TMRGEIKN----CSFNT-T-TE--IRD-KK-QKE-YALF-YKLDVVPINNKNNSSNNNS------------------------------------------NTEYRLI---NCNTSAI-T---QA, 0.1311, 0
0.373857, -98.1584, [169, 174], CHUNK, ['S', 'V'], VKLTPLCVTLNCTNVTNNITD-------------------------------------TMRGEIKN----CSFNT-T-TE--LRD-KK-QKE-YALF-YKLDVVPINNKNNSSNNNS------------------------------------------NTEYRLI---SCNTSVI-T---QA, 0.2438, 0
0.370039, -119.2453, [59, 60, 63], CHUNK, ['E', 'K', 'I'], VKLTPLCVTLNCTNVTNNITD-------------------------------------TEKGEIKN----CSFNT-T-TE--LRD-KK-QKE-YALF-YKLDVVPINNKNNSSNNNS------------------------------------------NTEYRLI---NCNTSAI-T---QA, 0.0837, 0
0.365448, -118.6832, [74], CHUNK, ['I'], VKLTPLCVTLNCTNVTNNITD-------------------------------------TMRGELKN----CSFNI-T-TE--LRD-KK-QKE-YALF-YKLDVVPINNKNNSSNNNS------------------------------------------NTEYRLI---NCNTSAI-T---QA, 0.2169, 0
0.366465, -122.7162, [161], CHUNK, ['S'], VKLTPLCVTLNCTNVTNNITD-------------------------------------TMRGELKN----CSFNT-T-TE--LRD-KK-QKE-YALF-YKLDVVPINNKNNSSNNNS------------------------------------------NTSYRLI---NCNTSAI-T---QA, 0.0882, 1
0.366916, -120.3543, 74, POINT, V, VKLTPLCVTLNCTNVTNNITD-------------------------------------TMRGELKN----CSFNV-T-TE--LRD-KK-QKE-YALF-YKLDVVPINNKNNSSNNNS------------------------------------------NTSYRLI---NCNTSAI-T---QA, 0.1033, 0
0.369490, -24.7034, 82, POINT, I, VKLTPLCVTLNCTNVTNNITD-------------------------------------TMRGELKN----CSFNT-T-TE--IRD-KK-QKE-YALF-YKLDVVPINNKNNSSNNNS------------------------------------------NTSYRLI---NCNTSAI-T---QA, 0.1840, 0
0.373747, -104.5713, [174], CHUNK, ['V'], VKLTPLCVTLNCTNVTNNITD-------------------------------------TMRGELKN----CSFNT-T-TE--LRD-KK-QKE-YALF-YKLDVVPINNKNNSSNNNS------------------------------------------NTSYRLI---NCNTSVI-T---QA, 0.2333, 0
0.373747, -104.4698, [174], CHUNK, ['V'], VKLTPLCVTLNCTNVTNNITD-------------------------------------TMRGELKN----CSFNT-T-TE--LRD-KK-QKE-YALF-YKLDVVPINNKNNSSNNNS------------------------------------------NTSYRLI---NCNTSVI-T---QA, 0.3241, 0
0.366799, -104.2340, 174, POINT, V, VKLTPLCVTLNCTNVTNNITD-------------------------------------TMRGELKN----CSFNT-T-TE--LRD-KK-QKE-YALF-YKLDVVPINNKNNSSNNNS------------------------------------------NTEYRLI---NCNTSVI-T---QA, 0.2769, 0
0.360459, -120.4781, 60, POINT, S, VKLTPLCVTLNCTNVTNNITD-------------------------------------TMSGELKN----CSFNT-T-TE--LRD-KK-QKE-YALF-YKLDVVPINNKNNSSNNNS------------------------------------------NTEYRLI---NCNTSAI-T---QA, 0.0825, 0
0.362541, -36.4275, 82, POINT, I, VKLTPLCVTLNCTNVTNNITD-------------------------------------TMRGELKN----CSFNT-T-TE--IRD-KK-QKE-YALF-YKLDVVPINNKNNSSNNNS------------------------------------------NTEYRLI---NCNTSAI-T---QA, 0.1921, 0
0.362541, -4.1895, 82, POINT, I, VKLTPLCVTLNCTNVTNNITD-------------------------------------TMRGELKN----CSFNT-T-TE--IRD-KK-QKE-YALF-YKLDVVPINNKNNSSNNNS------------------------------------------NTEYRLI---NCNTSAI-T---QA, 0.2356, 0
0.356564, -120.4777, [63], CHUNK, ['I'], VKLTPLCVTLNCTNVTNNITD-------------------------------------TMRGEIKN----CSFNT-T-TE--LRD-KK-QKE-YALF-YKLDVVPINNNQGNRSNNS------------------------------------------NTEYRLI---NCNTSAI-T---QA, 0.0825, 0
0.355188, -119.8521, 74, POINT, I, VKLTPLCVTLNCTNVTNNITD-------------------------------------TMRGELKN----CSFNI-T-TE--LRD-KK-QKE-YALF-YKLDVVPINNNQGNRSNNS------------------------------------------NTEYRLI---NCNTSAI-T---QA, 0.0886, 1
0.357985, -117.9289, 63, POINT, M, VKLTPLCVTLNCTNVTNNITD-------------------------------------TMRGEMKN----CSFNI-T-TE--LRD-KK-QKE-YALF-YKLDVVPINNNQGNRSNNS------------------------------------------NTEYRLI---NCNTSAI-T---QA, 0.0886, 1
0.365019, -94.7205, [169, 174], CHUNK, ['S', 'V'], VKLTPLCVTLNCTNVTNNITD-------------------------------------TMRGEMKN----CSFNI-T-TE--LRD-KK-QKE-YALF-YKLDVVPINNNQGNRSNNS------------------------------------------NTEYRLI---SCNTSVI-T---QA, 0.4823, 0
0.361066, -114.7515, 20, POINT, T, VKLTPLCVTLNCTNVTNNITT-------------------------------------TMRGEMKN----CSFNI-T-TE--LRD-KK-QKE-YALF-YKLDVVPINNNQGNRSNNS------------------------------------------NTEYRLI---NCNTSAI-T---QA, 0.0886, 0
0.358477, -117.7848, 59, POINT, D, VKLTPLCVTLNCTNVTNNITD-------------------------------------TDRGEMKN----CSFNI-T-TE--LRD-KK-QKE-YALF-YKLDVVPINNNQGNRSNNS------------------------------------------NTEYRLI---NCNTSAI-T---QA, 0.0886, 0
0.365268, -98.5699, [174], CHUNK, ['V'], VKLTPLCVTLNCTNVTNNITD-------------------------------------TMRGEMKN----CSFNI-T-TE--LRD-KK-QKE-YALF-YKLDVVPINNNQGNRSNNS------------------------------------------NTEYRLI---NCNTSVI-T---QA, 0.2979, 0
0.357539, -119.4299, [160, 161], CHUNK, ['S', 'S'], VKLTPLCVTLNCTNVTNNITD-------------------------------------TMRGELKN----CSFNI-T-TE--LRD-KK-QKE-YALF-YKLDVVPINNNQGNRSNNS------------------------------------------NSSYRLI---NCNTSAI-T---QA, 0.0887, 0
0.358300, -116.6952, 20, POINT, T, VKLTPLCVTLNCTNVTNNITT-------------------------------------TMRGELKN----CSFNI-T-TE--LRD-KK-QKE-YALF-YKLDVVPINNNQGNRSNNS------------------------------------------NTEYRLI---NCNTSAI-T---QA, 0.0862, 0
0.362222, -100.9479, [169, 174], CHUNK, ['S', 'V'], VKLTPLCVTLNCTNVTNNITD-------------------------------------TMRGELKN----CSFNI-T-TE--LRD-KK-QKE-YALF-YKLDVVPINNNQGNRSNNS------------------------------------------NTEYRLI---SCNTSVI-T---QA, 0.3747, 1
0.370931, -102.5404, [161], CHUNK, ['S'], VKLTPLCVTLNCTNVTNNITD-------------------------------------TMRGELKN----CSFNI-T-TE--LRD-KK-QKE-YALF-YKLDVVPINNNQGNRSNNS------------------------------------------NTSYRLI---SCNTSVI-T---QA, 0.4169, 0
0.366011, -6.0242, [82], CHUNK, ['I'], VKLTPLCVTLNCTNVTNNITD-------------------------------------TMRGELKN----CSFNI-T-TE--IRD-KK-QKE-YALF-YKLDVVPINNNQGNRSNNS------------------------------------------NTEYRLI---SCNTSVI-T---QA, 0.7131, 0
0.370918, -101.8158, 63, POINT, I, VKLTPLCVTLNCTNVTNNITD-------------------------------------TMRGEIKN----CSFNI-T-TE--LRD-KK-QKE-YALF-YKLDVVPINNNQGNRSNNS------------------------------------------NTEYRLI---SCNTSVI-T---QA, 0.4506, 0
0.368251, -21.8335, [79, 82, 87], CHUNK, ['N', 'I', 'I'], VKLTPLCVTLNCTNVTNNITD-------------------------------------TMRGELKN----CSFNI-T-TN--IRD-KI-QKE-YALF-YKLDVVPINNNQGNRSNNS------------------------------------------NTEYRLI---SCNTSVI-T---QA, 0.4434, 0
0.367100, -116.1771, [59, 60, 63], CHUNK, ['E', 'K', 'I'], VKLTPLCVTLNCTNVTNNITD-------------------------------------TEKGEIKN----CSFNI-T-TE--LRD-KK-QKE-YALF-YKLDVVPINNNQGNRSNNS------------------------------------------NTEYRLI---NCNTSAI-T---QA, 0.0848, 0
0.361461, -14.9763, [79, 82], CHUNK, ['N', 'I'], VKLTPLCVTLNCTNVTNNITD-------------------------------------TMRGELKN----CSFNI-T-TN--IRD-KK-QKE-YALF-YKLDVVPINNNQGNRSNNS------------------------------------------NTEYRLI---NCNTSAI-T---QA, 0.2254, 0
0.358977, -13.9287, 82, POINT, I, VKLTPLCVTLNCTNVTNNITD-------------------------------------TMRGELKN----CSFNI-T-TE--IRD-KK-QKE-YALF-YKLDVVPINNNQGNRSNNS------------------------------------------NTEYRLI---NCNTSAI-T---QA, 0.3514, 0
0.357693, -117.6334, 18, POINT, N, VKLTPLCVTLNCTNVTNNNTD-------------------------------------TMRGELKN----CSFNI-T-TE--LRD-KK-QKE-YALF-YKLDVVPINNNQGNRSNNS------------------------------------------NTEYRLI---NCNTSAI-T---QA, 0.1261, 0
0.350166, -122.4872, 59, POINT, E, VKLTPLCVTLNCTNVTNNITD-------------------------------------TERGELKN----CSFNT-T-TE--LRD-KK-QKE-YALF-YKLDVVPINNNQGNRSNNS------------------------------------------NTEYRLI---NCNTSAI-T---QA, 0.0825, 1
0.359779, -118.6685, [60, 63], CHUNK, ['K', 'I'], VKLTPLCVTLNCTNVTNNITD-------------------------------------TEKGEIKN----CSFNT-T-TE--LRD-KK-QKE-YALF-YKLDVVPINNNQGNRSNNS------------------------------------------NTEYRLI---NCNTSAI-T---QA, 0.0792, 1
0.360165, -118.6104, 106, POINT, D, VKLTPLCVTLNCTNVTNNITD-------------------------------------TEKGEIKN----CSFNT-T-TE--LRD-KK-QKE-YALF-YKLDVVPIDNNQGNRSNNS------------------------------------------NTEYRLI---NCNTSAI-T---QA, 0.0792, 1
0.367485, -115.1706, 74, POINT, I, VKLTPLCVTLNCTNVTNNITD-------------------------------------TEKGEIKN----CSFNI-T-TE--LRD-KK-QKE-YALF-YKLDVVPIDNNQGNRSNNS------------------------------------------NTEYRLI---NCNTSAI-T---QA, 0.0913, 0
0.367447, -99.1951, [174], CHUNK, ['V'], VKLTPLCVTLNCTNVTNNITD-------------------------------------TEKGEIKN----CSFNT-T-TE--LRD-KK-QKE-YALF-YKLDVVPIDNNQGNRSNNS------------------------------------------NTEYRLI---NCNTSVI-T---QA, 0.2567, 0
------END OF DATA------
Best coverage = 0.366823275139
Best sequence = VKLTPLCVTLNCTNVTNNITD-------------------------------------TMRGEIKN----CSFNT-T-TE--LRD-KK-QKE-YALF-YKLDVVPINNKNNSSNNNS------------------------------------------NTEYRLI---NCNTSAI-T---QA
Best energy = -121.023551667
Best RMSD = 0.082464300096
Hard Covereage = 0.0786079584326
Num epitopes = 69
