Name base = V1V2_70_exp_1_7_ni
Iters = 70
Soft coverage = 0.284621885725
Energy = -132.124386611
Hard Covereage = 0.0368019545157
Num epitopes = 65
Initial seq = VKLTPLCVTLQCTNVTNNITD-------------------------------------DMRGELKN----CSFNM-T-TE--LRD-KK-QKV-YSLF-YRLDVVQINENQGNRSNNS------------------------------------------NKEYRLI---NCNTSAI-T---QA
-------START OF DATA------
0.293003, -132.3008, 94, POINT, A, VKLTPLCVTLQCTNVTNNITD-------------------------------------DMRGELKN----CSFNM-T-TE--LRD-KK-QKV-YALF-YRLDVVQINENQGNRSNNS------------------------------------------NKEYRLI---NCNTSAI-T---QA, 0.0000, 1
0.299808, -130.3587, 99, POINT, K, VKLTPLCVTLQCTNVTNNITD-------------------------------------DMRGELKN----CSFNM-T-TE--LRD-KK-QKV-YALF-YKLDVVQINENQGNRSNNS------------------------------------------NKEYRLI---NCNTSAI-T---QA, 0.0000, 1
0.307090, -110.2492, 174, POINT, V, VKLTPLCVTLQCTNVTNNITD-------------------------------------DMRGELKN----CSFNM-T-TE--LRD-KK-QKV-YALF-YKLDVVQINENQGNRSNNS------------------------------------------NKEYRLI---NCNTSVI-T---QA, 0.3184, 0
0.303848, -126.0846, 74, POINT, T, VKLTPLCVTLQCTNVTNNITD-------------------------------------DMRGELKN----CSFNT-T-TE--LRD-KK-QKV-YALF-YKLDVVQINENQGNRSNNS------------------------------------------NKEYRLI---NCNTSAI-T---QA, 0.0281, 0
0.307090, -107.2737, 174, POINT, V, VKLTPLCVTLQCTNVTNNITD-------------------------------------DMRGELKN----CSFNM-T-TE--LRD-KK-QKV-YALF-YKLDVVQINENQGNRSNNS------------------------------------------NKEYRLI---NCNTSVI-T---QA, 0.1960, 0
0.314001, -128.8267, [10, 15, 16, 18], CHUNK, ['N', 'L', 'R', 'S'], VKLTPLCVTLNCTNVLRNSTD-------------------------------------DMRGELKN----CSFNM-T-TE--LRD-KK-QKV-YALF-YKLDVVQINENQGNRSNNS------------------------------------------NKEYRLI---NCNTSAI-T---QA, 0.0133, 1
0.326107, -127.9393, [160, 161], CHUNK, ['T', 'S'], VKLTPLCVTLNCTNVLRNSTD-------------------------------------DMRGELKN----CSFNM-T-TE--LRD-KK-QKV-YALF-YKLDVVQINENQGNRSNNS------------------------------------------NTSYRLI---NCNTSAI-T---QA, 0.0133, 1
0.330530, -128.0339, 104, POINT, P, VKLTPLCVTLNCTNVLRNSTD-------------------------------------DMRGELKN----CSFNM-T-TE--LRD-KK-QKV-YALF-YKLDVVPINENQGNRSNNS------------------------------------------NTSYRLI---NCNTSAI-T---QA, 0.0133, 0
0.336079, -85.6188, [74], CHUNK, ['I'], VKLTPLCVTLNCTNVLRNSTD-------------------------------------DMRGELKN----CSFNI-T-TE--LRD-KK-QKV-YALF-YKLDVVQINENQGNRSNNS------------------------------------------NTSYRLI---NCNTSAI-T---QA, 0.3299, 0
0.328276, -125.8014, 174, POINT, T, VKLTPLCVTLNCTNVLRNSTD-------------------------------------DMRGELKN----CSFNM-T-TE--LRD-KK-QKV-YALF-YKLDVVQINENQGNRSNNS------------------------------------------NTSYRLI---NCNTSTI-T---QA, 0.0133, 0
0.331376, -127.8524, 15, POINT, T, VKLTPLCVTLNCTNVTRNSTD-------------------------------------DMRGELKN----CSFNM-T-TE--LRD-KK-QKV-YALF-YKLDVVQINENQGNRSNNS------------------------------------------NTSYRLI---NCNTSAI-T---QA, 0.0133, 1
0.336308, -128.4845, 16, POINT, T, VKLTPLCVTLNCTNVTTNSTD-------------------------------------DMRGELKN----CSFNM-T-TE--LRD-KK-QKV-YALF-YKLDVVQINENQGNRSNNS------------------------------------------NTSYRLI---NCNTSAI-T---QA, 0.0324, 0
0.333028, -127.0725, 18, POINT, N, VKLTPLCVTLNCTNVTRNNTD-------------------------------------DMRGELKN----CSFNM-T-TE--LRD-KK-QKV-YALF-YKLDVVQINENQGNRSNNS------------------------------------------NTSYRLI---NCNTSAI-T---QA, 0.0279, 0
0.338659, -108.3575, 174, POINT, V, VKLTPLCVTLNCTNVTRNSTD-------------------------------------DMRGELKN----CSFNM-T-TE--LRD-KK-QKV-YALF-YKLDVVQINENQGNRSNNS------------------------------------------NTSYRLI---NCNTSVI-T---QA, 0.3480, 0
0.335260, -129.2909, 110, POINT, N, VKLTPLCVTLNCTNVTRNSTD-------------------------------------DMRGELKN----CSFNM-T-TE--LRD-KK-QKV-YALF-YKLDVVQINENQNNRSNNS------------------------------------------NTSYRLI---NCNTSAI-T---QA, 0.0133, 1
0.339829, -129.3855, 104, POINT, P, VKLTPLCVTLNCTNVTRNSTD-------------------------------------DMRGELKN----CSFNM-T-TE--LRD-KK-QKV-YALF-YKLDVVPINENQNNRSNNS------------------------------------------NTSYRLI---NCNTSAI-T---QA, 0.0133, 1
0.347111, -108.6425, 174, POINT, V, VKLTPLCVTLNCTNVTRNSTD-------------------------------------DMRGELKN----CSFNM-T-TE--LRD-KK-QKV-YALF-YKLDVVPINENQNNRSNNS------------------------------------------NTSYRLI---NCNTSVI-T---QA, 0.3345, 0
0.347099, -127.6629, 63, POINT, I, VKLTPLCVTLNCTNVTRNSTD-------------------------------------DMRGEIKN----CSFNM-T-TE--LRD-KK-QKV-YALF-YKLDVVPINENQNNRSNNS------------------------------------------NTSYRLI---NCNTSAI-T---QA, 0.0133, 0
0.349801, -109.5019, [74], CHUNK, ['I'], VKLTPLCVTLNCTNVTRNSTD-------------------------------------DMRGELKN----CSFNI-T-TE--LRD-KK-QKV-YALF-YKLDVVPINENQNNRSNNS------------------------------------------NTSYRLI---NCNTSAI-T---QA, 0.2150, 0
0.349801, -107.9206, [74], CHUNK, ['I'], VKLTPLCVTLNCTNVTRNSTD-------------------------------------DMRGELKN----CSFNI-T-TE--LRD-KK-QKV-YALF-YKLDVVPINENQNNRSNNS------------------------------------------NTSYRLI---NCNTSAI-T---QA, 0.4858, 0
0.345232, -82.7060, [74], CHUNK, ['I'], VKLTPLCVTLNCTNVTRNSTD-------------------------------------DMRGELKN----CSFNI-T-TE--LRD-KK-QKV-YALF-YKLDVVQINENQNNRSNNS------------------------------------------NTSYRLI---NCNTSAI-T---QA, 0.4362, 0
0.336932, -43.1638, 82, POINT, I, VKLTPLCVTLNCTNVTRNSTD-------------------------------------DMRGELKN----CSFNM-T-TE--IRD-KK-QKV-YALF-YKLDVVQINENQNNRSNNS------------------------------------------NTSYRLI---NCNTSAI-T---QA, 0.1240, 0
0.338422, -129.6084, 58, POINT, N, VKLTPLCVTLNCTNVTRNSTD-------------------------------------NMRGELKN----CSFNM-T-TE--LRD-KK-QKV-YALF-YKLDVVQINENQNNRSNNS------------------------------------------NTSYRLI---NCNTSAI-T---QA, 0.0133, 0
0.343979, -103.3349, [169, 174], CHUNK, ['S', 'V'], VKLTPLCVTLNCTNVTRNSTD-------------------------------------DMRGELKN----CSFNM-T-TE--LRD-KK-QKV-YALF-YKLDVVQINENQNNRSNNS------------------------------------------NTSYRLI---SCNTSVI-T---QA, 0.3101, 0
0.340096, -105.0855, [169, 174], CHUNK, ['S', 'V'], VKLTPLCVTLNCTNVTRNSTD-------------------------------------DMRGELKN----CSFNM-T-TE--LRD-KK-QKV-YALF-YKLDVVQINENQGNRSNNS------------------------------------------NTSYRLI---SCNTSVI-T---QA, 0.3299, 0
0.341162, -77.4477, [74, 79], CHUNK, ['I', 'N'], VKLTPLCVTLNCTNVTRNSTD-------------------------------------DMRGELKN----CSFNI-T-TN--LRD-KK-QKV-YALF-YKLDVVQINENQGNRSNNS------------------------------------------NTSYRLI---NCNTSAI-T---QA, 0.3909, 0
0.340096, -102.6122, [169, 174], CHUNK, ['S', 'V'], VKLTPLCVTLNCTNVTRNSTD-------------------------------------DMRGELKN----CSFNM-T-TE--LRD-KK-QKV-YALF-YKLDVVQINENQGNRSNNS------------------------------------------NTSYRLI---SCNTSVI-T---QA, 0.2686, 0
0.341348, -86.6396, [74], CHUNK, ['I'], VKLTPLCVTLNCTNVTRNSTD-------------------------------------DMRGELKN----CSFNI-T-TE--LRD-KK-QKV-YALF-YKLDVVQINENQGNRSNNS------------------------------------------NTSYRLI---NCNTSAI-T---QA, 0.5724, 0
0.336079, -81.9401, 74, POINT, I, VKLTPLCVTLNCTNVLRNSTD-------------------------------------DMRGELKN----CSFNI-T-TE--LRD-KK-QKV-YALF-YKLDVVQINENQGNRSNNS------------------------------------------NTSYRLI---NCNTSAI-T---QA, 0.3071, 0
0.330599, -111.4091, 74, POINT, V, VKLTPLCVTLNCTNVLRNSTD-------------------------------------DMRGELKN----CSFNV-T-TE--LRD-KK-QKV-YALF-YKLDVVQINENQGNRSNNS------------------------------------------NTSYRLI---NCNTSAI-T---QA, 0.2183, 0
0.333390, -104.4548, 174, POINT, V, VKLTPLCVTLNCTNVLRNSTD-------------------------------------DMRGELKN----CSFNM-T-TE--LRD-KK-QKV-YALF-YKLDVVQINENQGNRSNNS------------------------------------------NTSYRLI---NCNTSVI-T---QA, 0.2750, 1
0.335987, -102.1628, 20, POINT, T, VKLTPLCVTLNCTNVLRNSTT-------------------------------------DMRGELKN----CSFNM-T-TE--LRD-KK-QKV-YALF-YKLDVVQINENQGNRSNNS------------------------------------------NTSYRLI---NCNTSVI-T---QA, 0.3070, 0
0.334827, -105.8175, 169, POINT, S, VKLTPLCVTLNCTNVLRNSTD-------------------------------------DMRGELKN----CSFNM-T-TE--LRD-KK-QKV-YALF-YKLDVVQINENQGNRSNNS------------------------------------------NTSYRLI---SCNTSVI-T---QA, 0.3811, 1
0.342882, -99.6181, [14, 15, 16, 17, 18, 20], CHUNK, ['I', 'T', 'E', 'T', 'N', 'T'], VKLTPLCVTLNCTNITETNTT-------------------------------------DMRGELKN----CSFNM-T-TE--LRD-KK-QKV-YALF-YKLDVVQINENQGNRSNNS------------------------------------------NTSYRLI---SCNTSVI-T---QA, 0.3789, 0
0.344613, -67.2984, [74, 79], CHUNK, ['I', 'N'], VKLTPLCVTLNCTNVLRNSTD-------------------------------------DMRGELKN----CSFNI-T-TN--LRD-KK-QKV-YALF-YKLDVVQINENQGNRSNNS------------------------------------------NTSYRLI---SCNTSVI-T---QA, 0.6038, 0
0.339319, -89.4334, 74, POINT, V, VKLTPLCVTLNCTNVLRNSTD-------------------------------------DMRGELKN----CSFNV-T-TE--LRD-KK-QKV-YALF-YKLDVVQINENQGNRSNNS------------------------------------------NTSYRLI---SCNTSVI-T---QA, 0.6151, 0
0.344799, -59.1126, [74], CHUNK, ['I'], VKLTPLCVTLNCTNVLRNSTD-------------------------------------DMRGELKN----CSFNI-T-TE--LRD-KK-QKV-YALF-YKLDVVQINENQGNRSNNS------------------------------------------NTSYRLI---SCNTSVI-T---QA, 0.6095, 0
0.342656, -97.8963, [60, 63], CHUNK, ['T', 'I'], VKLTPLCVTLNCTNVLRNSTD-------------------------------------DMTGEIKN----CSFNM-T-TE--LRD-KK-QKV-YALF-YKLDVVQINENQGNRSNNS------------------------------------------NTSYRLI---NCNTSVI-T---QA, 0.2750, 0
0.337001, -107.2892, 107, POINT, N, VKLTPLCVTLNCTNVLRNSTD-------------------------------------DMRGELKN----CSFNM-T-TE--LRD-KK-QKV-YALF-YKLDVVQINNNQGNRSNNS------------------------------------------NTSYRLI---NCNTSVI-T---QA, 0.3484, 0
0.348990, 7.6464, [74, 79, 82], CHUNK, ['I', 'N', 'I'], VKLTPLCVTLNCTNVLRNSTD-------------------------------------DMRGELKN----CSFNI-T-TN--IRD-KK-QKV-YALF-YKLDVVQINENQGNRSNNS------------------------------------------NTSYRLI---NCNTSVI-T---QA, 0.4564, 0
0.343362, -79.0758, [74], CHUNK, ['I'], VKLTPLCVTLNCTNVLRNSTD-------------------------------------DMRGELKN----CSFNI-T-TE--LRD-KK-QKV-YALF-YKLDVVQINENQGNRSNNS------------------------------------------NTSYRLI---NCNTSVI-T---QA, 0.5926, 0
0.330397, -128.2314, 16, POINT, N, VKLTPLCVTLNCTNVLNNSTD-------------------------------------DMRGELKN----CSFNM-T-TE--LRD-KK-QKV-YALF-YKLDVVQINENQGNRSNNS------------------------------------------NTSYRLI---NCNTSAI-T---QA, 0.0133, 1
0.343929, 31.8516, [74, 79, 82], CHUNK, ['I', 'S', 'I'], VKLTPLCVTLNCTNVLNNSTD-------------------------------------DMRGELKN----CSFNI-T-TS--IRD-KK-QKV-YALF-YKLDVVQINENQGNRSNNS------------------------------------------NTSYRLI---NCNTSAI-T---QA, 0.4094, 0
0.340369, -85.2343, [74], CHUNK, ['I'], VKLTPLCVTLNCTNVLNNSTD-------------------------------------DMRGELKN----CSFNI-T-TE--LRD-KK-QKV-YALF-YKLDVVQINENQGNRSNNS------------------------------------------NTSYRLI---NCNTSAI-T---QA, 0.2754, 0
0.334889, -111.1594, 74, POINT, V, VKLTPLCVTLNCTNVLNNSTD-------------------------------------DMRGELKN----CSFNV-T-TE--LRD-KK-QKV-YALF-YKLDVVQINENQGNRSNNS------------------------------------------NTSYRLI---NCNTSAI-T---QA, 0.1541, 0
0.335164, -127.8734, 109, POINT, N, VKLTPLCVTLNCTNVLNNSTD-------------------------------------DMRGELKN----CSFNM-T-TE--LRD-KK-QKV-YALF-YKLDVVQINENNGNRSNNS------------------------------------------NTSYRLI---NCNTSAI-T---QA, 0.0133, 1
0.345136, -84.3379, [74], CHUNK, ['I'], VKLTPLCVTLNCTNVLNNSTD-------------------------------------DMRGELKN----CSFNI-T-TE--LRD-KK-QKV-YALF-YKLDVVQINENNGNRSNNS------------------------------------------NTSYRLI---NCNTSAI-T---QA, 0.3682, 0
0.345136, -109.0627, 74, POINT, I, VKLTPLCVTLNCTNVLNNSTD-------------------------------------DMRGELKN----CSFNI-T-TE--LRD-KK-QKV-YALF-YKLDVVQINENNGNRSNNS------------------------------------------NTSYRLI---NCNTSAI-T---QA, 0.2803, 0
0.342435, -126.1508, [63], CHUNK, ['I'], VKLTPLCVTLNCTNVLNNSTD-------------------------------------DMRGEIKN----CSFNM-T-TE--LRD-KK-QKV-YALF-YKLDVVQINENNGNRSNNS------------------------------------------NTSYRLI---NCNTSAI-T---QA, 0.0133, 0
0.339803, -128.0186, 104, POINT, P, VKLTPLCVTLNCTNVLNNSTD-------------------------------------DMRGELKN----CSFNM-T-TE--LRD-KK-QKV-YALF-YKLDVVPINENNGNRSNNS------------------------------------------NTSYRLI---NCNTSAI-T---QA, 0.0133, 1
0.340661, -128.4834, 59, POINT, E, VKLTPLCVTLNCTNVLNNSTD-------------------------------------DERGELKN----CSFNM-T-TE--LRD-KK-QKV-YALF-YKLDVVPINENNGNRSNNS------------------------------------------NTSYRLI---NCNTSAI-T---QA, 0.0133, 1
0.343477, -126.0255, 58, POINT, T, VKLTPLCVTLNCTNVLNNSTD-------------------------------------TERGELKN----CSFNM-T-TE--LRD-KK-QKV-YALF-YKLDVVPINENNGNRSNNS------------------------------------------NTSYRLI---NCNTSAI-T---QA, 0.0133, 0
0.342863, -123.2526, 60, POINT, T, VKLTPLCVTLNCTNVLNNSTD-------------------------------------DETGELKN----CSFNM-T-TE--LRD-KK-QKV-YALF-YKLDVVPINENNGNRSNNS------------------------------------------NTSYRLI---NCNTSAI-T---QA, 0.0133, 0
0.348071, -126.9357, [63], CHUNK, ['I'], VKLTPLCVTLNCTNVLNNSTD-------------------------------------DERGEIKN----CSFNM-T-TE--LRD-KK-QKV-YALF-YKLDVVPINENNGNRSNNS------------------------------------------NTSYRLI---NCNTSAI-T---QA, 0.0355, 0
0.350633, -91.7934, [74], CHUNK, ['I'], VKLTPLCVTLNCTNVLNNSTD-------------------------------------DERGELKN----CSFNI-T-TE--LRD-KK-QKV-YALF-YKLDVVPINENNGNRSNNS------------------------------------------NTSYRLI---NCNTSAI-T---QA, 0.4138, 0
0.346142, -126.0138, [87, 91], CHUNK, ['V', 'E'], VKLTPLCVTLNCTNVLNNSTD-------------------------------------DMRGELKN----CSFNM-T-TE--LRD-KV-QKE-YALF-YKLDVVPINENNGNRSNNS------------------------------------------NTSYRLI---NCNTSAI-T---QA, 0.0157, 0
0.343036, -127.4937, [13, 15], CHUNK, ['D', 'N'], VKLTPLCVTLNCTDVNNNSTD-------------------------------------DMRGELKN----CSFNM-T-TE--LRD-KK-QKV-YALF-YKLDVVPINENNGNRSNNS------------------------------------------NTSYRLI---NCNTSAI-T---QA, 0.0181, 0
0.349775, -87.8664, [74], CHUNK, ['I'], VKLTPLCVTLNCTNVLNNSTD-------------------------------------DMRGELKN----CSFNI-T-TE--LRD-KK-QKV-YALF-YKLDVVPINENNGNRSNNS------------------------------------------NTSYRLI---NCNTSAI-T---QA, 0.4390, 0
0.344144, -128.1314, 107, POINT, N, VKLTPLCVTLNCTNVLNNSTD-------------------------------------DMRGELKN----CSFNM-T-TE--LRD-KK-QKV-YALF-YKLDVVPINNNNGNRSNNS------------------------------------------NTSYRLI---NCNTSAI-T---QA, 0.0133, 1
0.354116, -89.9964, [74], CHUNK, ['I'], VKLTPLCVTLNCTNVLNNSTD-------------------------------------DMRGELKN----CSFNI-T-TE--LRD-KK-QKV-YALF-YKLDVVPINNNNGNRSNNS------------------------------------------NTSYRLI---NCNTSAI-T---QA, 0.2391, 0
0.354116, -83.0688, [74], CHUNK, ['I'], VKLTPLCVTLNCTNVLNNSTD-------------------------------------DMRGELKN----CSFNI-T-TE--LRD-KK-QKV-YALF-YKLDVVPINNNNGNRSNNS------------------------------------------NTSYRLI---NCNTSAI-T---QA, 0.3606, 0
0.345834, -127.2213, 58, POINT, S, VKLTPLCVTLNCTNVLNNSTD-------------------------------------SMRGELKN----CSFNM-T-TE--LRD-KK-QKV-YALF-YKLDVVPINNNNGNRSNNS------------------------------------------NTSYRLI---NCNTSAI-T---QA, 0.0133, 0
0.350201, -126.6019, 91, POINT, E, VKLTPLCVTLNCTNVLNNSTD-------------------------------------DMRGELKN----CSFNM-T-TE--LRD-KK-QKE-YALF-YKLDVVPINNNNGNRSNNS------------------------------------------NTSYRLI---NCNTSAI-T---QA, 0.0133, 0
0.348487, -119.0589, [58, 60, 63], CHUNK, ['E', 'I', 'I'], VKLTPLCVTLNCTNVLNNSTD-------------------------------------EMIGEIKN----CSFNM-T-TE--LRD-KK-QKV-YALF-YKLDVVPINENNGNRSNNS------------------------------------------NTSYRLI---NCNTSAI-T---QA, 0.0133, 0
0.349775, -85.4529, [74], CHUNK, ['I'], VKLTPLCVTLNCTNVLNNSTD-------------------------------------DMRGELKN----CSFNI-T-TE--LRD-KK-QKV-YALF-YKLDVVPINENNGNRSNNS------------------------------------------NTSYRLI---NCNTSAI-T---QA, 0.4627, 0
0.349775, -101.7962, [74], CHUNK, ['I'], VKLTPLCVTLNCTNVLNNSTD-------------------------------------DMRGELKN----CSFNI-T-TE--LRD-KK-QKV-YALF-YKLDVVPINENNGNRSNNS------------------------------------------NTSYRLI---NCNTSAI-T---QA, 0.4029, 0
0.345861, -126.4891, 91, POINT, E, VKLTPLCVTLNCTNVLNNSTD-------------------------------------DMRGELKN----CSFNM-T-TE--LRD-KK-QKE-YALF-YKLDVVPINENNGNRSNNS------------------------------------------NTSYRLI---NCNTSAI-T---QA, 0.0133, 1
0.354213, -106.7748, [74, 79], CHUNK, ['I', 'S'], VKLTPLCVTLNCTNVLNNSTD-------------------------------------DMRGELKN----CSFNI-T-TS--LRD-KK-QKE-YALF-YKLDVVPINENNGNRSNNS------------------------------------------NTSYRLI---NCNTSAI-T---QA, 0.2450, 1
0.364830, 3.5665, [79, 82, 87], CHUNK, ['N', 'I', 'V'], VKLTPLCVTLNCTNVLNNSTD-------------------------------------DMRGELKN----CSFNI-T-TN--IRD-KV-QKE-YALF-YKLDVVPINENNGNRSNNS------------------------------------------NTSYRLI---NCNTSAI-T---QA, 0.4015, 0
0.362932, -95.7530, [169, 174], CHUNK, ['S', 'V'], VKLTPLCVTLNCTNVLNNSTD-------------------------------------DMRGELKN----CSFNI-T-TS--LRD-KK-QKE-YALF-YKLDVVPINENNGNRSNNS------------------------------------------NTSYRLI---SCNTSVI-T---QA, 0.5000, 0
------END OF DATA------
Best coverage = 0.354212547524
Best sequence = VKLTPLCVTLNCTNVLNNSTD-------------------------------------DMRGELKN----CSFNI-T-TS--LRD-KK-QKE-YALF-YKLDVVPINENNGNRSNNS------------------------------------------NTSYRLI---NCNTSAI-T---QA
Best energy = -106.774831006
Best RMSD = 0.244992360473
Hard Covereage = 0.0793737569923
Num epitopes = 65
