Name base = V1V2_10000_sq_6_4_0.0075_ni
Iters = 10000
Soft coverage = 1.31203964383
Energy = -128.717377515
Hard Covereage = 0.0368019545157
Num epitopes = 65
Initial seq = VKLTPLCVTLQCTNVTNNITD-------------------------------------DMRGELKN----CSFNM-T-TE--LRD-KK-QKV-YSLF-YRLDVVQINENQGNRSNNS------------------------------------------NKEYRLI---NCNTSAI-T---QA
-------START OF DATA------
1.329205, -78.0290, 74, POINT, I, VKLTPLCVTLQCTNVTNNITD-------------------------------------DMRGELKN----CSFNI-T-TE--LRD-KK-QKV-YSLF-YRLDVVQINENQGNRSNNS------------------------------------------NKEYRLI---NCNTSAI-T---QA, 0.4549, 1, 0.036802
1.334543, -83.7666, 101, POINT, N, VKLTPLCVTLQCTNVTNNITD-------------------------------------DMRGELKN----CSFNI-T-TE--LRD-KK-QKV-YSLF-YRLNVVQINENQGNRSNNS------------------------------------------NKEYRLI---NCNTSAI-T---QA, 0.5428, 1, 0.041787
1.325949, 20.0619, [82, 84], CHUNK, ['I', 'G'], VKLTPLCVTLQCTNVTNNITD-------------------------------------DMRGELKN----CSFNI-T-TE--IRG-KK-QKV-YSLF-YRLNVVQINENQGNRSNNS------------------------------------------NKEYRLI---NCNTSAI-T---QA, 0.8418, 0, 0.041787
1.322916, -85.4147, 82, POINT, M, VKLTPLCVTLQCTNVTNNITD-------------------------------------DMRGELKN----CSFNI-T-TE--MRD-KK-QKV-YSLF-YRLNVVQINENQGNRSNNS------------------------------------------NKEYRLI---NCNTSAI-T---QA, 0.5616, 1, 0.041787
1.344621, -92.5496, 79, POINT, N, VKLTPLCVTLQCTNVTNNITD-------------------------------------DMRGELKN----CSFNI-T-TN--MRD-KK-QKV-YSLF-YRLNVVQINENQGNRSNNS------------------------------------------NKEYRLI---NCNTSAI-T---QA, 0.6728, 1, 0.041787
1.374068, -99.0130, [160, 161], CHUNK, ['S', 'N'], VKLTPLCVTLQCTNVTNNITD-------------------------------------DMRGELKN----CSFNI-T-TN--MRD-KK-QKV-YSLF-YRLNVVQINENQGNRSNNS------------------------------------------NSNYRLI---NCNTSAI-T---QA, 0.6125, 1, 0.038916
1.382986, -102.3218, 98, POINT, N, VKLTPLCVTLQCTNVTNNITD-------------------------------------DMRGELKN----CSFNI-T-TN--MRD-KK-QKV-YSLF-NRLNVVQINENQGNRSNNS------------------------------------------NSNYRLI---NCNTSAI-T---QA, 0.5455, 1, 0.037805
1.392842, -101.7092, [59, 63], CHUNK, ['E', 'I'], VKLTPLCVTLQCTNVTNNITD-------------------------------------DERGEIKN----CSFNI-T-TN--MRD-KK-QKV-YSLF-NRLNVVQINENQGNRSNNS------------------------------------------NSNYRLI---NCNTSAI-T---QA, 0.5455, 1, 0.037805
1.411785, -102.6159, [10, 13], CHUNK, ['N', 'D'], VKLTPLCVTLNCTDVTNNITD-------------------------------------DERGEIKN----CSFNI-T-TN--MRD-KK-QKV-YSLF-NRLNVVQINENQGNRSNNS------------------------------------------NSNYRLI---NCNTSAI-T---QA, 0.5455, 1, 0.047331
1.419848, -102.1805, 165, POINT, T, VKLTPLCVTLNCTDVTNNITD-------------------------------------DERGEIKN----CSFNI-T-TN--MRD-KK-QKV-YSLF-NRLNVVQINENQGNRSNNS------------------------------------------NSNYRLT---NCNTSAI-T---QA, 0.5479, 1, 0.075860
1.425027, -101.5130, 62, POINT, T, VKLTPLCVTLNCTDVTNNITD-------------------------------------DERGTIKN----CSFNI-T-TN--MRD-KK-QKV-YSLF-NRLNVVQINENQGNRSNNS------------------------------------------NSNYRLT---NCNTSAI-T---QA, 0.5479, 1, 0.068182
1.439704, -100.7356, [174], CHUNK, ['T'], VKLTPLCVTLNCTDVTNNITD-------------------------------------DERGTIKN----CSFNI-T-TN--MRD-KK-QKV-YSLF-NRLNVVQINENQGNRSNNS------------------------------------------NSNYRLT---NCNTSTI-T---QA, 0.5479, 1, 0.061070
1.455414, -100.8042, 160, POINT, T, VKLTPLCVTLNCTDVTNNITD-------------------------------------DERGTIKN----CSFNI-T-TN--MRD-KK-QKV-YSLF-NRLNVVQINENQGNRSNNS------------------------------------------NTNYRLT---NCNTSTI-T---QA, 0.5479, 1, 0.060841
1.455060, -100.0918, 161, POINT, S, VKLTPLCVTLNCTDVTNNITD-------------------------------------DERGTIKN----CSFNI-T-TN--MRD-KK-QKV-YSLF-NRLNVVQINENQGNRSNNS------------------------------------------NTSYRLT---NCNTSTI-T---QA, 0.5479, 1, 0.060841
1.452563, -97.1276, 91, POINT, D, VKLTPLCVTLNCTDVTNNITD-------------------------------------DERGTIKN----CSFNI-T-TN--MRD-KK-QKD-YSLF-NRLNVVQINENQGNRSNNS------------------------------------------NTSYRLT---NCNTSTI-T---QA, 0.5479, 1, 0.060841
1.476096, -97.2683, 107, POINT, N, VKLTPLCVTLNCTDVTNNITD-------------------------------------DERGTIKN----CSFNI-T-TN--MRD-KK-QKD-YSLF-NRLNVVQINNNQGNRSNNS------------------------------------------NTSYRLT---NCNTSTI-T---QA, 0.5479, 1, 0.060841
1.506308, -97.0070, 13, POINT, N, VKLTPLCVTLNCTNVTNNITD-------------------------------------DERGTIKN----CSFNI-T-TN--MRD-KK-QKD-YSLF-NRLNVVQINNNQGNRSNNS------------------------------------------NTSYRLT---NCNTSTI-T---QA, 0.5479, 1, 0.060841
1.510864, -98.7371, 91, POINT, E, VKLTPLCVTLNCTNVTNNITD-------------------------------------DERGTIKN----CSFNI-T-TN--MRD-KK-QKE-YSLF-NRLNVVQINNNQGNRSNNS------------------------------------------NTSYRLT---NCNTSTI-T---QA, 0.5479, 1, 0.058608
1.511726, -97.9838, 107, POINT, T, VKLTPLCVTLNCTNVTNNITD-------------------------------------DERGTIKN----CSFNI-T-TN--MRD-KK-QKE-YSLF-NRLNVVQINTNQGNRSNNS------------------------------------------NTSYRLT---NCNTSTI-T---QA, 0.5479, 1, 0.058608
1.521061, -98.6807, [82, 83], CHUNK, ['L', 'K'], VKLTPLCVTLNCTNVTNNITD-------------------------------------DERGTIKN----CSFNI-T-TN--LKD-KK-QKE-YSLF-NRLNVVQINTNQGNRSNNS------------------------------------------NTSYRLT---NCNTSTI-T---QA, 0.5479, 1, 0.058608
1.517961, -94.3452, [74], CHUNK, ['V'], VKLTPLCVTLNCTNVTNNITD-------------------------------------DERGTIKN----CSFNV-T-TN--LKD-KK-QKE-YSLF-NRLNVVQINTNQGNRSNNS------------------------------------------NTSYRLT---NCNTSTI-T---QA, 0.5350, 1, 0.058608
1.547089, -95.4360, [89, 90, 94], CHUNK, ['N', 'T', 'A'], VKLTPLCVTLNCTNVTNNITD-------------------------------------DERGTIKN----CSFNV-T-TN--LKD-KK-NTE-YALF-NRLNVVQINTNQGNRSNNS------------------------------------------NTSYRLT---NCNTSTI-T---QA, 0.5115, 1, 0.058608
1.548124, -95.4209, [83], CHUNK, ['R'], VKLTPLCVTLNCTNVTNNITD-------------------------------------DERGTIKN----CSFNV-T-TN--LRD-KK-NTE-YALF-NRLNVVQINTNQGNRSNNS------------------------------------------NTSYRLT---NCNTSTI-T---QA, 0.5115, 1, 0.052775
1.551826, -93.6428, [16, 18, 20], CHUNK, ['S', 'S', 'S'], VKLTPLCVTLNCTNVTSNSTS-------------------------------------DERGTIKN----CSFNV-T-TN--LRD-KK-NTE-YALF-NRLNVVQINTNQGNRSNNS------------------------------------------NTSYRLT---NCNTSTI-T---QA, 0.5115, 1, 0.052775
1.537293, -93.0256, [64], CHUNK, ['R'], VKLTPLCVTLNCTNVTSNSTS-------------------------------------DERGTIRN----CSFNV-T-TN--LRD-KK-NTE-YALF-NRLNVVQINTNQGNRSNNS------------------------------------------NTSYRLT---NCNTSTI-T---QA, 0.5115, 1, 0.052775
1.534339, -88.5740, [99, 101, 102, 104], CHUNK, ['I', 'D', 'I', 'P'], VKLTPLCVTLNCTNVTSNSTS-------------------------------------DERGTIRN----CSFNV-T-TN--LRD-KK-NTE-YALF-NILDIVPINTNQGNRSNNS------------------------------------------NTSYRLT---NCNTSTI-T---QA, 0.5830, 1, 0.052775
1.535467, -89.6837, [98, 99], CHUNK, ['Y', 'N'], VKLTPLCVTLNCTNVTSNSTS-------------------------------------DERGTIRN----CSFNV-T-TN--LRD-KK-NTE-YALF-YNLDIVPINTNQGNRSNNS------------------------------------------NTSYRLT---NCNTSTI-T---QA, 0.5830, 1, 0.052775
1.550001, -90.1834, [64], CHUNK, ['K'], VKLTPLCVTLNCTNVTSNSTS-------------------------------------DERGTIKN----CSFNV-T-TN--LRD-KK-NTE-YALF-YNLDIVPINTNQGNRSNNS------------------------------------------NTSYRLT---NCNTSTI-T---QA, 0.5830, 1, 0.052775
1.545245, -90.0352, 181, POINT, H, VKLTPLCVTLNCTNVTSNSTS-------------------------------------DERGTIKN----CSFNV-T-TN--LRD-KK-NTE-YALF-YNLDIVPINTNQGNRSNNS------------------------------------------NTSYRLT---NCNTSTI-T---HA, 0.6056, 1, 0.052775
1.548933, -88.5959, [71], CHUNK, ['T'], VKLTPLCVTLNCTNVTSNSTS-------------------------------------DERGTIKN----CTFNV-T-TN--LRD-KK-NTE-YALF-YNLDIVPINTNQGNRSNNS------------------------------------------NTSYRLT---NCNTSTI-T---HA, 0.6056, 1, 0.052775
1.565492, -41.0188, [82, 84], CHUNK, ['I', 'N'], VKLTPLCVTLNCTNVTSNSTS-------------------------------------DERGTIKN----CTFNV-T-TN--IRN-KK-NTE-YALF-YNLDIVPINTNQGNRSNNS------------------------------------------NTSYRLT---NCNTSTI-T---HA, 0.9178, 1, 0.052775
1.564023, -50.4561, 96, POINT, L, VKLTPLCVTLNCTNVTSNSTS-------------------------------------DERGTIKN----CTFNV-T-TN--IRN-KK-NTE-YALL-YNLDIVPINTNQGNRSNNS------------------------------------------NTSYRLT---NCNTSTI-T---HA, 1.0054, 1, 0.048126
1.552654, -56.0725, [84], CHUNK, ['D'], VKLTPLCVTLNCTNVTSNSTS-------------------------------------DERGTIKN----CTFNV-T-TN--IRD-KK-NTE-YALL-YNLDIVPINTNQGNRSNNS------------------------------------------NTSYRLT---NCNTSTI-T---HA, 1.1028, 1, 0.048126
1.566145, -55.5028, [116], CHUNK, ['N'], VKLTPLCVTLNCTNVTSNSTS-------------------------------------DERGTIKN----CTFNV-T-TN--IRD-KK-NTE-YALL-YNLDIVPINTNQGNRSNNN------------------------------------------NTSYRLT---NCNTSTI-T---HA, 1.1131, 1, 0.048126
1.555822, -49.9583, [174], CHUNK, ['I'], VKLTPLCVTLNCTNVTSNSTS-------------------------------------DERGTIKN----CTFNV-T-TN--IRD-KK-NTE-YALL-YNLDIVPINTNQGNRSNNN------------------------------------------NTSYRLT---NCNTSII-T---HA, 1.6703, 1, 0.047900
1.561438, -50.7341, [96, 98, 99], CHUNK, ['F', 'N', 'K'], VKLTPLCVTLNCTNVTSNSTS-------------------------------------DERGTIKN----CTFNV-T-TN--IRD-KK-NTE-YALF-NKLDIVPINTNQGNRSNNN------------------------------------------NTSYRLT---NCNTSII-T---HA, 1.6703, 1, 0.047900
1.585584, -51.9694, 58, POINT, T, VKLTPLCVTLNCTNVTSNSTS-------------------------------------TERGTIKN----CTFNV-T-TN--IRD-KK-NTE-YALF-NKLDIVPINTNQGNRSNNN------------------------------------------NTSYRLT---NCNTSII-T---HA, 1.6904, 1, 0.047900
1.568847, -53.5035, 89, POINT, K, VKLTPLCVTLNCTNVTSNSTS-------------------------------------TERGTIKN----CTFNV-T-TN--IRD-KK-KTE-YALF-NKLDIVPINTNQGNRSNNN------------------------------------------NTSYRLT---NCNTSII-T---HA, 1.7279, 1, 0.047900
1.561629, -54.7684, 164, POINT, I, VKLTPLCVTLNCTNVTSNSTS-------------------------------------TERGTIKN----CTFNV-T-TN--IRD-KK-KTE-YALF-NKLDIVPINTNQGNRSNNN------------------------------------------NTSYRIT---NCNTSII-T---HA, 1.6167, 1, 0.047900
1.561235, -60.8387, 87, POINT, V, VKLTPLCVTLNCTNVTSNSTS-------------------------------------TERGTIKN----CTFNV-T-TN--IRD-KV-KTE-YALF-NKLDIVPINTNQGNRSNNN------------------------------------------NTSYRIT---NCNTSII-T---HA, 1.7067, 1, 0.047900
1.562231, -63.4898, [174], CHUNK, ['V'], VKLTPLCVTLNCTNVTSNSTS-------------------------------------TERGTIKN----CTFNV-T-TN--IRD-KV-KTE-YALF-NKLDIVPINTNQGNRSNNN------------------------------------------NTSYRIT---NCNTSVI-T---HA, 1.7067, 1, 0.047900
1.580872, -64.2222, 16, POINT, N, VKLTPLCVTLNCTNVTNNSTS-------------------------------------TERGTIKN----CTFNV-T-TN--IRD-KV-KTE-YALF-NKLDIVPINTNQGNRSNNN------------------------------------------NTSYRIT---NCNTSVI-T---HA, 1.7906, 1, 0.047900
1.578301, -66.0301, 60, POINT, G, VKLTPLCVTLNCTNVTNNSTS-------------------------------------TEGGTIKN----CTFNV-T-TN--IRD-KV-KTE-YALF-NKLDIVPINTNQGNRSNNN------------------------------------------NTSYRIT---NCNTSVI-T---HA, 1.7906, 1, 0.047900
1.580731, -66.4570, [102], CHUNK, ['V'], VKLTPLCVTLNCTNVTNNSTS-------------------------------------TEGGTIKN----CTFNV-T-TN--IRD-KV-KTE-YALF-NKLDVVPINTNQGNRSNNN------------------------------------------NTSYRIT---NCNTSVI-T---HA, 1.7479, 1, 0.047900
1.579735, -68.4014, [174], CHUNK, ['I'], VKLTPLCVTLNCTNVTNNSTS-------------------------------------TEGGTIKN----CTFNV-T-TN--IRD-KV-KTE-YALF-NKLDVVPINTNQGNRSNNN------------------------------------------NTSYRIT---NCNTSII-T---HA, 2.1974, 0, 0.047900
1.586602, -68.8230, 99, POINT, N, VKLTPLCVTLNCTNVTNNSTS-------------------------------------TEGGTIKN----CTFNV-T-TN--IRD-KV-KTE-YALF-NNLDVVPINTNQGNRSNNN------------------------------------------NTSYRIT---NCNTSVI-T---HA, 1.7288, 1, 0.047900
1.594930, -71.9790, [174], CHUNK, ['T'], VKLTPLCVTLNCTNVTNNSTS-------------------------------------TEGGTIKN----CTFNV-T-TN--IRD-KV-KTE-YALF-NNLDVVPINTNQGNRSNNN------------------------------------------NTSYRIT---NCNTSTI-T---HA, 1.8694, 1, 0.047900
1.610371, -74.7717, [74], CHUNK, ['T'], VKLTPLCVTLNCTNVTNNSTS-------------------------------------TEGGTIKN----CTFNT-T-TN--IRD-KV-KTE-YALF-NNLDVVPINTNQGNRSNNN------------------------------------------NTSYRIT---NCNTSTI-T---HA, 1.8030, 1, 0.047900
1.622175, -76.1747, 83, POINT, S, VKLTPLCVTLNCTNVTNNSTS-------------------------------------TEGGTIKN----CTFNT-T-TN--ISD-KV-KTE-YALF-NNLDVVPINTNQGNRSNNN------------------------------------------NTSYRIT---NCNTSTI-T---HA, 1.6922, 1, 0.047900
1.613847, -74.0803, [174], CHUNK, ['V'], VKLTPLCVTLNCTNVTNNSTS-------------------------------------TEGGTIKN----CTFNT-T-TN--ISD-KV-KTE-YALF-NNLDVVPINTNQGNRSNNN------------------------------------------NTSYRIT---NCNTSVI-T---HA, 1.6922, 1, 0.047900
1.636757, -73.2383, 59, POINT, T, VKLTPLCVTLNCTNVTNNSTS-------------------------------------TTGGTIKN----CTFNT-T-TN--ISD-KV-KTE-YALF-NNLDVVPINTNQGNRSNNN------------------------------------------NTSYRIT---NCNTSVI-T---HA, 1.6922, 1, 0.047900
1.645214, -73.1970, [164], CHUNK, ['L'], VKLTPLCVTLNCTNVTNNSTS-------------------------------------TTGGTIKN----CTFNT-T-TN--ISD-KV-KTE-YALF-NNLDVVPINTNQGNRSNNN------------------------------------------NTSYRLT---NCNTSVI-T---HA, 1.7073, 1, 0.047900
1.650154, -74.4447, [181], CHUNK, ['Q'], VKLTPLCVTLNCTNVTNNSTS-------------------------------------TTGGTIKN----CTFNT-T-TN--ISD-KV-KTE-YALF-NNLDVVPINTNQGNRSNNN------------------------------------------NTSYRLT---NCNTSVI-T---QA, 1.5896, 1, 0.047900
1.666373, -72.4759, 18, POINT, N, VKLTPLCVTLNCTNVTNNNTS-------------------------------------TTGGTIKN----CTFNT-T-TN--ISD-KV-KTE-YALF-NNLDVVPINTNQGNRSNNN------------------------------------------NTSYRLT---NCNTSVI-T---QA, 1.5896, 1, 0.055050
1.659823, -72.1939, 90, POINT, K, VKLTPLCVTLNCTNVTNNNTS-------------------------------------TTGGTIKN----CTFNT-T-TN--ISD-KV-KKE-YALF-NNLDVVPINTNQGNRSNNN------------------------------------------NTSYRLT---NCNTSVI-T---QA, 1.5896, 1, 0.055050
1.659407, -72.2629, 96, POINT, L, VKLTPLCVTLNCTNVTNNNTS-------------------------------------TTGGTIKN----CTFNT-T-TN--ISD-KV-KKE-YALL-NNLDVVPINTNQGNRSNNN------------------------------------------NTSYRLT---NCNTSVI-T---QA, 1.6030, 1, 0.055050
1.662257, -43.0643, [161, 163], CHUNK, ['N', 'I'], VKLTPLCVTLNCTNVTNNNTS-------------------------------------TTGGTIKN----CTFNT-T-TN--ISD-KV-KKE-YALL-NNLDVVPINTNQGNRSNNN------------------------------------------NTNYILT---NCNTSVI-T---QA, 1.4186, 1, 0.055050
1.677705, -53.7952, 104, POINT, S, VKLTPLCVTLNCTNVTNNNTS-------------------------------------TTGGTIKN----CTFNT-T-TN--ISD-KV-KKE-YALL-NNLDVVSINTNQGNRSNNN------------------------------------------NTNYILT---NCNTSVI-T---QA, 1.5228, 1, 0.055050
1.686065, -61.0057, [174], CHUNK, ['T'], VKLTPLCVTLNCTNVTNNNTS-------------------------------------TTGGTIKN----CTFNT-T-TN--ISD-KV-KKE-YALL-NNLDVVSINTNQGNRSNNN------------------------------------------NTNYILT---NCNTSTI-T---QA, 1.6000, 1, 0.055332
1.682316, -60.0081, 18, POINT, T, VKLTPLCVTLNCTNVTNNTTS-------------------------------------TTGGTIKN----CTFNT-T-TN--ISD-KV-KKE-YALL-NNLDVVSINTNQGNRSNNN------------------------------------------NTNYILT---NCNTSTI-T---QA, 1.6000, 1, 0.050485
1.687734, -57.3344, [71, 72], CHUNK, ['S', 'S'], VKLTPLCVTLNCTNVTNNTTS-------------------------------------TTGGTIKN----CSSNT-T-TN--ISD-KV-KKE-YALL-NNLDVVSINTNQGNRSNNN------------------------------------------NTNYILT---NCNTSTI-T---QA, 1.6000, 1, 0.050485
1.687037, -57.5054, 161, POINT, S, VKLTPLCVTLNCTNVTNNTTS-------------------------------------TTGGTIKN----CSSNT-T-TN--ISD-KV-KKE-YALL-NNLDVVSINTNQGNRSNNN------------------------------------------NTSYILT---NCNTSTI-T---QA, 1.6788, 1, 0.050485
1.726011, -57.0716, 109, POINT, N, VKLTPLCVTLNCTNVTNNTTS-------------------------------------TTGGTIKN----CSSNT-T-TN--ISD-KV-KKE-YALL-NNLDVVSINTNNGNRSNNN------------------------------------------NTSYILT---NCNTSTI-T---QA, 1.6788, 1, 0.050485
1.727143, -70.4572, [163, 165], CHUNK, ['T', 'I'], VKLTPLCVTLNCTNVTNNTTS-------------------------------------TTGGTIKN----CSSNT-T-TN--ISD-KV-KKE-YALL-NNLDVVSINTNNGNRSNNN------------------------------------------NTSYTLI---NCNTSTI-T---QA, 1.6213, 1, 0.050485
1.721166, -71.4187, 84, POINT, K, VKLTPLCVTLNCTNVTNNTTS-------------------------------------TTGGTIKN----CSSNT-T-TN--ISK-KV-KKE-YALL-NNLDVVSINTNNGNRSNNN------------------------------------------NTSYTLI---NCNTSTI-T---QA, 1.5098, 1, 0.052827
1.728729, -70.3921, 60, POINT, D, VKLTPLCVTLNCTNVTNNTTS-------------------------------------TTDGTIKN----CSSNT-T-TN--ISK-KV-KKE-YALL-NNLDVVSINTNNGNRSNNN------------------------------------------NTSYTLI---NCNTSTI-T---QA, 1.5098, 1, 0.052827
1.736074, -70.6132, 90, POINT, T, VKLTPLCVTLNCTNVTNNTTS-------------------------------------TTDGTIKN----CSSNT-T-TN--ISK-KV-KTE-YALL-NNLDVVSINTNNGNRSNNN------------------------------------------NTSYTLI---NCNTSTI-T---QA, 1.5098, 1, 0.052544
1.728410, -71.7494, 1, POINT, Q, VQLTPLCVTLNCTNVTNNTTS-------------------------------------TTDGTIKN----CSSNT-T-TN--ISK-KV-KTE-YALL-NNLDVVSINTNNGNRSNNN------------------------------------------NTSYTLI---NCNTSTI-T---QA, 1.6283, 1, 0.052544
1.781805, -72.0523, [110, 111, 112, 113, 114], CHUNK, ['S', 'S', 'N', 'N', 'S'], VQLTPLCVTLNCTNVTNNTTS-------------------------------------TTDGTIKN----CSSNT-T-TN--ISK-KV-KTE-YALL-NNLDVVSINTNNSSNNSNN------------------------------------------NTSYTLI---NCNTSTI-T---QA, 1.6283, 1, 0.052544
1.766574, -65.2888, [87, 89, 90, 91], CHUNK, ['K', 'Q', 'K', 'V'], VQLTPLCVTLNCTNVTNNTTS-------------------------------------TTDGTIKN----CSSNT-T-TN--ISK-KK-QKV-YALL-NNLDVVSINTNNSSNNSNN------------------------------------------NTSYTLI---NCNTSTI-T---QA, 1.8135, 1, 0.031341
1.774431, -66.7209, 71, POINT, T, VQLTPLCVTLNCTNVTNNTTS-------------------------------------TTDGTIKN----CTSNT-T-TN--ISK-KK-QKV-YALL-NNLDVVSINTNNSSNNSNN------------------------------------------NTSYTLI---NCNTSTI-T---QA, 1.8050, 1, 0.031341
1.779047, -67.2810, 84, POINT, D, VQLTPLCVTLNCTNVTNNTTS-------------------------------------TTDGTIKN----CTSNT-T-TN--ISD-KK-QKV-YALL-NNLDVVSINTNNSSNNSNN------------------------------------------NTSYTLI---NCNTSTI-T---QA, 1.7967, 1, 0.031341
1.772574, -66.4541, 109, POINT, T, VQLTPLCVTLNCTNVTNNTTS-------------------------------------TTDGTIKN----CTSNT-T-TN--ISD-KK-QKV-YALL-NNLDVVSINTNTSSNNSNN------------------------------------------NTSYTLI---NCNTSTI-T---QA, 1.7967, 1, 0.031341
1.785927, -63.5075, 20, POINT, T, VQLTPLCVTLNCTNVTNNTTT-------------------------------------TTDGTIKN----CTSNT-T-TN--ISD-KK-QKV-YALL-NNLDVVSINTNTSSNNSNN------------------------------------------NTSYTLI---NCNTSTI-T---QA, 1.7967, 1, 0.031341
1.788309, -63.0279, 18, POINT, N, VQLTPLCVTLNCTNVTNNNTT-------------------------------------TTDGTIKN----CTSNT-T-TN--ISD-KK-QKV-YALL-NNLDVVSINTNTSSNNSNN------------------------------------------NTSYTLI---NCNTSTI-T---QA, 1.7967, 1, 0.031341
1.781154, -62.5203, [15], CHUNK, ['N'], VQLTPLCVTLNCTNVNNNNTT-------------------------------------TTDGTIKN----CTSNT-T-TN--ISD-KK-QKV-YALL-NNLDVVSINTNTSSNNSNN------------------------------------------NTSYTLI---NCNTSTI-T---QA, 1.8627, 1, 0.031341
1.781509, -64.3135, 103, POINT, I, VQLTPLCVTLNCTNVNNNNTT-------------------------------------TTDGTIKN----CTSNT-T-TN--ISD-KK-QKV-YALL-NNLDVISINTNTSSNNSNN------------------------------------------NTSYTLI---NCNTSTI-T---QA, 1.9965, 1, 0.031341
1.796912, -65.0474, [159, 161], CHUNK, ['T', 'N'], VQLTPLCVTLNCTNVNNNNTT-------------------------------------TTDGTIKN----CTSNT-T-TN--ISD-KK-QKV-YALL-NNLDVISINTNTSSNNSNN------------------------------------------TTNYTLI---NCNTSTI-T---QA, 1.9965, 1, 0.031341
1.800373, -63.2602, 99, POINT, T, VQLTPLCVTLNCTNVNNNNTT-------------------------------------TTDGTIKN----CTSNT-T-TN--ISD-KK-QKV-YALL-NTLDVISINTNTSSNNSNN------------------------------------------TTNYTLI---NCNTSTI-T---QA, 1.9965, 1, 0.031341
1.801579, -64.9387, [96], CHUNK, ['F'], VQLTPLCVTLNCTNVNNNNTT-------------------------------------TTDGTIKN----CTSNT-T-TN--ISD-KK-QKV-YALF-NTLDVISINTNTSSNNSNN------------------------------------------TTNYTLI---NCNTSTI-T---QA, 1.9965, 1, 0.031341
1.800241, -64.4730, 173, POINT, T, VQLTPLCVTLNCTNVNNNNTT-------------------------------------TTDGTIKN----CTSNT-T-TN--ISD-KK-QKV-YALF-NTLDVISINTNTSSNNSNN------------------------------------------TTNYTLI---NCNTTTI-T---QA, 1.9965, 1, 0.031341
1.810520, -66.0458, [87, 89, 91], CHUNK, ['I', 'K', 'E'], VQLTPLCVTLNCTNVNNNNTT-------------------------------------TTDGTIKN----CTSNT-T-TN--ISD-KI-KKE-YALF-NTLDVISINTNTSSNNSNN------------------------------------------TTNYTLI---NCNTTTI-T---QA, 1.9965, 1, 0.031341
1.794565, -66.0432, [169], CHUNK, ['S'], VQLTPLCVTLNCTNVNNNNTT-------------------------------------TTDGTIKN----CTSNT-T-TN--ISD-KI-KKE-YALF-NTLDVISINTNTSSNNSNN------------------------------------------TTNYTLI---SCNTTTI-T---QA, 1.9965, 1, 0.027781
1.794416, -66.5089, [173], CHUNK, ['S'], VQLTPLCVTLNCTNVNNNNTT-------------------------------------TTDGTIKN----CTSNT-T-TN--ISD-KI-KKE-YALF-NTLDVISINTNTSSNNSNN------------------------------------------TTNYTLI---SCNTSTI-T---QA, 1.9965, 1, 0.027781
1.796786, -65.3708, 17, POINT, T, VQLTPLCVTLNCTNVNNTNTT-------------------------------------TTDGTIKN----CTSNT-T-TN--ISD-KI-KKE-YALF-NTLDVISINTNTSSNNSNN------------------------------------------TTNYTLI---SCNTSTI-T---QA, 1.9965, 1, 0.027781
1.814229, -65.9018, [169], CHUNK, ['N'], VQLTPLCVTLNCTNVNNTNTT-------------------------------------TTDGTIKN----CTSNT-T-TN--ISD-KI-KKE-YALF-NTLDVISINTNTSSNNSNN------------------------------------------TTNYTLI---NCNTSTI-T---QA, 1.9481, 1, 0.027781
1.805966, -68.2065, 82, POINT, V, VQLTPLCVTLNCTNVNNTNTT-------------------------------------TTDGTIKN----CTSNT-T-TN--VSD-KI-KKE-YALF-NTLDVISINTNTSSNNSNN------------------------------------------TTNYTLI---NCNTSTI-T---QA, 1.8776, 1, 0.032426
1.802937, -67.0796, [82, 83], CHUNK, ['I', 'R'], VQLTPLCVTLNCTNVNNTNTT-------------------------------------TTDGTIKN----CTSNT-T-TN--IRD-KI-KKE-YALF-NTLDVISINTNTSSNNSNN------------------------------------------TTNYTLI---NCNTSTI-T---QA, 1.8461, 1, 0.032426
1.790182, -67.1821, [79], CHUNK, ['S'], VQLTPLCVTLNCTNVNNTNTT-------------------------------------TTDGTIKN----CTSNT-T-TS--IRD-KI-KKE-YALF-NTLDVISINTNTSSNNSNN------------------------------------------TTNYTLI---NCNTSTI-T---QA, 1.8461, 1, 0.032426
1.791746, -67.3649, 87, POINT, V, VQLTPLCVTLNCTNVNNTNTT-------------------------------------TTDGTIKN----CTSNT-T-TS--IRD-KV-KKE-YALF-NTLDVISINTNTSSNNSNN------------------------------------------TTNYTLI---NCNTSTI-T---QA, 1.8461, 1, -1.000000
1.775088, -68.5367, [71, 72], CHUNK, ['S', 'F'], VQLTPLCVTLNCTNVNNTNTT-------------------------------------TTDGTIKN----CSFNT-T-TS--IRD-KV-KKE-YALF-NTLDVISINTNTSSNNSNN------------------------------------------TTNYTLI---NCNTSTI-T---QA, 1.8461, 1, -1.000000
1.773610, -68.5393, 83, POINT, K, VQLTPLCVTLNCTNVNNTNTT-------------------------------------TTDGTIKN----CSFNT-T-TS--IKD-KV-KKE-YALF-NTLDVISINTNTSSNNSNN------------------------------------------TTNYTLI---NCNTSTI-T---QA, 1.8461, 1, -1.000000
1.759508, -67.6081, 101, POINT, G, VQLTPLCVTLNCTNVNNTNTT-------------------------------------TTDGTIKN----CSFNT-T-TS--IKD-KV-KKE-YALF-NTLGVISINTNTSSNNSNN------------------------------------------TTNYTLI---NCNTSTI-T---QA, 1.8461, 1, -1.000000
1.759098, -56.0577, [74, 79], CHUNK, ['I', 'N'], VQLTPLCVTLNCTNVNNTNTT-------------------------------------TTDGTIKN----CSFNI-T-TN--IKD-KV-KKE-YALF-NTLGVISINTNTSSNNSNN------------------------------------------TTNYTLI---NCNTSTI-T---QA, 2.8516, 0, -1.000000
1.757035, -66.5715, [93], CHUNK, ['S'], VQLTPLCVTLNCTNVNNTNTT-------------------------------------TTDGTIKN----CSFNT-T-TS--IKD-KV-KKE-SALF-NTLGVISINTNTSSNNSNN------------------------------------------TTNYTLI---NCNTSTI-T---QA, 1.8461, 1, -1.000000
1.748511, -66.5088, [89, 91, 93], CHUNK, ['Q', 'V', 'Y'], VQLTPLCVTLNCTNVNNTNTT-------------------------------------TTDGTIKN----CSFNT-T-TS--IKD-KV-QKV-YALF-NTLGVISINTNTSSNNSNN------------------------------------------TTNYTLI---NCNTSTI-T---QA, 1.8742, 1, -1.000000
1.754841, -69.5646, 20, POINT, N, VQLTPLCVTLNCTNVNNTNTN-------------------------------------TTDGTIKN----CSFNT-T-TS--IKD-KV-QKV-YALF-NTLGVISINTNTSSNNSNN------------------------------------------TTNYTLI---NCNTSTI-T---QA, 1.8742, 1, -1.000000
1.754624, -69.8647, 102, POINT, I, VQLTPLCVTLNCTNVNNTNTN-------------------------------------TTDGTIKN----CSFNT-T-TS--IKD-KV-QKV-YALF-NTLGIISINTNTSSNNSNN------------------------------------------TTNYTLI---NCNTSTI-T---QA, 1.8742, 1, -1.000000
1.752350, -69.9858, [83, 87], CHUNK, ['R', 'I'], VQLTPLCVTLNCTNVNNTNTN-------------------------------------TTDGTIKN----CSFNT-T-TS--IRD-KI-QKV-YALF-NTLGIISINTNTSSNNSNN------------------------------------------TTNYTLI---NCNTSTI-T---QA, 1.8194, 1, -1.000000
1.757133, -69.8079, 94, POINT, S, VQLTPLCVTLNCTNVNNTNTN-------------------------------------TTDGTIKN----CSFNT-T-TS--IRD-KI-QKV-YSLF-NTLGIISINTNTSSNNSNN------------------------------------------TTNYTLI---NCNTSTI-T---QA, 1.8194, 1, -1.000000
1.755795, -69.3914, 173, POINT, T, VQLTPLCVTLNCTNVNNTNTN-------------------------------------TTDGTIKN----CSFNT-T-TS--IRD-KI-QKV-YSLF-NTLGIISINTNTSSNNSNN------------------------------------------TTNYTLI---NCNTTTI-T---QA, 1.8440, 1, -1.000000
1.763458, -68.6088, [1], CHUNK, ['K'], VKLTPLCVTLNCTNVNNTNTN-------------------------------------TTDGTIKN----CSFNT-T-TS--IRD-KI-QKV-YSLF-NTLGIISINTNTSSNNSNN------------------------------------------TTNYTLI---NCNTTTI-T---QA, 1.8440, 1, -1.000000
1.766876, -69.2272, [114, 116], CHUNK, ['N', 'T'], VKLTPLCVTLNCTNVNNTNTN-------------------------------------TTDGTIKN----CSFNT-T-TS--IRD-KI-QKV-YSLF-NTLGIISINTNTSSNNNNT------------------------------------------TTNYTLI---NCNTTTI-T---QA, 1.7880, 1, -1.000000
1.759213, -69.9628, 1, POINT, Q, VQLTPLCVTLNCTNVNNTNTN-------------------------------------TTDGTIKN----CSFNT-T-TS--IRD-KI-QKV-YSLF-NTLGIISINTNTSSNNNNT------------------------------------------TTNYTLI---NCNTTTI-T---QA, 1.7880, 1, -1.000000
1.760485, -69.7273, 1, POINT, R, VRLTPLCVTLNCTNVNNTNTN-------------------------------------TTDGTIKN----CSFNT-T-TS--IRD-KI-QKV-YSLF-NTLGIISINTNTSSNNNNT------------------------------------------TTNYTLI---NCNTTTI-T---QA, 1.8184, 1, -1.000000
1.757843, -71.6123, [87, 89, 90, 91], CHUNK, ['V', 'K', 'R', 'E'], VRLTPLCVTLNCTNVNNTNTN-------------------------------------TTDGTIKN----CSFNT-T-TS--IRD-KV-KRE-YSLF-NTLGIISINTNTSSNNNNT------------------------------------------TTNYTLI---NCNTTTI-T---QA, 1.8623, 1, -1.000000
1.750679, -70.5848, 2, POINT, I, VRITPLCVTLNCTNVNNTNTN-------------------------------------TTDGTIKN----CSFNT-T-TS--IRD-KV-KRE-YSLF-NTLGIISINTNTSSNNNNT------------------------------------------TTNYTLI---NCNTTTI-T---QA, 1.8623, 1, -1.000000
1.749961, -71.0748, 103, POINT, V, VRITPLCVTLNCTNVNNTNTN-------------------------------------TTDGTIKN----CSFNT-T-TS--IRD-KV-KRE-YSLF-NTLGIVSINTNTSSNNNNT------------------------------------------TTNYTLI---NCNTTTI-T---QA, 1.8921, 1, -1.000000
1.763516, -72.7039, [1, 2], CHUNK, ['K', 'L'], VKLTPLCVTLNCTNVNNTNTN-------------------------------------TTDGTIKN----CSFNT-T-TS--IRD-KV-KRE-YSLF-NTLGIVSINTNTSSNNNNT------------------------------------------TTNYTLI---NCNTTTI-T---QA, 1.8433, 1, -1.000000
1.771642, -72.9345, [89, 90], CHUNK, ['Q', 'K'], VKLTPLCVTLNCTNVNNTNTN-------------------------------------TTDGTIKN----CSFNT-T-TS--IRD-KV-QKE-YSLF-NTLGIVSINTNTSSNNNNT------------------------------------------TTNYTLI---NCNTTTI-T---QA, 1.8433, 1, -1.000000
1.802303, -71.4860, 14, POINT, N, VKLTPLCVTLNCTNNNNTNTN-------------------------------------TTDGTIKN----CSFNT-T-TS--IRD-KV-QKE-YSLF-NTLGIVSINTNTSSNNNNT------------------------------------------TTNYTLI---NCNTTTI-T---QA, 1.8280, 1, -1.000000
1.807524, -72.2411, 84, POINT, N, VKLTPLCVTLNCTNNNNTNTN-------------------------------------TTDGTIKN----CSFNT-T-TS--IRN-KV-QKE-YSLF-NTLGIVSINTNTSSNNNNT------------------------------------------TTNYTLI---NCNTTTI-T---QA, 1.8280, 1, 0.032426
1.804952, -67.6320, [91], CHUNK, ['V'], VKLTPLCVTLNCTNNNNTNTN-------------------------------------TTDGTIKN----CSFNT-T-TS--IRN-KV-QKV-YSLF-NTLGIVSINTNTSSNNNNT------------------------------------------TTNYTLI---NCNTTTI-T---QA, 1.9271, 1, 0.032426
1.818682, -66.1451, 165, POINT, T, VKLTPLCVTLNCTNNNNTNTN-------------------------------------TTDGTIKN----CSFNT-T-TS--IRN-KV-QKV-YSLF-NTLGIVSINTNTSSNNNNT------------------------------------------TTNYTLT---NCNTTTI-T---QA, 1.9271, 1, 0.032426
1.817498, -66.4052, [173], CHUNK, ['S'], VKLTPLCVTLNCTNNNNTNTN-------------------------------------TTDGTIKN----CSFNT-T-TS--IRN-KV-QKV-YSLF-NTLGIVSINTNTSSNNNNT------------------------------------------TTNYTLT---NCNTSTI-T---QA, 1.9271, 1, 0.048688
1.821001, -66.7033, [71], CHUNK, ['T'], VKLTPLCVTLNCTNNNNTNTN-------------------------------------TTDGTIKN----CTFNT-T-TS--IRN-KV-QKV-YSLF-NTLGIVSINTNTSSNNNNT------------------------------------------TTNYTLT---NCNTSTI-T---QA, 1.9271, 1, 0.048688
1.808714, -65.4370, [84, 87], CHUNK, ['D', 'R'], VKLTPLCVTLNCTNNNNTNTN-------------------------------------TTDGTIKN----CTFNT-T-TS--IRD-KR-QKV-YSLF-NTLGIVSINTNTSSNNNNT------------------------------------------TTNYTLT---NCNTSTI-T---QA, 1.9260, 1, 0.049816
1.813999, -65.4442, [86, 87], CHUNK, ['R', 'N'], VKLTPLCVTLNCTNNNNTNTN-------------------------------------TTDGTIKN----CTFNT-T-TS--IRD-RN-QKV-YSLF-NTLGIVSINTNTSSNNNNT------------------------------------------TTNYTLT---NCNTSTI-T---QA, 1.9260, 1, 0.049816
1.825930, -68.7975, 84, POINT, N, VKLTPLCVTLNCTNNNNTNTN-------------------------------------TTDGTIKN----CTFNT-T-TS--IRN-RN-QKV-YSLF-NTLGIVSINTNTSSNNNNT------------------------------------------TTNYTLT---NCNTSTI-T---QA, 1.9702, 1, 0.049816
1.828031, -68.1688, 18, POINT, T, VKLTPLCVTLNCTNNNNTTTN-------------------------------------TTDGTIKN----CTFNT-T-TS--IRN-RN-QKV-YSLF-NTLGIVSINTNTSSNNNNT------------------------------------------TTNYTLT---NCNTSTI-T---QA, 1.9702, 1, 0.049816
1.817346, -66.8471, 2, POINT, M, VKMTPLCVTLNCTNNNNTTTN-------------------------------------TTDGTIKN----CTFNT-T-TS--IRN-RN-QKV-YSLF-NTLGIVSINTNTSSNNNNT------------------------------------------TTNYTLT---NCNTSTI-T---QA, 1.9702, 1, 0.049816
1.809130, -63.7623, [174], CHUNK, ['V'], VKMTPLCVTLNCTNNNNTTTN-------------------------------------TTDGTIKN----CTFNT-T-TS--IRN-RN-QKV-YSLF-NTLGIVSINTNTSSNNNNT------------------------------------------TTNYTLT---NCNTSVI-T---QA, 1.9702, 1, 0.049816
1.822875, -63.8815, 86, POINT, K, VKMTPLCVTLNCTNNNNTTTN-------------------------------------TTDGTIKN----CTFNT-T-TS--IRN-KN-QKV-YSLF-NTLGIVSINTNTSSNNNNT------------------------------------------TTNYTLT---NCNTSVI-T---QA, 1.9702, 1, 0.049816
1.826182, -64.3264, 2, POINT, I, VKITPLCVTLNCTNNNNTTTN-------------------------------------TTDGTIKN----CTFNT-T-TS--IRN-KN-QKV-YSLF-NTLGIVSINTNTSSNNNNT------------------------------------------TTNYTLT---NCNTSVI-T---QA, 2.0818, 1, 0.049816
1.834218, -64.6214, [89], CHUNK, ['K'], VKITPLCVTLNCTNNNNTTTN-------------------------------------TTDGTIKN----CTFNT-T-TS--IRN-KN-KKV-YSLF-NTLGIVSINTNTSSNNNNT------------------------------------------TTNYTLT---NCNTSVI-T---QA, 2.0320, 1, 0.049816
1.823227, -66.7543, [165], CHUNK, ['I'], VKITPLCVTLNCTNNNNTTTN-------------------------------------TTDGTIKN----CTFNT-T-TS--IRN-KN-KKV-YSLF-NTLGIVSINTNTSSNNNNT------------------------------------------TTNYTLI---NCNTSVI-T---QA, 2.0149, 1, 0.024333
1.815395, -66.6991, [89], CHUNK, ['R'], VKITPLCVTLNCTNNNNTTTN-------------------------------------TTDGTIKN----CTFNT-T-TS--IRN-KN-RKV-YSLF-NTLGIVSINTNTSSNNNNT------------------------------------------TTNYTLI---NCNTSVI-T---QA, 2.0149, 1, 0.024333
1.821390, -67.8229, 107, POINT, N, VKITPLCVTLNCTNNNNTTTN-------------------------------------TTDGTIKN----CTFNT-T-TS--IRN-KN-RKV-YSLF-NTLGIVSINNNTSSNNNNT------------------------------------------TTNYTLI---NCNTSVI-T---QA, 2.0149, 1, -1.000000
1.817504, -67.8367, [89, 90, 91], CHUNK, ['K', 'R', 'E'], VKITPLCVTLNCTNNNNTTTN-------------------------------------TTDGTIKN----CTFNT-T-TS--IRN-KN-KRE-YSLF-NTLGIVSINNNTSSNNNNT------------------------------------------TTNYTLI---NCNTSVI-T---QA, 2.0149, 1, 0.024333
1.824882, -69.5189, [2], CHUNK, ['L'], VKLTPLCVTLNCTNNNNTTTN-------------------------------------TTDGTIKN----CTFNT-T-TS--IRN-KN-KRE-YSLF-NTLGIVSINNNTSSNNNNT------------------------------------------TTNYTLI---NCNTSVI-T---QA, 2.0648, 1, -1.000000
1.826203, -67.3686, 96, POINT, L, VKLTPLCVTLNCTNNNNTTTN-------------------------------------TTDGTIKN----CTFNT-T-TS--IRN-KN-KRE-YSLL-NTLGIVSINNNTSSNNNNT------------------------------------------TTNYTLI---NCNTSVI-T---QA, 2.0648, 1, 0.024333
1.825838, -67.2685, 103, POINT, I, VKLTPLCVTLNCTNNNNTTTN-------------------------------------TTDGTIKN----CTFNT-T-TS--IRN-KN-KRE-YSLL-NTLGIISINNNTSSNNNNT------------------------------------------TTNYTLI---NCNTSVI-T---QA, 2.0648, 1, 0.024333
1.833837, -69.8989, [174], CHUNK, ['T'], VKLTPLCVTLNCTNNNNTTTN-------------------------------------TTDGTIKN----CTFNT-T-TS--IRN-KN-KRE-YSLL-NTLGIISINNNTSSNNNNT------------------------------------------TTNYTLI---NCNTSTI-T---QA, 2.2843, 1, 0.024333
1.848094, -69.1207, [79], CHUNK, ['N'], VKLTPLCVTLNCTNNNNTTTN-------------------------------------TTDGTIKN----CTFNT-T-TN--IRN-KN-KRE-YSLL-NTLGIISINNNTSSNNNNT------------------------------------------TTNYTLI---NCNTSTI-T---QA, 2.2843, 1, 0.024333
1.871028, -67.9154, 100, POINT, T, VKLTPLCVTLNCTNNNNTTTN-------------------------------------TTDGTIKN----CTFNT-T-TN--IRN-KN-KRE-YSLL-NTTGIISINNNTSSNNNNT------------------------------------------TTNYTLI---NCNTSTI-T---QA, 2.2843, 1, 0.052157
1.867436, -67.6804, [71], CHUNK, ['S'], VKLTPLCVTLNCTNNNNTTTN-------------------------------------TTDGTIKN----CSFNT-T-TN--IRN-KN-KRE-YSLL-NTTGIISINNNTSSNNNNT------------------------------------------TTNYTLI---NCNTSTI-T---QA, 2.2843, 1, 0.052157
1.871028, -67.9154, [71], CHUNK, ['T'], VKLTPLCVTLNCTNNNNTTTN-------------------------------------TTDGTIKN----CTFNT-T-TN--IRN-KN-KRE-YSLL-NTTGIISINNNTSSNNNNT------------------------------------------TTNYTLI---NCNTSTI-T---QA, 2.2843, 1, 0.052157
1.904993, -68.9038, 101, POINT, N, VKLTPLCVTLNCTNNNNTTTN-------------------------------------TTDGTIKN----CTFNT-T-TN--IRN-KN-KRE-YSLL-NTTNIISINNNTSSNNNNT------------------------------------------TTNYTLI---NCNTSTI-T---QA, 2.2843, 1, 0.052157
1.897615, -68.0720, 2, POINT, I, VKITPLCVTLNCTNNNNTTTN-------------------------------------TTDGTIKN----CTFNT-T-TN--IRN-KN-KRE-YSLL-NTTNIISINNNTSSNNNNT------------------------------------------TTNYTLI---NCNTSTI-T---QA, 2.3602, 1, 0.052157
1.880640, -69.3670, [87, 90, 91], CHUNK, ['V', 'K', 'Q'], VKITPLCVTLNCTNNNNTTTN-------------------------------------TTDGTIKN----CTFNT-T-TN--IRN-KV-KKQ-YSLL-NTTNIISINNNTSSNNNNT------------------------------------------TTNYTLI---NCNTSTI-T---QA, 2.3602, 1, 0.052157
1.851748, -68.1526, [62, 63], CHUNK, ['E', 'M'], VKITPLCVTLNCTNNNNTTTN-------------------------------------TTDGEMKN----CTFNT-T-TN--IRN-KV-KKQ-YSLL-NTTNIISINNNTSSNNNNT------------------------------------------TTNYTLI---NCNTSTI-T---QA, 2.3602, 1, 0.052157
1.846163, -67.9502, 1, POINT, E, VEITPLCVTLNCTNNNNTTTN-------------------------------------TTDGEMKN----CTFNT-T-TN--IRN-KV-KKQ-YSLL-NTTNIISINNNTSSNNNNT------------------------------------------TTNYTLI---NCNTSTI-T---QA, 2.3602, 1, 0.052157
1.859316, -69.2995, [63], CHUNK, ['I'], VEITPLCVTLNCTNNNNTTTN-------------------------------------TTDGEIKN----CTFNT-T-TN--IRN-KV-KKQ-YSLL-NTTNIISINNNTSSNNNNT------------------------------------------TTNYTLI---NCNTSTI-T---QA, 2.3602, 1, 0.052157
1.849053, -69.0881, 86, POINT, R, VEITPLCVTLNCTNNNNTTTN-------------------------------------TTDGEIKN----CTFNT-T-TN--IRN-RV-KKQ-YSLL-NTTNIISINNNTSSNNNNT------------------------------------------TTNYTLI---NCNTSTI-T---QA, 2.3602, 1, 0.052157
1.852182, -68.5416, [84, 86], CHUNK, ['D', 'K'], VEITPLCVTLNCTNNNNTTTN-------------------------------------TTDGEIKN----CTFNT-T-TN--IRD-KV-KKQ-YSLL-NTTNIISINNNTSSNNNNT------------------------------------------TTNYTLI---NCNTSTI-T---QA, 2.3602, 1, 0.052157
1.853446, -70.2222, [91, 94, 96], CHUNK, ['E', 'A', 'F'], VEITPLCVTLNCTNNNNTTTN-------------------------------------TTDGEIKN----CTFNT-T-TN--IRD-KV-KKE-YALF-NTTNIISINNNTSSNNNNT------------------------------------------TTNYTLI---NCNTSTI-T---QA, 2.3602, 1, 0.052157
1.841976, -69.9093, 100, POINT, S, VEITPLCVTLNCTNNNNTTTN-------------------------------------TTDGEIKN----CTFNT-T-TN--IRD-KV-KKE-YALF-NTSNIISINNNTSSNNNNT------------------------------------------TTNYTLI---NCNTSTI-T---QA, 2.3602, 1, 0.052157
1.853183, -68.4547, 165, POINT, T, VEITPLCVTLNCTNNNNTTTN-------------------------------------TTDGEIKN----CTFNT-T-TN--IRD-KV-KKE-YALF-NTSNIISINNNTSSNNNNT------------------------------------------TTNYTLT---NCNTSTI-T---QA, 2.3602, 1, -1.000000
1.849528, -68.1757, 102, POINT, V, VEITPLCVTLNCTNNNNTTTN-------------------------------------TTDGEIKN----CTFNT-T-TN--IRD-KV-KKE-YALF-NTSNVISINNNTSSNNNNT------------------------------------------TTNYTLT---NCNTSTI-T---QA, 2.3602, 1, 0.052157
1.837349, -68.9538, 79, POINT, S, VEITPLCVTLNCTNNNNTTTN-------------------------------------TTDGEIKN----CTFNT-T-TS--IRD-KV-KKE-YALF-NTSNVISINNNTSSNNNNT------------------------------------------TTNYTLT---NCNTSTI-T---QA, 2.3602, 1, -1.000000
1.849189, -67.7356, [93], CHUNK, ['N'], VEITPLCVTLNCTNNNNTTTN-------------------------------------TTDGEIKN----CTFNT-T-TS--IRD-KV-KKE-NALF-NTSNVISINNNTSSNNNNT------------------------------------------TTNYTLT---NCNTSTI-T---QA, 2.3602, 1, -1.000000
1.860153, -69.6946, [1, 2], CHUNK, ['T', 'L'], VTLTPLCVTLNCTNNNNTTTN-------------------------------------TTDGEIKN----CTFNT-T-TS--IRD-KV-KKE-NALF-NTSNVISINNNTSSNNNNT------------------------------------------TTNYTLT---NCNTSTI-T---QA, 2.3602, 1, -1.000000
1.859350, -69.4392, [71], CHUNK, ['S'], VTLTPLCVTLNCTNNNNTTTN-------------------------------------TTDGEIKN----CSFNT-T-TS--IRD-KV-KKE-NALF-NTSNVISINNNTSSNNNNT------------------------------------------TTNYTLT---NCNTSTI-T---QA, 2.3602, 1, 0.052157
1.860153, -69.7382, [71], CHUNK, ['T'], VTLTPLCVTLNCTNNNNTTTN-------------------------------------TTDGEIKN----CTFNT-T-TS--IRD-KV-KKE-NALF-NTSNVISINNNTSSNNNNT------------------------------------------TTNYTLT---NCNTSTI-T---QA, 2.3602, 0, 0.052157
1.871336, -75.6856, 82, POINT, T, VTLTPLCVTLNCTNNNNTTTN-------------------------------------TTDGEIKN----CSFNT-T-TS--TRD-KV-KKE-NALF-NTSNVISINNNTSSNNNNT------------------------------------------TTNYTLT---NCNTSTI-T---QA, 2.3846, 1, 0.052157
1.863760, -74.2180, 60, POINT, Y, VTLTPLCVTLNCTNNNNTTTN-------------------------------------TTYGEIKN----CSFNT-T-TS--TRD-KV-KKE-NALF-NTSNVISINNNTSSNNNNT------------------------------------------TTNYTLT---NCNTSTI-T---QA, 2.3846, 1, 0.052157
1.859537, -71.9616, 181, POINT, P, VTLTPLCVTLNCTNNNNTTTN-------------------------------------TTYGEIKN----CSFNT-T-TS--TRD-KV-KKE-NALF-NTSNVISINNNTSSNNNNT------------------------------------------TTNYTLT---NCNTSTI-T---PA, 2.3846, 0, 0.052157
1.848719, -66.1237, [74], CHUNK, ['I'], VTLTPLCVTLNCTNNNNTTTN-------------------------------------TTYGEIKN----CSFNI-T-TS--TRD-KV-KKE-NALF-NTSNVISINNNTSSNNNNT------------------------------------------TTNYTLT---NCNTSTI-T---QA, 2.3464, 1, 0.052157
1.850718, -65.2676, [1], CHUNK, ['K'], VKLTPLCVTLNCTNNNNTTTN-------------------------------------TTYGEIKN----CSFNI-T-TS--TRD-KV-KKE-NALF-NTSNVISINNNTSSNNNNT------------------------------------------TTNYTLT---NCNTSTI-T---QA, 2.3464, 0, -1.000000
1.844310, -71.2781, [74], CHUNK, ['V'], VTLTPLCVTLNCTNNNNTTTN-------------------------------------TTYGEIKN----CSFNV-T-TS--TRD-KV-KKE-NALF-NTSNVISINNNTSSNNNNT------------------------------------------TTNYTLT---NCNTSTI-T---QA, 2.3521, 1, -1.000000
1.838917, -71.6286, 62, POINT, D, VTLTPLCVTLNCTNNNNTTTN-------------------------------------TTYGDIKN----CSFNV-T-TS--TRD-KV-KKE-NALF-NTSNVISINNNTSSNNNNT------------------------------------------TTNYTLT---NCNTSTI-T---QA, 2.3475, 1, -1.000000
1.829751, -72.0465, [74], CHUNK, ['A'], VTLTPLCVTLNCTNNNNTTTN-------------------------------------TTYGDIKN----CSFNA-T-TS--TRD-KV-KKE-NALF-NTSNVISINNNTSSNNNNT------------------------------------------TTNYTLT---NCNTSTI-T---QA, 2.5222, 0, -1.000000
1.825071, -70.6630, 63, POINT, M, VTLTPLCVTLNCTNNNNTTTN-------------------------------------TTYGDMKN----CSFNV-T-TS--TRD-KV-KKE-NALF-NTSNVISINNNTSSNNNNT------------------------------------------TTNYTLT---NCNTSTI-T---QA, 2.3475, 0, -1.000000
1.826587, -72.4040, [93], CHUNK, ['Y'], VTLTPLCVTLNCTNNNNTTTN-------------------------------------TTYGDIKN----CSFNV-T-TS--TRD-KV-KKE-YALF-NTSNVISINNNTSSNNNNT------------------------------------------TTNYTLT---NCNTSTI-T---QA, 2.3475, 0, -1.000000
1.844310, -71.7057, 62, POINT, E, VTLTPLCVTLNCTNNNNTTTN-------------------------------------TTYGEIKN----CSFNV-T-TS--TRD-KV-KKE-NALF-NTSNVISINNNTSSNNNNT------------------------------------------TTNYTLT---NCNTSTI-T---QA, 2.3475, 0, -1.000000
1.852393, -69.5006, 175, POINT, V, VTLTPLCVTLNCTNNNNTTTN-------------------------------------TTDGEIKN----CSFNT-T-TS--IRD-KV-KKE-NALF-NTSNVISINNNTSSNNNNT------------------------------------------TTNYTLT---NCNTSTV-T---QA, 2.3602, 1, -1.000000
1.851134, -68.4666, [174, 175], CHUNK, ['V', 'I'], VTLTPLCVTLNCTNNNNTTTN-------------------------------------TTDGEIKN----CSFNT-T-TS--IRD-KV-KKE-NALF-NTSNVISINNNTSSNNNNT------------------------------------------TTNYTLT---NCNTSVI-T---QA, 2.3602, 1, 0.052157
1.840144, -69.9213, 165, POINT, I, VTLTPLCVTLNCTNNNNTTTN-------------------------------------TTDGEIKN----CSFNT-T-TS--IRD-KV-KKE-NALF-NTSNVISINNNTSSNNNNT------------------------------------------TTNYTLI---NCNTSVI-T---QA, 2.3602, 0, 0.052157
1.858904, -67.7149, 72, POINT, S, VTLTPLCVTLNCTNNNNTTTN-------------------------------------TTDGEIKN----CSSNT-T-TS--IRD-KV-KKE-NALF-NTSNVISINNNTSSNNNNT------------------------------------------TTNYTLT---NCNTSVI-T---QA, 2.3602, 0, 0.052157
1.834453, -65.6208, [74], CHUNK, ['V'], VTLTPLCVTLNCTNNNNTTTN-------------------------------------TTDGEIKN----CSFNV-T-TS--IRD-KV-KKE-NALF-NTSNVISINNNTSSNNNNT------------------------------------------TTNYTLT---NCNTSVI-T---QA, 2.4890, 0, 0.052157
1.852716, -66.7739, 96, POINT, L, VTLTPLCVTLNCTNNNNTTTN-------------------------------------TTDGEIKN----CSFNT-T-TS--IRD-KV-KKE-NALL-NTSNVISINNNTSSNNNNT------------------------------------------TTNYTLT---NCNTSVI-T---QA, 2.3602, 1, 0.052157
1.845746, -66.8352, [175], CHUNK, ['V'], VTLTPLCVTLNCTNNNNTTTN-------------------------------------TTDGEIKN----CSFNT-T-TS--IRD-KV-KKE-NALL-NTSNVISINNNTSSNNNNT------------------------------------------TTNYTLT---NCNTSVV-T---QA, 2.3602, 0, -1.000000
1.864805, -65.9957, [79], CHUNK, ['N'], VTLTPLCVTLNCTNNNNTTTN-------------------------------------TTDGEIKN----CSFNT-T-TN--IRD-KV-KKE-NALL-NTSNVISINNNTSSNNNNT------------------------------------------TTNYTLT---NCNTSVI-T---QA, 2.3602, 0, -1.000000
1.852520, -34.9928, 61, POINT, E, VTLTPLCVTLNCTNNNNTTTN-------------------------------------TTDEEIKN----CSFNT-T-TS--IRD-KV-KKE-NALL-NTSNVISINNNTSSNNNNT------------------------------------------TTNYTLT---NCNTSVI-T---QA, 2.3602, 0, -1.000000
1.852889, -54.7992, 61, POINT, D, VTLTPLCVTLNCTNNNNTTTN-------------------------------------TTDDEIKN----CSFNT-T-TS--IRD-KV-KKE-NALL-NTSNVISINNNTSSNNNNT------------------------------------------TTNYTLT---NCNTSVI-T---QA, 2.3602, 0, -1.000000
1.848385, -67.4802, [71], CHUNK, ['S'], VEITPLCVTLNCTNNNNTTTN-------------------------------------TTDGEIKN----CSFNT-T-TS--IRD-KV-KKE-NALF-NTSNVISINNNTSSNNNNT------------------------------------------TTNYTLT---NCNTSTI-T---QA, 2.3602, 1, -1.000000
1.833209, -67.2321, 5, POINT, V, VEITPVCVTLNCTNNNNTTTN-------------------------------------TTDGEIKN----CSFNT-T-TS--IRD-KV-KKE-NALF-NTSNVISINNNTSSNNNNT------------------------------------------TTNYTLT---NCNTSTI-T---QA, 2.3778, 1, 0.052157
1.854776, -68.4932, [2, 5], CHUNK, ['L', 'L'], VELTPLCVTLNCTNNNNTTTN-------------------------------------TTDGEIKN----CSFNT-T-TS--IRD-KV-KKE-NALF-NTSNVISINNNTSSNNNNT------------------------------------------TTNYTLT---NCNTSTI-T---QA, 2.3778, 1, 0.052157
1.861901, -68.8299, 94, POINT, S, VELTPLCVTLNCTNNNNTTTN-------------------------------------TTDGEIKN----CSFNT-T-TS--IRD-KV-KKE-NSLF-NTSNVISINNNTSSNNNNT------------------------------------------TTNYTLT---NCNTSTI-T---QA, 2.4839, 1, 0.052157
1.853885, -70.8136, 100, POINT, L, VELTPLCVTLNCTNNNNTTTN-------------------------------------TTDGEIKN----CSFNT-T-TS--IRD-KV-KKE-NSLF-NTLNVISINNNTSSNNNNT------------------------------------------TTNYTLT---NCNTSTI-T---QA, 2.5300, 0, 0.052157
1.865099, -69.2036, [116], CHUNK, ['N'], VELTPLCVTLNCTNNNNTTTN-------------------------------------TTDGEIKN----CSFNT-T-TS--IRD-KV-KKE-NSLF-NTSNVISINNNTSSNNNNN------------------------------------------TTNYTLT---NCNTSTI-T---QA, 2.4839, 0, 0.052157
1.852014, -69.3869, [87], CHUNK, ['M'], VELTPLCVTLNCTNNNNTTTN-------------------------------------TTDGEIKN----CSFNT-T-TS--IRD-KM-KKE-NSLF-NTSNVISINNNTSSNNNNT------------------------------------------TTNYTLT---NCNTSTI-T---QA, 2.1671, 1, 0.052157
1.854242, -69.2624, 160, POINT, N, VELTPLCVTLNCTNNNNTTTN-------------------------------------TTDGEIKN----CSFNT-T-TS--IRD-KM-KKE-NSLF-NTSNVISINNNTSSNNNNT------------------------------------------TNNYTLT---NCNTSTI-T---QA, 2.1671, 1, -1.000000
1.856704, -68.9909, [87], CHUNK, ['R'], VELTPLCVTLNCTNNNNTTTN-------------------------------------TTDGEIKN----CSFNT-T-TS--IRD-KR-KKE-NSLF-NTSNVISINNNTSSNNNNT------------------------------------------TNNYTLT---NCNTSTI-T---QA, 2.1671, 1, 0.052157
1.853900, -68.8190, 0, POINT, A, AELTPLCVTLNCTNNNNTTTN-------------------------------------TTDGEIKN----CSFNT-T-TS--IRD-KR-KKE-NSLF-NTSNVISINNNTSSNNNNT------------------------------------------TNNYTLT---NCNTSTI-T---QA, 2.1671, 0, 0.052157
1.863021, -72.5145, [79, 82], CHUNK, ['N', 'L'], VELTPLCVTLNCTNNNNTTTN-------------------------------------TTDGEIKN----CSFNT-T-TN--LRD-KR-KKE-NSLF-NTSNVISINNNTSSNNNNT------------------------------------------TNNYTLT---NCNTSTI-T---QA, 2.1671, 1, 0.052157
1.862639, -72.9059, [87, 89], CHUNK, ['V', 'Q'], VELTPLCVTLNCTNNNNTTTN-------------------------------------TTDGEIKN----CSFNT-T-TN--LRD-KV-QKE-NSLF-NTSNVISINNNTSSNNNNT------------------------------------------TNNYTLT---NCNTSTI-T---QA, 2.1671, 1, 0.052157
1.876377, -72.3507, 100, POINT, T, VELTPLCVTLNCTNNNNTTTN-------------------------------------TTDGEIKN----CSFNT-T-TN--LRD-KV-QKE-NSLF-NTTNVISINNNTSSNNNNT------------------------------------------TNNYTLT---NCNTSTI-T---QA, 2.1671, 1, 0.052157
1.877561, -72.5994, 173, POINT, T, VELTPLCVTLNCTNNNNTTTN-------------------------------------TTDGEIKN----CSFNT-T-TN--LRD-KV-QKE-NSLF-NTTNVISINNNTSSNNNNT------------------------------------------TNNYTLT---NCNTTTI-T---QA, 2.2494, 0, 0.052157
1.883870, -72.5262, [89], CHUNK, ['K'], VELTPLCVTLNCTNNNNTTTN-------------------------------------TTDGEIKN----CSFNT-T-TN--LRD-KV-KKE-NSLF-NTTNVISINNNTSSNNNNT------------------------------------------TNNYTLT---NCNTSTI-T---QA, 2.1671, 1, 0.052157
1.894274, -73.4789, 110, POINT, N, VELTPLCVTLNCTNNNNTTTN-------------------------------------TTDGEIKN----CSFNT-T-TN--LRD-KV-KKE-NSLF-NTTNVISINNNTNSNNNNT------------------------------------------TNNYTLT---NCNTSTI-T---QA, 2.1671, 1, 0.052157
1.881371, -73.6300, 7, POINT, I, VELTPLCITLNCTNNNNTTTN-------------------------------------TTDGEIKN----CSFNT-T-TN--LRD-KV-KKE-NSLF-NTTNVISINNNTNSNNNNT------------------------------------------TNNYTLT---NCNTSTI-T---QA, 2.1671, 1, 0.052157
1.880759, -77.0909, 58, POINT, N, VELTPLCITLNCTNNNNTTTN-------------------------------------NTDGEIKN----CSFNT-T-TN--LRD-KV-KKE-NSLF-NTTNVISINNNTNSNNNNT------------------------------------------TNNYTLT---NCNTSTI-T---QA, 2.1671, 1, 0.052157
1.888355, -76.2411, [60, 63], CHUNK, ['N', 'M'], VELTPLCITLNCTNNNNTTTN-------------------------------------NTNGEMKN----CSFNT-T-TN--LRD-KV-KKE-NSLF-NTTNVISINNNTNSNNNNT------------------------------------------TNNYTLT---NCNTSTI-T---QA, 2.1671, 1, 0.052157
1.901594, -77.5446, [63], CHUNK, ['I'], VELTPLCITLNCTNNNNTTTN-------------------------------------NTNGEIKN----CSFNT-T-TN--LRD-KV-KKE-NSLF-NTTNVISINNNTNSNNNNT------------------------------------------TNNYTLT---NCNTSTI-T---QA, 2.1671, 1, 0.052157
1.903460, -77.8354, [71], CHUNK, ['T'], VELTPLCITLNCTNNNNTTTN-------------------------------------NTNGEIKN----CTFNT-T-TN--LRD-KV-KKE-NSLF-NTTNVISINNNTNSNNNNT------------------------------------------TNNYTLT---NCNTSTI-T---QA, 2.1671, 1, 0.052157
1.905530, -65.8694, [61], CHUNK, ['D'], VELTPLCITLNCTNNNNTTTN-------------------------------------NTNDEIKN----CTFNT-T-TN--LRD-KV-KKE-NSLF-NTTNVISINNNTNSNNNNT------------------------------------------TNNYTLT---NCNTSTI-T---QA, 2.1671, 1, 0.052157
1.890305, -66.7294, [116], CHUNK, ['S'], VELTPLCITLNCTNNNNTTTN-------------------------------------NTNDEIKN----CTFNT-T-TN--LRD-KV-KKE-NSLF-NTTNVISINNNTNSNNNNS------------------------------------------TNNYTLT---NCNTSTI-T---QA, 2.1671, 1, 0.002303
1.874191, -66.1656, [159, 160, 161], CHUNK, ['N', 'T', 'S'], VELTPLCITLNCTNNNNTTTN-------------------------------------NTNDEIKN----CTFNT-T-TN--LRD-KV-KKE-NSLF-NTTNVISINNNTNSNNNNS------------------------------------------NTSYTLT---NCNTSTI-T---QA, 2.1671, 0, 0.002303
1.903208, -69.0538, 7, POINT, V, VELTPLCVTLNCTNNNNTTTN-------------------------------------NTNDEIKN----CTFNT-T-TN--LRD-KV-KKE-NSLF-NTTNVISINNNTNSNNNNS------------------------------------------TNNYTLT---NCNTSTI-T---QA, 2.3006, 1, 0.002303
1.891495, -69.2125, 64, POINT, R, VELTPLCVTLNCTNNNNTTTN-------------------------------------NTNDEIRN----CTFNT-T-TN--LRD-KV-KKE-NSLF-NTTNVISINNNTNSNNNNS------------------------------------------TNNYTLT---NCNTSTI-T---QA, 2.2263, 1, 0.002303
1.903208, -70.0131, 64, POINT, K, VELTPLCVTLNCTNNNNTTTN-------------------------------------NTNDEIKN----CTFNT-T-TN--LRD-KV-KKE-NSLF-NTTNVISINNNTNSNNNNS------------------------------------------TNNYTLT---NCNTSTI-T---QA, 2.2263, 1, 0.002303
1.908407, -60.1739, [82, 83, 84], CHUNK, ['I', 'Q', 'T'], VELTPLCVTLNCTNNNNTTTN-------------------------------------NTNDEIKN----CTFNT-T-TN--IQT-KV-KKE-NSLF-NTTNVISINNNTNSNNNNS------------------------------------------TNNYTLT---NCNTSTI-T---QA, 2.2268, 0, 0.002303
1.900116, -69.2353, 162, POINT, D, VELTPLCVTLNCTNNNNTTTN-------------------------------------NTNDEIKN----CTFNT-T-TN--LRD-KV-KKE-NSLF-NTTNVISINNNTNSNNNNS------------------------------------------TNNDTLT---NCNTSTI-T---QA, 2.2263, 1, 0.002303
1.900253, -70.1943, 109, POINT, N, VELTPLCVTLNCTNNNNTTTN-------------------------------------NTNDEIKN----CTFNT-T-TN--LRD-KV-KKE-NSLF-NTTNVISINNNNNSNNNNS------------------------------------------TNNDTLT---NCNTSTI-T---QA, 2.2263, 1, 0.002303
1.888299, -69.5151, [86], CHUNK, ['R'], VELTPLCVTLNCTNNNNTTTN-------------------------------------NTNDEIKN----CTFNT-T-TN--LRD-RV-KKE-NSLF-NTTNVISINNNNNSNNNNS------------------------------------------TNNDTLT---NCNTSTI-T---QA, 2.2263, 1, 0.002303
1.889447, -68.3293, 87, POINT, K, VELTPLCVTLNCTNNNNTTTN-------------------------------------NTNDEIKN----CTFNT-T-TN--LRD-RK-KKE-NSLF-NTTNVISINNNNNSNNNNS------------------------------------------TNNDTLT---NCNTSTI-T---QA, 2.2263, 1, -1.000000
1.892913, -68.8333, [0, 1], CHUNK, ['A', 'K'], AKLTPLCVTLNCTNNNNTTTN-------------------------------------NTNDEIKN----CTFNT-T-TN--LRD-RK-KKE-NSLF-NTTNVISINNNNNSNNNNS------------------------------------------TNNDTLT---NCNTSTI-T---QA, 2.3110, 1, -1.000000
1.906819, -69.6713, [83, 86], CHUNK, ['I', 'K'], AKLTPLCVTLNCTNNNNTTTN-------------------------------------NTNDEIKN----CTFNT-T-TN--LID-KK-KKE-NSLF-NTTNVISINNNNNSNNNNS------------------------------------------TNNDTLT---NCNTSTI-T---QA, 2.3110, 1, -1.000000
1.886417, -70.3697, [87, 89], CHUNK, ['M', 'Q'], AKLTPLCVTLNCTNNNNTTTN-------------------------------------NTNDEIKN----CTFNT-T-TN--LID-KM-QKE-NSLF-NTTNVISINNNNNSNNNNS------------------------------------------TNNDTLT---NCNTSTI-T---QA, 2.3110, 1, 0.039026
1.902260, -58.2905, [82, 83, 87], CHUNK, ['I', 'R', 'K'], AKLTPLCVTLNCTNNNNTTTN-------------------------------------NTNDEIKN----CTFNT-T-TN--IRD-KK-QKE-NSLF-NTTNVISINNNNNSNNNNS------------------------------------------TNNDTLT---NCNTSTI-T---QA, 2.2793, 1, -1.000000
1.901218, -57.0652, 105, POINT, L, AKLTPLCVTLNCTNNNNTTTN-------------------------------------NTNDEIKN----CTFNT-T-TN--IRD-KK-QKE-NSLF-NTTNVISLNNNNNSNNNNS------------------------------------------TNNDTLT---NCNTSTI-T---QA, 2.3391, 0, 0.039026
1.883124, -61.7872, [64], CHUNK, ['Q'], AKLTPLCVTLNCTNNNNTTTN-------------------------------------NTNDEIQN----CTFNT-T-TN--IRD-KK-QKE-NSLF-NTTNVISINNNNNSNNNNS------------------------------------------TNNDTLT---NCNTSTI-T---QA, 2.3856, 1, 0.039026
1.902260, -65.3620, [64], CHUNK, ['K'], AKLTPLCVTLNCTNNNNTTTN-------------------------------------NTNDEIKN----CTFNT-T-TN--IRD-KK-QKE-NSLF-NTTNVISINNNNNSNNNNS------------------------------------------TNNDTLT---NCNTSTI-T---QA, 2.1551, 1, -1.000000
1.886487, -67.2952, [87, 89], CHUNK, ['H', 'R'], AKLTPLCVTLNCTNNNNTTTN-------------------------------------NTNDEIKN----CTFNT-T-TN--IRD-KH-RKE-NSLF-NTTNVISINNNNNSNNNNS------------------------------------------TNNDTLT---NCNTSTI-T---QA, 2.1551, 1, 0.039026
1.884321, -67.1728, [71], CHUNK, ['S'], AKLTPLCVTLNCTNNNNTTTN-------------------------------------NTNDEIKN----CSFNT-T-TN--IRD-KH-RKE-NSLF-NTTNVISINNNNNSNNNNS------------------------------------------TNNDTLT---NCNTSTI-T---QA, 2.1551, 1, -1.000000
1.889178, -65.8241, [87, 89], CHUNK, ['M', 'Q'], AKLTPLCVTLNCTNNNNTTTN-------------------------------------NTNDEIKN----CSFNT-T-TN--IRD-KM-QKE-NSLF-NTTNVISINNNNNSNNNNS------------------------------------------TNNDTLT---NCNTSTI-T---QA, 2.1551, 1, -1.000000
1.884347, -66.8358, 160, POINT, T, AKLTPLCVTLNCTNNNNTTTN-------------------------------------NTNDEIKN----CSFNT-T-TN--IRD-KM-QKE-NSLF-NTTNVISINNNNNSNNNNS------------------------------------------TTNDTLT---NCNTSTI-T---QA, 2.1838, 1, -1.000000
1.888151, -67.5924, 162, POINT, Y, AKLTPLCVTLNCTNNNNTTTN-------------------------------------NTNDEIKN----CSFNT-T-TN--IRD-KM-QKE-NSLF-NTTNVISINNNNNSNNNNS------------------------------------------TTNYTLT---NCNTSTI-T---QA, 2.1838, 1, -1.000000
1.891258, -67.8154, 0, POINT, V, VKLTPLCVTLNCTNNNNTTTN-------------------------------------NTNDEIKN----CSFNT-T-TN--IRD-KM-QKE-NSLF-NTTNVISINNNNNSNNNNS------------------------------------------TTNYTLT---NCNTSTI-T---QA, 2.1838, 1, -1.000000
1.884143, -67.7989, 94, POINT, A, VKLTPLCVTLNCTNNNNTTTN-------------------------------------NTNDEIKN----CSFNT-T-TN--IRD-KM-QKE-NALF-NTTNVISINNNNNSNNNNS------------------------------------------TTNYTLT---NCNTSTI-T---QA, 2.1838, 0, -1.000000
1.878651, -69.1264, 64, POINT, R, VKLTPLCVTLNCTNNNNTTTN-------------------------------------NTNDEIRN----CSFNT-T-TN--IRD-KM-QKE-NSLF-NTTNVISINNNNNSNNNNS------------------------------------------TTNYTLT---NCNTSTI-T---QA, 2.0838, 1, -1.000000
1.896946, -69.7087, [87, 89], CHUNK, ['V', 'K'], VKLTPLCVTLNCTNNNNTTTN-------------------------------------NTNDEIRN----CSFNT-T-TN--IRD-KV-KKE-NSLF-NTTNVISINNNNNSNNNNS------------------------------------------TTNYTLT---NCNTSTI-T---QA, 2.0838, 1, -1.000000
1.905028, -70.2610, [63, 64], CHUNK, ['L', 'K'], VKLTPLCVTLNCTNNNNTTTN-------------------------------------NTNDELKN----CSFNT-T-TN--IRD-KV-KKE-NSLF-NTTNVISINNNNNSNNNNS------------------------------------------TTNYTLT---NCNTSTI-T---QA, 2.0838, 1, -1.000000
1.897290, -70.5393, 89, POINT, R, VKLTPLCVTLNCTNNNNTTTN-------------------------------------NTNDELKN----CSFNT-T-TN--IRD-KV-RKE-NSLF-NTTNVISINNNNNSNNNNS------------------------------------------TTNYTLT---NCNTSTI-T---QA, 2.0838, 1, 0.039026
1.896977, -70.2219, 182, POINT, S, VKLTPLCVTLNCTNNNNTTTN-------------------------------------NTNDELKN----CSFNT-T-TN--IRD-KV-RKE-NSLF-NTTNVISINNNNNSNNNNS------------------------------------------TTNYTLT---NCNTSTI-T---QS, 2.0838, 1, -1.000000
1.893751, -71.7616, [79, 83, 84], CHUNK, ['S', 'K', 'N'], VKLTPLCVTLNCTNNNNTTTN-------------------------------------NTNDELKN----CSFNT-T-TS--IKN-KV-RKE-NSLF-NTTNVISINNNNNSNNNNS------------------------------------------TTNYTLT---NCNTSTI-T---QS, 2.0838, 1, -1.000000
1.908163, -71.2636, [79], CHUNK, ['N'], VKLTPLCVTLNCTNNNNTTTN-------------------------------------NTNDELKN----CSFNT-T-TN--IKN-KV-RKE-NSLF-NTTNVISINNNNNSNNNNS------------------------------------------TTNYTLT---NCNTSTI-T---QS, 2.0838, 1, -1.000000
1.920442, -68.9247, [84, 87, 89], CHUNK, ['D', 'N', 'K'], VKLTPLCVTLNCTNNNNTTTN-------------------------------------NTNDELKN----CSFNT-T-TN--IKD-KN-KKE-NSLF-NTTNVISINNNNNSNNNNS------------------------------------------TTNYTLT---NCNTSTI-T---QS, 2.0838, 1, 0.049268
1.925269, -66.8260, 96, POINT, L, VKLTPLCVTLNCTNNNNTTTN-------------------------------------NTNDELKN----CSFNT-T-TN--IKD-KN-KKE-NSLL-NTTNVISINNNNNSNNNNS------------------------------------------TTNYTLT---NCNTSTI-T---QS, 2.0838, 1, 0.049268
1.918954, -66.3735, [82, 83], CHUNK, ['V', 'R'], VKLTPLCVTLNCTNNNNTTTN-------------------------------------NTNDELKN----CSFNT-T-TN--VRD-KN-KKE-NSLL-NTTNVISINNNNNSNNNNS------------------------------------------TTNYTLT---NCNTSTI-T---QS, 2.0838, 1, 0.049268
1.926258, -66.7841, [82], CHUNK, ['I'], VKLTPLCVTLNCTNNNNTTTN-------------------------------------NTNDELKN----CSFNT-T-TN--IRD-KN-KKE-NSLL-NTTNVISINNNNNSNNNNS------------------------------------------TTNYTLT---NCNTSTI-T---QS, 2.0838, 1, 0.049268
1.926571, -66.9175, 182, POINT, A, VKLTPLCVTLNCTNNNNTTTN-------------------------------------NTNDELKN----CSFNT-T-TN--IRD-KN-KKE-NSLL-NTTNVISINNNNNSNNNNS------------------------------------------TTNYTLT---NCNTSTI-T---QA, 2.0838, 1, 0.049268
1.921743, -68.9957, 96, POINT, F, VKLTPLCVTLNCTNNNNTTTN-------------------------------------NTNDELKN----CSFNT-T-TN--IRD-KN-KKE-NSLF-NTTNVISINNNNNSNNNNS------------------------------------------TTNYTLT---NCNTSTI-T---QA, 2.0838, 1, 0.050545
1.919641, -73.7336, 61, POINT, G, VKLTPLCVTLNCTNNNNTTTN-------------------------------------NTNGELKN----CSFNT-T-TN--IRD-KN-KKE-NSLF-NTTNVISINNNNNSNNNNS------------------------------------------TTNYTLT---NCNTSTI-T---QA, 2.0838, 1, 0.050545
1.922771, -75.8746, 102, POINT, I, VKLTPLCVTLNCTNNNNTTTN-------------------------------------NTNGELKN----CSFNT-T-TN--IRD-KN-KKE-NSLF-NTTNIISINNNNNSNNNNS------------------------------------------TTNYTLT---NCNTSTI-T---QA, 2.0468, 1, 0.050545
1.927794, -75.5049, 63, POINT, I, VKLTPLCVTLNCTNNNNTTTN-------------------------------------NTNGEIKN----CSFNT-T-TN--IRD-KN-KKE-NSLF-NTTNIISINNNNNSNNNNS------------------------------------------TTNYTLT---NCNTSTI-T---QA, 2.0468, 1, 0.050545
1.925326, -75.7356, [159], CHUNK, ['N'], VKLTPLCVTLNCTNNNNTTTN-------------------------------------NTNGEIKN----CSFNT-T-TN--IRD-KN-KKE-NSLF-NTTNIISINNNNNSNNNNS------------------------------------------NTNYTLT---NCNTSTI-T---QA, 2.0468, 1, 0.055083
1.904159, -75.2798, 16, POINT, S, VKLTPLCVTLNCTNNNSTTTN-------------------------------------NTNGEIKN----CSFNT-T-TN--IRD-KN-KKE-NSLF-NTTNIISINNNNNSNNNNS------------------------------------------NTNYTLT---NCNTSTI-T---QA, 2.0468, 1, 0.055083
1.890921, -74.3260, [63], CHUNK, ['M'], VKLTPLCVTLNCTNNNSTTTN-------------------------------------NTNGEMKN----CSFNT-T-TN--IRD-KN-KKE-NSLF-NTTNIISINNNNNSNNNNS------------------------------------------NTNYTLT---NCNTSTI-T---QA, 2.0468, 1, -1.000000
1.904349, -78.8865, [15, 16, 17, 18], CHUNK, ['T', 'N', 'N', 'S'], VKLTPLCVTLNCTNNTNNSTN-------------------------------------NTNGEMKN----CSFNT-T-TN--IRD-KN-KKE-NSLF-NTTNIISINNNNNSNNNNS------------------------------------------NTNYTLT---NCNTSTI-T---QA, 2.0259, 1, -1.000000
1.880395, -79.6992, [79], CHUNK, ['E'], VKLTPLCVTLNCTNNTNNSTN-------------------------------------NTNGEMKN----CSFNT-T-TE--IRD-KN-KKE-NSLF-NTTNIISINNNNNSNNNNS------------------------------------------NTNYTLT---NCNTSTI-T---QA, 1.9996, 1, -1.000000
1.864286, -80.6849, 87, POINT, V, VKLTPLCVTLNCTNNTNNSTN-------------------------------------NTNGEMKN----CSFNT-T-TE--IRD-KV-KKE-NSLF-NTTNIISINNNNNSNNNNS------------------------------------------NTNYTLT---NCNTSTI-T---QA, 1.9996, 1, -1.000000
1.856623, -80.7738, 1, POINT, Q, VQLTPLCVTLNCTNNTNNSTN-------------------------------------NTNGEMKN----CSFNT-T-TE--IRD-KV-KKE-NSLF-NTTNIISINNNNNSNNNNS------------------------------------------NTNYTLT---NCNTSTI-T---QA, 1.9392, 1, -1.000000
1.864094, -82.3009, 84, POINT, N, VQLTPLCVTLNCTNNTNNSTN-------------------------------------NTNGEMKN----CSFNT-T-TE--IRN-KV-KKE-NSLF-NTTNIISINNNNNSNNNNS------------------------------------------NTNYTLT---NCNTSTI-T---QA, 1.8428, 1, -1.000000
1.877651, -81.4994, [18], CHUNK, ['T'], VQLTPLCVTLNCTNNTNNTTN-------------------------------------NTNGEMKN----CSFNT-T-TE--IRN-KV-KKE-NSLF-NTTNIISINNNNNSNNNNS------------------------------------------NTNYTLT---NCNTSTI-T---QA, 1.8428, 1, -1.000000
1.903218, -72.5936, 61, POINT, T, VQLTPLCVTLNCTNNTNNTTN-------------------------------------NTNTEMKN----CSFNT-T-TE--IRN-KV-KKE-NSLF-NTTNIISINNNNNSNNNNS------------------------------------------NTNYTLT---NCNTSTI-T---QA, 1.8428, 1, -1.000000
1.917588, -73.4944, [63], CHUNK, ['I'], VQLTPLCVTLNCTNNTNNTTN-------------------------------------NTNTEIKN----CSFNT-T-TE--IRN-KV-KKE-NSLF-NTTNIISINNNNNSNNNNS------------------------------------------NTNYTLT---NCNTSTI-T---QA, 1.8428, 1, -1.000000
1.916723, -70.7755, 105, POINT, L, VQLTPLCVTLNCTNNTNNTTN-------------------------------------NTNTEIKN----CSFNT-T-TE--IRN-KV-KKE-NSLF-NTTNIISLNNNNNSNNNNS------------------------------------------NTNYTLT---NCNTSTI-T---QA, 1.8428, 1, -1.000000
1.918262, -70.9405, 71, POINT, T, VQLTPLCVTLNCTNNTNNTTN-------------------------------------NTNTEIKN----CTFNT-T-TE--IRN-KV-KKE-NSLF-NTTNIISLNNNNNSNNNNS------------------------------------------NTNYTLT---NCNTSTI-T---QA, 1.8428, 1, -1.000000
1.929409, -70.8745, 79, POINT, S, VQLTPLCVTLNCTNNTNNTTN-------------------------------------NTNTEIKN----CTFNT-T-TS--IRN-KV-KKE-NSLF-NTTNIISLNNNNNSNNNNS------------------------------------------NTNYTLT---NCNTSTI-T---QA, 1.8428, 1, -1.000000
1.930757, -58.5177, 87, POINT, L, VQLTPLCVTLNCTNNTNNTTN-------------------------------------NTNTEIKN----CTFNT-T-TS--IRN-KL-KKE-NSLF-NTTNIISLNNNNNSNNNNS------------------------------------------NTNYTLT---NCNTSTI-T---QA, 2.1255, 1, 0.028612
1.932032, -67.1769, 87, POINT, K, VQLTPLCVTLNCTNNTNNTTN-------------------------------------NTNTEIKN----CTFNT-T-TS--IRN-KK-KKE-NSLF-NTTNIISLNNNNNSNNNNS------------------------------------------NTNYTLT---NCNTSTI-T---QA, 2.0957, 1, 0.028612
1.923514, -66.3553, 84, POINT, D, VQLTPLCVTLNCTNNTNNTTN-------------------------------------NTNTEIKN----CTFNT-T-TS--IRD-KK-KKE-NSLF-NTTNIISLNNNNNSNNNNS------------------------------------------NTNYTLT---NCNTSTI-T---QA, 2.0957, 1, 0.028612
1.912769, -66.2856, [79], CHUNK, ['E'], VQLTPLCVTLNCTNNTNNTTN-------------------------------------NTNTEIKN----CTFNT-T-TE--IRD-KK-KKE-NSLF-NTTNIISLNNNNNSNNNNS------------------------------------------NTNYTLT---NCNTSTI-T---QA, 2.0957, 1, 0.028612
1.924763, -57.1215, [74, 79], CHUNK, ['I', 'N'], VQLTPLCVTLNCTNNTNNTTN-------------------------------------NTNTEIKN----CTFNI-T-TN--IRD-KK-KKE-NSLF-NTTNIISLNNNNNSNNNNS------------------------------------------NTNYTLT---NCNTSTI-T---QA, 2.0082, 1, -1.000000
1.920976, -56.8516, [71], CHUNK, ['S'], VQLTPLCVTLNCTNNTNNTTN-------------------------------------NTNTEIKN----CSFNI-T-TN--IRD-KK-KKE-NSLF-NTTNIISLNNNNNSNNNNS------------------------------------------NTNYTLT---NCNTSTI-T---QA, 2.0082, 1, 0.028612
1.924808, -59.2128, [87, 89], CHUNK, ['T', 'R'], VQLTPLCVTLNCTNNTNNTTN-------------------------------------NTNTEIKN----CSFNI-T-TN--IRD-KT-RKE-NSLF-NTTNIISLNNNNNSNNNNS------------------------------------------NTNYTLT---NCNTSTI-T---QA, 1.9840, 1, -1.000000
1.929235, -58.5463, 96, POINT, L, VQLTPLCVTLNCTNNTNNTTN-------------------------------------NTNTEIKN----CSFNI-T-TN--IRD-KT-RKE-NSLL-NTTNIISLNNNNNSNNNNS------------------------------------------NTNYTLT---NCNTSTI-T---QA, 2.1761, 1, 0.028612
1.921019, -58.2787, [174], CHUNK, ['V'], VQLTPLCVTLNCTNNTNNTTN-------------------------------------NTNTEIKN----CSFNI-T-TN--IRD-KT-RKE-NSLL-NTTNIISLNNNNNSNNNNS------------------------------------------NTNYTLT---NCNTSVI-T---QA, 2.1761, 1, 0.028612
1.915995, -58.5832, [63], CHUNK, ['L'], VQLTPLCVTLNCTNNTNNTTN-------------------------------------NTNTELKN----CSFNI-T-TN--IRD-KT-RKE-NSLL-NTTNIISLNNNNNSNNNNS------------------------------------------NTNYTLT---NCNTSVI-T---QA, 2.2044, 1, -1.000000
1.924211, -58.8943, 174, POINT, T, VQLTPLCVTLNCTNNTNNTTN-------------------------------------NTNTELKN----CSFNI-T-TN--IRD-KT-RKE-NSLL-NTTNIISLNNNNNSNNNNS------------------------------------------NTNYTLT---NCNTSTI-T---QA, 2.2044, 1, -1.000000
1.921333, -58.6351, 0, POINT, A, AQLTPLCVTLNCTNNTNNTTN-------------------------------------NTNTELKN----CSFNI-T-TN--IRD-KT-RKE-NSLL-NTTNIISLNNNNNSNNNNS------------------------------------------NTNYTLT---NCNTSTI-T---QA, 2.2044, 1, -1.000000
1.905829, -57.7290, [177], CHUNK, ['A'], AQLTPLCVTLNCTNNTNNTTN-------------------------------------NTNTELKN----CSFNI-T-TN--IRD-KT-RKE-NSLL-NTTNIISLNNNNNSNNNNS------------------------------------------NTNYTLT---NCNTSTI-A---QA, 2.2044, 1, -1.000000
1.904654, -58.9206, 83, POINT, K, AQLTPLCVTLNCTNNTNNTTN-------------------------------------NTNTELKN----CSFNI-T-TN--IKD-KT-RKE-NSLL-NTTNIISLNNNNNSNNNNS------------------------------------------NTNYTLT---NCNTSTI-A---QA, 2.2747, 1, -1.000000
1.905829, -58.9511, 83, POINT, R, AQLTPLCVTLNCTNNTNNTTN-------------------------------------NTNTELKN----CSFNI-T-TN--IRD-KT-RKE-NSLL-NTTNIISLNNNNNSNNNNS------------------------------------------NTNYTLT---NCNTSTI-A---QA, 2.2747, 1, -1.000000
1.906921, -63.8047, [82, 83], CHUNK, ['T', 'Q'], AQLTPLCVTLNCTNNTNNTTN-------------------------------------NTNTELKN----CSFNI-T-TN--TQD-KT-RKE-NSLL-NTTNIISLNNNNNSNNNNS------------------------------------------NTNYTLT---NCNTSTI-A---QA, 2.2747, 1, -1.000000
1.901574, -64.0132, 62, POINT, D, AQLTPLCVTLNCTNNTNNTTN-------------------------------------NTNTDLKN----CSFNI-T-TN--TQD-KT-RKE-NSLL-NTTNIISLNNNNNSNNNNS------------------------------------------NTNYTLT---NCNTSTI-A---QA, 2.1714, 1, -1.000000
1.909480, -65.9112, 89, POINT, K, AQLTPLCVTLNCTNNTNNTTN-------------------------------------NTNTDLKN----CSFNI-T-TN--TQD-KT-KKE-NSLL-NTTNIISLNNNNNSNNNNS------------------------------------------NTNYTLT---NCNTSTI-A---QA, 2.0104, 1, -1.000000
1.919058, -67.0623, 83, POINT, K, AQLTPLCVTLNCTNNTNNTTN-------------------------------------NTNTDLKN----CSFNI-T-TN--TKD-KT-KKE-NSLL-NTTNIISLNNNNNSNNNNS------------------------------------------NTNYTLT---NCNTSTI-A---QA, 2.0011, 1, -1.000000
1.926492, -68.3759, [1], CHUNK, ['K'], AKLTPLCVTLNCTNNTNNTTN-------------------------------------NTNTDLKN----CSFNI-T-TN--TKD-KT-KKE-NSLL-NTTNIISLNNNNNSNNNNS------------------------------------------NTNYTLT---NCNTSTI-A---QA, 2.0036, 1, -1.000000
1.937829, -66.4124, 64, POINT, T, AKLTPLCVTLNCTNNTNNTTN-------------------------------------NTNTDLTN----CSFNI-T-TN--TKD-KT-KKE-NSLL-NTTNIISLNNNNNSNNNNS------------------------------------------NTNYTLT---NCNTSTI-A---QA, 2.0036, 1, 0.028612
1.939266, -66.6065, 182, POINT, T, AKLTPLCVTLNCTNNTNNTTN-------------------------------------NTNTDLTN----CSFNI-T-TN--TKD-KT-KKE-NSLL-NTTNIISLNNNNNSNNNNS------------------------------------------NTNYTLT---NCNTSTI-A---QT, 2.0036, 1, 0.038599
1.940219, -66.4279, 161, POINT, T, AKLTPLCVTLNCTNNTNNTTN-------------------------------------NTNTDLTN----CSFNI-T-TN--TKD-KT-KKE-NSLL-NTTNIISLNNNNNSNNNNS------------------------------------------NTTYTLT---NCNTSTI-A---QT, 2.0243, 1, 0.038370
1.957306, -72.3265, [74], CHUNK, ['T'], AKLTPLCVTLNCTNNTNNTTN-------------------------------------NTNTDLTN----CSFNT-T-TN--TKD-KT-KKE-NSLL-NTTNIISLNNNNNSNNNNS------------------------------------------NTTYTLT---NCNTSTI-A---QT, 1.9517, 1, 0.038370
1.972710, -73.5117, [177], CHUNK, ['T'], AKLTPLCVTLNCTNNTNNTTN-------------------------------------NTNTDLTN----CSFNT-T-TN--TKD-KT-KKE-NSLL-NTTNIISLNNNNNSNNNNS------------------------------------------NTTYTLT---NCNTSTI-T---QT, 1.9517, 1, 0.036947
1.965441, -73.8021, [79], CHUNK, ['T'], AKLTPLCVTLNCTNNTNNTTN-------------------------------------NTNTDLTN----CSFNT-T-TT--TKD-KT-KKE-NSLL-NTTNIISLNNNNNSNNNNS------------------------------------------NTTYTLT---NCNTSTI-T---QT, 1.9517, 1, 0.037750
1.952879, -75.2480, 7, POINT, I, AKLTPLCITLNCTNNTNNTTN-------------------------------------NTNTDLTN----CSFNT-T-TT--TKD-KT-KKE-NSLL-NTTNIISLNNNNNSNNNNS------------------------------------------NTTYTLT---NCNTSTI-T---QT, 1.9702, 1, 0.037750
1.958669, -75.5073, [71], CHUNK, ['T'], AKLTPLCITLNCTNNTNNTTN-------------------------------------NTNTDLTN----CTFNT-T-TT--TKD-KT-KKE-NSLL-NTTNIISLNNNNNSNNNNS------------------------------------------NTTYTLT---NCNTSTI-T---QT, 1.9702, 1, 0.037750
1.971232, -75.3342, [7], CHUNK, ['V'], AKLTPLCVTLNCTNNTNNTTN-------------------------------------NTNTDLTN----CTFNT-T-TT--TKD-KT-KKE-NSLL-NTTNIISLNNNNNSNNNNS------------------------------------------NTTYTLT---NCNTSTI-T---QT, 1.9702, 1, 0.037750
1.973456, -75.5421, 83, POINT, I, AKLTPLCVTLNCTNNTNNTTN-------------------------------------NTNTDLTN----CTFNT-T-TT--TID-KT-KKE-NSLL-NTTNIISLNNNNNSNNNNS------------------------------------------NTTYTLT---NCNTSTI-T---QT, 1.9702, 1, 0.037750
1.975969, -75.7977, 62, POINT, E, AKLTPLCVTLNCTNNTNNTTN-------------------------------------NTNTELTN----CTFNT-T-TT--TID-KT-KKE-NSLL-NTTNIISLNNNNNSNNNNS------------------------------------------NTTYTLT---NCNTSTI-T---QT, 1.9702, 1, 0.037750
1.966982, -75.8711, [174], CHUNK, ['V'], AKLTPLCVTLNCTNNTNNTTN-------------------------------------NTNTELTN----CTFNT-T-TT--TID-KT-KKE-NSLL-NTTNIISLNNNNNSNNNNS------------------------------------------NTTYTLT---NCNTSVI-T---QT, 1.9702, 1, 0.037750
1.967862, -76.0243, 103, POINT, V, AKLTPLCVTLNCTNNTNNTTN-------------------------------------NTNTELTN----CTFNT-T-TT--TID-KT-KKE-NSLL-NTTNIVSLNNNNNSNNNNS------------------------------------------NTTYTLT---NCNTSVI-T---QT, 1.9702, 1, 0.037750
1.967295, -76.7230, 182, POINT, A, AKLTPLCVTLNCTNNTNNTTN-------------------------------------NTNTELTN----CTFNT-T-TT--TID-KT-KKE-NSLL-NTTNIVSLNNNNNSNNNNS------------------------------------------NTTYTLT---NCNTSVI-T---QA, 1.9535, 1, 0.037750
1.975990, -78.1870, 90, POINT, T, AKLTPLCVTLNCTNNTNNTTN-------------------------------------NTNTELTN----CTFNT-T-TT--TID-KT-KTE-NSLL-NTTNIVSLNNNNNSNNNNS------------------------------------------NTTYTLT---NCNTSVI-T---QA, 1.9772, 1, 0.037750
1.988008, -77.4566, 162, POINT, S, AKLTPLCVTLNCTNNTNNTTN-------------------------------------NTNTELTN----CTFNT-T-TT--TID-KT-KTE-NSLL-NTTNIVSLNNNNNSNNNNS------------------------------------------NTTSTLT---NCNTSVI-T---QA, 1.9772, 1, 0.043873
1.987627, -77.4469, 173, POINT, T, AKLTPLCVTLNCTNNTNNTTN-------------------------------------NTNTELTN----CTFNT-T-TT--TID-KT-KTE-NSLL-NTTNIVSLNNNNNSNNNNS------------------------------------------NTTSTLT---NCNTTVI-T---QA, 1.9772, 1, 0.043873
1.974877, -79.2449, 64, POINT, K, AKLTPLCVTLNCTNNTNNTTN-------------------------------------NTNTELKN----CTFNT-T-TT--TID-KT-KTE-NSLL-NTTNIVSLNNNNNSNNNNS------------------------------------------NTTSTLT---NCNTTVI-T---QA, 1.9772, 1, 0.043873
1.967861, -78.5451, 12, POINT, N, AKLTPLCVTLNCNNNTNNTTN-------------------------------------NTNTELKN----CTFNT-T-TT--TID-KT-KTE-NSLL-NTTNIVSLNNNNNSNNNNS------------------------------------------NTTSTLT---NCNTTVI-T---QA, 1.9772, 1, 0.043873
1.961158, -79.2558, 72, POINT, Y, AKLTPLCVTLNCNNNTNNTTN-------------------------------------NTNTELKN----CTYNT-T-TT--TID-KT-KTE-NSLL-NTTNIVSLNNNNNSNNNNS------------------------------------------NTTSTLT---NCNTTVI-T---QA, 1.9474, 1, 0.043873
1.962040, -72.8959, [82, 83, 84], CHUNK, ['I', 'R', 'N'], AKLTPLCVTLNCNNNTNNTTN-------------------------------------NTNTELKN----CTYNT-T-TT--IRN-KT-KTE-NSLL-NTTNIVSLNNNNNSNNNNS------------------------------------------NTTSTLT---NCNTTVI-T---QA, 1.9474, 1, -1.000000
1.955165, -72.9430, [79], CHUNK, ['S'], AKLTPLCVTLNCNNNTNNTTN-------------------------------------NTNTELKN----CTYNT-T-TS--IRN-KT-KTE-NSLL-NTTNIVSLNNNNNSNNNNS------------------------------------------NTTSTLT---NCNTTVI-T---QA, 1.9474, 1, -1.000000
1.959388, -71.4050, [114, 115, 116], CHUNK, ['S', 'S', 'N'], AKLTPLCVTLNCNNNTNNTTN-------------------------------------NTNTELKN----CTYNT-T-TS--IRN-KT-KTE-NSLL-NTTNIVSLNNNNNSNNSSN------------------------------------------NTTSTLT---NCNTTVI-T---QA, 1.9474, 1, -1.000000
1.965994, -71.0240, [71, 72], CHUNK, ['S', 'F'], AKLTPLCVTLNCNNNTNNTTN-------------------------------------NTNTELKN----CSFNT-T-TS--IRN-KT-KTE-NSLL-NTTNIVSLNNNNNSNNSSN------------------------------------------NTTSTLT---NCNTTVI-T---QA, 1.9474, 1, -1.000000
1.976144, -70.8710, 174, POINT, T, AKLTPLCVTLNCNNNTNNTTN-------------------------------------NTNTELKN----CSFNT-T-TS--IRN-KT-KTE-NSLL-NTTNIVSLNNNNNSNNSSN------------------------------------------NTTSTLT---NCNTTTI-T---QA, 1.9474, 1, -1.000000
1.980323, -71.1512, 4, POINT, T, AKLTTLCVTLNCNNNTNNTTN-------------------------------------NTNTELKN----CSFNT-T-TS--IRN-KT-KTE-NSLL-NTTNIVSLNNNNNSNNSSN------------------------------------------NTTSTLT---NCNTTTI-T---QA, 1.9474, 1, 0.043873
1.974619, -70.2459, 2, POINT, I, AKITTLCVTLNCNNNTNNTTN-------------------------------------NTNTELKN----CSFNT-T-TS--IRN-KT-KTE-NSLL-NTTNIVSLNNNNNSNNSSN------------------------------------------NTTSTLT---NCNTTTI-T---QA, 1.9474, 1, 0.043873
1.974207, -68.5588, 91, POINT, V, AKITTLCVTLNCNNNTNNTTN-------------------------------------NTNTELKN----CSFNT-T-TS--IRN-KT-KTV-NSLL-NTTNIVSLNNNNNSNNSSN------------------------------------------NTTSTLT---NCNTTTI-T---QA, 2.0439, 1, 0.043873
1.952649, -64.2116, [173, 174, 175], CHUNK, ['S', 'K', 'V'], AKITTLCVTLNCNNNTNNTTN-------------------------------------NTNTELKN----CSFNT-T-TS--IRN-KT-KTV-NSLL-NTTNIVSLNNNNNSNNSSN------------------------------------------NTTSTLT---NCNTSKV-T---QA, 2.1593, 1, 0.043873
1.959132, -65.5838, 175, POINT, I, AKITTLCVTLNCNNNTNNTTN-------------------------------------NTNTELKN----CSFNT-T-TS--IRN-KT-KTV-NSLL-NTTNIVSLNNNNNSNNSSN------------------------------------------NTTSTLT---NCNTSKI-T---QA, 2.3560, 0, -1.000000
1.967224, -64.6705, [79], CHUNK, ['N'], AKITTLCVTLNCNNNTNNTTN-------------------------------------NTNTELKN----CSFNT-T-TN--IRN-KT-KTV-NSLL-NTTNIVSLNNNNNSNNSSN------------------------------------------NTTSTLT---NCNTSKV-T---QA, 2.0047, 1, -1.000000
1.972928, -65.4042, 2, POINT, L, AKLTTLCVTLNCNNNTNNTTN-------------------------------------NTNTELKN----CSFNT-T-TN--IRN-KT-KTV-NSLL-NTTNIVSLNNNNNSNNSSN------------------------------------------NTTSTLT---NCNTSKV-T---QA, 2.0047, 1, -1.000000
1.977747, -67.3667, 174, POINT, V, AKLTTLCVTLNCNNNTNNTTN-------------------------------------NTNTELKN----CSFNT-T-TN--IRN-KT-KTV-NSLL-NTTNIVSLNNNNNSNNSSN------------------------------------------NTTSTLT---NCNTSVV-T---QA, 2.0047, 1, -1.000000
1.973569, -66.7921, [4], CHUNK, ['P'], AKLTPLCVTLNCNNNTNNTTN-------------------------------------NTNTELKN----CSFNT-T-TN--IRN-KT-KTV-NSLL-NTTNIVSLNNNNNSNNSSN------------------------------------------NTTSTLT---NCNTSVV-T---QA, 2.0047, 1, 0.043873
1.976676, -70.8048, 0, POINT, V, VKLTPLCVTLNCNNNTNNTTN-------------------------------------NTNTELKN----CSFNT-T-TN--IRN-KT-KTV-NSLL-NTTNIVSLNNNNNSNNSSN------------------------------------------NTTSTLT---NCNTSVV-T---QA, 1.8013, 1, -1.000000
1.977409, -73.4912, 173, POINT, T, VKLTPLCVTLNCNNNTNNTTN-------------------------------------NTNTELKN----CSFNT-T-TN--IRN-KT-KTV-NSLL-NTTNIVSLNNNNNSNNSSN------------------------------------------NTTSTLT---NCNTTVV-T---QA, 1.7258, 1, 0.043873
1.981269, -73.9741, [4], CHUNK, ['T'], VKLTTLCVTLNCNNNTNNTTN-------------------------------------NTNTELKN----CSFNT-T-TN--IRN-KT-KTV-NSLL-NTTNIVSLNNNNNSNNSSN------------------------------------------NTTSTLT---NCNTTVV-T---QA, 1.7258, 1, 0.043873
1.985122, -69.3203, [173, 174, 175], CHUNK, ['S', 'I', 'I'], VKLTTLCVTLNCNNNTNNTTN-------------------------------------NTNTELKN----CSFNT-T-TN--IRN-KT-KTV-NSLL-NTTNIVSLNNNNNSNNSSN------------------------------------------NTTSTLT---NCNTSII-T---QA, 1.8251, 1, 0.043873
1.978638, -69.2821, 175, POINT, V, VKLTTLCVTLNCNNNTNNTTN-------------------------------------NTNTELKN----CSFNT-T-TN--IRN-KT-KTV-NSLL-NTTNIVSLNNNNNSNNSSN------------------------------------------NTTSTLT---NCNTSIV-T---QA, 1.8251, 1, 0.043873
1.987506, -70.0532, [174, 175], CHUNK, ['V', 'I'], VKLTTLCVTLNCNNNTNNTTN-------------------------------------NTNTELKN----CSFNT-T-TN--IRN-KT-KTV-NSLL-NTTNIVSLNNNNNSNNSSN------------------------------------------NTTSTLT---NCNTSVI-T---QA, 1.8365, 1, 0.043873
1.995722, -70.0175, [174], CHUNK, ['T'], VKLTTLCVTLNCNNNTNNTTN-------------------------------------NTNTELKN----CSFNT-T-TN--IRN-KT-KTV-NSLL-NTTNIVSLNNNNNSNNSSN------------------------------------------NTTSTLT---NCNTSTI-T---QA, 1.8365, 1, 0.043873
1.981853, -68.5828, [177], CHUNK, ['K'], VKLTTLCVTLNCNNNTNNTTN-------------------------------------NTNTELKN----CSFNT-T-TN--IRN-KT-KTV-NSLL-NTTNIVSLNNNNNSNNSSN------------------------------------------NTTSTLT---NCNTSTI-K---QA, 1.8365, 1, 0.003032
1.984392, -69.6290, 173, POINT, T, VKLTTLCVTLNCNNNTNNTTN-------------------------------------NTNTELKN----CSFNT-T-TN--IRN-KT-KTV-NSLL-NTTNIVSLNNNNNSNNSSN------------------------------------------NTTSTLT---NCNTTTI-K---QA, 1.9167, 1, 0.003032
1.988415, -69.0806, [63], CHUNK, ['I'], VKLTTLCVTLNCNNNTNNTTN-------------------------------------NTNTEIKN----CSFNT-T-TN--IRN-KT-KTV-NSLL-NTTNIVSLNNNNNSNNSSN------------------------------------------NTTSTLT---NCNTTTI-K---QA, 1.9167, 1, 0.003032
1.991530, -70.2464, [173, 174, 177], CHUNK, ['S', 'V', 'T'], VKLTTLCVTLNCNNNTNNTTN-------------------------------------NTNTEIKN----CSFNT-T-TN--IRN-KT-KTV-NSLL-NTTNIVSLNNNNNSNNSSN------------------------------------------NTTSTLT---NCNTSVI-T---QA, 1.9167, 1, 0.003032
1.985320, -69.1290, 2, POINT, I, VKITTLCVTLNCNNNTNNTTN-------------------------------------NTNTEIKN----CSFNT-T-TN--IRN-KT-KTV-NSLL-NTTNIVSLNNNNNSNNSSN------------------------------------------NTTSTLT---NCNTSVI-T---QA, 1.9167, 1, 0.003032
1.980016, -68.7243, [4], CHUNK, ['S'], VKITSLCVTLNCNNNTNNTTN-------------------------------------NTNTEIKN----CSFNT-T-TN--IRN-KT-KTV-NSLL-NTTNIVSLNNNNNSNNSSN------------------------------------------NTTSTLT---NCNTSVI-T---QA, 1.9167, 1, 0.003032
1.980584, -68.8690, 182, POINT, T, VKITSLCVTLNCNNNTNNTTN-------------------------------------NTNTEIKN----CSFNT-T-TN--IRN-KT-KTV-NSLL-NTTNIVSLNNNNNSNNSSN------------------------------------------NTTSTLT---NCNTSVI-T---QT, 1.9167, 1, -1.000000
1.982698, -69.7213, [71], CHUNK, ['T'], VKITSLCVTLNCNNNTNNTTN-------------------------------------NTNTEIKN----CTFNT-T-TN--IRN-KT-KTV-NSLL-NTTNIVSLNNNNNSNNSSN------------------------------------------NTTSTLT---NCNTSVI-T---QT, 1.9682, 1, -1.000000
1.981819, -69.5231, 103, POINT, I, VKITSLCVTLNCNNNTNNTTN-------------------------------------NTNTEIKN----CTFNT-T-TN--IRN-KT-KTV-NSLL-NTTNIISLNNNNNSNNSSN------------------------------------------NTTSTLT---NCNTSVI-T---QT, 1.9682, 1, 0.003032
1.988665, -70.6566, [12], CHUNK, ['T'], VKITSLCVTLNCTNNTNNTTN-------------------------------------NTNTEIKN----CTFNT-T-TN--IRN-KT-KTV-NSLL-NTTNIISLNNNNNSNNSSN------------------------------------------NTTSTLT---NCNTSVI-T---QT, 1.9691, 1, -1.000000
1.995641, -71.2238, 2, POINT, L, VKLTSLCVTLNCTNNTNNTTN-------------------------------------NTNTEIKN----CTFNT-T-TN--IRN-KT-KTV-NSLL-NTTNIISLNNNNNSNNSSN------------------------------------------NTTSTLT---NCNTSVI-T---QT, 1.9691, 1, 0.003032
1.996488, -71.0095, [4], CHUNK, ['P'], VKLTPLCVTLNCTNNTNNTTN-------------------------------------NTNTEIKN----CTFNT-T-TN--IRN-KT-KTV-NSLL-NTTNIISLNNNNNSNNSSN------------------------------------------NTTSTLT---NCNTSVI-T---QT, 1.9691, 1, 0.003032
1.988498, -69.5758, 17, POINT, T, VKLTPLCVTLNCTNNTNTTTN-------------------------------------NTNTEIKN----CTFNT-T-TN--IRN-KT-KTV-NSLL-NTTNIISLNNNNNSNNSSN------------------------------------------NTTSTLT---NCNTSVI-T---QT, 1.9691, 1, 0.048984
1.998572, -69.3921, 90, POINT, N, VKLTPLCVTLNCTNNTNTTTN-------------------------------------NTNTEIKN----CTFNT-T-TN--IRN-KT-KNV-NSLL-NTTNIISLNNNNNSNNSSN------------------------------------------NTTSTLT---NCNTSVI-T---QT, 1.9691, 1, 0.048984
1.987763, -56.5354, [74], CHUNK, ['I'], VKLTPLCVTLNCTNNTNTTTN-------------------------------------NTNTEIKN----CTFNI-T-TN--IRN-KT-KNV-NSLL-NTTNIISLNNNNNSNNSSN------------------------------------------NTTSTLT---NCNTSVI-T---QT, 1.8842, 1, 0.048984
1.996749, -57.6892, [174], CHUNK, ['T'], VKLTPLCVTLNCTNNTNTTTN-------------------------------------NTNTEIKN----CTFNI-T-TN--IRN-KT-KNV-NSLL-NTTNIISLNNNNNSNNSSN------------------------------------------NTTSTLT---NCNTSTI-T---QT, 1.8264, 1, 0.048984
1.987763, -59.8886, [174], CHUNK, ['V'], VKLTPLCVTLNCTNNTNTTTN-------------------------------------NTNTEIKN----CTFNI-T-TN--IRN-KT-KNV-NSLL-NTTNIISLNNNNNSNNSSN------------------------------------------NTTSTLT---NCNTSVI-T---QT, 1.9252, 1, 0.048984
1.983976, -60.3023, [71], CHUNK, ['S'], VKLTPLCVTLNCTNNTNTTTN-------------------------------------NTNTEIKN----CSFNI-T-TN--IRN-KT-KNV-NSLL-NTTNIISLNNNNNSNNSSN------------------------------------------NTTSTLT---NCNTSVI-T---QT, 1.9119, 1, -1.000000
1.992962, -59.8958, [174], CHUNK, ['T'], VKLTPLCVTLNCTNNTNTTTN-------------------------------------NTNTEIKN----CSFNI-T-TN--IRN-KT-KNV-NSLL-NTTNIISLNNNNNSNNSSN------------------------------------------NTTSTLT---NCNTSTI-T---QT, 1.9119, 1, -1.000000
1.996749, -58.8262, 71, POINT, T, VKLTPLCVTLNCTNNTNTTTN-------------------------------------NTNTEIKN----CTFNI-T-TN--IRN-KT-KNV-NSLL-NTTNIISLNNNNNSNNSSN------------------------------------------NTTSTLT---NCNTSTI-T---QT, 2.0071, 1, 0.048984
1.993642, -62.0145, 0, POINT, A, AKLTPLCVTLNCTNNTNTTTN-------------------------------------NTNTEIKN----CTFNI-T-TN--IRN-KT-KNV-NSLL-NTTNIISLNNNNNSNNSSN------------------------------------------NTTSTLT---NCNTSTI-T---QT, 1.9705, 1, 0.048984
1.996749, -62.1872, 0, POINT, V, VKLTPLCVTLNCTNNTNTTTN-------------------------------------NTNTEIKN----CTFNI-T-TN--IRN-KT-KNV-NSLL-NTTNIISLNNNNNSNNSSN------------------------------------------NTTSTLT---NCNTSTI-T---QT, 1.9705, 1, 0.048984
1.980945, -60.8667, [63], CHUNK, ['M'], VKLTPLCVTLNCTNNTNTTTN-------------------------------------NTNTEMKN----CTFNI-T-TN--IRN-KT-KNV-NSLL-NTTNIISLNNNNNSNNSSN------------------------------------------NTTSTLT---NCNTSTI-T---QT, 1.9705, 1, 0.048984
1.996749, -62.1872, [63], CHUNK, ['I'], VKLTPLCVTLNCTNNTNTTTN-------------------------------------NTNTEIKN----CTFNI-T-TN--IRN-KT-KNV-NSLL-NTTNIISLNNNNNSNNSSN------------------------------------------NTTSTLT---NCNTSTI-T---QT, 1.9705, 1, -1.000000
1.996651, -61.6658, 102, POINT, L, VKLTPLCVTLNCTNNTNTTTN-------------------------------------NTNTEIKN----CTFNI-T-TN--IRN-KT-KNV-NSLL-NTTNLISLNNNNNSNNSSN------------------------------------------NTTSTLT---NCNTSTI-T---QT, 1.9705, 1, 0.048984
1.989969, -61.6826, 175, POINT, V, VKLTPLCVTLNCTNNTNTTTN-------------------------------------NTNTEIKN----CTFNI-T-TN--IRN-KT-KNV-NSLL-NTTNLISLNNNNNSNNSSN------------------------------------------NTTSTLT---NCNTSTV-T---QT, 1.9705, 1, 0.048984
1.991370, -60.4212, 15, POINT, N, VKLTPLCVTLNCTNNNNTTTN-------------------------------------NTNTEIKN----CTFNI-T-TN--IRN-KT-KNV-NSLL-NTTNLISLNNNNNSNNSSN------------------------------------------NTTSTLT---NCNTSTV-T---QT, 1.9705, 1, -1.000000
1.992066, -59.4098, 61, POINT, N, VKLTPLCVTLNCTNNNNTTTN-------------------------------------NTNNEIKN----CTFNI-T-TN--IRN-KT-KNV-NSLL-NTTNLISLNNNNNSNNSSN------------------------------------------NTTSTLT---NCNTSTV-T---QT, 1.9705, 1, -1.000000
1.987482, -58.9447, [71], CHUNK, ['S'], VKLTPLCVTLNCTNNNNTTTN-------------------------------------NTNNEIKN----CSFNI-T-TN--IRN-KT-KNV-NSLL-NTTNLISLNNNNNSNNSSN------------------------------------------NTTSTLT---NCNTSTV-T---QT, 1.9705, 1, -1.000000
1.992066, -59.4098, [71], CHUNK, ['T'], VKLTPLCVTLNCTNNNNTTTN-------------------------------------NTNNEIKN----CTFNI-T-TN--IRN-KT-KNV-NSLL-NTTNLISLNNNNNSNNSSN------------------------------------------NTTSTLT---NCNTSTV-T---QT, 1.9705, 1, -1.000000
1.982856, -59.0613, [159], CHUNK, ['T'], VKLTPLCVTLNCTNNNNTTTN-------------------------------------NTNNEIKN----CTFNI-T-TN--IRN-KT-KNV-NSLL-NTTNLISLNNNNNSNNSSN------------------------------------------TTTSTLT---NCNTSTV-T---QT, 1.9705, 1, -1.000000
1.982789, -60.4728, 17, POINT, N, VKLTPLCVTLNCTNNNNNTTN-------------------------------------NTNNEIKN----CTFNI-T-TN--IRN-KT-KNV-NSLL-NTTNLISLNNNNNSNNSSN------------------------------------------TTTSTLT---NCNTSTV-T---QT, 1.9705, 1, -1.000000
1.989471, -60.4561, [175], CHUNK, ['I'], VKLTPLCVTLNCTNNNNNTTN-------------------------------------NTNNEIKN----CTFNI-T-TN--IRN-KT-KNV-NSLL-NTTNLISLNNNNNSNNSSN------------------------------------------TTTSTLT---NCNTSTI-T---QT, 1.9705, 1, -1.000000
1.998680, -60.8046, 159, POINT, N, VKLTPLCVTLNCTNNNNNTTN-------------------------------------NTNNEIKN----CTFNI-T-TN--IRN-KT-KNV-NSLL-NTTNLISLNNNNNSNNSSN------------------------------------------NTTSTLT---NCNTSTI-T---QT, 1.9705, 1, -1.000000
1.987995, -60.2418, 2, POINT, M, VKMTPLCVTLNCTNNNNNTTN-------------------------------------NTNNEIKN----CTFNI-T-TN--IRN-KT-KNV-NSLL-NTTNLISLNNNNNSNNSSN------------------------------------------NTTSTLT---NCNTSTI-T---QT, 1.9745, 1, 0.048539
1.981795, -59.2533, 96, POINT, F, VKMTPLCVTLNCTNNNNNTTN-------------------------------------NTNNEIKN----CTFNI-T-TN--IRN-KT-KNV-NSLF-NTTNLISLNNNNNSNNSSN------------------------------------------NTTSTLT---NCNTSTI-T---QT, 1.9091, 1, -1.000000
1.972267, -59.8210, 72, POINT, Y, VKMTPLCVTLNCTNNNNNTTN-------------------------------------NTNNEIKN----CTYNI-T-TN--IRN-KT-KNV-NSLF-NTTNLISLNNNNNSNNSSN------------------------------------------NTTSTLT---NCNTSTI-T---QT, 1.9091, 1, -1.000000
1.977211, -59.9696, [71, 72], CHUNK, ['S', 'F'], VKMTPLCVTLNCTNNNNNTTN-------------------------------------NTNNEIKN----CSFNI-T-TN--IRN-KT-KNV-NSLF-NTTNLISLNNNNNSNNSSN------------------------------------------NTTSTLT---NCNTSTI-T---QT, 1.9434, 1, -1.000000
1.987896, -61.4073, [2], CHUNK, ['L'], VKLTPLCVTLNCTNNNNNTTN-------------------------------------NTNNEIKN----CSFNI-T-TN--IRN-KT-KNV-NSLF-NTTNLISLNNNNNSNNSSN------------------------------------------NTTSTLT---NCNTSTI-T---QT, 1.9434, 1, -1.000000
1.956726, -60.0400, 15, POINT, V, VKLTPLCVTLNCTNNVNNTTN-------------------------------------NTNNEIKN----CSFNI-T-TN--IRN-KT-KNV-NSLF-NTTNLISLNNNNNSNNSSN------------------------------------------NTTSTLT---NCNTSTI-T---QT, 1.9703, 1, -1.000000
1.961310, -57.4822, [71], CHUNK, ['T'], VKLTPLCVTLNCTNNVNNTTN-------------------------------------NTNNEIKN----CTFNI-T-TN--IRN-KT-KNV-NSLF-NTTNLISLNNNNNSNNSSN------------------------------------------NTTSTLT---NCNTSTI-T---QT, 1.9827, 1, -1.000000
1.967510, -59.1256, 96, POINT, L, VKLTPLCVTLNCTNNVNNTTN-------------------------------------NTNNEIKN----CTFNI-T-TN--IRN-KT-KNV-NSLL-NTTNLISLNNNNNSNNSSN------------------------------------------NTTSTLT---NCNTSTI-T---QT, 1.9898, 1, -1.000000
1.962926, -61.5693, [71], CHUNK, ['S'], VKLTPLCVTLNCTNNVNNTTN-------------------------------------NTNNEIKN----CSFNI-T-TN--IRN-KT-KNV-NSLL-NTTNLISLNNNNNSNNSSN------------------------------------------NTTSTLT---NCNTSTI-T---QT, 2.1828, 0, -1.000000
1.966172, -59.3056, [182], CHUNK, ['A'], VKLTPLCVTLNCTNNVNNTTN-------------------------------------NTNNEIKN----CTFNI-T-TN--IRN-KT-KNV-NSLL-NTTNLISLNNNNNSNNSSN------------------------------------------NTTSTLT---NCNTSTI-T---QA, 1.9767, 1, -1.000000
1.961314, -60.5871, [74], CHUNK, ['V'], VKLTPLCVTLNCTNNVNNTTN-------------------------------------NTNNEIKN----CTFNV-T-TN--IRN-KT-KNV-NSLL-NTTNLISLNNNNNSNNSSN------------------------------------------NTTSTLT---NCNTSTI-T---QA, 1.7980, 1, -1.000000
1.960139, -62.0088, 91, POINT, E, VKLTPLCVTLNCTNNVNNTTN-------------------------------------NTNNEIKN----CTFNV-T-TN--IRN-KT-KNE-NSLL-NTTNLISLNNNNNSNNSSN------------------------------------------NTTSTLT---NCNTSTI-T---QA, 1.7980, 1, -1.000000
1.959826, -63.3480, 182, POINT, S, VKLTPLCVTLNCTNNVNNTTN-------------------------------------NTNNEIKN----CTFNV-T-TN--IRN-KT-KNE-NSLL-NTTNLISLNNNNNSNNSSN------------------------------------------NTTSTLT---NCNTSTI-T---QS, 1.9128, 1, -1.000000
1.956379, -64.7620, [71], CHUNK, ['S'], VKLTPLCVTLNCTNNVNNTTN-------------------------------------NTNNEIKN----CSFNV-T-TN--IRN-KT-KNE-NSLL-NTTNLISLNNNNNSNNSSN------------------------------------------NTTSTLT---NCNTSTI-T---QS, 2.0557, 1, -1.000000
1.958184, -64.8825, 173, POINT, T, VKLTPLCVTLNCTNNVNNTTN-------------------------------------NTNNEIKN----CSFNV-T-TN--IRN-KT-KNE-NSLL-NTTNLISLNNNNNSNNSSN------------------------------------------NTTSTLT---NCNTTTI-T---QS, 2.0557, 1, -1.000000
1.956522, -65.1066, 103, POINT, V, VKLTPLCVTLNCTNNVNNTTN-------------------------------------NTNNEIKN----CSFNV-T-TN--IRN-KT-KNE-NSLL-NTTNLVSLNNNNNSNNSSN------------------------------------------NTTSTLT---NCNTTTI-T---QS, 2.0557, 0, -1.000000
1.961631, -65.6365, [71], CHUNK, ['T'], VKLTPLCVTLNCTNNVNNTTN-------------------------------------NTNNEIKN----CTFNV-T-TN--IRN-KT-KNE-NSLL-NTTNLISLNNNNNSNNSSN------------------------------------------NTTSTLT---NCNTTTI-T---QS, 2.2517, 1, -1.000000
1.956694, -65.5289, 91, POINT, A, VKLTPLCVTLNCTNNVNNTTN-------------------------------------NTNNEIKN----CTFNV-T-TN--IRN-KT-KNA-NSLL-NTTNLISLNNNNNSNNSSN------------------------------------------NTTSTLT---NCNTTTI-T---QS, 2.3190, 0, -1.000000
1.966489, -60.2109, [74], CHUNK, ['I'], VKLTPLCVTLNCTNNVNNTTN-------------------------------------NTNNEIKN----CTFNI-T-TN--IRN-KT-KNE-NSLL-NTTNLISLNNNNNSNNSSN------------------------------------------NTTSTLT---NCNTTTI-T---QS, 2.1924, 1, -1.000000
1.961781, -60.5415, 161, POINT, N, VKLTPLCVTLNCTNNVNNTTN-------------------------------------NTNNEIKN----CTFNI-T-TN--IRN-KT-KNE-NSLL-NTTNLISLNNNNNSNNSSN------------------------------------------NTNSTLT---NCNTTTI-T---QS, 2.1924, 0, -1.000000
1.934362, -48.9451, [14, 15, 17], CHUNK, ['L', 'R', 'T'], VKLTPLCVTLNCTNLRNTTTN-------------------------------------NTNNEIKN----CTFNI-T-TN--IRN-KT-KNE-NSLL-NTTNLISLNNNNNSNNSSN------------------------------------------NTTSTLT---NCNTTTI-T---QS, 2.5737, 1, -1.000000
1.931255, -52.3235, [0], CHUNK, ['A'], AKLTPLCVTLNCTNLRNTTTN-------------------------------------NTNNEIKN----CTFNI-T-TN--IRN-KT-KNE-NSLL-NTTNLISLNNNNNSNNSSN------------------------------------------NTTSTLT---NCNTTTI-T---QS, 2.5502, 1, -1.000000
1.926671, -59.1910, [71], CHUNK, ['S'], AKLTPLCVTLNCTNLRNTTTN-------------------------------------NTNNEIKN----CSFNI-T-TN--IRN-KT-KNE-NSLL-NTTNLISLNNNNNSNNSSN------------------------------------------NTTSTLT---NCNTTTI-T---QS, 2.6270, 0, -1.000000
1.935122, -58.2014, 4, POINT, T, AKLTTLCVTLNCTNLRNTTTN-------------------------------------NTNNEIKN----CTFNI-T-TN--IRN-KT-KNE-NSLL-NTTNLISLNNNNNSNNSSN------------------------------------------NTTSTLT---NCNTTTI-T---QS, 2.9561, 0, -1.000000
1.931354, -60.5089, 102, POINT, I, AKLTPLCVTLNCTNLRNTTTN-------------------------------------NTNNEIKN----CTFNI-T-TN--IRN-KT-KNE-NSLL-NTTNIISLNNNNNSNNSSN------------------------------------------NTTSTLT---NCNTTTI-T---QS, 2.7296, 0, -1.000000
1.911169, -51.8271, [84], CHUNK, ['D'], AKLTPLCVTLNCTNLRNTTTN-------------------------------------NTNNEIKN----CTFNI-T-TN--IRD-KT-KNE-NSLL-NTTNLISLNNNNNSNNSSN------------------------------------------NTTSTLT---NCNTTTI-T---QS, 2.2847, 1, -1.000000
1.924500, -57.0531, 83, POINT, S, AKLTPLCVTLNCTNLRNTTTN-------------------------------------NTNNEIKN----CTFNI-T-TN--ISD-KT-KNE-NSLL-NTTNLISLNNNNNSNNSSN------------------------------------------NTTSTLT---NCNTTTI-T---QS, 2.3023, 1, -1.000000
1.927607, -57.2687, [0], CHUNK, ['V'], VKLTPLCVTLNCTNLRNTTTN-------------------------------------NTNNEIKN----CTFNI-T-TN--ISD-KT-KNE-NSLL-NTTNLISLNNNNNSNNSSN------------------------------------------NTTSTLT---NCNTTTI-T---QS, 2.3023, 1, -1.000000
1.925625, -54.7581, [63, 64], CHUNK, ['M', 'T'], VKLTPLCVTLNCTNLRNTTTN-------------------------------------NTNNEMTN----CTFNI-T-TN--ISD-KT-KNE-NSLL-NTTNLISLNNNNNSNNSSN------------------------------------------NTTSTLT---NCNTTTI-T---QS, 2.3023, 1, -1.000000
1.931213, -54.4318, 175, POINT, T, VKLTPLCVTLNCTNLRNTTTN-------------------------------------NTNNEMTN----CTFNI-T-TN--ISD-KT-KNE-NSLL-NTTNLISLNNNNNSNNSSN------------------------------------------NTTSTLT---NCNTTTT-T---QS, 2.4314, 1, -1.000000
1.918911, -55.2336, 4, POINT, Q, VKLTQLCVTLNCTNLRNTTTN-------------------------------------NTNNEMTN----CTFNI-T-TN--ISD-KT-KNE-NSLL-NTTNLISLNNNNNSNNSSN------------------------------------------NTTSTLT---NCNTTTT-T---QS, 2.4524, 0, -1.000000
1.917882, -54.4137, [83], CHUNK, ['R'], VKLTPLCVTLNCTNLRNTTTN-------------------------------------NTNNEMTN----CTFNI-T-TN--IRD-KT-KNE-NSLL-NTTNLISLNNNNNSNNSSN------------------------------------------NTTSTLT---NCNTTTT-T---QS, 2.4314, 1, -1.000000
1.917747, -54.0720, 181, POINT, R, VKLTPLCVTLNCTNLRNTTTN-------------------------------------NTNNEMTN----CTFNI-T-TN--IRD-KT-KNE-NSLL-NTTNLISLNNNNNSNNSSN------------------------------------------NTTSTLT---NCNTTTT-T---RS, 2.4314, 0, -1.000000
1.938540, -55.4643, 15, POINT, S, VKLTPLCVTLNCTNLSNTTTN-------------------------------------NTNNEMTN----CTFNI-T-TN--IRD-KT-KNE-NSLL-NTTNLISLNNNNNSNNSSN------------------------------------------NTTSTLT---NCNTTTT-T---QS, 2.0796, 1, -1.000000
1.940522, -56.6263, [63, 64], CHUNK, ['I', 'K'], VKLTPLCVTLNCTNLSNTTTN-------------------------------------NTNNEIKN----CTFNI-T-TN--IRD-KT-KNE-NSLL-NTTNLISLNNNNNSNNSSN------------------------------------------NTTSTLT---NCNTTTT-T---QS, 2.0796, 0, -1.000000
1.938434, -55.4793, [83], CHUNK, ['K'], VKLTPLCVTLNCTNLSNTTTN-------------------------------------NTNNEMTN----CTFNI-T-TN--IKD-KT-KNE-NSLL-NTTNLISLNNNNNSNNSSN------------------------------------------NTTSTLT---NCNTTTT-T---QS, 2.0796, 0, -1.000000
1.938488, -55.8492, 105, POINT, I, VKLTPLCVTLNCTNLSNTTTN-------------------------------------NTNNEMTN----CTFNI-T-TN--IRD-KT-KNE-NSLL-NTTNLISINNNNNSNNSSN------------------------------------------NTTSTLT---NCNTTTT-T---QS, 2.0796, 1, -1.000000
1.939626, -56.2131, 102, POINT, I, VKLTPLCVTLNCTNLSNTTTN-------------------------------------NTNNEMTN----CTFNI-T-TN--IRD-KT-KNE-NSLL-NTTNIISINNNNNSNNSSN------------------------------------------NTTSTLT---NCNTTTT-T---QS, 2.0796, 1, -1.000000
1.936732, -56.1215, 102, POINT, V, VKLTPLCVTLNCTNLSNTTTN-------------------------------------NTNNEMTN----CTFNI-T-TN--IRD-KT-KNE-NSLL-NTTNVISINNNNNSNNSSN------------------------------------------NTTSTLT---NCNTTTT-T---QS, 2.0796, 1, -1.000000
1.931144, -57.5100, [175], CHUNK, ['I'], VKLTPLCVTLNCTNLSNTTTN-------------------------------------NTNNEMTN----CTFNI-T-TN--IRD-KT-KNE-NSLL-NTTNVISINNNNNSNNSSN------------------------------------------NTTSTLT---NCNTTTI-T---QS, 2.1170, 1, -1.000000
1.930498, -57.7015, 164, POINT, I, VKLTPLCVTLNCTNLSNTTTN-------------------------------------NTNNEMTN----CTFNI-T-TN--IRD-KT-KNE-NSLL-NTTNVISINNNNNSNNSSN------------------------------------------NTTSTIT---NCNTTTI-T---QS, 2.1170, 1, -1.000000
1.921906, -62.0976, [82, 83], CHUNK, ['L', 'K'], VKLTPLCVTLNCTNLSNTTTN-------------------------------------NTNNEMTN----CTFNI-T-TN--LKD-KT-KNE-NSLL-NTTNVISINNNNNSNNSSN------------------------------------------NTTSTIT---NCNTTTI-T---QS, 2.0123, 1, -1.000000
1.930392, -51.1841, 82, POINT, I, VKLTPLCVTLNCTNLSNTTTN-------------------------------------NTNNEMTN----CTFNI-T-TN--IKD-KT-KNE-NSLL-NTTNVISINNNNNSNNSSN------------------------------------------NTTSTIT---NCNTTTI-T---QS, 1.9948, 1, -1.000000
1.914709, -55.5084, 161, POINT, S, VKLTPLCVTLNCTNLSNTTTN-------------------------------------NTNNEMTN----CTFNI-T-TN--IKD-KT-KNE-NSLL-NTTNVISINNNNNSNNSSN------------------------------------------NTSSTIT---NCNTTTI-T---QS, 2.1349, 1, -1.000000
1.914815, -55.4937, [83], CHUNK, ['R'], VKLTPLCVTLNCTNLSNTTTN-------------------------------------NTNNEMTN----CTFNI-T-TN--IRD-KT-KNE-NSLL-NTTNVISINNNNNSNNSSN------------------------------------------NTSSTIT---NCNTTTI-T---QS, 2.1349, 1, -1.000000
1.909357, -57.3960, [71], CHUNK, ['S'], VKLTPLCVTLNCTNLSNTTTN-------------------------------------NTNNEMTN----CSFNI-T-TN--IRD-KT-KNE-NSLL-NTTNVISINNNNNSNNSSN------------------------------------------NTSSTIT---NCNTTTI-T---QS, 2.1405, 1, -1.000000
1.895638, -59.3568, [79], CHUNK, ['S'], VKLTPLCVTLNCTNLSNTTTN-------------------------------------NTNNEMTN----CSFNI-T-TS--IRD-KT-KNE-NSLL-NTTNVISINNNNNSNNSSN------------------------------------------NTSSTIT---NCNTTTI-T---QS, 2.1405, 1, -1.000000
1.915722, -59.4234, 15, POINT, N, VKLTPLCVTLNCTNLNNTTTN-------------------------------------NTNNEMTN----CSFNI-T-TS--IRD-KT-KNE-NSLL-NTTNVISINNNNNSNNSSN------------------------------------------NTSSTIT---NCNTTTI-T---QS, 2.1405, 1, -1.000000
1.930273, -59.6270, [74], CHUNK, ['T'], VKLTPLCVTLNCTNLNNTTTN-------------------------------------NTNNEMTN----CSFNT-T-TS--IRD-KT-KNE-NSLL-NTTNVISINNNNNSNNSSN------------------------------------------NTSSTIT---NCNTTTI-T---QS, 2.1405, 1, -1.000000
1.916647, -60.7853, [169], CHUNK, ['S'], VKLTPLCVTLNCTNLNNTTTN-------------------------------------NTNNEMTN----CSFNT-T-TS--IRD-KT-KNE-NSLL-NTTNVISINNNNNSNNSSN------------------------------------------NTSSTIT---SCNTTTI-T---QS, 2.1405, 0, -1.000000
------END OF DATA------
Best coverage = 1.99868032866
Best sequence = VKLTPLCVTLNCTNNNNNTTN-------------------------------------NTNNEIKN----CTFNI-T-TN--IRN-KT-KNV-NSLL-NTTNLISLNNNNNSNNSSN------------------------------------------NTTSTLT---NCNTSTI-T---QT
Best energy = -60.8046207474
Best RMSD = 1.97047424316
Hard Covereage = 0.0485390635661
Num epitopes = 37
