Name base = V1V2_200_sq_9_0_ni
Iters = 200
Soft coverage = 1.31203964383
Energy = -131.762508725
Hard Covereage = 0.0368019545157
Num epitopes = 65
Initial seq = VKLTPLCVTLQCTNVTNNITD-------------------------------------DMRGELKN----CSFNM-T-TE--LRD-KK-QKV-YSLF-YRLDVVQINENQGNRSNNS------------------------------------------NKEYRLI---NCNTSAI-T---QA
-------START OF DATA------
1.331461, -132.2606, 20, POINT, N, VKLTPLCVTLQCTNVTNNITN-------------------------------------DMRGELKN----CSFNM-T-TE--LRD-KK-QKV-YSLF-YRLDVVQINENQGNRSNNS------------------------------------------NKEYRLI---NCNTSAI-T---QA, 0.0138, 1
1.363184, -127.9463, [74], CHUNK, ['T'], VKLTPLCVTLQCTNVTNNITN-------------------------------------DMRGELKN----CSFNT-T-TE--LRD-KK-QKV-YSLF-YRLDVVQINENQGNRSNNS------------------------------------------NKEYRLI---NCNTSAI-T---QA, 0.0138, 0
1.380617, -132.1683, 10, POINT, N, VKLTPLCVTLNCTNVTNNITN-------------------------------------DMRGELKN----CSFNM-T-TE--LRD-KK-QKV-YSLF-YRLDVVQINENQGNRSNNS------------------------------------------NKEYRLI---NCNTSAI-T---QA, 0.0138, 1
1.396348, -112.6280, 74, POINT, V, VKLTPLCVTLNCTNVTNNITN-------------------------------------DMRGELKN----CSFNV-T-TE--LRD-KK-QKV-YSLF-YRLDVVQINENQGNRSNNS------------------------------------------NKEYRLI---NCNTSAI-T---QA, 0.1501, 0
1.403635, -130.6292, 18, POINT, T, VKLTPLCVTLNCTNVTNNTTN-------------------------------------DMRGELKN----CSFNM-T-TE--LRD-KK-QKV-YSLF-YRLDVVQINENQGNRSNNS------------------------------------------NKEYRLI---NCNTSAI-T---QA, 0.0138, 1
1.442838, -76.2983, [74, 79], CHUNK, ['I', 'N'], VKLTPLCVTLNCTNVTNNTTN-------------------------------------DMRGELKN----CSFNI-T-TN--LRD-KK-QKV-YSLF-YRLDVVQINENQGNRSNNS------------------------------------------NKEYRLI---NCNTSAI-T---QA, 0.2528, 0
1.420800, -89.2248, 74, POINT, I, VKLTPLCVTLNCTNVTNNTTN-------------------------------------DMRGELKN----CSFNI-T-TE--LRD-KK-QKV-YSLF-YRLDVVQINENQGNRSNNS------------------------------------------NKEYRLI---NCNTSAI-T---QA, 0.7543, 0
1.436237, -89.2687, [74, 79], CHUNK, ['I', 'T'], VKLTPLCVTLNCTNVTNNTTN-------------------------------------DMRGELKN----CSFNI-T-TT--LRD-KK-QKV-YSLF-YRLDVVQINENQGNRSNNS------------------------------------------NKEYRLI---NCNTSAI-T---QA, 0.6434, 0
1.410648, -107.9248, 174, POINT, V, VKLTPLCVTLNCTNVTNNTTN-------------------------------------DMRGELKN----CSFNM-T-TE--LRD-KK-QKV-YSLF-YRLDVVQINENQGNRSNNS------------------------------------------NKEYRLI---NCNTSVI-T---QA, 0.1979, 0
1.399283, -132.0097, 60, POINT, N, VKLTPLCVTLNCTNVTNNITN-------------------------------------DMNGELKN----CSFNM-T-TE--LRD-KK-QKV-YSLF-YRLDVVQINENQGNRSNNS------------------------------------------NKEYRLI---NCNTSAI-T---QA, 0.0138, 1
1.422309, -131.4335, 160, POINT, T, VKLTPLCVTLNCTNVTNNITN-------------------------------------DMNGELKN----CSFNM-T-TE--LRD-KK-QKV-YSLF-YRLDVVQINENQGNRSNNS------------------------------------------NTEYRLI---NCNTSAI-T---QA, 0.0138, 1
1.442020, -126.5902, 72, POINT, T, VKLTPLCVTLNCTNVTNNITN-------------------------------------DMNGELKN----CSTNM-T-TE--LRD-KK-QKV-YSLF-YRLDVVQINENQGNRSNNS------------------------------------------NTEYRLI---NCNTSAI-T---QA, 0.0138, 1
1.461930, -126.2791, [161], CHUNK, ['S'], VKLTPLCVTLNCTNVTNNITN-------------------------------------DMNGELKN----CSTNM-T-TE--LRD-KK-QKV-YSLF-YRLDVVQINENQGNRSNNS------------------------------------------NTSYRLI---NCNTSAI-T---QA, 0.0138, 0
1.477313, -125.1385, 109, POINT, T, VKLTPLCVTLNCTNVTNNITN-------------------------------------DMNGELKN----CSTNM-T-TE--LRD-KK-QKV-YSLF-YRLDVVQINENTGNRSNNS------------------------------------------NTEYRLI---NCNTSAI-T---QA, 0.0138, 1
1.511019, -124.4857, 74, POINT, T, VKLTPLCVTLNCTNVTNNITN-------------------------------------DMNGELKN----CSTNT-T-TE--LRD-KK-QKV-YSLF-YRLDVVQINENTGNRSNNS------------------------------------------NTEYRLI---NCNTSAI-T---QA, 0.0138, 0
1.483187, -125.4421, 107, POINT, D, VKLTPLCVTLNCTNVTNNITN-------------------------------------DMNGELKN----CSTNM-T-TE--LRD-KK-QKV-YSLF-YRLDVVQINDNTGNRSNNS------------------------------------------NTEYRLI---NCNTSAI-T---QA, 0.0212, 0
1.494891, -109.0197, [72, 74, 79], CHUNK, ['F', 'V', 'N'], VKLTPLCVTLNCTNVTNNITN-------------------------------------DMNGELKN----CSFNV-T-TN--LRD-KK-QKV-YSLF-YRLDVVQINENTGNRSNNS------------------------------------------NTEYRLI---NCNTSAI-T---QA, 0.1856, 0
1.489535, -124.6974, 103, POINT, T, VKLTPLCVTLNCTNVTNNITN-------------------------------------DMNGELKN----CSTNM-T-TE--LRD-KK-QKV-YSLF-YRLDVTQINENTGNRSNNS------------------------------------------NTEYRLI---NCNTSAI-T---QA, 0.0148, 0
1.459722, -113.6429, 74, POINT, I, VKLTPLCVTLNCTNVTNNITN-------------------------------------DMNGELKN----CSTNI-T-TE--LRD-KK-QKV-YSLF-YRLDVVQINENQGNRSNNS------------------------------------------NTEYRLI---NCNTSAI-T---QA, 0.1197, 0
1.467574, -12.7281, [79, 82], CHUNK, ['N', 'I'], VKLTPLCVTLNCTNVTNNITN-------------------------------------DMNGELKN----CSTNM-T-TN--IRD-KK-QKV-YSLF-YRLDVVQINENQGNRSNNS------------------------------------------NTEYRLI---NCNTSAI-T---QA, 0.1326, 0
1.453233, -126.0868, 105, POINT, T, VKLTPLCVTLNCTNVTNNITN-------------------------------------DMNGELKN----CSTNM-T-TE--LRD-KK-QKV-YSLF-YRLDVVQTNENQGNRSNNS------------------------------------------NTEYRLI---NCNTSAI-T---QA, 0.0138, 1
1.478787, -38.0034, [79, 82], CHUNK, ['N', 'I'], VKLTPLCVTLNCTNVTNNITN-------------------------------------DMNGELKN----CSTNM-T-TN--IRD-KK-QKV-YSLF-YRLDVVQTNENQGNRSNNS------------------------------------------NTEYRLI---NCNTSAI-T---QA, 0.2131, 0
1.470038, -124.1956, [94, 99], CHUNK, ['A', 'T'], VKLTPLCVTLNCTNVTNNITN-------------------------------------DMNGELKN----CSTNM-T-TE--LRD-KK-QKV-YALF-YTLDVVQTNENQGNRSNNS------------------------------------------NTEYRLI---NCNTSAI-T---QA, 0.0648, 0
1.470934, -110.9164, 74, POINT, I, VKLTPLCVTLNCTNVTNNITN-------------------------------------DMNGELKN----CSTNI-T-TE--LRD-KK-QKV-YSLF-YRLDVVQTNENQGNRSNNS------------------------------------------NTEYRLI---NCNTSAI-T---QA, 0.1695, 0
1.478787, -26.6144, [79, 82], CHUNK, ['N', 'I'], VKLTPLCVTLNCTNVTNNITN-------------------------------------DMNGELKN----CSTNM-T-TN--IRD-KK-QKV-YSLF-YRLDVVQTNENQGNRSNNS------------------------------------------NTEYRLI---NCNTSAI-T---QA, 0.2513, 0
1.453464, -125.3636, [160, 161, 163, 165], CHUNK, ['R', 'S', 'T', 'T'], VKLTPLCVTLNCTNVTNNITN-------------------------------------DMNGELKN----CSTNM-T-TE--LRD-KK-QKV-YSLF-YRLDVVQINENQGNRSNNS------------------------------------------NRSYTLT---NCNTSAI-T---QA, 0.0138, 0
1.482115, -128.5060, [161, 163], CHUNK, ['T', 'T'], VKLTPLCVTLNCTNVTNNITN-------------------------------------DMNGELKN----CSTNM-T-TE--LRD-KK-QKV-YSLF-YRLDVVQINENQGNRSNNS------------------------------------------NTTYTLI---NCNTSAI-T---QA, 0.0138, 1
1.497575, -128.6327, [79, 83, 84, 86], CHUNK, ['S', 'K', 'N', 'L'], VKLTPLCVTLNCTNVTNNITN-------------------------------------DMNGELKN----CSTNM-T-TS--LKN-LK-QKV-YSLF-YRLDVVQINENQGNRSNNS------------------------------------------NTTYTLI---NCNTSAI-T---QA, 0.0138, 1
1.505262, -127.7141, 104, POINT, K, VKLTPLCVTLNCTNVTNNITN-------------------------------------DMNGELKN----CSTNM-T-TS--LKN-LK-QKV-YSLF-YRLDVVKINENQGNRSNNS------------------------------------------NTTYTLI---NCNTSAI-T---QA, 0.0138, 0
1.518901, -2.7688, [74, 82], CHUNK, ['I', 'I'], VKLTPLCVTLNCTNVTNNITN-------------------------------------DMNGELKN----CSTNI-T-TS--IKN-LK-QKV-YSLF-YRLDVVQINENQGNRSNNS------------------------------------------NTTYTLI---NCNTSAI-T---QA, 0.0801, 0
1.515406, -114.9098, 74, POINT, I, VKLTPLCVTLNCTNVTNNITN-------------------------------------DMNGELKN----CSTNI-T-TS--LKN-LK-QKV-YSLF-YRLDVVQINENQGNRSNNS------------------------------------------NTTYTLI---NCNTSAI-T---QA, 0.1884, 0
1.513438, -127.8906, 58, POINT, S, VKLTPLCVTLNCTNVTNNITN-------------------------------------SMNGELKN----CSTNM-T-TS--LKN-LK-QKV-YSLF-YRLDVVQINENQGNRSNNS------------------------------------------NTTYTLI---NCNTSAI-T---QA, 0.0138, 0
1.499816, -116.1015, 74, POINT, I, VKLTPLCVTLNCTNVTNNITN-------------------------------------DMNGELKN----CSTNI-T-TE--LRD-KK-QKV-YSLF-YRLDVVQINENQGNRSNNS------------------------------------------NTTYTLI---NCNTSAI-T---QA, 0.1878, 0
1.505389, -128.6186, 107, POINT, N, VKLTPLCVTLNCTNVTNNITN-------------------------------------DMNGELKN----CSTNM-T-TE--LRD-KK-QKV-YSLF-YRLDVVQINNNQGNRSNNS------------------------------------------NTTYTLI---NCNTSAI-T---QA, 0.0138, 1
1.522139, -120.0847, 74, POINT, V, VKLTPLCVTLNCTNVTNNITN-------------------------------------DMNGELKN----CSTNV-T-TE--LRD-KK-QKV-YSLF-YRLDVVQINNNQGNRSNNS------------------------------------------NTTYTLI---NCNTSAI-T---QA, 0.1363, 0
1.526127, -127.8958, 79, POINT, N, VKLTPLCVTLNCTNVTNNITN-------------------------------------DMNGELKN----CSTNM-T-TN--LRD-KK-QKV-YSLF-YRLDVVQINNNQGNRSNNS------------------------------------------NTTYTLI---NCNTSAI-T---QA, 0.0138, 1
1.541242, -125.4771, [174], CHUNK, ['T'], VKLTPLCVTLNCTNVTNNITN-------------------------------------DMNGELKN----CSTNM-T-TN--LRD-KK-QKV-YSLF-YRLDVVQINNNQGNRSNNS------------------------------------------NTTYTLI---NCNTSTI-T---QA, 0.0138, 1
1.565550, -123.0076, 58, POINT, T, VKLTPLCVTLNCTNVTNNITN-------------------------------------TMNGELKN----CSTNM-T-TN--LRD-KK-QKV-YSLF-YRLDVVQINNNQGNRSNNS------------------------------------------NTTYTLI---NCNTSTI-T---QA, 0.0138, 1
1.566988, -123.6633, 94, POINT, A, VKLTPLCVTLNCTNVTNNITN-------------------------------------TMNGELKN----CSTNM-T-TN--LRD-KK-QKV-YALF-YRLDVVQINNNQGNRSNNS------------------------------------------NTTYTLI---NCNTSTI-T---QA, 0.0304, 0
1.571995, -120.3339, 71, POINT, T, VKLTPLCVTLNCTNVTNNITN-------------------------------------TMNGELKN----CTTNM-T-TN--LRD-KK-QKV-YSLF-YRLDVVQINNNQGNRSNNS------------------------------------------NTTYTLI---NCNTSTI-T---QA, 0.0138, 0
1.573009, -110.1906, [74, 82], CHUNK, ['I', 'M'], VKLTPLCVTLNCTNVTNNITN-------------------------------------TMNGELKN----CSTNI-T-TN--MRD-KK-QKV-YSLF-YRLDVVQINNNQGNRSNNS------------------------------------------NTTYTLI---NCNTSTI-T---QA, 0.2806, 0
1.601745, -121.2689, [102, 104, 105, 107, 109, 110], CHUNK, ['I', 'P', 'L', 'E', 'N', 'S'], VKLTPLCVTLNCTNVTNNITN-------------------------------------TMNGELKN----CSTNM-T-TN--LRD-KK-QKV-YSLF-YRLDIVPLNENNSNRSNNS------------------------------------------NTTYTLI---NCNTSTI-T---QA, 0.0551, 1
1.612582, -117.8770, [87, 89, 91], CHUNK, ['S', 'K', 'E'], VKLTPLCVTLNCTNVTNNITN-------------------------------------TMNGELKN----CSTNM-T-TN--LRD-KS-KKE-YSLF-YRLDIVPLNENNSNRSNNS------------------------------------------NTTYTLI---NCNTSTI-T---QA, 0.0551, 0
1.629862, -121.8793, 107, POINT, N, VKLTPLCVTLNCTNVTNNITN-------------------------------------TMNGELKN----CSTNM-T-TN--LRD-KK-QKV-YSLF-YRLDIVPLNNNNSNRSNNS------------------------------------------NTTYTLI---NCNTSTI-T---QA, 0.0616, 1
1.655765, -120.3530, 18, POINT, T, VKLTPLCVTLNCTNVTNNTTN-------------------------------------TMNGELKN----CSTNM-T-TN--LRD-KK-QKV-YSLF-YRLDIVPLNNNNSNRSNNS------------------------------------------NTTYTLI---NCNTSTI-T---QA, 0.0616, 1
1.660293, -118.6543, 63, POINT, I, VKLTPLCVTLNCTNVTNNTTN-------------------------------------TMNGEIKN----CSTNM-T-TN--LRD-KK-QKV-YSLF-YRLDIVPLNNNNSNRSNNS------------------------------------------NTTYTLI---NCNTSTI-T---QA, 0.0616, 1
1.662830, -118.1016, 91, POINT, E, VKLTPLCVTLNCTNVTNNTTN-------------------------------------TMNGEIKN----CSTNM-T-TN--LRD-KK-QKE-YSLF-YRLDIVPLNNNNSNRSNNS------------------------------------------NTTYTLI---NCNTSTI-T---QA, 0.0771, 0
1.672723, -119.0986, [74, 79], CHUNK, ['T', 'E'], VKLTPLCVTLNCTNVTNNTTN-------------------------------------TMNGEIKN----CSTNT-T-TE--LRD-KK-QKV-YSLF-YRLDIVPLNNNNSNRSNNS------------------------------------------NTTYTLI---NCNTSTI-T---QA, 0.0609, 1
1.687110, -118.9466, 110, POINT, T, VKLTPLCVTLNCTNVTNNTTN-------------------------------------TMNGEIKN----CSTNT-T-TE--LRD-KK-QKV-YSLF-YRLDIVPLNNNNTNRSNNS------------------------------------------NTTYTLI---NCNTSTI-T---QA, 0.0609, 0
1.685921, -118.8632, 59, POINT, I, VKLTPLCVTLNCTNVTNNTTN-------------------------------------TINGEIKN----CSTNT-T-TE--LRD-KK-QKV-YSLF-YRLDIVPLNNNNSNRSNNS------------------------------------------NTTYTLI---NCNTSTI-T---QA, 0.0609, 0
1.678338, -116.0424, 71, POINT, T, VKLTPLCVTLNCTNVTNNTTN-------------------------------------TMNGEIKN----CTTNT-T-TE--LRD-KK-QKV-YSLF-YRLDIVPLNNNNSNRSNNS------------------------------------------NTTYTLI---NCNTSTI-T---QA, 0.0609, 0
1.684910, -114.7892, [99, 102], CHUNK, ['N', 'V'], VKLTPLCVTLNCTNVTNNTTN-------------------------------------TMNGEIKN----CSTNT-T-TE--LRD-KK-QKV-YSLF-YNLDVVPLNNNNSNRSNNS------------------------------------------NTTYTLI---NCNTSTI-T---QA, 0.0609, 0
1.671920, -118.7264, [89, 91, 94], CHUNK, ['K', 'E', 'A'], VKLTPLCVTLNCTNVTNNTTN-------------------------------------TMNGEIKN----CSTNM-T-TN--LRD-KK-KKE-YALF-YRLDIVPLNNNNSNRSNNS------------------------------------------NTTYTLI---NCNTSTI-T---QA, 0.0831, 0
1.695878, -118.1048, 74, POINT, T, VKLTPLCVTLNCTNVTNNTTN-------------------------------------TMNGEIKN----CSTNT-T-TN--LRD-KK-QKV-YSLF-YRLDIVPLNNNNSNRSNNS------------------------------------------NTTYTLI---NCNTSTI-T---QA, 0.0616, 0
1.671726, 1.9850, [82, 84, 87], CHUNK, ['I', 'N', 'L'], VKLTPLCVTLNCTNVTNNTTN-------------------------------------TMNGEIKN----CSTNM-T-TN--IRN-KL-QKV-YSLF-YRLDIVPLNNNNSNRSNNS------------------------------------------NTTYTLI---NCNTSTI-T---QA, 0.2759, 0
1.666407, -118.9763, 101, POINT, N, VKLTPLCVTLNCTNVTNNTTN-------------------------------------TMNGEIKN----CSTNM-T-TN--LRD-KK-QKV-YSLF-YRLNIVPLNNNNSNRSNNS------------------------------------------NTTYTLI---NCNTSTI-T---QA, 0.1088, 0
1.676005, -109.7283, 74, POINT, I, VKLTPLCVTLNCTNVTNNTTN-------------------------------------TMNGELKN----CSTNI-T-TN--LRD-KK-QKV-YSLF-YRLDIVPLNNNNSNRSNNS------------------------------------------NTTYTLI---NCNTSTI-T---QA, 0.3043, 0
1.672236, -12.2144, [74, 79, 82], CHUNK, ['T', 'E', 'I'], VKLTPLCVTLNCTNVTNNTTN-------------------------------------TMNGELKN----CSTNT-T-TE--IRD-KK-QKV-YSLF-YRLDIVPLNNNNSNRSNNS------------------------------------------NTTYTLI---NCNTSTI-T---QA, 0.2099, 0
1.665153, -109.7750, [87, 89, 91, 94], CHUNK, ['I', 'K', 'E', 'A'], VKLTPLCVTLNCTNVTNNTTN-------------------------------------TMNGELKN----CSTNM-T-TN--LRD-KI-KKE-YALF-YRLDIVPLNNNNSNRSNNS------------------------------------------NTTYTLI---NCNTSTI-T---QA, 0.1937, 0
1.661819, -87.8801, 61, POINT, K, VKLTPLCVTLNCTNVTNNTTN-------------------------------------TMNKELKN----CSTNM-T-TN--LRD-KK-QKV-YSLF-YRLDIVPLNNNNSNRSNNS------------------------------------------NTTYTLI---NCNTSTI-T---QA, 0.0794, 0
1.643192, -119.8933, 165, POINT, T, VKLTPLCVTLNCTNVTNNITN-------------------------------------TMNGELKN----CSTNM-T-TN--LRD-KK-QKV-YSLF-YRLDIVPLNNNNSNRSNNS------------------------------------------NTTYTLT---NCNTSTI-T---QA, 0.0616, 0
1.635803, -119.9643, 99, POINT, K, VKLTPLCVTLNCTNVTNNITN-------------------------------------TMNGELKN----CSTNM-T-TN--LRD-KK-QKV-YSLF-YKLDIVPLNNNNSNRSNNS------------------------------------------NTTYTLI---NCNTSTI-T---QA, 0.1275, 0
1.643308, -120.3224, [99, 102, 104, 105], CHUNK, ['K', 'V', 'K', 'I'], VKLTPLCVTLNCTNVTNNITN-------------------------------------TMNGELKN----CSTNM-T-TN--LRD-KK-QKV-YSLF-YKLDVVKINNNNSNRSNNS------------------------------------------NTTYTLI---NCNTSTI-T---QA, 0.0624, 0
1.643455, -14.8009, [74, 79, 82], CHUNK, ['T', 'V', 'I'], VKLTPLCVTLNCTNVTNNITN-------------------------------------TMNGELKN----CSTNT-T-TV--IRD-KK-QKV-YSLF-YRLDIVPLNNNNSNRSNNS------------------------------------------NTTYTLI---NCNTSTI-T---QA, 0.2188, 0
1.603580, -121.2029, [109, 110, 112], CHUNK, ['S', 'N', 'K'], VKLTPLCVTLNCTNVTNNITN-------------------------------------TMNGELKN----CSTNM-T-TN--LRD-KK-QKV-YSLF-YRLDIVPLNENSNNKSNNS------------------------------------------NTTYTLI---NCNTSTI-T---QA, 0.0533, 1
1.610296, -120.7270, 89, POINT, K, VKLTPLCVTLNCTNVTNNITN-------------------------------------TMNGELKN----CSTNM-T-TN--LRD-KK-KKV-YSLF-YRLDIVPLNENSNNKSNNS------------------------------------------NTTYTLI---NCNTSTI-T---QA, 0.0533, 1
1.622467, -114.5674, [59, 60, 63], CHUNK, ['E', 'T', 'I'], VKLTPLCVTLNCTNVTNNITN-------------------------------------TETGEIKN----CSTNM-T-TN--LRD-KK-KKV-YSLF-YRLDIVPLNENSNNKSNNS------------------------------------------NTTYTLI---NCNTSTI-T---QA, 0.0533, 0
1.614803, -119.0344, [63], CHUNK, ['I'], VKLTPLCVTLNCTNVTNNITN-------------------------------------TMNGEIKN----CSTNM-T-TN--LRD-KK-KKV-YSLF-YRLDIVPLNENSNNKSNNS------------------------------------------NTTYTLI---NCNTSTI-T---QA, 0.0533, 0
1.616161, -118.0471, 98, POINT, N, VKLTPLCVTLNCTNVTNNITN-------------------------------------TMNGELKN----CSTNM-T-TN--LRD-KK-KKV-YSLF-NRLDIVPLNENSNNKSNNS------------------------------------------NTTYTLI---NCNTSTI-T---QA, 0.0533, 0
1.620426, -121.3443, 84, POINT, N, VKLTPLCVTLNCTNVTNNITN-------------------------------------TMNGELKN----CSTNM-T-TN--LRN-KK-KKV-YSLF-YRLDIVPLNENSNNKSNNS------------------------------------------NTTYTLI---NCNTSTI-T---QA, 0.0533, 0
1.611227, -119.5752, [93, 94], CHUNK, ['N', 'A'], VKLTPLCVTLNCTNVTNNITN-------------------------------------TMNGELKN----CSTNM-T-TN--LRD-KK-QKV-NALF-YRLDIVPLNENSNNKSNNS------------------------------------------NTTYTLI---NCNTSTI-T---QA, 0.0533, 1
1.632993, -119.2452, [99, 102, 105, 106, 107], CHUNK, ['K', 'V', 'I', 'D', 'N'], VKLTPLCVTLNCTNVTNNITN-------------------------------------TMNGELKN----CSTNM-T-TN--LRD-KK-QKV-NALF-YKLDVVPIDNNSNNKSNNS------------------------------------------NTTYTLI---NCNTSTI-T---QA, 0.0533, 1
1.665272, -119.4807, 59, POINT, N, VKLTPLCVTLNCTNVTNNITN-------------------------------------TNNGELKN----CSTNM-T-TN--LRD-KK-QKV-NALF-YKLDVVPIDNNSNNKSNNS------------------------------------------NTTYTLI---NCNTSTI-T---QA, 0.0699, 0
1.635318, -119.1890, 91, POINT, E, VKLTPLCVTLNCTNVTNNITN-------------------------------------TMNGELKN----CSTNM-T-TN--LRD-KK-QKE-NALF-YKLDVVPIDNNSNNKSNNS------------------------------------------NTTYTLI---NCNTSTI-T---QA, 0.1301, 0
1.635318, -118.2589, 91, POINT, E, VKLTPLCVTLNCTNVTNNITN-------------------------------------TMNGELKN----CSTNM-T-TN--LRD-KK-QKE-NALF-YKLDVVPIDNNSNNKSNNS------------------------------------------NTTYTLI---NCNTSTI-T---QA, 0.0710, 0
1.637286, 1.7202, 82, POINT, I, VKLTPLCVTLNCTNVTNNITN-------------------------------------TMNGELKN----CSTNM-T-TN--IRD-KK-QKV-NALF-YKLDVVPIDNNSNNKSNNS------------------------------------------NTTYTLI---NCNTSTI-T---QA, 0.1106, 0
1.624647, -120.7846, [109], CHUNK, ['N'], VKLTPLCVTLNCTNVTNNITN-------------------------------------TMNGELKN----CSTNM-T-TN--LRD-KK-QKV-NALF-YRLDIVPLNENNNNKSNNS------------------------------------------NTTYTLI---NCNTSTI-T---QA, 0.0721, 0
1.620830, -119.0434, [104], CHUNK, ['S'], VKLTPLCVTLNCTNVTNNITN-------------------------------------TMNGELKN----CSTNM-T-TN--LRD-KK-QKV-NALF-YRLDIVSLNENSNNKSNNS------------------------------------------NTTYTLI---NCNTSTI-T---QA, 0.1180, 0
1.618209, -116.8953, 98, POINT, N, VKLTPLCVTLNCTNVTNNITN-------------------------------------TMNGELKN----CSTNM-T-TN--LRD-KK-QKV-NALF-NRLDIVPLNENSNNKSNNS------------------------------------------NTTYTLI---NCNTSTI-T---QA, 0.0533, 0
1.615734, -117.8826, [63], CHUNK, ['I'], VKLTPLCVTLNCTNVTNNITN-------------------------------------TMNGEIKN----CSTNM-T-TN--LRD-KK-QKV-NALF-YRLDIVPLNENSNNKSNNS------------------------------------------NTTYTLI---NCNTSTI-T---QA, 0.0533, 0
1.618536, -120.0288, 18, POINT, S, VKLTPLCVTLNCTNVTNNSTN-------------------------------------TMNGELKN----CSTNM-T-TN--LRD-KK-QKV-YSLF-YRLDIVPLNENSNNKSNNS------------------------------------------NTTYTLI---NCNTSTI-T---QA, 0.0547, 0
1.613573, -119.4223, 93, POINT, N, VKLTPLCVTLNCTNVTNNITN-------------------------------------TMNGELKN----CSTNM-T-TN--LRD-KK-QKV-NSLF-YRLDIVPLNENSNNKSNNS------------------------------------------NTTYTLI---NCNTSTI-T---QA, 0.0533, 0
1.610536, -120.7209, 74, POINT, A, VKLTPLCVTLNCTNVTNNITN-------------------------------------TMNGELKN----CSTNA-T-TN--LRD-KK-QKV-YSLF-YRLDIVPLNENSNNKSNNS------------------------------------------NTTYTLI---NCNTSTI-T---QA, 0.1609, 0
1.624267, -3.7176, [82, 83, 87], CHUNK, ['I', 'T', 'R'], VKLTPLCVTLNCTNVTNNITN-------------------------------------TMNGELKN----CSTNM-T-TN--ITD-KR-QKV-YSLF-YRLDIVPLNENSNNKSNNS------------------------------------------NTTYTLI---NCNTSTI-T---QA, 0.0893, 0
1.608903, -119.5060, [94, 99], CHUNK, ['A', 'K'], VKLTPLCVTLNCTNVTNNITN-------------------------------------TMNGELKN----CSTNM-T-TN--LRD-KK-QKV-YALF-YKLDIVPLNENNSNRSNNS------------------------------------------NTTYTLI---NCNTSTI-T---QA, 0.0744, 0
1.614935, -120.5180, [72, 74], CHUNK, ['F', 'T'], VKLTPLCVTLNCTNVTNNITN-------------------------------------TMNGELKN----CSFNT-T-TN--LRD-KK-QKV-YSLF-YRLDIVPLNENNSNRSNNS------------------------------------------NTTYTLI---NCNTSTI-T---QA, 0.1759, 0
1.611551, -20.2029, [82, 87, 89], CHUNK, ['I', 'I', 'K'], VKLTPLCVTLNCTNVTNNITN-------------------------------------TMNGELKN----CSTNM-T-TN--IRD-KI-KKV-YSLF-YRLDIVPLNENNSNRSNNS------------------------------------------NTTYTLI---NCNTSTI-T---QA, 0.2950, 0
1.609962, -119.4870, [99, 102], CHUNK, ['K', 'V'], VKLTPLCVTLNCTNVTNNITN-------------------------------------TMNGELKN----CSTNM-T-TN--LRD-KK-QKV-YSLF-YKLDVVPLNENNSNRSNNS------------------------------------------NTTYTLI---NCNTSTI-T---QA, 0.0534, 1
1.616407, -118.0349, 71, POINT, T, VKLTPLCVTLNCTNVTNNITN-------------------------------------TMNGELKN----CTTNM-T-TN--LRD-KK-QKV-YSLF-YKLDVVPLNENNSNRSNNS------------------------------------------NTTYTLI---NCNTSTI-T---QA, 0.0945, 1
1.625820, -117.5637, 93, POINT, N, VKLTPLCVTLNCTNVTNNITN-------------------------------------TMNGELKN----CTTNM-T-TN--LRD-KK-QKV-NSLF-YKLDVVPLNENNSNRSNNS------------------------------------------NTTYTLI---NCNTSTI-T---QA, 0.0945, 0
1.627372, -118.3579, [94, 99], CHUNK, ['A', 'T'], VKLTPLCVTLNCTNVTNNITN-------------------------------------TMNGELKN----CTTNM-T-TN--LRD-KK-QKV-YALF-YTLDVVPLNENNSNRSNNS------------------------------------------NTTYTLI---NCNTSTI-T---QA, 0.0945, 0
1.622444, -115.4742, 98, POINT, N, VKLTPLCVTLNCTNVTNNITN-------------------------------------TMNGELKN----CTTNM-T-TN--LRD-KK-QKV-YSLF-NKLDVVPLNENNSNRSNNS------------------------------------------NTTYTLI---NCNTSTI-T---QA, 0.0945, 0
1.637452, -115.8032, [94, 98, 99], CHUNK, ['A', 'N', 'T'], VKLTPLCVTLNCTNVTNNITN-------------------------------------TMNGELKN----CTTNM-T-TN--LRD-KK-QKV-YALF-NTLDVVPLNENNSNRSNNS------------------------------------------NTTYTLI---NCNTSTI-T---QA, 0.0945, 0
1.627805, -117.8018, 91, POINT, N, VKLTPLCVTLNCTNVTNNITN-------------------------------------TMNGELKN----CSTNM-T-TN--LRD-KK-QKN-YSLF-YKLDVVPLNENNSNRSNNS------------------------------------------NTTYTLI---NCNTSTI-T---QA, 0.0504, 0
1.618808, -118.7555, 162, POINT, S, VKLTPLCVTLNCTNVTNNITN-------------------------------------TMNGELKN----CSTNM-T-TN--LRD-KK-QKV-YSLF-YKLDVVPLNENNSNRSNNS------------------------------------------NTTSTLI---NCNTSTI-T---QA, 0.0534, 0
1.615984, -15.8692, [82, 83, 84, 87], CHUNK, ['I', 'S', 'K', 'V'], VKLTPLCVTLNCTNVTNNITN-------------------------------------TMNGELKN----CSTNM-T-TN--ISK-KV-QKV-YSLF-YKLDVVPLNENNSNRSNNS------------------------------------------NTTYTLI---NCNTSTI-T---QA, 0.4013, 0
1.619368, -120.1685, 84, POINT, N, VKLTPLCVTLNCTNVTNNITN-------------------------------------TMNGELKN----CSTNM-T-TN--LRN-KK-QKV-YSLF-YKLDVVPLNENNSNRSNNS------------------------------------------NTTYTLI---NCNTSTI-T---QA, 0.0500, 0
1.627648, -119.7426, 18, POINT, T, VKLTPLCVTLNCTNVTNNTTN-------------------------------------TMNGELKN----CSTNM-T-TN--LRD-KK-QKV-YSLF-YRLDIVPLNENNSNRSNNS------------------------------------------NTTYTLI---NCNTSTI-T---QA, 0.0551, 0
1.614935, -119.7988, [72, 74], CHUNK, ['F', 'T'], VKLTPLCVTLNCTNVTNNITN-------------------------------------TMNGELKN----CSFNT-T-TN--LRD-KK-QKV-YSLF-YRLDIVPLNENNSNRSNNS------------------------------------------NTTYTLI---NCNTSTI-T---QA, 0.0755, 0
1.613261, -29.6553, [82, 83, 89], CHUNK, ['I', 'I', 'K'], VKLTPLCVTLNCTNVTNNITN-------------------------------------TMNGELKN----CSTNM-T-TN--IID-KK-KKV-YSLF-YRLDIVPLNENNSNRSNNS------------------------------------------NTTYTLI---NCNTSTI-T---QA, 0.2364, 0
1.621985, -111.3631, [74], CHUNK, ['I'], VKLTPLCVTLNCTNVTNNITN-------------------------------------TMNGELKN----CSTNI-T-TN--LRD-KK-QKV-YSLF-YRLDIVPLNENNSNRSNNS------------------------------------------NTTYTLI---NCNTSTI-T---QA, 0.5350, 0
