Name base = v1v2_5_12.2
Iters = 70
Soft coverage = 0.284621885725
Energy = -131.025358349
Hard Covereage = 0.0368019545157
Num epitopes = 65
Initial seq = VKLTPLCVTLQCTNVTNNITD-------------------------------------DMRGELKN----CSFNM-T-TE--LRD-KK-QKV-YSLF-YRLDVVQINENQGNRSNNS------------------------------------------NKEYRLI---NCNTSAI-T---QA
-------START OF DATA------
0.291904, -104.5332, 174, POINT, V, VKLTPLCVTLQCTNVTNNITD-------------------------------------DMRGELKN----CSFNM-T-TE--LRD-KK-QKV-YSLF-YRLDVVQINENQGNRSNNS------------------------------------------NKEYRLI---NCNTSVI-T---QA, 0.1810, 0
0.288037, -132.1203, 58, POINT, N, VKLTPLCVTLQCTNVTNNITD-------------------------------------NMRGELKN----CSFNM-T-TE--LRD-KK-QKV-YSLF-YRLDVVQINENQGNRSNNS------------------------------------------NKEYRLI---NCNTSAI-T---QA, 0.0363, 1
0.293120, -131.7469, 160, POINT, T, VKLTPLCVTLQCTNVTNNITD-------------------------------------NMRGELKN----CSFNM-T-TE--LRD-KK-QKV-YSLF-YRLDVVQINENQGNRSNNS------------------------------------------NTEYRLI---NCNTSAI-T---QA, 0.0375, 1
0.300403, -103.7977, 174, POINT, V, VKLTPLCVTLQCTNVTNNITD-------------------------------------NMRGELKN----CSFNM-T-TE--LRD-KK-QKV-YSLF-YRLDVVQINENQGNRSNNS------------------------------------------NTEYRLI---NCNTSVI-T---QA, 0.1636, 0
0.300403, -104.7432, 174, POINT, V, VKLTPLCVTLQCTNVTNNITD-------------------------------------NMRGELKN----CSFNM-T-TE--LRD-KK-QKV-YSLF-YRLDVVQINENQGNRSNNS------------------------------------------NTEYRLI---NCNTSVI-T---QA, 0.1271, 0
0.297612, -112.2771, 74, POINT, V, VKLTPLCVTLQCTNVTNNITD-------------------------------------NMRGELKN----CSFNV-T-TE--LRD-KK-QKV-YSLF-YRLDVVQINENQGNRSNNS------------------------------------------NTEYRLI---NCNTSAI-T---QA, 0.0707, 0
0.301502, -131.9233, 94, POINT, A, VKLTPLCVTLQCTNVTNNITD-------------------------------------NMRGELKN----CSFNM-T-TE--LRD-KK-QKV-YALF-YRLDVVQINENQGNRSNNS------------------------------------------NTEYRLI---NCNTSAI-T---QA, 0.0375, 1
0.311474, -78.5032, [74], CHUNK, ['I'], VKLTPLCVTLQCTNVTNNITD-------------------------------------NMRGELKN----CSFNI-T-TE--LRD-KK-QKV-YALF-YRLDVVQINENQGNRSNNS------------------------------------------NTEYRLI---NCNTSAI-T---QA, 0.0439, 0
0.308306, -130.4194, 99, POINT, K, VKLTPLCVTLQCTNVTNNITD-------------------------------------NMRGELKN----CSFNM-T-TE--LRD-KK-QKV-YALF-YKLDVVQINENQGNRSNNS------------------------------------------NTEYRLI---NCNTSAI-T---QA, 0.0436, 1
0.315598, -128.7124, 63, POINT, I, VKLTPLCVTLQCTNVTNNITD-------------------------------------NMRGEIKN----CSFNM-T-TE--LRD-KK-QKV-YALF-YKLDVVQINENQGNRSNNS------------------------------------------NTEYRLI---NCNTSAI-T---QA, 0.0436, 0
0.315598, -128.7124, 63, POINT, I, VKLTPLCVTLQCTNVTNNITD-------------------------------------NMRGEIKN----CSFNM-T-TE--LRD-KK-QKV-YALF-YKLDVVQINENQGNRSNNS------------------------------------------NTEYRLI---NCNTSAI-T---QA, 0.0436, 1
0.322880, -101.9375, 174, POINT, V, VKLTPLCVTLQCTNVTNNITD-------------------------------------NMRGEIKN----CSFNM-T-TE--LRD-KK-QKV-YALF-YKLDVVQINENQGNRSNNS------------------------------------------NTEYRLI---NCNTSVI-T---QA, 0.1416, 0
0.319209, -128.8251, 107, POINT, N, VKLTPLCVTLQCTNVTNNITD-------------------------------------NMRGEIKN----CSFNM-T-TE--LRD-KK-QKV-YALF-YKLDVVQINNNQGNRSNNS------------------------------------------NTEYRLI---NCNTSAI-T---QA, 0.0436, 0
0.339265, -128.6230, 10, POINT, N, VKLTPLCVTLNCTNVTNNITD-------------------------------------NMRGEIKN----CSFNM-T-TE--LRD-KK-QKV-YALF-YKLDVVQINENQGNRSNNS------------------------------------------NTEYRLI---NCNTSAI-T---QA, 0.0436, 1
0.341290, -128.2256, [108, 109], CHUNK, ['D', 'N'], VKLTPLCVTLNCTNVTNNITD-------------------------------------NMRGEIKN----CSFNM-T-TE--LRD-KK-QKV-YALF-YKLDVVQINEDNGNRSNNS------------------------------------------NTEYRLI---NCNTSAI-T---QA, 0.0436, 0
0.346547, -100.5716, [174], CHUNK, ['V'], VKLTPLCVTLNCTNVTNNITD-------------------------------------NMRGEIKN----CSFNM-T-TE--LRD-KK-QKV-YALF-YKLDVVQINENQGNRSNNS------------------------------------------NTEYRLI---NCNTSVI-T---QA, 0.1321, 0
0.346288, -128.2115, [161], CHUNK, ['S'], VKLTPLCVTLNCTNVTNNITD-------------------------------------NMRGEIKN----CSFNM-T-TE--LRD-KK-QKV-YALF-YKLDVVQINENQGNRSNNS------------------------------------------NTSYRLI---NCNTSAI-T---QA, 0.0436, 0
0.345322, -127.0945, 91, POINT, E, VKLTPLCVTLNCTNVTNNITD-------------------------------------NMRGEIKN----CSFNM-T-TE--LRD-KK-QKE-YALF-YKLDVVQINENQGNRSNNS------------------------------------------NTEYRLI---NCNTSAI-T---QA, 0.0436, 0
0.339265, -128.6230, 10, POINT, N, VKLTPLCVTLNCTNVTNNITD-------------------------------------NMRGEIKN----CSFNM-T-TE--LRD-KK-QKV-YALF-YKLDVVQINENQGNRSNNS------------------------------------------NTEYRLI---NCNTSAI-T---QA, 0.0436, 1
0.345322, -127.0945, 91, POINT, E, VKLTPLCVTLNCTNVTNNITD-------------------------------------NMRGEIKN----CSFNM-T-TE--LRD-KK-QKE-YALF-YKLDVVQINENQGNRSNNS------------------------------------------NTEYRLI---NCNTSAI-T---QA, 0.0436, 0
0.342400, -127.5840, 109, POINT, S, VKLTPLCVTLNCTNVTNNITD-------------------------------------NMRGEIKN----CSFNM-T-TE--LRD-KK-QKV-YALF-YKLDVVQINENSGNRSNNS------------------------------------------NTEYRLI---NCNTSAI-T---QA, 0.0436, 1
0.344811, -127.9907, 20, POINT, N, VKLTPLCVTLNCTNVTNNITN-------------------------------------NMRGEIKN----CSFNM-T-TE--LRD-KK-QKV-YALF-YKLDVVQINENSGNRSNNS------------------------------------------NTEYRLI---NCNTSAI-T---QA, 0.0436, 0
0.353792, -74.4086, 74, POINT, I, VKLTPLCVTLNCTNVTNNITD-------------------------------------NMRGEIKN----CSFNI-T-TE--LRD-KK-QKV-YALF-YKLDVVQINENSGNRSNNS------------------------------------------NTEYRLI---NCNTSAI-T---QA, 0.0771, 0
0.353792, -72.1538, [74], CHUNK, ['I'], VKLTPLCVTLNCTNVTNNITD-------------------------------------NMRGEIKN----CSFNI-T-TE--LRD-KK-QKV-YALF-YKLDVVQINENSGNRSNNS------------------------------------------NTEYRLI---NCNTSAI-T---QA, 0.0397, 0
0.344072, -6.5925, [82], CHUNK, ['I'], VKLTPLCVTLNCTNVTNNITD-------------------------------------NMRGEIKN----CSFNM-T-TE--IRD-KK-QKV-YALF-YKLDVVQINENSGNRSNNS------------------------------------------NTEYRLI---NCNTSAI-T---QA, 0.0406, 0
0.345322, -127.0945, 91, POINT, E, VKLTPLCVTLNCTNVTNNITD-------------------------------------NMRGEIKN----CSFNM-T-TE--LRD-KK-QKE-YALF-YKLDVVQINENQGNRSNNS------------------------------------------NTEYRLI---NCNTSAI-T---QA, 0.0436, 1
0.347485, -5.6416, 82, POINT, I, VKLTPLCVTLNCTNVTNNITD-------------------------------------NMRGEIKN----CSFNM-T-TE--IRD-KK-QKE-YALF-YKLDVVQINENQGNRSNNS------------------------------------------NTEYRLI---NCNTSAI-T---QA, 0.0823, 0
0.352346, -126.6830, 161, POINT, S, VKLTPLCVTLNCTNVTNNITD-------------------------------------NMRGEIKN----CSFNM-T-TE--LRD-KK-QKE-YALF-YKLDVVQINENQGNRSNNS------------------------------------------NTSYRLI---NCNTSAI-T---QA, 0.0436, 1
0.363739, -119.4496, [74], CHUNK, ['I'], VKLTPLCVTLNCTNVTNNITD-------------------------------------NMRGEIKN----CSFNI-T-TE--LRD-KK-QKE-YALF-YKLDVVQINENQGNRSNNS------------------------------------------NTSYRLI---NCNTSAI-T---QA, 0.0437, 0
0.361701, -126.7228, [109, 110], CHUNK, ['N', 'T'], VKLTPLCVTLNCTNVTNNITD-------------------------------------NMRGEIKN----CSFNM-T-TE--LRD-KK-QKE-YALF-YKLDVVQINENNTNRSNNS------------------------------------------NTSYRLI---NCNTSAI-T---QA, 0.0436, 1
0.368983, -100.3826, [174], CHUNK, ['V'], VKLTPLCVTLNCTNVTNNITD-------------------------------------NMRGEIKN----CSFNM-T-TE--LRD-KK-QKE-YALF-YKLDVVQINENNTNRSNNS------------------------------------------NTSYRLI---NCNTSVI-T---QA, 0.1338, 1
0.371146, 18.7005, 82, POINT, I, VKLTPLCVTLNCTNVTNNITD-------------------------------------NMRGEIKN----CSFNM-T-TE--IRD-KK-QKE-YALF-YKLDVVQINENNTNRSNNS------------------------------------------NTSYRLI---NCNTSVI-T---QA, 0.1830, 0
0.372347, -98.3261, 20, POINT, T, VKLTPLCVTLNCTNVTNNITT-------------------------------------NMRGEIKN----CSFNM-T-TE--LRD-KK-QKE-YALF-YKLDVVQINENNTNRSNNS------------------------------------------NTSYRLI---NCNTSVI-T---QA, 0.1498, 0
0.373627, -94.0475, [74], CHUNK, ['V'], VKLTPLCVTLNCTNVTNNITD-------------------------------------NMRGEIKN----CSFNV-T-TE--LRD-KK-QKE-YALF-YKLDVVQINENNTNRSNNS------------------------------------------NTSYRLI---NCNTSVI-T---QA, 0.1673, 0
0.373055, -98.2872, [74], CHUNK, ['T'], VKLTPLCVTLNCTNVTNNITD-------------------------------------NMRGEIKN----CSFNT-T-TE--LRD-KK-QKE-YALF-YKLDVVQINENNTNRSNNS------------------------------------------NTSYRLI---NCNTSVI-T---QA, 0.1675, 0
0.363939, -124.5778, [18], CHUNK, ['N'], VKLTPLCVTLNCTNVTNNNTD-------------------------------------NMRGEIKN----CSFNM-T-TE--LRD-KK-QKE-YALF-YKLDVVQINENNTNRSNNS------------------------------------------NTSYRLI---NCNTSAI-T---QA, 0.0511, 1
0.367490, -119.7183, 60, POINT, T, VKLTPLCVTLNCTNVTNNNTD-------------------------------------NMTGEIKN----CSFNM-T-TE--LRD-KK-QKE-YALF-YKLDVVQINENNTNRSNNS------------------------------------------NTSYRLI---NCNTSAI-T---QA, 0.0511, 0
0.365857, -125.5406, [59, 60], CHUNK, ['N', 'Q'], VKLTPLCVTLNCTNVTNNNTD-------------------------------------NNQGEIKN----CSFNM-T-TE--LRD-KK-QKE-YALF-YKLDVVQINENNTNRSNNS------------------------------------------NTSYRLI---NCNTSAI-T---QA, 0.0511, 0
0.375331, -118.7227, 74, POINT, I, VKLTPLCVTLNCTNVTNNNTD-------------------------------------NMRGEIKN----CSFNI-T-TE--LRD-KK-QKE-YALF-YKLDVVQINENNTNRSNNS------------------------------------------NTSYRLI---NCNTSAI-T---QA, 0.0437, 1
0.376135, -117.8354, [104], CHUNK, ['S'], VKLTPLCVTLNCTNVTNNNTD-------------------------------------NMRGEIKN----CSFNI-T-TE--LRD-KK-QKE-YALF-YKLDVVSINENNTNRSNNS------------------------------------------NTSYRLI---NCNTSAI-T---QA, 0.0437, 0
0.377500, -116.6413, 174, POINT, T, VKLTPLCVTLNCTNVTNNNTD-------------------------------------NMRGEIKN----CSFNI-T-TE--LRD-KK-QKE-YALF-YKLDVVQINENNTNRSNNS------------------------------------------NTSYRLI---NCNTSTI-T---QA, 0.0437, 0
0.376324, -118.6217, 104, POINT, L, VKLTPLCVTLNCTNVTNNNTD-------------------------------------NMRGEIKN----CSFNI-T-TE--LRD-KK-QKE-YALF-YKLDVVLINENNTNRSNNS------------------------------------------NTSYRLI---NCNTSAI-T---QA, 0.0437, 0
0.375665, -118.1976, [87], CHUNK, ['V'], VKLTPLCVTLNCTNVTNNNTD-------------------------------------NMRGEIKN----CSFNI-T-TE--LRD-KV-QKE-YALF-YKLDVVQINENNTNRSNNS------------------------------------------NTSYRLI---NCNTSAI-T---QA, 0.0437, 0
0.368495, -124.6508, 107, POINT, N, VKLTPLCVTLNCTNVTNNNTD-------------------------------------NMRGEIKN----CSFNM-T-TE--LRD-KK-QKE-YALF-YKLDVVQINNNNTNRSNNS------------------------------------------NTSYRLI---NCNTSAI-T---QA, 0.0511, 1
0.368519, -123.7614, 59, POINT, G, VKLTPLCVTLNCTNVTNNNTD-------------------------------------NGRGEIKN----CSFNM-T-TE--LRD-KK-QKE-YALF-YKLDVVQINNNNTNRSNNS------------------------------------------NTSYRLI---NCNTSAI-T---QA, 0.0511, 0
0.379888, -117.2034, 74, POINT, I, VKLTPLCVTLNCTNVTNNNTD-------------------------------------NMRGEIKN----CSFNI-T-TE--LRD-KK-QKE-YALF-YKLDVVQINNNNTNRSNNS------------------------------------------NTSYRLI---NCNTSAI-T---QA, 0.0643, 0
0.373023, -121.4693, 20, POINT, T, VKLTPLCVTLNCTNVTNNNTT-------------------------------------NMRGEIKN----CSFNM-T-TE--LRD-KK-QKE-YALF-YKLDVVQINNNNTNRSNNS------------------------------------------NTSYRLI---NCNTSAI-T---QA, 0.0463, 1
0.380305, -94.6419, [174], CHUNK, ['V'], VKLTPLCVTLNCTNVTNNNTT-------------------------------------NMRGEIKN----CSFNM-T-TE--LRD-KK-QKE-YALF-YKLDVVQINNNNTNRSNNS------------------------------------------NTSYRLI---NCNTSVI-T---QA, 0.1772, 0
0.375256, -120.8828, 59, POINT, S, VKLTPLCVTLNCTNVTNNNTT-------------------------------------NSRGEIKN----CSFNM-T-TE--LRD-KK-QKE-YALF-YKLDVVQINNNNTNRSNNS------------------------------------------NTSYRLI---NCNTSAI-T---QA, 0.0463, 0
0.380305, -94.0228, [174], CHUNK, ['V'], VKLTPLCVTLNCTNVTNNNTT-------------------------------------NMRGEIKN----CSFNM-T-TE--LRD-KK-QKE-YALF-YKLDVVQINNNNTNRSNNS------------------------------------------NTSYRLI---NCNTSVI-T---QA, 0.1285, 0
0.377095, -118.4129, [74], CHUNK, ['T'], VKLTPLCVTLNCTNVTNNNTT-------------------------------------NMRGEIKN----CSFNT-T-TE--LRD-KK-QKE-YALF-YKLDVVQINNNNTNRSNNS------------------------------------------NTSYRLI---NCNTSAI-T---QA, 0.0463, 0
0.373023, -121.4275, [20], CHUNK, ['T'], VKLTPLCVTLNCTNVTNNNTT-------------------------------------NMRGEIKN----CSFNM-T-TE--LRD-KK-QKE-YALF-YKLDVVQINNNNTNRSNNS------------------------------------------NTSYRLI---NCNTSAI-T---QA, 0.0511, 0
0.371466, -125.0440, 20, POINT, N, VKLTPLCVTLNCTNVTNNNTN-------------------------------------NMRGEIKN----CSFNM-T-TE--LRD-KK-QKE-YALF-YKLDVVQINNNNTNRSNNS------------------------------------------NTSYRLI---NCNTSAI-T---QA, 0.0511, 0
0.369631, -125.0404, 59, POINT, E, VKLTPLCVTLNCTNVTNNNTD-------------------------------------NERGEIKN----CSFNM-T-TE--LRD-KK-QKE-YALF-YKLDVVQINNNNTNRSNNS------------------------------------------NTSYRLI---NCNTSAI-T---QA, 0.0511, 1
0.372625, -125.6565, 20, POINT, N, VKLTPLCVTLNCTNVTNNNTN-------------------------------------NERGEIKN----CSFNM-T-TE--LRD-KK-QKE-YALF-YKLDVVQINNNNTNRSNNS------------------------------------------NTSYRLI---NCNTSAI-T---QA, 0.0313, 1
0.377721, -125.8978, 104, POINT, P, VKLTPLCVTLNCTNVTNNNTN-------------------------------------NERGEIKN----CSFNM-T-TE--LRD-KK-QKE-YALF-YKLDVVPINNNNTNRSNNS------------------------------------------NTSYRLI---NCNTSAI-T---QA, 0.0313, 1
0.377976, -125.7663, 106, POINT, D, VKLTPLCVTLNCTNVTNNNTN-------------------------------------NERGEIKN----CSFNM-T-TE--LRD-KK-QKE-YALF-YKLDVVPIDNNNTNRSNNS------------------------------------------NTSYRLI---NCNTSAI-T---QA, 0.0313, 1
0.379721, -122.1083, [20], CHUNK, ['T'], VKLTPLCVTLNCTNVTNNNTT-------------------------------------NERGEIKN----CSFNM-T-TE--LRD-KK-QKE-YALF-YKLDVVPIDNNNTNRSNNS------------------------------------------NTSYRLI---NCNTSAI-T---QA, 0.0313, 0
0.382620, -115.3863, [74], CHUNK, ['V'], VKLTPLCVTLNCTNVTNNNTN-------------------------------------NERGEIKN----CSFNV-T-TE--LRD-KK-QKE-YALF-YKLDVVPIDNNNTNRSNNS------------------------------------------NTSYRLI---NCNTSAI-T---QA, 0.0902, 1
0.385638, 2.6759, 82, POINT, I, VKLTPLCVTLNCTNVTNNNTN-------------------------------------NERGEIKN----CSFNV-T-TE--IRD-KK-QKE-YALF-YKLDVVPIDNNNTNRSNNS------------------------------------------NTSYRLI---NCNTSAI-T---QA, 0.0925, 0
0.389369, -116.9779, 74, POINT, I, VKLTPLCVTLNCTNVTNNNTN-------------------------------------NERGEIKN----CSFNI-T-TE--LRD-KK-QKE-YALF-YKLDVVPIDNNNTNRSNNS------------------------------------------NTSYRLI---NCNTSAI-T---QA, 0.0980, 0
0.384789, -116.2881, 174, POINT, T, VKLTPLCVTLNCTNVTNNNTN-------------------------------------NERGEIKN----CSFNV-T-TE--LRD-KK-QKE-YALF-YKLDVVPIDNNNTNRSNNS------------------------------------------NTSYRLI---NCNTSTI-T---QA, 0.0780, 0
0.384365, -112.7522, 20, POINT, T, VKLTPLCVTLNCTNVTNNNTT-------------------------------------NERGEIKN----CSFNV-T-TE--LRD-KK-QKE-YALF-YKLDVVPIDNNNTNRSNNS------------------------------------------NTSYRLI---NCNTSAI-T---QA, 0.1066, 0
0.385258, -98.2617, 174, POINT, V, VKLTPLCVTLNCTNVTNNNTN-------------------------------------NERGEIKN----CSFNM-T-TE--LRD-KK-QKE-YALF-YKLDVVPIDNNNTNRSNNS------------------------------------------NTSYRLI---NCNTSVI-T---QA, 0.1596, 0
0.385258, -100.3238, 174, POINT, V, VKLTPLCVTLNCTNVTNNNTN-------------------------------------NERGEIKN----CSFNM-T-TE--LRD-KK-QKE-YALF-YKLDVVPIDNNNTNRSNNS------------------------------------------NTSYRLI---NCNTSVI-T---QA, 0.2039, 0
0.382620, -120.5769, 74, POINT, V, VKLTPLCVTLNCTNVTNNNTN-------------------------------------NERGEIKN----CSFNV-T-TE--LRD-KK-QKE-YALF-YKLDVVPIDNNNTNRSNNS------------------------------------------NTSYRLI---NCNTSAI-T---QA, 0.0423, 1
0.385638, 1.6616, 82, POINT, I, VKLTPLCVTLNCTNVTNNNTN-------------------------------------NERGEIKN----CSFNV-T-TE--IRD-KK-QKE-YALF-YKLDVVPIDNNNTNRSNNS------------------------------------------NTSYRLI---NCNTSAI-T---QA, 0.0549, 0
0.384365, -116.9189, 20, POINT, T, VKLTPLCVTLNCTNVTNNNTT-------------------------------------NERGEIKN----CSFNV-T-TE--LRD-KK-QKE-YALF-YKLDVVPIDNNNTNRSNNS------------------------------------------NTSYRLI---NCNTSAI-T---QA, 0.0423, 0
0.389903, -91.9318, 174, POINT, V, VKLTPLCVTLNCTNVTNNNTN-------------------------------------NERGEIKN----CSFNV-T-TE--LRD-KK-QKE-YALF-YKLDVVPIDNNNTNRSNNS------------------------------------------NTSYRLI---NCNTSVI-T---QA, 0.1088, 0
0.384691, -118.4608, [60], CHUNK, ['K'], VKLTPLCVTLNCTNVTNNNTN-------------------------------------NEKGEIKN----CSFNV-T-TE--LRD-KK-QKE-YALF-YKLDVVPIDNNNTNRSNNS------------------------------------------NTSYRLI---NCNTSAI-T---QA, 0.0423, 0
------END OF DATA------
Best coverage = 0.382620300598
Best sequence = VKLTPLCVTLNCTNVTNNNTN-------------------------------------NERGEIKN----CSFNV-T-TE--LRD-KK-QKE-YALF-YKLDVVPIDNNNTNRSNNS------------------------------------------NTSYRLI---NCNTSAI-T---QA
Best energy = -115.386340003
Best RMSD = 0.090178899467
Hard Covereage = 0.0849006007725
Num epitopes = 64
