Name base = V1V2_200_sq_1_1_ni
Iters = 200
Soft coverage = 1.31203964383
Energy = -131.562586971
Hard Covereage = 0.0368019545157
Num epitopes = 65
Initial seq = VKLTPLCVTLQCTNVTNNITD-------------------------------------DMRGELKN----CSFNM-T-TE--LRD-KK-QKV-YSLF-YRLDVVQINENQGNRSNNS------------------------------------------NKEYRLI---NCNTSAI-T---QA
-------START OF DATA------
1.341729, -131.9280, [110], CHUNK, ['T'], VKLTPLCVTLQCTNVTNNITD-------------------------------------DMRGELKN----CSFNM-T-TE--LRD-KK-QKV-YSLF-YRLDVVQINENQTNRSNNS------------------------------------------NKEYRLI---NCNTSAI-T---QA, 0.0000, 1
1.361150, -132.3744, 20, POINT, N, VKLTPLCVTLQCTNVTNNITN-------------------------------------DMRGELKN----CSFNM-T-TE--LRD-KK-QKV-YSLF-YRLDVVQINENQTNRSNNS------------------------------------------NKEYRLI---NCNTSAI-T---QA, 0.0041, 1
1.362588, -132.5508, [94], CHUNK, ['A'], VKLTPLCVTLQCTNVTNNITN-------------------------------------DMRGELKN----CSFNM-T-TE--LRD-KK-QKV-YALF-YRLDVVQINENQTNRSNNS------------------------------------------NKEYRLI---NCNTSAI-T---QA, 0.0041, 1
1.385514, -132.0134, [160], CHUNK, ['T'], VKLTPLCVTLQCTNVTNNITN-------------------------------------DMRGELKN----CSFNM-T-TE--LRD-KK-QKV-YALF-YRLDVVQINENQTNRSNNS------------------------------------------NTEYRLI---NCNTSAI-T---QA, 0.0245, 1
1.392528, -110.4583, 174, POINT, V, VKLTPLCVTLQCTNVTNNITN-------------------------------------DMRGELKN----CSFNM-T-TE--LRD-KK-QKV-YALF-YRLDVVQINENQTNRSNNS------------------------------------------NTEYRLI---NCNTSVI-T---QA, 0.2879, 1
1.424250, -109.9644, 74, POINT, T, VKLTPLCVTLQCTNVTNNITN-------------------------------------DMRGELKN----CSFNT-T-TE--LRD-KK-QKV-YALF-YRLDVVQINENQTNRSNNS------------------------------------------NTEYRLI---NCNTSVI-T---QA, 0.3016, 0
1.412437, -113.2259, 161, POINT, S, VKLTPLCVTLQCTNVTNNITN-------------------------------------DMRGELKN----CSFNM-T-TE--LRD-KK-QKV-YALF-YRLDVVQINENQTNRSNNS------------------------------------------NTSYRLI---NCNTSVI-T---QA, 0.2966, 0
1.419170, -115.8293, 107, POINT, N, VKLTPLCVTLQCTNVTNNITN-------------------------------------DMRGELKN----CSFNM-T-TE--LRD-KK-QKV-YALF-YRLDVVQINNNQTNRSNNS------------------------------------------NTEYRLI---NCNTSVI-T---QA, 0.3033, 0
1.409693, -85.8187, 74, POINT, I, VKLTPLCVTLQCTNVTNNITN-------------------------------------DMRGELKN----CSFNI-T-TE--LRD-KK-QKV-YALF-YRLDVVQINENQTNRSNNS------------------------------------------NTEYRLI---NCNTSVI-T---QA, 0.5967, 0
1.398916, -133.3791, 163, POINT, T, VKLTPLCVTLQCTNVTNNITN-------------------------------------DMRGELKN----CSFNM-T-TE--LRD-KK-QKV-YALF-YRLDVVQINENQTNRSNNS------------------------------------------NTEYTLI---NCNTSAI-T---QA, 0.0245, 1
1.414369, -131.7391, [99], CHUNK, ['T'], VKLTPLCVTLQCTNVTNNITN-------------------------------------DMRGELKN----CSFNM-T-TE--LRD-KK-QKV-YALF-YTLDVVQINENQTNRSNNS------------------------------------------NTEYTLI---NCNTSAI-T---QA, 0.0384, 1
1.431534, -75.5154, [74], CHUNK, ['I'], VKLTPLCVTLQCTNVTNNITN-------------------------------------DMRGELKN----CSFNI-T-TE--LRD-KK-QKV-YALF-YTLDVVQINENQTNRSNNS------------------------------------------NTEYTLI---NCNTSAI-T---QA, 0.4894, 0
1.463525, -131.6495, [10], CHUNK, ['N'], VKLTPLCVTLNCTNVTNNITN-------------------------------------DMRGELKN----CSFNM-T-TE--LRD-KK-QKV-YALF-YTLDVVQINENQTNRSNNS------------------------------------------NTEYTLI---NCNTSAI-T---QA, 0.0384, 1
1.486542, -130.1103, 18, POINT, T, VKLTPLCVTLNCTNVTNNTTN-------------------------------------DMRGELKN----CSFNM-T-TE--LRD-KK-QKV-YALF-YTLDVVQINENQTNRSNNS------------------------------------------NTEYTLI---NCNTSAI-T---QA, 0.0384, 1
1.506835, -129.8563, 161, POINT, S, VKLTPLCVTLNCTNVTNNTTN-------------------------------------DMRGELKN----CSFNM-T-TE--LRD-KK-QKV-YALF-YTLDVVQINENQTNRSNNS------------------------------------------NTSYTLI---NCNTSAI-T---QA, 0.0384, 1
1.514812, -130.4735, [84], CHUNK, ['N'], VKLTPLCVTLNCTNVTNNTTN-------------------------------------DMRGELKN----CSFNM-T-TE--LRN-KK-QKV-YALF-YTLDVVQINENQTNRSNNS------------------------------------------NTSYTLI---NCNTSAI-T---QA, 0.0384, 1
1.521928, -109.7804, [174], CHUNK, ['V'], VKLTPLCVTLNCTNVTNNTTN-------------------------------------DMRGELKN----CSFNM-T-TE--LRN-KK-QKV-YALF-YTLDVVQINENQTNRSNNS------------------------------------------NTSYTLI---NCNTSVI-T---QA, 0.4376, 0
1.524999, -131.2680, 59, POINT, L, VKLTPLCVTLNCTNVTNNTTN-------------------------------------DLRGELKN----CSFNM-T-TE--LRN-KK-QKV-YALF-YTLDVVQINENQTNRSNNS------------------------------------------NTSYTLI---NCNTSAI-T---QA, 0.0406, 1
1.529711, -44.2286, 82, POINT, I, VKLTPLCVTLNCTNVTNNTTN-------------------------------------DLRGELKN----CSFNM-T-TE--IRN-KK-QKV-YALF-YTLDVVQINENQTNRSNNS------------------------------------------NTSYTLI---NCNTSAI-T---QA, 0.4218, 0
1.536926, -129.2603, 165, POINT, T, VKLTPLCVTLNCTNVTNNTTN-------------------------------------DLRGELKN----CSFNM-T-TE--LRN-KK-QKV-YALF-YTLDVVQINENQTNRSNNS------------------------------------------NTSYTLT---NCNTSAI-T---QA, 0.0406, 1
1.561983, -128.3620, [109], CHUNK, ['S'], VKLTPLCVTLNCTNVTNNTTN-------------------------------------DLRGELKN----CSFNM-T-TE--LRN-KK-QKV-YALF-YTLDVVQINENSTNRSNNS------------------------------------------NTSYTLT---NCNTSAI-T---QA, 0.0377, 0
1.552273, -108.3741, [74], CHUNK, ['V'], VKLTPLCVTLNCTNVTNNTTN-------------------------------------DLRGELKN----CSFNV-T-TE--LRN-KK-QKV-YALF-YTLDVVQINENQTNRSNNS------------------------------------------NTSYTLT---NCNTSAI-T---QA, 0.3084, 0
1.551397, -129.4689, 62, POINT, T, VKLTPLCVTLNCTNVTNNTTN-------------------------------------DLRGTLKN----CSFNM-T-TE--LRN-KK-QKV-YALF-YTLDVVQINENQTNRSNNS------------------------------------------NTSYTLT---NCNTSAI-T---QA, 0.0406, 1
1.568295, -87.5725, [74], CHUNK, ['I'], VKLTPLCVTLNCTNVTNNTTN-------------------------------------DLRGTLKN----CSFNI-T-TE--LRN-KK-QKV-YALF-YTLDVVQINENQTNRSNNS------------------------------------------NTSYTLT---NCNTSAI-T---QA, 0.4970, 0
1.558272, -109.9390, 174, POINT, V, VKLTPLCVTLNCTNVTNNTTN-------------------------------------DLRGTLKN----CSFNM-T-TE--LRN-KK-QKV-YALF-YTLDVVQINENQTNRSNNS------------------------------------------NTSYTLT---NCNTSVI-T---QA, 0.2826, 0
1.559613, -129.6819, 101, POINT, N, VKLTPLCVTLNCTNVTNNTTN-------------------------------------DLRGTLKN----CSFNM-T-TE--LRN-KK-QKV-YALF-YTLNVVQINENQTNRSNNS------------------------------------------NTSYTLT---NCNTSAI-T---QA, 0.0406, 1
1.573981, -126.8263, 98, POINT, N, VKLTPLCVTLNCTNVTNNTTN-------------------------------------DLRGTLKN----CSFNM-T-TE--LRN-KK-QKV-YALF-NTLNVVQINENQTNRSNNS------------------------------------------NTSYTLT---NCNTSAI-T---QA, 0.0406, 1
1.594309, -126.2566, [112], CHUNK, ['S'], VKLTPLCVTLNCTNVTNNTTN-------------------------------------DLRGTLKN----CSFNM-T-TE--LRN-KK-QKV-YALF-NTLNVVQINENQTNSSNNS------------------------------------------NTSYTLT---NCNTSAI-T---QA, 0.0406, 0
1.584225, -125.9301, 59, POINT, S, VKLTPLCVTLNCTNVTNNTTN-------------------------------------DSRGTLKN----CSFNM-T-TE--LRN-KK-QKV-YALF-NTLNVVQINENQTNRSNNS------------------------------------------NTSYTLT---NCNTSAI-T---QA, 0.0406, 1
1.595650, -125.7056, 59, POINT, T, VKLTPLCVTLNCTNVTNNTTN-------------------------------------DTRGTLKN----CSFNM-T-TE--LRN-KK-QKV-YALF-NTLNVVQINENQTNRSNNS------------------------------------------NTSYTLT---NCNTSAI-T---QA, 0.0406, 1
1.623410, -120.9306, [60], CHUNK, ['T'], VKLTPLCVTLNCTNVTNNTTN-------------------------------------DTTGTLKN----CSFNM-T-TE--LRN-KK-QKV-YALF-NTLNVVQINENQTNRSNNS------------------------------------------NTSYTLT---NCNTSAI-T---QA, 0.0406, 1
1.634430, -116.8283, 58, POINT, I, VKLTPLCVTLNCTNVTNNTTN-------------------------------------ITTGTLKN----CSFNM-T-TE--LRN-KK-QKV-YALF-NTLNVVQINENQTNRSNNS------------------------------------------NTSYTLT---NCNTSAI-T---QA, 0.0406, 1
1.643383, -115.9782, [79], CHUNK, ['S'], VKLTPLCVTLNCTNVTNNTTN-------------------------------------ITTGTLKN----CSFNM-T-TS--LRN-KK-QKV-YALF-NTLNVVQINENQTNRSNNS------------------------------------------NTSYTLT---NCNTSAI-T---QA, 0.0406, 0
1.651328, -70.0782, 74, POINT, I, VKLTPLCVTLNCTNVTNNTTN-------------------------------------ITTGTLKN----CSFNI-T-TE--LRN-KK-QKV-YALF-NTLNVVQINENQTNRSNNS------------------------------------------NTSYTLT---NCNTSAI-T---QA, 0.5290, 0
1.651328, -72.4900, 74, POINT, I, VKLTPLCVTLNCTNVTNNTTN-------------------------------------ITTGTLKN----CSFNI-T-TE--LRN-KK-QKV-YALF-NTLNVVQINENQTNRSNNS------------------------------------------NTSYTLT---NCNTSAI-T---QA, 0.5233, 0
1.654247, -116.1041, 79, POINT, N, VKLTPLCVTLNCTNVTNNTTN-------------------------------------ITTGTLKN----CSFNM-T-TN--LRN-KK-QKV-YALF-NTLNVVQINENQTNRSNNS------------------------------------------NTSYTLT---NCNTSAI-T---QA, 0.0406, 0
1.628122, -15.2149, [82], CHUNK, ['I'], VKLTPLCVTLNCTNVTNNTTN-------------------------------------DTTGTLKN----CSFNM-T-TE--IRN-KK-QKV-YALF-NTLNVVQINENQTNRSNNS------------------------------------------NTSYTLT---NCNTSAI-T---QA, 0.1620, 0
1.631746, -120.6690, 89, POINT, K, VKLTPLCVTLNCTNVTNNTTN-------------------------------------DTTGTLKN----CSFNM-T-TE--LRN-KK-KKV-YALF-NTLNVVQINENQTNRSNNS------------------------------------------NTSYTLT---NCNTSAI-T---QA, 0.0406, 0
1.628122, -6.2169, 82, POINT, I, VKLTPLCVTLNCTNVTNNTTN-------------------------------------DTTGTLKN----CSFNM-T-TE--IRN-KK-QKV-YALF-NTLNVVQINENQTNRSNNS------------------------------------------NTSYTLT---NCNTSAI-T---QA, 0.1701, 0
1.640308, -72.0851, 74, POINT, I, VKLTPLCVTLNCTNVTNNTTN-------------------------------------DTTGTLKN----CSFNI-T-TE--LRN-KK-QKV-YALF-NTLNVVQINENQTNRSNNS------------------------------------------NTSYTLT---NCNTSAI-T---QA, 0.4383, 0
1.612306, -125.2352, [116], CHUNK, ['T'], VKLTPLCVTLNCTNVTNNTTN-------------------------------------DTRGTLKN----CSFNM-T-TE--LRN-KK-QKV-YALF-NTLNVVQINENQTNRSNNT------------------------------------------NTSYTLT---NCNTSAI-T---QA, 0.0406, 0
1.622005, -124.8191, [162], CHUNK, ['N'], VKLTPLCVTLNCTNVTNNTTN-------------------------------------DTRGTLKN----CSFNM-T-TE--LRN-KK-QKV-YALF-NTLNVVQINENQTNRSNNS------------------------------------------NTSNTLT---NCNTSAI-T---QA, 0.0406, 1
1.625603, -124.6666, [94], CHUNK, ['S'], VKLTPLCVTLNCTNVTNNTTN-------------------------------------DTRGTLKN----CSFNM-T-TE--LRN-KK-QKV-YSLF-NTLNVVQINENQTNRSNNS------------------------------------------NTSNTLT---NCNTSAI-T---QA, 0.0401, 0
1.625016, -122.5095, [71], CHUNK, ['T'], VKLTPLCVTLNCTNVTNNTTN-------------------------------------DTRGTLKN----CTFNM-T-TE--LRN-KK-QKV-YALF-NTLNVVQINENQTNRSNNS------------------------------------------NTSNTLT---NCNTSAI-T---QA, 0.0762, 0
1.637096, -122.8242, [174], CHUNK, ['T'], VKLTPLCVTLNCTNVTNNTTN-------------------------------------DTRGTLKN----CSFNM-T-TE--LRN-KK-QKV-YALF-NTLNVVQINENQTNRSNNS------------------------------------------NTSNTLT---NCNTSTI-T---QA, 0.0406, 1
1.656912, -122.1000, [79], CHUNK, ['N'], VKLTPLCVTLNCTNVTNNTTN-------------------------------------DTRGTLKN----CSFNM-T-TN--LRN-KK-QKV-YALF-NTLNVVQINENQTNRSNNS------------------------------------------NTSNTLT---NCNTSTI-T---QA, 0.0406, 1
1.683635, -119.7584, [14], CHUNK, ['N'], VKLTPLCVTLNCTNNTNNTTN-------------------------------------DTRGTLKN----CSFNM-T-TN--LRN-KK-QKV-YALF-NTLNVVQINENQTNRSNNS------------------------------------------NTSNTLT---NCNTSTI-T---QA, 0.0406, 0
1.684672, -117.3250, 60, POINT, T, VKLTPLCVTLNCTNVTNNTTN-------------------------------------DTTGTLKN----CSFNM-T-TN--LRN-KK-QKV-YALF-NTLNVVQINENQTNRSNNS------------------------------------------NTSNTLT---NCNTSTI-T---QA, 0.0406, 0
1.657543, -121.6150, [58], CHUNK, ['E'], VKLTPLCVTLNCTNVTNNTTN-------------------------------------ETRGTLKN----CSFNM-T-TN--LRN-KK-QKV-YALF-NTLNVVQINENQTNRSNNS------------------------------------------NTSNTLT---NCNTSTI-T---QA, 0.0406, 0
1.676349, -79.6871, [74], CHUNK, ['I'], VKLTPLCVTLNCTNVTNNTTN-------------------------------------DTRGTLKN----CSFNI-T-TN--LRN-KK-QKV-YALF-NTLNVVQINENQTNRSNNS------------------------------------------NTSNTLT---NCNTSTI-T---QA, 0.2971, 0
1.662190, -121.9234, 109, POINT, S, VKLTPLCVTLNCTNVTNNTTN-------------------------------------DTRGTLKN----CSFNM-T-TE--LRN-KK-QKV-YALF-NTLNVVQINENSTNRSNNS------------------------------------------NTSNTLT---NCNTSTI-T---QA, 0.0728, 1
1.679087, -80.0103, 74, POINT, I, VKLTPLCVTLNCTNVTNNTTN-------------------------------------DTRGTLKN----CSFNI-T-TE--LRN-KK-QKV-YALF-NTLNVVQINENSTNRSNNS------------------------------------------NTSNTLT---NCNTSTI-T---QA, 0.5258, 0
1.679086, -120.9756, 58, POINT, S, VKLTPLCVTLNCTNVTNNTTN-------------------------------------STRGTLKN----CSFNM-T-TE--LRN-KK-QKV-YALF-NTLNVVQINENSTNRSNNS------------------------------------------NTSNTLT---NCNTSTI-T---QA, 0.0728, 0
1.696986, -121.9960, [107], CHUNK, ['N'], VKLTPLCVTLNCTNVTNNTTN-------------------------------------DTRGTLKN----CSFNM-T-TE--LRN-KK-QKV-YALF-NTLNVVQINNNSTNRSNNS------------------------------------------NTSNTLT---NCNTSTI-T---QA, 0.0728, 0
1.666114, -120.4423, [58], CHUNK, ['L'], VKLTPLCVTLNCTNVTNNTTN-------------------------------------LTRGTLKN----CSFNM-T-TE--LRN-KK-QKV-YALF-NTLNVVQINENSTNRSNNS------------------------------------------NTSNTLT---NCNTSTI-T---QA, 0.0728, 1
1.675067, -119.7255, [79], CHUNK, ['S'], VKLTPLCVTLNCTNVTNNTTN-------------------------------------LTRGTLKN----CSFNM-T-TS--LRN-KK-QKV-YALF-NTLNVVQINENSTNRSNNS------------------------------------------NTSNTLT---NCNTSTI-T---QA, 0.0659, 0
1.680255, -118.4689, [100], CHUNK, ['T'], VKLTPLCVTLNCTNVTNNTTN-------------------------------------LTRGTLKN----CSFNM-T-TE--LRN-KK-QKV-YALF-NTTNVVQINENSTNRSNNS------------------------------------------NTSNTLT---NCNTSTI-T---QA, 0.0728, 0
1.679971, -120.1357, [107], CHUNK, ['S'], VKLTPLCVTLNCTNVTNNTTN-------------------------------------LTRGTLKN----CSFNM-T-TE--LRN-KK-QKV-YALF-NTLNVVQINSNSTNRSNNS------------------------------------------NTSNTLT---NCNTSTI-T---QA, 0.0966, 0
1.669182, -120.9794, [104], CHUNK, ['P'], VKLTPLCVTLNCTNVTNNTTN-------------------------------------LTRGTLKN----CSFNM-T-TE--LRN-KK-QKV-YALF-NTLNVVPINENSTNRSNNS------------------------------------------NTSNTLT---NCNTSTI-T---QA, 0.0726, 1
1.704183, -121.2399, [107], CHUNK, ['N'], VKLTPLCVTLNCTNVTNNTTN-------------------------------------LTRGTLKN----CSFNM-T-TE--LRN-KK-QKV-YALF-NTLNVVPINNNSTNRSNNS------------------------------------------NTSNTLT---NCNTSTI-T---QA, 0.0772, 0
1.684449, -106.6047, [74], CHUNK, ['V'], VKLTPLCVTLNCTNVTNNTTN-------------------------------------LTRGTLKN----CSFNV-T-TE--LRN-KK-QKV-YALF-NTLNVVPINENSTNRSNNS------------------------------------------NTSNTLT---NCNTSTI-T---QA, 0.3006, 0
1.672192, -118.2289, [71], CHUNK, ['T'], VKLTPLCVTLNCTNVTNNTTN-------------------------------------LTRGTLKN----CTFNM-T-TE--LRN-KK-QKV-YALF-NTLNVVPINENSTNRSNNS------------------------------------------NTSNTLT---NCNTSTI-T---QA, 0.0726, 0
1.686080, -80.5870, [74], CHUNK, ['I'], VKLTPLCVTLNCTNVTNNTTN-------------------------------------LTRGTLKN----CSFNI-T-TE--LRN-KK-QKV-YALF-NTLNVVPINENSTNRSNNS------------------------------------------NTSNTLT---NCNTSTI-T---QA, 0.1966, 0
1.698332, -116.3190, [74], CHUNK, ['T'], VKLTPLCVTLNCTNVTNNTTN-------------------------------------LTRGTLKN----CSFNT-T-TE--LRN-KK-QKV-YALF-NTLNVVQINENSTNRSNNS------------------------------------------NTSNTLT---NCNTSTI-T---QA, 0.1092, 0
1.678970, -118.6437, 93, POINT, N, VKLTPLCVTLNCTNVTNNTTN-------------------------------------LTRGTLKN----CSFNM-T-TE--LRN-KK-QKV-NALF-NTLNVVQINENSTNRSNNS------------------------------------------NTSNTLT---NCNTSTI-T---QA, 0.0728, 1
1.694237, -104.2262, [74], CHUNK, ['V'], VKLTPLCVTLNCTNVTNNTTN-------------------------------------LTRGTLKN----CSFNV-T-TE--LRN-KK-QKV-NALF-NTLNVVQINENSTNRSNNS------------------------------------------NTSNTLT---NCNTSTI-T---QA, 0.1165, 0
1.695867, -84.9609, 74, POINT, I, VKLTPLCVTLNCTNVTNNTTN-------------------------------------LTRGTLKN----CSFNI-T-TE--LRN-KK-QKV-NALF-NTLNVVQINENSTNRSNNS------------------------------------------NTSNTLT---NCNTSTI-T---QA, 0.5551, 0
1.692859, -118.0900, 91, POINT, T, VKLTPLCVTLNCTNVTNNTTN-------------------------------------LTRGTLKN----CSFNM-T-TE--LRN-KK-QKT-NALF-NTLNVVQINENSTNRSNNS------------------------------------------NTSNTLT---NCNTSTI-T---QA, 0.1056, 0
1.687785, -118.4156, 89, POINT, K, VKLTPLCVTLNCTNVTNNTTN-------------------------------------LTRGTLKN----CSFNM-T-TE--LRN-KK-KKV-NALF-NTLNVVQINENSTNRSNNS------------------------------------------NTSNTLT---NCNTSTI-T---QA, 0.0892, 1
1.701643, -117.6846, 107, POINT, S, VKLTPLCVTLNCTNVTNNTTN-------------------------------------LTRGTLKN----CSFNM-T-TE--LRN-KK-KKV-NALF-NTLNVVQINSNSTNRSNNS------------------------------------------NTSNTLT---NCNTSTI-T---QA, 0.0892, 0
1.701410, -118.0308, [109], CHUNK, ['T'], VKLTPLCVTLNCTNVTNNTTN-------------------------------------LTRGTLKN----CSFNM-T-TE--LRN-KK-KKV-NALF-NTLNVVQINENTTNRSNNS------------------------------------------NTSNTLT---NCNTSTI-T---QA, 0.0892, 0
1.712488, -117.2953, 58, POINT, T, VKLTPLCVTLNCTNVTNNTTN-------------------------------------TTRGTLKN----CSFNM-T-TE--LRN-KK-KKV-NALF-NTLNVVQINENSTNRSNNS------------------------------------------NTSNTLT---NCNTSTI-T---QA, 0.0892, 0
1.704683, -68.9071, [74], CHUNK, ['I'], VKLTPLCVTLNCTNVTNNTTN-------------------------------------LTRGTLKN----CSFNI-T-TE--LRN-KK-KKV-NALF-NTLNVVQINENSTNRSNNS------------------------------------------NTSNTLT---NCNTSTI-T---QA, 0.6684, 0
1.687922, -118.8342, 79, POINT, S, VKLTPLCVTLNCTNVTNNTTN-------------------------------------LTRGTLKN----CSFNM-T-TS--LRN-KK-QKV-NALF-NTLNVVQINENSTNRSNNS------------------------------------------NTSNTLT---NCNTSTI-T---QA, 0.0806, 0
1.695344, -119.2056, [104], CHUNK, ['L'], VKLTPLCVTLNCTNVTNNTTN-------------------------------------LTRGTLKN----CSFNM-T-TE--LRN-KK-QKV-NALF-NTLNVVLINENSTNRSNNS------------------------------------------NTSNTLT---NCNTSTI-T---QA, 0.0730, 0
1.679825, -112.2309, 96, POINT, L, VKLTPLCVTLNCTNVTNNTTN-------------------------------------LTRGTLKN----CSFNM-T-TE--LRN-KK-QKV-NALL-NTLNVVQINENSTNRSNNS------------------------------------------NTSNTLT---NCNTSTI-T---QA, 0.0756, 0
1.680341, -118.1024, 173, POINT, T, VKLTPLCVTLNCTNVTNNTTN-------------------------------------LTRGTLKN----CSFNM-T-TE--LRN-KK-QKV-NALF-NTLNVVQINENSTNRSNNS------------------------------------------NTSNTLT---NCNTTTI-T---QA, 0.1346, 0
1.680255, -118.4689, 100, POINT, T, VKLTPLCVTLNCTNVTNNTTN-------------------------------------LTRGTLKN----CSFNM-T-TE--LRN-KK-QKV-YALF-NTTNVVQINENSTNRSNNS------------------------------------------NTSNTLT---NCNTSTI-T---QA, 0.0728, 1
1.697153, -83.1491, 74, POINT, I, VKLTPLCVTLNCTNVTNNTTN-------------------------------------LTRGTLKN----CSFNI-T-TE--LRN-KK-QKV-YALF-NTTNVVQINENSTNRSNNS------------------------------------------NTSNTLT---NCNTSTI-T---QA, 0.5462, 0
1.689162, -119.2259, [90], CHUNK, ['N'], VKLTPLCVTLNCTNVTNNTTN-------------------------------------LTRGTLKN----CSFNM-T-TE--LRN-KK-QNV-YALF-NTTNVVQINENSTNRSNNS------------------------------------------NTSNTLT---NCNTSTI-T---QA, 0.0668, 0
1.697153, -74.9031, [74], CHUNK, ['I'], VKLTPLCVTLNCTNVTNNTTN-------------------------------------LTRGTLKN----CSFNI-T-TE--LRN-KK-QKV-YALF-NTTNVVQINENSTNRSNNS------------------------------------------NTSNTLT---NCNTSTI-T---QA, 0.2491, 0
1.684967, -1.5174, [82], CHUNK, ['I'], VKLTPLCVTLNCTNVTNNTTN-------------------------------------LTRGTLKN----CSFNM-T-TE--IRN-KK-QKV-YALF-NTTNVVQINENSTNRSNNS------------------------------------------NTSNTLT---NCNTSTI-T---QA, 0.1365, 0
1.669182, -120.6390, [104], CHUNK, ['P'], VKLTPLCVTLNCTNVTNNTTN-------------------------------------LTRGTLKN----CSFNM-T-TE--LRN-KK-QKV-YALF-NTLNVVPINENSTNRSNNS------------------------------------------NTSNTLT---NCNTSTI-T---QA, 0.0728, 1
1.695304, -120.0934, 103, POINT, T, VKLTPLCVTLNCTNVTNNTTN-------------------------------------LTRGTLKN----CSFNM-T-TE--LRN-KK-QKV-YALF-NTLNVTPINENSTNRSNNS------------------------------------------NTSNTLT---NCNTSTI-T---QA, 0.0728, 1
1.706059, -121.0691, [161], CHUNK, ['N'], VKLTPLCVTLNCTNVTNNTTN-------------------------------------LTRGTLKN----CSFNM-T-TE--LRN-KK-QKV-YALF-NTLNVTPINENSTNRSNNS------------------------------------------NTNNTLT---NCNTSTI-T---QA, 0.0728, 0
1.699272, -119.9383, 94, POINT, S, VKLTPLCVTLNCTNVTNNTTN-------------------------------------LTRGTLKN----CSFNM-T-TE--LRN-KK-QKV-YSLF-NTLNVTPINENSTNRSNNS------------------------------------------NTSNTLT---NCNTSTI-T---QA, 0.0728, 0
1.706059, -121.4677, [161], CHUNK, ['N'], VKLTPLCVTLNCTNVTNNTTN-------------------------------------LTRGTLKN----CSFNM-T-TE--LRN-KK-QKV-YALF-NTLNVTPINENSTNRSNNS------------------------------------------NTNNTLT---NCNTSTI-T---QA, 0.0723, 0
1.703640, -119.9480, [89], CHUNK, ['K'], VKLTPLCVTLNCTNVTNNTTN-------------------------------------LTRGTLKN----CSFNM-T-TE--LRN-KK-KKV-YALF-NTLNVTPINENSTNRSNNS------------------------------------------NTSNTLT---NCNTSTI-T---QA, 0.0729, 1
1.717148, -119.6537, [109], CHUNK, ['T'], VKLTPLCVTLNCTNVTNNTTN-------------------------------------LTRGTLKN----CSFNM-T-TE--LRN-KK-KKV-YALF-NTLNVTPINENTTNRSNNS------------------------------------------NTSNTLT---NCNTSTI-T---QA, 0.0729, 0
1.718908, -97.2697, [74], CHUNK, ['V'], VKLTPLCVTLNCTNVTNNTTN-------------------------------------LTRGTLKN----CSFNV-T-TE--LRN-KK-KKV-YALF-NTLNVTPINENSTNRSNNS------------------------------------------NTSNTLT---NCNTSTI-T---QA, 0.2727, 0
1.709831, -119.9182, 107, POINT, D, VKLTPLCVTLNCTNVTNNTTN-------------------------------------LTRGTLKN----CSFNM-T-TE--LRN-KK-KKV-YALF-NTLNVTPINDNSTNRSNNS------------------------------------------NTSNTLT---NCNTSTI-T---QA, 0.0878, 0
1.714475, -120.4560, [90], CHUNK, ['N'], VKLTPLCVTLNCTNVTNNTTN-------------------------------------LTRGTLKN----CSFNM-T-TE--LRN-KK-KNV-YALF-NTLNVTPINENSTNRSNNS------------------------------------------NTSNTLT---NCNTSTI-T---QA, 0.0837, 0
1.720007, -118.8044, 58, POINT, T, VKLTPLCVTLNCTNVTNNTTN-------------------------------------TTRGTLKN----CSFNM-T-TE--LRN-KK-QKV-YALF-NTLNVTPINENSTNRSNNS------------------------------------------NTSNTLT---NCNTSTI-T---QA, 0.0728, 0
1.707890, -118.1199, [100], CHUNK, ['T'], VKLTPLCVTLNCTNVTNNTTN-------------------------------------LTRGTLKN----CSFNM-T-TE--LRN-KK-QKV-YALF-NTTNVTPINENSTNRSNNS------------------------------------------NTSNTLT---NCNTSTI-T---QA, 0.0728, 0
1.700366, -118.2581, [60], CHUNK, ['K'], VKLTPLCVTLNCTNVTNNTTN-------------------------------------LTKGTLKN----CSFNM-T-TE--LRN-KK-QKV-YALF-NTLNVTPINENSTNRSNNS------------------------------------------NTSNTLT---NCNTSTI-T---QA, 0.1180, 0
1.698524, -120.7620, [83], CHUNK, ['K'], VKLTPLCVTLNCTNVTNNTTN-------------------------------------LTRGTLKN----CSFNM-T-TE--LKN-KK-QKV-YALF-NTLNVTPINENSTNRSNNS------------------------------------------NTSNTLT---NCNTSTI-T---QA, 0.0765, 1
1.702702, -120.7469, [94], CHUNK, ['S'], VKLTPLCVTLNCTNVTNNTTN-------------------------------------LTRGTLKN----CSFNM-T-TE--LKN-KK-QKV-YSLF-NTLNVTPINENSTNRSNNS------------------------------------------NTSNTLT---NCNTSTI-T---QA, 0.0949, 0
1.717254, -120.0929, 79, POINT, N, VKLTPLCVTLNCTNVTNNTTN-------------------------------------LTRGTLKN----CSFNM-T-TN--LKN-KK-QKV-YALF-NTLNVTPINENSTNRSNNS------------------------------------------NTSNTLT---NCNTSTI-T---QA, 0.0812, 0
1.700885, -117.7697, 14, POINT, I, VKLTPLCVTLNCTNITNNTTN-------------------------------------LTRGTLKN----CSFNM-T-TE--LKN-KK-QKV-YALF-NTLNVTPINENSTNRSNNS------------------------------------------NTSNTLT---NCNTSTI-T---QA, 0.0765, 0
1.707050, -120.4863, 89, POINT, K, VKLTPLCVTLNCTNVTNNTTN-------------------------------------LTRGTLKN----CSFNM-T-TE--LKN-KK-KKV-YALF-NTLNVTPINENSTNRSNNS------------------------------------------NTSNTLT---NCNTSTI-T---QA, 0.0765, 0
1.701616, -117.0128, 58, POINT, I, VKLTPLCVTLNCTNVTNNTTN-------------------------------------ITRGTLKN----CSFNM-T-TE--LRN-KK-QKV-YALF-NTLNVTPINENSTNRSNNS------------------------------------------NTSNTLT---NCNTSTI-T---QA, 0.0811, 1
1.720007, -118.6962, [58], CHUNK, ['T'], VKLTPLCVTLNCTNVTNNTTN-------------------------------------TTRGTLKN----CSFNM-T-TE--LRN-KK-QKV-YALF-NTLNVTPINENSTNRSNNS------------------------------------------NTSNTLT---NCNTSTI-T---QA, 0.1098, 0
1.704627, -115.0352, [71], CHUNK, ['T'], VKLTPLCVTLNCTNVTNNTTN-------------------------------------ITRGTLKN----CTFNM-T-TE--LRN-KK-QKV-YALF-NTLNVTPINENSTNRSNNS------------------------------------------NTSNTLT---NCNTSTI-T---QA, 0.1638, 0
1.714203, -115.0568, [100], CHUNK, ['T'], VKLTPLCVTLNCTNVTNNTTN-------------------------------------ITRGTLKN----CSFNM-T-TE--LRN-KK-QKV-YALF-NTTNVTPINENSTNRSNNS------------------------------------------NTSNTLT---NCNTSTI-T---QA, 0.0823, 0
1.725361, -97.1255, [61], CHUNK, ['T'], VKLTPLCVTLNCTNVTNNTTN-------------------------------------ITRTTLKN----CSFNM-T-TE--LRN-KK-QKV-YALF-NTLNVTPINENSTNRSNNS------------------------------------------NTSNTLT---NCNTSTI-T---QA, 0.0811, 0
1.703640, -119.8180, [89], CHUNK, ['K'], VKLTPLCVTLNCTNVTNNTTN-------------------------------------LTRGTLKN----CSFNM-T-TE--LRN-KK-KKV-YALF-NTLNVTPINENSTNRSNNS------------------------------------------NTSNTLT---NCNTSTI-T---QA, 0.0728, 0
1.704257, -119.2435, 79, POINT, S, VKLTPLCVTLNCTNVTNNTTN-------------------------------------LTRGTLKN----CSFNM-T-TS--LRN-KK-QKV-YALF-NTLNVTPINENSTNRSNNS------------------------------------------NTSNTLT---NCNTSTI-T---QA, 0.0728, 0
1.706059, -121.4176, [161], CHUNK, ['N'], VKLTPLCVTLNCTNVTNNTTN-------------------------------------LTRGTLKN----CSFNM-T-TE--LRN-KK-QKV-YALF-NTLNVTPINENSTNRSNNS------------------------------------------NTNNTLT---NCNTSTI-T---QA, 0.0718, 1
1.718645, -119.6355, [100], CHUNK, ['T'], VKLTPLCVTLNCTNVTNNTTN-------------------------------------LTRGTLKN----CSFNM-T-TE--LRN-KK-QKV-YALF-NTTNVTPINENSTNRSNNS------------------------------------------NTNNTLT---NCNTSTI-T---QA, 0.0829, 1
1.719317, -119.4772, 161, POINT, T, VKLTPLCVTLNCTNVTNNTTN-------------------------------------LTRGTLKN----CSFNM-T-TE--LRN-KK-QKV-YALF-NTTNVTPINENSTNRSNNS------------------------------------------NTTNTLT---NCNTSTI-T---QA, 0.0829, 0
1.734458, -119.3897, 79, POINT, T, VKLTPLCVTLNCTNVTNNTTN-------------------------------------LTRGTLKN----CSFNM-T-TT--LRN-KK-QKV-YALF-NTTNVTPINENSTNRSNNS------------------------------------------NTNNTLT---NCNTSTI-T---QA, 0.0829, 0
1.728986, -118.7283, [64], CHUNK, ['T'], VKLTPLCVTLNCTNVTNNTTN-------------------------------------LTRGTLTN----CSFNM-T-TE--LRN-KK-QKV-YALF-NTTNVTPINENSTNRSNNS------------------------------------------NTNNTLT---NCNTSTI-T---QA, 0.0938, 1
1.737322, -118.4272, [89], CHUNK, ['K'], VKLTPLCVTLNCTNVTNNTTN-------------------------------------LTRGTLTN----CSFNM-T-TE--LRN-KK-KKV-YALF-NTTNVTPINENSTNRSNNS------------------------------------------NTNNTLT---NCNTSTI-T---QA, 0.0938, 1
1.745585, -119.2247, [113], CHUNK, ['N'], VKLTPLCVTLNCTNVTNNTTN-------------------------------------LTRGTLTN----CSFNM-T-TE--LRN-KK-KKV-YALF-NTTNVTPINENSTNRNNNS------------------------------------------NTNNTLT---NCNTSTI-T---QA, 0.1001, 0
1.742811, -114.9612, [60], CHUNK, ['V'], VKLTPLCVTLNCTNVTNNTTN-------------------------------------LTVGTLTN----CSFNM-T-TE--LRN-KK-KKV-YALF-NTTNVTPINENSTNRSNNS------------------------------------------NTNNTLT---NCNTSTI-T---QA, 0.0938, 0
1.750225, -113.7372, 82, POINT, T, VKLTPLCVTLNCTNVTNNTTN-------------------------------------LTRGTLTN----CSFNM-T-TE--TRN-KK-KKV-YALF-NTTNVTPINENSTNRSNNS------------------------------------------NTNNTLT---NCNTSTI-T---QA, 0.0938, 0
1.764339, -120.1919, [58], CHUNK, ['N'], VKLTPLCVTLNCTNVTNNTTN-------------------------------------NTRGTLTN----CSFNM-T-TE--LRN-KK-KKV-YALF-NTTNVTPINENSTNRSNNS------------------------------------------NTNNTLT---NCNTSTI-T---QA, 0.0938, 0
1.733160, -111.8793, 96, POINT, L, VKLTPLCVTLNCTNVTNNTTN-------------------------------------LTRGTLTN----CSFNM-T-TE--LRN-KK-QKV-YALL-NTTNVTPINENSTNRSNNS------------------------------------------NTNNTLT---NCNTSTI-T---QA, 0.0938, 0
1.737322, -118.4272, [89], CHUNK, ['K'], VKLTPLCVTLNCTNVTNNTTN-------------------------------------LTRGTLTN----CSFNM-T-TE--LRN-KK-KKV-YALF-NTTNVTPINENSTNRSNNS------------------------------------------NTNNTLT---NCNTSTI-T---QA, 0.0938, 0
1.745435, -118.1468, [105], CHUNK, ['T'], VKLTPLCVTLNCTNVTNNTTN-------------------------------------LTRGTLTN----CSFNM-T-TE--LRN-KK-QKV-YALF-NTTNVTPTNENSTNRSNNS------------------------------------------NTNNTLT---NCNTSTI-T---QA, 0.0938, 0
1.741120, -119.3302, 58, POINT, S, VKLTPLCVTLNCTNVTNNTTN-------------------------------------STRGTLTN----CSFNM-T-TE--LRN-KK-QKV-YALF-NTTNVTPINENSTNRSNNS------------------------------------------NTNNTLT---NCNTSTI-T---QA, 0.0938, 0
1.755129, -119.7079, 107, POINT, N, VKLTPLCVTLNCTNVTNNTTN-------------------------------------LTRGTLKN----CSFNM-T-TE--LRN-KK-QKV-YALF-NTTNVTPINNNSTNRSNNS------------------------------------------NTNNTLT---NCNTSTI-T---QA, 0.0829, 0
1.733912, -101.7161, 74, POINT, V, VKLTPLCVTLNCTNVTNNTTN-------------------------------------LTRGTLKN----CSFNV-T-TE--LRN-KK-QKV-YALF-NTTNVTPINENSTNRSNNS------------------------------------------NTNNTLT---NCNTSTI-T---QA, 0.3490, 0
1.719983, -119.4614, [182], CHUNK, ['T'], VKLTPLCVTLNCTNVTNNTTN-------------------------------------LTRGTLKN----CSFNM-T-TE--LRN-KK-QKV-YALF-NTTNVTPINENSTNRSNNS------------------------------------------NTNNTLT---NCNTSTI-T---QT, 0.0892, 0
1.722813, -119.0118, 86, POINT, N, VKLTPLCVTLNCTNVTNNTTN-------------------------------------LTRGTLKN----CSFNM-T-TE--LRN-NK-QKV-YALF-NTTNVTPINENSTNRSNNS------------------------------------------NTNNTLT---NCNTSTI-T---QA, 0.0830, 0
1.714508, 164.8507, [61], CHUNK, ['V'], VKLTPLCVTLNCTNVTNNTTN-------------------------------------LTRVTLKN----CSFNM-T-TE--LRN-KK-QKV-YALF-NTLNVTPINENSTNRSNNS------------------------------------------NTNNTLT---NCNTSTI-T---QA, 0.1136, 0
1.712371, -118.6650, [58], CHUNK, ['I'], VKLTPLCVTLNCTNVTNNTTN-------------------------------------ITRGTLKN----CSFNM-T-TE--LRN-KK-QKV-YALF-NTLNVTPINENSTNRSNNS------------------------------------------NTNNTLT---NCNTSTI-T---QA, 0.0718, 0
1.738278, -117.0298, 74, POINT, T, VKLTPLCVTLNCTNVTNNTTN-------------------------------------LTRGTLKN----CSFNT-T-TE--LRN-KK-QKV-YALF-NTLNVTPINENSTNRSNNS------------------------------------------NTNNTLT---NCNTSTI-T---QA, 0.0718, 0
1.727894, -121.0636, [112], CHUNK, ['S'], VKLTPLCVTLNCTNVTNNTTN-------------------------------------LTRGTLKN----CSFNM-T-TE--LRN-KK-QKV-YALF-NTLNVTPINENSTNSSNNS------------------------------------------NTNNTLT---NCNTSTI-T---QA, 0.0755, 1
1.741696, -121.8894, [112], CHUNK, ['N'], VKLTPLCVTLNCTNVTNNTTN-------------------------------------LTRGTLKN----CSFNM-T-TE--LRN-KK-QKV-YALF-NTLNVTPINENSTNNSNNS------------------------------------------NTNNTLT---NCNTSTI-T---QA, 0.0755, 0
1.747710, -120.3396, 79, POINT, N, VKLTPLCVTLNCTNVTNNTTN-------------------------------------LTRGTLKN----CSFNM-T-TN--LRN-KK-QKV-YALF-NTLNVTPINENSTNSSNNS------------------------------------------NTNNTLT---NCNTSTI-T---QA, 0.0755, 0
1.754102, -119.1275, 14, POINT, N, VKLTPLCVTLNCTNNTNNTTN-------------------------------------LTRGTLKN----CSFNM-T-TE--LRN-KK-QKV-YALF-NTLNVTPINENSTNSSNNS------------------------------------------NTNNTLT---NCNTSTI-T---QA, 0.0897, 0
1.747710, -120.6107, 79, POINT, N, VKLTPLCVTLNCTNVTNNTTN-------------------------------------LTRGTLKN----CSFNM-T-TN--LRN-KK-QKV-YALF-NTLNVTPINENSTNSSNNS------------------------------------------NTNNTLT---NCNTSTI-T---QA, 0.0746, 1
1.769835, -120.9386, [14], CHUNK, ['T'], VKLTPLCVTLNCTNTTNNTTN-------------------------------------LTRGTLKN----CSFNM-T-TN--LRN-KK-QKV-YALF-NTLNVTPINENSTNSSNNS------------------------------------------NTNNTLT---NCNTSTI-T---QA, 0.0746, 0
1.763609, -120.0893, 87, POINT, T, VKLTPLCVTLNCTNVTNNTTN-------------------------------------LTRGTLKN----CSFNM-T-TN--LRN-KT-QKV-YALF-NTLNVTPINENSTNSSNNS------------------------------------------NTNNTLT---NCNTSTI-T---QA, 0.0746, 0
1.747909, -120.7572, 102, POINT, I, VKLTPLCVTLNCTNVTNNTTN-------------------------------------LTRGTLKN----CSFNM-T-TN--LRN-KK-QKV-YALF-NTLNITPINENSTNSSNNS------------------------------------------NTNNTLT---NCNTSTI-T---QA, 0.1380, 0
1.755278, -120.1298, [89], CHUNK, ['K'], VKLTPLCVTLNCTNVTNNTTN-------------------------------------LTRGTLKN----CSFNM-T-TN--LRN-KK-KKV-YALF-NTLNVTPINENSTNSSNNS------------------------------------------NTNNTLT---NCNTSTI-T---QA, 0.0746, 0
1.737876, -120.2084, 86, POINT, T, VKLTPLCVTLNCTNVTNNTTN-------------------------------------LTRGTLKN----CSFNM-T-TE--LRN-TK-QKV-YALF-NTLNVTPINENSTNSSNNS------------------------------------------NTNNTLT---NCNTSTI-T---QA, 0.1044, 0
1.743902, -119.8465, 104, POINT, L, VKLTPLCVTLNCTNVTNNTTN-------------------------------------LTRGTLKN----CSFNM-T-TE--LRN-KK-QKV-YALF-NTLNVTLINENSTNSSNNS------------------------------------------NTNNTLT---NCNTSTI-T---QA, 0.0755, 0
1.747710, -120.8450, [79], CHUNK, ['N'], VKLTPLCVTLNCTNVTNNTTN-------------------------------------LTRGTLKN----CSFNM-T-TN--LRN-KK-QKV-YALF-NTLNVTPINENSTNSSNNS------------------------------------------NTNNTLT---NCNTSTI-T---QA, 0.0874, 1
1.753015, -120.7939, 107, POINT, D, VKLTPLCVTLNCTNVTNNTTN-------------------------------------LTRGTLKN----CSFNM-T-TN--LRN-KK-QKV-YALF-NTLNVTPINDNSTNSSNNS------------------------------------------NTNNTLT---NCNTSTI-T---QA, 0.0874, 0
1.749843, -120.8216, 83, POINT, K, VKLTPLCVTLNCTNVTNNTTN-------------------------------------LTRGTLKN----CSFNM-T-TN--LKN-KK-QKV-YALF-NTLNVTPINENSTNSSNNS------------------------------------------NTNNTLT---NCNTSTI-T---QA, 0.0864, 1
1.769090, -63.0796, 74, POINT, I, VKLTPLCVTLNCTNVTNNTTN-------------------------------------LTRGTLKN----CSFNI-T-TN--LKN-KK-QKV-YALF-NTLNVTPINENSTNSSNNS------------------------------------------NTNNTLT---NCNTSTI-T---QA, 0.4556, 0
1.753877, -118.1788, 71, POINT, T, VKLTPLCVTLNCTNVTNNTTN-------------------------------------LTRGTLKN----CTFNM-T-TN--LKN-KK-QKV-YALF-NTLNVTPINENSTNSSNNS------------------------------------------NTNNTLT---NCNTSTI-T---QA, 0.0886, 0
1.756242, -0.3211, [82], CHUNK, ['I'], VKLTPLCVTLNCTNVTNNTTN-------------------------------------LTRGTLKN----CSFNM-T-TN--IKN-KK-QKV-YALF-NTLNVTPINENSTNSSNNS------------------------------------------NTNNTLT---NCNTSTI-T---QA, 0.1516, 0
1.757601, -120.3749, [89], CHUNK, ['K'], VKLTPLCVTLNCTNVTNNTTN-------------------------------------LTRGTLKN----CSFNM-T-TN--LKN-KK-KKV-YALF-NTLNVTPINENSTNSSNNS------------------------------------------NTNNTLT---NCNTSTI-T---QA, 0.0864, 0
1.753015, -120.7939, [107], CHUNK, ['D'], VKLTPLCVTLNCTNVTNNTTN-------------------------------------LTRGTLKN----CSFNM-T-TN--LRN-KK-QKV-YALF-NTLNVTPINDNSTNSSNNS------------------------------------------NTNNTLT---NCNTSTI-T---QA, 0.0874, 0
1.754899, -121.8927, [110], CHUNK, ['N'], VKLTPLCVTLNCTNVTNNTTN-------------------------------------LTRGTLKN----CSFNM-T-TN--LRN-KK-QKV-YALF-NTLNVTPINENSNNSSNNS------------------------------------------NTNNTLT---NCNTSTI-T---QA, 0.0874, 0
1.755278, -120.4995, 89, POINT, K, VKLTPLCVTLNCTNVTNNTTN-------------------------------------LTRGTLKN----CSFNM-T-TN--LRN-KK-KKV-YALF-NTLNVTPINENSTNSSNNS------------------------------------------NTNNTLT---NCNTSTI-T---QA, 0.0859, 1
1.790786, -120.5964, [107], CHUNK, ['N'], VKLTPLCVTLNCTNVTNNTTN-------------------------------------LTRGTLKN----CSFNM-T-TN--LRN-KK-KKV-YALF-NTLNVTPINNNSTNSSNNS------------------------------------------NTNNTLT---NCNTSTI-T---QA, 0.0985, 0
1.774714, -101.9249, 74, POINT, I, VKLTPLCVTLNCTNVTNNTTN-------------------------------------LTRGTLKN----CSFNI-T-TN--LRN-KK-KKV-YALF-NTLNVTPINENSTNSSNNS------------------------------------------NTNNTLT---NCNTSTI-T---QA, 0.2682, 0
1.770386, -120.1434, [87], CHUNK, ['T'], VKLTPLCVTLNCTNVTNNTTN-------------------------------------LTRGTLKN----CSFNM-T-TN--LRN-KT-KKV-YALF-NTLNVTPINENSTNSSNNS------------------------------------------NTNNTLT---NCNTSTI-T---QA, 0.0913, 1
1.775040, -113.5964, [60], CHUNK, ['I'], VKLTPLCVTLNCTNVTNNTTN-------------------------------------LTIGTLKN----CSFNM-T-TN--LRN-KT-KKV-YALF-NTLNVTPINENSTNSSNNS------------------------------------------NTNNTLT---NCNTSTI-T---QA, 0.0913, 0
1.785108, -120.8826, [109], CHUNK, ['N'], VKLTPLCVTLNCTNVTNNTTN-------------------------------------LTRGTLKN----CSFNM-T-TN--LRN-KT-KKV-YALF-NTLNVTPINENNTNSSNNS------------------------------------------NTNNTLT---NCNTSTI-T---QA, 0.0913, 0
1.775691, -120.0923, 107, POINT, D, VKLTPLCVTLNCTNVTNNTTN-------------------------------------LTRGTLKN----CSFNM-T-TN--LRN-KT-KKV-YALF-NTLNVTPINDNSTNSSNNS------------------------------------------NTNNTLT---NCNTSTI-T---QA, 0.0913, 0
1.786085, -117.7992, 60, POINT, S, VKLTPLCVTLNCTNVTNNTTN-------------------------------------LTSGTLKN----CSFNM-T-TN--LRN-KT-KKV-YALF-NTLNVTPINENSTNSSNNS------------------------------------------NTNNTLT---NCNTSTI-T---QA, 0.0967, 0
1.790786, -120.5718, [107], CHUNK, ['N'], VKLTPLCVTLNCTNVTNNTTN-------------------------------------LTRGTLKN----CSFNM-T-TN--LRN-KK-KKV-YALF-NTLNVTPINNNSTNSSNNS------------------------------------------NTNNTLT---NCNTSTI-T---QA, 0.0859, 1
1.803758, -121.1735, [58], CHUNK, ['S'], VKLTPLCVTLNCTNVTNNTTN-------------------------------------STRGTLKN----CSFNM-T-TN--LRN-KK-KKV-YALF-NTLNVTPINNNSTNSSNNS------------------------------------------NTNNTLT---NCNTSTI-T---QA, 0.0859, 0
1.793369, -113.9689, [96], CHUNK, ['L'], VKLTPLCVTLNCTNVTNNTTN-------------------------------------LTRGTLKN----CSFNM-T-TN--LRN-KK-KKV-YALL-NTLNVTPINNNSTNSSNNS------------------------------------------NTNNTLT---NCNTSTI-T---QA, 0.1000, 0
1.794679, -97.3568, 61, POINT, D, VKLTPLCVTLNCTNVTNNTTN-------------------------------------LTRDTLKN----CSFNM-T-TN--LRN-KK-KKV-YALF-NTLNVTPINNNSTNSSNNS------------------------------------------NTNNTLT---NCNTSTI-T---QA, 0.0859, 0
1.810223, -70.5875, 74, POINT, I, VKLTPLCVTLNCTNVTNNTTN-------------------------------------LTRGTLKN----CSFNI-T-TN--LRN-KK-KKV-YALF-NTLNVTPINNNSTNSSNNS------------------------------------------NTNNTLT---NCNTSTI-T---QA, 0.4395, 0
1.782631, -115.9063, [60], CHUNK, ['T'], VKLTPLCVTLNCTNVTNNTTN-------------------------------------LTTGTLKN----CSFNM-T-TN--LRN-KK-KKV-YALF-NTLNVTPINENSTNSSNNS------------------------------------------NTNNTLT---NCNTSTI-T---QA, 0.0859, 0
1.774714, -82.6857, [74], CHUNK, ['I'], VKLTPLCVTLNCTNVTNNTTN-------------------------------------LTRGTLKN----CSFNI-T-TN--LRN-KK-KKV-YALF-NTLNVTPINENSTNSSNNS------------------------------------------NTNNTLT---NCNTSTI-T---QA, 0.4441, 0
1.757358, -119.3982, 63, POINT, I, VKLTPLCVTLNCTNVTNNTTN-------------------------------------LTRGTIKN----CSFNM-T-TN--LRN-KK-KKV-YALF-NTLNVTPINENSTNSSNNS------------------------------------------NTNNTLT---NCNTSTI-T---QA, 0.0859, 0
1.769669, -119.7682, [107], CHUNK, ['S'], VKLTPLCVTLNCTNVTNNTTN-------------------------------------LTRGTLKN----CSFNM-T-TN--LRN-KK-KKV-YALF-NTLNVTPINSNSTNSSNNS------------------------------------------NTNNTLT---NCNTSTI-T---QA, 0.0859, 0
1.767147, -98.8855, [74], CHUNK, ['I'], VKLTPLCVTLNCTNVTNNTTN-------------------------------------LTRGTLKN----CSFNI-T-TN--LRN-KK-QKV-YALF-NTLNVTPINENSTNSSNNS------------------------------------------NTNNTLT---NCNTSTI-T---QA, 0.8154, 0
1.756080, -121.2426, 90, POINT, N, VKLTPLCVTLNCTNVTNNTTN-------------------------------------LTRGTLKN----CSFNM-T-TN--LRN-KK-QNV-YALF-NTLNVTPINENSTNSSNNS------------------------------------------NTNNTLT---NCNTSTI-T---QA, 0.0874, 0
1.760069, -120.5313, [109], CHUNK, ['T'], VKLTPLCVTLNCTNVTNNTTN-------------------------------------LTRGTLKN----CSFNM-T-TN--LRN-KK-QKV-YALF-NTLNVTPINENTTNSSNNS------------------------------------------NTNNTLT---NCNTSTI-T---QA, 0.0874, 1
1.784772, -119.4106, [58], CHUNK, ['T'], VKLTPLCVTLNCTNVTNNTTN-------------------------------------TTRGTLKN----CSFNM-T-TN--LRN-KK-QKV-YALF-NTLNVTPINENTTNSSNNS------------------------------------------NTNNTLT---NCNTSTI-T---QA, 0.0874, 1
1.802098, -106.8333, 74, POINT, V, VKLTPLCVTLNCTNVTNNTTN-------------------------------------TTRGTLKN----CSFNV-T-TN--LRN-KK-QKV-YALF-NTLNVTPINENTTNSSNNS------------------------------------------NTNNTLT---NCNTSTI-T---QA, 0.2759, 0
1.804208, -74.3082, 74, POINT, I, VKLTPLCVTLNCTNVTNNTTN-------------------------------------TTRGTLKN----CSFNI-T-TN--LRN-KK-QKV-YALF-NTLNVTPINENTTNSSNNS------------------------------------------NTNNTLT---NCNTSTI-T---QA, 0.3404, 0
1.808288, -119.8320, [83], CHUNK, ['T'], VKLTPLCVTLNCTNVTNNTTN-------------------------------------TTRGTLKN----CSFNM-T-TN--LTN-KK-QKV-YALF-NTLNVTPINENTTNSSNNS------------------------------------------NTNNTLT---NCNTSTI-T---QA, 0.0874, 0
1.801093, -118.8575, 105, POINT, T, VKLTPLCVTLNCTNVTNNTTN-------------------------------------TTRGTLKN----CSFNM-T-TN--LRN-KK-QKV-YALF-NTLNVTPTNENTTNSSNNS------------------------------------------NTNNTLT---NCNTSTI-T---QA, 0.0874, 0
1.765636, -120.4802, 107, POINT, D, VKLTPLCVTLNCTNVTNNTTN-------------------------------------LTRGTLKN----CSFNM-T-TN--LRN-KK-QKV-YALF-NTLNVTPINDNTTNSSNNS------------------------------------------NTNNTLT---NCNTSTI-T---QA, 0.0874, 0
1.767637, -120.0844, 89, POINT, K, VKLTPLCVTLNCTNVTNNTTN-------------------------------------LTRGTLKN----CSFNM-T-TN--LRN-KK-KKV-YALF-NTLNVTPINENTTNSSNNS------------------------------------------NTNNTLT---NCNTSTI-T---QA, 0.0874, 0
1.772925, -118.7266, [93], CHUNK, ['N'], VKLTPLCVTLNCTNVTNNTTN-------------------------------------LTRGTLKN----CSFNM-T-TN--LRN-KK-QKV-NALF-NTLNVTPINENTTNSSNNS------------------------------------------NTNNTLT---NCNTSTI-T---QA, 0.0874, 1
1.777956, -1.2992, 82, POINT, I, VKLTPLCVTLNCTNVTNNTTN-------------------------------------LTRGTLKN----CSFNM-T-TN--IRN-KK-QKV-NALF-NTLNVTPINENTTNSSNNS------------------------------------------NTNNTLT---NCNTSTI-T---QA, 0.1136, 0
1.797628, -117.8312, [58], CHUNK, ['T'], VKLTPLCVTLNCTNVTNNTTN-------------------------------------TTRGTLKN----CSFNM-T-TN--LRN-KK-QKV-NALF-NTLNVTPINENTTNSSNNS------------------------------------------NTNNTLT---NCNTSTI-T---QA, 0.1012, 0
1.785897, -119.7259, [58], CHUNK, ['S'], VKLTPLCVTLNCTNVTNNTTN-------------------------------------STRGTLKN----CSFNM-T-TN--LRN-KK-QKV-NALF-NTLNVTPINENTTNSSNNS------------------------------------------NTNNTLT---NCNTSTI-T---QA, 0.0914, 0
1.792362, -93.6388, 74, POINT, I, VKLTPLCVTLNCTNVTNNTTN-------------------------------------LTRGTLKN----CSFNI-T-TN--LRN-KK-QKV-NALF-NTLNVTPINENTTNSSNNS------------------------------------------NTNNTLT---NCNTSTI-T---QA, 0.6316, 0
1.794705, -116.1554, 74, POINT, T, VKLTPLCVTLNCTNVTNNTTN-------------------------------------LTRGTLKN----CSFNT-T-TN--LRN-KK-QKV-YALF-NTLNVTPINENTTNSSNNS------------------------------------------NTNNTLT---NCNTSTI-T---QA, 0.0874, 0
1.763655, -118.2404, 71, POINT, T, VKLTPLCVTLNCTNVTNNTTN-------------------------------------LTRGTLKN----CTFNM-T-TN--LRN-KK-QKV-YALF-NTLNVTPINENTTNSSNNS------------------------------------------NTNNTLT---NCNTSTI-T---QA, 0.1045, 0
1.772655, -118.5575, [100], CHUNK, ['T'], VKLTPLCVTLNCTNVTNNTTN-------------------------------------LTRGTLKN----CSFNM-T-TN--LRN-KK-QKV-YALF-NTTNVTPINENTTNSSNNS------------------------------------------NTNNTLT---NCNTSTI-T---QA, 0.0874, 0
1.771953, -120.3160, [86], CHUNK, ['T'], VKLTPLCVTLNCTNVTNNTTN-------------------------------------LTRGTLKN----CSFNM-T-TN--LRN-TK-QKV-YALF-NTLNVTPINENTTNSSNNS------------------------------------------NTNNTLT---NCNTSTI-T---QA, 0.0874, 0
1.749790, -119.7460, 63, POINT, I, VKLTPLCVTLNCTNVTNNTTN-------------------------------------LTRGTIKN----CSFNM-T-TN--LRN-KK-QKV-YALF-NTLNVTPINENSTNSSNNS------------------------------------------NTNNTLT---NCNTSTI-T---QA, 0.0874, 0
1.760683, -121.5174, [58], CHUNK, ['S'], VKLTPLCVTLNCTNVTNNTTN-------------------------------------STRGTLKN----CSFNM-T-TN--LRN-KK-QKV-YALF-NTLNVTPINENSTNSSNNS------------------------------------------NTNNTLT---NCNTSTI-T---QA, 0.0887, 1
1.768652, -120.0909, 87, POINT, S, VKLTPLCVTLNCTNVTNNTTN-------------------------------------STRGTLKN----CSFNM-T-TN--LRN-KS-QKV-YALF-NTLNVTPINENSTNSSNNS------------------------------------------NTNNTLT---NCNTSTI-T---QA, 0.0887, 0
1.762532, -120.3883, [63], CHUNK, ['I'], VKLTPLCVTLNCTNVTNNTTN-------------------------------------STRGTIKN----CSFNM-T-TN--LRN-KK-QKV-YALF-NTLNVTPINENSTNSSNNS------------------------------------------NTNNTLT---NCNTSTI-T---QA, 0.0887, 0
1.774231, -121.0920, [113], CHUNK, ['T'], VKLTPLCVTLNCTNVTNNTTN-------------------------------------STRGTLKN----CSFNM-T-TN--LRN-KK-QKV-YALF-NTLNVTPINENSTNSTNNS------------------------------------------NTNNTLT---NCNTSTI-T---QA, 0.0887, 0
1.780119, -75.2093, 74, POINT, I, VKLTPLCVTLNCTNVTNNTTN-------------------------------------STRGTLKN----CSFNI-T-TN--LRN-KK-QKV-YALF-NTLNVTPINENSTNSSNNS------------------------------------------NTNNTLT---NCNTSTI-T---QA, 0.2702, 0
1.752365, -114.2993, [60], CHUNK, ['I'], VKLTPLCVTLNCTNVTNNTTN-------------------------------------LTIGTLKN----CSFNM-T-TN--LRN-KK-QKV-YALF-NTLNVTPINENSTNSSNNS------------------------------------------NTNNTLT---NCNTSTI-T---QA, 0.0874, 0
1.751258, -120.6754, 4, POINT, T, VKLTTLCVTLNCTNVTNNTTN-------------------------------------LTRGTLKN----CSFNM-T-TN--LRN-KK-QKV-YALF-NTLNVTPINENSTNSSNNS------------------------------------------NTNNTLT---NCNTSTI-T---QA, 0.0874, 0
1.753490, -87.1431, 61, POINT, K, VKLTPLCVTLNCTNVTNNTTN-------------------------------------LTRKTLKN----CSFNM-T-TN--LRN-KK-QKV-YALF-NTLNVTPINENSTNSSNNS------------------------------------------NTNNTLT---NCNTSTI-T---QA, 0.0874, 0
1.752437, -119.6359, 74, POINT, A, VKLTPLCVTLNCTNVTNNTTN-------------------------------------LTRGTLKN----CSFNA-T-TN--LRN-KK-QKV-YALF-NTLNVTPINENSTNSSNNS------------------------------------------NTNNTLT---NCNTSTI-T---QA, 0.0874, 1
1.765036, -99.6496, [74], CHUNK, ['V'], VKLTPLCVTLNCTNVTNNTTN-------------------------------------LTRGTLKN----CSFNV-T-TN--LRN-KK-QKV-YALF-NTLNVTPINENSTNSSNNS------------------------------------------NTNNTLT---NCNTSTI-T---QA, 0.5387, 0
1.756405, -119.4804, 94, POINT, S, VKLTPLCVTLNCTNVTNNTTN-------------------------------------LTRGTLKN----CSFNA-T-TN--LRN-KK-QKV-YSLF-NTLNVTPINENSTNSSNNS------------------------------------------NTNNTLT---NCNTSTI-T---QA, 0.0874, 0
1.754640, -112.7894, 96, POINT, L, VKLTPLCVTLNCTNVTNNTTN-------------------------------------LTRGTLKN----CSFNA-T-TN--LRN-KK-QKV-YALL-NTLNVTPINENSTNSSNNS------------------------------------------NTNNTLT---NCNTSTI-T---QA, 0.0874, 0
1.767159, -120.3750, [109], CHUNK, ['N'], VKLTPLCVTLNCTNVTNNTTN-------------------------------------LTRGTLKN----CSFNA-T-TN--LRN-KK-QKV-YALF-NTLNVTPINENNTNSSNNS------------------------------------------NTNNTLT---NCNTSTI-T---QA, 0.0874, 0
1.772413, -119.7242, [58], CHUNK, ['T'], VKLTPLCVTLNCTNVTNNTTN-------------------------------------TTRGTLKN----CSFNM-T-TN--LRN-KK-QKV-YALF-NTLNVTPINENSTNSSNNS------------------------------------------NTNNTLT---NCNTSTI-T---QA, 0.0874, 0
1.761513, -121.6708, [112], CHUNK, ['N'], VKLTPLCVTLNCTNVTNNTTN-------------------------------------LTRGTLKN----CSFNM-T-TN--LRN-KK-QKV-YALF-NTLNVTPINENSTNNSNNS------------------------------------------NTNNTLT---NCNTSTI-T---QA, 0.0874, 0
------END OF DATA------
Best coverage = 1.79078611957
Best sequence = VKLTPLCVTLNCTNVTNNTTN-------------------------------------LTRGTLKN----CSFNM-T-TN--LRN-KK-KKV-YALF-NTLNVTPINNNSTNSSNNS------------------------------------------NTNNTLT---NCNTSTI-T---QA
Best energy = -120.571779417
Best RMSD = 0.0858676880598
Hard Covereage = 0.0506844249933
Num epitopes = 46
