Name base = V1V2_200_exp_1_1_ni
Iters = 200
Soft coverage = 0.284621885725
Energy = -131.119449519
Hard Covereage = 0.0368019545157
Num epitopes = 65
Initial seq = VKLTPLCVTLQCTNVTNNITD-------------------------------------DMRGELKN----CSFNM-T-TE--LRD-KK-QKV-YSLF-YRLDVVQINENQGNRSNNS------------------------------------------NKEYRLI---NCNTSAI-T---QA
-------START OF DATA------
0.293003, -131.2960, 94, POINT, A, VKLTPLCVTLQCTNVTNNITD-------------------------------------DMRGELKN----CSFNM-T-TE--LRD-KK-QKV-YALF-YRLDVVQINENQGNRSNNS------------------------------------------NKEYRLI---NCNTSAI-T---QA, 0.0000, 1
0.295307, -129.2593, 63, POINT, M, VKLTPLCVTLQCTNVTNNITD-------------------------------------DMRGEMKN----CSFNM-T-TE--LRD-KK-QKV-YALF-YRLDVVQINENQGNRSNNS------------------------------------------NKEYRLI---NCNTSAI-T---QA, 0.0000, 1
0.302590, -116.7723, 174, POINT, V, VKLTPLCVTLQCTNVTNNITD-------------------------------------DMRGEMKN----CSFNM-T-TE--LRD-KK-QKV-YALF-YRLDVVQINENQGNRSNNS------------------------------------------NKEYRLI---NCNTSVI-T---QA, 0.3512, 0
0.302590, -104.3516, 174, POINT, V, VKLTPLCVTLQCTNVTNNITD-------------------------------------DMRGEMKN----CSFNM-T-TE--LRD-KK-QKV-YALF-YRLDVVQINENQGNRSNNS------------------------------------------NKEYRLI---NCNTSVI-T---QA, 0.2696, 0
0.300390, -129.0452, 160, POINT, T, VKLTPLCVTLQCTNVTNNITD-------------------------------------DMRGEMKN----CSFNM-T-TE--LRD-KK-QKV-YALF-YRLDVVQINENQGNRSNNS------------------------------------------NTEYRLI---NCNTSAI-T---QA, 0.0194, 1
0.324057, -128.9359, [10], CHUNK, ['N'], VKLTPLCVTLNCTNVTNNITD-------------------------------------DMRGEMKN----CSFNM-T-TE--LRD-KK-QKV-YALF-YRLDVVQINENQGNRSNNS------------------------------------------NTEYRLI---NCNTSAI-T---QA, 0.1202, 1
0.327805, -128.9101, [104], CHUNK, ['P'], VKLTPLCVTLNCTNVTNNITD-------------------------------------DMRGEMKN----CSFNM-T-TE--LRD-KK-QKV-YALF-YRLDVVPINENQGNRSNNS------------------------------------------NTEYRLI---NCNTSAI-T---QA, 0.1202, 0
0.328009, -124.4736, [74], CHUNK, ['T'], VKLTPLCVTLNCTNVTNNITD-------------------------------------DMRGEMKN----CSFNT-T-TE--LRD-KK-QKV-YALF-YRLDVVQINENQGNRSNNS------------------------------------------NTEYRLI---NCNTSAI-T---QA, 0.1202, 0
0.328869, -110.5580, 74, POINT, V, VKLTPLCVTLNCTNVTNNITD-------------------------------------DMRGEMKN----CSFNV-T-TE--LRD-KK-QKV-YALF-YRLDVVQINENQGNRSNNS------------------------------------------NTEYRLI---NCNTSAI-T---QA, 0.2280, 0
0.329027, -127.4158, [91], CHUNK, ['E'], VKLTPLCVTLNCTNVTNNITD-------------------------------------DMRGEMKN----CSFNM-T-TE--LRD-KK-QKE-YALF-YRLDVVQINENQGNRSNNS------------------------------------------NTEYRLI---NCNTSAI-T---QA, 0.1213, 1
0.329895, -127.6233, 59, POINT, E, VKLTPLCVTLNCTNVTNNITD-------------------------------------DERGEMKN----CSFNM-T-TE--LRD-KK-QKE-YALF-YRLDVVQINENQGNRSNNS------------------------------------------NTEYRLI---NCNTSAI-T---QA, 0.1213, 1
0.340330, -118.9372, 74, POINT, I, VKLTPLCVTLNCTNVTNNITD-------------------------------------DERGEMKN----CSFNI-T-TE--LRD-KK-QKE-YALF-YRLDVVQINENQGNRSNNS------------------------------------------NTEYRLI---NCNTSAI-T---QA, 0.1226, 0
0.334906, -128.3903, 63, POINT, I, VKLTPLCVTLNCTNVTNNITD-------------------------------------DERGEIKN----CSFNM-T-TE--LRD-KK-QKE-YALF-YRLDVVQINENQGNRSNNS------------------------------------------NTEYRLI---NCNTSAI-T---QA, 0.1213, 0
0.336918, -127.2057, [161], CHUNK, ['S'], VKLTPLCVTLNCTNVTNNITD-------------------------------------DERGEMKN----CSFNM-T-TE--LRD-KK-QKE-YALF-YRLDVVQINENQGNRSNNS------------------------------------------NTSYRLI---NCNTSAI-T---QA, 0.1213, 1
0.341685, -126.8442, 109, POINT, N, VKLTPLCVTLNCTNVTNNITD-------------------------------------DERGEMKN----CSFNM-T-TE--LRD-KK-QKE-YALF-YRLDVVQINENNGNRSNNS------------------------------------------NTSYRLI---NCNTSAI-T---QA, 0.1213, 0
0.339261, -125.4915, [18], CHUNK, ['N'], VKLTPLCVTLNCTNVTNNNTD-------------------------------------DERGEMKN----CSFNM-T-TE--LRD-KK-QKE-YALF-YRLDVVQINENQGNRSNNS------------------------------------------NTSYRLI---NCNTSAI-T---QA, 0.1213, 0
0.340264, -127.4177, 58, POINT, N, VKLTPLCVTLNCTNVTNNITD-------------------------------------NERGEMKN----CSFNM-T-TE--LRD-KK-QKE-YALF-YRLDVVQINENQGNRSNNS------------------------------------------NTSYRLI---NCNTSAI-T---QA, 0.1213, 1
0.342672, -127.8764, [20], CHUNK, ['N'], VKLTPLCVTLNCTNVTNNITN-------------------------------------NERGEMKN----CSFNM-T-TE--LRD-KK-QKE-YALF-YRLDVVQINENQGNRSNNS------------------------------------------NTSYRLI---NCNTSAI-T---QA, 0.1213, 0
0.348156, -125.4929, 99, POINT, K, VKLTPLCVTLNCTNVTNNITD-------------------------------------NERGEMKN----CSFNM-T-TE--LRD-KK-QKE-YALF-YKLDVVQINENQGNRSNNS------------------------------------------NTSYRLI---NCNTSAI-T---QA, 0.1213, 1
0.350564, -125.9516, [20], CHUNK, ['N'], VKLTPLCVTLNCTNVTNNITN-------------------------------------NERGEMKN----CSFNM-T-TE--LRD-KK-QKE-YALF-YKLDVVQINENQGNRSNNS------------------------------------------NTSYRLI---NCNTSAI-T---QA, 0.1213, 1
0.352726, -42.4716, 82, POINT, I, VKLTPLCVTLNCTNVTNNITN-------------------------------------NERGEMKN----CSFNM-T-TE--IRD-KK-QKE-YALF-YKLDVVQINENQGNRSNNS------------------------------------------NTSYRLI---NCNTSAI-T---QA, 0.1834, 0
0.355750, -126.7186, 63, POINT, I, VKLTPLCVTLNCTNVTNNITN-------------------------------------NERGEIKN----CSFNM-T-TE--LRD-KK-QKE-YALF-YKLDVVQINENQGNRSNNS------------------------------------------NTSYRLI---NCNTSAI-T---QA, 0.1213, 0
0.357846, -103.9617, [174], CHUNK, ['V'], VKLTPLCVTLNCTNVTNNITN-------------------------------------NERGEMKN----CSFNM-T-TE--LRD-KK-QKE-YALF-YKLDVVQINENQGNRSNNS------------------------------------------NTSYRLI---NCNTSVI-T---QA, 0.5971, 0
0.353138, -125.8487, 59, POINT, N, VKLTPLCVTLNCTNVTNNITN-------------------------------------NNRGEMKN----CSFNM-T-TE--LRD-KK-QKE-YALF-YKLDVVQINENQGNRSNNS------------------------------------------NTSYRLI---NCNTSAI-T---QA, 0.1247, 0
0.352923, -125.1314, [109], CHUNK, ['N'], VKLTPLCVTLNCTNVTNNITD-------------------------------------NERGEMKN----CSFNM-T-TE--LRD-KK-QKE-YALF-YKLDVVQINENNGNRSNNS------------------------------------------NTSYRLI---NCNTSAI-T---QA, 0.1213, 1
0.363358, -119.3859, 74, POINT, I, VKLTPLCVTLNCTNVTNNITD-------------------------------------NERGEMKN----CSFNI-T-TE--LRD-KK-QKE-YALF-YKLDVVQINENNGNRSNNS------------------------------------------NTSYRLI---NCNTSAI-T---QA, 0.1205, 1
0.367997, -120.0047, [104], CHUNK, ['P'], VKLTPLCVTLNCTNVTNNITD-------------------------------------NERGEMKN----CSFNI-T-TE--LRD-KK-QKE-YALF-YKLDVVPINENNGNRSNNS------------------------------------------NTSYRLI---NCNTSAI-T---QA, 0.1375, 0
0.365782, -117.6836, 18, POINT, N, VKLTPLCVTLNCTNVTNNNTD-------------------------------------NERGEMKN----CSFNI-T-TE--LRD-KK-QKE-YALF-YKLDVVQINENNGNRSNNS------------------------------------------NTSYRLI---NCNTSAI-T---QA, 0.1205, 0
0.370640, -103.4800, [174], CHUNK, ['V'], VKLTPLCVTLNCTNVTNNITD-------------------------------------NERGEMKN----CSFNI-T-TE--LRD-KK-QKE-YALF-YKLDVVQINENNGNRSNNS------------------------------------------NTSYRLI---NCNTSVI-T---QA, 0.2193, 0
0.365724, -118.4024, [59], CHUNK, ['T'], VKLTPLCVTLNCTNVTNNITD-------------------------------------NTRGEMKN----CSFNI-T-TE--LRD-KK-QKE-YALF-YKLDVVQINENNGNRSNNS------------------------------------------NTSYRLI---NCNTSAI-T---QA, 0.1224, 0
0.360205, -105.9853, 174, POINT, V, VKLTPLCVTLNCTNVTNNITD-------------------------------------NERGEMKN----CSFNM-T-TE--LRD-KK-QKE-YALF-YKLDVVQINENNGNRSNNS------------------------------------------NTSYRLI---NCNTSVI-T---QA, 0.3017, 0
0.357561, -125.4269, 104, POINT, P, VKLTPLCVTLNCTNVTNNITD-------------------------------------NERGEMKN----CSFNM-T-TE--LRD-KK-QKE-YALF-YKLDVVPINENNGNRSNNS------------------------------------------NTSYRLI---NCNTSAI-T---QA, 0.1196, 0
0.355331, -125.5901, 20, POINT, N, VKLTPLCVTLNCTNVTNNITN-------------------------------------NERGEMKN----CSFNM-T-TE--LRD-KK-QKE-YALF-YKLDVVQINENNGNRSNNS------------------------------------------NTSYRLI---NCNTSAI-T---QA, 0.1213, 0
0.357003, -125.2434, 107, POINT, N, VKLTPLCVTLNCTNVTNNITD-------------------------------------NERGEMKN----CSFNM-T-TE--LRD-KK-QKE-YALF-YKLDVVQINNNNGNRSNNS------------------------------------------NTSYRLI---NCNTSAI-T---QA, 0.1213, 1
0.359166, -23.5121, 82, POINT, I, VKLTPLCVTLNCTNVTNNITD-------------------------------------NERGEMKN----CSFNM-T-TE--IRD-KK-QKE-YALF-YKLDVVQINNNNGNRSNNS------------------------------------------NTSYRLI---NCNTSAI-T---QA, 0.4762, 0
0.364285, -105.5407, 174, POINT, V, VKLTPLCVTLNCTNVTNNITD-------------------------------------NERGEMKN----CSFNM-T-TE--LRD-KK-QKE-YALF-YKLDVVQINNNNGNRSNNS------------------------------------------NTSYRLI---NCNTSVI-T---QA, 0.2912, 0
0.359613, -124.0351, 18, POINT, T, VKLTPLCVTLNCTNVTNNTTD-------------------------------------NERGEMKN----CSFNM-T-TE--LRD-KK-QKE-YALF-YKLDVVQINNNNGNRSNNS------------------------------------------NTSYRLI---NCNTSAI-T---QA, 0.1213, 1
0.360540, -125.0594, [113], CHUNK, ['N'], VKLTPLCVTLNCTNVTNNTTD-------------------------------------NERGEMKN----CSFNM-T-TE--LRD-KK-QKE-YALF-YKLDVVQINNNNGNRNNNS------------------------------------------NTSYRLI---NCNTSAI-T---QA, 0.1213, 1
0.365439, -124.9782, 104, POINT, P, VKLTPLCVTLNCTNVTNNTTD-------------------------------------NERGEMKN----CSFNM-T-TE--LRD-KK-QKE-YALF-YKLDVVPINNNNGNRNNNS------------------------------------------NTSYRLI---NCNTSAI-T---QA, 0.1213, 0
0.363139, -124.6083, [112], CHUNK, ['S'], VKLTPLCVTLNCTNVTNNTTD-------------------------------------NERGEMKN----CSFNM-T-TE--LRD-KK-QKE-YALF-YKLDVVQINNNNGNSNNNS------------------------------------------NTSYRLI---NCNTSAI-T---QA, 0.1213, 1
0.365301, -3.8785, 82, POINT, I, VKLTPLCVTLNCTNVTNNTTD-------------------------------------NERGEMKN----CSFNM-T-TE--IRD-KK-QKE-YALF-YKLDVVQINNNNGNSNNNS------------------------------------------NTSYRLI---NCNTSAI-T---QA, 0.2093, 0
0.364819, -122.0630, [60], CHUNK, ['K'], VKLTPLCVTLNCTNVTNNTTD-------------------------------------NEKGEMKN----CSFNM-T-TE--LRD-KK-QKE-YALF-YKLDVVQINNNNGNSNNNS------------------------------------------NTSYRLI---NCNTSAI-T---QA, 0.1213, 1
0.370450, -122.8300, 63, POINT, I, VKLTPLCVTLNCTNVTNNTTD-------------------------------------NEKGEIKN----CSFNM-T-TE--LRD-KK-QKE-YALF-YKLDVVQINNNNGNSNNNS------------------------------------------NTSYRLI---NCNTSAI-T---QA, 0.1213, 1
0.377733, -104.4399, 174, POINT, V, VKLTPLCVTLNCTNVTNNTTD-------------------------------------NEKGEIKN----CSFNM-T-TE--LRD-KK-QKE-YALF-YKLDVVQINNNNGNSNNNS------------------------------------------NTSYRLI---NCNTSVI-T---QA, 0.2947, 0
0.375095, -108.1626, 74, POINT, V, VKLTPLCVTLNCTNVTNNTTD-------------------------------------NEKGEIKN----CSFNV-T-TE--LRD-KK-QKE-YALF-YKLDVVQINNNNGNSNNNS------------------------------------------NTSYRLI---NCNTSAI-T---QA, 0.3315, 0
0.375364, -123.2094, 104, POINT, P, VKLTPLCVTLNCTNVTNNTTD-------------------------------------NEKGEIKN----CSFNM-T-TE--LRD-KK-QKE-YALF-YKLDVVPINNNNGNSNNNS------------------------------------------NTSYRLI---NCNTSAI-T---QA, 0.1213, 1
0.378707, -120.3983, 20, POINT, T, VKLTPLCVTLNCTNVTNNTTT-------------------------------------NEKGEIKN----CSFNM-T-TE--LRD-KK-QKE-YALF-YKLDVVPINNNNGNSNNNS------------------------------------------NTSYRLI---NCNTSAI-T---QA, 0.1188, 0
0.377527, -2.4468, [82], CHUNK, ['I'], VKLTPLCVTLNCTNVTNNTTD-------------------------------------NEKGEIKN----CSFNM-T-TE--IRD-KK-QKE-YALF-YKLDVVPINNNNGNSNNNS------------------------------------------NTSYRLI---NCNTSAI-T---QA, 0.2359, 0
0.380009, -108.8717, [74], CHUNK, ['V'], VKLTPLCVTLNCTNVTNNTTD-------------------------------------NEKGEIKN----CSFNV-T-TE--LRD-KK-QKE-YALF-YKLDVVPINNNNGNSNNNS------------------------------------------NTSYRLI---NCNTSAI-T---QA, 0.3268, 0
0.375516, -125.4061, [60], CHUNK, ['N'], VKLTPLCVTLNCTNVTNNTTD-------------------------------------NENGEIKN----CSFNM-T-TE--LRD-KK-QKE-YALF-YKLDVVPINNNNGNSNNNS------------------------------------------NTSYRLI---NCNTSAI-T---QA, 0.1213, 0
0.375364, -123.2094, [104], CHUNK, ['P'], VKLTPLCVTLNCTNVTNNTTD-------------------------------------NEKGEIKN----CSFNM-T-TE--LRD-KK-QKE-YALF-YKLDVVPINNNNGNSNNNS------------------------------------------NTSYRLI---NCNTSAI-T---QA, 0.1213, 0
0.373792, -119.7120, [20], CHUNK, ['T'], VKLTPLCVTLNCTNVTNNTTT-------------------------------------NEKGEIKN----CSFNM-T-TE--LRD-KK-QKE-YALF-YKLDVVQINNNNGNSNNNS------------------------------------------NTSYRLI---NCNTSAI-T---QA, 0.1213, 0
0.372619, -120.4029, [174], CHUNK, ['T'], VKLTPLCVTLNCTNVTNNTTD-------------------------------------NEKGEIKN----CSFNM-T-TE--LRD-KK-QKE-YALF-YKLDVVQINNNNGNSNNNS------------------------------------------NTSYRLI---NCNTSTI-T---QA, 0.1213, 1
0.374782, -62.5203, 82, POINT, I, VKLTPLCVTLNCTNVTNNTTD-------------------------------------NEKGEIKN----CSFNM-T-TE--IRD-KK-QKE-YALF-YKLDVVQINNNNGNSNNNS------------------------------------------NTSYRLI---NCNTSTI-T---QA, 0.3165, 0
0.377264, -114.2158, [74], CHUNK, ['V'], VKLTPLCVTLNCTNVTNNTTD-------------------------------------NEKGEIKN----CSFNV-T-TE--LRD-KK-QKE-YALF-YKLDVVQINNNNGNSNNNS------------------------------------------NTSYRLI---NCNTSTI-T---QA, 0.2945, 0
0.376162, -120.8517, [110], CHUNK, ['S'], VKLTPLCVTLNCTNVTNNTTD-------------------------------------NEKGEIKN----CSFNM-T-TE--LRD-KK-QKE-YALF-YKLDVVQINNNNSNSNNNS------------------------------------------NTSYRLI---NCNTSTI-T---QA, 0.1217, 1
0.380806, -112.5169, 74, POINT, V, VKLTPLCVTLNCTNVTNNTTD-------------------------------------NEKGEIKN----CSFNV-T-TE--LRD-KK-QKE-YALF-YKLDVVQINNNNSNSNNNS------------------------------------------NTSYRLI---NCNTSTI-T---QA, 0.4345, 0
0.377509, -117.9482, [60], CHUNK, ['T'], VKLTPLCVTLNCTNVTNNTTD-------------------------------------NETGEIKN----CSFNM-T-TE--LRD-KK-QKE-YALF-YKLDVVQINNNNSNSNNNS------------------------------------------NTSYRLI---NCNTSTI-T---QA, 0.1217, 0
0.381276, -105.5195, 174, POINT, V, VKLTPLCVTLNCTNVTNNTTD-------------------------------------NEKGEIKN----CSFNM-T-TE--LRD-KK-QKE-YALF-YKLDVVQINNNNSNSNNNS------------------------------------------NTSYRLI---NCNTSVI-T---QA, 0.3379, 0
0.381198, -121.2321, 104, POINT, P, VKLTPLCVTLNCTNVTNNTTD-------------------------------------NEKGEIKN----CSFNM-T-TE--LRD-KK-QKE-YALF-YKLDVVPINNNNSNSNNNS------------------------------------------NTSYRLI---NCNTSTI-T---QA, 0.1217, 0
0.378317, -120.6850, [110], CHUNK, ['T'], VKLTPLCVTLNCTNVTNNTTD-------------------------------------NEKGEIKN----CSFNM-T-TE--LRD-KK-QKE-YALF-YKLDVVQINNNNTNSNNNS------------------------------------------NTSYRLI---NCNTSTI-T---QA, 0.1213, 0
0.374782, -42.4298, [82], CHUNK, ['I'], VKLTPLCVTLNCTNVTNNTTD-------------------------------------NEKGEIKN----CSFNM-T-TE--IRD-KK-QKE-YALF-YKLDVVQINNNNGNSNNNS------------------------------------------NTSYRLI---NCNTSTI-T---QA, 0.4873, 0
0.372879, -119.1551, [111], CHUNK, ['T'], VKLTPLCVTLNCTNVTNNTTD-------------------------------------NEKGEIKN----CSFNM-T-TE--LRD-KK-QKE-YALF-YKLDVVQINNNNGTSNNNS------------------------------------------NTSYRLI---NCNTSTI-T---QA, 0.1213, 1
0.376951, -116.3403, 74, POINT, T, VKLTPLCVTLNCTNVTNNTTD-------------------------------------NEKGEIKN----CSFNT-T-TE--LRD-KK-QKE-YALF-YKLDVVQINNNNGTSNNNS------------------------------------------NTSYRLI---NCNTSTI-T---QA, 0.0995, 0
0.374226, -116.2754, 60, POINT, T, VKLTPLCVTLNCTNVTNNTTD-------------------------------------NETGEIKN----CSFNM-T-TE--LRD-KK-QKE-YALF-YKLDVVQINNNNGTSNNNS------------------------------------------NTSYRLI---NCNTSTI-T---QA, 0.1213, 0
0.377804, -119.5851, 104, POINT, P, VKLTPLCVTLNCTNVTNNTTD-------------------------------------NEKGEIKN----CSFNM-T-TE--LRD-KK-QKE-YALF-YKLDVVPINNNNGTSNNNS------------------------------------------NTSYRLI---NCNTSTI-T---QA, 0.1185, 0
0.384272, -110.1377, [74], CHUNK, ['I'], VKLTPLCVTLNCTNVTNNTTD-------------------------------------NEKGEIKN----CSFNI-T-TE--LRD-KK-QKE-YALF-YKLDVVQINNNNGTSNNNS------------------------------------------NTSYRLI---NCNTSTI-T---QA, 0.2540, 0
0.372901, -119.8772, [87], CHUNK, ['V'], VKLTPLCVTLNCTNVTNNTTD-------------------------------------NEKGEIKN----CSFNM-T-TE--LRD-KV-QKE-YALF-YKLDVVQINNNNGNSNNNS------------------------------------------NTSYRLI---NCNTSTI-T---QA, 0.1213, 0
0.377534, -121.0500, 104, POINT, P, VKLTPLCVTLNCTNVTNNTTD-------------------------------------NEKGEIKN----CSFNM-T-TE--LRD-KK-QKE-YALF-YKLDVVPINNNNGNSNNNS------------------------------------------NTSYRLI---NCNTSTI-T---QA, 0.1188, 0
0.372901, -120.1585, 87, POINT, V, VKLTPLCVTLNCTNVTNNTTD-------------------------------------NEKGEIKN----CSFNM-T-TE--LRD-KV-QKE-YALF-YKLDVVQINNNNGNSNNNS------------------------------------------NTSYRLI---NCNTSTI-T---QA, 0.1244, 0
0.374825, -121.5984, [112], CHUNK, ['N'], VKLTPLCVTLNCTNVTNNTTD-------------------------------------NEKGEIKN----CSFNM-T-TE--LRD-KK-QKE-YALF-YKLDVVQINNNNGNNNNNS------------------------------------------NTSYRLI---NCNTSTI-T---QA, 0.1213, 1
0.377975, -122.0663, [20], CHUNK, ['N'], VKLTPLCVTLNCTNVTNNTTN-------------------------------------NEKGEIKN----CSFNM-T-TE--LRD-KK-QKE-YALF-YKLDVVQINNNNGNNNNNS------------------------------------------NTSYRLI---NCNTSTI-T---QA, 0.1213, 0
0.378167, -118.9276, 20, POINT, T, VKLTPLCVTLNCTNVTNNTTT-------------------------------------NEKGEIKN----CSFNM-T-TE--LRD-KK-QKE-YALF-YKLDVVQINNNNGNNNNNS------------------------------------------NTSYRLI---NCNTSTI-T---QA, 0.1168, 1
0.382239, -115.7462, 74, POINT, T, VKLTPLCVTLNCTNVTNNTTT-------------------------------------NEKGEIKN----CSFNT-T-TE--LRD-KK-QKE-YALF-YKLDVVQINNNNGNNNNNS------------------------------------------NTSYRLI---NCNTSTI-T---QA, 0.1168, 0
0.370300, -117.1454, 91, RANDOM, N, VKLTPLCVTLNCTNVTNNTTT-------------------------------------NEKGEIKN----CSFNM-T-TE--LRD-KK-QKN-YALF-YKLDVVQINNNNGNNNNNS------------------------------------------NTSYRLI---NCNTSTI-T---QA, 0.1168, 0
0.379008, -118.4068, 18, POINT, N, VKLTPLCVTLNCTNVTNNNTT-------------------------------------NEKGEIKN----CSFNM-T-TE--LRD-KK-QKE-YALF-YKLDVVQINNNNGNNNNNS------------------------------------------NTSYRLI---NCNTSTI-T---QA, 0.1168, 0
0.380330, -3.9659, 82, POINT, I, VKLTPLCVTLNCTNVTNNTTT-------------------------------------NEKGEIKN----CSFNM-T-TE--IRD-KK-QKE-YALF-YKLDVVQINNNNGNNNNNS------------------------------------------NTSYRLI---NCNTSTI-T---QA, 0.2548, 0
0.376573, -121.0504, [116], CHUNK, ['T'], VKLTPLCVTLNCTNVTNNTTD-------------------------------------NEKGEIKN----CSFNM-T-TE--LRD-KK-QKE-YALF-YKLDVVQINNNNGNNNNNT------------------------------------------NTSYRLI---NCNTSTI-T---QA, 0.1213, 0
0.379469, -111.4127, [74], CHUNK, ['V'], VKLTPLCVTLNCTNVTNNTTD-------------------------------------NEKGEIKN----CSFNV-T-TE--LRD-KK-QKE-YALF-YKLDVVQINNNNGNNNNNS------------------------------------------NTSYRLI---NCNTSTI-T---QA, 0.2166, 0
0.375106, -121.0727, 87, POINT, V, VKLTPLCVTLNCTNVTNNTTD-------------------------------------NEKGEIKN----CSFNM-T-TE--LRD-KV-QKE-YALF-YKLDVVQINNNNGNNNNNS------------------------------------------NTSYRLI---NCNTSTI-T---QA, 0.1213, 1
0.379125, -118.4753, 74, POINT, T, VKLTPLCVTLNCTNVTNNTTD-------------------------------------NEKGEIKN----CSFNT-T-TE--LRD-KV-QKE-YALF-YKLDVVQINNNNGNNNNNS------------------------------------------NTSYRLI---NCNTSTI-T---QA, 0.1077, 0
0.378288, -33.9893, [82], CHUNK, ['I'], VKLTPLCVTLNCTNVTNNTTD-------------------------------------NEKGEIKN----CSFNM-T-TE--IRD-KV-QKE-YALF-YKLDVVQINNNNGNNNNNS------------------------------------------NTSYRLI---NCNTSTI-T---QA, 0.3208, 0
0.386552, -115.4573, [74], CHUNK, ['I'], VKLTPLCVTLNCTNVTNNTTD-------------------------------------NEKGEIKN----CSFNI-T-TE--LRD-KV-QKE-YALF-YKLDVVQINNNNGNNNNNS------------------------------------------NTSYRLI---NCNTSTI-T---QA, 0.1773, 0
0.375320, -119.8180, 114, POINT, T, VKLTPLCVTLNCTNVTNNTTD-------------------------------------NEKGEIKN----CSFNM-T-TE--LRD-KV-QKE-YALF-YKLDVVQINNNNGNNNTNS------------------------------------------NTSYRLI---NCNTSTI-T---QA, 0.1213, 1
0.377136, -119.2791, [116], CHUNK, ['T'], VKLTPLCVTLNCTNVTNNTTD-------------------------------------NEKGEIKN----CSFNM-T-TE--LRD-KV-QKE-YALF-YKLDVVQINNNNGNNNTNT------------------------------------------NTSYRLI---NCNTSTI-T---QA, 0.1212, 0
0.378503, -7.4722, [82], CHUNK, ['I'], VKLTPLCVTLNCTNVTNNTTD-------------------------------------NEKGEIKN----CSFNM-T-TE--IRD-KV-QKE-YALF-YKLDVVQINNNNGNNNTNS------------------------------------------NTSYRLI---NCNTSTI-T---QA, 0.2532, 0
0.386766, -111.9807, [74], CHUNK, ['I'], VKLTPLCVTLNCTNVTNNTTD-------------------------------------NEKGEIKN----CSFNI-T-TE--LRD-KV-QKE-YALF-YKLDVVQINNNNGNNNTNS------------------------------------------NTSYRLI---NCNTSTI-T---QA, 0.2559, 0
0.378503, -36.9308, [82], CHUNK, ['I'], VKLTPLCVTLNCTNVTNNTTD-------------------------------------NEKGEIKN----CSFNM-T-TE--IRD-KV-QKE-YALF-YKLDVVQINNNNGNNNTNS------------------------------------------NTSYRLI---NCNTSTI-T---QA, 0.3018, 0
0.378288, -21.1982, 82, POINT, I, VKLTPLCVTLNCTNVTNNTTD-------------------------------------NEKGEIKN----CSFNM-T-TE--IRD-KV-QKE-YALF-YKLDVVQINNNNGNNNNNS------------------------------------------NTSYRLI---NCNTSTI-T---QA, 0.3069, 0
0.379773, -112.6126, [74], CHUNK, ['V'], VKLTPLCVTLNCTNVTNNTTD-------------------------------------NEKGEIKN----CSFNV-T-TE--LRD-KV-QKE-YALF-YKLDVVQINNNNGNNNNNS------------------------------------------NTSYRLI---NCNTSTI-T---QA, 0.2929, 1
0.363579, -114.5464, 72, RANDOM, L, VKLTPLCVTLNCTNVTNNTTD-------------------------------------NEKGEIKN----CSLNV-T-TE--LRD-KV-QKE-YALF-YKLDVVQINNNNGNNNNNS------------------------------------------NTSYRLI---NCNTSTI-T---QA, 0.3322, 0
0.384685, -116.0619, [104], CHUNK, ['P'], VKLTPLCVTLNCTNVTNNTTD-------------------------------------NEKGEIKN----CSFNV-T-TE--LRD-KV-QKE-YALF-YKLDVVPINNNNGNNNNNS------------------------------------------NTSYRLI---NCNTSTI-T---QA, 0.3232, 0
0.384887, -99.4405, 174, POINT, V, VKLTPLCVTLNCTNVTNNTTD-------------------------------------NEKGEIKN----CSFNV-T-TE--LRD-KV-QKE-YALF-YKLDVVQINNNNGNNNNNS------------------------------------------NTSYRLI---NCNTSVI-T---QA, 0.4490, 0
0.380359, -115.7040, 79, POINT, N, VKLTPLCVTLNCTNVTNNTTD-------------------------------------NEKGEIKN----CSFNV-T-TN--LRD-KV-QKE-YALF-YKLDVVQINNNNGNNNNNS------------------------------------------NTSYRLI---NCNTSTI-T---QA, 0.2630, 0
0.378448, -118.5448, [20], CHUNK, ['T'], VKLTPLCVTLNCTNVTNNTTT-------------------------------------NEKGEIKN----CSFNM-T-TE--LRD-KV-QKE-YALF-YKLDVVQINNNNGNNNNNS------------------------------------------NTSYRLI---NCNTSTI-T---QA, 0.1185, 0
0.380017, -121.4483, [104], CHUNK, ['P'], VKLTPLCVTLNCTNVTNNTTD-------------------------------------NEKGEIKN----CSFNM-T-TE--LRD-KV-QKE-YALF-YKLDVVPINNNNGNNNNNS------------------------------------------NTSYRLI---NCNTSTI-T---QA, 0.1213, 0
0.378448, -118.1022, 20, POINT, T, VKLTPLCVTLNCTNVTNNTTT-------------------------------------NEKGEIKN----CSFNM-T-TE--LRD-KV-QKE-YALF-YKLDVVQINNNNGNNNNNS------------------------------------------NTSYRLI---NCNTSTI-T---QA, 0.1256, 1
0.379093, -117.2901, [104], CHUNK, ['S'], VKLTPLCVTLNCTNVTNNTTT-------------------------------------NEKGEIKN----CSFNM-T-TE--LRD-KV-QKE-YALF-YKLDVVSINNNNGNNNNNS------------------------------------------NTSYRLI---NCNTSTI-T---QA, 0.1256, 0
0.383359, -118.4760, 104, POINT, P, VKLTPLCVTLNCTNVTNNTTT-------------------------------------NEKGEIKN----CSFNM-T-TE--LRD-KV-QKE-YALF-YKLDVVPINNNNGNNNNNS------------------------------------------NTSYRLI---NCNTSTI-T---QA, 0.1256, 0
0.389894, -110.6843, [74], CHUNK, ['I'], VKLTPLCVTLNCTNVTNNTTT-------------------------------------NEKGEIKN----CSFNI-T-TE--LRD-KV-QKE-YALF-YKLDVVQINNNNGNNNNNS------------------------------------------NTSYRLI---NCNTSTI-T---QA, 0.1233, 0
0.370064, -117.5613, 177, RANDOM, E, VKLTPLCVTLNCTNVTNNTTT-------------------------------------NEKGEIKN----CSFNM-T-TE--LRD-KV-QKE-YALF-YKLDVVQINNNNGNNNNNS------------------------------------------NTSYRLI---NCNTSTI-E---QA, 0.1185, 1
0.374976, -117.9351, [104], CHUNK, ['P'], VKLTPLCVTLNCTNVTNNTTT-------------------------------------NEKGEIKN----CSFNM-T-TE--LRD-KV-QKE-YALF-YKLDVVPINNNNGNNNNNS------------------------------------------NTSYRLI---NCNTSTI-E---QA, 0.1185, 1
0.377753, -102.1188, 174, POINT, V, VKLTPLCVTLNCTNVTNNTTT-------------------------------------NEKGEIKN----CSFNM-T-TE--LRD-KV-QKE-YALF-YKLDVVPINNNNGNNNNNS------------------------------------------NTSYRLI---NCNTSVI-E---QA, 0.3224, 0
0.383359, -118.7090, 177, POINT, T, VKLTPLCVTLNCTNVTNNTTT-------------------------------------NEKGEIKN----CSFNM-T-TE--LRD-KV-QKE-YALF-YKLDVVPINNNNGNNNNNS------------------------------------------NTSYRLI---NCNTSTI-T---QA, 0.1132, 1
0.388473, -110.6472, [174], CHUNK, ['V'], VKLTPLCVTLNCTNVTNNTTT-------------------------------------NEKGEIKN----CSFNM-T-TE--LRD-KV-QKE-YALF-YKLDVVPINNNNGNNNNNS------------------------------------------NTSYRLI---NCNTSVI-T---QA, 0.6084, 0
0.388473, -96.5085, [174], CHUNK, ['V'], VKLTPLCVTLNCTNVTNNTTT-------------------------------------NEKGEIKN----CSFNM-T-TE--LRD-KV-QKE-YALF-YKLDVVPINNNNGNNNNNS------------------------------------------NTSYRLI---NCNTSVI-T---QA, 0.3856, 0
0.388027, -103.9533, [74], CHUNK, ['V'], VKLTPLCVTLNCTNVTNNTTT-------------------------------------NEKGEIKN----CSFNV-T-TE--LRD-KV-QKE-YALF-YKLDVVPINNNNGNNNNNS------------------------------------------NTSYRLI---NCNTSTI-T---QA, 0.3608, 0
0.394805, -106.9954, [74], CHUNK, ['I'], VKLTPLCVTLNCTNVTNNTTT-------------------------------------NEKGEIKN----CSFNI-T-TE--LRD-KV-QKE-YALF-YKLDVVPINNNNGNNNNNS------------------------------------------NTSYRLI---NCNTSTI-T---QA, 0.1700, 0
0.383359, -119.1704, [177], CHUNK, ['T'], VKLTPLCVTLNCTNVTNNTTT-------------------------------------NEKGEIKN----CSFNM-T-TE--LRD-KV-QKE-YALF-YKLDVVPINNNNGNNNNNS------------------------------------------NTSYRLI---NCNTSTI-T---QA, 0.1288, 0
0.375431, -117.8040, [177], CHUNK, ['K'], VKLTPLCVTLNCTNVTNNTTT-------------------------------------NEKGEIKN----CSFNM-T-TE--LRD-KV-QKE-YALF-YKLDVVPINNNNGNNNNNS------------------------------------------NTSYRLI---NCNTSTI-K---QA, 0.1185, 0
0.378864, -118.4182, [110], CHUNK, ['S'], VKLTPLCVTLNCTNVTNNTTT-------------------------------------NEKGEIKN----CSFNM-T-TE--LRD-KV-QKE-YALF-YKLDVVPINNNNSNNNNNS------------------------------------------NTSYRLI---NCNTSTI-E---QA, 0.1201, 1
0.381641, -102.4053, [174], CHUNK, ['V'], VKLTPLCVTLNCTNVTNNTTT-------------------------------------NEKGEIKN----CSFNM-T-TE--LRD-KV-QKE-YALF-YKLDVVPINNNNSNNNNNS------------------------------------------NTSYRLI---NCNTSVI-E---QA, 0.4088, 0
0.379117, -120.4122, 60, POINT, N, VKLTPLCVTLNCTNVTNNTTT-------------------------------------NENGEIKN----CSFNM-T-TE--LRD-KV-QKE-YALF-YKLDVVPINNNNSNNNNNS------------------------------------------NTSYRLI---NCNTSTI-E---QA, 0.1333, 0
0.381641, -98.8962, [174], CHUNK, ['V'], VKLTPLCVTLNCTNVTNNTTT-------------------------------------NEKGEIKN----CSFNM-T-TE--LRD-KV-QKE-YALF-YKLDVVPINNNNSNNNNNS------------------------------------------NTSYRLI---NCNTSVI-E---QA, 0.3340, 0
0.381151, -118.3247, [110], CHUNK, ['T'], VKLTPLCVTLNCTNVTNNTTT-------------------------------------NEKGEIKN----CSFNM-T-TE--LRD-KV-QKE-YALF-YKLDVVPINNNNTNNNNNS------------------------------------------NTSYRLI---NCNTSTI-E---QA, 0.1201, 0
0.378158, 1.0637, [82], CHUNK, ['I'], VKLTPLCVTLNCTNVTNNTTT-------------------------------------NEKGEIKN----CSFNM-T-TE--IRD-KV-QKE-YALF-YKLDVVPINNNNGNNNNNS------------------------------------------NTSYRLI---NCNTSTI-E---QA, 0.1789, 0
0.383359, -118.6197, [177], CHUNK, ['T'], VKLTPLCVTLNCTNVTNNTTT-------------------------------------NEKGEIKN----CSFNM-T-TE--LRD-KV-QKE-YALF-YKLDVVPINNNNGNNNNNS------------------------------------------NTSYRLI---NCNTSTI-T---QA, 0.1185, 1
0.383635, -118.5300, [106], CHUNK, ['D'], VKLTPLCVTLNCTNVTNNTTT-------------------------------------NEKGEIKN----CSFNM-T-TE--LRD-KV-QKE-YALF-YKLDVVPIDNNNGNNNNNS------------------------------------------NTSYRLI---NCNTSTI-T---QA, 0.1185, 0
0.394805, -110.7951, 74, POINT, I, VKLTPLCVTLNCTNVTNNTTT-------------------------------------NEKGEIKN----CSFNI-T-TE--LRD-KV-QKE-YALF-YKLDVVPINNNNGNNNNNS------------------------------------------NTSYRLI---NCNTSTI-T---QA, 0.1227, 0
0.383635, -118.5300, [106], CHUNK, ['D'], VKLTPLCVTLNCTNVTNNTTT-------------------------------------NEKGEIKN----CSFNM-T-TE--LRD-KV-QKE-YALF-YKLDVVPIDNNNGNNNNNS------------------------------------------NTSYRLI---NCNTSTI-T---QA, 0.1185, 1
0.386046, -116.5210, 14, POINT, N, VKLTPLCVTLNCTNNTNNTTT-------------------------------------NEKGEIKN----CSFNM-T-TE--LRD-KV-QKE-YALF-YKLDVVPIDNNNGNNNNNS------------------------------------------NTSYRLI---NCNTSTI-T---QA, 0.1185, 0
0.363520, -119.5204, 172, RANDOM, M, VKLTPLCVTLNCTNVTNNTTT-------------------------------------NEKGEIKN----CSFNM-T-TE--LRD-KV-QKE-YALF-YKLDVVPIDNNNGNNNNNS------------------------------------------NTSYRLI---NCNMSTI-T---QA, 0.1185, 0
0.395080, -112.0701, [74], CHUNK, ['I'], VKLTPLCVTLNCTNVTNNTTT-------------------------------------NEKGEIKN----CSFNI-T-TE--LRD-KV-QKE-YALF-YKLDVVPIDNNNGNNNNNS------------------------------------------NTSYRLI---NCNTSTI-T---QA, 0.1609, 0
0.387654, -115.3506, 74, POINT, T, VKLTPLCVTLNCTNVTNNTTT-------------------------------------NEKGEIKN----CSFNT-T-TE--LRD-KV-QKE-YALF-YKLDVVPIDNNNGNNNNNS------------------------------------------NTSYRLI---NCNTSTI-T---QA, 0.1185, 0
0.388435, -120.2341, [110], CHUNK, ['N'], VKLTPLCVTLNCTNVTNNTTT-------------------------------------NEKGEIKN----CSFNM-T-TE--LRD-KV-QKE-YALF-YKLDVVPINNNNNNNNNNS------------------------------------------NTSYRLI---NCNTSTI-T---QA, 0.1220, 1
0.393549, -104.2501, 174, POINT, V, VKLTPLCVTLNCTNVTNNTTT-------------------------------------NEKGEIKN----CSFNM-T-TE--LRD-KV-QKE-YALF-YKLDVVPINNNNNNNNNNS------------------------------------------NTSYRLI---NCNTSVI-T---QA, 0.3114, 0
0.388538, -120.0980, 106, POINT, D, VKLTPLCVTLNCTNVTNNTTT-------------------------------------NEKGEIKN----CSFNM-T-TE--LRD-KV-QKE-YALF-YKLDVVPIDNNNNNNNNNS------------------------------------------NTSYRLI---NCNTSTI-T---QA, 0.1220, 0
0.379690, -120.1686, 90, RANDOM, T, VKLTPLCVTLNCTNVTNNTTT-------------------------------------NEKGEIKN----CSFNM-T-TE--LRD-KV-QTE-YALF-YKLDVVPINNNNNNNNNNS------------------------------------------NTSYRLI---NCNTSTI-T---QA, 0.1220, 1
0.381328, -117.5120, 60, POINT, T, VKLTPLCVTLNCTNVTNNTTT-------------------------------------NETGEIKN----CSFNM-T-TE--LRD-KV-QTE-YALF-YKLDVVPINNNNNNNNNNS------------------------------------------NTSYRLI---NCNTSTI-T---QA, 0.1220, 0
0.379757, -119.9794, 89, POINT, K, VKLTPLCVTLNCTNVTNNTTT-------------------------------------NEKGEIKN----CSFNM-T-TE--LRD-KV-KTE-YALF-YKLDVVPINNNNNNNNNNS------------------------------------------NTSYRLI---NCNTSTI-T---QA, 0.1220, 0
0.379793, -120.0325, [106], CHUNK, ['D'], VKLTPLCVTLNCTNVTNNTTT-------------------------------------NEKGEIKN----CSFNM-T-TE--LRD-KV-QTE-YALF-YKLDVVPIDNNNNNNNNNS------------------------------------------NTSYRLI---NCNTSTI-T---QA, 0.1220, 0
0.379896, -119.5821, 59, POINT, S, VKLTPLCVTLNCTNVTNNTTT-------------------------------------NSKGEIKN----CSFNM-T-TE--LRD-KV-QTE-YALF-YKLDVVPINNNNNNNNNNS------------------------------------------NTSYRLI---NCNTSTI-T---QA, 0.1413, 1
0.388641, -119.5379, [90], CHUNK, ['K'], VKLTPLCVTLNCTNVTNNTTT-------------------------------------NSKGEIKN----CSFNM-T-TE--LRD-KV-QKE-YALF-YKLDVVPINNNNNNNNNNS------------------------------------------NTSYRLI---NCNTSTI-T---QA, 0.1413, 1
0.389371, -122.7464, 20, POINT, N, VKLTPLCVTLNCTNVTNNTTN-------------------------------------NSKGEIKN----CSFNM-T-TE--LRD-KV-QKE-YALF-YKLDVVPINNNNNNNNNNS------------------------------------------NTSYRLI---NCNTSTI-T---QA, 0.1413, 0
0.390716, -118.6917, [116], CHUNK, ['N'], VKLTPLCVTLNCTNVTNNTTT-------------------------------------NSKGEIKN----CSFNM-T-TE--LRD-KV-QKE-YALF-YKLDVVPINNNNNNNNNNN------------------------------------------NTSYRLI---NCNTSTI-T---QA, 0.1347, 0
0.393754, -100.6601, 174, POINT, V, VKLTPLCVTLNCTNVTNNTTT-------------------------------------NSKGEIKN----CSFNM-T-TE--LRD-KV-QKE-YALF-YKLDVVPINNNNNNNNNNS------------------------------------------NTSYRLI---NCNTSVI-T---QA, 0.4001, 0
0.389556, -118.0898, 18, POINT, N, VKLTPLCVTLNCTNVTNNNTT-------------------------------------NSKGEIKN----CSFNM-T-TE--LRD-KV-QKE-YALF-YKLDVVPINNNNNNNNNNS------------------------------------------NTSYRLI---NCNTSTI-T---QA, 0.1397, 1
0.392738, -6.3444, 82, POINT, I, VKLTPLCVTLNCTNVTNNNTT-------------------------------------NSKGEIKN----CSFNM-T-TE--IRD-KV-QKE-YALF-YKLDVVPINNNNNNNNNNS------------------------------------------NTSYRLI---NCNTSTI-T---QA, 0.1414, 0
0.401002, -108.5925, [74], CHUNK, ['I'], VKLTPLCVTLNCTNVTNNNTT-------------------------------------NSKGEIKN----CSFNI-T-TE--LRD-KV-QKE-YALF-YKLDVVPINNNNNNNNNNS------------------------------------------NTSYRLI---NCNTSTI-T---QA, 0.3216, 0
0.390655, -117.4593, 110, POINT, T, VKLTPLCVTLNCTNVTNNNTT-------------------------------------NSKGEIKN----CSFNM-T-TE--LRD-KV-QKE-YALF-YKLDVVPINNNNTNNNNNS------------------------------------------NTSYRLI---NCNTSTI-T---QA, 0.1564, 0
0.394669, -99.7465, 174, POINT, V, VKLTPLCVTLNCTNVTNNNTT-------------------------------------NSKGEIKN----CSFNM-T-TE--LRD-KV-QKE-YALF-YKLDVVPINNNNNNNNNNS------------------------------------------NTSYRLI---NCNTSVI-T---QA, 0.4460, 0
0.391823, -37.3132, [82], CHUNK, ['I'], VKLTPLCVTLNCTNVTNNTTT-------------------------------------NSKGEIKN----CSFNM-T-TE--IRD-KV-QKE-YALF-YKLDVVPINNNNNNNNNNS------------------------------------------NTSYRLI---NCNTSTI-T---QA, 0.4031, 0
0.391823, -17.2869, [82], CHUNK, ['I'], VKLTPLCVTLNCTNVTNNTTT-------------------------------------NSKGEIKN----CSFNM-T-TE--IRD-KV-QKE-YALF-YKLDVVPINNNNNNNNNNS------------------------------------------NTSYRLI---NCNTSTI-T---QA, 0.2210, 0
0.389611, -118.1201, [111], CHUNK, ['T'], VKLTPLCVTLNCTNVTNNTTT-------------------------------------NSKGEIKN----CSFNM-T-TE--LRD-KV-QKE-YALF-YKLDVVPINNNNNTNNNNS------------------------------------------NTSYRLI---NCNTSTI-T---QA, 0.1413, 0
0.391823, -4.0944, 82, POINT, I, VKLTPLCVTLNCTNVTNNTTT-------------------------------------NSKGEIKN----CSFNM-T-TE--IRD-KV-QKE-YALF-YKLDVVPINNNNNNNNNNS------------------------------------------NTSYRLI---NCNTSTI-T---QA, 0.2249, 0
0.388641, -119.5379, 90, POINT, K, VKLTPLCVTLNCTNVTNNTTT-------------------------------------NSKGEIKN----CSFNM-T-TE--LRD-KV-QKE-YALF-YKLDVVPINNNNNNNNNNS------------------------------------------NTSYRLI---NCNTSTI-T---QA, 0.1413, 0
0.380296, -119.7837, 87, POINT, K, VKLTPLCVTLNCTNVTNNTTT-------------------------------------NSKGEIKN----CSFNM-T-TE--LRD-KK-QTE-YALF-YKLDVVPINNNNNNNNNNS------------------------------------------NTSYRLI---NCNTSTI-T---QA, 0.1413, 0
0.381557, -118.9444, [59], CHUNK, ['N'], VKLTPLCVTLNCTNVTNNTTT-------------------------------------NNKGEIKN----CSFNM-T-TE--LRD-KV-QTE-YALF-YKLDVVPINNNNNNNNNNS------------------------------------------NTSYRLI---NCNTSTI-T---QA, 0.1413, 0
0.379962, -119.3916, 89, POINT, K, VKLTPLCVTLNCTNVTNNTTT-------------------------------------NSKGEIKN----CSFNM-T-TE--LRD-KV-KTE-YALF-YKLDVVPINNNNNNNNNNS------------------------------------------NTSYRLI---NCNTSTI-T---QA, 0.1413, 0
0.379793, -120.0325, [106], CHUNK, ['D'], VKLTPLCVTLNCTNVTNNTTT-------------------------------------NEKGEIKN----CSFNM-T-TE--LRD-KV-QTE-YALF-YKLDVVPIDNNNNNNNNNS------------------------------------------NTSYRLI---NCNTSTI-T---QA, 0.1220, 0
0.388435, -120.2135, [90], CHUNK, ['K'], VKLTPLCVTLNCTNVTNNTTT-------------------------------------NEKGEIKN----CSFNM-T-TE--LRD-KV-QKE-YALF-YKLDVVPINNNNNNNNNNS------------------------------------------NTSYRLI---NCNTSTI-T---QA, 0.1220, 0
0.388435, -120.2135, 90, POINT, K, VKLTPLCVTLNCTNVTNNTTT-------------------------------------NEKGEIKN----CSFNM-T-TE--LRD-KV-QKE-YALF-YKLDVVPINNNNNNNNNNS------------------------------------------NTSYRLI---NCNTSTI-T---QA, 0.1220, 0
0.388435, -120.2215, 90, POINT, K, VKLTPLCVTLNCTNVTNNTTT-------------------------------------NEKGEIKN----CSFNM-T-TE--LRD-KV-QKE-YALF-YKLDVVPINNNNNNNNNNS------------------------------------------NTSYRLI---NCNTSTI-T---QA, 0.1203, 0
0.389277, -119.5936, [18], CHUNK, ['N'], VKLTPLCVTLNCTNVTNNNTT-------------------------------------NEKGEIKN----CSFNM-T-TE--LRD-KV-QKE-YALF-YKLDVVPINNNNNNNNNNS------------------------------------------NTSYRLI---NCNTSTI-T---QA, 0.1220, 0
0.399881, -111.8589, 74, POINT, I, VKLTPLCVTLNCTNVTNNTTT-------------------------------------NEKGEIKN----CSFNI-T-TE--LRD-KV-QKE-YALF-YKLDVVPINNNNNNNNNNS------------------------------------------NTSYRLI---NCNTSTI-T---QA, 0.2487, 0
0.391618, -6.5011, 82, POINT, I, VKLTPLCVTLNCTNVTNNTTT-------------------------------------NEKGEIKN----CSFNM-T-TE--IRD-KV-QKE-YALF-YKLDVVPINNNNNNNNNNS------------------------------------------NTSYRLI---NCNTSTI-T---QA, 0.1737, 0
0.391618, -40.0224, [82], CHUNK, ['I'], VKLTPLCVTLNCTNVTNNTTT-------------------------------------NEKGEIKN----CSFNM-T-TE--IRD-KV-QKE-YALF-YKLDVVPINNNNNNNNNNS------------------------------------------NTSYRLI---NCNTSTI-T---QA, 0.2119, 0
