Name base = V1V2_200_sq_9_3_i
Iters = 200
Soft coverage = 1.31203964383
Energy = -129.276148334
Hard Covereage = 0.0368019545157
Num epitopes = 65
Initial seq = VKLTPLCVTLQCTNVTNNITD-------------------------------------DMRGELKN----CSFNM-T-TE--LRD-KK-QKV-YSLF-YRLDVVQINENQGNRSNNS------------------------------------------NKEYRLI---NCNTSAI-T---QA
-------START OF DATA------
1.354976, -128.3888, [160, 161], CHUNK, ['T', 'S'], VKLTPLCVTLQCTNVTNNITD-------------------------------------DMRGELKN----CSFNM-T-TE--LRD-KK-QKV-YSLF-YRLDVVQINENQGNRSNNS------------------------------------------NTSYRLI---NCNTSAI-T---QA, 0.0000, 1
1.344690, -84.1072, 120, POINT, T, VKLTPLCVTLQCTNVTNNITD-------------------------------------DMRGELKN----CSFNM-T-TE--LRD-KK-QKV-YSLF-YRLDVVQINENQGNRSNNT---E--------------------------------------STSYRLI---NCNTSAI-T---QA, 1.6313, 0
1.389186, -121.4752, [3, 10], CHUNK, ['I', 'N'], VKLIPLCVTLNCTNVTNNITD-------------------------------------DMRGELKN----CSFNM-T-TE--LRD-KK-QKV-YSLF-YRLDVVQINENQGNRSNNS------------------------------------------NTSYRLI---NCNTSAI-T---QA, 0.0277, 1
1.394015, 2554.7394, 134, POINT, T, VKLIPLCVTLNCTNVTNNITD-------------------------------------DMRGELKN----CSFNM-T-TE--LRD-KK-QKV-YSLF-YRLDVVQINENQGNRSNNS-----------------V------------------------NTSYRLI---NCNTSAI-T---QA, 1.6483, 0
1.368650, -64.7379, 143, POINT, T, VKLIPLCVTLNCTNVTNNITD-------------------------------------DMRGELKN----CSFNM-T-TE--LRD-KK-QKV-YSLF-YRLDVVQINENQGNRSNNS--------------------------E---------------STSYRLI---NCNTSAI-T---QA, 1.6264, 0
1.420909, -116.6434, [74], CHUNK, ['T'], VKLIPLCVTLNCTNVTNNITD-------------------------------------DMRGELKN----CSFNT-T-TE--LRD-KK-QKV-YSLF-YRLDVVQINENQGNRSNNS------------------------------------------NTSYRLI---NCNTSAI-T---QA, 0.0296, 0
1.376601, -109.9812, 125, POINT, T, VKLIPLCVTLNCTNVTNNITD-------------------------------------DMRGELKN----CSFNM-T-TE--LRD-KK-QKV-YSLF-YRLDVVQINENQGNRSNNS--------S---------------------------------DTSYRLI---NCNTSAI-T---QA, 1.6134, 0
1.404132, -128.2986, [10], CHUNK, ['N'], VKLTPLCVTLNCTNVTNNITD-------------------------------------DMRGELKN----CSFNM-T-TE--LRD-KK-QKV-YSLF-YRLDVVQINENQGNRSNNS------------------------------------------NTSYRLI---NCNTSAI-T---QA, 0.0000, 1
1.382962, -120.3664, 123, POINT, T, VKLTPLCVTLNCTNVTNNITD-------------------------------------DMRGELKN----CSFNM-T-TE--LRD-KK-QKV-YSLF-YRLDVVQINENQGNRSNNS------S-----------------------------------QTSYRLI---NCNTSAI-T---QA, 1.6154, 1
1.405763, -77.4880, [58, 59, 60, 61, 63], CHUNK, ['T', 'G', 'I', 'K', 'M'], VKLTPLCVTLNCTNVTNNITD-------------------------------------TGIKEMKN----CSFNM-T-TE--LRD-KK-QKV-YSLF-YRLDVVQINENQGNRSNNS------S-----------------------------------QTSYRLI---NCNTSAI-T---QA, 1.6160, 0
1.427535, -120.0036, [159], CHUNK, ['N'], VKLTPLCVTLNCTNVTNNITD-------------------------------------DMRGELKN----CSFNM-T-TE--LRD-KK-QKV-YSLF-YRLDVVQINENQGNRSNNS------S-----------------------------------NTSYRLI---NCNTSAI-T---QA, 1.6154, 1
1.474791, -119.7681, [107, 108, 109, 110], CHUNK, ['N', 'G', 'N', 'S'], VKLTPLCVTLNCTNVTNNITD-------------------------------------DMRGELKN----CSFNM-T-TE--LRD-KK-QKV-YSLF-YRLDVVQINNGNSNRSNNS------S-----------------------------------NTSYRLI---NCNTSAI-T---QA, 1.6154, 1
1.518073, -84.3034, [58, 59, 60, 61, 63], CHUNK, ['T', 'T', 'E', 'K', 'M'], VKLTPLCVTLNCTNVTNNITD-------------------------------------TTEKEMKN----CSFNM-T-TE--LRD-KK-QKV-YSLF-YRLDVVQINNGNSNRSNNS------S-----------------------------------NTSYRLI---NCNTSAI-T---QA, 1.6151, 0
1.493140, -117.6740, [99, 103], CHUNK, ['K', 'T'], VKLTPLCVTLNCTNVTNNITD-------------------------------------DMRGELKN----CSFNM-T-TE--LRD-KK-QKV-YSLF-YKLDVTQINNGNSNRSNNS------S-----------------------------------NTSYRLI---NCNTSAI-T---QA, 1.6138, 1
1.510305, -65.1546, [74], CHUNK, ['I'], VKLTPLCVTLNCTNVTNNITD-------------------------------------DMRGELKN----CSFNI-T-TE--LRD-KK-QKV-YSLF-YKLDVTQINNGNSNRSNNS------S-----------------------------------NTSYRLI---NCNTSAI-T---QA, 1.6138, 0
1.520559, -66.5736, [74, 79], CHUNK, ['I', 'S'], VKLTPLCVTLNCTNVTNNITD-------------------------------------DMRGELKN----CSFNI-T-TS--LRD-KK-QKV-YSLF-YKLDVTQINNGNSNRSNNS------S-----------------------------------NTSYRLI---NCNTSAI-T---QA, 1.6133, 0
1.510557, -118.4439, [89, 90, 91, 94], CHUNK, ['K', 'N', 'E', 'A'], VKLTPLCVTLNCTNVTNNITD-------------------------------------DMRGELKN----CSFNM-T-TE--LRD-KK-KNE-YALF-YKLDVTQINNGNSNRSNNS------S-----------------------------------NTSYRLI---NCNTSAI-T---QA, 1.6110, 0
1.522820, -114.0847, [74, 79], CHUNK, ['T', 'V'], VKLTPLCVTLNCTNVTNNITD-------------------------------------DMRGELKN----CSFNT-T-TV--LRD-KK-QKV-YSLF-YKLDVTQINNGNSNRSNNS------S-----------------------------------NTSYRLI---NCNTSAI-T---QA, 1.6166, 0
1.453692, 269.2570, 132, POINT, T, VKLTPLCVTLNCTNVTNNITD-------------------------------------DMRGELKN----CSFNM-T-TE--LRD-KK-QKV-YSLF-YRLDVVQINNGNSNRSNNS------D--------S--------------------------STSYRLI---NCNTSAI-T---QA, 2.5843, 0
1.458816, 1015.9547, 126, POINT, T, VKLTPLCVTLNCTNVTNNITD-------------------------------------DMRGELKN----CSFNM-T-TE--LRD-KK-QKV-YSLF-YRLDVVQINNGNSNRSNNS------N--V--------------------------------KTSYRLI---NCNTSAI-T---QA, 2.6111, 0
1.487191, 2.3991, 125, POINT, T, VKLTPLCVTLNCTNVTNNITD-------------------------------------DMRGELKN----CSFNM-T-TE--LRD-KK-QKV-YSLF-YRLDVVQINNGNSNRSNNS------S-T---------------------------------STSYRLI---NCNTSAI-T---QA, 2.5731, 0
1.535841, -101.9030, [58, 59, 60, 61, 62, 63], CHUNK, ['E', 'N', 'N', 'S', 'D', 'I'], VKLTPLCVTLNCTNVTNNITD-------------------------------------ENNSDIKN----CSFNM-T-TE--LRD-KK-QKV-YSLF-YRLDVVQINNGNSNRSNNS------S-----------------------------------NTSYRLI---NCNTSAI-T---QA, 1.6161, 0
1.459258, -115.8851, [74], CHUNK, ['T'], VKLTPLCVTLNCTNVTNNITD-------------------------------------DMRGELKN----CSFNT-T-TE--LRD-KK-QKV-YSLF-YRLDVVQINENQGNRSNNS------S-----------------------------------NTSYRLI---NCNTSAI-T---QA, 1.6106, 0
1.444701, -70.5371, [74], CHUNK, ['I'], VKLTPLCVTLNCTNVTNNITD-------------------------------------DMRGELKN----CSFNI-T-TE--LRD-KK-QKV-YSLF-YRLDVVQINENQGNRSNNS------S-----------------------------------NTSYRLI---NCNTSAI-T---QA, 1.6096, 0
1.459258, -117.5929, [74], CHUNK, ['T'], VKLTPLCVTLNCTNVTNNITD-------------------------------------DMRGELKN----CSFNT-T-TE--LRD-KK-QKV-YSLF-YRLDVVQINENQGNRSNNS------S-----------------------------------NTSYRLI---NCNTSAI-T---QA, 1.6138, 0
1.462002, -80.3642, 152, POINT, T, VKLTPLCVTLNCTNVTNNITD-------------------------------------DMRGELKN----CSFNM-T-TE--LRD-KK-QKV-YSLF-YRLDVVQINENQGNRSNNS------N----------------------------N------STSYRLI---NCNTSAI-T---QA, 2.5761, 0
1.414684, -117.5502, [74], CHUNK, ['T'], VKLTPLCVTLNCTNVTNNITD-------------------------------------DMRGELKN----CSFNT-T-TE--LRD-KK-QKV-YSLF-YRLDVVQINENQGNRSNNS------S-----------------------------------QTSYRLI---NCNTSAI-T---QA, 1.6100, 0
1.428029, -120.4224, [106, 107, 109], CHUNK, ['D', 'N', 'T'], VKLTPLCVTLNCTNVTNNITD-------------------------------------DMRGELKN----CSFNM-T-TE--LRD-KK-QKV-YSLF-YRLDVVQIDNNTGNRSNNS------S-----------------------------------QTSYRLI---NCNTSAI-T---QA, 1.6116, 1
1.440167, 237.5264, 126, POINT, T, VKLTPLCVTLNCTNVTNNITD-------------------------------------DMRGELKN----CSFNM-T-TE--LRD-KK-QKV-YSLF-YRLDVVQIDNNTGNRSNNS------D--D--------------------------------STSYRLI---NCNTSAI-T---QA, 2.5803, 0
1.456380, 1026.4765, 132, POINT, T, VKLTPLCVTLNCTNVTNNITD-------------------------------------DMRGELKN----CSFNM-T-TE--LRD-KK-QKV-YSLF-YRLDVVQIDNNTGNRSNNS------N--------V--------------------------KTSYRLI---NCNTSAI-T---QA, 2.6138, 0
1.456380, 1021.8161, 125, POINT, T, VKLTPLCVTLNCTNVTNNITD-------------------------------------DMRGELKN----CSFNM-T-TE--LRD-KK-QKV-YSLF-YRLDVVQIDNNTGNRSNNS------N-V---------------------------------KTSYRLI---NCNTSAI-T---QA, 2.6169, 0
1.472603, -120.0596, 159, POINT, N, VKLTPLCVTLNCTNVTNNITD-------------------------------------DMRGELKN----CSFNM-T-TE--LRD-KK-QKV-YSLF-YRLDVVQIDNNTGNRSNNS------S-----------------------------------NTSYRLI---NCNTSAI-T---QA, 1.6116, 0
1.427525, -119.5405, [58, 59, 63, 64], CHUNK, ['N', 'T', 'I', 'R'], VKLTPLCVTLNCTNVTNNITD-------------------------------------NTRGEIRN----CSFNM-T-TE--LRD-KK-QKV-YSLF-YRLDVVQINENQGNRSNNS------S-----------------------------------QTSYRLI---NCNTSAI-T---QA, 1.6167, 1
1.470971, -119.0480, [159, 160], CHUNK, ['N', 'N'], VKLTPLCVTLNCTNVTNNITD-------------------------------------NTRGEIRN----CSFNM-T-TE--LRD-KK-QKV-YSLF-YRLDVVQINENQGNRSNNS------S-----------------------------------NNSYRLI---NCNTSAI-T---QA, 1.6181, 0
1.455582, 1012.1120, 143, POINT, T, VKLTPLCVTLNCTNVTNNITD-------------------------------------NTRGEIRN----CSFNM-T-TE--LRD-KK-QKV-YSLF-YRLDVVQINENQGNRSNNS------N-------------------V---------------KTSYRLI---NCNTSAI-T---QA, 2.6189, 0
1.455582, 1011.2532, 136, POINT, T, VKLTPLCVTLNCTNVTNNITD-------------------------------------NTRGEIRN----CSFNM-T-TE--LRD-KK-QKV-YSLF-YRLDVVQINENQGNRSNNS------N------------V----------------------KTSYRLI---NCNTSAI-T---QA, 2.6119, 0
1.472099, -119.3756, [159], CHUNK, ['N'], VKLTPLCVTLNCTNVTNNITD-------------------------------------NTRGEIRN----CSFNM-T-TE--LRD-KK-QKV-YSLF-YRLDVVQINENQGNRSNNS------S-----------------------------------NTSYRLI---NCNTSAI-T---QA, 1.6110, 0
1.427535, -122.7044, 159, POINT, N, VKLTPLCVTLNCTNVTNNITD-------------------------------------DMRGELKN----CSFNM-T-TE--LRD-KK-QKV-YSLF-YRLDVVQINENQGNRSNNS------S-----------------------------------NTSYRLI---NCNTSAI-T---QA, 1.6112, 1
1.460138, -70.4787, [74, 79], CHUNK, ['I', 'T'], VKLTPLCVTLNCTNVTNNITD-------------------------------------DMRGELKN----CSFNI-T-TT--LRD-KK-QKV-YSLF-YRLDVVQINENQGNRSNNS------S-----------------------------------NTSYRLI---NCNTSAI-T---QA, 1.6152, 0
1.420054, 204.9039, 136, POINT, T, VKLTPLCVTLNCTNVTNNITD-------------------------------------DMRGELKN----CSFNM-T-TE--LRD-KK-QKV-YSLF-YRLDVVQINENQGNRSNNS------T------------E----------------------STSYRLI---NCNTSAI-T---QA, 2.5768, 0
1.456875, -1.6214, [79, 82, 83, 84], CHUNK, ['T', 'I', 'K', 'N'], VKLTPLCVTLNCTNVTNNITD-------------------------------------DMRGELKN----CSFNM-T-TT--IKN-KK-QKV-YSLF-YRLDVVQINENQGNRSNNS------S-----------------------------------NTSYRLI---NCNTSAI-T---QA, 1.6103, 0
1.459258, -117.8752, [74], CHUNK, ['T'], VKLTPLCVTLNCTNVTNNITD-------------------------------------DMRGELKN----CSFNT-T-TE--LRD-KK-QKV-YSLF-YRLDVVQINENQGNRSNNS------S-----------------------------------NTSYRLI---NCNTSAI-T---QA, 1.6187, 0
1.422165, -64.7291, [74, 79], CHUNK, ['I', 'N'], VKLTPLCVTLNCTNVTNNITD-------------------------------------DMRGELKN----CSFNI-T-TN--LRD-KK-QKV-YSLF-YRLDVVQINENQGNRSNNS------S-----------------------------------QTSYRLI---NCNTSAI-T---QA, 1.6044, 0
1.448637, 26.1489, 150, POINT, T, VKLTPLCVTLNCTNVTNNITD-------------------------------------DMRGELKN----CSFNM-T-TE--LRD-KK-QKV-YSLF-YRLDVVQINENQGNRSNNS------S--------------------------N--------STSYRLI---NCNTSAI-T---QA, 2.5699, 0
1.411018, 1015.9999, 131, POINT, T, VKLTPLCVTLNCTNVTNNITD-------------------------------------DMRGELKN----CSFNM-T-TE--LRD-KK-QKV-YSLF-YRLDVVQINENQGNRSNNS------N-------V---------------------------KTSYRLI---NCNTSAI-T---QA, 2.6137, 0
1.411018, 1015.3529, 133, POINT, T, VKLTPLCVTLNCTNVTNNITD-------------------------------------DMRGELKN----CSFNM-T-TE--LRD-KK-QKV-YSLF-YRLDVVQINENQGNRSNNS------N---------V-------------------------KTSYRLI---NCNTSAI-T---QA, 2.6136, 0
1.441437, -122.9369, [59, 60, 63], CHUNK, ['I', 'T', 'I'], VKLTPLCVTLNCTNVTNNITD-------------------------------------DITGEIKN----CSFNM-T-TE--LRD-KK-QKV-YSLF-YRLDVVQINENQGNRSNNS------------------------------------------NTSYRLI---NCNTSAI-T---QA, 0.0463, 1
1.430719, -109.2433, 136, POINT, T, VKLTPLCVTLNCTNVTNNITD-------------------------------------DITGEIKN----CSFNM-T-TE--LRD-KK-QKV-YSLF-YRLDVVQINENQGNRSNND-------------------K----------------------NTSYRLI---NCNTSAI-T---QA, 1.6133, 0
1.430815, -106.2136, 136, POINT, T, VKLTPLCVTLNCTNVTNNITD-------------------------------------DITGEIKN----CSFNM-T-TE--LRD-KK-QKV-YSLF-YRLDVVQINENQGNRSNNE-------------------S----------------------TTSYRLI---NCNTSAI-T---QA, 1.6157, 0
1.417305, -106.1103, 133, POINT, T, VKLTPLCVTLNCTNVTNNITD-------------------------------------DITGEIKN----CSFNM-T-TE--LRD-KK-QKV-YSLF-YRLDVVQINENQGNRSNNE----------------K-------------------------TTSYRLI---NCNTSAI-T---QA, 1.6170, 0
1.481102, -68.7777, [74, 79], CHUNK, ['I', 'N'], VKLTPLCVTLNCTNVTNNITD-------------------------------------DITGEIKN----CSFNI-T-TN--LRD-KK-QKV-YSLF-YRLDVVQINENQGNRSNNS------------------------------------------NTSYRLI---NCNTSAI-T---QA, 0.0350, 0
1.444695, -70.8632, [74, 79, 82], CHUNK, ['I', 'S', 'T'], VKLTPLCVTLNCTNVTNNITD-------------------------------------DMRGELKN----CSFNI-T-TS--TRD-KK-QKV-YSLF-YRLDVVQINENQGNRSNNS------------------------------------------NTSYRLI---NCNTSAI-T---QA, 0.0518, 0
1.425544, -124.9009, [58, 59, 60, 63], CHUNK, ['K', 'E', 'K', 'I'], VKLTPLCVTLNCTNVTNNITD-------------------------------------KEKGEIKN----CSFNM-T-TE--LRD-KK-QKV-YSLF-YRLDVVQINENQGNRSNNS------------------------------------------NTSYRLI---NCNTSAI-T---QA, 0.0239, 1
1.439579, -86.4999, 125, POINT, T, VKLTPLCVTLNCTNVTNNITD-------------------------------------KEKGEIKN----CSFNM-T-TE--LRD-KK-QKV-YSLF-YRLDVVQINENQGNRSNNT--------S---------------------------------STSYRLI---NCNTSAI-T---QA, 1.6274, 0
1.430374, 2544.0127, 129, POINT, T, VKLTPLCVTLNCTNVTNNITD-------------------------------------KEKGEIKN----CSFNM-T-TE--LRD-KK-QKV-YSLF-YRLDVVQINENQGNRSNNS------------V-----------------------------NTSYRLI---NCNTSAI-T---QA, 1.6511, 0
1.407929, -66.9513, 127, POINT, T, VKLTPLCVTLNCTNVTNNITD-------------------------------------KEKGEIKN----CSFNM-T-TE--LRD-KK-QKV-YSLF-YRLDVVQINENQGNRSNNK----------S-------------------------------STSYRLI---NCNTSAI-T---QA, 1.6154, 0
1.453597, -120.9294, [94, 98, 99], CHUNK, ['A', 'N', 'T'], VKLTPLCVTLNCTNVTNNITD-------------------------------------KEKGEIKN----CSFNM-T-TE--LRD-KK-QKV-YALF-NTLDVVQINENQGNRSNNS------------------------------------------NTSYRLI---NCNTSAI-T---QA, 0.0216, 0
1.411047, 85.3114, 136, POINT, T, VKLTPLCVTLNCTNVTNNITD-------------------------------------DMRGELKN----CSFNM-T-TE--LRD-KK-QKV-YSLF-YRLDVVQINENQGNRSNNS-------------------D----------------------NTSYRLI---NCNTSAI-T---QA, 1.6544, 0
1.429534, -124.5382, [93, 94, 99], CHUNK, ['N', 'A', 'T'], VKLTPLCVTLNCTNVTNNITD-------------------------------------DMRGELKN----CSFNM-T-TE--LRD-KK-QKV-NALF-YTLDVVQINENQGNRSNNS------------------------------------------NTSYRLI---NCNTSAI-T---QA, 0.0000, 1
1.466335, -124.5349, [74, 79], CHUNK, ['S', 'N'], VKLTPLCVTLNCTNVTNNITD-------------------------------------DMRGELKN----CSFNS-T-TN--LRD-KK-QKV-NALF-YTLDVVQINENQGNRSNNS------------------------------------------NTSYRLI---NCNTSAI-T---QA, 0.0819, 0
1.456953, -74.0252, [74, 79], CHUNK, ['I', 'S'], VKLTPLCVTLNCTNVTNNITD-------------------------------------DMRGELKN----CSFNI-T-TS--LRD-KK-QKV-NALF-YTLDVVQINENQGNRSNNS------------------------------------------NTSYRLI---NCNTSAI-T---QA, 0.0451, 0
1.419248, 8.1041, 117, POINT, T, VKLTPLCVTLNCTNVTNNITD-------------------------------------DMRGELKN----CSFNM-T-TE--LRD-KK-QKV-NALF-YTLDVVQINENQGNRSNNTE-----------------------------------------STSYRLI---NCNTSAI-T---QA, 1.6415, 0
1.413418, 17.1109, 153, POINT, T, VKLTPLCVTLNCTNVTNNITD-------------------------------------DMRGELKN----CSFNM-T-TE--LRD-KK-QKV-NALF-YTLDVVQINENQGNRSNNS------------------------------------D-----STSYRLI---NCNTSAI-T---QA, 1.6256, 0
1.363457, -27.6726, 121, POINT, T, VKLTPLCVTLNCTNVTNNITD-------------------------------------DMRGELKN----CSFNM-T-TE--LRD-KK-QKV-YSLF-YRLDVVQINENQGNRSNNK----K-------------------------------------KTSYRLI---NCNTSAI-T---QA, 1.6253, 0
1.408961, 2542.6030, 133, POINT, T, VKLTPLCVTLNCTNVTNNITD-------------------------------------DMRGELKN----CSFNM-T-TE--LRD-KK-QKV-YSLF-YRLDVVQINENQGNRSNNS----------------V-------------------------NTSYRLI---NCNTSAI-T---QA, 1.6580, 0
1.431551, -77.0277, [74, 79], CHUNK, ['I', 'S'], VKLTPLCVTLNCTNVTNNITD-------------------------------------DMRGELKN----CSFNI-T-TS--LRD-KK-QKV-YSLF-YRLDVVQINENQGNRSNNS------------------------------------------NTSYRLI---NCNTSAI-T---QA, 0.0709, 0
1.382611, -117.3333, 119, POINT, T, VKLTPLCVTLNCTNVTNNITD-------------------------------------DMRGELKN----CSFNM-T-TE--LRD-KK-QKV-YSLF-YRLDVVQINENQGNRSNND--K---------------------------------------TTSYRLI---NCNTSAI-T---QA, 1.6130, 1
1.397019, 1003.9413, 133, POINT, T, VKLTPLCVTLNCTNVTNNITD-------------------------------------DMRGELKN----CSFNM-T-TE--LRD-KK-QKV-YSLF-YRLDVVQINENQGNRSNND--N-------------V-------------------------KTSYRLI---NCNTSAI-T---QA, 2.6237, 0
1.421814, -64.0718, [74, 79], CHUNK, ['I', 'N'], VKLTPLCVTLNCTNVTNNITD-------------------------------------DMRGELKN----CSFNI-T-TN--LRD-KK-QKV-YSLF-YRLDVVQINENQGNRSNND--K---------------------------------------TTSYRLI---NCNTSAI-T---QA, 1.6068, 0
1.399776, -65.6132, [74], CHUNK, ['I'], VKLTPLCVTLNCTNVTNNITD-------------------------------------DMRGELKN----CSFNI-T-TE--LRD-KK-QKV-YSLF-YRLDVVQINENQGNRSNND--K---------------------------------------TTSYRLI---NCNTSAI-T---QA, 1.6078, 0
1.414334, -112.9431, [74], CHUNK, ['T'], VKLTPLCVTLNCTNVTNNITD-------------------------------------DMRGELKN----CSFNT-T-TE--LRD-KK-QKV-YSLF-YRLDVVQINENQGNRSNND--K---------------------------------------TTSYRLI---NCNTSAI-T---QA, 1.6114, 0
1.431551, -75.2024, [74, 79], CHUNK, ['I', 'S'], VKLTPLCVTLNCTNVTNNITD-------------------------------------DMRGELKN----CSFNI-T-TS--LRD-KK-QKV-YSLF-YRLDVVQINENQGNRSNNS------------------------------------------NTSYRLI---NCNTSAI-T---QA, 0.0285, 0
1.408961, 2538.8377, 125, POINT, T, VKLTPLCVTLNCTNVTNNITD-------------------------------------DMRGELKN----CSFNM-T-TE--LRD-KK-QKV-YSLF-YRLDVVQINENQGNRSNNS--------V---------------------------------NTSYRLI---NCNTSAI-T---QA, 1.6540, 0
1.411661, -88.9304, 117, POINT, T, VKLTPLCVTLNCTNVTNNITD-------------------------------------DMRGELKN----CSFNM-T-TE--LRD-KK-QKV-YSLF-YRLDVVQINENQGNRSNNNT-----------------------------------------KTSYRLI---NCNTSAI-T---QA, 1.6742, 0
1.408961, 2539.1132, 133, POINT, T, VKLTPLCVTLNCTNVTNNITD-------------------------------------DMRGELKN----CSFNM-T-TE--LRD-KK-QKV-YSLF-YRLDVVQINENQGNRSNNS----------------V-------------------------NTSYRLI---NCNTSAI-T---QA, 1.6527, 0
