Name base = V1V2_200_sq_1_2_ni
Iters = 200
Soft coverage = 1.31203964383
Energy = -130.423786645
Hard Covereage = 0.0368019545157
Num epitopes = 65
Initial seq = VKLTPLCVTLQCTNVTNNITD-------------------------------------DMRGELKN----CSFNM-T-TE--LRD-KK-QKV-YSLF-YRLDVVQINENQGNRSNNS------------------------------------------NKEYRLI---NCNTSAI-T---QA
-------START OF DATA------
1.335314, -131.0108, [107], CHUNK, ['N'], VKLTPLCVTLQCTNVTNNITD-------------------------------------DMRGELKN----CSFNM-T-TE--LRD-KK-QKV-YSLF-YRLDVVQINNNQGNRSNNS------------------------------------------NKEYRLI---NCNTSAI-T---QA, 0.0261, 1
1.349155, -132.1918, [163], CHUNK, ['T'], VKLTPLCVTLQCTNVTNNITD-------------------------------------DMRGELKN----CSFNM-T-TE--LRD-KK-QKV-YSLF-YRLDVVQINNNQGNRSNNS------------------------------------------NKEYTLI---NCNTSAI-T---QA, 0.0261, 1
1.374866, -132.5527, 58, POINT, N, VKLTPLCVTLQCTNVTNNITD-------------------------------------NMRGELKN----CSFNM-T-TE--LRD-KK-QKV-YSLF-YRLDVVQINNNQGNRSNNS------------------------------------------NKEYTLI---NCNTSAI-T---QA, 0.0438, 1
1.397455, -132.1407, 160, POINT, T, VKLTPLCVTLQCTNVTNNITD-------------------------------------NMRGELKN----CSFNM-T-TE--LRD-KK-QKV-YSLF-YRLDVVQINNNQGNRSNNS------------------------------------------NTEYTLI---NCNTSAI-T---QA, 0.0438, 1
1.446611, -132.1127, [10], CHUNK, ['N'], VKLTPLCVTLNCTNVTNNITD-------------------------------------NMRGELKN----CSFNM-T-TE--LRD-KK-QKV-YSLF-YRLDVVQINNNQGNRSNNS------------------------------------------NTEYTLI---NCNTSAI-T---QA, 0.0438, 1
1.466904, -131.8166, 161, POINT, S, VKLTPLCVTLNCTNVTNNITD-------------------------------------NMRGELKN----CSFNM-T-TE--LRD-KK-QKV-YSLF-YRLDVVQINNNQGNRSNNS------------------------------------------NTSYTLI---NCNTSAI-T---QA, 0.0438, 1
1.484069, -88.9920, 74, POINT, I, VKLTPLCVTLNCTNVTNNITD-------------------------------------NMRGELKN----CSFNI-T-TE--LRD-KK-QKV-YSLF-YRLDVVQINNNQGNRSNNS------------------------------------------NTSYTLI---NCNTSAI-T---QA, 0.2859, 0
1.498274, -133.3094, 110, POINT, N, VKLTPLCVTLNCTNVTNNITD-------------------------------------NMRGELKN----CSFNM-T-TE--LRD-KK-QKV-YSLF-YRLDVVQINNNQNNRSNNS------------------------------------------NTSYTLI---NCNTSAI-T---QA, 0.0438, 1
1.513389, -131.7135, [174], CHUNK, ['T'], VKLTPLCVTLNCTNVTNNITD-------------------------------------NMRGELKN----CSFNM-T-TE--LRD-KK-QKV-YSLF-YRLDVVQINNNQNNRSNNS------------------------------------------NTSYTLI---NCNTSTI-T---QA, 0.0438, 1
1.532726, -132.1202, [20], CHUNK, ['N'], VKLTPLCVTLNCTNVTNNITN-------------------------------------NMRGELKN----CSFNM-T-TE--LRD-KK-QKV-YSLF-YRLDVVQINNNQNNRSNNS------------------------------------------NTSYTLI---NCNTSTI-T---QA, 0.0438, 1
1.544628, -130.1260, 165, POINT, T, VKLTPLCVTLNCTNVTNNITN-------------------------------------NMRGELKN----CSFNM-T-TE--LRD-KK-QKV-YSLF-YRLDVVQINNNQNNRSNNS------------------------------------------NTSYTLT---NCNTSTI-T---QA, 0.0438, 1
1.572285, -125.4116, [60], CHUNK, ['T'], VKLTPLCVTLNCTNVTNNITN-------------------------------------NMTGELKN----CSFNM-T-TE--LRD-KK-QKV-YSLF-YRLDVVQINNNQNNRSNNS------------------------------------------NTSYTLT---NCNTSTI-T---QA, 0.0694, 0
1.553254, -131.0862, [161], CHUNK, ['N'], VKLTPLCVTLNCTNVTNNITN-------------------------------------NMRGELKN----CSFNM-T-TE--LRD-KK-QKV-YSLF-YRLDVVQINNNQNNRSNNS------------------------------------------NTNYTLT---NCNTSTI-T---QA, 0.0438, 1
1.579578, -130.5173, [112], CHUNK, ['S'], VKLTPLCVTLNCTNVTNNITN-------------------------------------NMRGELKN----CSFNM-T-TE--LRD-KK-QKV-YSLF-YRLDVVQINNNQNNSSNNS------------------------------------------NTNYTLT---NCNTSTI-T---QA, 0.0438, 1
1.608192, -129.6656, 162, POINT, N, VKLTPLCVTLNCTNVTNNITN-------------------------------------NMRGELKN----CSFNM-T-TE--LRD-KK-QKV-YSLF-YRLDVVQINNNQNNSSNNS------------------------------------------NTNNTLT---NCNTSTI-T---QA, 0.0438, 1
1.609530, -129.4456, 182, POINT, T, VKLTPLCVTLNCTNVTNNITN-------------------------------------NMRGELKN----CSFNM-T-TE--LRD-KK-QKV-YSLF-YRLDVVQINNNQNNSSNNS------------------------------------------NTNNTLT---NCNTSTI-T---QT, 0.0438, 0
1.627692, -128.9512, 79, POINT, N, VKLTPLCVTLNCTNVTNNITN-------------------------------------NMRGELKN----CSFNM-T-TN--LRD-KK-QKV-YSLF-YRLDVVQINNNQNNSSNNS------------------------------------------NTNNTLT---NCNTSTI-T---QA, 0.0438, 1
1.635590, -127.5943, 104, POINT, K, VKLTPLCVTLNCTNVTNNITN-------------------------------------NMRGELKN----CSFNM-T-TN--LRD-KK-QKV-YSLF-YRLDVVKINNNQNNSSNNS------------------------------------------NTNNTLT---NCNTSTI-T---QA, 0.0438, 0
1.631928, -126.9169, 60, POINT, K, VKLTPLCVTLNCTNVTNNITN-------------------------------------NMKGELKN----CSFNM-T-TN--LRD-KK-QKV-YSLF-YRLDVVQINNNQNNSSNNS------------------------------------------NTNNTLT---NCNTSTI-T---QA, 0.0549, 0
1.645481, -114.4020, [74], CHUNK, ['V'], VKLTPLCVTLNCTNVTNNITN-------------------------------------NMRGELKN----CSFNV-T-TN--LRD-KK-QKV-YSLF-YRLDVVQINNNQNNSSNNS------------------------------------------NTNNTLT---NCNTSTI-T---QA, 0.1468, 1
1.660832, -115.8575, 83, POINT, N, VKLTPLCVTLNCTNVTNNITN-------------------------------------NMRGELKN----CSFNV-T-TN--LND-KK-QKV-YSLF-YRLDVVQINNNQNNSSNNS------------------------------------------NTNNTLT---NCNTSTI-T---QA, 0.1524, 0
1.652659, -112.4080, 84, POINT, T, VKLTPLCVTLNCTNVTNNITN-------------------------------------NMRGELKN----CSFNV-T-TN--LRT-KK-QKV-YSLF-YRLDVVQINNNQNNSSNNS------------------------------------------NTNNTLT---NCNTSTI-T---QA, 0.1522, 0
1.660658, -116.5932, 109, POINT, D, VKLTPLCVTLNCTNVTNNITN-------------------------------------NMRGELKN----CSFNV-T-TN--LRD-KK-QKV-YSLF-YRLDVVQINNNDNNSSNNS------------------------------------------NTNNTLT---NCNTSTI-T---QA, 0.1508, 0
1.686684, -114.3545, [109], CHUNK, ['N'], VKLTPLCVTLNCTNVTNNITN-------------------------------------NMRGELKN----CSFNV-T-TN--LRD-KK-QKV-YSLF-YRLDVVQINNNNNNSSNNS------------------------------------------NTNNTLT---NCNTSTI-T---QA, 0.1468, 0
1.663835, -128.1027, 59, POINT, T, VKLTPLCVTLNCTNVTNNITN-------------------------------------NTRGELKN----CSFNM-T-TN--LRD-KK-QKV-YSLF-YRLDVVQINNNQNNSSNNS------------------------------------------NTNNTLT---NCNTSTI-T---QA, 0.0801, 1
1.665207, -126.8562, [173], CHUNK, ['T'], VKLTPLCVTLNCTNVTNNITN-------------------------------------NTRGELKN----CSFNM-T-TN--LRD-KK-QKV-YSLF-YRLDVVQINNNQNNSSNNS------------------------------------------NTNNTLT---NCNTTTI-T---QA, 0.0801, 0
1.684263, -126.3468, [18], CHUNK, ['N'], VKLTPLCVTLNCTNVTNNNTN-------------------------------------NTRGELKN----CSFNM-T-TN--LRD-KK-QKV-YSLF-YRLDVVQINNNQNNSSNNS------------------------------------------NTNNTLT---NCNTSTI-T---QA, 0.0801, 0
1.705038, -128.0150, [109], CHUNK, ['N'], VKLTPLCVTLNCTNVTNNITN-------------------------------------NTRGELKN----CSFNM-T-TN--LRD-KK-QKV-YSLF-YRLDVVQINNNNNNSSNNS------------------------------------------NTNNTLT---NCNTSTI-T---QA, 0.0801, 1
1.707576, -126.5223, [91], CHUNK, ['E'], VKLTPLCVTLNCTNVTNNITN-------------------------------------NTRGELKN----CSFNM-T-TN--LRD-KK-QKE-YSLF-YRLDVVQINNNNNNSSNNS------------------------------------------NTNNTLT---NCNTSTI-T---QA, 0.0801, 1
1.714366, -124.6876, 99, POINT, K, VKLTPLCVTLNCTNVTNNITN-------------------------------------NTRGELKN----CSFNM-T-TN--LRD-KK-QKE-YSLF-YKLDVVQINNNNNNSSNNS------------------------------------------NTNNTLT---NCNTSTI-T---QA, 0.0801, 1
1.731528, -124.5249, [104], CHUNK, ['L'], VKLTPLCVTLNCTNVTNNITN-------------------------------------NTRGELKN----CSFNM-T-TN--LRD-KK-QKE-YSLF-YKLDVVLINNNNNNSSNNS------------------------------------------NTNNTLT---NCNTSTI-T---QA, 0.0801, 1
1.737791, -124.7376, 101, POINT, N, VKLTPLCVTLNCTNVTNNITN-------------------------------------NTRGELKN----CSFNM-T-TN--LRD-KK-QKE-YSLF-YKLNVVLINNNNNNSSNNS------------------------------------------NTNNTLT---NCNTSTI-T---QA, 0.0801, 1
1.743339, -123.2062, 63, POINT, I, VKLTPLCVTLNCTNVTNNITN-------------------------------------NTRGEIKN----CSFNM-T-TN--LRD-KK-QKE-YSLF-YKLNVVLINNNNNNSSNNS------------------------------------------NTNNTLT---NCNTSTI-T---QA, 0.0801, 1
1.747047, -93.6557, 61, POINT, K, VKLTPLCVTLNCTNVTNNITN-------------------------------------NTRKEIKN----CSFNM-T-TN--LRD-KK-QKE-YSLF-YKLNVVLINNNNNNSSNNS------------------------------------------NTNNTLT---NCNTSTI-T---QA, 0.1810, 0
1.744460, -123.3033, 160, POINT, N, VKLTPLCVTLNCTNVTNNITN-------------------------------------NTRGEIKN----CSFNM-T-TN--LRD-KK-QKE-YSLF-YKLNVVLINNNNNNSSNNS------------------------------------------NNNNTLT---NCNTSTI-T---QA, 0.0801, 1
1.752221, -121.8832, 93, POINT, T, VKLTPLCVTLNCTNVTNNITN-------------------------------------NTRGEIKN----CSFNM-T-TN--LRD-KK-QKE-TSLF-YKLNVVLINNNNNNSSNNS------------------------------------------NNNNTLT---NCNTSTI-T---QA, 0.0801, 1
1.760345, -122.0547, [89], CHUNK, ['K'], VKLTPLCVTLNCTNVTNNITN-------------------------------------NTRGEIKN----CSFNM-T-TN--LRD-KK-KKE-TSLF-YKLNVVLINNNNNNSSNNS------------------------------------------NNNNTLT---NCNTSTI-T---QA, 0.0797, 1
1.777358, -114.8740, [74], CHUNK, ['V'], VKLTPLCVTLNCTNVTNNITN-------------------------------------NTRGEIKN----CSFNV-T-TN--LRD-KK-KKE-TSLF-YKLNVVLINNNNNNSSNNS------------------------------------------NNNNTLT---NCNTSTI-T---QA, 0.1311, 0
1.777358, -118.0331, 74, POINT, V, VKLTPLCVTLNCTNVTNNITN-------------------------------------NTRGEIKN----CSFNV-T-TN--LRD-KK-KKE-TSLF-YKLNVVLINNNNNNSSNNS------------------------------------------NNNNTLT---NCNTSTI-T---QA, 0.1259, 0
1.763893, -121.9863, [4], CHUNK, ['T'], VKLTTLCVTLNCTNVTNNITN-------------------------------------NTRGEIKN----CSFNM-T-TN--LRD-KK-KKE-TSLF-YKLNVVLINNNNNNSSNNS------------------------------------------NNNNTLT---NCNTSTI-T---QA, 0.0797, 1
1.773457, -119.2984, 84, POINT, T, VKLTTLCVTLNCTNVTNNITN-------------------------------------NTRGEIKN----CSFNM-T-TN--LRT-KK-KKE-TSLF-YKLNVVLINNNNNNSSNNS------------------------------------------NNNNTLT---NCNTSTI-T---QA, 0.0797, 0
1.770924, -28.9491, [82], CHUNK, ['I'], VKLTTLCVTLNCTNVTNNITN-------------------------------------NTRGEIKN----CSFNM-T-TN--IRD-KK-KKE-TSLF-YKLNVVLINNNNNNSSNNS------------------------------------------NNNNTLT---NCNTSTI-T---QA, 0.2301, 0
1.775656, -121.0461, [18], CHUNK, ['S'], VKLTTLCVTLNCTNVTNNSTN-------------------------------------NTRGEIKN----CSFNM-T-TN--LRD-KK-KKE-TSLF-YKLNVVLINNNNNNSSNNS------------------------------------------NNNNTLT---NCNTSTI-T---QA, 0.0797, 0
1.778872, -121.7072, [112], CHUNK, ['T'], VKLTTLCVTLNCTNVTNNITN-------------------------------------NTRGEIKN----CSFNM-T-TN--LRD-KK-KKE-TSLF-YKLNVVLINNNNNNTSNNS------------------------------------------NNNNTLT---NCNTSTI-T---QA, 0.0797, 0
1.775324, -121.8034, [112], CHUNK, ['T'], VKLTPLCVTLNCTNVTNNITN-------------------------------------NTRGEIKN----CSFNM-T-TN--LRD-KK-KKE-TSLF-YKLNVVLINNNNNNTSNNS------------------------------------------NNNNTLT---NCNTSTI-T---QA, 0.0847, 1
1.792337, -117.2815, 74, POINT, V, VKLTPLCVTLNCTNVTNNITN-------------------------------------NTRGEIKN----CSFNV-T-TN--LRD-KK-KKE-TSLF-YKLNVVLINNNNNNTSNNS------------------------------------------NNNNTLT---NCNTSTI-T---QA, 0.2083, 0
1.776957, -123.2323, 91, POINT, V, VKLTPLCVTLNCTNVTNNITN-------------------------------------NTRGEIKN----CSFNM-T-TN--LRD-KK-KKV-TSLF-YKLNVVLINNNNNNTSNNS------------------------------------------NNNNTLT---NCNTSTI-T---QA, 0.0847, 0
1.776661, -121.5962, 71, POINT, T, VKLTPLCVTLNCTNVTNNITN-------------------------------------NTRGEIKN----CTFNM-T-TN--LRD-KK-KKE-TSLF-YKLNVVLINNNNNNTSNNS------------------------------------------NNNNTLT---NCNTSTI-T---QA, 0.0847, 0
1.778077, -115.1783, [96], CHUNK, ['L'], VKLTPLCVTLNCTNVTNNITN-------------------------------------NTRGEIKN----CSFNM-T-TN--LRD-KK-KKE-TSLL-YKLNVVLINNNNNNTSNNS------------------------------------------NNNNTLT---NCNTSTI-T---QA, 0.0847, 1
1.789239, -113.2432, 99, POINT, N, VKLTPLCVTLNCTNVTNNITN-------------------------------------NTRGEIKN----CSFNM-T-TN--LRD-KK-KKE-TSLL-YNLNVVLINNNNNNTSNNS------------------------------------------NNNNTLT---NCNTSTI-T---QA, 0.1087, 1
1.795374, -113.1427, 90, POINT, T, VKLTPLCVTLNCTNVTNNITN-------------------------------------NTRGEIKN----CSFNM-T-TN--LRD-KK-KTE-TSLL-YNLNVVLINNNNNNTSNNS------------------------------------------NNNNTLT---NCNTSTI-T---QA, 0.1087, 1
1.807401, -113.7606, [84], CHUNK, ['N'], VKLTPLCVTLNCTNVTNNITN-------------------------------------NTRGEIKN----CSFNM-T-TN--LRN-KK-KTE-TSLL-YNLNVVLINNNNNNTSNNS------------------------------------------NNNNTLT---NCNTSTI-T---QA, 0.1087, 0
1.820493, -112.1744, [18], CHUNK, ['T'], VKLTPLCVTLNCTNVTNNTTN-------------------------------------NTRGEIKN----CSFNM-T-TN--LRD-KK-KTE-TSLL-YNLNVVLINNNNNNTSNNS------------------------------------------NNNNTLT---NCNTSTI-T---QA, 0.1015, 0
1.820493, -112.2344, 18, POINT, T, VKLTPLCVTLNCTNVTNNTTN-------------------------------------NTRGEIKN----CSFNM-T-TN--LRD-KK-KTE-TSLL-YNLNVVLINNNNNNTSNNS------------------------------------------NNNNTLT---NCNTSTI-T---QA, 0.1366, 1
1.823408, -113.7685, [91], CHUNK, ['V'], VKLTPLCVTLNCTNVTNNTTN-------------------------------------NTRGEIKN----CSFNM-T-TN--LRD-KK-KTV-TSLL-YNLNVVLINNNNNNTSNNS------------------------------------------NNNNTLT---NCNTSTI-T---QA, 0.1633, 0
1.849122, -111.7591, [103], CHUNK, ['T'], VKLTPLCVTLNCTNVTNNTTN-------------------------------------NTRGEIKN----CSFNM-T-TN--LRD-KK-KTE-TSLL-YNLNVTLINNNNNNTSNNS------------------------------------------NNNNTLT---NCNTSTI-T---QA, 0.1366, 0
1.837601, -109.9391, 98, POINT, N, VKLTPLCVTLNCTNVTNNTTN-------------------------------------NTRGEIKN----CSFNM-T-TN--LRD-KK-KTE-TSLL-NNLNVVLINNNNNNTSNNS------------------------------------------NNNNTLT---NCNTSTI-T---QA, 0.1366, 0
1.821831, -113.0707, [182], CHUNK, ['T'], VKLTPLCVTLNCTNVTNNTTN-------------------------------------NTRGEIKN----CSFNM-T-TN--LRD-KK-KTE-TSLL-YNLNVVLINNNNNNTSNNS------------------------------------------NNNNTLT---NCNTSTI-T---QT, 0.1404, 0
1.819578, -96.0096, [61], CHUNK, ['N'], VKLTPLCVTLNCTNVTNNITN-------------------------------------NTRNEIKN----CSFNM-T-TN--LRD-KK-KTE-TSLL-YNLNVVLINNNNNNTSNNS------------------------------------------NNNNTLT---NCNTSTI-T---QA, 0.1135, 0
1.805327, -112.8549, [116], CHUNK, ['N'], VKLTPLCVTLNCTNVTNNITN-------------------------------------NTRGEIKN----CSFNM-T-TN--LRD-KK-KTE-TSLL-YNLNVVLINNNNNNTSNNN------------------------------------------NNNNTLT---NCNTSTI-T---QA, 0.1087, 0
1.795828, -112.4243, 84, POINT, S, VKLTPLCVTLNCTNVTNNITN-------------------------------------NTRGEIKN----CSFNM-T-TN--LRS-KK-KTE-TSLL-YNLNVVLINNNNNNTSNNS------------------------------------------NNNNTLT---NCNTSTI-T---QA, 0.1087, 0
1.803013, -110.5662, 100, POINT, T, VKLTPLCVTLNCTNVTNNITN-------------------------------------NTRGEIKN----CSFNM-T-TN--LRD-KK-KTE-TSLL-YNTNVVLINNNNNNTSNNS------------------------------------------NNNNTLT---NCNTSTI-T---QA, 0.1087, 0
1.805114, -110.9579, 98, POINT, N, VKLTPLCVTLNCTNVTNNITN-------------------------------------NTRGEIKN----CSFNM-T-TN--LRD-KK-KKE-TSLL-NNLNVVLINNNNNNTSNNS------------------------------------------NNNNTLT---NCNTSTI-T---QA, 0.1086, 0
1.806252, -109.4601, 74, POINT, V, VKLTPLCVTLNCTNVTNNITN-------------------------------------NTRGEIKN----CSFNV-T-TN--LRD-KK-KKE-TSLL-YNLNVVLINNNNNNTSNNS------------------------------------------NNNNTLT---NCNTSTI-T---QA, 0.0933, 0
1.790387, -113.5088, 16, POINT, T, VKLTPLCVTLNCTNVTTNITN-------------------------------------NTRGEIKN----CSFNM-T-TN--LRD-KK-KKE-TSLL-YNLNVVLINNNNNNTSNNS------------------------------------------NNNNTLT---NCNTSTI-T---QA, 0.1087, 0
1.805930, -108.5307, 82, POINT, T, VKLTPLCVTLNCTNVTNNITN-------------------------------------NTRGEIKN----CSFNM-T-TN--TRD-KK-KKE-TSLL-YNLNVVLINNNNNNTSNNS------------------------------------------NNNNTLT---NCNTSTI-T---QA, 0.1087, 0
1.798515, -113.4216, 18, POINT, N, VKLTPLCVTLNCTNVTNNNTN-------------------------------------NTRGEIKN----CSFNM-T-TN--LRD-KK-KKE-TSLL-YKLNVVLINNNNNNTSNNS------------------------------------------NNNNTLT---NCNTSTI-T---QA, 0.0847, 0
1.790881, -113.1469, [98], CHUNK, ['N'], VKLTPLCVTLNCTNVTNNITN-------------------------------------NTRGEIKN----CSFNM-T-TN--LRD-KK-KKE-TSLL-NKLNVVLINNNNNNTSNNS------------------------------------------NNNNTLT---NCNTSTI-T---QA, 0.0764, 0
1.789080, -115.0284, [87], CHUNK, ['T'], VKLTPLCVTLNCTNVTNNITN-------------------------------------NTRGEIKN----CSFNM-T-TN--LRD-KT-KKE-TSLL-YKLNVVLINNNNNNTSNNS------------------------------------------NNNNTLT---NCNTSTI-T---QA, 0.0958, 0
1.789840, -114.5314, [18], CHUNK, ['S'], VKLTPLCVTLNCTNVTNNSTN-------------------------------------NTRGEIKN----CSFNM-T-TN--LRD-KK-KKE-TSLL-YKLNVVLINNNNNNTSNNS------------------------------------------NNNNTLT---NCNTSTI-T---QA, 0.1360, 0
1.776957, -123.4123, [91], CHUNK, ['V'], VKLTPLCVTLNCTNVTNNITN-------------------------------------NTRGEIKN----CSFNM-T-TN--LRD-KK-KKV-TSLF-YKLNVVLINNNNNNTSNNS------------------------------------------NNNNTLT---NCNTSTI-T---QA, 0.1066, 0
1.800444, -120.7026, [18], CHUNK, ['T'], VKLTPLCVTLNCTNVTNNTTN-------------------------------------NTRGEIKN----CSFNM-T-TN--LRD-KK-KKE-TSLF-YKLNVVLINNNNNNTSNNS------------------------------------------NNNNTLT---NCNTSTI-T---QA, 0.0847, 0
1.800444, -120.7026, [18], CHUNK, ['T'], VKLTPLCVTLNCTNVTNNTTN-------------------------------------NTRGEIKN----CSFNM-T-TN--LRD-KK-KKE-TSLF-YKLNVVLINNNNNNTSNNS------------------------------------------NNNNTLT---NCNTSTI-T---QA, 0.0847, 1
1.807475, -1.9734, [82], CHUNK, ['I'], VKLTPLCVTLNCTNVTNNTTN-------------------------------------NTRGEIKN----CSFNM-T-TN--IRD-KK-KKE-TSLF-YKLNVVLINNNNNNTSNNS------------------------------------------NNNNTLT---NCNTSTI-T---QA, 0.0990, 0
1.802660, -114.0807, 60, POINT, I, VKLTPLCVTLNCTNVTNNTTN-------------------------------------NTIGEIKN----CSFNM-T-TN--LRD-KK-KKE-TSLF-YKLNVVLINNNNNNTSNNS------------------------------------------NNNNTLT---NCNTSTI-T---QA, 0.0847, 1
1.804032, -112.8354, [173], CHUNK, ['T'], VKLTPLCVTLNCTNVTNNTTN-------------------------------------NTIGEIKN----CSFNM-T-TN--LRD-KK-KKE-TSLF-YKLNVVLINNNNNNTSNNS------------------------------------------NNNNTLT---NCNTTTI-T---QA, 0.0847, 0
1.822826, -105.3848, [74], CHUNK, ['I'], VKLTPLCVTLNCTNVTNNTTN-------------------------------------NTIGEIKN----CSFNI-T-TN--LRD-KK-KKE-TSLF-YKLNVVLINNNNNNTSNNS------------------------------------------NNNNTLT---NCNTSTI-T---QA, 0.3365, 0
1.812999, -114.6987, [84], CHUNK, ['N'], VKLTPLCVTLNCTNVTNNTTN-------------------------------------NTIGEIKN----CSFNM-T-TN--LRN-KK-KKE-TSLF-YKLNVVLINNNNNNTSNNS------------------------------------------NNNNTLT---NCNTSTI-T---QA, 0.0847, 0
1.835541, -115.9394, 60, POINT, T, VKLTPLCVTLNCTNVTNNTTN-------------------------------------NTTGEIKN----CSFNM-T-TN--LRD-KK-KKE-TSLF-YKLNVVLINNNNNNTSNNS------------------------------------------NNNNTLT---NCNTSTI-T---QA, 0.1321, 0
1.803196, -114.1978, [96], CHUNK, ['L'], VKLTPLCVTLNCTNVTNNTTN-------------------------------------NTRGEIKN----CSFNM-T-TN--LRD-KK-KKE-TSLL-YKLNVVLINNNNNNTSNNS------------------------------------------NNNNTLT---NCNTSTI-T---QA, 0.0660, 0
1.811268, -118.6328, [98], CHUNK, ['N'], VKLTPLCVTLNCTNVTNNTTN-------------------------------------NTRGEIKN----CSFNM-T-TN--LRD-KK-KKE-TSLF-NKLNVVLINNNNNNTSNNS------------------------------------------NNNNTLT---NCNTSTI-T---QA, 0.0956, 0
1.802073, -120.1963, [95], CHUNK, ['T'], VKLTPLCVTLNCTNVTNNTTN-------------------------------------NTRGEIKN----CSFNM-T-TN--LRD-KK-KKE-TSTF-YKLNVVLINNNNNNTSNNS------------------------------------------NNNNTLT---NCNTSTI-T---QA, 0.0847, 1
1.819085, -112.2928, 74, POINT, V, VKLTPLCVTLNCTNVTNNTTN-------------------------------------NTRGEIKN----CSFNV-T-TN--LRD-KK-KKE-TSTF-YKLNVVLINNNNNNTSNNS------------------------------------------NNNNTLT---NCNTSTI-T---QA, 0.2515, 0
1.819085, -114.8624, 74, POINT, V, VKLTPLCVTLNCTNVTNNTTN-------------------------------------NTRGEIKN----CSFNV-T-TN--LRD-KK-KKE-TSTF-YKLNVVLINNNNNNTSNNS------------------------------------------NNNNTLT---NCNTSTI-T---QA, 0.1127, 1
1.826209, -29.6005, [82], CHUNK, ['I'], VKLTPLCVTLNCTNVTNNTTN-------------------------------------NTRGEIKN----CSFNV-T-TN--IRD-KK-KKE-TSTF-YKLNVVLINNNNNNTSNNS------------------------------------------NNNNTLT---NCNTSTI-T---QA, 0.4357, 0
1.826209, -43.2150, 82, POINT, I, VKLTPLCVTLNCTNVTNNTTN-------------------------------------NTRGEIKN----CSFNV-T-TN--IRD-KK-KKE-TSTF-YKLNVVLINNNNNNTSNNS------------------------------------------NNNNTLT---NCNTSTI-T---QA, 0.3940, 0
1.826209, -8.1359, [82], CHUNK, ['I'], VKLTPLCVTLNCTNVTNNTTN-------------------------------------NTRGEIKN----CSFNV-T-TN--IRD-KK-KKE-TSTF-YKLNVVLINNNNNNTSNNS------------------------------------------NNNNTLT---NCNTSTI-T---QA, 0.2791, 0
1.830370, -114.8006, [87], CHUNK, ['T'], VKLTPLCVTLNCTNVTNNTTN-------------------------------------NTRGEIKN----CSFNV-T-TN--LRD-KT-KKE-TSTF-YKLNVVLINNNNNNTSNNS------------------------------------------NNNNTLT---NCNTSTI-T---QA, 0.1537, 0
1.828561, -118.2899, [14], CHUNK, ['N'], VKLTPLCVTLNCTNNTNNTTN-------------------------------------NTRGEIKN----CSFNM-T-TN--LRD-KK-KKE-TSTF-YKLNVVLINNNNNNTSNNS------------------------------------------NNNNTLT---NCNTSTI-T---QA, 0.0847, 1
1.835893, -111.8599, 96, POINT, L, VKLTPLCVTLNCTNNTNNTTN-------------------------------------NTRGEIKN----CSFNM-T-TN--LRD-KK-KKE-TSTL-YKLNVVLINNNNNNTSNNS------------------------------------------NNNNTLT---NCNTSTI-T---QA, 0.0831, 0
1.838514, -118.2352, [116], CHUNK, ['N'], VKLTPLCVTLNCTNNTNNTTN-------------------------------------NTRGEIKN----CSFNM-T-TN--LRD-KK-KKE-TSTF-YKLNVVLINNNNNNTSNNN------------------------------------------NNNNTLT---NCNTSTI-T---QA, 0.0886, 0
1.842463, -115.6038, [98], CHUNK, ['N'], VKLTPLCVTLNCTNNTNNTTN-------------------------------------NTRGEIKN----CSFNM-T-TN--LRD-KK-KKE-TSTF-NKLNVVLINNNNNNTSNNS------------------------------------------NNNNTLT---NCNTSTI-T---QA, 0.0847, 0
1.832750, -117.5957, 181, POINT, N, VKLTPLCVTLNCTNNTNNTTN-------------------------------------NTRGEIKN----CSFNM-T-TN--LRD-KK-KKE-TSTF-YKLNVVLINNNNNNTSNNS------------------------------------------NNNNTLT---NCNTSTI-T---NA, 0.0847, 0
1.803410, -120.1956, [182], CHUNK, ['T'], VKLTPLCVTLNCTNVTNNTTN-------------------------------------NTRGEIKN----CSFNM-T-TN--LRD-KK-KKE-TSTF-YKLNVVLINNNNNNTSNNS------------------------------------------NNNNTLT---NCNTSTI-T---QT, 0.0834, 1
1.804747, -119.9882, [71], CHUNK, ['T'], VKLTPLCVTLNCTNVTNNTTN-------------------------------------NTRGEIKN----CTFNM-T-TN--LRD-KK-KKE-TSTF-YKLNVVLINNNNNNTSNNS------------------------------------------NNNNTLT---NCNTSTI-T---QT, 0.0834, 0
1.810442, -30.3022, 82, POINT, I, VKLTPLCVTLNCTNVTNNTTN-------------------------------------NTRGEIKN----CSFNM-T-TN--IRD-KK-KKE-TSTF-YKLNVVLINNNNNNTSNNS------------------------------------------NNNNTLT---NCNTSTI-T---QT, 0.2904, 0
1.804330, -111.1910, [87], CHUNK, ['I'], VKLTPLCVTLNCTNVTNNTTN-------------------------------------NTRGEIKN----CSFNM-T-TN--LRD-KI-KKE-TSTF-YKLNVVLINNNNNNTSNNS------------------------------------------NNNNTLT---NCNTSTI-T---QT, 0.2343, 0
1.810442, -11.1317, 82, POINT, I, VKLTPLCVTLNCTNVTNNTTN-------------------------------------NTRGEIKN----CSFNM-T-TN--IRD-KK-KKE-TSTF-YKLNVVLINNNNNNTSNNS------------------------------------------NNNNTLT---NCNTSTI-T---QT, 0.4417, 0
1.817621, -120.3509, 99, POINT, T, VKLTPLCVTLNCTNVTNNTTN-------------------------------------NTRGEIKN----CSFNM-T-TN--LRD-KK-KKE-TSTF-YTLNVVLINNNNNNTSNNS------------------------------------------NNNNTLT---NCNTSTI-T---QA, 0.0847, 1
1.834633, -111.3524, [74], CHUNK, ['V'], VKLTPLCVTLNCTNVTNNTTN-------------------------------------NTRGEIKN----CSFNV-T-TN--LRD-KK-KKE-TSTF-YTLNVVLINNNNNNTSNNS------------------------------------------NNNNTLT---NCNTSTI-T---QA, 0.1878, 0
1.825626, -113.7216, [96], CHUNK, ['L'], VKLTPLCVTLNCTNVTNNTTN-------------------------------------NTRGEIKN----CSFNM-T-TN--LRD-KK-KKE-TSTL-YTLNVVLINNNNNNTSNNS------------------------------------------NNNNTLT---NCNTSTI-T---QA, 0.0847, 0
1.843396, -120.3120, 60, POINT, N, VKLTPLCVTLNCTNVTNNTTN-------------------------------------NTNGEIKN----CSFNM-T-TN--LRD-KK-KKE-TSTF-YTLNVVLINNNNNNTSNNS------------------------------------------NNNNTLT---NCNTSTI-T---QA, 0.0847, 0
1.837130, -117.6708, [98], CHUNK, ['N'], VKLTPLCVTLNCTNVTNNTTN-------------------------------------NTRGEIKN----CSFNM-T-TN--LRD-KK-KKE-TSTF-NTLNVVLINNNNNNTSNNS------------------------------------------NNNNTLT---NCNTSTI-T---QA, 0.0847, 0
1.810474, -119.7524, [93], CHUNK, ['N'], VKLTPLCVTLNCTNVTNNTTN-------------------------------------NTRGEIKN----CSFNM-T-TN--LRD-KK-KKE-NSTF-YKLNVVLINNNNNNTSNNS------------------------------------------NNNNTLT---NCNTSTI-T---QA, 0.0847, 0
1.809404, -113.5670, 96, POINT, L, VKLTPLCVTLNCTNVTNNTTN-------------------------------------NTRGEIKN----CSFNM-T-TN--LRD-KK-KKE-TSTL-YKLNVVLINNNNNNTSNNS------------------------------------------NNNNTLT---NCNTSTI-T---QA, 0.0847, 0
1.804555, -120.6253, 91, POINT, K, VKLTPLCVTLNCTNVTNNTTN-------------------------------------NTRGEIKN----CSFNM-T-TN--LRD-KK-KKK-TSTF-YKLNVVLINNNNNNTSNNS------------------------------------------NNNNTLT---NCNTSTI-T---QA, 0.0847, 0
1.804887, -119.8014, 161, POINT, T, VKLTPLCVTLNCTNVTNNTTN-------------------------------------NTRGEIKN----CSFNM-T-TN--LRD-KK-KKE-TSTF-YKLNVVLINNNNNNTSNNS------------------------------------------NNTNTLT---NCNTSTI-T---QA, 0.0870, 0
1.826933, -118.6928, 14, POINT, N, VKLTPLCVTLNCTNNTNNTTN-------------------------------------NTRGEIKN----CSFNM-T-TN--LRD-KK-KKE-TSLF-YKLNVVLINNNNNNTSNNS------------------------------------------NNNNTLT---NCNTSTI-T---QA, 0.0847, 0
1.822940, -100.9234, [61], CHUNK, ['T'], VKLTPLCVTLNCTNVTNNTTN-------------------------------------NTRTEIKN----CSFNM-T-TN--LRD-KK-KKE-TSLF-YKLNVVLINNNNNNTSNNS------------------------------------------NNNNTLT---NCNTSTI-T---QA, 0.0847, 0
1.817456, -115.8013, 74, POINT, V, VKLTPLCVTLNCTNVTNNTTN-------------------------------------NTRGEIKN----CSFNV-T-TN--LRD-KK-KKE-TSLF-YKLNVVLINNNNNNTSNNS------------------------------------------NNNNTLT---NCNTSTI-T---QA, 0.2555, 1
1.820209, -109.4286, [96], CHUNK, ['L'], VKLTPLCVTLNCTNVTNNTTN-------------------------------------NTRGEIKN----CSFNV-T-TN--LRD-KK-KKE-TSLL-YKLNVVLINNNNNNTSNNS------------------------------------------NNNNTLT---NCNTSTI-T---QA, 0.2298, 0
1.820610, -111.4977, [74], CHUNK, ['I'], VKLTPLCVTLNCTNVTNNTTN-------------------------------------NTRGEIKN----CSFNI-T-TN--LRD-KK-KKE-TSLF-YKLNVVLINNNNNNTSNNS------------------------------------------NNNNTLT---NCNTSTI-T---QA, 0.2025, 0
1.818794, -115.8253, 182, POINT, T, VKLTPLCVTLNCTNVTNNTTN-------------------------------------NTRGEIKN----CSFNV-T-TN--LRD-KK-KKE-TSLF-YKLNVVLINNNNNNTSNNS------------------------------------------NNNNTLT---NCNTSTI-T---QT, 0.2474, 0
1.819089, -108.0556, 91, POINT, V, VKLTPLCVTLNCTNVTNNTTN-------------------------------------NTRGEIKN----CSFNV-T-TN--LRD-KK-KKV-TSLF-YKLNVVLINNNNNNTSNNS------------------------------------------NNNNTLT---NCNTSTI-T---QA, 0.2558, 0
1.810008, -118.0147, 84, POINT, T, VKLTPLCVTLNCTNVTNNTTN-------------------------------------NTRGEIKN----CSFNM-T-TN--LRT-KK-KKE-TSLF-YKLNVVLINNNNNNTSNNS------------------------------------------NNNNTLT---NCNTSTI-T---QA, 0.0847, 0
1.800894, -120.5172, [93], CHUNK, ['N'], VKLTPLCVTLNCTNVTNNTTN-------------------------------------NTRGEIKN----CSFNM-T-TN--LRD-KK-KKE-NSLF-YKLNVVLINNNNNNTSNNS------------------------------------------NNNNTLT---NCNTSTI-T---QA, 0.0985, 0
1.819824, -116.7998, 72, POINT, T, VKLTPLCVTLNCTNVTNNTTN-------------------------------------NTRGEIKN----CSTNM-T-TN--LRD-KK-KKE-TSLF-YKLNVVLINNNNNNTSNNS------------------------------------------NNNNTLT---NCNTSTI-T---QA, 0.0847, 0
1.810446, -120.4792, [62], CHUNK, ['T'], VKLTPLCVTLNCTNVTNNTTN-------------------------------------NTRGTIKN----CSFNM-T-TN--LRD-KK-KKE-TSLF-YKLNVVLINNNNNNTSNNS------------------------------------------NNNNTLT---NCNTSTI-T---QA, 0.0847, 0
1.795490, -115.4121, 74, POINT, I, VKLTPLCVTLNCTNVTNNITN-------------------------------------NTRGEIKN----CSFNI-T-TN--LRD-KK-KKE-TSLF-YKLNVVLINNNNNNTSNNS------------------------------------------NNNNTLT---NCNTSTI-T---QA, 0.3097, 0
1.786148, -119.7645, [98], CHUNK, ['N'], VKLTPLCVTLNCTNVTNNITN-------------------------------------NTRGEIKN----CSFNM-T-TN--LRD-KK-KKE-TSLF-NKLNVVLINNNNNNTSNNS------------------------------------------NNNNTLT---NCNTSTI-T---QA, 0.1314, 0
1.792016, -117.0921, [82], CHUNK, ['T'], VKLTPLCVTLNCTNVTNNITN-------------------------------------NTRGEIKN----CSFNM-T-TN--TRD-KK-KKE-TSLF-YKLNVVLINNNNNNTSNNS------------------------------------------NNNNTLT---NCNTSTI-T---QA, 0.0847, 1
1.794768, -110.4671, 96, POINT, L, VKLTPLCVTLNCTNVTNNITN-------------------------------------NTRGEIKN----CSFNM-T-TN--TRD-KK-KKE-TSLL-YKLNVVLINNNNNNTSNNS------------------------------------------NNNNTLT---NCNTSTI-T---QA, 0.0847, 0
1.792515, -107.3708, 87, POINT, I, VKLTPLCVTLNCTNVTNNITN-------------------------------------NTRGEIKN----CSFNM-T-TN--TRD-KI-KKE-TSLF-YKLNVVLINNNNNNTSNNS------------------------------------------NNNNTLT---NCNTSTI-T---QA, 0.0849, 0
1.816219, -99.7131, 61, POINT, N, VKLTPLCVTLNCTNVTNNITN-------------------------------------NTRNEIKN----CSFNM-T-TN--TRD-KK-KKE-TSLF-YKLNVVLINNNNNNTSNNS------------------------------------------NNNNTLT---NCNTSTI-T---QA, 0.0847, 0
1.796063, -114.6601, [60], CHUNK, ['K'], VKLTPLCVTLNCTNVTNNITN-------------------------------------NTKGEIKN----CSFNM-T-TN--TRD-KK-KKE-TSLF-YKLNVVLINNNNNNTSNNS------------------------------------------NNNNTLT---NCNTSTI-T---QA, 0.0847, 0
1.786148, -119.5481, [98], CHUNK, ['N'], VKLTPLCVTLNCTNVTNNITN-------------------------------------NTRGEIKN----CSFNM-T-TN--LRD-KK-KKE-TSLF-NKLNVVLINNNNNNTSNNS------------------------------------------NNNNTLT---NCNTSTI-T---QA, 0.0847, 1
1.790881, -113.5003, [96], CHUNK, ['L'], VKLTPLCVTLNCTNVTNNITN-------------------------------------NTRGEIKN----CSFNM-T-TN--LRD-KK-KKE-TSLL-NKLNVVLINNNNNNTSNNS------------------------------------------NNNNTLT---NCNTSTI-T---QA, 0.1727, 0
1.787459, -119.2099, 93, POINT, N, VKLTPLCVTLNCTNVTNNITN-------------------------------------NTRGEIKN----CSFNM-T-TN--LRD-KK-KKE-NSLF-NKLNVVLINNNNNNTSNNS------------------------------------------NNNNTLT---NCNTSTI-T---QA, 0.0821, 1
1.790071, -112.5487, 96, POINT, L, VKLTPLCVTLNCTNVTNNITN-------------------------------------NTRGEIKN----CSFNM-T-TN--LRD-KK-KKE-NSLL-NKLNVVLINNNNNNTSNNS------------------------------------------NNNNTLT---NCNTSTI-T---QA, 0.0821, 0
1.793810, -0.1563, 82, POINT, I, VKLTPLCVTLNCTNVTNNITN-------------------------------------NTRGEIKN----CSFNM-T-TN--IRD-KK-KKE-NSLF-NKLNVVLINNNNNNTSNNS------------------------------------------NNNNTLT---NCNTSTI-T---QA, 0.0938, 0
1.802002, -118.7227, [62], CHUNK, ['N'], VKLTPLCVTLNCTNVTNNITN-------------------------------------NTRGNIKN----CSFNM-T-TN--LRD-KK-KKE-NSLF-NKLNVVLINNNNNNTSNNS------------------------------------------NNNNTLT---NCNTSTI-T---QA, 0.0957, 0
1.793810, -52.4889, 82, POINT, I, VKLTPLCVTLNCTNVTNNITN-------------------------------------NTRGEIKN----CSFNM-T-TN--IRD-KK-KKE-NSLF-NKLNVVLINNNNNNTSNNS------------------------------------------NNNNTLT---NCNTSTI-T---QA, 0.2749, 0
1.808136, -119.7087, [99], CHUNK, ['T'], VKLTPLCVTLNCTNVTNNITN-------------------------------------NTRGEIKN----CSFNM-T-TN--LRD-KK-KKE-TSLF-NTLNVVLINNNNNNTSNNS------------------------------------------NNNNTLT---NCNTSTI-T---QA, 0.0847, 0
1.793180, -4.8122, 82, POINT, I, VKLTPLCVTLNCTNVTNNITN-------------------------------------NTRGEIKN----CSFNM-T-TN--IRD-KK-KKE-TSLF-NKLNVVLINNNNNNTSNNS------------------------------------------NNNNTLT---NCNTSTI-T---QA, 0.2652, 0
1.795688, -119.1240, 62, POINT, T, VKLTPLCVTLNCTNVTNNITN-------------------------------------NTRGTIKN----CSFNM-T-TN--LRD-KK-KKE-TSLF-NKLNVVLINNNNNNTSNNS------------------------------------------NNNNTLT---NCNTSTI-T---QA, 0.0847, 0
1.790881, -112.9188, 96, POINT, L, VKLTPLCVTLNCTNVTNNITN-------------------------------------NTRGEIKN----CSFNM-T-TN--LRD-KK-KKE-TSLL-NKLNVVLINNNNNNTSNNS------------------------------------------NNNNTLT---NCNTSTI-T---QA, 0.0847, 0
1.800444, -120.7767, 18, POINT, T, VKLTPLCVTLNCTNVTNNTTN-------------------------------------NTRGEIKN----CSFNM-T-TN--LRD-KK-KKE-TSLF-YKLNVVLINNNNNNTSNNS------------------------------------------NNNNTLT---NCNTSTI-T---QA, 0.0942, 1
1.820610, -113.7063, 74, POINT, I, VKLTPLCVTLNCTNVTNNTTN-------------------------------------NTRGEIKN----CSFNI-T-TN--LRD-KK-KKE-TSLF-YKLNVVLINNNNNNTSNNS------------------------------------------NNNNTLT---NCNTSTI-T---QA, 0.1570, 0
1.801780, -120.5747, [71], CHUNK, ['T'], VKLTPLCVTLNCTNVTNNTTN-------------------------------------NTRGEIKN----CTFNM-T-TN--LRD-KK-KKE-TSLF-YKLNVVLINNNNNNTSNNS------------------------------------------NNNNTLT---NCNTSTI-T---QA, 0.0942, 0
1.807475, -4.5470, 82, POINT, I, VKLTPLCVTLNCTNVTNNTTN-------------------------------------NTRGEIKN----CSFNM-T-TN--IRD-KK-KKE-TSLF-YKLNVVLINNNNNNTSNNS------------------------------------------NNNNTLT---NCNTSTI-T---QA, 0.1627, 0
1.803196, -114.2613, 96, POINT, L, VKLTPLCVTLNCTNVTNNTTN-------------------------------------NTRGEIKN----CSFNM-T-TN--LRD-KK-KKE-TSLL-YKLNVVLINNNNNNTSNNS------------------------------------------NNNNTLT---NCNTSTI-T---QA, 0.1078, 0
1.785028, -122.8189, [113], CHUNK, ['N'], VKLTPLCVTLNCTNVTNNITN-------------------------------------NTRGEIKN----CSFNM-T-TN--LRD-KK-KKE-TSLF-YKLNVVLINNNNNNTNNNS------------------------------------------NNNNTLT---NCNTSTI-T---QA, 0.0847, 1
1.786665, 163.4988, 61, POINT, V, VKLTPLCVTLNCTNVTNNITN-------------------------------------NTRVEIKN----CSFNM-T-TN--LRD-KK-KKE-TSLF-YKLNVVLINNNNNNTNNNS------------------------------------------NNNNTLT---NCNTSTI-T---QA, 0.0847, 0
1.801720, -118.1076, 82, POINT, T, VKLTPLCVTLNCTNVTNNITN-------------------------------------NTRGEIKN----CSFNM-T-TN--TRD-KK-KKE-TSLF-YKLNVVLINNNNNNTNNNS------------------------------------------NNNNTLT---NCNTSTI-T---QA, 0.0847, 0
1.805194, -113.1688, 74, POINT, I, VKLTPLCVTLNCTNVTNNITN-------------------------------------NTRGEIKN----CSFNI-T-TN--LRD-KK-KKE-TSLF-YKLNVVLINNNNNNTNNNS------------------------------------------NNNNTLT---NCNTSTI-T---QA, 0.2622, 0
1.802041, -117.7871, [74], CHUNK, ['V'], VKLTPLCVTLNCTNVTNNITN-------------------------------------NTRGEIKN----CSFNV-T-TN--LRD-KK-KKE-TSLF-YKLNVVLINNNNNNTNNNS------------------------------------------NNNNTLT---NCNTSTI-T---QA, 0.1848, 0
1.778077, -115.1783, [96], CHUNK, ['L'], VKLTPLCVTLNCTNVTNNITN-------------------------------------NTRGEIKN----CSFNM-T-TN--LRD-KK-KKE-TSLL-YKLNVVLINNNNNNTSNNS------------------------------------------NNNNTLT---NCNTSTI-T---QA, 0.0847, 0
1.792337, -116.4980, [74], CHUNK, ['V'], VKLTPLCVTLNCTNVTNNITN-------------------------------------NTRGEIKN----CSFNV-T-TN--LRD-KK-KKE-TSLF-YKLNVVLINNNNNNTSNNS------------------------------------------NNNNTLT---NCNTSTI-T---QA, 0.1374, 0
1.776696, -120.6616, 173, POINT, T, VKLTPLCVTLNCTNVTNNITN-------------------------------------NTRGEIKN----CSFNM-T-TN--LRD-KK-KKE-TSLF-YKLNVVLINNNNNNTSNNS------------------------------------------NNNNTLT---NCNTTTI-T---QA, 0.1202, 1
1.785445, -118.4828, 99, POINT, N, VKLTPLCVTLNCTNVTNNITN-------------------------------------NTRGEIKN----CSFNM-T-TN--LRD-KK-KKE-TSLF-YNLNVVLINNNNNNTSNNS------------------------------------------NNNNTLT---NCNTTTI-T---QA, 0.1202, 0
1.787034, -121.2795, [84], CHUNK, ['N'], VKLTPLCVTLNCTNVTNNITN-------------------------------------NTRGEIKN----CSFNM-T-TN--LRN-KK-KKE-TSLF-YKLNVVLINNNNNNTSNNS------------------------------------------NNNNTLT---NCNTTTI-T---QA, 0.1202, 0
1.793644, -120.2013, 83, POINT, N, VKLTPLCVTLNCTNVTNNITN-------------------------------------NTRGEIKN----CSFNM-T-TN--LND-KK-KKE-TSLF-YKLNVVLINNNNNNTSNNS------------------------------------------NNNNTLT---NCNTTTI-T---QA, 0.1202, 0
1.785955, -120.5139, 89, POINT, T, VKLTPLCVTLNCTNVTNNITN-------------------------------------NTRGEIKN----CSFNM-T-TN--LRD-KK-TKE-TSLF-YKLNVVLINNNNNNTSNNS------------------------------------------NNNNTLT---NCNTTTI-T---QA, 0.1352, 1
1.819557, -117.7939, [74], CHUNK, ['T'], VKLTPLCVTLNCTNVTNNITN-------------------------------------NTRGEIKN----CSFNT-T-TN--LRD-KK-TKE-TSLF-YKLNVVLINNNNNNTSNNS------------------------------------------NNNNTLT---NCNTTTI-T---QA, 0.1352, 0
1.801774, -121.1620, [90], CHUNK, ['N'], VKLTPLCVTLNCTNVTNNITN-------------------------------------NTRGEIKN----CSFNM-T-TN--LRD-KK-TNE-TSLF-YKLNVVLINNNNNNTSNNS------------------------------------------NNNNTLT---NCNTTTI-T---QA, 0.1352, 1
1.811017, -118.9877, 99, POINT, N, VKLTPLCVTLNCTNVTNNITN-------------------------------------NTRGEIKN----CSFNM-T-TN--LRD-KK-TNE-TSLF-YNLNVVLINNNNNNTSNNS------------------------------------------NNNNTLT---NCNTTTI-T---QA, 0.1352, 0
1.805322, -121.1089, [4], CHUNK, ['T'], VKLTTLCVTLNCTNVTNNITN-------------------------------------NTRGEIKN----CSFNM-T-TN--LRD-KK-TNE-TSLF-YKLNVVLINNNNNNTSNNS------------------------------------------NNNNTLT---NCNTTTI-T---QA, 0.1352, 0
1.811478, -122.2938, [113], CHUNK, ['N'], VKLTPLCVTLNCTNVTNNITN-------------------------------------NTRGEIKN----CSFNM-T-TN--LRD-KK-TNE-TSLF-YKLNVVLINNNNNNTNNNS------------------------------------------NNNNTLT---NCNTTTI-T---QA, 0.1348, 1
1.831916, -120.5229, 18, POINT, N, VKLTPLCVTLNCTNVTNNNTN-------------------------------------NTRGEIKN----CSFNM-T-TN--LRD-KK-TNE-TSLF-YKLNVVLINNNNNNTNNNS------------------------------------------NNNNTLT---NCNTTTI-T---QA, 0.1348, 1
1.837841, -3.0625, 82, POINT, I, VKLTPLCVTLNCTNVTNNNTN-------------------------------------NTRGEIKN----CSFNM-T-TN--IRD-KK-TNE-TSLF-YKLNVVLINNNNNNTNNNS------------------------------------------NNNNTLT---NCNTTTI-T---QA, 0.1809, 0
1.852082, -114.7194, 74, POINT, I, VKLTPLCVTLNCTNVTNNNTN-------------------------------------NTRGEIKN----CSFNI-T-TN--LRD-KK-TNE-TSLF-YKLNVVLINNNNNNTNNNS------------------------------------------NNNNTLT---NCNTTTI-T---QA, 0.1617, 0
1.839050, -120.0735, 95, POINT, T, VKLTPLCVTLNCTNVTNNNTN-------------------------------------NTRGEIKN----CSFNM-T-TN--LRD-KK-TNE-TSTF-YKLNVVLINNNNNNTNNNS------------------------------------------NNNNTLT---NCNTTTI-T---QA, 0.1348, 0
1.865518, -117.8041, [74], CHUNK, ['T'], VKLTPLCVTLNCTNVTNNNTN-------------------------------------NTRGEIKN----CSFNT-T-TN--LRD-KK-TNE-TSLF-YKLNVVLINNNNNNTNNNS------------------------------------------NNNNTLT---NCNTTTI-T---QA, 0.1348, 0
1.815267, -99.1204, 61, POINT, D, VKLTPLCVTLNCTNVTNNITN-------------------------------------NTRDEIKN----CSFNM-T-TN--LRD-KK-TNE-TSLF-YKLNVVLINNNNNNTNNNS------------------------------------------NNNNTLT---NCNTTTI-T---QA, 0.1348, 0
1.818166, -121.9899, [159], CHUNK, ['T'], VKLTPLCVTLNCTNVTNNITN-------------------------------------NTRGEIKN----CSFNM-T-TN--LRD-KK-TNE-TSLF-YKLNVVLINNNNNNTNNNS------------------------------------------TNNNTLT---NCNTTTI-T---QA, 0.1298, 1
1.838331, -115.0741, [74], CHUNK, ['I'], VKLTPLCVTLNCTNVTNNITN-------------------------------------NTRGEIKN----CSFNI-T-TN--LRD-KK-TNE-TSLF-YKLNVVLINNNNNNTNNNS------------------------------------------TNNNTLT---NCNTTTI-T---QA, 0.1931, 0
1.831529, -119.7519, 98, POINT, N, VKLTPLCVTLNCTNVTNNITN-------------------------------------NTRGEIKN----CSFNM-T-TN--LRD-KK-TNE-TSLF-NKLNVVLINNNNNNTNNNS------------------------------------------TNNNTLT---NCNTTTI-T---QA, 0.1298, 0
1.830739, -119.3012, [84], CHUNK, ['T'], VKLTPLCVTLNCTNVTNNITN-------------------------------------NTRGEIKN----CSFNM-T-TN--LRT-KK-TNE-TSLF-YKLNVVLINNNNNNTNNNS------------------------------------------TNNNTLT---NCNTTTI-T---QA, 0.1298, 1
1.832075, -118.4928, 71, POINT, T, VKLTPLCVTLNCTNVTNNITN-------------------------------------NTRGEIKN----CTFNM-T-TN--LRT-KK-TNE-TSLF-YKLNVVLINNNNNNTNNNS------------------------------------------TNNNTLT---NCNTTTI-T---QA, 0.1298, 0
1.837766, -118.3464, [64], CHUNK, ['T'], VKLTPLCVTLNCTNVTNNITN-------------------------------------NTRGEITN----CSFNM-T-TN--LRT-KK-TNE-TSLF-YKLNVVLINNNNNNTNNNS------------------------------------------TNNNTLT---NCNTTTI-T---QA, 0.1298, 0
1.849575, -114.6898, [82], CHUNK, ['T'], VKLTPLCVTLNCTNVTNNITN-------------------------------------NTRGEIKN----CSFNM-T-TN--TRT-KK-TNE-TSLF-YKLNVVLINNNNNNTNNNS------------------------------------------TNNNTLT---NCNTTTI-T---QA, 0.1329, 0
1.850841, -107.0008, [74], CHUNK, ['I'], VKLTPLCVTLNCTNVTNNITN-------------------------------------NTRGEIKN----CSFNI-T-TN--LRT-KK-TNE-TSLF-YKLNVVLINNNNNNTNNNS------------------------------------------TNNNTLT---NCNTTTI-T---QA, 0.4343, 0
1.843285, -120.9252, 18, POINT, T, VKLTPLCVTLNCTNVTNNTTN-------------------------------------NTRGEIKN----CSFNM-T-TN--LRD-KK-TNE-TSLF-YKLNVVLINNNNNNTNNNS------------------------------------------TNNNTLT---NCNTTTI-T---QA, 0.1373, 0
1.824090, -21.9493, [82], CHUNK, ['I'], VKLTPLCVTLNCTNVTNNITN-------------------------------------NTRGEIKN----CSFNM-T-TN--IRD-KK-TNE-TSLF-YKLNVVLINNNNNNTNNNS------------------------------------------TNNNTLT---NCNTTTI-T---QA, 0.3012, 0
1.831490, -121.6154, [116], CHUNK, ['N'], VKLTPLCVTLNCTNVTNNITN-------------------------------------NTRGEIKN----CSFNM-T-TN--LRD-KK-TNE-TSLF-YKLNVVLINNNNNNTNNNN------------------------------------------TNNNTLT---NCNTTTI-T---QA, 0.1298, 0
1.830739, -119.3012, 84, POINT, T, VKLTPLCVTLNCTNVTNNITN-------------------------------------NTRGEIKN----CSFNM-T-TN--LRT-KK-TNE-TSLF-YKLNVVLINNNNNNTNNNS------------------------------------------TNNNTLT---NCNTTTI-T---QA, 0.1298, 0
1.816705, -117.4627, 96, POINT, L, VKLTPLCVTLNCTNVTNNITN-------------------------------------NTRGEIKN----CSFNM-T-TN--LRD-KK-TNE-TSLL-YKLNVVLINNNNNNTNNNS------------------------------------------NNNNTLT---NCNTTTI-T---QA, 0.1287, 0
1.822329, -122.0065, [116], CHUNK, ['N'], VKLTPLCVTLNCTNVTNNITN-------------------------------------NTRGEIKN----CSFNM-T-TN--LRD-KK-TNE-TSLF-YKLNVVLINNNNNNTNNNN------------------------------------------NNNNTLT---NCNTTTI-T---QA, 0.1348, 0
1.821018, -122.0541, 62, POINT, T, VKLTPLCVTLNCTNVTNNITN-------------------------------------NTRGTIKN----CSFNM-T-TN--LRD-KK-TNE-TSLF-YKLNVVLINNNNNNTNNNS------------------------------------------NNNNTLT---NCNTTTI-T---QA, 0.1348, 1
1.837951, -112.3442, [74], CHUNK, ['V'], VKLTPLCVTLNCTNVTNNITN-------------------------------------NTRGTIKN----CSFNV-T-TN--LRD-KK-TNE-TSLF-YKLNVVLINNNNNNTNNNS------------------------------------------NNNNTLT---NCNTTTI-T---QA, 0.2542, 0
1.825695, -123.7746, 91, POINT, V, VKLTPLCVTLNCTNVTNNITN-------------------------------------NTRGTIKN----CSFNM-T-TN--LRD-KK-TNV-TSLF-YKLNVVLINNNNNNTNNNS------------------------------------------NNNNTLT---NCNTTTI-T---QA, 0.1332, 0
1.824921, -112.1405, 87, POINT, I, VKLTPLCVTLNCTNVTNNITN-------------------------------------NTRGTIKN----CSFNM-T-TN--LRD-KI-TNE-TSLF-YKLNVVLINNNNNNTNNNS------------------------------------------NNNNTLT---NCNTTTI-T---QA, 0.2054, 0
1.826943, -5.9383, [82], CHUNK, ['I'], VKLTPLCVTLNCTNVTNNITN-------------------------------------NTRGTIKN----CSFNM-T-TN--IRD-KK-TNE-TSLF-YKLNVVLINNNNNNTNNNS------------------------------------------NNNNTLT---NCNTTTI-T---QA, 0.1839, 0
1.824841, -120.0560, 98, POINT, N, VKLTPLCVTLNCTNVTNNITN-------------------------------------NTRGEIKN----CSFNM-T-TN--LRD-KK-TNE-TSLF-NKLNVVLINNNNNNTNNNS------------------------------------------NNNNTLT---NCNTTTI-T---QA, 0.1348, 0
1.828442, -123.0007, 84, POINT, N, VKLTPLCVTLNCTNVTNNITN-------------------------------------NTRGEIKN----CSFNM-T-TN--LRN-KK-TNE-TSLF-YKLNVVLINNNNNNTNNNS------------------------------------------NNNNTLT---NCNTTTI-T---QA, 0.1320, 1
1.832348, -123.0219, 83, POINT, K, VKLTPLCVTLNCTNVTNNITN-------------------------------------NTRGEIKN----CSFNM-T-TN--LKN-KK-TNE-TSLF-YKLNVVLINNNNNNTNNNS------------------------------------------NNNNTLT---NCNTTTI-T---QA, 0.1367, 0
1.841805, -120.7665, 98, POINT, N, VKLTPLCVTLNCTNVTNNITN-------------------------------------NTRGEIKN----CSFNM-T-TN--LRN-KK-TNE-TSLF-NKLNVVLINNNNNNTNNNS------------------------------------------NNNNTLT---NCNTTTI-T---QA, 0.1320, 0
1.848880, -121.2308, [18], CHUNK, ['N'], VKLTPLCVTLNCTNVTNNNTN-------------------------------------NTRGEIKN----CSFNM-T-TN--LRN-KK-TNE-TSLF-YKLNVVLINNNNNNTNNNS------------------------------------------NNNNTLT---NCNTTTI-T---QA, 0.1320, 0
1.845070, -118.1266, 74, POINT, V, VKLTPLCVTLNCTNVTNNITN-------------------------------------NTRGEIKN----CSFNV-T-TN--LRN-KK-TNE-TSLF-YKLNVVLINNNNNNTNNNS------------------------------------------NNNNTLT---NCNTTTI-T---QA, 0.1163, 0
1.831916, -120.5229, [18], CHUNK, ['N'], VKLTPLCVTLNCTNVTNNNTN-------------------------------------NTRGEIKN----CSFNM-T-TN--LRD-KK-TNE-TSLF-YKLNVVLINNNNNNTNNNS------------------------------------------NNNNTLT---NCNTTTI-T---QA, 0.1348, 1
1.832537, -120.6331, 83, POINT, K, VKLTPLCVTLNCTNVTNNNTN-------------------------------------NTRGEIKN----CSFNM-T-TN--LKD-KK-TNE-TSLF-YKLNVVLINNNNNNTNNNS------------------------------------------NNNNTLT---NCNTTTI-T---QA, 0.1344, 0
1.848880, -121.1658, [84], CHUNK, ['N'], VKLTPLCVTLNCTNVTNNNTN-------------------------------------NTRGEIKN----CSFNM-T-TN--LRN-KK-TNE-TSLF-YKLNVVLINNNNNNTNNNS------------------------------------------NNNNTLT---NCNTTTI-T---QA, 0.1348, 1
1.868888, -113.0562, 74, POINT, I, VKLTPLCVTLNCTNVTNNNTN-------------------------------------NTRGEIKN----CSFNI-T-TN--LRN-KK-TNE-TSLF-YKLNVVLINNNNNNTNNNS------------------------------------------NNNNTLT---NCNTTTI-T---QA, 0.1568, 0
1.854107, -116.0492, [96], CHUNK, ['L'], VKLTPLCVTLNCTNVTNNNTN-------------------------------------NTRGEIKN----CSFNM-T-TN--LRN-KK-TNE-TSLL-YKLNVVLINNNNNNTNNNS------------------------------------------NNNNTLT---NCNTTTI-T---QA, 0.1348, 0
1.854366, -19.3386, 82, POINT, I, VKLTPLCVTLNCTNVTNNNTN-------------------------------------NTRGEIKN----CSFNM-T-TN--IRN-KK-TNE-TSLF-YKLNVVLINNNNNNTNNNS------------------------------------------NNNNTLT---NCNTTTI-T---QA, 0.2158, 0
1.854107, -116.0492, [96], CHUNK, ['L'], VKLTPLCVTLNCTNVTNNNTN-------------------------------------NTRGEIKN----CSFNM-T-TN--LRN-KK-TNE-TSLL-YKLNVVLINNNNNNTNNNS------------------------------------------NNNNTLT---NCNTTTI-T---QA, 0.1348, 0
1.859121, -118.5147, [14], CHUNK, ['N'], VKLTPLCVTLNCTNNTNNNTN-------------------------------------NTRGEIKN----CSFNM-T-TN--LRD-KK-TNE-TSLF-YKLNVVLINNNNNNTNNNS------------------------------------------NNNNTLT---NCNTTTI-T---QA, 0.1348, 0
1.848929, -113.7575, 74, POINT, V, VKLTPLCVTLNCTNVTNNNTN-------------------------------------NTRGEIKN----CSFNV-T-TN--LRD-KK-TNE-TSLF-YKLNVVLINNNNNNTNNNS------------------------------------------NNNNTLT---NCNTTTI-T---QA, 0.2500, 0
1.848929, -112.0237, 74, POINT, V, VKLTPLCVTLNCTNVTNNNTN-------------------------------------NTRGEIKN----CSFNV-T-TN--LRD-KK-TNE-TSLF-YKLNVVLINNNNNNTNNNS------------------------------------------NNNNTLT---NCNTTTI-T---QA, 0.3237, 0
1.848880, -121.2389, 84, POINT, N, VKLTPLCVTLNCTNVTNNNTN-------------------------------------NTRGEIKN----CSFNM-T-TN--LRN-KK-TNE-TSLF-YKLNVVLINNNNNNTNNNS------------------------------------------NNNNTLT---NCNTTTI-T---QA, 0.1442, 0
------END OF DATA------
Best coverage = 1.84887992977
Best sequence = VKLTPLCVTLNCTNVTNNNTN-------------------------------------NTRGEIKN----CSFNM-T-TN--LRN-KK-TNE-TSLF-YKLNVVLINNNNNNTNNNS------------------------------------------NNNNTLT---NCNTTTI-T---QA
Best energy = -121.16577146
Best RMSD = 0.134782701731
Hard Covereage = 0.0529029517556
Num epitopes = 43
