Name base = V1V2_200_exp_9_10_ni
Iters = 200
Soft coverage = 0.284621885725
Energy = -128.717377515
Hard Covereage = 0.0368019545157
Num epitopes = 65
Initial seq = VKLTPLCVTLQCTNVTNNITD-------------------------------------DMRGELKN----CSFNM-T-TE--LRD-KK-QKV-YSLF-YRLDVVQINENQGNRSNNS------------------------------------------NKEYRLI---NCNTSAI-T---QA
-------START OF DATA------
0.308289, -129.9358, [10], CHUNK, ['N'], VKLTPLCVTLNCTNVTNNITD-------------------------------------DMRGELKN----CSFNM-T-TE--LRD-KK-QKV-YSLF-YRLDVVQINENQGNRSNNS------------------------------------------NKEYRLI---NCNTSAI-T---QA, 0.0882, 1
0.315571, -105.6431, 174, POINT, V, VKLTPLCVTLNCTNVTNNITD-------------------------------------DMRGELKN----CSFNM-T-TE--LRD-KK-QKV-YSLF-YRLDVVQINENQGNRSNNS------------------------------------------NKEYRLI---NCNTSVI-T---QA, 0.2652, 0
0.315571, -108.2775, 174, POINT, V, VKLTPLCVTLNCTNVTNNITD-------------------------------------DMRGELKN----CSFNM-T-TE--LRD-KK-QKV-YSLF-YRLDVVQINENQGNRSNNS------------------------------------------NKEYRLI---NCNTSVI-T---QA, 0.2927, 0
0.321641, -128.5815, [91, 94], CHUNK, ['E', 'A'], VKLTPLCVTLNCTNVTNNITD-------------------------------------DMRGELKN----CSFNM-T-TE--LRD-KK-QKE-YALF-YRLDVVQINENQGNRSNNS------------------------------------------NKEYRLI---NCNTSAI-T---QA, 0.0882, 1
0.329532, -126.7439, 99, POINT, K, VKLTPLCVTLNCTNVTNNITD-------------------------------------DMRGELKN----CSFNM-T-TE--LRD-KK-QKE-YALF-YKLDVVQINENQGNRSNNS------------------------------------------NKEYRLI---NCNTSAI-T---QA, 0.0882, 1
0.339504, -104.2279, [74], CHUNK, ['I'], VKLTPLCVTLNCTNVTNNITD-------------------------------------DMRGELKN----CSFNI-T-TE--LRD-KK-QKE-YALF-YKLDVVQINENQGNRSNNS------------------------------------------NKEYRLI---NCNTSAI-T---QA, 0.2874, 0
0.339504, -112.7381, [74], CHUNK, ['I'], VKLTPLCVTLNCTNVTNNITD-------------------------------------DMRGELKN----CSFNI-T-TE--LRD-KK-QKE-YALF-YKLDVVQINENQGNRSNNS------------------------------------------NKEYRLI---NCNTSAI-T---QA, 0.5138, 0
0.334024, -108.5299, 74, POINT, V, VKLTPLCVTLNCTNVTNNITD-------------------------------------DMRGELKN----CSFNV-T-TE--LRD-KK-QKE-YALF-YKLDVVQINENQGNRSNNS------------------------------------------NKEYRLI---NCNTSAI-T---QA, 0.4827, 0
0.341639, -125.8573, [160, 161], CHUNK, ['T', 'S'], VKLTPLCVTLNCTNVTNNITD-------------------------------------DMRGELKN----CSFNM-T-TE--LRD-KK-QKE-YALF-YKLDVVQINENQGNRSNNS------------------------------------------NTSYRLI---NCNTSAI-T---QA, 0.0882, 1
0.350358, -98.2351, [169, 174], CHUNK, ['S', 'V'], VKLTPLCVTLNCTNVTNNITD-------------------------------------DMRGELKN----CSFNM-T-TE--LRD-KK-QKE-YALF-YKLDVVQINENQGNRSNNS------------------------------------------NTSYRLI---SCNTSVI-T---QA, 0.2314, 0
0.351994, -121.9964, [59, 60, 63], CHUNK, ['E', 'K', 'I'], VKLTPLCVTLNCTNVTNNITD-------------------------------------DEKGEIKN----CSFNM-T-TE--LRD-KK-QKE-YALF-YKLDVVQINENQGNRSNNS------------------------------------------NTSYRLI---NCNTSAI-T---QA, 0.0882, 0
0.351610, -104.0305, [74], CHUNK, ['I'], VKLTPLCVTLNCTNVTNNITD-------------------------------------DMRGELKN----CSFNI-T-TE--LRD-KK-QKE-YALF-YKLDVVQINENQGNRSNNS------------------------------------------NTSYRLI---NCNTSAI-T---QA, 0.3000, 0
0.351610, -109.9112, [74], CHUNK, ['I'], VKLTPLCVTLNCTNVTNNITD-------------------------------------DMRGELKN----CSFNI-T-TE--LRD-KK-QKE-YALF-YKLDVVQINENQGNRSNNS------------------------------------------NTSYRLI---NCNTSAI-T---QA, 0.2447, 0
0.334615, -126.1684, 160, POINT, T, VKLTPLCVTLNCTNVTNNITD-------------------------------------DMRGELKN----CSFNM-T-TE--LRD-KK-QKE-YALF-YKLDVVQINENQGNRSNNS------------------------------------------NTEYRLI---NCNTSAI-T---QA, 0.0882, 1
0.343229, -126.8209, [106, 107, 108, 109, 110], CHUNK, ['D', 'N', 'E', 'N', 'T'], VKLTPLCVTLNCTNVTNNITD-------------------------------------DMRGELKN----CSFNM-T-TE--LRD-KK-QKE-YALF-YKLDVVQIDNENTNRSNNS------------------------------------------NTEYRLI---NCNTSAI-T---QA, 0.0882, 1
0.350500, -125.1189, 63, POINT, I, VKLTPLCVTLNCTNVTNNITD-------------------------------------DMRGEIKN----CSFNM-T-TE--LRD-KK-QKE-YALF-YKLDVVQIDNENTNRSNNS------------------------------------------NTEYRLI---NCNTSAI-T---QA, 0.0882, 0
0.347721, -113.6998, 74, POINT, V, VKLTPLCVTLNCTNVTNNITD-------------------------------------DMRGELKN----CSFNV-T-TE--LRD-KK-QKE-YALF-YKLDVVQIDNENTNRSNNS------------------------------------------NTEYRLI---NCNTSAI-T---QA, 0.1880, 1
0.355003, -100.1985, [174], CHUNK, ['V'], VKLTPLCVTLNCTNVTNNITD-------------------------------------DMRGELKN----CSFNV-T-TE--LRD-KK-QKE-YALF-YKLDVVQIDNENTNRSNNS------------------------------------------NTEYRLI---NCNTSVI-T---QA, 0.3712, 0
0.355003, -99.4914, 174, POINT, V, VKLTPLCVTLNCTNVTNNITD-------------------------------------DMRGELKN----CSFNV-T-TE--LRD-KK-QKE-YALF-YKLDVVQIDNENTNRSNNS------------------------------------------NTEYRLI---NCNTSVI-T---QA, 0.2592, 0
0.353201, -112.4689, 74, POINT, I, VKLTPLCVTLNCTNVTNNITD-------------------------------------DMRGELKN----CSFNI-T-TE--LRD-KK-QKE-YALF-YKLDVVQIDNENTNRSNNS------------------------------------------NTEYRLI---NCNTSAI-T---QA, 0.2613, 0
0.350558, -112.7594, 20, POINT, T, VKLTPLCVTLNCTNVTNNITT-------------------------------------DMRGELKN----CSFNV-T-TE--LRD-KK-QKE-YALF-YKLDVVQIDNENTNRSNNS------------------------------------------NTEYRLI---NCNTSAI-T---QA, 0.1398, 0
0.350500, -125.1189, 63, POINT, I, VKLTPLCVTLNCTNVTNNITD-------------------------------------DMRGEIKN----CSFNM-T-TE--LRD-KK-QKE-YALF-YKLDVVQIDNENTNRSNNS------------------------------------------NTEYRLI---NCNTSAI-T---QA, 0.0882, 0
0.353201, -110.1309, [74], CHUNK, ['I'], VKLTPLCVTLNCTNVTNNITD-------------------------------------DMRGELKN----CSFNI-T-TE--LRD-KK-QKE-YALF-YKLDVVQIDNENTNRSNNS------------------------------------------NTEYRLI---NCNTSAI-T---QA, 0.2366, 0
0.350511, -98.6039, [174], CHUNK, ['V'], VKLTPLCVTLNCTNVTNNITD-------------------------------------DMRGELKN----CSFNM-T-TE--LRD-KK-QKE-YALF-YKLDVVQIDNENTNRSNNS------------------------------------------NTEYRLI---NCNTSVI-T---QA, 0.3874, 0
0.350500, -125.1189, 63, POINT, I, VKLTPLCVTLNCTNVTNNITD-------------------------------------DMRGEIKN----CSFNM-T-TE--LRD-KK-QKE-YALF-YKLDVVQIDNENTNRSNNS------------------------------------------NTEYRLI---NCNTSAI-T---QA, 0.0882, 0
0.344587, -107.4206, [74], CHUNK, ['I'], VKLTPLCVTLNCTNVTNNITD-------------------------------------DMRGELKN----CSFNI-T-TE--LRD-KK-QKE-YALF-YKLDVVQINENQGNRSNNS------------------------------------------NTEYRLI---NCNTSAI-T---QA, 0.3520, 0
0.344587, -105.1631, [74], CHUNK, ['I'], VKLTPLCVTLNCTNVTNNITD-------------------------------------DMRGELKN----CSFNI-T-TE--LRD-KK-QKE-YALF-YKLDVVQINENQGNRSNNS------------------------------------------NTEYRLI---NCNTSAI-T---QA, 0.3954, 0
0.348842, -37.5528, [74, 79, 82], CHUNK, ['I', 'S', 'I'], VKLTPLCVTLNCTNVTNNITD-------------------------------------DMRGELKN----CSFNI-T-TS--IRD-KK-QKE-YALF-YKLDVVQINENQGNRSNNS------------------------------------------NTEYRLI---NCNTSAI-T---QA, 1.1104, 0
0.344970, -122.3076, [59, 60, 63], CHUNK, ['E', 'K', 'I'], VKLTPLCVTLNCTNVTNNITD-------------------------------------DEKGEIKN----CSFNM-T-TE--LRD-KK-QKE-YALF-YKLDVVQINENQGNRSNNS------------------------------------------NTEYRLI---NCNTSAI-T---QA, 0.0882, 1
0.352253, -101.1737, [174], CHUNK, ['V'], VKLTPLCVTLNCTNVTNNITD-------------------------------------DEKGEIKN----CSFNM-T-TE--LRD-KK-QKE-YALF-YKLDVVQINENQGNRSNNS------------------------------------------NTEYRLI---NCNTSVI-T---QA, 0.3169, 0
0.351994, -121.9964, 161, POINT, S, VKLTPLCVTLNCTNVTNNITD-------------------------------------DEKGEIKN----CSFNM-T-TE--LRD-KK-QKE-YALF-YKLDVVQINENQGNRSNNS------------------------------------------NTSYRLI---NCNTSAI-T---QA, 0.0882, 0
0.349614, -108.5534, 74, POINT, V, VKLTPLCVTLNCTNVTNNITD-------------------------------------DEKGEIKN----CSFNV-T-TE--LRD-KK-QKE-YALF-YKLDVVQINENQGNRSNNS------------------------------------------NTEYRLI---NCNTSAI-T---QA, 0.2395, 1
0.353226, -108.6568, 107, POINT, N, VKLTPLCVTLNCTNVTNNITD-------------------------------------DEKGEIKN----CSFNV-T-TE--LRD-KK-QKE-YALF-YKLDVVQINNNQGNRSNNS------------------------------------------NTEYRLI---NCNTSAI-T---QA, 0.2395, 0
0.356638, -108.2380, 161, POINT, S, VKLTPLCVTLNCTNVTNNITD-------------------------------------DEKGEIKN----CSFNV-T-TE--LRD-KK-QKE-YALF-YKLDVVQINENQGNRSNNS------------------------------------------NTSYRLI---NCNTSAI-T---QA, 0.2395, 0
0.356897, -87.9151, [174], CHUNK, ['V'], VKLTPLCVTLNCTNVTNNITD-------------------------------------DEKGEIKN----CSFNV-T-TE--LRD-KK-QKE-YALF-YKLDVVQINENQGNRSNNS------------------------------------------NTEYRLI---NCNTSVI-T---QA, 1.0774, 0
0.356897, -85.5367, [174], CHUNK, ['V'], VKLTPLCVTLNCTNVTNNITD-------------------------------------DEKGEIKN----CSFNV-T-TE--LRD-KK-QKE-YALF-YKLDVVQINENQGNRSNNS------------------------------------------NTEYRLI---NCNTSVI-T---QA, 0.5952, 0
0.351994, -121.9964, 161, POINT, S, VKLTPLCVTLNCTNVTNNITD-------------------------------------DEKGEIKN----CSFNM-T-TE--LRD-KK-QKE-YALF-YKLDVVQINENQGNRSNNS------------------------------------------NTSYRLI---NCNTSAI-T---QA, 0.0882, 0
0.348582, -122.4205, 107, POINT, N, VKLTPLCVTLNCTNVTNNITD-------------------------------------DEKGEIKN----CSFNM-T-TE--LRD-KK-QKE-YALF-YKLDVVQINNNQGNRSNNS------------------------------------------NTEYRLI---NCNTSAI-T---QA, 0.0882, 1
0.359974, -97.8407, [74], CHUNK, ['I'], VKLTPLCVTLNCTNVTNNITD-------------------------------------DEKGEIKN----CSFNI-T-TE--LRD-KK-QKE-YALF-YKLDVVQINNNQGNRSNNS------------------------------------------NTEYRLI---NCNTSAI-T---QA, 0.5244, 0
0.359974, -98.7646, [74], CHUNK, ['I'], VKLTPLCVTLNCTNVTNNITD-------------------------------------DEKGEIKN----CSFNI-T-TE--LRD-KK-QKE-YALF-YKLDVVQINNNQGNRSNNS------------------------------------------NTEYRLI---NCNTSAI-T---QA, 0.2561, 0
0.359974, -105.7834, 74, POINT, I, VKLTPLCVTLNCTNVTNNITD-------------------------------------DEKGEIKN----CSFNI-T-TE--LRD-KK-QKE-YALF-YKLDVVQINNNQGNRSNNS------------------------------------------NTEYRLI---NCNTSAI-T---QA, 0.3602, 0
0.350965, -120.7075, 18, POINT, N, VKLTPLCVTLNCTNVTNNNTD-------------------------------------DEKGEIKN----CSFNM-T-TE--LRD-KK-QKE-YALF-YKLDVVQINNNQGNRSNNS------------------------------------------NTEYRLI---NCNTSAI-T---QA, 0.0882, 0
0.347139, -119.8538, 174, POINT, T, VKLTPLCVTLNCTNVTNNITD-------------------------------------DEKGEIKN----CSFNM-T-TE--LRD-KK-QKE-YALF-YKLDVVQINENQGNRSNNS------------------------------------------NTEYRLI---NCNTSTI-T---QA, 0.0882, 0
0.356363, -108.0031, [74], CHUNK, ['I'], VKLTPLCVTLNCTNVTNNITD-------------------------------------DEKGEIKN----CSFNI-T-TE--LRD-KK-QKE-YALF-YKLDVVQINENQGNRSNNS------------------------------------------NTEYRLI---NCNTSAI-T---QA, 0.1784, 0
0.348333, -122.7150, 58, POINT, N, VKLTPLCVTLNCTNVTNNITD-------------------------------------NEKGEIKN----CSFNM-T-TE--LRD-KK-QKE-YALF-YKLDVVQINENQGNRSNNS------------------------------------------NTEYRLI---NCNTSAI-T---QA, 0.0882, 0
0.348582, -122.4205, 107, POINT, N, VKLTPLCVTLNCTNVTNNITD-------------------------------------DEKGEIKN----CSFNM-T-TE--LRD-KK-QKE-YALF-YKLDVVQINNNQGNRSNNS------------------------------------------NTEYRLI---NCNTSAI-T---QA, 0.0882, 0
0.341639, -125.8573, 161, POINT, S, VKLTPLCVTLNCTNVTNNITD-------------------------------------DMRGELKN----CSFNM-T-TE--LRD-KK-QKE-YALF-YKLDVVQINENQGNRSNNS------------------------------------------NTSYRLI---NCNTSAI-T---QA, 0.0882, 0
0.344970, -122.3076, [59, 60, 63], CHUNK, ['E', 'K', 'I'], VKLTPLCVTLNCTNVTNNITD-------------------------------------DEKGEIKN----CSFNM-T-TE--LRD-KK-QKE-YALF-YKLDVVQINENQGNRSNNS------------------------------------------NTEYRLI---NCNTSAI-T---QA, 0.0882, 1
0.348582, -122.4205, 107, POINT, N, VKLTPLCVTLNCTNVTNNITD-------------------------------------DEKGEIKN----CSFNM-T-TE--LRD-KK-QKE-YALF-YKLDVVQINNNQGNRSNNS------------------------------------------NTEYRLI---NCNTSAI-T---QA, 0.0882, 1
0.355864, -89.9753, [174], CHUNK, ['V'], VKLTPLCVTLNCTNVTNNITD-------------------------------------DEKGEIKN----CSFNM-T-TE--LRD-KK-QKE-YALF-YKLDVVQINNNQGNRSNNS------------------------------------------NTEYRLI---NCNTSVI-T---QA, 0.3224, 0
0.353221, -122.7662, 104, POINT, P, VKLTPLCVTLNCTNVTNNITD-------------------------------------DEKGEIKN----CSFNM-T-TE--LRD-KK-QKE-YALF-YKLDVVPINNNQGNRSNNS------------------------------------------NTEYRLI---NCNTSAI-T---QA, 0.0882, 1
0.360504, -99.3466, 174, POINT, V, VKLTPLCVTLNCTNVTNNITD-------------------------------------DEKGEIKN----CSFNM-T-TE--LRD-KK-QKE-YALF-YKLDVVPINNNQGNRSNNS------------------------------------------NTEYRLI---NCNTSVI-T---QA, 0.4587, 0
0.360504, -98.7780, [174], CHUNK, ['V'], VKLTPLCVTLNCTNVTNNITD-------------------------------------DEKGEIKN----CSFNM-T-TE--LRD-KK-QKE-YALF-YKLDVVPINNNQGNRSNNS------------------------------------------NTEYRLI---NCNTSVI-T---QA, 0.3901, 0
0.360245, -122.4550, 161, POINT, S, VKLTPLCVTLNCTNVTNNITD-------------------------------------DEKGEIKN----CSFNM-T-TE--LRD-KK-QKE-YALF-YKLDVVPINNNQGNRSNNS------------------------------------------NTSYRLI---NCNTSAI-T---QA, 0.0882, 0
0.368869, 12.7348, [74, 79, 82], CHUNK, ['I', 'S', 'I'], VKLTPLCVTLNCTNVTNNITD-------------------------------------DEKGEIKN----CSFNI-T-TS--IRD-KK-QKE-YALF-YKLDVVPINNNQGNRSNNS------------------------------------------NTEYRLI---NCNTSAI-T---QA, 0.5458, 0
0.355864, -100.9341, [174], CHUNK, ['V'], VKLTPLCVTLNCTNVTNNITD-------------------------------------DEKGEIKN----CSFNM-T-TE--LRD-KK-QKE-YALF-YKLDVVQINNNQGNRSNNS------------------------------------------NTEYRLI---NCNTSVI-T---QA, 0.3691, 0
0.351067, -119.8978, 58, POINT, T, VKLTPLCVTLNCTNVTNNITD-------------------------------------TEKGEIKN----CSFNM-T-TE--LRD-KK-QKE-YALF-YKLDVVQINNNQGNRSNNS------------------------------------------NTEYRLI---NCNTSAI-T---QA, 0.0882, 1
0.362460, -104.3114, [74], CHUNK, ['I'], VKLTPLCVTLNCTNVTNNITD-------------------------------------TEKGEIKN----CSFNI-T-TE--LRD-KK-QKE-YALF-YKLDVVQINNNQGNRSNNS------------------------------------------NTEYRLI---NCNTSAI-T---QA, 0.2428, 0
0.358350, -95.4974, [174], CHUNK, ['V'], VKLTPLCVTLNCTNVTNNITD-------------------------------------TEKGEIKN----CSFNM-T-TE--LRD-KK-QKE-YALF-YKLDVVQINNNQGNRSNNS------------------------------------------NTEYRLI---NCNTSVI-T---QA, 0.2449, 0
0.355711, -103.0471, 74, POINT, V, VKLTPLCVTLNCTNVTNNITD-------------------------------------TEKGEIKN----CSFNV-T-TE--LRD-KK-QKE-YALF-YKLDVVQINNNQGNRSNNS------------------------------------------NTEYRLI---NCNTSAI-T---QA, 0.3951, 0
0.358350, -92.1590, 174, POINT, V, VKLTPLCVTLNCTNVTNNITD-------------------------------------TEKGEIKN----CSFNM-T-TE--LRD-KK-QKE-YALF-YKLDVVQINNNQGNRSNNS------------------------------------------NTEYRLI---NCNTSVI-T---QA, 0.6231, 0
0.355605, -122.1093, 161, POINT, S, VKLTPLCVTLNCTNVTNNITD-------------------------------------DEKGEIKN----CSFNM-T-TE--LRD-KK-QKE-YALF-YKLDVVQINNNQGNRSNNS------------------------------------------NTSYRLI---NCNTSAI-T---QA, 0.0882, 0
0.359974, -105.8631, 74, POINT, I, VKLTPLCVTLNCTNVTNNITD-------------------------------------DEKGEIKN----CSFNI-T-TE--LRD-KK-QKE-YALF-YKLDVVQINNNQGNRSNNS------------------------------------------NTEYRLI---NCNTSAI-T---QA, 0.4001, 0
0.351067, -119.8978, 58, POINT, T, VKLTPLCVTLNCTNVTNNITD-------------------------------------TEKGEIKN----CSFNM-T-TE--LRD-KK-QKE-YALF-YKLDVVQINNNQGNRSNNS------------------------------------------NTEYRLI---NCNTSAI-T---QA, 0.0882, 1
0.355707, -120.2436, 104, POINT, P, VKLTPLCVTLNCTNVTNNITD-------------------------------------TEKGEIKN----CSFNM-T-TE--LRD-KK-QKE-YALF-YKLDVVPINNNQGNRSNNS------------------------------------------NTEYRLI---NCNTSAI-T---QA, 0.0882, 1
0.363581, -63.4495, [74, 79, 82], CHUNK, ['I', 'S', 'V'], VKLTPLCVTLNCTNVTNNITD-------------------------------------TEKGEIKN----CSFNI-T-TS--VRD-KK-QKE-YALF-YKLDVVPINNNQGNRSNNS------------------------------------------NTEYRLI---NCNTSAI-T---QA, 0.6450, 0
0.362989, -91.9766, 174, POINT, V, VKLTPLCVTLNCTNVTNNITD-------------------------------------TEKGEIKN----CSFNM-T-TE--LRD-KK-QKE-YALF-YKLDVVPINNNQGNRSNNS------------------------------------------NTEYRLI---NCNTSVI-T---QA, 0.3389, 0
0.367100, -102.8708, [74], CHUNK, ['I'], VKLTPLCVTLNCTNVTNNITD-------------------------------------TEKGEIKN----CSFNI-T-TE--LRD-KK-QKE-YALF-YKLDVVPINNNQGNRSNNS------------------------------------------NTEYRLI---NCNTSAI-T---QA, 0.2807, 0
0.367100, -100.8318, 74, POINT, I, VKLTPLCVTLNCTNVTNNITD-------------------------------------TEKGEIKN----CSFNI-T-TE--LRD-KK-QKE-YALF-YKLDVVPINNNQGNRSNNS------------------------------------------NTEYRLI---NCNTSAI-T---QA, 0.2646, 0
0.358350, -84.3185, [174], CHUNK, ['V'], VKLTPLCVTLNCTNVTNNITD-------------------------------------TEKGEIKN----CSFNM-T-TE--LRD-KK-QKE-YALF-YKLDVVQINNNQGNRSNNS------------------------------------------NTEYRLI---NCNTSVI-T---QA, 0.2743, 0
0.358350, -93.4701, 174, POINT, V, VKLTPLCVTLNCTNVTNNITD-------------------------------------TEKGEIKN----CSFNM-T-TE--LRD-KK-QKE-YALF-YKLDVVQINNNQGNRSNNS------------------------------------------NTEYRLI---NCNTSVI-T---QA, 0.5712, 0
0.354016, -116.8308, 20, POINT, T, VKLTPLCVTLNCTNVTNNITT-------------------------------------TEKGEIKN----CSFNM-T-TE--LRD-KK-QKE-YALF-YKLDVVQINNNQGNRSNNS------------------------------------------NTEYRLI---NCNTSAI-T---QA, 0.0882, 0
0.362460, -100.0108, [74], CHUNK, ['I'], VKLTPLCVTLNCTNVTNNITD-------------------------------------TEKGEIKN----CSFNI-T-TE--LRD-KK-QKE-YALF-YKLDVVQINNNQGNRSNNS------------------------------------------NTEYRLI---NCNTSAI-T---QA, 0.3678, 0
0.359974, -93.4592, [74], CHUNK, ['I'], VKLTPLCVTLNCTNVTNNITD-------------------------------------DEKGEIKN----CSFNI-T-TE--LRD-KK-QKE-YALF-YKLDVVQINNNQGNRSNNS------------------------------------------NTEYRLI---NCNTSAI-T---QA, 0.3466, 0
0.359933, -100.5194, [74, 79], CHUNK, ['I', 'N'], VKLTPLCVTLNCTNVTNNITD-------------------------------------DEKGEIKN----CSFNI-T-TN--LRD-KK-QKE-YALF-YKLDVVQINNNQGNRSNNS------------------------------------------NTEYRLI---NCNTSAI-T---QA, 0.3714, 0
0.355864, -99.0750, [174], CHUNK, ['V'], VKLTPLCVTLNCTNVTNNITD-------------------------------------DEKGEIKN----CSFNM-T-TE--LRD-KK-QKE-YALF-YKLDVVQINNNQGNRSNNS------------------------------------------NTEYRLI---NCNTSVI-T---QA, 0.3566, 0
0.353226, -98.1500, 74, POINT, V, VKLTPLCVTLNCTNVTNNITD-------------------------------------DEKGEIKN----CSFNV-T-TE--LRD-KK-QKE-YALF-YKLDVVQINNNQGNRSNNS------------------------------------------NTEYRLI---NCNTSAI-T---QA, 0.6984, 0
0.352253, -99.0343, [174], CHUNK, ['V'], VKLTPLCVTLNCTNVTNNITD-------------------------------------DEKGEIKN----CSFNM-T-TE--LRD-KK-QKE-YALF-YKLDVVQINENQGNRSNNS------------------------------------------NTEYRLI---NCNTSVI-T---QA, 0.4687, 0
0.356363, -100.2286, [74], CHUNK, ['I'], VKLTPLCVTLNCTNVTNNITD-------------------------------------DEKGEIKN----CSFNI-T-TE--LRD-KK-QKE-YALF-YKLDVVQINENQGNRSNNS------------------------------------------NTEYRLI---NCNTSAI-T---QA, 0.4087, 0
0.348582, -122.4205, 107, POINT, N, VKLTPLCVTLNCTNVTNNITD-------------------------------------DEKGEIKN----CSFNM-T-TE--LRD-KK-QKE-YALF-YKLDVVQINNNQGNRSNNS------------------------------------------NTEYRLI---NCNTSAI-T---QA, 0.0882, 0
0.356363, -109.2076, [74], CHUNK, ['I'], VKLTPLCVTLNCTNVTNNITD-------------------------------------DEKGEIKN----CSFNI-T-TE--LRD-KK-QKE-YALF-YKLDVVQINENQGNRSNNS------------------------------------------NTEYRLI---NCNTSAI-T---QA, 0.4949, 0
0.341886, -124.4665, 63, POINT, I, VKLTPLCVTLNCTNVTNNITD-------------------------------------DMRGEIKN----CSFNM-T-TE--LRD-KK-QKE-YALF-YKLDVVQINENQGNRSNNS------------------------------------------NTEYRLI---NCNTSAI-T---QA, 0.0882, 1
0.344705, -121.1906, 20, POINT, T, VKLTPLCVTLNCTNVTNNITT-------------------------------------DMRGEIKN----CSFNM-T-TE--LRD-KK-QKE-YALF-YKLDVVQINENQGNRSNNS------------------------------------------NTEYRLI---NCNTSAI-T---QA, 0.0882, 0
0.345958, -121.4763, 74, POINT, T, VKLTPLCVTLNCTNVTNNITD-------------------------------------DMRGEIKN----CSFNT-T-TE--LRD-KK-QKE-YALF-YKLDVVQINENQGNRSNNS------------------------------------------NTEYRLI---NCNTSAI-T---QA, 0.0882, 1
0.352982, -121.1651, [161], CHUNK, ['S'], VKLTPLCVTLNCTNVTNNITD-------------------------------------DMRGEIKN----CSFNT-T-TE--LRD-KK-QKE-YALF-YKLDVVQINENQGNRSNNS------------------------------------------NTSYRLI---NCNTSAI-T---QA, 0.0882, 1
0.360302, -110.3570, 74, POINT, I, VKLTPLCVTLNCTNVTNNITD-------------------------------------DMRGEIKN----CSFNI-T-TE--LRD-KK-QKE-YALF-YKLDVVQINENQGNRSNNS------------------------------------------NTSYRLI---NCNTSAI-T---QA, 0.2881, 0
0.357405, -121.2625, 104, POINT, P, VKLTPLCVTLNCTNVTNNITD-------------------------------------DMRGEIKN----CSFNT-T-TE--LRD-KK-QKE-YALF-YKLDVVPINENQGNRSNNS------------------------------------------NTSYRLI---NCNTSAI-T---QA, 0.0882, 0
0.357405, -121.2625, 104, POINT, P, VKLTPLCVTLNCTNVTNNITD-------------------------------------DMRGEIKN----CSFNT-T-TE--LRD-KK-QKE-YALF-YKLDVVPINENQGNRSNNS------------------------------------------NTSYRLI---NCNTSAI-T---QA, 0.0882, 1
0.366124, -89.1107, [169, 174], CHUNK, ['S', 'V'], VKLTPLCVTLNCTNVTNNITD-------------------------------------DMRGEIKN----CSFNT-T-TE--LRD-KK-QKE-YALF-YKLDVVPINENQGNRSNNS------------------------------------------NTSYRLI---SCNTSVI-T---QA, 0.4467, 0
0.360430, -45.3298, 82, POINT, I, VKLTPLCVTLNCTNVTNNITD-------------------------------------DMRGEIKN----CSFNT-T-TE--IRD-KK-QKE-YALF-YKLDVVPINENQGNRSNNS------------------------------------------NTSYRLI---NCNTSAI-T---QA, 0.7752, 0
0.366124, -96.1487, [169, 174], CHUNK, ['S', 'V'], VKLTPLCVTLNCTNVTNNITD-------------------------------------DMRGEIKN----CSFNT-T-TE--LRD-KK-QKE-YALF-YKLDVVPINENQGNRSNNS------------------------------------------NTSYRLI---SCNTSVI-T---QA, 0.3075, 0
0.370998, -59.1788, [74, 79, 82], CHUNK, ['I', 'N', 'I'], VKLTPLCVTLNCTNVTNNITD-------------------------------------DMRGEIKN----CSFNI-T-TN--IRD-KK-QKE-YALF-YKLDVVPINENQGNRSNNS------------------------------------------NTSYRLI---NCNTSAI-T---QA, 0.3878, 0
0.360302, -109.4127, [74], CHUNK, ['I'], VKLTPLCVTLNCTNVTNNITD-------------------------------------DMRGEIKN----CSFNI-T-TE--LRD-KK-QKE-YALF-YKLDVVQINENQGNRSNNS------------------------------------------NTSYRLI---NCNTSAI-T---QA, 0.2365, 0
0.361701, -93.6300, [169, 174], CHUNK, ['S', 'V'], VKLTPLCVTLNCTNVTNNITD-------------------------------------DMRGEIKN----CSFNT-T-TE--LRD-KK-QKE-YALF-YKLDVVQINENQGNRSNNS------------------------------------------NTSYRLI---SCNTSVI-T---QA, 0.4018, 1
0.365928, -15.9426, [82, 87], CHUNK, ['I', 'V'], VKLTPLCVTLNCTNVTNNITD-------------------------------------DMRGEIKN----CSFNT-T-TE--IRD-KV-QKE-YALF-YKLDVVQINENQGNRSNNS------------------------------------------NTSYRLI---SCNTSVI-T---QA, 0.4633, 0
0.369022, -90.0251, [74], CHUNK, ['I'], VKLTPLCVTLNCTNVTNNITD-------------------------------------DMRGEIKN----CSFNI-T-TE--LRD-KK-QKE-YALF-YKLDVVQINENQGNRSNNS------------------------------------------NTSYRLI---SCNTSVI-T---QA, 0.4711, 0
0.369022, -89.5741, 74, POINT, I, VKLTPLCVTLNCTNVTNNITD-------------------------------------DMRGEIKN----CSFNI-T-TE--LRD-KK-QKE-YALF-YKLDVVQINENQGNRSNNS------------------------------------------NTSYRLI---SCNTSVI-T---QA, 0.4018, 0
0.364727, 24.2029, 82, POINT, I, VKLTPLCVTLNCTNVTNNITD-------------------------------------DMRGEIKN----CSFNT-T-TE--IRD-KK-QKE-YALF-YKLDVVQINENQGNRSNNS------------------------------------------NTSYRLI---SCNTSVI-T---QA, 0.4321, 0
0.360264, -100.7246, [174], CHUNK, ['V'], VKLTPLCVTLNCTNVTNNITD-------------------------------------DMRGEIKN----CSFNT-T-TE--LRD-KK-QKE-YALF-YKLDVVQINENQGNRSNNS------------------------------------------NTSYRLI---NCNTSVI-T---QA, 0.3785, 0
0.354699, -119.1598, 14, POINT, N, VKLTPLCVTLNCTNNTNNITD-------------------------------------DMRGEIKN----CSFNT-T-TE--LRD-KK-QKE-YALF-YKLDVVQINENQGNRSNNS------------------------------------------NTSYRLI---NCNTSAI-T---QA, 0.0882, 0
0.360302, -99.6335, [74], CHUNK, ['I'], VKLTPLCVTLNCTNVTNNITD-------------------------------------DMRGEIKN----CSFNI-T-TE--LRD-KK-QKE-YALF-YKLDVVQINENQGNRSNNS------------------------------------------NTSYRLI---NCNTSAI-T---QA, 0.3930, 0
0.360302, -109.5779, [74], CHUNK, ['I'], VKLTPLCVTLNCTNVTNNITD-------------------------------------DMRGEIKN----CSFNI-T-TE--LRD-KK-QKE-YALF-YKLDVVQINENQGNRSNNS------------------------------------------NTSYRLI---NCNTSAI-T---QA, 0.4010, 1
0.369022, -91.5883, [169, 174], CHUNK, ['S', 'V'], VKLTPLCVTLNCTNVTNNITD-------------------------------------DMRGEIKN----CSFNI-T-TE--LRD-KK-QKE-YALF-YKLDVVQINENQGNRSNNS------------------------------------------NTSYRLI---SCNTSVI-T---QA, 0.5343, 0
0.367585, -97.0518, 174, POINT, V, VKLTPLCVTLNCTNVTNNITD-------------------------------------DMRGEIKN----CSFNI-T-TE--LRD-KK-QKE-YALF-YKLDVVQINENQGNRSNNS------------------------------------------NTSYRLI---NCNTSVI-T---QA, 0.5561, 0
0.362466, -107.2812, 18, POINT, N, VKLTPLCVTLNCTNVTNNNTD-------------------------------------DMRGEIKN----CSFNI-T-TE--LRD-KK-QKE-YALF-YKLDVVQINENQGNRSNNS------------------------------------------NTSYRLI---NCNTSAI-T---QA, 0.3794, 0
0.367585, -99.5377, [174], CHUNK, ['V'], VKLTPLCVTLNCTNVTNNITD-------------------------------------DMRGEIKN----CSFNI-T-TE--LRD-KK-QKE-YALF-YKLDVVQINENQGNRSNNS------------------------------------------NTSYRLI---NCNTSVI-T---QA, 0.6188, 0
0.357405, -121.2625, 104, POINT, P, VKLTPLCVTLNCTNVTNNITD-------------------------------------DMRGEIKN----CSFNT-T-TE--LRD-KK-QKE-YALF-YKLDVVPINENQGNRSNNS------------------------------------------NTSYRLI---NCNTSAI-T---QA, 0.0882, 0
0.360302, -105.3282, [74], CHUNK, ['I'], VKLTPLCVTLNCTNVTNNITD-------------------------------------DMRGEIKN----CSFNI-T-TE--LRD-KK-QKE-YALF-YKLDVVQINENQGNRSNNS------------------------------------------NTSYRLI---NCNTSAI-T---QA, 0.2372, 0
0.355336, -118.3370, 58, POINT, T, VKLTPLCVTLNCTNVTNNITD-------------------------------------TMRGEIKN----CSFNT-T-TE--LRD-KK-QKE-YALF-YKLDVVQINENQGNRSNNS------------------------------------------NTSYRLI---NCNTSAI-T---QA, 0.0882, 0
0.356593, -121.2780, 107, POINT, N, VKLTPLCVTLNCTNVTNNITD-------------------------------------DMRGEIKN----CSFNT-T-TE--LRD-KK-QKE-YALF-YKLDVVQINNNQGNRSNNS------------------------------------------NTSYRLI---NCNTSAI-T---QA, 0.0882, 0
0.350381, -121.5737, 104, POINT, P, VKLTPLCVTLNCTNVTNNITD-------------------------------------DMRGEIKN----CSFNT-T-TE--LRD-KK-QKE-YALF-YKLDVVPINENQGNRSNNS------------------------------------------NTEYRLI---NCNTSAI-T---QA, 0.0882, 0
0.353279, -113.3062, 74, POINT, I, VKLTPLCVTLNCTNVTNNITD-------------------------------------DMRGEIKN----CSFNI-T-TE--LRD-KK-QKE-YALF-YKLDVVQINENQGNRSNNS------------------------------------------NTEYRLI---NCNTSAI-T---QA, 0.1966, 1
0.357068, -50.4253, 82, POINT, I, VKLTPLCVTLNCTNVTNNITD-------------------------------------DMRGEIKN----CSFNI-T-TE--IRD-KK-QKE-YALF-YKLDVVQINENQGNRSNNS------------------------------------------NTEYRLI---NCNTSAI-T---QA, 0.7495, 0
0.357702, -114.9692, 104, POINT, P, VKLTPLCVTLNCTNVTNNITD-------------------------------------DMRGEIKN----CSFNI-T-TE--LRD-KK-QKE-YALF-YKLDVVPINENQGNRSNNS------------------------------------------NTEYRLI---NCNTSAI-T---QA, 0.1817, 0
0.357162, -114.7411, 110, POINT, N, VKLTPLCVTLNCTNVTNNITD-------------------------------------DMRGEIKN----CSFNI-T-TE--LRD-KK-QKE-YALF-YKLDVVQINENQNNRSNNS------------------------------------------NTEYRLI---NCNTSAI-T---QA, 0.1966, 1
0.359331, -112.2095, 174, POINT, T, VKLTPLCVTLNCTNVTNNITD-------------------------------------DMRGEIKN----CSFNI-T-TE--LRD-KK-QKE-YALF-YKLDVVQINENQNNRSNNS------------------------------------------NTEYRLI---NCNTSTI-T---QA, 0.1966, 0
0.359527, -113.1972, 18, POINT, T, VKLTPLCVTLNCTNVTNNTTD-------------------------------------DMRGEIKN----CSFNI-T-TE--LRD-KK-QKE-YALF-YKLDVVQINENQNNRSNNS------------------------------------------NTEYRLI---NCNTSAI-T---QA, 0.1966, 0
0.364444, -98.3810, [174], CHUNK, ['V'], VKLTPLCVTLNCTNVTNNITD-------------------------------------DMRGEIKN----CSFNI-T-TE--LRD-KK-QKE-YALF-YKLDVVQINENQNNRSNNS------------------------------------------NTEYRLI---NCNTSVI-T---QA, 0.4049, 0
0.364444, -96.5091, [174], CHUNK, ['V'], VKLTPLCVTLNCTNVTNNITD-------------------------------------DMRGEIKN----CSFNI-T-TE--LRD-KK-QKE-YALF-YKLDVVQINENQNNRSNNS------------------------------------------NTEYRLI---NCNTSVI-T---QA, 0.7538, 0
0.361915, -114.2209, [104, 106, 107], CHUNK, ['P', 'D', 'N'], VKLTPLCVTLNCTNVTNNITD-------------------------------------DMRGEIKN----CSFNI-T-TE--LRD-KK-QKE-YALF-YKLDVVPIDNNQGNRSNNS------------------------------------------NTEYRLI---NCNTSAI-T---QA, 0.1824, 0
0.360561, -95.6988, [174], CHUNK, ['V'], VKLTPLCVTLNCTNVTNNITD-------------------------------------DMRGEIKN----CSFNI-T-TE--LRD-KK-QKE-YALF-YKLDVVQINENQGNRSNNS------------------------------------------NTEYRLI---NCNTSVI-T---QA, 0.4697, 0
0.360561, -81.0572, 174, POINT, V, VKLTPLCVTLNCTNVTNNITD-------------------------------------DMRGEIKN----CSFNI-T-TE--LRD-KK-QKE-YALF-YKLDVVQINENQGNRSNNS------------------------------------------NTEYRLI---NCNTSVI-T---QA, 0.9544, 0
0.355644, -111.7624, 18, POINT, T, VKLTPLCVTLNCTNVTNNTTD-------------------------------------DMRGEIKN----CSFNI-T-TE--LRD-KK-QKE-YALF-YKLDVVQINENQGNRSNNS------------------------------------------NTEYRLI---NCNTSAI-T---QA, 0.1966, 0
0.348983, 1.8571, 82, POINT, I, VKLTPLCVTLNCTNVTNNITD-------------------------------------DMRGEIKN----CSFNT-T-TE--IRD-KK-QKE-YALF-YKLDVVQINENQGNRSNNS------------------------------------------NTEYRLI---NCNTSAI-T---QA, 0.4406, 0
0.352982, -121.1651, 161, POINT, S, VKLTPLCVTLNCTNVTNNITD-------------------------------------DMRGEIKN----CSFNT-T-TE--LRD-KK-QKE-YALF-YKLDVVQINENQGNRSNNS------------------------------------------NTSYRLI---NCNTSAI-T---QA, 0.0882, 0
0.352982, -121.1651, 161, POINT, S, VKLTPLCVTLNCTNVTNNITD-------------------------------------DMRGEIKN----CSFNT-T-TE--LRD-KK-QKE-YALF-YKLDVVQINENQGNRSNNS------------------------------------------NTSYRLI---NCNTSAI-T---QA, 0.0882, 0
0.357534, -16.5363, [74, 79, 82], CHUNK, ['I', 'S', 'I'], VKLTPLCVTLNCTNVTNNITD-------------------------------------DMRGEIKN----CSFNI-T-TS--IRD-KK-QKE-YALF-YKLDVVQINENQGNRSNNS------------------------------------------NTEYRLI---NCNTSAI-T---QA, 0.4910, 0
0.346309, -124.5639, 104, POINT, P, VKLTPLCVTLNCTNVTNNITD-------------------------------------DMRGEIKN----CSFNM-T-TE--LRD-KK-QKE-YALF-YKLDVVPINENQGNRSNNS------------------------------------------NTEYRLI---NCNTSAI-T---QA, 0.0882, 0
0.353279, -102.4385, [74], CHUNK, ['I'], VKLTPLCVTLNCTNVTNNITD-------------------------------------DMRGEIKN----CSFNI-T-TE--LRD-KK-QKE-YALF-YKLDVVQINENQGNRSNNS------------------------------------------NTEYRLI---NCNTSAI-T---QA, 0.5535, 0
0.345497, -124.5793, 107, POINT, N, VKLTPLCVTLNCTNVTNNITD-------------------------------------DMRGEIKN----CSFNM-T-TE--LRD-KK-QKE-YALF-YKLDVVQINNNQGNRSNNS------------------------------------------NTEYRLI---NCNTSAI-T---QA, 0.0882, 0
0.353279, -101.9473, 74, POINT, I, VKLTPLCVTLNCTNVTNNITD-------------------------------------DMRGEIKN----CSFNI-T-TE--LRD-KK-QKE-YALF-YKLDVVQINENQGNRSNNS------------------------------------------NTEYRLI---NCNTSAI-T---QA, 0.5878, 0
0.341897, -101.1463, 174, POINT, V, VKLTPLCVTLNCTNVTNNITD-------------------------------------DMRGELKN----CSFNM-T-TE--LRD-KK-QKE-YALF-YKLDVVQINENQGNRSNNS------------------------------------------NTEYRLI---NCNTSVI-T---QA, 0.5093, 0
0.344587, -108.2925, [74], CHUNK, ['I'], VKLTPLCVTLNCTNVTNNITD-------------------------------------DMRGELKN----CSFNI-T-TE--LRD-KK-QKE-YALF-YKLDVVQINENQGNRSNNS------------------------------------------NTEYRLI---NCNTSAI-T---QA, 0.7187, 0
0.344587, -103.4449, 74, POINT, I, VKLTPLCVTLNCTNVTNNITD-------------------------------------DMRGELKN----CSFNI-T-TE--LRD-KK-QKE-YALF-YKLDVVQINENQGNRSNNS------------------------------------------NTEYRLI---NCNTSAI-T---QA, 0.2961, 0
0.344587, -113.7813, [74], CHUNK, ['I'], VKLTPLCVTLNCTNVTNNITD-------------------------------------DMRGELKN----CSFNI-T-TE--LRD-KK-QKE-YALF-YKLDVVQINENQGNRSNNS------------------------------------------NTEYRLI---NCNTSAI-T---QA, 0.3251, 0
------END OF DATA------
Best coverage = 0.361701492012
Best sequence = VKLTPLCVTLNCTNVTNNITD-------------------------------------DMRGEIKN----CSFNT-T-TE--LRD-KK-QKE-YALF-YKLDVVQINENQGNRSNNS------------------------------------------NTSYRLI---SCNTSVI-T---QA
Best energy = -93.6299506949
Best RMSD = 0.401801079512
Hard Covereage = 0.0920468508717
Num epitopes = 70
