Name base = V1V2_200_sq_9_1_i
Iters = 200
Soft coverage = 1.31203964383
Energy = -130.867026588
Hard Covereage = 0.0368019545157
Num epitopes = 65
Initial seq = VKLTPLCVTLQCTNVTNNITD-------------------------------------DMRGELKN----CSFNM-T-TE--LRD-KK-QKV-YSLF-YRLDVVQINENQGNRSNNS------------------------------------------NKEYRLI---NCNTSAI-T---QA
-------START OF DATA------
1.361196, -130.7732, [10], CHUNK, ['N'], VKLTPLCVTLNCTNVTNNITD-------------------------------------DMRGELKN----CSFNM-T-TE--LRD-KK-QKV-YSLF-YRLDVVQINENQGNRSNNS------------------------------------------NKEYRLI---NCNTSAI-T---QA, 0.0000, 1
1.342318, -39.0332, 121, POINT, K, VKLTPLCVTLNCTNVTNNITD-------------------------------------DMRGELKN----CSFNM-T-TE--LRD-KK-QKV-YSLF-YRLDVVQINENQGNRSNNS----Q-------------------------------------KKEYRLI---NCNTSAI-T---QA, 1.6154, 0
1.366060, -23.3200, 138, POINT, K, VKLTPLCVTLNCTNVTNNITD-------------------------------------DMRGELKN----CSFNM-T-TE--LRD-KK-QKV-YSLF-YRLDVVQINENQGNRSNNS---------------------S--------------------KKEYRLI---NCNTSAI-T---QA, 1.6175, 0
1.366694, 38.6075, 125, POINT, K, VKLTPLCVTLNCTNVTNNITD-------------------------------------DMRGELKN----CSFNM-T-TE--LRD-KK-QKV-YSLF-YRLDVVQINENQGNRSNNS--------D---------------------------------TKEYRLI---NCNTSAI-T---QA, 1.6303, 0
1.369866, 2585.8955, 128, POINT, K, VKLTPLCVTLNCTNVTNNITD-------------------------------------DMRGELKN----CSFNM-T-TE--LRD-KK-QKV-YSLF-YRLDVVQINENQGNRSNNS-----------V------------------------------NKEYRLI---NCNTSAI-T---QA, 1.6554, 0
1.292631, -120.1762, 154, POINT, K, VKLTPLCVTLQCTNVTNNITD-------------------------------------DMRGELKN----CSFNM-T-TE--LRD-KK-QKV-YSLF-YRLDVVQINENQGNRSNNS-------------------------------------K----QKEYRLI---NCNTSAI-T---QA, 1.6161, 0
1.297416, 28.9472, 121, POINT, K, VKLTPLCVTLQCTNVTNNITD-------------------------------------DMRGELKN----CSFNM-T-TE--LRD-KK-QKV-YSLF-YRLDVVQINENQGNRSNNS----H-------------------------------------SKEYRLI---NCNTSAI-T---QA, 1.6204, 0
1.361196, -130.8406, [10], CHUNK, ['N'], VKLTPLCVTLNCTNVTNNITD-------------------------------------DMRGELKN----CSFNM-T-TE--LRD-KK-QKV-YSLF-YRLDVVQINENQGNRSNNS------------------------------------------NKEYRLI---NCNTSAI-T---QA, 0.0496, 1
1.378274, -2.7013, 121, POINT, K, VKLTPLCVTLNCTNVTNNITD-------------------------------------DMRGELKN----CSFNM-T-TE--LRD-KK-QKV-YSLF-YRLDVVQINENQGNRSNNT----S-------------------------------------KKEYRLI---NCNTSAI-T---QA, 1.6216, 0
1.389187, -79.3234, [160, 161, 163], CHUNK, ['S', 'S', 'I'], VKLTPLCVTLNCTNVTNNITD-------------------------------------DMRGELKN----CSFNM-T-TE--LRD-KK-QKV-YSLF-YRLDVVQINENQGNRSNNS------------------------------------------NSSYILI---NCNTSAI-T---QA, 0.2288, 0
1.346982, -83.8181, 137, POINT, K, VKLTPLCVTLNCTNVTNNITD-------------------------------------DMRGELKN----CSFNM-T-TE--LRD-KK-QKV-YSLF-YRLDVVQINENQGNRSNNK--------------------K---------------------SKEYRLI---NCNTSAI-T---QA, 1.6111, 0
1.404132, -129.9532, [160, 161], CHUNK, ['T', 'S'], VKLTPLCVTLNCTNVTNNITD-------------------------------------DMRGELKN----CSFNM-T-TE--LRD-KK-QKV-YSLF-YRLDVVQINENQGNRSNNS------------------------------------------NTSYRLI---NCNTSAI-T---QA, 0.0496, 1
1.370326, -19.9782, 138, POINT, T, VKLTPLCVTLNCTNVTNNITD-------------------------------------DMRGELKN----CSFNM-T-TE--LRD-KK-QKV-YSLF-YRLDVVQINENQGNRSNNK---------------------D--------------------STSYRLI---NCNTSAI-T---QA, 1.6332, 0
1.422054, -128.0622, [74, 79], CHUNK, ['S', 'I'], VKLTPLCVTLNCTNVTNNITD-------------------------------------DMRGELKN----CSFNS-T-TI--LRD-KK-QKV-YSLF-YRLDVVQINENQGNRSNNS------------------------------------------NTSYRLI---NCNTSAI-T---QA, 0.0372, 1
1.440883, -47.3402, 138, POINT, T, VKLTPLCVTLNCTNVTNNITD-------------------------------------DMRGELKN----CSFNS-T-TI--LRD-KK-QKV-YSLF-YRLDVVQINENQGNRSNNT---------------------K--------------------NTSYRLI---NCNTSAI-T---QA, 1.6135, 0
1.444626, -119.8600, [58, 59, 60, 63], CHUNK, ['M', 'D', 'T', 'I'], VKLTPLCVTLNCTNVTNNITD-------------------------------------MDTGEIKN----CSFNS-T-TI--LRD-KK-QKV-YSLF-YRLDVVQINENQGNRSNNS------------------------------------------NTSYRLI---NCNTSAI-T---QA, 0.0258, 0
1.369381, -110.9916, 119, POINT, T, VKLTPLCVTLNCTNVTNNITD-------------------------------------DMRGELKN----CSFNS-T-TI--LRD-KK-QKV-YSLF-YRLDVVQINENQGNRSNND--K---------------------------------------QTSYRLI---NCNTSAI-T---QA, 1.6135, 0
1.438587, -126.1184, [74], CHUNK, ['T'], VKLTPLCVTLNCTNVTNNITD-------------------------------------DMRGELKN----CSFNT-T-TI--LRD-KK-QKV-YSLF-YRLDVVQINENQGNRSNNS------------------------------------------NTSYRLI---NCNTSAI-T---QA, 0.0593, 0
1.386516, -57.3601, 117, POINT, T, VKLTPLCVTLNCTNVTNNITD-------------------------------------DMRGELKN----CSFNM-T-TE--LRD-KK-QKV-YSLF-YRLDVVQINENQGNRSNNKS-----------------------------------------STSYRLI---NCNTSAI-T---QA, 1.6233, 0
1.443335, -77.0254, [74, 79], CHUNK, ['I', 'N'], VKLTPLCVTLNCTNVTNNITD-------------------------------------DMRGELKN----CSFNI-T-TN--LRD-KK-QKV-YSLF-YRLDVVQINENQGNRSNNS------------------------------------------NTSYRLI---NCNTSAI-T---QA, 0.0497, 0
1.371544, -117.5144, 123, POINT, T, VKLTPLCVTLNCTNVTNNITD-------------------------------------DMRGELKN----CSFNM-T-TE--LRD-KK-QKV-YSLF-YRLDVVQINENQGNRSNNS------D-----------------------------------RTSYRLI---NCNTSAI-T---QA, 1.6418, 0
1.393846, -89.1535, 125, POINT, T, VKLTPLCVTLNCTNVTNNITD-------------------------------------DMRGELKN----CSFNM-T-TE--LRD-KK-QKV-YSLF-YRLDVVQINENQGNRSNNT--------E---------------------------------STSYRLI---NCNTSAI-T---QA, 1.6275, 0
1.393529, -130.2086, [160, 161], CHUNK, ['S', 'T'], VKLTPLCVTLNCTNVTNNITD-------------------------------------DMRGELKN----CSFNM-T-TE--LRD-KK-QKV-YSLF-YRLDVVQINENQGNRSNNS------------------------------------------NSTYRLI---NCNTSAI-T---QA, 0.0496, 1
1.420949, -78.2237, [74, 79], CHUNK, ['I', 'S'], VKLTPLCVTLNCTNVTNNITD-------------------------------------DMRGELKN----CSFNI-T-TS--LRD-KK-QKV-YSLF-YRLDVVQINENQGNRSNNS------------------------------------------NSTYRLI---NCNTSAI-T---QA, 0.0462, 0
1.442155, -127.7983, [104, 105, 109, 110], CHUNK, ['P', 'L', 'S', 'S'], VKLTPLCVTLNCTNVTNNITD-------------------------------------DMRGELKN----CSFNM-T-TE--LRD-KK-QKV-YSLF-YRLDVVPLNENSSNRSNNS------------------------------------------NSTYRLI---NCNTSAI-T---QA, 0.0496, 1
1.481358, -73.9560, [74, 79], CHUNK, ['I', 'N'], VKLTPLCVTLNCTNVTNNITD-------------------------------------DMRGELKN----CSFNI-T-TN--LRD-KK-QKV-YSLF-YRLDVVPLNENSSNRSNNS------------------------------------------NSTYRLI---NCNTSAI-T---QA, 0.0567, 0
1.473878, -124.1117, [74], CHUNK, ['T'], VKLTPLCVTLNCTNVTNNITD-------------------------------------DMRGELKN----CSFNT-T-TE--LRD-KK-QKV-YSLF-YRLDVVPLNENSSNRSNNS------------------------------------------NSTYRLI---NCNTSAI-T---QA, 0.0539, 1
1.429948, -102.6382, 126, POINT, S, VKLTPLCVTLNCTNVTNNITD-------------------------------------DMRGELKN----CSFNT-T-TE--LRD-KK-QKV-YSLF-YRLDVVPLNENSSNRSNNE---------K--------------------------------ESTYRLI---NCNTSAI-T---QA, 1.6153, 0
1.505330, -69.9781, 133, POINT, S, VKLTPLCVTLNCTNVTNNITD-------------------------------------DMRGELKN----CSFNT-T-TE--LRD-KK-QKV-YSLF-YRLDVVPLNENSSNRSNNN----------------S-------------------------TSTYRLI---NCNTSAI-T---QA, 1.6155, 0
1.470351, -71.4513, 145, POINT, S, VKLTPLCVTLNCTNVTNNITD-------------------------------------DMRGELKN----CSFNT-T-TE--LRD-KK-QKV-YSLF-YRLDVVPLNENSSNRSNNT----------------------------E-------------SSTYRLI---NCNTSAI-T---QA, 1.6298, 0
1.498385, -125.2313, [160, 161, 163], CHUNK, ['T', 'S', 'T'], VKLTPLCVTLNCTNVTNNITD-------------------------------------DMRGELKN----CSFNT-T-TE--LRD-KK-QKV-YSLF-YRLDVVPLNENSSNRSNNS------------------------------------------NTSYTLI---NCNTSAI-T---QA, 0.0539, 1
1.477755, -113.4700, 120, POINT, T, VKLTPLCVTLNCTNVTNNITD-------------------------------------DMRGELKN----CSFNT-T-TE--LRD-KK-QKV-YSLF-YRLDVVPLNENSSNRSNNH---S--------------------------------------TTSYTLI---NCNTSAI-T---QA, 1.6138, 0
1.501672, 2545.2480, 120, POINT, T, VKLTPLCVTLNCTNVTNNITD-------------------------------------DMRGELKN----CSFNT-T-TE--LRD-KK-QKV-YSLF-YRLDVVPLNENSSNRSNNS---V--------------------------------------NTSYTLI---NCNTSAI-T---QA, 1.6540, 0
1.492760, -72.2506, 118, POINT, T, VKLTPLCVTLNCTNVTNNITD-------------------------------------DMRGELKN----CSFNT-T-TE--LRD-KK-QKV-YSLF-YRLDVVPLNENSSNRSNNT-K----------------------------------------STSYTLI---NCNTSAI-T---QA, 1.6276, 0
1.513500, -122.9164, [174], CHUNK, ['T'], VKLTPLCVTLNCTNVTNNITD-------------------------------------DMRGELKN----CSFNT-T-TE--LRD-KK-QKV-YSLF-YRLDVVPLNENSSNRSNNS------------------------------------------NTSYTLI---NCNTSTI-T---QA, 0.0539, 1
1.530566, -86.5282, [58, 59, 60, 61, 63], CHUNK, ['E', 'S', 'E', 'E', 'I'], VKLTPLCVTLNCTNVTNNITD-------------------------------------ESEEEIKN----CSFNT-T-TE--LRD-KK-QKV-YSLF-YRLDVVPLNENSSNRSNNS------------------------------------------NTSYTLI---NCNTSTI-T---QA, 0.0599, 0
1.536238, -1.6094, [79, 82, 84], CHUNK, ['S', 'I', 'N'], VKLTPLCVTLNCTNVTNNITD-------------------------------------DMRGELKN----CSFNT-T-TS--IRN-KK-QKV-YSLF-YRLDVVPLNENSSNRSNNS------------------------------------------NTSYTLI---NCNTSTI-T---QA, 0.0622, 0
1.516787, 2547.9735, 119, POINT, T, VKLTPLCVTLNCTNVTNNITD-------------------------------------DMRGELKN----CSFNT-T-TE--LRD-KK-QKV-YSLF-YRLDVVPLNENSSNRSNNS--V---------------------------------------NTSYTLI---NCNTSTI-T---QA, 1.6531, 0
1.516787, 2549.3321, 120, POINT, T, VKLTPLCVTLNCTNVTNNITD-------------------------------------DMRGELKN----CSFNT-T-TE--LRD-KK-QKV-YSLF-YRLDVVPLNENSSNRSNNS---V--------------------------------------NTSYTLI---NCNTSTI-T---QA, 1.6552, 0
1.473328, -102.3552, 125, POINT, T, VKLTPLCVTLNCTNVTNNITD-------------------------------------DMRGELKN----CSFNT-T-TE--LRD-KK-QKV-YSLF-YRLDVVPLNENSSNRSNNE--------K---------------------------------TTSYTLI---NCNTSAI-T---QA, 1.6163, 0
1.521472, -120.0498, [91, 94, 98, 99], CHUNK, ['N', 'A', 'N', 'K'], VKLTPLCVTLNCTNVTNNITD-------------------------------------DMRGELKN----CSFNT-T-TE--LRD-KK-QKN-YALF-NKLDVVPLNENSSNRSNNS------------------------------------------NTSYTLI---NCNTSAI-T---QA, 0.0539, 1
1.528905, 7.0767, 119, POINT, T, VKLTPLCVTLNCTNVTNNITD-------------------------------------DMRGELKN----CSFNT-T-TE--LRD-KK-QKN-YALF-NKLDVVPLNENSSNRSNNS--K---------------------------------------NTSYTLI---NCNTSAI-T---QA, 1.6190, 0
1.487309, -67.8743, 150, POINT, T, VKLTPLCVTLNCTNVTNNITD-------------------------------------DMRGELKN----CSFNT-T-TE--LRD-KK-QKN-YALF-NKLDVVPLNENSSNRSNND---------------------------------S--------KTSYTLI---NCNTSAI-T---QA, 1.6816, 0
1.468325, 40.5541, 129, POINT, T, VKLTPLCVTLNCTNVTNNITD-------------------------------------DMRGELKN----CSFNT-T-TE--LRD-KK-QKN-YALF-NKLDVVPLNENSSNRSNNS------------H-----------------------------QTSYTLI---NCNTSAI-T---QA, 1.6171, 0
1.507709, -25.2083, 127, POINT, T, VKLTPLCVTLNCTNVTNNITD-------------------------------------DMRGELKN----CSFNT-T-TE--LRD-KK-QKN-YALF-NKLDVVPLNENSSNRSNNS----------S-------------------------------KTSYTLI---NCNTSAI-T---QA, 1.6432, 0
1.471135, -57.0777, 144, POINT, T, VKLTPLCVTLNCTNVTNNITD-------------------------------------DMRGELKN----CSFNT-T-TE--LRD-KK-QKV-YSLF-YRLDVVPLNENSSNRSNNK---------------------------E--------------TTSYTLI---NCNTSAI-T---QA, 1.6177, 0
1.480506, -24.0118, 134, POINT, T, VKLTPLCVTLNCTNVTNNITD-------------------------------------DMRGELKN----CSFNT-T-TE--LRD-KK-QKV-YSLF-YRLDVVPLNENSSNRSNNK-----------------S------------------------STSYTLI---NCNTSAI-T---QA, 1.6383, 0
1.510099, -116.7272, 125, POINT, T, VKLTPLCVTLNCTNVTNNITD-------------------------------------DMRGELKN----CSFNT-T-TE--LRD-KK-QKV-YSLF-YRLDVVPLNENSSNRSNNS--------S---------------------------------TTSYTLI---NCNTSAI-T---QA, 1.6135, 0
1.469696, -53.8456, 120, POINT, T, VKLTPLCVTLNCTNVTNNITD-------------------------------------DMRGELKN----CSFNT-T-TE--LRD-KK-QKV-YSLF-YRLDVVPLNENSSNRSNNS---K--------------------------------------KTSYTLI---NCNTSAI-T---QA, 1.6232, 0
1.490862, -122.2205, [94, 99], CHUNK, ['A', 'T'], VKLTPLCVTLNCTNVTNNITD-------------------------------------DMRGELKN----CSFNT-T-TE--LRD-KK-QKV-YALF-YTLDVVPLNENSSNRSNNS------------------------------------------NSTYRLI---NCNTSAI-T---QA, 0.0539, 0
1.489912, -120.5423, [98, 99, 105], CHUNK, ['N', 'S', 'I'], VKLTPLCVTLNCTNVTNNITD-------------------------------------DMRGELKN----CSFNT-T-TE--LRD-KK-QKV-YSLF-NSLDVVPINENSSNRSNNS------------------------------------------NSTYRLI---NCNTSAI-T---QA, 0.0539, 0
1.483925, 137.2947, 123, POINT, S, VKLTPLCVTLNCTNVTNNITD-------------------------------------DMRGELKN----CSFNT-T-TE--LRD-KK-QKV-YSLF-YRLDVVPLNENSSNRSNNS------K-----------------------------------NSTYRLI---NCNTSAI-T---QA, 1.6261, 0
1.498385, -125.2313, [160, 161, 163], CHUNK, ['T', 'S', 'T'], VKLTPLCVTLNCTNVTNNITD-------------------------------------DMRGELKN----CSFNT-T-TE--LRD-KK-QKV-YSLF-YRLDVVPLNENSSNRSNNS------------------------------------------NTSYTLI---NCNTSAI-T---QA, 0.0539, 1
1.513500, -122.9164, [174], CHUNK, ['T'], VKLTPLCVTLNCTNVTNNITD-------------------------------------DMRGELKN----CSFNT-T-TE--LRD-KK-QKV-YSLF-YRLDVVPLNENSSNRSNNS------------------------------------------NTSYTLI---NCNTSTI-T---QA, 0.0539, 1
1.540940, -0.6136, [79, 82], CHUNK, ['N', 'I'], VKLTPLCVTLNCTNVTNNITD-------------------------------------DMRGELKN----CSFNT-T-TN--IRD-KK-QKV-YSLF-YRLDVVPLNENSSNRSNNS------------------------------------------NTSYTLI---NCNTSTI-T---QA, 0.0679, 0
1.541444, -0.7282, [79, 82, 83], CHUNK, ['N', 'I', 'K'], VKLTPLCVTLNCTNVTNNITD-------------------------------------DMRGELKN----CSFNT-T-TN--IKD-KK-QKV-YSLF-YRLDVVPLNENSSNRSNNS------------------------------------------NTSYTLI---NCNTSTI-T---QA, 0.0697, 0
1.531867, -117.9088, [58, 59, 60, 63], CHUNK, ['L', 'E', 'K', 'I'], VKLTPLCVTLNCTNVTNNITD-------------------------------------LEKGEIKN----CSFNT-T-TE--LRD-KK-QKV-YSLF-YRLDVVPLNENSSNRSNNS------------------------------------------NTSYTLI---NCNTSTI-T---QA, 0.0539, 0
1.518227, 58.9905, 134, POINT, T, VKLTPLCVTLNCTNVTNNITD-------------------------------------DMRGELKN----CSFNT-T-TE--LRD-KK-QKV-YSLF-YRLDVVPLNENSSNRSNNS-----------------D------------------------NTSYTLI---NCNTSTI-T---QA, 1.6332, 0
1.518825, -121.9558, [20], CHUNK, ['T'], VKLTPLCVTLNCTNVTNNITT-------------------------------------DMRGELKN----CSFNT-T-TE--LRD-KK-QKV-YSLF-YRLDVVPLNENSSNRSNNS------------------------------------------NTSYTLI---NCNTSAI-T---QA, 0.0539, 0
1.491007, -30.0091, 121, POINT, T, VKLTPLCVTLNCTNVTNNITD-------------------------------------DMRGELKN----CSFNT-T-TE--LRD-KK-QKV-YSLF-YRLDVVPLNENSSNRSNNK----S-------------------------------------TTSYTLI---NCNTSAI-T---QA, 1.6275, 0
1.508126, -124.9418, [99, 105], CHUNK, ['K', 'I'], VKLTPLCVTLNCTNVTNNITD-------------------------------------DMRGELKN----CSFNT-T-TE--LRD-KK-QKV-YSLF-YKLDVVPINENSSNRSNNS------------------------------------------NTSYTLI---NCNTSAI-T---QA, 0.0539, 1
1.523241, -122.7499, [174], CHUNK, ['T'], VKLTPLCVTLNCTNVTNNITD-------------------------------------DMRGELKN----CSFNT-T-TE--LRD-KK-QKV-YSLF-YKLDVVPINENSSNRSNNS------------------------------------------NTSYTLI---NCNTSTI-T---QA, 0.0473, 1
1.531576, 10.2855, [82, 87, 89], CHUNK, ['I', 'I', 'K'], VKLTPLCVTLNCTNVTNNITD-------------------------------------DMRGELKN----CSFNT-T-TE--IRD-KI-KKV-YSLF-YKLDVVPINENSSNRSNNS------------------------------------------NTSYTLI---NCNTSTI-T---QA, 0.0588, 0
1.526528, 2552.0091, 123, POINT, T, VKLTPLCVTLNCTNVTNNITD-------------------------------------DMRGELKN----CSFNT-T-TE--LRD-KK-QKV-YSLF-YKLDVVPINENSSNRSNNS------V-----------------------------------NTSYTLI---NCNTSTI-T---QA, 1.6495, 0
1.465148, -80.9295, 125, POINT, T, VKLTPLCVTLNCTNVTNNITD-------------------------------------DMRGELKN----CSFNT-T-TE--LRD-KK-QKV-YSLF-YKLDVVPINENSSNRSNND--------Q---------------------------------KTSYTLI---NCNTSTI-T---QA, 1.6780, 0
1.540332, -121.2841, [113, 115, 116], CHUNK, ['T', 'S', 'N'], VKLTPLCVTLNCTNVTNNITD-------------------------------------DMRGELKN----CSFNT-T-TE--LRD-KK-QKV-YSLF-YKLDVVPINENSSNRTNSN------------------------------------------NTSYTLI---NCNTSTI-T---QA, 0.0433, 0
1.550565, -123.7723, [18, 20], CHUNK, ['T', 'N'], VKLTPLCVTLNCTNVTNNTTN-------------------------------------DMRGELKN----CSFNT-T-TE--LRD-KK-QKV-YSLF-YKLDVVPINENSSNRSNNS------------------------------------------NTSYTLI---NCNTSAI-T---QA, 0.0539, 0
1.527749, -90.3401, [60, 61, 63], CHUNK, ['N', 'K', 'V'], VKLTPLCVTLNCTNVTNNITD-------------------------------------DMNKEVKN----CSFNT-T-TE--LRD-KK-QKV-YSLF-YKLDVVPINENSSNRSNNS------------------------------------------NTSYTLI---NCNTSAI-T---QA, 0.0539, 0
1.484912, 24.1969, 125, POINT, T, VKLTPLCVTLNCTNVTNNITD-------------------------------------DMRGELKN----CSFNT-T-TE--LRD-KK-QKV-YSLF-YKLDVVPINENSSNRSNNS--------S---------------------------------QTSYTLI---NCNTSAI-T---QA, 1.6206, 0
1.511413, 2549.9772, 134, POINT, T, VKLTPLCVTLNCTNVTNNITD-------------------------------------DMRGELKN----CSFNT-T-TE--LRD-KK-QKV-YSLF-YKLDVVPINENSSNRSNNS-----------------V------------------------NTSYTLI---NCNTSAI-T---QA, 1.6545, 0
1.500501, -103.5845, 145, POINT, T, VKLTPLCVTLNCTNVTNNITD-------------------------------------DMRGELKN----CSFNT-T-TE--LRD-KK-QKV-YSLF-YRLDVVPLNENSSNRSNNS----------------------------S-------------STSYTLI---NCNTSAI-T---QA, 1.6224, 0
1.523915, -2.4127, [79, 82, 87], CHUNK, ['N', 'I', 'V'], VKLTPLCVTLNCTNVTNNITD-------------------------------------DMRGELKN----CSFNT-T-TN--IRD-KV-QKV-YSLF-YRLDVVPLNENSSNRSNNS------------------------------------------NTSYTLI---NCNTSAI-T---QA, 0.0843, 0
1.453771, -100.3524, 138, POINT, T, VKLTPLCVTLNCTNVTNNITD-------------------------------------DMRGELKN----CSFNT-T-TE--LRD-KK-QKV-YSLF-YRLDVVPLNENSSNRSNNE---------------------S--------------------QTSYTLI---NCNTSAI-T---QA, 1.6170, 0
1.513500, -122.9164, [174], CHUNK, ['T'], VKLTPLCVTLNCTNVTNNITD-------------------------------------DMRGELKN----CSFNT-T-TE--LRD-KK-QKV-YSLF-YRLDVVPLNENSSNRSNNS------------------------------------------NTSYTLI---NCNTSTI-T---QA, 0.0539, 1
1.536278, -121.3598, [89, 91, 94], CHUNK, ['N', 'E', 'A'], VKLTPLCVTLNCTNVTNNITD-------------------------------------DMRGELKN----CSFNT-T-TE--LRD-KK-NKE-YALF-YRLDVVPLNENSSNRSNNS------------------------------------------NTSYTLI---NCNTSTI-T---QA, 0.0539, 0
1.492317, -56.3805, 143, POINT, T, VKLTPLCVTLNCTNVTNNITD-------------------------------------DMRGELKN----CSFNT-T-TE--LRD-KK-QKV-YSLF-YRLDVVPLNENSSNRSNNK--------------------------K---------------TTSYTLI---NCNTSTI-T---QA, 1.6184, 0
1.523837, -121.8498, [87, 89, 90, 91], CHUNK, ['V', 'K', 'T', 'E'], VKLTPLCVTLNCTNVTNNITD-------------------------------------DMRGELKN----CSFNT-T-TE--LRD-KV-KTE-YSLF-YRLDVVPLNENSSNRSNNS------------------------------------------NTSYTLI---NCNTSTI-T---QA, 0.0539, 0
1.511660, -111.9754, 131, POINT, T, VKLTPLCVTLNCTNVTNNITD-------------------------------------DMRGELKN----CSFNT-T-TE--LRD-KK-QKV-YSLF-YRLDVVPLNENSSNRSNNS--------------T---------------------------KTSYTLI---NCNTSTI-T---QA, 1.6133, 0
1.516241, -5.2139, [82, 83, 84], CHUNK, ['I', 'K', 'N'], VKLTPLCVTLNCTNVTNNITD-------------------------------------DMRGELKN----CSFNT-T-TE--IKN-KK-QKV-YSLF-YRLDVVPLNENSSNRSNNS------------------------------------------NTSYTLI---NCNTSAI-T---QA, 0.0425, 0
1.513500, -122.9164, [174], CHUNK, ['T'], VKLTPLCVTLNCTNVTNNITD-------------------------------------DMRGELKN----CSFNT-T-TE--LRD-KK-QKV-YSLF-YRLDVVPLNENSSNRSNNS------------------------------------------NTSYTLI---NCNTSTI-T---QA, 0.0539, 0
1.518511, -123.5386, [91, 94, 99], CHUNK, ['E', 'A', 'T'], VKLTPLCVTLNCTNVTNNITD-------------------------------------DMRGELKN----CSFNT-T-TE--LRD-KK-QKE-YALF-YTLDVVPLNENSSNRSNNS------------------------------------------NTSYTLI---NCNTSAI-T---QA, 0.0521, 0
1.466383, 67.7366, 133, POINT, T, VKLTPLCVTLNCTNVTNNITD-------------------------------------DMRGELKN----CSFNT-T-TE--LRD-KK-QKV-YSLF-YRLDVVPLNENSSNRSNNS----------------D-------------------------DTSYTLI---NCNTSAI-T---QA, 1.6552, 0
1.494548, -124.4101, [113, 116], CHUNK, ['N', 'T'], VKLTPLCVTLNCTNVTNNITD-------------------------------------DMRGELKN----CSFNT-T-TE--LRD-KK-QKV-YSLF-YRLDVVPLNENSSNRNNNT------------------------------------------NSTYRLI---NCNTSAI-T---QA, 0.0539, 0
1.488579, -121.7968, [174], CHUNK, ['T'], VKLTPLCVTLNCTNVTNNITD-------------------------------------DMRGELKN----CSFNT-T-TE--LRD-KK-QKV-YSLF-YRLDVVPLNENSSNRSNNS------------------------------------------NSTYRLI---NCNTSTI-T---QA, 0.0539, 1
1.497444, -62.2327, 121, POINT, S, VKLTPLCVTLNCTNVTNNITD-------------------------------------DMRGELKN----CSFNT-T-TE--LRD-KK-QKV-YSLF-YRLDVVPLNENSSNRSNNS----S-------------------------------------SSTYRLI---NCNTSTI-T---QA, 1.6417, 0
1.520230, -74.5437, [58, 59, 60, 61, 63, 65], CHUNK, ['T', 'N', 'V', 'N', 'I', 'V'], VKLTPLCVTLNCTNVTNNITD-------------------------------------TNVNEIKV----CSFNT-T-TE--LRD-KK-QKV-YSLF-YRLDVVPLNENSSNRSNNS------------------------------------------NSTYRLI---NCNTSTI-T---QA, 0.1051, 0
1.512099, -120.8122, [59, 60, 63], CHUNK, ['T', 'G', 'I'], VKLTPLCVTLNCTNVTNNITD-------------------------------------DTGGEIKN----CSFNT-T-TE--LRD-KK-QKV-YSLF-YRLDVVPLNENSSNRSNNS------------------------------------------NSTYRLI---NCNTSTI-T---QA, 0.0539, 1
1.519076, 2606.6896, 125, POINT, S, VKLTPLCVTLNCTNVTNNITD-------------------------------------DTGGEIKN----CSFNT-T-TE--LRD-KK-QKV-YSLF-YRLDVVPLNENSSNRSNNS--------V---------------------------------NSTYRLI---NCNTSTI-T---QA, 1.6612, 0
1.487493, -41.4520, 143, POINT, S, VKLTPLCVTLNCTNVTNNITD-------------------------------------DTGGEIKN----CSFNT-T-TE--LRD-KK-QKV-YSLF-YRLDVVPLNENSSNRSNNK--------------------------Q---------------TSTYRLI---NCNTSTI-T---QA, 1.6237, 0
1.510430, 58.2186, 144, POINT, S, VKLTPLCVTLNCTNVTNNITD-------------------------------------DTGGEIKN----CSFNT-T-TE--LRD-KK-QKV-YSLF-YRLDVVPLNENSSNRSNNS---------------------------D--------------TSTYRLI---NCNTSTI-T---QA, 1.6315, 0
1.540044, 1.1687, [79, 82, 83], CHUNK, ['N', 'I', 'K'], VKLTPLCVTLNCTNVTNNITD-------------------------------------DTGGEIKN----CSFNT-T-TN--IKD-KK-QKV-YSLF-YRLDVVPLNENSSNRSNNS------------------------------------------NSTYRLI---NCNTSTI-T---QA, 0.0590, 0
1.460466, -23.8293, 120, POINT, S, VKLTPLCVTLNCTNVTNNITD-------------------------------------DMRGELKN----CSFNT-T-TE--LRD-KK-QKV-YSLF-YRLDVVPLNENSSNRSNNS---E--------------------------------------KSTYRLI---NCNTSTI-T---QA, 1.6158, 0
1.516019, 0.5199, [79, 82], CHUNK, ['N', 'I'], VKLTPLCVTLNCTNVTNNITD-------------------------------------DMRGELKN----CSFNT-T-TN--IRD-KK-QKV-YSLF-YRLDVVPLNENSSNRSNNS------------------------------------------NSTYRLI---NCNTSTI-T---QA, 0.0807, 0
1.495556, 2603.0728, 129, POINT, S, VKLTPLCVTLNCTNVTNNITD-------------------------------------DMRGELKN----CSFNT-T-TE--LRD-KK-QKV-YSLF-YRLDVVPLNENSSNRSNNS------------V-----------------------------NSTYRLI---NCNTSTI-T---QA, 1.6516, 0
1.527991, -114.2878, [17, 18, 19, 20], CHUNK, ['T', 'N', 'N', 'T'], VKLTPLCVTLNCTNVTNTNNT-------------------------------------DMRGELKN----CSFNT-T-TE--LRD-KK-QKV-YSLF-YRLDVVPLNENSSNRSNNS------------------------------------------NSTYRLI---NCNTSTI-T---QA, 0.0626, 0
1.498519, 7.3880, [79, 82, 87], CHUNK, ['N', 'I', 'I'], VKLTPLCVTLNCTNVTNNITD-------------------------------------DMRGELKN----CSFNT-T-TN--IRD-KI-QKV-YSLF-YRLDVVPLNENSSNRSNNS------------------------------------------NSTYRLI---NCNTSAI-T---QA, 0.0500, 0
1.497896, -91.9089, [160, 163, 165], CHUNK, ['T', 'V', 'T'], VKLTPLCVTLNCTNVTNNITD-------------------------------------DMRGELKN----CSFNT-T-TE--LRD-KK-QKV-YSLF-YRLDVVPLNENSSNRSNNS------------------------------------------NTTYVLT---NCNTSAI-T---QA, 0.0449, 0
1.495648, -69.8942, [160, 161, 163, 165], CHUNK, ['T', 'S', 'I', 'T'], VKLTPLCVTLNCTNVTNNITD-------------------------------------DMRGELKN----CSFNT-T-TE--LRD-KK-QKV-YSLF-YRLDVVPLNENSSNRSNNS------------------------------------------NTSYILT---NCNTSAI-T---QA, 0.2535, 0
1.511191, -117.6564, [18, 19, 20], CHUNK, ['T', 'N', 'T'], VKLTPLCVTLNCTNVTNNTNT-------------------------------------DMRGELKN----CSFNT-T-TE--LRD-KK-QKV-YSLF-YRLDVVPLNENSSNRSNNS------------------------------------------NSTYRLI---NCNTSAI-T---QA, 0.0539, 0
1.450717, -4.0965, 126, POINT, S, VKLTPLCVTLNCTNVTNNITD-------------------------------------DMRGELKN----CSFNM-T-TE--LRD-KK-QKV-YSLF-YRLDVVPLNENSSNRSNNS---------D--------------------------------NSTYRLI---NCNTSAI-T---QA, 1.6280, 0
1.467648, -6.3063, [79, 82], CHUNK, ['N', 'I'], VKLTPLCVTLNCTNVTNNITD-------------------------------------DMRGELKN----CSFNM-T-TN--IRD-KK-QKV-YSLF-YRLDVVPLNENSSNRSNNS------------------------------------------NSTYRLI---NCNTSAI-T---QA, 0.0557, 0
1.406595, -107.7790, 122, POINT, S, VKLTPLCVTLNCTNVTNNITD-------------------------------------DMRGELKN----CSFNM-T-TE--LRD-KK-QKV-YSLF-YRLDVVPLNENSSNRSNNE-----S------------------------------------QSTYRLI---NCNTSAI-T---QA, 1.6160, 0
1.459653, -6.6381, [82, 83], CHUNK, ['I', 'T'], VKLTPLCVTLNCTNVTNNITD-------------------------------------DMRGELKN----CSFNM-T-TE--ITD-KK-QKV-YSLF-YRLDVVPLNENSSNRSNNS------------------------------------------NSTYRLI---NCNTSAI-T---QA, 0.0299, 0
