Name base = V1V2_200_sq_6_5_ni
Iters = 200
Soft coverage = 1.31203964383
Energy = -128.717377515
Hard Covereage = 0.0368019545157
Num epitopes = 65
Initial seq = VKLTPLCVTLQCTNVTNNITD-------------------------------------DMRGELKN----CSFNM-T-TE--LRD-KK-QKV-YSLF-YRLDVVQINENQGNRSNNS------------------------------------------NKEYRLI---NCNTSAI-T---QA
-------START OF DATA------
1.359722, -131.5178, [108, 109, 112, 113], CHUNK, ['S', 'S', 'N', 'N'], VKLTPLCVTLQCTNVTNNITD-------------------------------------DMRGELKN----CSFNM-T-TE--LRD-KK-QKV-YSLF-YRLDVVQINESSGNNNNNS------------------------------------------NKEYRLI---NCNTSAI-T---QA, 0.0493, 1
1.376387, -131.3579, 60, POINT, N, VKLTPLCVTLQCTNVTNNITD-------------------------------------DMNGELKN----CSFNM-T-TE--LRD-KK-QKV-YSLF-YRLDVVQINESSGNNNNNS------------------------------------------NKEYRLI---NCNTSAI-T---QA, 0.0493, 1
1.397324, -129.8204, 18, POINT, T, VKLTPLCVTLQCTNVTNNTTD-------------------------------------DMNGELKN----CSFNM-T-TE--LRD-KK-QKV-YSLF-YRLDVVQINESSGNNNNNS------------------------------------------NKEYRLI---NCNTSAI-T---QA, 0.0493, 1
1.446613, -129.7291, [10], CHUNK, ['N'], VKLTPLCVTLNCTNVTNNTTD-------------------------------------DMNGELKN----CSFNM-T-TE--LRD-KK-QKV-YSLF-YRLDVVQINESSGNNNNNS------------------------------------------NKEYRLI---NCNTSAI-T---QA, 0.0493, 1
1.479510, -130.0181, 107, POINT, N, VKLTPLCVTLNCTNVTNNTTD-------------------------------------DMNGELKN----CSFNM-T-TE--LRD-KK-QKV-YSLF-YRLDVVQINNSSGNNNNNS------------------------------------------NKEYRLI---NCNTSAI-T---QA, 0.0600, 1
1.502100, -129.1636, [163, 165], CHUNK, ['T', 'T'], VKLTPLCVTLNCTNVTNNTTD-------------------------------------DMNGELKN----CSFNM-T-TE--LRD-KK-QKV-YSLF-YRLDVVQINNSSGNNNNNS------------------------------------------NKEYTLT---NCNTSAI-T---QA, 0.0600, 1
1.549952, -128.4694, [160, 161], CHUNK, ['T', 'S'], VKLTPLCVTLNCTNVTNNTTD-------------------------------------DMNGELKN----CSFNM-T-TE--LRD-KK-QKV-YSLF-YRLDVVQINNSSGNNNNNS------------------------------------------NTSYTLT---NCNTSAI-T---QA, 0.0600, 1
1.555103, -44.3182, 82, POINT, I, VKLTPLCVTLNCTNVTNNTTD-------------------------------------DMNGELKN----CSFNM-T-TE--IRD-KK-QKV-YSLF-YRLDVVQINNSSGNNNNNS------------------------------------------NTSYTLT---NCNTSAI-T---QA, 0.1432, 0
1.567117, -87.2392, [74], CHUNK, ['I'], VKLTPLCVTLNCTNVTNNTTD-------------------------------------DMNGELKN----CSFNI-T-TE--LRD-KK-QKV-YSLF-YRLDVVQINNSSGNNNNNS------------------------------------------NTSYTLT---NCNTSAI-T---QA, 0.4731, 0
1.569452, -127.7447, [79], CHUNK, ['N'], VKLTPLCVTLNCTNVTNNTTD-------------------------------------DMNGELKN----CSFNM-T-TN--LRD-KK-QKV-YSLF-YRLDVVQINNSSGNNNNNS------------------------------------------NTSYTLT---NCNTSAI-T---QA, 0.0600, 1
1.577698, -127.4532, 87, POINT, T, VKLTPLCVTLNCTNVTNNTTD-------------------------------------DMNGELKN----CSFNM-T-TN--LRD-KT-QKV-YSLF-YRLDVVQINNSSGNNNNNS------------------------------------------NTSYTLT---NCNTSAI-T---QA, 0.0753, 1
1.595796, -115.0867, 74, POINT, V, VKLTPLCVTLNCTNVTNNTTD-------------------------------------DMNGELKN----CSFNV-T-TN--LRD-KT-QKV-YSLF-YRLDVVQINNSSGNNNNNS------------------------------------------NTSYTLT---NCNTSAI-T---QA, 0.1927, 0
1.597709, -101.6928, 74, POINT, I, VKLTPLCVTLNCTNVTNNTTD-------------------------------------DMNGELKN----CSFNI-T-TN--LRD-KT-QKV-YSLF-YRLDVVQINNSSGNNNNNS------------------------------------------NTSYTLT---NCNTSAI-T---QA, 0.4382, 0
1.600375, -124.9474, 58, POINT, T, VKLTPLCVTLNCTNVTNNTTD-------------------------------------TMNGELKN----CSFNM-T-TN--LRD-KT-QKV-YSLF-YRLDVVQINNSSGNNNNNS------------------------------------------NTSYTLT---NCNTSAI-T---QA, 0.0753, 1
1.617824, -123.3851, [99], CHUNK, ['T'], VKLTPLCVTLNCTNVTNNTTD-------------------------------------TMNGELKN----CSFNM-T-TN--LRD-KT-QKV-YSLF-YTLDVVQINNSSGNNNNNS------------------------------------------NTSYTLT---NCNTSAI-T---QA, 0.0769, 0
1.610447, -121.9895, [62, 63], CHUNK, ['T', 'M'], VKLTPLCVTLNCTNVTNNTTD-------------------------------------TMNGTMKN----CSFNM-T-TN--LRD-KT-QKV-YSLF-YRLDVVQINNSSGNNNNNS------------------------------------------NTSYTLT---NCNTSAI-T---QA, 0.0753, 0
1.628261, -125.3667, 20, POINT, N, VKLTPLCVTLNCTNVTNNTTN-------------------------------------TMNGELKN----CSFNM-T-TN--LRD-KT-QKV-YSLF-YRLDVVQINNSSGNNNNNS------------------------------------------NTSYTLT---NCNTSAI-T---QA, 0.0753, 1
1.643352, -123.6913, [174], CHUNK, ['T'], VKLTPLCVTLNCTNVTNNTTN-------------------------------------TMNGELKN----CSFNM-T-TN--LRD-KT-QKV-YSLF-YRLDVVQINNSSGNNNNNS------------------------------------------NTSYTLT---NCNTSTI-T---QA, 0.0753, 1
1.650396, -23.5306, 82, POINT, I, VKLTPLCVTLNCTNVTNNTTN-------------------------------------TMNGELKN----CSFNM-T-TN--IRD-KT-QKV-YSLF-YRLDVVQINNSSGNNNNNS------------------------------------------NTSYTLT---NCNTSTI-T---QA, 0.2453, 0
1.673877, -119.3615, [98, 99], CHUNK, ['N', 'T'], VKLTPLCVTLNCTNVTNNTTN-------------------------------------TMNGELKN----CSFNM-T-TN--LRD-KT-QKV-YSLF-NTLDVVQINNSSGNNNNNS------------------------------------------NTSYTLT---NCNTSTI-T---QA, 0.0909, 0
1.651040, -122.0849, [94, 99], CHUNK, ['A', 'K'], VKLTPLCVTLNCTNVTNNTTN-------------------------------------TMNGELKN----CSFNM-T-TN--LRD-KT-QKV-YALF-YKLDVVQINNSSGNNNNNS------------------------------------------NTSYTLT---NCNTSTI-T---QA, 0.0841, 1
1.657853, -122.7644, 59, POINT, E, VKLTPLCVTLNCTNVTNNTTN-------------------------------------TENGELKN----CSFNM-T-TN--LRD-KT-QKV-YALF-YKLDVVQINNSSGNNNNNS------------------------------------------NTSYTLT---NCNTSTI-T---QA, 0.1243, 0
1.662712, -122.2768, 108, POINT, N, VKLTPLCVTLNCTNVTNNTTN-------------------------------------TMNGELKN----CSFNM-T-TN--LRD-KT-QKV-YALF-YKLDVVQINNNSGNNNNNS------------------------------------------NTSYTLT---NCNTSTI-T---QA, 0.0864, 1
1.682723, -63.6002, [74], CHUNK, ['I'], VKLTPLCVTLNCTNVTNNTTN-------------------------------------TMNGELKN----CSFNI-T-TN--LRD-KT-QKV-YALF-YKLDVVQINNNSGNNNNNS------------------------------------------NTSYTLT---NCNTSTI-T---QA, 0.7444, 0
1.667163, -120.7461, 91, POINT, E, VKLTPLCVTLNCTNVTNNTTN-------------------------------------TMNGELKN----CSFNM-T-TN--LRD-KT-QKE-YALF-YKLDVVQINNNSGNNNNNS------------------------------------------NTSYTLT---NCNTSTI-T---QA, 0.0864, 0
1.682723, -66.1765, 74, POINT, I, VKLTPLCVTLNCTNVTNNTTN-------------------------------------TMNGELKN----CSFNI-T-TN--LRD-KT-QKV-YALF-YKLDVVQINNNSGNNNNNS------------------------------------------NTSYTLT---NCNTSTI-T---QA, 0.7532, 0
1.669001, -118.6141, 72, POINT, S, VKLTPLCVTLNCTNVTNNTTN-------------------------------------TMNGELKN----CSSNM-T-TN--LRD-KT-QKV-YALF-YKLDVVQINNNSGNNNNNS------------------------------------------NTSYTLT---NCNTSTI-T---QA, 0.0899, 1
1.689310, -107.7781, [74], CHUNK, ['I'], VKLTPLCVTLNCTNVTNNTTN-------------------------------------TMNGELKN----CSSNI-T-TN--LRD-KT-QKV-YALF-YKLDVVQINNNSGNNNNNS------------------------------------------NTSYTLT---NCNTSTI-T---QA, 0.2506, 0
1.684595, -118.1440, [116], CHUNK, ['T'], VKLTPLCVTLNCTNVTNNTTN-------------------------------------TMNGELKN----CSSNM-T-TN--LRD-KT-QKV-YALF-YKLDVVQINNNSGNNNNNT------------------------------------------NTSYTLT---NCNTSTI-T---QA, 0.0899, 0
1.685796, -119.4216, 84, POINT, N, VKLTPLCVTLNCTNVTNNTTN-------------------------------------TMNGELKN----CSSNM-T-TN--LRN-KT-QKV-YALF-YKLDVVQINNNSGNNNNNS------------------------------------------NTSYTLT---NCNTSTI-T---QA, 0.0873, 0
1.680810, -107.3285, [72, 74], CHUNK, ['F', 'V'], VKLTPLCVTLNCTNVTNNTTN-------------------------------------TMNGELKN----CSFNV-T-TN--LRD-KT-QKV-YALF-YKLDVVQINNNSGNNNNNS------------------------------------------NTSYTLT---NCNTSTI-T---QA, 0.1855, 0
1.669757, -53.4806, 82, POINT, I, VKLTPLCVTLNCTNVTNNTTN-------------------------------------TMNGELKN----CSFNM-T-TN--IRD-KT-QKV-YALF-YKLDVVQINNNSGNNNNNS------------------------------------------NTSYTLT---NCNTSTI-T---QA, 0.3516, 0
1.666835, -122.4942, 101, POINT, N, VKLTPLCVTLNCTNVTNNTTN-------------------------------------TMNGELKN----CSFNM-T-TN--LRD-KT-QKV-YALF-YKLNVVQINNNSGNNNNNS------------------------------------------NTSYTLT---NCNTSTI-T---QA, 0.0864, 0
1.682723, -80.9291, [74], CHUNK, ['I'], VKLTPLCVTLNCTNVTNNTTN-------------------------------------TMNGELKN----CSFNI-T-TN--LRD-KT-QKV-YALF-YKLDVVQINNNSGNNNNNS------------------------------------------NTSYTLT---NCNTSTI-T---QA, 0.4027, 0
1.682723, -104.4592, [74], CHUNK, ['I'], VKLTPLCVTLNCTNVTNNTTN-------------------------------------TMNGELKN----CSFNI-T-TN--LRD-KT-QKV-YALF-YKLDVVQINNNSGNNNNNS------------------------------------------NTSYTLT---NCNTSTI-T---QA, 0.3655, 0
1.671050, -84.0440, [74], CHUNK, ['I'], VKLTPLCVTLNCTNVTNNTTN-------------------------------------TMNGELKN----CSFNI-T-TN--LRD-KT-QKV-YALF-YKLDVVQINNSSGNNNNNS------------------------------------------NTSYTLT---NCNTSTI-T---QA, 0.5305, 0
1.656896, -120.9393, [74], CHUNK, ['A'], VKLTPLCVTLNCTNVTNNTTN-------------------------------------TMNGELKN----CSFNA-T-TN--LRD-KT-QKV-YALF-YKLDVVQINNSSGNNNNNS------------------------------------------NTSYTLT---NCNTSTI-T---QA, 0.0841, 1
1.669138, -108.6492, [74], CHUNK, ['V'], VKLTPLCVTLNCTNVTNNTTN-------------------------------------TMNGELKN----CSFNV-T-TN--LRD-KT-QKV-YALF-YKLDVVQINNSSGNNNNNS------------------------------------------NTSYTLT---NCNTSTI-T---QA, 0.2268, 1
1.672013, -108.8717, [102, 104], CHUNK, ['I', 'P'], VKLTPLCVTLNCTNVTNNTTN-------------------------------------TMNGELKN----CSFNV-T-TN--LRD-KT-QKV-YALF-YKLDIVPINNSSGNNNNNS------------------------------------------NTSYTLT---NCNTSTI-T---QA, 0.3059, 0
1.675043, -106.5609, 98, POINT, N, VKLTPLCVTLNCTNVTNNTTN-------------------------------------TMNGELKN----CSFNV-T-TN--LRD-KT-QKV-YALF-NKLDVVQINNSSGNNNNNS------------------------------------------NTSYTLT---NCNTSTI-T---QA, 0.2630, 0
1.676984, -110.2478, 90, POINT, N, VKLTPLCVTLNCTNVTNNTTN-------------------------------------TMNGELKN----CSFNV-T-TN--LRD-KT-QNV-YALF-YKLDVVQINNSSGNNNNNS------------------------------------------NTSYTLT---NCNTSTI-T---QA, 0.2500, 0
1.684985, -114.8502, [74], CHUNK, ['T'], VKLTPLCVTLNCTNVTNNTTN-------------------------------------TMNGELKN----CSFNT-T-TN--LRD-KT-QKV-YALF-YKLDVVQINNSSGNNNNNS------------------------------------------NTSYTLT---NCNTSTI-T---QA, 0.1581, 1
1.692790, -113.1553, [93], CHUNK, ['N'], VKLTPLCVTLNCTNVTNNTTN-------------------------------------TMNGELKN----CSFNT-T-TN--LRD-KT-QKV-NALF-YKLDVVQINNSSGNNNNNS------------------------------------------NTSYTLT---NCNTSTI-T---QA, 0.1581, 0
1.686169, -113.5448, 173, POINT, T, VKLTPLCVTLNCTNVTNNTTN-------------------------------------TMNGELKN----CSFNT-T-TN--LRD-KT-QKV-YALF-YKLDVVQINNSSGNNNNNS------------------------------------------NTSYTLT---NCNTTTI-T---QA, 0.1581, 1
1.703189, -112.8227, 104, POINT, S, VKLTPLCVTLNCTNVTNNTTN-------------------------------------TMNGELKN----CSFNT-T-TN--LRD-KT-QKV-YALF-YKLDVVSINNSSGNNNNNS------------------------------------------NTSYTLT---NCNTTTI-T---QA, 0.1622, 0
1.695211, -113.8322, 59, POINT, D, VKLTPLCVTLNCTNVTNNTTN-------------------------------------TDNGELKN----CSFNT-T-TN--LRD-KT-QKV-YALF-YKLDVVQINNSSGNNNNNS------------------------------------------NTSYTLT---NCNTTTI-T---QA, 0.1581, 0
1.706374, -111.1139, [98, 99], CHUNK, ['N', 'T'], VKLTPLCVTLNCTNVTNNTTN-------------------------------------TMNGELKN----CSFNT-T-TN--LRD-KT-QKV-YALF-NTLDVVQINNSSGNNNNNS------------------------------------------NTSYTLT---NCNTTTI-T---QA, 0.1581, 0
1.692744, -41.0197, 82, POINT, I, VKLTPLCVTLNCTNVTNNTTN-------------------------------------TMNGELKN----CSFNT-T-TN--IRD-KT-QKV-YALF-YKLDVVQINNSSGNNNNNS------------------------------------------NTSYTLT---NCNTTTI-T---QA, 0.2806, 0
1.699995, -97.0657, [61, 63], CHUNK, ['T', 'M'], VKLTPLCVTLNCTNVTNNTTN-------------------------------------TMNTEMKN----CSFNT-T-TN--LRD-KT-QKV-YALF-YKLDVVQINNSSGNNNNNS------------------------------------------NTSYTLT---NCNTSTI-T---QA, 0.2049, 0
1.691560, -5.1509, 82, POINT, I, VKLTPLCVTLNCTNVTNNTTN-------------------------------------TMNGELKN----CSFNT-T-TN--IRD-KT-QKV-YALF-YKLDVVQINNSSGNNNNNS------------------------------------------NTSYTLT---NCNTSTI-T---QA, 0.2340, 0
1.690288, -113.9407, [63], CHUNK, ['I'], VKLTPLCVTLNCTNVTNNTTN-------------------------------------TMNGEIKN----CSFNT-T-TN--LRD-KT-QKV-YALF-YKLDVVQINNSSGNNNNNS------------------------------------------NTSYTLT---NCNTSTI-T---QA, 0.1549, 0
1.690890, -112.6396, 98, POINT, N, VKLTPLCVTLNCTNVTNNTTN-------------------------------------TMNGELKN----CSFNT-T-TN--LRD-KT-QKV-YALF-NKLDVVQINNSSGNNNNNS------------------------------------------NTSYTLT---NCNTSTI-T---QA, 0.1615, 0
1.683548, -111.1613, [87, 89, 91], CHUNK, ['K', 'N', 'E'], VKLTPLCVTLNCTNVTNNTTN-------------------------------------TMNGELKN----CSFNV-T-TN--LRD-KK-NKE-YALF-YKLDVVQINNSSGNNNNNS------------------------------------------NTSYTLT---NCNTSTI-T---QA, 0.1991, 0
1.676275, 0.6874, 82, POINT, I, VKLTPLCVTLNCTNVTNNTTN-------------------------------------TMNGELKN----CSFNV-T-TN--IRD-KT-QKV-YALF-YKLDVVQINNSSGNNNNNS------------------------------------------NTSYTLT---NCNTSTI-T---QA, 0.1958, 0
1.691311, -108.8208, 83, POINT, T, VKLTPLCVTLNCTNVTNNTTN-------------------------------------TMNGELKN----CSFNV-T-TN--LTD-KT-QKV-YALF-YKLDVVQINNSSGNNNNNS------------------------------------------NTSYTLT---NCNTSTI-T---QA, 0.2268, 0
1.685122, -109.9238, [84], CHUNK, ['N'], VKLTPLCVTLNCTNVTNNTTN-------------------------------------TMNGELKN----CSFNV-T-TN--LRN-KT-QKV-YALF-YKLDVVQINNSSGNNNNNS------------------------------------------NTSYTLT---NCNTSTI-T---QA, 0.2193, 0
1.669138, -105.3054, [74], CHUNK, ['V'], VKLTPLCVTLNCTNVTNNTTN-------------------------------------TMNGELKN----CSFNV-T-TN--LRD-KT-QKV-YALF-YKLDVVQINNSSGNNNNNS------------------------------------------NTSYTLT---NCNTSTI-T---QA, 0.5746, 0
1.669009, -121.9831, [159, 161], CHUNK, ['T', 'N'], VKLTPLCVTLNCTNVTNNTTN-------------------------------------TMNGELKN----CSFNA-T-TN--LRD-KT-QKV-YALF-YKLDVVQINNSSGNNNNNS------------------------------------------TTNYTLT---NCNTSTI-T---QA, 0.0841, 0
1.671050, -74.5328, [74], CHUNK, ['I'], VKLTPLCVTLNCTNVTNNTTN-------------------------------------TMNGELKN----CSFNI-T-TN--LRD-KT-QKV-YALF-YKLDVVQINNSSGNNNNNS------------------------------------------NTSYTLT---NCNTSTI-T---QA, 0.3834, 0
1.671050, -78.4986, [74], CHUNK, ['I'], VKLTPLCVTLNCTNVTNNTTN-------------------------------------TMNGELKN----CSFNI-T-TN--LRD-KT-QKV-YALF-YKLDVVQINNSSGNNNNNS------------------------------------------NTSYTLT---NCNTSTI-T---QA, 0.5619, 0
1.671050, -92.2927, [74], CHUNK, ['I'], VKLTPLCVTLNCTNVTNNTTN-------------------------------------TMNGELKN----CSFNI-T-TN--LRD-KT-QKV-YALF-YKLDVVQINNSSGNNNNNS------------------------------------------NTSYTLT---NCNTSTI-T---QA, 0.4137, 0
1.671050, -54.6267, [74], CHUNK, ['I'], VKLTPLCVTLNCTNVTNNTTN-------------------------------------TMNGELKN----CSFNI-T-TN--LRD-KT-QKV-YALF-YKLDVVQINNSSGNNNNNS------------------------------------------NTSYTLT---NCNTSTI-T---QA, 0.6083, 0
1.684985, -117.8741, [74], CHUNK, ['T'], VKLTPLCVTLNCTNVTNNTTN-------------------------------------TMNGELKN----CSFNT-T-TN--LRD-KT-QKV-YALF-YKLDVVQINNSSGNNNNNS------------------------------------------NTSYTLT---NCNTSTI-T---QA, 0.0841, 1
1.690288, -116.3511, [63], CHUNK, ['I'], VKLTPLCVTLNCTNVTNNTTN-------------------------------------TMNGEIKN----CSFNT-T-TN--LRD-KT-QKV-YALF-YKLDVVQINNSSGNNNNNS------------------------------------------NTSYTLT---NCNTSTI-T---QA, 0.0986, 0
1.690288, -116.5640, [63], CHUNK, ['I'], VKLTPLCVTLNCTNVTNNTTN-------------------------------------TMNGEIKN----CSFNT-T-TN--LRD-KT-QKV-YALF-YKLDVVQINNSSGNNNNNS------------------------------------------NTSYTLT---NCNTSTI-T---QA, 0.0796, 0
1.691560, -0.0402, [82], CHUNK, ['I'], VKLTPLCVTLNCTNVTNNTTN-------------------------------------TMNGELKN----CSFNT-T-TN--IRD-KT-QKV-YALF-YKLDVVQINNSSGNNNNNS------------------------------------------NTSYTLT---NCNTSTI-T---QA, 0.1119, 0
1.691560, -0.7650, [82], CHUNK, ['I'], VKLTPLCVTLNCTNVTNNTTN-------------------------------------TMNGELKN----CSFNT-T-TN--IRD-KT-QKV-YALF-YKLDVVQINNSSGNNNNNS------------------------------------------NTSYTLT---NCNTSTI-T---QA, 0.2812, 0
1.671050, -82.9021, [74], CHUNK, ['I'], VKLTPLCVTLNCTNVTNNTTN-------------------------------------TMNGELKN----CSFNI-T-TN--LRD-KT-QKV-YALF-YKLDVVQINNSSGNNNNNS------------------------------------------NTSYTLT---NCNTSTI-T---QA, 0.4821, 0
1.661700, -106.7766, 61, POINT, S, VKLTPLCVTLNCTNVTNNTTN-------------------------------------TMNSELKN----CSFNM-T-TN--LRD-KT-QKV-YALF-YKLDVVQINNSSGNNNNNS------------------------------------------NTSYTLT---NCNTSTI-T---QA, 0.0831, 0
1.671050, -72.1060, [74], CHUNK, ['I'], VKLTPLCVTLNCTNVTNNTTN-------------------------------------TMNGELKN----CSFNI-T-TN--LRD-KT-QKV-YALF-YKLDVVQINNSSGNNNNNS------------------------------------------NTSYTLT---NCNTSTI-T---QA, 0.4255, 0
1.671050, -74.9369, [74], CHUNK, ['I'], VKLTPLCVTLNCTNVTNNTTN-------------------------------------TMNGELKN----CSFNI-T-TN--LRD-KT-QKV-YALF-YKLDVVQINNSSGNNNNNS------------------------------------------NTSYTLT---NCNTSTI-T---QA, 0.3519, 0
