Name base = V1V2_70_sq_1_1_ni
Iters = 70
Soft coverage = 1.31203964383
Energy = -130.288724119
Hard Covereage = 0.0368019545157
Num epitopes = 65
Initial seq = VKLTPLCVTLQCTNVTNNITD-------------------------------------DMRGELKN----CSFNM-T-TE--LRD-KK-QKV-YSLF-YRLDVVQINENQGNRSNNS------------------------------------------NKEYRLI---NCNTSAI-T---QA
-------START OF DATA------
1.325880, -131.5827, [163], CHUNK, ['T'], VKLTPLCVTLQCTNVTNNITD-------------------------------------DMRGELKN----CSFNM-T-TE--LRD-KK-QKV-YSLF-YRLDVVQINENQGNRSNNS------------------------------------------NKEYTLI---NCNTSAI-T---QA, 0.0000, 1
1.349724, -131.5076, 59, POINT, T, VKLTPLCVTLQCTNVTNNITD-------------------------------------DTRGELKN----CSFNM-T-TE--LRD-KK-QKV-YSLF-YRLDVVQINENQGNRSNNS------------------------------------------NKEYTLI---NCNTSAI-T---QA, 0.0208, 1
1.376990, -131.8121, [20], CHUNK, ['N'], VKLTPLCVTLQCTNVTNNITN-------------------------------------DTRGELKN----CSFNM-T-TE--LRD-KK-QKV-YSLF-YRLDVVQINENQGNRSNNS------------------------------------------NKEYTLI---NCNTSAI-T---QA, 0.0208, 1
1.384475, -131.6822, [89], CHUNK, ['K'], VKLTPLCVTLQCTNVTNNITN-------------------------------------DTRGELKN----CSFNM-T-TE--LRD-KK-KKV-YSLF-YRLDVVQINENQGNRSNNS------------------------------------------NKEYTLI---NCNTSAI-T---QA, 0.0208, 1
1.409268, -130.5812, 18, POINT, T, VKLTPLCVTLQCTNVTNNTTN-------------------------------------DTRGELKN----CSFNM-T-TE--LRD-KK-KKV-YSLF-YRLDVVQINENQGNRSNNS------------------------------------------NKEYTLI---NCNTSAI-T---QA, 0.0208, 1
1.414123, -128.6454, [63], CHUNK, ['I'], VKLTPLCVTLQCTNVTNNTTN-------------------------------------DTRGEIKN----CSFNM-T-TE--LRD-KK-KKV-YSLF-YRLDVVQINENQGNRSNNS------------------------------------------NKEYTLI---NCNTSAI-T---QA, 0.0867, 1
1.421296, -129.3251, 90, POINT, N, VKLTPLCVTLQCTNVTNNTTN-------------------------------------DTRGEIKN----CSFNM-T-TE--LRD-KK-KNV-YSLF-YRLDVVQINENQGNRSNNS------------------------------------------NKEYTLI---NCNTSAI-T---QA, 0.0765, 1
1.438970, -127.9227, [99], CHUNK, ['T'], VKLTPLCVTLQCTNVTNNTTN-------------------------------------DTRGEIKN----CSFNM-T-TE--LRD-KK-KNV-YSLF-YTLDVVQINENQGNRSNNS------------------------------------------NKEYTLI---NCNTSAI-T---QA, 0.1178, 0
1.443885, -128.9128, 160, POINT, T, VKLTPLCVTLQCTNVTNNTTN-------------------------------------DTRGEIKN----CSFNM-T-TE--LRD-KK-KNV-YSLF-YRLDVVQINENQGNRSNNS------------------------------------------NTEYTLI---NCNTSAI-T---QA, 0.0765, 1
1.451109, -127.1533, 98, POINT, N, VKLTPLCVTLQCTNVTNNTTN-------------------------------------DTRGEIKN----CSFNM-T-TE--LRD-KK-KNV-YSLF-NRLDVVQINENQGNRSNNS------------------------------------------NTEYTLI---NCNTSAI-T---QA, 0.0765, 0
1.446520, -122.1718, [60], CHUNK, ['I'], VKLTPLCVTLQCTNVTNNTTN-------------------------------------DTIGEIKN----CSFNM-T-TE--LRD-KK-KNV-YSLF-YRLDVVQINENQGNRSNNS------------------------------------------NTEYTLI---NCNTSAI-T---QA, 0.0765, 1
1.466813, -121.8956, 161, POINT, S, VKLTPLCVTLQCTNVTNNTTN-------------------------------------DTIGEIKN----CSFNM-T-TE--LRD-KK-KNV-YSLF-YRLDVVQINENQGNRSNNS------------------------------------------NTSYTLI---NCNTSAI-T---QA, 0.0869, 0
1.451292, -122.4568, [104], CHUNK, ['P'], VKLTPLCVTLQCTNVTNNTTN-------------------------------------DTIGEIKN----CSFNM-T-TE--LRD-KK-KNV-YSLF-YRLDVVPINENQGNRSNNS------------------------------------------NTEYTLI---NCNTSAI-T---QA, 0.0765, 0
1.495810, -122.1266, 10, POINT, N, VKLTPLCVTLNCTNVTNNTTN-------------------------------------DTIGEIKN----CSFNM-T-TE--LRD-KK-KNV-YSLF-YRLDVVQINENQGNRSNNS------------------------------------------NTEYTLI---NCNTSAI-T---QA, 0.0765, 1
1.519084, -122.2386, [107], CHUNK, ['N'], VKLTPLCVTLNCTNVTNNTTN-------------------------------------DTIGEIKN----CSFNM-T-TE--LRD-KK-KNV-YSLF-YRLDVVQINNNQGNRSNNS------------------------------------------NTEYTLI---NCNTSAI-T---QA, 0.0765, 1
1.545806, -120.5385, [14], CHUNK, ['N'], VKLTPLCVTLNCTNNTNNTTN-------------------------------------DTIGEIKN----CSFNM-T-TE--LRD-KK-KNV-YSLF-YRLDVVQINNNQGNRSNNS------------------------------------------NTEYTLI---NCNTSAI-T---QA, 0.0611, 0
1.531874, -121.9137, [83], CHUNK, ['N'], VKLTPLCVTLNCTNVTNNTTN-------------------------------------DTIGEIKN----CSFNM-T-TE--LND-KK-KNV-YSLF-YRLDVVQINNNQGNRSNNS------------------------------------------NTEYTLI---NCNTSAI-T---QA, 0.1190, 0
1.539377, -121.9421, 161, POINT, S, VKLTPLCVTLNCTNVTNNTTN-------------------------------------DTIGEIKN----CSFNM-T-TE--LRD-KK-KNV-YSLF-YRLDVVQINNNQGNRSNNS------------------------------------------NTSYTLI---NCNTSAI-T---QA, 0.0765, 0
1.522981, -120.1290, 99, POINT, S, VKLTPLCVTLNCTNVTNNTTN-------------------------------------DTIGEIKN----CSFNM-T-TE--LRD-KK-KNV-YSLF-YSLDVVQINNNQGNRSNNS------------------------------------------NTEYTLI---NCNTSAI-T---QA, 0.0764, 0
1.510763, -106.8937, 74, POINT, V, VKLTPLCVTLNCTNVTNNTTN-------------------------------------DTIGEIKN----CSFNV-T-TE--LRD-KK-KNV-YSLF-YRLDVVQINENQGNRSNNS------------------------------------------NTEYTLI---NCNTSAI-T---QA, 0.2621, 0
1.520821, -123.9857, 60, POINT, T, VKLTPLCVTLNCTNVTNNTTN-------------------------------------DTTGEIKN----CSFNM-T-TE--LRD-KK-KNV-YSLF-YRLDVVQINENQGNRSNNS------------------------------------------NTEYTLI---NCNTSAI-T---QA, 0.0765, 1
1.551150, -125.4385, [110], CHUNK, ['N'], VKLTPLCVTLNCTNVTNNTTN-------------------------------------DTTGEIKN----CSFNM-T-TE--LRD-KK-KNV-YSLF-YRLDVVQINENQNNRSNNS------------------------------------------NTEYTLI---NCNTSAI-T---QA, 0.0765, 1
1.560216, -124.7364, 79, POINT, S, VKLTPLCVTLNCTNVTNNTTN-------------------------------------DTTGEIKN----CSFNM-T-TS--LRD-KK-KNV-YSLF-YRLDVVQINENQNNRSNNS------------------------------------------NTEYTLI---NCNTSAI-T---QA, 0.1054, 0
1.564648, -124.8228, [91], CHUNK, ['T'], VKLTPLCVTLNCTNVTNNTTN-------------------------------------DTTGEIKN----CSFNM-T-TE--LRD-KK-KNT-YSLF-YRLDVVQINENQNNRSNNS------------------------------------------NTEYTLI---NCNTSAI-T---QA, 0.0765, 1
1.578088, -125.4343, 84, POINT, N, VKLTPLCVTLNCTNVTNNTTN-------------------------------------DTTGEIKN----CSFNM-T-TE--LRN-KK-KNT-YSLF-YRLDVVQINENQNNRSNNS------------------------------------------NTEYTLI---NCNTSAI-T---QA, 0.0765, 0
1.574595, -124.5964, [86], CHUNK, ['T'], VKLTPLCVTLNCTNVTNNTTN-------------------------------------DTTGEIKN----CSFNM-T-TE--LRD-TK-KNT-YSLF-YRLDVVQINENQNNRSNNS------------------------------------------NTEYTLI---NCNTSAI-T---QA, 0.1044, 0
1.582276, -98.2469, 74, POINT, I, VKLTPLCVTLNCTNVTNNTTN-------------------------------------DTTGEIKN----CSFNI-T-TE--LRD-KK-KNT-YSLF-YRLDVVQINENQNNRSNNS------------------------------------------NTEYTLI---NCNTSAI-T---QA, 0.3274, 1
1.597390, -96.7576, 174, POINT, T, VKLTPLCVTLNCTNVTNNTTN-------------------------------------DTTGEIKN----CSFNI-T-TE--LRD-KK-KNT-YSLF-YRLDVVQINENQNNRSNNS------------------------------------------NTEYTLI---NCNTSTI-T---QA, 0.3274, 0
1.602568, -98.8066, [161], CHUNK, ['S'], VKLTPLCVTLNCTNVTNNTTN-------------------------------------DTTGEIKN----CSFNI-T-TE--LRD-KK-KNT-YSLF-YRLDVVQINENQNNRSNNS------------------------------------------NTSYTLI---NCNTSAI-T---QA, 0.2923, 0
1.608998, -101.2768, [14], CHUNK, ['N'], VKLTPLCVTLNCTNNTNNTTN-------------------------------------DTTGEIKN----CSFNI-T-TE--LRD-KK-KNT-YSLF-YRLDVVQINENQNNRSNNS------------------------------------------NTEYTLI---NCNTSAI-T---QA, 0.3588, 0
1.586677, -101.8193, 107, POINT, D, VKLTPLCVTLNCTNVTNNTTN-------------------------------------DTTGEIKN----CSFNI-T-TE--LRD-KK-KNT-YSLF-YRLDVVQINDNQNNRSNNS------------------------------------------NTEYTLI---NCNTSAI-T---QA, 0.3284, 0
1.588964, -124.9900, 107, POINT, N, VKLTPLCVTLNCTNVTNNTTN-------------------------------------DTTGEIKN----CSFNM-T-TE--LRD-KK-KNT-YSLF-YRLDVVQINNNQNNRSNNS------------------------------------------NTEYTLI---NCNTSAI-T---QA, 0.0765, 1
1.589868, -125.2212, 83, POINT, I, VKLTPLCVTLNCTNVTNNTTN-------------------------------------DTTGEIKN----CSFNM-T-TE--LID-KK-KNT-YSLF-YRLDVVQINNNQNNRSNNS------------------------------------------NTEYTLI---NCNTSAI-T---QA, 0.0912, 1
1.612109, -125.5796, 14, POINT, T, VKLTPLCVTLNCTNTTNNTTN-------------------------------------DTTGEIKN----CSFNM-T-TE--LID-KK-KNT-YSLF-YRLDVVQINNNQNNRSNNS------------------------------------------NTEYTLI---NCNTSAI-T---QA, 0.0912, 1
1.627379, -124.8560, [58], CHUNK, ['S'], VKLTPLCVTLNCTNTTNNTTN-------------------------------------STTGEIKN----CSFNM-T-TE--LID-KK-KNT-YSLF-YRLDVVQINNNQNNRSNNS------------------------------------------NTEYTLI---NCNTSAI-T---QA, 0.0912, 1
1.647672, -124.5301, [161], CHUNK, ['S'], VKLTPLCVTLNCTNTTNNTTN-------------------------------------STTGEIKN----CSFNM-T-TE--LID-KK-KNT-YSLF-YRLDVVQINNNQNNRSNNS------------------------------------------NTSYTLI---NCNTSAI-T---QA, 0.0912, 0
1.645674, -124.2860, [99], CHUNK, ['T'], VKLTPLCVTLNCTNTTNNTTN-------------------------------------STTGEIKN----CSFNM-T-TE--LID-KK-KNT-YSLF-YTLDVVQINNNQNNRSNNS------------------------------------------NTEYTLI---NCNTSAI-T---QA, 0.1236, 1
1.651484, -121.6934, 91, POINT, N, VKLTPLCVTLNCTNTTNNTTN-------------------------------------STTGEIKN----CSFNM-T-TE--LID-KK-KNN-YSLF-YTLDVVQINNNQNNRSNNS------------------------------------------NTEYTLI---NCNTSAI-T---QA, 0.1236, 1
1.671777, -121.4515, [161], CHUNK, ['S'], VKLTPLCVTLNCTNTTNNTTN-------------------------------------STTGEIKN----CSFNM-T-TE--LID-KK-KNN-YSLF-YTLDVVQINNNQNNRSNNS------------------------------------------NTSYTLI---NCNTSAI-T---QA, 0.1362, 0
1.655031, -121.4331, [4], CHUNK, ['T'], VKLTTLCVTLNCTNTTNNTTN-------------------------------------STTGEIKN----CSFNM-T-TE--LID-KK-KNN-YSLF-YTLDVVQINNNQNNRSNNS------------------------------------------NTEYTLI---NCNTSAI-T---QA, 0.1236, 0
1.656229, -122.4427, 74, POINT, A, VKLTPLCVTLNCTNTTNNTTN-------------------------------------STTGEIKN----CSFNA-T-TE--LID-KK-KNN-YSLF-YTLDVVQINNNQNNRSNNS------------------------------------------NTEYTLI---NCNTSAI-T---QA, 0.1162, 0
1.682931, -119.3311, [74], CHUNK, ['T'], VKLTPLCVTLNCTNTTNNTTN-------------------------------------STTGEIKN----CSFNT-T-TE--LID-KK-KNN-YSLF-YTLDVVQINNNQNNRSNNS------------------------------------------NTEYTLI---NCNTSAI-T---QA, 0.1111, 0
1.660701, -122.2348, 98, POINT, N, VKLTPLCVTLNCTNTTNNTTN-------------------------------------STTGEIKN----CSFNM-T-TE--LID-KK-KNT-YSLF-NTLDVVQINNNQNNRSNNS------------------------------------------NTEYTLI---NCNTSAI-T---QA, 0.1236, 0
1.659426, -122.7186, 58, POINT, T, VKLTPLCVTLNCTNTTNNTTN-------------------------------------TTTGEIKN----CSFNM-T-TE--LID-KK-KNT-YSLF-YTLDVVQINNNQNNRSNNS------------------------------------------NTEYTLI---NCNTSAI-T---QA, 0.1292, 0
1.646707, -117.4248, 96, POINT, L, VKLTPLCVTLNCTNTTNNTTN-------------------------------------STTGEIKN----CSFNM-T-TE--LID-KK-KNT-YSLL-YTLDVVQINNNQNNRSNNS------------------------------------------NTEYTLI---NCNTSAI-T---QA, 0.1236, 0
1.665967, -123.9599, 161, POINT, S, VKLTPLCVTLNCTNTTNNTTN-------------------------------------STTGEIKN----CSFNM-T-TE--LID-KK-KNT-YSLF-YTLDVVQINNNQNNRSNNS------------------------------------------NTSYTLI---NCNTSAI-T---QA, 0.1236, 1
1.673083, -103.7235, 174, POINT, V, VKLTPLCVTLNCTNTTNNTTN-------------------------------------STTGEIKN----CSFNM-T-TE--LID-KK-KNT-YSLF-YTLDVVQINNNQNNRSNNS------------------------------------------NTSYTLI---NCNTSVI-T---QA, 0.2407, 0
1.705387, -124.0742, [109], CHUNK, ['N'], VKLTPLCVTLNCTNTTNNTTN-------------------------------------STTGEIKN----CSFNM-T-TE--LID-KK-KNT-YSLF-YTLDVVQINNNNNNRSNNS------------------------------------------NTSYTLI---NCNTSAI-T---QA, 0.1238, 0
1.667000, -117.2948, 96, POINT, L, VKLTPLCVTLNCTNTTNNTTN-------------------------------------STTGEIKN----CSFNM-T-TE--LID-KK-KNT-YSLL-YTLDVVQINNNQNNRSNNS------------------------------------------NTSYTLI---NCNTSAI-T---QA, 0.1179, 0
1.681082, -121.7202, [174], CHUNK, ['T'], VKLTPLCVTLNCTNTTNNTTN-------------------------------------STTGEIKN----CSFNM-T-TE--LID-KK-KNT-YSLF-YTLDVVQINNNQNNRSNNS------------------------------------------NTSYTLI---NCNTSTI-T---QA, 0.1356, 0
1.665967, -123.9599, 161, POINT, S, VKLTPLCVTLNCTNTTNNTTN-------------------------------------STTGEIKN----CSFNM-T-TE--LID-KK-KNT-YSLF-YTLDVVQINNNQNNRSNNS------------------------------------------NTSYTLI---NCNTSAI-T---QA, 0.1236, 0
1.664602, -123.5840, 79, POINT, N, VKLTPLCVTLNCTNTTNNTTN-------------------------------------STTGEIKN----CSFNM-T-TN--LID-KK-KNT-YSLF-YTLDVVQINNNQNNRSNNS------------------------------------------NTEYTLI---NCNTSAI-T---QA, 0.1236, 0
1.665967, -123.9599, 161, POINT, S, VKLTPLCVTLNCTNTTNNTTN-------------------------------------STTGEIKN----CSFNM-T-TE--LID-KK-KNT-YSLF-YTLDVVQINNNQNNRSNNS------------------------------------------NTSYTLI---NCNTSAI-T---QA, 0.1236, 1
1.673083, -104.2325, [174], CHUNK, ['V'], VKLTPLCVTLNCTNTTNNTTN-------------------------------------STTGEIKN----CSFNM-T-TE--LID-KK-KNT-YSLF-YTLDVVQINNNQNNRSNNS------------------------------------------NTSYTLI---NCNTSVI-T---QA, 0.3672, 0
1.681082, -121.8013, 174, POINT, T, VKLTPLCVTLNCTNTTNNTTN-------------------------------------STTGEIKN----CSFNM-T-TE--LID-KK-KNT-YSLF-YTLDVVQINNNQNNRSNNS------------------------------------------NTSYTLI---NCNTSTI-T---QA, 0.1212, 0
1.671707, -123.3240, 162, POINT, S, VKLTPLCVTLNCTNTTNNTTN-------------------------------------STTGEIKN----CSFNM-T-TE--LID-KK-KNT-YSLF-YTLDVVQINNNQNNRSNNS------------------------------------------NTSSTLI---NCNTSAI-T---QA, 0.1236, 0
1.689855, -125.1646, [58], CHUNK, ['N'], VKLTPLCVTLNCTNTTNNTTN-------------------------------------NTTGEIKN----CSFNM-T-TE--LID-KK-KNT-YSLF-YTLDVVQINNNQNNRSNNS------------------------------------------NTSYTLI---NCNTSAI-T---QA, 0.1236, 0
1.652790, -107.7577, [174], CHUNK, ['V'], VKLTPLCVTLNCTNTTNNTTN-------------------------------------STTGEIKN----CSFNM-T-TE--LID-KK-KNT-YSLF-YTLDVVQINNNQNNRSNNS------------------------------------------NTEYTLI---NCNTSVI-T---QA, 0.4132, 0
1.692720, -122.7630, [109], CHUNK, ['T'], VKLTPLCVTLNCTNTTNNTTN-------------------------------------STTGEIKN----CSFNM-T-TE--LID-KK-KNT-YSLF-YTLDVVQINNNTNNRSNNS------------------------------------------NTEYTLI---NCNTSAI-T---QA, 0.1236, 0
1.660789, -121.9240, 174, POINT, T, VKLTPLCVTLNCTNTTNNTTN-------------------------------------STTGEIKN----CSFNM-T-TE--LID-KK-KNT-YSLF-YTLDVVQINNNQNNRSNNS------------------------------------------NTEYTLI---NCNTSTI-T---QA, 0.1236, 0
1.660668, -125.0072, 84, POINT, N, VKLTPLCVTLNCTNTTNNTTN-------------------------------------STTGEIKN----CSFNM-T-TE--LIN-KK-KNT-YSLF-YTLDVVQINNNQNNRSNNS------------------------------------------NTEYTLI---NCNTSAI-T---QA, 0.1231, 1
1.661437, -124.5156, 83, POINT, K, VKLTPLCVTLNCTNTTNNTTN-------------------------------------STTGEIKN----CSFNM-T-TE--LKN-KK-KNT-YSLF-YTLDVVQINNNQNNRSNNS------------------------------------------NTEYTLI---NCNTSAI-T---QA, 0.1231, 1
1.675309, -109.0584, 61, POINT, S, VKLTPLCVTLNCTNTTNNTTN-------------------------------------STTSEIKN----CSFNM-T-TE--LKN-KK-KNT-YSLF-YTLDVVQINNNQNNRSNNS------------------------------------------NTEYTLI---NCNTSAI-T---QA, 0.1231, 0
1.671743, -122.5151, 165, POINT, T, VKLTPLCVTLNCTNTTNNTTN-------------------------------------STTGEIKN----CSFNM-T-TE--LKN-KK-KNT-YSLF-YTLDVVQINNNQNNRSNNS------------------------------------------NTEYTLT---NCNTSAI-T---QA, 0.1231, 1
1.706246, -122.9040, [112], CHUNK, ['N'], VKLTPLCVTLNCTNTTNNTTN-------------------------------------STTGEIKN----CSFNM-T-TE--LKN-KK-KNT-YSLF-YTLDVVQINNNQNNNSNNS------------------------------------------NTEYTLT---NCNTSAI-T---QA, 0.1231, 0
1.683701, -123.1194, 83, POINT, T, VKLTPLCVTLNCTNTTNNTTN-------------------------------------STTGEIKN----CSFNM-T-TE--LTN-KK-KNT-YSLF-YTLDVVQINNNQNNRSNNS------------------------------------------NTEYTLT---NCNTSAI-T---QA, 0.1400, 0
1.684689, -122.0007, 105, POINT, T, VKLTPLCVTLNCTNTTNNTTN-------------------------------------STTGEIKN----CSFNM-T-TE--LKN-KK-KNT-YSLF-YTLDVVQTNNNQNNRSNNS------------------------------------------NTEYTLT---NCNTSAI-T---QA, 0.1231, 0
1.673631, -118.9984, 71, POINT, T, VKLTPLCVTLNCTNTTNNTTN-------------------------------------STTGEIKN----CTFNM-T-TE--LKN-KK-KNT-YSLF-YTLDVVQINNNQNNRSNNS------------------------------------------NTEYTLT---NCNTSAI-T---QA, 0.1446, 0
1.679511, -123.8137, [79], CHUNK, ['N'], VKLTPLCVTLNCTNTTNNTTN-------------------------------------STTGEIKN----CSFNM-T-TN--LKN-KK-KNT-YSLF-YTLDVVQINNNQNNRSNNS------------------------------------------NTEYTLI---NCNTSAI-T---QA, 0.1231, 1
1.696155, -123.6168, [62], CHUNK, ['N'], VKLTPLCVTLNCTNTTNNTTN-------------------------------------STTGNIKN----CSFNM-T-TN--LKN-KK-KNT-YSLF-YTLDVVQINNNQNNRSNNS------------------------------------------NTEYTLI---NCNTSAI-T---QA, 0.1231, 1
------END OF DATA------
Best coverage = 1.69615498189
Best sequence = VKLTPLCVTLNCTNTTNNTTN-------------------------------------STTGNIKN----CSFNM-T-TN--LKN-KK-KNT-YSLF-YTLDVVQINNNQNNRSNNS------------------------------------------NTEYTLI---NCNTSAI-T---QA
Best energy = -123.616837679
Best RMSD = 0.123087495565
Hard Covereage = 0.0533420568909
Num epitopes = 42
