Name base = V1V2_70_sq_1_0_ni
Iters = 70
Soft coverage = 1.31203964383
Energy = -130.748965102
Hard Covereage = 0.0368019545157
Num epitopes = 65
Initial seq = VKLTPLCVTLQCTNVTNNITD-------------------------------------DMRGELKN----CSFNM-T-TE--LRD-KK-QKV-YSLF-YRLDVVQINENQGNRSNNS------------------------------------------NKEYRLI---NCNTSAI-T---QA
-------START OF DATA------
1.333389, -130.0830, 160, POINT, N, VKLTPLCVTLQCTNVTNNITD-------------------------------------DMRGELKN----CSFNM-T-TE--LRD-KK-QKV-YSLF-YRLDVVQINENQGNRSNNS------------------------------------------NNEYRLI---NCNTSAI-T---QA, 0.0000, 1
1.350320, -125.0716, [60], CHUNK, ['T'], VKLTPLCVTLQCTNVTNNITD-------------------------------------DMTGELKN----CSFNM-T-TE--LRD-KK-QKV-YSLF-YRLDVVQINENQGNRSNNS------------------------------------------NNEYRLI---NCNTSAI-T---QA, 0.0000, 1
1.380679, -126.4196, [110], CHUNK, ['N'], VKLTPLCVTLQCTNVTNNITD-------------------------------------DMTGELKN----CSFNM-T-TE--LRD-KK-QKV-YSLF-YRLDVVQINENQNNRSNNS------------------------------------------NNEYRLI---NCNTSAI-T---QA, 0.0000, 1
1.416932, -126.8754, [109], CHUNK, ['N'], VKLTPLCVTLQCTNVTNNITD-------------------------------------DMTGELKN----CSFNM-T-TE--LRD-KK-QKV-YSLF-YRLDVVQINENNNNRSNNS------------------------------------------NNEYRLI---NCNTSAI-T---QA, 0.0799, 1
1.418579, -126.6490, [160], CHUNK, ['T'], VKLTPLCVTLQCTNVTNNITD-------------------------------------DMTGELKN----CSFNM-T-TE--LRD-KK-QKV-YSLF-YRLDVVQINENNNNRSNNS------------------------------------------NTEYRLI---NCNTSAI-T---QA, 0.0799, 1
1.426064, -126.8563, 89, POINT, K, VKLTPLCVTLQCTNVTNNITD-------------------------------------DMTGELKN----CSFNM-T-TE--LRD-KK-KKV-YSLF-YRLDVVQINENNNNRSNNS------------------------------------------NTEYRLI---NCNTSAI-T---QA, 0.0903, 1
1.453547, -127.0276, 107, POINT, N, VKLTPLCVTLQCTNVTNNITD-------------------------------------DMTGELKN----CSFNM-T-TE--LRD-KK-KKV-YSLF-YRLDVVQINNNNNNRSNNS------------------------------------------NTEYRLI---NCNTSAI-T---QA, 0.0903, 1
1.502703, -127.1838, [10], CHUNK, ['N'], VKLTPLCVTLNCTNVTNNITD-------------------------------------DMTGELKN----CSFNM-T-TE--LRD-KK-KKV-YSLF-YRLDVVQINNNNNNRSNNS------------------------------------------NTEYRLI---NCNTSAI-T---QA, 0.0906, 0
1.466950, -128.6534, 163, POINT, T, VKLTPLCVTLQCTNVTNNITD-------------------------------------DMTGELKN----CSFNM-T-TE--LRD-KK-KKV-YSLF-YRLDVVQINNNNNNRSNNS------------------------------------------NTEYTLI---NCNTSAI-T---QA, 0.0759, 1
1.477256, -126.6345, [165], CHUNK, ['T'], VKLTPLCVTLQCTNVTNNITD-------------------------------------DMTGELKN----CSFNM-T-TE--LRD-KK-KKV-YSLF-YRLDVVQINNNNNNRSNNS------------------------------------------NTEYTLT---NCNTSAI-T---QA, 0.0759, 0
1.484115, -81.3884, 74, POINT, I, VKLTPLCVTLQCTNVTNNITD-------------------------------------DMTGELKN----CSFNI-T-TE--LRD-KK-KKV-YSLF-YRLDVVQINNNNNNRSNNS------------------------------------------NTEYTLI---NCNTSAI-T---QA, 0.2891, 0
1.473532, -126.7496, [99], CHUNK, ['K'], VKLTPLCVTLQCTNVTNNITD-------------------------------------DMTGELKN----CSFNM-T-TE--LRD-KK-KKV-YSLF-YKLDVVQINNNNNNRSNNS------------------------------------------NTEYTLI---NCNTSAI-T---QA, 0.0759, 1
1.490786, -127.0126, [116], CHUNK, ['T'], VKLTPLCVTLQCTNVTNNITD-------------------------------------DMTGELKN----CSFNM-T-TE--LRD-KK-KKV-YSLF-YKLDVVQINNNNNNRSNNT------------------------------------------NTEYTLI---NCNTSAI-T---QA, 0.0896, 1
1.539942, -126.9395, [10], CHUNK, ['N'], VKLTPLCVTLNCTNVTNNITD-------------------------------------DMTGELKN----CSFNM-T-TE--LRD-KK-KKV-YSLF-YKLDVVQINNNNNNRSNNT------------------------------------------NTEYTLI---NCNTSAI-T---QA, 0.0896, 1
1.547236, -124.4802, 98, POINT, N, VKLTPLCVTLNCTNVTNNITD-------------------------------------DMTGELKN----CSFNM-T-TE--LRD-KK-KKV-YSLF-NKLDVVQINNNNNNRSNNT------------------------------------------NTEYTLI---NCNTSAI-T---QA, 0.1130, 0
1.549051, -128.0071, [113], CHUNK, ['N'], VKLTPLCVTLNCTNVTNNITD-------------------------------------DMTGELKN----CSFNM-T-TE--LRD-KK-KKV-YSLF-YKLDVVQINNNNNNRNNNT------------------------------------------NTEYTLI---NCNTSAI-T---QA, 0.0896, 1
1.571554, -126.7717, 18, POINT, T, VKLTPLCVTLNCTNVTNNTTD-------------------------------------DMTGELKN----CSFNM-T-TE--LRD-KK-KKV-YSLF-YKLDVVQINNNNNNRNNNT------------------------------------------NTEYTLI---NCNTSAI-T---QA, 0.0896, 1
1.577843, -127.3003, 104, POINT, P, VKLTPLCVTLNCTNVTNNTTD-------------------------------------DMTGELKN----CSFNM-T-TE--LRD-KK-KKV-YSLF-YKLDVVPINNNNNNRNNNT------------------------------------------NTEYTLI---NCNTSAI-T---QA, 0.0887, 1
1.599055, -126.8895, 161, POINT, S, VKLTPLCVTLNCTNVTNNTTD-------------------------------------DMTGELKN----CSFNM-T-TE--LRD-KK-KKV-YSLF-YKLDVVPINNNNNNRNNNT------------------------------------------NTSYTLI---NCNTSAI-T---QA, 0.0887, 0
1.596574, -126.3709, [79], CHUNK, ['N'], VKLTPLCVTLNCTNVTNNTTD-------------------------------------DMTGELKN----CSFNM-T-TN--LRD-KK-KKV-YSLF-YKLDVVPINNNNNNRNNNT------------------------------------------NTEYTLI---NCNTSAI-T---QA, 0.0887, 0
1.582954, -35.4465, 82, POINT, I, VKLTPLCVTLNCTNVTNNTTD-------------------------------------DMTGELKN----CSFNM-T-TE--IRD-KK-KKV-YSLF-YKLDVVPINNNNNNRNNNT------------------------------------------NTEYTLI---NCNTSAI-T---QA, 0.2747, 0
1.584273, -126.4367, [64], CHUNK, ['T'], VKLTPLCVTLNCTNVTNNTTD-------------------------------------DMTGELTN----CSFNM-T-TE--LRD-KK-KKV-YSLF-YKLDVVPINNNNNNRNNNT------------------------------------------NTEYTLI---NCNTSAI-T---QA, 0.0887, 1
1.607082, -106.6055, [61], CHUNK, ['T'], VKLTPLCVTLNCTNVTNNTTD-------------------------------------DMTTELTN----CSFNM-T-TE--LRD-KK-KKV-YSLF-YKLDVVPINNNNNNRNNNT------------------------------------------NTEYTLI---NCNTSAI-T---QA, 0.0887, 0
1.594166, -125.3042, 93, POINT, N, VKLTPLCVTLNCTNVTNNTTD-------------------------------------DMTGELTN----CSFNM-T-TE--LRD-KK-KKV-NSLF-YKLDVVPINNNNNNRNNNT------------------------------------------NTEYTLI---NCNTSAI-T---QA, 0.0953, 1
1.616185, -122.0787, [20], CHUNK, ['T'], VKLTPLCVTLNCTNVTNNTTT-------------------------------------DMTGELTN----CSFNM-T-TE--LRD-KK-KKV-NSLF-YKLDVVPINNNNNNRNNNT------------------------------------------NTEYTLI---NCNTSAI-T---QA, 0.0953, 1
1.626972, -119.8507, 165, POINT, T, VKLTPLCVTLNCTNVTNNTTT-------------------------------------DMTGELTN----CSFNM-T-TE--LRD-KK-KKV-NSLF-YKLDVVPINNNNNNRNNNT------------------------------------------NTEYTLT---NCNTSAI-T---QA, 0.0953, 0
1.621531, -120.3944, 63, POINT, I, VKLTPLCVTLNCTNVTNNTTT-------------------------------------DMTGEITN----CSFNM-T-TE--LRD-KK-KKV-NSLF-YKLDVVPINNNNNNRNNNT------------------------------------------NTEYTLI---NCNTSAI-T---QA, 0.0953, 0
1.625428, -121.0279, [79], CHUNK, ['S'], VKLTPLCVTLNCTNVTNNTTT-------------------------------------DMTGELTN----CSFNM-T-TS--LRD-KK-KKV-NSLF-YKLDVVPINNNNNNRNNNT------------------------------------------NTEYTLI---NCNTSAI-T---QA, 0.0953, 0
1.651648, -122.5635, 58, POINT, N, VKLTPLCVTLNCTNVTNNTTT-------------------------------------NMTGELTN----CSFNM-T-TE--LRD-KK-KKV-NSLF-YKLDVVPINNNNNNRNNNT------------------------------------------NTEYTLI---NCNTSAI-T---QA, 0.0953, 0
1.595795, -123.8264, [91], CHUNK, ['E'], VKLTPLCVTLNCTNVTNNTTD-------------------------------------DMTGELTN----CSFNM-T-TE--LRD-KK-KKE-NSLF-YKLDVVPINNNNNNRNNNT------------------------------------------NTEYTLI---NCNTSAI-T---QA, 0.0953, 0
1.604098, -123.9082, 104, POINT, S, VKLTPLCVTLNCTNVTNNTTD-------------------------------------DMTGELTN----CSFNM-T-TE--LRD-KK-KKV-NSLF-YKLDVVSINNNNNNRNNNT------------------------------------------NTEYTLI---NCNTSAI-T---QA, 0.0953, 1
1.616108, -123.1840, 58, POINT, S, VKLTPLCVTLNCTNVTNNTTD-------------------------------------SMTGELTN----CSFNM-T-TE--LRD-KK-KKV-NSLF-YKLDVVSINNNNNNRNNNT------------------------------------------NTEYTLI---NCNTSAI-T---QA, 0.0953, 1
1.644354, -123.5757, [20], CHUNK, ['N'], VKLTPLCVTLNCTNVTNNTTN-------------------------------------SMTGELTN----CSFNM-T-TE--LRD-KK-KKV-NSLF-YKLDVVSINNNNNNRNNNT------------------------------------------NTEYTLI---NCNTSAI-T---QA, 0.0953, 0
1.640976, -119.9801, [20], CHUNK, ['T'], VKLTPLCVTLNCTNVTNNTTT-------------------------------------SMTGELTN----CSFNM-T-TE--LRD-KK-KKV-NSLF-YKLDVVSINNNNNNRNNNT------------------------------------------NTEYTLI---NCNTSAI-T---QA, 0.0953, 1
1.643785, -119.7738, 71, POINT, T, VKLTPLCVTLNCTNVTNNTTT-------------------------------------SMTGELTN----CTFNM-T-TE--LRD-KK-KKV-NSLF-YKLDVVSINNNNNNRNNNT------------------------------------------NTEYTLI---NCNTSAI-T---QA, 0.0953, 0
1.662188, -119.5694, [161], CHUNK, ['S'], VKLTPLCVTLNCTNVTNNTTT-------------------------------------SMTGELTN----CSFNM-T-TE--LRD-KK-KKV-NSLF-YKLDVVSINNNNNNRNNNT------------------------------------------NTSYTLI---NCNTSAI-T---QA, 0.0953, 1
1.673501, -117.3134, 95, POINT, T, VKLTPLCVTLNCTNVTNNTTT-------------------------------------SMTGELTN----CSFNM-T-TE--LRD-KK-KKV-NSTF-YKLDVVSINNNNNNRNNNT------------------------------------------NTSYTLI---NCNTSAI-T---QA, 0.0953, 0
1.665735, -119.5107, [4], CHUNK, ['T'], VKLTTLCVTLNCTNVTNNTTT-------------------------------------SMTGELTN----CSFNM-T-TE--LRD-KK-KKV-NSLF-YKLDVVSINNNNNNRNNNT------------------------------------------NTSYTLI---NCNTSAI-T---QA, 0.0982, 0
1.671431, -118.5185, [79], CHUNK, ['S'], VKLTPLCVTLNCTNVTNNTTT-------------------------------------SMTGELTN----CSFNM-T-TS--LRD-KK-KKV-NSLF-YKLDVVSINNNNNNRNNNT------------------------------------------NTSYTLI---NCNTSAI-T---QA, 0.0953, 0
1.671431, -118.5185, [79], CHUNK, ['S'], VKLTPLCVTLNCTNVTNNTTT-------------------------------------SMTGELTN----CSFNM-T-TS--LRD-KK-KKV-NSLF-YKLDVVSINNNNNNRNNNT------------------------------------------NTSYTLI---NCNTSAI-T---QA, 0.0953, 0
1.648091, -98.7162, 174, POINT, V, VKLTPLCVTLNCTNVTNNTTT-------------------------------------SMTGELTN----CSFNM-T-TE--LRD-KK-KKV-NSLF-YKLDVVSINNNNNNRNNNT------------------------------------------NTEYTLI---NCNTSVI-T---QA, 0.4446, 0
1.651297, -117.3661, 98, POINT, N, VKLTPLCVTLNCTNVTNNTTT-------------------------------------SMTGELTN----CSFNM-T-TE--LRD-KK-KKV-NSLF-NKLDVVSINNNNNNRNNNT------------------------------------------NTEYTLI---NCNTSAI-T---QA, 0.0972, 0
1.654725, -120.0295, [99], CHUNK, ['T'], VKLTPLCVTLNCTNVTNNTTT-------------------------------------SMTGELTN----CSFNM-T-TE--LRD-KK-KKV-NSLF-YTLDVVSINNNNNNRNNNT------------------------------------------NTEYTLI---NCNTSAI-T---QA, 0.0953, 0
1.659706, -119.1045, [79], CHUNK, ['N'], VKLTPLCVTLNCTNVTNNTTT-------------------------------------SMTGELTN----CSFNM-T-TN--LRD-KK-KKV-NSLF-YKLDVVSINNNNNNRNNNT------------------------------------------NTEYTLI---NCNTSAI-T---QA, 0.0953, 1
1.691747, -119.7281, [161], CHUNK, ['N'], VKLTPLCVTLNCTNVTNNTTT-------------------------------------SMTGELTN----CSFNM-T-TN--LRD-KK-KKV-NSLF-YKLDVVSINNNNNNRNNNT------------------------------------------NTNYTLI---NCNTSAI-T---QA, 0.0953, 0
1.668000, -119.3275, 101, POINT, N, VKLTPLCVTLNCTNVTNNTTT-------------------------------------SMTGELTN----CSFNM-T-TN--LRD-KK-KKV-NSLF-YKLNVVSINNNNNNRNNNT------------------------------------------NTEYTLI---NCNTSAI-T---QA, 0.0953, 0
1.668000, -119.3275, [101], CHUNK, ['N'], VKLTPLCVTLNCTNVTNNTTT-------------------------------------SMTGELTN----CSFNM-T-TN--LRD-KK-KKV-NSLF-YKLNVVSINNNNNNRNNNT------------------------------------------NTEYTLI---NCNTSAI-T---QA, 0.0953, 0
1.667689, -117.4939, [58], CHUNK, ['T'], VKLTPLCVTLNCTNVTNNTTT-------------------------------------TMTGELTN----CSFNM-T-TN--LRD-KK-KKV-NSLF-YKLDVVSINNNNNNRNNNT------------------------------------------NTEYTLI---NCNTSAI-T---QA, 0.0953, 0
1.656417, -102.4574, 74, POINT, V, VKLTPLCVTLNCTNVTNNTTT-------------------------------------SMTGELTN----CSFNV-T-TE--LRD-KK-KKV-NSLF-YKLDVVSINNNNNNRNNNT------------------------------------------NTEYTLI---NCNTSAI-T---QA, 0.2922, 0
1.643964, -117.2637, [14], CHUNK, ['I'], VKLTPLCVTLNCTNITNNTTT-------------------------------------SMTGELTN----CSFNM-T-TE--LRD-KK-KKV-NSLF-YKLDVVSINNNNNNRNNNT------------------------------------------NTEYTLI---NCNTSAI-T---QA, 0.0953, 0
1.648091, -98.5767, [174], CHUNK, ['V'], VKLTPLCVTLNCTNVTNNTTT-------------------------------------SMTGELTN----CSFNM-T-TE--LRD-KK-KKV-NSLF-YKLDVVSINNNNNNRNNNT------------------------------------------NTEYTLI---NCNTSVI-T---QA, 0.3254, 0
1.661624, -120.0293, [59], CHUNK, ['S'], VKLTPLCVTLNCTNVTNNTTT-------------------------------------SSTGELTN----CSFNM-T-TE--LRD-KK-KKV-NSLF-YKLDVVSINNNNNNRNNNT------------------------------------------NTEYTLI---NCNTSAI-T---QA, 0.0983, 1
1.676738, -118.3108, [174], CHUNK, ['T'], VKLTPLCVTLNCTNVTNNTTT-------------------------------------SSTGELTN----CSFNM-T-TE--LRD-KK-KKV-NSLF-YKLDVVSINNNNNNRNNNT------------------------------------------NTEYTLI---NCNTSTI-T---QA, 0.0923, 1
1.693283, -71.9654, [74], CHUNK, ['I'], VKLTPLCVTLNCTNVTNNTTT-------------------------------------SSTGELTN----CSFNI-T-TE--LRD-KK-KKV-NSLF-YKLDVVSINNNNNNRNNNT------------------------------------------NTEYTLI---NCNTSTI-T---QA, 0.2258, 0
1.679576, -118.1048, 71, POINT, T, VKLTPLCVTLNCTNVTNNTTT-------------------------------------SSTGELTN----CTFNM-T-TE--LRD-KK-KKV-NSLF-YKLDVVSINNNNNNRNNNT------------------------------------------NTEYTLI---NCNTSTI-T---QA, 0.0923, 0
1.682555, -116.6582, [63], CHUNK, ['I'], VKLTPLCVTLNCTNVTNNTTT-------------------------------------SSTGEITN----CSFNM-T-TE--LRD-KK-KKV-NSLF-YKLDVVSINNNNNNRNNNT------------------------------------------NTEYTLI---NCNTSTI-T---QA, 0.1047, 0
1.679576, -118.1048, 71, POINT, T, VKLTPLCVTLNCTNVTNNTTT-------------------------------------SSTGELTN----CTFNM-T-TE--LRD-KK-KKV-NSLF-YKLDVVSINNNNNNRNNNT------------------------------------------NTEYTLI---NCNTSTI-T---QA, 0.0923, 1
1.683350, -117.4168, 162, POINT, S, VKLTPLCVTLNCTNVTNNTTT-------------------------------------SSTGELTN----CTFNM-T-TE--LRD-KK-KKV-NSLF-YKLDVVSINNNNNNRNNNT------------------------------------------NTESTLI---NCNTSTI-T---QA, 0.0923, 0
1.687870, -118.3263, [101], CHUNK, ['N'], VKLTPLCVTLNCTNVTNNTTT-------------------------------------SSTGELTN----CTFNM-T-TE--LRD-KK-KKV-NSLF-YKLNVVSINNNNNNRNNNT------------------------------------------NTEYTLI---NCNTSTI-T---QA, 0.0923, 0
1.700788, -117.6895, [161], CHUNK, ['S'], VKLTPLCVTLNCTNVTNNTTT-------------------------------------SSTGELTN----CTFNM-T-TE--LRD-KK-KKV-NSLF-YKLDVVSINNNNNNRNNNT------------------------------------------NTSYTLI---NCNTSTI-T---QA, 0.0923, 0
1.692824, -117.4675, [59], CHUNK, ['T'], VKLTPLCVTLNCTNVTNNTTT-------------------------------------STTGELTN----CTFNM-T-TE--LRD-KK-KKV-NSLF-YKLDVVSINNNNNNRNNNT------------------------------------------NTEYTLI---NCNTSTI-T---QA, 0.0923, 0
1.685982, -117.2600, 79, POINT, S, VKLTPLCVTLNCTNVTNNTTT-------------------------------------SSTGELTN----CSFNM-T-TS--LRD-KK-KKV-NSLF-YKLDVVSINNNNNNRNNNT------------------------------------------NTEYTLI---NCNTSTI-T---QA, 0.0923, 0
1.708779, -118.9327, 161, POINT, N, VKLTPLCVTLNCTNVTNNTTT-------------------------------------SSTGELTN----CSFNM-T-TE--LRD-KK-KKV-NSLF-YKLDVVSINNNNNNRNNNT------------------------------------------NTNYTLI---NCNTSTI-T---QA, 0.0923, 1
1.727510, -118.0572, [79], CHUNK, ['N'], VKLTPLCVTLNCTNVTNNTTT-------------------------------------SSTGELTN----CSFNM-T-TN--LRD-KK-KKV-NSLF-YKLDVVSINNNNNNRNNNT------------------------------------------NTNYTLI---NCNTSTI-T---QA, 0.0923, 0
1.720093, -116.6755, 95, POINT, T, VKLTPLCVTLNCTNVTNNTTT-------------------------------------SSTGELTN----CSFNM-T-TE--LRD-KK-KKV-NSTF-YKLDVVSINNNNNNRNNNT------------------------------------------NTNYTLI---NCNTSTI-T---QA, 0.0923, 0
1.725324, -81.2261, 74, POINT, I, VKLTPLCVTLNCTNVTNNTTT-------------------------------------SSTGELTN----CSFNI-T-TE--LRD-KK-KKV-NSLF-YKLDVVSINNNNNNRNNNT------------------------------------------NTNYTLI---NCNTSTI-T---QA, 0.2950, 0
1.721466, -118.4773, 83, POINT, N, VKLTPLCVTLNCTNVTNNTTT-------------------------------------SSTGELTN----CSFNM-T-TE--LND-KK-KKV-NSLF-YKLDVVSINNNNNNRNNNT------------------------------------------NTNYTLI---NCNTSTI-T---QA, 0.0872, 0
1.704941, -115.9651, [14], CHUNK, ['N'], VKLTPLCVTLNCTNNTNNTTT-------------------------------------SSTGELTN----CSFNM-T-TE--LRD-KK-KKV-NSLF-YKLDVVSINNNNNNRNNNT------------------------------------------NTEYTLI---NCNTSTI-T---QA, 0.1014, 0
1.687548, -118.9693, 90, POINT, N, VKLTPLCVTLNCTNVTNNTTT-------------------------------------SSTGELTN----CSFNM-T-TE--LRD-KK-KNV-NSLF-YKLDVVSINNNNNNRNNNT------------------------------------------NTEYTLI---NCNTSTI-T---QA, 0.0923, 0
1.709016, -114.1010, [74], CHUNK, ['T'], VKLTPLCVTLNCTNVTNNTTT-------------------------------------SSTGELTN----CSFNT-T-TE--LRD-KK-KKV-NSLF-YKLDVVSINNNNNNRNNNT------------------------------------------NTEYTLI---NCNTSTI-T---QA, 0.0972, 0
------END OF DATA------
Best coverage = 1.70877919423
Best sequence = VKLTPLCVTLNCTNVTNNTTT-------------------------------------SSTGELTN----CSFNM-T-TE--LRD-KK-KKV-NSLF-YKLDVVSINNNNNNRNNNT------------------------------------------NTNYTLI---NCNTSTI-T---QA
Best energy = -118.932741756
Best RMSD = 0.0923462286592
Hard Covereage = 0.055464772819
Num epitopes = 54
