Name base = V1V2_200_sq_1_3_ni
Iters = 200
Soft coverage = 1.31203964383
Energy = -130.188462071
Hard Covereage = 0.0368019545157
Num epitopes = 65
Initial seq = VKLTPLCVTLQCTNVTNNITD-------------------------------------DMRGELKN----CSFNM-T-TE--LRD-KK-QKV-YSLF-YRLDVVQINENQGNRSNNS------------------------------------------NKEYRLI---NCNTSAI-T---QA
-------START OF DATA------
1.335314, -130.8965, [107], CHUNK, ['N'], VKLTPLCVTLQCTNVTNNITD-------------------------------------DMRGELKN----CSFNM-T-TE--LRD-KK-QKV-YSLF-YRLDVVQINNNQGNRSNNS------------------------------------------NKEYRLI---NCNTSAI-T---QA, 0.0800, 1
1.384470, -130.7973, 10, POINT, N, VKLTPLCVTLNCTNVTNNITD-------------------------------------DMRGELKN----CSFNM-T-TE--LRD-KK-QKV-YSLF-YRLDVVQINNNQGNRSNNS------------------------------------------NKEYRLI---NCNTSAI-T---QA, 0.0800, 1
1.391082, -129.1416, [99], CHUNK, ['K'], VKLTPLCVTLNCTNVTNNITD-------------------------------------DMRGELKN----CSFNM-T-TE--LRD-KK-QKV-YSLF-YKLDVVQINNNQGNRSNNS------------------------------------------NKEYRLI---NCNTSAI-T---QA, 0.0800, 1
1.411522, -125.8682, 20, POINT, T, VKLTPLCVTLNCTNVTNNITT-------------------------------------DMRGELKN----CSFNM-T-TE--LRD-KK-QKV-YSLF-YKLDVVQINNNQGNRSNNS------------------------------------------NKEYRLI---NCNTSAI-T---QA, 0.0800, 1
1.443588, -125.5451, [112], CHUNK, ['T'], VKLTPLCVTLNCTNVTNNITT-------------------------------------DMRGELKN----CSFNM-T-TE--LRD-KK-QKV-YSLF-YKLDVVQINNNQGNTSNNS------------------------------------------NKEYRLI---NCNTSAI-T---QA, 0.1099, 1
1.469508, -123.6127, 18, POINT, N, VKLTPLCVTLNCTNVTNNNTT-------------------------------------DMRGELKN----CSFNM-T-TE--LRD-KK-QKV-YSLF-YKLDVVQINNNQGNTSNNS------------------------------------------NKEYRLI---NCNTSAI-T---QA, 0.1136, 1
1.484209, -121.9543, [174], CHUNK, ['T'], VKLTPLCVTLNCTNVTNNNTT-------------------------------------DMRGELKN----CSFNM-T-TE--LRD-KK-QKV-YSLF-YKLDVVQINNNQGNTSNNS------------------------------------------NKEYRLI---NCNTSTI-T---QA, 0.1136, 1
1.497541, -121.6464, [109], CHUNK, ['D'], VKLTPLCVTLNCTNVTNNNTT-------------------------------------DMRGELKN----CSFNM-T-TE--LRD-KK-QKV-YSLF-YKLDVVQINNNDGNTSNNS------------------------------------------NKEYRLI---NCNTSTI-T---QA, 0.1136, 0
1.523456, -123.4500, [110], CHUNK, ['N'], VKLTPLCVTLNCTNVTNNNTT-------------------------------------DMRGELKN----CSFNM-T-TE--LRD-KK-QKV-YSLF-YKLDVVQINNNQNNTSNNS------------------------------------------NKEYRLI---NCNTSTI-T---QA, 0.1136, 1
1.566297, -123.3441, 109, POINT, N, VKLTPLCVTLNCTNVTNNNTT-------------------------------------DMRGELKN----CSFNM-T-TE--LRD-KK-QKV-YSLF-YKLDVVQINNNNNNTSNNS------------------------------------------NKEYRLI---NCNTSTI-T---QA, 0.1136, 1
1.573752, -123.1103, [89], CHUNK, ['K'], VKLTPLCVTLNCTNVTNNNTT-------------------------------------DMRGELKN----CSFNM-T-TE--LRD-KK-KKV-YSLF-YKLDVVQINNNNNNTSNNS------------------------------------------NKEYRLI---NCNTSTI-T---QA, 0.1136, 0
1.575847, -122.4929, 79, POINT, S, VKLTPLCVTLNCTNVTNNNTT-------------------------------------DMRGELKN----CSFNM-T-TS--LRD-KK-QKV-YSLF-YKLDVVQINNNNNNTSNNS------------------------------------------NKEYRLI---NCNTSTI-T---QA, 0.1136, 1
1.606215, -122.4567, [59], CHUNK, ['N'], VKLTPLCVTLNCTNVTNNNTT-------------------------------------DNRGELKN----CSFNM-T-TS--LRD-KK-QKV-YSLF-YKLDVVQINNNNNNTSNNS------------------------------------------NKEYRLI---NCNTSTI-T---QA, 0.1136, 0
1.586685, -122.5969, [99], CHUNK, ['T'], VKLTPLCVTLNCTNVTNNNTT-------------------------------------DMRGELKN----CSFNM-T-TS--LRD-KK-QKV-YSLF-YTLDVVQINNNNNNTSNNS------------------------------------------NKEYRLI---NCNTSTI-T---QA, 0.1136, 1
1.593186, -123.0595, [59], CHUNK, ['E'], VKLTPLCVTLNCTNVTNNNTT-------------------------------------DERGELKN----CSFNM-T-TS--LRD-KK-QKV-YSLF-YTLDVVQINNNNNNTSNNS------------------------------------------NKEYRLI---NCNTSTI-T---QA, 0.1136, 0
1.588022, -122.4448, 182, POINT, T, VKLTPLCVTLNCTNVTNNNTT-------------------------------------DMRGELKN----CSFNM-T-TS--LRD-KK-QKV-YSLF-YTLDVVQINNNNNNTSNNS------------------------------------------NKEYRLI---NCNTSTI-T---QT, 0.0887, 0
1.602598, -103.5960, 74, POINT, V, VKLTPLCVTLNCTNVTNNNTT-------------------------------------DMRGELKN----CSFNV-T-TS--LRD-KK-QKV-YSLF-YTLDVVQINNNNNNTSNNS------------------------------------------NKEYRLI---NCNTSTI-T---QA, 0.2726, 0
1.592429, -122.7836, [104], CHUNK, ['P'], VKLTPLCVTLNCTNVTNNNTT-------------------------------------DMRGELKN----CSFNM-T-TS--LRD-KK-QKV-YSLF-YTLDVVPINNNNNNTSNNS------------------------------------------NKEYRLI---NCNTSTI-T---QA, 0.1136, 1
1.618973, -123.1453, 58, POINT, N, VKLTPLCVTLNCTNVTNNNTT-------------------------------------NMRGELKN----CSFNM-T-TS--LRD-KK-QKV-YSLF-YTLDVVPINNNNNNTSNNS------------------------------------------NKEYRLI---NCNTSTI-T---QA, 0.1136, 1
1.626818, -123.7624, [84], CHUNK, ['N'], VKLTPLCVTLNCTNVTNNNTT-------------------------------------NMRGELKN----CSFNM-T-TS--LRN-KK-QKV-YSLF-YTLDVVPINNNNNNTSNNS------------------------------------------NKEYRLI---NCNTSTI-T---QA, 0.1136, 0
1.634886, -104.9619, [74], CHUNK, ['V'], VKLTPLCVTLNCTNVTNNNTT-------------------------------------NMRGELKN----CSFNV-T-TS--LRD-KK-QKV-YSLF-YTLDVVPINNNNNNTSNNS------------------------------------------NKEYRLI---NCNTSTI-T---QA, 0.3003, 0
1.633536, -120.7656, 60, POINT, S, VKLTPLCVTLNCTNVTNNNTT-------------------------------------NMSGELKN----CSFNM-T-TS--LRD-KK-QKV-YSLF-YTLDVVPINNNNNNTSNNS------------------------------------------NKEYRLI---NCNTSTI-T---QA, 0.1136, 0
1.640908, -122.5693, 160, POINT, T, VKLTPLCVTLNCTNVTNNNTT-------------------------------------NMRGELKN----CSFNM-T-TS--LRD-KK-QKV-YSLF-YTLDVVPINNNNNNTSNNS------------------------------------------NTEYRLI---NCNTSTI-T---QA, 0.1136, 1
1.650857, -122.6952, [79], CHUNK, ['N'], VKLTPLCVTLNCTNVTNNNTT-------------------------------------NMRGELKN----CSFNM-T-TN--LRD-KK-QKV-YSLF-YTLDVVPINNNNNNTSNNS------------------------------------------NTEYRLI---NCNTSTI-T---QA, 0.1136, 1
1.670395, -122.8553, 60, POINT, N, VKLTPLCVTLNCTNVTNNNTT-------------------------------------NMNGELKN----CSFNM-T-TN--LRD-KK-QKV-YSLF-YTLDVVPINNNNNNTSNNS------------------------------------------NTEYRLI---NCNTSTI-T---QA, 0.1136, 1
1.704215, -122.8598, [59], CHUNK, ['N'], VKLTPLCVTLNCTNVTNNNTT-------------------------------------NNNGELKN----CSFNM-T-TN--LRD-KK-QKV-YSLF-YTLDVVPINNNNNNTSNNS------------------------------------------NTEYRLI---NCNTSTI-T---QA, 0.1136, 0
1.704535, -118.6587, [74], CHUNK, ['T'], VKLTPLCVTLNCTNVTNNNTT-------------------------------------NMNGELKN----CSFNT-T-TN--LRD-KK-QKV-YSLF-YTLDVVPINNNNNNTSNNS------------------------------------------NTEYRLI---NCNTSTI-T---QA, 0.1136, 0
1.689911, -122.5425, 161, POINT, S, VKLTPLCVTLNCTNVTNNNTT-------------------------------------NMNGELKN----CSFNM-T-TN--LRD-KK-QKV-YSLF-YTLDVVPINNNNNNTSNNS------------------------------------------NTSYRLI---NCNTSTI-T---QA, 0.1136, 1
1.694839, -122.9515, [90], CHUNK, ['N'], VKLTPLCVTLNCTNVTNNNTT-------------------------------------NMNGELKN----CSFNM-T-TN--LRD-KK-QNV-YSLF-YTLDVVPINNNNNNTSNNS------------------------------------------NTSYRLI---NCNTSTI-T---QA, 0.1136, 1
1.714543, -98.3320, [74], CHUNK, ['I'], VKLTPLCVTLNCTNVTNNNTT-------------------------------------NMNGELKN----CSFNI-T-TN--LRD-KK-QNV-YSLF-YTLDVVPINNNNNNTSNNS------------------------------------------NTSYRLI---NCNTSTI-T---QA, 0.3108, 0
1.706630, -123.5686, [84], CHUNK, ['N'], VKLTPLCVTLNCTNVTNNNTT-------------------------------------NMNGELKN----CSFNM-T-TN--LRN-KK-QNV-YSLF-YTLDVVPINNNNNNTSNNS------------------------------------------NTSYRLI---NCNTSTI-T---QA, 0.1136, 1
1.712155, -5.5889, [82], CHUNK, ['I'], VKLTPLCVTLNCTNVTNNNTT-------------------------------------NMNGELKN----CSFNM-T-TN--IRN-KK-QNV-YSLF-YTLDVVPINNNNNNTSNNS------------------------------------------NTSYRLI---NCNTSTI-T---QA, 0.2421, 0
1.708664, -120.6449, [71], CHUNK, ['T'], VKLTPLCVTLNCTNVTNNNTT-------------------------------------NMNGELKN----CTFNM-T-TN--LRN-KK-QNV-YSLF-YTLDVVPINNNNNNTSNNS------------------------------------------NTSYRLI---NCNTSTI-T---QA, 0.1136, 0
1.708664, -120.9960, [71], CHUNK, ['T'], VKLTPLCVTLNCTNVTNNNTT-------------------------------------NMNGELKN----CTFNM-T-TN--LRN-KK-QNV-YSLF-YTLDVVPINNNNNNTSNNS------------------------------------------NTSYRLI---NCNTSTI-T---QA, 0.1435, 0
1.708664, -120.6449, 71, POINT, T, VKLTPLCVTLNCTNVTNNNTT-------------------------------------NMNGELKN----CTFNM-T-TN--LRN-KK-QNV-YSLF-YTLDVVPINNNNNNTSNNS------------------------------------------NTSYRLI---NCNTSTI-T---QA, 0.1136, 0
1.699560, -120.9508, [63], CHUNK, ['I'], VKLTPLCVTLNCTNVTNNNTT-------------------------------------NMNGEIKN----CSFNM-T-TN--LRD-KK-QNV-YSLF-YTLDVVPINNNNNNTSNNS------------------------------------------NTSYRLI---NCNTSTI-T---QA, 0.1262, 0
1.707749, -120.8037, 98, POINT, N, VKLTPLCVTLNCTNVTNNNTT-------------------------------------NMNGELKN----CSFNM-T-TN--LRD-KK-QNV-YSLF-NTLDVVPINNNNNNTSNNS------------------------------------------NTSYRLI---NCNTSTI-T---QA, 0.1053, 0
1.698345, -89.3621, 61, POINT, I, VKLTPLCVTLNCTNVTNNNTT-------------------------------------NMNIELKN----CSFNM-T-TN--LRD-KK-QNV-YSLF-YTLDVVPINNNNNNTSNNS------------------------------------------NTSYRLI---NCNTSTI-T---QA, 0.0903, 0
1.702641, -123.1241, [59], CHUNK, ['D'], VKLTPLCVTLNCTNVTNNNTT-------------------------------------NDNGELKN----CSFNM-T-TN--LRD-KK-QNV-YSLF-YTLDVVPINNNNNNTSNNS------------------------------------------NTSYRLI---NCNTSTI-T---QA, 0.1136, 0
1.724050, -118.3458, [74], CHUNK, ['T'], VKLTPLCVTLNCTNVTNNNTT-------------------------------------NMNGELKN----CSFNT-T-TN--LRD-KK-QKV-YSLF-YTLDVVPINNNNNNTSNNS------------------------------------------NTSYRLI---NCNTSTI-T---QA, 0.1136, 1
1.735624, -115.7077, [98], CHUNK, ['N'], VKLTPLCVTLNCTNVTNNNTT-------------------------------------NMNGELKN----CSFNT-T-TN--LRD-KK-QKV-YSLF-NTLDVVPINNNNNNTSNNS------------------------------------------NTSYRLI---NCNTSTI-T---QA, 0.1136, 0
1.733955, -116.3475, 165, POINT, T, VKLTPLCVTLNCTNVTNNNTT-------------------------------------NMNGELKN----CSFNT-T-TN--LRD-KK-QKV-YSLF-YTLDVVPINNNNNNTSNNS------------------------------------------NTSYRLT---NCNTSTI-T---QA, 0.1136, 1
1.740624, -115.0100, 64, POINT, T, VKLTPLCVTLNCTNVTNNNTT-------------------------------------NMNGELTN----CSFNT-T-TN--LRD-KK-QKV-YSLF-YTLDVVPINNNNNNTSNNS------------------------------------------NTSYRLT---NCNTSTI-T---QA, 0.1136, 0
1.740060, -117.0140, [161], CHUNK, ['T'], VKLTPLCVTLNCTNVTNNNTT-------------------------------------NMNGELKN----CSFNT-T-TN--LRD-KK-QKV-YSLF-YTLDVVPINNNNNNTSNNS------------------------------------------NTTYRLT---NCNTSTI-T---QA, 0.1136, 0
1.739479, 2.3678, 82, POINT, I, VKLTPLCVTLNCTNVTNNNTT-------------------------------------NMNGELKN----CSFNT-T-TN--IRD-KK-QKV-YSLF-YTLDVVPINNNNNNTSNNS------------------------------------------NTSYRLT---NCNTSTI-T---QA, 0.1856, 0
1.737499, -115.1501, 104, POINT, K, VKLTPLCVTLNCTNVTNNNTT-------------------------------------NMNGELKN----CSFNT-T-TN--LRD-KK-QKV-YSLF-YTLDVVKINNNNNNTSNNS------------------------------------------NTSYRLT---NCNTSTI-T---QA, 0.1136, 0
1.733585, -118.5568, [101], CHUNK, ['N'], VKLTPLCVTLNCTNVTNNNTT-------------------------------------NMNGELKN----CSFNT-T-TN--LRD-KK-QKV-YSLF-YTLNVVPINNNNNNTSNNS------------------------------------------NTSYRLI---NCNTSTI-T---QA, 0.1136, 1
1.735785, -117.8892, [162], CHUNK, ['S'], VKLTPLCVTLNCTNVTNNNTT-------------------------------------NMNGELKN----CSFNT-T-TN--LRD-KK-QKV-YSLF-YTLNVVPINNNNNNTSNNS------------------------------------------NTSSRLI---NCNTSTI-T---QA, 0.1136, 0
1.734923, -118.3748, [182], CHUNK, ['T'], VKLTPLCVTLNCTNVTNNNTT-------------------------------------NMNGELKN----CSFNT-T-TN--LRD-KK-QKV-YSLF-YTLNVVPINNNNNNTSNNS------------------------------------------NTSYRLI---NCNTSTI-T---QT, 0.1170, 1
1.739106, -116.1744, [63], CHUNK, ['I'], VKLTPLCVTLNCTNVTNNNTT-------------------------------------NMNGEIKN----CSFNT-T-TN--LRD-KK-QKV-YSLF-YTLNVVPINNNNNNTSNNS------------------------------------------NTSYRLI---NCNTSTI-T---QT, 0.1170, 0
1.748258, -117.2205, [104], CHUNK, ['S'], VKLTPLCVTLNCTNVTNNNTT-------------------------------------NMNGELKN----CSFNT-T-TN--LRD-KK-QKV-YSLF-YTLNVVSINNNNNNTSNNS------------------------------------------NTSYRLI---NCNTSTI-T---QT, 0.1170, 0
1.741907, -117.9360, [89], CHUNK, ['K'], VKLTPLCVTLNCTNVTNNNTT-------------------------------------NMNGELKN----CSFNT-T-TN--LRD-KK-KKV-YSLF-YTLNVVPINNNNNNTSNNS------------------------------------------NTSYRLI---NCNTSTI-T---QT, 0.1170, 1
1.749343, -118.4235, 59, POINT, E, VKLTPLCVTLNCTNVTNNNTT-------------------------------------NENGELKN----CSFNT-T-TN--LRD-KK-KKV-YSLF-YTLNVVPINNNNNNTSNNS------------------------------------------NTSYRLI---NCNTSTI-T---QT, 0.1138, 0
1.742964, -111.1925, [96], CHUNK, ['L'], VKLTPLCVTLNCTNVTNNNTT-------------------------------------NMNGELKN----CSFNT-T-TN--LRD-KK-KKV-YSLL-YTLNVVPINNNNNNTSNNS------------------------------------------NTSYRLI---NCNTSTI-T---QT, 0.1170, 0
1.746090, -116.3156, [63], CHUNK, ['I'], VKLTPLCVTLNCTNVTNNNTT-------------------------------------NMNGEIKN----CSFNT-T-TN--LRD-KK-KKV-YSLF-YTLNVVPINNNNNNTSNNS------------------------------------------NTSYRLI---NCNTSTI-T---QT, 0.1404, 1
1.774650, -115.3092, [14], CHUNK, ['N'], VKLTPLCVTLNCTNNTNNNTT-------------------------------------NMNGEIKN----CSFNT-T-TN--LRD-KK-KKV-YSLF-YTLNVVPINNNNNNTSNNS------------------------------------------NTSYRLI---NCNTSTI-T---QT, 0.1548, 0
1.749784, -117.2524, 175, POINT, T, VKLTPLCVTLNCTNVTNNNTT-------------------------------------NMNGEIKN----CSFNT-T-TN--LRD-KK-KKV-YSLF-YTLNVVPINNNNNNTSNNS------------------------------------------NTSYRLI---NCNTSTT-T---QT, 0.1338, 0
1.759617, -115.8919, [116], CHUNK, ['N'], VKLTPLCVTLNCTNVTNNNTT-------------------------------------NMNGEIKN----CSFNT-T-TN--LRD-KK-KKV-YSLF-YTLNVVPINNNNNNTSNNN------------------------------------------NTSYRLI---NCNTSTI-T---QT, 0.1290, 1
1.764268, -116.7321, 161, POINT, T, VKLTPLCVTLNCTNVTNNNTT-------------------------------------NMNGEIKN----CSFNT-T-TN--LRD-KK-KKV-YSLF-YTLNVVPINNNNNNTSNNN------------------------------------------NTTYRLI---NCNTSTI-T---QT, 0.1208, 1
1.766046, -114.7264, [71], CHUNK, ['T'], VKLTPLCVTLNCTNVTNNNTT-------------------------------------NMNGEIKN----CTFNT-T-TN--LRD-KK-KKV-YSLF-YTLNVVPINNNNNNTSNNN------------------------------------------NTTYRLI---NCNTSTI-T---QT, 0.1208, 0
1.779222, -114.6072, [98], CHUNK, ['N'], VKLTPLCVTLNCTNVTNNNTT-------------------------------------NMNGEIKN----CSFNT-T-TN--LRD-KK-KKV-YSLF-NTLNVVPINNNNNNTSNNN------------------------------------------NTTYRLI---NCNTSTI-T---QT, 0.1208, 0
1.769752, -7.2051, 82, POINT, I, VKLTPLCVTLNCTNVTNNNTT-------------------------------------NMNGEIKN----CSFNT-T-TN--IRD-KK-KKV-YSLF-YTLNVVPINNNNNNTSNNN------------------------------------------NTTYRLI---NCNTSTI-T---QT, 0.3009, 0
1.785764, -116.1782, [59], CHUNK, ['S'], VKLTPLCVTLNCTNVTNNNTT-------------------------------------NSNGEIKN----CSFNT-T-TN--LRD-KK-KKV-YSLF-YTLNVVPINNNNNNTSNNN------------------------------------------NTTYRLI---NCNTSTI-T---QT, 0.1462, 0
1.768210, -115.9948, 83, POINT, S, VKLTPLCVTLNCTNVTNNNTT-------------------------------------NMNGEIKN----CSFNT-T-TN--LSD-KK-KKV-YSLF-YTLNVVPINNNNNNTSNNN------------------------------------------NTSYRLI---NCNTSTI-T---QT, 0.1381, 1
1.783165, -113.8376, 98, POINT, N, VKLTPLCVTLNCTNVTNNNTT-------------------------------------NMNGEIKN----CSFNT-T-TN--LSD-KK-KKV-YSLF-NTLNVVPINNNNNNTSNNN------------------------------------------NTSYRLI---NCNTSTI-T---QT, 0.1381, 0
1.769267, -109.3686, [96], CHUNK, ['L'], VKLTPLCVTLNCTNVTNNNTT-------------------------------------NMNGEIKN----CSFNT-T-TN--LSD-KK-KKV-YSLL-YTLNVVPINNNNNNTSNNN------------------------------------------NTSYRLI---NCNTSTI-T---QT, 0.1397, 0
1.776826, -116.1673, [59], CHUNK, ['D'], VKLTPLCVTLNCTNVTNNNTT-------------------------------------NDNGEIKN----CSFNT-T-TN--LSD-KK-KKV-YSLF-YTLNVVPINNNNNNTSNNN------------------------------------------NTSYRLI---NCNTSTI-T---QT, 0.1381, 0
1.778100, -115.4751, [87], CHUNK, ['T'], VKLTPLCVTLNCTNVTNNNTT-------------------------------------NMNGEIKN----CSFNT-T-TN--LSD-KT-KKV-YSLF-YTLNVVPINNNNNNTSNNN------------------------------------------NTSYRLI---NCNTSTI-T---QT, 0.1381, 0
1.774441, -117.3578, 163, POINT, T, VKLTPLCVTLNCTNVTNNNTT-------------------------------------NMNGEIKN----CSFNT-T-TN--LRD-KK-KKV-YSLF-YTLNVVPINNNNNNTSNNN------------------------------------------NTSYTLI---NCNTSTI-T---QT, 0.1290, 0
1.769211, -117.4978, [113], CHUNK, ['N'], VKLTPLCVTLNCTNVTNNNTT-------------------------------------NMNGEIKN----CSFNT-T-TN--LRD-KK-KKV-YSLF-YTLNVVPINNNNNNTNNNN------------------------------------------NTSYRLI---NCNTSTI-T---QT, 0.1490, 0
1.765101, -13.2429, [82], CHUNK, ['I'], VKLTPLCVTLNCTNVTNNNTT-------------------------------------NMNGEIKN----CSFNT-T-TN--IRD-KK-KKV-YSLF-YTLNVVPINNNNNNTSNNN------------------------------------------NTSYRLI---NCNTSTI-T---QT, 0.3123, 0
1.762061, -118.1006, [90], CHUNK, ['T'], VKLTPLCVTLNCTNVTNNNTT-------------------------------------NMNGEIKN----CSFNT-T-TN--LRD-KK-KTV-YSLF-YTLNVVPINNNNNNTSNNN------------------------------------------NTSYRLI---NCNTSTI-T---QT, 0.1439, 0
1.747105, -114.2002, 105, POINT, L, VKLTPLCVTLNCTNVTNNNTT-------------------------------------NMNGEIKN----CSFNT-T-TN--LRD-KK-KKV-YSLF-YTLNVVPLNNNNNNTSNNS------------------------------------------NTSYRLI---NCNTSTI-T---QT, 0.1404, 1
1.749343, -112.6898, 100, POINT, T, VKLTPLCVTLNCTNVTNNNTT-------------------------------------NMNGEIKN----CSFNT-T-TN--LRD-KK-KKV-YSLF-YTTNVVPLNNNNNNTSNNS------------------------------------------NTSYRLI---NCNTSTI-T---QT, 0.1408, 0
1.756615, -114.9175, [59], CHUNK, ['K'], VKLTPLCVTLNCTNVTNNNTT-------------------------------------NKNGEIKN----CSFNT-T-TN--LRD-KK-KKV-YSLF-YTLNVVPLNNNNNNTSNNS------------------------------------------NTSYRLI---NCNTSTI-T---QT, 0.1311, 0
1.762130, -113.2524, 98, POINT, N, VKLTPLCVTLNCTNVTNNNTT-------------------------------------NMNGEIKN----CSFNT-T-TN--LRD-KK-KKV-YSLF-NTLNVVPLNNNNNNTSNNS------------------------------------------NTSYRLI---NCNTSTI-T---QT, 0.1846, 0
1.750653, -114.8325, 4, POINT, T, VKLTTLCVTLNCTNVTNNNTT-------------------------------------NMNGEIKN----CSFNT-T-TN--LRD-KK-KKV-YSLF-YTLNVVPLNNNNNNTSNNS------------------------------------------NTSYRLI---NCNTSTI-T---QT, 0.1504, 0
1.753809, -117.1311, 59, POINT, E, VKLTPLCVTLNCTNVTNNNTT-------------------------------------NENGEIKN----CSFNT-T-TN--LRD-KK-KKV-YSLF-YTLNVVPINNNNNNTSNNS------------------------------------------NTSYRLI---NCNTSTI-T---QT, 0.1355, 0
1.752716, -116.0729, [64], CHUNK, ['T'], VKLTPLCVTLNCTNVTNNNTT-------------------------------------NMNGEITN----CSFNT-T-TN--LRD-KK-KKV-YSLF-YTLNVVPINNNNNNTSNNS------------------------------------------NTSYRLI---NCNTSTI-T---QT, 0.1388, 0
1.751574, -7.2174, [82], CHUNK, ['I'], VKLTPLCVTLNCTNVTNNNTT-------------------------------------NMNGEIKN----CSFNT-T-TN--IRD-KK-KKV-YSLF-YTLNVVPINNNNNNTSNNS------------------------------------------NTSYRLI---NCNTSTI-T---QT, 0.1993, 0
1.751574, 2.2336, [82], CHUNK, ['I'], VKLTPLCVTLNCTNVTNNNTT-------------------------------------NMNGEIKN----CSFNT-T-TN--IRD-KK-KKV-YSLF-YTLNVVPINNNNNNTSNNS------------------------------------------NTSYRLI---NCNTSTI-T---QT, 0.2251, 0
1.745071, -95.3080, 61, POINT, D, VKLTPLCVTLNCTNVTNNNTT-------------------------------------NMNDELKN----CSFNT-T-TN--LRD-KK-KKV-YSLF-YTLNVVPINNNNNNTSNNS------------------------------------------NTSYRLI---NCNTSTI-T---QT, 0.1170, 0
1.746090, -116.0397, [63], CHUNK, ['I'], VKLTPLCVTLNCTNVTNNNTT-------------------------------------NMNGEIKN----CSFNT-T-TN--LRD-KK-KKV-YSLF-YTLNVVPINNNNNNTSNNS------------------------------------------NTSYRLI---NCNTSTI-T---QT, 0.1223, 0
1.746585, -118.6024, 161, POINT, T, VKLTPLCVTLNCTNVTNNNTT-------------------------------------NMNGELKN----CSFNT-T-TN--LRD-KK-KKV-YSLF-YTLNVVPINNNNNNTSNNS------------------------------------------NTTYRLI---NCNTSTI-T---QT, 0.1170, 0
1.746090, -115.9266, [63], CHUNK, ['I'], VKLTPLCVTLNCTNVTNNNTT-------------------------------------NMNGEIKN----CSFNT-T-TN--LRD-KK-KKV-YSLF-YTLNVVPINNNNNNTSNNS------------------------------------------NTSYRLI---NCNTSTI-T---QT, 0.1228, 0
1.736252, -116.1487, [71], CHUNK, ['T'], VKLTPLCVTLNCTNVTNNNTT-------------------------------------NMNGELKN----CTFNT-T-TN--LRD-KK-QKV-YSLF-YTLNVVPINNNNNNTSNNS------------------------------------------NTSYRLI---NCNTSTI-T---QT, 0.1081, 0
1.750198, -117.6529, 162, POINT, N, VKLTPLCVTLNCTNVTNNNTT-------------------------------------NMNGELKN----CSFNT-T-TN--LRD-KK-QKV-YSLF-YTLNVVPINNNNNNTSNNS------------------------------------------NTSNRLI---NCNTSTI-T---QT, 0.1167, 0
1.735628, -88.9177, [14], CHUNK, ['L'], VKLTPLCVTLNCTNLTNNNTT-------------------------------------NMNGELKN----CSFNT-T-TN--LRD-KK-QKV-YSLF-YTLNVVPINNNNNNTSNNS------------------------------------------NTSYRLI---NCNTSTI-T---QT, 0.2755, 0
1.769517, -117.5206, [59], CHUNK, ['T'], VKLTPLCVTLNCTNVTNNNTT-------------------------------------NTNGELKN----CSFNT-T-TN--LRD-KK-QKV-YSLF-YTLNVVPINNNNNNTSNNS------------------------------------------NTSYRLI---NCNTSTI-T---QT, 0.1170, 0
