Name base = V1V2_200_sq_9_10_ni
Iters = 200
Soft coverage = 1.31203964383
Energy = -128.717377515
Hard Covereage = 0.0368019545157
Num epitopes = 65
Initial seq = VKLTPLCVTLQCTNVTNNITD-------------------------------------DMRGELKN----CSFNM-T-TE--LRD-KK-QKV-YSLF-YRLDVVQINENQGNRSNNS------------------------------------------NKEYRLI---NCNTSAI-T---QA
-------START OF DATA------
1.368762, -130.1871, [160, 161, 163], CHUNK, ['T', 'S', 'T'], VKLTPLCVTLQCTNVTNNITD-------------------------------------DMRGELKN----CSFNM-T-TE--LRD-KK-QKV-YSLF-YRLDVVQINENQGNRSNNS------------------------------------------NTSYTLI---NCNTSAI-T---QA, 0.1659, 1
1.417918, -130.1271, [10], CHUNK, ['N'], VKLTPLCVTLNCTNVTNNITD-------------------------------------DMRGELKN----CSFNM-T-TE--LRD-KK-QKV-YSLF-YRLDVVQINENQGNRSNNS------------------------------------------NTSYTLI---NCNTSAI-T---QA, 0.1659, 1
1.423094, -130.2917, 107, POINT, D, VKLTPLCVTLNCTNVTNNITD-------------------------------------DMRGELKN----CSFNM-T-TE--LRD-KK-QKV-YSLF-YRLDVVQINDNQGNRSNNS------------------------------------------NTSYTLI---NCNTSAI-T---QA, 0.1678, 1
1.443437, -128.8822, [102, 103, 104, 106, 107, 108, 109], CHUNK, ['I', 'T', 'P', 'D', 'N', 'G', 'N'], VKLTPLCVTLNCTNVTNNITD-------------------------------------DMRGELKN----CSFNM-T-TE--LRD-KK-QKV-YSLF-YRLDITPIDNGNGNRSNNS------------------------------------------NTSYTLI---NCNTSAI-T---QA, 0.1678, 1
1.463877, -125.9255, 20, POINT, T, VKLTPLCVTLNCTNVTNNITT-------------------------------------DMRGELKN----CSFNM-T-TE--LRD-KK-QKV-YSLF-YRLDITPIDNGNGNRSNNS------------------------------------------NTSYTLI---NCNTSAI-T---QA, 0.1685, 0
1.461133, -126.0626, 58, POINT, T, VKLTPLCVTLNCTNVTNNITD-------------------------------------TMRGELKN----CSFNM-T-TE--LRD-KK-QKV-YSLF-YRLDITPIDNGNGNRSNNS------------------------------------------NTSYTLI---NCNTSAI-T---QA, 0.1678, 1
1.469575, -127.0892, 84, POINT, N, VKLTPLCVTLNCTNVTNNITD-------------------------------------TMRGELKN----CSFNM-T-TE--LRN-KK-QKV-YSLF-YRLDITPIDNGNGNRSNNS------------------------------------------NTSYTLI---NCNTSAI-T---QA, 0.1570, 1
1.492200, -123.9093, 20, POINT, T, VKLTPLCVTLNCTNVTNNITT-------------------------------------TMRGELKN----CSFNM-T-TE--LRN-KK-QKV-YSLF-YRLDITPIDNGNGNRSNNS------------------------------------------NTSYTLI---NCNTSAI-T---QA, 0.1570, 0
1.484975, -110.0984, [71, 74], CHUNK, ['T', 'V'], VKLTPLCVTLNCTNVTNNITD-------------------------------------TMRGELKN----CTFNV-T-TE--LRN-KK-QKV-YSLF-YRLDITPIDNGNGNRSNNS------------------------------------------NTSYTLI---NCNTSAI-T---QA, 0.2812, 0
1.508938, -81.3339, [74, 79], CHUNK, ['I', 'N'], VKLTPLCVTLNCTNVTNNITD-------------------------------------TMRGELKN----CSFNI-T-TN--LRN-KK-QKV-YSLF-YRLDITPIDNGNGNRSNNS------------------------------------------NTSYTLI---NCNTSAI-T---QA, 0.5241, 0
1.486582, -76.6828, [74], CHUNK, ['I'], VKLTPLCVTLNCTNVTNNITD-------------------------------------TMRGELKN----CSFNI-T-TE--LRN-KK-QKV-YSLF-YRLDITPIDNGNGNRSNNS------------------------------------------NTSYTLI---NCNTSAI-T---QA, 0.4051, 0
1.480298, -126.3376, 106, POINT, N, VKLTPLCVTLNCTNVTNNITD-------------------------------------TMRGELKN----CSFNM-T-TE--LRD-KK-QKV-YSLF-YRLDITPINNGNGNRSNNS------------------------------------------NTSYTLI---NCNTSAI-T---QA, 0.1629, 1
1.502923, -123.1580, 20, POINT, T, VKLTPLCVTLNCTNVTNNITT-------------------------------------TMRGELKN----CSFNM-T-TE--LRD-KK-QKV-YSLF-YRLDITPINNGNGNRSNNS------------------------------------------NTSYTLI---NCNTSAI-T---QA, 0.1629, 1
1.538689, -72.5505, [58, 59, 60, 61, 63], CHUNK, ['S', 'N', 'S', 'C', 'I'], VKLTPLCVTLNCTNVTNNITT-------------------------------------SNSCEIKN----CSFNM-T-TE--LRD-KK-QKV-YSLF-YRLDITPINNGNGNRSNNS------------------------------------------NTSYTLI---NCNTSAI-T---QA, 0.1629, 0
1.520088, -104.4854, 74, POINT, I, VKLTPLCVTLNCTNVTNNITT-------------------------------------TMRGELKN----CSFNI-T-TE--LRD-KK-QKV-YSLF-YRLDITPINNGNGNRSNNS------------------------------------------NTSYTLI---NCNTSAI-T---QA, 0.2237, 0
1.528416, -50.7757, [79, 82], CHUNK, ['N', 'I'], VKLTPLCVTLNCTNVTNNITT-------------------------------------TMRGELKN----CSFNM-T-TN--IRD-KK-QKV-YSLF-YRLDITPINNGNGNRSNNS------------------------------------------NTSYTLI---NCNTSAI-T---QA, 0.2775, 0
1.534645, -118.2275, [74], CHUNK, ['T'], VKLTPLCVTLNCTNVTNNITT-------------------------------------TMRGELKN----CSFNT-T-TE--LRD-KK-QKV-YSLF-YRLDITPINNGNGNRSNNS------------------------------------------NTSYTLI---NCNTSAI-T---QA, 0.1679, 0
1.512900, -87.1357, [74, 79], CHUNK, ['I', 'T'], VKLTPLCVTLNCTNVTNNITD-------------------------------------TMRGELKN----CSFNI-T-TT--LRD-KK-QKV-YSLF-YRLDITPINNGNGNRSNNS------------------------------------------NTSYTLI---NCNTSAI-T---QA, 0.3473, 0
1.498809, -121.3062, 60, POINT, T, VKLTPLCVTLNCTNVTNNITD-------------------------------------TMTGELKN----CSFNM-T-TE--LRD-KK-QKV-YSLF-YRLDITPINNGNGNRSNNS------------------------------------------NTSYTLI---NCNTSAI-T---QA, 0.1629, 1
1.514540, -106.9192, 74, POINT, V, VKLTPLCVTLNCTNVTNNITD-------------------------------------TMTGELKN----CSFNV-T-TE--LRD-KK-QKV-YSLF-YRLDITPINNGNGNRSNNS------------------------------------------NTSYTLI---NCNTSAI-T---QA, 0.2226, 1
1.545453, -103.8117, [87, 89, 90], CHUNK, ['N', 'K', 'N'], VKLTPLCVTLNCTNVTNNITD-------------------------------------TMTGELKN----CSFNV-T-TE--LRD-KN-KNV-YSLF-YRLDITPINNGNGNRSNNS------------------------------------------NTSYTLI---NCNTSAI-T---QA, 0.2410, 0
1.529655, -105.1888, 174, POINT, T, VKLTPLCVTLNCTNVTNNITD-------------------------------------TMTGELKN----CSFNV-T-TE--LRD-KK-QKV-YSLF-YRLDITPINNGNGNRSNNS------------------------------------------NTSYTLI---NCNTSTI-T---QA, 0.2514, 0
1.538988, -106.4360, 18, POINT, T, VKLTPLCVTLNCTNVTNNTTD-------------------------------------TMTGELKN----CSFNV-T-TE--LRD-KK-QKV-YSLF-YRLDITPINNGNGNRSNNS------------------------------------------NTSYTLI---NCNTSAI-T---QA, 0.2780, 0
1.520235, -105.3489, 63, POINT, I, VKLTPLCVTLNCTNVTNNITD-------------------------------------TMTGEIKN----CSFNV-T-TE--LRD-KK-QKV-YSLF-YRLDITPINNGNGNRSNNS------------------------------------------NTSYTLI---NCNTSAI-T---QA, 0.2310, 0
1.515975, -83.0315, [74], CHUNK, ['I'], VKLTPLCVTLNCTNVTNNITD-------------------------------------TMTGELKN----CSFNI-T-TE--LRD-KK-QKV-YSLF-YRLDITPINNGNGNRSNNS------------------------------------------NTSYTLI---NCNTSAI-T---QA, 0.3721, 0
1.524302, -3.5291, [79, 82], CHUNK, ['N', 'I'], VKLTPLCVTLNCTNVTNNITD-------------------------------------TMTGELKN----CSFNM-T-TN--IRD-KK-QKV-YSLF-YRLDITPINNGNGNRSNNS------------------------------------------NTSYTLI---NCNTSAI-T---QA, 0.2007, 0
1.524302, -3.5689, [79, 82], CHUNK, ['N', 'I'], VKLTPLCVTLNCTNVTNNITD-------------------------------------TMTGELKN----CSFNM-T-TN--IRD-KK-QKV-YSLF-YRLDITPINNGNGNRSNNS------------------------------------------NTSYTLI---NCNTSAI-T---QA, 0.2036, 0
1.518309, -120.6185, 79, POINT, N, VKLTPLCVTLNCTNVTNNITD-------------------------------------TMTGELKN----CSFNM-T-TN--LRD-KK-QKV-YSLF-YRLDITPINNGNGNRSNNS------------------------------------------NTSYTLI---NCNTSAI-T---QA, 0.1356, 0
1.506473, -125.9738, [79, 86], CHUNK, ['N', 'T'], VKLTPLCVTLNCTNVTNNITD-------------------------------------TMRGELKN----CSFNM-T-TN--LRD-TK-QKV-YSLF-YRLDITPINNGNGNRSNNS------------------------------------------NTSYTLI---NCNTSAI-T---QA, 0.1615, 1
1.519045, -123.6366, 84, POINT, T, VKLTPLCVTLNCTNVTNNITD-------------------------------------TMRGELKN----CSFNM-T-TN--LRT-TK-QKV-YSLF-YRLDITPINNGNGNRSNNS------------------------------------------NTSYTLI---NCNTSAI-T---QA, 0.1760, 1
1.526881, -121.1415, 98, POINT, N, VKLTPLCVTLNCTNVTNNITD-------------------------------------TMRGELKN----CSFNM-T-TN--LRT-TK-QKV-YSLF-NRLDITPINNGNGNRSNNS------------------------------------------NTSYTLI---NCNTSAI-T---QA, 0.2040, 0
1.522674, -122.9835, 109, POINT, T, VKLTPLCVTLNCTNVTNNITD-------------------------------------TMRGELKN----CSFNM-T-TN--LRT-TK-QKV-YSLF-YRLDITPINNGTGNRSNNS------------------------------------------NTSYTLI---NCNTSAI-T---QA, 0.1744, 1
1.529790, -102.3486, [174], CHUNK, ['V'], VKLTPLCVTLNCTNVTNNITD-------------------------------------TMRGELKN----CSFNM-T-TN--LRT-TK-QKV-YSLF-YRLDITPINNGTGNRSNNS------------------------------------------NTSYTLI---NCNTSVI-T---QA, 0.4529, 0
1.523546, -121.4001, 93, POINT, S, VKLTPLCVTLNCTNVTNNITD-------------------------------------TMRGELKN----CSFNM-T-TN--LRT-TK-QKV-SSLF-YRLDITPINNGTGNRSNNS------------------------------------------NTSYTLI---NCNTSAI-T---QA, 0.1744, 1
1.548345, -120.3610, [60, 63], CHUNK, ['N', 'I'], VKLTPLCVTLNCTNVTNNITD-------------------------------------TMNGEIKN----CSFNM-T-TN--LRT-TK-QKV-SSLF-YRLDITPINNGTGNRSNNS------------------------------------------NTSYTLI---NCNTSAI-T---QA, 0.1737, 1
1.564721, -91.8788, [74], CHUNK, ['V'], VKLTPLCVTLNCTNVTNNITD-------------------------------------TMNGEIKN----CSFNV-T-TN--LRT-TK-QKV-SSLF-YRLDITPINNGTGNRSNNS------------------------------------------NTSYTLI---NCNTSAI-T---QA, 0.4034, 0
1.564721, -103.8069, [74], CHUNK, ['V'], VKLTPLCVTLNCTNVTNNITD-------------------------------------TMNGEIKN----CSFNV-T-TN--LRT-TK-QKV-SSLF-YRLDITPINNGTGNRSNNS------------------------------------------NTSYTLI---NCNTSAI-T---QA, 0.2311, 0
1.555762, -118.6579, [91, 93, 94, 99], CHUNK, ['E', 'Y', 'A', 'K'], VKLTPLCVTLNCTNVTNNITD-------------------------------------TMNGEIKN----CSFNM-T-TN--LRT-TK-QKE-YALF-YKLDITPINNGTGNRSNNS------------------------------------------NTSYTLI---NCNTSAI-T---QA, 0.2011, 0
1.554116, -118.7763, 99, POINT, K, VKLTPLCVTLNCTNVTNNITD-------------------------------------TMNGEIKN----CSFNM-T-TN--LRT-TK-QKV-SSLF-YKLDITPINNGTGNRSNNS------------------------------------------NTSYTLI---NCNTSAI-T---QA, 0.1737, 0
1.545337, -117.1258, 87, POINT, N, VKLTPLCVTLNCTNVTNNITD-------------------------------------TMRGELKN----CSFNM-T-TN--LRT-TN-QKV-SSLF-YRLDITPINNGTGNRSNNS------------------------------------------NTSYTLI---NCNTSAI-T---QA, 0.1744, 0
1.545622, -119.8465, 18, POINT, T, VKLTPLCVTLNCTNVTNNTTD-------------------------------------TMRGELKN----CSFNM-T-TN--LRT-TK-QKV-SSLF-YRLDITPINNGTGNRSNNS------------------------------------------NTSYTLI---NCNTSAI-T---QA, 0.1744, 0
1.545622, -119.8465, 18, POINT, T, VKLTPLCVTLNCTNVTNNTTD-------------------------------------TMRGELKN----CSFNM-T-TN--LRT-TK-QKV-SSLF-YRLDITPINNGTGNRSNNS------------------------------------------NTSYTLI---NCNTSAI-T---QA, 0.1744, 0
1.529737, -88.8233, 61, POINT, K, VKLTPLCVTLNCTNVTNNITD-------------------------------------TMRKELKN----CSFNM-T-TN--LRT-TK-QKV-SSLF-YRLDITPINNGTGNRSNNS------------------------------------------NTSYTLI---NCNTSAI-T---QA, 0.1744, 0
1.539828, -106.0743, [74], CHUNK, ['V'], VKLTPLCVTLNCTNVTNNITD-------------------------------------TMRGELKN----CSFNV-T-TN--LRT-TK-QKV-YSLF-YRLDITPINNGTGNRSNNS------------------------------------------NTSYTLI---NCNTSAI-T---QA, 0.2729, 0
1.534020, -123.4942, 59, POINT, L, VKLTPLCVTLNCTNVTNNITD-------------------------------------TLRGELKN----CSFNM-T-TN--LRT-TK-QKV-YSLF-YRLDITPINNGTGNRSNNS------------------------------------------NTSYTLI---NCNTSAI-T---QA, 0.1731, 0
1.542207, -77.9466, [74], CHUNK, ['I'], VKLTPLCVTLNCTNVTNNITD-------------------------------------TMRGELKN----CSFNI-T-TN--LRT-TK-QKV-YSLF-YRLDITPINNGTGNRSNNS------------------------------------------NTSYTLI---NCNTSAI-T---QA, 0.2811, 0
1.539828, -102.1016, 74, POINT, V, VKLTPLCVTLNCTNVTNNITD-------------------------------------TMRGELKN----CSFNV-T-TN--LRT-TK-QKV-YSLF-YRLDITPINNGTGNRSNNS------------------------------------------NTSYTLI---NCNTSAI-T---QA, 0.3277, 0
1.538577, -79.4317, [74], CHUNK, ['I'], VKLTPLCVTLNCTNVTNNITD-------------------------------------TMRGELKN----CSFNI-T-TN--LRT-TK-QKV-YSLF-YRLDITPINNGNGNRSNNS------------------------------------------NTSYTLI---NCNTSAI-T---QA, 0.3528, 0
1.525437, -122.1934, 99, POINT, S, VKLTPLCVTLNCTNVTNNITD-------------------------------------TMRGELKN----CSFNM-T-TN--LRT-TK-QKV-YSLF-YSLDITPINNGNGNRSNNS------------------------------------------NTSYTLI---NCNTSAI-T---QA, 0.1830, 1
1.546047, 41.4796, [74, 82], CHUNK, ['V', 'I'], VKLTPLCVTLNCTNVTNNITD-------------------------------------TMRGELKN----CSFNV-T-TN--IRT-TK-QKV-YSLF-YSLDITPINNGNGNRSNNS------------------------------------------NTSYTLI---NCNTSAI-T---QA, 0.2953, 0
1.544970, -88.2797, [74], CHUNK, ['I'], VKLTPLCVTLNCTNVTNNITD-------------------------------------TMRGELKN----CSFNI-T-TN--LRT-TK-QKV-YSLF-YSLDITPINNGNGNRSNNS------------------------------------------NTSYTLI---NCNTSAI-T---QA, 0.2717, 0
1.544970, -81.8516, [74], CHUNK, ['I'], VKLTPLCVTLNCTNVTNNITD-------------------------------------TMRGELKN----CSFNI-T-TN--LRT-TK-QKV-YSLF-YSLDITPINNGNGNRSNNS------------------------------------------NTSYTLI---NCNTSAI-T---QA, 0.4773, 0
1.548436, -122.6223, 20, POINT, N, VKLTPLCVTLNCTNVTNNITN-------------------------------------TMRGELKN----CSFNM-T-TN--LRT-TK-QKV-YSLF-YSLDITPINNGNGNRSNNS------------------------------------------NTSYTLI---NCNTSAI-T---QA, 0.1830, 1
1.567969, -105.5912, [74], CHUNK, ['I'], VKLTPLCVTLNCTNVTNNITN-------------------------------------TMRGELKN----CSFNI-T-TN--LRT-TK-QKV-YSLF-YSLDITPINNGNGNRSNNS------------------------------------------NTSYTLI---NCNTSAI-T---QA, 0.3079, 0
1.558900, 6.4685, [74, 79, 82], CHUNK, ['T', 'E', 'I'], VKLTPLCVTLNCTNVTNNITN-------------------------------------TMRGELKN----CSFNT-T-TE--IRT-TK-QKV-YSLF-YSLDITPINNGNGNRSNNS------------------------------------------NTSYTLI---NCNTSAI-T---QA, 0.3764, 0
1.567969, -84.1784, [74], CHUNK, ['I'], VKLTPLCVTLNCTNVTNNITN-------------------------------------TMRGELKN----CSFNI-T-TN--LRT-TK-QKV-YSLF-YSLDITPINNGNGNRSNNS------------------------------------------NTSYTLI---NCNTSAI-T---QA, 0.5829, 0
1.567969, -100.5016, 74, POINT, I, VKLTPLCVTLNCTNVTNNITN-------------------------------------TMRGELKN----CSFNI-T-TN--LRT-TK-QKV-YSLF-YSLDITPINNGNGNRSNNS------------------------------------------NTSYTLI---NCNTSAI-T---QA, 0.3695, 0
1.544970, -79.4685, [74], CHUNK, ['I'], VKLTPLCVTLNCTNVTNNITD-------------------------------------TMRGELKN----CSFNI-T-TN--LRT-TK-QKV-YSLF-YSLDITPINNGNGNRSNNS------------------------------------------NTSYTLI---NCNTSAI-T---QA, 0.2317, 0
1.528985, -122.0555, 4, POINT, T, VKLTTLCVTLNCTNVTNNITD-------------------------------------TMRGELKN----CSFNM-T-TN--LRT-TK-QKV-YSLF-YSLDITPINNGNGNRSNNS------------------------------------------NTSYTLI---NCNTSAI-T---QA, 0.1830, 1
1.563495, -112.8616, [59, 60, 63], CHUNK, ['T', 'I', 'I'], VKLTTLCVTLNCTNVTNNITD-------------------------------------TTIGEIKN----CSFNM-T-TN--LRT-TK-QKV-YSLF-YSLDITPINNGNGNRSNNS------------------------------------------NTSYTLI---NCNTSAI-T---QA, 0.1830, 0
1.546139, -107.4027, [74], CHUNK, ['V'], VKLTTLCVTLNCTNVTNNITD-------------------------------------TMRGELKN----CSFNV-T-TN--LRT-TK-QKV-YSLF-YSLDITPINNGNGNRSNNS------------------------------------------NTSYTLI---NCNTSAI-T---QA, 0.1887, 0
1.544100, -119.8558, [174], CHUNK, ['T'], VKLTTLCVTLNCTNVTNNITD-------------------------------------TMRGELKN----CSFNM-T-TN--LRT-TK-QKV-YSLF-YSLDITPINNGNGNRSNNS------------------------------------------NTSYTLI---NCNTSTI-T---QA, 0.1830, 1
1.561254, -105.9533, 74, POINT, V, VKLTTLCVTLNCTNVTNNITD-------------------------------------TMRGELKN----CSFNV-T-TN--LRT-TK-QKV-YSLF-YSLDITPINNGNGNRSNNS------------------------------------------NTSYTLI---NCNTSTI-T---QA, 0.3579, 0
1.549632, -120.0630, 59, POINT, E, VKLTTLCVTLNCTNVTNNITD-------------------------------------TERGELKN----CSFNM-T-TN--LRT-TK-QKV-YSLF-YSLDITPINNGNGNRSNNS------------------------------------------NTSYTLI---NCNTSTI-T---QA, 0.1830, 0
1.549208, -118.1312, 63, POINT, I, VKLTTLCVTLNCTNVTNNITD-------------------------------------TMRGEIKN----CSFNM-T-TN--LRT-TK-QKV-YSLF-YSLDITPINNGNGNRSNNS------------------------------------------NTSYTLI---NCNTSTI-T---QA, 0.1830, 0
1.566725, -116.6774, 20, POINT, T, VKLTTLCVTLNCTNVTNNITT-------------------------------------TMRGELKN----CSFNM-T-TN--LRT-TK-QKV-YSLF-YSLDITPINNGNGNRSNNS------------------------------------------NTSYTLI---NCNTSTI-T---QA, 0.1830, 0
1.531567, -122.0820, 102, POINT, V, VKLTTLCVTLNCTNVTNNITD-------------------------------------TMRGELKN----CSFNM-T-TN--LRT-TK-QKV-YSLF-YSLDVTPINNGNGNRSNNS------------------------------------------NTSYTLI---NCNTSAI-T---QA, 0.1830, 1
1.551100, -79.3249, [74], CHUNK, ['I'], VKLTTLCVTLNCTNVTNNITD-------------------------------------TMRGELKN----CSFNI-T-TN--LRT-TK-QKV-YSLF-YSLDVTPINNGNGNRSNNS------------------------------------------NTSYTLI---NCNTSAI-T---QA, 0.2981, 0
1.551100, -79.5563, [74], CHUNK, ['I'], VKLTTLCVTLNCTNVTNNITD-------------------------------------TMRGELKN----CSFNI-T-TN--LRT-TK-QKV-YSLF-YSLDVTPINNGNGNRSNNS------------------------------------------NTSYTLI---NCNTSAI-T---QA, 0.3342, 0
1.551095, -122.3085, 101, POINT, N, VKLTTLCVTLNCTNVTNNITD-------------------------------------TMRGELKN----CSFNM-T-TN--LRT-TK-QKV-YSLF-YSLNVTPINNGNGNRSNNS------------------------------------------NTSYTLI---NCNTSAI-T---QA, 0.1830, 0
1.537757, -90.9102, 61, POINT, K, VKLTTLCVTLNCTNVTNNITD-------------------------------------TMRKELKN----CSFNM-T-TN--LRT-TK-QKV-YSLF-YSLDVTPINNGNGNRSNNS------------------------------------------NTSYTLI---NCNTSAI-T---QA, 0.1757, 0
1.546139, -108.0642, [74], CHUNK, ['V'], VKLTTLCVTLNCTNVTNNITD-------------------------------------TMRGELKN----CSFNV-T-TN--LRT-TK-QKV-YSLF-YSLDITPINNGNGNRSNNS------------------------------------------NTSYTLI---NCNTSAI-T---QA, 0.3017, 1
1.566303, -108.8242, 18, POINT, N, VKLTTLCVTLNCTNVTNNNTD-------------------------------------TMRGELKN----CSFNV-T-TN--LRT-TK-QKV-YSLF-YSLDITPINNGNGNRSNNS------------------------------------------NTSYTLI---NCNTSAI-T---QA, 0.2513, 1
1.583178, -104.5244, 82, POINT, T, VKLTTLCVTLNCTNVTNNNTD-------------------------------------TMRGELKN----CSFNV-T-TN--TRT-TK-QKV-YSLF-YSLDITPINNGNGNRSNNS------------------------------------------NTSYTLI---NCNTSAI-T---QA, 0.2471, 0
1.570645, -107.0297, 63, POINT, I, VKLTTLCVTLNCTNVTNNNTD-------------------------------------TMRGEIKN----CSFNV-T-TN--LRT-TK-QKV-YSLF-YSLDITPINNGNGNRSNNS------------------------------------------NTSYTLI---NCNTSAI-T---QA, 0.2513, 0
1.575408, -105.1184, [87, 89, 91, 94], CHUNK, ['I', 'K', 'E', 'A'], VKLTTLCVTLNCTNVTNNNTD-------------------------------------TMRGELKN----CSFNV-T-TN--LRT-TI-KKE-YALF-YSLDITPINNGNGNRSNNS------------------------------------------NTSYTLI---NCNTSAI-T---QA, 0.2626, 0
1.574191, -108.5388, 89, POINT, K, VKLTTLCVTLNCTNVTNNNTD-------------------------------------TMRGELKN----CSFNV-T-TN--LRT-TK-KKV-YSLF-YSLDITPINNGNGNRSNNS------------------------------------------NTSYTLI---NCNTSAI-T---QA, 0.2582, 0
1.561254, -107.9025, [174], CHUNK, ['T'], VKLTTLCVTLNCTNVTNNITD-------------------------------------TMRGELKN----CSFNV-T-TN--LRT-TK-QKV-YSLF-YSLDITPINNGNGNRSNNS------------------------------------------NTSYTLI---NCNTSTI-T---QA, 0.3036, 0
1.560361, -108.5879, 99, POINT, T, VKLTTLCVTLNCTNVTNNITD-------------------------------------TMRGELKN----CSFNV-T-TN--LRT-TK-QKV-YSLF-YTLDITPINNGNGNRSNNS------------------------------------------NTSYTLI---NCNTSAI-T---QA, 0.3017, 0
1.555452, -106.3089, [60, 63], CHUNK, ['K', 'I'], VKLTTLCVTLNCTNVTNNITD-------------------------------------TMKGEIKN----CSFNV-T-TN--LRT-TK-QKV-YSLF-YSLDITPINNGNGNRSNNS------------------------------------------NTSYTLI---NCNTSAI-T---QA, 0.2476, 0
1.553254, -89.5369, [174], CHUNK, ['V'], VKLTTLCVTLNCTNVTNNITD-------------------------------------TMRGELKN----CSFNV-T-TN--LRT-TK-QKV-YSLF-YSLDITPINNGNGNRSNNS------------------------------------------NTSYTLI---NCNTSVI-T---QA, 0.3993, 0
1.548518, -82.0270, [74], CHUNK, ['I'], VKLTTLCVTLNCTNVTNNITD-------------------------------------TMRGELKN----CSFNI-T-TN--LRT-TK-QKV-YSLF-YSLDITPINNGNGNRSNNS------------------------------------------NTSYTLI---NCNTSAI-T---QA, 0.4648, 0
1.551508, -77.2129, [74, 79, 82], CHUNK, ['I', 'S', 'T'], VKLTTLCVTLNCTNVTNNITD-------------------------------------TMRGELKN----CSFNI-T-TS--TRT-TK-QKV-YSLF-YSLDITPINNGNGNRSNNS------------------------------------------NTSYTLI---NCNTSAI-T---QA, 0.3701, 0
1.547370, -120.2303, [89, 91, 94], CHUNK, ['T', 'E', 'A'], VKLTTLCVTLNCTNVTNNITD-------------------------------------TMRGELKN----CSFNM-T-TN--LRT-TK-TKE-YALF-YSLDITPINNGNGNRSNNS------------------------------------------NTSYTLI---NCNTSAI-T---QA, 0.2061, 1
1.559098, -117.6453, [98], CHUNK, ['N'], VKLTTLCVTLNCTNVTNNITD-------------------------------------TMRGELKN----CSFNM-T-TN--LRT-TK-TKE-YALF-NSLDITPINNGNGNRSNNS------------------------------------------NTSYTLI---NCNTSAI-T---QA, 0.2061, 0
1.566903, -108.7869, [74], CHUNK, ['I'], VKLTTLCVTLNCTNVTNNITD-------------------------------------TMRGELKN----CSFNI-T-TN--LRT-TK-TKE-YALF-YSLDITPINNGNGNRSNNS------------------------------------------NTSYTLI---NCNTSAI-T---QA, 0.2332, 1
1.580372, -110.3757, [99], CHUNK, ['T'], VKLTTLCVTLNCTNVTNNITD-------------------------------------TMRGELKN----CSFNI-T-TN--LRT-TK-TKE-YALF-YTLDITPINNGNGNRSNNS------------------------------------------NTSYTLI---NCNTSAI-T---QA, 0.2163, 0
1.577456, -108.5440, [60, 63], CHUNK, ['K', 'I'], VKLTTLCVTLNCTNVTNNITD-------------------------------------TMKGEIKN----CSFNI-T-TN--LRT-TK-TKE-YALF-YSLDITPINNGNGNRSNNS------------------------------------------NTSYTLI---NCNTSAI-T---QA, 0.3391, 0
1.574835, -112.0684, 108, POINT, K, VKLTTLCVTLNCTNVTNNITD-------------------------------------TMRGELKN----CSFNI-T-TN--LRT-TK-TKE-YALF-YSLDITPINNKNGNRSNNS------------------------------------------NTSYTLI---NCNTSAI-T---QA, 0.2869, 0
1.577952, -75.8454, [61, 63], CHUNK, ['K', 'I'], VKLTTLCVTLNCTNVTNNITD-------------------------------------TMRKEIKN----CSFNI-T-TN--LRT-TK-TKE-YALF-YSLDITPINNGNGNRSNNS------------------------------------------NTSYTLI---NCNTSAI-T---QA, 0.2295, 0
1.566903, -111.1115, [74], CHUNK, ['I'], VKLTTLCVTLNCTNVTNNITD-------------------------------------TMRGELKN----CSFNI-T-TN--LRT-TK-TKE-YALF-YSLDITPINNGNGNRSNNS------------------------------------------NTSYTLI---NCNTSAI-T---QA, 0.2499, 0
1.570508, -12.4100, [74, 82], CHUNK, ['I', 'I'], VKLTTLCVTLNCTNVTNNITD-------------------------------------TMRGELKN----CSFNI-T-TN--IRT-TK-TKE-YALF-YSLDITPINNGNGNRSNNS------------------------------------------NTSYTLI---NCNTSAI-T---QA, 0.2686, 0
1.562485, -118.2704, [174], CHUNK, ['T'], VKLTTLCVTLNCTNVTNNITD-------------------------------------TMRGELKN----CSFNM-T-TN--LRT-TK-TKE-YALF-YSLDITPINNGNGNRSNNS------------------------------------------NTSYTLI---NCNTSTI-T---QA, 0.2051, 1
1.582018, -112.6298, [74], CHUNK, ['I'], VKLTTLCVTLNCTNVTNNITD-------------------------------------TMRGELKN----CSFNI-T-TN--LRT-TK-TKE-YALF-YSLDITPINNGNGNRSNNS------------------------------------------NTSYTLI---NCNTSTI-T---QA, 0.2059, 0
1.572232, -108.2654, [74, 76], CHUNK, ['I', 'N'], VKLTTLCVTLNCTNVTNNITD-------------------------------------TMRGELKN----CSFNI-N-TN--LRT-TK-TKE-YALF-YSLDITPINNGNGNRSNNS------------------------------------------NTSYTLI---NCNTSTI-T---QA, 0.3425, 0
1.585110, -115.0920, 20, POINT, T, VKLTTLCVTLNCTNVTNNITT-------------------------------------TMRGELKN----CSFNM-T-TN--LRT-TK-TKE-YALF-YSLDITPINNGNGNRSNNS------------------------------------------NTSYTLI---NCNTSTI-T---QA, 0.2051, 1
1.588925, -118.4396, 84, POINT, N, VKLTTLCVTLNCTNVTNNITT-------------------------------------TMRGELKN----CSFNM-T-TN--LRN-TK-TKE-YALF-YSLDITPINNGNGNRSNNS------------------------------------------NTSYTLI---NCNTSTI-T---QA, 0.2051, 0
1.589639, -113.3771, 63, POINT, I, VKLTTLCVTLNCTNVTNNITT-------------------------------------TMRGEIKN----CSFNM-T-TN--LRT-TK-TKE-YALF-YSLDITPINNGNGNRSNNS------------------------------------------NTSYTLI---NCNTSTI-T---QA, 0.2051, 0
1.609104, -113.5506, 18, POINT, T, VKLTTLCVTLNCTNVTNNTTT-------------------------------------TMRGELKN----CSFNM-T-TN--LRT-TK-TKE-YALF-YSLDITPINNGNGNRSNNS------------------------------------------NTSYTLI---NCNTSTI-T---QA, 0.2051, 0
1.604643, -108.8263, [74], CHUNK, ['I'], VKLTTLCVTLNCTNVTNNITT-------------------------------------TMRGELKN----CSFNI-T-TN--LRT-TK-TKE-YALF-YSLDITPINNGNGNRSNNS------------------------------------------NTSYTLI---NCNTSTI-T---QA, 0.2242, 0
1.574388, -116.3957, 165, POINT, T, VKLTTLCVTLNCTNVTNNITD-------------------------------------TMRGELKN----CSFNM-T-TN--LRT-TK-TKE-YALF-YSLDITPINNGNGNRSNNS------------------------------------------NTSYTLT---NCNTSTI-T---QA, 0.1752, 0
1.567661, -117.3991, [74], CHUNK, ['A'], VKLTTLCVTLNCTNVTNNITD-------------------------------------TMRGELKN----CSFNA-T-TN--LRT-TK-TKE-YALF-YSLDITPINNGNGNRSNNS------------------------------------------NTSYTLI---NCNTSTI-T---QA, 0.2051, 1
1.579638, -112.6593, [74], CHUNK, ['V'], VKLTTLCVTLNCTNVTNNITD-------------------------------------TMRGELKN----CSFNV-T-TN--LRT-TK-TKE-YALF-YSLDITPINNGNGNRSNNS------------------------------------------NTSYTLI---NCNTSTI-T---QA, 0.2137, 0
1.582018, -108.6153, [74], CHUNK, ['I'], VKLTTLCVTLNCTNVTNNITD-------------------------------------TMRGELKN----CSFNI-T-TN--LRT-TK-TKE-YALF-YSLDITPINNGNGNRSNNS------------------------------------------NTSYTLI---NCNTSTI-T---QA, 0.2036, 0
1.572628, -115.6842, [63], CHUNK, ['I'], VKLTTLCVTLNCTNVTNNITD-------------------------------------TMRGEIKN----CSFNA-T-TN--LRT-TK-TKE-YALF-YSLDITPINNGNGNRSNNS------------------------------------------NTSYTLI---NCNTSTI-T---QA, 0.2051, 0
1.590660, -117.8508, 20, POINT, N, VKLTTLCVTLNCTNVTNNITN-------------------------------------TMRGELKN----CSFNA-T-TN--LRT-TK-TKE-YALF-YSLDITPINNGNGNRSNNS------------------------------------------NTSYTLI---NCNTSTI-T---QA, 0.2219, 1
1.601544, -118.2950, 90, POINT, N, VKLTTLCVTLNCTNVTNNITN-------------------------------------TMRGELKN----CSFNA-T-TN--LRT-TK-TNE-YALF-YSLDITPINNGNGNRSNNS------------------------------------------NTSYTLI---NCNTSTI-T---QA, 0.2219, 0
1.594099, -121.1984, 84, POINT, N, VKLTTLCVTLNCTNVTNNITN-------------------------------------TMRGELKN----CSFNA-T-TN--LRN-TK-TKE-YALF-YSLDITPINNGNGNRSNNS------------------------------------------NTSYTLI---NCNTSTI-T---QA, 0.2219, 1
1.623825, -119.1358, [74], CHUNK, ['T'], VKLTTLCVTLNCTNVTNNITN-------------------------------------TMRGELKN----CSFNT-T-TN--LRN-TK-TKE-YALF-YSLDITPINNGNGNRSNNS------------------------------------------NTSYTLI---NCNTSTI-T---QA, 0.2257, 0
1.608737, -109.3190, [74], CHUNK, ['I'], VKLTTLCVTLNCTNVTNNITN-------------------------------------TMRGELKN----CSFNI-T-TN--LRN-TK-TKE-YALF-YSLDITPINNGNGNRSNNS------------------------------------------NTSYTLI---NCNTSTI-T---QA, 0.2214, 0
1.612669, -75.6908, [59, 60, 61, 62, 63], CHUNK, ['G', 'T', 'I', 'D', 'M'], VKLTTLCVTLNCTNVTNNITN-------------------------------------TGTIDMKN----CSFNA-T-TN--LRN-TK-TKE-YALF-YSLDITPINNGNGNRSNNS------------------------------------------NTSYTLI---NCNTSTI-T---QA, 0.2423, 0
1.606749, -114.0566, [74], CHUNK, ['V'], VKLTTLCVTLNCTNVTNNITN-------------------------------------TMRGELKN----CSFNV-T-TN--LRN-TK-TKE-YALF-YSLDITPINNGNGNRSNNS------------------------------------------NTSYTLI---NCNTSTI-T---QA, 0.2343, 0
1.596347, -116.2168, [63], CHUNK, ['I'], VKLTTLCVTLNCTNVTNNITN-------------------------------------TMRGEIKN----CSFNA-T-TN--LRT-TK-TKE-YALF-YSLDITPINNGNGNRSNNS------------------------------------------NTSYTLI---NCNTSTI-T---QA, 0.2180, 0
1.602236, -118.5258, 59, POINT, L, VKLTTLCVTLNCTNVTNNITN-------------------------------------TLRGELKN----CSFNA-T-TN--LRT-TK-TKE-YALF-YSLDITPINNGNGNRSNNS------------------------------------------NTSYTLI---NCNTSTI-T---QA, 0.2213, 0
1.605016, -110.2595, [74], CHUNK, ['I'], VKLTTLCVTLNCTNVTNNITN-------------------------------------TMRGELKN----CSFNI-T-TN--LRT-TK-TKE-YALF-YSLDITPINNGNGNRSNNS------------------------------------------NTSYTLI---NCNTSTI-T---QA, 0.2548, 1
1.608621, 56.9048, [82], CHUNK, ['I'], VKLTTLCVTLNCTNVTNNITN-------------------------------------TMRGELKN----CSFNI-T-TN--IRT-TK-TKE-YALF-YSLDITPINNGNGNRSNNS------------------------------------------NTSYTLI---NCNTSTI-T---QA, 0.2652, 0
1.624710, -87.3914, 61, POINT, T, VKLTTLCVTLNCTNVTNNITN-------------------------------------TMRTELKN----CSFNI-T-TN--LRT-TK-TKE-YALF-YSLDITPINNGNGNRSNNS------------------------------------------NTSYTLI---NCNTSTI-T---QA, 0.2548, 0
1.617034, -111.1223, 59, POINT, I, VKLTTLCVTLNCTNVTNNITN-------------------------------------TIRGELKN----CSFNI-T-TN--LRT-TK-TKE-YALF-YSLDITPINNGNGNRSNNS------------------------------------------NTSYTLI---NCNTSTI-T---QA, 0.2470, 0
1.624989, -107.3183, [99, 102, 103, 104, 105], CHUNK, ['N', 'V', 'V', 'L', 'T'], VKLTTLCVTLNCTNVTNNITN-------------------------------------TMRGELKN----CSFNI-T-TN--LRT-TK-TKE-YALF-YNLDVVLTNNGNGNRSNNS------------------------------------------NTSYTLI---NCNTSTI-T---QA, 0.2548, 1
1.635943, -104.9874, [60, 63], CHUNK, ['K', 'I'], VKLTTLCVTLNCTNVTNNITN-------------------------------------TMKGEIKN----CSFNI-T-TN--LRT-TK-TKE-YALF-YNLDVVLTNNGNGNRSNNS------------------------------------------NTSYTLI---NCNTSTI-T---QA, 0.2624, 1
1.721037, -85.3248, [59, 60, 61, 62, 63], CHUNK, ['N', 'T', 'N', 'T', 'M'], VKLTTLCVTLNCTNVTNNITN-------------------------------------TNTNTMKN----CSFNI-T-TN--LRT-TK-TKE-YALF-YNLDVVLTNNGNGNRSNNS------------------------------------------NTSYTLI---NCNTSTI-T---QA, 0.2760, 0
1.638881, -105.2485, [16], CHUNK, ['T'], VKLTTLCVTLNCTNVTTNITN-------------------------------------TMKGEIKN----CSFNI-T-TN--LRT-TK-TKE-YALF-YNLDVVLTNNGNGNRSNNS------------------------------------------NTSYTLI---NCNTSTI-T---QA, 0.2624, 0
1.661721, -103.4455, 18, POINT, T, VKLTTLCVTLNCTNVTNNTTN-------------------------------------TMKGEIKN----CSFNI-T-TN--LRT-TK-TKE-YALF-YNLDVVLTNNGNGNRSNNS------------------------------------------NTSYTLI---NCNTSTI-T---QA, 0.2624, 0
1.638207, -77.6336, [61, 64], CHUNK, ['R', 'T'], VKLTTLCVTLNCTNVTNNITN-------------------------------------TMKREITN----CSFNI-T-TN--LRT-TK-TKE-YALF-YNLDVVLTNNGNGNRSNNS------------------------------------------NTSYTLI---NCNTSTI-T---QA, 0.2624, 0
1.633191, -108.9177, 59, POINT, K, VKLTTLCVTLNCTNVTNNITN-------------------------------------TKRGELKN----CSFNI-T-TN--LRT-TK-TKE-YALF-YNLDVVLTNNGNGNRSNNS------------------------------------------NTSYTLI---NCNTSTI-T---QA, 0.2524, 0
1.631279, -107.6776, [63], CHUNK, ['I'], VKLTTLCVTLNCTNVTNNITN-------------------------------------TMRGEIKN----CSFNI-T-TN--LRT-TK-TKE-YALF-YNLDVVLTNNGNGNRSNNS------------------------------------------NTSYTLI---NCNTSTI-T---QA, 0.2423, 0
1.633653, -110.1301, 108, POINT, D, VKLTTLCVTLNCTNVTNNITN-------------------------------------TMRGELKN----CSFNI-T-TN--LRT-TK-TKE-YALF-YNLDVVLTNNDNGNRSNNS------------------------------------------NTSYTLI---NCNTSTI-T---QA, 0.2742, 0
1.639789, -105.9819, 18, POINT, S, VKLTTLCVTLNCTNVTNNSTN-------------------------------------TMRGELKN----CSFNI-T-TN--LRT-TK-TKE-YALF-YNLDVVLTNNGNGNRSNNS------------------------------------------NTSYTLI---NCNTSTI-T---QA, 0.2548, 0
1.608294, -110.5508, 64, POINT, T, VKLTTLCVTLNCTNVTNNITN-------------------------------------TMRGELTN----CSFNI-T-TN--LRT-TK-TKE-YALF-YSLDITPINNGNGNRSNNS------------------------------------------NTSYTLI---NCNTSTI-T---QA, 0.2383, 0
1.606541, -111.0271, [99], CHUNK, ['K'], VKLTTLCVTLNCTNVTNNITN-------------------------------------TMRGELKN----CSFNI-T-TN--LRT-TK-TKE-YALF-YKLDITPINNGNGNRSNNS------------------------------------------NTSYTLI---NCNTSTI-T---QA, 0.2561, 0
1.611307, -110.7463, [63], CHUNK, ['I'], VKLTTLCVTLNCTNVTNNITN-------------------------------------TMRGEIKN----CSFNI-T-TN--LRT-TK-TKE-YALF-YSLDITPINNGNGNRSNNS------------------------------------------NTSYTLI---NCNTSTI-T---QA, 0.2662, 0
1.620455, -109.1778, 104, POINT, S, VKLTTLCVTLNCTNVTNNITN-------------------------------------TMRGELKN----CSFNI-T-TN--LRT-TK-TKE-YALF-YSLDITSINNGNGNRSNNS------------------------------------------NTSYTLI---NCNTSTI-T---QA, 0.2548, 0
1.608621, 46.0920, [74, 82], CHUNK, ['I', 'I'], VKLTTLCVTLNCTNVTNNITN-------------------------------------TMRGELKN----CSFNI-T-TN--IRT-TK-TKE-YALF-YSLDITPINNGNGNRSNNS------------------------------------------NTSYTLI---NCNTSTI-T---QA, 0.2496, 0
1.605016, -113.2412, [74], CHUNK, ['I'], VKLTTLCVTLNCTNVTNNITN-------------------------------------TMRGELKN----CSFNI-T-TN--LRT-TK-TKE-YALF-YSLDITPINNGNGNRSNNS------------------------------------------NTSYTLI---NCNTSTI-T---QA, 0.2142, 0
1.605016, -111.4019, [74], CHUNK, ['I'], VKLTTLCVTLNCTNVTNNITN-------------------------------------TMRGELKN----CSFNI-T-TN--LRT-TK-TKE-YALF-YSLDITPINNGNGNRSNNS------------------------------------------NTSYTLI---NCNTSTI-T---QA, 0.1835, 0
1.596347, -116.2263, [63], CHUNK, ['I'], VKLTTLCVTLNCTNVTNNITN-------------------------------------TMRGEIKN----CSFNA-T-TN--LRT-TK-TKE-YALF-YSLDITPINNGNGNRSNNS------------------------------------------NTSYTLI---NCNTSTI-T---QA, 0.2345, 0
1.579638, -111.7936, [74], CHUNK, ['V'], VKLTTLCVTLNCTNVTNNITD-------------------------------------TMRGELKN----CSFNV-T-TN--LRT-TK-TKE-YALF-YSLDITPINNGNGNRSNNS------------------------------------------NTSYTLI---NCNTSTI-T---QA, 0.2930, 0
1.573852, -84.9847, 61, POINT, K, VKLTTLCVTLNCTNVTNNITD-------------------------------------TMRKELKN----CSFNA-T-TN--LRT-TK-TKE-YALF-YSLDITPINNGNGNRSNNS------------------------------------------NTSYTLI---NCNTSTI-T---QA, 0.2051, 0
1.575676, -120.4092, 58, POINT, N, VKLTTLCVTLNCTNVTNNITD-------------------------------------NMRGELKN----CSFNA-T-TN--LRT-TK-TKE-YALF-YSLDITPINNGNGNRSNNS------------------------------------------NTSYTLI---NCNTSTI-T---QA, 0.2043, 0
1.582018, -109.3695, [74], CHUNK, ['I'], VKLTTLCVTLNCTNVTNNITD-------------------------------------TMRGELKN----CSFNI-T-TN--LRT-TK-TKE-YALF-YSLDITPINNGNGNRSNNS------------------------------------------NTSYTLI---NCNTSTI-T---QA, 0.2685, 0
